Emission arising from a slab of Hydrogen (both H and H-).
   
Parameters of the slab:
n_e = 1e+15 cm-3
T_e = 10500 K
tau(lambda=300 nm) = 0.3
L = 542599 cm
   
Wavelength (nm), Emission (erg s-1 cm-2 nm-1 sr-1)
50	  481.132
91.2	  54999.4
120	  1.13528e+06
150	  7.06884e+06
175	  1.85068e+07
200	  3.64828e+07
225	  5.94501e+07
250	  8.50596e+07
270	  1.05752e+08
290	  1.25413e+08
300	  1.34581e+08
305	  1.3896e+08
310	  1.43192e+08
315	  1.47268e+08
320	  1.51182e+08
322.5	  1.53076e+08
325	  1.54928e+08
327	  1.56378e+08
329	  1.57801e+08
329.999	  1.58501e+08
330.266	  1.58687e+08
330.533	  1.58872e+08
330.8	  1.59057e+08
331.067	  1.59242e+08
331.334	  1.59426e+08
331.601	  1.59609e+08
331.868	  1.59792e+08
332.135	  1.59974e+08
332.402	  1.60156e+08
332.669	  1.60337e+08
332.936	  1.60518e+08
333.203	  1.60699e+08
333.47	  1.60878e+08
333.737	  1.61058e+08
334.004	  1.61237e+08
334.271	  1.61415e+08
334.538	  1.61593e+08
334.805	  1.6177e+08
335.072	  1.61947e+08
335.339	  1.62123e+08
335.606	  1.62299e+08
335.873	  1.62474e+08
336.14	  1.62649e+08
336.407	  1.62823e+08
336.674	  1.62997e+08
336.941	  1.6317e+08
337.208	  1.63343e+08
337.475	  1.63515e+08
337.742	  1.63686e+08
338.009	  1.63858e+08
338.276	  1.64028e+08
338.543	  1.64198e+08
338.81	  1.64368e+08
339.077	  1.64537e+08
339.344	  1.64706e+08
339.611	  1.64874e+08
339.878	  1.65041e+08
340.145	  1.65208e+08
340.412	  1.65375e+08
340.679	  1.6554e+08
340.946	  1.65706e+08
341.213	  1.65871e+08
341.48	  1.66035e+08
341.747	  1.66199e+08
342.014	  1.66362e+08
342.281	  1.66525e+08
342.548	  1.66688e+08
342.815	  1.66849e+08
343.082	  1.67011e+08
343.349	  1.67172e+08
343.616	  1.67332e+08
343.883	  1.67491e+08
344.15	  1.67651e+08
344.417	  1.67809e+08
344.684	  1.67968e+08
344.951	  1.68125e+08
345.218	  1.68282e+08
345.485	  1.68439e+08
345.752	  1.68595e+08
346.019	  1.6875e+08
346.286	  1.68905e+08
346.553	  1.6906e+08
346.82	  1.69214e+08
347.087	  1.69367e+08
347.354	  1.6952e+08
347.621	  1.69673e+08
347.888	  1.69825e+08
348.155	  1.69976e+08
348.422	  1.70127e+08
348.689	  1.70277e+08
348.956	  1.70427e+08
349.223	  1.70576e+08
349.49	  1.70725e+08
349.757	  1.70873e+08
350.024	  1.71021e+08
350.291	  1.71168e+08
350.558	  1.71314e+08
350.825	  1.71461e+08
351.092	  1.71606e+08
351.359	  1.71751e+08
351.626	  1.71896e+08
351.893	  1.7204e+08
352.16	  1.72183e+08
352.427	  1.72326e+08
352.694	  1.72469e+08
352.961	  1.72611e+08
353.228	  1.72752e+08
353.495	  1.72893e+08
353.762	  1.73033e+08
354.029	  1.73173e+08
354.296	  1.73312e+08
354.563	  1.73451e+08
354.83	  1.73589e+08
355.097	  1.73727e+08
355.364	  1.73864e+08
355.631	  1.74001e+08
355.898	  1.74137e+08
356.165	  1.74272e+08
356.432	  1.74408e+08
356.699	  1.74542e+08
356.966	  1.74676e+08
357.233	  1.7481e+08
357.5	  1.74943e+08
357.767	  1.75075e+08
358.034	  1.75207e+08
358.301	  1.75338e+08
358.568	  1.75469e+08
358.835	  1.756e+08
359.102	  1.75729e+08
359.369	  1.75859e+08
359.636	  1.75987e+08
359.903	  1.76116e+08
360.17	  1.76243e+08
360.437	  1.76371e+08
360.704	  1.76497e+08
360.971	  1.76624e+08
361.238	  1.76749e+08
361.505	  1.76874e+08
361.772	  1.76999e+08
362.039	  1.77123e+08
362.306	  1.77246e+08
362.573	  1.77369e+08
363	  1.77565e+08
363.027	  1.77577e+08
363.054	  1.7759e+08
363.08	  1.77602e+08
363.107	  1.77614e+08
363.134	  1.77626e+08
363.16	  1.77638e+08
363.187	  1.7765e+08
363.214	  1.77663e+08
363.24	  1.77675e+08
363.267	  1.77687e+08
363.294	  1.77699e+08
363.321	  1.77711e+08
363.347	  1.77723e+08
363.374	  1.77735e+08
363.401	  1.77747e+08
363.427	  1.7776e+08
363.454	  1.77772e+08
363.481	  1.77784e+08
363.508	  1.77796e+08
363.534	  1.77808e+08
363.561	  1.7782e+08
363.588	  1.77832e+08
363.614	  1.77844e+08
363.641	  1.77856e+08
363.668	  1.77868e+08
363.694	  1.7788e+08
363.721	  1.77892e+08
363.748	  1.77905e+08
363.774	  1.77917e+08
363.801	  1.77929e+08
363.828	  1.77941e+08
363.855	  1.77953e+08
363.881	  1.77965e+08
363.908	  1.77977e+08
363.935	  1.77989e+08
363.961	  1.78001e+08
363.988	  1.78013e+08
364.015	  1.78025e+08
364.041	  1.78037e+08
364.068	  1.78049e+08
364.095	  1.78061e+08
364.122	  1.78073e+08
364.148	  1.78085e+08
364.175	  1.78097e+08
364.202	  1.78109e+08
364.228	  1.7812e+08
364.255	  1.78132e+08
364.282	  1.78144e+08
364.308	  1.78156e+08
364.335	  1.78168e+08
364.362	  1.7818e+08
364.389	  1.78192e+08
364.415	  1.78204e+08
364.442	  1.78216e+08
364.469	  1.78228e+08
364.495	  1.7824e+08
364.522	  1.78251e+08
364.549	  1.78263e+08
364.575	  1.78275e+08
364.602	  1.78287e+08
364.629	  1.78299e+08
364.656	  1.78311e+08
364.682	  1.78323e+08
364.709	  1.78334e+08
364.736	  1.56067e+07
364.762	  1.56084e+07
364.789	  1.56101e+07
364.816	  1.56118e+07
364.842	  1.56135e+07
364.869	  1.56152e+07
364.896	  1.56168e+07
364.923	  1.56185e+07
364.949	  1.56202e+07
364.976	  1.56219e+07
365.003	  1.56236e+07
365.029	  1.56253e+07
365.056	  1.56269e+07
365.083	  1.56286e+07
365.11	  1.56303e+07
365.136	  1.5632e+07
365.163	  1.56337e+07
365.19	  1.56353e+07
365.216	  1.5637e+07
365.243	  1.56387e+07
365.27	  1.56404e+07
365.296	  1.56421e+07
365.323	  1.56438e+07
365.35	  1.56454e+07
365.377	  1.56471e+07
365.403	  1.56488e+07
365.43	  1.56505e+07
365.457	  1.56521e+07
365.483	  1.56538e+07
365.51	  1.56555e+07
365.537	  1.56572e+07
365.563	  1.56589e+07
365.59	  1.56605e+07
365.617	  1.56622e+07
365.643	  1.56639e+07
365.67	  1.56656e+07
365.697	  1.56672e+07
365.724	  1.56689e+07
365.75	  1.56706e+07
365.777	  1.56723e+07
365.804	  1.56739e+07
365.83	  1.56756e+07
365.857	  1.56773e+07
365.884	  1.5679e+07
365.91	  1.56806e+07
365.937	  1.56823e+07
365.964	  1.5684e+07
365.991	  1.56857e+07
365.991	  1.56857e+07
366.258	  1.57024e+07
366.525	  1.57191e+07
366.792	  1.57358e+07
367.059	  1.57524e+07
367.326	  1.5769e+07
367.593	  1.57856e+07
367.86	  1.58022e+07
368.127	  1.58187e+07
368.394	  1.58352e+07
368.661	  1.58517e+07
368.928	  1.58682e+07
369.195	  1.58847e+07
369.462	  1.59011e+07
369.729	  1.59175e+07
369.996	  1.59338e+07
370.263	  1.59502e+07
370.53	  1.59665e+07
370.797	  1.59828e+07
371.064	  1.59991e+07
371.331	  1.60153e+07
371.598	  1.60315e+07
371.865	  1.60477e+07
372.132	  1.60639e+07
372.399	  1.608e+07
372.666	  1.60961e+07
372.933	  1.61122e+07
373.2	  1.61283e+07
373.467	  1.61443e+07
373.734	  1.61604e+07
374.001	  1.61763e+07
374.268	  1.61923e+07
374.535	  1.62083e+07
374.802	  1.62242e+07
375.069	  1.62401e+07
375.336	  1.62559e+07
375.603	  1.62718e+07
375.87	  1.62876e+07
376.137	  1.63034e+07
376.404	  1.63191e+07
376.671	  1.63349e+07
376.938	  1.63506e+07
377.205	  1.63662e+07
377.472	  1.63819e+07
377.739	  1.63975e+07
378.006	  1.64131e+07
378.273	  1.64287e+07
378.54	  1.64443e+07
378.807	  1.64598e+07
379.074	  1.64753e+07
379.341	  1.64908e+07
379.608	  1.65063e+07
379.875	  1.65217e+07
380.142	  1.65371e+07
380.409	  1.65525e+07
380.676	  1.65678e+07
380.943	  1.65832e+07
381.21	  1.65985e+07
381.477	  1.66137e+07
381.744	  1.6629e+07
382.011	  1.66442e+07
382.278	  1.66594e+07
382.545	  1.66746e+07
382.812	  1.66897e+07
383.079	  1.67049e+07
383.346	  1.672e+07
383.613	  1.6735e+07
383.88	  1.67501e+07
384.147	  1.67651e+07
384.414	  1.67801e+07
384.681	  1.67951e+07
384.948	  1.681e+07
385.215	  1.68249e+07
385.482	  1.68398e+07
385.749	  1.68547e+07
386.016	  1.68695e+07
386.283	  1.68843e+07
386.55	  1.68991e+07
386.817	  1.69139e+07
387.084	  1.69286e+07
387.351	  1.69433e+07
387.618	  1.6958e+07
387.885	  1.69727e+07
388.152	  1.69873e+07
388.419	  1.70019e+07
388.686	  1.70165e+07
388.953	  1.70311e+07
389.22	  1.70456e+07
389.487	  1.70601e+07
389.754	  1.70746e+07
390.021	  1.70891e+07
390.288	  1.71035e+07
390.555	  1.71179e+07
390.822	  1.71323e+07
391.089	  1.71466e+07
391.356	  1.7161e+07
391.623	  1.71753e+07
391.89	  1.71895e+07
392.157	  1.72038e+07
392.424	  1.7218e+07
392.691	  1.72322e+07
392.958	  1.72464e+07
393.225	  1.72605e+07
393.492	  1.72747e+07
393.759	  1.72888e+07
394.026	  1.73028e+07
394.293	  1.73169e+07
394.56	  1.73309e+07
394.827	  1.73449e+07
395.094	  1.73589e+07
395.361	  1.73728e+07
395.628	  1.73867e+07
395.895	  1.74006e+07
396.162	  1.74145e+07
396.429	  1.74283e+07
396.696	  1.74421e+07
396.963	  1.74559e+07
397.23	  1.74697e+07
397.497	  1.74834e+07
397.764	  1.74971e+07
398.031	  1.75108e+07
398.298	  1.75245e+07
398.565	  1.75381e+07
398.832	  1.75517e+07
399.099	  1.75653e+07
399.366	  1.75789e+07
399.633	  1.75924e+07
399.9	  1.76059e+07
400.167	  1.76194e+07
400.434	  1.76329e+07
400.701	  1.76463e+07
400.968	  1.76597e+07
401.235	  1.76731e+07
401.502	  1.76864e+07
401.769	  1.76998e+07
402.036	  1.77131e+07
402.303	  1.77264e+07
402.57	  1.77396e+07
402.837	  1.77528e+07
403.104	  1.7766e+07
403.371	  1.77792e+07
403.638	  1.77924e+07
403.905	  1.78055e+07
404.172	  1.78186e+07
404.439	  1.78317e+07
404.706	  1.78447e+07
404.973	  1.78578e+07
405.24	  1.78708e+07
405.507	  1.78837e+07
405.774	  1.78967e+07
406.041	  1.79096e+07
406.308	  1.79225e+07
406.575	  1.79354e+07
406.842	  1.79482e+07
407.109	  1.7961e+07
407.376	  1.79738e+07
407.643	  1.79866e+07
407.91	  1.79994e+07
408.177	  1.80121e+07
408.444	  1.80248e+07
408.711	  1.80374e+07
408.978	  1.80501e+07
409.245	  1.80627e+07
409.512	  1.80753e+07
409.779	  1.80879e+07
410.046	  1.81004e+07
410.313	  1.81129e+07
410.58	  1.81254e+07
410.847	  1.81379e+07
411.114	  1.81503e+07
411.381	  1.81627e+07
411.648	  1.81751e+07
411.915	  1.81875e+07
412.182	  1.81998e+07
412.449	  1.82122e+07
412.716	  1.82245e+07
412.983	  1.82367e+07
413.25	  1.8249e+07
413.517	  1.82612e+07
413.784	  1.82734e+07
414.051	  1.82855e+07
414.318	  1.82977e+07
414.585	  1.83098e+07
414.852	  1.83219e+07
415.119	  1.8334e+07
415.386	  1.8346e+07
415.653	  1.8358e+07
415.92	  1.837e+07
416.187	  1.8382e+07
416.454	  1.83939e+07
416.721	  1.84058e+07
416.988	  1.84177e+07
417.255	  1.84296e+07
417.522	  1.84414e+07
417.789	  1.84532e+07
418.056	  1.8465e+07
418.323	  1.84768e+07
418.59	  1.84885e+07
418.857	  1.85002e+07
419.124	  1.85119e+07
419.391	  1.85236e+07
419.658	  1.85352e+07
419.925	  1.85469e+07
420.192	  1.85585e+07
420.459	  1.857e+07
420.726	  1.85816e+07
420.993	  1.85931e+07
421.26	  1.86046e+07
421.527	  1.8616e+07
421.794	  1.86275e+07
422.061	  1.86389e+07
422.328	  1.86503e+07
422.595	  1.86617e+07
422.862	  1.8673e+07
423.129	  1.86843e+07
423.396	  1.86956e+07
423.663	  1.87069e+07
423.93	  1.87181e+07
424.197	  1.87294e+07
424.464	  1.87406e+07
424.731	  1.87517e+07
424.998	  1.87629e+07
425.265	  1.8774e+07
425.532	  1.87851e+07
425.799	  1.87962e+07
426.066	  1.88072e+07
426.333	  1.88182e+07
426.6	  1.88292e+07
426.867	  1.88402e+07
427.134	  1.88512e+07
427.401	  1.88621e+07
427.668	  1.8873e+07
427.935	  1.88839e+07
428.202	  1.88947e+07
428.469	  1.89056e+07
428.736	  1.89164e+07
429.003	  1.89271e+07
429.27	  1.89379e+07
429.537	  1.89486e+07
429.804	  1.89593e+07
430.071	  1.897e+07
430.338	  1.89807e+07
430.605	  1.89913e+07
430.872	  1.90019e+07
431.139	  1.90125e+07
431.406	  1.90231e+07
431.673	  1.90336e+07
431.94	  1.90441e+07
432.207	  1.90546e+07
432.474	  1.90651e+07
432.741	  1.90755e+07
433.008	  1.90859e+07
433.275	  1.90963e+07
433.542	  1.91067e+07
433.809	  1.9117e+07
434.076	  1.91274e+07
434.343	  1.91377e+07
434.61	  1.91479e+07
434.877	  1.91582e+07
435.144	  1.91684e+07
435.411	  1.91786e+07
435.678	  1.91888e+07
435.945	  1.91989e+07
436.212	  1.92091e+07
436.479	  1.92192e+07
436.746	  1.92293e+07
437.013	  1.92393e+07
437.28	  1.92493e+07
437.547	  1.92594e+07
437.814	  1.92693e+07
438.081	  1.92793e+07
438.348	  1.92892e+07
438.615	  1.92992e+07
438.882	  1.9309e+07
439.149	  1.93189e+07
439.416	  1.93288e+07
439.683	  1.93386e+07
439.95	  1.93484e+07
440.217	  1.93581e+07
440.484	  1.93679e+07
440.751	  1.93776e+07
441.018	  1.93873e+07
441.285	  1.9397e+07
441.552	  1.94066e+07
441.819	  1.94163e+07
442.086	  1.94259e+07
442.353	  1.94355e+07
442.62	  1.9445e+07
442.887	  1.94546e+07
443.154	  1.94641e+07
443.421	  1.94736e+07
443.688	  1.9483e+07
443.955	  1.94925e+07
444.222	  1.95019e+07
444.489	  1.95113e+07
444.756	  1.95207e+07
445.023	  1.953e+07
445.29	  1.95393e+07
445.557	  1.95486e+07
445.824	  1.95579e+07
446.091	  1.95672e+07
446.358	  1.95764e+07
446.625	  1.95856e+07
446.892	  1.95948e+07
447.159	  1.9604e+07
447.426	  1.96131e+07
447.693	  1.96222e+07
447.96	  1.96313e+07
448.227	  1.96404e+07
448.494	  1.96494e+07
448.761	  1.96585e+07
449.028	  1.96675e+07
449.295	  1.96765e+07
449.562	  1.96854e+07
449.829	  1.96943e+07
450.096	  1.97033e+07
450.363	  1.97121e+07
450.63	  1.9721e+07
450.897	  1.97298e+07
451.164	  1.97387e+07
451.431	  1.97475e+07
451.698	  1.97562e+07
451.965	  1.9765e+07
452.232	  1.97737e+07
452.499	  1.97824e+07
452.766	  1.97911e+07
453.033	  1.97998e+07
453.3	  1.98084e+07
453.567	  1.9817e+07
453.834	  1.98256e+07
454.101	  1.98342e+07
454.368	  1.98427e+07
454.635	  1.98512e+07
454.902	  1.98597e+07
455.169	  1.98682e+07
455.436	  1.98767e+07
455.703	  1.98851e+07
455.97	  1.98935e+07
456.237	  1.99019e+07
456.504	  1.99103e+07
456.771	  1.99186e+07
457.038	  1.99269e+07
457.305	  1.99352e+07
457.572	  1.99435e+07
457.839	  1.99518e+07
458.106	  1.996e+07
458.373	  1.99682e+07
458.64	  1.99764e+07
458.907	  1.99845e+07
459.174	  1.99927e+07
459.441	  2.00008e+07
459.708	  2.00089e+07
459.975	  2.0017e+07
460.242	  2.0025e+07
460.509	  2.00331e+07
460.776	  2.00411e+07
461.043	  2.00491e+07
461.31	  2.0057e+07
461.577	  2.0065e+07
461.844	  2.00729e+07
462.111	  2.00808e+07
462.378	  2.00887e+07
462.645	  2.00965e+07
462.912	  2.01043e+07
463.179	  2.01122e+07
463.446	  2.01199e+07
463.713	  2.01277e+07
463.98	  2.01355e+07
464.247	  2.01432e+07
464.514	  2.01509e+07
464.781	  2.01586e+07
465.048	  2.01662e+07
465.315	  2.01738e+07
465.582	  2.01815e+07
465.849	  2.01891e+07
466.116	  2.01966e+07
466.383	  2.02042e+07
466.65	  2.02117e+07
466.917	  2.02192e+07
467.184	  2.02267e+07
467.451	  2.02341e+07
467.718	  2.02416e+07
467.985	  2.0249e+07
468.252	  2.02564e+07
468.519	  2.02638e+07
468.786	  2.02711e+07
469.053	  2.02785e+07
469.32	  2.02858e+07
469.587	  2.02931e+07
469.854	  2.03003e+07
470.121	  2.03076e+07
470.388	  2.03148e+07
470.655	  2.0322e+07
470.922	  2.03292e+07
471.189	  2.03364e+07
471.456	  2.03435e+07
471.723	  2.03506e+07
471.99	  2.03577e+07
472.257	  2.03648e+07
472.524	  2.03718e+07
472.791	  2.03789e+07
473.058	  2.03859e+07
473.325	  2.03929e+07
473.592	  2.03999e+07
473.859	  2.04068e+07
474.126	  2.04137e+07
474.393	  2.04206e+07
474.66	  2.04275e+07
474.927	  2.04344e+07
475.194	  2.04412e+07
475.461	  2.04481e+07
475.728	  2.04549e+07
475.995	  2.04616e+07
476.262	  2.04684e+07
476.529	  2.04751e+07
476.796	  2.04819e+07
477.063	  2.04886e+07
477.33	  2.04952e+07
477.597	  2.05019e+07
477.864	  2.05085e+07
478.131	  2.05152e+07
478.398	  2.05217e+07
478.665	  2.05283e+07
478.932	  2.05349e+07
479.199	  2.05414e+07
479.466	  2.05479e+07
479.733	  2.05544e+07
480	  2.05609e+07
480.267	  2.05673e+07
480.534	  2.05738e+07
480.801	  2.05802e+07
481.068	  2.05866e+07
481.335	  2.05929e+07
481.602	  2.05993e+07
481.869	  2.06056e+07
482.136	  2.06119e+07
482.403	  2.06182e+07
482.67	  2.06245e+07
482.937	  2.06307e+07
483.204	  2.06369e+07
483.471	  2.06431e+07
483.738	  2.06493e+07
484.005	  2.06555e+07
484.272	  2.06616e+07
484.539	  2.06678e+07
484.806	  2.06739e+07
485.073	  2.06799e+07
485.34	  2.0686e+07
485.607	  2.06921e+07
485.874	  2.06981e+07
486.141	  2.07041e+07
486.408	  2.07101e+07
486.675	  2.0716e+07
486.942	  2.0722e+07
487.209	  2.07279e+07
487.476	  2.07338e+07
487.743	  2.07397e+07
488.01	  2.07456e+07
488.277	  2.07514e+07
488.544	  2.07572e+07
488.811	  2.0763e+07
489.078	  2.07688e+07
489.345	  2.07746e+07
489.612	  2.07803e+07
489.879	  2.0786e+07
490.146	  2.07918e+07
490.413	  2.07974e+07
490.68	  2.08031e+07
490.947	  2.08088e+07
491.214	  2.08144e+07
491.481	  2.082e+07
491.748	  2.08256e+07
492.015	  2.08311e+07
492.282	  2.08367e+07
492.549	  2.08422e+07
492.816	  2.08477e+07
493.083	  2.08532e+07
493.35	  2.08587e+07
493.617	  2.08641e+07
493.884	  2.08696e+07
494.151	  2.0875e+07
494.418	  2.08804e+07
494.685	  2.08858e+07
494.952	  2.08911e+07
495.219	  2.08964e+07
495.486	  2.09018e+07
495.753	  2.09071e+07
496.02	  2.09123e+07
496.287	  2.09176e+07
496.554	  2.09228e+07
496.821	  2.09281e+07
497.088	  2.09333e+07
497.355	  2.09384e+07
497.622	  2.09436e+07
497.889	  2.09487e+07
498.156	  2.09539e+07
498.423	  2.0959e+07
498.69	  2.09641e+07
498.957	  2.09691e+07
499.224	  2.09742e+07
499.491	  2.09792e+07
499.758	  2.09842e+07
500.025	  2.09892e+07
500.292	  2.09942e+07
500.559	  2.09991e+07
500.826	  2.10041e+07
501.093	  2.1009e+07
501.36	  2.10139e+07
501.627	  2.10188e+07
501.894	  2.10236e+07
502.161	  2.10285e+07
502.428	  2.10333e+07
502.695	  2.10381e+07
502.962	  2.10429e+07
503.229	  2.10477e+07
503.496	  2.10524e+07
503.763	  2.10571e+07
504.03	  2.10619e+07
504.297	  2.10665e+07
504.564	  2.10712e+07
504.831	  2.10759e+07
505.098	  2.10805e+07
505.365	  2.10851e+07
505.632	  2.10897e+07
505.899	  2.10943e+07
506.166	  2.10989e+07
506.433	  2.11034e+07
506.7	  2.1108e+07
506.967	  2.11125e+07
507.234	  2.1117e+07
507.501	  2.11214e+07
507.768	  2.11259e+07
508.035	  2.11303e+07
508.302	  2.11347e+07
508.569	  2.11391e+07
508.836	  2.11435e+07
509.103	  2.11479e+07
509.37	  2.11522e+07
509.637	  2.11566e+07
509.904	  2.11609e+07
510.171	  2.11652e+07
510.438	  2.11694e+07
510.705	  2.11737e+07
510.972	  2.11779e+07
511.239	  2.11822e+07
511.506	  2.11864e+07
511.773	  2.11905e+07
512.04	  2.11947e+07
512.307	  2.11989e+07
512.574	  2.1203e+07
512.841	  2.12071e+07
513.108	  2.12112e+07
513.375	  2.12153e+07
513.642	  2.12193e+07
513.909	  2.12234e+07
514.176	  2.12274e+07
514.443	  2.12314e+07
514.71	  2.12354e+07
514.977	  2.12394e+07
515.244	  2.12433e+07
515.511	  2.12473e+07
515.778	  2.12512e+07
516.045	  2.12551e+07
516.312	  2.1259e+07
516.579	  2.12628e+07
516.846	  2.12667e+07
517.113	  2.12705e+07
517.38	  2.12743e+07
517.647	  2.12781e+07
517.914	  2.12819e+07
518.181	  2.12857e+07
518.448	  2.12894e+07
518.715	  2.12931e+07
518.982	  2.12969e+07
519.249	  2.13006e+07
519.516	  2.13042e+07
519.783	  2.13079e+07
520.05	  2.13115e+07
520.317	  2.13152e+07
520.584	  2.13188e+07
520.851	  2.13224e+07
521.118	  2.13259e+07
521.385	  2.13295e+07
521.652	  2.1333e+07
521.919	  2.13365e+07
522.186	  2.13401e+07
522.453	  2.13435e+07
522.72	  2.1347e+07
522.987	  2.13505e+07
523.254	  2.13539e+07
523.521	  2.13573e+07
523.788	  2.13607e+07
524.055	  2.13641e+07
524.322	  2.13675e+07
524.589	  2.13708e+07
524.856	  2.13742e+07
525.123	  2.13775e+07
525.39	  2.13808e+07
525.657	  2.13841e+07
525.924	  2.13874e+07
526.191	  2.13906e+07
526.458	  2.13938e+07
526.725	  2.13971e+07
526.992	  2.14003e+07
527.259	  2.14035e+07
527.526	  2.14066e+07
527.793	  2.14098e+07
528.06	  2.14129e+07
528.327	  2.1416e+07
528.594	  2.14191e+07
528.861	  2.14222e+07
529.128	  2.14253e+07
529.395	  2.14284e+07
529.662	  2.14314e+07
529.929	  2.14344e+07
530.196	  2.14374e+07
530.463	  2.14404e+07
530.73	  2.14434e+07
530.997	  2.14464e+07
531.264	  2.14493e+07
531.531	  2.14522e+07
531.798	  2.14551e+07
532.065	  2.1458e+07
532.332	  2.14609e+07
532.599	  2.14638e+07
532.866	  2.14666e+07
533.133	  2.14694e+07
533.4	  2.14722e+07
533.667	  2.1475e+07
533.934	  2.14778e+07
534.201	  2.14806e+07
534.468	  2.14833e+07
534.735	  2.14861e+07
535.002	  2.14888e+07
535.269	  2.14915e+07
535.536	  2.14942e+07
535.803	  2.14968e+07
536.07	  2.14995e+07
536.337	  2.15021e+07
536.604	  2.15048e+07
536.871	  2.15074e+07
537.138	  2.15099e+07
537.405	  2.15125e+07
537.672	  2.15151e+07
537.939	  2.15176e+07
538.206	  2.15201e+07
538.473	  2.15227e+07
538.74	  2.15252e+07
539.007	  2.15276e+07
539.274	  2.15301e+07
539.541	  2.15326e+07
539.808	  2.1535e+07
540.075	  2.15374e+07
540.342	  2.15398e+07
540.609	  2.15422e+07
540.876	  2.15446e+07
541.143	  2.15469e+07
541.41	  2.15493e+07
541.677	  2.15516e+07
541.944	  2.15539e+07
542.211	  2.15562e+07
542.478	  2.15585e+07
542.745	  2.15607e+07
543.012	  2.1563e+07
543.279	  2.15652e+07
543.546	  2.15674e+07
543.813	  2.15696e+07
544.08	  2.15718e+07
544.347	  2.1574e+07
544.614	  2.15762e+07
544.881	  2.15783e+07
545.148	  2.15804e+07
545.415	  2.15826e+07
545.682	  2.15847e+07
545.949	  2.15867e+07
546.216	  2.15888e+07
546.483	  2.15909e+07
546.75	  2.15929e+07
547.017	  2.15949e+07
547.284	  2.15969e+07
547.551	  2.15989e+07
547.818	  2.16009e+07
548.085	  2.16029e+07
548.352	  2.16048e+07
548.619	  2.16067e+07
548.886	  2.16087e+07
549.153	  2.16106e+07
549.42	  2.16125e+07
549.687	  2.16143e+07
549.954	  2.16162e+07
550.221	  2.1618e+07
550.488	  2.16199e+07
550.755	  2.16217e+07
551.022	  2.16235e+07
551.289	  2.16253e+07
551.556	  2.1627e+07
551.823	  2.16288e+07
552.09	  2.16305e+07
552.357	  2.16323e+07
552.624	  2.1634e+07
552.891	  2.16357e+07
553.158	  2.16374e+07
553.425	  2.1639e+07
553.692	  2.16407e+07
553.959	  2.16423e+07
554.226	  2.1644e+07
554.493	  2.16456e+07
554.76	  2.16472e+07
555.027	  2.16488e+07
555.294	  2.16503e+07
555.561	  2.16519e+07
555.828	  2.16534e+07
556.095	  2.1655e+07
556.362	  2.16565e+07
556.629	  2.1658e+07
556.896	  2.16595e+07
557.163	  2.16609e+07
557.43	  2.16624e+07
557.697	  2.16638e+07
557.964	  2.16653e+07
558.231	  2.16667e+07
558.498	  2.16681e+07
558.765	  2.16695e+07
559.032	  2.16708e+07
559.299	  2.16722e+07
559.566	  2.16735e+07
560.009	  2.16757e+07
560.296	  2.16772e+07
560.583	  2.16785e+07
560.87	  2.16799e+07
561.157	  2.16813e+07
561.444	  2.16826e+07
561.731	  2.16839e+07
562.018	  2.16852e+07
562.305	  2.16865e+07
562.592	  2.16878e+07
562.879	  2.16891e+07
563.166	  2.16903e+07
563.453	  2.16916e+07
563.74	  2.16928e+07
564.027	  2.1694e+07
564.314	  2.16952e+07
564.601	  2.16963e+07
564.888	  2.16975e+07
565.175	  2.16986e+07
565.462	  2.16997e+07
565.749	  2.17008e+07
566.036	  2.17019e+07
566.323	  2.1703e+07
566.61	  2.17041e+07
566.897	  2.17051e+07
567.184	  2.17061e+07
567.471	  2.17071e+07
567.758	  2.17081e+07
568.045	  2.17091e+07
568.332	  2.17101e+07
568.619	  2.1711e+07
568.906	  2.1712e+07
569.193	  2.17129e+07
569.48	  2.17138e+07
569.767	  2.17147e+07
570.054	  2.17156e+07
570.341	  2.17164e+07
570.628	  2.17173e+07
570.915	  2.17181e+07
571.202	  2.17189e+07
571.489	  2.17197e+07
571.776	  2.17205e+07
572.063	  2.17213e+07
572.35	  2.1722e+07
572.637	  2.17228e+07
572.924	  2.17235e+07
573.211	  2.17242e+07
573.498	  2.17249e+07
573.785	  2.17256e+07
574.072	  2.17262e+07
574.359	  2.17269e+07
574.646	  2.17275e+07
574.933	  2.17281e+07
575.22	  2.17288e+07
575.507	  2.17293e+07
575.794	  2.17299e+07
576.081	  2.17305e+07
576.368	  2.1731e+07
576.655	  2.17316e+07
576.942	  2.17321e+07
577.229	  2.17326e+07
577.516	  2.17331e+07
577.803	  2.17335e+07
578.09	  2.1734e+07
578.377	  2.17344e+07
578.664	  2.17349e+07
578.951	  2.17353e+07
579.238	  2.17357e+07
579.525	  2.17361e+07
579.812	  2.17365e+07
580.099	  2.17368e+07
580.386	  2.17372e+07
580.673	  2.17375e+07
580.96	  2.17378e+07
581.247	  2.17381e+07
581.534	  2.17384e+07
581.821	  2.17387e+07
582.108	  2.17389e+07
582.395	  2.17392e+07
582.682	  2.17394e+07
582.969	  2.17396e+07
583.256	  2.17398e+07
583.543	  2.174e+07
583.83	  2.17402e+07
584.117	  2.17404e+07
584.404	  2.17405e+07
584.691	  2.17406e+07
584.978	  2.17408e+07
585.265	  2.17409e+07
585.552	  2.17409e+07
585.839	  2.1741e+07
586.126	  2.17411e+07
586.413	  2.17411e+07
586.7	  2.17412e+07
586.987	  2.17412e+07
587.274	  2.17412e+07
587.561	  2.17412e+07
587.848	  2.17412e+07
588.135	  2.17411e+07
588.422	  2.17411e+07
588.709	  2.1741e+07
588.996	  2.1741e+07
589.283	  2.17409e+07
589.57	  2.17408e+07
589.857	  2.17407e+07
590.144	  2.17405e+07
590.431	  2.17404e+07
590.718	  2.17402e+07
591.005	  2.17401e+07
591.292	  2.17399e+07
591.579	  2.17397e+07
591.866	  2.17395e+07
592.153	  2.17393e+07
592.44	  2.1739e+07
592.727	  2.17388e+07
593.014	  2.17385e+07
593.301	  2.17383e+07
593.588	  2.1738e+07
593.875	  2.17377e+07
594.162	  2.17374e+07
594.449	  2.1737e+07
594.736	  2.17367e+07
595.023	  2.17363e+07
595.31	  2.1736e+07
595.597	  2.17356e+07
595.884	  2.17352e+07
596.171	  2.17348e+07
596.458	  2.17344e+07
596.745	  2.17339e+07
597.032	  2.17335e+07
597.319	  2.1733e+07
597.606	  2.17326e+07
597.893	  2.17321e+07
598.18	  2.17316e+07
598.467	  2.17311e+07
598.754	  2.17306e+07
599.041	  2.173e+07
599.328	  2.17295e+07
599.615	  2.17289e+07
599.902	  2.17283e+07
600.189	  2.17278e+07
600.476	  2.17272e+07
600.763	  2.17265e+07
601.05	  2.17259e+07
601.337	  2.17253e+07
601.624	  2.17246e+07
601.911	  2.1724e+07
602.198	  2.17233e+07
602.485	  2.17226e+07
602.772	  2.17219e+07
603.059	  2.17212e+07
603.346	  2.17205e+07
603.633	  2.17197e+07
603.92	  2.1719e+07
604.207	  2.17182e+07
604.494	  2.17175e+07
604.781	  2.17167e+07
605.068	  2.17159e+07
605.355	  2.17151e+07
605.642	  2.17142e+07
605.929	  2.17134e+07
606.216	  2.17126e+07
606.503	  2.17117e+07
606.79	  2.17108e+07
607.077	  2.17099e+07
607.364	  2.1709e+07
607.651	  2.17081e+07
607.938	  2.17072e+07
608.225	  2.17063e+07
608.512	  2.17053e+07
608.799	  2.17044e+07
609.086	  2.17034e+07
609.373	  2.17024e+07
609.66	  2.17014e+07
609.947	  2.17004e+07
610.234	  2.16994e+07
610.521	  2.16984e+07
610.808	  2.16974e+07
611.095	  2.16963e+07
611.382	  2.16952e+07
611.669	  2.16942e+07
611.956	  2.16931e+07
612.243	  2.1692e+07
612.53	  2.16909e+07
612.817	  2.16897e+07
613.104	  2.16886e+07
613.391	  2.16875e+07
613.678	  2.16863e+07
613.965	  2.16851e+07
614.252	  2.1684e+07
614.539	  2.16828e+07
614.826	  2.16816e+07
615.113	  2.16803e+07
615.4	  2.16791e+07
615.687	  2.16779e+07
615.974	  2.16766e+07
616.261	  2.16754e+07
616.548	  2.16741e+07
616.835	  2.16728e+07
617.122	  2.16715e+07
617.409	  2.16702e+07
617.696	  2.16689e+07
617.983	  2.16676e+07
618.27	  2.16662e+07
618.557	  2.16649e+07
618.844	  2.16635e+07
619.131	  2.16621e+07
619.418	  2.16607e+07
619.705	  2.16593e+07
619.992	  2.16579e+07
620.279	  2.16565e+07
620.566	  2.16551e+07
620.853	  2.16536e+07
621.14	  2.16522e+07
621.427	  2.16507e+07
621.714	  2.16492e+07
622.001	  2.16477e+07
622.288	  2.16462e+07
622.575	  2.16447e+07
622.862	  2.16432e+07
623.149	  2.16417e+07
623.436	  2.16401e+07
623.723	  2.16386e+07
624.01	  2.1637e+07
624.297	  2.16355e+07
624.584	  2.16339e+07
624.871	  2.16323e+07
625.158	  2.16307e+07
625.445	  2.1629e+07
625.732	  2.16274e+07
626.019	  2.16258e+07
626.306	  2.16241e+07
626.593	  2.16225e+07
626.88	  2.16208e+07
627.167	  2.16191e+07
627.454	  2.16174e+07
627.741	  2.16157e+07
628.028	  2.1614e+07
628.315	  2.16123e+07
628.602	  2.16105e+07
628.889	  2.16088e+07
629.176	  2.1607e+07
629.463	  2.16053e+07
629.75	  2.16035e+07
630.037	  2.16017e+07
630.324	  2.15999e+07
630.611	  2.15981e+07
630.898	  2.15963e+07
631.185	  2.15944e+07
631.472	  2.15926e+07
631.759	  2.15907e+07
632.046	  2.15889e+07
632.333	  2.1587e+07
632.62	  2.15851e+07
632.907	  2.15832e+07
633.194	  2.15813e+07
633.481	  2.15794e+07
633.768	  2.15775e+07
634.055	  2.15756e+07
634.342	  2.15736e+07
634.629	  2.15717e+07
634.916	  2.15697e+07
635.203	  2.15677e+07
635.49	  2.15657e+07
635.777	  2.15637e+07
636.064	  2.15617e+07
636.351	  2.15597e+07
636.638	  2.15577e+07
636.925	  2.15556e+07
637.212	  2.15536e+07
637.499	  2.15515e+07
637.786	  2.15495e+07
638.073	  2.15474e+07
638.36	  2.15453e+07
638.647	  2.15432e+07
638.934	  2.15411e+07
639.221	  2.1539e+07
639.508	  2.15369e+07
639.795	  2.15347e+07
640.082	  2.15326e+07
640.369	  2.15304e+07
640.656	  2.15283e+07
640.943	  2.15261e+07
641.23	  2.15239e+07
641.517	  2.15217e+07
641.804	  2.15195e+07
642.091	  2.15173e+07
642.378	  2.15151e+07
642.665	  2.15129e+07
642.952	  2.15106e+07
643.239	  2.15084e+07
643.526	  2.15061e+07
643.813	  2.15038e+07
644.1	  2.15016e+07
644.387	  2.14993e+07
644.674	  2.1497e+07
644.961	  2.14947e+07
645.248	  2.14923e+07
645.535	  2.149e+07
645.822	  2.14877e+07
646.109	  2.14853e+07
646.396	  2.1483e+07
646.683	  2.14806e+07
646.97	  2.14782e+07
647.257	  2.14758e+07
647.544	  2.14735e+07
647.831	  2.1471e+07
648.118	  2.14686e+07
648.405	  2.14662e+07
648.692	  2.14638e+07
648.979	  2.14613e+07
649.266	  2.14589e+07
649.553	  2.14564e+07
649.84	  2.1454e+07
650.127	  2.14515e+07
650.414	  2.1449e+07
650.701	  2.14465e+07
650.988	  2.1444e+07
651.275	  2.14415e+07
651.562	  2.1439e+07
651.849	  2.14364e+07
652.136	  2.14339e+07
652.423	  2.14313e+07
652.71	  2.14288e+07
652.997	  2.14262e+07
653.284	  2.14236e+07
653.571	  2.14211e+07
653.858	  2.14185e+07
654.145	  2.14159e+07
654.432	  2.14132e+07
654.719	  2.14106e+07
655.006	  2.1408e+07
655.293	  2.14054e+07
655.58	  2.14027e+07
655.867	  2.14e+07
656.154	  2.13974e+07
656.441	  2.13947e+07
656.728	  2.1392e+07
657.015	  2.13893e+07
657.302	  2.13866e+07
657.589	  2.13839e+07
657.876	  2.13812e+07
658.163	  2.13785e+07
658.45	  2.13757e+07
658.737	  2.1373e+07
659.024	  2.13702e+07
659.311	  2.13675e+07
659.598	  2.13647e+07
659.885	  2.13619e+07
660.172	  2.13591e+07
660.459	  2.13563e+07
660.746	  2.13535e+07
661.033	  2.13507e+07
661.32	  2.13479e+07
661.607	  2.13451e+07
661.894	  2.13422e+07
662.181	  2.13394e+07
662.468	  2.13365e+07
662.755	  2.13337e+07
663.042	  2.13308e+07
663.329	  2.13279e+07
663.616	  2.1325e+07
663.903	  2.13221e+07
664.19	  2.13192e+07
664.477	  2.13163e+07
664.764	  2.13134e+07
665.051	  2.13105e+07
665.338	  2.13075e+07
665.625	  2.13046e+07
665.912	  2.13016e+07
666.199	  2.12987e+07
666.486	  2.12957e+07
666.773	  2.12927e+07
667.06	  2.12897e+07
667.347	  2.12867e+07
667.634	  2.12837e+07
667.921	  2.12807e+07
668.208	  2.12777e+07
668.495	  2.12747e+07
668.782	  2.12716e+07
669.069	  2.12686e+07
669.356	  2.12655e+07
669.643	  2.12625e+07
669.93	  2.12594e+07
670.217	  2.12563e+07
670.504	  2.12532e+07
670.791	  2.12501e+07
671.078	  2.1247e+07
671.365	  2.12439e+07
671.652	  2.12408e+07
671.939	  2.12377e+07
672.226	  2.12346e+07
672.513	  2.12314e+07
672.8	  2.12283e+07
673.087	  2.12251e+07
673.374	  2.12219e+07
673.661	  2.12188e+07
673.948	  2.12156e+07
674.235	  2.12124e+07
674.522	  2.12092e+07
674.809	  2.1206e+07
675.096	  2.12028e+07
675.383	  2.11996e+07
675.67	  2.11964e+07
675.957	  2.11931e+07
676.244	  2.11899e+07
676.531	  2.11866e+07
676.818	  2.11834e+07
677.105	  2.11801e+07
677.392	  2.11769e+07
677.679	  2.11736e+07
677.966	  2.11703e+07
678.253	  2.1167e+07
678.54	  2.11637e+07
678.827	  2.11604e+07
679.114	  2.11571e+07
679.401	  2.11537e+07
679.688	  2.11504e+07
679.975	  2.11471e+07
680.262	  2.11437e+07
680.549	  2.11404e+07
680.836	  2.1137e+07
681.123	  2.11336e+07
681.41	  2.11303e+07
681.697	  2.11269e+07
681.984	  2.11235e+07
682.271	  2.11201e+07
682.558	  2.11167e+07
682.845	  2.11133e+07
683.132	  2.11099e+07
683.419	  2.11064e+07
683.706	  2.1103e+07
683.993	  2.10996e+07
684.28	  2.10961e+07
684.567	  2.10927e+07
684.854	  2.10892e+07
685.141	  2.10857e+07
685.428	  2.10823e+07
685.715	  2.10788e+07
686.002	  2.10753e+07
686.289	  2.10718e+07
686.576	  2.10683e+07
686.863	  2.10648e+07
687.15	  2.10612e+07
687.437	  2.10577e+07
687.724	  2.10542e+07
688.011	  2.10506e+07
688.298	  2.10471e+07
688.585	  2.10435e+07
688.872	  2.104e+07
689.159	  2.10364e+07
689.446	  2.10328e+07
689.733	  2.10293e+07
690.02	  2.10257e+07
690.307	  2.10221e+07
690.594	  2.10185e+07
690.881	  2.10149e+07
691.168	  2.10112e+07
691.455	  2.10076e+07
691.742	  2.1004e+07
692.029	  2.10003e+07
692.316	  2.09967e+07
692.603	  2.09931e+07
692.89	  2.09894e+07
693.177	  2.09857e+07
693.464	  2.09821e+07
693.751	  2.09784e+07
694.038	  2.09747e+07
694.325	  2.0971e+07
694.612	  2.09673e+07
694.899	  2.09636e+07
695.186	  2.09599e+07
695.473	  2.09562e+07
695.76	  2.09525e+07
696.047	  2.09487e+07
696.334	  2.0945e+07
696.621	  2.09412e+07
696.908	  2.09375e+07
697.195	  2.09337e+07
697.482	  2.093e+07
697.769	  2.09262e+07
698.056	  2.09224e+07
698.343	  2.09186e+07
698.63	  2.09149e+07
698.917	  2.09111e+07
699.204	  2.09073e+07
699.491	  2.09035e+07
699.778	  2.08996e+07
700.065	  2.08958e+07
700.352	  2.0892e+07
700.639	  2.08882e+07
700.926	  2.08843e+07
701.213	  2.08805e+07
701.5	  2.08766e+07
701.787	  2.08728e+07
702.074	  2.08689e+07
702.361	  2.0865e+07
702.648	  2.08611e+07
702.935	  2.08573e+07
703.222	  2.08534e+07
703.509	  2.08495e+07
703.796	  2.08456e+07
704.083	  2.08417e+07
704.37	  2.08377e+07
704.657	  2.08338e+07
704.944	  2.08299e+07
705.231	  2.0826e+07
705.518	  2.0822e+07
705.805	  2.08181e+07
706.092	  2.08141e+07
706.379	  2.08102e+07
706.666	  2.08062e+07
706.953	  2.08022e+07
707.24	  2.07982e+07
707.527	  2.07943e+07
707.814	  2.07903e+07
708.101	  2.07863e+07
708.388	  2.07823e+07
708.675	  2.07783e+07
708.962	  2.07743e+07
709.249	  2.07702e+07
709.536	  2.07662e+07
709.823	  2.07622e+07
710.11	  2.07581e+07
710.397	  2.07541e+07
710.684	  2.07501e+07
710.971	  2.0746e+07
711.258	  2.07419e+07
711.545	  2.07379e+07
711.832	  2.07338e+07
712.119	  2.07297e+07
712.406	  2.07256e+07
712.693	  2.07216e+07
712.98	  2.07175e+07
713.267	  2.07134e+07
713.554	  2.07093e+07
713.841	  2.07051e+07
714.128	  2.0701e+07
714.415	  2.06969e+07
714.702	  2.06928e+07
714.989	  2.06886e+07
715.276	  2.06845e+07
715.563	  2.06803e+07
715.85	  2.06762e+07
716.137	  2.0672e+07
716.424	  2.06679e+07
716.711	  2.06637e+07
716.998	  2.06595e+07
717.285	  2.06554e+07
717.572	  2.06512e+07
717.859	  2.0647e+07
718.146	  2.06428e+07
718.433	  2.06386e+07
718.72	  2.06344e+07
719.007	  2.06302e+07
719.294	  2.06259e+07
719.581	  2.06217e+07
719.868	  2.06175e+07
720.155	  2.06132e+07
720.442	  2.0609e+07
720.729	  2.06048e+07
721.016	  2.06005e+07
721.303	  2.05963e+07
721.59	  2.0592e+07
721.877	  2.05877e+07
722.164	  2.05834e+07
722.451	  2.05792e+07
722.738	  2.05749e+07
723.025	  2.05706e+07
723.312	  2.05663e+07
723.599	  2.0562e+07
723.886	  2.05577e+07
724.173	  2.05534e+07
724.46	  2.05491e+07
724.747	  2.05448e+07
725.034	  2.05404e+07
725.321	  2.05361e+07
725.608	  2.05318e+07
725.895	  2.05274e+07
726.182	  2.05231e+07
726.469	  2.05187e+07
726.756	  2.05144e+07
727.043	  2.051e+07
727.33	  2.05056e+07
727.617	  2.05013e+07
727.904	  2.04969e+07
728.191	  2.04925e+07
728.478	  2.04881e+07
728.765	  2.04837e+07
729.052	  2.04793e+07
729.339	  2.04749e+07
729.626	  2.04705e+07
729.913	  2.04661e+07
730.2	  2.04617e+07
730.487	  2.04573e+07
730.774	  2.04528e+07
731.061	  2.04484e+07
731.348	  2.0444e+07
731.635	  2.04395e+07
731.922	  2.04351e+07
732.209	  2.04306e+07
732.496	  2.04262e+07
732.783	  2.04217e+07
733.07	  2.04172e+07
733.357	  2.04128e+07
733.644	  2.04083e+07
733.931	  2.04038e+07
734.218	  2.03993e+07
734.505	  2.03948e+07
734.792	  2.03903e+07
735.079	  2.03858e+07
735.366	  2.03813e+07
735.653	  2.03768e+07
735.94	  2.03723e+07
736.227	  2.03678e+07
736.514	  2.03632e+07
736.801	  2.03587e+07
737.088	  2.03542e+07
737.375	  2.03496e+07
737.662	  2.03451e+07
737.949	  2.03405e+07
738.236	  2.0336e+07
738.523	  2.03314e+07
738.81	  2.03269e+07
739.097	  2.03223e+07
739.384	  2.03177e+07
739.671	  2.03131e+07
739.958	  2.03086e+07
740.245	  2.0304e+07
740.532	  2.02994e+07
740.819	  2.02948e+07
741.106	  2.02902e+07
741.393	  2.02856e+07
741.68	  2.0281e+07
741.967	  2.02764e+07
742.254	  2.02717e+07
742.541	  2.02671e+07
742.828	  2.02625e+07
743.115	  2.02579e+07
743.402	  2.02532e+07
743.689	  2.02486e+07
743.976	  2.02439e+07
744.263	  2.02393e+07
744.55	  2.02346e+07
744.837	  2.023e+07
745.124	  2.02253e+07
745.411	  2.02206e+07
745.698	  2.0216e+07
745.985	  2.02113e+07
746.272	  2.02066e+07
746.559	  2.02019e+07
746.846	  2.01972e+07
747.133	  2.01925e+07
747.42	  2.01878e+07
747.707	  2.01831e+07
747.994	  2.01784e+07
748.281	  2.01737e+07
748.568	  2.0169e+07
748.855	  2.01643e+07
749.142	  2.01596e+07
749.429	  2.01548e+07
749.716	  2.01501e+07
750.003	  2.01454e+07
750.29	  2.01406e+07
750.577	  2.01359e+07
750.864	  2.01311e+07
751.151	  2.01264e+07
751.438	  2.01216e+07
751.725	  2.01169e+07
752.012	  2.01121e+07
752.299	  2.01073e+07
752.586	  2.01026e+07
752.873	  2.00978e+07
753.16	  2.0093e+07
753.447	  2.00882e+07
753.734	  2.00834e+07
754.021	  2.00786e+07
754.308	  2.00738e+07
754.595	  2.0069e+07
754.882	  2.00642e+07
755.169	  2.00594e+07
755.456	  2.00546e+07
755.743	  2.00498e+07
756.03	  2.0045e+07
756.317	  2.00401e+07
756.604	  2.00353e+07
756.891	  2.00305e+07
757.178	  2.00256e+07
757.465	  2.00208e+07
757.752	  2.00159e+07
758.039	  2.00111e+07
758.326	  2.00062e+07
758.613	  2.00014e+07
758.9	  1.99965e+07
759.187	  1.99916e+07
759.474	  1.99868e+07
759.761	  1.99819e+07
760.048	  1.9977e+07
760.335	  1.99721e+07
760.622	  1.99672e+07
760.909	  1.99624e+07
761.196	  1.99575e+07
761.483	  1.99526e+07
761.77	  1.99477e+07
762.057	  1.99428e+07
762.344	  1.99379e+07
762.631	  1.99329e+07
762.918	  1.9928e+07
763.205	  1.99231e+07
763.492	  1.99182e+07
763.779	  1.99133e+07
764.066	  1.99083e+07
764.353	  1.99034e+07
764.64	  1.98985e+07
764.927	  1.98935e+07
765.214	  1.98886e+07
765.501	  1.98836e+07
765.788	  1.98787e+07
766.075	  1.98737e+07
766.362	  1.98687e+07
766.649	  1.98638e+07
766.936	  1.98588e+07
767.223	  1.98538e+07
767.51	  1.98489e+07
767.797	  1.98439e+07
768.084	  1.98389e+07
768.371	  1.98339e+07
768.658	  1.98289e+07
768.945	  1.98239e+07
769.232	  1.98189e+07
769.519	  1.98139e+07
769.806	  1.98089e+07
770.093	  1.98039e+07
770.38	  1.97989e+07
770.667	  1.97939e+07
770.954	  1.97889e+07
771.241	  1.97839e+07
771.528	  1.97789e+07
771.815	  1.97738e+07
772.102	  1.97688e+07
772.389	  1.97638e+07
772.676	  1.97587e+07
772.963	  1.97537e+07
773.25	  1.97486e+07
773.537	  1.97436e+07
773.824	  1.97385e+07
774.111	  1.97335e+07
774.398	  1.97284e+07
774.685	  1.97234e+07
774.972	  1.97183e+07
775.259	  1.97132e+07
775.546	  1.97082e+07
775.833	  1.97031e+07
776.12	  1.9698e+07
776.407	  1.96929e+07
776.694	  1.96878e+07
776.981	  1.96828e+07
777.268	  1.96777e+07
777.555	  1.96726e+07
777.842	  1.96675e+07
778.129	  1.96624e+07
778.416	  1.96573e+07
778.703	  1.96522e+07
778.99	  1.9647e+07
779.277	  1.96419e+07
779.564	  1.96368e+07
779.851	  1.96317e+07
780.138	  1.96266e+07
780.425	  1.96214e+07
780.712	  1.96163e+07
780.999	  1.96112e+07
781.286	  1.9606e+07
781.573	  1.96009e+07
781.86	  1.95958e+07
782.147	  1.95906e+07
782.434	  1.95855e+07
782.721	  1.95803e+07
783.008	  1.95752e+07
783.295	  1.957e+07
783.582	  1.95648e+07
783.869	  1.95597e+07
784.156	  1.95545e+07
784.443	  1.95493e+07
784.73	  1.95442e+07
785.017	  1.9539e+07
785.304	  1.95338e+07
785.591	  1.95286e+07
785.878	  1.95234e+07
786.165	  1.95183e+07
786.452	  1.95131e+07
786.739	  1.95079e+07
787.026	  1.95027e+07
787.313	  1.94975e+07
787.6	  1.94923e+07
787.887	  1.94871e+07
788.174	  1.94819e+07
788.461	  1.94766e+07
788.748	  1.94714e+07
789.035	  1.94662e+07
789.322	  1.9461e+07
789.609	  1.94558e+07
789.896	  1.94505e+07
790.183	  1.94453e+07
790.47	  1.94401e+07
790.757	  1.94349e+07
791.044	  1.94296e+07
791.331	  1.94244e+07
791.618	  1.94191e+07
791.905	  1.94139e+07
792.192	  1.94086e+07
792.479	  1.94034e+07
792.766	  1.93981e+07
793.053	  1.93929e+07
793.34	  1.93876e+07
793.627	  1.93823e+07
793.914	  1.93771e+07
794.201	  1.93718e+07
794.488	  1.93665e+07
794.775	  1.93613e+07
795.062	  1.9356e+07
795.349	  1.93507e+07
795.636	  1.93454e+07
795.923	  1.93401e+07
796.21	  1.93349e+07
796.497	  1.93296e+07
796.784	  1.93243e+07
797.071	  1.9319e+07
797.358	  1.93137e+07
797.645	  1.93084e+07
797.932	  1.93031e+07
798.219	  1.92978e+07
798.506	  1.92925e+07
798.793	  1.92872e+07
799.08	  1.92818e+07
799.367	  1.92765e+07
799.654	  1.92712e+07
799.941	  1.92659e+07
800.228	  1.92606e+07
800.515	  1.92552e+07
800.802	  1.92499e+07
801.089	  1.92446e+07
801.376	  1.92392e+07
801.663	  1.92339e+07
801.95	  1.92286e+07
802.237	  1.92232e+07
802.524	  1.92179e+07
802.811	  1.92125e+07
803.098	  1.92072e+07
803.385	  1.92018e+07
803.672	  1.91965e+07
803.959	  1.91911e+07
804.246	  1.91858e+07
804.533	  1.91804e+07
804.82	  1.9175e+07
805.107	  1.91697e+07
805.394	  1.91643e+07
805.681	  1.91589e+07
805.968	  1.91535e+07
806.255	  1.91482e+07
806.542	  1.91428e+07
806.829	  1.91374e+07
807.116	  1.9132e+07
807.403	  1.91266e+07
807.69	  1.91213e+07
807.977	  1.91159e+07
808.264	  1.91105e+07
808.551	  1.91051e+07
808.838	  1.90997e+07
809.125	  1.90943e+07
809.412	  1.90889e+07
809.699	  1.90835e+07
809.986	  1.90781e+07
810.273	  1.90727e+07
810.56	  1.90672e+07
810.847	  1.90618e+07
811.134	  1.90564e+07
811.421	  1.9051e+07
811.708	  1.90456e+07
811.995	  1.90402e+07
812.282	  1.90347e+07
812.569	  1.90293e+07
812.856	  1.90239e+07
813.143	  1.90184e+07
813.43	  1.9013e+07
813.717	  1.90076e+07
814.004	  1.90021e+07
814.291	  1.89967e+07
814.578	  1.89912e+07
814.865	  1.89858e+07
815.152	  1.89804e+07
815.439	  1.89749e+07
815.726	  1.89695e+07
816.013	  1.8964e+07
816.3	  1.89585e+07
816.587	  1.89531e+07
816.874	  1.89476e+07
817.161	  1.89422e+07
817.448	  1.89367e+07
817.735	  1.89312e+07
818.022	  1.89258e+07
818.309	  1.89203e+07
818.596	  1.89148e+07
818.883	  1.89094e+07
819.17	  1.89039e+07
819.457	  1.88984e+07
820.002	  1.8888e+07
820.031	  1.88874e+07
820.059	  1.88869e+07
820.088	  1.88863e+07
820.117	  1.88858e+07
820.146	  1.88852e+07
820.174	  1.88847e+07
820.203	  1.88841e+07
820.232	  1.88836e+07
820.26	  1.8883e+07
820.289	  1.88825e+07
820.318	  1.88819e+07
820.346	  1.88814e+07
820.375	  1.88809e+07
820.404	  1.88803e+07
820.433	  1.88798e+07
820.461	  1.88792e+07
820.49	  1.88787e+07
820.519	  1.88781e+07
820.547	  1.88776e+07
820.576	  1.8877e+07
820.605	  1.88765e+07
820.633	  8.34802e+06
820.662	  8.34783e+06
820.691	  8.34764e+06
820.72	  8.34746e+06
820.748	  8.34727e+06
820.777	  8.34708e+06
820.806	  8.3469e+06
820.834	  8.34671e+06
820.863	  8.34652e+06
820.892	  8.34633e+06
820.92	  8.34615e+06
820.949	  8.34596e+06
820.978	  8.34577e+06
821.007	  8.34559e+06
821.035	  8.3454e+06
821.064	  8.34521e+06
821.093	  8.34503e+06
821.121	  8.34484e+06
821.15	  8.34465e+06
821.179	  8.34447e+06
821.207	  8.34428e+06
821.236	  8.34409e+06
821.265	  8.3439e+06
821.294	  8.34372e+06
821.322	  8.34353e+06
821.351	  8.34334e+06
821.38	  8.34316e+06
821.408	  8.34297e+06
821.437	  8.34278e+06
821.466	  8.3426e+06
821.494	  8.34241e+06
821.523	  8.34222e+06
821.552	  8.34203e+06
821.581	  8.34185e+06
821.609	  8.34166e+06
821.638	  8.34147e+06
821.667	  8.34129e+06
821.695	  8.3411e+06
821.724	  8.34091e+06
821.753	  8.34072e+06
821.781	  8.34054e+06
821.81	  8.34035e+06
821.839	  8.34016e+06
821.868	  8.33998e+06
821.896	  8.33979e+06
821.925	  8.3396e+06
821.954	  8.33941e+06
821.982	  8.33923e+06
822.011	  8.33904e+06
822.011	  8.33904e+06
822.298	  8.33717e+06
822.585	  8.33529e+06
822.872	  8.33342e+06
823.159	  8.33155e+06
823.446	  8.32967e+06
823.733	  8.32779e+06
824.02	  8.32592e+06
824.307	  8.32404e+06
824.594	  8.32216e+06
824.881	  8.32028e+06
825.168	  8.3184e+06
825.455	  8.31652e+06
825.742	  8.31464e+06
826.029	  8.31276e+06
826.316	  8.31087e+06
826.603	  8.30899e+06
826.89	  8.30711e+06
827.177	  8.30522e+06
827.464	  8.30334e+06
827.751	  8.30145e+06
828.038	  8.29956e+06
828.325	  8.29768e+06
828.612	  8.29579e+06
828.899	  8.2939e+06
829.186	  8.29201e+06
829.473	  8.29012e+06
829.76	  8.28823e+06
830.047	  8.28634e+06
830.334	  8.28444e+06
830.621	  8.28255e+06
830.908	  8.28066e+06
831.195	  8.27876e+06
831.482	  8.27687e+06
831.769	  8.27497e+06
832.056	  8.27307e+06
832.343	  8.27118e+06
832.63	  8.26928e+06
832.917	  8.26738e+06
833.204	  8.26548e+06
833.491	  8.26358e+06
833.778	  8.26168e+06
834.065	  8.25978e+06
834.352	  8.25788e+06
834.639	  8.25598e+06
834.926	  8.25407e+06
835.213	  8.25217e+06
835.5	  8.25026e+06
835.787	  8.24836e+06
836.074	  8.24645e+06
836.361	  8.24455e+06
836.648	  8.24264e+06
836.935	  8.24073e+06
837.222	  8.23882e+06
837.509	  8.23692e+06
837.796	  8.23501e+06
838.083	  8.2331e+06
838.37	  8.23119e+06
838.657	  8.22927e+06
838.944	  8.22736e+06
839.231	  8.22545e+06
839.518	  8.22354e+06
839.805	  8.22162e+06
840.092	  8.21971e+06
840.379	  8.21779e+06
840.666	  8.21588e+06
840.953	  8.21396e+06
841.24	  8.21204e+06
841.527	  8.21013e+06
841.814	  8.20821e+06
842.101	  8.20629e+06
842.388	  8.20437e+06
842.675	  8.20245e+06
842.962	  8.20053e+06
843.249	  8.19861e+06
843.536	  8.19669e+06
843.823	  8.19477e+06
844.11	  8.19284e+06
844.397	  8.19092e+06
844.684	  8.189e+06
844.971	  8.18707e+06
845.258	  8.18515e+06
845.545	  8.18322e+06
845.832	  8.1813e+06
846.119	  8.17937e+06
846.406	  8.17744e+06
846.693	  8.17552e+06
846.98	  8.17359e+06
847.267	  8.17166e+06
847.554	  8.16973e+06
847.841	  8.1678e+06
848.128	  8.16587e+06
848.415	  8.16394e+06
848.702	  8.16201e+06
848.989	  8.16007e+06
849.276	  8.15814e+06
849.563	  8.15621e+06
849.85	  8.15427e+06
850.137	  8.15234e+06
850.424	  8.1504e+06
850.711	  8.14847e+06
850.998	  8.14653e+06
851.285	  8.1446e+06
851.572	  8.14266e+06
851.859	  8.14072e+06
852.146	  8.13879e+06
852.433	  8.13685e+06
852.72	  8.13491e+06
853.007	  8.13297e+06
853.294	  8.13103e+06
853.581	  8.12909e+06
853.868	  8.12715e+06
854.155	  8.12521e+06
854.442	  8.12326e+06
854.729	  8.12132e+06
855.016	  8.11938e+06
855.303	  8.11743e+06
855.59	  8.11549e+06
855.877	  8.11355e+06
856.164	  8.1116e+06
856.451	  8.10965e+06
856.738	  8.10771e+06
857.025	  8.10576e+06
857.312	  8.10382e+06
857.599	  8.10187e+06
857.886	  8.09992e+06
858.173	  8.09797e+06
858.46	  8.09602e+06
858.747	  8.09407e+06
859.034	  8.09212e+06
859.321	  8.09017e+06
859.608	  8.08822e+06
859.895	  8.08627e+06
860.182	  8.08432e+06
860.469	  8.08237e+06
860.756	  8.08041e+06
861.043	  8.07846e+06
861.33	  8.07651e+06
861.617	  8.07455e+06
861.904	  8.0726e+06
862.191	  8.07064e+06
862.478	  8.06869e+06
862.765	  8.06673e+06
863.052	  8.06478e+06
863.339	  8.06282e+06
863.626	  8.06086e+06
863.913	  8.05891e+06
864.2	  8.05695e+06
864.487	  8.05499e+06
864.774	  8.05303e+06
865.061	  8.05107e+06
865.348	  8.04911e+06
865.635	  8.04715e+06
865.922	  8.04519e+06
866.209	  8.04323e+06
866.496	  8.04127e+06
866.783	  8.03931e+06
867.07	  8.03734e+06
867.357	  8.03538e+06
867.644	  8.03342e+06
867.931	  8.03145e+06
868.218	  8.02949e+06
868.505	  8.02753e+06
868.792	  8.02556e+06
869.079	  8.0236e+06
869.366	  8.02163e+06
869.653	  8.01966e+06
869.94	  8.0177e+06
870.227	  8.01573e+06
870.514	  8.01376e+06
870.801	  8.0118e+06
871.088	  8.00983e+06
871.375	  8.00786e+06
871.662	  8.00589e+06
871.949	  8.00392e+06
872.236	  8.00195e+06
872.523	  7.99998e+06
872.81	  7.99801e+06
873.097	  7.99604e+06
873.384	  7.99407e+06
873.671	  7.9921e+06
873.958	  7.99013e+06
874.245	  7.98816e+06
874.532	  7.98618e+06
874.819	  7.98421e+06
875.106	  7.98224e+06
875.393	  7.98026e+06
875.68	  7.97829e+06
875.967	  7.97631e+06
876.254	  7.97434e+06
876.541	  7.97236e+06
876.828	  7.97039e+06
877.115	  7.96841e+06
877.402	  7.96644e+06
877.689	  7.96446e+06
877.976	  7.96248e+06
878.263	  7.96051e+06
878.55	  7.95853e+06
878.837	  7.95655e+06
879.124	  7.95457e+06
879.411	  7.95259e+06
879.698	  7.95061e+06
879.985	  7.94863e+06
880.272	  7.94665e+06
880.559	  7.94467e+06
880.846	  7.94269e+06
881.133	  7.94071e+06
881.42	  7.93873e+06
881.707	  7.93675e+06
881.994	  7.93477e+06
882.281	  7.93279e+06
882.568	  7.9308e+06
882.855	  7.92882e+06
883.142	  7.92684e+06
883.429	  7.92486e+06
883.716	  7.92287e+06
884.003	  7.92089e+06
884.29	  7.9189e+06
884.577	  7.91692e+06
884.864	  7.91493e+06
885.151	  7.91295e+06
885.438	  7.91096e+06
885.725	  7.90898e+06
886.012	  7.90699e+06
886.299	  7.90501e+06
886.586	  7.90302e+06
886.873	  7.90103e+06
887.16	  7.89904e+06
887.447	  7.89706e+06
887.734	  7.89507e+06
888.021	  7.89308e+06
888.308	  7.89109e+06
888.595	  7.8891e+06
888.882	  7.88711e+06
889.169	  7.88512e+06
889.456	  7.88313e+06
889.743	  7.88114e+06
890.03	  7.87915e+06
890.317	  7.87716e+06
890.604	  7.87517e+06
890.891	  7.87318e+06
891.178	  7.87119e+06
891.465	  7.8692e+06
891.752	  7.86721e+06
892.039	  7.86521e+06
892.326	  7.86322e+06
892.613	  7.86123e+06
892.9	  7.85924e+06
893.187	  7.85724e+06
893.474	  7.85525e+06
893.761	  7.85325e+06
894.048	  7.85126e+06
894.335	  7.84927e+06
894.622	  7.84727e+06
894.909	  7.84528e+06
895.196	  7.84328e+06
895.483	  7.84129e+06
895.77	  7.83929e+06
896.057	  7.83729e+06
896.344	  7.8353e+06
896.631	  7.8333e+06
896.918	  7.83131e+06
897.205	  7.82931e+06
897.492	  7.82731e+06
897.779	  7.82531e+06
898.066	  7.82332e+06
898.353	  7.82132e+06
898.64	  7.81932e+06
898.927	  7.81732e+06
899.214	  7.81532e+06
899.501	  7.81332e+06
899.788	  7.81133e+06
900.075	  7.80933e+06
900.362	  7.80733e+06
900.649	  7.80533e+06
900.936	  7.80333e+06
901.223	  7.80133e+06
901.51	  7.79933e+06
901.797	  7.79733e+06
902.084	  7.79532e+06
902.371	  7.79332e+06
902.658	  7.79132e+06
902.945	  7.78932e+06
903.232	  7.78732e+06
903.519	  7.78532e+06
903.806	  7.78331e+06
904.093	  7.78131e+06
904.38	  7.77931e+06
904.667	  7.77731e+06
904.954	  7.7753e+06
905.241	  7.7733e+06
905.528	  7.7713e+06
905.815	  7.76929e+06
906.102	  7.76729e+06
906.389	  7.76529e+06
906.676	  7.76328e+06
906.963	  7.76128e+06
907.25	  7.75927e+06
907.537	  7.75727e+06
907.824	  7.75526e+06
908.111	  7.75326e+06
908.398	  7.75125e+06
908.685	  7.74925e+06
908.972	  7.74724e+06
909.259	  7.74524e+06
909.546	  7.74323e+06
909.833	  7.74122e+06
910.12	  7.73922e+06
910.407	  7.73721e+06
910.694	  7.7352e+06
910.981	  7.7332e+06
911.268	  7.73119e+06
911.555	  7.72918e+06
911.842	  7.72717e+06
912.129	  7.72517e+06
912.416	  7.72316e+06
912.703	  7.72115e+06
912.99	  7.71914e+06
913.277	  7.71713e+06
913.564	  7.71513e+06
913.851	  7.71312e+06
914.138	  7.71111e+06
914.425	  7.7091e+06
914.712	  7.70709e+06
914.999	  7.70508e+06
915.286	  7.70307e+06
915.573	  7.70106e+06
915.86	  7.69905e+06
916.147	  7.69704e+06
916.434	  7.69503e+06
916.721	  7.69302e+06
917.008	  7.69101e+06
917.295	  7.689e+06
917.582	  7.68699e+06
917.869	  7.68498e+06
918.156	  7.68297e+06
918.443	  7.68096e+06
918.73	  7.67894e+06
919.017	  7.67693e+06
919.304	  7.67492e+06
919.591	  7.67291e+06
919.878	  7.6709e+06
920.165	  7.66889e+06
920.452	  7.66687e+06
920.739	  7.66486e+06
921.026	  7.66285e+06
921.313	  7.66084e+06
921.6	  7.65882e+06
921.887	  7.65681e+06
922.174	  7.6548e+06
922.461	  7.65279e+06
922.748	  7.65077e+06
923.035	  7.64876e+06
923.322	  7.64675e+06
923.609	  7.64473e+06
923.896	  7.64272e+06
924.183	  7.64071e+06
924.47	  7.63869e+06
924.757	  7.63668e+06
925.044	  7.63466e+06
925.331	  7.63265e+06
925.618	  7.63063e+06
925.905	  7.62862e+06
926.192	  7.62661e+06
926.479	  7.62459e+06
926.766	  7.62258e+06
927.053	  7.62056e+06
927.34	  7.61855e+06
927.627	  7.61653e+06
927.914	  7.61452e+06
928.201	  7.6125e+06
928.488	  7.61049e+06
928.775	  7.60847e+06
929.062	  7.60646e+06
929.349	  7.60444e+06
929.636	  7.60242e+06
929.923	  7.60041e+06
930.21	  7.59839e+06
930.497	  7.59638e+06
930.784	  7.59436e+06
931.071	  7.59234e+06
931.358	  7.59033e+06
931.645	  7.58831e+06
931.932	  7.5863e+06
932.219	  7.58428e+06
932.506	  7.58226e+06
932.793	  7.58025e+06
933.08	  7.57823e+06
933.367	  7.57621e+06
933.654	  7.5742e+06
933.941	  7.57218e+06
934.228	  7.57016e+06
934.515	  7.56814e+06
934.802	  7.56613e+06
935.089	  7.56411e+06
935.376	  7.56209e+06
935.663	  7.56008e+06
935.95	  7.55806e+06
936.237	  7.55604e+06
936.524	  7.55402e+06
936.811	  7.55201e+06
937.098	  7.54999e+06
937.385	  7.54797e+06
937.672	  7.54595e+06
937.959	  7.54393e+06
938.246	  7.54192e+06
938.533	  7.5399e+06
938.82	  7.53788e+06
939.107	  7.53586e+06
939.394	  7.53384e+06
939.681	  7.53183e+06
939.968	  7.52981e+06
940.255	  7.52779e+06
940.542	  7.52577e+06
940.829	  7.52375e+06
941.116	  7.52173e+06
941.403	  7.51972e+06
941.69	  7.5177e+06
941.977	  7.51568e+06
942.264	  7.51366e+06
942.551	  7.51164e+06
942.838	  7.50962e+06
943.125	  7.5076e+06
943.412	  7.50558e+06
943.699	  7.50357e+06
943.986	  7.50155e+06
944.273	  7.49953e+06
944.56	  7.49751e+06
944.847	  7.49549e+06
945.134	  7.49347e+06
945.421	  7.49145e+06
945.708	  7.48943e+06
945.995	  7.48741e+06
946.282	  7.4854e+06
946.569	  7.48338e+06
946.856	  7.48136e+06
947.143	  7.47934e+06
947.43	  7.47732e+06
947.717	  7.4753e+06
948.004	  7.47328e+06
948.291	  7.47126e+06
948.578	  7.46924e+06
948.865	  7.46722e+06
949.152	  7.4652e+06
949.439	  7.46318e+06
949.726	  7.46117e+06
950.013	  7.45915e+06
950.3	  7.45713e+06
950.587	  7.45511e+06
950.874	  7.45309e+06
951.161	  7.45107e+06
951.448	  7.44905e+06
951.735	  7.44703e+06
952.022	  7.44501e+06
952.309	  7.44299e+06
952.596	  7.44097e+06
952.883	  7.43895e+06
953.17	  7.43693e+06
953.457	  7.43491e+06
953.744	  7.43289e+06
954.031	  7.43087e+06
954.318	  7.42886e+06
954.605	  7.42684e+06
954.892	  7.42482e+06
955.179	  7.4228e+06
955.466	  7.42078e+06
955.753	  7.41876e+06
956.04	  7.41674e+06
956.327	  7.41472e+06
956.614	  7.4127e+06
956.901	  7.41068e+06
957.188	  7.40866e+06
957.475	  7.40664e+06
957.762	  7.40462e+06
958.049	  7.4026e+06
958.336	  7.40059e+06
958.623	  7.39857e+06
958.91	  7.39655e+06
959.197	  7.39453e+06
959.484	  7.39251e+06
959.771	  7.39049e+06
960.058	  7.38847e+06
960.345	  7.38645e+06
960.632	  7.38443e+06
960.919	  7.38241e+06
961.206	  7.38039e+06
961.493	  7.37838e+06
961.78	  7.37636e+06
962.067	  7.37434e+06
962.354	  7.37232e+06
962.641	  7.3703e+06
962.928	  7.36828e+06
963.215	  7.36626e+06
963.502	  7.36424e+06
963.789	  7.36223e+06
964.076	  7.36021e+06
964.363	  7.35819e+06
964.65	  7.35617e+06
964.937	  7.35415e+06
965.224	  7.35213e+06
965.511	  7.35011e+06
965.798	  7.3481e+06
966.085	  7.34608e+06
966.372	  7.34406e+06
966.659	  7.34204e+06
966.946	  7.34002e+06
967.233	  7.338e+06
967.52	  7.33599e+06
967.807	  7.33397e+06
968.094	  7.33195e+06
968.381	  7.32993e+06
968.668	  7.32791e+06
968.955	  7.3259e+06
969.242	  7.32388e+06
969.529	  7.32186e+06
969.816	  7.31984e+06
970.103	  7.31783e+06
970.39	  7.31581e+06
970.677	  7.31379e+06
970.964	  7.31177e+06
971.251	  7.30976e+06
971.538	  7.30774e+06
971.825	  7.30572e+06
972.112	  7.3037e+06
972.399	  7.30169e+06
972.686	  7.29967e+06
972.973	  7.29765e+06
973.26	  7.29564e+06
973.547	  7.29362e+06
973.834	  7.2916e+06
974.121	  7.28959e+06
974.408	  7.28757e+06
974.695	  7.28555e+06
974.982	  7.28354e+06
975.269	  7.28152e+06
975.556	  7.2795e+06
975.843	  7.27749e+06
976.13	  7.27547e+06
976.417	  7.27345e+06
976.704	  7.27144e+06
976.991	  7.26942e+06
977.278	  7.26741e+06
977.565	  7.26539e+06
977.852	  7.26337e+06
978.139	  7.26136e+06
978.426	  7.25934e+06
978.713	  7.25733e+06
979	  7.25531e+06
979.287	  7.2533e+06
979.574	  7.25128e+06
979.861	  7.24927e+06
980.148	  7.24725e+06
980.435	  7.24524e+06
980.722	  7.24322e+06
981.009	  7.24121e+06
981.296	  7.23919e+06
981.583	  7.23718e+06
981.87	  7.23516e+06
982.157	  7.23315e+06
982.444	  7.23114e+06
982.731	  7.22912e+06
983.018	  7.22711e+06
983.305	  7.22509e+06
983.592	  7.22308e+06
983.879	  7.22107e+06
984.166	  7.21905e+06
984.453	  7.21704e+06
984.74	  7.21502e+06
985.027	  7.21301e+06
985.314	  7.211e+06
985.601	  7.20898e+06
985.888	  7.20697e+06
986.175	  7.20496e+06
986.462	  7.20295e+06
986.749	  7.20093e+06
987.036	  7.19892e+06
987.323	  7.19691e+06
987.61	  7.1949e+06
987.897	  7.19288e+06
988.184	  7.19087e+06
988.471	  7.18886e+06
988.758	  7.18685e+06
989.045	  7.18483e+06
989.332	  7.18282e+06
989.619	  7.18081e+06
989.906	  7.1788e+06
990.193	  7.17679e+06
990.48	  7.17478e+06
990.767	  7.17277e+06
991.054	  7.17076e+06
991.341	  7.16874e+06
991.628	  7.16673e+06
991.915	  7.16472e+06
992.202	  7.16271e+06
992.489	  7.1607e+06
992.776	  7.15869e+06
993.063	  7.15668e+06
993.35	  7.15467e+06
993.637	  7.15266e+06
993.924	  7.15065e+06
994.211	  7.14864e+06
994.498	  7.14663e+06
994.785	  7.14462e+06
995.072	  7.14261e+06
995.359	  7.14061e+06
995.646	  7.1386e+06
995.933	  7.13659e+06
996.22	  7.13458e+06
996.507	  7.13257e+06
996.794	  7.13056e+06
997.081	  7.12855e+06
997.368	  7.12655e+06
997.655	  7.12454e+06
997.942	  7.12253e+06
998.229	  7.12052e+06
998.516	  7.11851e+06
998.803	  7.11651e+06
999.09	  7.1145e+06
999.377	  7.11249e+06
999.664	  7.11048e+06
999.951	  7.10848e+06
1000.24	  7.10647e+06
1000.52	  7.10446e+06
1000.81	  7.10246e+06
1001.1	  7.10045e+06
1001.39	  7.09845e+06
1001.67	  7.09644e+06
1001.96	  7.09443e+06
1002.25	  7.09243e+06
1002.53	  7.09042e+06
1002.82	  7.08842e+06
1003.11	  7.08641e+06
1003.39	  7.08441e+06
1003.68	  7.0824e+06
1003.97	  7.0804e+06
1004.26	  7.07839e+06
1004.54	  7.07639e+06
1004.83	  7.07438e+06
1005.12	  7.07238e+06
1005.4	  7.07038e+06
1005.69	  7.06837e+06
1005.98	  7.06637e+06
1006.26	  7.06436e+06
1006.55	  7.06236e+06
1006.84	  7.06036e+06
1007.13	  7.05836e+06
1007.41	  7.05635e+06
1007.7	  7.05435e+06
1007.99	  7.05235e+06
1008.27	  7.05034e+06
1008.56	  7.04834e+06
1008.85	  7.04634e+06
1009.13	  7.04434e+06
1009.42	  7.04234e+06
1009.71	  7.04034e+06
1010	  7.03833e+06
1010.28	  7.03633e+06
1010.57	  7.03433e+06
1010.86	  7.03233e+06
1011.14	  7.03033e+06
1011.43	  7.02833e+06
1011.72	  7.02633e+06
1012	  7.02433e+06
1012.29	  7.02233e+06
1012.58	  7.02033e+06
1012.87	  7.01833e+06
1013.15	  7.01633e+06
1013.44	  7.01433e+06
1013.73	  7.01233e+06
1014.01	  7.01033e+06
1014.3	  7.00834e+06
1014.59	  7.00634e+06
1014.88	  7.00434e+06
1015.16	  7.00234e+06
1015.45	  7.00034e+06
1015.74	  6.99834e+06
1016.02	  6.99635e+06
1016.31	  6.99435e+06
1016.6	  6.99235e+06
1016.88	  6.99036e+06
1017.17	  6.98836e+06
1017.46	  6.98636e+06
1017.75	  6.98437e+06
1018.03	  6.98237e+06
1018.32	  6.98037e+06
1018.61	  6.97838e+06
1018.89	  6.97638e+06
1019.18	  6.97439e+06
1019.47	  6.97239e+06
1019.98	  6.96886e+06
1021.08	  6.96121e+06
1022.17	  6.95357e+06
1023.27	  6.94593e+06
1024.38	  6.9383e+06
1025.47	  6.93067e+06
1026.58	  6.92304e+06
1027.67	  6.91541e+06
1028.78	  6.90779e+06
1029.88	  6.90017e+06
1030.97	  6.89255e+06
1032.08	  6.88493e+06
1033.17	  6.87732e+06
1034.28	  6.86972e+06
1035.38	  6.86211e+06
1036.47	  6.85451e+06
1037.58	  6.84691e+06
1038.67	  6.83932e+06
1039.78	  6.83173e+06
1040.88	  6.82414e+06
1041.97	  6.81656e+06
1043.08	  6.80898e+06
1044.17	  6.8014e+06
1045.28	  6.79383e+06
1046.38	  6.78626e+06
1047.47	  6.7787e+06
1048.58	  6.77114e+06
1049.67	  6.76358e+06
1050.78	  6.75602e+06
1051.88	  6.74847e+06
1052.97	  6.74093e+06
1054.08	  6.73338e+06
1055.17	  6.72584e+06
1056.28	  6.71831e+06
1057.38	  6.71078e+06
1058.47	  6.70325e+06
1059.58	  6.69573e+06
1060.67	  6.68821e+06
1061.78	  6.68069e+06
1062.88	  6.67318e+06
1063.97	  6.66568e+06
1065.08	  6.65817e+06
1066.17	  6.65067e+06
1067.28	  6.64318e+06
1068.38	  6.63569e+06
1069.47	  6.6282e+06
1070.58	  6.62072e+06
1071.67	  6.61324e+06
1072.78	  6.60577e+06
1073.88	  6.5983e+06
1074.97	  6.59084e+06
1076.08	  6.58338e+06
1077.17	  6.57592e+06
1078.28	  6.56847e+06
1079.38	  6.56102e+06
1080.47	  6.55358e+06
1081.58	  6.54614e+06
1082.67	  6.53871e+06
1083.78	  6.53128e+06
1084.88	  6.52386e+06
1085.97	  6.51644e+06
1087.08	  6.50902e+06
1088.17	  6.50161e+06
1089.28	  6.4942e+06
1090.38	  6.4868e+06
1091.47	  6.47941e+06
1092.58	  6.47202e+06
1093.67	  6.46463e+06
1094.78	  6.45725e+06
1095.88	  6.44987e+06
1096.97	  6.4425e+06
1098.08	  6.43513e+06
1099.17	  6.42777e+06
1100.28	  6.42041e+06
1101.38	  6.41305e+06
1102.47	  6.40571e+06
1103.58	  6.39836e+06
1104.67	  6.39102e+06
1105.78	  6.38369e+06
1106.88	  6.37636e+06
1107.97	  6.36904e+06
1109.08	  6.36172e+06
1110.17	  6.35441e+06
1111.28	  6.3471e+06
1112.38	  6.33979e+06
1113.47	  6.3325e+06
1114.58	  6.3252e+06
1115.67	  6.31792e+06
1116.78	  6.31063e+06
1117.88	  6.30335e+06
1118.97	  6.29608e+06
1120.08	  6.28881e+06
1121.17	  6.28155e+06
1122.28	  6.2743e+06
1123.38	  6.26704e+06
1124.47	  6.2598e+06
1125.58	  6.25256e+06
1126.67	  6.24532e+06
1127.78	  6.23809e+06
1128.88	  6.23087e+06
1129.97	  6.22365e+06
1131.08	  6.21643e+06
1132.17	  6.20922e+06
1133.28	  6.20202e+06
1134.38	  6.19482e+06
1135.47	  6.18763e+06
1136.58	  6.18044e+06
1137.67	  6.17326e+06
1138.78	  6.16608e+06
1139.88	  6.15891e+06
1140.97	  6.15174e+06
1142.08	  6.14458e+06
1143.17	  6.13743e+06
1144.28	  6.13028e+06
1145.38	  6.12314e+06
1146.47	  6.116e+06
1147.58	  6.10887e+06
1148.67	  6.10174e+06
1149.78	  6.09462e+06
1150.88	  6.0875e+06
1151.97	  6.08039e+06
1153.08	  6.07329e+06
1154.17	  6.06619e+06
1155.28	  6.0591e+06
1156.38	  6.05201e+06
1157.47	  6.04493e+06
1158.58	  6.03785e+06
1159.67	  6.03078e+06
1160.78	  6.02372e+06
1161.88	  6.01666e+06
1162.97	  6.00961e+06
1164.08	  6.00256e+06
1165.17	  5.99552e+06
1166.28	  5.98848e+06
1167.38	  5.98145e+06
1168.47	  5.97443e+06
1169.58	  5.96741e+06
1170.67	  5.9604e+06
1171.78	  5.95339e+06
1172.88	  5.94639e+06
1173.97	  5.9394e+06
1175.08	  5.93241e+06
1176.17	  5.92542e+06
1177.28	  5.91845e+06
1178.38	  5.91148e+06
1179.47	  5.90451e+06
1180.58	  5.89755e+06
1181.67	  5.8906e+06
1182.78	  5.88365e+06
1183.88	  5.87671e+06
1184.97	  5.86977e+06
1186.08	  5.86284e+06
1187.17	  5.85592e+06
1188.28	  5.849e+06
1189.38	  5.84209e+06
1190.47	  5.83518e+06
1191.58	  5.82828e+06
1192.67	  5.82139e+06
1193.78	  5.8145e+06
1194.88	  5.80762e+06
1195.97	  5.80074e+06
1197.08	  5.79387e+06
1198.17	  5.78701e+06
1199.28	  5.78015e+06
1200.38	  5.7733e+06
1201.47	  5.76646e+06
1202.58	  5.75962e+06
1203.67	  5.75278e+06
1204.78	  5.74596e+06
1205.88	  5.73913e+06
1206.97	  5.73232e+06
1208.08	  5.72551e+06
1209.17	  5.71871e+06
1210.28	  5.71191e+06
1211.38	  5.70512e+06
1212.47	  5.69834e+06
1213.58	  5.69156e+06
1214.67	  5.68479e+06
1215.78	  5.67802e+06
1216.88	  5.67126e+06
1217.97	  5.66451e+06
1219.08	  5.65776e+06
1220.17	  5.65102e+06
1221.28	  5.64428e+06
1222.38	  5.63755e+06
1223.47	  5.63083e+06
1224.58	  5.62412e+06
1225.67	  5.6174e+06
1226.78	  5.6107e+06
1227.88	  5.604e+06
1228.97	  5.59731e+06
1230.08	  5.59063e+06
1231.17	  5.58395e+06
1232.28	  5.57727e+06
1233.38	  5.57061e+06
1234.47	  5.56395e+06
1235.58	  5.55729e+06
1236.67	  5.55065e+06
1237.78	  5.54401e+06
1238.88	  5.53737e+06
1239.97	  5.53074e+06
1241.08	  5.52412e+06
1242.17	  5.5175e+06
1243.28	  5.51089e+06
1244.38	  5.50429e+06
1245.47	  5.49769e+06
1246.58	  5.4911e+06
1247.67	  5.48452e+06
1248.78	  5.47794e+06
1249.88	  5.47137e+06
1250.97	  5.4648e+06
1252.08	  5.45824e+06
1253.17	  5.45169e+06
1254.28	  5.44514e+06
1255.38	  5.4386e+06
1256.47	  5.43207e+06
1257.58	  5.42554e+06
1258.67	  5.41902e+06
1259.78	  5.4125e+06
1260.88	  5.40599e+06
1261.97	  5.39949e+06
1263.08	  5.39299e+06
1264.17	  5.3865e+06
1265.28	  5.38002e+06
1266.38	  5.37354e+06
1267.47	  5.36707e+06
1268.58	  5.36061e+06
1269.67	  5.35415e+06
1270.78	  5.3477e+06
1271.88	  5.34126e+06
1272.97	  5.33482e+06
1274.08	  5.32838e+06
1275.17	  5.32196e+06
1276.28	  5.31554e+06
1277.38	  5.30913e+06
1278.47	  5.30272e+06
1279.58	  5.29632e+06
1280.67	  5.28993e+06
1281.78	  5.28354e+06
1282.88	  5.27716e+06
1283.97	  5.27078e+06
1285.08	  5.26441e+06
1286.17	  5.25805e+06
1287.28	  5.2517e+06
1288.38	  5.24535e+06
1289.47	  5.23901e+06
1290.58	  5.23267e+06
1291.67	  5.22634e+06
1292.78	  5.22002e+06
1293.88	  5.2137e+06
1294.97	  5.20739e+06
1296.08	  5.20108e+06
1297.17	  5.19479e+06
1298.28	  5.1885e+06
1299.38	  5.18221e+06
1300.47	  5.17593e+06
1301.58	  5.16966e+06
1302.67	  5.16339e+06
1303.78	  5.15713e+06
1304.88	  5.15088e+06
1305.97	  5.14464e+06
1307.08	  5.1384e+06
1308.17	  5.13216e+06
1309.28	  5.12594e+06
1310.38	  5.11971e+06
1311.47	  5.1135e+06
1312.58	  5.10729e+06
1313.67	  5.10109e+06
1314.78	  5.0949e+06
1315.88	  5.08871e+06
1316.97	  5.08253e+06
1318.08	  5.07635e+06
1319.17	  5.07018e+06
1320.28	  5.06402e+06
1321.38	  5.05786e+06
1322.47	  5.05171e+06
1323.58	  5.04557e+06
1324.67	  5.03943e+06
1325.78	  5.0333e+06
1326.88	  5.02718e+06
1327.97	  5.02106e+06
1329.08	  5.01495e+06
1330.17	  5.00884e+06
1331.28	  5.00275e+06
1332.38	  4.99665e+06
1333.47	  4.99057e+06
1334.58	  4.98449e+06
1335.67	  4.97842e+06
1336.78	  4.97235e+06
1337.88	  4.96629e+06
1338.97	  4.96024e+06
1340.08	  4.95419e+06
1341.17	  4.94815e+06
1342.28	  4.94212e+06
1343.38	  4.93609e+06
1344.47	  4.93007e+06
1345.58	  4.92405e+06
1346.67	  4.91804e+06
1347.78	  4.91204e+06
1348.88	  4.90605e+06
1349.97	  4.90006e+06
1351.08	  4.89407e+06
1352.17	  4.8881e+06
1353.28	  4.88213e+06
1354.38	  4.87616e+06
1355.47	  4.87021e+06
1356.58	  4.86426e+06
1357.67	  4.85831e+06
1358.78	  4.85237e+06
1359.88	  4.84644e+06
1360.97	  4.84052e+06
1362.08	  4.8346e+06
1363.17	  4.82869e+06
1364.28	  4.82278e+06
1365.38	  4.81688e+06
1366.47	  4.81099e+06
1367.58	  4.8051e+06
1368.67	  4.79922e+06
1369.78	  4.79335e+06
1370.88	  4.78748e+06
1371.97	  4.78162e+06
1373.08	  4.77576e+06
1374.17	  4.76991e+06
1375.28	  4.76407e+06
1376.38	  4.75824e+06
1377.47	  4.75241e+06
1378.58	  4.74659e+06
1379.67	  4.74077e+06
1380.78	  4.73496e+06
1381.88	  4.72915e+06
1382.97	  4.72336e+06
1384.08	  4.71757e+06
1385.17	  4.71178e+06
1386.28	  4.706e+06
1387.38	  4.70023e+06
1388.47	  4.69447e+06
1389.58	  4.68871e+06
1390.67	  4.68295e+06
1391.78	  4.67721e+06
1392.88	  4.67147e+06
1393.97	  4.66573e+06
1395.08	  4.66001e+06
1396.17	  4.65429e+06
1397.28	  4.64857e+06
1398.38	  4.64286e+06
1399.47	  4.63716e+06
1400.58	  4.63146e+06
1401.67	  4.62577e+06
1402.78	  4.62009e+06
1403.88	  4.61441e+06
1404.97	  4.60874e+06
1406.08	  4.60308e+06
1407.17	  4.59742e+06
1408.28	  4.59177e+06
1409.38	  4.58613e+06
1410.47	  4.58049e+06
1411.58	  4.57485e+06
1412.67	  4.56923e+06
1413.78	  4.56361e+06
1414.88	  4.55799e+06
1415.97	  4.55239e+06
1417.08	  4.54678e+06
1418.17	  4.54119e+06
1419.28	  4.5356e+06
1420.38	  4.53002e+06
1421.47	  4.52444e+06
1422.58	  4.51887e+06
1423.67	  4.51331e+06
1424.78	  4.50775e+06
1425.88	  4.5022e+06
1426.97	  4.49666e+06
1428.08	  4.49112e+06
1429.17	  4.48559e+06
1430.28	  4.48006e+06
1431.38	  4.47454e+06
1432.47	  4.46903e+06
1433.58	  4.46352e+06
1434.67	  4.45802e+06
1435.78	  4.45252e+06
1436.88	  4.44704e+06
1437.97	  4.44155e+06
1439.08	  4.43608e+06
1440.17	  4.43061e+06
1441.28	  4.42514e+06
1442.38	  4.41969e+06
1443.47	  4.41424e+06
1444.58	  4.40879e+06
1445.67	  4.40335e+06
1446.78	  4.39792e+06
1447.88	  4.39249e+06
1448.97	  4.38707e+06
1450.08	  4.38166e+06
1451.17	  4.37625e+06
1452.28	  4.37085e+06
1453.38	  4.36545e+06
1454.47	  4.36006e+06
1455.58	  4.35468e+06
1456.67	  4.3493e+06
1457.78	  4.34393e+06
1458.88	  3.15067e+06
1459.97	  3.14719e+06
1461.08	  3.14371e+06
1462.17	  3.14024e+06
1463.28	  3.13677e+06
1464.38	  3.13331e+06
1465.47	  3.12985e+06
1466.58	  3.12639e+06
1467.67	  3.12294e+06
1468.78	  3.11949e+06
1469.88	  3.11604e+06
1470.97	  3.1126e+06
1472.08	  3.10916e+06
1473.17	  3.10573e+06
1474.28	  3.1023e+06
1475.38	  3.09887e+06
1476.47	  3.09545e+06
1477.58	  3.09203e+06
1478.67	  3.08862e+06
1479.78	  3.08521e+06
1480.88	  3.0818e+06
1481.97	  3.07839e+06
1483.08	  3.07499e+06
1484.17	  3.0716e+06
1485.28	  3.06821e+06
1486.38	  3.06482e+06
1487.47	  3.06143e+06
1488.58	  3.05805e+06
1489.67	  3.05468e+06
1490.78	  3.0513e+06
1491.88	  3.04793e+06
1492.97	  3.04457e+06
1494.08	  3.04121e+06
1495.17	  3.03785e+06
1496.28	  3.03449e+06
1497.38	  3.03114e+06
1498.47	  3.0278e+06
1499.58	  3.02445e+06
1500.67	  3.02112e+06
1501.78	  3.01778e+06
1502.88	  3.01445e+06
1503.97	  3.01112e+06
1505.08	  3.0078e+06
1506.17	  3.00448e+06
1507.28	  3.00116e+06
1508.38	  2.99785e+06
1509.47	  2.99454e+06
1510.58	  2.99123e+06
1511.67	  2.98793e+06
1512.78	  2.98463e+06
1513.88	  2.98134e+06
1514.97	  2.97804e+06
1516.08	  2.97476e+06
1517.17	  2.97147e+06
1518.28	  2.96819e+06
1519.38	  2.96492e+06
1520.47	  2.96165e+06
1521.58	  2.95838e+06
1522.67	  2.95511e+06
1523.78	  2.95185e+06
1524.88	  2.94859e+06
1525.97	  2.94534e+06
1527.08	  2.94209e+06
1528.17	  2.93884e+06
1529.28	  2.9356e+06
1530.38	  2.93236e+06
1531.47	  2.92913e+06
1532.58	  2.92589e+06
1533.67	  2.92267e+06
1534.78	  2.91944e+06
1535.88	  2.91622e+06
1536.97	  2.913e+06
1538.08	  2.90979e+06
1539.17	  2.90658e+06
1540.28	  2.90337e+06
1541.38	  2.90017e+06
1542.47	  2.89697e+06
1543.58	  2.89378e+06
1544.67	  2.89059e+06
1545.78	  2.8874e+06
1546.88	  2.88421e+06
1547.97	  2.88103e+06
1549.08	  2.87786e+06
1550.17	  2.87468e+06
1551.28	  2.87151e+06
1552.38	  2.86835e+06
1553.47	  2.86518e+06
1554.58	  2.86203e+06
1555.67	  2.85887e+06
1556.78	  2.85572e+06
1557.88	  2.85257e+06
1558.97	  2.84943e+06
1560.08	  2.84628e+06
1561.17	  2.84315e+06
1562.28	  2.84001e+06
1563.38	  2.83688e+06
1564.47	  2.83376e+06
1565.58	  2.83063e+06
1566.67	  2.82751e+06
1567.78	  2.8244e+06
1568.88	  2.82129e+06
1569.97	  2.81818e+06
1571.08	  2.81507e+06
1572.17	  2.81197e+06
1573.28	  2.80887e+06
1574.38	  2.80578e+06
1575.47	  2.80269e+06
1576.58	  2.7996e+06
1577.67	  2.79652e+06
1578.78	  2.79344e+06
1579.88	  2.79036e+06
1580.97	  2.78729e+06
1582.08	  2.78422e+06
1583.17	  2.78115e+06
1584.28	  2.77809e+06
1585.38	  2.77503e+06
1586.47	  2.77198e+06
1587.58	  2.76892e+06
1588.67	  2.76588e+06
1589.78	  2.76283e+06
1590.88	  2.75979e+06
1591.97	  2.75675e+06
1593.08	  2.75372e+06
1594.17	  2.75069e+06
1595.28	  2.74766e+06
1596.38	  2.74464e+06
1597.47	  2.74162e+06
1598.58	  2.7386e+06
1599.67	  2.73559e+06
1600.78	  2.73258e+06
1601.88	  2.72958e+06
1602.97	  2.72657e+06
1604.08	  2.72358e+06
1605.17	  2.72058e+06
1606.28	  2.71759e+06
1607.38	  2.7146e+06
1608.47	  2.71162e+06
1609.58	  2.70864e+06
1610.67	  2.70566e+06
1611.78	  2.70268e+06
1612.88	  2.69971e+06
1613.97	  2.69675e+06
1615.08	  2.69378e+06
1616.17	  2.69083e+06
1617.28	  2.68787e+06
1618.38	  2.68492e+06
1619.47	  2.68197e+06
1620.58	  2.67902e+06
1621.67	  2.67608e+06
1622.78	  2.67314e+06
1623.88	  2.67021e+06
1624.97	  2.66728e+06
1626.08	  2.66435e+06
1627.17	  2.66143e+06
1628.28	  2.65851e+06
1629.38	  2.65559e+06
1630.47	  2.65268e+06
1631.58	  2.64977e+06
1632.67	  2.64686e+06
1633.78	  2.64396e+06
1634.88	  2.64106e+06
1635.97	  2.63817e+06
1637.08	  2.63528e+06
1638.17	  2.63239e+06
1639.28	  2.62951e+06
1640.38	  2.62663e+06
1641.47	  2.62376e+06
1642.58	  2.62089e+06
1643.67	  2.61803e+06
1644.78	  2.61517e+06
1645.88	  2.61231e+06
1646.97	  2.60945e+06
1648.08	  2.6066e+06
1649.17	  2.60375e+06
1650.28	  2.60091e+06
1651.38	  2.59806e+06
1652.47	  2.59522e+06
1653.58	  2.59239e+06
1654.67	  2.58955e+06
1655.78	  2.58672e+06
1656.88	  2.58389e+06
1657.97	  2.58107e+06
1659.08	  2.57825e+06
1660.17	  2.57543e+06
1661.28	  2.57261e+06
1662.38	  2.5698e+06
1663.47	  2.56699e+06
1664.58	  2.56418e+06
1665.67	  2.56137e+06
1666.78	  2.55857e+06
1667.88	  2.55577e+06
1668.97	  2.55298e+06
1670.08	  2.55019e+06
1671.17	  2.5474e+06
1672.28	  2.54461e+06
1673.38	  2.54182e+06
1674.47	  2.53904e+06
1675.58	  2.53627e+06
1676.67	  2.53349e+06
1677.78	  2.53072e+06
1678.88	  2.52795e+06
1679.97	  2.52518e+06
1681.08	  2.52242e+06
1682.17	  2.51966e+06
1683.28	  2.5169e+06
1684.38	  2.51415e+06
1685.47	  2.51139e+06
1686.58	  2.50864e+06
1687.67	  2.5059e+06
1688.78	  2.50315e+06
1689.88	  2.50041e+06
1690.97	  2.49768e+06
1692.08	  2.49494e+06
1693.17	  2.49221e+06
1694.28	  2.48948e+06
1695.38	  2.48676e+06
1696.47	  2.48403e+06
1697.58	  2.48131e+06
1698.67	  2.4786e+06
1699.78	  2.47588e+06
1700.88	  2.47317e+06
1701.97	  2.47046e+06
1703.08	  2.46776e+06
1704.17	  2.46505e+06
1705.28	  2.46235e+06
1706.38	  2.45966e+06
1707.47	  2.45696e+06
1708.58	  2.45427e+06
1709.67	  2.45158e+06
1710.78	  2.4489e+06
1711.88	  2.44621e+06
1712.97	  2.44353e+06
1714.08	  2.44086e+06
1715.17	  2.43818e+06
1716.28	  2.43551e+06
1717.38	  2.43284e+06
1718.47	  2.43018e+06
1719.58	  2.42751e+06
1720.67	  2.42485e+06
1721.78	  2.42219e+06
1722.88	  2.41954e+06
1723.97	  2.41689e+06
1725.08	  2.41424e+06
1726.17	  2.41159e+06
1727.28	  2.40895e+06
1728.38	  2.40631e+06
1729.47	  2.40367e+06
1730.58	  2.40104e+06
1731.67	  2.39841e+06
1732.78	  2.39578e+06
1733.88	  2.39315e+06
1734.97	  2.39053e+06
1736.08	  2.38791e+06
1737.17	  2.38529e+06
1738.28	  2.38267e+06
1739.38	  2.38006e+06
1740.47	  2.37745e+06
1741.58	  2.37484e+06
1742.67	  2.37224e+06
1743.78	  2.36964e+06
1744.88	  2.36704e+06
1745.97	  2.36445e+06
1747.08	  2.36185e+06
1748.17	  2.35926e+06
1749.28	  2.35668e+06
1750.38	  2.35409e+06
1751.47	  2.35151e+06
1752.58	  2.34893e+06
1753.67	  2.34635e+06
1754.78	  2.34378e+06
1755.88	  2.34121e+06
1756.97	  2.33864e+06
1758.08	  2.33608e+06
1759.17	  2.33351e+06
1760.28	  2.33096e+06
1761.38	  2.3284e+06
1762.47	  2.32584e+06
1763.58	  2.32329e+06
1764.67	  2.32074e+06
1765.78	  2.3182e+06
1766.88	  2.31566e+06
1767.97	  2.31311e+06
1769.08	  2.31058e+06
1770.17	  2.30804e+06
1771.28	  2.30551e+06
1772.38	  2.30298e+06
1773.47	  2.30045e+06
1774.58	  2.29793e+06
1775.67	  2.29541e+06
1776.78	  2.29289e+06
1777.88	  2.29037e+06
1778.97	  2.28786e+06
1780.08	  2.28535e+06
1781.17	  2.28284e+06
1782.28	  2.28034e+06
1783.38	  2.27783e+06
1784.47	  2.27533e+06
1785.58	  2.27284e+06
1786.67	  2.27034e+06
1787.78	  2.26785e+06
1788.88	  2.26536e+06
1789.97	  2.26288e+06
1791.08	  2.26039e+06
1792.17	  2.25791e+06
1793.28	  2.25543e+06
1794.38	  2.25296e+06
1795.47	  2.25048e+06
1796.58	  2.24801e+06
1797.67	  2.24555e+06
1798.78	  2.24308e+06
1799.88	  2.24062e+06
1800.97	  2.23816e+06
1802.08	  2.2357e+06
1803.17	  2.23325e+06
1804.28	  2.2308e+06
1805.38	  2.22835e+06
1806.47	  2.2259e+06
1807.58	  2.22346e+06
1808.67	  2.22102e+06
1809.78	  2.21858e+06
1810.88	  2.21614e+06
1811.97	  2.21371e+06
1813.08	  2.21128e+06
1814.17	  2.20885e+06
1815.28	  2.20643e+06
1816.38	  2.20401e+06
1817.47	  2.20159e+06
1818.58	  2.19917e+06
1819.67	  2.19675e+06
1820.78	  2.19434e+06
1821.88	  2.19193e+06
1822.97	  2.18953e+06
1824.08	  2.18712e+06
1825.17	  2.18472e+06
1826.28	  2.18232e+06
1827.38	  2.17992e+06
1828.47	  2.17753e+06
1829.58	  2.17514e+06
1830.67	  2.17275e+06
1831.78	  2.17036e+06
1832.88	  2.16798e+06
1833.97	  2.1656e+06
1835.08	  2.16322e+06
1836.17	  2.16085e+06
1837.28	  2.15847e+06
1838.38	  2.1561e+06
1839.47	  2.15374e+06
1840.58	  2.15137e+06
1841.67	  2.14901e+06
1842.78	  2.14665e+06
1843.88	  2.14429e+06
1844.97	  2.14193e+06
1846.08	  2.13958e+06
1847.17	  2.13723e+06
1848.28	  2.13489e+06
1849.38	  2.13254e+06
1850.47	  2.1302e+06
1851.58	  2.12786e+06
1852.67	  2.12552e+06
1853.78	  2.12319e+06
1854.88	  2.12086e+06
1855.97	  2.11853e+06
1857.08	  2.1162e+06
1858.17	  2.11387e+06
1859.28	  2.11155e+06
1860.38	  2.10923e+06
1861.47	  2.10692e+06
1862.58	  2.1046e+06
1863.67	  2.10229e+06
1864.78	  2.09998e+06
1865.88	  2.09767e+06
1866.97	  2.09537e+06
1868.08	  2.09307e+06
1869.17	  2.09077e+06
1870.28	  2.08847e+06
1871.38	  2.08618e+06
1872.47	  2.08389e+06
1873.58	  2.0816e+06
1874.67	  2.07931e+06
1875.78	  2.07703e+06
1876.88	  2.07475e+06
1877.97	  2.07247e+06
1879.08	  2.07019e+06
1880.17	  2.06792e+06
1881.28	  2.06564e+06
1882.38	  2.06338e+06
1883.47	  2.06111e+06
1884.58	  2.05884e+06
1885.67	  2.05658e+06
1886.78	  2.05432e+06
1887.88	  2.05207e+06
1888.97	  2.04981e+06
1890.08	  2.04756e+06
1891.17	  2.04531e+06
1892.28	  2.04306e+06
1893.38	  2.04082e+06
1894.47	  2.03858e+06
1895.58	  2.03634e+06
1896.67	  2.0341e+06
1897.78	  2.03187e+06
1898.88	  2.02964e+06
1899.97	  2.02741e+06
1901.08	  2.02518e+06
1902.17	  2.02295e+06
1903.28	  2.02073e+06
1904.38	  2.01851e+06
1905.47	  2.01629e+06
1906.58	  2.01408e+06
1907.67	  2.01187e+06
1908.78	  2.00966e+06
1909.88	  2.00745e+06
1910.97	  2.00524e+06
1912.08	  2.00304e+06
1913.17	  2.00084e+06
1914.28	  1.99864e+06
1915.38	  1.99645e+06
1916.47	  1.99425e+06
1917.58	  1.99206e+06
1918.67	  1.98987e+06
1919.78	  1.98769e+06
1920.88	  1.9855e+06
1921.97	  1.98332e+06
1923.08	  1.98114e+06
1924.17	  1.97897e+06
1925.28	  1.97679e+06
1926.38	  1.97462e+06
1927.47	  1.97245e+06
1928.58	  1.97029e+06
1929.67	  1.96812e+06
1930.78	  1.96596e+06
1931.88	  1.9638e+06
1932.97	  1.96164e+06
1934.08	  1.95949e+06
1935.17	  1.95733e+06
1936.28	  1.95518e+06
1937.38	  1.95304e+06
1938.47	  1.95089e+06
1939.58	  1.94875e+06
1940.67	  1.94661e+06
1941.78	  1.94447e+06
1942.88	  1.94233e+06
1943.97	  1.9402e+06
1945.08	  1.93807e+06
1946.17	  1.93594e+06
1947.28	  1.93381e+06
1948.38	  1.93169e+06
1949.47	  1.92956e+06
1950.58	  1.92744e+06
1951.67	  1.92533e+06
1952.78	  1.92321e+06
1953.88	  1.9211e+06
1954.97	  1.91899e+06
1956.08	  1.91688e+06
1957.17	  1.91478e+06
1958.28	  1.91267e+06
1959.38	  1.91057e+06
1960.47	  1.90847e+06
1961.58	  1.90638e+06
1962.67	  1.90428e+06
1963.78	  1.90219e+06
1964.88	  1.9001e+06
1965.97	  1.89801e+06
1967.08	  1.89593e+06
1968.17	  1.89385e+06
1969.28	  1.89177e+06
1970.38	  1.88969e+06
1971.47	  1.88761e+06
1972.58	  1.88554e+06
1973.67	  1.88347e+06
1974.78	  1.8814e+06
1975.88	  1.87933e+06
1976.97	  1.87727e+06
1978.08	  1.87521e+06
1979.17	  1.87315e+06
1980.28	  1.87109e+06
1981.38	  1.86903e+06
1982.47	  1.86698e+06
1983.58	  1.86493e+06
1984.67	  1.86288e+06
1985.78	  1.86084e+06
1986.88	  1.85879e+06
1987.97	  1.85675e+06
1989.08	  1.85471e+06
1990.17	  1.85267e+06
1991.28	  1.85064e+06
1992.38	  1.84861e+06
1993.47	  1.84658e+06
1994.58	  1.84455e+06
1995.67	  1.84252e+06
1996.78	  1.8405e+06
1997.88	  1.83848e+06
1998.97	  1.83646e+06
2000.08	  1.83444e+06
2001.17	  1.83243e+06
2002.28	  1.83042e+06
2003.38	  1.82841e+06
2004.47	  1.8264e+06
2005.58	  1.82439e+06
2006.67	  1.82239e+06
2007.78	  1.82039e+06
2008.88	  1.81839e+06
2009.97	  1.81639e+06
2011.08	  1.8144e+06
2012.17	  1.8124e+06
2013.28	  1.81041e+06
2014.38	  1.80843e+06
2015.47	  1.80644e+06
2016.58	  1.80446e+06
2017.67	  1.80247e+06
2018.78	  1.8005e+06
2019.88	  1.79852e+06
2020.97	  1.79654e+06
2022.08	  1.79457e+06
2023.18	  1.7926e+06
2024.28	  1.79063e+06
2025.38	  1.78867e+06
2026.47	  1.7867e+06
2027.58	  1.78474e+06
2028.68	  1.78278e+06
2029.78	  1.78082e+06
2030.88	  1.77887e+06
2031.97	  1.77692e+06
2033.08	  1.77496e+06
2034.18	  1.77302e+06
2035.28	  1.77107e+06
2036.38	  1.76913e+06
2037.47	  1.76718e+06
2038.58	  1.76524e+06
2039.68	  1.7633e+06
2040.78	  1.76137e+06
2041.88	  1.75944e+06
2042.97	  1.7575e+06
2044.08	  1.75557e+06
2045.18	  1.75365e+06
2046.28	  1.75172e+06
2047.38	  1.7498e+06
2048.47	  1.74788e+06
2049.57	  1.74596e+06
2050.68	  1.74404e+06
2051.78	  1.74213e+06
2052.88	  1.74022e+06
2053.97	  1.73831e+06
2055.07	  1.7364e+06
2056.18	  1.73449e+06
2057.28	  1.73259e+06
2058.38	  1.73069e+06
2059.47	  1.72879e+06
2060.57	  1.72689e+06
2061.68	  1.725e+06
2062.78	  1.7231e+06
2063.88	  1.72121e+06
2064.97	  1.71932e+06
2066.07	  1.71743e+06
2067.18	  1.71555e+06
2068.28	  1.71367e+06
2069.38	  1.71179e+06
2070.47	  1.70991e+06
2071.57	  1.70803e+06
2072.68	  1.70616e+06
2073.78	  1.70429e+06
2074.88	  1.70241e+06
2075.97	  1.70055e+06
2077.07	  1.69868e+06
2078.18	  1.69682e+06
2079.28	  1.69495e+06
2080.38	  1.6931e+06
2081.47	  1.69124e+06
2082.57	  1.68938e+06
2083.68	  1.68753e+06
2084.78	  1.68568e+06
2085.88	  1.68383e+06
2086.97	  1.68198e+06
2088.07	  1.68013e+06
2089.18	  1.67829e+06
2090.28	  1.67645e+06
2091.38	  1.67461e+06
2092.47	  1.67277e+06
2093.57	  1.67094e+06
2094.68	  1.6691e+06
2095.78	  1.66727e+06
2096.88	  1.66544e+06
2097.97	  1.66362e+06
2099.07	  1.66179e+06
2100.18	  1.65997e+06
2101.28	  1.65815e+06
2102.38	  1.65633e+06
2103.47	  1.65451e+06
2104.57	  1.6527e+06
2105.68	  1.65089e+06
2106.78	  1.64908e+06
2107.88	  1.64727e+06
2108.97	  1.64546e+06
2110.07	  1.64365e+06
2111.18	  1.64185e+06
2112.28	  1.64005e+06
2113.38	  1.63825e+06
2114.47	  1.63646e+06
2115.57	  1.63466e+06
2116.68	  1.63287e+06
2117.78	  1.63108e+06
2118.88	  1.62929e+06
2119.97	  1.6275e+06
2121.07	  1.62572e+06
2122.18	  1.62394e+06
2123.28	  1.62215e+06
2124.38	  1.62038e+06
2125.47	  1.6186e+06
2126.57	  1.61682e+06
2127.68	  1.61505e+06
2128.78	  1.61328e+06
2129.88	  1.61151e+06
2130.97	  1.60974e+06
2132.07	  1.60798e+06
2133.18	  1.60622e+06
2134.28	  1.60446e+06
2135.38	  1.6027e+06
2136.47	  1.60094e+06
2137.57	  1.59918e+06
2138.68	  1.59743e+06
2139.78	  1.59568e+06
2140.88	  1.59393e+06
2141.97	  1.59218e+06
2143.07	  1.59044e+06
2144.18	  1.5887e+06
2145.28	  1.58695e+06
2146.38	  1.58521e+06
2147.47	  1.58348e+06
2148.57	  1.58174e+06
2149.68	  1.58001e+06
2150.78	  1.57828e+06
2151.88	  1.57655e+06
2152.97	  1.57482e+06
2154.07	  1.57309e+06
2155.18	  1.57137e+06
2156.28	  1.56965e+06
2157.38	  1.56793e+06
2158.47	  1.56621e+06
2159.57	  1.56449e+06
2160.68	  1.56278e+06
2161.78	  1.56106e+06
2162.88	  1.55935e+06
2163.97	  1.55765e+06
2165.07	  1.55594e+06
2166.18	  1.55423e+06
2167.28	  1.55253e+06
2168.38	  1.55083e+06
2169.47	  1.54913e+06
2170.57	  1.54743e+06
2171.68	  1.54574e+06
2172.78	  1.54404e+06
2173.88	  1.54235e+06
2174.97	  1.54066e+06
2176.07	  1.53898e+06
2177.18	  1.53729e+06
2178.28	  1.53561e+06
2179.38	  1.53392e+06
2180.47	  1.53224e+06
2181.57	  1.53056e+06
2182.68	  1.52889e+06
2183.78	  1.52721e+06
2184.88	  1.52554e+06
2185.97	  1.52387e+06
2187.07	  1.5222e+06
2188.18	  1.52053e+06
2189.28	  1.51887e+06
2190.38	  1.51721e+06
2191.47	  1.51554e+06
2192.57	  1.51388e+06
2193.68	  1.51223e+06
2194.78	  1.51057e+06
2195.88	  1.50892e+06
2196.97	  1.50726e+06
2198.07	  1.50561e+06
2199.18	  1.50396e+06
2200.28	  1.50232e+06
2201.38	  1.50067e+06
2202.47	  1.49903e+06
2203.57	  1.49739e+06
2204.68	  1.49575e+06
2205.78	  1.49411e+06
2206.88	  1.49248e+06
2207.97	  1.49084e+06
2209.07	  1.48921e+06
2210.18	  1.48758e+06
2211.28	  1.48595e+06
2212.38	  1.48432e+06
2213.47	  1.4827e+06
2214.57	  1.48108e+06
2215.68	  1.47946e+06
2216.78	  1.47784e+06
2217.88	  1.47622e+06
2218.97	  1.4746e+06
2220.07	  1.47299e+06
2221.18	  1.47138e+06
2222.28	  1.46977e+06
2223.38	  1.46816e+06
2224.47	  1.46655e+06
2225.57	  1.46495e+06
2226.68	  1.46334e+06
2227.78	  1.46174e+06
2228.88	  1.46014e+06
2229.97	  1.45854e+06
2231.07	  1.45695e+06
2232.18	  1.45535e+06
2233.28	  1.45376e+06
2234.38	  1.45217e+06
2235.47	  1.45058e+06
2236.57	  1.449e+06
2237.68	  1.44741e+06
2238.78	  1.44583e+06
2239.88	  1.44425e+06
2240.97	  1.44267e+06
2242.07	  1.44109e+06
2243.18	  1.43951e+06
2244.28	  1.43794e+06
2245.38	  1.43636e+06
2246.47	  1.43479e+06
2247.57	  1.43322e+06
2248.68	  1.43166e+06
2249.78	  1.43009e+06
2250.88	  1.42853e+06
2251.97	  1.42696e+06
2253.07	  1.4254e+06
2254.18	  1.42384e+06
2255.28	  1.42229e+06
2256.38	  1.42073e+06
2257.47	  1.41918e+06
2258.57	  1.41763e+06
2259.68	  1.41608e+06
2260.78	  1.41453e+06
2261.88	  1.41298e+06
2262.97	  1.41144e+06
2264.07	  1.40989e+06
2265.18	  1.40835e+06
2266.28	  1.40681e+06
2267.38	  1.40527e+06
2268.47	  1.40374e+06
2269.57	  1.4022e+06
2270.68	  1.40067e+06
2271.78	  1.39914e+06
2272.88	  1.39761e+06
2273.97	  1.39608e+06
2275.07	  1.39456e+06
2276.18	  1.39303e+06
2277.28	  1.39151e+06
2278.38	  1.38999e+06
2279.47	  1.38847e+06
2280.57	  1.22163e+06
2281.68	  1.22038e+06
2282.78	  1.21914e+06
2283.88	  1.21789e+06
2284.97	  1.21665e+06
2286.07	  1.21541e+06
2287.18	  1.21416e+06
2288.28	  1.21292e+06
2289.38	  1.21168e+06
2290.47	  1.21045e+06
2291.57	  1.20921e+06
2292.68	  1.20798e+06
2293.78	  1.20674e+06
2294.88	  1.20551e+06
2295.97	  1.20428e+06
2297.07	  1.20305e+06
2298.18	  1.20182e+06
2299.28	  1.20059e+06
2300.38	  1.19937e+06
2301.47	  1.19814e+06
2302.57	  1.19692e+06
2303.68	  1.1957e+06
2304.78	  1.19448e+06
2305.88	  1.19326e+06
2306.97	  1.19204e+06
2308.07	  1.19082e+06
2309.18	  1.18961e+06
2310.28	  1.18839e+06
2311.38	  1.18718e+06
2312.47	  1.18597e+06
2313.57	  1.18476e+06
2314.68	  1.18355e+06
2315.78	  1.18234e+06
2316.88	  1.18113e+06
2317.97	  1.17993e+06
2319.07	  1.17872e+06
2320.18	  1.17752e+06
2321.28	  1.17632e+06
2322.38	  1.17512e+06
2323.47	  1.17392e+06
2324.57	  1.17272e+06
2325.68	  1.17153e+06
2326.78	  1.17033e+06
2327.88	  1.16914e+06
2328.97	  1.16794e+06
2330.07	  1.16675e+06
2331.18	  1.16556e+06
2332.28	  1.16437e+06
2333.38	  1.16319e+06
2334.47	  1.162e+06
2335.57	  1.16081e+06
2336.68	  1.15963e+06
2337.78	  1.15845e+06
2338.88	  1.15727e+06
2339.97	  1.15609e+06
2341.07	  1.15491e+06
2342.18	  1.15373e+06
2343.28	  1.15255e+06
2344.38	  1.15138e+06
2345.47	  1.1502e+06
2346.57	  1.14903e+06
2347.68	  1.14786e+06
2348.78	  1.14669e+06
2349.88	  1.14552e+06
2350.97	  1.14435e+06
2352.07	  1.14319e+06
2353.18	  1.14202e+06
2354.28	  1.14086e+06
2355.38	  1.13969e+06
2356.47	  1.13853e+06
2357.57	  1.13737e+06
2358.68	  1.13621e+06
2359.78	  1.13506e+06
2360.88	  1.1339e+06
2361.97	  1.13274e+06
2363.07	  1.13159e+06
2364.18	  1.13044e+06
2365.28	  1.12928e+06
2366.38	  1.12813e+06
2367.47	  1.12698e+06
2368.57	  1.12584e+06
2369.68	  1.12469e+06
2370.78	  1.12354e+06
2371.88	  1.1224e+06
2372.97	  1.12126e+06
2374.07	  1.12011e+06
2375.18	  1.11897e+06
2376.28	  1.11783e+06
2377.38	  1.11669e+06
2378.47	  1.11556e+06
2379.57	  1.11442e+06
2380.68	  1.11329e+06
2381.78	  1.11215e+06
2382.88	  1.11102e+06
2383.97	  1.10989e+06
2385.07	  1.10876e+06
2386.18	  1.10763e+06
2387.28	  1.1065e+06
2388.38	  1.10537e+06
2389.47	  1.10425e+06
2390.57	  1.10312e+06
2391.68	  1.102e+06
2392.78	  1.10088e+06
2393.88	  1.09976e+06
2394.97	  1.09864e+06
2396.07	  1.09752e+06
2397.18	  1.0964e+06
2398.28	  1.09529e+06
2399.38	  1.09417e+06
2400.47	  1.09306e+06
2401.57	  1.09195e+06
2402.68	  1.09084e+06
2403.78	  1.08973e+06
2404.88	  1.08862e+06
2405.97	  1.08751e+06
2407.07	  1.0864e+06
2408.18	  1.0853e+06
2409.28	  1.08419e+06
2410.38	  1.08309e+06
2411.47	  1.08199e+06
2412.57	  1.08089e+06
2413.68	  1.07979e+06
2414.78	  1.07869e+06
2415.88	  1.07759e+06
2416.97	  1.0765e+06
2418.07	  1.0754e+06
2419.18	  1.07431e+06
2420.28	  1.07322e+06
2421.38	  1.07212e+06
2422.47	  1.07103e+06
2423.57	  1.06994e+06
2424.68	  1.06886e+06
2425.78	  1.06777e+06
2426.88	  1.06668e+06
2427.97	  1.0656e+06
2429.07	  1.06452e+06
2430.18	  1.06343e+06
2431.28	  1.06235e+06
2432.38	  1.06127e+06
2433.47	  1.06019e+06
2434.57	  1.05912e+06
2435.68	  1.05804e+06
2436.78	  1.05696e+06
2437.88	  1.05589e+06
2438.97	  1.05482e+06
2440.07	  1.05374e+06
2441.18	  1.05267e+06
2442.28	  1.0516e+06
2443.38	  1.05053e+06
2444.47	  1.04947e+06
2445.57	  1.0484e+06
2446.68	  1.04734e+06
2447.78	  1.04627e+06
2448.88	  1.04521e+06
2449.97	  1.04415e+06
2451.07	  1.04309e+06
2452.18	  1.04203e+06
2453.28	  1.04097e+06
2454.38	  1.03991e+06
2455.47	  1.03885e+06
2456.57	  1.0378e+06
2457.68	  1.03674e+06
2458.78	  1.03569e+06
2459.88	  1.03464e+06
2460.97	  1.03359e+06
2462.07	  1.03254e+06
2463.18	  1.03149e+06
2464.28	  1.03044e+06
2465.38	  1.0294e+06
2466.47	  1.02835e+06
2467.57	  1.02731e+06
2468.68	  1.02626e+06
2469.78	  1.02522e+06
2470.88	  1.02418e+06
2471.97	  1.02314e+06
2473.07	  1.0221e+06
2474.18	  1.02106e+06
2475.28	  1.02003e+06
2476.38	  1.01899e+06
2477.47	  1.01796e+06
