Emission arising from a slab of Hydrogen (both H and H-).
   
Parameters of the slab:
n_e = 1e+12 cm-3
T_e = 8000 K
tau(lambda=300 nm) = 0.75
L = 2.86298e+11 cm
   
Wavelength (nm), Emission (erg s-1 cm-2 nm-1 sr-1)
50	  0.092021
91.2	  1242.27
120	  78382.3
150	  960214
175	  3.73411e+06
200	  9.79209e+06
225	  1.97588e+07
250	  3.3186e+07
270	  4.55468e+07
290	  5.83977e+07
300	  6.47271e+07
305	  6.78222e+07
310	  7.08551e+07
315	  7.3815e+07
320	  7.66918e+07
322.5	  7.80961e+07
325	  7.94762e+07
327	  8.05621e+07
329	  8.16315e+07
329.999	  8.21592e+07
330.266	  8.22996e+07
330.533	  8.24396e+07
330.8	  8.25793e+07
331.067	  8.27187e+07
331.334	  8.28577e+07
331.601	  8.29965e+07
331.868	  8.3135e+07
332.135	  8.32731e+07
332.402	  8.34109e+07
332.669	  8.35484e+07
332.936	  8.36856e+07
333.203	  8.38224e+07
333.47	  8.3959e+07
333.737	  8.40952e+07
334.004	  8.42311e+07
334.271	  8.43666e+07
334.538	  8.45019e+07
334.805	  8.46368e+07
335.072	  8.47714e+07
335.339	  8.49056e+07
335.606	  8.50396e+07
335.873	  8.51732e+07
336.14	  8.53064e+07
336.407	  8.54394e+07
336.674	  8.5572e+07
336.941	  8.57042e+07
337.208	  8.58362e+07
337.475	  8.59678e+07
337.742	  8.60991e+07
338.009	  8.623e+07
338.276	  8.63606e+07
338.543	  8.64908e+07
338.81	  8.66207e+07
339.077	  8.67503e+07
339.344	  8.68795e+07
339.611	  8.70084e+07
339.878	  8.7137e+07
340.145	  8.72652e+07
340.412	  8.7393e+07
340.679	  8.75205e+07
340.946	  8.76477e+07
341.213	  8.77745e+07
341.48	  8.7901e+07
341.747	  8.80271e+07
342.014	  8.81529e+07
342.281	  8.82783e+07
342.548	  8.84034e+07
342.815	  8.85281e+07
343.082	  8.86525e+07
343.349	  8.87765e+07
343.616	  8.89002e+07
343.883	  8.90235e+07
344.15	  8.91464e+07
344.417	  8.9269e+07
344.684	  8.93913e+07
344.951	  8.95132e+07
345.218	  8.96347e+07
345.485	  8.97559e+07
345.752	  8.98767e+07
346.019	  8.99971e+07
346.286	  9.01172e+07
346.553	  9.02369e+07
346.82	  9.03563e+07
347.087	  9.04753e+07
347.354	  9.0594e+07
347.621	  9.07122e+07
347.888	  9.08302e+07
348.155	  9.09477e+07
348.422	  9.10649e+07
348.689	  9.11817e+07
348.956	  9.12982e+07
349.223	  9.14143e+07
349.49	  9.153e+07
349.757	  9.16453e+07
350.024	  9.17603e+07
350.291	  9.18749e+07
350.558	  9.19892e+07
350.825	  9.2103e+07
351.092	  9.22165e+07
351.359	  9.23297e+07
351.626	  9.24424e+07
351.893	  9.25548e+07
352.16	  9.26668e+07
352.427	  9.27785e+07
352.694	  9.28897e+07
352.961	  9.30006e+07
353.228	  9.31112e+07
353.495	  9.32213e+07
353.762	  9.33311e+07
354.029	  9.34405e+07
354.296	  9.35495e+07
354.563	  9.36581e+07
354.83	  9.37664e+07
355.097	  9.38743e+07
355.364	  9.39818e+07
355.631	  9.40889e+07
355.898	  9.41956e+07
356.165	  9.4302e+07
356.432	  9.4408e+07
356.699	  9.45136e+07
356.966	  9.46188e+07
357.233	  9.47237e+07
357.5	  9.48282e+07
357.767	  9.49322e+07
358.034	  9.5036e+07
358.301	  9.51393e+07
358.568	  9.52422e+07
358.835	  9.53448e+07
359.102	  9.54469e+07
359.369	  9.55487e+07
359.636	  9.56501e+07
359.903	  9.57511e+07
360.17	  9.58518e+07
360.437	  9.5952e+07
360.704	  9.60519e+07
360.971	  9.61514e+07
361.238	  9.62505e+07
361.505	  9.63492e+07
361.772	  9.64475e+07
362.039	  9.65455e+07
362.306	  9.6643e+07
362.573	  9.67402e+07
363	  9.68948e+07
363.027	  9.69045e+07
363.054	  9.69141e+07
363.08	  9.69237e+07
363.107	  9.69333e+07
363.134	  9.6943e+07
363.16	  9.69526e+07
363.187	  9.69622e+07
363.214	  9.69718e+07
363.24	  9.69814e+07
363.267	  9.6991e+07
363.294	  9.70006e+07
363.321	  9.70102e+07
363.347	  9.70198e+07
363.374	  9.70293e+07
363.401	  9.70389e+07
363.427	  9.70485e+07
363.454	  9.70581e+07
363.481	  9.70676e+07
363.508	  9.70772e+07
363.534	  9.70868e+07
363.561	  9.70963e+07
363.588	  9.71059e+07
363.614	  9.71154e+07
363.641	  9.7125e+07
363.668	  9.71345e+07
363.694	  9.7144e+07
363.721	  9.71536e+07
363.748	  9.71631e+07
363.774	  9.71726e+07
363.801	  9.71821e+07
363.828	  9.71916e+07
363.855	  9.72012e+07
363.881	  9.72107e+07
363.908	  9.72202e+07
363.935	  9.72297e+07
363.961	  9.72392e+07
363.988	  9.72487e+07
364.015	  9.72582e+07
364.041	  9.72677e+07
364.068	  9.72771e+07
364.095	  9.72866e+07
364.122	  9.72961e+07
364.148	  9.73055e+07
364.175	  9.7315e+07
364.202	  9.73245e+07
364.228	  9.73339e+07
364.255	  9.73434e+07
364.282	  9.73528e+07
364.308	  9.73623e+07
364.335	  9.73717e+07
364.362	  9.73812e+07
364.389	  9.73906e+07
364.415	  9.74e+07
364.442	  9.74095e+07
364.469	  9.74189e+07
364.495	  9.74283e+07
364.522	  9.74377e+07
364.549	  9.74471e+07
364.575	  9.74566e+07
364.602	  9.7466e+07
364.629	  9.74754e+07
364.656	  9.74848e+07
364.682	  9.74941e+07
364.709	  9.75035e+07
364.736	  5.09373e+06
364.762	  5.09477e+06
364.789	  5.0958e+06
364.816	  5.09684e+06
364.842	  5.09787e+06
364.869	  5.0989e+06
364.896	  5.09994e+06
364.923	  5.10097e+06
364.949	  5.10201e+06
364.976	  5.10304e+06
365.003	  5.10408e+06
365.029	  5.10511e+06
365.056	  5.10615e+06
365.083	  5.10718e+06
365.11	  5.10821e+06
365.136	  5.10925e+06
365.163	  5.11028e+06
365.19	  5.11132e+06
365.216	  5.11235e+06
365.243	  5.11339e+06
365.27	  5.11442e+06
365.296	  5.11546e+06
365.323	  5.11649e+06
365.35	  5.11752e+06
365.377	  5.11856e+06
365.403	  5.11959e+06
365.43	  5.12063e+06
365.457	  5.12166e+06
365.483	  5.1227e+06
365.51	  5.12373e+06
365.537	  5.12476e+06
365.563	  5.1258e+06
365.59	  5.12683e+06
365.617	  5.12787e+06
365.643	  5.1289e+06
365.67	  5.12994e+06
365.697	  5.13097e+06
365.724	  5.132e+06
365.75	  5.13304e+06
365.777	  5.13407e+06
365.804	  5.13511e+06
365.83	  5.13614e+06
365.857	  5.13718e+06
365.884	  5.13821e+06
365.91	  5.13924e+06
365.937	  5.14028e+06
365.964	  5.14131e+06
365.991	  5.14235e+06
365.991	  5.14235e+06
366.258	  5.15269e+06
366.525	  5.16303e+06
366.792	  5.17337e+06
367.059	  5.18371e+06
367.326	  5.19405e+06
367.593	  5.20439e+06
367.86	  5.21473e+06
368.127	  5.22506e+06
368.394	  5.2354e+06
368.661	  5.24573e+06
368.928	  5.25607e+06
369.195	  5.2664e+06
369.462	  5.27673e+06
369.729	  5.28706e+06
369.996	  5.29739e+06
370.263	  5.30772e+06
370.53	  5.31805e+06
370.797	  5.32837e+06
371.064	  5.3387e+06
371.331	  5.34902e+06
371.598	  5.35934e+06
371.865	  5.36966e+06
372.132	  5.37998e+06
372.399	  5.3903e+06
372.666	  5.40062e+06
372.933	  5.41093e+06
373.2	  5.42124e+06
373.467	  5.43156e+06
373.734	  5.44186e+06
374.001	  5.45217e+06
374.268	  5.46248e+06
374.535	  5.47279e+06
374.802	  5.48309e+06
375.069	  5.49339e+06
375.336	  5.50369e+06
375.603	  5.51399e+06
375.87	  5.52428e+06
376.137	  5.53458e+06
376.404	  5.54487e+06
376.671	  5.55516e+06
376.938	  5.56544e+06
377.205	  5.57573e+06
377.472	  5.58601e+06
377.739	  5.59629e+06
378.006	  5.60657e+06
378.273	  5.61685e+06
378.54	  5.62712e+06
378.807	  5.6374e+06
379.074	  5.64767e+06
379.341	  5.65793e+06
379.608	  5.6682e+06
379.875	  5.67846e+06
380.142	  5.68872e+06
380.409	  5.69898e+06
380.676	  5.70924e+06
380.943	  5.71949e+06
381.21	  5.72974e+06
381.477	  5.73999e+06
381.744	  5.75023e+06
382.011	  5.76048e+06
382.278	  5.77072e+06
382.545	  5.78095e+06
382.812	  5.79119e+06
383.079	  5.80142e+06
383.346	  5.81165e+06
383.613	  5.82187e+06
383.88	  5.83209e+06
384.147	  5.84232e+06
384.414	  5.85253e+06
384.681	  5.86275e+06
384.948	  5.87296e+06
385.215	  5.88317e+06
385.482	  5.89337e+06
385.749	  5.90357e+06
386.016	  5.91377e+06
386.283	  5.92397e+06
386.55	  5.93416e+06
386.817	  5.94435e+06
387.084	  5.95453e+06
387.351	  5.96471e+06
387.618	  5.97489e+06
387.885	  5.98507e+06
388.152	  5.99524e+06
388.419	  6.00541e+06
388.686	  6.01558e+06
388.953	  6.02574e+06
389.22	  6.0359e+06
389.487	  6.04605e+06
389.754	  6.0562e+06
390.021	  6.06635e+06
390.288	  6.0765e+06
390.555	  6.08664e+06
390.822	  6.09677e+06
391.089	  6.10691e+06
391.356	  6.11703e+06
391.623	  6.12716e+06
391.89	  6.13728e+06
392.157	  6.1474e+06
392.424	  6.15751e+06
392.691	  6.16762e+06
392.958	  6.17773e+06
393.225	  6.18783e+06
393.492	  6.19793e+06
393.759	  6.20803e+06
394.026	  6.21811e+06
394.293	  6.2282e+06
394.56	  6.23828e+06
394.827	  6.24836e+06
395.094	  6.25844e+06
395.361	  6.26851e+06
395.628	  6.27857e+06
395.895	  6.28863e+06
396.162	  6.29869e+06
396.429	  6.30874e+06
396.696	  6.31879e+06
396.963	  6.32883e+06
397.23	  6.33887e+06
397.497	  6.34891e+06
397.764	  6.35894e+06
398.031	  6.36897e+06
398.298	  6.37899e+06
398.565	  6.389e+06
398.832	  6.39902e+06
399.099	  6.40903e+06
399.366	  6.41903e+06
399.633	  6.42903e+06
399.9	  6.43902e+06
400.167	  6.44901e+06
400.434	  6.459e+06
400.701	  6.46898e+06
400.968	  6.47896e+06
401.235	  6.48893e+06
401.502	  6.49889e+06
401.769	  6.50885e+06
402.036	  6.51881e+06
402.303	  6.52876e+06
402.57	  6.53871e+06
402.837	  6.54865e+06
403.104	  6.55859e+06
403.371	  6.56852e+06
403.638	  6.57844e+06
403.905	  6.58837e+06
404.172	  6.59828e+06
404.439	  6.6082e+06
404.706	  6.6181e+06
404.973	  6.628e+06
405.24	  6.6379e+06
405.507	  6.64779e+06
405.774	  6.65768e+06
406.041	  6.66756e+06
406.308	  6.67743e+06
406.575	  6.6873e+06
406.842	  6.69717e+06
407.109	  6.70703e+06
407.376	  6.71688e+06
407.643	  6.72673e+06
407.91	  6.73658e+06
408.177	  6.74641e+06
408.444	  6.75625e+06
408.711	  6.76607e+06
408.978	  6.77589e+06
409.245	  6.78571e+06
409.512	  6.79552e+06
409.779	  6.80533e+06
410.046	  6.81513e+06
410.313	  6.82492e+06
410.58	  6.83471e+06
410.847	  6.84449e+06
411.114	  6.85427e+06
411.381	  6.86404e+06
411.648	  6.8738e+06
411.915	  6.88356e+06
412.182	  6.89332e+06
412.449	  6.90307e+06
412.716	  6.91281e+06
412.983	  6.92254e+06
413.25	  6.93227e+06
413.517	  6.942e+06
413.784	  6.95172e+06
414.051	  6.96143e+06
414.318	  6.97114e+06
414.585	  6.98084e+06
414.852	  6.99053e+06
415.119	  7.00022e+06
415.386	  7.00991e+06
415.653	  7.01958e+06
415.92	  7.02925e+06
416.187	  7.03892e+06
416.454	  7.04858e+06
416.721	  7.05823e+06
416.988	  7.06788e+06
417.255	  7.07752e+06
417.522	  7.08715e+06
417.789	  7.09678e+06
418.056	  7.1064e+06
418.323	  7.11602e+06
418.59	  7.12562e+06
418.857	  7.13523e+06
419.124	  7.14482e+06
419.391	  7.15441e+06
419.658	  7.164e+06
419.925	  7.17357e+06
420.192	  7.18314e+06
420.459	  7.19271e+06
420.726	  7.20227e+06
420.993	  7.21182e+06
421.26	  7.22136e+06
421.527	  7.2309e+06
421.794	  7.24043e+06
422.061	  7.24996e+06
422.328	  7.25948e+06
422.595	  7.26899e+06
422.862	  7.27849e+06
423.129	  7.28799e+06
423.396	  7.29749e+06
423.663	  7.30697e+06
423.93	  7.31645e+06
424.197	  7.32592e+06
424.464	  7.33539e+06
424.731	  7.34485e+06
424.998	  7.3543e+06
425.265	  7.36374e+06
425.532	  7.37318e+06
425.799	  7.38261e+06
426.066	  7.39204e+06
426.333	  7.40145e+06
426.6	  7.41087e+06
426.867	  7.42027e+06
427.134	  7.42967e+06
427.401	  7.43906e+06
427.668	  7.44844e+06
427.935	  7.45782e+06
428.202	  7.46718e+06
428.469	  7.47655e+06
428.736	  7.4859e+06
429.003	  7.49525e+06
429.27	  7.50459e+06
429.537	  7.51392e+06
429.804	  7.52325e+06
430.071	  7.53257e+06
430.338	  7.54188e+06
430.605	  7.55119e+06
430.872	  7.56049e+06
431.139	  7.56978e+06
431.406	  7.57906e+06
431.673	  7.58834e+06
431.94	  7.59761e+06
432.207	  7.60687e+06
432.474	  7.61613e+06
432.741	  7.62537e+06
433.008	  7.63461e+06
433.275	  7.64385e+06
433.542	  7.65307e+06
433.809	  7.66229e+06
434.076	  7.6715e+06
434.343	  7.68071e+06
434.61	  7.6899e+06
434.877	  7.69909e+06
435.144	  7.70827e+06
435.411	  7.71745e+06
435.678	  7.72661e+06
435.945	  7.73577e+06
436.212	  7.74492e+06
436.479	  7.75407e+06
436.746	  7.7632e+06
437.013	  7.77233e+06
437.28	  7.78145e+06
437.547	  7.79057e+06
437.814	  7.79967e+06
438.081	  7.80877e+06
438.348	  7.81786e+06
438.615	  7.82694e+06
438.882	  7.83602e+06
439.149	  7.84509e+06
439.416	  7.85415e+06
439.683	  7.8632e+06
439.95	  7.87225e+06
440.217	  7.88128e+06
440.484	  7.89031e+06
440.751	  7.89933e+06
441.018	  7.90835e+06
441.285	  7.91735e+06
441.552	  7.92635e+06
441.819	  7.93534e+06
442.086	  7.94432e+06
442.353	  7.9533e+06
442.62	  7.96227e+06
442.887	  7.97122e+06
443.154	  7.98018e+06
443.421	  7.98912e+06
443.688	  7.99805e+06
443.955	  8.00698e+06
444.222	  8.0159e+06
444.489	  8.02481e+06
444.756	  8.03371e+06
445.023	  8.04261e+06
445.29	  8.0515e+06
445.557	  8.06038e+06
445.824	  8.06925e+06
446.091	  8.07811e+06
446.358	  8.08697e+06
446.625	  8.09581e+06
446.892	  8.10465e+06
447.159	  8.11348e+06
447.426	  8.12231e+06
447.693	  8.13112e+06
447.96	  8.13993e+06
448.227	  8.14873e+06
448.494	  8.15752e+06
448.761	  8.1663e+06
449.028	  8.17507e+06
449.295	  8.18384e+06
449.562	  8.1926e+06
449.829	  8.20135e+06
450.096	  8.21009e+06
450.363	  8.21882e+06
450.63	  8.22754e+06
450.897	  8.23626e+06
451.164	  8.24497e+06
451.431	  8.25367e+06
451.698	  8.26236e+06
451.965	  8.27104e+06
452.232	  8.27972e+06
452.499	  8.28838e+06
452.766	  8.29704e+06
453.033	  8.30569e+06
453.3	  8.31433e+06
453.567	  8.32297e+06
453.834	  8.33159e+06
454.101	  8.34021e+06
454.368	  8.34881e+06
454.635	  8.35741e+06
454.902	  8.366e+06
455.169	  8.37459e+06
455.436	  8.38316e+06
455.703	  8.39172e+06
455.97	  8.40028e+06
456.237	  8.40883e+06
456.504	  8.41737e+06
456.771	  8.4259e+06
457.038	  8.43442e+06
457.305	  8.44294e+06
457.572	  8.45144e+06
457.839	  8.45994e+06
458.106	  8.46843e+06
458.373	  8.47691e+06
458.64	  8.48538e+06
458.907	  8.49384e+06
459.174	  8.5023e+06
459.441	  8.51074e+06
459.708	  8.51918e+06
459.975	  8.52761e+06
460.242	  8.53603e+06
460.509	  8.54444e+06
460.776	  8.55284e+06
461.043	  8.56123e+06
461.31	  8.56962e+06
461.577	  8.57799e+06
461.844	  8.58636e+06
462.111	  8.59472e+06
462.378	  8.60307e+06
462.645	  8.61141e+06
462.912	  8.61974e+06
463.179	  8.62806e+06
463.446	  8.63638e+06
463.713	  8.64468e+06
463.98	  8.65298e+06
464.247	  8.66127e+06
464.514	  8.66955e+06
464.781	  8.67782e+06
465.048	  8.68608e+06
465.315	  8.69433e+06
465.582	  8.70258e+06
465.849	  8.71081e+06
466.116	  8.71904e+06
466.383	  8.72726e+06
466.65	  8.73547e+06
466.917	  8.74367e+06
467.184	  8.75186e+06
467.451	  8.76004e+06
467.718	  8.76821e+06
467.985	  8.77637e+06
468.252	  8.78453e+06
468.519	  8.79268e+06
468.786	  8.80081e+06
469.053	  8.80894e+06
469.32	  8.81706e+06
469.587	  8.82517e+06
469.854	  8.83327e+06
470.121	  8.84136e+06
470.388	  8.84945e+06
470.655	  8.85752e+06
470.922	  8.86558e+06
471.189	  8.87364e+06
471.456	  8.88169e+06
471.723	  8.88973e+06
471.99	  8.89776e+06
472.257	  8.90578e+06
472.524	  8.91379e+06
472.791	  8.92179e+06
473.058	  8.92978e+06
473.325	  8.93776e+06
473.592	  8.94574e+06
473.859	  8.9537e+06
474.126	  8.96166e+06
474.393	  8.96961e+06
474.66	  8.97754e+06
474.927	  8.98547e+06
475.194	  8.99339e+06
475.461	  9.0013e+06
475.728	  9.0092e+06
475.995	  9.0171e+06
476.262	  9.02498e+06
476.529	  9.03285e+06
476.796	  9.04072e+06
477.063	  9.04857e+06
477.33	  9.05642e+06
477.597	  9.06426e+06
477.864	  9.07208e+06
478.131	  9.0799e+06
478.398	  9.08771e+06
478.665	  9.09551e+06
478.932	  9.1033e+06
479.199	  9.11108e+06
479.466	  9.11886e+06
479.733	  9.12662e+06
480	  9.13437e+06
480.267	  9.14212e+06
480.534	  9.14985e+06
480.801	  9.15758e+06
481.068	  9.1653e+06
481.335	  9.173e+06
481.602	  9.1807e+06
481.869	  9.18839e+06
482.136	  9.19607e+06
482.403	  9.20374e+06
482.67	  9.2114e+06
482.937	  9.21905e+06
483.204	  9.22669e+06
483.471	  9.23433e+06
483.738	  9.24195e+06
484.005	  9.24956e+06
484.272	  9.25717e+06
484.539	  9.26476e+06
484.806	  9.27235e+06
485.073	  9.27993e+06
485.34	  9.28749e+06
485.607	  9.29505e+06
485.874	  9.3026e+06
486.141	  9.31014e+06
486.408	  9.31767e+06
486.675	  9.32519e+06
486.942	  9.3327e+06
487.209	  9.3402e+06
487.476	  9.34769e+06
487.743	  9.35518e+06
488.01	  9.36265e+06
488.277	  9.37011e+06
488.544	  9.37757e+06
488.811	  9.38501e+06
489.078	  9.39245e+06
489.345	  9.39987e+06
489.612	  9.40729e+06
489.879	  9.4147e+06
490.146	  9.42209e+06
490.413	  9.42948e+06
490.68	  9.43686e+06
490.947	  9.44423e+06
491.214	  9.45159e+06
491.481	  9.45894e+06
491.748	  9.46628e+06
492.015	  9.47361e+06
492.282	  9.48093e+06
492.549	  9.48825e+06
492.816	  9.49555e+06
493.083	  9.50284e+06
493.35	  9.51013e+06
493.617	  9.5174e+06
493.884	  9.52466e+06
494.151	  9.53192e+06
494.418	  9.53916e+06
494.685	  9.5464e+06
494.952	  9.55363e+06
495.219	  9.56084e+06
495.486	  9.56805e+06
495.753	  9.57525e+06
496.02	  9.58244e+06
496.287	  9.58962e+06
496.554	  9.59678e+06
496.821	  9.60394e+06
497.088	  9.61109e+06
497.355	  9.61823e+06
497.622	  9.62537e+06
497.889	  9.63249e+06
498.156	  9.6396e+06
498.423	  9.6467e+06
498.69	  9.65379e+06
498.957	  9.66088e+06
499.224	  9.66795e+06
499.491	  9.67501e+06
499.758	  9.68207e+06
500.025	  9.68911e+06
500.292	  9.69615e+06
500.559	  9.70317e+06
500.826	  9.71019e+06
501.093	  9.71719e+06
501.36	  9.72419e+06
501.627	  9.73118e+06
501.894	  9.73815e+06
502.161	  9.74512e+06
502.428	  9.75208e+06
502.695	  9.75903e+06
502.962	  9.76597e+06
503.229	  9.7729e+06
503.496	  9.77982e+06
503.763	  9.78672e+06
504.03	  9.79363e+06
504.297	  9.80052e+06
504.564	  9.8074e+06
504.831	  9.81427e+06
505.098	  9.82113e+06
505.365	  9.82798e+06
505.632	  9.83482e+06
505.899	  9.84166e+06
506.166	  9.84848e+06
506.433	  9.85529e+06
506.7	  9.8621e+06
506.967	  9.86889e+06
507.234	  9.87567e+06
507.501	  9.88245e+06
507.768	  9.88921e+06
508.035	  9.89597e+06
508.302	  9.90272e+06
508.569	  9.90945e+06
508.836	  9.91618e+06
509.103	  9.9229e+06
509.37	  9.9296e+06
509.637	  9.9363e+06
509.904	  9.94299e+06
510.171	  9.94966e+06
510.438	  9.95633e+06
510.705	  9.96299e+06
510.972	  9.96964e+06
511.239	  9.97628e+06
511.506	  9.98291e+06
511.773	  9.98953e+06
512.04	  9.99614e+06
512.307	  1.00027e+07
512.574	  1.00093e+07
512.841	  1.00159e+07
513.108	  1.00225e+07
513.375	  1.0029e+07
513.642	  1.00356e+07
513.909	  1.00421e+07
514.176	  1.00487e+07
514.443	  1.00552e+07
514.71	  1.00617e+07
514.977	  1.00682e+07
515.244	  1.00747e+07
515.511	  1.00812e+07
515.778	  1.00877e+07
516.045	  1.00941e+07
516.312	  1.01006e+07
516.579	  1.0107e+07
516.846	  1.01135e+07
517.113	  1.01199e+07
517.38	  1.01263e+07
517.647	  1.01327e+07
517.914	  1.01391e+07
518.181	  1.01455e+07
518.448	  1.01519e+07
518.715	  1.01582e+07
518.982	  1.01646e+07
519.249	  1.01709e+07
519.516	  1.01773e+07
519.783	  1.01836e+07
520.05	  1.01899e+07
520.317	  1.01962e+07
520.584	  1.02025e+07
520.851	  1.02088e+07
521.118	  1.02151e+07
521.385	  1.02214e+07
521.652	  1.02276e+07
521.919	  1.02339e+07
522.186	  1.02401e+07
522.453	  1.02464e+07
522.72	  1.02526e+07
522.987	  1.02588e+07
523.254	  1.0265e+07
523.521	  1.02712e+07
523.788	  1.02774e+07
524.055	  1.02835e+07
524.322	  1.02897e+07
524.589	  1.02959e+07
524.856	  1.0302e+07
525.123	  1.03081e+07
525.39	  1.03143e+07
525.657	  1.03204e+07
525.924	  1.03265e+07
526.191	  1.03326e+07
526.458	  1.03387e+07
526.725	  1.03447e+07
526.992	  1.03508e+07
527.259	  1.03569e+07
527.526	  1.03629e+07
527.793	  1.0369e+07
528.06	  1.0375e+07
528.327	  1.0381e+07
528.594	  1.0387e+07
528.861	  1.0393e+07
529.128	  1.0399e+07
529.395	  1.0405e+07
529.662	  1.04109e+07
529.929	  1.04169e+07
530.196	  1.04229e+07
530.463	  1.04288e+07
530.73	  1.04347e+07
530.997	  1.04406e+07
531.264	  1.04466e+07
531.531	  1.04525e+07
531.798	  1.04584e+07
532.065	  1.04642e+07
532.332	  1.04701e+07
532.599	  1.0476e+07
532.866	  1.04818e+07
533.133	  1.04877e+07
533.4	  1.04935e+07
533.667	  1.04993e+07
533.934	  1.05051e+07
534.201	  1.05109e+07
534.468	  1.05167e+07
534.735	  1.05225e+07
535.002	  1.05283e+07
535.269	  1.05341e+07
535.536	  1.05398e+07
535.803	  1.05456e+07
536.07	  1.05513e+07
536.337	  1.0557e+07
536.604	  1.05628e+07
536.871	  1.05685e+07
537.138	  1.05742e+07
537.405	  1.05798e+07
537.672	  1.05855e+07
537.939	  1.05912e+07
538.206	  1.05969e+07
538.473	  1.06025e+07
538.74	  1.06081e+07
539.007	  1.06138e+07
539.274	  1.06194e+07
539.541	  1.0625e+07
539.808	  1.06306e+07
540.075	  1.06362e+07
540.342	  1.06418e+07
540.609	  1.06474e+07
540.876	  1.06529e+07
541.143	  1.06585e+07
541.41	  1.0664e+07
541.677	  1.06696e+07
541.944	  1.06751e+07
542.211	  1.06806e+07
542.478	  1.06861e+07
542.745	  1.06916e+07
543.012	  1.06971e+07
543.279	  1.07026e+07
543.546	  1.0708e+07
543.813	  1.07135e+07
544.08	  1.07189e+07
544.347	  1.07244e+07
544.614	  1.07298e+07
544.881	  1.07352e+07
545.148	  1.07406e+07
545.415	  1.0746e+07
545.682	  1.07514e+07
545.949	  1.07568e+07
546.216	  1.07622e+07
546.483	  1.07675e+07
546.75	  1.07729e+07
547.017	  1.07782e+07
547.284	  1.07836e+07
547.551	  1.07889e+07
547.818	  1.07942e+07
548.085	  1.07995e+07
548.352	  1.08048e+07
548.619	  1.08101e+07
548.886	  1.08153e+07
549.153	  1.08206e+07
549.42	  1.08259e+07
549.687	  1.08311e+07
549.954	  1.08364e+07
550.221	  1.08416e+07
550.488	  1.08468e+07
550.755	  1.0852e+07
551.022	  1.08572e+07
551.289	  1.08624e+07
551.556	  1.08676e+07
551.823	  1.08727e+07
552.09	  1.08779e+07
552.357	  1.08831e+07
552.624	  1.08882e+07
552.891	  1.08933e+07
553.158	  1.08985e+07
553.425	  1.09036e+07
553.692	  1.09087e+07
553.959	  1.09138e+07
554.226	  1.09188e+07
554.493	  1.09239e+07
554.76	  1.0929e+07
555.027	  1.0934e+07
555.294	  1.09391e+07
555.561	  1.09441e+07
555.828	  1.09492e+07
556.095	  1.09542e+07
556.362	  1.09592e+07
556.629	  1.09642e+07
556.896	  1.09692e+07
557.163	  1.09742e+07
557.43	  1.09791e+07
557.697	  1.09841e+07
557.964	  1.0989e+07
558.231	  1.0994e+07
558.498	  1.09989e+07
558.765	  1.10038e+07
559.032	  1.10087e+07
559.299	  1.10136e+07
559.566	  1.10185e+07
560.009	  1.10266e+07
560.296	  1.10319e+07
560.583	  1.10371e+07
560.87	  1.10423e+07
561.157	  1.10475e+07
561.444	  1.10527e+07
561.731	  1.10579e+07
562.018	  1.10631e+07
562.305	  1.10682e+07
562.592	  1.10734e+07
562.879	  1.10785e+07
563.166	  1.10836e+07
563.453	  1.10887e+07
563.74	  1.10938e+07
564.027	  1.10989e+07
564.314	  1.1104e+07
564.601	  1.11091e+07
564.888	  1.11142e+07
565.175	  1.11192e+07
565.462	  1.11242e+07
565.749	  1.11293e+07
566.036	  1.11343e+07
566.323	  1.11393e+07
566.61	  1.11443e+07
566.897	  1.11493e+07
567.184	  1.11542e+07
567.471	  1.11592e+07
567.758	  1.11642e+07
568.045	  1.11691e+07
568.332	  1.1174e+07
568.619	  1.1179e+07
568.906	  1.11839e+07
569.193	  1.11888e+07
569.48	  1.11937e+07
569.767	  1.11985e+07
570.054	  1.12034e+07
570.341	  1.12082e+07
570.628	  1.12131e+07
570.915	  1.12179e+07
571.202	  1.12228e+07
571.489	  1.12276e+07
571.776	  1.12324e+07
572.063	  1.12372e+07
572.35	  1.12419e+07
572.637	  1.12467e+07
572.924	  1.12515e+07
573.211	  1.12562e+07
573.498	  1.1261e+07
573.785	  1.12657e+07
574.072	  1.12704e+07
574.359	  1.12751e+07
574.646	  1.12798e+07
574.933	  1.12845e+07
575.22	  1.12892e+07
575.507	  1.12938e+07
575.794	  1.12985e+07
576.081	  1.13031e+07
576.368	  1.13078e+07
576.655	  1.13124e+07
576.942	  1.1317e+07
577.229	  1.13216e+07
577.516	  1.13262e+07
577.803	  1.13308e+07
578.09	  1.13353e+07
578.377	  1.13399e+07
578.664	  1.13444e+07
578.951	  1.1349e+07
579.238	  1.13535e+07
579.525	  1.1358e+07
579.812	  1.13625e+07
580.099	  1.1367e+07
580.386	  1.13715e+07
580.673	  1.1376e+07
580.96	  1.13804e+07
581.247	  1.13849e+07
581.534	  1.13893e+07
581.821	  1.13937e+07
582.108	  1.13982e+07
582.395	  1.14026e+07
582.682	  1.1407e+07
582.969	  1.14114e+07
583.256	  1.14157e+07
583.543	  1.14201e+07
583.83	  1.14245e+07
584.117	  1.14288e+07
584.404	  1.14332e+07
584.691	  1.14375e+07
584.978	  1.14418e+07
585.265	  1.14461e+07
585.552	  1.14504e+07
585.839	  1.14547e+07
586.126	  1.1459e+07
586.413	  1.14632e+07
586.7	  1.14675e+07
586.987	  1.14717e+07
587.274	  1.14759e+07
587.561	  1.14802e+07
587.848	  1.14844e+07
588.135	  1.14886e+07
588.422	  1.14928e+07
588.709	  1.1497e+07
588.996	  1.15011e+07
589.283	  1.15053e+07
589.57	  1.15094e+07
589.857	  1.15136e+07
590.144	  1.15177e+07
590.431	  1.15218e+07
590.718	  1.15259e+07
591.005	  1.153e+07
591.292	  1.15341e+07
591.579	  1.15382e+07
591.866	  1.15423e+07
592.153	  1.15463e+07
592.44	  1.15504e+07
592.727	  1.15544e+07
593.014	  1.15584e+07
593.301	  1.15624e+07
593.588	  1.15664e+07
593.875	  1.15704e+07
594.162	  1.15744e+07
594.449	  1.15784e+07
594.736	  1.15824e+07
595.023	  1.15863e+07
595.31	  1.15903e+07
595.597	  1.15942e+07
595.884	  1.15981e+07
596.171	  1.1602e+07
596.458	  1.16059e+07
596.745	  1.16098e+07
597.032	  1.16137e+07
597.319	  1.16176e+07
597.606	  1.16215e+07
597.893	  1.16253e+07
598.18	  1.16292e+07
598.467	  1.1633e+07
598.754	  1.16368e+07
599.041	  1.16406e+07
599.328	  1.16444e+07
599.615	  1.16482e+07
599.902	  1.1652e+07
600.189	  1.16558e+07
600.476	  1.16595e+07
600.763	  1.16633e+07
601.05	  1.1667e+07
601.337	  1.16708e+07
601.624	  1.16745e+07
601.911	  1.16782e+07
602.198	  1.16819e+07
602.485	  1.16856e+07
602.772	  1.16893e+07
603.059	  1.16929e+07
603.346	  1.16966e+07
603.633	  1.17003e+07
603.92	  1.17039e+07
604.207	  1.17075e+07
604.494	  1.17111e+07
604.781	  1.17148e+07
605.068	  1.17184e+07
605.355	  1.1722e+07
605.642	  1.17255e+07
605.929	  1.17291e+07
606.216	  1.17327e+07
606.503	  1.17362e+07
606.79	  1.17398e+07
607.077	  1.17433e+07
607.364	  1.17468e+07
607.651	  1.17503e+07
607.938	  1.17538e+07
608.225	  1.17573e+07
608.512	  1.17608e+07
608.799	  1.17643e+07
609.086	  1.17677e+07
609.373	  1.17712e+07
609.66	  1.17746e+07
609.947	  1.17781e+07
610.234	  1.17815e+07
610.521	  1.17849e+07
610.808	  1.17883e+07
611.095	  1.17917e+07
611.382	  1.17951e+07
611.669	  1.17985e+07
611.956	  1.18018e+07
612.243	  1.18052e+07
612.53	  1.18085e+07
612.817	  1.18119e+07
613.104	  1.18152e+07
613.391	  1.18185e+07
613.678	  1.18218e+07
613.965	  1.18251e+07
614.252	  1.18284e+07
614.539	  1.18317e+07
614.826	  1.18349e+07
615.113	  1.18382e+07
615.4	  1.18414e+07
615.687	  1.18447e+07
615.974	  1.18479e+07
616.261	  1.18511e+07
616.548	  1.18543e+07
616.835	  1.18575e+07
617.122	  1.18607e+07
617.409	  1.18639e+07
617.696	  1.18671e+07
617.983	  1.18702e+07
618.27	  1.18734e+07
618.557	  1.18765e+07
618.844	  1.18797e+07
619.131	  1.18828e+07
619.418	  1.18859e+07
619.705	  1.1889e+07
619.992	  1.18921e+07
620.279	  1.18952e+07
620.566	  1.18983e+07
620.853	  1.19013e+07
621.14	  1.19044e+07
621.427	  1.19074e+07
621.714	  1.19105e+07
622.001	  1.19135e+07
622.288	  1.19165e+07
622.575	  1.19195e+07
622.862	  1.19225e+07
623.149	  1.19255e+07
623.436	  1.19285e+07
623.723	  1.19314e+07
624.01	  1.19344e+07
624.297	  1.19374e+07
624.584	  1.19403e+07
624.871	  1.19432e+07
625.158	  1.19462e+07
625.445	  1.19491e+07
625.732	  1.1952e+07
626.019	  1.19549e+07
626.306	  1.19578e+07
626.593	  1.19606e+07
626.88	  1.19635e+07
627.167	  1.19664e+07
627.454	  1.19692e+07
627.741	  1.1972e+07
628.028	  1.19749e+07
628.315	  1.19777e+07
628.602	  1.19805e+07
628.889	  1.19833e+07
629.176	  1.19861e+07
629.463	  1.19889e+07
629.75	  1.19916e+07
630.037	  1.19944e+07
630.324	  1.19972e+07
630.611	  1.19999e+07
630.898	  1.20026e+07
631.185	  1.20054e+07
631.472	  1.20081e+07
631.759	  1.20108e+07
632.046	  1.20135e+07
632.333	  1.20162e+07
632.62	  1.20189e+07
632.907	  1.20215e+07
633.194	  1.20242e+07
633.481	  1.20268e+07
633.768	  1.20295e+07
634.055	  1.20321e+07
634.342	  1.20347e+07
634.629	  1.20374e+07
634.916	  1.204e+07
635.203	  1.20426e+07
635.49	  1.20452e+07
635.777	  1.20477e+07
636.064	  1.20503e+07
636.351	  1.20529e+07
636.638	  1.20554e+07
636.925	  1.2058e+07
637.212	  1.20605e+07
637.499	  1.2063e+07
637.786	  1.20655e+07
638.073	  1.2068e+07
638.36	  1.20705e+07
638.647	  1.2073e+07
638.934	  1.20755e+07
639.221	  1.2078e+07
639.508	  1.20804e+07
639.795	  1.20829e+07
640.082	  1.20853e+07
640.369	  1.20878e+07
640.656	  1.20902e+07
640.943	  1.20926e+07
641.23	  1.2095e+07
641.517	  1.20974e+07
641.804	  1.20998e+07
642.091	  1.21022e+07
642.378	  1.21046e+07
642.665	  1.21069e+07
642.952	  1.21093e+07
643.239	  1.21116e+07
643.526	  1.21139e+07
643.813	  1.21163e+07
644.1	  1.21186e+07
644.387	  1.21209e+07
644.674	  1.21232e+07
644.961	  1.21255e+07
645.248	  1.21278e+07
645.535	  1.213e+07
645.822	  1.21323e+07
646.109	  1.21346e+07
646.396	  1.21368e+07
646.683	  1.2139e+07
646.97	  1.21413e+07
647.257	  1.21435e+07
647.544	  1.21457e+07
647.831	  1.21479e+07
648.118	  1.21501e+07
648.405	  1.21523e+07
648.692	  1.21545e+07
648.979	  1.21566e+07
649.266	  1.21588e+07
649.553	  1.21609e+07
649.84	  1.21631e+07
650.127	  1.21652e+07
650.414	  1.21673e+07
650.701	  1.21695e+07
650.988	  1.21716e+07
651.275	  1.21737e+07
651.562	  1.21758e+07
651.849	  1.21778e+07
652.136	  1.21799e+07
652.423	  1.2182e+07
652.71	  1.2184e+07
652.997	  1.21861e+07
653.284	  1.21881e+07
653.571	  1.21901e+07
653.858	  1.21922e+07
654.145	  1.21942e+07
654.432	  1.21962e+07
654.719	  1.21982e+07
655.006	  1.22001e+07
655.293	  1.22021e+07
655.58	  1.22041e+07
655.867	  1.22061e+07
656.154	  1.2208e+07
656.441	  1.22099e+07
656.728	  1.22119e+07
657.015	  1.22138e+07
657.302	  1.22157e+07
657.589	  1.22176e+07
657.876	  1.22195e+07
658.163	  1.22214e+07
658.45	  1.22233e+07
658.737	  1.22252e+07
659.024	  1.2227e+07
659.311	  1.22289e+07
659.598	  1.22308e+07
659.885	  1.22326e+07
660.172	  1.22344e+07
660.459	  1.22363e+07
660.746	  1.22381e+07
661.033	  1.22399e+07
661.32	  1.22417e+07
661.607	  1.22435e+07
661.894	  1.22452e+07
662.181	  1.2247e+07
662.468	  1.22488e+07
662.755	  1.22505e+07
663.042	  1.22523e+07
663.329	  1.2254e+07
663.616	  1.22558e+07
663.903	  1.22575e+07
664.19	  1.22592e+07
664.477	  1.22609e+07
664.764	  1.22626e+07
665.051	  1.22643e+07
665.338	  1.2266e+07
665.625	  1.22677e+07
665.912	  1.22693e+07
666.199	  1.2271e+07
666.486	  1.22726e+07
666.773	  1.22743e+07
667.06	  1.22759e+07
667.347	  1.22775e+07
667.634	  1.22791e+07
667.921	  1.22807e+07
668.208	  1.22823e+07
668.495	  1.22839e+07
668.782	  1.22855e+07
669.069	  1.22871e+07
669.356	  1.22887e+07
669.643	  1.22902e+07
669.93	  1.22918e+07
670.217	  1.22933e+07
670.504	  1.22948e+07
670.791	  1.22964e+07
671.078	  1.22979e+07
671.365	  1.22994e+07
671.652	  1.23009e+07
671.939	  1.23024e+07
672.226	  1.23039e+07
672.513	  1.23054e+07
672.8	  1.23068e+07
673.087	  1.23083e+07
673.374	  1.23097e+07
673.661	  1.23112e+07
673.948	  1.23126e+07
674.235	  1.23141e+07
674.522	  1.23155e+07
674.809	  1.23169e+07
675.096	  1.23183e+07
675.383	  1.23197e+07
675.67	  1.23211e+07
675.957	  1.23225e+07
676.244	  1.23238e+07
676.531	  1.23252e+07
676.818	  1.23266e+07
677.105	  1.23279e+07
677.392	  1.23293e+07
677.679	  1.23306e+07
677.966	  1.23319e+07
678.253	  1.23332e+07
678.54	  1.23345e+07
678.827	  1.23358e+07
679.114	  1.23371e+07
679.401	  1.23384e+07
679.688	  1.23397e+07
679.975	  1.2341e+07
680.262	  1.23422e+07
680.549	  1.23435e+07
680.836	  1.23447e+07
681.123	  1.2346e+07
681.41	  1.23472e+07
681.697	  1.23484e+07
681.984	  1.23497e+07
682.271	  1.23509e+07
682.558	  1.23521e+07
682.845	  1.23533e+07
683.132	  1.23544e+07
683.419	  1.23556e+07
683.706	  1.23568e+07
683.993	  1.2358e+07
684.28	  1.23591e+07
684.567	  1.23603e+07
684.854	  1.23614e+07
685.141	  1.23625e+07
685.428	  1.23636e+07
685.715	  1.23648e+07
686.002	  1.23659e+07
686.289	  1.2367e+07
686.576	  1.23681e+07
686.863	  1.23691e+07
687.15	  1.23702e+07
687.437	  1.23713e+07
687.724	  1.23724e+07
688.011	  1.23734e+07
688.298	  1.23745e+07
688.585	  1.23755e+07
688.872	  1.23765e+07
689.159	  1.23776e+07
689.446	  1.23786e+07
689.733	  1.23796e+07
690.02	  1.23806e+07
690.307	  1.23816e+07
690.594	  1.23826e+07
690.881	  1.23835e+07
691.168	  1.23845e+07
691.455	  1.23855e+07
691.742	  1.23864e+07
692.029	  1.23874e+07
692.316	  1.23883e+07
692.603	  1.23893e+07
692.89	  1.23902e+07
693.177	  1.23911e+07
693.464	  1.2392e+07
693.751	  1.23929e+07
694.038	  1.23938e+07
694.325	  1.23947e+07
694.612	  1.23956e+07
694.899	  1.23965e+07
695.186	  1.23973e+07
695.473	  1.23982e+07
695.76	  1.2399e+07
696.047	  1.23999e+07
696.334	  1.24007e+07
696.621	  1.24015e+07
696.908	  1.24024e+07
697.195	  1.24032e+07
697.482	  1.2404e+07
697.769	  1.24048e+07
698.056	  1.24056e+07
698.343	  1.24064e+07
698.63	  1.24072e+07
698.917	  1.24079e+07
699.204	  1.24087e+07
699.491	  1.24094e+07
699.778	  1.24102e+07
700.065	  1.24109e+07
700.352	  1.24117e+07
700.639	  1.24124e+07
700.926	  1.24131e+07
701.213	  1.24138e+07
701.5	  1.24145e+07
701.787	  1.24152e+07
702.074	  1.24159e+07
702.361	  1.24166e+07
702.648	  1.24173e+07
702.935	  1.2418e+07
703.222	  1.24186e+07
703.509	  1.24193e+07
703.796	  1.24199e+07
704.083	  1.24206e+07
704.37	  1.24212e+07
704.657	  1.24218e+07
704.944	  1.24225e+07
705.231	  1.24231e+07
705.518	  1.24237e+07
705.805	  1.24243e+07
706.092	  1.24249e+07
706.379	  1.24254e+07
706.666	  1.2426e+07
706.953	  1.24266e+07
707.24	  1.24272e+07
707.527	  1.24277e+07
707.814	  1.24283e+07
708.101	  1.24288e+07
708.388	  1.24293e+07
708.675	  1.24299e+07
708.962	  1.24304e+07
709.249	  1.24309e+07
709.536	  1.24314e+07
709.823	  1.24319e+07
710.11	  1.24324e+07
710.397	  1.24329e+07
710.684	  1.24334e+07
710.971	  1.24339e+07
711.258	  1.24343e+07
711.545	  1.24348e+07
711.832	  1.24352e+07
712.119	  1.24357e+07
712.406	  1.24361e+07
712.693	  1.24365e+07
712.98	  1.2437e+07
713.267	  1.24374e+07
713.554	  1.24378e+07
713.841	  1.24382e+07
714.128	  1.24386e+07
714.415	  1.2439e+07
714.702	  1.24394e+07
714.989	  1.24397e+07
715.276	  1.24401e+07
715.563	  1.24405e+07
715.85	  1.24408e+07
716.137	  1.24412e+07
716.424	  1.24415e+07
716.711	  1.24419e+07
716.998	  1.24422e+07
717.285	  1.24425e+07
717.572	  1.24428e+07
717.859	  1.24431e+07
718.146	  1.24434e+07
718.433	  1.24437e+07
718.72	  1.2444e+07
719.007	  1.24443e+07
719.294	  1.24446e+07
719.581	  1.24448e+07
719.868	  1.24451e+07
720.155	  1.24454e+07
720.442	  1.24456e+07
720.729	  1.24459e+07
721.016	  1.24461e+07
721.303	  1.24463e+07
721.59	  1.24465e+07
721.877	  1.24468e+07
722.164	  1.2447e+07
722.451	  1.24472e+07
722.738	  1.24474e+07
723.025	  1.24475e+07
723.312	  1.24477e+07
723.599	  1.24479e+07
723.886	  1.24481e+07
724.173	  1.24482e+07
724.46	  1.24484e+07
724.747	  1.24485e+07
725.034	  1.24487e+07
725.321	  1.24488e+07
725.608	  1.2449e+07
725.895	  1.24491e+07
726.182	  1.24492e+07
726.469	  1.24493e+07
726.756	  1.24494e+07
727.043	  1.24495e+07
727.33	  1.24496e+07
727.617	  1.24497e+07
727.904	  1.24498e+07
728.191	  1.24498e+07
728.478	  1.24499e+07
728.765	  1.24499e+07
729.052	  1.245e+07
729.339	  1.245e+07
729.626	  1.24501e+07
729.913	  1.24501e+07
730.2	  1.24501e+07
730.487	  1.24502e+07
730.774	  1.24502e+07
731.061	  1.24502e+07
731.348	  1.24502e+07
731.635	  1.24502e+07
731.922	  1.24502e+07
732.209	  1.24502e+07
732.496	  1.24501e+07
732.783	  1.24501e+07
733.07	  1.24501e+07
733.357	  1.245e+07
733.644	  1.245e+07
733.931	  1.24499e+07
734.218	  1.24499e+07
734.505	  1.24498e+07
734.792	  1.24497e+07
735.079	  1.24496e+07
735.366	  1.24495e+07
735.653	  1.24494e+07
735.94	  1.24493e+07
736.227	  1.24492e+07
736.514	  1.24491e+07
736.801	  1.2449e+07
737.088	  1.24489e+07
737.375	  1.24488e+07
737.662	  1.24486e+07
737.949	  1.24485e+07
738.236	  1.24483e+07
738.523	  1.24482e+07
738.81	  1.2448e+07
739.097	  1.24478e+07
739.384	  1.24477e+07
739.671	  1.24475e+07
739.958	  1.24473e+07
740.245	  1.24471e+07
740.532	  1.24469e+07
740.819	  1.24467e+07
741.106	  1.24465e+07
741.393	  1.24463e+07
741.68	  1.24461e+07
741.967	  1.24458e+07
742.254	  1.24456e+07
742.541	  1.24454e+07
742.828	  1.24451e+07
743.115	  1.24449e+07
743.402	  1.24446e+07
743.689	  1.24443e+07
743.976	  1.24441e+07
744.263	  1.24438e+07
744.55	  1.24435e+07
744.837	  1.24432e+07
745.124	  1.24429e+07
745.411	  1.24426e+07
745.698	  1.24423e+07
745.985	  1.2442e+07
746.272	  1.24417e+07
746.559	  1.24414e+07
746.846	  1.2441e+07
747.133	  1.24407e+07
747.42	  1.24403e+07
747.707	  1.244e+07
747.994	  1.24396e+07
748.281	  1.24393e+07
748.568	  1.24389e+07
748.855	  1.24385e+07
749.142	  1.24382e+07
749.429	  1.24378e+07
749.716	  1.24374e+07
750.003	  1.2437e+07
750.29	  1.24366e+07
750.577	  1.24362e+07
750.864	  1.24358e+07
751.151	  1.24354e+07
751.438	  1.24349e+07
751.725	  1.24345e+07
752.012	  1.24341e+07
752.299	  1.24336e+07
752.586	  1.24332e+07
752.873	  1.24327e+07
753.16	  1.24323e+07
753.447	  1.24318e+07
753.734	  1.24313e+07
754.021	  1.24309e+07
754.308	  1.24304e+07
754.595	  1.24299e+07
754.882	  1.24294e+07
755.169	  1.24289e+07
755.456	  1.24284e+07
755.743	  1.24279e+07
756.03	  1.24274e+07
756.317	  1.24268e+07
756.604	  1.24263e+07
756.891	  1.24258e+07
757.178	  1.24252e+07
757.465	  1.24247e+07
757.752	  1.24242e+07
758.039	  1.24236e+07
758.326	  1.2423e+07
758.613	  1.24225e+07
758.9	  1.24219e+07
759.187	  1.24213e+07
759.474	  1.24207e+07
759.761	  1.24201e+07
760.048	  1.24195e+07
760.335	  1.24189e+07
760.622	  1.24183e+07
760.909	  1.24177e+07
761.196	  1.24171e+07
761.483	  1.24165e+07
761.77	  1.24159e+07
762.057	  1.24152e+07
762.344	  1.24146e+07
762.631	  1.24139e+07
762.918	  1.24133e+07
763.205	  1.24126e+07
763.492	  1.2412e+07
763.779	  1.24113e+07
764.066	  1.24106e+07
764.353	  1.241e+07
764.64	  1.24093e+07
764.927	  1.24086e+07
765.214	  1.24079e+07
765.501	  1.24072e+07
765.788	  1.24065e+07
766.075	  1.24058e+07
766.362	  1.24051e+07
766.649	  1.24044e+07
766.936	  1.24036e+07
767.223	  1.24029e+07
767.51	  1.24022e+07
767.797	  1.24014e+07
768.084	  1.24007e+07
768.371	  1.23999e+07
768.658	  1.23992e+07
768.945	  1.23984e+07
769.232	  1.23976e+07
769.519	  1.23968e+07
769.806	  1.23961e+07
770.093	  1.23953e+07
770.38	  1.23945e+07
770.667	  1.23937e+07
770.954	  1.23929e+07
771.241	  1.23921e+07
771.528	  1.23913e+07
771.815	  1.23905e+07
772.102	  1.23896e+07
772.389	  1.23888e+07
772.676	  1.2388e+07
772.963	  1.23871e+07
773.25	  1.23863e+07
773.537	  1.23855e+07
773.824	  1.23846e+07
774.111	  1.23837e+07
774.398	  1.23829e+07
774.685	  1.2382e+07
774.972	  1.23811e+07
775.259	  1.23803e+07
775.546	  1.23794e+07
775.833	  1.23785e+07
776.12	  1.23776e+07
776.407	  1.23767e+07
776.694	  1.23758e+07
776.981	  1.23749e+07
777.268	  1.2374e+07
777.555	  1.2373e+07
777.842	  1.23721e+07
778.129	  1.23712e+07
778.416	  1.23702e+07
778.703	  1.23693e+07
778.99	  1.23684e+07
779.277	  1.23674e+07
779.564	  1.23665e+07
779.851	  1.23655e+07
780.138	  1.23645e+07
780.425	  1.23636e+07
780.712	  1.23626e+07
780.999	  1.23616e+07
781.286	  1.23606e+07
781.573	  1.23596e+07
781.86	  1.23586e+07
782.147	  1.23576e+07
782.434	  1.23566e+07
782.721	  1.23556e+07
783.008	  1.23546e+07
783.295	  1.23536e+07
783.582	  1.23525e+07
783.869	  1.23515e+07
784.156	  1.23505e+07
784.443	  1.23494e+07
784.73	  1.23484e+07
785.017	  1.23473e+07
785.304	  1.23463e+07
785.591	  1.23452e+07
785.878	  1.23442e+07
786.165	  1.23431e+07
786.452	  1.2342e+07
786.739	  1.23409e+07
787.026	  1.23398e+07
787.313	  1.23388e+07
787.6	  1.23377e+07
787.887	  1.23366e+07
788.174	  1.23355e+07
788.461	  1.23344e+07
788.748	  1.23332e+07
789.035	  1.23321e+07
789.322	  1.2331e+07
789.609	  1.23299e+07
789.896	  1.23287e+07
790.183	  1.23276e+07
790.47	  1.23265e+07
790.757	  1.23253e+07
791.044	  1.23242e+07
791.331	  1.2323e+07
791.618	  1.23218e+07
791.905	  1.23207e+07
792.192	  1.23195e+07
792.479	  1.23183e+07
792.766	  1.23171e+07
793.053	  1.2316e+07
793.34	  1.23148e+07
793.627	  1.23136e+07
793.914	  1.23124e+07
794.201	  1.23112e+07
794.488	  1.231e+07
794.775	  1.23087e+07
795.062	  1.23075e+07
795.349	  1.23063e+07
795.636	  1.23051e+07
795.923	  1.23038e+07
796.21	  1.23026e+07
796.497	  1.23014e+07
796.784	  1.23001e+07
797.071	  1.22989e+07
797.358	  1.22976e+07
797.645	  1.22963e+07
797.932	  1.22951e+07
798.219	  1.22938e+07
798.506	  1.22925e+07
798.793	  1.22913e+07
799.08	  1.229e+07
799.367	  1.22887e+07
799.654	  1.22874e+07
799.941	  1.22861e+07
800.228	  1.22848e+07
800.515	  1.22835e+07
800.802	  1.22822e+07
801.089	  1.22809e+07
801.376	  1.22795e+07
801.663	  1.22782e+07
801.95	  1.22769e+07
802.237	  1.22756e+07
802.524	  1.22742e+07
802.811	  1.22729e+07
803.098	  1.22715e+07
803.385	  1.22702e+07
803.672	  1.22688e+07
803.959	  1.22675e+07
804.246	  1.22661e+07
804.533	  1.22647e+07
804.82	  1.22634e+07
805.107	  1.2262e+07
805.394	  1.22606e+07
805.681	  1.22592e+07
805.968	  1.22578e+07
806.255	  1.22564e+07
806.542	  1.2255e+07
806.829	  1.22536e+07
807.116	  1.22522e+07
807.403	  1.22508e+07
807.69	  1.22494e+07
807.977	  1.2248e+07
808.264	  1.22465e+07
808.551	  1.22451e+07
808.838	  1.22437e+07
809.125	  1.22422e+07
809.412	  1.22408e+07
809.699	  1.22393e+07
809.986	  1.22379e+07
810.273	  1.22364e+07
810.56	  1.2235e+07
810.847	  1.22335e+07
811.134	  1.2232e+07
811.421	  1.22306e+07
811.708	  1.22291e+07
811.995	  1.22276e+07
812.282	  1.22261e+07
812.569	  1.22246e+07
812.856	  1.22231e+07
813.143	  1.22216e+07
813.43	  1.22201e+07
813.717	  1.22186e+07
814.004	  1.22171e+07
814.291	  1.22156e+07
814.578	  1.22141e+07
814.865	  1.22126e+07
815.152	  1.2211e+07
815.439	  1.22095e+07
815.726	  1.2208e+07
816.013	  1.22064e+07
816.3	  1.22049e+07
816.587	  1.22033e+07
816.874	  1.22018e+07
817.161	  1.22002e+07
817.448	  1.21986e+07
817.735	  1.21971e+07
818.022	  1.21955e+07
818.309	  1.21939e+07
818.596	  1.21924e+07
818.883	  1.21908e+07
819.17	  1.21892e+07
819.457	  1.21876e+07
820.002	  1.21846e+07
820.031	  1.21844e+07
820.059	  1.21842e+07
820.088	  1.21841e+07
820.117	  1.21839e+07
820.146	  1.21838e+07
820.174	  1.21836e+07
820.203	  1.21834e+07
820.232	  1.21833e+07
820.26	  1.21831e+07
820.289	  1.2183e+07
820.318	  1.21828e+07
820.346	  1.21826e+07
820.375	  1.21825e+07
820.404	  1.21823e+07
820.433	  1.21822e+07
820.461	  1.2182e+07
820.49	  1.21818e+07
820.519	  1.21817e+07
820.547	  1.21815e+07
820.576	  1.21814e+07
820.605	  1.21812e+07
820.633	  4.03573e+06
820.662	  4.03573e+06
820.691	  4.03572e+06
820.72	  4.03572e+06
820.748	  4.03572e+06
820.777	  4.03571e+06
820.806	  4.03571e+06
820.834	  4.03571e+06
820.863	  4.03571e+06
820.892	  4.0357e+06
820.92	  4.0357e+06
820.949	  4.0357e+06
820.978	  4.03569e+06
821.007	  4.03569e+06
821.035	  4.03569e+06
821.064	  4.03569e+06
821.093	  4.03568e+06
821.121	  4.03568e+06
821.15	  4.03568e+06
821.179	  4.03567e+06
821.207	  4.03567e+06
821.236	  4.03567e+06
821.265	  4.03566e+06
821.294	  4.03566e+06
821.322	  4.03566e+06
821.351	  4.03565e+06
821.38	  4.03565e+06
821.408	  4.03565e+06
821.437	  4.03564e+06
821.466	  4.03564e+06
821.494	  4.03564e+06
821.523	  4.03564e+06
821.552	  4.03563e+06
821.581	  4.03563e+06
821.609	  4.03563e+06
821.638	  4.03562e+06
821.667	  4.03562e+06
821.695	  4.03562e+06
821.724	  4.03561e+06
821.753	  4.03561e+06
821.781	  4.03561e+06
821.81	  4.0356e+06
821.839	  4.0356e+06
821.868	  4.0356e+06
821.896	  4.03559e+06
821.925	  4.03559e+06
821.954	  4.03559e+06
821.982	  4.03558e+06
822.011	  4.03558e+06
822.011	  4.03558e+06
822.298	  4.03554e+06
822.585	  4.03551e+06
822.872	  4.03547e+06
823.159	  4.03543e+06
823.446	  4.03539e+06
823.733	  4.03535e+06
824.02	  4.03531e+06
824.307	  4.03527e+06
824.594	  4.03522e+06
824.881	  4.03518e+06
825.168	  4.03513e+06
825.455	  4.03508e+06
825.742	  4.03503e+06
826.029	  4.03498e+06
826.316	  4.03493e+06
826.603	  4.03488e+06
826.89	  4.03482e+06
827.177	  4.03477e+06
827.464	  4.03471e+06
827.751	  4.03465e+06
828.038	  4.0346e+06
828.325	  4.03454e+06
828.612	  4.03447e+06
828.899	  4.03441e+06
829.186	  4.03435e+06
829.473	  4.03428e+06
829.76	  4.03422e+06
830.047	  4.03415e+06
830.334	  4.03408e+06
830.621	  4.03401e+06
830.908	  4.03394e+06
831.195	  4.03387e+06
831.482	  4.0338e+06
831.769	  4.03372e+06
832.056	  4.03365e+06
832.343	  4.03357e+06
832.63	  4.03349e+06
832.917	  4.03342e+06
833.204	  4.03334e+06
833.491	  4.03325e+06
833.778	  4.03317e+06
834.065	  4.03309e+06
834.352	  4.033e+06
834.639	  4.03292e+06
834.926	  4.03283e+06
835.213	  4.03274e+06
835.5	  4.03265e+06
835.787	  4.03256e+06
836.074	  4.03247e+06
836.361	  4.03238e+06
836.648	  4.03229e+06
836.935	  4.03219e+06
837.222	  4.0321e+06
837.509	  4.032e+06
837.796	  4.0319e+06
838.083	  4.0318e+06
838.37	  4.0317e+06
838.657	  4.0316e+06
838.944	  4.0315e+06
839.231	  4.03139e+06
839.518	  4.03129e+06
839.805	  4.03118e+06
840.092	  4.03107e+06
840.379	  4.03096e+06
840.666	  4.03085e+06
840.953	  4.03074e+06
841.24	  4.03063e+06
841.527	  4.03052e+06
841.814	  4.03041e+06
842.101	  4.03029e+06
842.388	  4.03017e+06
842.675	  4.03006e+06
842.962	  4.02994e+06
843.249	  4.02982e+06
843.536	  4.0297e+06
843.823	  4.02958e+06
844.11	  4.02945e+06
844.397	  4.02933e+06
844.684	  4.0292e+06
844.971	  4.02908e+06
845.258	  4.02895e+06
845.545	  4.02882e+06
845.832	  4.02869e+06
846.119	  4.02856e+06
846.406	  4.02843e+06
846.693	  4.0283e+06
846.98	  4.02816e+06
847.267	  4.02803e+06
847.554	  4.02789e+06
847.841	  4.02776e+06
848.128	  4.02762e+06
848.415	  4.02748e+06
848.702	  4.02734e+06
848.989	  4.0272e+06
849.276	  4.02705e+06
849.563	  4.02691e+06
849.85	  4.02677e+06
850.137	  4.02662e+06
850.424	  4.02647e+06
850.711	  4.02633e+06
850.998	  4.02618e+06
851.285	  4.02603e+06
851.572	  4.02588e+06
851.859	  4.02572e+06
852.146	  4.02557e+06
852.433	  4.02542e+06
852.72	  4.02526e+06
853.007	  4.0251e+06
853.294	  4.02495e+06
853.581	  4.02479e+06
853.868	  4.02463e+06
854.155	  4.02447e+06
854.442	  4.02431e+06
854.729	  4.02414e+06
855.016	  4.02398e+06
855.303	  4.02381e+06
855.59	  4.02365e+06
855.877	  4.02348e+06
856.164	  4.02331e+06
856.451	  4.02314e+06
856.738	  4.02297e+06
857.025	  4.0228e+06
857.312	  4.02263e+06
857.599	  4.02246e+06
857.886	  4.02228e+06
858.173	  4.02211e+06
858.46	  4.02193e+06
858.747	  4.02176e+06
859.034	  4.02158e+06
859.321	  4.0214e+06
859.608	  4.02122e+06
859.895	  4.02104e+06
860.182	  4.02085e+06
860.469	  4.02067e+06
860.756	  4.02049e+06
861.043	  4.0203e+06
861.33	  4.02011e+06
861.617	  4.01993e+06
861.904	  4.01974e+06
862.191	  4.01955e+06
862.478	  4.01936e+06
862.765	  4.01917e+06
863.052	  4.01897e+06
863.339	  4.01878e+06
863.626	  4.01858e+06
863.913	  4.01839e+06
864.2	  4.01819e+06
864.487	  4.01799e+06
864.774	  4.0178e+06
865.061	  4.0176e+06
865.348	  4.0174e+06
865.635	  4.01719e+06
865.922	  4.01699e+06
866.209	  4.01679e+06
866.496	  4.01658e+06
866.783	  4.01638e+06
867.07	  4.01617e+06
867.357	  4.01596e+06
867.644	  4.01575e+06
867.931	  4.01554e+06
868.218	  4.01533e+06
868.505	  4.01512e+06
868.792	  4.01491e+06
869.079	  4.0147e+06
869.366	  4.01448e+06
869.653	  4.01427e+06
869.94	  4.01405e+06
870.227	  4.01383e+06
870.514	  4.01361e+06
870.801	  4.01339e+06
871.088	  4.01317e+06
871.375	  4.01295e+06
871.662	  4.01273e+06
871.949	  4.01251e+06
872.236	  4.01228e+06
872.523	  4.01206e+06
872.81	  4.01183e+06
873.097	  4.0116e+06
873.384	  4.01138e+06
873.671	  4.01115e+06
873.958	  4.01092e+06
874.245	  4.01069e+06
874.532	  4.01045e+06
874.819	  4.01022e+06
875.106	  4.00999e+06
875.393	  4.00975e+06
875.68	  4.00952e+06
875.967	  4.00928e+06
876.254	  4.00904e+06
876.541	  4.0088e+06
876.828	  4.00856e+06
877.115	  4.00832e+06
877.402	  4.00808e+06
877.689	  4.00784e+06
877.976	  4.0076e+06
878.263	  4.00735e+06
878.55	  4.00711e+06
878.837	  4.00686e+06
879.124	  4.00661e+06
879.411	  4.00637e+06
879.698	  4.00612e+06
879.985	  4.00587e+06
880.272	  4.00562e+06
880.559	  4.00536e+06
880.846	  4.00511e+06
881.133	  4.00486e+06
881.42	  4.0046e+06
881.707	  4.00435e+06
881.994	  4.00409e+06
882.281	  4.00383e+06
882.568	  4.00358e+06
882.855	  4.00332e+06
883.142	  4.00306e+06
883.429	  4.0028e+06
883.716	  4.00253e+06
884.003	  4.00227e+06
884.29	  4.00201e+06
884.577	  4.00174e+06
884.864	  4.00148e+06
885.151	  4.00121e+06
885.438	  4.00094e+06
885.725	  4.00067e+06
886.012	  4.0004e+06
886.299	  4.00013e+06
886.586	  3.99986e+06
886.873	  3.99959e+06
887.16	  3.99932e+06
887.447	  3.99905e+06
887.734	  3.99877e+06
888.021	  3.9985e+06
888.308	  3.99822e+06
888.595	  3.99794e+06
888.882	  3.99766e+06
889.169	  3.99738e+06
889.456	  3.9971e+06
889.743	  3.99682e+06
890.03	  3.99654e+06
890.317	  3.99626e+06
890.604	  3.99598e+06
890.891	  3.99569e+06
891.178	  3.99541e+06
891.465	  3.99512e+06
891.752	  3.99483e+06
892.039	  3.99454e+06
892.326	  3.99426e+06
892.613	  3.99397e+06
892.9	  3.99368e+06
893.187	  3.99338e+06
893.474	  3.99309e+06
893.761	  3.9928e+06
894.048	  3.9925e+06
894.335	  3.99221e+06
894.622	  3.99191e+06
894.909	  3.99162e+06
895.196	  3.99132e+06
895.483	  3.99102e+06
895.77	  3.99072e+06
896.057	  3.99042e+06
896.344	  3.99012e+06
896.631	  3.98982e+06
896.918	  3.98952e+06
897.205	  3.98921e+06
897.492	  3.98891e+06
897.779	  3.9886e+06
898.066	  3.9883e+06
898.353	  3.98799e+06
898.64	  3.98768e+06
898.927	  3.98737e+06
899.214	  3.98706e+06
899.501	  3.98675e+06
899.788	  3.98644e+06
900.075	  3.98613e+06
900.362	  3.98582e+06
900.649	  3.9855e+06
900.936	  3.98519e+06
901.223	  3.98487e+06
901.51	  3.98456e+06
901.797	  3.98424e+06
902.084	  3.98392e+06
902.371	  3.9836e+06
902.658	  3.98328e+06
902.945	  3.98296e+06
903.232	  3.98264e+06
903.519	  3.98232e+06
903.806	  3.98199e+06
904.093	  3.98167e+06
904.38	  3.98135e+06
904.667	  3.98102e+06
904.954	  3.98069e+06
905.241	  3.98037e+06
905.528	  3.98004e+06
905.815	  3.97971e+06
906.102	  3.97938e+06
906.389	  3.97905e+06
906.676	  3.97872e+06
906.963	  3.97839e+06
907.25	  3.97805e+06
907.537	  3.97772e+06
907.824	  3.97739e+06
908.111	  3.97705e+06
908.398	  3.97671e+06
908.685	  3.97638e+06
908.972	  3.97604e+06
909.259	  3.9757e+06
909.546	  3.97536e+06
909.833	  3.97502e+06
910.12	  3.97468e+06
910.407	  3.97434e+06
910.694	  3.974e+06
910.981	  3.97365e+06
911.268	  3.97331e+06
911.555	  3.97296e+06
911.842	  3.97262e+06
912.129	  3.97227e+06
912.416	  3.97192e+06
912.703	  3.97158e+06
912.99	  3.97123e+06
913.277	  3.97088e+06
913.564	  3.97053e+06
913.851	  3.97018e+06
914.138	  3.96982e+06
914.425	  3.96947e+06
914.712	  3.96912e+06
914.999	  3.96876e+06
915.286	  3.96841e+06
915.573	  3.96805e+06
915.86	  3.96769e+06
916.147	  3.96734e+06
916.434	  3.96698e+06
916.721	  3.96662e+06
917.008	  3.96626e+06
917.295	  3.9659e+06
917.582	  3.96554e+06
917.869	  3.96517e+06
918.156	  3.96481e+06
918.443	  3.96445e+06
918.73	  3.96408e+06
919.017	  3.96372e+06
919.304	  3.96335e+06
919.591	  3.96299e+06
919.878	  3.96262e+06
920.165	  3.96225e+06
920.452	  3.96188e+06
920.739	  3.96151e+06
921.026	  3.96114e+06
921.313	  3.96077e+06
921.6	  3.9604e+06
921.887	  3.96002e+06
922.174	  3.95965e+06
922.461	  3.95927e+06
922.748	  3.9589e+06
923.035	  3.95852e+06
923.322	  3.95815e+06
923.609	  3.95777e+06
923.896	  3.95739e+06
924.183	  3.95701e+06
924.47	  3.95663e+06
924.757	  3.95625e+06
925.044	  3.95587e+06
925.331	  3.95549e+06
925.618	  3.95511e+06
925.905	  3.95472e+06
926.192	  3.95434e+06
926.479	  3.95395e+06
926.766	  3.95357e+06
927.053	  3.95318e+06
927.34	  3.95279e+06
927.627	  3.95241e+06
927.914	  3.95202e+06
928.201	  3.95163e+06
928.488	  3.95124e+06
928.775	  3.95085e+06
929.062	  3.95045e+06
929.349	  3.95006e+06
929.636	  3.94967e+06
929.923	  3.94928e+06
930.21	  3.94888e+06
930.497	  3.94849e+06
930.784	  3.94809e+06
931.071	  3.94769e+06
931.358	  3.9473e+06
931.645	  3.9469e+06
931.932	  3.9465e+06
932.219	  3.9461e+06
932.506	  3.9457e+06
932.793	  3.9453e+06
933.08	  3.9449e+06
933.367	  3.94449e+06
933.654	  3.94409e+06
933.941	  3.94369e+06
934.228	  3.94328e+06
934.515	  3.94288e+06
934.802	  3.94247e+06
935.089	  3.94206e+06
935.376	  3.94166e+06
935.663	  3.94125e+06
935.95	  3.94084e+06
936.237	  3.94043e+06
936.524	  3.94002e+06
936.811	  3.93961e+06
937.098	  3.9392e+06
937.385	  3.93879e+06
937.672	  3.93837e+06
937.959	  3.93796e+06
938.246	  3.93754e+06
938.533	  3.93713e+06
938.82	  3.93671e+06
939.107	  3.9363e+06
939.394	  3.93588e+06
939.681	  3.93546e+06
939.968	  3.93504e+06
940.255	  3.93462e+06
940.542	  3.9342e+06
940.829	  3.93378e+06
941.116	  3.93336e+06
941.403	  3.93294e+06
941.69	  3.93252e+06
941.977	  3.93209e+06
942.264	  3.93167e+06
942.551	  3.93125e+06
942.838	  3.93082e+06
943.125	  3.93039e+06
943.412	  3.92997e+06
943.699	  3.92954e+06
943.986	  3.92911e+06
944.273	  3.92868e+06
944.56	  3.92825e+06
944.847	  3.92782e+06
945.134	  3.92739e+06
945.421	  3.92696e+06
945.708	  3.92653e+06
945.995	  3.9261e+06
946.282	  3.92566e+06
946.569	  3.92523e+06
946.856	  3.92479e+06
947.143	  3.92436e+06
947.43	  3.92392e+06
947.717	  3.92349e+06
948.004	  3.92305e+06
948.291	  3.92261e+06
948.578	  3.92217e+06
948.865	  3.92173e+06
949.152	  3.92129e+06
949.439	  3.92085e+06
949.726	  3.92041e+06
950.013	  3.91997e+06
950.3	  3.91952e+06
950.587	  3.91908e+06
950.874	  3.91864e+06
951.161	  3.91819e+06
951.448	  3.91775e+06
951.735	  3.9173e+06
952.022	  3.91685e+06
952.309	  3.91641e+06
952.596	  3.91596e+06
952.883	  3.91551e+06
953.17	  3.91506e+06
953.457	  3.91461e+06
953.744	  3.91416e+06
954.031	  3.91371e+06
954.318	  3.91326e+06
954.605	  3.91281e+06
954.892	  3.91235e+06
955.179	  3.9119e+06
955.466	  3.91145e+06
955.753	  3.91099e+06
956.04	  3.91053e+06
956.327	  3.91008e+06
956.614	  3.90962e+06
956.901	  3.90916e+06
957.188	  3.90871e+06
957.475	  3.90825e+06
957.762	  3.90779e+06
958.049	  3.90733e+06
958.336	  3.90687e+06
958.623	  3.90641e+06
958.91	  3.90594e+06
959.197	  3.90548e+06
959.484	  3.90502e+06
959.771	  3.90455e+06
960.058	  3.90409e+06
960.345	  3.90363e+06
960.632	  3.90316e+06
960.919	  3.90269e+06
961.206	  3.90223e+06
961.493	  3.90176e+06
961.78	  3.90129e+06
962.067	  3.90082e+06
962.354	  3.90035e+06
962.641	  3.89988e+06
962.928	  3.89941e+06
963.215	  3.89894e+06
963.502	  3.89847e+06
963.789	  3.898e+06
964.076	  3.89752e+06
964.363	  3.89705e+06
964.65	  3.89658e+06
964.937	  3.8961e+06
965.224	  3.89563e+06
965.511	  3.89515e+06
965.798	  3.89467e+06
966.085	  3.8942e+06
966.372	  3.89372e+06
966.659	  3.89324e+06
966.946	  3.89276e+06
967.233	  3.89228e+06
967.52	  3.8918e+06
967.807	  3.89132e+06
968.094	  3.89084e+06
968.381	  3.89036e+06
968.668	  3.88988e+06
968.955	  3.88939e+06
969.242	  3.88891e+06
969.529	  3.88843e+06
969.816	  3.88794e+06
970.103	  3.88745e+06
970.39	  3.88697e+06
970.677	  3.88648e+06
970.964	  3.88599e+06
971.251	  3.88551e+06
971.538	  3.88502e+06
971.825	  3.88453e+06
972.112	  3.88404e+06
972.399	  3.88355e+06
972.686	  3.88306e+06
972.973	  3.88257e+06
973.26	  3.88208e+06
973.547	  3.88158e+06
973.834	  3.88109e+06
974.121	  3.8806e+06
974.408	  3.8801e+06
974.695	  3.87961e+06
974.982	  3.87911e+06
975.269	  3.87862e+06
975.556	  3.87812e+06
975.843	  3.87762e+06
976.13	  3.87713e+06
976.417	  3.87663e+06
976.704	  3.87613e+06
976.991	  3.87563e+06
977.278	  3.87513e+06
977.565	  3.87463e+06
977.852	  3.87413e+06
978.139	  3.87363e+06
978.426	  3.87313e+06
978.713	  3.87262e+06
979	  3.87212e+06
979.287	  3.87162e+06
979.574	  3.87111e+06
979.861	  3.87061e+06
980.148	  3.8701e+06
980.435	  3.8696e+06
980.722	  3.86909e+06
981.009	  3.86858e+06
981.296	  3.86807e+06
981.583	  3.86757e+06
981.87	  3.86706e+06
982.157	  3.86655e+06
982.444	  3.86604e+06
982.731	  3.86553e+06
983.018	  3.86502e+06
983.305	  3.86451e+06
983.592	  3.86399e+06
983.879	  3.86348e+06
984.166	  3.86297e+06
984.453	  3.86245e+06
984.74	  3.86194e+06
985.027	  3.86143e+06
985.314	  3.86091e+06
985.601	  3.86039e+06
985.888	  3.85988e+06
986.175	  3.85936e+06
986.462	  3.85884e+06
986.749	  3.85833e+06
987.036	  3.85781e+06
987.323	  3.85729e+06
987.61	  3.85677e+06
987.897	  3.85625e+06
988.184	  3.85573e+06
988.471	  3.85521e+06
988.758	  3.85469e+06
989.045	  3.85416e+06
989.332	  3.85364e+06
989.619	  3.85312e+06
989.906	  3.85259e+06
990.193	  3.85207e+06
990.48	  3.85154e+06
990.767	  3.85102e+06
991.054	  3.85049e+06
991.341	  3.84997e+06
991.628	  3.84944e+06
991.915	  3.84891e+06
992.202	  3.84838e+06
992.489	  3.84786e+06
992.776	  3.84733e+06
993.063	  3.8468e+06
993.35	  3.84627e+06
993.637	  3.84574e+06
993.924	  3.84521e+06
994.211	  3.84467e+06
994.498	  3.84414e+06
994.785	  3.84361e+06
995.072	  3.84308e+06
995.359	  3.84254e+06
995.646	  3.84201e+06
995.933	  3.84147e+06
996.22	  3.84094e+06
996.507	  3.8404e+06
996.794	  3.83987e+06
997.081	  3.83933e+06
997.368	  3.83879e+06
997.655	  3.83826e+06
997.942	  3.83772e+06
998.229	  3.83718e+06
998.516	  3.83664e+06
998.803	  3.8361e+06
999.09	  3.83556e+06
999.377	  3.83502e+06
999.664	  3.83448e+06
999.951	  3.83394e+06
1000.24	  3.8334e+06
1000.52	  3.83285e+06
1000.81	  3.83231e+06
1001.1	  3.83177e+06
1001.39	  3.83122e+06
1001.67	  3.83068e+06
1001.96	  3.83013e+06
1002.25	  3.82959e+06
1002.53	  3.82904e+06
1002.82	  3.82849e+06
1003.11	  3.82795e+06
1003.39	  3.8274e+06
1003.68	  3.82685e+06
1003.97	  3.8263e+06
1004.26	  3.82575e+06
1004.54	  3.8252e+06
1004.83	  3.82465e+06
1005.12	  3.8241e+06
1005.4	  3.82355e+06
1005.69	  3.823e+06
1005.98	  3.82245e+06
1006.26	  3.8219e+06
1006.55	  3.82135e+06
1006.84	  3.82079e+06
1007.13	  3.82024e+06
1007.41	  3.81968e+06
1007.7	  3.81913e+06
1007.99	  3.81857e+06
1008.27	  3.81802e+06
1008.56	  3.81746e+06
1008.85	  3.81691e+06
1009.13	  3.81635e+06
1009.42	  3.81579e+06
1009.71	  3.81523e+06
1010	  3.81468e+06
1010.28	  3.81412e+06
1010.57	  3.81356e+06
1010.86	  3.813e+06
1011.14	  3.81244e+06
1011.43	  3.81188e+06
1011.72	  3.81131e+06
1012	  3.81075e+06
1012.29	  3.81019e+06
1012.58	  3.80963e+06
1012.87	  3.80907e+06
1013.15	  3.8085e+06
1013.44	  3.80794e+06
1013.73	  3.80737e+06
1014.01	  3.80681e+06
1014.3	  3.80624e+06
1014.59	  3.80568e+06
1014.88	  3.80511e+06
1015.16	  3.80454e+06
1015.45	  3.80398e+06
1015.74	  3.80341e+06
1016.02	  3.80284e+06
1016.31	  3.80227e+06
1016.6	  3.8017e+06
1016.88	  3.80113e+06
1017.17	  3.80056e+06
1017.46	  3.79999e+06
1017.75	  3.79942e+06
1018.03	  3.79885e+06
1018.32	  3.79828e+06
1018.61	  3.79771e+06
1018.89	  3.79714e+06
1019.18	  3.79656e+06
1019.47	  3.79599e+06
1019.98	  3.79497e+06
1021.08	  3.79277e+06
1022.17	  3.79056e+06
1023.27	  3.78834e+06
1024.38	  3.78612e+06
1025.47	  3.78389e+06
1026.58	  3.78165e+06
1027.67	  3.77941e+06
1028.78	  3.77716e+06
1029.88	  3.7749e+06
1030.97	  3.77264e+06
1032.08	  3.77038e+06
1033.17	  3.7681e+06
1034.28	  3.76582e+06
1035.38	  3.76354e+06
1036.47	  3.76125e+06
1037.58	  3.75895e+06
1038.67	  3.75665e+06
1039.78	  3.75434e+06
1040.88	  3.75203e+06
1041.97	  3.74971e+06
1043.08	  3.74738e+06
1044.17	  3.74505e+06
1045.28	  3.74272e+06
1046.38	  3.74038e+06
1047.47	  3.73803e+06
1048.58	  3.73568e+06
1049.67	  3.73332e+06
1050.78	  3.73096e+06
1051.88	  3.72859e+06
1052.97	  3.72621e+06
1054.08	  3.72383e+06
1055.17	  3.72145e+06
1056.28	  3.71906e+06
1057.38	  3.71667e+06
1058.47	  3.71427e+06
1059.58	  3.71186e+06
1060.67	  3.70945e+06
1061.78	  3.70704e+06
1062.88	  3.70462e+06
1063.97	  3.70219e+06
1065.08	  3.69976e+06
1066.17	  3.69733e+06
1067.28	  3.69489e+06
1068.38	  3.69245e+06
1069.47	  3.69e+06
1070.58	  3.68754e+06
1071.67	  3.68509e+06
1072.78	  3.68262e+06
1073.88	  3.68016e+06
1074.97	  3.67769e+06
1076.08	  3.67521e+06
1077.17	  3.67273e+06
1078.28	  3.67024e+06
1079.38	  3.66775e+06
1080.47	  3.66526e+06
1081.58	  3.66276e+06
1082.67	  3.66026e+06
1083.78	  3.65775e+06
1084.88	  3.65524e+06
1085.97	  3.65273e+06
1087.08	  3.65021e+06
1088.17	  3.64768e+06
1089.28	  3.64516e+06
1090.38	  3.64262e+06
1091.47	  3.64009e+06
1092.58	  3.63755e+06
1093.67	  3.635e+06
1094.78	  3.63246e+06
1095.88	  3.6299e+06
1096.97	  3.62735e+06
1098.08	  3.62479e+06
1099.17	  3.62223e+06
1100.28	  3.61966e+06
1101.38	  3.61709e+06
1102.47	  3.61451e+06
1103.58	  3.61194e+06
1104.67	  3.60935e+06
1105.78	  3.60677e+06
1106.88	  3.60418e+06
1107.97	  3.60159e+06
1109.08	  3.59899e+06
1110.17	  3.59639e+06
1111.28	  3.59379e+06
1112.38	  3.59118e+06
1113.47	  3.58857e+06
1114.58	  3.58596e+06
1115.67	  3.58334e+06
1116.78	  3.58072e+06
1117.88	  3.5781e+06
1118.97	  3.57547e+06
1120.08	  3.57284e+06
1121.17	  3.57021e+06
1122.28	  3.56757e+06
1123.38	  3.56493e+06
1124.47	  3.56229e+06
1125.58	  3.55964e+06
1126.67	  3.55699e+06
1127.78	  3.55434e+06
1128.88	  3.55168e+06
1129.97	  3.54903e+06
1131.08	  3.54637e+06
1132.17	  3.5437e+06
1133.28	  3.54103e+06
1134.38	  3.53836e+06
1135.47	  3.53569e+06
1136.58	  3.53302e+06
1137.67	  3.53034e+06
1138.78	  3.52766e+06
1139.88	  3.52497e+06
1140.97	  3.52229e+06
1142.08	  3.5196e+06
1143.17	  3.5169e+06
1144.28	  3.51421e+06
1145.38	  3.51151e+06
1146.47	  3.50881e+06
1147.58	  3.50611e+06
1148.67	  3.50341e+06
1149.78	  3.5007e+06
1150.88	  3.49799e+06
1151.97	  3.49528e+06
1153.08	  3.49256e+06
1154.17	  3.48984e+06
1155.28	  3.48712e+06
1156.38	  3.4844e+06
1157.47	  3.48168e+06
1158.58	  3.47895e+06
1159.67	  3.47622e+06
1160.78	  3.47349e+06
1161.88	  3.47076e+06
1162.97	  3.46802e+06
1164.08	  3.46528e+06
1165.17	  3.46254e+06
1166.28	  3.4598e+06
1167.38	  3.45706e+06
1168.47	  3.45431e+06
1169.58	  3.45156e+06
1170.67	  3.44881e+06
1171.78	  3.44606e+06
1172.88	  3.4433e+06
1173.97	  3.44055e+06
1175.08	  3.43779e+06
1176.17	  3.43503e+06
1177.28	  3.43226e+06
1178.38	  3.4295e+06
1179.47	  3.42673e+06
1180.58	  3.42396e+06
1181.67	  3.42119e+06
1182.78	  3.41842e+06
1183.88	  3.41565e+06
1184.97	  3.41287e+06
1186.08	  3.4101e+06
1187.17	  3.40732e+06
1188.28	  3.40454e+06
1189.38	  3.40175e+06
1190.47	  3.39897e+06
1191.58	  3.39618e+06
1192.67	  3.3934e+06
1193.78	  3.39061e+06
1194.88	  3.38782e+06
1195.97	  3.38503e+06
1197.08	  3.38223e+06
1198.17	  3.37944e+06
1199.28	  3.37664e+06
1200.38	  3.37384e+06
1201.47	  3.37104e+06
1202.58	  3.36824e+06
1203.67	  3.36544e+06
1204.78	  3.36264e+06
1205.88	  3.35983e+06
1206.97	  3.35702e+06
1208.08	  3.35422e+06
1209.17	  3.35141e+06
1210.28	  3.3486e+06
1211.38	  3.34579e+06
1212.47	  3.34297e+06
1213.58	  3.34016e+06
1214.67	  3.33734e+06
1215.78	  3.33453e+06
1216.88	  3.33171e+06
1217.97	  3.32889e+06
1219.08	  3.32607e+06
1220.17	  3.32325e+06
1221.28	  3.32043e+06
1222.38	  3.3176e+06
1223.47	  3.31478e+06
1224.58	  3.31195e+06
1225.67	  3.30913e+06
1226.78	  3.3063e+06
1227.88	  3.30347e+06
1228.97	  3.30064e+06
1230.08	  3.29781e+06
1231.17	  3.29498e+06
1232.28	  3.29215e+06
1233.38	  3.28931e+06
1234.47	  3.28648e+06
1235.58	  3.28365e+06
1236.67	  3.28081e+06
1237.78	  3.27797e+06
1238.88	  3.27514e+06
1239.97	  3.2723e+06
1241.08	  3.26946e+06
1242.17	  3.26662e+06
1243.28	  3.26378e+06
1244.38	  3.26094e+06
1245.47	  3.25809e+06
1246.58	  3.25525e+06
1247.67	  3.25241e+06
1248.78	  3.24956e+06
1249.88	  3.24672e+06
1250.97	  3.24387e+06
1252.08	  3.24103e+06
1253.17	  3.23818e+06
1254.28	  3.23534e+06
1255.38	  3.23249e+06
1256.47	  3.22964e+06
1257.58	  3.22679e+06
1258.67	  3.22394e+06
1259.78	  3.22109e+06
1260.88	  3.21824e+06
1261.97	  3.21539e+06
1263.08	  3.21254e+06
1264.17	  3.20969e+06
1265.28	  3.20684e+06
1266.38	  3.20398e+06
1267.47	  3.20113e+06
1268.58	  3.19828e+06
1269.67	  3.19542e+06
1270.78	  3.19257e+06
1271.88	  3.18971e+06
1272.97	  3.18686e+06
1274.08	  3.184e+06
1275.17	  3.18115e+06
1276.28	  3.17829e+06
1277.38	  3.17544e+06
1278.47	  3.17258e+06
1279.58	  3.16973e+06
1280.67	  3.16687e+06
1281.78	  3.16401e+06
1282.88	  3.16116e+06
1283.97	  3.1583e+06
1285.08	  3.15544e+06
1286.17	  3.15258e+06
1287.28	  3.14973e+06
1288.38	  3.14687e+06
1289.47	  3.14401e+06
1290.58	  3.14115e+06
1291.67	  3.13829e+06
1292.78	  3.13544e+06
1293.88	  3.13258e+06
1294.97	  3.12972e+06
1296.08	  3.12686e+06
1297.17	  3.124e+06
1298.28	  3.12115e+06
1299.38	  3.11829e+06
1300.47	  3.11543e+06
1301.58	  3.11257e+06
1302.67	  3.10971e+06
1303.78	  3.10685e+06
1304.88	  3.104e+06
1305.97	  3.10114e+06
1307.08	  3.09828e+06
1308.17	  3.09542e+06
1309.28	  3.09257e+06
1310.38	  3.08971e+06
1311.47	  3.08685e+06
1312.58	  3.08399e+06
1313.67	  3.08114e+06
1314.78	  3.07828e+06
1315.88	  3.07542e+06
1316.97	  3.07257e+06
1318.08	  3.06971e+06
1319.17	  3.06686e+06
1320.28	  3.064e+06
1321.38	  3.06114e+06
1322.47	  3.05829e+06
1323.58	  3.05543e+06
1324.67	  3.05258e+06
1325.78	  3.04973e+06
1326.88	  3.04687e+06
1327.97	  3.04402e+06
1329.08	  3.04117e+06
1330.17	  3.03831e+06
1331.28	  3.03546e+06
1332.38	  3.03261e+06
1333.47	  3.02976e+06
1334.58	  3.0269e+06
1335.67	  3.02405e+06
1336.78	  3.0212e+06
1337.88	  3.01835e+06
1338.97	  3.0155e+06
1340.08	  3.01265e+06
1341.17	  3.0098e+06
1342.28	  3.00696e+06
1343.38	  3.00411e+06
1344.47	  3.00126e+06
1345.58	  2.99841e+06
1346.67	  2.99557e+06
1347.78	  2.99272e+06
1348.88	  2.98988e+06
1349.97	  2.98703e+06
1351.08	  2.98419e+06
1352.17	  2.98134e+06
1353.28	  2.9785e+06
1354.38	  2.97566e+06
1355.47	  2.97282e+06
1356.58	  2.96998e+06
1357.67	  2.96713e+06
1358.78	  2.96429e+06
1359.88	  2.96145e+06
1360.97	  2.95862e+06
1362.08	  2.95578e+06
1363.17	  2.95294e+06
1364.28	  2.9501e+06
1365.38	  2.94727e+06
1366.47	  2.94443e+06
1367.58	  2.9416e+06
1368.67	  2.93876e+06
1369.78	  2.93593e+06
1370.88	  2.9331e+06
1371.97	  2.93027e+06
1373.08	  2.92743e+06
1374.17	  2.9246e+06
1375.28	  2.92177e+06
1376.38	  2.91895e+06
1377.47	  2.91612e+06
1378.58	  2.91329e+06
1379.67	  2.91046e+06
1380.78	  2.90764e+06
1381.88	  2.90481e+06
1382.97	  2.90199e+06
1384.08	  2.89917e+06
1385.17	  2.89634e+06
1386.28	  2.89352e+06
1387.38	  2.8907e+06
1388.47	  2.88788e+06
1389.58	  2.88506e+06
1390.67	  2.88225e+06
1391.78	  2.87943e+06
1392.88	  2.87661e+06
1393.97	  2.8738e+06
1395.08	  2.87098e+06
1396.17	  2.86817e+06
1397.28	  2.86536e+06
1398.38	  2.86255e+06
1399.47	  2.85973e+06
1400.58	  2.85693e+06
1401.67	  2.85412e+06
1402.78	  2.85131e+06
1403.88	  2.8485e+06
1404.97	  2.8457e+06
1406.08	  2.84289e+06
1407.17	  2.84009e+06
1408.28	  2.83729e+06
1409.38	  2.83448e+06
1410.47	  2.83168e+06
1411.58	  2.82888e+06
1412.67	  2.82609e+06
1413.78	  2.82329e+06
1414.88	  2.82049e+06
1415.97	  2.8177e+06
1417.08	  2.8149e+06
1418.17	  2.81211e+06
1419.28	  2.80932e+06
1420.38	  2.80653e+06
1421.47	  2.80374e+06
1422.58	  2.80095e+06
1423.67	  2.79816e+06
1424.78	  2.79537e+06
1425.88	  2.79259e+06
1426.97	  2.7898e+06
1428.08	  2.78702e+06
1429.17	  2.78424e+06
1430.28	  2.78146e+06
1431.38	  2.77868e+06
1432.47	  2.7759e+06
1433.58	  2.77312e+06
1434.67	  2.77035e+06
1435.78	  2.76757e+06
1436.88	  2.7648e+06
1437.97	  2.76202e+06
1439.08	  2.75925e+06
1440.17	  2.75648e+06
1441.28	  2.75371e+06
1442.38	  2.75095e+06
1443.47	  2.74818e+06
1444.58	  2.74541e+06
1445.67	  2.74265e+06
1446.78	  2.73989e+06
1447.88	  2.73713e+06
1448.97	  2.73437e+06
1450.08	  2.73161e+06
1451.17	  2.72885e+06
1452.28	  2.72609e+06
1453.38	  2.72334e+06
1454.47	  2.72059e+06
1455.58	  2.71783e+06
1456.67	  2.71508e+06
1457.78	  2.71233e+06
1458.88	  1.73462e+06
1459.97	  1.73317e+06
1461.08	  1.73172e+06
1462.17	  1.73027e+06
1463.28	  1.72882e+06
1464.38	  1.72737e+06
1465.47	  1.72592e+06
1466.58	  1.72447e+06
1467.67	  1.72302e+06
1468.78	  1.72158e+06
1469.88	  1.72013e+06
1470.97	  1.71868e+06
1472.08	  1.71724e+06
1473.17	  1.71579e+06
1474.28	  1.71435e+06
1475.38	  1.7129e+06
1476.47	  1.71146e+06
1477.58	  1.71002e+06
1478.67	  1.70857e+06
1479.78	  1.70713e+06
1480.88	  1.70569e+06
1481.97	  1.70425e+06
1483.08	  1.70281e+06
1484.17	  1.70137e+06
1485.28	  1.69993e+06
1486.38	  1.69849e+06
1487.47	  1.69705e+06
1488.58	  1.69561e+06
1489.67	  1.69417e+06
1490.78	  1.69274e+06
1491.88	  1.6913e+06
1492.97	  1.68987e+06
1494.08	  1.68843e+06
1495.17	  1.687e+06
1496.28	  1.68556e+06
1497.38	  1.68413e+06
1498.47	  1.6827e+06
1499.58	  1.68126e+06
1500.67	  1.67983e+06
1501.78	  1.6784e+06
1502.88	  1.67697e+06
1503.97	  1.67554e+06
1505.08	  1.67411e+06
1506.17	  1.67268e+06
1507.28	  1.67125e+06
1508.38	  1.66983e+06
1509.47	  1.6684e+06
1510.58	  1.66697e+06
1511.67	  1.66555e+06
1512.78	  1.66412e+06
1513.88	  1.6627e+06
1514.97	  1.66127e+06
1516.08	  1.65985e+06
1517.17	  1.65843e+06
1518.28	  1.657e+06
1519.38	  1.65558e+06
1520.47	  1.65416e+06
1521.58	  1.65274e+06
1522.67	  1.65132e+06
1523.78	  1.6499e+06
1524.88	  1.64848e+06
1525.97	  1.64706e+06
1527.08	  1.64565e+06
1528.17	  1.64423e+06
1529.28	  1.64281e+06
1530.38	  1.6414e+06
1531.47	  1.63998e+06
1532.58	  1.63857e+06
1533.67	  1.63716e+06
1534.78	  1.63574e+06
1535.88	  1.63433e+06
1536.97	  1.63292e+06
1538.08	  1.63151e+06
1539.17	  1.6301e+06
1540.28	  1.62869e+06
1541.38	  1.62728e+06
1542.47	  1.62587e+06
1543.58	  1.62447e+06
1544.67	  1.62306e+06
1545.78	  1.62165e+06
1546.88	  1.62025e+06
1547.97	  1.61884e+06
1549.08	  1.61744e+06
1550.17	  1.61604e+06
1551.28	  1.61463e+06
1552.38	  1.61323e+06
1553.47	  1.61183e+06
1554.58	  1.61043e+06
1555.67	  1.60903e+06
1556.78	  1.60763e+06
1557.88	  1.60623e+06
1558.97	  1.60483e+06
1560.08	  1.60344e+06
1561.17	  1.60204e+06
1562.28	  1.60064e+06
1563.38	  1.59925e+06
1564.47	  1.59785e+06
1565.58	  1.59646e+06
1566.67	  1.59507e+06
1567.78	  1.59368e+06
1568.88	  1.59228e+06
1569.97	  1.59089e+06
1571.08	  1.5895e+06
1572.17	  1.58811e+06
1573.28	  1.58673e+06
1574.38	  1.58534e+06
1575.47	  1.58395e+06
1576.58	  1.58256e+06
1577.67	  1.58118e+06
1578.78	  1.57979e+06
1579.88	  1.57841e+06
1580.97	  1.57703e+06
1582.08	  1.57564e+06
1583.17	  1.57426e+06
1584.28	  1.57288e+06
1585.38	  1.5715e+06
1586.47	  1.57012e+06
1587.58	  1.56874e+06
1588.67	  1.56736e+06
1589.78	  1.56598e+06
1590.88	  1.56461e+06
1591.97	  1.56323e+06
1593.08	  1.56186e+06
1594.17	  1.56048e+06
1595.28	  1.55911e+06
1596.38	  1.55773e+06
1597.47	  1.55636e+06
1598.58	  1.55499e+06
1599.67	  1.55362e+06
1600.78	  1.55225e+06
1601.88	  1.55088e+06
1602.97	  1.54951e+06
1604.08	  1.54815e+06
1605.17	  1.54678e+06
1606.28	  1.54541e+06
1607.38	  1.54405e+06
1608.47	  1.54268e+06
1609.58	  1.54132e+06
1610.67	  1.53996e+06
1611.78	  1.5386e+06
1612.88	  1.53723e+06
1613.97	  1.53587e+06
1615.08	  1.53451e+06
1616.17	  1.53315e+06
1617.28	  1.5318e+06
1618.38	  1.53044e+06
1619.47	  1.52908e+06
1620.58	  1.52773e+06
1621.67	  1.52637e+06
1622.78	  1.52502e+06
1623.88	  1.52367e+06
1624.97	  1.52231e+06
1626.08	  1.52096e+06
1627.17	  1.51961e+06
1628.28	  1.51826e+06
1629.38	  1.51691e+06
1630.47	  1.51556e+06
1631.58	  1.51422e+06
1632.67	  1.51287e+06
1633.78	  1.51152e+06
1634.88	  1.51018e+06
1635.97	  1.50884e+06
1637.08	  1.50749e+06
1638.17	  1.50615e+06
1639.28	  1.50481e+06
1640.38	  1.50347e+06
1641.47	  1.50213e+06
1642.58	  1.50079e+06
1643.67	  1.49945e+06
1644.78	  1.49812e+06
1645.88	  1.49678e+06
1646.97	  1.49545e+06
1648.08	  1.49411e+06
1649.17	  1.49278e+06
1650.28	  1.49145e+06
1651.38	  1.49012e+06
1652.47	  1.48878e+06
1653.58	  1.48745e+06
1654.67	  1.48613e+06
1655.78	  1.4848e+06
1656.88	  1.48347e+06
1657.97	  1.48214e+06
1659.08	  1.48081e+06
1660.17	  1.47949e+06
1661.28	  1.47816e+06
1662.38	  1.47684e+06
1663.47	  1.47552e+06
1664.58	  1.47419e+06
1665.67	  1.47287e+06
1666.78	  1.47155e+06
1667.88	  1.47023e+06
1668.97	  1.46891e+06
1670.08	  1.46759e+06
1671.17	  1.46628e+06
1672.28	  1.46496e+06
1673.38	  1.46364e+06
1674.47	  1.46233e+06
1675.58	  1.46101e+06
1676.67	  1.4597e+06
1677.78	  1.45839e+06
1678.88	  1.45708e+06
1679.97	  1.45576e+06
1681.08	  1.45445e+06
1682.17	  1.45314e+06
1683.28	  1.45184e+06
1684.38	  1.45053e+06
1685.47	  1.44922e+06
1686.58	  1.44791e+06
1687.67	  1.44661e+06
1688.78	  1.4453e+06
1689.88	  1.444e+06
1690.97	  1.4427e+06
1692.08	  1.44139e+06
1693.17	  1.44009e+06
1694.28	  1.43879e+06
1695.38	  1.43749e+06
1696.47	  1.43619e+06
1697.58	  1.43489e+06
1698.67	  1.4336e+06
1699.78	  1.4323e+06
1700.88	  1.43101e+06
1701.97	  1.42971e+06
1703.08	  1.42842e+06
1704.17	  1.42712e+06
1705.28	  1.42583e+06
1706.38	  1.42454e+06
1707.47	  1.42325e+06
1708.58	  1.42196e+06
1709.67	  1.42067e+06
1710.78	  1.41938e+06
1711.88	  1.41809e+06
1712.97	  1.41681e+06
1714.08	  1.41552e+06
1715.17	  1.41424e+06
1716.28	  1.41295e+06
1717.38	  1.41167e+06
1718.47	  1.41039e+06
1719.58	  1.4091e+06
1720.67	  1.40782e+06
1721.78	  1.40654e+06
1722.88	  1.40526e+06
1723.97	  1.40399e+06
1725.08	  1.40271e+06
1726.17	  1.40143e+06
1727.28	  1.40016e+06
1728.38	  1.39888e+06
1729.47	  1.39761e+06
1730.58	  1.39633e+06
1731.67	  1.39506e+06
1732.78	  1.39379e+06
1733.88	  1.39252e+06
1734.97	  1.39125e+06
1736.08	  1.38998e+06
1737.17	  1.38871e+06
1738.28	  1.38745e+06
1739.38	  1.38618e+06
1740.47	  1.38491e+06
1741.58	  1.38365e+06
1742.67	  1.38239e+06
1743.78	  1.38112e+06
1744.88	  1.37986e+06
1745.97	  1.3786e+06
1747.08	  1.37734e+06
1748.17	  1.37608e+06
1749.28	  1.37482e+06
1750.38	  1.37356e+06
1751.47	  1.3723e+06
1752.58	  1.37105e+06
1753.67	  1.36979e+06
1754.78	  1.36854e+06
1755.88	  1.36729e+06
1756.97	  1.36603e+06
1758.08	  1.36478e+06
1759.17	  1.36353e+06
1760.28	  1.36228e+06
1761.38	  1.36103e+06
1762.47	  1.35978e+06
1763.58	  1.35853e+06
1764.67	  1.35729e+06
1765.78	  1.35604e+06
1766.88	  1.3548e+06
1767.97	  1.35355e+06
1769.08	  1.35231e+06
1770.17	  1.35107e+06
1771.28	  1.34983e+06
1772.38	  1.34858e+06
1773.47	  1.34735e+06
1774.58	  1.34611e+06
1775.67	  1.34487e+06
1776.78	  1.34363e+06
1777.88	  1.34239e+06
1778.97	  1.34116e+06
1780.08	  1.33992e+06
1781.17	  1.33869e+06
1782.28	  1.33746e+06
1783.38	  1.33623e+06
1784.47	  1.335e+06
1785.58	  1.33376e+06
1786.67	  1.33254e+06
1787.78	  1.33131e+06
1788.88	  1.33008e+06
1789.97	  1.32885e+06
1791.08	  1.32763e+06
1792.17	  1.3264e+06
1793.28	  1.32518e+06
1794.38	  1.32395e+06
1795.47	  1.32273e+06
1796.58	  1.32151e+06
1797.67	  1.32029e+06
1798.78	  1.31907e+06
1799.88	  1.31785e+06
1800.97	  1.31663e+06
1802.08	  1.31542e+06
1803.17	  1.3142e+06
1804.28	  1.31299e+06
1805.38	  1.31177e+06
1806.47	  1.31056e+06
1807.58	  1.30934e+06
1808.67	  1.30813e+06
1809.78	  1.30692e+06
1810.88	  1.30571e+06
1811.97	  1.3045e+06
1813.08	  1.30329e+06
1814.17	  1.30209e+06
1815.28	  1.30088e+06
1816.38	  1.29967e+06
1817.47	  1.29847e+06
1818.58	  1.29727e+06
1819.67	  1.29606e+06
1820.78	  1.29486e+06
1821.88	  1.29366e+06
1822.97	  1.29246e+06
1824.08	  1.29126e+06
1825.17	  1.29006e+06
1826.28	  1.28886e+06
1827.38	  1.28767e+06
1828.47	  1.28647e+06
1829.58	  1.28528e+06
1830.67	  1.28408e+06
1831.78	  1.28289e+06
1832.88	  1.2817e+06
1833.97	  1.2805e+06
1835.08	  1.27931e+06
1836.17	  1.27812e+06
1837.28	  1.27693e+06
1838.38	  1.27575e+06
1839.47	  1.27456e+06
1840.58	  1.27337e+06
1841.67	  1.27219e+06
1842.78	  1.271e+06
1843.88	  1.26982e+06
1844.97	  1.26864e+06
1846.08	  1.26746e+06
1847.17	  1.26627e+06
1848.28	  1.26509e+06
1849.38	  1.26392e+06
1850.47	  1.26274e+06
1851.58	  1.26156e+06
1852.67	  1.26038e+06
1853.78	  1.25921e+06
1854.88	  1.25803e+06
1855.97	  1.25686e+06
1857.08	  1.25569e+06
1858.17	  1.25451e+06
1859.28	  1.25334e+06
1860.38	  1.25217e+06
1861.47	  1.251e+06
1862.58	  1.24984e+06
1863.67	  1.24867e+06
1864.78	  1.2475e+06
1865.88	  1.24634e+06
1866.97	  1.24517e+06
1868.08	  1.24401e+06
1869.17	  1.24284e+06
1870.28	  1.24168e+06
1871.38	  1.24052e+06
1872.47	  1.23936e+06
1873.58	  1.2382e+06
1874.67	  1.23704e+06
1875.78	  1.23588e+06
1876.88	  1.23473e+06
1877.97	  1.23357e+06
1879.08	  1.23242e+06
1880.17	  1.23126e+06
1881.28	  1.23011e+06
1882.38	  1.22896e+06
1883.47	  1.2278e+06
1884.58	  1.22665e+06
1885.67	  1.2255e+06
1886.78	  1.22435e+06
1887.88	  1.22321e+06
1888.97	  1.22206e+06
1890.08	  1.22091e+06
1891.17	  1.21977e+06
1892.28	  1.21862e+06
1893.38	  1.21748e+06
1894.47	  1.21634e+06
1895.58	  1.2152e+06
1896.67	  1.21406e+06
1897.78	  1.21292e+06
1898.88	  1.21178e+06
1899.97	  1.21064e+06
1901.08	  1.2095e+06
1902.17	  1.20836e+06
1903.28	  1.20723e+06
1904.38	  1.20609e+06
1905.47	  1.20496e+06
1906.58	  1.20383e+06
1907.67	  1.2027e+06
1908.78	  1.20156e+06
1909.88	  1.20043e+06
1910.97	  1.1993e+06
1912.08	  1.19818e+06
1913.17	  1.19705e+06
1914.28	  1.19592e+06
1915.38	  1.1948e+06
1916.47	  1.19367e+06
1917.58	  1.19255e+06
1918.67	  1.19142e+06
1919.78	  1.1903e+06
1920.88	  1.18918e+06
1921.97	  1.18806e+06
1923.08	  1.18694e+06
1924.17	  1.18582e+06
1925.28	  1.18471e+06
1926.38	  1.18359e+06
1927.47	  1.18247e+06
1928.58	  1.18136e+06
1929.67	  1.18024e+06
1930.78	  1.17913e+06
1931.88	  1.17802e+06
1932.97	  1.17691e+06
1934.08	  1.1758e+06
1935.17	  1.17469e+06
1936.28	  1.17358e+06
1937.38	  1.17247e+06
1938.47	  1.17136e+06
1939.58	  1.17026e+06
1940.67	  1.16915e+06
1941.78	  1.16805e+06
1942.88	  1.16694e+06
1943.97	  1.16584e+06
1945.08	  1.16474e+06
1946.17	  1.16364e+06
1947.28	  1.16254e+06
1948.38	  1.16144e+06
1949.47	  1.16034e+06
1950.58	  1.15924e+06
1951.67	  1.15815e+06
1952.78	  1.15705e+06
1953.88	  1.15596e+06
1954.97	  1.15486e+06
1956.08	  1.15377e+06
1957.17	  1.15268e+06
1958.28	  1.15159e+06
1959.38	  1.1505e+06
1960.47	  1.14941e+06
1961.58	  1.14832e+06
1962.67	  1.14723e+06
1963.78	  1.14614e+06
1964.88	  1.14506e+06
1965.97	  1.14397e+06
1967.08	  1.14289e+06
1968.17	  1.14181e+06
1969.28	  1.14072e+06
1970.38	  1.13964e+06
1971.47	  1.13856e+06
1972.58	  1.13748e+06
1973.67	  1.1364e+06
1974.78	  1.13533e+06
1975.88	  1.13425e+06
1976.97	  1.13317e+06
1978.08	  1.1321e+06
1979.17	  1.13102e+06
1980.28	  1.12995e+06
1981.38	  1.12888e+06
1982.47	  1.12781e+06
1983.58	  1.12674e+06
1984.67	  1.12567e+06
1985.78	  1.1246e+06
1986.88	  1.12353e+06
1987.97	  1.12246e+06
1989.08	  1.12139e+06
1990.17	  1.12033e+06
1991.28	  1.11926e+06
1992.38	  1.1182e+06
1993.47	  1.11714e+06
1994.58	  1.11608e+06
1995.67	  1.11501e+06
1996.78	  1.11395e+06
1997.88	  1.1129e+06
1998.97	  1.11184e+06
2000.08	  1.11078e+06
2001.17	  1.10972e+06
2002.28	  1.10867e+06
2003.38	  1.10761e+06
2004.47	  1.10656e+06
2005.58	  1.1055e+06
2006.67	  1.10445e+06
2007.78	  1.1034e+06
2008.88	  1.10235e+06
2009.97	  1.1013e+06
2011.08	  1.10025e+06
2012.17	  1.0992e+06
2013.28	  1.09816e+06
2014.38	  1.09711e+06
2015.47	  1.09606e+06
2016.58	  1.09502e+06
2017.67	  1.09398e+06
2018.78	  1.09293e+06
2019.88	  1.09189e+06
2020.97	  1.09085e+06
2022.08	  1.08981e+06
2023.18	  1.08877e+06
2024.28	  1.08773e+06
2025.38	  1.0867e+06
2026.47	  1.08566e+06
2027.58	  1.08462e+06
2028.68	  1.08359e+06
2029.78	  1.08256e+06
2030.88	  1.08152e+06
2031.97	  1.08049e+06
2033.08	  1.07946e+06
2034.18	  1.07843e+06
2035.28	  1.0774e+06
2036.38	  1.07637e+06
2037.47	  1.07534e+06
2038.58	  1.07431e+06
2039.68	  1.07329e+06
2040.78	  1.07226e+06
2041.88	  1.07124e+06
2042.97	  1.07022e+06
2044.08	  1.06919e+06
2045.18	  1.06817e+06
2046.28	  1.06715e+06
2047.38	  1.06613e+06
2048.47	  1.06511e+06
2049.57	  1.06409e+06
2050.68	  1.06307e+06
2051.78	  1.06206e+06
2052.88	  1.06104e+06
2053.97	  1.06003e+06
2055.07	  1.05901e+06
2056.18	  1.058e+06
2057.28	  1.05699e+06
2058.38	  1.05598e+06
2059.47	  1.05497e+06
2060.57	  1.05396e+06
2061.68	  1.05295e+06
2062.78	  1.05194e+06
2063.88	  1.05093e+06
2064.97	  1.04993e+06
2066.07	  1.04892e+06
2067.18	  1.04792e+06
2068.28	  1.04691e+06
2069.38	  1.04591e+06
2070.47	  1.04491e+06
2071.57	  1.04391e+06
2072.68	  1.04291e+06
2073.78	  1.04191e+06
2074.88	  1.04091e+06
2075.97	  1.03991e+06
2077.07	  1.03891e+06
2078.18	  1.03792e+06
2079.28	  1.03692e+06
2080.38	  1.03593e+06
2081.47	  1.03493e+06
2082.57	  1.03394e+06
2083.68	  1.03295e+06
2084.78	  1.03196e+06
2085.88	  1.03097e+06
2086.97	  1.02998e+06
2088.07	  1.02899e+06
2089.18	  1.028e+06
2090.28	  1.02702e+06
2091.38	  1.02603e+06
2092.47	  1.02505e+06
2093.57	  1.02406e+06
2094.68	  1.02308e+06
2095.78	  1.0221e+06
2096.88	  1.02112e+06
2097.97	  1.02014e+06
2099.07	  1.01916e+06
2100.18	  1.01818e+06
2101.28	  1.0172e+06
2102.38	  1.01622e+06
2103.47	  1.01524e+06
2104.57	  1.01427e+06
2105.68	  1.01329e+06
2106.78	  1.01232e+06
2107.88	  1.01135e+06
2108.97	  1.01038e+06
2110.07	  1.0094e+06
2111.18	  1.00843e+06
2112.28	  1.00746e+06
2113.38	  1.0065e+06
2114.47	  1.00553e+06
2115.57	  1.00456e+06
2116.68	  1.00359e+06
2117.78	  1.00263e+06
2118.88	  1.00166e+06
2119.97	  1.0007e+06
2121.07	  999737
2122.18	  998775
2123.28	  997814
2124.38	  996854
2125.47	  995894
2126.57	  994935
2127.68	  993978
2128.78	  993021
2129.88	  992064
2130.97	  991109
2132.07	  990155
2133.18	  989201
2134.28	  988248
2135.38	  987296
2136.47	  986345
2137.57	  985395
2138.68	  984445
2139.78	  983497
2140.88	  982549
2141.97	  981602
2143.07	  980656
2144.18	  979710
2145.28	  978766
2146.38	  977822
2147.47	  976879
2148.57	  975937
2149.68	  974996
2150.78	  974056
2151.88	  973116
2152.97	  972178
2154.07	  971240
2155.18	  970303
2156.28	  969367
2157.38	  968431
2158.47	  967497
2159.57	  966563
2160.68	  965630
2161.78	  964698
2162.88	  963767
2163.97	  962837
2165.07	  961907
2166.18	  960978
2167.28	  960050
2168.38	  959123
2169.47	  958197
2170.57	  957271
2171.68	  956347
2172.78	  955423
2173.88	  954500
2174.97	  953578
2176.07	  952656
2177.18	  951736
2178.28	  950816
2179.38	  949897
2180.47	  948979
2181.57	  948062
2182.68	  947145
2183.78	  946230
2184.88	  945315
2185.97	  944401
2187.07	  943488
2188.18	  942576
2189.28	  941664
2190.38	  940753
2191.47	  939843
2192.57	  938934
2193.68	  938026
2194.78	  937118
2195.88	  936212
2196.97	  935306
2198.07	  934401
2199.18	  933497
2200.28	  932593
2201.38	  931691
2202.47	  930789
2203.57	  929888
2204.68	  928988
2205.78	  928088
2206.88	  927190
2207.97	  926292
2209.07	  925395
2210.18	  924499
2211.28	  923603
2212.38	  922709
2213.47	  921815
2214.57	  920922
2215.68	  920030
2216.78	  919139
2217.88	  918248
2218.97	  917358
2220.07	  916469
2221.18	  915581
2222.28	  914694
2223.38	  913807
2224.47	  912922
2225.57	  912037
2226.68	  911153
2227.78	  910269
2228.88	  909387
2229.97	  908505
2231.07	  907624
2232.18	  906744
2233.28	  905865
2234.38	  904986
2235.47	  904108
2236.57	  903231
2237.68	  902355
2238.78	  901480
2239.88	  900605
2240.97	  899731
2242.07	  898858
2243.18	  897986
2244.28	  897115
2245.38	  896244
2246.47	  895374
2247.57	  894505
2248.68	  893637
2249.78	  892769
2250.88	  891903
2251.97	  891037
2253.07	  890172
2254.18	  889307
2255.28	  888444
2256.38	  887581
2257.47	  886719
2258.57	  885858
2259.68	  884997
2260.78	  884138
2261.88	  883279
2262.97	  882421
2264.07	  881564
2265.18	  880707
2266.28	  879852
2267.38	  878997
2268.47	  878143
2269.57	  877289
2270.68	  876436
2271.78	  875585
2272.88	  874734
2273.97	  873883
2275.07	  873034
2276.18	  872185
2277.28	  871337
2278.38	  870490
2279.47	  869644
2280.57	  719168
2281.68	  718533
2282.78	  717899
2283.88	  717265
2284.97	  716632
2286.07	  715999
2287.18	  715366
2288.28	  714735
2289.38	  714103
2290.47	  713473
2291.57	  712842
2292.68	  712213
2293.78	  711583
2294.88	  710955
2295.97	  710327
2297.07	  709699
2298.18	  709072
2299.28	  708445
2300.38	  707819
2301.47	  707194
2302.57	  706569
2303.68	  705944
2304.78	  705321
2305.88	  704697
2306.97	  704074
2308.07	  703452
2309.18	  702830
2310.28	  702209
2311.38	  701588
2312.47	  700968
2313.57	  700348
2314.68	  699729
2315.78	  699110
2316.88	  698492
2317.97	  697874
2319.07	  697257
2320.18	  696640
2321.28	  696024
2322.38	  695409
2323.47	  694794
2324.57	  694179
2325.68	  693565
2326.78	  692951
2327.88	  692338
2328.97	  691726
2330.07	  691114
2331.18	  690502
2332.28	  689892
2333.38	  689281
2334.47	  688671
2335.57	  688062
2336.68	  687453
2337.78	  686845
2338.88	  686237
2339.97	  685629
2341.07	  685023
2342.18	  684416
2343.28	  683810
2344.38	  683205
2345.47	  682600
2346.57	  681996
2347.68	  681392
2348.78	  680789
2349.88	  680186
2350.97	  679584
2352.07	  678982
2353.18	  678381
2354.28	  677780
2355.38	  677180
2356.47	  676580
2357.57	  675981
2358.68	  675383
2359.78	  674784
2360.88	  674187
2361.97	  673590
2363.07	  672993
2364.18	  672397
2365.28	  671801
2366.38	  671206
2367.47	  670611
2368.57	  670017
2369.68	  669424
2370.78	  668831
2371.88	  668238
2372.97	  667646
2374.07	  667054
2375.18	  666463
2376.28	  665873
2377.38	  665282
2378.47	  664693
2379.57	  664104
2380.68	  663515
2381.78	  662927
2382.88	  662339
2383.97	  661752
2385.07	  661166
2386.18	  660580
2387.28	  659994
2388.38	  659409
2389.47	  658824
2390.57	  658240
2391.68	  657657
2392.78	  657074
2393.88	  656491
2394.97	  655909
2396.07	  655327
2397.18	  654746
2398.28	  654165
2399.38	  653585
2400.47	  653006
2401.57	  652427
2402.68	  651848
2403.78	  651270
2404.88	  650692
2405.97	  650115
2407.07	  649538
2408.18	  648962
2409.28	  648386
2410.38	  647811
2411.47	  647236
2412.57	  646662
2413.68	  646088
2414.78	  645515
2415.88	  644942
2416.97	  644370
2418.07	  643798
2419.18	  643227
2420.28	  642656
2421.38	  642086
2422.47	  641516
2423.57	  640947
2424.68	  640378
2425.78	  639810
2426.88	  639242
2427.97	  638675
2429.07	  638108
2430.18	  637541
2431.28	  636975
2432.38	  636410
2433.47	  635845
2434.57	  635281
2435.68	  634716
2436.78	  634153
2437.88	  633590
2438.97	  633027
2440.07	  632465
2441.18	  631904
2442.28	  631343
2443.38	  630782
2444.47	  630222
2445.57	  629662
2446.68	  629103
2447.78	  628545
2448.88	  627986
2449.97	  627429
2451.07	  626871
2452.18	  626315
2453.28	  625758
2454.38	  625203
2455.47	  624647
2456.57	  624092
2457.68	  623538
2458.78	  622984
2459.88	  622431
2460.97	  621878
2462.07	  621325
2463.18	  620773
2464.28	  620222
2465.38	  619671
2466.47	  619120
2467.57	  618570
2468.68	  618021
2469.78	  617472
2470.88	  616923
2471.97	  616375
2473.07	  615827
2474.18	  615280
2475.28	  614733
2476.38	  614187
2477.47	  613641
