Emission arising from a slab of Hydrogen (both H and H-).
   
Parameters of the slab:
n_e = 1e+14 cm-3
T_e = 7500 K
tau(lambda=300 nm) = 0.01
L = 250612 cm
   
Wavelength (nm), Emission (erg s-1 cm-2 nm-1 sr-1)
50	  0.00837031
91.2	  4.50155
120	  395.065
150	  9232.37
175	  38173.7
200	  108552
225	  234408
250	  423578
270	  619030
290	  848580
300	  974052
305	  1.03905e+06
310	  1.10539e+06
315	  1.17296e+06
320	  1.24162e+06
322.5	  1.27633e+06
325	  1.31126e+06
327	  1.33936e+06
329	  1.36759e+06
329.999	  1.38174e+06
330.266	  1.38552e+06
330.533	  1.38931e+06
330.8	  1.3931e+06
331.067	  1.39689e+06
331.334	  1.40069e+06
331.601	  1.40448e+06
331.868	  1.40828e+06
332.135	  1.41208e+06
332.402	  1.41588e+06
332.669	  1.41969e+06
332.936	  1.42349e+06
333.203	  1.4273e+06
333.47	  1.43111e+06
333.737	  1.43492e+06
334.004	  1.43873e+06
334.271	  1.44255e+06
334.538	  1.44637e+06
334.805	  1.45018e+06
335.072	  1.454e+06
335.339	  1.45783e+06
335.606	  1.46165e+06
335.873	  1.46548e+06
336.14	  1.4693e+06
336.407	  1.47313e+06
336.674	  1.47696e+06
336.941	  1.48079e+06
337.208	  1.48463e+06
337.475	  1.48846e+06
337.742	  1.4923e+06
338.009	  1.49614e+06
338.276	  1.49998e+06
338.543	  1.50382e+06
338.81	  1.50766e+06
339.077	  1.51151e+06
339.344	  1.51536e+06
339.611	  1.5192e+06
339.878	  1.52305e+06
340.145	  1.5269e+06
340.412	  1.53075e+06
340.679	  1.53461e+06
340.946	  1.53846e+06
341.213	  1.54232e+06
341.48	  1.54618e+06
341.747	  1.55004e+06
342.014	  1.5539e+06
342.281	  1.55776e+06
342.548	  1.56162e+06
342.815	  1.56548e+06
343.082	  1.56935e+06
343.349	  1.57321e+06
343.616	  1.57708e+06
343.883	  1.58095e+06
344.15	  1.58482e+06
344.417	  1.58869e+06
344.684	  1.59256e+06
344.951	  1.59644e+06
345.218	  1.60031e+06
345.485	  1.60419e+06
345.752	  1.60806e+06
346.019	  1.61194e+06
346.286	  1.61582e+06
346.553	  1.6197e+06
346.82	  1.62358e+06
347.087	  1.62746e+06
347.354	  1.63135e+06
347.621	  1.63523e+06
347.888	  1.63911e+06
348.155	  1.643e+06
348.422	  1.64689e+06
348.689	  1.65077e+06
348.956	  1.65466e+06
349.223	  1.65855e+06
349.49	  1.66244e+06
349.757	  1.66633e+06
350.024	  1.67022e+06
350.291	  1.67411e+06
350.558	  1.67801e+06
350.825	  1.6819e+06
351.092	  1.68579e+06
351.359	  1.68969e+06
351.626	  1.69359e+06
351.893	  1.69748e+06
352.16	  1.70138e+06
352.427	  1.70528e+06
352.694	  1.70918e+06
352.961	  1.71308e+06
353.228	  1.71698e+06
353.495	  1.72088e+06
353.762	  1.72478e+06
354.029	  1.72868e+06
354.296	  1.73258e+06
354.563	  1.73648e+06
354.83	  1.74039e+06
355.097	  1.74429e+06
355.364	  1.74819e+06
355.631	  1.7521e+06
355.898	  1.756e+06
356.165	  1.75991e+06
356.432	  1.76381e+06
356.699	  1.76772e+06
356.966	  1.77163e+06
357.233	  1.77553e+06
357.5	  1.77944e+06
357.767	  1.78335e+06
358.034	  1.78726e+06
358.301	  1.79116e+06
358.568	  1.79507e+06
358.835	  1.79898e+06
359.102	  1.80289e+06
359.369	  1.8068e+06
359.636	  1.81071e+06
359.903	  1.81462e+06
360.17	  1.81853e+06
360.437	  1.82244e+06
360.704	  1.82635e+06
360.971	  1.83026e+06
361.238	  1.83417e+06
361.505	  1.83808e+06
361.772	  1.84199e+06
362.039	  1.8459e+06
362.306	  1.84982e+06
362.573	  1.85373e+06
363	  1.85998e+06
363.027	  1.86038e+06
363.054	  1.86077e+06
363.08	  1.86116e+06
363.107	  1.86155e+06
363.134	  1.86194e+06
363.16	  1.86233e+06
363.187	  1.86272e+06
363.214	  1.86311e+06
363.24	  1.8635e+06
363.267	  1.8639e+06
363.294	  1.86429e+06
363.321	  1.86468e+06
363.347	  1.86507e+06
363.374	  1.86546e+06
363.401	  1.86585e+06
363.427	  1.86624e+06
363.454	  1.86663e+06
363.481	  1.86702e+06
363.508	  1.86742e+06
363.534	  1.86781e+06
363.561	  1.8682e+06
363.588	  1.86859e+06
363.614	  1.86898e+06
363.641	  1.86937e+06
363.668	  1.86976e+06
363.694	  1.87015e+06
363.721	  1.87054e+06
363.748	  1.87094e+06
363.774	  1.87133e+06
363.801	  1.87172e+06
363.828	  1.87211e+06
363.855	  1.8725e+06
363.881	  1.87289e+06
363.908	  1.87328e+06
363.935	  1.87367e+06
363.961	  1.87406e+06
363.988	  1.87446e+06
364.015	  1.87485e+06
364.041	  1.87524e+06
364.068	  1.87563e+06
364.095	  1.87602e+06
364.122	  1.87641e+06
364.148	  1.8768e+06
364.175	  1.87719e+06
364.202	  1.87758e+06
364.228	  1.87798e+06
364.255	  1.87837e+06
364.282	  1.87876e+06
364.308	  1.87915e+06
364.335	  1.87954e+06
364.362	  1.87993e+06
364.389	  1.88032e+06
364.415	  1.88071e+06
364.442	  1.8811e+06
364.469	  1.8815e+06
364.495	  1.88189e+06
364.522	  1.88233e+06
364.549	  1.88272e+06
364.575	  1.88311e+06
364.602	  1.8835e+06
364.629	  1.88389e+06
364.656	  1.88428e+06
364.682	  1.88467e+06
364.709	  1.88506e+06
364.736	  277574
364.762	  277609
364.789	  277644
364.816	  277680
364.842	  277715
364.869	  277750
364.896	  277785
364.923	  277820
364.949	  277856
364.976	  277891
365.003	  277926
365.029	  277961
365.056	  277996
365.083	  278031
365.11	  278067
365.136	  278102
365.163	  278137
365.19	  278172
365.216	  278207
365.243	  278242
365.27	  278277
365.296	  278312
365.323	  278348
365.35	  278383
365.377	  278418
365.403	  278453
365.43	  278488
365.457	  278523
365.483	  278558
365.51	  278593
365.537	  278628
365.563	  278663
365.59	  278698
365.617	  278733
365.643	  278768
365.67	  278803
365.697	  278838
365.724	  278873
365.75	  278908
365.777	  278943
365.804	  278978
365.83	  279013
365.857	  279048
365.884	  279083
365.91	  279118
365.937	  279153
365.964	  279188
365.991	  279223
365.991	  279223
366.258	  279572
366.525	  279921
366.792	  280269
367.059	  280616
367.326	  280963
367.593	  281309
367.86	  281655
368.127	  282000
368.394	  282345
368.661	  282688
368.928	  283032
369.195	  283374
369.462	  283716
369.729	  284058
369.996	  284398
370.263	  284739
370.53	  285078
370.797	  285417
371.064	  285756
371.331	  286093
371.598	  286431
371.865	  286767
372.132	  287103
372.399	  287438
372.666	  287773
372.933	  288107
373.2	  288441
373.467	  288774
373.734	  289106
374.001	  289438
374.268	  289769
374.535	  290099
374.802	  290429
375.069	  290758
375.336	  291087
375.603	  291415
375.87	  291742
376.137	  292069
376.404	  292395
376.671	  292720
376.938	  293045
377.205	  293370
377.472	  293693
377.739	  294016
378.006	  294339
378.273	  294660
378.54	  294982
378.807	  295302
379.074	  295622
379.341	  295941
379.608	  296260
379.875	  296578
380.142	  296895
380.409	  297212
380.676	  297528
380.943	  297844
381.21	  298159
381.477	  298473
381.744	  298787
382.011	  299100
382.278	  299412
382.545	  299724
382.812	  300035
383.079	  300346
383.346	  300656
383.613	  300965
383.88	  301273
384.147	  301581
384.414	  301889
384.681	  302196
384.948	  302502
385.215	  302807
385.482	  303112
385.749	  303416
386.016	  303720
386.283	  304023
386.55	  304325
386.817	  304627
387.084	  304928
387.351	  305228
387.618	  305528
387.885	  305827
388.152	  306126
388.419	  306424
388.686	  306721
388.953	  307017
389.22	  307313
389.487	  307609
389.754	  307903
390.021	  308198
390.288	  308491
390.555	  308784
390.822	  309076
391.089	  309367
391.356	  309658
391.623	  309949
391.89	  310238
392.157	  310527
392.424	  310816
392.691	  311103
392.958	  311390
393.225	  311677
393.492	  311963
393.759	  312248
394.026	  312532
394.293	  312816
394.56	  313100
394.827	  313382
395.094	  313664
395.361	  313946
395.628	  314226
395.895	  314506
396.162	  314786
396.429	  315065
396.696	  315343
396.963	  315620
397.23	  315897
397.497	  316173
397.764	  316449
398.031	  316724
398.298	  316998
398.565	  317272
398.832	  317545
399.099	  317817
399.366	  318089
399.633	  318360
399.9	  318631
400.167	  318901
400.434	  319170
400.701	  319439
400.968	  319707
401.235	  319974
401.502	  320241
401.769	  320507
402.036	  320772
402.303	  321037
402.57	  321301
402.837	  321565
403.104	  321827
403.371	  322090
403.638	  322351
403.905	  322612
404.172	  322872
404.439	  323132
404.706	  323391
404.973	  323650
405.24	  323907
405.507	  324165
405.774	  324421
406.041	  324677
406.308	  324932
406.575	  325187
406.842	  325441
407.109	  325694
407.376	  325947
407.643	  326199
407.91	  326450
408.177	  326701
408.444	  326951
408.711	  327201
408.978	  327450
409.245	  327698
409.512	  327945
409.779	  328192
410.046	  328439
410.313	  328684
410.58	  328930
410.847	  329174
411.114	  329418
411.381	  329661
411.648	  329904
411.915	  330146
412.182	  330387
412.449	  330628
412.716	  330868
412.983	  331107
413.25	  331346
413.517	  331584
413.784	  331821
414.051	  332058
414.318	  332295
414.585	  332530
414.852	  332765
415.119	  333000
415.386	  333233
415.653	  333466
415.92	  333699
416.187	  333931
416.454	  334162
416.721	  334393
416.988	  334623
417.255	  334852
417.522	  335081
417.789	  335309
418.056	  335536
418.323	  335763
418.59	  335989
418.857	  336215
419.124	  336440
419.391	  336664
419.658	  336888
419.925	  337111
420.192	  337334
420.459	  337555
420.726	  337777
420.993	  337997
421.26	  338217
421.527	  338437
421.794	  338655
422.061	  338874
422.328	  339091
422.595	  339308
422.862	  339524
423.129	  339740
423.396	  339955
423.663	  340169
423.93	  340383
424.197	  340596
424.464	  340809
424.731	  341021
424.998	  341232
425.265	  341443
425.532	  341653
425.799	  341863
426.066	  342071
426.333	  342280
426.6	  342487
426.867	  342694
427.134	  342901
427.401	  343107
427.668	  343312
427.935	  343517
428.202	  343721
428.469	  343924
428.736	  344127
429.003	  344329
429.27	  344530
429.537	  344731
429.804	  344932
430.071	  345131
430.338	  345330
430.605	  345529
430.872	  345727
431.139	  345924
431.406	  346121
431.673	  346317
431.94	  346512
432.207	  346707
432.474	  346901
432.741	  347095
433.008	  347288
433.275	  347481
433.542	  347673
433.809	  347864
434.076	  348054
434.343	  348245
434.61	  348434
434.877	  348623
435.144	  348811
435.411	  348999
435.678	  349186
435.945	  349372
436.212	  349558
436.479	  349743
436.746	  349928
437.013	  350112
437.28	  350296
437.547	  350479
437.814	  350661
438.081	  350843
438.348	  351024
438.615	  351204
438.882	  351384
439.149	  351564
439.416	  351742
439.683	  351920
439.95	  352098
440.217	  352275
440.484	  352451
440.751	  352627
441.018	  352802
441.285	  352977
441.552	  353151
441.819	  353325
442.086	  353497
442.353	  353670
442.62	  353841
442.887	  354012
443.154	  354183
443.421	  354353
443.688	  354522
443.955	  354691
444.222	  354859
444.489	  355027
444.756	  355194
445.023	  355361
445.29	  355526
445.557	  355692
445.824	  355856
446.091	  356021
446.358	  356184
446.625	  356347
446.892	  356510
447.159	  356672
447.426	  356833
447.693	  356994
447.96	  357154
448.227	  357313
448.494	  357472
448.761	  357631
449.028	  357789
449.295	  357946
449.562	  358103
449.829	  358259
450.096	  358414
450.363	  358569
450.63	  358724
450.897	  358878
451.164	  359031
451.431	  359184
451.698	  359336
451.965	  359488
452.232	  359639
452.499	  359789
452.766	  359939
453.033	  360089
453.3	  360237
453.567	  360386
453.834	  360533
454.101	  360680
454.368	  360827
454.635	  360973
454.902	  361119
455.169	  361263
455.436	  361408
455.703	  361552
455.97	  361695
456.237	  361838
456.504	  361980
456.771	  362121
457.038	  362262
457.305	  362403
457.572	  362543
457.839	  362682
458.106	  362821
458.373	  362959
458.64	  363097
458.907	  363234
459.174	  363371
459.441	  363507
459.708	  363643
459.975	  363778
460.242	  363912
460.509	  364046
460.776	  364180
461.043	  364312
461.31	  364445
461.577	  364577
461.844	  364708
462.111	  364838
462.378	  364969
462.645	  365098
462.912	  365227
463.179	  365356
463.446	  365484
463.713	  365611
463.98	  365738
464.247	  365865
464.514	  365991
464.781	  366116
465.048	  366241
465.315	  366365
465.582	  366489
465.849	  366612
466.116	  366735
466.383	  366857
466.65	  366979
466.917	  367100
467.184	  367220
467.451	  367340
467.718	  367460
467.985	  367579
468.252	  367697
468.519	  367815
468.786	  367933
469.053	  368050
469.32	  368166
469.587	  368282
469.854	  368397
470.121	  368512
470.388	  368626
470.655	  368740
470.922	  368854
471.189	  368966
471.456	  369079
471.723	  369190
471.99	  369302
472.257	  369412
472.524	  369523
472.791	  369632
473.058	  369741
473.325	  369850
473.592	  369958
473.859	  370066
474.126	  370173
474.393	  370280
474.66	  370386
474.927	  370491
475.194	  370597
475.461	  370701
475.728	  370805
475.995	  370909
476.262	  371012
476.529	  371115
476.796	  371217
477.063	  371318
477.33	  371420
477.597	  371520
477.864	  371620
478.131	  371720
478.398	  371819
478.665	  371918
478.932	  372016
479.199	  372113
479.466	  372210
479.733	  372307
480	  372403
480.267	  372499
480.534	  372594
480.801	  372689
481.068	  372783
481.335	  372877
481.602	  372970
481.869	  373063
482.136	  373155
482.403	  373247
482.67	  373338
482.937	  373429
483.204	  373519
483.471	  373609
483.738	  373698
484.005	  373787
484.272	  373875
484.539	  373963
484.806	  374051
485.073	  374138
485.34	  374224
485.607	  374310
485.874	  374395
486.141	  374480
486.408	  374565
486.675	  374649
486.942	  374733
487.209	  374816
487.476	  374898
487.743	  374981
488.01	  375062
488.277	  375144
488.544	  375224
488.811	  375305
489.078	  375385
489.345	  375464
489.612	  375543
489.879	  375621
490.146	  375699
490.413	  375777
490.68	  375854
490.947	  375930
491.214	  376006
491.481	  376082
491.748	  376157
492.015	  376232
492.282	  376306
492.549	  376380
492.816	  376453
493.083	  376526
493.35	  376599
493.617	  376671
493.884	  376742
494.151	  376813
494.418	  376884
494.685	  376954
494.952	  377024
495.219	  377093
495.486	  377162
495.753	  377230
496.02	  377298
496.287	  377366
496.554	  377433
496.821	  377499
497.088	  377565
497.355	  377631
497.622	  377696
497.889	  377761
498.156	  377825
498.423	  377889
498.69	  377953
498.957	  378016
499.224	  378078
499.491	  378141
499.758	  378202
500.025	  378264
500.292	  378324
500.559	  378385
500.826	  378445
501.093	  378504
501.36	  378563
501.627	  378622
501.894	  378680
502.161	  378738
502.428	  378795
502.695	  378852
502.962	  378909
503.229	  378965
503.496	  379020
503.763	  379076
504.03	  379130
504.297	  379185
504.564	  379239
504.831	  379292
505.098	  379345
505.365	  379398
505.632	  379450
505.899	  379502
506.166	  379553
506.433	  379604
506.7	  379655
506.967	  379705
507.234	  379755
507.501	  379804
507.768	  379853
508.035	  379901
508.302	  379949
508.569	  379997
508.836	  380044
509.103	  380091
509.37	  380137
509.637	  380183
509.904	  380229
510.171	  380274
510.438	  380319
510.705	  380363
510.972	  380407
511.239	  380450
511.506	  380494
511.773	  380536
512.04	  380579
512.307	  380620
512.574	  380662
512.841	  380703
513.108	  380744
513.375	  380784
513.642	  380824
513.909	  380863
514.176	  380902
514.443	  380941
514.71	  380979
514.977	  381017
515.244	  381055
515.511	  381092
515.778	  381128
516.045	  381165
516.312	  381200
516.579	  381236
516.846	  381271
517.113	  381306
517.38	  381340
517.647	  381374
517.914	  381408
518.181	  381441
518.448	  381473
518.715	  381506
518.982	  381538
519.249	  381569
519.516	  381601
519.783	  381631
520.05	  381662
520.317	  381692
520.584	  381722
520.851	  381751
521.118	  381780
521.385	  381808
521.652	  381836
521.919	  381864
522.186	  381892
522.453	  381919
522.72	  381945
522.987	  381971
523.254	  381997
523.521	  382023
523.788	  382048
524.055	  382073
524.322	  382097
524.589	  382121
524.856	  382145
525.123	  382168
525.39	  382191
525.657	  382213
525.924	  382236
526.191	  382257
526.458	  382279
526.725	  382300
526.992	  382321
527.259	  382341
527.526	  382361
527.793	  382380
528.06	  382400
528.327	  382418
528.594	  382437
528.861	  382455
529.128	  382473
529.395	  382490
529.662	  382507
529.929	  382524
530.196	  382540
530.463	  382556
530.73	  382572
530.997	  382587
531.264	  382602
531.531	  382617
531.798	  382631
532.065	  382645
532.332	  382658
532.599	  382671
532.866	  382684
533.133	  382697
533.4	  382709
533.667	  382721
533.934	  382732
534.201	  382743
534.468	  382754
534.735	  382764
535.002	  382774
535.269	  382784
535.536	  382793
535.803	  382802
536.07	  382811
536.337	  382819
536.604	  382827
536.871	  382835
537.138	  382842
537.405	  382849
537.672	  382855
537.939	  382862
538.206	  382868
538.473	  382873
538.74	  382878
539.007	  382883
539.274	  382888
539.541	  382892
539.808	  382896
540.075	  382900
540.342	  382903
540.609	  382906
540.876	  382908
541.143	  382911
541.41	  382912
541.677	  382914
541.944	  382915
542.211	  382916
542.478	  382917
542.745	  382917
543.012	  382917
543.279	  382917
543.546	  382916
543.813	  382915
544.08	  382914
544.347	  382912
544.614	  382910
544.881	  382908
545.148	  382905
545.415	  382902
545.682	  382899
545.949	  382895
546.216	  382891
546.483	  382887
546.75	  382883
547.017	  382878
547.284	  382873
547.551	  382867
547.818	  382861
548.085	  382855
548.352	  382849
548.619	  382842
548.886	  382835
549.153	  382828
549.42	  382820
549.687	  382812
549.954	  382804
550.221	  382795
550.488	  382786
550.755	  382777
551.022	  382767
551.289	  382758
551.556	  382747
551.823	  382737
552.09	  382726
552.357	  382715
552.624	  382704
552.891	  382692
553.158	  382680
553.425	  382668
553.692	  382656
553.959	  382643
554.226	  382630
554.493	  382616
554.76	  382602
555.027	  382588
555.294	  382574
555.561	  382559
555.828	  382545
556.095	  382529
556.362	  382514
556.629	  382498
556.896	  382482
557.163	  382466
557.43	  382449
557.697	  382432
557.964	  382415
558.231	  382397
558.498	  382379
558.765	  382361
559.032	  382343
559.299	  382324
559.566	  382305
560.009	  382273
560.296	  382252
560.583	  382230
560.87	  382208
561.157	  382186
561.444	  382164
561.731	  382141
562.018	  382118
562.305	  382094
562.592	  382070
562.879	  382046
563.166	  382022
563.453	  381997
563.74	  381972
564.027	  381946
564.314	  381921
564.601	  381895
564.888	  381868
565.175	  381841
565.462	  381814
565.749	  381787
566.036	  381760
566.323	  381732
566.61	  381703
566.897	  381675
567.184	  381646
567.471	  381617
567.758	  381587
568.045	  381557
568.332	  381527
568.619	  381497
568.906	  381466
569.193	  381435
569.48	  381404
569.767	  381372
570.054	  381340
570.341	  381308
570.628	  381275
570.915	  381243
571.202	  381209
571.489	  381176
571.776	  381142
572.063	  381108
572.35	  381074
572.637	  381039
572.924	  381004
573.211	  380969
573.498	  380933
573.785	  380898
574.072	  380862
574.359	  380825
574.646	  380788
574.933	  380752
575.22	  380714
575.507	  380677
575.794	  380639
576.081	  380601
576.368	  380562
576.655	  380524
576.942	  380485
577.229	  380445
577.516	  380406
577.803	  380366
578.09	  380326
578.377	  380285
578.664	  380245
578.951	  380204
579.238	  380162
579.525	  380121
579.812	  380079
580.099	  380037
580.386	  379995
580.673	  379952
580.96	  379909
581.247	  379866
581.534	  379822
581.821	  379779
582.108	  379735
582.395	  379690
582.682	  379646
582.969	  379601
583.256	  379556
583.543	  379510
583.83	  379465
584.117	  379419
584.404	  379373
584.691	  379326
584.978	  379280
585.265	  379233
585.552	  379185
585.839	  379138
586.126	  379090
586.413	  379042
586.7	  378994
586.987	  378945
587.274	  378896
587.561	  378847
587.848	  378798
588.135	  378748
588.422	  378699
588.709	  378648
588.996	  378598
589.283	  378547
589.57	  378497
589.857	  378445
590.144	  378394
590.431	  378342
590.718	  378291
591.005	  378238
591.292	  378186
591.579	  378133
591.866	  378081
592.153	  378027
592.44	  377974
592.727	  377920
593.014	  377866
593.301	  377812
593.588	  377758
593.875	  377703
594.162	  377648
594.449	  377593
594.736	  377538
595.023	  377482
595.31	  377427
595.597	  377370
595.884	  377314
596.171	  377258
596.458	  377201
596.745	  377144
597.032	  377086
597.319	  377029
597.606	  376971
597.893	  376913
598.18	  376855
598.467	  376796
598.754	  376738
599.041	  376679
599.328	  376620
599.615	  376560
599.902	  376501
600.189	  376441
600.476	  376381
600.763	  376320
601.05	  376260
601.337	  376199
601.624	  376138
601.911	  376077
602.198	  376015
602.485	  375954
602.772	  375892
603.059	  375830
603.346	  375767
603.633	  375705
603.92	  375642
604.207	  375579
604.494	  375515
604.781	  375452
605.068	  375388
605.355	  375324
605.642	  375260
605.929	  375196
606.216	  375131
606.503	  375067
606.79	  375002
607.077	  374936
607.364	  374871
607.651	  374805
607.938	  374739
608.225	  374673
608.512	  374607
608.799	  374540
609.086	  374474
609.373	  374407
609.66	  374340
609.947	  374272
610.234	  374205
610.521	  374137
610.808	  374069
611.095	  374001
611.382	  373932
611.669	  373864
611.956	  373795
612.243	  373726
612.53	  373657
612.817	  373587
613.104	  373517
613.391	  373448
613.678	  373378
613.965	  373307
614.252	  373237
614.539	  373166
614.826	  373095
615.113	  373024
615.4	  372953
615.687	  372882
615.974	  372810
616.261	  372738
616.548	  372666
616.835	  372594
617.122	  372521
617.409	  372449
617.696	  372376
617.983	  372303
618.27	  372230
618.557	  372156
618.844	  372083
619.131	  372009
619.418	  371935
619.705	  371861
619.992	  371786
620.279	  371712
620.566	  371637
620.853	  371562
621.14	  371487
621.427	  371412
621.714	  371336
622.001	  371260
622.288	  371185
622.575	  371109
622.862	  371032
623.149	  370956
623.436	  370879
623.723	  370802
624.01	  370725
624.297	  370648
624.584	  370571
624.871	  370493
625.158	  370416
625.445	  370338
625.732	  370260
626.019	  370182
626.306	  370103
626.593	  370025
626.88	  369946
627.167	  369867
627.454	  369788
627.741	  369708
628.028	  369629
628.315	  369549
628.602	  369469
628.889	  369389
629.176	  369309
629.463	  369229
629.75	  369148
630.037	  369068
630.324	  368987
630.611	  368906
630.898	  368825
631.185	  368743
631.472	  368662
631.759	  368580
632.046	  368498
632.333	  368416
632.62	  368334
632.907	  368251
633.194	  368169
633.481	  368086
633.768	  368003
634.055	  367920
634.342	  367837
634.629	  367754
634.916	  367670
635.203	  367587
635.49	  367503
635.777	  367419
636.064	  367335
636.351	  367250
636.638	  367166
636.925	  367081
637.212	  366996
637.499	  366911
637.786	  366826
638.073	  366741
638.36	  366655
638.647	  366570
638.934	  366484
639.221	  366398
639.508	  366312
639.795	  366226
640.082	  366140
640.369	  366053
640.656	  365966
640.943	  365879
641.23	  365793
641.517	  365705
641.804	  365618
642.091	  365531
642.378	  365443
642.665	  365355
642.952	  365267
643.239	  365179
643.526	  365091
643.813	  365003
644.1	  364914
644.387	  364826
644.674	  364737
644.961	  364648
645.248	  364559
645.535	  364470
645.822	  364381
646.109	  364291
646.396	  364201
646.683	  364112
646.97	  364022
647.257	  363932
647.544	  363842
647.831	  363751
648.118	  363661
648.405	  363570
648.692	  363479
648.979	  363388
649.266	  363297
649.553	  363206
649.84	  363115
650.127	  363024
650.414	  362932
650.701	  362840
650.988	  362748
651.275	  362656
651.562	  362564
651.849	  362472
652.136	  362380
652.423	  362287
652.71	  362194
652.997	  362102
653.284	  362009
653.571	  361916
653.858	  361822
654.145	  361729
654.432	  361636
654.719	  361542
655.006	  361448
655.293	  361355
655.58	  361261
655.867	  361167
656.154	  361072
656.441	  360978
656.728	  360883
657.015	  360789
657.302	  360694
657.589	  360599
657.876	  360504
658.163	  360409
658.45	  360314
658.737	  360219
659.024	  360123
659.311	  360028
659.598	  359932
659.885	  359836
660.172	  359740
660.459	  359644
660.746	  359548
661.033	  359451
661.32	  359355
661.607	  359258
661.894	  359162
662.181	  359065
662.468	  358968
662.755	  358871
663.042	  358774
663.329	  358677
663.616	  358579
663.903	  358482
664.19	  358384
664.477	  358286
664.764	  358189
665.051	  358091
665.338	  357992
665.625	  357894
665.912	  357796
666.199	  357698
666.486	  357599
666.773	  357500
667.06	  357402
667.347	  357303
667.634	  357204
667.921	  357105
668.208	  357006
668.495	  356906
668.782	  356807
669.069	  356707
669.356	  356608
669.643	  356508
669.93	  356408
670.217	  356308
670.504	  356208
670.791	  356108
671.078	  356008
671.365	  355907
671.652	  355807
671.939	  355706
672.226	  355606
672.513	  355505
672.8	  355404
673.087	  355303
673.374	  355202
673.661	  355101
673.948	  354999
674.235	  354898
674.522	  354796
674.809	  354695
675.096	  354593
675.383	  354491
675.67	  354389
675.957	  354287
676.244	  354185
676.531	  354083
676.818	  353981
677.105	  353878
677.392	  353776
677.679	  353673
677.966	  353571
678.253	  353468
678.54	  353365
678.827	  353262
679.114	  353159
679.401	  353056
679.688	  352952
679.975	  352849
680.262	  352746
680.549	  352642
680.836	  352538
681.123	  352435
681.41	  352331
681.697	  352227
681.984	  352123
682.271	  352019
682.558	  351915
682.845	  351810
683.132	  351706
683.419	  351602
683.706	  351497
683.993	  351392
684.28	  351288
684.567	  351183
684.854	  351078
685.141	  350973
685.428	  350868
685.715	  350763
686.002	  350658
686.289	  350552
686.576	  350447
686.863	  350341
687.15	  350236
687.437	  350130
687.724	  350024
688.011	  349918
688.298	  349813
688.585	  349707
688.872	  349600
689.159	  349494
689.446	  349388
689.733	  349282
690.02	  349175
690.307	  349069
690.594	  348962
690.881	  348856
691.168	  348749
691.455	  348642
691.742	  348535
692.029	  348428
692.316	  348321
692.603	  348214
692.89	  348107
693.177	  348000
693.464	  347892
693.751	  347785
694.038	  347677
694.325	  347570
694.612	  347462
694.899	  347354
695.186	  347246
695.473	  347139
695.76	  347031
696.047	  346923
696.334	  346814
696.621	  346706
696.908	  346598
697.195	  346490
697.482	  346381
697.769	  346273
698.056	  346164
698.343	  346056
698.63	  345947
698.917	  345838
699.204	  345729
699.491	  345620
699.778	  345511
700.065	  345402
700.352	  345293
700.639	  345184
700.926	  345075
701.213	  344965
701.5	  344856
701.787	  344747
702.074	  344637
702.361	  344528
702.648	  344418
702.935	  344308
703.222	  344198
703.509	  344088
703.796	  343979
704.083	  343869
704.37	  343759
704.657	  343648
704.944	  343538
705.231	  343428
705.518	  343318
705.805	  343207
706.092	  343097
706.379	  342986
706.666	  342876
706.953	  342765
707.24	  342654
707.527	  342544
707.814	  342433
708.101	  342322
708.388	  342211
708.675	  342100
708.962	  341989
709.249	  341878
709.536	  341767
709.823	  341656
710.11	  341544
710.397	  341433
710.684	  341322
710.971	  341210
711.258	  341099
711.545	  340987
711.832	  340875
712.119	  340764
712.406	  340652
712.693	  340540
712.98	  340428
713.267	  340316
713.554	  340204
713.841	  340092
714.128	  339980
714.415	  339868
714.702	  339756
714.989	  339644
715.276	  339531
715.563	  339419
715.85	  339307
716.137	  339194
716.424	  339082
716.711	  338969
716.998	  338857
717.285	  338744
717.572	  338631
717.859	  338518
718.146	  338406
718.433	  338293
718.72	  338180
719.007	  338067
719.294	  337954
719.581	  337841
719.868	  337728
720.155	  337614
720.442	  337501
720.729	  337388
721.016	  337275
721.303	  337161
721.59	  337048
721.877	  336935
722.164	  336821
722.451	  336707
722.738	  336594
723.025	  336480
723.312	  336367
723.599	  336253
723.886	  336139
724.173	  336025
724.46	  335911
724.747	  335797
725.034	  335683
725.321	  335570
725.608	  335455
725.895	  335341
726.182	  335227
726.469	  335113
726.756	  334999
727.043	  334885
727.33	  334770
727.617	  334656
727.904	  334542
728.191	  334427
728.478	  334313
728.765	  334198
729.052	  334084
729.339	  333969
729.626	  333854
729.913	  333740
730.2	  333625
730.487	  333510
730.774	  333396
731.061	  333281
731.348	  333166
731.635	  333051
731.922	  332936
732.209	  332821
732.496	  332706
732.783	  332591
733.07	  332476
733.357	  332361
733.644	  332246
733.931	  332130
734.218	  332015
734.505	  331900
734.792	  331785
735.079	  331669
735.366	  331554
735.653	  331438
735.94	  331323
736.227	  331208
736.514	  331092
736.801	  330976
737.088	  330861
737.375	  330745
737.662	  330630
737.949	  330514
738.236	  330398
738.523	  330282
738.81	  330167
739.097	  330051
739.384	  329935
739.671	  329819
739.958	  329703
740.245	  329587
740.532	  329471
740.819	  329355
741.106	  329239
741.393	  329123
741.68	  329007
741.967	  328891
742.254	  328775
742.541	  328659
742.828	  328542
743.115	  328426
743.402	  328310
743.689	  328194
743.976	  328077
744.263	  327961
744.55	  327845
744.837	  327728
745.124	  327612
745.411	  327495
745.698	  327379
745.985	  327262
746.272	  327146
746.559	  327029
746.846	  326913
747.133	  326796
747.42	  326679
747.707	  326563
747.994	  326446
748.281	  326329
748.568	  326213
748.855	  326096
749.142	  325979
749.429	  325862
749.716	  325745
750.003	  325628
750.29	  325512
750.577	  325395
750.864	  325278
751.151	  325161
751.438	  325044
751.725	  324927
752.012	  324810
752.299	  324693
752.586	  324576
752.873	  324459
753.16	  324341
753.447	  324224
753.734	  324107
754.021	  323990
754.308	  323873
754.595	  323756
754.882	  323638
755.169	  323521
755.456	  323404
755.743	  323287
756.03	  323169
756.317	  323052
756.604	  322935
756.891	  322817
757.178	  322700
757.465	  322582
757.752	  322465
758.039	  322348
758.326	  322230
758.613	  322113
758.9	  321995
759.187	  321878
759.474	  321760
759.761	  321643
760.048	  321525
760.335	  321407
760.622	  321290
760.909	  321172
761.196	  321055
761.483	  320937
761.77	  320819
762.057	  320702
762.344	  320584
762.631	  320466
762.918	  320349
763.205	  320231
763.492	  320113
763.779	  319995
764.066	  319878
764.353	  319760
764.64	  319642
764.927	  319524
765.214	  319406
765.501	  319288
765.788	  319171
766.075	  319053
766.362	  318935
766.649	  318817
766.936	  318699
767.223	  318581
767.51	  318463
767.797	  318345
768.084	  318227
768.371	  318110
768.658	  317992
768.945	  317874
769.232	  317756
769.519	  317638
769.806	  317520
770.093	  317402
770.38	  317284
770.667	  317166
770.954	  317048
771.241	  316929
771.528	  316811
771.815	  316693
772.102	  316575
772.389	  316457
772.676	  316339
772.963	  316221
773.25	  316103
773.537	  315985
773.824	  315867
774.111	  315749
774.398	  315630
774.685	  315512
774.972	  315394
775.259	  315276
775.546	  315158
775.833	  315040
776.12	  314921
776.407	  314803
776.694	  314685
776.981	  314567
777.268	  314449
777.555	  314330
777.842	  314212
778.129	  314094
778.416	  313976
778.703	  313858
778.99	  313739
779.277	  313621
779.564	  313503
779.851	  313385
780.138	  313266
780.425	  313148
780.712	  313030
780.999	  312912
781.286	  312793
781.573	  312675
781.86	  312557
782.147	  312439
782.434	  312320
782.721	  312202
783.008	  312084
783.295	  311966
783.582	  311847
783.869	  311729
784.156	  311611
784.443	  311492
784.73	  311374
785.017	  311256
785.304	  311138
785.591	  311019
785.878	  310901
786.165	  310783
786.452	  310664
786.739	  310546
787.026	  310428
787.313	  310310
787.6	  310191
787.887	  310073
788.174	  309955
788.461	  309836
788.748	  309718
789.035	  309600
789.322	  309482
789.609	  309363
789.896	  309245
790.183	  309127
790.47	  309009
790.757	  308890
791.044	  308772
791.331	  308654
791.618	  308535
791.905	  308417
792.192	  308299
792.479	  308181
792.766	  308062
793.053	  307944
793.34	  307826
793.627	  307708
793.914	  307589
794.201	  307471
794.488	  307353
794.775	  307235
795.062	  307117
795.349	  306998
795.636	  306880
795.923	  306762
796.21	  306644
796.497	  306526
796.784	  306407
797.071	  306289
797.358	  306171
797.645	  306053
797.932	  305935
798.219	  305816
798.506	  305698
798.793	  305580
799.08	  305462
799.367	  305344
799.654	  305226
799.941	  305108
800.228	  304989
800.515	  304871
800.802	  304753
801.089	  304635
801.376	  304517
801.663	  304399
801.95	  304281
802.237	  304163
802.524	  304045
802.811	  303927
803.098	  303809
803.385	  303691
803.672	  303573
803.959	  303455
804.246	  303337
804.533	  303219
804.82	  303101
805.107	  302983
805.394	  302865
805.681	  302747
805.968	  302629
806.255	  302511
806.542	  302393
806.829	  302275
807.116	  302157
807.403	  302039
807.69	  301921
807.977	  301803
808.264	  301685
808.551	  301567
808.838	  301450
809.125	  301332
809.412	  301214
809.699	  301096
809.986	  300978
810.273	  300861
810.56	  300743
810.847	  300625
811.134	  300507
811.421	  300389
811.708	  300272
811.995	  300154
812.282	  300036
812.569	  299919
812.856	  299801
813.143	  299683
813.43	  299566
813.717	  299448
814.004	  299330
814.291	  299213
814.578	  299095
814.865	  298977
815.152	  298860
815.439	  298742
815.726	  298625
816.013	  298507
816.3	  298390
816.587	  298272
816.874	  298155
817.161	  298037
817.448	  297920
817.735	  297802
818.022	  297685
818.309	  297567
818.596	  297450
818.883	  297332
819.17	  297215
819.457	  297098
820.002	  296875
820.031	  296863
820.059	  296851
820.088	  296839
820.117	  296828
820.146	  296816
820.174	  296804
820.203	  296793
820.232	  296781
820.26	  296769
820.289	  296757
820.318	  296746
820.346	  296734
820.375	  296722
820.404	  296710
820.433	  296699
820.461	  296687
820.49	  296675
820.519	  296663
820.547	  296652
820.576	  296640
820.605	  296628
820.633	  198459
820.662	  198447
820.691	  198435
820.72	  198422
820.748	  198410
820.777	  198398
820.806	  198385
820.834	  198373
820.863	  198361
820.892	  198348
820.92	  198336
820.949	  198324
820.978	  198311
821.007	  198299
821.035	  198287
821.064	  198274
821.093	  198262
821.121	  198250
821.15	  198237
821.179	  198225
821.207	  198213
821.236	  198200
821.265	  198188
821.294	  198176
821.322	  198164
821.351	  198151
821.38	  198139
821.408	  198127
821.437	  198114
821.466	  198102
821.494	  198090
821.523	  198077
821.552	  198065
821.581	  198053
821.609	  198040
821.638	  198028
821.667	  198016
821.695	  198003
821.724	  197991
821.753	  197979
821.781	  197966
821.81	  197954
821.839	  197942
821.868	  197929
821.896	  197917
821.925	  197905
821.954	  197892
821.982	  197880
822.011	  197868
822.011	  197868
822.298	  197745
822.585	  197622
822.872	  197499
823.159	  197376
823.446	  197253
823.733	  197130
824.02	  197007
824.307	  196884
824.594	  196761
824.881	  196639
825.168	  196516
825.455	  196394
825.742	  196271
826.029	  196149
826.316	  196026
826.603	  195904
826.89	  195781
827.177	  195659
827.464	  195537
827.751	  195415
828.038	  195292
828.325	  195170
828.612	  195048
828.899	  194926
829.186	  194804
829.473	  194682
829.76	  194561
830.047	  194439
830.334	  194317
830.621	  194195
830.908	  194074
831.195	  193952
831.482	  193830
831.769	  193709
832.056	  193587
832.343	  193466
832.63	  193345
832.917	  193223
833.204	  193102
833.491	  192981
833.778	  192860
834.065	  192739
834.352	  192617
834.639	  192496
834.926	  192376
835.213	  192255
835.5	  192134
835.787	  192013
836.074	  191892
836.361	  191771
836.648	  191651
836.935	  191530
837.222	  191410
837.509	  191289
837.796	  191169
838.083	  191048
838.37	  190928
838.657	  190808
838.944	  190687
839.231	  190567
839.518	  190447
839.805	  190327
840.092	  190207
840.379	  190087
840.666	  189967
840.953	  189847
841.24	  189727
841.527	  189607
841.814	  189488
842.101	  189368
842.388	  189248
842.675	  189129
842.962	  189009
843.249	  188890
843.536	  188770
843.823	  188651
844.11	  188532
844.397	  188412
844.684	  188293
844.971	  188174
845.258	  188055
845.545	  187936
845.832	  187817
846.119	  187698
846.406	  187579
846.693	  187460
846.98	  187341
847.267	  187222
847.554	  187104
847.841	  186985
848.128	  186867
848.415	  186748
848.702	  186630
848.989	  186511
849.276	  186393
849.563	  186274
849.85	  186156
850.137	  186038
850.424	  185920
850.711	  185802
850.998	  185684
851.285	  185566
851.572	  185448
851.859	  185330
852.146	  185212
852.433	  185094
852.72	  184976
853.007	  184859
853.294	  184741
853.581	  184624
853.868	  184506
854.155	  184389
854.442	  184271
854.729	  184154
855.016	  184037
855.303	  183919
855.59	  183802
855.877	  183685
856.164	  183568
856.451	  183451
856.738	  183334
857.025	  183217
857.312	  183100
857.599	  182983
857.886	  182866
858.173	  182750
858.46	  182633
858.747	  182517
859.034	  182400
859.321	  182284
859.608	  182167
859.895	  182051
860.182	  181934
860.469	  181818
860.756	  181702
861.043	  181586
861.33	  181470
861.617	  181354
861.904	  181238
862.191	  181122
862.478	  181006
862.765	  180890
863.052	  180774
863.339	  180659
863.626	  180543
863.913	  180427
864.2	  180312
864.487	  180196
864.774	  180081
865.061	  179965
865.348	  179850
865.635	  179735
865.922	  179620
866.209	  179504
866.496	  179389
866.783	  179274
867.07	  179159
867.357	  179044
867.644	  178930
867.931	  178815
868.218	  178700
868.505	  178585
868.792	  178471
869.079	  178356
869.366	  178241
869.653	  178127
869.94	  178013
870.227	  177898
870.514	  177784
870.801	  177670
871.088	  177555
871.375	  177441
871.662	  177327
871.949	  177213
872.236	  177099
872.523	  176985
872.81	  176871
873.097	  176758
873.384	  176644
873.671	  176530
873.958	  176416
874.245	  176303
874.532	  176189
874.819	  176076
875.106	  175962
875.393	  175849
875.68	  175736
875.967	  175623
876.254	  175509
876.541	  175396
876.828	  175283
877.115	  175170
877.402	  175057
877.689	  174944
877.976	  174831
878.263	  174719
878.55	  174606
878.837	  174493
879.124	  174381
879.411	  174268
879.698	  174156
879.985	  174043
880.272	  173931
880.559	  173818
880.846	  173706
881.133	  173594
881.42	  173482
881.707	  173370
881.994	  173258
882.281	  173146
882.568	  173034
882.855	  172922
883.142	  172810
883.429	  172698
883.716	  172587
884.003	  172475
884.29	  172363
884.577	  172252
884.864	  172140
885.151	  172029
885.438	  171918
885.725	  171806
886.012	  171695
886.299	  171584
886.586	  171473
886.873	  171362
887.16	  171251
887.447	  171140
887.734	  171029
888.021	  170918
888.308	  170807
888.595	  170697
888.882	  170586
889.169	  170475
889.456	  170365
889.743	  170254
890.03	  170144
890.317	  170034
890.604	  169923
890.891	  169813
891.178	  169703
891.465	  169593
891.752	  169483
892.039	  169373
892.326	  169263
892.613	  169153
892.9	  169043
893.187	  168933
893.474	  168824
893.761	  168714
894.048	  168604
894.335	  168495
894.622	  168385
894.909	  168276
895.196	  168166
895.483	  168057
895.77	  167948
896.057	  167839
896.344	  167730
896.631	  167620
896.918	  167511
897.205	  167402
897.492	  167294
897.779	  167185
898.066	  167076
898.353	  166967
898.64	  166859
898.927	  166750
899.214	  166641
899.501	  166533
899.788	  166425
900.075	  166316
900.362	  166208
900.649	  166100
900.936	  165991
901.223	  165883
901.51	  165775
901.797	  165667
902.084	  165559
902.371	  165451
902.658	  165343
902.945	  165236
903.232	  165128
903.519	  165020
903.806	  164913
904.093	  164805
904.38	  164698
904.667	  164590
904.954	  164483
905.241	  164376
905.528	  164268
905.815	  164161
906.102	  164054
906.389	  163947
906.676	  163840
906.963	  163733
907.25	  163626
907.537	  163519
907.824	  163412
908.111	  163306
908.398	  163199
908.685	  163092
908.972	  162986
909.259	  162879
909.546	  162773
909.833	  162667
910.12	  162560
910.407	  162454
910.694	  162348
910.981	  162242
911.268	  162136
911.555	  162030
911.842	  161924
912.129	  161818
912.416	  161712
912.703	  161606
912.99	  161501
913.277	  161395
913.564	  161289
913.851	  161184
914.138	  161078
914.425	  160973
914.712	  160868
914.999	  160762
915.286	  160657
915.573	  160552
915.86	  160447
916.147	  160342
916.434	  160237
916.721	  160132
917.008	  160027
917.295	  159922
917.582	  159817
917.869	  159713
918.156	  159608
918.443	  159504
918.73	  159399
919.017	  159295
919.304	  159190
919.591	  159086
919.878	  158982
920.165	  158877
920.452	  158773
920.739	  158669
921.026	  158565
921.313	  158461
921.6	  158357
921.887	  158253
922.174	  158150
922.461	  158046
922.748	  157942
923.035	  157839
923.322	  157735
923.609	  157631
923.896	  157528
924.183	  157425
924.47	  157321
924.757	  157218
925.044	  157115
925.331	  157012
925.618	  156909
925.905	  156806
926.192	  156703
926.479	  156600
926.766	  156497
927.053	  156394
927.34	  156291
927.627	  156189
927.914	  156086
928.201	  155984
928.488	  155881
928.775	  155779
929.062	  155676
929.349	  155574
929.636	  155472
929.923	  155370
930.21	  155267
930.497	  155165
930.784	  155063
931.071	  154961
931.358	  154860
931.645	  154758
931.932	  154656
932.219	  154554
932.506	  154453
932.793	  154351
933.08	  154250
933.367	  154148
933.654	  154047
933.941	  153945
934.228	  153844
934.515	  153743
934.802	  153642
935.089	  153541
935.376	  153440
935.663	  153339
935.95	  153238
936.237	  153137
936.524	  153036
936.811	  152935
937.098	  152835
937.385	  152734
937.672	  152633
937.959	  152533
938.246	  152432
938.533	  152332
938.82	  152232
939.107	  152131
939.394	  152031
939.681	  151931
939.968	  151831
940.255	  151731
940.542	  151631
940.829	  151531
941.116	  151431
941.403	  151331
941.69	  151232
941.977	  151132
942.264	  151032
942.551	  150933
942.838	  150833
943.125	  150734
943.412	  150635
943.699	  150535
943.986	  150436
944.273	  150337
944.56	  150238
944.847	  150139
945.134	  150040
945.421	  149941
945.708	  149842
945.995	  149743
946.282	  149644
946.569	  149546
946.856	  149447
947.143	  149348
947.43	  149250
947.717	  149151
948.004	  149053
948.291	  148955
948.578	  148856
948.865	  148758
949.152	  148660
949.439	  148562
949.726	  148464
950.013	  148366
950.3	  148268
950.587	  148170
950.874	  148072
951.161	  147974
951.448	  147877
951.735	  147779
952.022	  147682
952.309	  147584
952.596	  147487
952.883	  147389
953.17	  147292
953.457	  147195
953.744	  147097
954.031	  147000
954.318	  146903
954.605	  146806
954.892	  146709
955.179	  146612
955.466	  146515
955.753	  146419
956.04	  146322
956.327	  146225
956.614	  146129
956.901	  146032
957.188	  145936
957.475	  145839
957.762	  145743
958.049	  145647
958.336	  145550
958.623	  145454
958.91	  145358
959.197	  145262
959.484	  145166
959.771	  145070
960.058	  144974
960.345	  144878
960.632	  144782
960.919	  144687
961.206	  144591
961.493	  144495
961.78	  144400
962.067	  144304
962.354	  144209
962.641	  144114
962.928	  144018
963.215	  143923
963.502	  143828
963.789	  143733
964.076	  143638
964.363	  143543
964.65	  143448
964.937	  143353
965.224	  143258
965.511	  143163
965.798	  143069
966.085	  142974
966.372	  142879
966.659	  142785
966.946	  142691
967.233	  142596
967.52	  142502
967.807	  142407
968.094	  142313
968.381	  142219
968.668	  142125
968.955	  142031
969.242	  141937
969.529	  141843
969.816	  141749
970.103	  141655
970.39	  141562
970.677	  141468
970.964	  141374
971.251	  141281
971.538	  141187
971.825	  141094
972.112	  141000
972.399	  140907
972.686	  140814
972.973	  140721
973.26	  140627
973.547	  140534
973.834	  140441
974.121	  140348
974.408	  140255
974.695	  140163
974.982	  140070
975.269	  139977
975.556	  139884
975.843	  139792
976.13	  139699
976.417	  139607
976.704	  139514
976.991	  139422
977.278	  139329
977.565	  139237
977.852	  139145
978.139	  139053
978.426	  138961
978.713	  138869
979	  138777
979.287	  138685
979.574	  138593
979.861	  138501
980.148	  138409
980.435	  138318
980.722	  138226
981.009	  138135
981.296	  138043
981.583	  137952
981.87	  137860
982.157	  137769
982.444	  137678
982.731	  137587
983.018	  137495
983.305	  137404
983.592	  137313
983.879	  137222
984.166	  137131
984.453	  137041
984.74	  136950
985.027	  136859
985.314	  136768
985.601	  136678
985.888	  136587
986.175	  136497
986.462	  136406
986.749	  136316
987.036	  136226
987.323	  136135
987.61	  136045
987.897	  135955
988.184	  135865
988.471	  135775
988.758	  135685
989.045	  135595
989.332	  135505
989.619	  135415
989.906	  135326
990.193	  135236
990.48	  135146
990.767	  135057
991.054	  134967
991.341	  134878
991.628	  134788
991.915	  134699
992.202	  134610
992.489	  134521
992.776	  134432
993.063	  134342
993.35	  134253
993.637	  134164
993.924	  134076
994.211	  133987
994.498	  133898
994.785	  133809
995.072	  133720
995.359	  133632
995.646	  133543
995.933	  133455
996.22	  133366
996.507	  133278
996.794	  133190
997.081	  133101
997.368	  133013
997.655	  132925
997.942	  132837
998.229	  132749
998.516	  132661
998.803	  132573
999.09	  132485
999.377	  132397
999.664	  132310
999.951	  132222
1000.24	  132134
1000.52	  132047
1000.81	  131959
1001.1	  131872
1001.39	  131784
1001.67	  131697
1001.96	  131610
1002.25	  131522
1002.53	  131435
1002.82	  131348
1003.11	  131261
1003.39	  131174
1003.68	  131087
1003.97	  131000
1004.26	  130914
1004.54	  130827
1004.83	  130740
1005.12	  130653
1005.4	  130567
1005.69	  130480
1005.98	  130394
1006.26	  130307
1006.55	  130221
1006.84	  130135
1007.13	  130049
1007.41	  129962
1007.7	  129876
1007.99	  129790
1008.27	  129704
1008.56	  129618
1008.85	  129532
1009.13	  129447
1009.42	  129361
1009.71	  129275
1010	  129189
1010.28	  129104
1010.57	  129018
1010.86	  128933
1011.14	  128847
1011.43	  128762
1011.72	  128677
1012	  128591
1012.29	  128506
1012.58	  128421
1012.87	  128336
1013.15	  128251
1013.44	  128166
1013.73	  128081
1014.01	  127996
1014.3	  127911
1014.59	  127827
1014.88	  127742
1015.16	  127657
1015.45	  127573
1015.74	  127488
1016.02	  127404
1016.31	  127319
1016.6	  127235
1016.88	  127151
1017.17	  127066
1017.46	  126982
1017.75	  126898
1018.03	  126814
1018.32	  126730
1018.61	  126646
1018.89	  126562
1019.18	  126478
1019.47	  126395
1019.98	  126247
1021.08	  125926
1022.17	  125607
1023.27	  125289
1024.38	  124971
1025.47	  124654
1026.58	  124338
1027.67	  124023
1028.78	  123708
1029.88	  123395
1030.97	  123082
1032.08	  122770
1033.17	  122459
1034.28	  122149
1035.38	  121840
1036.47	  121531
1037.58	  121223
1038.67	  120916
1039.78	  120610
1040.88	  120305
1041.97	  120001
1043.08	  119697
1044.17	  119394
1045.28	  119092
1046.38	  118791
1047.47	  118490
1048.58	  118191
1049.67	  117892
1050.78	  117594
1051.88	  117297
1052.97	  117000
1054.08	  116705
1055.17	  116410
1056.28	  116116
1057.38	  115823
1058.47	  115530
1059.58	  115238
1060.67	  114948
1061.78	  114658
1062.88	  114368
1063.97	  114080
1065.08	  113792
1066.17	  113505
1067.28	  113219
1068.38	  112934
1069.47	  112649
1070.58	  112366
1071.67	  112083
1072.78	  111800
1073.88	  111519
1074.97	  111238
1076.08	  110959
1077.17	  110679
1078.28	  110401
1079.38	  110124
1080.47	  109847
1081.58	  109571
1082.67	  109296
1083.78	  109021
1084.88	  108747
1085.97	  108474
1087.08	  108202
1088.17	  107931
1089.28	  107660
1090.38	  107390
1091.47	  107121
1092.58	  106853
1093.67	  106585
1094.78	  106318
1095.88	  106052
1096.97	  105786
1098.08	  105522
1099.17	  105258
1100.28	  104995
1101.38	  104732
1102.47	  104471
1103.58	  104210
1104.67	  103949
1105.78	  103690
1106.88	  103431
1107.97	  103173
1109.08	  102916
1110.17	  102659
1111.28	  102404
1112.38	  102148
1113.47	  101894
1114.58	  101641
1115.67	  101388
1116.78	  101135
1117.88	  100884
1118.97	  100633
1120.08	  100383
1121.17	  100134
1122.28	  99885.3
1123.38	  99637.4
1124.47	  99390.3
1125.58	  99143.8
1126.67	  98898.1
1127.78	  98653
1128.88	  98408.7
1129.97	  98165.1
1131.08	  97922.2
1132.17	  97680
1133.28	  97438.4
1134.38	  97197.6
1135.47	  96957.5
1136.58	  96718.1
1137.67	  96479.4
1138.78	  96241.3
1139.88	  96004
1140.97	  95767.3
1142.08	  95531.4
1143.17	  95296.1
1144.28	  95061.5
1145.38	  94827.6
1146.47	  94594.4
1147.58	  94361.9
1148.67	  94130
1149.78	  93898.9
1150.88	  93668.4
1151.97	  93438.5
1153.08	  93209.4
1154.17	  92980.9
1155.28	  92753.1
1156.38	  92526
1157.47	  92299.5
1158.58	  92073.7
1159.67	  91848.6
1160.78	  91624.1
1161.88	  91400.3
1162.97	  91177.2
1164.08	  90954.7
1165.17	  90732.9
1166.28	  90511.7
1167.38	  90291.2
1168.47	  90071.4
1169.58	  89852.2
1170.67	  89633.6
1171.78	  89415.7
1172.88	  89198.5
1173.97	  88981.9
1175.08	  88765.9
1176.17	  88550.6
1177.28	  88335.9
1178.38	  88121.9
1179.47	  87908.5
1180.58	  87695.7
1181.67	  87483.6
1182.78	  87272.1
1183.88	  87061.3
1184.97	  86851.1
1186.08	  86641.5
1187.17	  86432.6
1188.28	  86224.2
1189.38	  86016.5
1190.47	  85809.5
1191.58	  85603
1192.67	  85397.2
1193.78	  85192
1194.88	  84987.4
1195.97	  84783.5
1197.08	  84580.1
1198.17	  84377.4
1199.28	  84175.3
1200.38	  83973.8
1201.47	  83772.9
1202.58	  83572.6
1203.67	  83372.9
1204.78	  83173.8
1205.88	  82975.4
1206.97	  82777.5
1208.08	  82580.3
1209.17	  82383.6
1210.28	  82187.6
1211.38	  81992.1
1212.47	  81797.2
1213.58	  81603
1214.67	  81409.3
1215.78	  81216.2
1216.88	  81023.8
1217.97	  80831.9
1219.08	  80640.6
1220.17	  80449.8
1221.28	  80259.7
1222.38	  80070.2
1223.47	  79881.2
1224.58	  79692.8
1225.67	  79505
1226.78	  79317.8
1227.88	  79131.2
1228.97	  78945.1
1230.08	  78759.6
1231.17	  78574.7
1232.28	  78390.3
1233.38	  78206.6
1234.47	  78023.4
1235.58	  77840.7
1236.67	  77658.7
1237.78	  77477.2
1238.88	  77296.2
1239.97	  77115.9
1241.08	  76936
1242.17	  76756.8
1243.28	  76578.1
1244.38	  76399.9
1245.47	  76222.4
1246.58	  76045.3
1247.67	  75868.9
1248.78	  75692.9
1249.88	  75517.6
1250.97	  75342.8
1252.08	  75168.5
1253.17	  74994.8
1254.28	  74821.6
1255.38	  74648.9
1256.47	  74476.9
1257.58	  74305.3
1258.67	  74134.3
1259.78	  73963.8
1260.88	  73793.9
1261.97	  73624.5
1263.08	  73455.6
1264.17	  73287.3
1265.28	  73119.5
1266.38	  72952.2
1267.47	  72785.5
1268.58	  72619.3
1269.67	  72453.6
1270.78	  72288.5
1271.88	  72123.8
1272.97	  71959.7
1274.08	  71796.2
1275.17	  71633.1
1276.28	  71470.5
1277.38	  71308.5
1278.47	  71147
1279.58	  70986
1280.67	  70825.6
1281.78	  70665.6
1282.88	  70506.1
1283.97	  70347.2
1285.08	  70188.8
1286.17	  70030.9
1287.28	  69873.4
1288.38	  69716.5
1289.47	  69560.1
1290.58	  69404.2
1291.67	  69248.8
1292.78	  69093.9
1293.88	  68939.5
1294.97	  68785.6
1296.08	  68632.2
1297.17	  68479.3
1298.28	  68326.9
1299.38	  68175
1300.47	  68023.6
1301.58	  67872.7
1302.67	  67722.2
1303.78	  67572.3
1304.88	  67422.8
1305.97	  67273.8
1307.08	  67125.3
1308.17	  66977.3
1309.28	  66829.8
1310.38	  66682.7
1311.47	  66536.2
1312.58	  66390.1
1313.67	  66244.5
1314.78	  66099.3
1315.88	  65954.7
1316.97	  65810.5
1318.08	  65666.8
1319.17	  65523.6
1320.28	  65380.8
1321.38	  65238.5
1322.47	  65096.7
1323.58	  64955.3
1324.67	  64814.4
1325.78	  64674
1326.88	  64534.1
1327.97	  64394.6
1329.08	  64255.5
1330.17	  64117
1331.28	  63978.8
1332.38	  63841.2
1333.47	  63704
1334.58	  63567.3
1335.67	  63431
1336.78	  63295.1
1337.88	  63159.8
1338.97	  63024.8
1340.08	  62890.4
1341.17	  62756.3
1342.28	  62622.8
1343.38	  62489.6
1344.47	  62356.9
1345.58	  62224.7
1346.67	  62092.9
1347.78	  61961.6
1348.88	  61830.7
1349.97	  61700.2
1351.08	  61570.2
1352.17	  61440.6
1353.28	  61311.4
1354.38	  61182.7
1355.47	  61054.4
1356.58	  60926.6
1357.67	  60799.2
1358.78	  60672.2
1359.88	  60545.7
1360.97	  60419.5
1362.08	  60293.9
1363.17	  60168.6
1364.28	  60043.8
1365.38	  59919.4
1366.47	  59795.4
1367.58	  59671.8
1368.67	  59548.7
1369.78	  59426
1370.88	  59303.7
1371.97	  59181.9
1373.08	  59060.4
1374.17	  58939.4
1375.28	  58818.8
1376.38	  58698.6
1377.47	  58578.8
1378.58	  58459.4
1379.67	  58340.5
1380.78	  58221.9
1381.88	  58103.8
1382.97	  57986.1
1384.08	  57868.8
1385.17	  57751.9
1386.28	  57635.4
1387.38	  57519.3
1388.47	  57403.6
1389.58	  57288.4
1390.67	  57173.5
1391.78	  57059
1392.88	  56945
1393.97	  56831.3
1395.08	  56718
1396.17	  56605.2
1397.28	  56492.7
1398.38	  56380.6
1399.47	  56268.9
1400.58	  56157.7
1401.67	  56046.8
1402.78	  55936.3
1403.88	  55826.2
1404.97	  55716.5
1406.08	  55607.2
1407.17	  55498.2
1408.28	  55389.7
1409.38	  55281.5
1410.47	  55173.8
1411.58	  55066.4
1412.67	  54959.4
1413.78	  54852.8
1414.88	  54746.6
1415.97	  54640.7
1417.08	  54535.3
1418.17	  54430.2
1419.28	  54325.5
1420.38	  54221.2
1421.47	  54117.2
1422.58	  54013.7
1423.67	  53910.5
1424.78	  53807.7
1425.88	  53705.2
1426.97	  53603.2
1428.08	  53501.5
1429.17	  53400.2
1430.28	  53299.2
1431.38	  53198.6
1432.47	  53098.4
1433.58	  52998.6
1434.67	  52899.1
1435.78	  52800
1436.88	  52701.3
1437.97	  52602.9
1439.08	  52504.9
1440.17	  52407.3
1441.28	  52310
1442.38	  52213.1
1443.47	  52116.6
1444.58	  52020.4
1445.67	  51924.6
1446.78	  51829.1
1447.88	  51734
1448.97	  51639.3
1450.08	  51544.9
1451.17	  51450.8
1452.28	  51357.2
1453.38	  51263.8
1454.47	  51170.9
1455.58	  51078.3
1456.67	  50986
1457.78	  50894.1
1458.88	  37430
1459.97	  37347
1461.08	  37264.3
1462.17	  37182
1463.28	  37100.1
1464.38	  37018.5
1465.47	  36937.2
1466.58	  36856.3
1467.67	  36775.7
1468.78	  36695.5
1469.88	  36615.6
1470.97	  36536.1
1472.08	  36456.9
1473.17	  36378
1474.28	  36299.5
1475.38	  36221.4
1476.47	  36143.5
1477.58	  36066.1
1478.67	  35988.9
1479.78	  35912.1
1480.88	  35835.6
1481.97	  35759.5
1483.08	  35683.7
1484.17	  35608.2
1485.28	  35533.1
1486.38	  35458.3
1487.47	  35383.9
1488.58	  35309.7
1489.67	  35236
1490.78	  35162.5
1491.88	  35089.4
1492.97	  35016.6
1494.08	  34944.1
1495.17	  34872
1496.28	  34800.2
1497.38	  34728.7
1498.47	  34657.6
1499.58	  34586.7
1500.67	  34516.3
1501.78	  34446.1
1502.88	  34376.3
1503.97	  34306.7
1505.08	  34237.6
1506.17	  34168.7
1507.28	  34100.2
1508.38	  34032
1509.47	  33964.1
1510.58	  33896.5
1511.67	  33829.3
1512.78	  33762.3
1513.88	  33695.7
1514.97	  33629.5
1516.08	  33563.5
1517.17	  33497.9
1518.28	  33432.6
1519.38	  33367.6
1520.47	  33302.9
1521.58	  33238.5
1522.67	  33174.5
1523.78	  33110.8
1524.88	  33047.4
1525.97	  32984.3
1527.08	  32921.5
1528.17	  32859.1
1529.28	  32796.9
1530.38	  32735.1
1531.47	  32673.6
1532.58	  32612.4
1533.67	  32551.6
1534.78	  32491
1535.88	  32430.8
1536.97	  32370.9
1538.08	  32311.2
1539.17	  32251.9
1540.28	  32193
1541.38	  32134.3
1542.47	  32075.9
1543.58	  32017.9
1544.67	  31960.2
1545.78	  31902.8
1546.88	  31845.7
1547.97	  31788.9
1549.08	  31732.4
1550.17	  31676.2
1551.28	  31620.4
1552.38	  31564.9
1553.47	  31509.6
1554.58	  31454.7
1555.67	  31400.1
1556.78	  31345.9
1557.88	  31291.9
1558.97	  31238.2
1560.08	  31184.9
1561.17	  31131.9
1562.28	  31079.1
1563.38	  31026.7
1564.47	  30974.7
1565.58	  30922.9
1566.67	  30871.4
1567.78	  30820.3
1568.88	  30769.4
1569.97	  30718.9
1571.08	  30668.7
1572.17	  30618.8
1573.28	  30569.3
1574.38	  30520
1575.47	  30471.1
1576.58	  30422.5
1577.67	  30374.2
1578.78	  30326.2
1579.88	  30278.5
1580.97	  30231.2
1582.08	  30184.2
1583.17	  30137.5
1584.28	  30091.1
1585.38	  30045.1
1586.47	  29999.3
1587.58	  29953.9
1588.67	  29908.9
1589.78	  29864.1
1590.88	  29819.7
1591.97	  29775.6
1593.08	  29731.9
1594.17	  29688.4
1595.28	  29645.3
1596.38	  29602.6
1597.47	  29560.2
1598.58	  29518.1
1599.67	  29476.3
1600.78	  29434.9
1601.88	  29393.9
1602.97	  29353.2
1604.08	  29312.8
1605.17	  29272.8
1606.28	  29233.1
1607.38	  29193.8
1608.47	  29154.9
1609.58	  29116.3
1610.67	  29078.1
1611.78	  29040.2
1612.88	  29002.7
1613.97	  28965.6
1615.08	  28928.9
1616.17	  28892.6
1617.28	  28856.6
1618.38	  28821.1
1619.47	  28785.9
1620.58	  28751.2
1621.67	  28716.9
1622.78	  28683
1623.88	  28649.5
1624.97	  28616.4
1626.08	  28583.9
1627.17	  28551.7
1628.28	  28520.1
1629.38	  28488.9
1630.47	  28458.2
1631.58	  28428.1
1632.67	  28398.5
1633.78	  28369.4
1634.88	  28341
1635.97	  28313.2
1637.08	  28286.1
1638.17	  28259.7
1639.28	  28234.2
1640.38	  28209.6
1641.47	  28186.4
1642.58	  28165.5
1643.67	  28145
1644.78	  28124.6
1645.88	  28104.2
1646.97	  28083.7
1648.08	  28063.3
1649.17	  28043
1650.28	  28022.6
1651.38	  28002.3
1652.47	  27981.9
1653.58	  27961.6
1654.67	  27941.3
1655.78	  27921
1656.88	  27900.8
1657.97	  27880.5
1659.08	  27860.3
1660.17	  27840.1
1661.28	  27819.9
1662.38	  27799.7
1663.47	  27779.5
1664.58	  27759.4
1665.67	  27739.3
1666.78	  27719.2
1667.88	  27699.1
1668.97	  27679
1670.08	  27658.9
1671.17	  27638.9
1672.28	  27618.9
1673.38	  27598.8
1674.47	  27578.8
1675.58	  27558.9
1676.67	  27538.9
1677.78	  27519
1678.88	  27499
1679.97	  27479.1
1681.08	  27459.2
1682.17	  27439.4
1683.28	  27419.5
1684.38	  27399.6
1685.47	  27379.8
1686.58	  27360
1687.67	  27340.2
1688.78	  27320.4
1689.88	  27300.7
1690.97	  27280.9
1692.08	  27261.2
1693.17	  27241.5
1694.28	  27221.8
1695.38	  27202.1
1696.47	  27182.5
1697.58	  27162.8
1698.67	  27143.2
1699.78	  27123.6
1700.88	  27104
1701.97	  27084.4
1703.08	  27064.9
1704.17	  27045.3
1705.28	  27025.8
1706.38	  27006.3
1707.47	  26986.8
1708.58	  26967.3
1709.67	  26947.8
1710.78	  26928.4
1711.88	  26909
1712.97	  26889.6
1714.08	  26870.2
1715.17	  26850.8
1716.28	  26831.4
1717.38	  26812.1
1718.47	  26792.8
1719.58	  26773.4
1720.67	  26754.1
1721.78	  26734.9
1722.88	  26715.6
1723.97	  26696.4
1725.08	  26677.1
1726.17	  26657.9
1727.28	  26638.7
1728.38	  26619.5
1729.47	  26600.4
1730.58	  26581.2
1731.67	  26562.1
1732.78	  26543
1733.88	  26523.9
1734.97	  26504.8
1736.08	  26485.7
1737.17	  26466.7
1738.28	  26447.7
1739.38	  26428.6
1740.47	  26409.6
1741.58	  26390.7
1742.67	  26371.7
1743.78	  26352.8
1744.88	  26333.8
1745.97	  26314.9
1747.08	  26296
1748.17	  26277.1
1749.28	  26258.2
1750.38	  26239.4
1751.47	  26220.6
1752.58	  26201.7
1753.67	  26182.9
1754.78	  26164.1
1755.88	  26145.4
1756.97	  26126.6
1758.08	  26107.9
1759.17	  26089.2
1760.28	  26070.5
1761.38	  26051.8
1762.47	  26033.1
1763.58	  26014.4
1764.67	  25995.8
1765.78	  25977.2
1766.88	  25958.6
1767.97	  25940
1769.08	  25921.4
1770.17	  25902.8
1771.28	  25884.3
1772.38	  25865.8
1773.47	  25847.3
1774.58	  25828.8
1775.67	  25810.3
1776.78	  25791.8
1777.88	  25773.4
1778.97	  25754.9
1780.08	  25736.5
1781.17	  25718.1
1782.28	  25699.7
1783.38	  25681.4
1784.47	  25663
1785.58	  25644.7
1786.67	  25626.4
1787.78	  25608.1
1788.88	  25589.8
1789.97	  25571.5
1791.08	  25553.3
1792.17	  25535
1793.28	  25516.8
1794.38	  25498.6
1795.47	  25480.4
1796.58	  25462.2
1797.67	  25444.1
1798.78	  25425.9
1799.88	  25407.8
1800.97	  25389.7
1802.08	  25371.6
1803.17	  25353.5
1804.28	  25335.4
1805.38	  25317.4
1806.47	  25299.4
1807.58	  25281.3
1808.67	  25263.3
1809.78	  25245.4
1810.88	  25227.4
1811.97	  25209.4
1813.08	  25191.5
1814.17	  25173.6
1815.28	  25155.7
1816.38	  25137.8
1817.47	  25119.9
1818.58	  25102.1
1819.67	  25084.2
1820.78	  25066.4
1821.88	  25048.6
1822.97	  25030.8
1824.08	  25013
1825.17	  24995.2
1826.28	  24977.5
1827.38	  24959.8
1828.47	  24942
1829.58	  24924.3
1830.67	  24906.7
1831.78	  24889
1832.88	  24871.3
1833.97	  24853.7
1835.08	  24836.1
1836.17	  24818.5
1837.28	  24800.9
1838.38	  24783.3
1839.47	  24765.7
1840.58	  24748.2
1841.67	  24730.7
1842.78	  24713.1
1843.88	  24695.6
1844.97	  24678.2
1846.08	  24660.7
1847.17	  24643.2
1848.28	  24625.8
1849.38	  24608.4
1850.47	  24591
1851.58	  24573.6
1852.67	  24556.2
1853.78	  24538.8
1854.88	  24521.5
1855.97	  24504.2
1857.08	  24486.9
1858.17	  24469.6
1859.28	  24452.3
1860.38	  24435
1861.47	  24417.8
1862.58	  24400.5
1863.67	  24383.3
1864.78	  24366.1
1865.88	  24348.9
1866.97	  24331.7
1868.08	  24314.6
1869.17	  24297.4
1870.28	  24280.3
1871.38	  24263.2
1872.47	  24246.1
1873.58	  24229
1874.67	  24211.9
1875.78	  24194.9
1876.88	  24177.8
1877.97	  24160.8
1879.08	  24143.8
1880.17	  24126.8
1881.28	  24109.8
1882.38	  24092.8
1883.47	  24075.9
1884.58	  24059
1885.67	  24042
1886.78	  24025.1
1887.88	  24008.3
1888.97	  23991.4
1890.08	  23974.5
1891.17	  23957.7
1892.28	  23940.9
1893.38	  23924
1894.47	  23907.2
1895.58	  23890.5
1896.67	  23873.7
1897.78	  23856.9
1898.88	  23840.2
1899.97	  23823.5
1901.08	  23806.8
1902.17	  23790.1
1903.28	  23773.4
1904.38	  23756.7
1905.47	  23740.1
1906.58	  23723.4
1907.67	  23706.8
1908.78	  23690.2
1909.88	  23673.6
1910.97	  23657.1
1912.08	  23640.5
1913.17	  23624
1914.28	  23607.4
1915.38	  23590.9
1916.47	  23574.4
1917.58	  23557.9
1918.67	  23541.5
1919.78	  23525
1920.88	  23508.6
1921.97	  23492.1
1923.08	  23475.7
1924.17	  23459.3
1925.28	  23442.9
1926.38	  23426.6
1927.47	  23410.2
1928.58	  23393.9
1929.67	  23377.5
1930.78	  23361.2
1931.88	  23344.9
1932.97	  23328.7
1934.08	  23312.4
1935.17	  23296.1
1936.28	  23279.9
1937.38	  23263.7
1938.47	  23247.5
1939.58	  23231.3
1940.67	  23215.1
1941.78	  23198.9
1942.88	  23182.8
1943.97	  23166.6
1945.08	  23150.5
1946.17	  23134.4
1947.28	  23118.3
1948.38	  23102.2
1949.47	  23086.2
1950.58	  23070.1
1951.67	  23054.1
1952.78	  23038.1
1953.88	  23022.1
1954.97	  23006.1
1956.08	  22990.1
1957.17	  22974.1
1958.28	  22958.2
1959.38	  22942.3
1960.47	  22926.3
1961.58	  22910.4
1962.67	  22894.5
1963.78	  22878.7
1964.88	  22862.8
1965.97	  22846.9
1967.08	  22831.1
1968.17	  22815.3
1969.28	  22799.5
1970.38	  22783.7
1971.47	  22767.9
1972.58	  22752.2
1973.67	  22736.4
1974.78	  22720.7
1975.88	  22704.9
1976.97	  22689.2
1978.08	  22673.5
1979.17	  22657.9
1980.28	  22642.2
1981.38	  22626.5
1982.47	  22610.9
1983.58	  22595.3
1984.67	  22579.7
1985.78	  22564.1
1986.88	  22548.5
1987.97	  22532.9
1989.08	  22517.4
1990.17	  22501.8
1991.28	  22486.3
1992.38	  22470.8
1993.47	  22455.3
1994.58	  22439.8
1995.67	  22424.4
1996.78	  22408.9
1997.88	  22393.5
1998.97	  22378
2000.08	  22362.6
2001.17	  22347.2
2002.28	  22331.8
2003.38	  22316.5
2004.47	  22301.1
2005.58	  22285.7
2006.67	  22270.4
2007.78	  22255.1
2008.88	  22239.8
2009.97	  22224.5
2011.08	  22209.2
2012.17	  22194
2013.28	  22178.7
2014.38	  22163.5
2015.47	  22148.3
2016.58	  22133.1
2017.67	  22117.9
2018.78	  22102.7
2019.88	  22087.5
2020.97	  22072.4
2022.08	  22057.2
2023.18	  22042.1
2024.28	  22027
2025.38	  22011.9
2026.47	  21996.8
2027.58	  21981.7
2028.68	  21966.7
2029.78	  21951.6
2030.88	  21936.6
2031.97	  21921.6
2033.08	  21906.6
2034.18	  21891.6
2035.28	  21876.6
2036.38	  21861.6
2037.47	  21846.7
2038.58	  21831.7
2039.68	  21816.8
2040.78	  21801.9
2041.88	  21787
2042.97	  21772.1
2044.08	  21757.3
2045.18	  21742.4
2046.28	  21727.6
2047.38	  21712.7
2048.47	  21697.9
2049.57	  21683.1
2050.68	  21668.3
2051.78	  21653.5
2052.88	  21638.8
2053.97	  21624
2055.07	  21609.3
2056.18	  21594.6
2057.28	  21579.8
2058.38	  21565.2
2059.47	  21550.5
2060.57	  21535.8
2061.68	  21521.1
2062.78	  21506.5
2063.88	  21491.9
2064.97	  21477.2
2066.07	  21462.6
2067.18	  21448
2068.28	  21433.5
2069.38	  21418.9
2070.47	  21404.3
2071.57	  21389.8
2072.68	  21375.3
2073.78	  21360.8
2074.88	  21346.3
2075.97	  21331.8
2077.07	  21317.3
2078.18	  21302.8
2079.28	  21288.4
2080.38	  21274
2081.47	  21259.5
2082.57	  21245.1
2083.68	  21230.7
2084.78	  21216.3
2085.88	  21202
2086.97	  21187.6
2088.07	  21173.3
2089.18	  21158.9
2090.28	  21144.6
2091.38	  21130.3
2092.47	  21116
2093.57	  21101.7
2094.68	  21087.5
2095.78	  21073.2
2096.88	  21059
2097.97	  21044.7
2099.07	  21030.5
2100.18	  21016.3
2101.28	  21002.1
2102.38	  20987.9
2103.47	  20973.8
2104.57	  20959.6
2105.68	  20945.5
2106.78	  20931.3
2107.88	  20917.2
2108.97	  20903.1
2110.07	  20889
2111.18	  20874.9
2112.28	  20860.9
2113.38	  20846.8
2114.47	  20832.8
2115.57	  20818.8
2116.68	  20804.7
2117.78	  20790.7
2118.88	  20776.8
2119.97	  20762.8
2121.07	  20748.8
2122.18	  20734.9
2123.28	  20720.9
2124.38	  20707
2125.47	  20693.1
2126.57	  20679.2
2127.68	  20665.3
2128.78	  20651.4
2129.88	  20637.5
2130.97	  20623.7
2132.07	  20609.8
2133.18	  20596
2134.28	  20582.2
2135.38	  20568.4
2136.47	  20554.6
2137.57	  20540.8
2138.68	  20527.1
2139.78	  20513.3
2140.88	  20499.6
2141.97	  20485.8
2143.07	  20472.1
2144.18	  20458.4
2145.28	  20444.7
2146.38	  20431
2147.47	  20417.4
2148.57	  20403.7
2149.68	  20390.1
2150.78	  20376.4
2151.88	  20362.8
2152.97	  20349.2
2154.07	  20335.6
2155.18	  20322
2156.28	  20308.5
2157.38	  20294.9
2158.47	  20281.4
2159.57	  20267.8
2160.68	  20254.3
2161.78	  20240.8
2162.88	  20227.3
2163.97	  20213.8
2165.07	  20200.3
2166.18	  20186.9
2167.28	  20173.4
2168.38	  20160
2169.47	  20146.6
2170.57	  20133.2
2171.68	  20119.8
2172.78	  20106.4
2173.88	  20093
2174.97	  20079.6
2176.07	  20066.3
2177.18	  20052.9
2178.28	  20039.6
2179.38	  20026.3
2180.47	  20013
2181.57	  19999.7
2182.68	  19986.4
2183.78	  19973.1
2184.88	  19959.9
2185.97	  19946.6
2187.07	  19933.4
2188.18	  19920.2
2189.28	  19906.9
2190.38	  19893.7
2191.47	  19880.6
2192.57	  19867.4
2193.68	  19854.2
2194.78	  19841.1
2195.88	  19827.9
2196.97	  19814.8
2198.07	  19801.7
2199.18	  19788.6
2200.28	  19775.5
2201.38	  19762.4
2202.47	  19749.3
2203.57	  19736.3
2204.68	  19723.2
2205.78	  19710.2
2206.88	  19697.2
2207.97	  19684.1
2209.07	  19671.1
2210.18	  19658.1
2211.28	  19645.2
2212.38	  19632.2
2213.47	  19619.2
2214.57	  19606.3
2215.68	  19593.4
2216.78	  19580.5
2217.88	  19567.5
2218.97	  19554.6
2220.07	  19541.8
2221.18	  19528.9
2222.28	  19516
2223.38	  19503.2
2224.47	  19490.3
2225.57	  19477.5
2226.68	  19464.7
2227.78	  19451.9
2228.88	  19439.1
2229.97	  19426.3
2231.07	  19413.5
2232.18	  19400.8
2233.28	  19388
2234.38	  19375.3
2235.47	  19362.5
2236.57	  19349.8
2237.68	  19337.1
2238.78	  19324.4
2239.88	  19311.8
2240.97	  19299.1
2242.07	  19286.4
2243.18	  19273.8
2244.28	  19261.1
2245.38	  19248.5
2246.47	  19235.9
2247.57	  19223.3
2248.68	  19210.7
2249.78	  19198.1
2250.88	  19185.6
2251.97	  19173
2253.07	  19160.5
2254.18	  19147.9
2255.28	  19135.4
2256.38	  19122.9
2257.47	  19110.4
2258.57	  19097.9
2259.68	  19085.4
2260.78	  19072.9
2261.88	  19060.5
2262.97	  19048
2264.07	  19035.6
2265.18	  19023.2
2266.28	  19010.7
2267.38	  18998.3
2268.47	  18986
2269.57	  18973.6
2270.68	  18961.2
2271.78	  18948.8
2272.88	  18936.5
2273.97	  18924.2
2275.07	  18911.8
2276.18	  18899.5
2277.28	  18887.2
2278.38	  18874.9
2279.47	  18862.6
2280.57	  16027.7
2281.68	  16017.2
2282.78	  16006.7
2283.88	  15996.3
2284.97	  15985.8
2286.07	  15975.3
2287.18	  15964.9
2288.28	  15954.4
2289.38	  15944
2290.47	  15933.5
2291.57	  15923.1
2292.68	  15912.7
2293.78	  15902.3
2294.88	  15891.9
2295.97	  15881.5
2297.07	  15871.2
2298.18	  15860.8
2299.28	  15850.4
2300.38	  15840.1
2301.47	  15829.8
2302.57	  15819.4
2303.68	  15809.1
2304.78	  15798.8
2305.88	  15788.5
2306.97	  15778.2
2308.07	  15768
2309.18	  15757.7
2310.28	  15747.4
2311.38	  15737.2
2312.47	  15726.9
2313.57	  15716.7
2314.68	  15706.5
2315.78	  15696.3
2316.88	  15686.1
2317.97	  15675.9
2319.07	  15665.7
2320.18	  15655.5
2321.28	  15645.3
2322.38	  15635.2
2323.47	  15625
2324.57	  15614.9
2325.68	  15604.7
2326.78	  15594.6
2327.88	  15584.5
2328.97	  15574.4
2330.07	  15564.3
2331.18	  15554.2
2332.28	  15544.1
2333.38	  15534.1
2334.47	  15524
2335.57	  15514
2336.68	  15503.9
2337.78	  15493.9
2338.88	  15483.9
2339.97	  15473.9
2341.07	  15463.9
2342.18	  15453.9
2343.28	  15443.9
2344.38	  15433.9
2345.47	  15423.9
2346.57	  15414
2347.68	  15404
2348.78	  15394.1
2349.88	  15384.1
2350.97	  15374.2
2352.07	  15364.3
2353.18	  15354.4
2354.28	  15344.5
2355.38	  15334.6
2356.47	  15324.7
2357.57	  15314.9
2358.68	  15305
2359.78	  15295.1
2360.88	  15285.3
2361.97	  15275.5
2363.07	  15265.6
2364.18	  15255.8
2365.28	  15246
2366.38	  15236.2
2367.47	  15226.4
2368.57	  15216.6
2369.68	  15206.9
2370.78	  15197.1
2371.88	  15187.3
2372.97	  15177.6
2374.07	  15167.9
2375.18	  15158.1
2376.28	  15148.4
2377.38	  15138.7
2378.47	  15129
2379.57	  15119.3
2380.68	  15109.6
2381.78	  15099.9
2382.88	  15090.3
2383.97	  15080.6
2385.07	  15071
2386.18	  15061.3
2387.28	  15051.7
2388.38	  15042
2389.47	  15032.4
2390.57	  15022.8
2391.68	  15013.2
2392.78	  15003.6
2393.88	  14994
2394.97	  14984.5
2396.07	  14974.9
2397.18	  14965.3
2398.28	  14955.8
2399.38	  14946.3
2400.47	  14936.7
2401.57	  14927.2
2402.68	  14917.7
2403.78	  14908.2
2404.88	  14898.7
2405.97	  14889.2
2407.07	  14879.7
2408.18	  14870.2
2409.28	  14860.8
2410.38	  14851.3
2411.47	  14841.9
2412.57	  14832.4
2413.68	  14823
2414.78	  14813.6
2415.88	  14804.2
2416.97	  14794.8
2418.07	  14785.4
2419.18	  14776
2420.28	  14766.6
2421.38	  14757.2
2422.47	  14747.9
2423.57	  14738.5
2424.68	  14729.2
2425.78	  14719.8
2426.88	  14710.5
2427.97	  14701.2
2429.07	  14691.9
2430.18	  14682.5
2431.28	  14673.3
2432.38	  14664
2433.47	  14654.7
2434.57	  14645.4
2435.68	  14636.1
2436.78	  14626.9
2437.88	  14617.6
2438.97	  14608.4
2440.07	  14599.2
2441.18	  14589.9
2442.28	  14580.7
2443.38	  14571.5
2444.47	  14562.3
2445.57	  14553.1
2446.68	  14544
2447.78	  14534.8
2448.88	  14525.6
2449.97	  14516.5
2451.07	  14507.3
2452.18	  14498.2
2453.28	  14489
2454.38	  14479.9
2455.47	  14470.8
2456.57	  14461.7
2457.68	  14452.6
2458.78	  14443.5
2459.88	  14434.4
2460.97	  14425.3
2462.07	  14416.2
2463.18	  14407.2
2464.28	  14398.1
2465.38	  14389.1
2466.47	  14380
2467.57	  14371
2468.68	  14362
2469.78	  14353
2470.88	  14344
2471.97	  14335
2473.07	  14326
2474.18	  14317
2475.28	  14308
2476.38	  14299.1
2477.47	  14290.1
