Emission arising from a slab of Hydrogen (both H and H-).
   
Parameters of the slab:
n_e = 1e+11 cm-3
T_e = 8000 K
tau(lambda=300 nm) = 5
L = 1.90865e+14 cm
   
Wavelength (nm), Emission (erg s-1 cm-2 nm-1 sr-1)
50	  0.092021
91.2	  7739.09
120	  450688
150	  4.86259e+06
175	  1.64979e+07
200	  3.68304e+07
225	  6.22734e+07
250	  8.72213e+07
270	  1.03964e+08
290	  1.16833e+08
300	  1.21788e+08
305	  1.23913e+08
310	  1.25812e+08
315	  1.27494e+08
320	  1.28968e+08
322.5	  1.29629e+08
325	  1.30242e+08
327	  1.30698e+08
329	  1.31124e+08
329.999	  1.31326e+08
330.266	  1.31379e+08
330.533	  1.31431e+08
330.8	  1.31483e+08
331.067	  1.31534e+08
331.334	  1.31585e+08
331.601	  1.31635e+08
331.868	  1.31684e+08
332.135	  1.31734e+08
332.402	  1.31782e+08
332.669	  1.3183e+08
332.936	  1.31878e+08
333.203	  1.31925e+08
333.47	  1.31972e+08
333.737	  1.32018e+08
334.004	  1.32064e+08
334.271	  1.32109e+08
334.538	  1.32153e+08
334.805	  1.32197e+08
335.072	  1.32241e+08
335.339	  1.32284e+08
335.606	  1.32327e+08
335.873	  1.32369e+08
336.14	  1.32411e+08
336.407	  1.32452e+08
336.674	  1.32493e+08
336.941	  1.32533e+08
337.208	  1.32573e+08
337.475	  1.32612e+08
337.742	  1.32651e+08
338.009	  1.32689e+08
338.276	  1.32727e+08
338.543	  1.32765e+08
338.81	  1.32802e+08
339.077	  1.32838e+08
339.344	  1.32874e+08
339.611	  1.3291e+08
339.878	  1.32945e+08
340.145	  1.32979e+08
340.412	  1.33013e+08
340.679	  1.33047e+08
340.946	  1.3308e+08
341.213	  1.33113e+08
341.48	  1.33145e+08
341.747	  1.33177e+08
342.014	  1.33208e+08
342.281	  1.33239e+08
342.548	  1.3327e+08
342.815	  1.333e+08
343.082	  1.33329e+08
343.349	  1.33358e+08
343.616	  1.33387e+08
343.883	  1.33415e+08
344.15	  1.33443e+08
344.417	  1.3347e+08
344.684	  1.33497e+08
344.951	  1.33524e+08
345.218	  1.3355e+08
345.485	  1.33575e+08
345.752	  1.336e+08
346.019	  1.33625e+08
346.286	  1.33649e+08
346.553	  1.33673e+08
346.82	  1.33696e+08
347.087	  1.33719e+08
347.354	  1.33742e+08
347.621	  1.33764e+08
347.888	  1.33786e+08
348.155	  1.33807e+08
348.422	  1.33828e+08
348.689	  1.33848e+08
348.956	  1.33868e+08
349.223	  1.33887e+08
349.49	  1.33907e+08
349.757	  1.33925e+08
350.024	  1.33944e+08
350.291	  1.33961e+08
350.558	  1.33979e+08
350.825	  1.33996e+08
351.092	  1.34012e+08
351.359	  1.34029e+08
351.626	  1.34045e+08
351.893	  1.3406e+08
352.16	  1.34075e+08
352.427	  1.34089e+08
352.694	  1.34104e+08
352.961	  1.34117e+08
353.228	  1.34131e+08
353.495	  1.34144e+08
353.762	  1.34156e+08
354.029	  1.34169e+08
354.296	  1.3418e+08
354.563	  1.34192e+08
354.83	  1.34203e+08
355.097	  1.34213e+08
355.364	  1.34223e+08
355.631	  1.34233e+08
355.898	  1.34243e+08
356.165	  1.34252e+08
356.432	  1.3426e+08
356.699	  1.34269e+08
356.966	  1.34276e+08
357.233	  1.34284e+08
357.5	  1.34291e+08
357.767	  1.34298e+08
358.034	  1.34304e+08
358.301	  1.3431e+08
358.568	  1.34316e+08
358.835	  1.34321e+08
359.102	  1.34326e+08
359.369	  1.3433e+08
359.636	  1.34334e+08
359.903	  1.34338e+08
360.17	  1.34341e+08
360.437	  1.34344e+08
360.704	  1.34347e+08
360.971	  1.34349e+08
361.238	  1.34351e+08
361.505	  1.34353e+08
361.772	  1.34354e+08
362.039	  1.34355e+08
362.306	  1.34355e+08
362.573	  1.34355e+08
363	  1.34354e+08
363.027	  1.34354e+08
363.054	  1.34354e+08
363.08	  1.34354e+08
363.107	  1.34354e+08
363.134	  1.34354e+08
363.16	  1.34354e+08
363.187	  1.34354e+08
363.214	  1.34354e+08
363.24	  1.34354e+08
363.267	  1.34354e+08
363.294	  1.34353e+08
363.321	  1.34353e+08
363.347	  1.34353e+08
363.374	  1.34353e+08
363.401	  1.34353e+08
363.427	  1.34353e+08
363.454	  1.34353e+08
363.481	  1.34353e+08
363.508	  1.34352e+08
363.534	  1.34352e+08
363.561	  1.34352e+08
363.588	  1.34352e+08
363.614	  1.34352e+08
363.641	  1.34352e+08
363.668	  1.34352e+08
363.694	  1.34351e+08
363.721	  1.34351e+08
363.748	  1.34351e+08
363.774	  1.34351e+08
363.801	  1.34351e+08
363.828	  1.34351e+08
363.855	  1.3435e+08
363.881	  1.3435e+08
363.908	  1.3435e+08
363.935	  1.3435e+08
363.961	  1.3435e+08
363.988	  1.34349e+08
364.015	  1.34349e+08
364.041	  1.34349e+08
364.068	  1.34349e+08
364.095	  1.34349e+08
364.122	  1.34348e+08
364.148	  1.34348e+08
364.175	  1.34348e+08
364.202	  1.34348e+08
364.228	  1.34348e+08
364.255	  1.34347e+08
364.282	  1.34347e+08
364.308	  1.34347e+08
364.335	  1.34347e+08
364.362	  1.34346e+08
364.389	  1.34346e+08
364.415	  1.34346e+08
364.442	  1.34346e+08
364.469	  1.34345e+08
364.495	  1.34345e+08
364.522	  1.34345e+08
364.549	  1.34345e+08
364.575	  1.34344e+08
364.602	  1.34344e+08
364.629	  1.34344e+08
364.656	  1.34343e+08
364.682	  1.34343e+08
364.709	  1.34343e+08
364.736	  3.01532e+07
364.762	  3.01587e+07
364.789	  3.01642e+07
364.816	  3.01697e+07
364.842	  3.01753e+07
364.869	  3.01808e+07
364.896	  3.01863e+07
364.923	  3.01918e+07
364.949	  3.01973e+07
364.976	  3.02028e+07
365.003	  3.02084e+07
365.029	  3.02139e+07
365.056	  3.02194e+07
365.083	  3.02249e+07
365.11	  3.02304e+07
365.136	  3.02359e+07
365.163	  3.02415e+07
365.19	  3.0247e+07
365.216	  3.02525e+07
365.243	  3.0258e+07
365.27	  3.02635e+07
365.296	  3.0269e+07
365.323	  3.02745e+07
365.35	  3.02801e+07
365.377	  3.02856e+07
365.403	  3.02911e+07
365.43	  3.02966e+07
365.457	  3.03021e+07
365.483	  3.03076e+07
365.51	  3.03131e+07
365.537	  3.03186e+07
365.563	  3.03241e+07
365.59	  3.03296e+07
365.617	  3.03352e+07
365.643	  3.03407e+07
365.67	  3.03462e+07
365.697	  3.03517e+07
365.724	  3.03572e+07
365.75	  3.03627e+07
365.777	  3.03682e+07
365.804	  3.03737e+07
365.83	  3.03792e+07
365.857	  3.03847e+07
365.884	  3.03902e+07
365.91	  3.03957e+07
365.937	  3.04012e+07
365.964	  3.04067e+07
365.991	  3.04122e+07
365.991	  3.04122e+07
366.258	  3.04673e+07
366.525	  3.05222e+07
366.792	  3.05772e+07
367.059	  3.06321e+07
367.326	  3.0687e+07
367.593	  3.07418e+07
367.86	  3.07966e+07
368.127	  3.08514e+07
368.394	  3.09061e+07
368.661	  3.09607e+07
368.928	  3.10154e+07
369.195	  3.107e+07
369.462	  3.11246e+07
369.729	  3.11791e+07
369.996	  3.12336e+07
370.263	  3.1288e+07
370.53	  3.13424e+07
370.797	  3.13968e+07
371.064	  3.14511e+07
371.331	  3.15054e+07
371.598	  3.15596e+07
371.865	  3.16138e+07
372.132	  3.1668e+07
372.399	  3.17221e+07
372.666	  3.17762e+07
372.933	  3.18302e+07
373.2	  3.18842e+07
373.467	  3.19382e+07
373.734	  3.19921e+07
374.001	  3.20459e+07
374.268	  3.20997e+07
374.535	  3.21535e+07
374.802	  3.22072e+07
375.069	  3.22609e+07
375.336	  3.23146e+07
375.603	  3.23682e+07
375.87	  3.24217e+07
376.137	  3.24752e+07
376.404	  3.25287e+07
376.671	  3.25821e+07
376.938	  3.26355e+07
377.205	  3.26888e+07
377.472	  3.27421e+07
377.739	  3.27953e+07
378.006	  3.28485e+07
378.273	  3.29016e+07
378.54	  3.29547e+07
378.807	  3.30078e+07
379.074	  3.30608e+07
379.341	  3.31137e+07
379.608	  3.31666e+07
379.875	  3.32195e+07
380.142	  3.32723e+07
380.409	  3.3325e+07
380.676	  3.33777e+07
380.943	  3.34304e+07
381.21	  3.3483e+07
381.477	  3.35355e+07
381.744	  3.3588e+07
382.011	  3.36405e+07
382.278	  3.36929e+07
382.545	  3.37452e+07
382.812	  3.37975e+07
383.079	  3.38498e+07
383.346	  3.3902e+07
383.613	  3.39541e+07
383.88	  3.40062e+07
384.147	  3.40583e+07
384.414	  3.41103e+07
384.681	  3.41622e+07
384.948	  3.42141e+07
385.215	  3.4266e+07
385.482	  3.43177e+07
385.749	  3.43695e+07
386.016	  3.44212e+07
386.283	  3.44728e+07
386.55	  3.45244e+07
386.817	  3.45759e+07
387.084	  3.46273e+07
387.351	  3.46787e+07
387.618	  3.47301e+07
387.885	  3.47814e+07
388.152	  3.48326e+07
388.419	  3.48838e+07
388.686	  3.4935e+07
388.953	  3.49861e+07
389.22	  3.50371e+07
389.487	  3.5088e+07
389.754	  3.5139e+07
390.021	  3.51898e+07
390.288	  3.52406e+07
390.555	  3.52914e+07
390.822	  3.5342e+07
391.089	  3.53927e+07
391.356	  3.54432e+07
391.623	  3.54938e+07
391.89	  3.55442e+07
392.157	  3.55946e+07
392.424	  3.5645e+07
392.691	  3.56952e+07
392.958	  3.57455e+07
393.225	  3.57956e+07
393.492	  3.58458e+07
393.759	  3.58958e+07
394.026	  3.59458e+07
394.293	  3.59957e+07
394.56	  3.60456e+07
394.827	  3.60954e+07
395.094	  3.61452e+07
395.361	  3.61949e+07
395.628	  3.62445e+07
395.895	  3.62941e+07
396.162	  3.63436e+07
396.429	  3.6393e+07
396.696	  3.64424e+07
396.963	  3.64918e+07
397.23	  3.6541e+07
397.497	  3.65902e+07
397.764	  3.66394e+07
398.031	  3.66885e+07
398.298	  3.67375e+07
398.565	  3.67864e+07
398.832	  3.68353e+07
399.099	  3.68842e+07
399.366	  3.6933e+07
399.633	  3.69817e+07
399.9	  3.70303e+07
400.167	  3.70789e+07
400.434	  3.71274e+07
400.701	  3.71759e+07
400.968	  3.72243e+07
401.235	  3.72726e+07
401.502	  3.73209e+07
401.769	  3.73691e+07
402.036	  3.74172e+07
402.303	  3.74653e+07
402.57	  3.75133e+07
402.837	  3.75613e+07
403.104	  3.76092e+07
403.371	  3.7657e+07
403.638	  3.77047e+07
403.905	  3.77524e+07
404.172	  3.78e+07
404.439	  3.78476e+07
404.706	  3.78951e+07
404.973	  3.79425e+07
405.24	  3.79899e+07
405.507	  3.80372e+07
405.774	  3.80844e+07
406.041	  3.81316e+07
406.308	  3.81786e+07
406.575	  3.82257e+07
406.842	  3.82726e+07
407.109	  3.83195e+07
407.376	  3.83664e+07
407.643	  3.84131e+07
407.91	  3.84598e+07
408.177	  3.85064e+07
408.444	  3.8553e+07
408.711	  3.85995e+07
408.978	  3.86459e+07
409.245	  3.86923e+07
409.512	  3.87385e+07
409.779	  3.87848e+07
410.046	  3.88309e+07
410.313	  3.8877e+07
410.58	  3.8923e+07
410.847	  3.89689e+07
411.114	  3.90148e+07
411.381	  3.90606e+07
411.648	  3.91063e+07
411.915	  3.9152e+07
412.182	  3.91976e+07
412.449	  3.92431e+07
412.716	  3.92886e+07
412.983	  3.9334e+07
413.25	  3.93793e+07
413.517	  3.94245e+07
413.784	  3.94697e+07
414.051	  3.95148e+07
414.318	  3.95598e+07
414.585	  3.96048e+07
414.852	  3.96497e+07
415.119	  3.96945e+07
415.386	  3.97393e+07
415.653	  3.9784e+07
415.92	  3.98286e+07
416.187	  3.98731e+07
416.454	  3.99176e+07
416.721	  3.9962e+07
416.988	  4.00063e+07
417.255	  4.00505e+07
417.522	  4.00947e+07
417.789	  4.01388e+07
418.056	  4.01828e+07
418.323	  4.02268e+07
418.59	  4.02707e+07
418.857	  4.03145e+07
419.124	  4.03582e+07
419.391	  4.04019e+07
419.658	  4.04455e+07
419.925	  4.0489e+07
420.192	  4.05325e+07
420.459	  4.05758e+07
420.726	  4.06192e+07
420.993	  4.06624e+07
421.26	  4.07055e+07
421.527	  4.07486e+07
421.794	  4.07916e+07
422.061	  4.08346e+07
422.328	  4.08774e+07
422.595	  4.09202e+07
422.862	  4.09629e+07
423.129	  4.10056e+07
423.396	  4.10481e+07
423.663	  4.10906e+07
423.93	  4.1133e+07
424.197	  4.11753e+07
424.464	  4.12176e+07
424.731	  4.12598e+07
424.998	  4.13019e+07
425.265	  4.13439e+07
425.532	  4.13859e+07
425.799	  4.14278e+07
426.066	  4.14696e+07
426.333	  4.15113e+07
426.6	  4.1553e+07
426.867	  4.15946e+07
427.134	  4.16361e+07
427.401	  4.16775e+07
427.668	  4.17189e+07
427.935	  4.17602e+07
428.202	  4.18014e+07
428.469	  4.18425e+07
428.736	  4.18835e+07
429.003	  4.19245e+07
429.27	  4.19654e+07
429.537	  4.20062e+07
429.804	  4.2047e+07
430.071	  4.20877e+07
430.338	  4.21282e+07
430.605	  4.21688e+07
430.872	  4.22092e+07
431.139	  4.22495e+07
431.406	  4.22898e+07
431.673	  4.233e+07
431.94	  4.23702e+07
432.207	  4.24102e+07
432.474	  4.24502e+07
432.741	  4.24901e+07
433.008	  4.25299e+07
433.275	  4.25696e+07
433.542	  4.26093e+07
433.809	  4.26489e+07
434.076	  4.26884e+07
434.343	  4.27278e+07
434.61	  4.27671e+07
434.877	  4.28064e+07
435.144	  4.28456e+07
435.411	  4.28847e+07
435.678	  4.29237e+07
435.945	  4.29627e+07
436.212	  4.30016e+07
436.479	  4.30404e+07
436.746	  4.30791e+07
437.013	  4.31177e+07
437.28	  4.31563e+07
437.547	  4.31948e+07
437.814	  4.32332e+07
438.081	  4.32715e+07
438.348	  4.33097e+07
438.615	  4.33479e+07
438.882	  4.3386e+07
439.149	  4.3424e+07
439.416	  4.34619e+07
439.683	  4.34998e+07
439.95	  4.35375e+07
440.217	  4.35752e+07
440.484	  4.36128e+07
440.751	  4.36504e+07
441.018	  4.36878e+07
441.285	  4.37252e+07
441.552	  4.37625e+07
441.819	  4.37997e+07
442.086	  4.38368e+07
442.353	  4.38738e+07
442.62	  4.39108e+07
442.887	  4.39477e+07
443.154	  4.39845e+07
443.421	  4.40212e+07
443.688	  4.40579e+07
443.955	  4.40944e+07
444.222	  4.41309e+07
444.489	  4.41673e+07
444.756	  4.42036e+07
445.023	  4.42399e+07
445.29	  4.4276e+07
445.557	  4.43121e+07
445.824	  4.43481e+07
446.091	  4.4384e+07
446.358	  4.44199e+07
446.625	  4.44556e+07
446.892	  4.44913e+07
447.159	  4.45269e+07
447.426	  4.45624e+07
447.693	  4.45978e+07
447.96	  4.46332e+07
448.227	  4.46684e+07
448.494	  4.47036e+07
448.761	  4.47387e+07
449.028	  4.47738e+07
449.295	  4.48087e+07
449.562	  4.48436e+07
449.829	  4.48783e+07
450.096	  4.4913e+07
450.363	  4.49476e+07
450.63	  4.49822e+07
450.897	  4.50166e+07
451.164	  4.5051e+07
451.431	  4.50853e+07
451.698	  4.51195e+07
451.965	  4.51536e+07
452.232	  4.51876e+07
452.499	  4.52216e+07
452.766	  4.52555e+07
453.033	  4.52893e+07
453.3	  4.5323e+07
453.567	  4.53566e+07
453.834	  4.53902e+07
454.101	  4.54236e+07
454.368	  4.5457e+07
454.635	  4.54903e+07
454.902	  4.55235e+07
455.169	  4.55567e+07
455.436	  4.55897e+07
455.703	  4.56227e+07
455.97	  4.56556e+07
456.237	  4.56884e+07
456.504	  4.57211e+07
456.771	  4.57538e+07
457.038	  4.57863e+07
457.305	  4.58188e+07
457.572	  4.58512e+07
457.839	  4.58835e+07
458.106	  4.59157e+07
458.373	  4.59479e+07
458.64	  4.59799e+07
458.907	  4.60119e+07
459.174	  4.60438e+07
459.441	  4.60756e+07
459.708	  4.61073e+07
459.975	  4.6139e+07
460.242	  4.61706e+07
460.509	  4.6202e+07
460.776	  4.62334e+07
461.043	  4.62648e+07
461.31	  4.6296e+07
461.577	  4.63271e+07
461.844	  4.63582e+07
462.111	  4.63892e+07
462.378	  4.64201e+07
462.645	  4.64509e+07
462.912	  4.64816e+07
463.179	  4.65123e+07
463.446	  4.65429e+07
463.713	  4.65733e+07
463.98	  4.66037e+07
464.247	  4.66341e+07
464.514	  4.66643e+07
464.781	  4.66944e+07
465.048	  4.67245e+07
465.315	  4.67545e+07
465.582	  4.67844e+07
465.849	  4.68142e+07
466.116	  4.6844e+07
466.383	  4.68736e+07
466.65	  4.69032e+07
466.917	  4.69327e+07
467.184	  4.69621e+07
467.451	  4.69914e+07
467.718	  4.70206e+07
467.985	  4.70498e+07
468.252	  4.70788e+07
468.519	  4.71078e+07
468.786	  4.71367e+07
469.053	  4.71655e+07
469.32	  4.71943e+07
469.587	  4.72229e+07
469.854	  4.72515e+07
470.121	  4.728e+07
470.388	  4.73084e+07
470.655	  4.73367e+07
470.922	  4.73649e+07
471.189	  4.73931e+07
471.456	  4.74211e+07
471.723	  4.74491e+07
471.99	  4.7477e+07
472.257	  4.75048e+07
472.524	  4.75326e+07
472.791	  4.75602e+07
473.058	  4.75878e+07
473.325	  4.76153e+07
473.592	  4.76427e+07
473.859	  4.767e+07
474.126	  4.76972e+07
474.393	  4.77244e+07
474.66	  4.77514e+07
474.927	  4.77784e+07
475.194	  4.78053e+07
475.461	  4.78321e+07
475.728	  4.78589e+07
475.995	  4.78855e+07
476.262	  4.79121e+07
476.529	  4.79386e+07
476.796	  4.7965e+07
477.063	  4.79913e+07
477.33	  4.80175e+07
477.597	  4.80436e+07
477.864	  4.80697e+07
478.131	  4.80957e+07
478.398	  4.81216e+07
478.665	  4.81474e+07
478.932	  4.81731e+07
479.199	  4.81988e+07
479.466	  4.82243e+07
479.733	  4.82498e+07
480	  4.82752e+07
480.267	  4.83005e+07
480.534	  4.83258e+07
480.801	  4.83509e+07
481.068	  4.8376e+07
481.335	  4.8401e+07
481.602	  4.84259e+07
481.869	  4.84507e+07
482.136	  4.84754e+07
482.403	  4.85001e+07
482.67	  4.85246e+07
482.937	  4.85491e+07
483.204	  4.85735e+07
483.471	  4.85978e+07
483.738	  4.8622e+07
484.005	  4.86462e+07
484.272	  4.86703e+07
484.539	  4.86942e+07
484.806	  4.87181e+07
485.073	  4.8742e+07
485.34	  4.87657e+07
485.607	  4.87893e+07
485.874	  4.88129e+07
486.141	  4.88364e+07
486.408	  4.88598e+07
486.675	  4.88831e+07
486.942	  4.89064e+07
487.209	  4.89295e+07
487.476	  4.89526e+07
487.743	  4.89756e+07
488.01	  4.89985e+07
488.277	  4.90213e+07
488.544	  4.9044e+07
488.811	  4.90667e+07
489.078	  4.90893e+07
489.345	  4.91118e+07
489.612	  4.91342e+07
489.879	  4.91565e+07
490.146	  4.91787e+07
490.413	  4.92009e+07
490.68	  4.9223e+07
490.947	  4.9245e+07
491.214	  4.92669e+07
491.481	  4.92887e+07
491.748	  4.93105e+07
492.015	  4.93321e+07
492.282	  4.93537e+07
492.549	  4.93752e+07
492.816	  4.93966e+07
493.083	  4.9418e+07
493.35	  4.94392e+07
493.617	  4.94604e+07
493.884	  4.94815e+07
494.151	  4.95025e+07
494.418	  4.95234e+07
494.685	  4.95442e+07
494.952	  4.9565e+07
495.219	  4.95857e+07
495.486	  4.96063e+07
495.753	  4.96268e+07
496.02	  4.96472e+07
496.287	  4.96676e+07
496.554	  4.96879e+07
496.821	  4.9708e+07
497.088	  4.97282e+07
497.355	  4.97482e+07
497.622	  4.97681e+07
497.889	  4.9788e+07
498.156	  4.98078e+07
498.423	  4.98275e+07
498.69	  4.98471e+07
498.957	  4.98666e+07
499.224	  4.98861e+07
499.491	  4.99054e+07
499.758	  4.99247e+07
500.025	  4.99439e+07
500.292	  4.99631e+07
500.559	  4.99821e+07
500.826	  5.00011e+07
501.093	  5.00199e+07
501.36	  5.00387e+07
501.627	  5.00575e+07
501.894	  5.00761e+07
502.161	  5.00947e+07
502.428	  5.01131e+07
502.695	  5.01315e+07
502.962	  5.01499e+07
503.229	  5.01681e+07
503.496	  5.01862e+07
503.763	  5.02043e+07
504.03	  5.02223e+07
504.297	  5.02402e+07
504.564	  5.0258e+07
504.831	  5.02758e+07
505.098	  5.02935e+07
505.365	  5.03111e+07
505.632	  5.03286e+07
505.899	  5.0346e+07
506.166	  5.03633e+07
506.433	  5.03806e+07
506.7	  5.03978e+07
506.967	  5.04149e+07
507.234	  5.04319e+07
507.501	  5.04489e+07
507.768	  5.04657e+07
508.035	  5.04825e+07
508.302	  5.04992e+07
508.569	  5.05159e+07
508.836	  5.05324e+07
509.103	  5.05489e+07
509.37	  5.05653e+07
509.637	  5.05816e+07
509.904	  5.05978e+07
510.171	  5.06139e+07
510.438	  5.063e+07
510.705	  5.0646e+07
510.972	  5.06619e+07
511.239	  5.06777e+07
511.506	  5.06935e+07
511.773	  5.07091e+07
512.04	  5.07247e+07
512.307	  5.07402e+07
512.574	  5.07557e+07
512.841	  5.0771e+07
513.108	  5.07863e+07
513.375	  5.08015e+07
513.642	  5.08166e+07
513.909	  5.08316e+07
514.176	  5.08466e+07
514.443	  5.08615e+07
514.71	  5.08763e+07
514.977	  5.0891e+07
515.244	  5.09056e+07
515.511	  5.09202e+07
515.778	  5.09347e+07
516.045	  5.09491e+07
516.312	  5.09634e+07
516.579	  5.09777e+07
516.846	  5.09918e+07
517.113	  5.10059e+07
517.38	  5.102e+07
517.647	  5.10339e+07
517.914	  5.10478e+07
518.181	  5.10615e+07
518.448	  5.10752e+07
518.715	  5.10889e+07
518.982	  5.11024e+07
519.249	  5.11159e+07
519.516	  5.11293e+07
519.783	  5.11426e+07
520.05	  5.11558e+07
520.317	  5.1169e+07
520.584	  5.11821e+07
520.851	  5.11951e+07
521.118	  5.1208e+07
521.385	  5.12208e+07
521.652	  5.12336e+07
521.919	  5.12463e+07
522.186	  5.12589e+07
522.453	  5.12714e+07
522.72	  5.12839e+07
522.987	  5.12963e+07
523.254	  5.13086e+07
523.521	  5.13208e+07
523.788	  5.1333e+07
524.055	  5.13451e+07
524.322	  5.13571e+07
524.589	  5.1369e+07
524.856	  5.13808e+07
525.123	  5.13926e+07
525.39	  5.14043e+07
525.657	  5.14159e+07
525.924	  5.14275e+07
526.191	  5.14389e+07
526.458	  5.14503e+07
526.725	  5.14616e+07
526.992	  5.14729e+07
527.259	  5.1484e+07
527.526	  5.14951e+07
527.793	  5.15061e+07
528.06	  5.15171e+07
528.327	  5.15279e+07
528.594	  5.15387e+07
528.861	  5.15494e+07
529.128	  5.15601e+07
529.395	  5.15706e+07
529.662	  5.15811e+07
529.929	  5.15915e+07
530.196	  5.16018e+07
530.463	  5.16121e+07
530.73	  5.16223e+07
530.997	  5.16324e+07
531.264	  5.16424e+07
531.531	  5.16524e+07
531.798	  5.16623e+07
532.065	  5.16721e+07
532.332	  5.16818e+07
532.599	  5.16914e+07
532.866	  5.1701e+07
533.133	  5.17105e+07
533.4	  5.172e+07
533.667	  5.17293e+07
533.934	  5.17386e+07
534.201	  5.17478e+07
534.468	  5.1757e+07
534.735	  5.1766e+07
535.002	  5.1775e+07
535.269	  5.17839e+07
535.536	  5.17928e+07
535.803	  5.18016e+07
536.07	  5.18102e+07
536.337	  5.18189e+07
536.604	  5.18274e+07
536.871	  5.18359e+07
537.138	  5.18443e+07
537.405	  5.18526e+07
537.672	  5.18609e+07
537.939	  5.18691e+07
538.206	  5.18772e+07
538.473	  5.18852e+07
538.74	  5.18932e+07
539.007	  5.1901e+07
539.274	  5.19089e+07
539.541	  5.19166e+07
539.808	  5.19243e+07
540.075	  5.19319e+07
540.342	  5.19394e+07
540.609	  5.19469e+07
540.876	  5.19542e+07
541.143	  5.19615e+07
541.41	  5.19688e+07
541.677	  5.1976e+07
541.944	  5.1983e+07
542.211	  5.19901e+07
542.478	  5.1997e+07
542.745	  5.20039e+07
543.012	  5.20107e+07
543.279	  5.20174e+07
543.546	  5.20241e+07
543.813	  5.20307e+07
544.08	  5.20372e+07
544.347	  5.20437e+07
544.614	  5.205e+07
544.881	  5.20563e+07
545.148	  5.20626e+07
545.415	  5.20687e+07
545.682	  5.20748e+07
545.949	  5.20809e+07
546.216	  5.20868e+07
546.483	  5.20927e+07
546.75	  5.20985e+07
547.017	  5.21042e+07
547.284	  5.21099e+07
547.551	  5.21155e+07
547.818	  5.2121e+07
548.085	  5.21265e+07
548.352	  5.21319e+07
548.619	  5.21372e+07
548.886	  5.21425e+07
549.153	  5.21476e+07
549.42	  5.21527e+07
549.687	  5.21578e+07
549.954	  5.21627e+07
550.221	  5.21676e+07
550.488	  5.21725e+07
550.755	  5.21772e+07
551.022	  5.21819e+07
551.289	  5.21866e+07
551.556	  5.21911e+07
551.823	  5.21956e+07
552.09	  5.22e+07
552.357	  5.22044e+07
552.624	  5.22086e+07
552.891	  5.22128e+07
553.158	  5.2217e+07
553.425	  5.22211e+07
553.692	  5.22251e+07
553.959	  5.2229e+07
554.226	  5.22329e+07
554.493	  5.22367e+07
554.76	  5.22404e+07
555.027	  5.22441e+07
555.294	  5.22476e+07
555.561	  5.22512e+07
555.828	  5.22546e+07
556.095	  5.2258e+07
556.362	  5.22613e+07
556.629	  5.22646e+07
556.896	  5.22678e+07
557.163	  5.22709e+07
557.43	  5.2274e+07
557.697	  5.2277e+07
557.964	  5.22799e+07
558.231	  5.22827e+07
558.498	  5.22855e+07
558.765	  5.22882e+07
559.032	  5.22909e+07
559.299	  5.22935e+07
559.566	  5.2296e+07
560.009	  5.23e+07
560.296	  5.23025e+07
560.583	  5.2305e+07
560.87	  5.23073e+07
561.157	  5.23096e+07
561.444	  5.23118e+07
561.731	  5.2314e+07
562.018	  5.2316e+07
562.305	  5.2318e+07
562.592	  5.23199e+07
562.879	  5.23217e+07
563.166	  5.23235e+07
563.453	  5.23252e+07
563.74	  5.23268e+07
564.027	  5.23283e+07
564.314	  5.23297e+07
564.601	  5.23311e+07
564.888	  5.23324e+07
565.175	  5.23337e+07
565.462	  5.23348e+07
565.749	  5.23359e+07
566.036	  5.23369e+07
566.323	  5.23378e+07
566.61	  5.23387e+07
566.897	  5.23394e+07
567.184	  5.23402e+07
567.471	  5.23408e+07
567.758	  5.23413e+07
568.045	  5.23418e+07
568.332	  5.23422e+07
568.619	  5.23426e+07
568.906	  5.23428e+07
569.193	  5.2343e+07
569.48	  5.23432e+07
569.767	  5.23432e+07
570.054	  5.23432e+07
570.341	  5.23431e+07
570.628	  5.23429e+07
570.915	  5.23426e+07
571.202	  5.23423e+07
571.489	  5.23419e+07
571.776	  5.23415e+07
572.063	  5.23409e+07
572.35	  5.23403e+07
572.637	  5.23396e+07
572.924	  5.23389e+07
573.211	  5.23381e+07
573.498	  5.23372e+07
573.785	  5.23362e+07
574.072	  5.23352e+07
574.359	  5.23341e+07
574.646	  5.23329e+07
574.933	  5.23316e+07
575.22	  5.23303e+07
575.507	  5.23289e+07
575.794	  5.23274e+07
576.081	  5.23259e+07
576.368	  5.23243e+07
576.655	  5.23226e+07
576.942	  5.23209e+07
577.229	  5.23191e+07
577.516	  5.23172e+07
577.803	  5.23152e+07
578.09	  5.23132e+07
578.377	  5.23111e+07
578.664	  5.23089e+07
578.951	  5.23067e+07
579.238	  5.23044e+07
579.525	  5.2302e+07
579.812	  5.22996e+07
580.099	  5.22971e+07
580.386	  5.22945e+07
580.673	  5.22918e+07
580.96	  5.22891e+07
581.247	  5.22863e+07
581.534	  5.22835e+07
581.821	  5.22805e+07
582.108	  5.22776e+07
582.395	  5.22745e+07
582.682	  5.22714e+07
582.969	  5.22682e+07
583.256	  5.22649e+07
583.543	  5.22616e+07
583.83	  5.22582e+07
584.117	  5.22547e+07
584.404	  5.22512e+07
584.691	  5.22476e+07
584.978	  5.22439e+07
585.265	  5.22402e+07
585.552	  5.22364e+07
585.839	  5.22325e+07
586.126	  5.22286e+07
586.413	  5.22246e+07
586.7	  5.22205e+07
586.987	  5.22164e+07
587.274	  5.22122e+07
587.561	  5.22079e+07
587.848	  5.22036e+07
588.135	  5.21992e+07
588.422	  5.21947e+07
588.709	  5.21902e+07
588.996	  5.21856e+07
589.283	  5.21809e+07
589.57	  5.21762e+07
589.857	  5.21714e+07
590.144	  5.21665e+07
590.431	  5.21616e+07
590.718	  5.21566e+07
591.005	  5.21516e+07
591.292	  5.21465e+07
591.579	  5.21413e+07
591.866	  5.21361e+07
592.153	  5.21307e+07
592.44	  5.21254e+07
592.727	  5.21199e+07
593.014	  5.21144e+07
593.301	  5.21089e+07
593.588	  5.21033e+07
593.875	  5.20976e+07
594.162	  5.20918e+07
594.449	  5.2086e+07
594.736	  5.20801e+07
595.023	  5.20742e+07
595.31	  5.20682e+07
595.597	  5.20621e+07
595.884	  5.2056e+07
596.171	  5.20498e+07
596.458	  5.20435e+07
596.745	  5.20372e+07
597.032	  5.20308e+07
597.319	  5.20244e+07
597.606	  5.20179e+07
597.893	  5.20113e+07
598.18	  5.20047e+07
598.467	  5.1998e+07
598.754	  5.19913e+07
599.041	  5.19844e+07
599.328	  5.19776e+07
599.615	  5.19706e+07
599.902	  5.19636e+07
600.189	  5.19566e+07
600.476	  5.19495e+07
600.763	  5.19423e+07
601.05	  5.19351e+07
601.337	  5.19278e+07
601.624	  5.19204e+07
601.911	  5.1913e+07
602.198	  5.19055e+07
602.485	  5.1898e+07
602.772	  5.18904e+07
603.059	  5.18827e+07
603.346	  5.1875e+07
603.633	  5.18672e+07
603.92	  5.18594e+07
604.207	  5.18515e+07
604.494	  5.18435e+07
604.781	  5.18355e+07
605.068	  5.18274e+07
605.355	  5.18193e+07
605.642	  5.18111e+07
605.929	  5.18029e+07
606.216	  5.17946e+07
606.503	  5.17862e+07
606.79	  5.17778e+07
607.077	  5.17693e+07
607.364	  5.17608e+07
607.651	  5.17522e+07
607.938	  5.17435e+07
608.225	  5.17348e+07
608.512	  5.1726e+07
608.799	  5.17172e+07
609.086	  5.17083e+07
609.373	  5.16994e+07
609.66	  5.16904e+07
609.947	  5.16813e+07
610.234	  5.16722e+07
610.521	  5.1663e+07
610.808	  5.16538e+07
611.095	  5.16445e+07
611.382	  5.16352e+07
611.669	  5.16258e+07
611.956	  5.16163e+07
612.243	  5.16068e+07
612.53	  5.15973e+07
612.817	  5.15877e+07
613.104	  5.1578e+07
613.391	  5.15683e+07
613.678	  5.15585e+07
613.965	  5.15486e+07
614.252	  5.15387e+07
614.539	  5.15288e+07
614.826	  5.15188e+07
615.113	  5.15087e+07
615.4	  5.14986e+07
615.687	  5.14884e+07
615.974	  5.14782e+07
616.261	  5.14679e+07
616.548	  5.14576e+07
616.835	  5.14472e+07
617.122	  5.14368e+07
617.409	  5.14263e+07
617.696	  5.14158e+07
617.983	  5.14052e+07
618.27	  5.13945e+07
618.557	  5.13838e+07
618.844	  5.1373e+07
619.131	  5.13622e+07
619.418	  5.13514e+07
619.705	  5.13404e+07
619.992	  5.13295e+07
620.279	  5.13184e+07
620.566	  5.13074e+07
620.853	  5.12962e+07
621.14	  5.12851e+07
621.427	  5.12738e+07
621.714	  5.12625e+07
622.001	  5.12512e+07
622.288	  5.12398e+07
622.575	  5.12284e+07
622.862	  5.12169e+07
623.149	  5.12053e+07
623.436	  5.11937e+07
623.723	  5.11821e+07
624.01	  5.11704e+07
624.297	  5.11586e+07
624.584	  5.11468e+07
624.871	  5.1135e+07
625.158	  5.11231e+07
625.445	  5.11111e+07
625.732	  5.10991e+07
626.019	  5.10871e+07
626.306	  5.1075e+07
626.593	  5.10628e+07
626.88	  5.10506e+07
627.167	  5.10384e+07
627.454	  5.10261e+07
627.741	  5.10137e+07
628.028	  5.10013e+07
628.315	  5.09889e+07
628.602	  5.09764e+07
628.889	  5.09638e+07
629.176	  5.09512e+07
629.463	  5.09386e+07
629.75	  5.09259e+07
630.037	  5.09131e+07
630.324	  5.09004e+07
630.611	  5.08875e+07
630.898	  5.08746e+07
631.185	  5.08617e+07
631.472	  5.08487e+07
631.759	  5.08357e+07
632.046	  5.08226e+07
632.333	  5.08095e+07
632.62	  5.07963e+07
632.907	  5.07831e+07
633.194	  5.07698e+07
633.481	  5.07565e+07
633.768	  5.07431e+07
634.055	  5.07297e+07
634.342	  5.07162e+07
634.629	  5.07027e+07
634.916	  5.06892e+07
635.203	  5.06756e+07
635.49	  5.06619e+07
635.777	  5.06482e+07
636.064	  5.06345e+07
636.351	  5.06207e+07
636.638	  5.06069e+07
636.925	  5.0593e+07
637.212	  5.05791e+07
637.499	  5.05651e+07
637.786	  5.05511e+07
638.073	  5.0537e+07
638.36	  5.05229e+07
638.647	  5.05088e+07
638.934	  5.04946e+07
639.221	  5.04803e+07
639.508	  5.0466e+07
639.795	  5.04517e+07
640.082	  5.04373e+07
640.369	  5.04229e+07
640.656	  5.04085e+07
640.943	  5.0394e+07
641.23	  5.03794e+07
641.517	  5.03648e+07
641.804	  5.03502e+07
642.091	  5.03355e+07
642.378	  5.03208e+07
642.665	  5.0306e+07
642.952	  5.02912e+07
643.239	  5.02763e+07
643.526	  5.02614e+07
643.813	  5.02465e+07
644.1	  5.02315e+07
644.387	  5.02164e+07
644.674	  5.02014e+07
644.961	  5.01863e+07
645.248	  5.01711e+07
645.535	  5.01559e+07
645.822	  5.01406e+07
646.109	  5.01254e+07
646.396	  5.011e+07
646.683	  5.00947e+07
646.97	  5.00792e+07
647.257	  5.00638e+07
647.544	  5.00483e+07
647.831	  5.00328e+07
648.118	  5.00172e+07
648.405	  5.00016e+07
648.692	  4.99859e+07
648.979	  4.99702e+07
649.266	  4.99545e+07
649.553	  4.99387e+07
649.84	  4.99228e+07
650.127	  4.9907e+07
650.414	  4.98911e+07
650.701	  4.98751e+07
650.988	  4.98591e+07
651.275	  4.98431e+07
651.562	  4.9827e+07
651.849	  4.98109e+07
652.136	  4.97948e+07
652.423	  4.97786e+07
652.71	  4.97624e+07
652.997	  4.97461e+07
653.284	  4.97298e+07
653.571	  4.97134e+07
653.858	  4.96971e+07
654.145	  4.96806e+07
654.432	  4.96642e+07
654.719	  4.96477e+07
655.006	  4.96311e+07
655.293	  4.96145e+07
655.58	  4.95979e+07
655.867	  4.95813e+07
656.154	  4.95646e+07
656.441	  4.95478e+07
656.728	  4.95311e+07
657.015	  4.95143e+07
657.302	  4.94974e+07
657.589	  4.94805e+07
657.876	  4.94636e+07
658.163	  4.94466e+07
658.45	  4.94296e+07
658.737	  4.94126e+07
659.024	  4.93955e+07
659.311	  4.93784e+07
659.598	  4.93613e+07
659.885	  4.93441e+07
660.172	  4.93269e+07
660.459	  4.93096e+07
660.746	  4.92923e+07
661.033	  4.9275e+07
661.32	  4.92576e+07
661.607	  4.92402e+07
661.894	  4.92228e+07
662.181	  4.92053e+07
662.468	  4.91878e+07
662.755	  4.91702e+07
663.042	  4.91526e+07
663.329	  4.9135e+07
663.616	  4.91174e+07
663.903	  4.90997e+07
664.19	  4.90819e+07
664.477	  4.90642e+07
664.764	  4.90464e+07
665.051	  4.90285e+07
665.338	  4.90107e+07
665.625	  4.89928e+07
665.912	  4.89748e+07
666.199	  4.89569e+07
666.486	  4.89389e+07
666.773	  4.89208e+07
667.06	  4.89027e+07
667.347	  4.88846e+07
667.634	  4.88665e+07
667.921	  4.88483e+07
668.208	  4.88301e+07
668.495	  4.88119e+07
668.782	  4.87936e+07
669.069	  4.87753e+07
669.356	  4.87569e+07
669.643	  4.87385e+07
669.93	  4.87201e+07
670.217	  4.87017e+07
670.504	  4.86832e+07
670.791	  4.86647e+07
671.078	  4.86461e+07
671.365	  4.86276e+07
671.652	  4.8609e+07
671.939	  4.85903e+07
672.226	  4.85716e+07
672.513	  4.85529e+07
672.8	  4.85342e+07
673.087	  4.85154e+07
673.374	  4.84966e+07
673.661	  4.84778e+07
673.948	  4.84589e+07
674.235	  4.844e+07
674.522	  4.84211e+07
674.809	  4.84021e+07
675.096	  4.83831e+07
675.383	  4.83641e+07
675.67	  4.83451e+07
675.957	  4.8326e+07
676.244	  4.83068e+07
676.531	  4.82877e+07
676.818	  4.82685e+07
677.105	  4.82493e+07
677.392	  4.82301e+07
677.679	  4.82108e+07
677.966	  4.81915e+07
678.253	  4.81722e+07
678.54	  4.81528e+07
678.827	  4.81334e+07
679.114	  4.8114e+07
679.401	  4.80945e+07
679.688	  4.80751e+07
679.975	  4.80555e+07
680.262	  4.8036e+07
680.549	  4.80164e+07
680.836	  4.79968e+07
681.123	  4.79772e+07
681.41	  4.79575e+07
681.697	  4.79379e+07
681.984	  4.79181e+07
682.271	  4.78984e+07
682.558	  4.78786e+07
682.845	  4.78588e+07
683.132	  4.7839e+07
683.419	  4.78191e+07
683.706	  4.77992e+07
683.993	  4.77793e+07
684.28	  4.77594e+07
684.567	  4.77394e+07
684.854	  4.77194e+07
685.141	  4.76994e+07
685.428	  4.76793e+07
685.715	  4.76592e+07
686.002	  4.76391e+07
686.289	  4.7619e+07
686.576	  4.75988e+07
686.863	  4.75786e+07
687.15	  4.75584e+07
687.437	  4.75382e+07
687.724	  4.75179e+07
688.011	  4.74976e+07
688.298	  4.74773e+07
688.585	  4.74569e+07
688.872	  4.74365e+07
689.159	  4.74161e+07
689.446	  4.73957e+07
689.733	  4.73752e+07
690.02	  4.73547e+07
690.307	  4.73342e+07
690.594	  4.73137e+07
690.881	  4.72931e+07
691.168	  4.72725e+07
691.455	  4.72519e+07
691.742	  4.72313e+07
692.029	  4.72106e+07
692.316	  4.71899e+07
692.603	  4.71692e+07
692.89	  4.71484e+07
693.177	  4.71277e+07
693.464	  4.71069e+07
693.751	  4.70861e+07
694.038	  4.70652e+07
694.325	  4.70443e+07
694.612	  4.70234e+07
694.899	  4.70025e+07
695.186	  4.69816e+07
695.473	  4.69606e+07
695.76	  4.69396e+07
696.047	  4.69186e+07
696.334	  4.68976e+07
696.621	  4.68765e+07
696.908	  4.68554e+07
697.195	  4.68343e+07
697.482	  4.68132e+07
697.769	  4.6792e+07
698.056	  4.67708e+07
698.343	  4.67496e+07
698.63	  4.67284e+07
698.917	  4.67071e+07
699.204	  4.66859e+07
699.491	  4.66646e+07
699.778	  4.66433e+07
700.065	  4.66219e+07
700.352	  4.66005e+07
700.639	  4.65791e+07
700.926	  4.65577e+07
701.213	  4.65363e+07
701.5	  4.65148e+07
701.787	  4.64934e+07
702.074	  4.64719e+07
702.361	  4.64503e+07
702.648	  4.64288e+07
702.935	  4.64072e+07
703.222	  4.63856e+07
703.509	  4.6364e+07
703.796	  4.63424e+07
704.083	  4.63207e+07
704.37	  4.62991e+07
704.657	  4.62774e+07
704.944	  4.62556e+07
705.231	  4.62339e+07
705.518	  4.62121e+07
705.805	  4.61903e+07
706.092	  4.61685e+07
706.379	  4.61467e+07
706.666	  4.61249e+07
706.953	  4.6103e+07
707.24	  4.60811e+07
707.527	  4.60592e+07
707.814	  4.60373e+07
708.101	  4.60153e+07
708.388	  4.59934e+07
708.675	  4.59714e+07
708.962	  4.59494e+07
709.249	  4.59273e+07
709.536	  4.59053e+07
709.823	  4.58832e+07
710.11	  4.58611e+07
710.397	  4.5839e+07
710.684	  4.58169e+07
710.971	  4.57947e+07
711.258	  4.57726e+07
711.545	  4.57504e+07
711.832	  4.57282e+07
712.119	  4.5706e+07
712.406	  4.56837e+07
712.693	  4.56615e+07
712.98	  4.56392e+07
713.267	  4.56169e+07
713.554	  4.55946e+07
713.841	  4.55722e+07
714.128	  4.55499e+07
714.415	  4.55275e+07
714.702	  4.55051e+07
714.989	  4.54827e+07
715.276	  4.54603e+07
715.563	  4.54378e+07
715.85	  4.54153e+07
716.137	  4.53929e+07
716.424	  4.53704e+07
716.711	  4.53478e+07
716.998	  4.53253e+07
717.285	  4.53027e+07
717.572	  4.52802e+07
717.859	  4.52576e+07
718.146	  4.5235e+07
718.433	  4.52124e+07
718.72	  4.51897e+07
719.007	  4.51671e+07
719.294	  4.51444e+07
719.581	  4.51217e+07
719.868	  4.5099e+07
720.155	  4.50763e+07
720.442	  4.50535e+07
720.729	  4.50308e+07
721.016	  4.5008e+07
721.303	  4.49852e+07
721.59	  4.49624e+07
721.877	  4.49396e+07
722.164	  4.49167e+07
722.451	  4.48939e+07
722.738	  4.4871e+07
723.025	  4.48481e+07
723.312	  4.48252e+07
723.599	  4.48023e+07
723.886	  4.47793e+07
724.173	  4.47564e+07
724.46	  4.47334e+07
724.747	  4.47104e+07
725.034	  4.46874e+07
725.321	  4.46644e+07
725.608	  4.46414e+07
725.895	  4.46184e+07
726.182	  4.45953e+07
726.469	  4.45722e+07
726.756	  4.45491e+07
727.043	  4.4526e+07
727.33	  4.45029e+07
727.617	  4.44798e+07
727.904	  4.44566e+07
728.191	  4.44335e+07
728.478	  4.44103e+07
728.765	  4.43871e+07
729.052	  4.43639e+07
729.339	  4.43407e+07
729.626	  4.43175e+07
729.913	  4.42942e+07
730.2	  4.42709e+07
730.487	  4.42477e+07
730.774	  4.42244e+07
731.061	  4.42011e+07
731.348	  4.41778e+07
731.635	  4.41544e+07
731.922	  4.41311e+07
732.209	  4.41077e+07
732.496	  4.40844e+07
732.783	  4.4061e+07
733.07	  4.40376e+07
733.357	  4.40142e+07
733.644	  4.39908e+07
733.931	  4.39673e+07
734.218	  4.39439e+07
734.505	  4.39204e+07
734.792	  4.3897e+07
735.079	  4.38735e+07
735.366	  4.385e+07
735.653	  4.38265e+07
735.94	  4.38029e+07
736.227	  4.37794e+07
736.514	  4.37559e+07
736.801	  4.37323e+07
737.088	  4.37087e+07
737.375	  4.36851e+07
737.662	  4.36615e+07
737.949	  4.36379e+07
738.236	  4.36143e+07
738.523	  4.35907e+07
738.81	  4.3567e+07
739.097	  4.35434e+07
739.384	  4.35197e+07
739.671	  4.34961e+07
739.958	  4.34724e+07
740.245	  4.34487e+07
740.532	  4.3425e+07
740.819	  4.34012e+07
741.106	  4.33775e+07
741.393	  4.33538e+07
741.68	  4.333e+07
741.967	  4.33062e+07
742.254	  4.32825e+07
742.541	  4.32587e+07
742.828	  4.32349e+07
743.115	  4.32111e+07
743.402	  4.31873e+07
743.689	  4.31634e+07
743.976	  4.31396e+07
744.263	  4.31157e+07
744.55	  4.30919e+07
744.837	  4.3068e+07
745.124	  4.30441e+07
745.411	  4.30202e+07
745.698	  4.29963e+07
745.985	  4.29724e+07
746.272	  4.29485e+07
746.559	  4.29246e+07
746.846	  4.29007e+07
747.133	  4.28767e+07
747.42	  4.28527e+07
747.707	  4.28288e+07
747.994	  4.28048e+07
748.281	  4.27808e+07
748.568	  4.27568e+07
748.855	  4.27328e+07
749.142	  4.27088e+07
749.429	  4.26848e+07
749.716	  4.26608e+07
750.003	  4.26367e+07
750.29	  4.26127e+07
750.577	  4.25886e+07
750.864	  4.25646e+07
751.151	  4.25405e+07
751.438	  4.25164e+07
751.725	  4.24923e+07
752.012	  4.24682e+07
752.299	  4.24441e+07
752.586	  4.242e+07
752.873	  4.23959e+07
753.16	  4.23717e+07
753.447	  4.23476e+07
753.734	  4.23235e+07
754.021	  4.22993e+07
754.308	  4.22751e+07
754.595	  4.2251e+07
754.882	  4.22268e+07
755.169	  4.22026e+07
755.456	  4.21784e+07
755.743	  4.21542e+07
756.03	  4.213e+07
756.317	  4.21058e+07
756.604	  4.20816e+07
756.891	  4.20573e+07
757.178	  4.20331e+07
757.465	  4.20089e+07
757.752	  4.19846e+07
758.039	  4.19603e+07
758.326	  4.19361e+07
758.613	  4.19118e+07
758.9	  4.18875e+07
759.187	  4.18632e+07
759.474	  4.1839e+07
759.761	  4.18147e+07
760.048	  4.17903e+07
760.335	  4.1766e+07
760.622	  4.17417e+07
760.909	  4.17174e+07
761.196	  4.16931e+07
761.483	  4.16687e+07
761.77	  4.16444e+07
762.057	  4.162e+07
762.344	  4.15957e+07
762.631	  4.15713e+07
762.918	  4.1547e+07
763.205	  4.15226e+07
763.492	  4.14982e+07
763.779	  4.14738e+07
764.066	  4.14494e+07
764.353	  4.1425e+07
764.64	  4.14006e+07
764.927	  4.13762e+07
765.214	  4.13518e+07
765.501	  4.13274e+07
765.788	  4.1303e+07
766.075	  4.12786e+07
766.362	  4.12541e+07
766.649	  4.12297e+07
766.936	  4.12053e+07
767.223	  4.11808e+07
767.51	  4.11564e+07
767.797	  4.11319e+07
768.084	  4.11075e+07
768.371	  4.1083e+07
768.658	  4.10585e+07
768.945	  4.1034e+07
769.232	  4.10096e+07
769.519	  4.09851e+07
769.806	  4.09606e+07
770.093	  4.09361e+07
770.38	  4.09116e+07
770.667	  4.08871e+07
770.954	  4.08626e+07
771.241	  4.08381e+07
771.528	  4.08136e+07
771.815	  4.07891e+07
772.102	  4.07646e+07
772.389	  4.074e+07
772.676	  4.07155e+07
772.963	  4.0691e+07
773.25	  4.06664e+07
773.537	  4.06419e+07
773.824	  4.06174e+07
774.111	  4.05928e+07
774.398	  4.05683e+07
774.685	  4.05437e+07
774.972	  4.05192e+07
775.259	  4.04946e+07
775.546	  4.047e+07
775.833	  4.04455e+07
776.12	  4.04209e+07
776.407	  4.03963e+07
776.694	  4.03718e+07
776.981	  4.03472e+07
777.268	  4.03226e+07
777.555	  4.0298e+07
777.842	  4.02734e+07
778.129	  4.02489e+07
778.416	  4.02243e+07
778.703	  4.01997e+07
778.99	  4.01751e+07
779.277	  4.01505e+07
779.564	  4.01259e+07
779.851	  4.01013e+07
780.138	  4.00767e+07
780.425	  4.00521e+07
780.712	  4.00275e+07
780.999	  4.00028e+07
781.286	  3.99782e+07
781.573	  3.99536e+07
781.86	  3.9929e+07
782.147	  3.99044e+07
782.434	  3.98798e+07
782.721	  3.98551e+07
783.008	  3.98305e+07
783.295	  3.98059e+07
783.582	  3.97813e+07
783.869	  3.97566e+07
784.156	  3.9732e+07
784.443	  3.97074e+07
784.73	  3.96827e+07
785.017	  3.96581e+07
785.304	  3.96335e+07
785.591	  3.96088e+07
785.878	  3.95842e+07
786.165	  3.95596e+07
786.452	  3.95349e+07
786.739	  3.95103e+07
787.026	  3.94856e+07
787.313	  3.9461e+07
787.6	  3.94363e+07
787.887	  3.94117e+07
788.174	  3.93871e+07
788.461	  3.93624e+07
788.748	  3.93378e+07
789.035	  3.93131e+07
789.322	  3.92885e+07
789.609	  3.92638e+07
789.896	  3.92392e+07
790.183	  3.92145e+07
790.47	  3.91899e+07
790.757	  3.91652e+07
791.044	  3.91406e+07
791.331	  3.91159e+07
791.618	  3.90913e+07
791.905	  3.90666e+07
792.192	  3.9042e+07
792.479	  3.90173e+07
792.766	  3.89927e+07
793.053	  3.8968e+07
793.34	  3.89434e+07
793.627	  3.89187e+07
793.914	  3.88941e+07
794.201	  3.88694e+07
794.488	  3.88448e+07
794.775	  3.88201e+07
795.062	  3.87955e+07
795.349	  3.87708e+07
795.636	  3.87462e+07
795.923	  3.87215e+07
796.21	  3.86969e+07
796.497	  3.86722e+07
796.784	  3.86476e+07
797.071	  3.86229e+07
797.358	  3.85983e+07
797.645	  3.85737e+07
797.932	  3.8549e+07
798.219	  3.85244e+07
798.506	  3.84997e+07
798.793	  3.84751e+07
799.08	  3.84505e+07
799.367	  3.84258e+07
799.654	  3.84012e+07
799.941	  3.83766e+07
800.228	  3.83519e+07
800.515	  3.83273e+07
800.802	  3.83027e+07
801.089	  3.8278e+07
801.376	  3.82534e+07
801.663	  3.82288e+07
801.95	  3.82042e+07
802.237	  3.81795e+07
802.524	  3.81549e+07
802.811	  3.81303e+07
803.098	  3.81057e+07
803.385	  3.80811e+07
803.672	  3.80565e+07
803.959	  3.80318e+07
804.246	  3.80072e+07
804.533	  3.79826e+07
804.82	  3.7958e+07
805.107	  3.79334e+07
805.394	  3.79088e+07
805.681	  3.78842e+07
805.968	  3.78596e+07
806.255	  3.7835e+07
806.542	  3.78104e+07
806.829	  3.77859e+07
807.116	  3.77613e+07
807.403	  3.77367e+07
807.69	  3.77121e+07
807.977	  3.76875e+07
808.264	  3.76629e+07
808.551	  3.76384e+07
808.838	  3.76138e+07
809.125	  3.75892e+07
809.412	  3.75647e+07
809.699	  3.75401e+07
809.986	  3.75155e+07
810.273	  3.7491e+07
810.56	  3.74664e+07
810.847	  3.74419e+07
811.134	  3.74173e+07
811.421	  3.73928e+07
811.708	  3.73682e+07
811.995	  3.73437e+07
812.282	  3.73192e+07
812.569	  3.72946e+07
812.856	  3.72701e+07
813.143	  3.72456e+07
813.43	  3.72211e+07
813.717	  3.71965e+07
814.004	  3.7172e+07
814.291	  3.71475e+07
814.578	  3.7123e+07
814.865	  3.70985e+07
815.152	  3.7074e+07
815.439	  3.70495e+07
815.726	  3.7025e+07
816.013	  3.70005e+07
816.3	  3.6976e+07
816.587	  3.69515e+07
816.874	  3.69271e+07
817.161	  3.69026e+07
817.448	  3.68781e+07
817.735	  3.68537e+07
818.022	  3.68292e+07
818.309	  3.68047e+07
818.596	  3.67803e+07
818.883	  3.67558e+07
819.17	  3.67314e+07
819.457	  3.67069e+07
820.002	  3.66605e+07
820.031	  3.66581e+07
820.059	  3.66556e+07
820.088	  3.66532e+07
820.117	  3.66507e+07
820.146	  3.66483e+07
820.174	  3.66458e+07
820.203	  3.66434e+07
820.232	  3.6641e+07
820.26	  3.66385e+07
820.289	  3.66361e+07
820.318	  3.66336e+07
820.346	  3.66312e+07
820.375	  3.66287e+07
820.404	  3.66263e+07
820.433	  3.66239e+07
820.461	  3.66214e+07
820.49	  3.6619e+07
820.519	  3.66165e+07
820.547	  3.66141e+07
820.576	  3.66117e+07
820.605	  3.66092e+07
820.633	  2.02184e+07
820.662	  2.0218e+07
820.691	  2.02175e+07
820.72	  2.0217e+07
820.748	  2.02165e+07
820.777	  2.0216e+07
820.806	  2.02155e+07
820.834	  2.02151e+07
820.863	  2.02146e+07
820.892	  2.02141e+07
820.92	  2.02136e+07
820.949	  2.02131e+07
820.978	  2.02126e+07
821.007	  2.02122e+07
821.035	  2.02117e+07
821.064	  2.02112e+07
821.093	  2.02107e+07
821.121	  2.02102e+07
821.15	  2.02097e+07
821.179	  2.02093e+07
821.207	  2.02088e+07
821.236	  2.02083e+07
821.265	  2.02078e+07
821.294	  2.02073e+07
821.322	  2.02068e+07
821.351	  2.02063e+07
821.38	  2.02059e+07
821.408	  2.02054e+07
821.437	  2.02049e+07
821.466	  2.02044e+07
821.494	  2.02039e+07
821.523	  2.02034e+07
821.552	  2.02029e+07
821.581	  2.02025e+07
821.609	  2.0202e+07
821.638	  2.02015e+07
821.667	  2.0201e+07
821.695	  2.02005e+07
821.724	  2.02e+07
821.753	  2.01995e+07
821.781	  2.01991e+07
821.81	  2.01986e+07
821.839	  2.01981e+07
821.868	  2.01976e+07
821.896	  2.01971e+07
821.925	  2.01966e+07
821.954	  2.01961e+07
821.982	  2.01957e+07
822.011	  2.01952e+07
822.011	  2.01952e+07
822.298	  2.01903e+07
822.585	  2.01854e+07
822.872	  2.01805e+07
823.159	  2.01757e+07
823.446	  2.01708e+07
823.733	  2.01659e+07
824.02	  2.01609e+07
824.307	  2.0156e+07
824.594	  2.01511e+07
824.881	  2.01462e+07
825.168	  2.01412e+07
825.455	  2.01363e+07
825.742	  2.01313e+07
826.029	  2.01264e+07
826.316	  2.01214e+07
826.603	  2.01164e+07
826.89	  2.01115e+07
827.177	  2.01065e+07
827.464	  2.01015e+07
827.751	  2.00965e+07
828.038	  2.00915e+07
828.325	  2.00865e+07
828.612	  2.00814e+07
828.899	  2.00764e+07
829.186	  2.00714e+07
829.473	  2.00663e+07
829.76	  2.00613e+07
830.047	  2.00563e+07
830.334	  2.00512e+07
830.621	  2.00461e+07
830.908	  2.00411e+07
831.195	  2.0036e+07
831.482	  2.00309e+07
831.769	  2.00258e+07
832.056	  2.00207e+07
832.343	  2.00156e+07
832.63	  2.00105e+07
832.917	  2.00054e+07
833.204	  2.00002e+07
833.491	  1.99951e+07
833.778	  1.999e+07
834.065	  1.99848e+07
834.352	  1.99797e+07
834.639	  1.99745e+07
834.926	  1.99694e+07
835.213	  1.99642e+07
835.5	  1.9959e+07
835.787	  1.99538e+07
836.074	  1.99487e+07
836.361	  1.99435e+07
836.648	  1.99383e+07
836.935	  1.99331e+07
837.222	  1.99278e+07
837.509	  1.99226e+07
837.796	  1.99174e+07
838.083	  1.99122e+07
838.37	  1.99069e+07
838.657	  1.99017e+07
838.944	  1.98964e+07
839.231	  1.98912e+07
839.518	  1.98859e+07
839.805	  1.98807e+07
840.092	  1.98754e+07
840.379	  1.98701e+07
840.666	  1.98648e+07
840.953	  1.98595e+07
841.24	  1.98542e+07
841.527	  1.98489e+07
841.814	  1.98436e+07
842.101	  1.98383e+07
842.388	  1.9833e+07
842.675	  1.98276e+07
842.962	  1.98223e+07
843.249	  1.9817e+07
843.536	  1.98116e+07
843.823	  1.98063e+07
844.11	  1.98009e+07
844.397	  1.97955e+07
844.684	  1.97902e+07
844.971	  1.97848e+07
845.258	  1.97794e+07
845.545	  1.9774e+07
845.832	  1.97686e+07
846.119	  1.97632e+07
846.406	  1.97578e+07
846.693	  1.97524e+07
846.98	  1.9747e+07
847.267	  1.97416e+07
847.554	  1.97361e+07
847.841	  1.97307e+07
848.128	  1.97253e+07
848.415	  1.97198e+07
848.702	  1.97144e+07
848.989	  1.97089e+07
849.276	  1.97035e+07
849.563	  1.9698e+07
849.85	  1.96925e+07
850.137	  1.9687e+07
850.424	  1.96815e+07
850.711	  1.96761e+07
850.998	  1.96706e+07
851.285	  1.96651e+07
851.572	  1.96595e+07
851.859	  1.9654e+07
852.146	  1.96485e+07
852.433	  1.9643e+07
852.72	  1.96375e+07
853.007	  1.96319e+07
853.294	  1.96264e+07
853.581	  1.96208e+07
853.868	  1.96153e+07
854.155	  1.96097e+07
854.442	  1.96042e+07
854.729	  1.95986e+07
855.016	  1.9593e+07
855.303	  1.95874e+07
855.59	  1.95819e+07
855.877	  1.95763e+07
856.164	  1.95707e+07
856.451	  1.95651e+07
856.738	  1.95595e+07
857.025	  1.95538e+07
857.312	  1.95482e+07
857.599	  1.95426e+07
857.886	  1.9537e+07
858.173	  1.95313e+07
858.46	  1.95257e+07
858.747	  1.95201e+07
859.034	  1.95144e+07
859.321	  1.95088e+07
859.608	  1.95031e+07
859.895	  1.94974e+07
860.182	  1.94918e+07
860.469	  1.94861e+07
860.756	  1.94804e+07
861.043	  1.94747e+07
861.33	  1.9469e+07
861.617	  1.94633e+07
861.904	  1.94576e+07
862.191	  1.94519e+07
862.478	  1.94462e+07
862.765	  1.94405e+07
863.052	  1.94348e+07
863.339	  1.94291e+07
863.626	  1.94233e+07
863.913	  1.94176e+07
864.2	  1.94119e+07
864.487	  1.94061e+07
864.774	  1.94004e+07
865.061	  1.93946e+07
865.348	  1.93888e+07
865.635	  1.93831e+07
865.922	  1.93773e+07
866.209	  1.93715e+07
866.496	  1.93657e+07
866.783	  1.936e+07
867.07	  1.93542e+07
867.357	  1.93484e+07
867.644	  1.93426e+07
867.931	  1.93368e+07
868.218	  1.9331e+07
868.505	  1.93251e+07
868.792	  1.93193e+07
869.079	  1.93135e+07
869.366	  1.93077e+07
869.653	  1.93018e+07
869.94	  1.9296e+07
870.227	  1.92902e+07
870.514	  1.92843e+07
870.801	  1.92784e+07
871.088	  1.92726e+07
871.375	  1.92667e+07
871.662	  1.92609e+07
871.949	  1.9255e+07
872.236	  1.92491e+07
872.523	  1.92432e+07
872.81	  1.92373e+07
873.097	  1.92315e+07
873.384	  1.92256e+07
873.671	  1.92197e+07
873.958	  1.92138e+07
874.245	  1.92078e+07
874.532	  1.92019e+07
874.819	  1.9196e+07
875.106	  1.91901e+07
875.393	  1.91842e+07
875.68	  1.91782e+07
875.967	  1.91723e+07
876.254	  1.91663e+07
876.541	  1.91604e+07
876.828	  1.91545e+07
877.115	  1.91485e+07
877.402	  1.91425e+07
877.689	  1.91366e+07
877.976	  1.91306e+07
878.263	  1.91246e+07
878.55	  1.91187e+07
878.837	  1.91127e+07
879.124	  1.91067e+07
879.411	  1.91007e+07
879.698	  1.90947e+07
879.985	  1.90887e+07
880.272	  1.90827e+07
880.559	  1.90767e+07
880.846	  1.90707e+07
881.133	  1.90647e+07
881.42	  1.90586e+07
881.707	  1.90526e+07
881.994	  1.90466e+07
882.281	  1.90406e+07
882.568	  1.90345e+07
882.855	  1.90285e+07
883.142	  1.90224e+07
883.429	  1.90164e+07
883.716	  1.90103e+07
884.003	  1.90043e+07
884.29	  1.89982e+07
884.577	  1.89921e+07
884.864	  1.89861e+07
885.151	  1.898e+07
885.438	  1.89739e+07
885.725	  1.89678e+07
886.012	  1.89617e+07
886.299	  1.89556e+07
886.586	  1.89495e+07
886.873	  1.89434e+07
887.16	  1.89373e+07
887.447	  1.89312e+07
887.734	  1.89251e+07
888.021	  1.8919e+07
888.308	  1.89129e+07
888.595	  1.89068e+07
888.882	  1.89006e+07
889.169	  1.88945e+07
889.456	  1.88884e+07
889.743	  1.88822e+07
890.03	  1.88761e+07
890.317	  1.88699e+07
890.604	  1.88638e+07
890.891	  1.88576e+07
891.178	  1.88515e+07
891.465	  1.88453e+07
891.752	  1.88391e+07
892.039	  1.8833e+07
892.326	  1.88268e+07
892.613	  1.88206e+07
892.9	  1.88144e+07
893.187	  1.88082e+07
893.474	  1.8802e+07
893.761	  1.87958e+07
894.048	  1.87896e+07
894.335	  1.87834e+07
894.622	  1.87772e+07
894.909	  1.8771e+07
895.196	  1.87648e+07
895.483	  1.87586e+07
895.77	  1.87524e+07
896.057	  1.87461e+07
896.344	  1.87399e+07
896.631	  1.87337e+07
896.918	  1.87274e+07
897.205	  1.87212e+07
897.492	  1.8715e+07
897.779	  1.87087e+07
898.066	  1.87025e+07
898.353	  1.86962e+07
898.64	  1.86899e+07
898.927	  1.86837e+07
899.214	  1.86774e+07
899.501	  1.86712e+07
899.788	  1.86649e+07
900.075	  1.86586e+07
900.362	  1.86523e+07
900.649	  1.8646e+07
900.936	  1.86398e+07
901.223	  1.86335e+07
901.51	  1.86272e+07
901.797	  1.86209e+07
902.084	  1.86146e+07
902.371	  1.86083e+07
902.658	  1.8602e+07
902.945	  1.85956e+07
903.232	  1.85893e+07
903.519	  1.8583e+07
903.806	  1.85767e+07
904.093	  1.85704e+07
904.38	  1.8564e+07
904.667	  1.85577e+07
904.954	  1.85514e+07
905.241	  1.8545e+07
905.528	  1.85387e+07
905.815	  1.85323e+07
906.102	  1.8526e+07
906.389	  1.85196e+07
906.676	  1.85133e+07
906.963	  1.85069e+07
907.25	  1.85006e+07
907.537	  1.84942e+07
907.824	  1.84878e+07
908.111	  1.84815e+07
908.398	  1.84751e+07
908.685	  1.84687e+07
908.972	  1.84623e+07
909.259	  1.84559e+07
909.546	  1.84495e+07
909.833	  1.84432e+07
910.12	  1.84368e+07
910.407	  1.84304e+07
910.694	  1.8424e+07
910.981	  1.84176e+07
911.268	  1.84111e+07
911.555	  1.84047e+07
911.842	  1.83983e+07
912.129	  1.83919e+07
912.416	  1.83855e+07
912.703	  1.83791e+07
912.99	  1.83726e+07
913.277	  1.83662e+07
913.564	  1.83598e+07
913.851	  1.83533e+07
914.138	  1.83469e+07
914.425	  1.83405e+07
914.712	  1.8334e+07
914.999	  1.83276e+07
915.286	  1.83211e+07
915.573	  1.83147e+07
915.86	  1.83082e+07
916.147	  1.83017e+07
916.434	  1.82953e+07
916.721	  1.82888e+07
917.008	  1.82823e+07
917.295	  1.82759e+07
917.582	  1.82694e+07
917.869	  1.82629e+07
918.156	  1.82564e+07
918.443	  1.825e+07
918.73	  1.82435e+07
919.017	  1.8237e+07
919.304	  1.82305e+07
919.591	  1.8224e+07
919.878	  1.82175e+07
920.165	  1.8211e+07
920.452	  1.82045e+07
920.739	  1.8198e+07
921.026	  1.81915e+07
921.313	  1.8185e+07
921.6	  1.81784e+07
921.887	  1.81719e+07
922.174	  1.81654e+07
922.461	  1.81589e+07
922.748	  1.81524e+07
923.035	  1.81458e+07
923.322	  1.81393e+07
923.609	  1.81328e+07
923.896	  1.81262e+07
924.183	  1.81197e+07
924.47	  1.81131e+07
924.757	  1.81066e+07
925.044	  1.81001e+07
925.331	  1.80935e+07
925.618	  1.8087e+07
925.905	  1.80804e+07
926.192	  1.80738e+07
926.479	  1.80673e+07
926.766	  1.80607e+07
927.053	  1.80541e+07
927.34	  1.80476e+07
927.627	  1.8041e+07
927.914	  1.80344e+07
928.201	  1.80279e+07
928.488	  1.80213e+07
928.775	  1.80147e+07
929.062	  1.80081e+07
929.349	  1.80015e+07
929.636	  1.79949e+07
929.923	  1.79883e+07
930.21	  1.79817e+07
930.497	  1.79751e+07
930.784	  1.79686e+07
931.071	  1.79619e+07
931.358	  1.79553e+07
931.645	  1.79487e+07
931.932	  1.79421e+07
932.219	  1.79355e+07
932.506	  1.79289e+07
932.793	  1.79223e+07
933.08	  1.79157e+07
933.367	  1.7909e+07
933.654	  1.79024e+07
933.941	  1.78958e+07
934.228	  1.78892e+07
934.515	  1.78825e+07
934.802	  1.78759e+07
935.089	  1.78693e+07
935.376	  1.78626e+07
935.663	  1.7856e+07
935.95	  1.78493e+07
936.237	  1.78427e+07
936.524	  1.78361e+07
936.811	  1.78294e+07
937.098	  1.78228e+07
937.385	  1.78161e+07
937.672	  1.78094e+07
937.959	  1.78028e+07
938.246	  1.77961e+07
938.533	  1.77895e+07
938.82	  1.77828e+07
939.107	  1.77761e+07
939.394	  1.77695e+07
939.681	  1.77628e+07
939.968	  1.77561e+07
940.255	  1.77494e+07
940.542	  1.77428e+07
940.829	  1.77361e+07
941.116	  1.77294e+07
941.403	  1.77227e+07
941.69	  1.7716e+07
941.977	  1.77093e+07
942.264	  1.77026e+07
942.551	  1.76959e+07
942.838	  1.76892e+07
943.125	  1.76826e+07
943.412	  1.76759e+07
943.699	  1.76691e+07
943.986	  1.76624e+07
944.273	  1.76557e+07
944.56	  1.7649e+07
944.847	  1.76423e+07
945.134	  1.76356e+07
945.421	  1.76289e+07
945.708	  1.76222e+07
945.995	  1.76155e+07
946.282	  1.76087e+07
946.569	  1.7602e+07
946.856	  1.75953e+07
947.143	  1.75886e+07
947.43	  1.75818e+07
947.717	  1.75751e+07
948.004	  1.75684e+07
948.291	  1.75616e+07
948.578	  1.75549e+07
948.865	  1.75482e+07
949.152	  1.75414e+07
949.439	  1.75347e+07
949.726	  1.75279e+07
950.013	  1.75212e+07
950.3	  1.75145e+07
950.587	  1.75077e+07
950.874	  1.7501e+07
951.161	  1.74942e+07
951.448	  1.74874e+07
951.735	  1.74807e+07
952.022	  1.74739e+07
952.309	  1.74672e+07
952.596	  1.74604e+07
952.883	  1.74536e+07
953.17	  1.74469e+07
953.457	  1.74401e+07
953.744	  1.74333e+07
954.031	  1.74266e+07
954.318	  1.74198e+07
954.605	  1.7413e+07
954.892	  1.74062e+07
955.179	  1.73995e+07
955.466	  1.73927e+07
955.753	  1.73859e+07
956.04	  1.73791e+07
956.327	  1.73723e+07
956.614	  1.73656e+07
956.901	  1.73588e+07
957.188	  1.7352e+07
957.475	  1.73452e+07
957.762	  1.73384e+07
958.049	  1.73316e+07
958.336	  1.73248e+07
958.623	  1.7318e+07
958.91	  1.73112e+07
959.197	  1.73044e+07
959.484	  1.72976e+07
959.771	  1.72908e+07
960.058	  1.7284e+07
960.345	  1.72772e+07
960.632	  1.72704e+07
960.919	  1.72636e+07
961.206	  1.72568e+07
961.493	  1.72499e+07
961.78	  1.72431e+07
962.067	  1.72363e+07
962.354	  1.72295e+07
962.641	  1.72227e+07
962.928	  1.72158e+07
963.215	  1.7209e+07
963.502	  1.72022e+07
963.789	  1.71954e+07
964.076	  1.71885e+07
964.363	  1.71817e+07
964.65	  1.71749e+07
964.937	  1.71681e+07
965.224	  1.71612e+07
965.511	  1.71544e+07
965.798	  1.71476e+07
966.085	  1.71407e+07
966.372	  1.71339e+07
966.659	  1.7127e+07
966.946	  1.71202e+07
967.233	  1.71134e+07
967.52	  1.71065e+07
967.807	  1.70997e+07
968.094	  1.70928e+07
968.381	  1.7086e+07
968.668	  1.70791e+07
968.955	  1.70723e+07
969.242	  1.70654e+07
969.529	  1.70586e+07
969.816	  1.70517e+07
970.103	  1.70449e+07
970.39	  1.7038e+07
970.677	  1.70311e+07
970.964	  1.70243e+07
971.251	  1.70174e+07
971.538	  1.70106e+07
971.825	  1.70037e+07
972.112	  1.69968e+07
972.399	  1.699e+07
972.686	  1.69831e+07
972.973	  1.69762e+07
973.26	  1.69694e+07
973.547	  1.69625e+07
973.834	  1.69556e+07
974.121	  1.69487e+07
974.408	  1.69419e+07
974.695	  1.6935e+07
974.982	  1.69281e+07
975.269	  1.69212e+07
975.556	  1.69144e+07
975.843	  1.69075e+07
976.13	  1.69006e+07
976.417	  1.68937e+07
976.704	  1.68868e+07
976.991	  1.68799e+07
977.278	  1.68731e+07
977.565	  1.68662e+07
977.852	  1.68593e+07
978.139	  1.68524e+07
978.426	  1.68455e+07
978.713	  1.68386e+07
979	  1.68317e+07
979.287	  1.68248e+07
979.574	  1.68179e+07
979.861	  1.6811e+07
980.148	  1.68041e+07
980.435	  1.67972e+07
980.722	  1.67903e+07
981.009	  1.67834e+07
981.296	  1.67765e+07
981.583	  1.67696e+07
981.87	  1.67627e+07
982.157	  1.67558e+07
982.444	  1.67489e+07
982.731	  1.6742e+07
983.018	  1.67351e+07
983.305	  1.67282e+07
983.592	  1.67213e+07
983.879	  1.67144e+07
984.166	  1.67075e+07
984.453	  1.67006e+07
984.74	  1.66936e+07
985.027	  1.66867e+07
985.314	  1.66798e+07
985.601	  1.66729e+07
985.888	  1.6666e+07
986.175	  1.66591e+07
986.462	  1.66522e+07
986.749	  1.66452e+07
987.036	  1.66383e+07
987.323	  1.66314e+07
987.61	  1.66245e+07
987.897	  1.66176e+07
988.184	  1.66106e+07
988.471	  1.66037e+07
988.758	  1.65968e+07
989.045	  1.65899e+07
989.332	  1.65829e+07
989.619	  1.6576e+07
989.906	  1.65691e+07
990.193	  1.65622e+07
990.48	  1.65552e+07
990.767	  1.65483e+07
991.054	  1.65414e+07
991.341	  1.65344e+07
991.628	  1.65275e+07
991.915	  1.65206e+07
992.202	  1.65136e+07
992.489	  1.65067e+07
992.776	  1.64998e+07
993.063	  1.64928e+07
993.35	  1.64859e+07
993.637	  1.6479e+07
993.924	  1.6472e+07
994.211	  1.64651e+07
994.498	  1.64581e+07
994.785	  1.64512e+07
995.072	  1.64443e+07
995.359	  1.64373e+07
995.646	  1.64304e+07
995.933	  1.64234e+07
996.22	  1.64165e+07
996.507	  1.64096e+07
996.794	  1.64026e+07
997.081	  1.63957e+07
997.368	  1.63887e+07
997.655	  1.63818e+07
997.942	  1.63748e+07
998.229	  1.63679e+07
998.516	  1.63609e+07
998.803	  1.6354e+07
999.09	  1.6347e+07
999.377	  1.63401e+07
999.664	  1.63331e+07
999.951	  1.63262e+07
1000.24	  1.63192e+07
1000.52	  1.63123e+07
1000.81	  1.63053e+07
1001.1	  1.62984e+07
1001.39	  1.62914e+07
1001.67	  1.62845e+07
1001.96	  1.62775e+07
1002.25	  1.62706e+07
1002.53	  1.62636e+07
1002.82	  1.62567e+07
1003.11	  1.62497e+07
1003.39	  1.62428e+07
1003.68	  1.62358e+07
1003.97	  1.62288e+07
1004.26	  1.62219e+07
1004.54	  1.62149e+07
1004.83	  1.6208e+07
1005.12	  1.6201e+07
1005.4	  1.6194e+07
1005.69	  1.61871e+07
1005.98	  1.61801e+07
1006.26	  1.61732e+07
1006.55	  1.61662e+07
1006.84	  1.61592e+07
1007.13	  1.61523e+07
1007.41	  1.61453e+07
1007.7	  1.61384e+07
1007.99	  1.61314e+07
1008.27	  1.61244e+07
1008.56	  1.61175e+07
1008.85	  1.61105e+07
1009.13	  1.61035e+07
1009.42	  1.60966e+07
1009.71	  1.60896e+07
1010	  1.60827e+07
1010.28	  1.60757e+07
1010.57	  1.60687e+07
1010.86	  1.60618e+07
1011.14	  1.60548e+07
1011.43	  1.60478e+07
1011.72	  1.60409e+07
1012	  1.60339e+07
1012.29	  1.60269e+07
1012.58	  1.602e+07
1012.87	  1.6013e+07
1013.15	  1.6006e+07
1013.44	  1.59991e+07
1013.73	  1.59921e+07
1014.01	  1.59851e+07
1014.3	  1.59782e+07
1014.59	  1.59712e+07
1014.88	  1.59642e+07
1015.16	  1.59572e+07
1015.45	  1.59503e+07
1015.74	  1.59433e+07
1016.02	  1.59363e+07
1016.31	  1.59294e+07
1016.6	  1.59224e+07
1016.88	  1.59154e+07
1017.17	  1.59085e+07
1017.46	  1.59015e+07
1017.75	  1.58945e+07
1018.03	  1.58875e+07
1018.32	  1.58806e+07
1018.61	  1.58736e+07
1018.89	  1.58666e+07
1019.18	  1.58597e+07
1019.47	  1.58527e+07
1019.98	  1.58404e+07
1021.08	  1.58136e+07
1022.17	  1.57869e+07
1023.27	  1.57602e+07
1024.38	  1.57335e+07
1025.47	  1.57068e+07
1026.58	  1.568e+07
1027.67	  1.56533e+07
1028.78	  1.56266e+07
1029.88	  1.55999e+07
1030.97	  1.55732e+07
1032.08	  1.55465e+07
1033.17	  1.55197e+07
1034.28	  1.5493e+07
1035.38	  1.54663e+07
1036.47	  1.54396e+07
1037.58	  1.54129e+07
1038.67	  1.53862e+07
1039.78	  1.53596e+07
1040.88	  1.53329e+07
1041.97	  1.53062e+07
1043.08	  1.52795e+07
1044.17	  1.52529e+07
1045.28	  1.52262e+07
1046.38	  1.51995e+07
1047.47	  1.51729e+07
1048.58	  1.51462e+07
1049.67	  1.51196e+07
1050.78	  1.5093e+07
1051.88	  1.50664e+07
1052.97	  1.50398e+07
1054.08	  1.50132e+07
1055.17	  1.49866e+07
1056.28	  1.496e+07
1057.38	  1.49334e+07
1058.47	  1.49068e+07
1059.58	  1.48803e+07
1060.67	  1.48537e+07
1061.78	  1.48272e+07
1062.88	  1.48007e+07
1063.97	  1.47741e+07
1065.08	  1.47476e+07
1066.17	  1.47211e+07
1067.28	  1.46947e+07
1068.38	  1.46682e+07
1069.47	  1.46417e+07
1070.58	  1.46153e+07
1071.67	  1.45889e+07
1072.78	  1.45624e+07
1073.88	  1.4536e+07
1074.97	  1.45096e+07
1076.08	  1.44833e+07
1077.17	  1.44569e+07
1078.28	  1.44305e+07
1079.38	  1.44042e+07
1080.47	  1.43779e+07
1081.58	  1.43516e+07
1082.67	  1.43253e+07
1083.78	  1.4299e+07
1084.88	  1.42727e+07
1085.97	  1.42465e+07
1087.08	  1.42203e+07
1088.17	  1.4194e+07
1089.28	  1.41678e+07
1090.38	  1.41417e+07
1091.47	  1.41155e+07
1092.58	  1.40893e+07
1093.67	  1.40632e+07
1094.78	  1.40371e+07
1095.88	  1.4011e+07
1096.97	  1.39849e+07
1098.08	  1.39589e+07
1099.17	  1.39328e+07
1100.28	  1.39068e+07
1101.38	  1.38808e+07
1102.47	  1.38548e+07
1103.58	  1.38289e+07
1104.67	  1.38029e+07
1105.78	  1.3777e+07
1106.88	  1.37511e+07
1107.97	  1.37252e+07
1109.08	  1.36993e+07
1110.17	  1.36735e+07
1111.28	  1.36477e+07
1112.38	  1.36219e+07
1113.47	  1.35961e+07
1114.58	  1.35703e+07
1115.67	  1.35446e+07
1116.78	  1.35189e+07
1117.88	  1.34932e+07
1118.97	  1.34675e+07
1120.08	  1.34418e+07
1121.17	  1.34162e+07
1122.28	  1.33906e+07
1123.38	  1.3365e+07
1124.47	  1.33394e+07
1125.58	  1.33139e+07
1126.67	  1.32884e+07
1127.78	  1.32629e+07
1128.88	  1.32374e+07
1129.97	  1.3212e+07
1131.08	  1.31866e+07
1132.17	  1.31612e+07
1133.28	  1.31358e+07
1134.38	  1.31104e+07
1135.47	  1.30851e+07
1136.58	  1.30598e+07
1137.67	  1.30345e+07
1138.78	  1.30093e+07
1139.88	  1.29841e+07
1140.97	  1.29589e+07
1142.08	  1.29337e+07
1143.17	  1.29086e+07
1144.28	  1.28834e+07
1145.38	  1.28583e+07
1146.47	  1.28333e+07
1147.58	  1.28082e+07
1148.67	  1.27832e+07
1149.78	  1.27582e+07
1150.88	  1.27333e+07
1151.97	  1.27083e+07
1153.08	  1.26834e+07
1154.17	  1.26585e+07
1155.28	  1.26337e+07
1156.38	  1.26088e+07
1157.47	  1.2584e+07
1158.58	  1.25593e+07
1159.67	  1.25345e+07
1160.78	  1.25098e+07
1161.88	  1.24851e+07
1162.97	  1.24605e+07
1164.08	  1.24358e+07
1165.17	  1.24112e+07
1166.28	  1.23867e+07
1167.38	  1.23621e+07
1168.47	  1.23376e+07
1169.58	  1.23131e+07
1170.67	  1.22886e+07
1171.78	  1.22642e+07
1172.88	  1.22398e+07
1173.97	  1.22154e+07
1175.08	  1.21911e+07
1176.17	  1.21668e+07
1177.28	  1.21425e+07
1178.38	  1.21183e+07
1179.47	  1.2094e+07
1180.58	  1.20698e+07
1181.67	  1.20457e+07
1182.78	  1.20215e+07
1183.88	  1.19974e+07
1184.97	  1.19734e+07
1186.08	  1.19493e+07
1187.17	  1.19253e+07
1188.28	  1.19013e+07
1189.38	  1.18774e+07
1190.47	  1.18535e+07
1191.58	  1.18296e+07
1192.67	  1.18057e+07
1193.78	  1.17819e+07
1194.88	  1.17581e+07
1195.97	  1.17344e+07
1197.08	  1.17106e+07
1198.17	  1.16869e+07
1199.28	  1.16633e+07
1200.38	  1.16396e+07
1201.47	  1.1616e+07
1202.58	  1.15925e+07
1203.67	  1.15689e+07
1204.78	  1.15454e+07
1205.88	  1.1522e+07
1206.97	  1.14985e+07
1208.08	  1.14751e+07
1209.17	  1.14517e+07
1210.28	  1.14284e+07
1211.38	  1.14051e+07
1212.47	  1.13818e+07
1213.58	  1.13586e+07
1214.67	  1.13354e+07
1215.78	  1.13122e+07
1216.88	  1.1289e+07
1217.97	  1.12659e+07
1219.08	  1.12428e+07
1220.17	  1.12198e+07
1221.28	  1.11968e+07
1222.38	  1.11738e+07
1223.47	  1.11509e+07
1224.58	  1.1128e+07
1225.67	  1.11051e+07
1226.78	  1.10822e+07
1227.88	  1.10594e+07
1228.97	  1.10367e+07
1230.08	  1.10139e+07
1231.17	  1.09912e+07
1232.28	  1.09685e+07
1233.38	  1.09459e+07
1234.47	  1.09233e+07
1235.58	  1.09007e+07
1236.67	  1.08782e+07
1237.78	  1.08557e+07
1238.88	  1.08332e+07
1239.97	  1.08108e+07
1241.08	  1.07884e+07
1242.17	  1.0766e+07
1243.28	  1.07437e+07
1244.38	  1.07214e+07
1245.47	  1.06991e+07
1246.58	  1.06769e+07
1247.67	  1.06547e+07
1248.78	  1.06326e+07
1249.88	  1.06104e+07
1250.97	  1.05883e+07
1252.08	  1.05663e+07
1253.17	  1.05443e+07
1254.28	  1.05223e+07
1255.38	  1.05004e+07
1256.47	  1.04784e+07
1257.58	  1.04566e+07
1258.67	  1.04347e+07
1259.78	  1.04129e+07
1260.88	  1.03912e+07
1261.97	  1.03694e+07
1263.08	  1.03477e+07
1264.17	  1.03261e+07
1265.28	  1.03044e+07
1266.38	  1.02828e+07
1267.47	  1.02613e+07
1268.58	  1.02398e+07
1269.67	  1.02183e+07
1270.78	  1.01968e+07
1271.88	  1.01754e+07
1272.97	  1.0154e+07
1274.08	  1.01327e+07
1275.17	  1.01114e+07
1276.28	  1.00901e+07
1277.38	  1.00689e+07
1278.47	  1.00477e+07
1279.58	  1.00265e+07
1280.67	  1.00054e+07
1281.78	  9.9843e+06
1282.88	  9.96324e+06
1283.97	  9.94222e+06
1285.08	  9.92124e+06
1286.17	  9.90029e+06
1287.28	  9.87938e+06
1288.38	  9.85851e+06
1289.47	  9.83767e+06
1290.58	  9.81686e+06
1291.67	  9.7961e+06
1292.78	  9.77537e+06
1293.88	  9.75467e+06
1294.97	  9.73401e+06
1296.08	  9.71339e+06
1297.17	  9.69281e+06
1298.28	  9.67226e+06
1299.38	  9.65174e+06
1300.47	  9.63126e+06
1301.58	  9.61082e+06
1302.67	  9.59042e+06
1303.78	  9.57005e+06
1304.88	  9.54972e+06
1305.97	  9.52942e+06
1307.08	  9.50916e+06
1308.17	  9.48894e+06
1309.28	  9.46875e+06
1310.38	  9.4486e+06
1311.47	  9.42849e+06
1312.58	  9.40841e+06
1313.67	  9.38837e+06
1314.78	  9.36836e+06
1315.88	  9.3484e+06
1316.97	  9.32846e+06
1318.08	  9.30857e+06
1319.17	  9.28871e+06
1320.28	  9.26889e+06
1321.38	  9.2491e+06
1322.47	  9.22935e+06
1323.58	  9.20963e+06
1324.67	  9.18996e+06
1325.78	  9.17032e+06
1326.88	  9.15071e+06
1327.97	  9.13114e+06
1329.08	  9.11161e+06
1330.17	  9.09212e+06
1331.28	  9.07266e+06
1332.38	  9.05323e+06
1333.47	  9.03385e+06
1334.58	  9.0145e+06
1335.67	  8.99518e+06
1336.78	  8.97591e+06
1337.88	  8.95667e+06
1338.97	  8.93746e+06
1340.08	  8.91829e+06
1341.17	  8.89916e+06
1342.28	  8.88007e+06
1343.38	  8.86101e+06
1344.47	  8.84199e+06
1345.58	  8.823e+06
1346.67	  8.80405e+06
1347.78	  8.78513e+06
1348.88	  8.76626e+06
1349.97	  8.74742e+06
1351.08	  8.72861e+06
1352.17	  8.70984e+06
1353.28	  8.69111e+06
1354.38	  8.67241e+06
1355.47	  8.65375e+06
1356.58	  8.63513e+06
1357.67	  8.61654e+06
1358.78	  8.59799e+06
1359.88	  8.57947e+06
1360.97	  8.56099e+06
1362.08	  8.54255e+06
1363.17	  8.52414e+06
1364.28	  8.50577e+06
1365.38	  8.48744e+06
1366.47	  8.46914e+06
1367.58	  8.45088e+06
1368.67	  8.43265e+06
1369.78	  8.41446e+06
1370.88	  8.3963e+06
1371.97	  8.37818e+06
1373.08	  8.3601e+06
1374.17	  8.34205e+06
1375.28	  8.32404e+06
1376.38	  8.30607e+06
1377.47	  8.28813e+06
1378.58	  8.27022e+06
1379.67	  8.25235e+06
1380.78	  8.23452e+06
1381.88	  8.21673e+06
1382.97	  8.19897e+06
1384.08	  8.18124e+06
1385.17	  8.16355e+06
1386.28	  8.1459e+06
1387.38	  8.12828e+06
1388.47	  8.1107e+06
1389.58	  8.09315e+06
1390.67	  8.07564e+06
1391.78	  8.05816e+06
1392.88	  8.04072e+06
1393.97	  8.02332e+06
1395.08	  8.00595e+06
1396.17	  7.98861e+06
1397.28	  7.97131e+06
1398.38	  7.95405e+06
1399.47	  7.93682e+06
1400.58	  7.91963e+06
1401.67	  7.90247e+06
1402.78	  7.88535e+06
1403.88	  7.86826e+06
1404.97	  7.85121e+06
1406.08	  7.8342e+06
1407.17	  7.81721e+06
1408.28	  7.80027e+06
1409.38	  7.78336e+06
1410.47	  7.76648e+06
1411.58	  7.74964e+06
1412.67	  7.73283e+06
1413.78	  7.71606e+06
1414.88	  7.69933e+06
1415.97	  7.68262e+06
1417.08	  7.66596e+06
1418.17	  7.64932e+06
1419.28	  7.63273e+06
1420.38	  7.61616e+06
1421.47	  7.59964e+06
1422.58	  7.58314e+06
1423.67	  7.56668e+06
1424.78	  7.55026e+06
1425.88	  7.53387e+06
1426.97	  7.51752e+06
1428.08	  7.5012e+06
1429.17	  7.48491e+06
1430.28	  7.46866e+06
1431.38	  7.45244e+06
1432.47	  7.43626e+06
1433.58	  7.42011e+06
1434.67	  7.40399e+06
1435.78	  7.38791e+06
1436.88	  7.37187e+06
1437.97	  7.35586e+06
1439.08	  7.33988e+06
1440.17	  7.32393e+06
1441.28	  7.30803e+06
1442.38	  7.29215e+06
1443.47	  7.27631e+06
1444.58	  7.2605e+06
1445.67	  7.24473e+06
1446.78	  7.22899e+06
1447.88	  7.21328e+06
1448.97	  7.19761e+06
1450.08	  7.18197e+06
1451.17	  7.16636e+06
1452.28	  7.15079e+06
1453.38	  7.13525e+06
1454.47	  7.11975e+06
1455.58	  7.10428e+06
1456.67	  7.08884e+06
1457.78	  7.07343e+06
1458.88	  6.15567e+06
1459.97	  6.14472e+06
1461.08	  6.13378e+06
1462.17	  6.12285e+06
1463.28	  6.11195e+06
1464.38	  6.10106e+06
1465.47	  6.09018e+06
1466.58	  6.07932e+06
1467.67	  6.06847e+06
1468.78	  6.05764e+06
1469.88	  6.04683e+06
1470.97	  6.03603e+06
1472.08	  6.02525e+06
1473.17	  6.01448e+06
1474.28	  6.00373e+06
1475.38	  5.99299e+06
1476.47	  5.98227e+06
1477.58	  5.97157e+06
1478.67	  5.96088e+06
1479.78	  5.9502e+06
1480.88	  5.93954e+06
1481.97	  5.9289e+06
1483.08	  5.91828e+06
1484.17	  5.90766e+06
1485.28	  5.89707e+06
1486.38	  5.88649e+06
1487.47	  5.87592e+06
1488.58	  5.86537e+06
1489.67	  5.85484e+06
1490.78	  5.84432e+06
1491.88	  5.83382e+06
1492.97	  5.82333e+06
1494.08	  5.81286e+06
1495.17	  5.80241e+06
1496.28	  5.79197e+06
1497.38	  5.78154e+06
1498.47	  5.77113e+06
1499.58	  5.76074e+06
1500.67	  5.75036e+06
1501.78	  5.74e+06
1502.88	  5.72966e+06
1503.97	  5.71933e+06
1505.08	  5.70901e+06
1506.17	  5.69871e+06
1507.28	  5.68843e+06
1508.38	  5.67816e+06
1509.47	  5.66791e+06
1510.58	  5.65767e+06
1511.67	  5.64745e+06
1512.78	  5.63725e+06
1513.88	  5.62706e+06
1514.97	  5.61688e+06
1516.08	  5.60672e+06
1517.17	  5.59658e+06
1518.28	  5.58645e+06
1519.38	  5.57634e+06
1520.47	  5.56625e+06
1521.58	  5.55617e+06
1522.67	  5.5461e+06
1523.78	  5.53605e+06
1524.88	  5.52602e+06
1525.97	  5.516e+06
1527.08	  5.506e+06
1528.17	  5.49601e+06
1529.28	  5.48604e+06
1530.38	  5.47609e+06
1531.47	  5.46615e+06
1532.58	  5.45622e+06
1533.67	  5.44631e+06
1534.78	  5.43642e+06
1535.88	  5.42654e+06
1536.97	  5.41668e+06
1538.08	  5.40683e+06
1539.17	  5.397e+06
1540.28	  5.38719e+06
1541.38	  5.37739e+06
1542.47	  5.3676e+06
1543.58	  5.35783e+06
1544.67	  5.34808e+06
1545.78	  5.33834e+06
1546.88	  5.32862e+06
1547.97	  5.31892e+06
1549.08	  5.30922e+06
1550.17	  5.29955e+06
1551.28	  5.28989e+06
1552.38	  5.28024e+06
1553.47	  5.27062e+06
1554.58	  5.261e+06
1555.67	  5.2514e+06
1556.78	  5.24182e+06
1557.88	  5.23226e+06
1558.97	  5.2227e+06
1560.08	  5.21317e+06
1561.17	  5.20365e+06
1562.28	  5.19414e+06
1563.38	  5.18465e+06
1564.47	  5.17518e+06
1565.58	  5.16572e+06
1566.67	  5.15628e+06
1567.78	  5.14685e+06
1568.88	  5.13744e+06
1569.97	  5.12804e+06
1571.08	  5.11866e+06
1572.17	  5.10929e+06
1573.28	  5.09994e+06
1574.38	  5.0906e+06
1575.47	  5.08128e+06
1576.58	  5.07198e+06
1577.67	  5.06269e+06
1578.78	  5.05342e+06
1579.88	  5.04416e+06
1580.97	  5.03491e+06
1582.08	  5.02569e+06
1583.17	  5.01647e+06
1584.28	  5.00728e+06
1585.38	  4.99809e+06
1586.47	  4.98893e+06
1587.58	  4.97977e+06
1588.67	  4.97064e+06
1589.78	  4.96152e+06
1590.88	  4.95241e+06
1591.97	  4.94332e+06
1593.08	  4.93424e+06
1594.17	  4.92518e+06
1595.28	  4.91614e+06
1596.38	  4.90711e+06
1597.47	  4.8981e+06
1598.58	  4.8891e+06
1599.67	  4.88011e+06
1600.78	  4.87114e+06
1601.88	  4.86219e+06
1602.97	  4.85325e+06
1604.08	  4.84433e+06
1605.17	  4.83542e+06
1606.28	  4.82652e+06
1607.38	  4.81765e+06
1608.47	  4.80878e+06
1609.58	  4.79993e+06
1610.67	  4.7911e+06
1611.78	  4.78228e+06
1612.88	  4.77348e+06
1613.97	  4.76469e+06
1615.08	  4.75592e+06
1616.17	  4.74716e+06
1617.28	  4.73842e+06
1618.38	  4.72969e+06
1619.47	  4.72098e+06
1620.58	  4.71228e+06
1621.67	  4.7036e+06
1622.78	  4.69493e+06
1623.88	  4.68627e+06
1624.97	  4.67764e+06
1626.08	  4.66901e+06
1627.17	  4.6604e+06
1628.28	  4.65181e+06
1629.38	  4.64323e+06
1630.47	  4.63467e+06
1631.58	  4.62612e+06
1632.67	  4.61758e+06
1633.78	  4.60906e+06
1634.88	  4.60056e+06
1635.97	  4.59207e+06
1637.08	  4.5836e+06
1638.17	  4.57514e+06
1639.28	  4.56669e+06
1640.38	  4.55826e+06
1641.47	  4.54984e+06
1642.58	  4.54144e+06
1643.67	  4.53306e+06
1644.78	  4.52468e+06
1645.88	  4.51633e+06
1646.97	  4.50798e+06
1648.08	  4.49966e+06
1649.17	  4.49134e+06
1650.28	  4.48304e+06
1651.38	  4.47476e+06
1652.47	  4.46649e+06
1653.58	  4.45824e+06
1654.67	  4.45e+06
1655.78	  4.44177e+06
1656.88	  4.43356e+06
1657.97	  4.42536e+06
1659.08	  4.41718e+06
1660.17	  4.40901e+06
1661.28	  4.40086e+06
1662.38	  4.39272e+06
1663.47	  4.3846e+06
1664.58	  4.37649e+06
1665.67	  4.36839e+06
1666.78	  4.36031e+06
1667.88	  4.35224e+06
1668.97	  4.34419e+06
1670.08	  4.33615e+06
1671.17	  4.32813e+06
1672.28	  4.32012e+06
1673.38	  4.31213e+06
1674.47	  4.30415e+06
1675.58	  4.29618e+06
1676.67	  4.28823e+06
1677.78	  4.28029e+06
1678.88	  4.27237e+06
1679.97	  4.26446e+06
1681.08	  4.25656e+06
1682.17	  4.24868e+06
1683.28	  4.24082e+06
1684.38	  4.23296e+06
1685.47	  4.22513e+06
1686.58	  4.2173e+06
1687.67	  4.20949e+06
1688.78	  4.2017e+06
1689.88	  4.19391e+06
1690.97	  4.18615e+06
1692.08	  4.17839e+06
1693.17	  4.17065e+06
1694.28	  4.16293e+06
1695.38	  4.15522e+06
1696.47	  4.14752e+06
1697.58	  4.13984e+06
1698.67	  4.13217e+06
1699.78	  4.12451e+06
1700.88	  4.11687e+06
1701.97	  4.10924e+06
1703.08	  4.10163e+06
1704.17	  4.09403e+06
1705.28	  4.08644e+06
1706.38	  4.07887e+06
1707.47	  4.07131e+06
1708.58	  4.06377e+06
1709.67	  4.05624e+06
1710.78	  4.04872e+06
1711.88	  4.04122e+06
1712.97	  4.03373e+06
1714.08	  4.02625e+06
1715.17	  4.01879e+06
1716.28	  4.01134e+06
1717.38	  4.00391e+06
1718.47	  3.99649e+06
1719.58	  3.98908e+06
1720.67	  3.98169e+06
1721.78	  3.97431e+06
1722.88	  3.96694e+06
1723.97	  3.95959e+06
1725.08	  3.95225e+06
1726.17	  3.94492e+06
1727.28	  3.93761e+06
1728.38	  3.93031e+06
1729.47	  3.92303e+06
1730.58	  3.91576e+06
1731.67	  3.9085e+06
1732.78	  3.90126e+06
1733.88	  3.89403e+06
1734.97	  3.88681e+06
1736.08	  3.8796e+06
1737.17	  3.87241e+06
1738.28	  3.86524e+06
1739.38	  3.85807e+06
1740.47	  3.85092e+06
1741.58	  3.84378e+06
1742.67	  3.83666e+06
1743.78	  3.82955e+06
1744.88	  3.82245e+06
1745.97	  3.81537e+06
1747.08	  3.8083e+06
1748.17	  3.80124e+06
1749.28	  3.7942e+06
1750.38	  3.78717e+06
1751.47	  3.78015e+06
1752.58	  3.77314e+06
1753.67	  3.76615e+06
1754.78	  3.75917e+06
1755.88	  3.75221e+06
1756.97	  3.74525e+06
1758.08	  3.73832e+06
1759.17	  3.73139e+06
1760.28	  3.72448e+06
1761.38	  3.71758e+06
1762.47	  3.71069e+06
1763.58	  3.70381e+06
1764.67	  3.69695e+06
1765.78	  3.6901e+06
1766.88	  3.68327e+06
1767.97	  3.67645e+06
1769.08	  3.66964e+06
1770.17	  3.66284e+06
1771.28	  3.65606e+06
1772.38	  3.64929e+06
1773.47	  3.64253e+06
1774.58	  3.63578e+06
1775.67	  3.62905e+06
1776.78	  3.62233e+06
1777.88	  3.61562e+06
1778.97	  3.60893e+06
1780.08	  3.60225e+06
1781.17	  3.59558e+06
1782.28	  3.58892e+06
1783.38	  3.58228e+06
1784.47	  3.57565e+06
1785.58	  3.56903e+06
1786.67	  3.56242e+06
1787.78	  3.55583e+06
1788.88	  3.54925e+06
1789.97	  3.54268e+06
1791.08	  3.53613e+06
1792.17	  3.52958e+06
1793.28	  3.52305e+06
1794.38	  3.51654e+06
1795.47	  3.51003e+06
1796.58	  3.50354e+06
1797.67	  3.49706e+06
1798.78	  3.49059e+06
1799.88	  3.48413e+06
1800.97	  3.47769e+06
1802.08	  3.47126e+06
1803.17	  3.46484e+06
1804.28	  3.45843e+06
1805.38	  3.45204e+06
1806.47	  3.44566e+06
1807.58	  3.43929e+06
1808.67	  3.43293e+06
1809.78	  3.42659e+06
1810.88	  3.42025e+06
1811.97	  3.41393e+06
1813.08	  3.40762e+06
1814.17	  3.40133e+06
1815.28	  3.39504e+06
1816.38	  3.38877e+06
1817.47	  3.38251e+06
1818.58	  3.37626e+06
1819.67	  3.37003e+06
1820.78	  3.3638e+06
1821.88	  3.35759e+06
1822.97	  3.35139e+06
1824.08	  3.3452e+06
1825.17	  3.33903e+06
1826.28	  3.33286e+06
1827.38	  3.32671e+06
1828.47	  3.32057e+06
1829.58	  3.31444e+06
1830.67	  3.30833e+06
1831.78	  3.30222e+06
1832.88	  3.29613e+06
1833.97	  3.29005e+06
1835.08	  3.28398e+06
1836.17	  3.27792e+06
1837.28	  3.27188e+06
1838.38	  3.26584e+06
1839.47	  3.25982e+06
1840.58	  3.25381e+06
1841.67	  3.24781e+06
1842.78	  3.24183e+06
1843.88	  3.23585e+06
1844.97	  3.22989e+06
1846.08	  3.22394e+06
1847.17	  3.218e+06
1848.28	  3.21207e+06
1849.38	  3.20615e+06
1850.47	  3.20024e+06
1851.58	  3.19435e+06
1852.67	  3.18847e+06
1853.78	  3.1826e+06
1854.88	  3.17674e+06
1855.97	  3.17089e+06
1857.08	  3.16505e+06
1858.17	  3.15923e+06
1859.28	  3.15341e+06
1860.38	  3.14761e+06
1861.47	  3.14182e+06
1862.58	  3.13604e+06
1863.67	  3.13027e+06
1864.78	  3.12451e+06
1865.88	  3.11877e+06
1866.97	  3.11303e+06
1868.08	  3.10731e+06
1869.17	  3.1016e+06
1870.28	  3.0959e+06
1871.38	  3.09021e+06
1872.47	  3.08453e+06
1873.58	  3.07886e+06
1874.67	  3.0732e+06
1875.78	  3.06756e+06
1876.88	  3.06192e+06
1877.97	  3.0563e+06
1879.08	  3.05069e+06
1880.17	  3.04509e+06
1881.28	  3.0395e+06
1882.38	  3.03392e+06
1883.47	  3.02835e+06
1884.58	  3.02279e+06
1885.67	  3.01725e+06
1886.78	  3.01171e+06
1887.88	  3.00619e+06
1888.97	  3.00068e+06
1890.08	  2.99517e+06
1891.17	  2.98968e+06
1892.28	  2.9842e+06
1893.38	  2.97873e+06
1894.47	  2.97327e+06
1895.58	  2.96782e+06
1896.67	  2.96239e+06
1897.78	  2.95696e+06
1898.88	  2.95154e+06
1899.97	  2.94614e+06
1901.08	  2.94074e+06
1902.17	  2.93536e+06
1903.28	  2.92999e+06
1904.38	  2.92462e+06
1905.47	  2.91927e+06
1906.58	  2.91393e+06
1907.67	  2.9086e+06
1908.78	  2.90328e+06
1909.88	  2.89797e+06
1910.97	  2.89267e+06
1912.08	  2.88738e+06
1913.17	  2.8821e+06
1914.28	  2.87684e+06
1915.38	  2.87158e+06
1916.47	  2.86633e+06
1917.58	  2.8611e+06
1918.67	  2.85587e+06
1919.78	  2.85065e+06
1920.88	  2.84545e+06
1921.97	  2.84025e+06
1923.08	  2.83507e+06
1924.17	  2.82989e+06
1925.28	  2.82473e+06
1926.38	  2.81958e+06
1927.47	  2.81443e+06
1928.58	  2.8093e+06
1929.67	  2.80418e+06
1930.78	  2.79906e+06
1931.88	  2.79396e+06
1932.97	  2.78887e+06
1934.08	  2.78379e+06
1935.17	  2.77872e+06
1936.28	  2.77365e+06
1937.38	  2.7686e+06
1938.47	  2.76356e+06
1939.58	  2.75853e+06
1940.67	  2.75351e+06
1941.78	  2.74849e+06
1942.88	  2.74349e+06
1943.97	  2.7385e+06
1945.08	  2.73352e+06
1946.17	  2.72855e+06
1947.28	  2.72359e+06
1948.38	  2.71863e+06
1949.47	  2.71369e+06
1950.58	  2.70876e+06
1951.67	  2.70384e+06
1952.78	  2.69892e+06
1953.88	  2.69402e+06
1954.97	  2.68913e+06
1956.08	  2.68425e+06
1957.17	  2.67937e+06
1958.28	  2.67451e+06
1959.38	  2.66966e+06
1960.47	  2.66481e+06
1961.58	  2.65998e+06
1962.67	  2.65515e+06
1963.78	  2.65034e+06
1964.88	  2.64553e+06
1965.97	  2.64074e+06
1967.08	  2.63595e+06
1968.17	  2.63117e+06
1969.28	  2.62641e+06
1970.38	  2.62165e+06
1971.47	  2.6169e+06
1972.58	  2.61216e+06
1973.67	  2.60743e+06
1974.78	  2.60271e+06
1975.88	  2.598e+06
1976.97	  2.5933e+06
1978.08	  2.58861e+06
1979.17	  2.58393e+06
1980.28	  2.57926e+06
1981.38	  2.5746e+06
1982.47	  2.56994e+06
1983.58	  2.5653e+06
1984.67	  2.56066e+06
1985.78	  2.55604e+06
1986.88	  2.55142e+06
1987.97	  2.54682e+06
1989.08	  2.54222e+06
1990.17	  2.53763e+06
1991.28	  2.53305e+06
1992.38	  2.52848e+06
1993.47	  2.52392e+06
1994.58	  2.51937e+06
1995.67	  2.51483e+06
1996.78	  2.51029e+06
1997.88	  2.50577e+06
1998.97	  2.50125e+06
2000.08	  2.49675e+06
2001.17	  2.49225e+06
2002.28	  2.48776e+06
2003.38	  2.48328e+06
2004.47	  2.47881e+06
2005.58	  2.47435e+06
2006.67	  2.4699e+06
2007.78	  2.46546e+06
2008.88	  2.46102e+06
2009.97	  2.4566e+06
2011.08	  2.45218e+06
2012.17	  2.44778e+06
2013.28	  2.44338e+06
2014.38	  2.43899e+06
2015.47	  2.43461e+06
2016.58	  2.43024e+06
2017.67	  2.42587e+06
2018.78	  2.42152e+06
2019.88	  2.41717e+06
2020.97	  2.41284e+06
2022.08	  2.40851e+06
2023.18	  2.40419e+06
2024.28	  2.39988e+06
2025.38	  2.39558e+06
2026.47	  2.39129e+06
2027.58	  2.387e+06
2028.68	  2.38273e+06
2029.78	  2.37846e+06
2030.88	  2.3742e+06
2031.97	  2.36995e+06
2033.08	  2.36571e+06
2034.18	  2.36148e+06
2035.28	  2.35725e+06
2036.38	  2.35304e+06
2037.47	  2.34883e+06
2038.58	  2.34463e+06
2039.68	  2.34044e+06
2040.78	  2.33626e+06
2041.88	  2.33209e+06
2042.97	  2.32792e+06
2044.08	  2.32377e+06
2045.18	  2.31962e+06
2046.28	  2.31548e+06
2047.38	  2.31135e+06
2048.47	  2.30722e+06
2049.57	  2.30311e+06
2050.68	  2.299e+06
2051.78	  2.2949e+06
2052.88	  2.29082e+06
2053.97	  2.28673e+06
2055.07	  2.28266e+06
2056.18	  2.2786e+06
2057.28	  2.27454e+06
2058.38	  2.27049e+06
2059.47	  2.26645e+06
2060.57	  2.26242e+06
2061.68	  2.25839e+06
2062.78	  2.25438e+06
2063.88	  2.25037e+06
2064.97	  2.24637e+06
2066.07	  2.24238e+06
2067.18	  2.2384e+06
2068.28	  2.23442e+06
2069.38	  2.23045e+06
2070.47	  2.22649e+06
2071.57	  2.22254e+06
2072.68	  2.2186e+06
2073.78	  2.21466e+06
2074.88	  2.21074e+06
2075.97	  2.20682e+06
2077.07	  2.20291e+06
2078.18	  2.199e+06
2079.28	  2.19511e+06
2080.38	  2.19122e+06
2081.47	  2.18734e+06
2082.57	  2.18347e+06
2083.68	  2.1796e+06
2084.78	  2.17575e+06
2085.88	  2.1719e+06
2086.97	  2.16806e+06
2088.07	  2.16422e+06
2089.18	  2.1604e+06
2090.28	  2.15658e+06
2091.38	  2.15277e+06
2092.47	  2.14897e+06
2093.57	  2.14517e+06
2094.68	  2.14139e+06
2095.78	  2.13761e+06
2096.88	  2.13384e+06
2097.97	  2.13007e+06
2099.07	  2.12632e+06
2100.18	  2.12257e+06
2101.28	  2.11883e+06
2102.38	  2.11509e+06
2103.47	  2.11137e+06
2104.57	  2.10765e+06
2105.68	  2.10394e+06
2106.78	  2.10024e+06
2107.88	  2.09654e+06
2108.97	  2.09285e+06
2110.07	  2.08917e+06
2111.18	  2.0855e+06
2112.28	  2.08183e+06
2113.38	  2.07817e+06
2114.47	  2.07452e+06
2115.57	  2.07088e+06
2116.68	  2.06724e+06
2117.78	  2.06361e+06
2118.88	  2.05999e+06
2119.97	  2.05638e+06
2121.07	  2.05277e+06
2122.18	  2.04917e+06
2123.28	  2.04558e+06
2124.38	  2.04199e+06
2125.47	  2.03842e+06
2126.57	  2.03484e+06
2127.68	  2.03128e+06
2128.78	  2.02772e+06
2129.88	  2.02418e+06
2130.97	  2.02063e+06
2132.07	  2.0171e+06
2133.18	  2.01357e+06
2134.28	  2.01005e+06
2135.38	  2.00654e+06
2136.47	  2.00303e+06
2137.57	  1.99953e+06
2138.68	  1.99604e+06
2139.78	  1.99256e+06
2140.88	  1.98908e+06
2141.97	  1.98561e+06
2143.07	  1.98214e+06
2144.18	  1.97869e+06
2145.28	  1.97524e+06
2146.38	  1.97179e+06
2147.47	  1.96836e+06
2148.57	  1.96493e+06
2149.68	  1.96151e+06
2150.78	  1.95809e+06
2151.88	  1.95468e+06
2152.97	  1.95128e+06
2154.07	  1.94789e+06
2155.18	  1.9445e+06
2156.28	  1.94112e+06
2157.38	  1.93775e+06
2158.47	  1.93438e+06
2159.57	  1.93102e+06
2160.68	  1.92767e+06
2161.78	  1.92432e+06
2162.88	  1.92098e+06
2163.97	  1.91765e+06
2165.07	  1.91432e+06
2166.18	  1.911e+06
2167.28	  1.90769e+06
2168.38	  1.90438e+06
2169.47	  1.90108e+06
2170.57	  1.89779e+06
2171.68	  1.8945e+06
2172.78	  1.89122e+06
2173.88	  1.88795e+06
2174.97	  1.88468e+06
2176.07	  1.88142e+06
2177.18	  1.87817e+06
2178.28	  1.87492e+06
2179.38	  1.87168e+06
2180.47	  1.86845e+06
2181.57	  1.86522e+06
2182.68	  1.862e+06
2183.78	  1.85879e+06
2184.88	  1.85558e+06
2185.97	  1.85238e+06
2187.07	  1.84918e+06
2188.18	  1.846e+06
2189.28	  1.84281e+06
2190.38	  1.83964e+06
2191.47	  1.83647e+06
2192.57	  1.83331e+06
2193.68	  1.83015e+06
2194.78	  1.827e+06
2195.88	  1.82386e+06
2196.97	  1.82072e+06
2198.07	  1.81759e+06
2199.18	  1.81447e+06
2200.28	  1.81135e+06
2201.38	  1.80824e+06
2202.47	  1.80513e+06
2203.57	  1.80203e+06
2204.68	  1.79894e+06
2205.78	  1.79585e+06
2206.88	  1.79277e+06
2207.97	  1.7897e+06
2209.07	  1.78663e+06
2210.18	  1.78357e+06
2211.28	  1.78051e+06
2212.38	  1.77746e+06
2213.47	  1.77442e+06
2214.57	  1.77138e+06
2215.68	  1.76835e+06
2216.78	  1.76532e+06
2217.88	  1.76231e+06
2218.97	  1.75929e+06
2220.07	  1.75629e+06
2221.18	  1.75328e+06
2222.28	  1.75029e+06
2223.38	  1.7473e+06
2224.47	  1.74432e+06
2225.57	  1.74134e+06
2226.68	  1.73837e+06
2227.78	  1.73541e+06
2228.88	  1.73245e+06
2229.97	  1.72949e+06
2231.07	  1.72655e+06
2232.18	  1.72361e+06
2233.28	  1.72067e+06
2234.38	  1.71774e+06
2235.47	  1.71482e+06
2236.57	  1.7119e+06
2237.68	  1.70899e+06
2238.78	  1.70608e+06
2239.88	  1.70318e+06
2240.97	  1.70029e+06
2242.07	  1.6974e+06
2243.18	  1.69452e+06
2244.28	  1.69164e+06
2245.38	  1.68877e+06
2246.47	  1.68591e+06
2247.57	  1.68305e+06
2248.68	  1.68019e+06
2249.78	  1.67734e+06
2250.88	  1.6745e+06
2251.97	  1.67167e+06
2253.07	  1.66883e+06
2254.18	  1.66601e+06
2255.28	  1.66319e+06
2256.38	  1.66038e+06
2257.47	  1.65757e+06
2258.57	  1.65476e+06
2259.68	  1.65197e+06
2260.78	  1.64918e+06
2261.88	  1.64639e+06
2262.97	  1.64361e+06
2264.07	  1.64084e+06
2265.18	  1.63807e+06
2266.28	  1.6353e+06
2267.38	  1.63255e+06
2268.47	  1.62979e+06
2269.57	  1.62705e+06
2270.68	  1.6243e+06
2271.78	  1.62157e+06
2272.88	  1.61884e+06
2273.97	  1.61611e+06
2275.07	  1.61339e+06
2276.18	  1.61068e+06
2277.28	  1.60797e+06
2278.38	  1.60527e+06
2279.47	  1.60257e+06
2280.57	  1.57775e+06
2281.68	  1.57519e+06
2282.78	  1.57263e+06
2283.88	  1.57008e+06
2284.97	  1.56753e+06
2286.07	  1.56499e+06
2287.18	  1.56245e+06
2288.28	  1.55991e+06
2289.38	  1.55738e+06
2290.47	  1.55486e+06
2291.57	  1.55234e+06
2292.68	  1.54982e+06
2293.78	  1.54731e+06
2294.88	  1.5448e+06
2295.97	  1.5423e+06
2297.07	  1.53981e+06
2298.18	  1.53731e+06
2299.28	  1.53482e+06
2300.38	  1.53234e+06
2301.47	  1.52986e+06
2302.57	  1.52739e+06
2303.68	  1.52492e+06
2304.78	  1.52245e+06
2305.88	  1.51999e+06
2306.97	  1.51754e+06
2308.07	  1.51508e+06
2309.18	  1.51264e+06
2310.28	  1.51019e+06
2311.38	  1.50776e+06
2312.47	  1.50532e+06
2313.57	  1.50289e+06
2314.68	  1.50047e+06
2315.78	  1.49805e+06
2316.88	  1.49563e+06
2317.97	  1.49322e+06
2319.07	  1.49082e+06
2320.18	  1.48841e+06
2321.28	  1.48602e+06
2322.38	  1.48362e+06
2323.47	  1.48123e+06
2324.57	  1.47885e+06
2325.68	  1.47647e+06
2326.78	  1.47409e+06
2327.88	  1.47172e+06
2328.97	  1.46935e+06
2330.07	  1.46699e+06
2331.18	  1.46463e+06
2332.28	  1.46228e+06
2333.38	  1.45993e+06
2334.47	  1.45759e+06
2335.57	  1.45524e+06
2336.68	  1.45291e+06
2337.78	  1.45058e+06
2338.88	  1.44825e+06
2339.97	  1.44592e+06
2341.07	  1.4436e+06
2342.18	  1.44129e+06
2343.28	  1.43898e+06
2344.38	  1.43667e+06
2345.47	  1.43437e+06
2346.57	  1.43207e+06
2347.68	  1.42978e+06
2348.78	  1.42749e+06
2349.88	  1.4252e+06
2350.97	  1.42292e+06
2352.07	  1.42065e+06
2353.18	  1.41837e+06
2354.28	  1.4161e+06
2355.38	  1.41384e+06
2356.47	  1.41158e+06
2357.57	  1.40932e+06
2358.68	  1.40707e+06
2359.78	  1.40482e+06
2360.88	  1.40258e+06
2361.97	  1.40034e+06
2363.07	  1.39811e+06
2364.18	  1.39587e+06
2365.28	  1.39365e+06
2366.38	  1.39142e+06
2367.47	  1.38921e+06
2368.57	  1.38699e+06
2369.68	  1.38478e+06
2370.78	  1.38257e+06
2371.88	  1.38037e+06
2372.97	  1.37817e+06
2374.07	  1.37598e+06
2375.18	  1.37379e+06
2376.28	  1.3716e+06
2377.38	  1.36942e+06
2378.47	  1.36724e+06
2379.57	  1.36507e+06
2380.68	  1.3629e+06
2381.78	  1.36073e+06
2382.88	  1.35857e+06
2383.97	  1.35641e+06
2385.07	  1.35426e+06
2386.18	  1.35211e+06
2387.28	  1.34996e+06
2388.38	  1.34782e+06
2389.47	  1.34568e+06
2390.57	  1.34355e+06
2391.68	  1.34141e+06
2392.78	  1.33929e+06
2393.88	  1.33717e+06
2394.97	  1.33505e+06
2396.07	  1.33293e+06
2397.18	  1.33082e+06
2398.28	  1.32871e+06
2399.38	  1.32661e+06
2400.47	  1.32451e+06
2401.57	  1.32242e+06
2402.68	  1.32032e+06
2403.78	  1.31824e+06
2404.88	  1.31615e+06
2405.97	  1.31407e+06
2407.07	  1.312e+06
2408.18	  1.30992e+06
2409.28	  1.30786e+06
2410.38	  1.30579e+06
2411.47	  1.30373e+06
2412.57	  1.30167e+06
2413.68	  1.29962e+06
2414.78	  1.29757e+06
2415.88	  1.29552e+06
2416.97	  1.29348e+06
2418.07	  1.29144e+06
2419.18	  1.28941e+06
2420.28	  1.28738e+06
2421.38	  1.28535e+06
2422.47	  1.28333e+06
2423.57	  1.28131e+06
2424.68	  1.27929e+06
2425.78	  1.27728e+06
2426.88	  1.27527e+06
2427.97	  1.27327e+06
2429.07	  1.27127e+06
2430.18	  1.26927e+06
2431.28	  1.26728e+06
2432.38	  1.26529e+06
2433.47	  1.2633e+06
2434.57	  1.26132e+06
2435.68	  1.25934e+06
2436.78	  1.25736e+06
2437.88	  1.25539e+06
2438.97	  1.25342e+06
2440.07	  1.25146e+06
2441.18	  1.2495e+06
2442.28	  1.24754e+06
2443.38	  1.24559e+06
2444.47	  1.24364e+06
2445.57	  1.24169e+06
2446.68	  1.23975e+06
2447.78	  1.23781e+06
2448.88	  1.23587e+06
2449.97	  1.23394e+06
2451.07	  1.23201e+06
2452.18	  1.23008e+06
2453.28	  1.22816e+06
2454.38	  1.22624e+06
2455.47	  1.22433e+06
2456.57	  1.22242e+06
2457.68	  1.22051e+06
2458.78	  1.21861e+06
2459.88	  1.21671e+06
2460.97	  1.21481e+06
2462.07	  1.21291e+06
2463.18	  1.21102e+06
2464.28	  1.20914e+06
2465.38	  1.20725e+06
2466.47	  1.20537e+06
2467.57	  1.2035e+06
2468.68	  1.20162e+06
2469.78	  1.19976e+06
2470.88	  1.19789e+06
2471.97	  1.19603e+06
2473.07	  1.19417e+06
2474.18	  1.19231e+06
2475.28	  1.19046e+06
2476.38	  1.18861e+06
2477.47	  1.18676e+06
