Emission arising from a slab of Hydrogen (both H and H-).
   
Parameters of the slab:
n_e = 1e+12 cm-3
T_e = 8000 K
tau(lambda=300 nm) = 0.1
L = 3.81731e+10 cm
   
Wavelength (nm), Emission (erg s-1 cm-2 nm-1 sr-1)
50	  0.092021
91.2	  167.386
120	  10697.5
150	  133842
175	  533396
200	  1.44352e+06
225	  3.02852e+06
250	  5.32958e+06
270	  7.6353e+06
290	  1.02682e+07
300	  1.16764e+07
305	  1.23977e+07
310	  1.31283e+07
315	  1.38664e+07
320	  1.46105e+07
322.5	  1.49843e+07
325	  1.53589e+07
327	  1.56592e+07
329	  1.59598e+07
329.999	  1.61101e+07
330.266	  1.61502e+07
330.533	  1.61904e+07
330.8	  1.62306e+07
331.067	  1.62707e+07
331.334	  1.63109e+07
331.601	  1.63511e+07
331.868	  1.63913e+07
332.135	  1.64315e+07
332.402	  1.64717e+07
332.669	  1.65118e+07
332.936	  1.6552e+07
333.203	  1.65922e+07
333.47	  1.66324e+07
333.737	  1.66726e+07
334.004	  1.67128e+07
334.271	  1.6753e+07
334.538	  1.67932e+07
334.805	  1.68334e+07
335.072	  1.68736e+07
335.339	  1.69138e+07
335.606	  1.6954e+07
335.873	  1.69942e+07
336.14	  1.70343e+07
336.407	  1.70745e+07
336.674	  1.71147e+07
336.941	  1.71549e+07
337.208	  1.71951e+07
337.475	  1.72353e+07
337.742	  1.72754e+07
338.009	  1.73156e+07
338.276	  1.73558e+07
338.543	  1.7396e+07
338.81	  1.74361e+07
339.077	  1.74763e+07
339.344	  1.75164e+07
339.611	  1.75566e+07
339.878	  1.75967e+07
340.145	  1.76369e+07
340.412	  1.7677e+07
340.679	  1.77172e+07
340.946	  1.77573e+07
341.213	  1.77974e+07
341.48	  1.78375e+07
341.747	  1.78776e+07
342.014	  1.79177e+07
342.281	  1.79579e+07
342.548	  1.79979e+07
342.815	  1.8038e+07
343.082	  1.80781e+07
343.349	  1.81182e+07
343.616	  1.81582e+07
343.883	  1.81983e+07
344.15	  1.82384e+07
344.417	  1.82784e+07
344.684	  1.83184e+07
344.951	  1.83585e+07
345.218	  1.83985e+07
345.485	  1.84385e+07
345.752	  1.84785e+07
346.019	  1.85185e+07
346.286	  1.85584e+07
346.553	  1.85984e+07
346.82	  1.86384e+07
347.087	  1.86783e+07
347.354	  1.87183e+07
347.621	  1.87582e+07
347.888	  1.87981e+07
348.155	  1.8838e+07
348.422	  1.88779e+07
348.689	  1.89178e+07
348.956	  1.89577e+07
349.223	  1.89976e+07
349.49	  1.90374e+07
349.757	  1.90773e+07
350.024	  1.91171e+07
350.291	  1.91569e+07
350.558	  1.91967e+07
350.825	  1.92365e+07
351.092	  1.92763e+07
351.359	  1.9316e+07
351.626	  1.93558e+07
351.893	  1.93955e+07
352.16	  1.94353e+07
352.427	  1.9475e+07
352.694	  1.95147e+07
352.961	  1.95543e+07
353.228	  1.9594e+07
353.495	  1.96337e+07
353.762	  1.96733e+07
354.029	  1.97129e+07
354.296	  1.97525e+07
354.563	  1.97921e+07
354.83	  1.98317e+07
355.097	  1.98713e+07
355.364	  1.99108e+07
355.631	  1.99503e+07
355.898	  1.99898e+07
356.165	  2.00293e+07
356.432	  2.00688e+07
356.699	  2.01083e+07
356.966	  2.01477e+07
357.233	  2.01871e+07
357.5	  2.02266e+07
357.767	  2.0266e+07
358.034	  2.03053e+07
358.301	  2.03447e+07
358.568	  2.0384e+07
358.835	  2.04233e+07
359.102	  2.04626e+07
359.369	  2.05019e+07
359.636	  2.05412e+07
359.903	  2.05804e+07
360.17	  2.06197e+07
360.437	  2.06589e+07
360.704	  2.0698e+07
360.971	  2.07372e+07
361.238	  2.07764e+07
361.505	  2.08155e+07
361.772	  2.08546e+07
362.039	  2.08937e+07
362.306	  2.09327e+07
362.573	  2.09718e+07
363	  2.10342e+07
363.027	  2.10381e+07
363.054	  2.1042e+07
363.08	  2.10459e+07
363.107	  2.10498e+07
363.134	  2.10537e+07
363.16	  2.10576e+07
363.187	  2.10615e+07
363.214	  2.10654e+07
363.24	  2.10693e+07
363.267	  2.10732e+07
363.294	  2.10771e+07
363.321	  2.1081e+07
363.347	  2.10849e+07
363.374	  2.10888e+07
363.401	  2.10927e+07
363.427	  2.10966e+07
363.454	  2.11005e+07
363.481	  2.11044e+07
363.508	  2.11083e+07
363.534	  2.11122e+07
363.561	  2.11161e+07
363.588	  2.11199e+07
363.614	  2.11238e+07
363.641	  2.11277e+07
363.668	  2.11316e+07
363.694	  2.11355e+07
363.721	  2.11394e+07
363.748	  2.11433e+07
363.774	  2.11472e+07
363.801	  2.11511e+07
363.828	  2.1155e+07
363.855	  2.11589e+07
363.881	  2.11628e+07
363.908	  2.11667e+07
363.935	  2.11706e+07
363.961	  2.11745e+07
363.988	  2.11784e+07
364.015	  2.11822e+07
364.041	  2.11861e+07
364.068	  2.119e+07
364.095	  2.11939e+07
364.122	  2.11978e+07
364.148	  2.12017e+07
364.175	  2.12056e+07
364.202	  2.12095e+07
364.228	  2.12134e+07
364.255	  2.12173e+07
364.282	  2.12211e+07
364.308	  2.1225e+07
364.335	  2.12289e+07
364.362	  2.12328e+07
364.389	  2.12367e+07
364.415	  2.12406e+07
364.442	  2.12445e+07
364.469	  2.12484e+07
364.495	  2.12523e+07
364.522	  2.12561e+07
364.549	  2.126e+07
364.575	  2.12639e+07
364.602	  2.12678e+07
364.629	  2.12717e+07
364.656	  2.12756e+07
364.682	  2.12795e+07
364.709	  2.12834e+07
364.736	  690592
364.762	  690734
364.789	  690877
364.816	  691020
364.842	  691162
364.869	  691305
364.896	  691448
364.923	  691590
364.949	  691733
364.976	  691876
365.003	  692018
365.029	  692161
365.056	  692304
365.083	  692446
365.11	  692589
365.136	  692732
365.163	  692874
365.19	  693017
365.216	  693160
365.243	  693302
365.27	  693445
365.296	  693588
365.323	  693730
365.35	  693873
365.377	  694016
365.403	  694158
365.43	  694301
365.457	  694444
365.483	  694586
365.51	  694729
365.537	  694872
365.563	  695014
365.59	  695157
365.617	  695300
365.643	  695442
365.67	  695585
365.697	  695728
365.724	  695871
365.75	  696013
365.777	  696156
365.804	  696298
365.83	  696441
365.857	  696584
365.884	  696727
365.91	  696869
365.937	  697012
365.964	  697155
365.991	  697297
365.991	  697297
366.258	  698724
366.525	  700151
366.792	  701578
367.059	  703005
367.326	  704432
367.593	  705859
367.86	  707286
368.127	  708713
368.394	  710140
368.661	  711567
368.928	  712995
369.195	  714422
369.462	  715849
369.729	  717276
369.996	  718703
370.263	  720130
370.53	  721557
370.797	  722984
371.064	  724411
371.331	  725838
371.598	  727264
371.865	  728691
372.132	  730118
372.399	  731545
372.666	  732971
372.933	  734398
373.2	  735824
373.467	  737250
373.734	  738677
374.001	  740103
374.268	  741529
374.535	  742955
374.802	  744381
375.069	  745807
375.336	  747232
375.603	  748658
375.87	  750083
376.137	  751509
376.404	  752934
376.671	  754359
376.938	  755784
377.205	  757209
377.472	  758633
377.739	  760058
378.006	  761482
378.273	  762906
378.54	  764330
378.807	  765754
379.074	  767178
379.341	  768601
379.608	  770025
379.875	  771448
380.142	  772871
380.409	  774293
380.676	  775716
380.943	  777138
381.21	  778560
381.477	  779982
381.744	  781404
382.011	  782825
382.278	  784246
382.545	  785667
382.812	  787088
383.079	  788509
383.346	  789929
383.613	  791349
383.88	  792769
384.147	  794189
384.414	  795608
384.681	  797027
384.948	  798446
385.215	  799864
385.482	  801282
385.749	  802700
386.016	  804118
386.283	  805535
386.55	  806952
386.817	  808369
387.084	  809786
387.351	  811202
387.618	  812618
387.885	  814033
388.152	  815449
388.419	  816864
388.686	  818278
388.953	  819693
389.22	  821107
389.487	  822520
389.754	  823934
390.021	  825347
390.288	  826759
390.555	  828171
390.822	  829583
391.089	  830995
391.356	  832406
391.623	  833817
391.89	  835227
392.157	  836638
392.424	  838047
392.691	  839457
392.958	  840866
393.225	  842274
393.492	  843682
393.759	  845090
394.026	  846497
394.293	  847905
394.56	  849311
394.827	  850717
395.094	  852123
395.361	  853528
395.628	  854933
395.895	  856338
396.162	  857742
396.429	  859146
396.696	  860549
396.963	  861952
397.23	  863354
397.497	  864756
397.764	  866157
398.031	  867558
398.298	  868959
398.565	  870359
398.832	  871759
399.099	  873158
399.366	  874556
399.633	  875955
399.9	  877352
400.167	  878750
400.434	  880146
400.701	  881543
400.968	  882938
401.235	  884334
401.502	  885728
401.769	  887123
402.036	  888516
402.303	  889910
402.57	  891302
402.837	  892695
403.104	  894086
403.371	  895478
403.638	  896868
403.905	  898259
404.172	  899648
404.439	  901037
404.706	  902426
404.973	  903814
405.24	  905201
405.507	  906588
405.774	  907975
406.041	  909361
406.308	  910746
406.575	  912131
406.842	  913515
407.109	  914898
407.376	  916281
407.643	  917664
407.91	  919046
408.177	  920427
408.444	  921808
408.711	  923188
408.978	  924567
409.245	  925946
409.512	  927325
409.779	  928702
410.046	  930080
410.313	  931456
410.58	  932832
410.847	  934207
411.114	  935582
411.381	  936956
411.648	  938330
411.915	  939702
412.182	  941075
412.449	  942446
412.716	  943817
412.983	  945188
413.25	  946557
413.517	  947927
413.784	  949295
414.051	  950663
414.318	  952030
414.585	  953396
414.852	  954762
415.119	  956127
415.386	  957492
415.653	  958856
415.92	  960219
416.187	  961581
416.454	  962943
416.721	  964304
416.988	  965665
417.255	  967025
417.522	  968384
417.789	  969742
418.056	  971100
418.323	  972457
418.59	  973813
418.857	  975169
419.124	  976524
419.391	  977878
419.658	  979232
419.925	  980585
420.192	  981937
420.459	  983288
420.726	  984639
420.993	  985989
421.26	  987338
421.527	  988687
421.794	  990035
422.061	  991382
422.328	  992728
422.595	  994074
422.862	  995419
423.129	  996763
423.396	  998107
423.663	  999449
423.93	  1.00079e+06
424.197	  1.00213e+06
424.464	  1.00347e+06
424.731	  1.00481e+06
424.998	  1.00615e+06
425.265	  1.00749e+06
425.532	  1.00883e+06
425.799	  1.01016e+06
426.066	  1.0115e+06
426.333	  1.01283e+06
426.6	  1.01417e+06
426.867	  1.0155e+06
427.134	  1.01684e+06
427.401	  1.01817e+06
427.668	  1.0195e+06
427.935	  1.02083e+06
428.202	  1.02216e+06
428.469	  1.02349e+06
428.736	  1.02482e+06
429.003	  1.02614e+06
429.27	  1.02747e+06
429.537	  1.0288e+06
429.804	  1.03012e+06
430.071	  1.03144e+06
430.338	  1.03277e+06
430.605	  1.03409e+06
430.872	  1.03541e+06
431.139	  1.03673e+06
431.406	  1.03805e+06
431.673	  1.03937e+06
431.94	  1.04069e+06
432.207	  1.04201e+06
432.474	  1.04332e+06
432.741	  1.04464e+06
433.008	  1.04596e+06
433.275	  1.04727e+06
433.542	  1.04858e+06
433.809	  1.0499e+06
434.076	  1.05121e+06
434.343	  1.05252e+06
434.61	  1.05383e+06
434.877	  1.05514e+06
435.144	  1.05645e+06
435.411	  1.05775e+06
435.678	  1.05906e+06
435.945	  1.06037e+06
436.212	  1.06167e+06
436.479	  1.06298e+06
436.746	  1.06428e+06
437.013	  1.06558e+06
437.28	  1.06688e+06
437.547	  1.06818e+06
437.814	  1.06948e+06
438.081	  1.07078e+06
438.348	  1.07208e+06
438.615	  1.07338e+06
438.882	  1.07467e+06
439.149	  1.07597e+06
439.416	  1.07727e+06
439.683	  1.07856e+06
439.95	  1.07985e+06
440.217	  1.08114e+06
440.484	  1.08243e+06
440.751	  1.08372e+06
441.018	  1.08501e+06
441.285	  1.0863e+06
441.552	  1.08759e+06
441.819	  1.08888e+06
442.086	  1.09016e+06
442.353	  1.09145e+06
442.62	  1.09273e+06
442.887	  1.09401e+06
443.154	  1.0953e+06
443.421	  1.09658e+06
443.688	  1.09786e+06
443.955	  1.09914e+06
444.222	  1.10042e+06
444.489	  1.10169e+06
444.756	  1.10297e+06
445.023	  1.10425e+06
445.29	  1.10552e+06
445.557	  1.10679e+06
445.824	  1.10807e+06
446.091	  1.10934e+06
446.358	  1.11061e+06
446.625	  1.11188e+06
446.892	  1.11315e+06
447.159	  1.11442e+06
447.426	  1.11569e+06
447.693	  1.11695e+06
447.96	  1.11822e+06
448.227	  1.11948e+06
448.494	  1.12075e+06
448.761	  1.12201e+06
449.028	  1.12327e+06
449.295	  1.12453e+06
449.562	  1.12579e+06
449.829	  1.12705e+06
450.096	  1.12831e+06
450.363	  1.12957e+06
450.63	  1.13082e+06
450.897	  1.13208e+06
451.164	  1.13333e+06
451.431	  1.13458e+06
451.698	  1.13584e+06
451.965	  1.13709e+06
452.232	  1.13834e+06
452.499	  1.13959e+06
452.766	  1.14084e+06
453.033	  1.14208e+06
453.3	  1.14333e+06
453.567	  1.14457e+06
453.834	  1.14582e+06
454.101	  1.14706e+06
454.368	  1.14831e+06
454.635	  1.14955e+06
454.902	  1.15079e+06
455.169	  1.15203e+06
455.436	  1.15327e+06
455.703	  1.1545e+06
455.97	  1.15574e+06
456.237	  1.15698e+06
456.504	  1.15821e+06
456.771	  1.15944e+06
457.038	  1.16068e+06
457.305	  1.16191e+06
457.572	  1.16314e+06
457.839	  1.16437e+06
458.106	  1.1656e+06
458.373	  1.16682e+06
458.64	  1.16805e+06
458.907	  1.16928e+06
459.174	  1.1705e+06
459.441	  1.17173e+06
459.708	  1.17295e+06
459.975	  1.17417e+06
460.242	  1.17539e+06
460.509	  1.17661e+06
460.776	  1.17783e+06
461.043	  1.17905e+06
461.31	  1.18026e+06
461.577	  1.18148e+06
461.844	  1.18269e+06
462.111	  1.18391e+06
462.378	  1.18512e+06
462.645	  1.18633e+06
462.912	  1.18754e+06
463.179	  1.18875e+06
463.446	  1.18996e+06
463.713	  1.19117e+06
463.98	  1.19237e+06
464.247	  1.19358e+06
464.514	  1.19478e+06
464.781	  1.19599e+06
465.048	  1.19719e+06
465.315	  1.19839e+06
465.582	  1.19959e+06
465.849	  1.20079e+06
466.116	  1.20199e+06
466.383	  1.20318e+06
466.65	  1.20438e+06
466.917	  1.20558e+06
467.184	  1.20677e+06
467.451	  1.20796e+06
467.718	  1.20915e+06
467.985	  1.21034e+06
468.252	  1.21153e+06
468.519	  1.21272e+06
468.786	  1.21391e+06
469.053	  1.2151e+06
469.32	  1.21628e+06
469.587	  1.21747e+06
469.854	  1.21865e+06
470.121	  1.21983e+06
470.388	  1.22101e+06
470.655	  1.2222e+06
470.922	  1.22337e+06
471.189	  1.22455e+06
471.456	  1.22573e+06
471.723	  1.22691e+06
471.99	  1.22808e+06
472.257	  1.22925e+06
472.524	  1.23043e+06
472.791	  1.2316e+06
473.058	  1.23277e+06
473.325	  1.23394e+06
473.592	  1.23511e+06
473.859	  1.23628e+06
474.126	  1.23744e+06
474.393	  1.23861e+06
474.66	  1.23977e+06
474.927	  1.24094e+06
475.194	  1.2421e+06
475.461	  1.24326e+06
475.728	  1.24442e+06
475.995	  1.24558e+06
476.262	  1.24674e+06
476.529	  1.24789e+06
476.796	  1.24905e+06
477.063	  1.2502e+06
477.33	  1.25136e+06
477.597	  1.25251e+06
477.864	  1.25366e+06
478.131	  1.25481e+06
478.398	  1.25596e+06
478.665	  1.25711e+06
478.932	  1.25825e+06
479.199	  1.2594e+06
479.466	  1.26055e+06
479.733	  1.26169e+06
480	  1.26283e+06
480.267	  1.26397e+06
480.534	  1.26511e+06
480.801	  1.26625e+06
481.068	  1.26739e+06
481.335	  1.26853e+06
481.602	  1.26966e+06
481.869	  1.2708e+06
482.136	  1.27193e+06
482.403	  1.27307e+06
482.67	  1.2742e+06
482.937	  1.27533e+06
483.204	  1.27646e+06
483.471	  1.27759e+06
483.738	  1.27871e+06
484.005	  1.27984e+06
484.272	  1.28097e+06
484.539	  1.28209e+06
484.806	  1.28321e+06
485.073	  1.28433e+06
485.34	  1.28545e+06
485.607	  1.28657e+06
485.874	  1.28769e+06
486.141	  1.28881e+06
486.408	  1.28993e+06
486.675	  1.29104e+06
486.942	  1.29216e+06
487.209	  1.29327e+06
487.476	  1.29438e+06
487.743	  1.29549e+06
488.01	  1.2966e+06
488.277	  1.29771e+06
488.544	  1.29882e+06
488.811	  1.29992e+06
489.078	  1.30103e+06
489.345	  1.30213e+06
489.612	  1.30323e+06
489.879	  1.30434e+06
490.146	  1.30544e+06
490.413	  1.30654e+06
490.68	  1.30763e+06
490.947	  1.30873e+06
491.214	  1.30983e+06
491.481	  1.31092e+06
491.748	  1.31202e+06
492.015	  1.31311e+06
492.282	  1.3142e+06
492.549	  1.31529e+06
492.816	  1.31638e+06
493.083	  1.31747e+06
493.35	  1.31856e+06
493.617	  1.31964e+06
493.884	  1.32073e+06
494.151	  1.32181e+06
494.418	  1.32289e+06
494.685	  1.32397e+06
494.952	  1.32505e+06
495.219	  1.32613e+06
495.486	  1.32721e+06
495.753	  1.32829e+06
496.02	  1.32936e+06
496.287	  1.33044e+06
496.554	  1.33151e+06
496.821	  1.33258e+06
497.088	  1.33366e+06
497.355	  1.33473e+06
497.622	  1.3358e+06
497.889	  1.33686e+06
498.156	  1.33793e+06
498.423	  1.339e+06
498.69	  1.34006e+06
498.957	  1.34112e+06
499.224	  1.34219e+06
499.491	  1.34325e+06
499.758	  1.34431e+06
500.025	  1.34536e+06
500.292	  1.34642e+06
500.559	  1.34748e+06
500.826	  1.34853e+06
501.093	  1.34959e+06
501.36	  1.35064e+06
501.627	  1.35169e+06
501.894	  1.35274e+06
502.161	  1.35379e+06
502.428	  1.35484e+06
502.695	  1.35589e+06
502.962	  1.35694e+06
503.229	  1.35798e+06
503.496	  1.35902e+06
503.763	  1.36007e+06
504.03	  1.36111e+06
504.297	  1.36215e+06
504.564	  1.36319e+06
504.831	  1.36423e+06
505.098	  1.36526e+06
505.365	  1.3663e+06
505.632	  1.36733e+06
505.899	  1.36837e+06
506.166	  1.3694e+06
506.433	  1.37043e+06
506.7	  1.37146e+06
506.967	  1.37249e+06
507.234	  1.37352e+06
507.501	  1.37454e+06
507.768	  1.37557e+06
508.035	  1.37659e+06
508.302	  1.37762e+06
508.569	  1.37864e+06
508.836	  1.37966e+06
509.103	  1.38068e+06
509.37	  1.3817e+06
509.637	  1.38272e+06
509.904	  1.38373e+06
510.171	  1.38475e+06
510.438	  1.38576e+06
510.705	  1.38677e+06
510.972	  1.38779e+06
511.239	  1.3888e+06
511.506	  1.38981e+06
511.773	  1.39081e+06
512.04	  1.39182e+06
512.307	  1.39283e+06
512.574	  1.39383e+06
512.841	  1.39483e+06
513.108	  1.39584e+06
513.375	  1.39684e+06
513.642	  1.39784e+06
513.909	  1.39884e+06
514.176	  1.39984e+06
514.443	  1.40083e+06
514.71	  1.40183e+06
514.977	  1.40282e+06
515.244	  1.40381e+06
515.511	  1.40481e+06
515.778	  1.4058e+06
516.045	  1.40679e+06
516.312	  1.40778e+06
516.579	  1.40876e+06
516.846	  1.40975e+06
517.113	  1.41073e+06
517.38	  1.41172e+06
517.647	  1.4127e+06
517.914	  1.41368e+06
518.181	  1.41466e+06
518.448	  1.41564e+06
518.715	  1.41662e+06
518.982	  1.4176e+06
519.249	  1.41857e+06
519.516	  1.41955e+06
519.783	  1.42052e+06
520.05	  1.42149e+06
520.317	  1.42246e+06
520.584	  1.42343e+06
520.851	  1.4244e+06
521.118	  1.42537e+06
521.385	  1.42634e+06
521.652	  1.4273e+06
521.919	  1.42827e+06
522.186	  1.42923e+06
522.453	  1.43019e+06
522.72	  1.43115e+06
522.987	  1.43211e+06
523.254	  1.43307e+06
523.521	  1.43403e+06
523.788	  1.43498e+06
524.055	  1.43594e+06
524.322	  1.43689e+06
524.589	  1.43784e+06
524.856	  1.43879e+06
525.123	  1.43974e+06
525.39	  1.44069e+06
525.657	  1.44164e+06
525.924	  1.44259e+06
526.191	  1.44353e+06
526.458	  1.44448e+06
526.725	  1.44542e+06
526.992	  1.44636e+06
527.259	  1.4473e+06
527.526	  1.44824e+06
527.793	  1.44918e+06
528.06	  1.45012e+06
528.327	  1.45106e+06
528.594	  1.45199e+06
528.861	  1.45292e+06
529.128	  1.45386e+06
529.395	  1.45479e+06
529.662	  1.45572e+06
529.929	  1.45665e+06
530.196	  1.45758e+06
530.463	  1.4585e+06
530.73	  1.45943e+06
530.997	  1.46035e+06
531.264	  1.46128e+06
531.531	  1.4622e+06
531.798	  1.46312e+06
532.065	  1.46404e+06
532.332	  1.46496e+06
532.599	  1.46588e+06
532.866	  1.46679e+06
533.133	  1.46771e+06
533.4	  1.46862e+06
533.667	  1.46954e+06
533.934	  1.47045e+06
534.201	  1.47136e+06
534.468	  1.47227e+06
534.735	  1.47318e+06
535.002	  1.47408e+06
535.269	  1.47499e+06
535.536	  1.47589e+06
535.803	  1.4768e+06
536.07	  1.4777e+06
536.337	  1.4786e+06
536.604	  1.4795e+06
536.871	  1.4804e+06
537.138	  1.4813e+06
537.405	  1.48219e+06
537.672	  1.48309e+06
537.939	  1.48398e+06
538.206	  1.48488e+06
538.473	  1.48577e+06
538.74	  1.48666e+06
539.007	  1.48755e+06
539.274	  1.48844e+06
539.541	  1.48933e+06
539.808	  1.49021e+06
540.075	  1.4911e+06
540.342	  1.49198e+06
540.609	  1.49286e+06
540.876	  1.49375e+06
541.143	  1.49463e+06
541.41	  1.49551e+06
541.677	  1.49638e+06
541.944	  1.49726e+06
542.211	  1.49814e+06
542.478	  1.49901e+06
542.745	  1.49988e+06
543.012	  1.50076e+06
543.279	  1.50163e+06
543.546	  1.5025e+06
543.813	  1.50337e+06
544.08	  1.50423e+06
544.347	  1.5051e+06
544.614	  1.50597e+06
544.881	  1.50683e+06
545.148	  1.50769e+06
545.415	  1.50856e+06
545.682	  1.50942e+06
545.949	  1.51028e+06
546.216	  1.51113e+06
546.483	  1.51199e+06
546.75	  1.51285e+06
547.017	  1.5137e+06
547.284	  1.51456e+06
547.551	  1.51541e+06
547.818	  1.51626e+06
548.085	  1.51711e+06
548.352	  1.51796e+06
548.619	  1.51881e+06
548.886	  1.51966e+06
549.153	  1.5205e+06
549.42	  1.52135e+06
549.687	  1.52219e+06
549.954	  1.52303e+06
550.221	  1.52387e+06
550.488	  1.52471e+06
550.755	  1.52555e+06
551.022	  1.52639e+06
551.289	  1.52723e+06
551.556	  1.52806e+06
551.823	  1.5289e+06
552.09	  1.52973e+06
552.357	  1.53056e+06
552.624	  1.53139e+06
552.891	  1.53222e+06
553.158	  1.53305e+06
553.425	  1.53388e+06
553.692	  1.5347e+06
553.959	  1.53553e+06
554.226	  1.53635e+06
554.493	  1.53718e+06
554.76	  1.538e+06
555.027	  1.53882e+06
555.294	  1.53964e+06
555.561	  1.54046e+06
555.828	  1.54127e+06
556.095	  1.54209e+06
556.362	  1.5429e+06
556.629	  1.54372e+06
556.896	  1.54453e+06
557.163	  1.54534e+06
557.43	  1.54615e+06
557.697	  1.54696e+06
557.964	  1.54777e+06
558.231	  1.54857e+06
558.498	  1.54938e+06
558.765	  1.55018e+06
559.032	  1.55099e+06
559.299	  1.55179e+06
559.566	  1.55259e+06
560.009	  1.55392e+06
560.296	  1.55478e+06
560.583	  1.55563e+06
560.87	  1.55649e+06
561.157	  1.55734e+06
561.444	  1.55819e+06
561.731	  1.55904e+06
562.018	  1.55989e+06
562.305	  1.56074e+06
562.592	  1.56159e+06
562.879	  1.56244e+06
563.166	  1.56328e+06
563.453	  1.56412e+06
563.74	  1.56497e+06
564.027	  1.56581e+06
564.314	  1.56665e+06
564.601	  1.56748e+06
564.888	  1.56832e+06
565.175	  1.56916e+06
565.462	  1.56999e+06
565.749	  1.57082e+06
566.036	  1.57166e+06
566.323	  1.57249e+06
566.61	  1.57331e+06
566.897	  1.57414e+06
567.184	  1.57497e+06
567.471	  1.57579e+06
567.758	  1.57662e+06
568.045	  1.57744e+06
568.332	  1.57826e+06
568.619	  1.57908e+06
568.906	  1.5799e+06
569.193	  1.58072e+06
569.48	  1.58153e+06
569.767	  1.58235e+06
570.054	  1.58316e+06
570.341	  1.58397e+06
570.628	  1.58478e+06
570.915	  1.58559e+06
571.202	  1.5864e+06
571.489	  1.58721e+06
571.776	  1.58801e+06
572.063	  1.58882e+06
572.35	  1.58962e+06
572.637	  1.59042e+06
572.924	  1.59122e+06
573.211	  1.59202e+06
573.498	  1.59282e+06
573.785	  1.59361e+06
574.072	  1.59441e+06
574.359	  1.5952e+06
574.646	  1.596e+06
574.933	  1.59679e+06
575.22	  1.59758e+06
575.507	  1.59837e+06
575.794	  1.59915e+06
576.081	  1.59994e+06
576.368	  1.60072e+06
576.655	  1.60151e+06
576.942	  1.60229e+06
577.229	  1.60307e+06
577.516	  1.60385e+06
577.803	  1.60463e+06
578.09	  1.60541e+06
578.377	  1.60618e+06
578.664	  1.60696e+06
578.951	  1.60773e+06
579.238	  1.6085e+06
579.525	  1.60927e+06
579.812	  1.61004e+06
580.099	  1.61081e+06
580.386	  1.61158e+06
580.673	  1.61234e+06
580.96	  1.61311e+06
581.247	  1.61387e+06
581.534	  1.61463e+06
581.821	  1.61539e+06
582.108	  1.61615e+06
582.395	  1.61691e+06
582.682	  1.61767e+06
582.969	  1.61842e+06
583.256	  1.61917e+06
583.543	  1.61993e+06
583.83	  1.62068e+06
584.117	  1.62143e+06
584.404	  1.62218e+06
584.691	  1.62293e+06
584.978	  1.62367e+06
585.265	  1.62442e+06
585.552	  1.62516e+06
585.839	  1.6259e+06
586.126	  1.62665e+06
586.413	  1.62739e+06
586.7	  1.62813e+06
586.987	  1.62886e+06
587.274	  1.6296e+06
587.561	  1.63033e+06
587.848	  1.63107e+06
588.135	  1.6318e+06
588.422	  1.63253e+06
588.709	  1.63326e+06
588.996	  1.63399e+06
589.283	  1.63472e+06
589.57	  1.63544e+06
589.857	  1.63617e+06
590.144	  1.63689e+06
590.431	  1.63762e+06
590.718	  1.63834e+06
591.005	  1.63906e+06
591.292	  1.63978e+06
591.579	  1.64049e+06
591.866	  1.64121e+06
592.153	  1.64193e+06
592.44	  1.64264e+06
592.727	  1.64335e+06
593.014	  1.64406e+06
593.301	  1.64477e+06
593.588	  1.64548e+06
593.875	  1.64619e+06
594.162	  1.6469e+06
594.449	  1.6476e+06
594.736	  1.6483e+06
595.023	  1.64901e+06
595.31	  1.64971e+06
595.597	  1.65041e+06
595.884	  1.65111e+06
596.171	  1.6518e+06
596.458	  1.6525e+06
596.745	  1.6532e+06
597.032	  1.65389e+06
597.319	  1.65458e+06
597.606	  1.65527e+06
597.893	  1.65596e+06
598.18	  1.65665e+06
598.467	  1.65734e+06
598.754	  1.65803e+06
599.041	  1.65871e+06
599.328	  1.6594e+06
599.615	  1.66008e+06
599.902	  1.66076e+06
600.189	  1.66144e+06
600.476	  1.66212e+06
600.763	  1.6628e+06
601.05	  1.66347e+06
601.337	  1.66415e+06
601.624	  1.66482e+06
601.911	  1.6655e+06
602.198	  1.66617e+06
602.485	  1.66684e+06
602.772	  1.66751e+06
603.059	  1.66818e+06
603.346	  1.66884e+06
603.633	  1.66951e+06
603.92	  1.67017e+06
604.207	  1.67084e+06
604.494	  1.6715e+06
604.781	  1.67216e+06
605.068	  1.67282e+06
605.355	  1.67348e+06
605.642	  1.67413e+06
605.929	  1.67479e+06
606.216	  1.67544e+06
606.503	  1.6761e+06
606.79	  1.67675e+06
607.077	  1.6774e+06
607.364	  1.67805e+06
607.651	  1.6787e+06
607.938	  1.67935e+06
608.225	  1.67999e+06
608.512	  1.68064e+06
608.799	  1.68128e+06
609.086	  1.68192e+06
609.373	  1.68256e+06
609.66	  1.6832e+06
609.947	  1.68384e+06
610.234	  1.68448e+06
610.521	  1.68512e+06
610.808	  1.68575e+06
611.095	  1.68639e+06
611.382	  1.68702e+06
611.669	  1.68765e+06
611.956	  1.68828e+06
612.243	  1.68891e+06
612.53	  1.68954e+06
612.817	  1.69017e+06
613.104	  1.69079e+06
613.391	  1.69142e+06
613.678	  1.69204e+06
613.965	  1.69266e+06
614.252	  1.69328e+06
614.539	  1.6939e+06
614.826	  1.69452e+06
615.113	  1.69514e+06
615.4	  1.69576e+06
615.687	  1.69637e+06
615.974	  1.69698e+06
616.261	  1.6976e+06
616.548	  1.69821e+06
616.835	  1.69882e+06
617.122	  1.69943e+06
617.409	  1.70004e+06
617.696	  1.70064e+06
617.983	  1.70125e+06
618.27	  1.70185e+06
618.557	  1.70246e+06
618.844	  1.70306e+06
619.131	  1.70366e+06
619.418	  1.70426e+06
619.705	  1.70486e+06
619.992	  1.70545e+06
620.279	  1.70605e+06
620.566	  1.70665e+06
620.853	  1.70724e+06
621.14	  1.70783e+06
621.427	  1.70842e+06
621.714	  1.70901e+06
622.001	  1.7096e+06
622.288	  1.71019e+06
622.575	  1.71078e+06
622.862	  1.71136e+06
623.149	  1.71195e+06
623.436	  1.71253e+06
623.723	  1.71311e+06
624.01	  1.71369e+06
624.297	  1.71427e+06
624.584	  1.71485e+06
624.871	  1.71543e+06
625.158	  1.71601e+06
625.445	  1.71658e+06
625.732	  1.71716e+06
626.019	  1.71773e+06
626.306	  1.7183e+06
626.593	  1.71887e+06
626.88	  1.71944e+06
627.167	  1.72001e+06
627.454	  1.72058e+06
627.741	  1.72114e+06
628.028	  1.72171e+06
628.315	  1.72227e+06
628.602	  1.72283e+06
628.889	  1.72339e+06
629.176	  1.72396e+06
629.463	  1.72451e+06
629.75	  1.72507e+06
630.037	  1.72563e+06
630.324	  1.72618e+06
630.611	  1.72674e+06
630.898	  1.72729e+06
631.185	  1.72784e+06
631.472	  1.7284e+06
631.759	  1.72895e+06
632.046	  1.72949e+06
632.333	  1.73004e+06
632.62	  1.73059e+06
632.907	  1.73113e+06
633.194	  1.73168e+06
633.481	  1.73222e+06
633.768	  1.73276e+06
634.055	  1.7333e+06
634.342	  1.73384e+06
634.629	  1.73438e+06
634.916	  1.73492e+06
635.203	  1.73546e+06
635.49	  1.73599e+06
635.777	  1.73653e+06
636.064	  1.73706e+06
636.351	  1.73759e+06
636.638	  1.73812e+06
636.925	  1.73865e+06
637.212	  1.73918e+06
637.499	  1.73971e+06
637.786	  1.74023e+06
638.073	  1.74076e+06
638.36	  1.74128e+06
638.647	  1.74181e+06
638.934	  1.74233e+06
639.221	  1.74285e+06
639.508	  1.74337e+06
639.795	  1.74389e+06
640.082	  1.7444e+06
640.369	  1.74492e+06
640.656	  1.74544e+06
640.943	  1.74595e+06
641.23	  1.74646e+06
641.517	  1.74697e+06
641.804	  1.74748e+06
642.091	  1.74799e+06
642.378	  1.7485e+06
642.665	  1.74901e+06
642.952	  1.74952e+06
643.239	  1.75002e+06
643.526	  1.75053e+06
643.813	  1.75103e+06
644.1	  1.75153e+06
644.387	  1.75203e+06
644.674	  1.75253e+06
644.961	  1.75303e+06
645.248	  1.75353e+06
645.535	  1.75402e+06
645.822	  1.75452e+06
646.109	  1.75501e+06
646.396	  1.75551e+06
646.683	  1.756e+06
646.97	  1.75649e+06
647.257	  1.75698e+06
647.544	  1.75747e+06
647.831	  1.75796e+06
648.118	  1.75844e+06
648.405	  1.75893e+06
648.692	  1.75941e+06
648.979	  1.7599e+06
649.266	  1.76038e+06
649.553	  1.76086e+06
649.84	  1.76134e+06
650.127	  1.76182e+06
650.414	  1.7623e+06
650.701	  1.76277e+06
650.988	  1.76325e+06
651.275	  1.76372e+06
651.562	  1.7642e+06
651.849	  1.76467e+06
652.136	  1.76514e+06
652.423	  1.76561e+06
652.71	  1.76608e+06
652.997	  1.76655e+06
653.284	  1.76702e+06
653.571	  1.76748e+06
653.858	  1.76795e+06
654.145	  1.76841e+06
654.432	  1.76888e+06
654.719	  1.76934e+06
655.006	  1.7698e+06
655.293	  1.77026e+06
655.58	  1.77072e+06
655.867	  1.77117e+06
656.154	  1.77163e+06
656.441	  1.77209e+06
656.728	  1.77254e+06
657.015	  1.77299e+06
657.302	  1.77345e+06
657.589	  1.7739e+06
657.876	  1.77435e+06
658.163	  1.7748e+06
658.45	  1.77525e+06
658.737	  1.77569e+06
659.024	  1.77614e+06
659.311	  1.77658e+06
659.598	  1.77703e+06
659.885	  1.77747e+06
660.172	  1.77791e+06
660.459	  1.77835e+06
660.746	  1.77879e+06
661.033	  1.77923e+06
661.32	  1.77967e+06
661.607	  1.78011e+06
661.894	  1.78054e+06
662.181	  1.78098e+06
662.468	  1.78141e+06
662.755	  1.78184e+06
663.042	  1.78227e+06
663.329	  1.7827e+06
663.616	  1.78313e+06
663.903	  1.78356e+06
664.19	  1.78399e+06
664.477	  1.78442e+06
664.764	  1.78484e+06
665.051	  1.78526e+06
665.338	  1.78569e+06
665.625	  1.78611e+06
665.912	  1.78653e+06
666.199	  1.78695e+06
666.486	  1.78737e+06
666.773	  1.78779e+06
667.06	  1.78821e+06
667.347	  1.78862e+06
667.634	  1.78904e+06
667.921	  1.78945e+06
668.208	  1.78986e+06
668.495	  1.79028e+06
668.782	  1.79069e+06
669.069	  1.7911e+06
669.356	  1.7915e+06
669.643	  1.79191e+06
669.93	  1.79232e+06
670.217	  1.79273e+06
670.504	  1.79313e+06
670.791	  1.79353e+06
671.078	  1.79394e+06
671.365	  1.79434e+06
671.652	  1.79474e+06
671.939	  1.79514e+06
672.226	  1.79554e+06
672.513	  1.79594e+06
672.8	  1.79633e+06
673.087	  1.79673e+06
673.374	  1.79712e+06
673.661	  1.79752e+06
673.948	  1.79791e+06
674.235	  1.7983e+06
674.522	  1.79869e+06
674.809	  1.79908e+06
675.096	  1.79947e+06
675.383	  1.79986e+06
675.67	  1.80024e+06
675.957	  1.80063e+06
676.244	  1.80102e+06
676.531	  1.8014e+06
676.818	  1.80178e+06
677.105	  1.80216e+06
677.392	  1.80254e+06
677.679	  1.80292e+06
677.966	  1.8033e+06
678.253	  1.80368e+06
678.54	  1.80406e+06
678.827	  1.80443e+06
679.114	  1.80481e+06
679.401	  1.80518e+06
679.688	  1.80556e+06
679.975	  1.80593e+06
680.262	  1.8063e+06
680.549	  1.80667e+06
680.836	  1.80704e+06
681.123	  1.80741e+06
681.41	  1.80777e+06
681.697	  1.80814e+06
681.984	  1.8085e+06
682.271	  1.80887e+06
682.558	  1.80923e+06
682.845	  1.80959e+06
683.132	  1.80995e+06
683.419	  1.81031e+06
683.706	  1.81067e+06
683.993	  1.81103e+06
684.28	  1.81139e+06
684.567	  1.81175e+06
684.854	  1.8121e+06
685.141	  1.81246e+06
685.428	  1.81281e+06
685.715	  1.81316e+06
686.002	  1.81351e+06
686.289	  1.81386e+06
686.576	  1.81421e+06
686.863	  1.81456e+06
687.15	  1.81491e+06
687.437	  1.81526e+06
687.724	  1.8156e+06
688.011	  1.81595e+06
688.298	  1.81629e+06
688.585	  1.81663e+06
688.872	  1.81698e+06
689.159	  1.81732e+06
689.446	  1.81766e+06
689.733	  1.818e+06
690.02	  1.81834e+06
690.307	  1.81867e+06
690.594	  1.81901e+06
690.881	  1.81934e+06
691.168	  1.81968e+06
691.455	  1.82001e+06
691.742	  1.82034e+06
692.029	  1.82068e+06
692.316	  1.82101e+06
692.603	  1.82134e+06
692.89	  1.82167e+06
693.177	  1.82199e+06
693.464	  1.82232e+06
693.751	  1.82265e+06
694.038	  1.82297e+06
694.325	  1.8233e+06
694.612	  1.82362e+06
694.899	  1.82394e+06
695.186	  1.82426e+06
695.473	  1.82458e+06
695.76	  1.8249e+06
696.047	  1.82522e+06
696.334	  1.82554e+06
696.621	  1.82585e+06
696.908	  1.82617e+06
697.195	  1.82649e+06
697.482	  1.8268e+06
697.769	  1.82711e+06
698.056	  1.82742e+06
698.343	  1.82774e+06
698.63	  1.82805e+06
698.917	  1.82836e+06
699.204	  1.82866e+06
699.491	  1.82897e+06
699.778	  1.82928e+06
700.065	  1.82958e+06
700.352	  1.82989e+06
700.639	  1.83019e+06
700.926	  1.83049e+06
701.213	  1.8308e+06
701.5	  1.8311e+06
701.787	  1.8314e+06
702.074	  1.8317e+06
702.361	  1.832e+06
702.648	  1.83229e+06
702.935	  1.83259e+06
703.222	  1.83289e+06
703.509	  1.83318e+06
703.796	  1.83347e+06
704.083	  1.83377e+06
704.37	  1.83406e+06
704.657	  1.83435e+06
704.944	  1.83464e+06
705.231	  1.83493e+06
705.518	  1.83522e+06
705.805	  1.83551e+06
706.092	  1.83579e+06
706.379	  1.83608e+06
706.666	  1.83636e+06
706.953	  1.83665e+06
707.24	  1.83693e+06
707.527	  1.83721e+06
707.814	  1.83749e+06
708.101	  1.83777e+06
708.388	  1.83805e+06
708.675	  1.83833e+06
708.962	  1.83861e+06
709.249	  1.83889e+06
709.536	  1.83916e+06
709.823	  1.83944e+06
710.11	  1.83971e+06
710.397	  1.83999e+06
710.684	  1.84026e+06
710.971	  1.84053e+06
711.258	  1.8408e+06
711.545	  1.84107e+06
711.832	  1.84134e+06
712.119	  1.84161e+06
712.406	  1.84187e+06
712.693	  1.84214e+06
712.98	  1.84241e+06
713.267	  1.84267e+06
713.554	  1.84293e+06
713.841	  1.8432e+06
714.128	  1.84346e+06
714.415	  1.84372e+06
714.702	  1.84398e+06
714.989	  1.84424e+06
715.276	  1.8445e+06
715.563	  1.84476e+06
715.85	  1.84501e+06
716.137	  1.84527e+06
716.424	  1.84552e+06
716.711	  1.84578e+06
716.998	  1.84603e+06
717.285	  1.84628e+06
717.572	  1.84654e+06
717.859	  1.84679e+06
718.146	  1.84704e+06
718.433	  1.84729e+06
718.72	  1.84753e+06
719.007	  1.84778e+06
719.294	  1.84803e+06
719.581	  1.84827e+06
719.868	  1.84852e+06
720.155	  1.84876e+06
720.442	  1.84901e+06
720.729	  1.84925e+06
721.016	  1.84949e+06
721.303	  1.84973e+06
721.59	  1.84997e+06
721.877	  1.85021e+06
722.164	  1.85045e+06
722.451	  1.85068e+06
722.738	  1.85092e+06
723.025	  1.85116e+06
723.312	  1.85139e+06
723.599	  1.85162e+06
723.886	  1.85186e+06
724.173	  1.85209e+06
724.46	  1.85232e+06
724.747	  1.85255e+06
725.034	  1.85278e+06
725.321	  1.85301e+06
725.608	  1.85324e+06
725.895	  1.85347e+06
726.182	  1.85369e+06
726.469	  1.85392e+06
726.756	  1.85414e+06
727.043	  1.85437e+06
727.33	  1.85459e+06
727.617	  1.85481e+06
727.904	  1.85503e+06
728.191	  1.85525e+06
728.478	  1.85547e+06
728.765	  1.85569e+06
729.052	  1.85591e+06
729.339	  1.85613e+06
729.626	  1.85634e+06
729.913	  1.85656e+06
730.2	  1.85677e+06
730.487	  1.85699e+06
730.774	  1.8572e+06
731.061	  1.85741e+06
731.348	  1.85763e+06
731.635	  1.85784e+06
731.922	  1.85805e+06
732.209	  1.85826e+06
732.496	  1.85846e+06
732.783	  1.85867e+06
733.07	  1.85888e+06
733.357	  1.85908e+06
733.644	  1.85929e+06
733.931	  1.85949e+06
734.218	  1.8597e+06
734.505	  1.8599e+06
734.792	  1.8601e+06
735.079	  1.8603e+06
735.366	  1.8605e+06
735.653	  1.8607e+06
735.94	  1.8609e+06
736.227	  1.8611e+06
736.514	  1.8613e+06
736.801	  1.86149e+06
737.088	  1.86169e+06
737.375	  1.86188e+06
737.662	  1.86208e+06
737.949	  1.86227e+06
738.236	  1.86246e+06
738.523	  1.86265e+06
738.81	  1.86284e+06
739.097	  1.86303e+06
739.384	  1.86322e+06
739.671	  1.86341e+06
739.958	  1.8636e+06
740.245	  1.86379e+06
740.532	  1.86397e+06
740.819	  1.86416e+06
741.106	  1.86434e+06
741.393	  1.86453e+06
741.68	  1.86471e+06
741.967	  1.86489e+06
742.254	  1.86507e+06
742.541	  1.86525e+06
742.828	  1.86543e+06
743.115	  1.86561e+06
743.402	  1.86579e+06
743.689	  1.86597e+06
743.976	  1.86614e+06
744.263	  1.86632e+06
744.55	  1.86649e+06
744.837	  1.86667e+06
745.124	  1.86684e+06
745.411	  1.86702e+06
745.698	  1.86719e+06
745.985	  1.86736e+06
746.272	  1.86753e+06
746.559	  1.8677e+06
746.846	  1.86787e+06
747.133	  1.86804e+06
747.42	  1.8682e+06
747.707	  1.86837e+06
747.994	  1.86854e+06
748.281	  1.8687e+06
748.568	  1.86887e+06
748.855	  1.86903e+06
749.142	  1.86919e+06
749.429	  1.86935e+06
749.716	  1.86952e+06
750.003	  1.86968e+06
750.29	  1.86984e+06
750.577	  1.87e+06
750.864	  1.87015e+06
751.151	  1.87031e+06
751.438	  1.87047e+06
751.725	  1.87062e+06
752.012	  1.87078e+06
752.299	  1.87093e+06
752.586	  1.87109e+06
752.873	  1.87124e+06
753.16	  1.87139e+06
753.447	  1.87155e+06
753.734	  1.8717e+06
754.021	  1.87185e+06
754.308	  1.872e+06
754.595	  1.87215e+06
754.882	  1.87229e+06
755.169	  1.87244e+06
755.456	  1.87259e+06
755.743	  1.87273e+06
756.03	  1.87288e+06
756.317	  1.87302e+06
756.604	  1.87317e+06
756.891	  1.87331e+06
757.178	  1.87345e+06
757.465	  1.87359e+06
757.752	  1.87373e+06
758.039	  1.87387e+06
758.326	  1.87401e+06
758.613	  1.87415e+06
758.9	  1.87429e+06
759.187	  1.87442e+06
759.474	  1.87456e+06
759.761	  1.8747e+06
760.048	  1.87483e+06
760.335	  1.87496e+06
760.622	  1.8751e+06
760.909	  1.87523e+06
761.196	  1.87536e+06
761.483	  1.87549e+06
761.77	  1.87562e+06
762.057	  1.87575e+06
762.344	  1.87588e+06
762.631	  1.87601e+06
762.918	  1.87614e+06
763.205	  1.87626e+06
763.492	  1.87639e+06
763.779	  1.87652e+06
764.066	  1.87664e+06
764.353	  1.87677e+06
764.64	  1.87689e+06
764.927	  1.87701e+06
765.214	  1.87713e+06
765.501	  1.87725e+06
765.788	  1.87737e+06
766.075	  1.87749e+06
766.362	  1.87761e+06
766.649	  1.87773e+06
766.936	  1.87785e+06
767.223	  1.87797e+06
767.51	  1.87808e+06
767.797	  1.8782e+06
768.084	  1.87831e+06
768.371	  1.87843e+06
768.658	  1.87854e+06
768.945	  1.87865e+06
769.232	  1.87876e+06
769.519	  1.87888e+06
769.806	  1.87899e+06
770.093	  1.8791e+06
770.38	  1.87921e+06
770.667	  1.87931e+06
770.954	  1.87942e+06
771.241	  1.87953e+06
771.528	  1.87964e+06
771.815	  1.87974e+06
772.102	  1.87985e+06
772.389	  1.87995e+06
772.676	  1.88005e+06
772.963	  1.88016e+06
773.25	  1.88026e+06
773.537	  1.88036e+06
773.824	  1.88046e+06
774.111	  1.88056e+06
774.398	  1.88066e+06
774.685	  1.88076e+06
774.972	  1.88086e+06
775.259	  1.88096e+06
775.546	  1.88105e+06
775.833	  1.88115e+06
776.12	  1.88125e+06
776.407	  1.88134e+06
776.694	  1.88143e+06
776.981	  1.88153e+06
777.268	  1.88162e+06
777.555	  1.88171e+06
777.842	  1.8818e+06
778.129	  1.8819e+06
778.416	  1.88199e+06
778.703	  1.88207e+06
778.99	  1.88216e+06
779.277	  1.88225e+06
779.564	  1.88234e+06
779.851	  1.88243e+06
780.138	  1.88251e+06
780.425	  1.8826e+06
780.712	  1.88268e+06
780.999	  1.88277e+06
781.286	  1.88285e+06
781.573	  1.88293e+06
781.86	  1.88301e+06
782.147	  1.8831e+06
782.434	  1.88318e+06
782.721	  1.88326e+06
783.008	  1.88334e+06
783.295	  1.88342e+06
783.582	  1.88349e+06
783.869	  1.88357e+06
784.156	  1.88365e+06
784.443	  1.88372e+06
784.73	  1.8838e+06
785.017	  1.88387e+06
785.304	  1.88395e+06
785.591	  1.88402e+06
785.878	  1.8841e+06
786.165	  1.88417e+06
786.452	  1.88424e+06
786.739	  1.88431e+06
787.026	  1.88438e+06
787.313	  1.88445e+06
787.6	  1.88452e+06
787.887	  1.88459e+06
788.174	  1.88466e+06
788.461	  1.88472e+06
788.748	  1.88479e+06
789.035	  1.88486e+06
789.322	  1.88492e+06
789.609	  1.88498e+06
789.896	  1.88505e+06
790.183	  1.88511e+06
790.47	  1.88517e+06
790.757	  1.88524e+06
791.044	  1.8853e+06
791.331	  1.88536e+06
791.618	  1.88542e+06
791.905	  1.88548e+06
792.192	  1.88554e+06
792.479	  1.8856e+06
792.766	  1.88565e+06
793.053	  1.88571e+06
793.34	  1.88577e+06
793.627	  1.88582e+06
793.914	  1.88588e+06
794.201	  1.88593e+06
794.488	  1.88599e+06
794.775	  1.88604e+06
795.062	  1.88609e+06
795.349	  1.88614e+06
795.636	  1.88619e+06
795.923	  1.88625e+06
796.21	  1.8863e+06
796.497	  1.88634e+06
796.784	  1.88639e+06
797.071	  1.88644e+06
797.358	  1.88649e+06
797.645	  1.88654e+06
797.932	  1.88658e+06
798.219	  1.88663e+06
798.506	  1.88667e+06
798.793	  1.88672e+06
799.08	  1.88676e+06
799.367	  1.88681e+06
799.654	  1.88685e+06
799.941	  1.88689e+06
800.228	  1.88693e+06
800.515	  1.88697e+06
800.802	  1.88701e+06
801.089	  1.88705e+06
801.376	  1.88709e+06
801.663	  1.88713e+06
801.95	  1.88717e+06
802.237	  1.8872e+06
802.524	  1.88724e+06
802.811	  1.88728e+06
803.098	  1.88731e+06
803.385	  1.88735e+06
803.672	  1.88738e+06
803.959	  1.88741e+06
804.246	  1.88745e+06
804.533	  1.88748e+06
804.82	  1.88751e+06
805.107	  1.88754e+06
805.394	  1.88757e+06
805.681	  1.8876e+06
805.968	  1.88763e+06
806.255	  1.88766e+06
806.542	  1.88769e+06
806.829	  1.88772e+06
807.116	  1.88774e+06
807.403	  1.88777e+06
807.69	  1.8878e+06
807.977	  1.88782e+06
808.264	  1.88785e+06
808.551	  1.88787e+06
808.838	  1.88789e+06
809.125	  1.88792e+06
809.412	  1.88794e+06
809.699	  1.88796e+06
809.986	  1.88798e+06
810.273	  1.888e+06
810.56	  1.88802e+06
810.847	  1.88804e+06
811.134	  1.88806e+06
811.421	  1.88808e+06
811.708	  1.8881e+06
811.995	  1.88811e+06
812.282	  1.88813e+06
812.569	  1.88815e+06
812.856	  1.88816e+06
813.143	  1.88818e+06
813.43	  1.88819e+06
813.717	  1.8882e+06
814.004	  1.88822e+06
814.291	  1.88823e+06
814.578	  1.88824e+06
814.865	  1.88825e+06
815.152	  1.88826e+06
815.439	  1.88827e+06
815.726	  1.88828e+06
816.013	  1.88829e+06
816.3	  1.8883e+06
816.587	  1.88831e+06
816.874	  1.88832e+06
817.161	  1.88832e+06
817.448	  1.88833e+06
817.735	  1.88834e+06
818.022	  1.88834e+06
818.309	  1.88834e+06
818.596	  1.88835e+06
818.883	  1.88835e+06
819.17	  1.88835e+06
819.457	  1.88836e+06
820.002	  1.88836e+06
820.031	  1.88836e+06
820.059	  1.88836e+06
820.088	  1.88836e+06
820.117	  1.88836e+06
820.146	  1.88836e+06
820.174	  1.88836e+06
820.203	  1.88836e+06
820.232	  1.88836e+06
820.26	  1.88836e+06
820.289	  1.88836e+06
820.318	  1.88836e+06
820.346	  1.88836e+06
820.375	  1.88836e+06
820.404	  1.88836e+06
820.433	  1.88836e+06
820.461	  1.88836e+06
820.49	  1.88836e+06
820.519	  1.88836e+06
820.547	  1.88836e+06
820.576	  1.88836e+06
820.605	  1.88836e+06
820.633	  563026
820.662	  563028
820.691	  563030
820.72	  563032
820.748	  563034
820.777	  563036
820.806	  563038
820.834	  563040
820.863	  563042
820.892	  563044
820.92	  563046
820.949	  563048
820.978	  563050
821.007	  563052
821.035	  563053
821.064	  563055
821.093	  563057
821.121	  563059
821.15	  563061
821.179	  563063
821.207	  563065
821.236	  563067
821.265	  563069
821.294	  563071
821.322	  563073
821.351	  563075
821.38	  563076
821.408	  563078
821.437	  563080
821.466	  563082
821.494	  563084
821.523	  563086
821.552	  563088
821.581	  563090
821.609	  563092
821.638	  563094
821.667	  563095
821.695	  563097
821.724	  563099
821.753	  563101
821.781	  563103
821.81	  563105
821.839	  563107
821.868	  563109
821.896	  563110
821.925	  563112
821.954	  563114
821.982	  563116
822.011	  563118
822.011	  563118
822.298	  563137
822.585	  563155
822.872	  563173
823.159	  563191
823.446	  563209
823.733	  563227
824.02	  563245
824.307	  563262
824.594	  563280
824.881	  563297
825.168	  563314
825.455	  563331
825.742	  563348
826.029	  563364
826.316	  563381
826.603	  563397
826.89	  563413
827.177	  563429
827.464	  563445
827.751	  563461
828.038	  563476
828.325	  563491
828.612	  563507
828.899	  563522
829.186	  563537
829.473	  563551
829.76	  563566
830.047	  563580
830.334	  563595
830.621	  563609
830.908	  563623
831.195	  563636
831.482	  563650
831.769	  563664
832.056	  563677
832.343	  563690
832.63	  563703
832.917	  563716
833.204	  563729
833.491	  563742
833.778	  563754
834.065	  563766
834.352	  563779
834.639	  563791
834.926	  563803
835.213	  563814
835.5	  563826
835.787	  563837
836.074	  563849
836.361	  563860
836.648	  563871
836.935	  563882
837.222	  563892
837.509	  563903
837.796	  563913
838.083	  563923
838.37	  563934
838.657	  563943
838.944	  563953
839.231	  563963
839.518	  563972
839.805	  563982
840.092	  563991
840.379	  564000
840.666	  564009
840.953	  564018
841.24	  564027
841.527	  564035
841.814	  564043
842.101	  564052
842.388	  564060
842.675	  564068
842.962	  564075
843.249	  564083
843.536	  564091
843.823	  564098
844.11	  564105
844.397	  564112
844.684	  564119
844.971	  564126
845.258	  564132
845.545	  564139
845.832	  564145
846.119	  564152
846.406	  564158
846.693	  564164
846.98	  564169
847.267	  564175
847.554	  564180
847.841	  564186
848.128	  564191
848.415	  564196
848.702	  564201
848.989	  564206
849.276	  564211
849.563	  564215
849.85	  564219
850.137	  564224
850.424	  564228
850.711	  564232
850.998	  564236
851.285	  564239
851.572	  564243
851.859	  564246
852.146	  564250
852.433	  564253
852.72	  564256
853.007	  564259
853.294	  564261
853.581	  564264
853.868	  564266
854.155	  564269
854.442	  564271
854.729	  564273
855.016	  564275
855.303	  564277
855.59	  564278
855.877	  564280
856.164	  564281
856.451	  564282
856.738	  564283
857.025	  564284
857.312	  564285
857.599	  564286
857.886	  564286
858.173	  564287
858.46	  564287
858.747	  564287
859.034	  564287
859.321	  564287
859.608	  564287
859.895	  564287
860.182	  564286
860.469	  564285
860.756	  564285
861.043	  564284
861.33	  564283
861.617	  564281
861.904	  564280
862.191	  564279
862.478	  564277
862.765	  564275
863.052	  564274
863.339	  564272
863.626	  564270
863.913	  564267
864.2	  564265
864.487	  564262
864.774	  564260
865.061	  564257
865.348	  564254
865.635	  564251
865.922	  564248
866.209	  564245
866.496	  564241
866.783	  564238
867.07	  564234
867.357	  564230
867.644	  564227
867.931	  564222
868.218	  564218
868.505	  564214
868.792	  564210
869.079	  564205
869.366	  564200
869.653	  564196
869.94	  564191
870.227	  564186
870.514	  564180
870.801	  564175
871.088	  564170
871.375	  564164
871.662	  564158
871.949	  564152
872.236	  564147
872.523	  564140
872.81	  564134
873.097	  564128
873.384	  564121
873.671	  564115
873.958	  564108
874.245	  564101
874.532	  564094
874.819	  564087
875.106	  564080
875.393	  564073
875.68	  564065
875.967	  564058
876.254	  564050
876.541	  564042
876.828	  564034
877.115	  564026
877.402	  564018
877.689	  564010
877.976	  564001
878.263	  563993
878.55	  563984
878.837	  563975
879.124	  563966
879.411	  563957
879.698	  563948
879.985	  563939
880.272	  563930
880.559	  563920
880.846	  563910
881.133	  563901
881.42	  563891
881.707	  563881
881.994	  563871
882.281	  563860
882.568	  563850
882.855	  563839
883.142	  563829
883.429	  563818
883.716	  563807
884.003	  563796
884.29	  563785
884.577	  563774
884.864	  563763
885.151	  563751
885.438	  563740
885.725	  563728
886.012	  563716
886.299	  563704
886.586	  563692
886.873	  563680
887.16	  563668
887.447	  563655
887.734	  563643
888.021	  563630
888.308	  563618
888.595	  563605
888.882	  563592
889.169	  563579
889.456	  563565
889.743	  563552
890.03	  563539
890.317	  563525
890.604	  563511
890.891	  563498
891.178	  563484
891.465	  563470
891.752	  563456
892.039	  563441
892.326	  563427
892.613	  563413
892.9	  563398
893.187	  563383
893.474	  563368
893.761	  563354
894.048	  563339
894.335	  563323
894.622	  563308
894.909	  563293
895.196	  563277
895.483	  563262
895.77	  563246
896.057	  563230
896.344	  563214
896.631	  563198
896.918	  563182
897.205	  563166
897.492	  563149
897.779	  563133
898.066	  563116
898.353	  563099
898.64	  563083
898.927	  563066
899.214	  563049
899.501	  563031
899.788	  563014
900.075	  562997
900.362	  562979
900.649	  562962
900.936	  562944
901.223	  562926
901.51	  562908
901.797	  562890
902.084	  562872
902.371	  562854
902.658	  562835
902.945	  562817
903.232	  562798
903.519	  562779
903.806	  562761
904.093	  562742
904.38	  562723
904.667	  562703
904.954	  562684
905.241	  562665
905.528	  562645
905.815	  562626
906.102	  562606
906.389	  562586
906.676	  562566
906.963	  562546
907.25	  562526
907.537	  562506
907.824	  562486
908.111	  562465
908.398	  562445
908.685	  562424
908.972	  562403
909.259	  562383
909.546	  562362
909.833	  562341
910.12	  562319
910.407	  562298
910.694	  562277
910.981	  562255
911.268	  562234
911.555	  562212
911.842	  562190
912.129	  562168
912.416	  562146
912.703	  562124
912.99	  562102
913.277	  562080
913.564	  562057
913.851	  562035
914.138	  562012
914.425	  561989
914.712	  561967
914.999	  561944
915.286	  561921
915.573	  561897
915.86	  561874
916.147	  561851
916.434	  561827
916.721	  561804
917.008	  561780
917.295	  561756
917.582	  561733
917.869	  561709
918.156	  561685
918.443	  561660
918.73	  561636
919.017	  561612
919.304	  561587
919.591	  561563
919.878	  561538
920.165	  561513
920.452	  561488
920.739	  561464
921.026	  561438
921.313	  561413
921.6	  561388
921.887	  561363
922.174	  561337
922.461	  561312
922.748	  561286
923.035	  561260
923.322	  561234
923.609	  561208
923.896	  561182
924.183	  561156
924.47	  561130
924.757	  561104
925.044	  561077
925.331	  561051
925.618	  561024
925.905	  560997
926.192	  560970
926.479	  560943
926.766	  560916
927.053	  560889
927.34	  560862
927.627	  560835
927.914	  560807
928.201	  560780
928.488	  560752
928.775	  560725
929.062	  560697
929.349	  560669
929.636	  560641
929.923	  560613
930.21	  560585
930.497	  560556
930.784	  560528
931.071	  560499
931.358	  560471
931.645	  560442
931.932	  560413
932.219	  560385
932.506	  560356
932.793	  560327
933.08	  560297
933.367	  560268
933.654	  560239
933.941	  560210
934.228	  560180
934.515	  560150
934.802	  560121
935.089	  560091
935.376	  560061
935.663	  560031
935.95	  560001
936.237	  559971
936.524	  559941
936.811	  559910
937.098	  559880
937.385	  559849
937.672	  559819
937.959	  559788
938.246	  559757
938.533	  559726
938.82	  559695
939.107	  559664
939.394	  559633
939.681	  559602
939.968	  559570
940.255	  559539
940.542	  559507
940.829	  559476
941.116	  559444
941.403	  559412
941.69	  559380
941.977	  559348
942.264	  559316
942.551	  559284
942.838	  559252
943.125	  559220
943.412	  559187
943.699	  559155
943.986	  559122
944.273	  559089
944.56	  559057
944.847	  559024
945.134	  558991
945.421	  558958
945.708	  558924
945.995	  558891
946.282	  558858
946.569	  558825
946.856	  558791
947.143	  558757
947.43	  558724
947.717	  558690
948.004	  558656
948.291	  558622
948.578	  558588
948.865	  558554
949.152	  558520
949.439	  558486
949.726	  558451
950.013	  558417
950.3	  558382
950.587	  558348
950.874	  558313
951.161	  558278
951.448	  558243
951.735	  558208
952.022	  558173
952.309	  558138
952.596	  558103
952.883	  558068
953.17	  558032
953.457	  557997
953.744	  557961
954.031	  557925
954.318	  557890
954.605	  557854
954.892	  557818
955.179	  557782
955.466	  557746
955.753	  557710
956.04	  557674
956.327	  557637
956.614	  557601
956.901	  557564
957.188	  557528
957.475	  557491
957.762	  557454
958.049	  557418
958.336	  557381
958.623	  557344
958.91	  557307
959.197	  557269
959.484	  557232
959.771	  557195
960.058	  557157
960.345	  557120
960.632	  557082
960.919	  557045
961.206	  557007
961.493	  556969
961.78	  556931
962.067	  556893
962.354	  556855
962.641	  556817
962.928	  556779
963.215	  556741
963.502	  556702
963.789	  556664
964.076	  556625
964.363	  556587
964.65	  556548
964.937	  556509
965.224	  556470
965.511	  556431
965.798	  556392
966.085	  556353
966.372	  556314
966.659	  556275
966.946	  556236
967.233	  556196
967.52	  556157
967.807	  556117
968.094	  556077
968.381	  556038
968.668	  555998
968.955	  555958
969.242	  555918
969.529	  555878
969.816	  555838
970.103	  555798
970.39	  555757
970.677	  555717
970.964	  555677
971.251	  555636
971.538	  555595
971.825	  555555
972.112	  555514
972.399	  555473
972.686	  555432
972.973	  555391
973.26	  555350
973.547	  555309
973.834	  555268
974.121	  555227
974.408	  555185
974.695	  555144
974.982	  555102
975.269	  555061
975.556	  555019
975.843	  554977
976.13	  554936
976.417	  554894
976.704	  554852
976.991	  554810
977.278	  554768
977.565	  554725
977.852	  554683
978.139	  554641
978.426	  554598
978.713	  554556
979	  554513
979.287	  554471
979.574	  554428
979.861	  554385
980.148	  554342
980.435	  554299
980.722	  554256
981.009	  554213
981.296	  554170
981.583	  554127
981.87	  554084
982.157	  554040
982.444	  553997
982.731	  553953
983.018	  553910
983.305	  553866
983.592	  553822
983.879	  553778
984.166	  553735
984.453	  553691
984.74	  553647
985.027	  553602
985.314	  553558
985.601	  553514
985.888	  553470
986.175	  553425
986.462	  553381
986.749	  553336
987.036	  553292
987.323	  553247
987.61	  553202
987.897	  553158
988.184	  553113
988.471	  553068
988.758	  553023
989.045	  552978
989.332	  552932
989.619	  552887
989.906	  552842
990.193	  552796
990.48	  552751
990.767	  552706
991.054	  552660
991.341	  552614
991.628	  552569
991.915	  552523
992.202	  552477
992.489	  552431
992.776	  552385
993.063	  552339
993.35	  552293
993.637	  552247
993.924	  552200
994.211	  552154
994.498	  552107
994.785	  552061
995.072	  552014
995.359	  551968
995.646	  551921
995.933	  551874
996.22	  551828
996.507	  551781
996.794	  551734
997.081	  551687
997.368	  551640
997.655	  551592
997.942	  551545
998.229	  551498
998.516	  551450
998.803	  551403
999.09	  551356
999.377	  551308
999.664	  551260
999.951	  551213
1000.24	  551165
1000.52	  551117
1000.81	  551069
1001.1	  551021
1001.39	  550973
1001.67	  550925
1001.96	  550877
1002.25	  550829
1002.53	  550780
1002.82	  550732
1003.11	  550684
1003.39	  550635
1003.68	  550586
1003.97	  550538
1004.26	  550489
1004.54	  550440
1004.83	  550392
1005.12	  550343
1005.4	  550294
1005.69	  550245
1005.98	  550196
1006.26	  550147
1006.55	  550097
1006.84	  550048
1007.13	  549999
1007.41	  549949
1007.7	  549900
1007.99	  549850
1008.27	  549801
1008.56	  549751
1008.85	  549701
1009.13	  549652
1009.42	  549602
1009.71	  549552
1010	  549502
1010.28	  549452
1010.57	  549402
1010.86	  549352
1011.14	  549301
1011.43	  549251
1011.72	  549201
1012	  549150
1012.29	  549100
1012.58	  549049
1012.87	  548999
1013.15	  548948
1013.44	  548897
1013.73	  548847
1014.01	  548796
1014.3	  548745
1014.59	  548694
1014.88	  548643
1015.16	  548592
1015.45	  548541
1015.74	  548489
1016.02	  548438
1016.31	  548387
1016.6	  548335
1016.88	  548284
1017.17	  548232
1017.46	  548181
1017.75	  548129
1018.03	  548078
1018.32	  548026
1018.61	  547974
1018.89	  547922
1019.18	  547870
1019.47	  547818
1019.98	  547726
1021.08	  547526
1022.17	  547325
1023.27	  547123
1024.38	  546920
1025.47	  546716
1026.58	  546512
1027.67	  546306
1028.78	  546100
1029.88	  545893
1030.97	  545685
1032.08	  545476
1033.17	  545267
1034.28	  545057
1035.38	  544846
1036.47	  544634
1037.58	  544421
1038.67	  544207
1039.78	  543993
1040.88	  543778
1041.97	  543562
1043.08	  543345
1044.17	  543128
1045.28	  542910
1046.38	  542691
1047.47	  542471
1048.58	  542251
1049.67	  542030
1050.78	  541808
1051.88	  541585
1052.97	  541362
1054.08	  541138
1055.17	  540913
1056.28	  540687
1057.38	  540461
1058.47	  540234
1059.58	  540006
1060.67	  539778
1061.78	  539549
1062.88	  539319
1063.97	  539089
1065.08	  538858
1066.17	  538626
1067.28	  538394
1068.38	  538161
1069.47	  537927
1070.58	  537692
1071.67	  537457
1072.78	  537222
1073.88	  536985
1074.97	  536748
1076.08	  536511
1077.17	  536272
1078.28	  536034
1079.38	  535794
1080.47	  535554
1081.58	  535313
1082.67	  535072
1083.78	  534830
1084.88	  534587
1085.97	  534344
1087.08	  534100
1088.17	  533856
1089.28	  533611
1090.38	  533366
1091.47	  533120
1092.58	  532873
1093.67	  532626
1094.78	  532378
1095.88	  532130
1096.97	  531881
1098.08	  531631
1099.17	  531381
1100.28	  531131
1101.38	  530880
1102.47	  530628
1103.58	  530376
1104.67	  530123
1105.78	  529870
1106.88	  529616
1107.97	  529362
1109.08	  529107
1110.17	  528852
1111.28	  528596
1112.38	  528340
1113.47	  528083
1114.58	  527826
1115.67	  527568
1116.78	  527310
1117.88	  527051
1118.97	  526792
1120.08	  526532
1121.17	  526272
1122.28	  526011
1123.38	  525750
1124.47	  525488
1125.58	  525226
1126.67	  524964
1127.78	  524701
1128.88	  524437
1129.97	  524173
1131.08	  523909
1132.17	  523644
1133.28	  523379
1134.38	  523114
1135.47	  522847
1136.58	  522581
1137.67	  522314
1138.78	  522047
1139.88	  521779
1140.97	  521511
1142.08	  521242
1143.17	  520973
1144.28	  520704
1145.38	  520434
1146.47	  520164
1147.58	  519893
1148.67	  519622
1149.78	  519351
1150.88	  519079
1151.97	  518807
1153.08	  518535
1154.17	  518262
1155.28	  517988
1156.38	  517715
1157.47	  517441
1158.58	  517166
1159.67	  516892
1160.78	  516617
1161.88	  516341
1162.97	  516065
1164.08	  515789
1165.17	  515513
1166.28	  515236
1167.38	  514959
1168.47	  514681
1169.58	  514404
1170.67	  514125
1171.78	  513847
1172.88	  513568
1173.97	  513289
1175.08	  513009
1176.17	  512730
1177.28	  512450
1178.38	  512169
1179.47	  511888
1180.58	  511607
1181.67	  511326
1182.78	  511044
1183.88	  510762
1184.97	  510480
1186.08	  510198
1187.17	  509915
1188.28	  509632
1189.38	  509348
1190.47	  509065
1191.58	  508781
1192.67	  508496
1193.78	  508212
1194.88	  507927
1195.97	  507642
1197.08	  507357
1198.17	  507071
1199.28	  506785
1200.38	  506499
1201.47	  506213
1202.58	  505926
1203.67	  505639
1204.78	  505352
1205.88	  505065
1206.97	  504777
1208.08	  504490
1209.17	  504201
1210.28	  503913
1211.38	  503625
1212.47	  503336
1213.58	  503047
1214.67	  502757
1215.78	  502468
1216.88	  502178
1217.97	  501888
1219.08	  501598
1220.17	  501308
1221.28	  501017
1222.38	  500726
1223.47	  500435
1224.58	  500144
1225.67	  499853
1226.78	  499561
1227.88	  499269
1228.97	  498977
1230.08	  498685
1231.17	  498393
1232.28	  498100
1233.38	  497807
1234.47	  497514
1235.58	  497221
1236.67	  496928
1237.78	  496634
1238.88	  496341
1239.97	  496047
1241.08	  495753
1242.17	  495458
1243.28	  495164
1244.38	  494869
1245.47	  494575
1246.58	  494280
1247.67	  493985
1248.78	  493689
1249.88	  493394
1250.97	  493098
1252.08	  492803
1253.17	  492507
1254.28	  492211
1255.38	  491915
1256.47	  491618
1257.58	  491322
1258.67	  491025
1259.78	  490729
1260.88	  490432
1261.97	  490135
1263.08	  489838
1264.17	  489540
1265.28	  489243
1266.38	  488945
1267.47	  488648
1268.58	  488350
1269.67	  488052
1270.78	  487754
1271.88	  487456
1272.97	  487157
1274.08	  486859
1275.17	  486561
1276.28	  486262
1277.38	  485963
1278.47	  485664
1279.58	  485365
1280.67	  485066
1281.78	  484767
1282.88	  484468
1283.97	  484168
1285.08	  483869
1286.17	  483569
1287.28	  483270
1288.38	  482970
1289.47	  482670
1290.58	  482370
1291.67	  482070
1292.78	  481770
1293.88	  481470
1294.97	  481169
1296.08	  480869
1297.17	  480568
1298.28	  480268
1299.38	  479967
1300.47	  479667
1301.58	  479366
1302.67	  479065
1303.78	  478764
1304.88	  478463
1305.97	  478162
1307.08	  477861
1308.17	  477560
1309.28	  477258
1310.38	  476957
1311.47	  476656
1312.58	  476354
1313.67	  476053
1314.78	  475751
1315.88	  475449
1316.97	  475148
1318.08	  474846
1319.17	  474544
1320.28	  474242
1321.38	  473941
1322.47	  473639
1323.58	  473337
1324.67	  473035
1325.78	  472733
1326.88	  472430
1327.97	  472128
1329.08	  471826
1330.17	  471524
1331.28	  471222
1332.38	  470919
1333.47	  470617
1334.58	  470315
1335.67	  470012
1336.78	  469710
1337.88	  469408
1338.97	  469105
1340.08	  468803
1341.17	  468500
1342.28	  468198
1343.38	  467895
1344.47	  467592
1345.58	  467290
1346.67	  466987
1347.78	  466685
1348.88	  466382
1349.97	  466079
1351.08	  465777
1352.17	  465474
1353.28	  465171
1354.38	  464869
1355.47	  464566
1356.58	  464263
1357.67	  463960
1358.78	  463658
1359.88	  463355
1360.97	  463052
1362.08	  462750
1363.17	  462447
1364.28	  462144
1365.38	  461841
1366.47	  461539
1367.58	  461236
1368.67	  460933
1369.78	  460631
1370.88	  460328
1371.97	  460025
1373.08	  459723
1374.17	  459420
1375.28	  459117
1376.38	  458815
1377.47	  458512
1378.58	  458210
1379.67	  457907
1380.78	  457604
1381.88	  457302
1382.97	  456999
1384.08	  456697
1385.17	  456395
1386.28	  456092
1387.38	  455790
1388.47	  455487
1389.58	  455185
1390.67	  454883
1391.78	  454580
1392.88	  454278
1393.97	  453976
1395.08	  453674
1396.17	  453371
1397.28	  453069
1398.38	  452767
1399.47	  452465
1400.58	  452163
1401.67	  451861
1402.78	  451559
1403.88	  451257
1404.97	  450955
1406.08	  450654
1407.17	  450352
1408.28	  450050
1409.38	  449748
1410.47	  449447
1411.58	  449145
1412.67	  448844
1413.78	  448542
1414.88	  448241
1415.97	  447939
1417.08	  447638
1418.17	  447337
1419.28	  447035
1420.38	  446734
1421.47	  446433
1422.58	  446132
1423.67	  445831
1424.78	  445530
1425.88	  445229
1426.97	  444928
1428.08	  444628
1429.17	  444327
1430.28	  444026
1431.38	  443726
1432.47	  443425
1433.58	  443125
1434.67	  442824
1435.78	  442524
1436.88	  442224
1437.97	  441923
1439.08	  441623
1440.17	  441323
1441.28	  441023
1442.38	  440723
1443.47	  440424
1444.58	  440124
1445.67	  439824
1446.78	  439524
1447.88	  439225
1448.97	  438925
1450.08	  438626
1451.17	  438327
1452.28	  438028
1453.38	  437728
1454.47	  437429
1455.58	  437130
1456.67	  436831
1457.78	  436533
1458.88	  258827
1459.97	  258663
1461.08	  258499
1462.17	  258336
1463.28	  258172
1464.38	  258008
1465.47	  257845
1466.58	  257681
1467.67	  257518
1468.78	  257354
1469.88	  257191
1470.97	  257027
1472.08	  256864
1473.17	  256701
1474.28	  256537
1475.38	  256374
1476.47	  256211
1477.58	  256048
1478.67	  255885
1479.78	  255722
1480.88	  255559
1481.97	  255396
1483.08	  255233
1484.17	  255070
1485.28	  254907
1486.38	  254745
1487.47	  254582
1488.58	  254419
1489.67	  254257
1490.78	  254094
1491.88	  253932
1492.97	  253769
1494.08	  253607
1495.17	  253444
1496.28	  253282
1497.38	  253120
1498.47	  252958
1499.58	  252796
1500.67	  252633
1501.78	  252471
1502.88	  252309
1503.97	  252148
1505.08	  251986
1506.17	  251824
1507.28	  251662
1508.38	  251500
1509.47	  251339
1510.58	  251177
1511.67	  251016
1512.78	  250854
1513.88	  250693
1514.97	  250531
1516.08	  250370
1517.17	  250209
1518.28	  250048
1519.38	  249887
1520.47	  249725
1521.58	  249564
1522.67	  249403
1523.78	  249243
1524.88	  249082
1525.97	  248921
1527.08	  248760
1528.17	  248600
1529.28	  248439
1530.38	  248278
1531.47	  248118
1532.58	  247958
1533.67	  247797
1534.78	  247637
1535.88	  247477
1536.97	  247317
1538.08	  247157
1539.17	  246996
1540.28	  246837
1541.38	  246677
1542.47	  246517
1543.58	  246357
1544.67	  246197
1545.78	  246038
1546.88	  245878
1547.97	  245719
1549.08	  245559
1550.17	  245400
1551.28	  245241
1552.38	  245081
1553.47	  244922
1554.58	  244763
1555.67	  244604
1556.78	  244445
1557.88	  244286
1558.97	  244127
1560.08	  243969
1561.17	  243810
1562.28	  243651
1563.38	  243493
1564.47	  243334
1565.58	  243176
1566.67	  243017
1567.78	  242859
1568.88	  242701
1569.97	  242543
1571.08	  242385
1572.17	  242227
1573.28	  242069
1574.38	  241911
1575.47	  241753
1576.58	  241596
1577.67	  241438
1578.78	  241280
1579.88	  241123
1580.97	  240966
1582.08	  240808
1583.17	  240651
1584.28	  240494
1585.38	  240337
1586.47	  240180
1587.58	  240023
1588.67	  239866
1589.78	  239709
1590.88	  239552
1591.97	  239396
1593.08	  239239
1594.17	  239083
1595.28	  238926
1596.38	  238770
1597.47	  238614
1598.58	  238458
1599.67	  238301
1600.78	  238145
1601.88	  237989
1602.97	  237834
1604.08	  237678
1605.17	  237522
1606.28	  237366
1607.38	  237211
1608.47	  237055
1609.58	  236900
1610.67	  236745
1611.78	  236590
1612.88	  236434
1613.97	  236279
1615.08	  236124
1616.17	  235969
1617.28	  235815
1618.38	  235660
1619.47	  235505
1620.58	  235351
1621.67	  235196
1622.78	  235042
1623.88	  234888
1624.97	  234733
1626.08	  234579
1627.17	  234425
1628.28	  234271
1629.38	  234117
1630.47	  233964
1631.58	  233810
1632.67	  233656
1633.78	  233503
1634.88	  233349
1635.97	  233196
1637.08	  233043
1638.17	  232890
1639.28	  232737
1640.38	  232584
1641.47	  232431
1642.58	  232278
1643.67	  232126
1644.78	  231973
1645.88	  231821
1646.97	  231669
1648.08	  231516
1649.17	  231364
1650.28	  231212
1651.38	  231060
1652.47	  230908
1653.58	  230756
1654.67	  230604
1655.78	  230453
1656.88	  230301
1657.97	  230149
1659.08	  229998
1660.17	  229846
1661.28	  229695
1662.38	  229544
1663.47	  229393
1664.58	  229241
1665.67	  229090
1666.78	  228939
1667.88	  228789
1668.97	  228638
1670.08	  228487
1671.17	  228336
1672.28	  228186
1673.38	  228035
1674.47	  227885
1675.58	  227735
1676.67	  227584
1677.78	  227434
1678.88	  227284
1679.97	  227134
1681.08	  226984
1682.17	  226834
1683.28	  226685
1684.38	  226535
1685.47	  226385
1686.58	  226236
1687.67	  226086
1688.78	  225937
1689.88	  225788
1690.97	  225639
1692.08	  225489
1693.17	  225340
1694.28	  225191
1695.38	  225043
1696.47	  224894
1697.58	  224745
1698.67	  224596
1699.78	  224448
1700.88	  224299
1701.97	  224151
1703.08	  224003
1704.17	  223854
1705.28	  223706
1706.38	  223558
1707.47	  223410
1708.58	  223262
1709.67	  223115
1710.78	  222967
1711.88	  222819
1712.97	  222672
1714.08	  222524
1715.17	  222377
1716.28	  222229
1717.38	  222082
1718.47	  221935
1719.58	  221788
1720.67	  221641
1721.78	  221494
1722.88	  221347
1723.97	  221201
1725.08	  221054
1726.17	  220907
1727.28	  220761
1728.38	  220614
1729.47	  220468
1730.58	  220322
1731.67	  220176
1732.78	  220030
1733.88	  219884
1734.97	  219738
1736.08	  219592
1737.17	  219446
1738.28	  219301
1739.38	  219155
1740.47	  219010
1741.58	  218864
1742.67	  218719
1743.78	  218574
1744.88	  218429
1745.97	  218284
1747.08	  218139
1748.17	  217994
1749.28	  217849
1750.38	  217705
1751.47	  217560
1752.58	  217415
1753.67	  217271
1754.78	  217127
1755.88	  216982
1756.97	  216838
1758.08	  216694
1759.17	  216550
1760.28	  216406
1761.38	  216262
1762.47	  216119
1763.58	  215975
1764.67	  215831
1765.78	  215688
1766.88	  215545
1767.97	  215401
1769.08	  215258
1770.17	  215115
1771.28	  214972
1772.38	  214829
1773.47	  214686
1774.58	  214543
1775.67	  214401
1776.78	  214258
1777.88	  214115
1778.97	  213973
1780.08	  213831
1781.17	  213688
1782.28	  213546
1783.38	  213404
1784.47	  213262
1785.58	  213120
1786.67	  212978
1787.78	  212837
1788.88	  212695
1789.97	  212554
1791.08	  212412
1792.17	  212271
1793.28	  212129
1794.38	  211988
1795.47	  211847
1796.58	  211706
1797.67	  211565
1798.78	  211424
1799.88	  211284
1800.97	  211143
1802.08	  211002
1803.17	  210862
1804.28	  210721
1805.38	  210581
1806.47	  210441
1807.58	  210301
1808.67	  210161
1809.78	  210021
1810.88	  209881
1811.97	  209741
1813.08	  209601
1814.17	  209462
1815.28	  209322
1816.38	  209183
1817.47	  209043
1818.58	  208904
1819.67	  208765
1820.78	  208626
1821.88	  208487
1822.97	  208348
1824.08	  208209
1825.17	  208071
1826.28	  207932
1827.38	  207793
1828.47	  207655
1829.58	  207517
1830.67	  207378
1831.78	  207240
1832.88	  207102
1833.97	  206964
1835.08	  206826
1836.17	  206688
1837.28	  206551
1838.38	  206413
1839.47	  206275
1840.58	  206138
1841.67	  206001
1842.78	  205863
1843.88	  205726
1844.97	  205589
1846.08	  205452
1847.17	  205315
1848.28	  205178
1849.38	  205042
1850.47	  204905
1851.58	  204768
1852.67	  204632
1853.78	  204495
1854.88	  204359
1855.97	  204223
1857.08	  204087
1858.17	  203951
1859.28	  203815
1860.38	  203679
1861.47	  203543
1862.58	  203408
1863.67	  203272
1864.78	  203137
1865.88	  203001
1866.97	  202866
1868.08	  202731
1869.17	  202596
1870.28	  202461
1871.38	  202326
1872.47	  202191
1873.58	  202056
1874.67	  201921
1875.78	  201787
1876.88	  201652
1877.97	  201518
1879.08	  201383
1880.17	  201249
1881.28	  201115
1882.38	  200981
1883.47	  200847
1884.58	  200713
1885.67	  200580
1886.78	  200446
1887.88	  200312
1888.97	  200179
1890.08	  200045
1891.17	  199912
1892.28	  199779
1893.38	  199646
1894.47	  199513
1895.58	  199380
1896.67	  199247
1897.78	  199114
1898.88	  198981
1899.97	  198849
1901.08	  198716
1902.17	  198584
1903.28	  198451
1904.38	  198319
1905.47	  198187
1906.58	  198055
1907.67	  197923
1908.78	  197791
1909.88	  197659
1910.97	  197528
1912.08	  197396
1913.17	  197265
1914.28	  197133
1915.38	  197002
1916.47	  196871
1917.58	  196739
1918.67	  196608
1919.78	  196477
1920.88	  196347
1921.97	  196216
1923.08	  196085
1924.17	  195954
1925.28	  195824
1926.38	  195693
1927.47	  195563
1928.58	  195433
1929.67	  195303
1930.78	  195173
1931.88	  195043
1932.97	  194913
1934.08	  194783
1935.17	  194653
1936.28	  194524
1937.38	  194394
1938.47	  194265
1939.58	  194135
1940.67	  194006
1941.78	  193877
1942.88	  193748
1943.97	  193619
1945.08	  193490
1946.17	  193361
1947.28	  193232
1948.38	  193104
1949.47	  192975
1950.58	  192847
1951.67	  192718
1952.78	  192590
1953.88	  192462
1954.97	  192334
1956.08	  192206
1957.17	  192078
1958.28	  191950
1959.38	  191822
1960.47	  191695
1961.58	  191567
1962.67	  191440
1963.78	  191312
1964.88	  191185
1965.97	  191058
1967.08	  190931
1968.17	  190804
1969.28	  190677
1970.38	  190550
1971.47	  190423
1972.58	  190297
1973.67	  190170
1974.78	  190044
1975.88	  189917
1976.97	  189791
1978.08	  189665
1979.17	  189539
1980.28	  189413
1981.38	  189287
1982.47	  189161
1983.58	  189035
1984.67	  188909
1985.78	  188784
1986.88	  188658
1987.97	  188533
1989.08	  188408
1990.17	  188282
1991.28	  188157
1992.38	  188032
1993.47	  187907
1994.58	  187782
1995.67	  187658
1996.78	  187533
1997.88	  187408
1998.97	  187284
2000.08	  187159
2001.17	  187035
2002.28	  186911
2003.38	  186787
2004.47	  186663
2005.58	  186539
2006.67	  186415
2007.78	  186291
2008.88	  186167
2009.97	  186044
2011.08	  185920
2012.17	  185797
2013.28	  185673
2014.38	  185550
2015.47	  185427
2016.58	  185304
2017.67	  185181
2018.78	  185058
2019.88	  184935
2020.97	  184812
2022.08	  184690
2023.18	  184567
2024.28	  184445
2025.38	  184322
2026.47	  184200
2027.58	  184078
2028.68	  183956
2029.78	  183834
2030.88	  183712
2031.97	  183590
2033.08	  183468
2034.18	  183346
2035.28	  183225
2036.38	  183103
2037.47	  182982
2038.58	  182861
2039.68	  182739
2040.78	  182618
2041.88	  182497
2042.97	  182376
2044.08	  182255
2045.18	  182134
2046.28	  182014
2047.38	  181893
2048.47	  181773
2049.57	  181652
2050.68	  181532
2051.78	  181412
2052.88	  181291
2053.97	  181171
2055.07	  181051
2056.18	  180931
2057.28	  180812
2058.38	  180692
2059.47	  180572
2060.57	  180453
2061.68	  180333
2062.78	  180214
2063.88	  180094
2064.97	  179975
2066.07	  179856
2067.18	  179737
2068.28	  179618
2069.38	  179499
2070.47	  179380
2071.57	  179262
2072.68	  179143
2073.78	  179025
2074.88	  178906
2075.97	  178788
2077.07	  178670
2078.18	  178551
2079.28	  178433
2080.38	  178315
2081.47	  178197
2082.57	  178080
2083.68	  177962
2084.78	  177844
2085.88	  177727
2086.97	  177609
2088.07	  177492
2089.18	  177374
2090.28	  177257
2091.38	  177140
2092.47	  177023
2093.57	  176906
2094.68	  176789
2095.78	  176672
2096.88	  176556
2097.97	  176439
2099.07	  176323
2100.18	  176206
2101.28	  176090
2102.38	  175973
2103.47	  175857
2104.57	  175741
2105.68	  175625
2106.78	  175509
2107.88	  175393
2108.97	  175278
2110.07	  175162
2111.18	  175046
2112.28	  174931
2113.38	  174815
2114.47	  174700
2115.57	  174585
2116.68	  174470
2117.78	  174355
2118.88	  174240
2119.97	  174125
2121.07	  174010
2122.18	  173895
2123.28	  173781
2124.38	  173666
2125.47	  173551
2126.57	  173437
2127.68	  173323
2128.78	  173209
2129.88	  173094
2130.97	  172980
2132.07	  172866
2133.18	  172752
2134.28	  172639
2135.38	  172525
2136.47	  172411
2137.57	  172298
2138.68	  172184
2139.78	  172071
2140.88	  171958
2141.97	  171844
2143.07	  171731
2144.18	  171618
2145.28	  171505
2146.38	  171392
2147.47	  171280
2148.57	  171167
2149.68	  171054
2150.78	  170942
2151.88	  170829
2152.97	  170717
2154.07	  170605
2155.18	  170493
2156.28	  170380
2157.38	  170268
2158.47	  170156
2159.57	  170045
2160.68	  169933
2161.78	  169821
2162.88	  169709
2163.97	  169598
2165.07	  169486
2166.18	  169375
2167.28	  169264
2168.38	  169153
2169.47	  169042
2170.57	  168931
2171.68	  168820
2172.78	  168709
2173.88	  168598
2174.97	  168487
2176.07	  168377
2177.18	  168266
2178.28	  168156
2179.38	  168045
2180.47	  167935
2181.57	  167825
2182.68	  167715
2183.78	  167605
2184.88	  167495
2185.97	  167385
2187.07	  167275
2188.18	  167165
2189.28	  167056
2190.38	  166946
2191.47	  166837
2192.57	  166727
2193.68	  166618
2194.78	  166509
2195.88	  166400
2196.97	  166291
2198.07	  166182
2199.18	  166073
2200.28	  165964
2201.38	  165855
2202.47	  165747
2203.57	  165638
2204.68	  165530
2205.78	  165421
2206.88	  165313
2207.97	  165205
2209.07	  165096
2210.18	  164988
2211.28	  164880
2212.38	  164772
2213.47	  164665
2214.57	  164557
2215.68	  164449
2216.78	  164342
2217.88	  164234
2218.97	  164127
2220.07	  164019
2221.18	  163912
2222.28	  163805
2223.38	  163698
2224.47	  163591
2225.57	  163484
2226.68	  163377
2227.78	  163270
2228.88	  163164
2229.97	  163057
2231.07	  162950
2232.18	  162844
2233.28	  162738
2234.38	  162631
2235.47	  162525
2236.57	  162419
2237.68	  162313
2238.78	  162207
2239.88	  162101
2240.97	  161995
2242.07	  161890
2243.18	  161784
2244.28	  161678
2245.38	  161573
2246.47	  161467
2247.57	  161362
2248.68	  161257
2249.78	  161152
2250.88	  161047
2251.97	  160942
2253.07	  160837
2254.18	  160732
2255.28	  160627
2256.38	  160522
2257.47	  160418
2258.57	  160313
2259.68	  160209
2260.78	  160104
2261.88	  160000
2262.97	  159896
2264.07	  159792
2265.18	  159688
2266.28	  159584
2267.38	  159480
2268.47	  159376
2269.57	  159272
2270.68	  159168
2271.78	  159065
2272.88	  158961
2273.97	  158858
2275.07	  158755
2276.18	  158651
2277.28	  158548
2278.38	  158445
2279.47	  158342
2280.57	  122186
2281.68	  122110
2282.78	  122034
2283.88	  121957
2284.97	  121881
2286.07	  121805
2287.18	  121729
2288.28	  121653
2289.38	  121577
2290.47	  121502
2291.57	  121426
2292.68	  121350
2293.78	  121274
2294.88	  121199
2295.97	  121123
2297.07	  121048
2298.18	  120972
2299.28	  120897
2300.38	  120822
2301.47	  120746
2302.57	  120671
2303.68	  120596
2304.78	  120521
2305.88	  120446
2306.97	  120371
2308.07	  120296
2309.18	  120221
2310.28	  120146
2311.38	  120071
2312.47	  119997
2313.57	  119922
2314.68	  119847
2315.78	  119773
2316.88	  119698
2317.97	  119624
2319.07	  119549
2320.18	  119475
2321.28	  119401
2322.38	  119327
2323.47	  119252
2324.57	  119178
2325.68	  119104
2326.78	  119030
2327.88	  118956
2328.97	  118882
2330.07	  118809
2331.18	  118735
2332.28	  118661
2333.38	  118587
2334.47	  118514
2335.57	  118440
2336.68	  118367
2337.78	  118293
2338.88	  118220
2339.97	  118147
2341.07	  118073
2342.18	  118000
2343.28	  117927
2344.38	  117854
2345.47	  117781
2346.57	  117708
2347.68	  117635
2348.78	  117562
2349.88	  117489
2350.97	  117416
2352.07	  117344
2353.18	  117271
2354.28	  117198
2355.38	  117126
2356.47	  117053
2357.57	  116981
2358.68	  116908
2359.78	  116836
2360.88	  116764
2361.97	  116691
2363.07	  116619
2364.18	  116547
2365.28	  116475
2366.38	  116403
2367.47	  116331
2368.57	  116259
2369.68	  116187
2370.78	  116115
2371.88	  116044
2372.97	  115972
2374.07	  115900
2375.18	  115829
2376.28	  115757
2377.38	  115686
2378.47	  115614
2379.57	  115543
2380.68	  115471
2381.78	  115400
2382.88	  115329
2383.97	  115258
2385.07	  115187
2386.18	  115115
2387.28	  115044
2388.38	  114974
2389.47	  114903
2390.57	  114832
2391.68	  114761
2392.78	  114690
2393.88	  114619
2394.97	  114549
2396.07	  114478
2397.18	  114408
2398.28	  114337
2399.38	  114267
2400.47	  114196
2401.57	  114126
2402.68	  114056
2403.78	  113986
2404.88	  113915
2405.97	  113845
2407.07	  113775
2408.18	  113705
2409.28	  113635
2410.38	  113565
2411.47	  113495
2412.57	  113426
2413.68	  113356
2414.78	  113286
2415.88	  113217
2416.97	  113147
2418.07	  113077
2419.18	  113008
2420.28	  112938
2421.38	  112869
2422.47	  112800
2423.57	  112730
2424.68	  112661
2425.78	  112592
2426.88	  112523
2427.97	  112454
2429.07	  112385
2430.18	  112316
2431.28	  112247
2432.38	  112178
2433.47	  112109
2434.57	  112040
2435.68	  111972
2436.78	  111903
2437.88	  111834
2438.97	  111766
2440.07	  111697
2441.18	  111629
2442.28	  111560
2443.38	  111492
2444.47	  111424
2445.57	  111356
2446.68	  111287
2447.78	  111219
2448.88	  111151
2449.97	  111083
2451.07	  111015
2452.18	  110947
2453.28	  110879
2454.38	  110811
2455.47	  110743
2456.57	  110676
2457.68	  110608
2458.78	  110540
2459.88	  110473
2460.97	  110405
2462.07	  110338
2463.18	  110270
2464.28	  110203
2465.38	  110136
2466.47	  110068
2467.57	  110001
2468.68	  109934
2469.78	  109867
2470.88	  109800
2471.97	  109733
2473.07	  109666
2474.18	  109599
2475.28	  109532
2476.38	  109465
2477.47	  109398
