Emission arising from a slab of Hydrogen (both H and H-).
   
Parameters of the slab:
n_e = 1e+16 cm-3
T_e = 8500 K
tau(lambda=300 nm) = 0.01
L = 55.5981 cm
   
Wavelength (nm), Emission (erg s-1 cm-2 nm-1 sr-1)
50	  0.763036
91.2	  53.4898
120	  2592.78
150	  187150
175	  546120
200	  1.24037e+06
225	  2.14215e+06
250	  3.21255e+06
270	  4.12706e+06
290	  5.04422e+06
300	  5.49191e+06
305	  5.71132e+06
310	  5.92722e+06
315	  6.13925e+06
320	  6.34707e+06
322.5	  6.44932e+06
325	  6.5504e+06
327	  6.63041e+06
329	  6.70965e+06
329.999	  6.74893e+06
330.266	  6.7594e+06
330.533	  6.76985e+06
330.8	  6.78029e+06
331.067	  6.79071e+06
331.334	  6.80112e+06
331.601	  6.81151e+06
331.868	  6.82189e+06
332.135	  6.83226e+06
332.402	  6.84261e+06
332.669	  6.85294e+06
332.936	  6.86327e+06
333.203	  6.87357e+06
333.47	  6.88387e+06
333.737	  6.89414e+06
334.004	  6.90441e+06
334.271	  6.91466e+06
334.538	  6.92489e+06
334.805	  6.93511e+06
335.072	  6.94531e+06
335.339	  6.9555e+06
335.606	  6.96568e+06
335.873	  6.97584e+06
336.14	  6.98598e+06
336.407	  6.99611e+06
336.674	  7.00623e+06
336.941	  7.01633e+06
337.208	  7.02641e+06
337.475	  7.03648e+06
337.742	  7.04654e+06
338.009	  7.05658e+06
338.276	  7.0666e+06
338.543	  7.07662e+06
338.81	  7.08661e+06
339.077	  7.09659e+06
339.344	  7.10655e+06
339.611	  7.1165e+06
339.878	  7.12644e+06
340.145	  7.13636e+06
340.412	  7.14626e+06
340.679	  7.15615e+06
340.946	  7.16602e+06
341.213	  7.17588e+06
341.48	  7.18572e+06
341.747	  7.19555e+06
342.014	  7.20536e+06
342.281	  7.21516e+06
342.548	  7.22494e+06
342.815	  7.2347e+06
343.082	  7.24445e+06
343.349	  7.25419e+06
343.616	  7.26391e+06
343.883	  7.27361e+06
344.15	  7.2833e+06
344.417	  7.29297e+06
344.684	  7.30263e+06
344.951	  7.31227e+06
345.218	  7.32189e+06
345.485	  7.3315e+06
345.752	  7.3411e+06
346.019	  7.35068e+06
346.286	  7.36024e+06
346.553	  7.36978e+06
346.82	  7.37932e+06
347.087	  7.38883e+06
347.354	  7.39833e+06
347.621	  7.40781e+06
347.888	  7.41728e+06
348.155	  7.42673e+06
348.422	  7.43617e+06
348.689	  7.44559e+06
348.956	  7.45499e+06
349.223	  7.46438e+06
349.49	  7.47376e+06
349.757	  7.48311e+06
350.024	  7.49245e+06
350.291	  7.50178e+06
350.558	  7.51109e+06
350.825	  7.52038e+06
351.092	  7.52966e+06
351.359	  7.53892e+06
351.626	  7.54816e+06
351.893	  7.55739e+06
352.16	  7.5666e+06
352.427	  7.5758e+06
352.694	  7.58498e+06
352.961	  7.59414e+06
353.228	  7.60329e+06
353.495	  7.61242e+06
353.762	  7.62154e+06
354.029	  7.63064e+06
354.296	  7.63972e+06
354.563	  7.64879e+06
354.83	  7.65784e+06
355.097	  7.66687e+06
355.364	  7.67589e+06
355.631	  7.68489e+06
355.898	  7.69388e+06
356.165	  7.70285e+06
356.432	  7.7118e+06
356.699	  7.72074e+06
356.966	  7.72966e+06
357.233	  7.73856e+06
357.5	  7.74745e+06
357.767	  7.75632e+06
358.034	  7.76518e+06
358.301	  7.77402e+06
358.568	  7.78284e+06
358.835	  7.79165e+06
359.102	  7.80044e+06
359.369	  7.80921e+06
359.636	  7.81797e+06
359.903	  7.82671e+06
360.17	  7.83543e+06
360.437	  7.84414e+06
360.704	  7.85283e+06
360.971	  7.86151e+06
361.238	  7.87017e+06
361.505	  7.87881e+06
361.772	  7.88743e+06
362.039	  7.89604e+06
362.306	  7.90464e+06
362.573	  7.91321e+06
363	  7.9269e+06
363.027	  7.92775e+06
363.054	  7.92861e+06
363.08	  7.92946e+06
363.107	  7.93031e+06
363.134	  7.93117e+06
363.16	  7.93202e+06
363.187	  7.93287e+06
363.214	  7.93373e+06
363.24	  7.93458e+06
363.267	  7.93543e+06
363.294	  7.93628e+06
363.321	  7.93714e+06
363.347	  7.93799e+06
363.374	  7.93884e+06
363.401	  7.93969e+06
363.427	  7.94054e+06
363.454	  7.9414e+06
363.481	  7.94225e+06
363.508	  7.9431e+06
363.534	  7.94395e+06
363.561	  7.9448e+06
363.588	  7.94565e+06
363.614	  7.9465e+06
363.641	  7.94735e+06
363.668	  7.9482e+06
363.694	  7.94905e+06
363.721	  7.9499e+06
363.748	  7.95075e+06
363.774	  7.9516e+06
363.801	  7.95245e+06
363.828	  7.9533e+06
363.855	  7.95415e+06
363.881	  7.955e+06
363.908	  7.95584e+06
363.935	  7.95669e+06
363.961	  7.95754e+06
363.988	  7.95839e+06
364.015	  7.95924e+06
364.041	  7.96009e+06
364.068	  7.96093e+06
364.095	  7.96178e+06
364.122	  7.96263e+06
364.148	  7.96347e+06
364.175	  7.96432e+06
364.202	  7.96517e+06
364.228	  7.96601e+06
364.255	  7.96686e+06
364.282	  7.96771e+06
364.308	  7.96855e+06
364.335	  7.9694e+06
364.362	  7.97025e+06
364.389	  7.97109e+06
364.415	  7.97194e+06
364.442	  7.97278e+06
364.469	  7.97363e+06
364.495	  7.97447e+06
364.522	  7.97625e+06
364.549	  7.9771e+06
364.575	  7.97794e+06
364.602	  7.97878e+06
364.629	  7.97962e+06
364.656	  7.98046e+06
364.682	  7.9813e+06
364.709	  7.98214e+06
364.736	  5.10176e+06
364.762	  5.1021e+06
364.789	  5.10244e+06
364.816	  5.10278e+06
364.842	  5.10312e+06
364.869	  5.10346e+06
364.896	  5.1038e+06
364.923	  5.10414e+06
364.949	  5.10447e+06
364.976	  5.10481e+06
365.003	  5.10515e+06
365.029	  5.10549e+06
365.056	  5.10583e+06
365.083	  5.10617e+06
365.11	  5.1065e+06
365.136	  5.10684e+06
365.163	  5.10718e+06
365.19	  5.10752e+06
365.216	  5.10786e+06
365.243	  5.10819e+06
365.27	  5.10853e+06
365.296	  5.10887e+06
365.323	  5.1092e+06
365.35	  5.10954e+06
365.377	  5.10988e+06
365.403	  5.11021e+06
365.43	  5.11055e+06
365.457	  5.11089e+06
365.483	  5.11122e+06
365.51	  5.11156e+06
365.537	  5.1119e+06
365.563	  5.11223e+06
365.59	  5.11257e+06
365.617	  5.1129e+06
365.643	  5.11324e+06
365.67	  5.11357e+06
365.697	  5.11391e+06
365.724	  5.11424e+06
365.75	  5.11458e+06
365.777	  5.11491e+06
365.804	  5.11525e+06
365.83	  5.11558e+06
365.857	  5.11592e+06
365.884	  5.11625e+06
365.91	  5.11658e+06
365.937	  5.11692e+06
365.964	  5.11725e+06
365.991	  5.11759e+06
365.991	  5.11759e+06
366.258	  5.12091e+06
366.525	  5.12423e+06
366.792	  5.12753e+06
367.059	  5.13082e+06
367.326	  5.13409e+06
367.593	  5.13735e+06
367.86	  5.1406e+06
368.127	  5.14383e+06
368.394	  5.14705e+06
368.661	  5.15026e+06
368.928	  5.15345e+06
369.195	  5.15663e+06
369.462	  5.1598e+06
369.729	  5.16295e+06
369.996	  5.16609e+06
370.263	  5.16921e+06
370.53	  5.17232e+06
370.797	  5.17542e+06
371.064	  5.17851e+06
371.331	  5.18158e+06
371.598	  5.18464e+06
371.865	  5.18768e+06
372.132	  5.19071e+06
372.399	  5.19373e+06
372.666	  5.19673e+06
372.933	  5.19972e+06
373.2	  5.2027e+06
373.467	  5.20566e+06
373.734	  5.20861e+06
374.001	  5.21155e+06
374.268	  5.21447e+06
374.535	  5.21739e+06
374.802	  5.22028e+06
375.069	  5.22317e+06
375.336	  5.22604e+06
375.603	  5.22889e+06
375.87	  5.23174e+06
376.137	  5.23457e+06
376.404	  5.23739e+06
376.671	  5.24019e+06
376.938	  5.24298e+06
377.205	  5.24576e+06
377.472	  5.24853e+06
377.739	  5.25128e+06
378.006	  5.25402e+06
378.273	  5.25674e+06
378.54	  5.25945e+06
378.807	  5.26215e+06
379.074	  5.26484e+06
379.341	  5.26751e+06
379.608	  5.27017e+06
379.875	  5.27282e+06
380.142	  5.27545e+06
380.409	  5.27807e+06
380.676	  5.28068e+06
380.943	  5.28328e+06
381.21	  5.28586e+06
381.477	  5.28843e+06
381.744	  5.29098e+06
382.011	  5.29353e+06
382.278	  5.29606e+06
382.545	  5.29857e+06
382.812	  5.30108e+06
383.079	  5.30357e+06
383.346	  5.30605e+06
383.613	  5.30851e+06
383.88	  5.31097e+06
384.147	  5.31341e+06
384.414	  5.31583e+06
384.681	  5.31825e+06
384.948	  5.32065e+06
385.215	  5.32304e+06
385.482	  5.32541e+06
385.749	  5.32778e+06
386.016	  5.33013e+06
386.283	  5.33247e+06
386.55	  5.33479e+06
386.817	  5.3371e+06
387.084	  5.3394e+06
387.351	  5.34169e+06
387.618	  5.34397e+06
387.885	  5.34623e+06
388.152	  5.34848e+06
388.419	  5.35071e+06
388.686	  5.35294e+06
388.953	  5.35515e+06
389.22	  5.35735e+06
389.487	  5.35954e+06
389.754	  5.36171e+06
390.021	  5.36387e+06
390.288	  5.36602e+06
390.555	  5.36816e+06
390.822	  5.37028e+06
391.089	  5.37239e+06
391.356	  5.37449e+06
391.623	  5.37658e+06
391.89	  5.37865e+06
392.157	  5.38072e+06
392.424	  5.38277e+06
392.691	  5.3848e+06
392.958	  5.38683e+06
393.225	  5.38884e+06
393.492	  5.39084e+06
393.759	  5.39283e+06
394.026	  5.39481e+06
394.293	  5.39677e+06
394.56	  5.39872e+06
394.827	  5.40066e+06
395.094	  5.40259e+06
395.361	  5.40451e+06
395.628	  5.40641e+06
395.895	  5.4083e+06
396.162	  5.41018e+06
396.429	  5.41205e+06
396.696	  5.4139e+06
396.963	  5.41575e+06
397.23	  5.41758e+06
397.497	  5.4194e+06
397.764	  5.4212e+06
398.031	  5.423e+06
398.298	  5.42478e+06
398.565	  5.42655e+06
398.832	  5.42831e+06
399.099	  5.43006e+06
399.366	  5.43179e+06
399.633	  5.43352e+06
399.9	  5.43523e+06
400.167	  5.43693e+06
400.434	  5.43861e+06
400.701	  5.44029e+06
400.968	  5.44195e+06
401.235	  5.44361e+06
401.502	  5.44525e+06
401.769	  5.44688e+06
402.036	  5.44849e+06
402.303	  5.4501e+06
402.57	  5.45169e+06
402.837	  5.45328e+06
403.104	  5.45485e+06
403.371	  5.45641e+06
403.638	  5.45795e+06
403.905	  5.45949e+06
404.172	  5.46101e+06
404.439	  5.46253e+06
404.706	  5.46403e+06
404.973	  5.46552e+06
405.24	  5.46699e+06
405.507	  5.46846e+06
405.774	  5.46992e+06
406.041	  5.47136e+06
406.308	  5.47279e+06
406.575	  5.47421e+06
406.842	  5.47562e+06
407.109	  5.47702e+06
407.376	  5.47841e+06
407.643	  5.47978e+06
407.91	  5.48115e+06
408.177	  5.4825e+06
408.444	  5.48384e+06
408.711	  5.48517e+06
408.978	  5.48649e+06
409.245	  5.4878e+06
409.512	  5.4891e+06
409.779	  5.49038e+06
410.046	  5.49166e+06
410.313	  5.49292e+06
410.58	  5.49417e+06
410.847	  5.49541e+06
411.114	  5.49664e+06
411.381	  5.49786e+06
411.648	  5.49907e+06
411.915	  5.50027e+06
412.182	  5.50145e+06
412.449	  5.50263e+06
412.716	  5.50379e+06
412.983	  5.50494e+06
413.25	  5.50608e+06
413.517	  5.50722e+06
413.784	  5.50834e+06
414.051	  5.50945e+06
414.318	  5.51054e+06
414.585	  5.51163e+06
414.852	  5.51271e+06
415.119	  5.51377e+06
415.386	  5.51483e+06
415.653	  5.51587e+06
415.92	  5.51691e+06
416.187	  5.51793e+06
416.454	  5.51894e+06
416.721	  5.51994e+06
416.988	  5.52094e+06
417.255	  5.52192e+06
417.522	  5.52289e+06
417.789	  5.52384e+06
418.056	  5.52479e+06
418.323	  5.52573e+06
418.59	  5.52666e+06
418.857	  5.52757e+06
419.124	  5.52848e+06
419.391	  5.52938e+06
419.658	  5.53026e+06
419.925	  5.53114e+06
420.192	  5.532e+06
420.459	  5.53286e+06
420.726	  5.5337e+06
420.993	  5.53453e+06
421.26	  5.53536e+06
421.527	  5.53617e+06
421.794	  5.53697e+06
422.061	  5.53776e+06
422.328	  5.53854e+06
422.595	  5.53932e+06
422.862	  5.54008e+06
423.129	  5.54083e+06
423.396	  5.54157e+06
423.663	  5.5423e+06
423.93	  5.54302e+06
424.197	  5.54373e+06
424.464	  5.54443e+06
424.731	  5.54512e+06
424.998	  5.5458e+06
425.265	  5.54647e+06
425.532	  5.54713e+06
425.799	  5.54778e+06
426.066	  5.54842e+06
426.333	  5.54905e+06
426.6	  5.54967e+06
426.867	  5.55028e+06
427.134	  5.55088e+06
427.401	  5.55147e+06
427.668	  5.55205e+06
427.935	  5.55262e+06
428.202	  5.55318e+06
428.469	  5.55373e+06
428.736	  5.55427e+06
429.003	  5.55481e+06
429.27	  5.55533e+06
429.537	  5.55584e+06
429.804	  5.55634e+06
430.071	  5.55683e+06
430.338	  5.55732e+06
430.605	  5.55779e+06
430.872	  5.55825e+06
431.139	  5.55871e+06
431.406	  5.55915e+06
431.673	  5.55958e+06
431.94	  5.56001e+06
432.207	  5.56042e+06
432.474	  5.56083e+06
432.741	  5.56123e+06
433.008	  5.56161e+06
433.275	  5.56199e+06
433.542	  5.56236e+06
433.809	  5.56272e+06
434.076	  5.56307e+06
434.343	  5.56341e+06
434.61	  5.56374e+06
434.877	  5.56406e+06
435.144	  5.56437e+06
435.411	  5.56467e+06
435.678	  5.56496e+06
435.945	  5.56525e+06
436.212	  5.56552e+06
436.479	  5.56579e+06
436.746	  5.56604e+06
437.013	  5.56629e+06
437.28	  5.56653e+06
437.547	  5.56676e+06
437.814	  5.56697e+06
438.081	  5.56718e+06
438.348	  5.56739e+06
438.615	  5.56758e+06
438.882	  5.56776e+06
439.149	  5.56793e+06
439.416	  5.5681e+06
439.683	  5.56826e+06
439.95	  5.5684e+06
440.217	  5.56854e+06
440.484	  5.56867e+06
440.751	  5.56879e+06
441.018	  5.5689e+06
441.285	  5.569e+06
441.552	  5.5691e+06
441.819	  5.56918e+06
442.086	  5.56926e+06
442.353	  5.56932e+06
442.62	  5.56938e+06
442.887	  5.56943e+06
443.154	  5.56947e+06
443.421	  5.5695e+06
443.688	  5.56953e+06
443.955	  5.56954e+06
444.222	  5.56955e+06
444.489	  5.56954e+06
444.756	  5.56953e+06
445.023	  5.56951e+06
445.29	  5.56948e+06
445.557	  5.56945e+06
445.824	  5.5694e+06
446.091	  5.56935e+06
446.358	  5.56928e+06
446.625	  5.56921e+06
446.892	  5.56913e+06
447.159	  5.56904e+06
447.426	  5.56895e+06
447.693	  5.56884e+06
447.96	  5.56873e+06
448.227	  5.56861e+06
448.494	  5.56848e+06
448.761	  5.56834e+06
449.028	  5.56819e+06
449.295	  5.56804e+06
449.562	  5.56787e+06
449.829	  5.5677e+06
450.096	  5.56752e+06
450.363	  5.56733e+06
450.63	  5.56713e+06
450.897	  5.56693e+06
451.164	  5.56672e+06
451.431	  5.5665e+06
451.698	  5.56627e+06
451.965	  5.56603e+06
452.232	  5.56578e+06
452.499	  5.56553e+06
452.766	  5.56527e+06
453.033	  5.565e+06
453.3	  5.56472e+06
453.567	  5.56444e+06
453.834	  5.56414e+06
454.101	  5.56384e+06
454.368	  5.56353e+06
454.635	  5.56321e+06
454.902	  5.56289e+06
455.169	  5.56256e+06
455.436	  5.56221e+06
455.703	  5.56187e+06
455.97	  5.56151e+06
456.237	  5.56114e+06
456.504	  5.56077e+06
456.771	  5.56039e+06
457.038	  5.56e+06
457.305	  5.55961e+06
457.572	  5.55921e+06
457.839	  5.55879e+06
458.106	  5.55838e+06
458.373	  5.55795e+06
458.64	  5.55751e+06
458.907	  5.55707e+06
459.174	  5.55662e+06
459.441	  5.55617e+06
459.708	  5.5557e+06
459.975	  5.55523e+06
460.242	  5.55475e+06
460.509	  5.55426e+06
460.776	  5.55377e+06
461.043	  5.55327e+06
461.31	  5.55276e+06
461.577	  5.55224e+06
461.844	  5.55172e+06
462.111	  5.55119e+06
462.378	  5.55065e+06
462.645	  5.5501e+06
462.912	  5.54955e+06
463.179	  5.54899e+06
463.446	  5.54842e+06
463.713	  5.54784e+06
463.98	  5.54726e+06
464.247	  5.54667e+06
464.514	  5.54607e+06
464.781	  5.54547e+06
465.048	  5.54485e+06
465.315	  5.54423e+06
465.582	  5.54361e+06
465.849	  5.54297e+06
466.116	  5.54233e+06
466.383	  5.54169e+06
466.65	  5.54103e+06
466.917	  5.54037e+06
467.184	  5.5397e+06
467.451	  5.53903e+06
467.718	  5.53834e+06
467.985	  5.53765e+06
468.252	  5.53696e+06
468.519	  5.53625e+06
468.786	  5.53554e+06
469.053	  5.53482e+06
469.32	  5.5341e+06
469.587	  5.53337e+06
469.854	  5.53263e+06
470.121	  5.53188e+06
470.388	  5.53113e+06
470.655	  5.53037e+06
470.922	  5.52961e+06
471.189	  5.52883e+06
471.456	  5.52805e+06
471.723	  5.52727e+06
471.99	  5.52648e+06
472.257	  5.52568e+06
472.524	  5.52487e+06
472.791	  5.52406e+06
473.058	  5.52324e+06
473.325	  5.52241e+06
473.592	  5.52158e+06
473.859	  5.52074e+06
474.126	  5.51989e+06
474.393	  5.51904e+06
474.66	  5.51818e+06
474.927	  5.51732e+06
475.194	  5.51644e+06
475.461	  5.51556e+06
475.728	  5.51468e+06
475.995	  5.51379e+06
476.262	  5.51289e+06
476.529	  5.51199e+06
476.796	  5.51107e+06
477.063	  5.51016e+06
477.33	  5.50923e+06
477.597	  5.5083e+06
477.864	  5.50737e+06
478.131	  5.50642e+06
478.398	  5.50547e+06
478.665	  5.50452e+06
478.932	  5.50356e+06
479.199	  5.50259e+06
479.466	  5.50162e+06
479.733	  5.50064e+06
480	  5.49965e+06
480.267	  5.49866e+06
480.534	  5.49766e+06
480.801	  5.49665e+06
481.068	  5.49564e+06
481.335	  5.49462e+06
481.602	  5.4936e+06
481.869	  5.49257e+06
482.136	  5.49153e+06
482.403	  5.49049e+06
482.67	  5.48944e+06
482.937	  5.48839e+06
483.204	  5.48733e+06
483.471	  5.48627e+06
483.738	  5.48519e+06
484.005	  5.48412e+06
484.272	  5.48303e+06
484.539	  5.48194e+06
484.806	  5.48085e+06
485.073	  5.47975e+06
485.34	  5.47864e+06
485.607	  5.47753e+06
485.874	  5.47641e+06
486.141	  5.47528e+06
486.408	  5.47415e+06
486.675	  5.47301e+06
486.942	  5.47187e+06
487.209	  5.47072e+06
487.476	  5.46957e+06
487.743	  5.46841e+06
488.01	  5.46725e+06
488.277	  5.46608e+06
488.544	  5.4649e+06
488.811	  5.46372e+06
489.078	  5.46253e+06
489.345	  5.46134e+06
489.612	  5.46014e+06
489.879	  5.45893e+06
490.146	  5.45772e+06
490.413	  5.45651e+06
490.68	  5.45528e+06
490.947	  5.45406e+06
491.214	  5.45283e+06
491.481	  5.45159e+06
491.748	  5.45034e+06
492.015	  5.4491e+06
492.282	  5.44784e+06
492.549	  5.44658e+06
492.816	  5.44532e+06
493.083	  5.44405e+06
493.35	  5.44277e+06
493.617	  5.44149e+06
493.884	  5.4402e+06
494.151	  5.43891e+06
494.418	  5.43761e+06
494.685	  5.43631e+06
494.952	  5.435e+06
495.219	  5.43369e+06
495.486	  5.43237e+06
495.753	  5.43105e+06
496.02	  5.42972e+06
496.287	  5.42839e+06
496.554	  5.42705e+06
496.821	  5.4257e+06
497.088	  5.42435e+06
497.355	  5.423e+06
497.622	  5.42164e+06
497.889	  5.42027e+06
498.156	  5.4189e+06
498.423	  5.41753e+06
498.69	  5.41615e+06
498.957	  5.41476e+06
499.224	  5.41337e+06
499.491	  5.41198e+06
499.758	  5.41058e+06
500.025	  5.40917e+06
500.292	  5.40776e+06
500.559	  5.40634e+06
500.826	  5.40492e+06
501.093	  5.4035e+06
501.36	  5.40207e+06
501.627	  5.40063e+06
501.894	  5.39919e+06
502.161	  5.39775e+06
502.428	  5.3963e+06
502.695	  5.39485e+06
502.962	  5.39339e+06
503.229	  5.39192e+06
503.496	  5.39045e+06
503.763	  5.38898e+06
504.03	  5.3875e+06
504.297	  5.38602e+06
504.564	  5.38453e+06
504.831	  5.38304e+06
505.098	  5.38154e+06
505.365	  5.38004e+06
505.632	  5.37853e+06
505.899	  5.37702e+06
506.166	  5.3755e+06
506.433	  5.37398e+06
506.7	  5.37246e+06
506.967	  5.37093e+06
507.234	  5.36939e+06
507.501	  5.36785e+06
507.768	  5.36631e+06
508.035	  5.36476e+06
508.302	  5.36321e+06
508.569	  5.36165e+06
508.836	  5.36009e+06
509.103	  5.35852e+06
509.37	  5.35695e+06
509.637	  5.35538e+06
509.904	  5.3538e+06
510.171	  5.35221e+06
510.438	  5.35063e+06
510.705	  5.34903e+06
510.972	  5.34744e+06
511.239	  5.34583e+06
511.506	  5.34423e+06
511.773	  5.34262e+06
512.04	  5.341e+06
512.307	  5.33938e+06
512.574	  5.33776e+06
512.841	  5.33613e+06
513.108	  5.3345e+06
513.375	  5.33287e+06
513.642	  5.33123e+06
513.909	  5.32958e+06
514.176	  5.32793e+06
514.443	  5.32628e+06
514.71	  5.32462e+06
514.977	  5.32296e+06
515.244	  5.32129e+06
515.511	  5.31963e+06
515.778	  5.31795e+06
516.045	  5.31627e+06
516.312	  5.31459e+06
516.579	  5.31291e+06
516.846	  5.31122e+06
517.113	  5.30952e+06
517.38	  5.30782e+06
517.647	  5.30612e+06
517.914	  5.30441e+06
518.181	  5.3027e+06
518.448	  5.30099e+06
518.715	  5.29927e+06
518.982	  5.29755e+06
519.249	  5.29582e+06
519.516	  5.29409e+06
519.783	  5.29236e+06
520.05	  5.29062e+06
520.317	  5.28888e+06
520.584	  5.28713e+06
520.851	  5.28538e+06
521.118	  5.28363e+06
521.385	  5.28187e+06
521.652	  5.28011e+06
521.919	  5.27834e+06
522.186	  5.27658e+06
522.453	  5.2748e+06
522.72	  5.27303e+06
522.987	  5.27125e+06
523.254	  5.26946e+06
523.521	  5.26767e+06
523.788	  5.26588e+06
524.055	  5.26409e+06
524.322	  5.26229e+06
524.589	  5.26049e+06
524.856	  5.25868e+06
525.123	  5.25687e+06
525.39	  5.25506e+06
525.657	  5.25324e+06
525.924	  5.25142e+06
526.191	  5.24959e+06
526.458	  5.24776e+06
526.725	  5.24593e+06
526.992	  5.2441e+06
527.259	  5.24226e+06
527.526	  5.24042e+06
527.793	  5.23857e+06
528.06	  5.23672e+06
528.327	  5.23487e+06
528.594	  5.23301e+06
528.861	  5.23115e+06
529.128	  5.22929e+06
529.395	  5.22742e+06
529.662	  5.22555e+06
529.929	  5.22368e+06
530.196	  5.2218e+06
530.463	  5.21992e+06
530.73	  5.21804e+06
530.997	  5.21615e+06
531.264	  5.21426e+06
531.531	  5.21236e+06
531.798	  5.21047e+06
532.065	  5.20857e+06
532.332	  5.20666e+06
532.599	  5.20475e+06
532.866	  5.20284e+06
533.133	  5.20093e+06
533.4	  5.19901e+06
533.667	  5.19709e+06
533.934	  5.19517e+06
534.201	  5.19324e+06
534.468	  5.19131e+06
534.735	  5.18938e+06
535.002	  5.18744e+06
535.269	  5.1855e+06
535.536	  5.18356e+06
535.803	  5.18161e+06
536.07	  5.17966e+06
536.337	  5.17771e+06
536.604	  5.17575e+06
536.871	  5.17379e+06
537.138	  5.17183e+06
537.405	  5.16987e+06
537.672	  5.1679e+06
537.939	  5.16593e+06
538.206	  5.16395e+06
538.473	  5.16198e+06
538.74	  5.16e+06
539.007	  5.15801e+06
539.274	  5.15603e+06
539.541	  5.15404e+06
539.808	  5.15204e+06
540.075	  5.15005e+06
540.342	  5.14805e+06
540.609	  5.14605e+06
540.876	  5.14405e+06
541.143	  5.14204e+06
541.41	  5.14003e+06
541.677	  5.13802e+06
541.944	  5.136e+06
542.211	  5.13398e+06
542.478	  5.13196e+06
542.745	  5.12994e+06
543.012	  5.12791e+06
543.279	  5.12588e+06
543.546	  5.12385e+06
543.813	  5.12181e+06
544.08	  5.11977e+06
544.347	  5.11773e+06
544.614	  5.11569e+06
544.881	  5.11364e+06
545.148	  5.11159e+06
545.415	  5.10954e+06
545.682	  5.10748e+06
545.949	  5.10542e+06
546.216	  5.10336e+06
546.483	  5.1013e+06
546.75	  5.09923e+06
547.017	  5.09717e+06
547.284	  5.09509e+06
547.551	  5.09302e+06
547.818	  5.09094e+06
548.085	  5.08886e+06
548.352	  5.08678e+06
548.619	  5.0847e+06
548.886	  5.08261e+06
549.153	  5.08052e+06
549.42	  5.07843e+06
549.687	  5.07633e+06
549.954	  5.07424e+06
550.221	  5.07214e+06
550.488	  5.07003e+06
550.755	  5.06793e+06
551.022	  5.06582e+06
551.289	  5.06371e+06
551.556	  5.0616e+06
551.823	  5.05948e+06
552.09	  5.05737e+06
552.357	  5.05525e+06
552.624	  5.05312e+06
552.891	  5.051e+06
553.158	  5.04887e+06
553.425	  5.04674e+06
553.692	  5.04461e+06
553.959	  5.04247e+06
554.226	  5.04034e+06
554.493	  5.0382e+06
554.76	  5.03606e+06
555.027	  5.03391e+06
555.294	  5.03177e+06
555.561	  5.02962e+06
555.828	  5.02747e+06
556.095	  5.02531e+06
556.362	  5.02316e+06
556.629	  5.021e+06
556.896	  5.01884e+06
557.163	  5.01667e+06
557.43	  5.01451e+06
557.697	  5.01234e+06
557.964	  5.01017e+06
558.231	  5.008e+06
558.498	  5.00583e+06
558.765	  5.00365e+06
559.032	  5.00147e+06
559.299	  4.99929e+06
559.566	  4.99711e+06
560.009	  4.99348e+06
560.296	  4.99113e+06
560.583	  4.98877e+06
560.87	  4.98642e+06
561.157	  4.98406e+06
561.444	  4.98169e+06
561.731	  4.97933e+06
562.018	  4.97696e+06
562.305	  4.97459e+06
562.592	  4.97222e+06
562.879	  4.96985e+06
563.166	  4.96747e+06
563.453	  4.96509e+06
563.74	  4.96271e+06
564.027	  4.96032e+06
564.314	  4.95794e+06
564.601	  4.95555e+06
564.888	  4.95316e+06
565.175	  4.95076e+06
565.462	  4.94837e+06
565.749	  4.94597e+06
566.036	  4.94357e+06
566.323	  4.94117e+06
566.61	  4.93876e+06
566.897	  4.93636e+06
567.184	  4.93395e+06
567.471	  4.93154e+06
567.758	  4.92912e+06
568.045	  4.92671e+06
568.332	  4.92429e+06
568.619	  4.92187e+06
568.906	  4.91945e+06
569.193	  4.91703e+06
569.48	  4.9146e+06
569.767	  4.91217e+06
570.054	  4.90974e+06
570.341	  4.90731e+06
570.628	  4.90487e+06
570.915	  4.90244e+06
571.202	  4.9e+06
571.489	  4.89756e+06
571.776	  4.89511e+06
572.063	  4.89267e+06
572.35	  4.89022e+06
572.637	  4.88777e+06
572.924	  4.88532e+06
573.211	  4.88287e+06
573.498	  4.88041e+06
573.785	  4.87796e+06
574.072	  4.8755e+06
574.359	  4.87304e+06
574.646	  4.87058e+06
574.933	  4.86811e+06
575.22	  4.86564e+06
575.507	  4.86318e+06
575.794	  4.86071e+06
576.081	  4.85823e+06
576.368	  4.85576e+06
576.655	  4.85328e+06
576.942	  4.85081e+06
577.229	  4.84833e+06
577.516	  4.84585e+06
577.803	  4.84336e+06
578.09	  4.84088e+06
578.377	  4.83839e+06
578.664	  4.8359e+06
578.951	  4.83341e+06
579.238	  4.83092e+06
579.525	  4.82843e+06
579.812	  4.82593e+06
580.099	  4.82344e+06
580.386	  4.82094e+06
580.673	  4.81844e+06
580.96	  4.81593e+06
581.247	  4.81343e+06
581.534	  4.81092e+06
581.821	  4.80842e+06
582.108	  4.80591e+06
582.395	  4.8034e+06
582.682	  4.80089e+06
582.969	  4.79837e+06
583.256	  4.79586e+06
583.543	  4.79334e+06
583.83	  4.79082e+06
584.117	  4.7883e+06
584.404	  4.78578e+06
584.691	  4.78326e+06
584.978	  4.78073e+06
585.265	  4.7782e+06
585.552	  4.77568e+06
585.839	  4.77315e+06
586.126	  4.77062e+06
586.413	  4.76808e+06
586.7	  4.76555e+06
586.987	  4.76301e+06
587.274	  4.76048e+06
587.561	  4.75794e+06
587.848	  4.7554e+06
588.135	  4.75286e+06
588.422	  4.75032e+06
588.709	  4.74777e+06
588.996	  4.74523e+06
589.283	  4.74268e+06
589.57	  4.74013e+06
589.857	  4.73758e+06
590.144	  4.73503e+06
590.431	  4.73248e+06
590.718	  4.72992e+06
591.005	  4.72737e+06
591.292	  4.72481e+06
591.579	  4.72226e+06
591.866	  4.7197e+06
592.153	  4.71714e+06
592.44	  4.71457e+06
592.727	  4.71201e+06
593.014	  4.70945e+06
593.301	  4.70688e+06
593.588	  4.70431e+06
593.875	  4.70175e+06
594.162	  4.69918e+06
594.449	  4.69661e+06
594.736	  4.69403e+06
595.023	  4.69146e+06
595.31	  4.68889e+06
595.597	  4.68631e+06
595.884	  4.68374e+06
596.171	  4.68116e+06
596.458	  4.67858e+06
596.745	  4.676e+06
597.032	  4.67342e+06
597.319	  4.67084e+06
597.606	  4.66825e+06
597.893	  4.66567e+06
598.18	  4.66308e+06
598.467	  4.66049e+06
598.754	  4.65791e+06
599.041	  4.65532e+06
599.328	  4.65273e+06
599.615	  4.65014e+06
599.902	  4.64754e+06
600.189	  4.64495e+06
600.476	  4.64236e+06
600.763	  4.63976e+06
601.05	  4.63716e+06
601.337	  4.63457e+06
601.624	  4.63197e+06
601.911	  4.62937e+06
602.198	  4.62677e+06
602.485	  4.62417e+06
602.772	  4.62156e+06
603.059	  4.61896e+06
603.346	  4.61635e+06
603.633	  4.61375e+06
603.92	  4.61114e+06
604.207	  4.60854e+06
604.494	  4.60593e+06
604.781	  4.60332e+06
605.068	  4.60071e+06
605.355	  4.5981e+06
605.642	  4.59549e+06
605.929	  4.59287e+06
606.216	  4.59026e+06
606.503	  4.58764e+06
606.79	  4.58503e+06
607.077	  4.58241e+06
607.364	  4.5798e+06
607.651	  4.57718e+06
607.938	  4.57456e+06
608.225	  4.57194e+06
608.512	  4.56932e+06
608.799	  4.5667e+06
609.086	  4.56407e+06
609.373	  4.56145e+06
609.66	  4.55883e+06
609.947	  4.5562e+06
610.234	  4.55358e+06
610.521	  4.55095e+06
610.808	  4.54833e+06
611.095	  4.5457e+06
611.382	  4.54307e+06
611.669	  4.54044e+06
611.956	  4.53781e+06
612.243	  4.53518e+06
612.53	  4.53255e+06
612.817	  4.52992e+06
613.104	  4.52729e+06
613.391	  4.52465e+06
613.678	  4.52202e+06
613.965	  4.51938e+06
614.252	  4.51675e+06
614.539	  4.51411e+06
614.826	  4.51148e+06
615.113	  4.50884e+06
615.4	  4.5062e+06
615.687	  4.50356e+06
615.974	  4.50092e+06
616.261	  4.49828e+06
616.548	  4.49564e+06
616.835	  4.493e+06
617.122	  4.49036e+06
617.409	  4.48772e+06
617.696	  4.48508e+06
617.983	  4.48243e+06
618.27	  4.47979e+06
618.557	  4.47715e+06
618.844	  4.4745e+06
619.131	  4.47185e+06
619.418	  4.46921e+06
619.705	  4.46656e+06
619.992	  4.46392e+06
620.279	  4.46127e+06
620.566	  4.45862e+06
620.853	  4.45597e+06
621.14	  4.45332e+06
621.427	  4.45067e+06
621.714	  4.44802e+06
622.001	  4.44537e+06
622.288	  4.44272e+06
622.575	  4.44007e+06
622.862	  4.43742e+06
623.149	  4.43477e+06
623.436	  4.43211e+06
623.723	  4.42946e+06
624.01	  4.42681e+06
624.297	  4.42415e+06
624.584	  4.4215e+06
624.871	  4.41884e+06
625.158	  4.41619e+06
625.445	  4.41353e+06
625.732	  4.41088e+06
626.019	  4.40822e+06
626.306	  4.40556e+06
626.593	  4.40291e+06
626.88	  4.40025e+06
627.167	  4.39759e+06
627.454	  4.39493e+06
627.741	  4.39228e+06
628.028	  4.38962e+06
628.315	  4.38696e+06
628.602	  4.3843e+06
628.889	  4.38164e+06
629.176	  4.37898e+06
629.463	  4.37632e+06
629.75	  4.37366e+06
630.037	  4.371e+06
630.324	  4.36834e+06
630.611	  4.36567e+06
630.898	  4.36301e+06
631.185	  4.36035e+06
631.472	  4.35769e+06
631.759	  4.35503e+06
632.046	  4.35236e+06
632.333	  4.3497e+06
632.62	  4.34704e+06
632.907	  4.34437e+06
633.194	  4.34171e+06
633.481	  4.33905e+06
633.768	  4.33638e+06
634.055	  4.33372e+06
634.342	  4.33105e+06
634.629	  4.32839e+06
634.916	  4.32573e+06
635.203	  4.32306e+06
635.49	  4.3204e+06
635.777	  4.31773e+06
636.064	  4.31506e+06
636.351	  4.3124e+06
636.638	  4.30973e+06
636.925	  4.30707e+06
637.212	  4.3044e+06
637.499	  4.30174e+06
637.786	  4.29907e+06
638.073	  4.2964e+06
638.36	  4.29374e+06
638.647	  4.29107e+06
638.934	  4.2884e+06
639.221	  4.28574e+06
639.508	  4.28307e+06
639.795	  4.2804e+06
640.082	  4.27774e+06
640.369	  4.27507e+06
640.656	  4.2724e+06
640.943	  4.26974e+06
641.23	  4.26707e+06
641.517	  4.2644e+06
641.804	  4.26173e+06
642.091	  4.25907e+06
642.378	  4.2564e+06
642.665	  4.25373e+06
642.952	  4.25107e+06
643.239	  4.2484e+06
643.526	  4.24573e+06
643.813	  4.24306e+06
644.1	  4.2404e+06
644.387	  4.23773e+06
644.674	  4.23506e+06
644.961	  4.2324e+06
645.248	  4.22973e+06
645.535	  4.22706e+06
645.822	  4.22439e+06
646.109	  4.22173e+06
646.396	  4.21906e+06
646.683	  4.21639e+06
646.97	  4.21373e+06
647.257	  4.21106e+06
647.544	  4.20839e+06
647.831	  4.20573e+06
648.118	  4.20306e+06
648.405	  4.20039e+06
648.692	  4.19773e+06
648.979	  4.19506e+06
649.266	  4.19239e+06
649.553	  4.18973e+06
649.84	  4.18706e+06
650.127	  4.1844e+06
650.414	  4.18173e+06
650.701	  4.17906e+06
650.988	  4.1764e+06
651.275	  4.17373e+06
651.562	  4.17107e+06
651.849	  4.1684e+06
652.136	  4.16574e+06
652.423	  4.16307e+06
652.71	  4.16041e+06
652.997	  4.15775e+06
653.284	  4.15508e+06
653.571	  4.15242e+06
653.858	  4.14975e+06
654.145	  4.14709e+06
654.432	  4.14443e+06
654.719	  4.14176e+06
655.006	  4.1391e+06
655.293	  4.13644e+06
655.58	  4.13378e+06
655.867	  4.13111e+06
656.154	  4.12845e+06
656.441	  4.12579e+06
656.728	  4.12313e+06
657.015	  4.12047e+06
657.302	  4.1178e+06
657.589	  4.11514e+06
657.876	  4.11248e+06
658.163	  4.10982e+06
658.45	  4.10716e+06
658.737	  4.1045e+06
659.024	  4.10184e+06
659.311	  4.09918e+06
659.598	  4.09652e+06
659.885	  4.09387e+06
660.172	  4.09121e+06
660.459	  4.08855e+06
660.746	  4.08589e+06
661.033	  4.08323e+06
661.32	  4.08058e+06
661.607	  4.07792e+06
661.894	  4.07526e+06
662.181	  4.07261e+06
662.468	  4.06995e+06
662.755	  4.06729e+06
663.042	  4.06464e+06
663.329	  4.06198e+06
663.616	  4.05933e+06
663.903	  4.05668e+06
664.19	  4.05402e+06
664.477	  4.05137e+06
664.764	  4.04872e+06
665.051	  4.04606e+06
665.338	  4.04341e+06
665.625	  4.04076e+06
665.912	  4.03811e+06
666.199	  4.03545e+06
666.486	  4.0328e+06
666.773	  4.03015e+06
667.06	  4.0275e+06
667.347	  4.02485e+06
667.634	  4.0222e+06
667.921	  4.01956e+06
668.208	  4.01691e+06
668.495	  4.01426e+06
668.782	  4.01161e+06
669.069	  4.00896e+06
669.356	  4.00632e+06
669.643	  4.00367e+06
669.93	  4.00102e+06
670.217	  3.99838e+06
670.504	  3.99573e+06
670.791	  3.99309e+06
671.078	  3.99045e+06
671.365	  3.9878e+06
671.652	  3.98516e+06
671.939	  3.98252e+06
672.226	  3.97987e+06
672.513	  3.97723e+06
672.8	  3.97459e+06
673.087	  3.97195e+06
673.374	  3.96931e+06
673.661	  3.96667e+06
673.948	  3.96403e+06
674.235	  3.96139e+06
674.522	  3.95875e+06
674.809	  3.95612e+06
675.096	  3.95348e+06
675.383	  3.95084e+06
675.67	  3.94821e+06
675.957	  3.94557e+06
676.244	  3.94293e+06
676.531	  3.9403e+06
676.818	  3.93767e+06
677.105	  3.93503e+06
677.392	  3.9324e+06
677.679	  3.92977e+06
677.966	  3.92713e+06
678.253	  3.9245e+06
678.54	  3.92187e+06
678.827	  3.91924e+06
679.114	  3.91661e+06
679.401	  3.91398e+06
679.688	  3.91135e+06
679.975	  3.90873e+06
680.262	  3.9061e+06
680.549	  3.90347e+06
680.836	  3.90085e+06
681.123	  3.89822e+06
681.41	  3.8956e+06
681.697	  3.89297e+06
681.984	  3.89035e+06
682.271	  3.88772e+06
682.558	  3.8851e+06
682.845	  3.88248e+06
683.132	  3.87986e+06
683.419	  3.87724e+06
683.706	  3.87462e+06
683.993	  3.872e+06
684.28	  3.86938e+06
684.567	  3.86676e+06
684.854	  3.86414e+06
685.141	  3.86153e+06
685.428	  3.85891e+06
685.715	  3.85629e+06
686.002	  3.85368e+06
686.289	  3.85106e+06
686.576	  3.84845e+06
686.863	  3.84584e+06
687.15	  3.84322e+06
687.437	  3.84061e+06
687.724	  3.838e+06
688.011	  3.83539e+06
688.298	  3.83278e+06
688.585	  3.83017e+06
688.872	  3.82756e+06
689.159	  3.82496e+06
689.446	  3.82235e+06
689.733	  3.81974e+06
690.02	  3.81714e+06
690.307	  3.81453e+06
690.594	  3.81193e+06
690.881	  3.80933e+06
691.168	  3.80672e+06
691.455	  3.80412e+06
691.742	  3.80152e+06
692.029	  3.79892e+06
692.316	  3.79632e+06
692.603	  3.79372e+06
692.89	  3.79112e+06
693.177	  3.78852e+06
693.464	  3.78593e+06
693.751	  3.78333e+06
694.038	  3.78073e+06
694.325	  3.77814e+06
694.612	  3.77555e+06
694.899	  3.77295e+06
695.186	  3.77036e+06
695.473	  3.76777e+06
695.76	  3.76518e+06
696.047	  3.76259e+06
696.334	  3.76e+06
696.621	  3.75741e+06
696.908	  3.75482e+06
697.195	  3.75223e+06
697.482	  3.74965e+06
697.769	  3.74706e+06
698.056	  3.74448e+06
698.343	  3.74189e+06
698.63	  3.73931e+06
698.917	  3.73673e+06
699.204	  3.73415e+06
699.491	  3.73156e+06
699.778	  3.72898e+06
700.065	  3.72641e+06
700.352	  3.72383e+06
700.639	  3.72125e+06
700.926	  3.71867e+06
701.213	  3.7161e+06
701.5	  3.71352e+06
701.787	  3.71095e+06
702.074	  3.70837e+06
702.361	  3.7058e+06
702.648	  3.70323e+06
702.935	  3.70066e+06
703.222	  3.69809e+06
703.509	  3.69552e+06
703.796	  3.69295e+06
704.083	  3.69038e+06
704.37	  3.68781e+06
704.657	  3.68525e+06
704.944	  3.68268e+06
705.231	  3.68012e+06
705.518	  3.67756e+06
705.805	  3.67499e+06
706.092	  3.67243e+06
706.379	  3.66987e+06
706.666	  3.66731e+06
706.953	  3.66475e+06
707.24	  3.66219e+06
707.527	  3.65964e+06
707.814	  3.65708e+06
708.101	  3.65452e+06
708.388	  3.65197e+06
708.675	  3.64941e+06
708.962	  3.64686e+06
709.249	  3.64431e+06
709.536	  3.64176e+06
709.823	  3.63921e+06
710.11	  3.63666e+06
710.397	  3.63411e+06
710.684	  3.63156e+06
710.971	  3.62902e+06
711.258	  3.62647e+06
711.545	  3.62392e+06
711.832	  3.62138e+06
712.119	  3.61884e+06
712.406	  3.6163e+06
712.693	  3.61375e+06
712.98	  3.61121e+06
713.267	  3.60867e+06
713.554	  3.60614e+06
713.841	  3.6036e+06
714.128	  3.60106e+06
714.415	  3.59853e+06
714.702	  3.59599e+06
714.989	  3.59346e+06
715.276	  3.59092e+06
715.563	  3.58839e+06
715.85	  3.58586e+06
716.137	  3.58333e+06
716.424	  3.5808e+06
716.711	  3.57827e+06
716.998	  3.57575e+06
717.285	  3.57322e+06
717.572	  3.57069e+06
717.859	  3.56817e+06
718.146	  3.56565e+06
718.433	  3.56312e+06
718.72	  3.5606e+06
719.007	  3.55808e+06
719.294	  3.55556e+06
719.581	  3.55304e+06
719.868	  3.55053e+06
720.155	  3.54801e+06
720.442	  3.54549e+06
720.729	  3.54298e+06
721.016	  3.54047e+06
721.303	  3.53795e+06
721.59	  3.53544e+06
721.877	  3.53293e+06
722.164	  3.53042e+06
722.451	  3.52791e+06
722.738	  3.52541e+06
723.025	  3.5229e+06
723.312	  3.52039e+06
723.599	  3.51789e+06
723.886	  3.51538e+06
724.173	  3.51288e+06
724.46	  3.51038e+06
724.747	  3.50788e+06
725.034	  3.50538e+06
725.321	  3.50288e+06
725.608	  3.50038e+06
725.895	  3.49789e+06
726.182	  3.49539e+06
726.469	  3.4929e+06
726.756	  3.4904e+06
727.043	  3.48791e+06
727.33	  3.48542e+06
727.617	  3.48293e+06
727.904	  3.48044e+06
728.191	  3.47795e+06
728.478	  3.47546e+06
728.765	  3.47298e+06
729.052	  3.47049e+06
729.339	  3.46801e+06
729.626	  3.46552e+06
729.913	  3.46304e+06
730.2	  3.46056e+06
730.487	  3.45808e+06
730.774	  3.4556e+06
731.061	  3.45312e+06
731.348	  3.45065e+06
731.635	  3.44817e+06
731.922	  3.4457e+06
732.209	  3.44322e+06
732.496	  3.44075e+06
732.783	  3.43828e+06
733.07	  3.43581e+06
733.357	  3.43334e+06
733.644	  3.43087e+06
733.931	  3.4284e+06
734.218	  3.42594e+06
734.505	  3.42347e+06
734.792	  3.42101e+06
735.079	  3.41854e+06
735.366	  3.41608e+06
735.653	  3.41362e+06
735.94	  3.41116e+06
736.227	  3.4087e+06
736.514	  3.40624e+06
736.801	  3.40379e+06
737.088	  3.40133e+06
737.375	  3.39888e+06
737.662	  3.39642e+06
737.949	  3.39397e+06
738.236	  3.39152e+06
738.523	  3.38907e+06
738.81	  3.38662e+06
739.097	  3.38417e+06
739.384	  3.38173e+06
739.671	  3.37928e+06
739.958	  3.37684e+06
740.245	  3.37439e+06
740.532	  3.37195e+06
740.819	  3.36951e+06
741.106	  3.36707e+06
741.393	  3.36463e+06
741.68	  3.36219e+06
741.967	  3.35976e+06
742.254	  3.35732e+06
742.541	  3.35489e+06
742.828	  3.35245e+06
743.115	  3.35002e+06
743.402	  3.34759e+06
743.689	  3.34516e+06
743.976	  3.34273e+06
744.263	  3.3403e+06
744.55	  3.33788e+06
744.837	  3.33545e+06
745.124	  3.33303e+06
745.411	  3.3306e+06
745.698	  3.32818e+06
745.985	  3.32576e+06
746.272	  3.32334e+06
746.559	  3.32092e+06
746.846	  3.31851e+06
747.133	  3.31609e+06
747.42	  3.31367e+06
747.707	  3.31126e+06
747.994	  3.30885e+06
748.281	  3.30643e+06
748.568	  3.30402e+06
748.855	  3.30161e+06
749.142	  3.29921e+06
749.429	  3.2968e+06
749.716	  3.29439e+06
750.003	  3.29199e+06
750.29	  3.28958e+06
750.577	  3.28718e+06
750.864	  3.28478e+06
751.151	  3.28238e+06
751.438	  3.27998e+06
751.725	  3.27758e+06
752.012	  3.27519e+06
752.299	  3.27279e+06
752.586	  3.2704e+06
752.873	  3.268e+06
753.16	  3.26561e+06
753.447	  3.26322e+06
753.734	  3.26083e+06
754.021	  3.25844e+06
754.308	  3.25605e+06
754.595	  3.25367e+06
754.882	  3.25128e+06
755.169	  3.2489e+06
755.456	  3.24652e+06
755.743	  3.24413e+06
756.03	  3.24175e+06
756.317	  3.23938e+06
756.604	  3.237e+06
756.891	  3.23462e+06
757.178	  3.23225e+06
757.465	  3.22987e+06
757.752	  3.2275e+06
758.039	  3.22513e+06
758.326	  3.22275e+06
758.613	  3.22039e+06
758.9	  3.21802e+06
759.187	  3.21565e+06
759.474	  3.21328e+06
759.761	  3.21092e+06
760.048	  3.20855e+06
760.335	  3.20619e+06
760.622	  3.20383e+06
760.909	  3.20147e+06
761.196	  3.19911e+06
761.483	  3.19675e+06
761.77	  3.1944e+06
762.057	  3.19204e+06
762.344	  3.18969e+06
762.631	  3.18734e+06
762.918	  3.18498e+06
763.205	  3.18263e+06
763.492	  3.18028e+06
763.779	  3.17794e+06
764.066	  3.17559e+06
764.353	  3.17324e+06
764.64	  3.1709e+06
764.927	  3.16856e+06
765.214	  3.16622e+06
765.501	  3.16387e+06
765.788	  3.16154e+06
766.075	  3.1592e+06
766.362	  3.15686e+06
766.649	  3.15452e+06
766.936	  3.15219e+06
767.223	  3.14986e+06
767.51	  3.14752e+06
767.797	  3.14519e+06
768.084	  3.14286e+06
768.371	  3.14054e+06
768.658	  3.13821e+06
768.945	  3.13588e+06
769.232	  3.13356e+06
769.519	  3.13123e+06
769.806	  3.12891e+06
770.093	  3.12659e+06
770.38	  3.12427e+06
770.667	  3.12195e+06
770.954	  3.11963e+06
771.241	  3.11732e+06
771.528	  3.115e+06
771.815	  3.11269e+06
772.102	  3.11038e+06
772.389	  3.10807e+06
772.676	  3.10576e+06
772.963	  3.10345e+06
773.25	  3.10114e+06
773.537	  3.09883e+06
773.824	  3.09653e+06
774.111	  3.09423e+06
774.398	  3.09192e+06
774.685	  3.08962e+06
774.972	  3.08732e+06
775.259	  3.08502e+06
775.546	  3.08273e+06
775.833	  3.08043e+06
776.12	  3.07813e+06
776.407	  3.07584e+06
776.694	  3.07355e+06
776.981	  3.07126e+06
777.268	  3.06897e+06
777.555	  3.06668e+06
777.842	  3.06439e+06
778.129	  3.06211e+06
778.416	  3.05982e+06
778.703	  3.05754e+06
778.99	  3.05525e+06
779.277	  3.05297e+06
779.564	  3.05069e+06
779.851	  3.04841e+06
780.138	  3.04614e+06
780.425	  3.04386e+06
780.712	  3.04159e+06
780.999	  3.03931e+06
781.286	  3.03704e+06
781.573	  3.03477e+06
781.86	  3.0325e+06
782.147	  3.03023e+06
782.434	  3.02796e+06
782.721	  3.0257e+06
783.008	  3.02343e+06
783.295	  3.02117e+06
783.582	  3.01891e+06
783.869	  3.01665e+06
784.156	  3.01439e+06
784.443	  3.01213e+06
784.73	  3.00987e+06
785.017	  3.00762e+06
785.304	  3.00536e+06
785.591	  3.00311e+06
785.878	  3.00086e+06
786.165	  2.99861e+06
786.452	  2.99636e+06
786.739	  2.99411e+06
787.026	  2.99186e+06
787.313	  2.98962e+06
787.6	  2.98737e+06
787.887	  2.98513e+06
788.174	  2.98289e+06
788.461	  2.98065e+06
788.748	  2.97841e+06
789.035	  2.97617e+06
789.322	  2.97393e+06
789.609	  2.9717e+06
789.896	  2.96946e+06
790.183	  2.96723e+06
790.47	  2.965e+06
790.757	  2.96277e+06
791.044	  2.96054e+06
791.331	  2.95831e+06
791.618	  2.95609e+06
791.905	  2.95386e+06
792.192	  2.95164e+06
792.479	  2.94941e+06
792.766	  2.94719e+06
793.053	  2.94497e+06
793.34	  2.94275e+06
793.627	  2.94054e+06
793.914	  2.93832e+06
794.201	  2.93611e+06
794.488	  2.93389e+06
794.775	  2.93168e+06
795.062	  2.92947e+06
795.349	  2.92726e+06
795.636	  2.92505e+06
795.923	  2.92285e+06
796.21	  2.92064e+06
796.497	  2.91844e+06
796.784	  2.91623e+06
797.071	  2.91403e+06
797.358	  2.91183e+06
797.645	  2.90963e+06
797.932	  2.90743e+06
798.219	  2.90524e+06
798.506	  2.90304e+06
798.793	  2.90085e+06
799.08	  2.89865e+06
799.367	  2.89646e+06
799.654	  2.89427e+06
799.941	  2.89208e+06
800.228	  2.8899e+06
800.515	  2.88771e+06
800.802	  2.88552e+06
801.089	  2.88334e+06
801.376	  2.88116e+06
801.663	  2.87898e+06
801.95	  2.8768e+06
802.237	  2.87462e+06
802.524	  2.87244e+06
802.811	  2.87027e+06
803.098	  2.86809e+06
803.385	  2.86592e+06
803.672	  2.86375e+06
803.959	  2.86158e+06
804.246	  2.85941e+06
804.533	  2.85724e+06
804.82	  2.85507e+06
805.107	  2.85291e+06
805.394	  2.85074e+06
805.681	  2.84858e+06
805.968	  2.84642e+06
806.255	  2.84426e+06
806.542	  2.8421e+06
806.829	  2.83994e+06
807.116	  2.83779e+06
807.403	  2.83563e+06
807.69	  2.83348e+06
807.977	  2.83133e+06
808.264	  2.82918e+06
808.551	  2.82703e+06
808.838	  2.82488e+06
809.125	  2.82273e+06
809.412	  2.82058e+06
809.699	  2.81844e+06
809.986	  2.8163e+06
810.273	  2.81416e+06
810.56	  2.81201e+06
810.847	  2.80988e+06
811.134	  2.80774e+06
811.421	  2.8056e+06
811.708	  2.80347e+06
811.995	  2.80133e+06
812.282	  2.7992e+06
812.569	  2.79707e+06
812.856	  2.79494e+06
813.143	  2.79281e+06
813.43	  2.79068e+06
813.717	  2.78856e+06
814.004	  2.78643e+06
814.291	  2.78431e+06
814.578	  2.78219e+06
814.865	  2.78007e+06
815.152	  2.77795e+06
815.439	  2.77583e+06
815.726	  2.77371e+06
816.013	  2.7716e+06
816.3	  2.76948e+06
816.587	  2.76737e+06
816.874	  2.76526e+06
817.161	  2.76315e+06
817.448	  2.76104e+06
817.735	  2.75893e+06
818.022	  2.75682e+06
818.309	  2.75472e+06
818.596	  2.75262e+06
818.883	  2.75051e+06
819.17	  2.74841e+06
819.457	  2.74631e+06
820.002	  2.74233e+06
820.031	  2.74212e+06
820.059	  2.74191e+06
820.088	  2.7417e+06
820.117	  2.74149e+06
820.146	  2.74128e+06
820.174	  2.74107e+06
820.203	  2.74086e+06
820.232	  2.74065e+06
820.26	  2.74044e+06
820.289	  2.74023e+06
820.318	  2.74002e+06
820.346	  2.73981e+06
820.375	  2.7396e+06
820.404	  2.73939e+06
820.433	  2.73918e+06
820.461	  2.73897e+06
820.49	  2.73876e+06
820.519	  2.73855e+06
820.547	  2.73835e+06
820.576	  2.73814e+06
820.605	  2.73793e+06
820.633	  2.56626e+06
820.662	  2.56605e+06
820.691	  2.56584e+06
820.72	  2.56563e+06
820.748	  2.56542e+06
820.777	  2.56521e+06
820.806	  2.565e+06
820.834	  2.5648e+06
820.863	  2.56459e+06
820.892	  2.56438e+06
820.92	  2.56417e+06
820.949	  2.56396e+06
820.978	  2.56375e+06
821.007	  2.56354e+06
821.035	  2.56334e+06
821.064	  2.56313e+06
821.093	  2.56292e+06
821.121	  2.56271e+06
821.15	  2.5625e+06
821.179	  2.56229e+06
821.207	  2.56209e+06
821.236	  2.56188e+06
821.265	  2.56167e+06
821.294	  2.56146e+06
821.322	  2.56125e+06
821.351	  2.56104e+06
821.38	  2.56084e+06
821.408	  2.56063e+06
821.437	  2.56042e+06
821.466	  2.56021e+06
821.494	  2.56e+06
821.523	  2.55979e+06
821.552	  2.55959e+06
821.581	  2.55938e+06
821.609	  2.55917e+06
821.638	  2.55896e+06
821.667	  2.55875e+06
821.695	  2.55854e+06
821.724	  2.55834e+06
821.753	  2.55813e+06
821.781	  2.55792e+06
821.81	  2.55771e+06
821.839	  2.5575e+06
821.868	  2.5573e+06
821.896	  2.55709e+06
821.925	  2.55688e+06
821.954	  2.55667e+06
821.982	  2.55646e+06
822.011	  2.55626e+06
822.011	  2.55626e+06
822.298	  2.55418e+06
822.585	  2.5521e+06
822.872	  2.55002e+06
823.159	  2.54795e+06
823.446	  2.54587e+06
823.733	  2.5438e+06
824.02	  2.54173e+06
824.307	  2.53966e+06
824.594	  2.53759e+06
824.881	  2.53552e+06
825.168	  2.53346e+06
825.455	  2.53139e+06
825.742	  2.52933e+06
826.029	  2.52727e+06
826.316	  2.5252e+06
826.603	  2.52315e+06
826.89	  2.52109e+06
827.177	  2.51903e+06
827.464	  2.51698e+06
827.751	  2.51492e+06
828.038	  2.51287e+06
828.325	  2.51082e+06
828.612	  2.50877e+06
828.899	  2.50672e+06
829.186	  2.50467e+06
829.473	  2.50263e+06
829.76	  2.50058e+06
830.047	  2.49854e+06
830.334	  2.4965e+06
830.621	  2.49446e+06
830.908	  2.49242e+06
831.195	  2.49038e+06
831.482	  2.48835e+06
831.769	  2.48631e+06
832.056	  2.48428e+06
832.343	  2.48225e+06
832.63	  2.48022e+06
832.917	  2.47819e+06
833.204	  2.47616e+06
833.491	  2.47413e+06
833.778	  2.47211e+06
834.065	  2.47009e+06
834.352	  2.46806e+06
834.639	  2.46604e+06
834.926	  2.46402e+06
835.213	  2.462e+06
835.5	  2.45999e+06
835.787	  2.45797e+06
836.074	  2.45596e+06
836.361	  2.45394e+06
836.648	  2.45193e+06
836.935	  2.44992e+06
837.222	  2.44791e+06
837.509	  2.44591e+06
837.796	  2.4439e+06
838.083	  2.4419e+06
838.37	  2.43989e+06
838.657	  2.43789e+06
838.944	  2.43589e+06
839.231	  2.43389e+06
839.518	  2.43189e+06
839.805	  2.4299e+06
840.092	  2.4279e+06
840.379	  2.42591e+06
840.666	  2.42391e+06
840.953	  2.42192e+06
841.24	  2.41993e+06
841.527	  2.41795e+06
841.814	  2.41596e+06
842.101	  2.41397e+06
842.388	  2.41199e+06
842.675	  2.41001e+06
842.962	  2.40802e+06
843.249	  2.40604e+06
843.536	  2.40406e+06
843.823	  2.40209e+06
844.11	  2.40011e+06
844.397	  2.39814e+06
844.684	  2.39616e+06
844.971	  2.39419e+06
845.258	  2.39222e+06
845.545	  2.39025e+06
845.832	  2.38828e+06
846.119	  2.38632e+06
846.406	  2.38435e+06
846.693	  2.38239e+06
846.98	  2.38042e+06
847.267	  2.37846e+06
847.554	  2.3765e+06
847.841	  2.37454e+06
848.128	  2.37259e+06
848.415	  2.37063e+06
848.702	  2.36868e+06
848.989	  2.36672e+06
849.276	  2.36477e+06
849.563	  2.36282e+06
849.85	  2.36087e+06
850.137	  2.35892e+06
850.424	  2.35698e+06
850.711	  2.35503e+06
850.998	  2.35309e+06
851.285	  2.35115e+06
851.572	  2.34921e+06
851.859	  2.34727e+06
852.146	  2.34533e+06
852.433	  2.34339e+06
852.72	  2.34146e+06
853.007	  2.33952e+06
853.294	  2.33759e+06
853.581	  2.33566e+06
853.868	  2.33373e+06
854.155	  2.3318e+06
854.442	  2.32987e+06
854.729	  2.32794e+06
855.016	  2.32602e+06
855.303	  2.3241e+06
855.59	  2.32217e+06
855.877	  2.32025e+06
856.164	  2.31833e+06
856.451	  2.31642e+06
856.738	  2.3145e+06
857.025	  2.31258e+06
857.312	  2.31067e+06
857.599	  2.30876e+06
857.886	  2.30685e+06
858.173	  2.30494e+06
858.46	  2.30303e+06
858.747	  2.30112e+06
859.034	  2.29921e+06
859.321	  2.29731e+06
859.608	  2.29541e+06
859.895	  2.2935e+06
860.182	  2.2916e+06
860.469	  2.2897e+06
860.756	  2.28781e+06
861.043	  2.28591e+06
861.33	  2.28402e+06
861.617	  2.28212e+06
861.904	  2.28023e+06
862.191	  2.27834e+06
862.478	  2.27645e+06
862.765	  2.27456e+06
863.052	  2.27267e+06
863.339	  2.27079e+06
863.626	  2.2689e+06
863.913	  2.26702e+06
864.2	  2.26514e+06
864.487	  2.26326e+06
864.774	  2.26138e+06
865.061	  2.2595e+06
865.348	  2.25762e+06
865.635	  2.25575e+06
865.922	  2.25388e+06
866.209	  2.252e+06
866.496	  2.25013e+06
866.783	  2.24826e+06
867.07	  2.24639e+06
867.357	  2.24453e+06
867.644	  2.24266e+06
867.931	  2.2408e+06
868.218	  2.23893e+06
868.505	  2.23707e+06
868.792	  2.23521e+06
869.079	  2.23335e+06
869.366	  2.2315e+06
869.653	  2.22964e+06
869.94	  2.22778e+06
870.227	  2.22593e+06
870.514	  2.22408e+06
870.801	  2.22223e+06
871.088	  2.22038e+06
871.375	  2.21853e+06
871.662	  2.21668e+06
871.949	  2.21484e+06
872.236	  2.21299e+06
872.523	  2.21115e+06
872.81	  2.20931e+06
873.097	  2.20747e+06
873.384	  2.20563e+06
873.671	  2.20379e+06
873.958	  2.20195e+06
874.245	  2.20012e+06
874.532	  2.19829e+06
874.819	  2.19645e+06
875.106	  2.19462e+06
875.393	  2.19279e+06
875.68	  2.19096e+06
875.967	  2.18914e+06
876.254	  2.18731e+06
876.541	  2.18549e+06
876.828	  2.18366e+06
877.115	  2.18184e+06
877.402	  2.18002e+06
877.689	  2.1782e+06
877.976	  2.17638e+06
878.263	  2.17457e+06
878.55	  2.17275e+06
878.837	  2.17094e+06
879.124	  2.16913e+06
879.411	  2.16732e+06
879.698	  2.16551e+06
879.985	  2.1637e+06
880.272	  2.16189e+06
880.559	  2.16008e+06
880.846	  2.15828e+06
881.133	  2.15648e+06
881.42	  2.15467e+06
881.707	  2.15287e+06
881.994	  2.15107e+06
882.281	  2.14928e+06
882.568	  2.14748e+06
882.855	  2.14568e+06
883.142	  2.14389e+06
883.429	  2.1421e+06
883.716	  2.14031e+06
884.003	  2.13852e+06
884.29	  2.13673e+06
884.577	  2.13494e+06
884.864	  2.13315e+06
885.151	  2.13137e+06
885.438	  2.12959e+06
885.725	  2.1278e+06
886.012	  2.12602e+06
886.299	  2.12424e+06
886.586	  2.12247e+06
886.873	  2.12069e+06
887.16	  2.11891e+06
887.447	  2.11714e+06
887.734	  2.11537e+06
888.021	  2.11359e+06
888.308	  2.11182e+06
888.595	  2.11005e+06
888.882	  2.10829e+06
889.169	  2.10652e+06
889.456	  2.10475e+06
889.743	  2.10299e+06
890.03	  2.10123e+06
890.317	  2.09947e+06
890.604	  2.09771e+06
890.891	  2.09595e+06
891.178	  2.09419e+06
891.465	  2.09244e+06
891.752	  2.09068e+06
892.039	  2.08893e+06
892.326	  2.08717e+06
892.613	  2.08542e+06
892.9	  2.08367e+06
893.187	  2.08193e+06
893.474	  2.08018e+06
893.761	  2.07843e+06
894.048	  2.07669e+06
894.335	  2.07495e+06
894.622	  2.07321e+06
894.909	  2.07146e+06
895.196	  2.06973e+06
895.483	  2.06799e+06
895.77	  2.06625e+06
896.057	  2.06452e+06
896.344	  2.06278e+06
896.631	  2.06105e+06
896.918	  2.05932e+06
897.205	  2.05759e+06
897.492	  2.05586e+06
897.779	  2.05413e+06
898.066	  2.05241e+06
898.353	  2.05068e+06
898.64	  2.04896e+06
898.927	  2.04723e+06
899.214	  2.04551e+06
899.501	  2.04379e+06
899.788	  2.04208e+06
900.075	  2.04036e+06
900.362	  2.03864e+06
900.649	  2.03693e+06
900.936	  2.03522e+06
901.223	  2.0335e+06
901.51	  2.03179e+06
901.797	  2.03008e+06
902.084	  2.02838e+06
902.371	  2.02667e+06
902.658	  2.02496e+06
902.945	  2.02326e+06
903.232	  2.02156e+06
903.519	  2.01985e+06
903.806	  2.01815e+06
904.093	  2.01645e+06
904.38	  2.01476e+06
904.667	  2.01306e+06
904.954	  2.01136e+06
905.241	  2.00967e+06
905.528	  2.00798e+06
905.815	  2.00629e+06
906.102	  2.0046e+06
906.389	  2.00291e+06
906.676	  2.00122e+06
906.963	  1.99953e+06
907.25	  1.99785e+06
907.537	  1.99616e+06
907.824	  1.99448e+06
908.111	  1.9928e+06
908.398	  1.99112e+06
908.685	  1.98944e+06
908.972	  1.98777e+06
909.259	  1.98609e+06
909.546	  1.98441e+06
909.833	  1.98274e+06
910.12	  1.98107e+06
910.407	  1.9794e+06
910.694	  1.97773e+06
910.981	  1.97606e+06
911.268	  1.97439e+06
911.555	  1.97273e+06
911.842	  1.97106e+06
912.129	  1.9694e+06
912.416	  1.96774e+06
912.703	  1.96607e+06
912.99	  1.96442e+06
913.277	  1.96276e+06
913.564	  1.9611e+06
913.851	  1.95944e+06
914.138	  1.95779e+06
914.425	  1.95614e+06
914.712	  1.95448e+06
914.999	  1.95283e+06
915.286	  1.95118e+06
915.573	  1.94954e+06
915.86	  1.94789e+06
916.147	  1.94624e+06
916.434	  1.9446e+06
916.721	  1.94296e+06
917.008	  1.94131e+06
917.295	  1.93967e+06
917.582	  1.93803e+06
917.869	  1.9364e+06
918.156	  1.93476e+06
918.443	  1.93312e+06
918.73	  1.93149e+06
919.017	  1.92986e+06
919.304	  1.92822e+06
919.591	  1.92659e+06
919.878	  1.92496e+06
920.165	  1.92334e+06
920.452	  1.92171e+06
920.739	  1.92008e+06
921.026	  1.91846e+06
921.313	  1.91684e+06
921.6	  1.91521e+06
921.887	  1.91359e+06
922.174	  1.91197e+06
922.461	  1.91036e+06
922.748	  1.90874e+06
923.035	  1.90712e+06
923.322	  1.90551e+06
923.609	  1.9039e+06
923.896	  1.90228e+06
924.183	  1.90067e+06
924.47	  1.89906e+06
924.757	  1.89746e+06
925.044	  1.89585e+06
925.331	  1.89424e+06
925.618	  1.89264e+06
925.905	  1.89104e+06
926.192	  1.88943e+06
926.479	  1.88783e+06
926.766	  1.88623e+06
927.053	  1.88463e+06
927.34	  1.88304e+06
927.627	  1.88144e+06
927.914	  1.87985e+06
928.201	  1.87825e+06
928.488	  1.87666e+06
928.775	  1.87507e+06
929.062	  1.87348e+06
929.349	  1.87189e+06
929.636	  1.87031e+06
929.923	  1.86872e+06
930.21	  1.86714e+06
930.497	  1.86555e+06
930.784	  1.86397e+06
931.071	  1.86239e+06
931.358	  1.86081e+06
931.645	  1.85923e+06
931.932	  1.85765e+06
932.219	  1.85608e+06
932.506	  1.8545e+06
932.793	  1.85293e+06
933.08	  1.85136e+06
933.367	  1.84979e+06
933.654	  1.84822e+06
933.941	  1.84665e+06
934.228	  1.84508e+06
934.515	  1.84351e+06
934.802	  1.84195e+06
935.089	  1.84039e+06
935.376	  1.83882e+06
935.663	  1.83726e+06
935.95	  1.8357e+06
936.237	  1.83414e+06
936.524	  1.83258e+06
936.811	  1.83103e+06
937.098	  1.82947e+06
937.385	  1.82792e+06
937.672	  1.82637e+06
937.959	  1.82481e+06
938.246	  1.82326e+06
938.533	  1.82172e+06
938.82	  1.82017e+06
939.107	  1.81862e+06
939.394	  1.81708e+06
939.681	  1.81553e+06
939.968	  1.81399e+06
940.255	  1.81245e+06
940.542	  1.81091e+06
940.829	  1.80937e+06
941.116	  1.80783e+06
941.403	  1.80629e+06
941.69	  1.80475e+06
941.977	  1.80322e+06
942.264	  1.80169e+06
942.551	  1.80015e+06
942.838	  1.79862e+06
943.125	  1.79709e+06
943.412	  1.79557e+06
943.699	  1.79404e+06
943.986	  1.79251e+06
944.273	  1.79099e+06
944.56	  1.78946e+06
944.847	  1.78794e+06
945.134	  1.78642e+06
945.421	  1.7849e+06
945.708	  1.78338e+06
945.995	  1.78186e+06
946.282	  1.78035e+06
946.569	  1.77883e+06
946.856	  1.77732e+06
947.143	  1.7758e+06
947.43	  1.77429e+06
947.717	  1.77278e+06
948.004	  1.77127e+06
948.291	  1.76976e+06
948.578	  1.76826e+06
948.865	  1.76675e+06
949.152	  1.76525e+06
949.439	  1.76374e+06
949.726	  1.76224e+06
950.013	  1.76074e+06
950.3	  1.75924e+06
950.587	  1.75774e+06
950.874	  1.75624e+06
951.161	  1.75475e+06
951.448	  1.75325e+06
951.735	  1.75176e+06
952.022	  1.75027e+06
952.309	  1.74877e+06
952.596	  1.74728e+06
952.883	  1.74579e+06
953.17	  1.74431e+06
953.457	  1.74282e+06
953.744	  1.74133e+06
954.031	  1.73985e+06
954.318	  1.73837e+06
954.605	  1.73688e+06
954.892	  1.7354e+06
955.179	  1.73392e+06
955.466	  1.73245e+06
955.753	  1.73097e+06
956.04	  1.72949e+06
956.327	  1.72802e+06
956.614	  1.72654e+06
956.901	  1.72507e+06
957.188	  1.7236e+06
957.475	  1.72213e+06
957.762	  1.72066e+06
958.049	  1.71919e+06
958.336	  1.71772e+06
958.623	  1.71626e+06
958.91	  1.71479e+06
959.197	  1.71333e+06
959.484	  1.71187e+06
959.771	  1.71041e+06
960.058	  1.70895e+06
960.345	  1.70749e+06
960.632	  1.70603e+06
960.919	  1.70458e+06
961.206	  1.70312e+06
961.493	  1.70167e+06
961.78	  1.70021e+06
962.067	  1.69876e+06
962.354	  1.69731e+06
962.641	  1.69586e+06
962.928	  1.69441e+06
963.215	  1.69297e+06
963.502	  1.69152e+06
963.789	  1.69008e+06
964.076	  1.68863e+06
964.363	  1.68719e+06
964.65	  1.68575e+06
964.937	  1.68431e+06
965.224	  1.68287e+06
965.511	  1.68143e+06
965.798	  1.68e+06
966.085	  1.67856e+06
966.372	  1.67713e+06
966.659	  1.67569e+06
966.946	  1.67426e+06
967.233	  1.67283e+06
967.52	  1.6714e+06
967.807	  1.66997e+06
968.094	  1.66855e+06
968.381	  1.66712e+06
968.668	  1.6657e+06
968.955	  1.66427e+06
969.242	  1.66285e+06
969.529	  1.66143e+06
969.816	  1.66001e+06
970.103	  1.65859e+06
970.39	  1.65717e+06
970.677	  1.65575e+06
970.964	  1.65434e+06
971.251	  1.65292e+06
971.538	  1.65151e+06
971.825	  1.6501e+06
972.112	  1.64868e+06
972.399	  1.64727e+06
972.686	  1.64587e+06
972.973	  1.64446e+06
973.26	  1.64305e+06
973.547	  1.64165e+06
973.834	  1.64024e+06
974.121	  1.63884e+06
974.408	  1.63744e+06
974.695	  1.63603e+06
974.982	  1.63463e+06
975.269	  1.63324e+06
975.556	  1.63184e+06
975.843	  1.63044e+06
976.13	  1.62905e+06
976.417	  1.62765e+06
976.704	  1.62626e+06
976.991	  1.62487e+06
977.278	  1.62348e+06
977.565	  1.62209e+06
977.852	  1.6207e+06
978.139	  1.61931e+06
978.426	  1.61792e+06
978.713	  1.61654e+06
979	  1.61515e+06
979.287	  1.61377e+06
979.574	  1.61239e+06
979.861	  1.61101e+06
980.148	  1.60963e+06
980.435	  1.60825e+06
980.722	  1.60687e+06
981.009	  1.6055e+06
981.296	  1.60412e+06
981.583	  1.60275e+06
981.87	  1.60138e+06
982.157	  1.6e+06
982.444	  1.59863e+06
982.731	  1.59726e+06
983.018	  1.5959e+06
983.305	  1.59453e+06
983.592	  1.59316e+06
983.879	  1.5918e+06
984.166	  1.59043e+06
984.453	  1.58907e+06
984.74	  1.58771e+06
985.027	  1.58635e+06
985.314	  1.58499e+06
985.601	  1.58363e+06
985.888	  1.58227e+06
986.175	  1.58092e+06
986.462	  1.57956e+06
986.749	  1.57821e+06
987.036	  1.57685e+06
987.323	  1.5755e+06
987.61	  1.57415e+06
987.897	  1.5728e+06
988.184	  1.57145e+06
988.471	  1.57011e+06
988.758	  1.56876e+06
989.045	  1.56742e+06
989.332	  1.56607e+06
989.619	  1.56473e+06
989.906	  1.56339e+06
990.193	  1.56205e+06
990.48	  1.56071e+06
990.767	  1.55937e+06
991.054	  1.55803e+06
991.341	  1.55669e+06
991.628	  1.55536e+06
991.915	  1.55402e+06
992.202	  1.55269e+06
992.489	  1.55136e+06
992.776	  1.55003e+06
993.063	  1.5487e+06
993.35	  1.54737e+06
993.637	  1.54604e+06
993.924	  1.54472e+06
994.211	  1.54339e+06
994.498	  1.54207e+06
994.785	  1.54074e+06
995.072	  1.53942e+06
995.359	  1.5381e+06
995.646	  1.53678e+06
995.933	  1.53546e+06
996.22	  1.53414e+06
996.507	  1.53283e+06
996.794	  1.53151e+06
997.081	  1.5302e+06
997.368	  1.52888e+06
997.655	  1.52757e+06
997.942	  1.52626e+06
998.229	  1.52495e+06
998.516	  1.52364e+06
998.803	  1.52233e+06
999.09	  1.52103e+06
999.377	  1.51972e+06
999.664	  1.51841e+06
999.951	  1.51711e+06
1000.24	  1.51581e+06
1000.52	  1.51451e+06
1000.81	  1.51321e+06
1001.1	  1.51191e+06
1001.39	  1.51061e+06
1001.67	  1.50931e+06
1001.96	  1.50801e+06
1002.25	  1.50672e+06
1002.53	  1.50543e+06
1002.82	  1.50413e+06
1003.11	  1.50284e+06
1003.39	  1.50155e+06
1003.68	  1.50026e+06
1003.97	  1.49897e+06
1004.26	  1.49768e+06
1004.54	  1.4964e+06
1004.83	  1.49511e+06
1005.12	  1.49383e+06
1005.4	  1.49254e+06
1005.69	  1.49126e+06
1005.98	  1.48998e+06
1006.26	  1.4887e+06
1006.55	  1.48742e+06
1006.84	  1.48614e+06
1007.13	  1.48487e+06
1007.41	  1.48359e+06
1007.7	  1.48231e+06
1007.99	  1.48104e+06
1008.27	  1.47977e+06
1008.56	  1.4785e+06
1008.85	  1.47723e+06
1009.13	  1.47596e+06
1009.42	  1.47469e+06
1009.71	  1.47342e+06
1010	  1.47215e+06
1010.28	  1.47089e+06
1010.57	  1.46962e+06
1010.86	  1.46836e+06
1011.14	  1.4671e+06
1011.43	  1.46584e+06
1011.72	  1.46458e+06
1012	  1.46332e+06
1012.29	  1.46206e+06
1012.58	  1.4608e+06
1012.87	  1.45955e+06
1013.15	  1.45829e+06
1013.44	  1.45704e+06
1013.73	  1.45578e+06
1014.01	  1.45453e+06
1014.3	  1.45328e+06
1014.59	  1.45203e+06
1014.88	  1.45078e+06
1015.16	  1.44954e+06
1015.45	  1.44829e+06
1015.74	  1.44704e+06
1016.02	  1.4458e+06
1016.31	  1.44456e+06
1016.6	  1.44331e+06
1016.88	  1.44207e+06
1017.17	  1.44083e+06
1017.46	  1.43959e+06
1017.75	  1.43835e+06
1018.03	  1.43712e+06
1018.32	  1.43588e+06
1018.61	  1.43464e+06
1018.89	  1.43341e+06
1019.18	  1.43218e+06
1019.47	  1.43095e+06
1019.98	  1.42877e+06
1021.08	  1.42406e+06
1022.17	  1.41937e+06
1023.27	  1.41469e+06
1024.38	  1.41003e+06
1025.47	  1.40539e+06
1026.58	  1.40076e+06
1027.67	  1.39614e+06
1028.78	  1.39154e+06
1029.88	  1.38695e+06
1030.97	  1.38238e+06
1032.08	  1.37783e+06
1033.17	  1.37328e+06
1034.28	  1.36876e+06
1035.38	  1.36424e+06
1036.47	  1.35974e+06
1037.58	  1.35526e+06
1038.67	  1.35079e+06
1039.78	  1.34634e+06
1040.88	  1.3419e+06
1041.97	  1.33747e+06
1043.08	  1.33306e+06
1044.17	  1.32866e+06
1045.28	  1.32428e+06
1046.38	  1.31991e+06
1047.47	  1.31556e+06
1048.58	  1.31122e+06
1049.67	  1.30689e+06
1050.78	  1.30258e+06
1051.88	  1.29828e+06
1052.97	  1.294e+06
1054.08	  1.28973e+06
1055.17	  1.28547e+06
1056.28	  1.28123e+06
1057.38	  1.277e+06
1058.47	  1.27279e+06
1059.58	  1.26858e+06
1060.67	  1.2644e+06
1061.78	  1.26022e+06
1062.88	  1.25607e+06
1063.97	  1.25192e+06
1065.08	  1.24779e+06
1066.17	  1.24367e+06
1067.28	  1.23956e+06
1068.38	  1.23547e+06
1069.47	  1.23139e+06
1070.58	  1.22733e+06
1071.67	  1.22328e+06
1072.78	  1.21924e+06
1073.88	  1.21522e+06
1074.97	  1.21121e+06
1076.08	  1.20721e+06
1077.17	  1.20322e+06
1078.28	  1.19925e+06
1079.38	  1.19529e+06
1080.47	  1.19135e+06
1081.58	  1.18742e+06
1082.67	  1.1835e+06
1083.78	  1.17959e+06
1084.88	  1.1757e+06
1085.97	  1.17182e+06
1087.08	  1.16795e+06
1088.17	  1.1641e+06
1089.28	  1.16025e+06
1090.38	  1.15642e+06
1091.47	  1.15261e+06
1092.58	  1.1488e+06
1093.67	  1.14501e+06
1094.78	  1.14124e+06
1095.88	  1.13747e+06
1096.97	  1.13372e+06
1098.08	  1.12998e+06
1099.17	  1.12625e+06
1100.28	  1.12253e+06
1101.38	  1.11883e+06
1102.47	  1.11514e+06
1103.58	  1.11146e+06
1104.67	  1.1078e+06
1105.78	  1.10414e+06
1106.88	  1.1005e+06
1107.97	  1.09687e+06
1109.08	  1.09326e+06
1110.17	  1.08965e+06
1111.28	  1.08606e+06
1112.38	  1.08248e+06
1113.47	  1.07891e+06
1114.58	  1.07535e+06
1115.67	  1.07181e+06
1116.78	  1.06828e+06
1117.88	  1.06476e+06
1118.97	  1.06125e+06
1120.08	  1.05775e+06
1121.17	  1.05427e+06
1122.28	  1.05079e+06
1123.38	  1.04733e+06
1124.47	  1.04388e+06
1125.58	  1.04044e+06
1126.67	  1.03702e+06
1127.78	  1.0336e+06
1128.88	  1.0302e+06
1129.97	  1.02681e+06
1131.08	  1.02343e+06
1132.17	  1.02006e+06
1133.28	  1.0167e+06
1134.38	  1.01336e+06
1135.47	  1.01002e+06
1136.58	  1.0067e+06
1137.67	  1.00339e+06
1138.78	  1.00009e+06
1139.88	  996797
1140.97	  993519
1142.08	  990252
1143.17	  986997
1144.28	  983752
1145.38	  980519
1146.47	  977297
1147.58	  974085
1148.67	  970885
1149.78	  967696
1150.88	  964517
1151.97	  961350
1153.08	  958193
1154.17	  955047
1155.28	  951912
1156.38	  948788
1157.47	  945675
1158.58	  942572
1159.67	  939480
1160.78	  936398
1161.88	  933328
1162.97	  930267
1164.08	  927218
1165.17	  924179
1166.28	  921150
1167.38	  918132
1168.47	  915124
1169.58	  912127
1170.67	  909140
1171.78	  906163
1172.88	  903197
1173.97	  900241
1175.08	  897295
1176.17	  894359
1177.28	  891434
1178.38	  888519
1179.47	  885613
1180.58	  882718
1181.67	  879833
1182.78	  876959
1183.88	  874094
1184.97	  871239
1186.08	  868394
1187.17	  865559
1188.28	  862734
1189.38	  859918
1190.47	  857113
1191.58	  854317
1192.67	  851531
1193.78	  848755
1194.88	  845989
1195.97	  843232
1197.08	  840485
1198.17	  837748
1199.28	  835020
1200.38	  832301
1201.47	  829593
1202.58	  826894
1203.67	  824204
1204.78	  821524
1205.88	  818853
1206.97	  816191
1208.08	  813539
1209.17	  810897
1210.28	  808263
1211.38	  805639
1212.47	  803024
1213.58	  800419
1214.67	  797822
1215.78	  795235
1216.88	  792657
1217.97	  790088
1219.08	  787528
1220.17	  784978
1221.28	  782436
1222.38	  779903
1223.47	  777380
1224.58	  774865
1225.67	  772359
1226.78	  769862
1227.88	  767374
1228.97	  764895
1230.08	  762425
1231.17	  759964
1232.28	  757511
1233.38	  755067
1234.47	  752632
1235.58	  750205
1236.67	  747787
1237.78	  745378
1238.88	  742978
1239.97	  740586
1241.08	  738202
1242.17	  735827
1243.28	  733461
1244.38	  731103
1245.47	  728754
1246.58	  726413
1247.67	  724080
1248.78	  721756
1249.88	  719440
1250.97	  717133
1252.08	  714834
1253.17	  712543
1254.28	  710261
1255.38	  707986
1256.47	  705720
1257.58	  703462
1258.67	  701213
1259.78	  698971
1260.88	  696738
1261.97	  694512
1263.08	  692295
1264.17	  690086
1265.28	  687884
1266.38	  685691
1267.47	  683506
1268.58	  681329
1269.67	  679159
1270.78	  676998
1271.88	  674844
1272.97	  672699
1274.08	  670561
1275.17	  668431
1276.28	  666308
1277.38	  664194
1278.47	  662087
1279.58	  659988
1280.67	  657897
1281.78	  655813
1282.88	  653737
1283.97	  651668
1285.08	  649608
1286.17	  647554
1287.28	  645509
1288.38	  643470
1289.47	  641440
1290.58	  639417
1291.67	  637401
1292.78	  635393
1293.88	  633392
1294.97	  631398
1296.08	  629412
1297.17	  627434
1298.28	  625462
1299.38	  623498
1300.47	  621541
1301.58	  619592
1302.67	  617650
1303.78	  615715
1304.88	  613787
1305.97	  611866
1307.08	  609953
1308.17	  608046
1309.28	  606147
1310.38	  604255
1311.47	  602370
1312.58	  600492
1313.67	  598621
1314.78	  596757
1315.88	  594900
1316.97	  593050
1318.08	  591207
1319.17	  589371
1320.28	  587542
1321.38	  585719
1322.47	  583904
1323.58	  582095
1324.67	  580294
1325.78	  578499
1326.88	  576710
1327.97	  574929
1329.08	  573154
1330.17	  571386
1331.28	  569625
1332.38	  567871
1333.47	  566123
1334.58	  564382
1335.67	  562647
1336.78	  560919
1337.88	  559198
1338.97	  557483
1340.08	  555775
1341.17	  554073
1342.28	  552378
1343.38	  550689
1344.47	  549007
1345.58	  547331
1346.67	  545661
1347.78	  543998
1348.88	  542342
1349.97	  540692
1351.08	  539048
1352.17	  537410
1353.28	  535779
1354.38	  534154
1355.47	  532536
1356.58	  530924
1357.67	  529317
1358.78	  527718
1359.88	  526124
1360.97	  524537
1362.08	  522956
1363.17	  521380
1364.28	  519812
1365.38	  518249
1366.47	  516692
1367.58	  515141
1368.67	  513597
1369.78	  512059
1370.88	  510526
1371.97	  509000
1373.08	  507479
1374.17	  505965
1375.28	  504456
1376.38	  502954
1377.47	  501457
1378.58	  499967
1379.67	  498482
1380.78	  497003
1381.88	  495530
1382.97	  494063
1384.08	  492602
1385.17	  491146
1386.28	  489696
1387.38	  488252
1388.47	  486814
1389.58	  485382
1390.67	  483955
1391.78	  482534
1392.88	  481119
1393.97	  479710
1395.08	  478306
1396.17	  476907
1397.28	  475515
1398.38	  474128
1399.47	  472746
1400.58	  471371
1401.67	  470000
1402.78	  468636
1403.88	  467277
1404.97	  465923
1406.08	  464575
1407.17	  463233
1408.28	  461895
1409.38	  460564
1410.47	  459238
1411.58	  457917
1412.67	  456602
1413.78	  455292
1414.88	  453987
1415.97	  452688
1417.08	  451394
1418.17	  450106
1419.28	  448823
1420.38	  447545
1421.47	  446273
1422.58	  445006
1423.67	  443744
1424.78	  442487
1425.88	  441236
1426.97	  439990
1428.08	  438749
1429.17	  437513
1430.28	  436283
1431.38	  435057
1432.47	  433837
1433.58	  432622
1434.67	  431412
1435.78	  430207
1436.88	  429008
1437.97	  427813
1439.08	  426624
1440.17	  425439
1441.28	  424260
1442.38	  423086
1443.47	  421917
1444.58	  420752
1445.67	  419593
1446.78	  418439
1447.88	  417290
1448.97	  416145
1450.08	  415006
1451.17	  413872
1452.28	  412742
1453.38	  411618
1454.47	  410498
1455.58	  409383
1456.67	  408273
1457.78	  407168
1458.88	  382500
1459.97	  381422
1461.08	  380348
1462.17	  379279
1463.28	  378215
1464.38	  377156
1465.47	  376102
1466.58	  375052
1467.67	  374007
1468.78	  372967
1469.88	  371931
1470.97	  370901
1472.08	  369874
1473.17	  368853
1474.28	  367837
1475.38	  366825
1476.47	  365817
1477.58	  364815
1478.67	  363817
1479.78	  362823
1480.88	  361835
1481.97	  360851
1483.08	  359871
1484.17	  358896
1485.28	  357926
1486.38	  356960
1487.47	  355999
1488.58	  355042
1489.67	  354090
1490.78	  353143
1491.88	  352200
1492.97	  351261
1494.08	  350327
1495.17	  349398
1496.28	  348473
1497.38	  347552
1498.47	  346636
1499.58	  345724
1500.67	  344817
1501.78	  343915
1502.88	  343016
1503.97	  342123
1505.08	  341233
1506.17	  340348
1507.28	  339467
1508.38	  338591
1509.47	  337719
1510.58	  336852
1511.67	  335989
1512.78	  335130
1513.88	  334276
1514.97	  333426
1516.08	  332580
1517.17	  331738
1518.28	  330901
1519.38	  330069
1520.47	  329240
1521.58	  328416
1522.67	  327596
1523.78	  326781
1524.88	  325969
1525.97	  325162
1527.08	  324360
1528.17	  323561
1529.28	  322767
1530.38	  321977
1531.47	  321191
1532.58	  320410
1533.67	  319632
1534.78	  318859
1535.88	  318090
1536.97	  317326
1538.08	  316565
1539.17	  315809
1540.28	  315057
1541.38	  314310
1542.47	  313566
1543.58	  312827
1544.67	  312091
1545.78	  311360
1546.88	  310633
1547.97	  309911
1549.08	  309192
1550.17	  308478
1551.28	  307768
1552.38	  307062
1553.47	  306360
1554.58	  305662
1555.67	  304969
1556.78	  304280
1557.88	  303594
1558.97	  302913
1560.08	  302236
1561.17	  301564
1562.28	  300895
1563.38	  300231
1564.47	  299570
1565.58	  298914
1566.67	  298262
1567.78	  297615
1568.88	  296971
1569.97	  296331
1571.08	  295696
1572.17	  295065
1573.28	  294438
1574.38	  293815
1575.47	  293197
1576.58	  292582
1577.67	  291972
1578.78	  291366
1579.88	  290764
1580.97	  290166
1582.08	  289573
1583.17	  288983
1584.28	  288398
1585.38	  287818
1586.47	  287241
1587.58	  286669
1588.67	  286101
1589.78	  285537
1590.88	  284977
1591.97	  284422
1593.08	  283871
1594.17	  283325
1595.28	  282783
1596.38	  282245
1597.47	  281711
1598.58	  281182
1599.67	  280657
1600.78	  280137
1601.88	  279621
1602.97	  279110
1604.08	  278603
1605.17	  278101
1606.28	  277603
1607.38	  277110
1608.47	  276622
1609.58	  276138
1610.67	  275659
1611.78	  275184
1612.88	  274715
1613.97	  274250
1615.08	  273790
1616.17	  273335
1617.28	  272885
1618.38	  272440
1619.47	  272001
1620.58	  271566
1621.67	  271137
1622.78	  270713
1623.88	  270294
1624.97	  269881
1626.08	  269474
1627.17	  269073
1628.28	  268678
1629.38	  268288
1630.47	  267906
1631.58	  267529
1632.67	  267160
1633.78	  266797
1634.88	  266443
1635.97	  266096
1637.08	  265758
1638.17	  265429
1639.28	  265111
1640.38	  264805
1641.47	  264515
1642.58	  264254
1643.67	  263998
1644.78	  263743
1645.88	  263488
1646.97	  263234
1648.08	  262979
1649.17	  262725
1650.28	  262472
1651.38	  262219
1652.47	  261966
1653.58	  261713
1654.67	  261461
1655.78	  261209
1656.88	  260957
1657.97	  260706
1659.08	  260455
1660.17	  260204
1661.28	  259954
1662.38	  259704
1663.47	  259454
1664.58	  259205
1665.67	  258956
1666.78	  258707
1667.88	  258459
1668.97	  258211
1670.08	  257963
1671.17	  257716
1672.28	  257468
1673.38	  257222
1674.47	  256975
1675.58	  256729
1676.67	  256483
1677.78	  256238
1678.88	  255992
1679.97	  255748
1681.08	  255503
1682.17	  255259
1683.28	  255015
1684.38	  254771
1685.47	  254528
1686.58	  254285
1687.67	  254042
1688.78	  253800
1689.88	  253557
1690.97	  253316
1692.08	  253074
1693.17	  252833
1694.28	  252592
1695.38	  252352
1696.47	  252111
1697.58	  251872
1698.67	  251632
1699.78	  251393
1700.88	  251154
1701.97	  250915
1703.08	  250677
1704.17	  250438
1705.28	  250201
1706.38	  249963
1707.47	  249726
1708.58	  249489
1709.67	  249253
1710.78	  249016
1711.88	  248780
1712.97	  248545
1714.08	  248309
1715.17	  248074
1716.28	  247839
1717.38	  247605
1718.47	  247371
1719.58	  247137
1720.67	  246903
1721.78	  246670
1722.88	  246437
1723.97	  246204
1725.08	  245972
1726.17	  245740
1727.28	  245508
1728.38	  245277
1729.47	  245046
1730.58	  244815
1731.67	  244584
1732.78	  244354
1733.88	  244124
1734.97	  243894
1736.08	  243664
1737.17	  243435
1738.28	  243206
1739.38	  242978
1740.47	  242750
1741.58	  242522
1742.67	  242294
1743.78	  242067
1744.88	  241839
1745.97	  241613
1747.08	  241386
1748.17	  241160
1749.28	  240934
1750.38	  240708
1751.47	  240483
1752.58	  240258
1753.67	  240033
1754.78	  239808
1755.88	  239584
1756.97	  239360
1758.08	  239136
1759.17	  238913
1760.28	  238690
1761.38	  238467
1762.47	  238244
1763.58	  238022
1764.67	  237800
1765.78	  237578
1766.88	  237357
1767.97	  237136
1769.08	  236915
1770.17	  236694
1771.28	  236474
1772.38	  236254
1773.47	  236034
1774.58	  235815
1775.67	  235595
1776.78	  235376
1777.88	  235158
1778.97	  234939
1780.08	  234721
1781.17	  234503
1782.28	  234286
1783.38	  234069
1784.47	  233852
1785.58	  233635
1786.67	  233418
1787.78	  233202
1788.88	  232986
1789.97	  232770
1791.08	  232555
1792.17	  232340
1793.28	  232125
1794.38	  231911
1795.47	  231696
1796.58	  231482
1797.67	  231268
1798.78	  231055
1799.88	  230842
1800.97	  230629
1802.08	  230416
1803.17	  230204
1804.28	  229991
1805.38	  229779
1806.47	  229568
1807.58	  229356
1808.67	  229145
1809.78	  228934
1810.88	  228724
1811.97	  228514
1813.08	  228304
1814.17	  228094
1815.28	  227884
1816.38	  227675
1817.47	  227466
1818.58	  227257
1819.67	  227049
1820.78	  226840
1821.88	  226632
1822.97	  226425
1824.08	  226217
1825.17	  226010
1826.28	  225803
1827.38	  225596
1828.47	  225390
1829.58	  225184
1830.67	  224978
1831.78	  224772
1832.88	  224567
1833.97	  224362
1835.08	  224157
1836.17	  223952
1837.28	  223748
1838.38	  223544
1839.47	  223340
1840.58	  223136
1841.67	  222933
1842.78	  222730
1843.88	  222527
1844.97	  222324
1846.08	  222122
1847.17	  221920
1848.28	  221718
1849.38	  221516
1850.47	  221315
1851.58	  221114
1852.67	  220913
1853.78	  220712
1854.88	  220512
1855.97	  220312
1857.08	  220112
1858.17	  219912
1859.28	  219713
1860.38	  219514
1861.47	  219315
1862.58	  219116
1863.67	  218918
1864.78	  218720
1865.88	  218522
1866.97	  218324
1868.08	  218127
1869.17	  217930
1870.28	  217733
1871.38	  217536
1872.47	  217340
1873.58	  217143
1874.67	  216948
1875.78	  216752
1876.88	  216556
1877.97	  216361
1879.08	  216166
1880.17	  215971
1881.28	  215777
1882.38	  215583
1883.47	  215389
1884.58	  215195
1885.67	  215001
1886.78	  214808
1887.88	  214615
1888.97	  214422
1890.08	  214229
1891.17	  214037
1892.28	  213845
1893.38	  213653
1894.47	  213461
1895.58	  213270
1896.67	  213078
1897.78	  212888
1898.88	  212697
1899.97	  212506
1901.08	  212316
1902.17	  212126
1903.28	  211936
1904.38	  211747
1905.47	  211557
1906.58	  211368
1907.67	  211179
1908.78	  210991
1909.88	  210802
1910.97	  210614
1912.08	  210426
1913.17	  210238
1914.28	  210051
1915.38	  209863
1916.47	  209676
1917.58	  209490
1918.67	  209303
1919.78	  209117
1920.88	  208931
1921.97	  208745
1923.08	  208559
1924.17	  208373
1925.28	  208188
1926.38	  208003
1927.47	  207818
1928.58	  207634
1929.67	  207450
1930.78	  207265
1931.88	  207082
1932.97	  206898
1934.08	  206714
1935.17	  206531
1936.28	  206348
1937.38	  206165
1938.47	  205983
1939.58	  205801
1940.67	  205618
1941.78	  205437
1942.88	  205255
1943.97	  205073
1945.08	  204892
1946.17	  204711
1947.28	  204530
1948.38	  204350
1949.47	  204169
1950.58	  203989
1951.67	  203809
1952.78	  203630
1953.88	  203450
1954.97	  203271
1956.08	  203092
1957.17	  202913
1958.28	  202734
1959.38	  202556
1960.47	  202378
1961.58	  202200
1962.67	  202022
1963.78	  201844
1964.88	  201667
1965.97	  201490
1967.08	  201313
1968.17	  201136
1969.28	  200960
1970.38	  200784
1971.47	  200607
1972.58	  200432
1973.67	  200256
1974.78	  200081
1975.88	  199905
1976.97	  199730
1978.08	  199555
1979.17	  199381
1980.28	  199207
1981.38	  199032
1982.47	  198858
1983.58	  198685
1984.67	  198511
1985.78	  198338
1986.88	  198165
1987.97	  197992
1989.08	  197819
1990.17	  197646
1991.28	  197474
1992.38	  197302
1993.47	  197130
1994.58	  196958
1995.67	  196787
1996.78	  196616
1997.88	  196445
1998.97	  196274
2000.08	  196103
2001.17	  195933
2002.28	  195762
2003.38	  195592
2004.47	  195422
2005.58	  195253
2006.67	  195083
2007.78	  194914
2008.88	  194745
2009.97	  194576
2011.08	  194407
2012.17	  194239
2013.28	  194071
2014.38	  193903
2015.47	  193735
2016.58	  193567
2017.67	  193400
2018.78	  193232
2019.88	  193065
2020.97	  192898
2022.08	  192732
2023.18	  192565
2024.28	  192399
2025.38	  192233
2026.47	  192067
2027.58	  191901
2028.68	  191736
2029.78	  191571
2030.88	  191406
2031.97	  191241
2033.08	  191076
2034.18	  190911
2035.28	  190747
2036.38	  190583
2037.47	  190419
2038.58	  190255
2039.68	  190092
2040.78	  189929
2041.88	  189765
2042.97	  189602
2044.08	  189440
2045.18	  189277
2046.28	  189115
2047.38	  188952
2048.47	  188790
2049.57	  188629
2050.68	  188467
2051.78	  188306
2052.88	  188144
2053.97	  187983
2055.07	  187822
2056.18	  187662
2057.28	  187501
2058.38	  187341
2059.47	  187181
2060.57	  187021
2061.68	  186861
2062.78	  186702
2063.88	  186542
2064.97	  186383
2066.07	  186224
2067.18	  186065
2068.28	  185907
2069.38	  185748
2070.47	  185590
2071.57	  185432
2072.68	  185274
2073.78	  185116
2074.88	  184959
2075.97	  184802
2077.07	  184644
2078.18	  184487
2079.28	  184331
2080.38	  184174
2081.47	  184018
2082.57	  183861
2083.68	  183705
2084.78	  183549
2085.88	  183394
2086.97	  183238
2088.07	  183083
2089.18	  182928
2090.28	  182773
2091.38	  182618
2092.47	  182464
2093.57	  182309
2094.68	  182155
2095.78	  182001
2096.88	  181847
2097.97	  181693
2099.07	  181540
2100.18	  181386
2101.28	  181233
2102.38	  181080
2103.47	  180927
2104.57	  180775
2105.68	  180622
2106.78	  180470
2107.88	  180318
2108.97	  180166
2110.07	  180014
2111.18	  179863
2112.28	  179711
2113.38	  179560
2114.47	  179409
2115.57	  179258
2116.68	  179107
2117.78	  178957
2118.88	  178806
2119.97	  178656
2121.07	  178506
2122.18	  178356
2123.28	  178207
2124.38	  178057
2125.47	  177908
2126.57	  177759
2127.68	  177610
2128.78	  177461
2129.88	  177312
2130.97	  177164
2132.07	  177016
2133.18	  176867
2134.28	  176720
2135.38	  176572
2136.47	  176424
2137.57	  176277
2138.68	  176129
2139.78	  175982
2140.88	  175835
2141.97	  175689
2143.07	  175542
2144.18	  175396
2145.28	  175249
2146.38	  175103
2147.47	  174957
2148.57	  174812
2149.68	  174666
2150.78	  174520
2151.88	  174375
2152.97	  174230
2154.07	  174085
2155.18	  173940
2156.28	  173796
2157.38	  173651
2158.47	  173507
2159.57	  173363
2160.68	  173219
2161.78	  173075
2162.88	  172932
2163.97	  172788
2165.07	  172645
2166.18	  172502
2167.28	  172359
2168.38	  172216
2169.47	  172073
2170.57	  171931
2171.68	  171789
2172.78	  171647
2173.88	  171505
2174.97	  171363
2176.07	  171221
2177.18	  171080
2178.28	  170938
2179.38	  170797
2180.47	  170656
2181.57	  170515
2182.68	  170374
2183.78	  170234
2184.88	  170094
2185.97	  169953
2187.07	  169813
2188.18	  169673
2189.28	  169534
2190.38	  169394
2191.47	  169255
2192.57	  169115
2193.68	  168976
2194.78	  168837
2195.88	  168698
2196.97	  168560
2198.07	  168421
2199.18	  168283
2200.28	  168145
2201.38	  168007
2202.47	  167869
2203.57	  167731
2204.68	  167594
2205.78	  167456
2206.88	  167319
2207.97	  167182
2209.07	  167045
2210.18	  166908
2211.28	  166772
2212.38	  166635
2213.47	  166499
2214.57	  166363
2215.68	  166227
2216.78	  166091
2217.88	  165955
2218.97	  165819
2220.07	  165684
2221.18	  165549
2222.28	  165414
2223.38	  165279
2224.47	  165144
2225.57	  165009
2226.68	  164875
2227.78	  164740
2228.88	  164606
2229.97	  164472
2231.07	  164338
2232.18	  164205
2233.28	  164071
2234.38	  163938
2235.47	  163804
2236.57	  163671
2237.68	  163538
2238.78	  163405
2239.88	  163273
2240.97	  163140
2242.07	  163008
2243.18	  162875
2244.28	  162743
2245.38	  162611
2246.47	  162479
2247.57	  162348
2248.68	  162216
2249.78	  162085
2250.88	  161954
2251.97	  161823
2253.07	  161692
2254.18	  161561
2255.28	  161430
2256.38	  161300
2257.47	  161169
2258.57	  161039
2259.68	  160909
2260.78	  160779
2261.88	  160649
2262.97	  160520
2264.07	  160390
2265.18	  160261
2266.28	  160132
2267.38	  160003
2268.47	  159874
2269.57	  159745
2270.68	  159616
2271.78	  159488
2272.88	  159359
2273.97	  159231
2275.07	  159103
2276.18	  158975
2277.28	  158847
2278.38	  158720
2279.47	  158592
2280.57	  153680
2281.68	  153556
2282.78	  153432
2283.88	  153309
2284.97	  153186
2286.07	  153063
2287.18	  152940
2288.28	  152817
2289.38	  152694
2290.47	  152572
2291.57	  152449
2292.68	  152327
2293.78	  152205
2294.88	  152083
2295.97	  151961
2297.07	  151839
2298.18	  151718
2299.28	  151596
2300.38	  151475
2301.47	  151354
2302.57	  151233
2303.68	  151112
2304.78	  150991
2305.88	  150870
2306.97	  150750
2308.07	  150629
2309.18	  150509
2310.28	  150389
2311.38	  150269
2312.47	  150149
2313.57	  150029
2314.68	  149910
2315.78	  149790
2316.88	  149671
2317.97	  149552
2319.07	  149433
2320.18	  149314
2321.28	  149195
2322.38	  149076
2323.47	  148958
2324.57	  148839
2325.68	  148721
2326.78	  148603
2327.88	  148485
2328.97	  148367
2330.07	  148249
2331.18	  148131
2332.28	  148014
2333.38	  147896
2334.47	  147779
2335.57	  147662
2336.68	  147545
2337.78	  147428
2338.88	  147311
2339.97	  147195
2341.07	  147078
2342.18	  146962
2343.28	  146845
2344.38	  146729
2345.47	  146613
2346.57	  146497
2347.68	  146382
2348.78	  146266
2349.88	  146151
2350.97	  146035
2352.07	  145920
2353.18	  145805
2354.28	  145690
2355.38	  145575
2356.47	  145460
2357.57	  145346
2358.68	  145231
2359.78	  145117
2360.88	  145003
2361.97	  144889
2363.07	  144775
2364.18	  144661
2365.28	  144547
2366.38	  144433
2367.47	  144320
2368.57	  144206
2369.68	  144093
2370.78	  143980
2371.88	  143867
2372.97	  143754
2374.07	  143641
2375.18	  143529
2376.28	  143416
2377.38	  143304
2378.47	  143192
2379.57	  143079
2380.68	  142967
2381.78	  142855
2382.88	  142744
2383.97	  142632
2385.07	  142520
2386.18	  142409
2387.28	  142298
2388.38	  142187
2389.47	  142075
2390.57	  141964
2391.68	  141854
2392.78	  141743
2393.88	  141632
2394.97	  141522
2396.07	  141412
2397.18	  141301
2398.28	  141191
2399.38	  141081
2400.47	  140971
2401.57	  140862
2402.68	  140752
2403.78	  140642
2404.88	  140533
2405.97	  140424
2407.07	  140314
2408.18	  140205
2409.28	  140096
2410.38	  139988
2411.47	  139879
2412.57	  139770
2413.68	  139662
2414.78	  139554
2415.88	  139445
2416.97	  139337
2418.07	  139229
2419.18	  139121
2420.28	  139013
2421.38	  138906
2422.47	  138798
2423.57	  138691
2424.68	  138583
2425.78	  138476
2426.88	  138369
2427.97	  138262
2429.07	  138155
2430.18	  138049
2431.28	  137942
2432.38	  137835
2433.47	  137729
2434.57	  137623
2435.68	  137516
2436.78	  137410
2437.88	  137304
2438.97	  137199
2440.07	  137093
2441.18	  136987
2442.28	  136882
2443.38	  136776
2444.47	  136671
2445.57	  136566
2446.68	  136461
2447.78	  136356
2448.88	  136251
2449.97	  136146
2451.07	  136042
2452.18	  135937
2453.28	  135833
2454.38	  135729
2455.47	  135624
2456.57	  135520
2457.68	  135416
2458.78	  135312
2459.88	  135209
2460.97	  135105
2462.07	  135002
2463.18	  134898
2464.28	  134795
2465.38	  134692
2466.47	  134589
2467.57	  134486
2468.68	  134383
2469.78	  134280
2470.88	  134177
2471.97	  134075
2473.07	  133972
2474.18	  133870
2475.28	  133768
2476.38	  133666
2477.47	  133564
