Emission arising from a slab of Hydrogen (both H and H-).
   
Parameters of the slab:
n_e = 1e+11 cm-3
T_e = 5500 K
tau(lambda=300 nm) = 0.75
L = 1.77e+12 cm
   
Wavelength (nm), Emission (erg s-1 cm-2 nm-1 sr-1)
50	  7.33105e-09
91.2	  0.159236
120	  86.2954
150	  5671.84
175	  44750.4
200	  201082
225	  614688
250	  1.43935e+06
270	  2.465e+06
290	  3.82463e+06
300	  4.6189e+06
305	  5.0412e+06
310	  5.47861e+06
315	  5.92972e+06
320	  6.39307e+06
322.5	  6.62885e+06
325	  6.86709e+06
327	  7.05932e+06
329	  7.2529e+06
329.999	  7.35006e+06
330.266	  7.37608e+06
330.533	  7.40212e+06
330.8	  7.42818e+06
331.067	  7.45426e+06
331.334	  7.48036e+06
331.601	  7.50648e+06
331.868	  7.53262e+06
332.135	  7.55878e+06
332.402	  7.58496e+06
332.669	  7.61116e+06
332.936	  7.63738e+06
333.203	  7.66361e+06
333.47	  7.68986e+06
333.737	  7.71613e+06
334.004	  7.74242e+06
334.271	  7.76872e+06
334.538	  7.79505e+06
334.805	  7.82138e+06
335.072	  7.84774e+06
335.339	  7.87411e+06
335.606	  7.9005e+06
335.873	  7.9269e+06
336.14	  7.95332e+06
336.407	  7.97975e+06
336.674	  8.0062e+06
336.941	  8.03266e+06
337.208	  8.05914e+06
337.475	  8.08564e+06
337.742	  8.11214e+06
338.009	  8.13866e+06
338.276	  8.16519e+06
338.543	  8.19174e+06
338.81	  8.2183e+06
339.077	  8.24487e+06
339.344	  8.27145e+06
339.611	  8.29805e+06
339.878	  8.32465e+06
340.145	  8.35127e+06
340.412	  8.3779e+06
340.679	  8.40455e+06
340.946	  8.4312e+06
341.213	  8.45786e+06
341.48	  8.48453e+06
341.747	  8.51122e+06
342.014	  8.53791e+06
342.281	  8.56462e+06
342.548	  8.59133e+06
342.815	  8.61805e+06
343.082	  8.64478e+06
343.349	  8.67152e+06
343.616	  8.69826e+06
343.883	  8.72502e+06
344.15	  8.75178e+06
344.417	  8.77855e+06
344.684	  8.80533e+06
344.951	  8.83211e+06
345.218	  8.8589e+06
345.485	  8.8857e+06
345.752	  8.9125e+06
346.019	  8.93931e+06
346.286	  8.96612e+06
346.553	  8.99294e+06
346.82	  9.01977e+06
347.087	  9.0466e+06
347.354	  9.07344e+06
347.621	  9.10028e+06
347.888	  9.12712e+06
348.155	  9.15397e+06
348.422	  9.18082e+06
348.689	  9.20767e+06
348.956	  9.23453e+06
349.223	  9.26139e+06
349.49	  9.28825e+06
349.757	  9.31512e+06
350.024	  9.34199e+06
350.291	  9.36885e+06
350.558	  9.39573e+06
350.825	  9.4226e+06
351.092	  9.44947e+06
351.359	  9.47635e+06
351.626	  9.50322e+06
351.893	  9.5301e+06
352.16	  9.55697e+06
352.427	  9.58385e+06
352.694	  9.61072e+06
352.961	  9.6376e+06
353.228	  9.66447e+06
353.495	  9.69134e+06
353.762	  9.71821e+06
354.029	  9.74508e+06
354.296	  9.77195e+06
354.563	  9.79882e+06
354.83	  9.82568e+06
355.097	  9.85254e+06
355.364	  9.8794e+06
355.631	  9.90625e+06
355.898	  9.9331e+06
356.165	  9.95995e+06
356.432	  9.9868e+06
356.699	  1.00136e+07
356.966	  1.00405e+07
357.233	  1.00673e+07
357.5	  1.00941e+07
357.767	  1.01209e+07
358.034	  1.01478e+07
358.301	  1.01746e+07
358.568	  1.02014e+07
358.835	  1.02282e+07
359.102	  1.0255e+07
359.369	  1.02818e+07
359.636	  1.03085e+07
359.903	  1.03353e+07
360.17	  1.03621e+07
360.437	  1.03888e+07
360.704	  1.04156e+07
360.971	  1.04423e+07
361.238	  1.0469e+07
361.505	  1.04958e+07
361.772	  1.05225e+07
362.039	  1.05492e+07
362.306	  1.05759e+07
362.573	  1.06026e+07
363	  1.06453e+07
363.027	  1.06479e+07
363.054	  1.06506e+07
363.08	  1.06533e+07
363.107	  1.06559e+07
363.134	  1.06586e+07
363.16	  1.06613e+07
363.187	  1.06639e+07
363.214	  1.06666e+07
363.24	  1.06693e+07
363.267	  1.06719e+07
363.294	  1.06746e+07
363.321	  1.06773e+07
363.347	  1.06799e+07
363.374	  1.06826e+07
363.401	  1.06853e+07
363.427	  1.06879e+07
363.454	  1.06906e+07
363.481	  1.06932e+07
363.508	  1.06959e+07
363.534	  1.06986e+07
363.561	  1.07012e+07
363.588	  1.07039e+07
363.614	  1.07066e+07
363.641	  1.07092e+07
363.668	  1.07119e+07
363.694	  1.07146e+07
363.721	  1.07172e+07
363.748	  1.07199e+07
363.774	  1.07226e+07
363.801	  1.07252e+07
363.828	  1.07279e+07
363.855	  1.07305e+07
363.881	  1.07332e+07
363.908	  1.07359e+07
363.935	  1.07385e+07
363.961	  1.07412e+07
363.988	  1.07439e+07
364.015	  1.07465e+07
364.041	  1.07492e+07
364.068	  1.07519e+07
364.095	  1.07545e+07
364.122	  1.07572e+07
364.148	  1.07598e+07
364.175	  1.07625e+07
364.202	  1.07652e+07
364.228	  1.07678e+07
364.255	  1.07705e+07
364.282	  1.07732e+07
364.308	  1.07758e+07
364.335	  1.07785e+07
364.362	  1.07811e+07
364.389	  1.07838e+07
364.415	  1.07865e+07
364.442	  1.07891e+07
364.469	  1.07918e+07
364.495	  1.07944e+07
364.522	  1.07971e+07
364.549	  1.07998e+07
364.575	  1.08025e+07
364.602	  1.08051e+07
364.629	  1.08078e+07
364.656	  1.08104e+07
364.682	  1.08131e+07
364.709	  1.08158e+07
364.736	  1.93663e+06
364.762	  1.93711e+06
364.789	  1.93759e+06
364.816	  1.93808e+06
364.842	  1.93856e+06
364.869	  1.93904e+06
364.896	  1.93952e+06
364.923	  1.94e+06
364.949	  1.94048e+06
364.976	  1.94096e+06
365.003	  1.94145e+06
365.029	  1.94193e+06
365.056	  1.94241e+06
365.083	  1.94289e+06
365.11	  1.94337e+06
365.136	  1.94386e+06
365.163	  1.94434e+06
365.19	  1.94482e+06
365.216	  1.9453e+06
365.243	  1.94578e+06
365.27	  1.94626e+06
365.296	  1.94675e+06
365.323	  1.94723e+06
365.35	  1.94771e+06
365.377	  1.94819e+06
365.403	  1.94867e+06
365.43	  1.94915e+06
365.457	  1.94964e+06
365.483	  1.95012e+06
365.51	  1.9506e+06
365.537	  1.95108e+06
365.563	  1.95156e+06
365.59	  1.95204e+06
365.617	  1.95253e+06
365.643	  1.95301e+06
365.67	  1.95349e+06
365.697	  1.95397e+06
365.724	  1.95445e+06
365.75	  1.95494e+06
365.777	  1.95542e+06
365.804	  1.9559e+06
365.83	  1.95638e+06
365.857	  1.95686e+06
365.884	  1.95734e+06
365.91	  1.95783e+06
365.937	  1.95831e+06
365.964	  1.95879e+06
365.991	  1.95927e+06
365.991	  1.95927e+06
366.258	  1.96409e+06
366.525	  1.96891e+06
366.792	  1.97373e+06
367.059	  1.97855e+06
367.326	  1.98337e+06
367.593	  1.98819e+06
367.86	  1.99302e+06
368.127	  1.99784e+06
368.394	  2.00266e+06
368.661	  2.00748e+06
368.928	  2.01231e+06
369.195	  2.01713e+06
369.462	  2.02195e+06
369.729	  2.02678e+06
369.996	  2.0316e+06
370.263	  2.03642e+06
370.53	  2.04125e+06
370.797	  2.04607e+06
371.064	  2.0509e+06
371.331	  2.05572e+06
371.598	  2.06055e+06
371.865	  2.06537e+06
372.132	  2.07019e+06
372.399	  2.07502e+06
372.666	  2.07984e+06
372.933	  2.08467e+06
373.2	  2.08949e+06
373.467	  2.09431e+06
373.734	  2.09914e+06
374.001	  2.10396e+06
374.268	  2.10878e+06
374.535	  2.11361e+06
374.802	  2.11843e+06
375.069	  2.12325e+06
375.336	  2.12807e+06
375.603	  2.13289e+06
375.87	  2.13771e+06
376.137	  2.14253e+06
376.404	  2.14735e+06
376.671	  2.15217e+06
376.938	  2.15699e+06
377.205	  2.16181e+06
377.472	  2.16663e+06
377.739	  2.17144e+06
378.006	  2.17626e+06
378.273	  2.18108e+06
378.54	  2.18589e+06
378.807	  2.19071e+06
379.074	  2.19552e+06
379.341	  2.20033e+06
379.608	  2.20515e+06
379.875	  2.20996e+06
380.142	  2.21477e+06
380.409	  2.21958e+06
380.676	  2.22439e+06
380.943	  2.22919e+06
381.21	  2.234e+06
381.477	  2.23881e+06
381.744	  2.24361e+06
382.011	  2.24842e+06
382.278	  2.25322e+06
382.545	  2.25802e+06
382.812	  2.26282e+06
383.079	  2.26762e+06
383.346	  2.27242e+06
383.613	  2.27722e+06
383.88	  2.28201e+06
384.147	  2.28681e+06
384.414	  2.2916e+06
384.681	  2.2964e+06
384.948	  2.30119e+06
385.215	  2.30598e+06
385.482	  2.31077e+06
385.749	  2.31555e+06
386.016	  2.32034e+06
386.283	  2.32512e+06
386.55	  2.32991e+06
386.817	  2.33469e+06
387.084	  2.33947e+06
387.351	  2.34425e+06
387.618	  2.34903e+06
387.885	  2.3538e+06
388.152	  2.35858e+06
388.419	  2.36335e+06
388.686	  2.36812e+06
388.953	  2.37289e+06
389.22	  2.37766e+06
389.487	  2.38242e+06
389.754	  2.38719e+06
390.021	  2.39195e+06
390.288	  2.39671e+06
390.555	  2.40147e+06
390.822	  2.40623e+06
391.089	  2.41098e+06
391.356	  2.41574e+06
391.623	  2.42049e+06
391.89	  2.42524e+06
392.157	  2.42999e+06
392.424	  2.43474e+06
392.691	  2.43948e+06
392.958	  2.44422e+06
393.225	  2.44896e+06
393.492	  2.4537e+06
393.759	  2.45844e+06
394.026	  2.46317e+06
394.293	  2.4679e+06
394.56	  2.47263e+06
394.827	  2.47736e+06
395.094	  2.48209e+06
395.361	  2.48681e+06
395.628	  2.49153e+06
395.895	  2.49625e+06
396.162	  2.50097e+06
396.429	  2.50568e+06
396.696	  2.5104e+06
396.963	  2.51511e+06
397.23	  2.51981e+06
397.497	  2.52452e+06
397.764	  2.52922e+06
398.031	  2.53392e+06
398.298	  2.53862e+06
398.565	  2.54332e+06
398.832	  2.54801e+06
399.099	  2.5527e+06
399.366	  2.55739e+06
399.633	  2.56208e+06
399.9	  2.56676e+06
400.167	  2.57144e+06
400.434	  2.57612e+06
400.701	  2.5808e+06
400.968	  2.58547e+06
401.235	  2.59014e+06
401.502	  2.59481e+06
401.769	  2.59948e+06
402.036	  2.60414e+06
402.303	  2.6088e+06
402.57	  2.61346e+06
402.837	  2.61811e+06
403.104	  2.62276e+06
403.371	  2.62741e+06
403.638	  2.63206e+06
403.905	  2.6367e+06
404.172	  2.64134e+06
404.439	  2.64598e+06
404.706	  2.65061e+06
404.973	  2.65525e+06
405.24	  2.65987e+06
405.507	  2.6645e+06
405.774	  2.66912e+06
406.041	  2.67374e+06
406.308	  2.67836e+06
406.575	  2.68297e+06
406.842	  2.68758e+06
407.109	  2.69219e+06
407.376	  2.6968e+06
407.643	  2.7014e+06
407.91	  2.706e+06
408.177	  2.71059e+06
408.444	  2.71519e+06
408.711	  2.71978e+06
408.978	  2.72436e+06
409.245	  2.72894e+06
409.512	  2.73352e+06
409.779	  2.7381e+06
410.046	  2.74267e+06
410.313	  2.74724e+06
410.58	  2.75181e+06
410.847	  2.75637e+06
411.114	  2.76093e+06
411.381	  2.76549e+06
411.648	  2.77004e+06
411.915	  2.77459e+06
412.182	  2.77914e+06
412.449	  2.78368e+06
412.716	  2.78822e+06
412.983	  2.79276e+06
413.25	  2.79729e+06
413.517	  2.80182e+06
413.784	  2.80634e+06
414.051	  2.81086e+06
414.318	  2.81538e+06
414.585	  2.8199e+06
414.852	  2.82441e+06
415.119	  2.82892e+06
415.386	  2.83342e+06
415.653	  2.83792e+06
415.92	  2.84242e+06
416.187	  2.84691e+06
416.454	  2.8514e+06
416.721	  2.85589e+06
416.988	  2.86037e+06
417.255	  2.86485e+06
417.522	  2.86932e+06
417.789	  2.87379e+06
418.056	  2.87826e+06
418.323	  2.88272e+06
418.59	  2.88718e+06
418.857	  2.89164e+06
419.124	  2.89609e+06
419.391	  2.90054e+06
419.658	  2.90498e+06
419.925	  2.90942e+06
420.192	  2.91386e+06
420.459	  2.91829e+06
420.726	  2.92272e+06
420.993	  2.92714e+06
421.26	  2.93156e+06
421.527	  2.93598e+06
421.794	  2.94039e+06
422.061	  2.9448e+06
422.328	  2.9492e+06
422.595	  2.9536e+06
422.862	  2.958e+06
423.129	  2.96239e+06
423.396	  2.96678e+06
423.663	  2.97116e+06
423.93	  2.97554e+06
424.197	  2.97992e+06
424.464	  2.98429e+06
424.731	  2.98866e+06
424.998	  2.99302e+06
425.265	  2.99738e+06
425.532	  3.00174e+06
425.799	  3.00609e+06
426.066	  3.01043e+06
426.333	  3.01478e+06
426.6	  3.01911e+06
426.867	  3.02345e+06
427.134	  3.02778e+06
427.401	  3.0321e+06
427.668	  3.03642e+06
427.935	  3.04074e+06
428.202	  3.04505e+06
428.469	  3.04936e+06
428.736	  3.05366e+06
429.003	  3.05796e+06
429.27	  3.06225e+06
429.537	  3.06654e+06
429.804	  3.07083e+06
430.071	  3.07511e+06
430.338	  3.07939e+06
430.605	  3.08366e+06
430.872	  3.08793e+06
431.139	  3.09219e+06
431.406	  3.09645e+06
431.673	  3.1007e+06
431.94	  3.10495e+06
432.207	  3.1092e+06
432.474	  3.11344e+06
432.741	  3.11767e+06
433.008	  3.12191e+06
433.275	  3.12613e+06
433.542	  3.13035e+06
433.809	  3.13457e+06
434.076	  3.13879e+06
434.343	  3.14299e+06
434.61	  3.1472e+06
434.877	  3.1514e+06
435.144	  3.15559e+06
435.411	  3.15978e+06
435.678	  3.16396e+06
435.945	  3.16814e+06
436.212	  3.17232e+06
436.479	  3.17649e+06
436.746	  3.18066e+06
437.013	  3.18482e+06
437.28	  3.18897e+06
437.547	  3.19312e+06
437.814	  3.19727e+06
438.081	  3.20141e+06
438.348	  3.20555e+06
438.615	  3.20968e+06
438.882	  3.21381e+06
439.149	  3.21793e+06
439.416	  3.22205e+06
439.683	  3.22616e+06
439.95	  3.23027e+06
440.217	  3.23437e+06
440.484	  3.23847e+06
440.751	  3.24256e+06
441.018	  3.24665e+06
441.285	  3.25073e+06
441.552	  3.25481e+06
441.819	  3.25889e+06
442.086	  3.26295e+06
442.353	  3.26702e+06
442.62	  3.27108e+06
442.887	  3.27513e+06
443.154	  3.27918e+06
443.421	  3.28322e+06
443.688	  3.28726e+06
443.955	  3.29129e+06
444.222	  3.29532e+06
444.489	  3.29934e+06
444.756	  3.30336e+06
445.023	  3.30737e+06
445.29	  3.31138e+06
445.557	  3.31538e+06
445.824	  3.31938e+06
446.091	  3.32337e+06
446.358	  3.32736e+06
446.625	  3.33134e+06
446.892	  3.33532e+06
447.159	  3.33929e+06
447.426	  3.34325e+06
447.693	  3.34721e+06
447.96	  3.35117e+06
448.227	  3.35512e+06
448.494	  3.35907e+06
448.761	  3.36301e+06
449.028	  3.36694e+06
449.295	  3.37087e+06
449.562	  3.3748e+06
449.829	  3.37871e+06
450.096	  3.38263e+06
450.363	  3.38654e+06
450.63	  3.39044e+06
450.897	  3.39434e+06
451.164	  3.39823e+06
451.431	  3.40212e+06
451.698	  3.406e+06
451.965	  3.40988e+06
452.232	  3.41375e+06
452.499	  3.41761e+06
452.766	  3.42147e+06
453.033	  3.42533e+06
453.3	  3.42918e+06
453.567	  3.43302e+06
453.834	  3.43686e+06
454.101	  3.4407e+06
454.368	  3.44452e+06
454.635	  3.44835e+06
454.902	  3.45216e+06
455.169	  3.45598e+06
455.436	  3.45978e+06
455.703	  3.46358e+06
455.97	  3.46738e+06
456.237	  3.47117e+06
456.504	  3.47495e+06
456.771	  3.47873e+06
457.038	  3.48251e+06
457.305	  3.48627e+06
457.572	  3.49004e+06
457.839	  3.49379e+06
458.106	  3.49754e+06
458.373	  3.50129e+06
458.64	  3.50503e+06
458.907	  3.50877e+06
459.174	  3.5125e+06
459.441	  3.51622e+06
459.708	  3.51994e+06
459.975	  3.52365e+06
460.242	  3.52736e+06
460.509	  3.53106e+06
460.776	  3.53475e+06
461.043	  3.53844e+06
461.31	  3.54213e+06
461.577	  3.54581e+06
461.844	  3.54948e+06
462.111	  3.55315e+06
462.378	  3.55681e+06
462.645	  3.56047e+06
462.912	  3.56412e+06
463.179	  3.56776e+06
463.446	  3.5714e+06
463.713	  3.57504e+06
463.98	  3.57866e+06
464.247	  3.58229e+06
464.514	  3.5859e+06
464.781	  3.58951e+06
465.048	  3.59312e+06
465.315	  3.59672e+06
465.582	  3.60031e+06
465.849	  3.6039e+06
466.116	  3.60748e+06
466.383	  3.61106e+06
466.65	  3.61463e+06
466.917	  3.6182e+06
467.184	  3.62176e+06
467.451	  3.62531e+06
467.718	  3.62886e+06
467.985	  3.6324e+06
468.252	  3.63594e+06
468.519	  3.63947e+06
468.786	  3.64299e+06
469.053	  3.64651e+06
469.32	  3.65003e+06
469.587	  3.65353e+06
469.854	  3.65704e+06
470.121	  3.66053e+06
470.388	  3.66402e+06
470.655	  3.66751e+06
470.922	  3.67098e+06
471.189	  3.67446e+06
471.456	  3.67792e+06
471.723	  3.68139e+06
471.99	  3.68484e+06
472.257	  3.68829e+06
472.524	  3.69173e+06
472.791	  3.69517e+06
473.058	  3.6986e+06
473.325	  3.70203e+06
473.592	  3.70545e+06
473.859	  3.70886e+06
474.126	  3.71227e+06
474.393	  3.71567e+06
474.66	  3.71907e+06
474.927	  3.72246e+06
475.194	  3.72585e+06
475.461	  3.72923e+06
475.728	  3.7326e+06
475.995	  3.73597e+06
476.262	  3.73933e+06
476.529	  3.74268e+06
476.796	  3.74603e+06
477.063	  3.74937e+06
477.33	  3.75271e+06
477.597	  3.75604e+06
477.864	  3.75937e+06
478.131	  3.76269e+06
478.398	  3.766e+06
478.665	  3.76931e+06
478.932	  3.77261e+06
479.199	  3.77591e+06
479.466	  3.7792e+06
479.733	  3.78248e+06
480	  3.78576e+06
480.267	  3.78903e+06
480.534	  3.7923e+06
480.801	  3.79556e+06
481.068	  3.79881e+06
481.335	  3.80206e+06
481.602	  3.8053e+06
481.869	  3.80854e+06
482.136	  3.81177e+06
482.403	  3.81499e+06
482.67	  3.81821e+06
482.937	  3.82142e+06
483.204	  3.82463e+06
483.471	  3.82783e+06
483.738	  3.83103e+06
484.005	  3.83421e+06
484.272	  3.8374e+06
484.539	  3.84057e+06
484.806	  3.84374e+06
485.073	  3.84691e+06
485.34	  3.85006e+06
485.607	  3.85322e+06
485.874	  3.85636e+06
486.141	  3.8595e+06
486.408	  3.86264e+06
486.675	  3.86576e+06
486.942	  3.86889e+06
487.209	  3.872e+06
487.476	  3.87511e+06
487.743	  3.87822e+06
488.01	  3.88131e+06
488.277	  3.88441e+06
488.544	  3.88749e+06
488.811	  3.89057e+06
489.078	  3.89364e+06
489.345	  3.89671e+06
489.612	  3.89977e+06
489.879	  3.90283e+06
490.146	  3.90588e+06
490.413	  3.90892e+06
490.68	  3.91196e+06
490.947	  3.91499e+06
491.214	  3.91801e+06
491.481	  3.92103e+06
491.748	  3.92405e+06
492.015	  3.92705e+06
492.282	  3.93005e+06
492.549	  3.93305e+06
492.816	  3.93604e+06
493.083	  3.93902e+06
493.35	  3.942e+06
493.617	  3.94497e+06
493.884	  3.94793e+06
494.151	  3.95089e+06
494.418	  3.95384e+06
494.685	  3.95679e+06
494.952	  3.95973e+06
495.219	  3.96266e+06
495.486	  3.96559e+06
495.753	  3.96851e+06
496.02	  3.97143e+06
496.287	  3.97434e+06
496.554	  3.97724e+06
496.821	  3.98014e+06
497.088	  3.98303e+06
497.355	  3.98591e+06
497.622	  3.98879e+06
497.889	  3.99166e+06
498.156	  3.99453e+06
498.423	  3.99739e+06
498.69	  4.00025e+06
498.957	  4.0031e+06
499.224	  4.00594e+06
499.491	  4.00877e+06
499.758	  4.0116e+06
500.025	  4.01443e+06
500.292	  4.01725e+06
500.559	  4.02006e+06
500.826	  4.02286e+06
501.093	  4.02566e+06
501.36	  4.02846e+06
501.627	  4.03124e+06
501.894	  4.03403e+06
502.161	  4.0368e+06
502.428	  4.03957e+06
502.695	  4.04233e+06
502.962	  4.04509e+06
503.229	  4.04784e+06
503.496	  4.05059e+06
503.763	  4.05332e+06
504.03	  4.05606e+06
504.297	  4.05878e+06
504.564	  4.0615e+06
504.831	  4.06422e+06
505.098	  4.06692e+06
505.365	  4.06963e+06
505.632	  4.07232e+06
505.899	  4.07501e+06
506.166	  4.0777e+06
506.433	  4.08037e+06
506.7	  4.08304e+06
506.967	  4.08571e+06
507.234	  4.08837e+06
507.501	  4.09102e+06
507.768	  4.09367e+06
508.035	  4.09631e+06
508.302	  4.09894e+06
508.569	  4.10157e+06
508.836	  4.10419e+06
509.103	  4.10681e+06
509.37	  4.10942e+06
509.637	  4.11203e+06
509.904	  4.11462e+06
510.171	  4.11722e+06
510.438	  4.1198e+06
510.705	  4.12238e+06
510.972	  4.12496e+06
511.239	  4.12752e+06
511.506	  4.13008e+06
511.773	  4.13264e+06
512.04	  4.13519e+06
512.307	  4.13773e+06
512.574	  4.14027e+06
512.841	  4.1428e+06
513.108	  4.14533e+06
513.375	  4.14784e+06
513.642	  4.15036e+06
513.909	  4.15286e+06
514.176	  4.15536e+06
514.443	  4.15786e+06
514.71	  4.16035e+06
514.977	  4.16283e+06
515.244	  4.16531e+06
515.511	  4.16778e+06
515.778	  4.17024e+06
516.045	  4.1727e+06
516.312	  4.17515e+06
516.579	  4.1776e+06
516.846	  4.18003e+06
517.113	  4.18247e+06
517.38	  4.1849e+06
517.647	  4.18732e+06
517.914	  4.18973e+06
518.181	  4.19214e+06
518.448	  4.19455e+06
518.715	  4.19694e+06
518.982	  4.19933e+06
519.249	  4.20172e+06
519.516	  4.2041e+06
519.783	  4.20647e+06
520.05	  4.20884e+06
520.317	  4.2112e+06
520.584	  4.21355e+06
520.851	  4.2159e+06
521.118	  4.21825e+06
521.385	  4.22058e+06
521.652	  4.22291e+06
521.919	  4.22524e+06
522.186	  4.22756e+06
522.453	  4.22987e+06
522.72	  4.23218e+06
522.987	  4.23448e+06
523.254	  4.23677e+06
523.521	  4.23906e+06
523.788	  4.24134e+06
524.055	  4.24362e+06
524.322	  4.24589e+06
524.589	  4.24815e+06
524.856	  4.25041e+06
525.123	  4.25266e+06
525.39	  4.25491e+06
525.657	  4.25715e+06
525.924	  4.25938e+06
526.191	  4.26161e+06
526.458	  4.26383e+06
526.725	  4.26605e+06
526.992	  4.26826e+06
527.259	  4.27046e+06
527.526	  4.27266e+06
527.793	  4.27485e+06
528.06	  4.27704e+06
528.327	  4.27922e+06
528.594	  4.28139e+06
528.861	  4.28356e+06
529.128	  4.28572e+06
529.395	  4.28788e+06
529.662	  4.29003e+06
529.929	  4.29218e+06
530.196	  4.29431e+06
530.463	  4.29645e+06
530.73	  4.29857e+06
530.997	  4.30069e+06
531.264	  4.30281e+06
531.531	  4.30492e+06
531.798	  4.30702e+06
532.065	  4.30912e+06
532.332	  4.31121e+06
532.599	  4.31329e+06
532.866	  4.31537e+06
533.133	  4.31744e+06
533.4	  4.31951e+06
533.667	  4.32157e+06
533.934	  4.32363e+06
534.201	  4.32567e+06
534.468	  4.32772e+06
534.735	  4.32976e+06
535.002	  4.33179e+06
535.269	  4.33381e+06
535.536	  4.33583e+06
535.803	  4.33785e+06
536.07	  4.33985e+06
536.337	  4.34185e+06
536.604	  4.34385e+06
536.871	  4.34584e+06
537.138	  4.34782e+06
537.405	  4.3498e+06
537.672	  4.35177e+06
537.939	  4.35374e+06
538.206	  4.3557e+06
538.473	  4.35766e+06
538.74	  4.35961e+06
539.007	  4.36155e+06
539.274	  4.36349e+06
539.541	  4.36542e+06
539.808	  4.36734e+06
540.075	  4.36926e+06
540.342	  4.37117e+06
540.609	  4.37308e+06
540.876	  4.37498e+06
541.143	  4.37688e+06
541.41	  4.37877e+06
541.677	  4.38065e+06
541.944	  4.38253e+06
542.211	  4.38441e+06
542.478	  4.38627e+06
542.745	  4.38813e+06
543.012	  4.38999e+06
543.279	  4.39184e+06
543.546	  4.39368e+06
543.813	  4.39552e+06
544.08	  4.39735e+06
544.347	  4.39918e+06
544.614	  4.401e+06
544.881	  4.40281e+06
545.148	  4.40462e+06
545.415	  4.40643e+06
545.682	  4.40822e+06
545.949	  4.41001e+06
546.216	  4.4118e+06
546.483	  4.41358e+06
546.75	  4.41535e+06
547.017	  4.41712e+06
547.284	  4.41888e+06
547.551	  4.42064e+06
547.818	  4.42239e+06
548.085	  4.42414e+06
548.352	  4.42588e+06
548.619	  4.42761e+06
548.886	  4.42934e+06
549.153	  4.43106e+06
549.42	  4.43278e+06
549.687	  4.43449e+06
549.954	  4.4362e+06
550.221	  4.43789e+06
550.488	  4.43959e+06
550.755	  4.44128e+06
551.022	  4.44296e+06
551.289	  4.44464e+06
551.556	  4.44631e+06
551.823	  4.44797e+06
552.09	  4.44963e+06
552.357	  4.45129e+06
552.624	  4.45293e+06
552.891	  4.45458e+06
553.158	  4.45621e+06
553.425	  4.45784e+06
553.692	  4.45947e+06
553.959	  4.46109e+06
554.226	  4.4627e+06
554.493	  4.46431e+06
554.76	  4.46592e+06
555.027	  4.46751e+06
555.294	  4.46911e+06
555.561	  4.47069e+06
555.828	  4.47227e+06
556.095	  4.47385e+06
556.362	  4.47542e+06
556.629	  4.47698e+06
556.896	  4.47854e+06
557.163	  4.48009e+06
557.43	  4.48164e+06
557.697	  4.48318e+06
557.964	  4.48471e+06
558.231	  4.48624e+06
558.498	  4.48777e+06
558.765	  4.48929e+06
559.032	  4.4908e+06
559.299	  4.49231e+06
559.566	  4.49381e+06
560.009	  4.49629e+06
560.296	  4.49789e+06
560.583	  4.49948e+06
560.87	  4.50107e+06
561.157	  4.50265e+06
561.444	  4.50422e+06
561.731	  4.50579e+06
562.018	  4.50735e+06
562.305	  4.5089e+06
562.592	  4.51045e+06
562.879	  4.51199e+06
563.166	  4.51352e+06
563.453	  4.51505e+06
563.74	  4.51658e+06
564.027	  4.51809e+06
564.314	  4.5196e+06
564.601	  4.5211e+06
564.888	  4.5226e+06
565.175	  4.52409e+06
565.462	  4.52557e+06
565.749	  4.52705e+06
566.036	  4.52852e+06
566.323	  4.52999e+06
566.61	  4.53145e+06
566.897	  4.5329e+06
567.184	  4.53435e+06
567.471	  4.53579e+06
567.758	  4.53722e+06
568.045	  4.53865e+06
568.332	  4.54007e+06
568.619	  4.54149e+06
568.906	  4.5429e+06
569.193	  4.5443e+06
569.48	  4.54569e+06
569.767	  4.54708e+06
570.054	  4.54847e+06
570.341	  4.54985e+06
570.628	  4.55122e+06
570.915	  4.55258e+06
571.202	  4.55394e+06
571.489	  4.5553e+06
571.776	  4.55664e+06
572.063	  4.55798e+06
572.35	  4.55932e+06
572.637	  4.56065e+06
572.924	  4.56197e+06
573.211	  4.56329e+06
573.498	  4.5646e+06
573.785	  4.5659e+06
574.072	  4.5672e+06
574.359	  4.56849e+06
574.646	  4.56977e+06
574.933	  4.57105e+06
575.22	  4.57233e+06
575.507	  4.5736e+06
575.794	  4.57486e+06
576.081	  4.57611e+06
576.368	  4.57736e+06
576.655	  4.5786e+06
576.942	  4.57984e+06
577.229	  4.58107e+06
577.516	  4.5823e+06
577.803	  4.58352e+06
578.09	  4.58473e+06
578.377	  4.58594e+06
578.664	  4.58714e+06
578.951	  4.58833e+06
579.238	  4.58952e+06
579.525	  4.5907e+06
579.812	  4.59188e+06
580.099	  4.59305e+06
580.386	  4.59421e+06
580.673	  4.59537e+06
580.96	  4.59653e+06
581.247	  4.59767e+06
581.534	  4.59881e+06
581.821	  4.59995e+06
582.108	  4.60108e+06
582.395	  4.6022e+06
582.682	  4.60332e+06
582.969	  4.60443e+06
583.256	  4.60554e+06
583.543	  4.60664e+06
583.83	  4.60773e+06
584.117	  4.60882e+06
584.404	  4.6099e+06
584.691	  4.61098e+06
584.978	  4.61205e+06
585.265	  4.61311e+06
585.552	  4.61417e+06
585.839	  4.61522e+06
586.126	  4.61627e+06
586.413	  4.61731e+06
586.7	  4.61834e+06
586.987	  4.61937e+06
587.274	  4.6204e+06
587.561	  4.62141e+06
587.848	  4.62243e+06
588.135	  4.62343e+06
588.422	  4.62443e+06
588.709	  4.62543e+06
588.996	  4.62642e+06
589.283	  4.6274e+06
589.57	  4.62838e+06
589.857	  4.62935e+06
590.144	  4.63031e+06
590.431	  4.63127e+06
590.718	  4.63223e+06
591.005	  4.63318e+06
591.292	  4.63412e+06
591.579	  4.63506e+06
591.866	  4.63599e+06
592.153	  4.63691e+06
592.44	  4.63783e+06
592.727	  4.63875e+06
593.014	  4.63966e+06
593.301	  4.64056e+06
593.588	  4.64146e+06
593.875	  4.64235e+06
594.162	  4.64324e+06
594.449	  4.64412e+06
594.736	  4.64499e+06
595.023	  4.64586e+06
595.31	  4.64672e+06
595.597	  4.64758e+06
595.884	  4.64844e+06
596.171	  4.64928e+06
596.458	  4.65012e+06
596.745	  4.65096e+06
597.032	  4.65179e+06
597.319	  4.65261e+06
597.606	  4.65343e+06
597.893	  4.65425e+06
598.18	  4.65505e+06
598.467	  4.65586e+06
598.754	  4.65665e+06
599.041	  4.65745e+06
599.328	  4.65823e+06
599.615	  4.65901e+06
599.902	  4.65979e+06
600.189	  4.66056e+06
600.476	  4.66132e+06
600.763	  4.66208e+06
601.05	  4.66283e+06
601.337	  4.66358e+06
601.624	  4.66432e+06
601.911	  4.66506e+06
602.198	  4.66579e+06
602.485	  4.66651e+06
602.772	  4.66723e+06
603.059	  4.66795e+06
603.346	  4.66866e+06
603.633	  4.66936e+06
603.92	  4.67006e+06
604.207	  4.67075e+06
604.494	  4.67144e+06
604.781	  4.67213e+06
605.068	  4.6728e+06
605.355	  4.67347e+06
605.642	  4.67414e+06
605.929	  4.6748e+06
606.216	  4.67546e+06
606.503	  4.67611e+06
606.79	  4.67675e+06
607.077	  4.67739e+06
607.364	  4.67803e+06
607.651	  4.67866e+06
607.938	  4.67928e+06
608.225	  4.6799e+06
608.512	  4.68051e+06
608.799	  4.68112e+06
609.086	  4.68172e+06
609.373	  4.68232e+06
609.66	  4.68291e+06
609.947	  4.6835e+06
610.234	  4.68408e+06
610.521	  4.68466e+06
610.808	  4.68523e+06
611.095	  4.6858e+06
611.382	  4.68636e+06
611.669	  4.68691e+06
611.956	  4.68746e+06
612.243	  4.68801e+06
612.53	  4.68855e+06
612.817	  4.68908e+06
613.104	  4.68961e+06
613.391	  4.69014e+06
613.678	  4.69066e+06
613.965	  4.69117e+06
614.252	  4.69168e+06
614.539	  4.69219e+06
614.826	  4.69269e+06
615.113	  4.69318e+06
615.4	  4.69367e+06
615.687	  4.69415e+06
615.974	  4.69463e+06
616.261	  4.6951e+06
616.548	  4.69557e+06
616.835	  4.69604e+06
617.122	  4.69649e+06
617.409	  4.69695e+06
617.696	  4.6974e+06
617.983	  4.69784e+06
618.27	  4.69828e+06
618.557	  4.69871e+06
618.844	  4.69914e+06
619.131	  4.69956e+06
619.418	  4.69998e+06
619.705	  4.70039e+06
619.992	  4.7008e+06
620.279	  4.70121e+06
620.566	  4.7016e+06
620.853	  4.702e+06
621.14	  4.70239e+06
621.427	  4.70277e+06
621.714	  4.70315e+06
622.001	  4.70352e+06
622.288	  4.70389e+06
622.575	  4.70426e+06
622.862	  4.70461e+06
623.149	  4.70497e+06
623.436	  4.70532e+06
623.723	  4.70566e+06
624.01	  4.706e+06
624.297	  4.70634e+06
624.584	  4.70667e+06
624.871	  4.70699e+06
625.158	  4.70731e+06
625.445	  4.70763e+06
625.732	  4.70794e+06
626.019	  4.70824e+06
626.306	  4.70854e+06
626.593	  4.70884e+06
626.88	  4.70913e+06
627.167	  4.70941e+06
627.454	  4.7097e+06
627.741	  4.70997e+06
628.028	  4.71024e+06
628.315	  4.71051e+06
628.602	  4.71077e+06
628.889	  4.71103e+06
629.176	  4.71128e+06
629.463	  4.71153e+06
629.75	  4.71178e+06
630.037	  4.71202e+06
630.324	  4.71225e+06
630.611	  4.71248e+06
630.898	  4.7127e+06
631.185	  4.71292e+06
631.472	  4.71314e+06
631.759	  4.71335e+06
632.046	  4.71356e+06
632.333	  4.71376e+06
632.62	  4.71395e+06
632.907	  4.71414e+06
633.194	  4.71433e+06
633.481	  4.71452e+06
633.768	  4.71469e+06
634.055	  4.71487e+06
634.342	  4.71504e+06
634.629	  4.7152e+06
634.916	  4.71536e+06
635.203	  4.71551e+06
635.49	  4.71567e+06
635.777	  4.71581e+06
636.064	  4.71595e+06
636.351	  4.71609e+06
636.638	  4.71622e+06
636.925	  4.71635e+06
637.212	  4.71647e+06
637.499	  4.71659e+06
637.786	  4.71671e+06
638.073	  4.71682e+06
638.36	  4.71692e+06
638.647	  4.71702e+06
638.934	  4.71712e+06
639.221	  4.71721e+06
639.508	  4.7173e+06
639.795	  4.71738e+06
640.082	  4.71746e+06
640.369	  4.71753e+06
640.656	  4.7176e+06
640.943	  4.71767e+06
641.23	  4.71773e+06
641.517	  4.71778e+06
641.804	  4.71783e+06
642.091	  4.71788e+06
642.378	  4.71792e+06
642.665	  4.71796e+06
642.952	  4.718e+06
643.239	  4.71803e+06
643.526	  4.71805e+06
643.813	  4.71807e+06
644.1	  4.71809e+06
644.387	  4.7181e+06
644.674	  4.71811e+06
644.961	  4.71811e+06
645.248	  4.71811e+06
645.535	  4.71811e+06
645.822	  4.7181e+06
646.109	  4.71809e+06
646.396	  4.71807e+06
646.683	  4.71805e+06
646.97	  4.71802e+06
647.257	  4.71799e+06
647.544	  4.71795e+06
647.831	  4.71792e+06
648.118	  4.71787e+06
648.405	  4.71782e+06
648.692	  4.71777e+06
648.979	  4.71772e+06
649.266	  4.71766e+06
649.553	  4.71759e+06
649.84	  4.71752e+06
650.127	  4.71745e+06
650.414	  4.71737e+06
650.701	  4.71729e+06
650.988	  4.71721e+06
651.275	  4.71712e+06
651.562	  4.71702e+06
651.849	  4.71692e+06
652.136	  4.71682e+06
652.423	  4.71672e+06
652.71	  4.71661e+06
652.997	  4.71649e+06
653.284	  4.71637e+06
653.571	  4.71625e+06
653.858	  4.71612e+06
654.145	  4.71599e+06
654.432	  4.71586e+06
654.719	  4.71572e+06
655.006	  4.71558e+06
655.293	  4.71543e+06
655.58	  4.71528e+06
655.867	  4.71512e+06
656.154	  4.71496e+06
656.441	  4.7148e+06
656.728	  4.71463e+06
657.015	  4.71446e+06
657.302	  4.71428e+06
657.589	  4.71411e+06
657.876	  4.71392e+06
658.163	  4.71373e+06
658.45	  4.71354e+06
658.737	  4.71335e+06
659.024	  4.71315e+06
659.311	  4.71294e+06
659.598	  4.71274e+06
659.885	  4.71253e+06
660.172	  4.71231e+06
660.459	  4.71209e+06
660.746	  4.71187e+06
661.033	  4.71164e+06
661.32	  4.71141e+06
661.607	  4.71118e+06
661.894	  4.71094e+06
662.181	  4.7107e+06
662.468	  4.71045e+06
662.755	  4.7102e+06
663.042	  4.70994e+06
663.329	  4.70969e+06
663.616	  4.70942e+06
663.903	  4.70916e+06
664.19	  4.70889e+06
664.477	  4.70862e+06
664.764	  4.70834e+06
665.051	  4.70806e+06
665.338	  4.70777e+06
665.625	  4.70748e+06
665.912	  4.70719e+06
666.199	  4.7069e+06
666.486	  4.7066e+06
666.773	  4.70629e+06
667.06	  4.70598e+06
667.347	  4.70567e+06
667.634	  4.70536e+06
667.921	  4.70504e+06
668.208	  4.70472e+06
668.495	  4.70439e+06
668.782	  4.70406e+06
669.069	  4.70373e+06
669.356	  4.70339e+06
669.643	  4.70305e+06
669.93	  4.7027e+06
670.217	  4.70235e+06
670.504	  4.702e+06
670.791	  4.70165e+06
671.078	  4.70129e+06
671.365	  4.70092e+06
671.652	  4.70056e+06
671.939	  4.70019e+06
672.226	  4.69981e+06
672.513	  4.69943e+06
672.8	  4.69905e+06
673.087	  4.69867e+06
673.374	  4.69828e+06
673.661	  4.69789e+06
673.948	  4.69749e+06
674.235	  4.69709e+06
674.522	  4.69669e+06
674.809	  4.69628e+06
675.096	  4.69587e+06
675.383	  4.69546e+06
675.67	  4.69504e+06
675.957	  4.69462e+06
676.244	  4.69419e+06
676.531	  4.69377e+06
676.818	  4.69334e+06
677.105	  4.6929e+06
677.392	  4.69246e+06
677.679	  4.69202e+06
677.966	  4.69157e+06
678.253	  4.69113e+06
678.54	  4.69067e+06
678.827	  4.69022e+06
679.114	  4.68976e+06
679.401	  4.6893e+06
679.688	  4.68883e+06
679.975	  4.68836e+06
680.262	  4.68789e+06
680.549	  4.68741e+06
680.836	  4.68693e+06
681.123	  4.68645e+06
681.41	  4.68596e+06
681.697	  4.68547e+06
681.984	  4.68497e+06
682.271	  4.68448e+06
682.558	  4.68398e+06
682.845	  4.68347e+06
683.132	  4.68297e+06
683.419	  4.68245e+06
683.706	  4.68194e+06
683.993	  4.68142e+06
684.28	  4.6809e+06
684.567	  4.68038e+06
684.854	  4.67985e+06
685.141	  4.67932e+06
685.428	  4.67879e+06
685.715	  4.67825e+06
686.002	  4.67771e+06
686.289	  4.67716e+06
686.576	  4.67662e+06
686.863	  4.67607e+06
687.15	  4.67551e+06
687.437	  4.67496e+06
687.724	  4.6744e+06
688.011	  4.67383e+06
688.298	  4.67327e+06
688.585	  4.6727e+06
688.872	  4.67212e+06
689.159	  4.67155e+06
689.446	  4.67097e+06
689.733	  4.67038e+06
690.02	  4.6698e+06
690.307	  4.66921e+06
690.594	  4.66861e+06
690.881	  4.66802e+06
691.168	  4.66742e+06
691.455	  4.66682e+06
691.742	  4.66621e+06
692.029	  4.6656e+06
692.316	  4.66499e+06
692.603	  4.66438e+06
692.89	  4.66376e+06
693.177	  4.66314e+06
693.464	  4.66251e+06
693.751	  4.66189e+06
694.038	  4.66126e+06
694.325	  4.66062e+06
694.612	  4.65999e+06
694.899	  4.65935e+06
695.186	  4.6587e+06
695.473	  4.65806e+06
695.76	  4.65741e+06
696.047	  4.65676e+06
696.334	  4.6561e+06
696.621	  4.65544e+06
696.908	  4.65478e+06
697.195	  4.65412e+06
697.482	  4.65345e+06
697.769	  4.65278e+06
698.056	  4.6521e+06
698.343	  4.65143e+06
698.63	  4.65075e+06
698.917	  4.65007e+06
699.204	  4.64938e+06
699.491	  4.64869e+06
699.778	  4.648e+06
700.065	  4.64731e+06
700.352	  4.64661e+06
700.639	  4.64591e+06
700.926	  4.6452e+06
701.213	  4.6445e+06
701.5	  4.64379e+06
701.787	  4.64308e+06
702.074	  4.64236e+06
702.361	  4.64164e+06
702.648	  4.64092e+06
702.935	  4.6402e+06
703.222	  4.63947e+06
703.509	  4.63874e+06
703.796	  4.63801e+06
704.083	  4.63727e+06
704.37	  4.63654e+06
704.657	  4.63579e+06
704.944	  4.63505e+06
705.231	  4.6343e+06
705.518	  4.63355e+06
705.805	  4.6328e+06
706.092	  4.63205e+06
706.379	  4.63129e+06
706.666	  4.63053e+06
706.953	  4.62976e+06
707.24	  4.62899e+06
707.527	  4.62822e+06
707.814	  4.62745e+06
708.101	  4.62668e+06
708.388	  4.6259e+06
708.675	  4.62512e+06
708.962	  4.62433e+06
709.249	  4.62355e+06
709.536	  4.62276e+06
709.823	  4.62197e+06
710.11	  4.62117e+06
710.397	  4.62037e+06
710.684	  4.61957e+06
710.971	  4.61877e+06
711.258	  4.61797e+06
711.545	  4.61716e+06
711.832	  4.61635e+06
712.119	  4.61553e+06
712.406	  4.61472e+06
712.693	  4.6139e+06
712.98	  4.61307e+06
713.267	  4.61225e+06
713.554	  4.61142e+06
713.841	  4.61059e+06
714.128	  4.60976e+06
714.415	  4.60892e+06
714.702	  4.60809e+06
714.989	  4.60725e+06
715.276	  4.6064e+06
715.563	  4.60556e+06
715.85	  4.60471e+06
716.137	  4.60386e+06
716.424	  4.603e+06
716.711	  4.60215e+06
716.998	  4.60129e+06
717.285	  4.60042e+06
717.572	  4.59956e+06
717.859	  4.59869e+06
718.146	  4.59782e+06
718.433	  4.59695e+06
718.72	  4.59608e+06
719.007	  4.5952e+06
719.294	  4.59432e+06
719.581	  4.59344e+06
719.868	  4.59255e+06
720.155	  4.59167e+06
720.442	  4.59078e+06
720.729	  4.58988e+06
721.016	  4.58899e+06
721.303	  4.58809e+06
721.59	  4.58719e+06
721.877	  4.58629e+06
722.164	  4.58538e+06
722.451	  4.58448e+06
722.738	  4.58357e+06
723.025	  4.58265e+06
723.312	  4.58174e+06
723.599	  4.58082e+06
723.886	  4.5799e+06
724.173	  4.57898e+06
724.46	  4.57805e+06
724.747	  4.57713e+06
725.034	  4.5762e+06
725.321	  4.57527e+06
725.608	  4.57433e+06
725.895	  4.57339e+06
726.182	  4.57245e+06
726.469	  4.57151e+06
726.756	  4.57057e+06
727.043	  4.56962e+06
727.33	  4.56867e+06
727.617	  4.56772e+06
727.904	  4.56677e+06
728.191	  4.56581e+06
728.478	  4.56485e+06
728.765	  4.56389e+06
729.052	  4.56293e+06
729.339	  4.56196e+06
729.626	  4.561e+06
729.913	  4.56003e+06
730.2	  4.55905e+06
730.487	  4.55808e+06
730.774	  4.5571e+06
731.061	  4.55612e+06
731.348	  4.55514e+06
731.635	  4.55416e+06
731.922	  4.55317e+06
732.209	  4.55218e+06
732.496	  4.55119e+06
732.783	  4.5502e+06
733.07	  4.5492e+06
733.357	  4.5482e+06
733.644	  4.5472e+06
733.931	  4.5462e+06
734.218	  4.54519e+06
734.505	  4.54419e+06
734.792	  4.54318e+06
735.079	  4.54217e+06
735.366	  4.54115e+06
735.653	  4.54014e+06
735.94	  4.53912e+06
736.227	  4.5381e+06
736.514	  4.53708e+06
736.801	  4.53605e+06
737.088	  4.53502e+06
737.375	  4.534e+06
737.662	  4.53296e+06
737.949	  4.53193e+06
738.236	  4.53089e+06
738.523	  4.52986e+06
738.81	  4.52882e+06
739.097	  4.52777e+06
739.384	  4.52673e+06
739.671	  4.52568e+06
739.958	  4.52464e+06
740.245	  4.52358e+06
740.532	  4.52253e+06
740.819	  4.52148e+06
741.106	  4.52042e+06
741.393	  4.51936e+06
741.68	  4.5183e+06
741.967	  4.51724e+06
742.254	  4.51617e+06
742.541	  4.5151e+06
742.828	  4.51403e+06
743.115	  4.51296e+06
743.402	  4.51189e+06
743.689	  4.51081e+06
743.976	  4.50973e+06
744.263	  4.50865e+06
744.55	  4.50757e+06
744.837	  4.50649e+06
745.124	  4.5054e+06
745.411	  4.50431e+06
745.698	  4.50322e+06
745.985	  4.50213e+06
746.272	  4.50103e+06
746.559	  4.49994e+06
746.846	  4.49884e+06
747.133	  4.49774e+06
747.42	  4.49664e+06
747.707	  4.49553e+06
747.994	  4.49442e+06
748.281	  4.49332e+06
748.568	  4.49221e+06
748.855	  4.49109e+06
749.142	  4.48998e+06
749.429	  4.48886e+06
749.716	  4.48774e+06
750.003	  4.48662e+06
750.29	  4.4855e+06
750.577	  4.48438e+06
750.864	  4.48325e+06
751.151	  4.48212e+06
751.438	  4.48099e+06
751.725	  4.47986e+06
752.012	  4.47873e+06
752.299	  4.47759e+06
752.586	  4.47645e+06
752.873	  4.47532e+06
753.16	  4.47417e+06
753.447	  4.47303e+06
753.734	  4.47189e+06
754.021	  4.47074e+06
754.308	  4.46959e+06
754.595	  4.46844e+06
754.882	  4.46729e+06
755.169	  4.46613e+06
755.456	  4.46497e+06
755.743	  4.46382e+06
756.03	  4.46266e+06
756.317	  4.46149e+06
756.604	  4.46033e+06
756.891	  4.45917e+06
757.178	  4.458e+06
757.465	  4.45683e+06
757.752	  4.45566e+06
758.039	  4.45448e+06
758.326	  4.45331e+06
758.613	  4.45213e+06
758.9	  4.45095e+06
759.187	  4.44977e+06
759.474	  4.44859e+06
759.761	  4.44741e+06
760.048	  4.44622e+06
760.335	  4.44504e+06
760.622	  4.44385e+06
760.909	  4.44266e+06
761.196	  4.44146e+06
761.483	  4.44027e+06
761.77	  4.43907e+06
762.057	  4.43788e+06
762.344	  4.43668e+06
762.631	  4.43548e+06
762.918	  4.43427e+06
763.205	  4.43307e+06
763.492	  4.43186e+06
763.779	  4.43065e+06
764.066	  4.42944e+06
764.353	  4.42823e+06
764.64	  4.42702e+06
764.927	  4.42581e+06
765.214	  4.42459e+06
765.501	  4.42337e+06
765.788	  4.42215e+06
766.075	  4.42093e+06
766.362	  4.41971e+06
766.649	  4.41848e+06
766.936	  4.41725e+06
767.223	  4.41603e+06
767.51	  4.4148e+06
767.797	  4.41357e+06
768.084	  4.41233e+06
768.371	  4.4111e+06
768.658	  4.40986e+06
768.945	  4.40862e+06
769.232	  4.40738e+06
769.519	  4.40614e+06
769.806	  4.4049e+06
770.093	  4.40366e+06
770.38	  4.40241e+06
770.667	  4.40116e+06
770.954	  4.39991e+06
771.241	  4.39866e+06
771.528	  4.39741e+06
771.815	  4.39616e+06
772.102	  4.3949e+06
772.389	  4.39364e+06
772.676	  4.39238e+06
772.963	  4.39112e+06
773.25	  4.38986e+06
773.537	  4.3886e+06
773.824	  4.38733e+06
774.111	  4.38607e+06
774.398	  4.3848e+06
774.685	  4.38353e+06
774.972	  4.38226e+06
775.259	  4.38099e+06
775.546	  4.37971e+06
775.833	  4.37844e+06
776.12	  4.37716e+06
776.407	  4.37588e+06
776.694	  4.3746e+06
776.981	  4.37332e+06
777.268	  4.37204e+06
777.555	  4.37075e+06
777.842	  4.36947e+06
778.129	  4.36818e+06
778.416	  4.36689e+06
778.703	  4.3656e+06
778.99	  4.36431e+06
779.277	  4.36302e+06
779.564	  4.36172e+06
779.851	  4.36042e+06
780.138	  4.35913e+06
780.425	  4.35783e+06
780.712	  4.35653e+06
780.999	  4.35523e+06
781.286	  4.35392e+06
781.573	  4.35262e+06
781.86	  4.35131e+06
782.147	  4.35e+06
782.434	  4.3487e+06
782.721	  4.34738e+06
783.008	  4.34607e+06
783.295	  4.34476e+06
783.582	  4.34345e+06
783.869	  4.34213e+06
784.156	  4.34081e+06
784.443	  4.33949e+06
784.73	  4.33817e+06
785.017	  4.33685e+06
785.304	  4.33553e+06
785.591	  4.33421e+06
785.878	  4.33288e+06
786.165	  4.33155e+06
786.452	  4.33022e+06
786.739	  4.3289e+06
787.026	  4.32756e+06
787.313	  4.32623e+06
787.6	  4.3249e+06
787.887	  4.32356e+06
788.174	  4.32223e+06
788.461	  4.32089e+06
788.748	  4.31955e+06
789.035	  4.31821e+06
789.322	  4.31687e+06
789.609	  4.31553e+06
789.896	  4.31418e+06
790.183	  4.31284e+06
790.47	  4.31149e+06
790.757	  4.31014e+06
791.044	  4.3088e+06
791.331	  4.30745e+06
791.618	  4.30609e+06
791.905	  4.30474e+06
792.192	  4.30339e+06
792.479	  4.30203e+06
792.766	  4.30067e+06
793.053	  4.29932e+06
793.34	  4.29796e+06
793.627	  4.2966e+06
793.914	  4.29524e+06
794.201	  4.29387e+06
794.488	  4.29251e+06
794.775	  4.29114e+06
795.062	  4.28978e+06
795.349	  4.28841e+06
795.636	  4.28704e+06
795.923	  4.28567e+06
796.21	  4.2843e+06
796.497	  4.28293e+06
796.784	  4.28155e+06
797.071	  4.28018e+06
797.358	  4.2788e+06
797.645	  4.27743e+06
797.932	  4.27605e+06
798.219	  4.27467e+06
798.506	  4.27329e+06
798.793	  4.27191e+06
799.08	  4.27052e+06
799.367	  4.26914e+06
799.654	  4.26775e+06
799.941	  4.26637e+06
800.228	  4.26498e+06
800.515	  4.26359e+06
800.802	  4.2622e+06
801.089	  4.26081e+06
801.376	  4.25942e+06
801.663	  4.25802e+06
801.95	  4.25663e+06
802.237	  4.25523e+06
802.524	  4.25384e+06
802.811	  4.25244e+06
803.098	  4.25104e+06
803.385	  4.24964e+06
803.672	  4.24824e+06
803.959	  4.24684e+06
804.246	  4.24543e+06
804.533	  4.24403e+06
804.82	  4.24263e+06
805.107	  4.24122e+06
805.394	  4.23981e+06
805.681	  4.2384e+06
805.968	  4.23699e+06
806.255	  4.23558e+06
806.542	  4.23417e+06
806.829	  4.23276e+06
807.116	  4.23134e+06
807.403	  4.22993e+06
807.69	  4.22851e+06
807.977	  4.2271e+06
808.264	  4.22568e+06
808.551	  4.22426e+06
808.838	  4.22284e+06
809.125	  4.22142e+06
809.412	  4.22e+06
809.699	  4.21857e+06
809.986	  4.21715e+06
810.273	  4.21572e+06
810.56	  4.2143e+06
810.847	  4.21287e+06
811.134	  4.21144e+06
811.421	  4.21001e+06
811.708	  4.20858e+06
811.995	  4.20715e+06
812.282	  4.20572e+06
812.569	  4.20429e+06
812.856	  4.20286e+06
813.143	  4.20142e+06
813.43	  4.19998e+06
813.717	  4.19855e+06
814.004	  4.19711e+06
814.291	  4.19567e+06
814.578	  4.19423e+06
814.865	  4.19279e+06
815.152	  4.19135e+06
815.439	  4.18991e+06
815.726	  4.18846e+06
816.013	  4.18702e+06
816.3	  4.18557e+06
816.587	  4.18413e+06
816.874	  4.18268e+06
817.161	  4.18123e+06
817.448	  4.17978e+06
817.735	  4.17833e+06
818.022	  4.17688e+06
818.309	  4.17543e+06
818.596	  4.17398e+06
818.883	  4.17253e+06
819.17	  4.17107e+06
819.457	  4.16962e+06
820.002	  4.16685e+06
820.031	  4.1667e+06
820.059	  4.16656e+06
820.088	  4.16641e+06
820.117	  4.16627e+06
820.146	  4.16612e+06
820.174	  4.16597e+06
820.203	  4.16583e+06
820.232	  4.16568e+06
820.26	  4.16554e+06
820.289	  4.16539e+06
820.318	  4.16525e+06
820.346	  4.1651e+06
820.375	  4.16495e+06
820.404	  4.16481e+06
820.433	  4.16466e+06
820.461	  4.16452e+06
820.49	  4.16437e+06
820.519	  4.16422e+06
820.547	  4.16408e+06
820.576	  4.16393e+06
820.605	  4.16379e+06
820.633	  3.35532e+06
820.662	  3.35515e+06
820.691	  3.35498e+06
820.72	  3.35481e+06
820.748	  3.35464e+06
820.777	  3.35447e+06
820.806	  3.3543e+06
820.834	  3.35413e+06
820.863	  3.35396e+06
820.892	  3.35379e+06
820.92	  3.35362e+06
820.949	  3.35345e+06
820.978	  3.35328e+06
821.007	  3.35311e+06
821.035	  3.35294e+06
821.064	  3.35277e+06
821.093	  3.3526e+06
821.121	  3.35243e+06
821.15	  3.35226e+06
821.179	  3.35209e+06
821.207	  3.35192e+06
821.236	  3.35175e+06
821.265	  3.35158e+06
821.294	  3.3514e+06
821.322	  3.35123e+06
821.351	  3.35106e+06
821.38	  3.35089e+06
821.408	  3.35072e+06
821.437	  3.35055e+06
821.466	  3.35038e+06
821.494	  3.35021e+06
821.523	  3.35004e+06
821.552	  3.34987e+06
821.581	  3.3497e+06
821.609	  3.34953e+06
821.638	  3.34936e+06
821.667	  3.34919e+06
821.695	  3.34902e+06
821.724	  3.34885e+06
821.753	  3.34868e+06
821.781	  3.34851e+06
821.81	  3.34834e+06
821.839	  3.34817e+06
821.868	  3.348e+06
821.896	  3.34783e+06
821.925	  3.34766e+06
821.954	  3.34749e+06
821.982	  3.34732e+06
822.011	  3.34715e+06
822.011	  3.34715e+06
822.298	  3.34545e+06
822.585	  3.34374e+06
822.872	  3.34204e+06
823.159	  3.34033e+06
823.446	  3.33863e+06
823.733	  3.33692e+06
824.02	  3.33521e+06
824.307	  3.33351e+06
824.594	  3.3318e+06
824.881	  3.33009e+06
825.168	  3.32838e+06
825.455	  3.32667e+06
825.742	  3.32496e+06
826.029	  3.32325e+06
826.316	  3.32154e+06
826.603	  3.31983e+06
826.89	  3.31812e+06
827.177	  3.31641e+06
827.464	  3.3147e+06
827.751	  3.31298e+06
828.038	  3.31127e+06
828.325	  3.30955e+06
828.612	  3.30784e+06
828.899	  3.30612e+06
829.186	  3.30441e+06
829.473	  3.30269e+06
829.76	  3.30098e+06
830.047	  3.29926e+06
830.334	  3.29754e+06
830.621	  3.29582e+06
830.908	  3.29411e+06
831.195	  3.29239e+06
831.482	  3.29067e+06
831.769	  3.28895e+06
832.056	  3.28723e+06
832.343	  3.28551e+06
832.63	  3.28379e+06
832.917	  3.28207e+06
833.204	  3.28034e+06
833.491	  3.27862e+06
833.778	  3.2769e+06
834.065	  3.27518e+06
834.352	  3.27345e+06
834.639	  3.27173e+06
834.926	  3.27001e+06
835.213	  3.26828e+06
835.5	  3.26656e+06
835.787	  3.26483e+06
836.074	  3.2631e+06
836.361	  3.26138e+06
836.648	  3.25965e+06
836.935	  3.25792e+06
837.222	  3.2562e+06
837.509	  3.25447e+06
837.796	  3.25274e+06
838.083	  3.25101e+06
838.37	  3.24928e+06
838.657	  3.24755e+06
838.944	  3.24583e+06
839.231	  3.24409e+06
839.518	  3.24236e+06
839.805	  3.24063e+06
840.092	  3.2389e+06
840.379	  3.23717e+06
840.666	  3.23544e+06
840.953	  3.23371e+06
841.24	  3.23198e+06
841.527	  3.23024e+06
841.814	  3.22851e+06
842.101	  3.22678e+06
842.388	  3.22504e+06
842.675	  3.22331e+06
842.962	  3.22157e+06
843.249	  3.21984e+06
843.536	  3.2181e+06
843.823	  3.21637e+06
844.11	  3.21463e+06
844.397	  3.2129e+06
844.684	  3.21116e+06
844.971	  3.20942e+06
845.258	  3.20769e+06
845.545	  3.20595e+06
845.832	  3.20421e+06
846.119	  3.20247e+06
846.406	  3.20074e+06
846.693	  3.199e+06
846.98	  3.19726e+06
847.267	  3.19552e+06
847.554	  3.19378e+06
847.841	  3.19204e+06
848.128	  3.1903e+06
848.415	  3.18856e+06
848.702	  3.18682e+06
848.989	  3.18508e+06
849.276	  3.18334e+06
849.563	  3.1816e+06
849.85	  3.17986e+06
850.137	  3.17812e+06
850.424	  3.17637e+06
850.711	  3.17463e+06
850.998	  3.17289e+06
851.285	  3.17115e+06
851.572	  3.1694e+06
851.859	  3.16766e+06
852.146	  3.16592e+06
852.433	  3.16417e+06
852.72	  3.16243e+06
853.007	  3.16069e+06
853.294	  3.15894e+06
853.581	  3.1572e+06
853.868	  3.15545e+06
854.155	  3.15371e+06
854.442	  3.15196e+06
854.729	  3.15022e+06
855.016	  3.14847e+06
855.303	  3.14673e+06
855.59	  3.14498e+06
855.877	  3.14324e+06
856.164	  3.14149e+06
856.451	  3.13974e+06
856.738	  3.138e+06
857.025	  3.13625e+06
857.312	  3.1345e+06
857.599	  3.13276e+06
857.886	  3.13101e+06
858.173	  3.12926e+06
858.46	  3.12751e+06
858.747	  3.12577e+06
859.034	  3.12402e+06
859.321	  3.12227e+06
859.608	  3.12052e+06
859.895	  3.11877e+06
860.182	  3.11702e+06
860.469	  3.11527e+06
860.756	  3.11353e+06
861.043	  3.11178e+06
861.33	  3.11003e+06
861.617	  3.10828e+06
861.904	  3.10653e+06
862.191	  3.10478e+06
862.478	  3.10303e+06
862.765	  3.10128e+06
863.052	  3.09953e+06
863.339	  3.09778e+06
863.626	  3.09603e+06
863.913	  3.09428e+06
864.2	  3.09253e+06
864.487	  3.09078e+06
864.774	  3.08902e+06
865.061	  3.08727e+06
865.348	  3.08552e+06
865.635	  3.08377e+06
865.922	  3.08202e+06
866.209	  3.08027e+06
866.496	  3.07852e+06
866.783	  3.07676e+06
867.07	  3.07501e+06
867.357	  3.07326e+06
867.644	  3.07151e+06
867.931	  3.06976e+06
868.218	  3.068e+06
868.505	  3.06625e+06
868.792	  3.0645e+06
869.079	  3.06275e+06
869.366	  3.061e+06
869.653	  3.05924e+06
869.94	  3.05749e+06
870.227	  3.05574e+06
870.514	  3.05398e+06
870.801	  3.05223e+06
871.088	  3.05048e+06
871.375	  3.04873e+06
871.662	  3.04697e+06
871.949	  3.04522e+06
872.236	  3.04347e+06
872.523	  3.04171e+06
872.81	  3.03996e+06
873.097	  3.03821e+06
873.384	  3.03645e+06
873.671	  3.0347e+06
873.958	  3.03295e+06
874.245	  3.03119e+06
874.532	  3.02944e+06
874.819	  3.02769e+06
875.106	  3.02593e+06
875.393	  3.02418e+06
875.68	  3.02243e+06
875.967	  3.02067e+06
876.254	  3.01892e+06
876.541	  3.01716e+06
876.828	  3.01541e+06
877.115	  3.01366e+06
877.402	  3.0119e+06
877.689	  3.01015e+06
877.976	  3.0084e+06
878.263	  3.00664e+06
878.55	  3.00489e+06
878.837	  3.00313e+06
879.124	  3.00138e+06
879.411	  2.99963e+06
879.698	  2.99787e+06
879.985	  2.99612e+06
880.272	  2.99437e+06
880.559	  2.99261e+06
880.846	  2.99086e+06
881.133	  2.9891e+06
881.42	  2.98735e+06
881.707	  2.9856e+06
881.994	  2.98384e+06
882.281	  2.98209e+06
882.568	  2.98034e+06
882.855	  2.97858e+06
883.142	  2.97683e+06
883.429	  2.97507e+06
883.716	  2.97332e+06
884.003	  2.97157e+06
884.29	  2.96981e+06
884.577	  2.96806e+06
884.864	  2.96631e+06
885.151	  2.96455e+06
885.438	  2.9628e+06
885.725	  2.96105e+06
886.012	  2.95929e+06
886.299	  2.95754e+06
886.586	  2.95579e+06
886.873	  2.95404e+06
887.16	  2.95228e+06
887.447	  2.95053e+06
887.734	  2.94878e+06
888.021	  2.94702e+06
888.308	  2.94527e+06
888.595	  2.94352e+06
888.882	  2.94177e+06
889.169	  2.94001e+06
889.456	  2.93826e+06
889.743	  2.93651e+06
890.03	  2.93476e+06
890.317	  2.933e+06
890.604	  2.93125e+06
890.891	  2.9295e+06
891.178	  2.92775e+06
891.465	  2.926e+06
891.752	  2.92425e+06
892.039	  2.92249e+06
892.326	  2.92074e+06
892.613	  2.91899e+06
892.9	  2.91724e+06
893.187	  2.91549e+06
893.474	  2.91374e+06
893.761	  2.91199e+06
894.048	  2.91024e+06
894.335	  2.90848e+06
894.622	  2.90673e+06
894.909	  2.90498e+06
895.196	  2.90323e+06
895.483	  2.90148e+06
895.77	  2.89973e+06
896.057	  2.89798e+06
896.344	  2.89623e+06
896.631	  2.89448e+06
896.918	  2.89273e+06
897.205	  2.89098e+06
897.492	  2.88923e+06
897.779	  2.88748e+06
898.066	  2.88574e+06
898.353	  2.88399e+06
898.64	  2.88224e+06
898.927	  2.88049e+06
899.214	  2.87874e+06
899.501	  2.87699e+06
899.788	  2.87524e+06
900.075	  2.87349e+06
900.362	  2.87175e+06
900.649	  2.87e+06
900.936	  2.86825e+06
901.223	  2.8665e+06
901.51	  2.86476e+06
901.797	  2.86301e+06
902.084	  2.86126e+06
902.371	  2.85952e+06
902.658	  2.85777e+06
902.945	  2.85602e+06
903.232	  2.85428e+06
903.519	  2.85253e+06
903.806	  2.85078e+06
904.093	  2.84904e+06
904.38	  2.84729e+06
904.667	  2.84555e+06
904.954	  2.8438e+06
905.241	  2.84206e+06
905.528	  2.84031e+06
905.815	  2.83857e+06
906.102	  2.83682e+06
906.389	  2.83508e+06
906.676	  2.83333e+06
906.963	  2.83159e+06
907.25	  2.82984e+06
907.537	  2.8281e+06
907.824	  2.82636e+06
908.111	  2.82461e+06
908.398	  2.82287e+06
908.685	  2.82113e+06
908.972	  2.81939e+06
909.259	  2.81764e+06
909.546	  2.8159e+06
909.833	  2.81416e+06
910.12	  2.81242e+06
910.407	  2.81068e+06
910.694	  2.80893e+06
910.981	  2.80719e+06
911.268	  2.80545e+06
911.555	  2.80371e+06
911.842	  2.80197e+06
912.129	  2.80023e+06
912.416	  2.79849e+06
912.703	  2.79675e+06
912.99	  2.79501e+06
913.277	  2.79327e+06
913.564	  2.79153e+06
913.851	  2.78979e+06
914.138	  2.78806e+06
914.425	  2.78632e+06
914.712	  2.78458e+06
914.999	  2.78284e+06
915.286	  2.7811e+06
915.573	  2.77937e+06
915.86	  2.77763e+06
916.147	  2.77589e+06
916.434	  2.77416e+06
916.721	  2.77242e+06
917.008	  2.77068e+06
917.295	  2.76895e+06
917.582	  2.76721e+06
917.869	  2.76548e+06
918.156	  2.76374e+06
918.443	  2.76201e+06
918.73	  2.76027e+06
919.017	  2.75854e+06
919.304	  2.7568e+06
919.591	  2.75507e+06
919.878	  2.75334e+06
920.165	  2.7516e+06
920.452	  2.74987e+06
920.739	  2.74814e+06
921.026	  2.7464e+06
921.313	  2.74467e+06
921.6	  2.74294e+06
921.887	  2.74121e+06
922.174	  2.73948e+06
922.461	  2.73775e+06
922.748	  2.73602e+06
923.035	  2.73428e+06
923.322	  2.73255e+06
923.609	  2.73082e+06
923.896	  2.7291e+06
924.183	  2.72737e+06
924.47	  2.72564e+06
924.757	  2.72391e+06
925.044	  2.72218e+06
925.331	  2.72045e+06
925.618	  2.71872e+06
925.905	  2.717e+06
926.192	  2.71527e+06
926.479	  2.71354e+06
926.766	  2.71182e+06
927.053	  2.71009e+06
927.34	  2.70836e+06
927.627	  2.70664e+06
927.914	  2.70491e+06
928.201	  2.70319e+06
928.488	  2.70146e+06
928.775	  2.69974e+06
929.062	  2.69801e+06
929.349	  2.69629e+06
929.636	  2.69457e+06
929.923	  2.69284e+06
930.21	  2.69112e+06
930.497	  2.6894e+06
930.784	  2.68768e+06
931.071	  2.68595e+06
931.358	  2.68423e+06
931.645	  2.68251e+06
931.932	  2.68079e+06
932.219	  2.67907e+06
932.506	  2.67735e+06
932.793	  2.67563e+06
933.08	  2.67391e+06
933.367	  2.67219e+06
933.654	  2.67047e+06
933.941	  2.66875e+06
934.228	  2.66704e+06
934.515	  2.66532e+06
934.802	  2.6636e+06
935.089	  2.66188e+06
935.376	  2.66017e+06
935.663	  2.65845e+06
935.95	  2.65674e+06
936.237	  2.65502e+06
936.524	  2.6533e+06
936.811	  2.65159e+06
937.098	  2.64987e+06
937.385	  2.64816e+06
937.672	  2.64645e+06
937.959	  2.64473e+06
938.246	  2.64302e+06
938.533	  2.64131e+06
938.82	  2.6396e+06
939.107	  2.63788e+06
939.394	  2.63617e+06
939.681	  2.63446e+06
939.968	  2.63275e+06
940.255	  2.63104e+06
940.542	  2.62933e+06
940.829	  2.62762e+06
941.116	  2.62591e+06
941.403	  2.6242e+06
941.69	  2.62249e+06
941.977	  2.62078e+06
942.264	  2.61908e+06
942.551	  2.61737e+06
942.838	  2.61566e+06
943.125	  2.61395e+06
943.412	  2.61225e+06
943.699	  2.61054e+06
943.986	  2.60884e+06
944.273	  2.60713e+06
944.56	  2.60543e+06
944.847	  2.60372e+06
945.134	  2.60202e+06
945.421	  2.60031e+06
945.708	  2.59861e+06
945.995	  2.59691e+06
946.282	  2.59521e+06
946.569	  2.5935e+06
946.856	  2.5918e+06
947.143	  2.5901e+06
947.43	  2.5884e+06
947.717	  2.5867e+06
948.004	  2.585e+06
948.291	  2.5833e+06
948.578	  2.5816e+06
948.865	  2.5799e+06
949.152	  2.5782e+06
949.439	  2.57651e+06
949.726	  2.57481e+06
950.013	  2.57311e+06
950.3	  2.57142e+06
950.587	  2.56972e+06
950.874	  2.56802e+06
951.161	  2.56633e+06
951.448	  2.56463e+06
951.735	  2.56294e+06
952.022	  2.56125e+06
952.309	  2.55955e+06
952.596	  2.55786e+06
952.883	  2.55617e+06
953.17	  2.55447e+06
953.457	  2.55278e+06
953.744	  2.55109e+06
954.031	  2.5494e+06
954.318	  2.54771e+06
954.605	  2.54602e+06
954.892	  2.54433e+06
955.179	  2.54264e+06
955.466	  2.54095e+06
955.753	  2.53926e+06
956.04	  2.53757e+06
956.327	  2.53589e+06
956.614	  2.5342e+06
956.901	  2.53251e+06
957.188	  2.53083e+06
957.475	  2.52914e+06
957.762	  2.52745e+06
958.049	  2.52577e+06
958.336	  2.52409e+06
958.623	  2.5224e+06
958.91	  2.52072e+06
959.197	  2.51903e+06
959.484	  2.51735e+06
959.771	  2.51567e+06
960.058	  2.51399e+06
960.345	  2.51231e+06
960.632	  2.51063e+06
960.919	  2.50895e+06
961.206	  2.50727e+06
961.493	  2.50559e+06
961.78	  2.50391e+06
962.067	  2.50223e+06
962.354	  2.50055e+06
962.641	  2.49887e+06
962.928	  2.4972e+06
963.215	  2.49552e+06
963.502	  2.49384e+06
963.789	  2.49217e+06
964.076	  2.49049e+06
964.363	  2.48882e+06
964.65	  2.48715e+06
964.937	  2.48547e+06
965.224	  2.4838e+06
965.511	  2.48213e+06
965.798	  2.48045e+06
966.085	  2.47878e+06
966.372	  2.47711e+06
966.659	  2.47544e+06
966.946	  2.47377e+06
967.233	  2.4721e+06
967.52	  2.47043e+06
967.807	  2.46876e+06
968.094	  2.46709e+06
968.381	  2.46542e+06
968.668	  2.46376e+06
968.955	  2.46209e+06
969.242	  2.46042e+06
969.529	  2.45876e+06
969.816	  2.45709e+06
970.103	  2.45543e+06
970.39	  2.45376e+06
970.677	  2.4521e+06
970.964	  2.45044e+06
971.251	  2.44877e+06
971.538	  2.44711e+06
971.825	  2.44545e+06
972.112	  2.44379e+06
972.399	  2.44213e+06
972.686	  2.44047e+06
972.973	  2.43881e+06
973.26	  2.43715e+06
973.547	  2.43549e+06
973.834	  2.43383e+06
974.121	  2.43217e+06
974.408	  2.43051e+06
974.695	  2.42886e+06
974.982	  2.4272e+06
975.269	  2.42554e+06
975.556	  2.42389e+06
975.843	  2.42223e+06
976.13	  2.42058e+06
976.417	  2.41893e+06
976.704	  2.41727e+06
976.991	  2.41562e+06
977.278	  2.41397e+06
977.565	  2.41232e+06
977.852	  2.41067e+06
978.139	  2.40901e+06
978.426	  2.40736e+06
978.713	  2.40572e+06
979	  2.40407e+06
979.287	  2.40242e+06
979.574	  2.40077e+06
979.861	  2.39912e+06
980.148	  2.39748e+06
980.435	  2.39583e+06
980.722	  2.39418e+06
981.009	  2.39254e+06
981.296	  2.39089e+06
981.583	  2.38925e+06
981.87	  2.3876e+06
982.157	  2.38596e+06
982.444	  2.38432e+06
982.731	  2.38268e+06
983.018	  2.38103e+06
983.305	  2.37939e+06
983.592	  2.37775e+06
983.879	  2.37611e+06
984.166	  2.37447e+06
984.453	  2.37284e+06
984.74	  2.3712e+06
985.027	  2.36956e+06
985.314	  2.36792e+06
985.601	  2.36628e+06
985.888	  2.36465e+06
986.175	  2.36301e+06
986.462	  2.36138e+06
986.749	  2.35974e+06
987.036	  2.35811e+06
987.323	  2.35648e+06
987.61	  2.35484e+06
987.897	  2.35321e+06
988.184	  2.35158e+06
988.471	  2.34995e+06
988.758	  2.34832e+06
989.045	  2.34669e+06
989.332	  2.34506e+06
989.619	  2.34343e+06
989.906	  2.3418e+06
990.193	  2.34017e+06
990.48	  2.33855e+06
990.767	  2.33692e+06
991.054	  2.33529e+06
991.341	  2.33367e+06
991.628	  2.33204e+06
991.915	  2.33042e+06
992.202	  2.32879e+06
992.489	  2.32717e+06
992.776	  2.32555e+06
993.063	  2.32392e+06
993.35	  2.3223e+06
993.637	  2.32068e+06
993.924	  2.31906e+06
994.211	  2.31744e+06
994.498	  2.31582e+06
994.785	  2.3142e+06
995.072	  2.31259e+06
995.359	  2.31097e+06
995.646	  2.30935e+06
995.933	  2.30773e+06
996.22	  2.30612e+06
996.507	  2.3045e+06
996.794	  2.30289e+06
997.081	  2.30127e+06
997.368	  2.29966e+06
997.655	  2.29805e+06
997.942	  2.29643e+06
998.229	  2.29482e+06
998.516	  2.29321e+06
998.803	  2.2916e+06
999.09	  2.28999e+06
999.377	  2.28838e+06
999.664	  2.28677e+06
999.951	  2.28516e+06
1000.24	  2.28356e+06
1000.52	  2.28195e+06
1000.81	  2.28034e+06
1001.1	  2.27874e+06
1001.39	  2.27713e+06
1001.67	  2.27553e+06
1001.96	  2.27392e+06
1002.25	  2.27232e+06
1002.53	  2.27072e+06
1002.82	  2.26911e+06
1003.11	  2.26751e+06
1003.39	  2.26591e+06
1003.68	  2.26431e+06
1003.97	  2.26271e+06
1004.26	  2.26111e+06
1004.54	  2.25951e+06
1004.83	  2.25791e+06
1005.12	  2.25632e+06
1005.4	  2.25472e+06
1005.69	  2.25312e+06
1005.98	  2.25153e+06
1006.26	  2.24993e+06
1006.55	  2.24834e+06
1006.84	  2.24674e+06
1007.13	  2.24515e+06
1007.41	  2.24356e+06
1007.7	  2.24196e+06
1007.99	  2.24037e+06
1008.27	  2.23878e+06
1008.56	  2.23719e+06
1008.85	  2.2356e+06
1009.13	  2.23401e+06
1009.42	  2.23242e+06
1009.71	  2.23083e+06
1010	  2.22925e+06
1010.28	  2.22766e+06
1010.57	  2.22607e+06
1010.86	  2.22449e+06
1011.14	  2.2229e+06
1011.43	  2.22132e+06
1011.72	  2.21974e+06
1012	  2.21815e+06
1012.29	  2.21657e+06
1012.58	  2.21499e+06
1012.87	  2.21341e+06
1013.15	  2.21183e+06
1013.44	  2.21025e+06
1013.73	  2.20867e+06
1014.01	  2.20709e+06
1014.3	  2.20551e+06
1014.59	  2.20393e+06
1014.88	  2.20236e+06
1015.16	  2.20078e+06
1015.45	  2.1992e+06
1015.74	  2.19763e+06
1016.02	  2.19606e+06
1016.31	  2.19448e+06
1016.6	  2.19291e+06
1016.88	  2.19134e+06
1017.17	  2.18976e+06
1017.46	  2.18819e+06
1017.75	  2.18662e+06
1018.03	  2.18505e+06
1018.32	  2.18348e+06
1018.61	  2.18191e+06
1018.89	  2.18035e+06
1019.18	  2.17878e+06
1019.47	  2.17721e+06
1019.98	  2.17444e+06
1021.08	  2.16844e+06
1022.17	  2.16246e+06
1023.27	  2.15648e+06
1024.38	  2.15052e+06
1025.47	  2.14456e+06
1026.58	  2.13861e+06
1027.67	  2.13267e+06
1028.78	  2.12674e+06
1029.88	  2.12082e+06
1030.97	  2.11491e+06
1032.08	  2.10901e+06
1033.17	  2.10312e+06
1034.28	  2.09724e+06
1035.38	  2.09137e+06
1036.47	  2.08551e+06
1037.58	  2.07966e+06
1038.67	  2.07381e+06
1039.78	  2.06798e+06
1040.88	  2.06216e+06
1041.97	  2.05635e+06
1043.08	  2.05054e+06
1044.17	  2.04475e+06
1045.28	  2.03897e+06
1046.38	  2.03319e+06
1047.47	  2.02743e+06
1048.58	  2.02168e+06
1049.67	  2.01594e+06
1050.78	  2.0102e+06
1051.88	  2.00448e+06
1052.97	  1.99877e+06
1054.08	  1.99306e+06
1055.17	  1.98737e+06
1056.28	  1.98169e+06
1057.38	  1.97602e+06
1058.47	  1.97036e+06
1059.58	  1.9647e+06
1060.67	  1.95906e+06
1061.78	  1.95343e+06
1062.88	  1.94781e+06
1063.97	  1.9422e+06
1065.08	  1.9366e+06
1066.17	  1.93101e+06
1067.28	  1.92543e+06
1068.38	  1.91986e+06
1069.47	  1.9143e+06
1070.58	  1.90875e+06
1071.67	  1.90321e+06
1072.78	  1.89769e+06
1073.88	  1.89217e+06
1074.97	  1.88666e+06
1076.08	  1.88116e+06
1077.17	  1.87568e+06
1078.28	  1.8702e+06
1079.38	  1.86474e+06
1080.47	  1.85928e+06
1081.58	  1.85384e+06
1082.67	  1.84841e+06
1083.78	  1.84298e+06
1084.88	  1.83757e+06
1085.97	  1.83217e+06
1087.08	  1.82678e+06
1088.17	  1.8214e+06
1089.28	  1.81603e+06
1090.38	  1.81067e+06
1091.47	  1.80532e+06
1092.58	  1.79998e+06
1093.67	  1.79465e+06
1094.78	  1.78934e+06
1095.88	  1.78403e+06
1096.97	  1.77874e+06
1098.08	  1.77345e+06
1099.17	  1.76818e+06
1100.28	  1.76291e+06
1101.38	  1.75766e+06
1102.47	  1.75242e+06
1103.58	  1.74719e+06
1104.67	  1.74197e+06
1105.78	  1.73676e+06
1106.88	  1.73156e+06
1107.97	  1.72637e+06
1109.08	  1.7212e+06
1110.17	  1.71603e+06
1111.28	  1.71087e+06
1112.38	  1.70573e+06
1113.47	  1.70059e+06
1114.58	  1.69547e+06
1115.67	  1.69036e+06
1116.78	  1.68526e+06
1117.88	  1.68017e+06
1118.97	  1.67509e+06
1120.08	  1.67002e+06
1121.17	  1.66496e+06
1122.28	  1.65991e+06
1123.38	  1.65488e+06
1124.47	  1.64985e+06
1125.58	  1.64484e+06
1126.67	  1.63983e+06
1127.78	  1.63484e+06
1128.88	  1.62986e+06
1129.97	  1.62489e+06
1131.08	  1.61993e+06
1132.17	  1.61498e+06
1133.28	  1.61004e+06
1134.38	  1.60511e+06
1135.47	  1.60019e+06
1136.58	  1.59529e+06
1137.67	  1.59039e+06
1138.78	  1.58551e+06
1139.88	  1.58064e+06
1140.97	  1.57577e+06
1142.08	  1.57092e+06
1143.17	  1.56608e+06
1144.28	  1.56125e+06
1145.38	  1.55643e+06
1146.47	  1.55162e+06
1147.58	  1.54683e+06
1148.67	  1.54204e+06
1149.78	  1.53727e+06
1150.88	  1.5325e+06
1151.97	  1.52775e+06
1153.08	  1.52301e+06
1154.17	  1.51827e+06
1155.28	  1.51355e+06
1156.38	  1.50884e+06
1157.47	  1.50415e+06
1158.58	  1.49946e+06
1159.67	  1.49478e+06
1160.78	  1.49011e+06
1161.88	  1.48546e+06
1162.97	  1.48081e+06
1164.08	  1.47618e+06
1165.17	  1.47156e+06
1166.28	  1.46695e+06
1167.38	  1.46235e+06
1168.47	  1.45776e+06
1169.58	  1.45318e+06
1170.67	  1.44861e+06
1171.78	  1.44405e+06
1172.88	  1.4395e+06
1173.97	  1.43497e+06
1175.08	  1.43044e+06
1176.17	  1.42593e+06
1177.28	  1.42143e+06
1178.38	  1.41693e+06
1179.47	  1.41245e+06
1180.58	  1.40798e+06
1181.67	  1.40352e+06
1182.78	  1.39907e+06
1183.88	  1.39464e+06
1184.97	  1.39021e+06
1186.08	  1.38579e+06
1187.17	  1.38139e+06
1188.28	  1.37699e+06
1189.38	  1.37261e+06
1190.47	  1.36823e+06
1191.58	  1.36387e+06
1192.67	  1.35952e+06
1193.78	  1.35518e+06
1194.88	  1.35085e+06
1195.97	  1.34653e+06
1197.08	  1.34222e+06
1198.17	  1.33792e+06
1199.28	  1.33364e+06
1200.38	  1.32936e+06
1201.47	  1.3251e+06
1202.58	  1.32084e+06
1203.67	  1.3166e+06
1204.78	  1.31236e+06
1205.88	  1.30814e+06
1206.97	  1.30393e+06
1208.08	  1.29973e+06
1209.17	  1.29554e+06
1210.28	  1.29136e+06
1211.38	  1.28719e+06
1212.47	  1.28303e+06
1213.58	  1.27888e+06
1214.67	  1.27475e+06
1215.78	  1.27062e+06
1216.88	  1.2665e+06
1217.97	  1.2624e+06
1219.08	  1.2583e+06
1220.17	  1.25422e+06
1221.28	  1.25015e+06
1222.38	  1.24608e+06
1223.47	  1.24203e+06
1224.58	  1.23799e+06
1225.67	  1.23396e+06
1226.78	  1.22994e+06
1227.88	  1.22593e+06
1228.97	  1.22193e+06
1230.08	  1.21794e+06
1231.17	  1.21397e+06
1232.28	  1.21e+06
1233.38	  1.20604e+06
1234.47	  1.2021e+06
1235.58	  1.19816e+06
1236.67	  1.19423e+06
1237.78	  1.19032e+06
1238.88	  1.18642e+06
1239.97	  1.18252e+06
1241.08	  1.17864e+06
1242.17	  1.17477e+06
1243.28	  1.1709e+06
1244.38	  1.16705e+06
1245.47	  1.16321e+06
1246.58	  1.15938e+06
1247.67	  1.15556e+06
1248.78	  1.15175e+06
1249.88	  1.14795e+06
1250.97	  1.14416e+06
1252.08	  1.14038e+06
1253.17	  1.13661e+06
1254.28	  1.13286e+06
1255.38	  1.12911e+06
1256.47	  1.12537e+06
1257.58	  1.12164e+06
1258.67	  1.11793e+06
1259.78	  1.11422e+06
1260.88	  1.11052e+06
1261.97	  1.10684e+06
1263.08	  1.10316e+06
1264.17	  1.0995e+06
1265.28	  1.09584e+06
1266.38	  1.0922e+06
1267.47	  1.08856e+06
1268.58	  1.08494e+06
1269.67	  1.08133e+06
1270.78	  1.07772e+06
1271.88	  1.07413e+06
1272.97	  1.07055e+06
1274.08	  1.06697e+06
1275.17	  1.06341e+06
1276.28	  1.05986e+06
1277.38	  1.05632e+06
1278.47	  1.05278e+06
1279.58	  1.04926e+06
1280.67	  1.04575e+06
1281.78	  1.04225e+06
1282.88	  1.03876e+06
1283.97	  1.03528e+06
1285.08	  1.0318e+06
1286.17	  1.02834e+06
1287.28	  1.02489e+06
1288.38	  1.02145e+06
1289.47	  1.01802e+06
1290.58	  1.0146e+06
1291.67	  1.01119e+06
1292.78	  1.00779e+06
1293.88	  1.0044e+06
1294.97	  1.00101e+06
1296.08	  997644
1297.17	  994283
1298.28	  990932
1299.38	  987591
1300.47	  984260
1301.58	  980939
1302.67	  977628
1303.78	  974327
1304.88	  971035
1305.97	  967754
1307.08	  964483
1308.17	  961221
1309.28	  957969
1310.38	  954728
1311.47	  951496
1312.58	  948273
1313.67	  945061
1314.78	  941859
1315.88	  938666
1316.97	  935483
1318.08	  932310
1319.17	  929147
1320.28	  925994
1321.38	  922850
1322.47	  919716
1323.58	  916592
1324.67	  913477
1325.78	  910372
1326.88	  907277
1327.97	  904192
1329.08	  901116
1330.17	  898050
1331.28	  894994
1332.38	  891947
1333.47	  888910
1334.58	  885883
1335.67	  882865
1336.78	  879857
1337.88	  876859
1338.97	  873870
1340.08	  870890
1341.17	  867920
1342.28	  864960
1343.38	  862010
1344.47	  859068
1345.58	  856137
1346.67	  853215
1347.78	  850302
1348.88	  847399
1349.97	  844505
1351.08	  841621
1352.17	  838747
1353.28	  835882
1354.38	  833026
1355.47	  830179
1356.58	  827343
1357.67	  824515
1358.78	  821697
1359.88	  818888
1360.97	  816089
1362.08	  813299
1363.17	  810519
1364.28	  807748
1365.38	  804986
1366.47	  802233
1367.58	  799490
1368.67	  796756
1369.78	  794032
1370.88	  791316
1371.97	  788610
1373.08	  785913
1374.17	  783226
1375.28	  780548
1376.38	  777879
1377.47	  775219
1378.58	  772569
1379.67	  769927
1380.78	  767295
1381.88	  764672
1382.97	  762059
1384.08	  759454
1385.17	  756859
1386.28	  754272
1387.38	  751695
1388.47	  749127
1389.58	  746568
1390.67	  744019
1391.78	  741478
1392.88	  738947
1393.97	  736424
1395.08	  733911
1396.17	  731406
1397.28	  728911
1398.38	  726425
1399.47	  723948
1400.58	  721480
1401.67	  719021
1402.78	  716570
1403.88	  714129
1404.97	  711697
1406.08	  709274
1407.17	  706860
1408.28	  704455
1409.38	  702059
1410.47	  699671
1411.58	  697293
1412.67	  694923
1413.78	  692563
1414.88	  690211
1415.97	  687869
1417.08	  685535
1418.17	  683210
1419.28	  680894
1420.38	  678587
1421.47	  676288
1422.58	  673999
1423.67	  671718
1424.78	  669447
1425.88	  667184
1426.97	  664929
1428.08	  662684
1429.17	  660448
1430.28	  658220
1431.38	  656001
1432.47	  653791
1433.58	  651589
1434.67	  649397
1435.78	  647213
1436.88	  645038
1437.97	  642871
1439.08	  640713
1440.17	  638564
1441.28	  636424
1442.38	  634293
1443.47	  632170
1444.58	  630056
1445.67	  627950
1446.78	  625853
1447.88	  623765
1448.97	  621686
1450.08	  619615
1451.17	  617553
1452.28	  615499
1453.38	  613455
1454.47	  611418
1455.58	  609391
1456.67	  607372
1457.78	  605361
1458.88	  474637
1459.97	  472641
1461.08	  470654
1462.17	  468675
1463.28	  466705
1464.38	  464744
1465.47	  462792
1466.58	  460848
1467.67	  458914
1468.78	  456988
1469.88	  455071
1470.97	  453162
1472.08	  451263
1473.17	  449372
1474.28	  447490
1475.38	  445616
1476.47	  443752
1477.58	  441896
1478.67	  440049
1479.78	  438210
1480.88	  436381
1481.97	  434560
1483.08	  432747
1484.17	  430944
1485.28	  429149
1486.38	  427363
1487.47	  425586
1488.58	  423817
1489.67	  422057
1490.78	  420306
1491.88	  418563
1492.97	  416830
1494.08	  415104
1495.17	  413388
1496.28	  411680
1497.38	  409981
1498.47	  408291
1499.58	  406609
1500.67	  404936
1501.78	  403272
1502.88	  401616
1503.97	  399969
1505.08	  398331
1506.17	  396702
1507.28	  395081
1508.38	  393469
1509.47	  391865
1510.58	  390271
1511.67	  388685
1512.78	  387107
1513.88	  385539
1514.97	  383979
1516.08	  382428
1517.17	  380885
1518.28	  379351
1519.38	  377826
1520.47	  376310
1521.58	  374802
1522.67	  373303
1523.78	  371813
1524.88	  370331
1525.97	  368859
1527.08	  367395
1528.17	  365939
1529.28	  364493
1530.38	  363055
1531.47	  361626
1532.58	  360206
1533.67	  358794
1534.78	  357391
1535.88	  355998
1536.97	  354612
1538.08	  353236
1539.17	  351868
1540.28	  350510
1541.38	  349160
1542.47	  347819
1543.58	  346487
1544.67	  345163
1545.78	  343849
1546.88	  342543
1547.97	  341246
1549.08	  339958
1550.17	  338680
1551.28	  337410
1552.38	  336148
1553.47	  334896
1554.58	  333653
1555.67	  332419
1556.78	  331194
1557.88	  329978
1558.97	  328771
1560.08	  327572
1561.17	  326383
1562.28	  325203
1563.38	  324033
1564.47	  322871
1565.58	  321718
1566.67	  320575
1567.78	  319441
1568.88	  318316
1569.97	  317200
1571.08	  316094
1572.17	  314996
1573.28	  313908
1574.38	  312830
1575.47	  311761
1576.58	  310701
1577.67	  309651
1578.78	  308610
1579.88	  307578
1580.97	  306557
1582.08	  305544
1583.17	  304542
1584.28	  303549
1585.38	  302566
1586.47	  301592
1587.58	  300628
1588.67	  299674
1589.78	  298730
1590.88	  297796
1591.97	  296872
1593.08	  295958
1594.17	  295054
1595.28	  294160
1596.38	  293277
1597.47	  292404
1598.58	  291541
1599.67	  290688
1600.78	  289846
1601.88	  289015
1602.97	  288194
1604.08	  287384
1605.17	  286585
1606.28	  285797
1607.38	  285020
1608.47	  284254
1609.58	  283499
1610.67	  282756
1611.78	  282024
1612.88	  281304
1613.97	  280596
1615.08	  279900
1616.17	  279215
1617.28	  278544
1618.38	  277884
1619.47	  277238
1620.58	  276604
1621.67	  275983
1622.78	  275376
1623.88	  274783
1624.97	  274204
1626.08	  273639
1627.17	  273089
1628.28	  272554
1629.38	  272035
1630.47	  271532
1631.58	  271046
1632.67	  270578
1633.78	  270128
1634.88	  269698
1635.97	  269288
1637.08	  268902
1638.17	  268540
1639.28	  268206
1640.38	  267905
1641.47	  267649
1642.58	  267468
1643.67	  267303
1644.78	  267137
1645.88	  266972
1646.97	  266807
1648.08	  266642
1649.17	  266478
1650.28	  266313
1651.38	  266148
1652.47	  265983
1653.58	  265818
1654.67	  265653
1655.78	  265489
1656.88	  265324
1657.97	  265159
1659.08	  264995
1660.17	  264830
1661.28	  264666
1662.38	  264501
1663.47	  264337
1664.58	  264172
1665.67	  264008
1666.78	  263844
1667.88	  263679
1668.97	  263515
1670.08	  263351
1671.17	  263187
1672.28	  263023
1673.38	  262858
1674.47	  262694
1675.58	  262530
1676.67	  262367
1677.78	  262203
1678.88	  262039
1679.97	  261875
1681.08	  261711
1682.17	  261547
1683.28	  261384
1684.38	  261220
1685.47	  261057
1686.58	  260893
1687.67	  260730
1688.78	  260566
1689.88	  260403
1690.97	  260239
1692.08	  260076
1693.17	  259913
1694.28	  259750
1695.38	  259586
1696.47	  259423
1697.58	  259260
1698.67	  259097
1699.78	  258934
1700.88	  258771
1701.97	  258608
1703.08	  258446
1704.17	  258283
1705.28	  258120
1706.38	  257958
1707.47	  257795
1708.58	  257632
1709.67	  257470
1710.78	  257307
1711.88	  257145
1712.97	  256983
1714.08	  256820
1715.17	  256658
1716.28	  256496
1717.38	  256334
1718.47	  256172
1719.58	  256010
1720.67	  255848
1721.78	  255686
1722.88	  255524
1723.97	  255362
1725.08	  255200
1726.17	  255039
1727.28	  254877
1728.38	  254715
1729.47	  254554
1730.58	  254392
1731.67	  254231
1732.78	  254069
1733.88	  253908
1734.97	  253747
1736.08	  253586
1737.17	  253425
1738.28	  253263
1739.38	  253102
1740.47	  252941
1741.58	  252781
1742.67	  252620
1743.78	  252459
1744.88	  252298
1745.97	  252137
1747.08	  251977
1748.17	  251816
1749.28	  251656
1750.38	  251495
1751.47	  251335
1752.58	  251175
1753.67	  251014
1754.78	  250854
1755.88	  250694
1756.97	  250534
1758.08	  250374
1759.17	  250214
1760.28	  250054
1761.38	  249894
1762.47	  249734
1763.58	  249575
1764.67	  249415
1765.78	  249255
1766.88	  249096
1767.97	  248936
1769.08	  248777
1770.17	  248618
1771.28	  248458
1772.38	  248299
1773.47	  248140
1774.58	  247981
1775.67	  247822
1776.78	  247663
1777.88	  247504
1778.97	  247345
1780.08	  247187
1781.17	  247028
1782.28	  246869
1783.38	  246711
1784.47	  246552
1785.58	  246394
1786.67	  246235
1787.78	  246077
1788.88	  245919
1789.97	  245761
1791.08	  245603
1792.17	  245445
1793.28	  245287
1794.38	  245129
1795.47	  244971
1796.58	  244813
1797.67	  244655
1798.78	  244498
1799.88	  244340
1800.97	  244183
1802.08	  244025
1803.17	  243868
1804.28	  243711
1805.38	  243553
1806.47	  243396
1807.58	  243239
1808.67	  243082
1809.78	  242925
1810.88	  242768
1811.97	  242611
1813.08	  242455
1814.17	  242298
1815.28	  242141
1816.38	  241985
1817.47	  241828
1818.58	  241672
1819.67	  241516
1820.78	  241359
1821.88	  241203
1822.97	  241047
1824.08	  240891
1825.17	  240735
1826.28	  240579
1827.38	  240423
1828.47	  240268
1829.58	  240112
1830.67	  239956
1831.78	  239801
1832.88	  239645
1833.97	  239490
1835.08	  239334
1836.17	  239179
1837.28	  239024
1838.38	  238869
1839.47	  238714
1840.58	  238559
1841.67	  238404
1842.78	  238249
1843.88	  238094
1844.97	  237940
1846.08	  237785
1847.17	  237631
1848.28	  237476
1849.38	  237322
1850.47	  237167
1851.58	  237013
1852.67	  236859
1853.78	  236705
1854.88	  236551
1855.97	  236397
1857.08	  236243
1858.17	  236089
1859.28	  235936
1860.38	  235782
1861.47	  235628
1862.58	  235475
1863.67	  235321
1864.78	  235168
1865.88	  235015
1866.97	  234862
1868.08	  234709
1869.17	  234556
1870.28	  234403
1871.38	  234250
1872.47	  234097
1873.58	  233944
1874.67	  233791
1875.78	  233639
1876.88	  233486
1877.97	  233334
1879.08	  233182
1880.17	  233029
1881.28	  232877
1882.38	  232725
1883.47	  232573
1884.58	  232421
1885.67	  232269
1886.78	  232117
1887.88	  231965
1888.97	  231814
1890.08	  231662
1891.17	  231511
1892.28	  231359
1893.38	  231208
1894.47	  231057
1895.58	  230905
1896.67	  230754
1897.78	  230603
1898.88	  230452
1899.97	  230301
1901.08	  230150
1902.17	  230000
1903.28	  229849
1904.38	  229698
1905.47	  229548
1906.58	  229398
1907.67	  229247
1908.78	  229097
1909.88	  228947
1910.97	  228797
1912.08	  228647
1913.17	  228497
1914.28	  228347
1915.38	  228197
1916.47	  228047
1917.58	  227898
1918.67	  227748
1919.78	  227599
1920.88	  227449
1921.97	  227300
1923.08	  227151
1924.17	  227001
1925.28	  226852
1926.38	  226703
1927.47	  226554
1928.58	  226406
1929.67	  226257
1930.78	  226108
1931.88	  225960
1932.97	  225811
1934.08	  225663
1935.17	  225514
1936.28	  225366
1937.38	  225218
1938.47	  225070
1939.58	  224922
1940.67	  224774
1941.78	  224626
1942.88	  224478
1943.97	  224330
1945.08	  224183
1946.17	  224035
1947.28	  223888
1948.38	  223740
1949.47	  223593
1950.58	  223446
1951.67	  223299
1952.78	  223151
1953.88	  223004
1954.97	  222858
1956.08	  222711
1957.17	  222564
1958.28	  222417
1959.38	  222271
1960.47	  222124
1961.58	  221978
1962.67	  221832
1963.78	  221685
1964.88	  221539
1965.97	  221393
1967.08	  221247
1968.17	  221101
1969.28	  220955
1970.38	  220809
1971.47	  220664
1972.58	  220518
1973.67	  220373
1974.78	  220227
1975.88	  220082
1976.97	  219937
1978.08	  219791
1979.17	  219646
1980.28	  219501
1981.38	  219356
1982.47	  219212
1983.58	  219067
1984.67	  218922
1985.78	  218777
1986.88	  218633
1987.97	  218488
1989.08	  218344
1990.17	  218200
1991.28	  218056
1992.38	  217912
1993.47	  217768
1994.58	  217624
1995.67	  217480
1996.78	  217336
1997.88	  217192
1998.97	  217049
2000.08	  216905
2001.17	  216762
2002.28	  216618
2003.38	  216475
2004.47	  216332
2005.58	  216189
2006.67	  216046
2007.78	  215903
2008.88	  215760
2009.97	  215617
2011.08	  215474
2012.17	  215332
2013.28	  215189
2014.38	  215047
2015.47	  214904
2016.58	  214762
2017.67	  214620
2018.78	  214478
2019.88	  214336
2020.97	  214194
2022.08	  214052
2023.18	  213910
2024.28	  213768
2025.38	  213627
2026.47	  213485
2027.58	  213344
2028.68	  213203
2029.78	  213061
2030.88	  212920
2031.97	  212779
2033.08	  212638
2034.18	  212497
2035.28	  212356
2036.38	  212215
2037.47	  212075
2038.58	  211934
2039.68	  211794
2040.78	  211653
2041.88	  211513
2042.97	  211372
2044.08	  211232
2045.18	  211092
2046.28	  210952
2047.38	  210812
2048.47	  210672
2049.57	  210533
2050.68	  210393
2051.78	  210253
2052.88	  210114
2053.97	  209974
2055.07	  209835
2056.18	  209696
2057.28	  209557
2058.38	  209418
2059.47	  209279
2060.57	  209140
2061.68	  209001
2062.78	  208862
2063.88	  208723
2064.97	  208585
2066.07	  208446
2067.18	  208308
2068.28	  208170
2069.38	  208031
2070.47	  207893
2071.57	  207755
2072.68	  207617
2073.78	  207479
2074.88	  207341
2075.97	  207204
2077.07	  207066
2078.18	  206928
2079.28	  206791
2080.38	  206653
2081.47	  206516
2082.57	  206379
2083.68	  206242
2084.78	  206105
2085.88	  205968
2086.97	  205831
2088.07	  205694
2089.18	  205557
2090.28	  205421
2091.38	  205284
2092.47	  205148
2093.57	  205011
2094.68	  204875
2095.78	  204739
2096.88	  204603
2097.97	  204467
2099.07	  204331
2100.18	  204195
2101.28	  204059
2102.38	  203923
2103.47	  203788
2104.57	  203652
2105.68	  203517
2106.78	  203381
2107.88	  203246
2108.97	  203111
2110.07	  202976
2111.18	  202841
2112.28	  202706
2113.38	  202571
2114.47	  202436
2115.57	  202301
2116.68	  202167
2117.78	  202032
2118.88	  201898
2119.97	  201763
2121.07	  201629
2122.18	  201495
2123.28	  201361
2124.38	  201227
2125.47	  201093
2126.57	  200959
2127.68	  200825
2128.78	  200692
2129.88	  200558
2130.97	  200424
2132.07	  200291
2133.18	  200158
2134.28	  200024
2135.38	  199891
2136.47	  199758
2137.57	  199625
2138.68	  199492
2139.78	  199359
2140.88	  199227
2141.97	  199094
2143.07	  198961
2144.18	  198829
2145.28	  198697
2146.38	  198564
2147.47	  198432
2148.57	  198300
2149.68	  198168
2150.78	  198036
2151.88	  197904
2152.97	  197772
2154.07	  197640
2155.18	  197509
2156.28	  197377
2157.38	  197246
2158.47	  197114
2159.57	  196983
2160.68	  196852
2161.78	  196721
2162.88	  196590
2163.97	  196459
2165.07	  196328
2166.18	  196197
2167.28	  196066
2168.38	  195936
2169.47	  195805
2170.57	  195674
2171.68	  195544
2172.78	  195414
2173.88	  195284
2174.97	  195153
2176.07	  195023
2177.18	  194893
2178.28	  194764
2179.38	  194634
2180.47	  194504
2181.57	  194374
2182.68	  194245
2183.78	  194115
2184.88	  193986
2185.97	  193857
2187.07	  193728
2188.18	  193598
2189.28	  193469
2190.38	  193340
2191.47	  193212
2192.57	  193083
2193.68	  192954
2194.78	  192825
2195.88	  192697
2196.97	  192569
2198.07	  192440
2199.18	  192312
2200.28	  192184
2201.38	  192056
2202.47	  191928
2203.57	  191800
2204.68	  191672
2205.78	  191544
2206.88	  191416
2207.97	  191289
2209.07	  191161
2210.18	  191034
2211.28	  190906
2212.38	  190779
2213.47	  190652
2214.57	  190525
2215.68	  190398
2216.78	  190271
2217.88	  190144
2218.97	  190017
2220.07	  189890
2221.18	  189764
2222.28	  189637
2223.38	  189511
2224.47	  189384
2225.57	  189258
2226.68	  189132
2227.78	  189006
2228.88	  188880
2229.97	  188754
2231.07	  188628
2232.18	  188502
2233.28	  188377
2234.38	  188251
2235.47	  188125
2236.57	  188000
2237.68	  187875
2238.78	  187749
2239.88	  187624
2240.97	  187499
2242.07	  187374
2243.18	  187249
2244.28	  187124
2245.38	  187000
2246.47	  186875
2247.57	  186750
2248.68	  186626
2249.78	  186501
2250.88	  186377
2251.97	  186253
2253.07	  186128
2254.18	  186004
2255.28	  185880
2256.38	  185756
2257.47	  185632
2258.57	  185509
2259.68	  185385
2260.78	  185261
2261.88	  185138
2262.97	  185014
2264.07	  184891
2265.18	  184768
2266.28	  184644
2267.38	  184521
2268.47	  184398
2269.57	  184275
2270.68	  184152
2271.78	  184030
2272.88	  183907
2273.97	  183784
2275.07	  183662
2276.18	  183539
2277.28	  183417
2278.38	  183295
2279.47	  183172
2280.57	  156999
2281.68	  156895
2282.78	  156791
2283.88	  156686
2284.97	  156582
2286.07	  156478
2287.18	  156374
2288.28	  156270
2289.38	  156167
2290.47	  156063
2291.57	  155959
2292.68	  155856
2293.78	  155752
2294.88	  155649
2295.97	  155545
2297.07	  155442
2298.18	  155339
2299.28	  155236
2300.38	  155133
2301.47	  155030
2302.57	  154927
2303.68	  154824
2304.78	  154721
2305.88	  154619
2306.97	  154516
2308.07	  154413
2309.18	  154311
2310.28	  154208
2311.38	  154106
2312.47	  154004
2313.57	  153902
2314.68	  153800
2315.78	  153698
2316.88	  153596
2317.97	  153494
2319.07	  153392
2320.18	  153290
2321.28	  153189
2322.38	  153087
2323.47	  152985
2324.57	  152884
2325.68	  152783
2326.78	  152681
2327.88	  152580
2328.97	  152479
2330.07	  152378
2331.18	  152277
2332.28	  152176
2333.38	  152075
2334.47	  151974
2335.57	  151874
2336.68	  151773
2337.78	  151672
2338.88	  151572
2339.97	  151472
2341.07	  151371
2342.18	  151271
2343.28	  151171
2344.38	  151071
2345.47	  150970
2346.57	  150871
2347.68	  150771
2348.78	  150671
2349.88	  150571
2350.97	  150471
2352.07	  150372
2353.18	  150272
2354.28	  150173
2355.38	  150073
2356.47	  149974
2357.57	  149875
2358.68	  149775
2359.78	  149676
2360.88	  149577
2361.97	  149478
2363.07	  149379
2364.18	  149280
2365.28	  149182
2366.38	  149083
2367.47	  148984
2368.57	  148886
2369.68	  148787
2370.78	  148689
2371.88	  148591
2372.97	  148492
2374.07	  148394
2375.18	  148296
2376.28	  148198
2377.38	  148100
2378.47	  148002
2379.57	  147904
2380.68	  147806
2381.78	  147709
2382.88	  147611
2383.97	  147514
2385.07	  147416
2386.18	  147319
2387.28	  147221
2388.38	  147124
2389.47	  147027
2390.57	  146930
2391.68	  146833
2392.78	  146736
2393.88	  146639
2394.97	  146542
2396.07	  146445
2397.18	  146348
2398.28	  146252
2399.38	  146155
2400.47	  146059
2401.57	  145962
2402.68	  145866
2403.78	  145770
2404.88	  145673
2405.97	  145577
2407.07	  145481
2408.18	  145385
2409.28	  145289
2410.38	  145193
2411.47	  145098
2412.57	  145002
2413.68	  144906
2414.78	  144811
2415.88	  144715
2416.97	  144620
2418.07	  144524
2419.18	  144429
2420.28	  144334
2421.38	  144239
2422.47	  144143
2423.57	  144048
2424.68	  143953
2425.78	  143859
2426.88	  143764
2427.97	  143669
2429.07	  143574
2430.18	  143480
2431.28	  143385
2432.38	  143291
2433.47	  143196
2434.57	  143102
2435.68	  143008
2436.78	  142913
2437.88	  142819
2438.97	  142725
2440.07	  142631
2441.18	  142537
2442.28	  142443
2443.38	  142350
2444.47	  142256
2445.57	  142162
2446.68	  142069
2447.78	  141975
2448.88	  141882
2449.97	  141788
2451.07	  141695
2452.18	  141602
2453.28	  141508
2454.38	  141415
2455.47	  141322
2456.57	  141229
2457.68	  141136
2458.78	  141044
2459.88	  140951
2460.97	  140858
2462.07	  140765
2463.18	  140673
2464.28	  140580
2465.38	  140488
2466.47	  140396
2467.57	  140303
2468.68	  140211
2469.78	  140119
2470.88	  140027
2471.97	  139935
2473.07	  139843
2474.18	  139751
2475.28	  139659
2476.38	  139567
2477.47	  139476
