Emission arising from a slab of Hydrogen (both H and H-).
   
Parameters of the slab:
n_e = 3e+13 cm-3
T_e = 7500 K
tau(lambda=300 nm) = 3
L = 8.35372e+08 cm
   
Wavelength (nm), Emission (erg s-1 cm-2 nm-1 sr-1)
50	  0.00837031
91.2	  1287.15
120	  106620
150	  1.67037e+06
175	  6.50293e+06
200	  1.65355e+07
225	  3.13563e+07
250	  4.85738e+07
270	  6.19948e+07
290	  7.37269e+07
300	  7.87204e+07
305	  8.09782e+07
310	  8.30738e+07
315	  8.5007e+07
320	  8.67792e+07
322.5	  8.76055e+07
325	  8.83925e+07
327	  8.89941e+07
329	  8.95712e+07
329.999	  8.98502e+07
330.266	  8.99238e+07
330.533	  8.99969e+07
330.8	  9.00697e+07
331.067	  9.01419e+07
331.334	  9.02138e+07
331.601	  9.02852e+07
331.868	  9.03562e+07
332.135	  9.04268e+07
332.402	  9.04969e+07
332.669	  9.05666e+07
332.936	  9.06359e+07
333.203	  9.07048e+07
333.47	  9.07732e+07
333.737	  9.08413e+07
334.004	  9.09089e+07
334.271	  9.0976e+07
334.538	  9.10428e+07
334.805	  9.11092e+07
335.072	  9.11751e+07
335.339	  9.12406e+07
335.606	  9.13057e+07
335.873	  9.13704e+07
336.14	  9.14346e+07
336.407	  9.14985e+07
336.674	  9.15619e+07
336.941	  9.16249e+07
337.208	  9.16876e+07
337.475	  9.17498e+07
337.742	  9.18116e+07
338.009	  9.18729e+07
338.276	  9.19339e+07
338.543	  9.19945e+07
338.81	  9.20546e+07
339.077	  9.21144e+07
339.344	  9.21737e+07
339.611	  9.22327e+07
339.878	  9.22912e+07
340.145	  9.23494e+07
340.412	  9.24071e+07
340.679	  9.24644e+07
340.946	  9.25214e+07
341.213	  9.25779e+07
341.48	  9.2634e+07
341.747	  9.26898e+07
342.014	  9.27451e+07
342.281	  9.28001e+07
342.548	  9.28546e+07
342.815	  9.29088e+07
343.082	  9.29626e+07
343.349	  9.30159e+07
343.616	  9.30689e+07
343.883	  9.31215e+07
344.15	  9.31737e+07
344.417	  9.32255e+07
344.684	  9.3277e+07
344.951	  9.3328e+07
345.218	  9.33787e+07
345.485	  9.34289e+07
345.752	  9.34788e+07
346.019	  9.35283e+07
346.286	  9.35774e+07
346.553	  9.36262e+07
346.82	  9.36745e+07
347.087	  9.37225e+07
347.354	  9.37701e+07
347.621	  9.38173e+07
347.888	  9.38642e+07
348.155	  9.39106e+07
348.422	  9.39567e+07
348.689	  9.40024e+07
348.956	  9.40478e+07
349.223	  9.40928e+07
349.49	  9.41374e+07
349.757	  9.41816e+07
350.024	  9.42254e+07
350.291	  9.42689e+07
350.558	  9.43121e+07
350.825	  9.43548e+07
351.092	  9.43972e+07
351.359	  9.44392e+07
351.626	  9.44809e+07
351.893	  9.45222e+07
352.16	  9.45631e+07
352.427	  9.46037e+07
352.694	  9.46439e+07
352.961	  9.46838e+07
353.228	  9.47232e+07
353.495	  9.47624e+07
353.762	  9.48012e+07
354.029	  9.48396e+07
354.296	  9.48777e+07
354.563	  9.49154e+07
354.83	  9.49527e+07
355.097	  9.49897e+07
355.364	  9.50264e+07
355.631	  9.50627e+07
355.898	  9.50987e+07
356.165	  9.51343e+07
356.432	  9.51695e+07
356.699	  9.52045e+07
356.966	  9.5239e+07
357.233	  9.52732e+07
357.5	  9.53071e+07
357.767	  9.53407e+07
358.034	  9.53739e+07
358.301	  9.54067e+07
358.568	  9.54392e+07
358.835	  9.54714e+07
359.102	  9.55032e+07
359.369	  9.55347e+07
359.636	  9.55659e+07
359.903	  9.55967e+07
360.17	  9.56272e+07
360.437	  9.56574e+07
360.704	  9.56872e+07
360.971	  9.57167e+07
361.238	  9.57459e+07
361.505	  9.57747e+07
361.772	  9.58032e+07
362.039	  9.58314e+07
362.306	  9.58593e+07
362.573	  9.58868e+07
363	  9.59302e+07
363.027	  9.59329e+07
363.054	  9.59355e+07
363.08	  9.59382e+07
363.107	  9.59409e+07
363.134	  9.59436e+07
363.16	  9.59462e+07
363.187	  9.59489e+07
363.214	  9.59515e+07
363.24	  9.59542e+07
363.267	  9.59569e+07
363.294	  9.59595e+07
363.321	  9.59622e+07
363.347	  9.59648e+07
363.374	  9.59674e+07
363.401	  9.59701e+07
363.427	  9.59727e+07
363.454	  9.59753e+07
363.481	  9.5978e+07
363.508	  9.59806e+07
363.534	  9.59832e+07
363.561	  9.59858e+07
363.588	  9.59884e+07
363.614	  9.59911e+07
363.641	  9.59937e+07
363.668	  9.59963e+07
363.694	  9.59989e+07
363.721	  9.60015e+07
363.748	  9.60041e+07
363.774	  9.60067e+07
363.801	  9.60093e+07
363.828	  9.60118e+07
363.855	  9.60144e+07
363.881	  9.6017e+07
363.908	  9.60196e+07
363.935	  9.60222e+07
363.961	  9.60247e+07
363.988	  9.60273e+07
364.015	  9.60299e+07
364.041	  9.60324e+07
364.068	  9.6035e+07
364.095	  9.60375e+07
364.122	  9.60401e+07
364.148	  9.60426e+07
364.175	  9.60452e+07
364.202	  9.60477e+07
364.228	  9.60503e+07
364.255	  9.60528e+07
364.282	  9.60553e+07
364.308	  9.60578e+07
364.335	  9.60604e+07
364.362	  9.60629e+07
364.389	  9.60654e+07
364.415	  9.60679e+07
364.442	  9.60704e+07
364.469	  9.6073e+07
364.495	  9.60755e+07
364.522	  9.6078e+07
364.549	  9.60805e+07
364.575	  9.6083e+07
364.602	  9.60855e+07
364.629	  9.6088e+07
364.656	  9.60905e+07
364.682	  9.60929e+07
364.709	  9.60954e+07
364.736	  2.82295e+07
364.762	  2.82332e+07
364.789	  2.82369e+07
364.816	  2.82406e+07
364.842	  2.82444e+07
364.869	  2.82481e+07
364.896	  2.82518e+07
364.923	  2.82555e+07
364.949	  2.82593e+07
364.976	  2.8263e+07
365.003	  2.82667e+07
365.029	  2.82704e+07
365.056	  2.82741e+07
365.083	  2.82779e+07
365.11	  2.82816e+07
365.136	  2.82853e+07
365.163	  2.8289e+07
365.19	  2.82927e+07
365.216	  2.82964e+07
365.243	  2.83002e+07
365.27	  2.83039e+07
365.296	  2.83076e+07
365.323	  2.83113e+07
365.35	  2.8315e+07
365.377	  2.83187e+07
365.403	  2.83224e+07
365.43	  2.83261e+07
365.457	  2.83299e+07
365.483	  2.83336e+07
365.51	  2.83373e+07
365.537	  2.8341e+07
365.563	  2.83447e+07
365.59	  2.83484e+07
365.617	  2.83521e+07
365.643	  2.83558e+07
365.67	  2.83595e+07
365.697	  2.83632e+07
365.724	  2.83669e+07
365.75	  2.83706e+07
365.777	  2.83743e+07
365.804	  2.8378e+07
365.83	  2.83817e+07
365.857	  2.83854e+07
365.884	  2.83891e+07
365.91	  2.83928e+07
365.937	  2.83965e+07
365.964	  2.84002e+07
365.991	  2.84039e+07
365.991	  2.84039e+07
366.258	  2.84409e+07
366.525	  2.84778e+07
366.792	  2.85146e+07
367.059	  2.85513e+07
367.326	  2.8588e+07
367.593	  2.86247e+07
367.86	  2.86613e+07
368.127	  2.86978e+07
368.394	  2.87343e+07
368.661	  2.87706e+07
368.928	  2.8807e+07
369.195	  2.88433e+07
369.462	  2.88795e+07
369.729	  2.89156e+07
369.996	  2.89517e+07
370.263	  2.89877e+07
370.53	  2.90237e+07
370.797	  2.90596e+07
371.064	  2.90955e+07
371.331	  2.91312e+07
371.598	  2.9167e+07
371.865	  2.92026e+07
372.132	  2.92382e+07
372.399	  2.92737e+07
372.666	  2.93092e+07
372.933	  2.93446e+07
373.2	  2.938e+07
373.467	  2.94152e+07
373.734	  2.94504e+07
374.001	  2.94856e+07
374.268	  2.95207e+07
374.535	  2.95557e+07
374.802	  2.95907e+07
375.069	  2.96256e+07
375.336	  2.96604e+07
375.603	  2.96952e+07
375.87	  2.97299e+07
376.137	  2.97646e+07
376.404	  2.97991e+07
376.671	  2.98337e+07
376.938	  2.98681e+07
377.205	  2.99025e+07
377.472	  2.99368e+07
377.739	  2.99711e+07
378.006	  3.00053e+07
378.273	  3.00394e+07
378.54	  3.00735e+07
378.807	  3.01075e+07
379.074	  3.01415e+07
379.341	  3.01753e+07
379.608	  3.02092e+07
379.875	  3.02429e+07
380.142	  3.02766e+07
380.409	  3.03102e+07
380.676	  3.03438e+07
380.943	  3.03773e+07
381.21	  3.04107e+07
381.477	  3.04441e+07
381.744	  3.04774e+07
382.011	  3.05106e+07
382.278	  3.05438e+07
382.545	  3.05769e+07
382.812	  3.06099e+07
383.079	  3.06429e+07
383.346	  3.06758e+07
383.613	  3.07086e+07
383.88	  3.07414e+07
384.147	  3.07741e+07
384.414	  3.08067e+07
384.681	  3.08393e+07
384.948	  3.08718e+07
385.215	  3.09043e+07
385.482	  3.09367e+07
385.749	  3.0969e+07
386.016	  3.10012e+07
386.283	  3.10334e+07
386.55	  3.10655e+07
386.817	  3.10976e+07
387.084	  3.11296e+07
387.351	  3.11615e+07
387.618	  3.11934e+07
387.885	  3.12252e+07
388.152	  3.12569e+07
388.419	  3.12885e+07
388.686	  3.13201e+07
388.953	  3.13517e+07
389.22	  3.13831e+07
389.487	  3.14145e+07
389.754	  3.14458e+07
390.021	  3.14771e+07
390.288	  3.15083e+07
390.555	  3.15394e+07
390.822	  3.15705e+07
391.089	  3.16015e+07
391.356	  3.16324e+07
391.623	  3.16633e+07
391.89	  3.16941e+07
392.157	  3.17248e+07
392.424	  3.17554e+07
392.691	  3.1786e+07
392.958	  3.18166e+07
393.225	  3.1847e+07
393.492	  3.18774e+07
393.759	  3.19078e+07
394.026	  3.1938e+07
394.293	  3.19682e+07
394.56	  3.19983e+07
394.827	  3.20284e+07
395.094	  3.20584e+07
395.361	  3.20883e+07
395.628	  3.21182e+07
395.895	  3.2148e+07
396.162	  3.21777e+07
396.429	  3.22074e+07
396.696	  3.2237e+07
396.963	  3.22665e+07
397.23	  3.2296e+07
397.497	  3.23253e+07
397.764	  3.23547e+07
398.031	  3.23839e+07
398.298	  3.24131e+07
398.565	  3.24422e+07
398.832	  3.24713e+07
399.099	  3.25003e+07
399.366	  3.25292e+07
399.633	  3.25581e+07
399.9	  3.25868e+07
400.167	  3.26156e+07
400.434	  3.26442e+07
400.701	  3.26728e+07
400.968	  3.27013e+07
401.235	  3.27298e+07
401.502	  3.27582e+07
401.769	  3.27865e+07
402.036	  3.28147e+07
402.303	  3.28429e+07
402.57	  3.2871e+07
402.837	  3.28991e+07
403.104	  3.2927e+07
403.371	  3.2955e+07
403.638	  3.29828e+07
403.905	  3.30106e+07
404.172	  3.30383e+07
404.439	  3.30659e+07
404.706	  3.30935e+07
404.973	  3.3121e+07
405.24	  3.31485e+07
405.507	  3.31758e+07
405.774	  3.32031e+07
406.041	  3.32304e+07
406.308	  3.32575e+07
406.575	  3.32846e+07
406.842	  3.33117e+07
407.109	  3.33386e+07
407.376	  3.33656e+07
407.643	  3.33924e+07
407.91	  3.34192e+07
408.177	  3.34458e+07
408.444	  3.34725e+07
408.711	  3.3499e+07
408.978	  3.35255e+07
409.245	  3.3552e+07
409.512	  3.35783e+07
409.779	  3.36046e+07
410.046	  3.36309e+07
410.313	  3.3657e+07
410.58	  3.36831e+07
410.847	  3.37091e+07
411.114	  3.37351e+07
411.381	  3.3761e+07
411.648	  3.37868e+07
411.915	  3.38126e+07
412.182	  3.38382e+07
412.449	  3.38639e+07
412.716	  3.38894e+07
412.983	  3.39149e+07
413.25	  3.39403e+07
413.517	  3.39657e+07
413.784	  3.3991e+07
414.051	  3.40162e+07
414.318	  3.40413e+07
414.585	  3.40664e+07
414.852	  3.40914e+07
415.119	  3.41164e+07
415.386	  3.41413e+07
415.653	  3.41661e+07
415.92	  3.41908e+07
416.187	  3.42155e+07
416.454	  3.42401e+07
416.721	  3.42647e+07
416.988	  3.42891e+07
417.255	  3.43135e+07
417.522	  3.43379e+07
417.789	  3.43622e+07
418.056	  3.43864e+07
418.323	  3.44105e+07
418.59	  3.44346e+07
418.857	  3.44586e+07
419.124	  3.44825e+07
419.391	  3.45064e+07
419.658	  3.45302e+07
419.925	  3.4554e+07
420.192	  3.45776e+07
420.459	  3.46012e+07
420.726	  3.46248e+07
420.993	  3.46483e+07
421.26	  3.46717e+07
421.527	  3.4695e+07
421.794	  3.47183e+07
422.061	  3.47415e+07
422.328	  3.47646e+07
422.595	  3.47877e+07
422.862	  3.48107e+07
423.129	  3.48336e+07
423.396	  3.48565e+07
423.663	  3.48793e+07
423.93	  3.49021e+07
424.197	  3.49247e+07
424.464	  3.49473e+07
424.731	  3.49699e+07
424.998	  3.49924e+07
425.265	  3.50148e+07
425.532	  3.50371e+07
425.799	  3.50594e+07
426.066	  3.50816e+07
426.333	  3.51037e+07
426.6	  3.51258e+07
426.867	  3.51478e+07
427.134	  3.51698e+07
427.401	  3.51916e+07
427.668	  3.52135e+07
427.935	  3.52352e+07
428.202	  3.52569e+07
428.469	  3.52785e+07
428.736	  3.53e+07
429.003	  3.53215e+07
429.27	  3.53429e+07
429.537	  3.53643e+07
429.804	  3.53856e+07
430.071	  3.54068e+07
430.338	  3.54279e+07
430.605	  3.5449e+07
430.872	  3.547e+07
431.139	  3.5491e+07
431.406	  3.55119e+07
431.673	  3.55327e+07
431.94	  3.55535e+07
432.207	  3.55742e+07
432.474	  3.55948e+07
432.741	  3.56153e+07
433.008	  3.56358e+07
433.275	  3.56563e+07
433.542	  3.56766e+07
433.809	  3.56969e+07
434.076	  3.57172e+07
434.343	  3.57373e+07
434.61	  3.57574e+07
434.877	  3.57775e+07
435.144	  3.57975e+07
435.411	  3.58174e+07
435.678	  3.58372e+07
435.945	  3.5857e+07
436.212	  3.58767e+07
436.479	  3.58963e+07
436.746	  3.59159e+07
437.013	  3.59354e+07
437.28	  3.59549e+07
437.547	  3.59743e+07
437.814	  3.59936e+07
438.081	  3.60129e+07
438.348	  3.60321e+07
438.615	  3.60512e+07
438.882	  3.60703e+07
439.149	  3.60893e+07
439.416	  3.61082e+07
439.683	  3.61271e+07
439.95	  3.61459e+07
440.217	  3.61646e+07
440.484	  3.61833e+07
440.751	  3.62019e+07
441.018	  3.62205e+07
441.285	  3.62389e+07
441.552	  3.62574e+07
441.819	  3.62757e+07
442.086	  3.6294e+07
442.353	  3.63122e+07
442.62	  3.63304e+07
442.887	  3.63485e+07
443.154	  3.63665e+07
443.421	  3.63845e+07
443.688	  3.64024e+07
443.955	  3.64203e+07
444.222	  3.64381e+07
444.489	  3.64558e+07
444.756	  3.64734e+07
445.023	  3.6491e+07
445.29	  3.65086e+07
445.557	  3.6526e+07
445.824	  3.65434e+07
446.091	  3.65608e+07
446.358	  3.6578e+07
446.625	  3.65952e+07
446.892	  3.66124e+07
447.159	  3.66295e+07
447.426	  3.66465e+07
447.693	  3.66635e+07
447.96	  3.66804e+07
448.227	  3.66972e+07
448.494	  3.6714e+07
448.761	  3.67307e+07
449.028	  3.67473e+07
449.295	  3.67639e+07
449.562	  3.67804e+07
449.829	  3.67969e+07
450.096	  3.68133e+07
450.363	  3.68296e+07
450.63	  3.68459e+07
450.897	  3.68621e+07
451.164	  3.68782e+07
451.431	  3.68943e+07
451.698	  3.69103e+07
451.965	  3.69263e+07
452.232	  3.69422e+07
452.499	  3.6958e+07
452.766	  3.69738e+07
453.033	  3.69895e+07
453.3	  3.70052e+07
453.567	  3.70208e+07
453.834	  3.70363e+07
454.101	  3.70517e+07
454.368	  3.70671e+07
454.635	  3.70825e+07
454.902	  3.70978e+07
455.169	  3.7113e+07
455.436	  3.71281e+07
455.703	  3.71432e+07
455.97	  3.71583e+07
456.237	  3.71732e+07
456.504	  3.71882e+07
456.771	  3.7203e+07
457.038	  3.72178e+07
457.305	  3.72325e+07
457.572	  3.72472e+07
457.839	  3.72618e+07
458.106	  3.72763e+07
458.373	  3.72908e+07
458.64	  3.73053e+07
458.907	  3.73196e+07
459.174	  3.73339e+07
459.441	  3.73482e+07
459.708	  3.73623e+07
459.975	  3.73765e+07
460.242	  3.73905e+07
460.509	  3.74045e+07
460.776	  3.74185e+07
461.043	  3.74323e+07
461.31	  3.74462e+07
461.577	  3.74599e+07
461.844	  3.74736e+07
462.111	  3.74873e+07
462.378	  3.75008e+07
462.645	  3.75144e+07
462.912	  3.75278e+07
463.179	  3.75412e+07
463.446	  3.75546e+07
463.713	  3.75679e+07
463.98	  3.75811e+07
464.247	  3.75942e+07
464.514	  3.76073e+07
464.781	  3.76204e+07
465.048	  3.76334e+07
465.315	  3.76463e+07
465.582	  3.76592e+07
465.849	  3.7672e+07
466.116	  3.76847e+07
466.383	  3.76974e+07
466.65	  3.771e+07
466.917	  3.77226e+07
467.184	  3.77351e+07
467.451	  3.77476e+07
467.718	  3.776e+07
467.985	  3.77723e+07
468.252	  3.77846e+07
468.519	  3.77968e+07
468.786	  3.7809e+07
469.053	  3.78211e+07
469.32	  3.78331e+07
469.587	  3.78451e+07
469.854	  3.7857e+07
470.121	  3.78689e+07
470.388	  3.78807e+07
470.655	  3.78925e+07
470.922	  3.79042e+07
471.189	  3.79158e+07
471.456	  3.79274e+07
471.723	  3.79389e+07
471.99	  3.79504e+07
472.257	  3.79618e+07
472.524	  3.79732e+07
472.791	  3.79845e+07
473.058	  3.79957e+07
473.325	  3.80069e+07
473.592	  3.8018e+07
473.859	  3.80291e+07
474.126	  3.80401e+07
474.393	  3.8051e+07
474.66	  3.80619e+07
474.927	  3.80728e+07
475.194	  3.80835e+07
475.461	  3.80943e+07
475.728	  3.81049e+07
475.995	  3.81155e+07
476.262	  3.81261e+07
476.529	  3.81366e+07
476.796	  3.8147e+07
477.063	  3.81574e+07
477.33	  3.81678e+07
477.597	  3.8178e+07
477.864	  3.81882e+07
478.131	  3.81984e+07
478.398	  3.82085e+07
478.665	  3.82186e+07
478.932	  3.82286e+07
479.199	  3.82385e+07
479.466	  3.82484e+07
479.733	  3.82582e+07
480	  3.8268e+07
480.267	  3.82777e+07
480.534	  3.82874e+07
480.801	  3.8297e+07
481.068	  3.83065e+07
481.335	  3.8316e+07
481.602	  3.83255e+07
481.869	  3.83348e+07
482.136	  3.83442e+07
482.403	  3.83534e+07
482.67	  3.83627e+07
482.937	  3.83718e+07
483.204	  3.83809e+07
483.471	  3.839e+07
483.738	  3.8399e+07
484.005	  3.84079e+07
484.272	  3.84168e+07
484.539	  3.84257e+07
484.806	  3.84345e+07
485.073	  3.84432e+07
485.34	  3.84519e+07
485.607	  3.84605e+07
485.874	  3.84691e+07
486.141	  3.84776e+07
486.408	  3.8486e+07
486.675	  3.84944e+07
486.942	  3.85028e+07
487.209	  3.85111e+07
487.476	  3.85193e+07
487.743	  3.85275e+07
488.01	  3.85357e+07
488.277	  3.85437e+07
488.544	  3.85518e+07
488.811	  3.85598e+07
489.078	  3.85677e+07
489.345	  3.85756e+07
489.612	  3.85834e+07
489.879	  3.85911e+07
490.146	  3.85989e+07
490.413	  3.86065e+07
490.68	  3.86141e+07
490.947	  3.86217e+07
491.214	  3.86292e+07
491.481	  3.86366e+07
491.748	  3.8644e+07
492.015	  3.86514e+07
492.282	  3.86587e+07
492.549	  3.86659e+07
492.816	  3.86731e+07
493.083	  3.86802e+07
493.35	  3.86873e+07
493.617	  3.86944e+07
493.884	  3.87013e+07
494.151	  3.87083e+07
494.418	  3.87152e+07
494.685	  3.8722e+07
494.952	  3.87288e+07
495.219	  3.87355e+07
495.486	  3.87422e+07
495.753	  3.87488e+07
496.02	  3.87553e+07
496.287	  3.87619e+07
496.554	  3.87683e+07
496.821	  3.87747e+07
497.088	  3.87811e+07
497.355	  3.87874e+07
497.622	  3.87937e+07
497.889	  3.87999e+07
498.156	  3.88061e+07
498.423	  3.88122e+07
498.69	  3.88182e+07
498.957	  3.88242e+07
499.224	  3.88302e+07
499.491	  3.88361e+07
499.758	  3.8842e+07
500.025	  3.88478e+07
500.292	  3.88535e+07
500.559	  3.88593e+07
500.826	  3.88649e+07
501.093	  3.88705e+07
501.36	  3.88761e+07
501.627	  3.88816e+07
501.894	  3.88871e+07
502.161	  3.88925e+07
502.428	  3.88978e+07
502.695	  3.89031e+07
502.962	  3.89084e+07
503.229	  3.89136e+07
503.496	  3.89188e+07
503.763	  3.89239e+07
504.03	  3.8929e+07
504.297	  3.8934e+07
504.564	  3.8939e+07
504.831	  3.89439e+07
505.098	  3.89487e+07
505.365	  3.89536e+07
505.632	  3.89583e+07
505.899	  3.89631e+07
506.166	  3.89677e+07
506.433	  3.89724e+07
506.7	  3.89769e+07
506.967	  3.89815e+07
507.234	  3.8986e+07
507.501	  3.89904e+07
507.768	  3.89948e+07
508.035	  3.89991e+07
508.302	  3.90034e+07
508.569	  3.90077e+07
508.836	  3.90119e+07
509.103	  3.9016e+07
509.37	  3.90201e+07
509.637	  3.90242e+07
509.904	  3.90282e+07
510.171	  3.90321e+07
510.438	  3.9036e+07
510.705	  3.90399e+07
510.972	  3.90437e+07
511.239	  3.90475e+07
511.506	  3.90512e+07
511.773	  3.90549e+07
512.04	  3.90585e+07
512.307	  3.90621e+07
512.574	  3.90656e+07
512.841	  3.90691e+07
513.108	  3.90726e+07
513.375	  3.9076e+07
513.642	  3.90793e+07
513.909	  3.90826e+07
514.176	  3.90859e+07
514.443	  3.90891e+07
514.71	  3.90922e+07
514.977	  3.90954e+07
515.244	  3.90984e+07
515.511	  3.91015e+07
515.778	  3.91044e+07
516.045	  3.91074e+07
516.312	  3.91103e+07
516.579	  3.91131e+07
516.846	  3.91159e+07
517.113	  3.91187e+07
517.38	  3.91214e+07
517.647	  3.9124e+07
517.914	  3.91267e+07
518.181	  3.91292e+07
518.448	  3.91318e+07
518.715	  3.91342e+07
518.982	  3.91367e+07
519.249	  3.91391e+07
519.516	  3.91414e+07
519.783	  3.91437e+07
520.05	  3.9146e+07
520.317	  3.91482e+07
520.584	  3.91504e+07
520.851	  3.91525e+07
521.118	  3.91546e+07
521.385	  3.91566e+07
521.652	  3.91586e+07
521.919	  3.91605e+07
522.186	  3.91624e+07
522.453	  3.91643e+07
522.72	  3.91661e+07
522.987	  3.91679e+07
523.254	  3.91696e+07
523.521	  3.91713e+07
523.788	  3.91729e+07
524.055	  3.91745e+07
524.322	  3.91761e+07
524.589	  3.91776e+07
524.856	  3.91791e+07
525.123	  3.91805e+07
525.39	  3.91819e+07
525.657	  3.91832e+07
525.924	  3.91845e+07
526.191	  3.91858e+07
526.458	  3.9187e+07
526.725	  3.91881e+07
526.992	  3.91893e+07
527.259	  3.91904e+07
527.526	  3.91914e+07
527.793	  3.91924e+07
528.06	  3.91933e+07
528.327	  3.91943e+07
528.594	  3.91951e+07
528.861	  3.9196e+07
529.128	  3.91967e+07
529.395	  3.91975e+07
529.662	  3.91982e+07
529.929	  3.91988e+07
530.196	  3.91995e+07
530.463	  3.92e+07
530.73	  3.92006e+07
530.997	  3.92011e+07
531.264	  3.92015e+07
531.531	  3.92019e+07
531.798	  3.92023e+07
532.065	  3.92026e+07
532.332	  3.92029e+07
532.599	  3.92031e+07
532.866	  3.92033e+07
533.133	  3.92035e+07
533.4	  3.92036e+07
533.667	  3.92037e+07
533.934	  3.92038e+07
534.201	  3.92038e+07
534.468	  3.92037e+07
534.735	  3.92036e+07
535.002	  3.92035e+07
535.269	  3.92033e+07
535.536	  3.92031e+07
535.803	  3.92029e+07
536.07	  3.92026e+07
536.337	  3.92023e+07
536.604	  3.92019e+07
536.871	  3.92015e+07
537.138	  3.92011e+07
537.405	  3.92006e+07
537.672	  3.92001e+07
537.939	  3.91995e+07
538.206	  3.91989e+07
538.473	  3.91983e+07
538.74	  3.91976e+07
539.007	  3.91968e+07
539.274	  3.91961e+07
539.541	  3.91953e+07
539.808	  3.91944e+07
540.075	  3.91936e+07
540.342	  3.91926e+07
540.609	  3.91917e+07
540.876	  3.91907e+07
541.143	  3.91897e+07
541.41	  3.91886e+07
541.677	  3.91875e+07
541.944	  3.91863e+07
542.211	  3.91851e+07
542.478	  3.91839e+07
542.745	  3.91826e+07
543.012	  3.91813e+07
543.279	  3.918e+07
543.546	  3.91786e+07
543.813	  3.91772e+07
544.08	  3.91757e+07
544.347	  3.91742e+07
544.614	  3.91727e+07
544.881	  3.91711e+07
545.148	  3.91695e+07
545.415	  3.91679e+07
545.682	  3.91662e+07
545.949	  3.91645e+07
546.216	  3.91627e+07
546.483	  3.91609e+07
546.75	  3.91591e+07
547.017	  3.91572e+07
547.284	  3.91553e+07
547.551	  3.91533e+07
547.818	  3.91514e+07
548.085	  3.91493e+07
548.352	  3.91473e+07
548.619	  3.91452e+07
548.886	  3.91431e+07
549.153	  3.91409e+07
549.42	  3.91387e+07
549.687	  3.91364e+07
549.954	  3.91342e+07
550.221	  3.91319e+07
550.488	  3.91295e+07
550.755	  3.91271e+07
551.022	  3.91247e+07
551.289	  3.91222e+07
551.556	  3.91197e+07
551.823	  3.91172e+07
552.09	  3.91146e+07
552.357	  3.9112e+07
552.624	  3.91094e+07
552.891	  3.91067e+07
553.158	  3.9104e+07
553.425	  3.91013e+07
553.692	  3.90985e+07
553.959	  3.90957e+07
554.226	  3.90928e+07
554.493	  3.90899e+07
554.76	  3.9087e+07
555.027	  3.90841e+07
555.294	  3.90811e+07
555.561	  3.9078e+07
555.828	  3.9075e+07
556.095	  3.90719e+07
556.362	  3.90687e+07
556.629	  3.90656e+07
556.896	  3.90624e+07
557.163	  3.90591e+07
557.43	  3.90559e+07
557.697	  3.90526e+07
557.964	  3.90492e+07
558.231	  3.90458e+07
558.498	  3.90424e+07
558.765	  3.9039e+07
559.032	  3.90355e+07
559.299	  3.9032e+07
559.566	  3.90285e+07
560.009	  3.90225e+07
560.296	  3.90186e+07
560.583	  3.90146e+07
560.87	  3.90106e+07
561.157	  3.90066e+07
561.444	  3.90026e+07
561.731	  3.89985e+07
562.018	  3.89943e+07
562.305	  3.89901e+07
562.592	  3.89859e+07
562.879	  3.89817e+07
563.166	  3.89774e+07
563.453	  3.8973e+07
563.74	  3.89686e+07
564.027	  3.89642e+07
564.314	  3.89598e+07
564.601	  3.89553e+07
564.888	  3.89508e+07
565.175	  3.89462e+07
565.462	  3.89416e+07
565.749	  3.8937e+07
566.036	  3.89323e+07
566.323	  3.89276e+07
566.61	  3.89228e+07
566.897	  3.89181e+07
567.184	  3.89132e+07
567.471	  3.89084e+07
567.758	  3.89035e+07
568.045	  3.88986e+07
568.332	  3.88936e+07
568.619	  3.88886e+07
568.906	  3.88835e+07
569.193	  3.88784e+07
569.48	  3.88733e+07
569.767	  3.88682e+07
570.054	  3.8863e+07
570.341	  3.88578e+07
570.628	  3.88525e+07
570.915	  3.88472e+07
571.202	  3.88419e+07
571.489	  3.88365e+07
571.776	  3.88311e+07
572.063	  3.88257e+07
572.35	  3.88202e+07
572.637	  3.88147e+07
572.924	  3.88091e+07
573.211	  3.88035e+07
573.498	  3.87979e+07
573.785	  3.87923e+07
574.072	  3.87866e+07
574.359	  3.87809e+07
574.646	  3.87751e+07
574.933	  3.87693e+07
575.22	  3.87635e+07
575.507	  3.87576e+07
575.794	  3.87517e+07
576.081	  3.87458e+07
576.368	  3.87398e+07
576.655	  3.87338e+07
576.942	  3.87278e+07
577.229	  3.87217e+07
577.516	  3.87156e+07
577.803	  3.87095e+07
578.09	  3.87033e+07
578.377	  3.86971e+07
578.664	  3.86908e+07
578.951	  3.86846e+07
579.238	  3.86783e+07
579.525	  3.86719e+07
579.812	  3.86656e+07
580.099	  3.86591e+07
580.386	  3.86527e+07
580.673	  3.86462e+07
580.96	  3.86397e+07
581.247	  3.86332e+07
581.534	  3.86266e+07
581.821	  3.862e+07
582.108	  3.86134e+07
582.395	  3.86067e+07
582.682	  3.86e+07
582.969	  3.85932e+07
583.256	  3.85865e+07
583.543	  3.85797e+07
583.83	  3.85728e+07
584.117	  3.8566e+07
584.404	  3.85591e+07
584.691	  3.85521e+07
584.978	  3.85452e+07
585.265	  3.85382e+07
585.552	  3.85311e+07
585.839	  3.85241e+07
586.126	  3.8517e+07
586.413	  3.85099e+07
586.7	  3.85027e+07
586.987	  3.84955e+07
587.274	  3.84883e+07
587.561	  3.84811e+07
587.848	  3.84738e+07
588.135	  3.84665e+07
588.422	  3.84591e+07
588.709	  3.84517e+07
588.996	  3.84443e+07
589.283	  3.84369e+07
589.57	  3.84294e+07
589.857	  3.84219e+07
590.144	  3.84144e+07
590.431	  3.84068e+07
590.718	  3.83992e+07
591.005	  3.83916e+07
591.292	  3.8384e+07
591.579	  3.83763e+07
591.866	  3.83686e+07
592.153	  3.83608e+07
592.44	  3.83531e+07
592.727	  3.83453e+07
593.014	  3.83374e+07
593.301	  3.83296e+07
593.588	  3.83217e+07
593.875	  3.83137e+07
594.162	  3.83058e+07
594.449	  3.82978e+07
594.736	  3.82898e+07
595.023	  3.82818e+07
595.31	  3.82737e+07
595.597	  3.82656e+07
595.884	  3.82575e+07
596.171	  3.82493e+07
596.458	  3.82411e+07
596.745	  3.82329e+07
597.032	  3.82247e+07
597.319	  3.82164e+07
597.606	  3.82081e+07
597.893	  3.81997e+07
598.18	  3.81914e+07
598.467	  3.8183e+07
598.754	  3.81746e+07
599.041	  3.81661e+07
599.328	  3.81577e+07
599.615	  3.81492e+07
599.902	  3.81406e+07
600.189	  3.81321e+07
600.476	  3.81235e+07
600.763	  3.81149e+07
601.05	  3.81062e+07
601.337	  3.80976e+07
601.624	  3.80889e+07
601.911	  3.80801e+07
602.198	  3.80714e+07
602.485	  3.80626e+07
602.772	  3.80538e+07
603.059	  3.80449e+07
603.346	  3.80361e+07
603.633	  3.80272e+07
603.92	  3.80183e+07
604.207	  3.80093e+07
604.494	  3.80004e+07
604.781	  3.79914e+07
605.068	  3.79823e+07
605.355	  3.79733e+07
605.642	  3.79642e+07
605.929	  3.79551e+07
606.216	  3.7946e+07
606.503	  3.79368e+07
606.79	  3.79276e+07
607.077	  3.79184e+07
607.364	  3.79092e+07
607.651	  3.78999e+07
607.938	  3.78906e+07
608.225	  3.78813e+07
608.512	  3.78719e+07
608.799	  3.78626e+07
609.086	  3.78532e+07
609.373	  3.78437e+07
609.66	  3.78343e+07
609.947	  3.78248e+07
610.234	  3.78153e+07
610.521	  3.78058e+07
610.808	  3.77962e+07
611.095	  3.77867e+07
611.382	  3.77771e+07
611.669	  3.77674e+07
611.956	  3.77578e+07
612.243	  3.77481e+07
612.53	  3.77384e+07
612.817	  3.77287e+07
613.104	  3.77189e+07
613.391	  3.77091e+07
613.678	  3.76993e+07
613.965	  3.76895e+07
614.252	  3.76797e+07
614.539	  3.76698e+07
614.826	  3.76599e+07
615.113	  3.765e+07
615.4	  3.764e+07
615.687	  3.763e+07
615.974	  3.762e+07
616.261	  3.761e+07
616.548	  3.76e+07
616.835	  3.75899e+07
617.122	  3.75798e+07
617.409	  3.75697e+07
617.696	  3.75595e+07
617.983	  3.75494e+07
618.27	  3.75392e+07
618.557	  3.7529e+07
618.844	  3.75187e+07
619.131	  3.75085e+07
619.418	  3.74982e+07
619.705	  3.74879e+07
619.992	  3.74775e+07
620.279	  3.74672e+07
620.566	  3.74568e+07
620.853	  3.74464e+07
621.14	  3.7436e+07
621.427	  3.74255e+07
621.714	  3.74151e+07
622.001	  3.74046e+07
622.288	  3.73941e+07
622.575	  3.73835e+07
622.862	  3.7373e+07
623.149	  3.73624e+07
623.436	  3.73518e+07
623.723	  3.73411e+07
624.01	  3.73305e+07
624.297	  3.73198e+07
624.584	  3.73091e+07
624.871	  3.72984e+07
625.158	  3.72876e+07
625.445	  3.72769e+07
625.732	  3.72661e+07
626.019	  3.72553e+07
626.306	  3.72445e+07
626.593	  3.72336e+07
626.88	  3.72227e+07
627.167	  3.72118e+07
627.454	  3.72009e+07
627.741	  3.719e+07
628.028	  3.7179e+07
628.315	  3.7168e+07
628.602	  3.7157e+07
628.889	  3.7146e+07
629.176	  3.7135e+07
629.463	  3.71239e+07
629.75	  3.71128e+07
630.037	  3.71017e+07
630.324	  3.70906e+07
630.611	  3.70794e+07
630.898	  3.70682e+07
631.185	  3.7057e+07
631.472	  3.70458e+07
631.759	  3.70346e+07
632.046	  3.70233e+07
632.333	  3.70121e+07
632.62	  3.70008e+07
632.907	  3.69894e+07
633.194	  3.69781e+07
633.481	  3.69667e+07
633.768	  3.69554e+07
634.055	  3.6944e+07
634.342	  3.69325e+07
634.629	  3.69211e+07
634.916	  3.69096e+07
635.203	  3.68982e+07
635.49	  3.68867e+07
635.777	  3.68751e+07
636.064	  3.68636e+07
636.351	  3.6852e+07
636.638	  3.68405e+07
636.925	  3.68289e+07
637.212	  3.68172e+07
637.499	  3.68056e+07
637.786	  3.6794e+07
638.073	  3.67823e+07
638.36	  3.67706e+07
638.647	  3.67589e+07
638.934	  3.67471e+07
639.221	  3.67354e+07
639.508	  3.67236e+07
639.795	  3.67118e+07
640.082	  3.67e+07
640.369	  3.66882e+07
640.656	  3.66763e+07
640.943	  3.66644e+07
641.23	  3.66526e+07
641.517	  3.66407e+07
641.804	  3.66287e+07
642.091	  3.66168e+07
642.378	  3.66048e+07
642.665	  3.65928e+07
642.952	  3.65808e+07
643.239	  3.65688e+07
643.526	  3.65568e+07
643.813	  3.65447e+07
644.1	  3.65327e+07
644.387	  3.65206e+07
644.674	  3.65085e+07
644.961	  3.64964e+07
645.248	  3.64842e+07
645.535	  3.6472e+07
645.822	  3.64599e+07
646.109	  3.64477e+07
646.396	  3.64355e+07
646.683	  3.64232e+07
646.97	  3.6411e+07
647.257	  3.63987e+07
647.544	  3.63864e+07
647.831	  3.63741e+07
648.118	  3.63618e+07
648.405	  3.63495e+07
648.692	  3.63371e+07
648.979	  3.63247e+07
649.266	  3.63123e+07
649.553	  3.62999e+07
649.84	  3.62875e+07
650.127	  3.62751e+07
650.414	  3.62626e+07
650.701	  3.62501e+07
650.988	  3.62376e+07
651.275	  3.62251e+07
651.562	  3.62126e+07
651.849	  3.62001e+07
652.136	  3.61875e+07
652.423	  3.61749e+07
652.71	  3.61624e+07
652.997	  3.61497e+07
653.284	  3.61371e+07
653.571	  3.61245e+07
653.858	  3.61118e+07
654.145	  3.60991e+07
654.432	  3.60865e+07
654.719	  3.60738e+07
655.006	  3.6061e+07
655.293	  3.60483e+07
655.58	  3.60355e+07
655.867	  3.60228e+07
656.154	  3.601e+07
656.441	  3.59972e+07
656.728	  3.59844e+07
657.015	  3.59715e+07
657.302	  3.59587e+07
657.589	  3.59458e+07
657.876	  3.5933e+07
658.163	  3.59201e+07
658.45	  3.59071e+07
658.737	  3.58942e+07
659.024	  3.58813e+07
659.311	  3.58683e+07
659.598	  3.58554e+07
659.885	  3.58424e+07
660.172	  3.58294e+07
660.459	  3.58164e+07
660.746	  3.58033e+07
661.033	  3.57903e+07
661.32	  3.57772e+07
661.607	  3.57641e+07
661.894	  3.5751e+07
662.181	  3.57379e+07
662.468	  3.57248e+07
662.755	  3.57117e+07
663.042	  3.56985e+07
663.329	  3.56854e+07
663.616	  3.56722e+07
663.903	  3.5659e+07
664.19	  3.56458e+07
664.477	  3.56326e+07
664.764	  3.56193e+07
665.051	  3.56061e+07
665.338	  3.55928e+07
665.625	  3.55795e+07
665.912	  3.55662e+07
666.199	  3.55529e+07
666.486	  3.55396e+07
666.773	  3.55263e+07
667.06	  3.55129e+07
667.347	  3.54996e+07
667.634	  3.54862e+07
667.921	  3.54728e+07
668.208	  3.54594e+07
668.495	  3.5446e+07
668.782	  3.54326e+07
669.069	  3.54191e+07
669.356	  3.54057e+07
669.643	  3.53922e+07
669.93	  3.53787e+07
670.217	  3.53652e+07
670.504	  3.53517e+07
670.791	  3.53382e+07
671.078	  3.53246e+07
671.365	  3.53111e+07
671.652	  3.52975e+07
671.939	  3.52839e+07
672.226	  3.52703e+07
672.513	  3.52567e+07
672.8	  3.52431e+07
673.087	  3.52295e+07
673.374	  3.52159e+07
673.661	  3.52022e+07
673.948	  3.51885e+07
674.235	  3.51749e+07
674.522	  3.51612e+07
674.809	  3.51475e+07
675.096	  3.51337e+07
675.383	  3.512e+07
675.67	  3.51063e+07
675.957	  3.50925e+07
676.244	  3.50788e+07
676.531	  3.5065e+07
676.818	  3.50512e+07
677.105	  3.50374e+07
677.392	  3.50236e+07
677.679	  3.50097e+07
677.966	  3.49959e+07
678.253	  3.49821e+07
678.54	  3.49682e+07
678.827	  3.49543e+07
679.114	  3.49404e+07
679.401	  3.49265e+07
679.688	  3.49126e+07
679.975	  3.48987e+07
680.262	  3.48848e+07
680.549	  3.48708e+07
680.836	  3.48569e+07
681.123	  3.48429e+07
681.41	  3.48289e+07
681.697	  3.48149e+07
681.984	  3.48009e+07
682.271	  3.47869e+07
682.558	  3.47729e+07
682.845	  3.47588e+07
683.132	  3.47448e+07
683.419	  3.47307e+07
683.706	  3.47167e+07
683.993	  3.47026e+07
684.28	  3.46885e+07
684.567	  3.46744e+07
684.854	  3.46603e+07
685.141	  3.46461e+07
685.428	  3.4632e+07
685.715	  3.46179e+07
686.002	  3.46037e+07
686.289	  3.45895e+07
686.576	  3.45754e+07
686.863	  3.45612e+07
687.15	  3.4547e+07
687.437	  3.45328e+07
687.724	  3.45185e+07
688.011	  3.45043e+07
688.298	  3.44901e+07
688.585	  3.44758e+07
688.872	  3.44616e+07
689.159	  3.44473e+07
689.446	  3.4433e+07
689.733	  3.44187e+07
690.02	  3.44044e+07
690.307	  3.43901e+07
690.594	  3.43758e+07
690.881	  3.43614e+07
691.168	  3.43471e+07
691.455	  3.43327e+07
691.742	  3.43184e+07
692.029	  3.4304e+07
692.316	  3.42896e+07
692.603	  3.42752e+07
692.89	  3.42608e+07
693.177	  3.42464e+07
693.464	  3.4232e+07
693.751	  3.42176e+07
694.038	  3.42031e+07
694.325	  3.41887e+07
694.612	  3.41742e+07
694.899	  3.41597e+07
695.186	  3.41453e+07
695.473	  3.41308e+07
695.76	  3.41163e+07
696.047	  3.41018e+07
696.334	  3.40873e+07
696.621	  3.40727e+07
696.908	  3.40582e+07
697.195	  3.40437e+07
697.482	  3.40291e+07
697.769	  3.40146e+07
698.056	  3.4e+07
698.343	  3.39854e+07
698.63	  3.39708e+07
698.917	  3.39562e+07
699.204	  3.39416e+07
699.491	  3.3927e+07
699.778	  3.39124e+07
700.065	  3.38978e+07
700.352	  3.38831e+07
700.639	  3.38685e+07
700.926	  3.38538e+07
701.213	  3.38392e+07
701.5	  3.38245e+07
701.787	  3.38098e+07
702.074	  3.37951e+07
702.361	  3.37804e+07
702.648	  3.37657e+07
702.935	  3.3751e+07
703.222	  3.37363e+07
703.509	  3.37215e+07
703.796	  3.37068e+07
704.083	  3.3692e+07
704.37	  3.36773e+07
704.657	  3.36625e+07
704.944	  3.36478e+07
705.231	  3.3633e+07
705.518	  3.36182e+07
705.805	  3.36034e+07
706.092	  3.35886e+07
706.379	  3.35738e+07
706.666	  3.3559e+07
706.953	  3.35441e+07
707.24	  3.35293e+07
707.527	  3.35145e+07
707.814	  3.34996e+07
708.101	  3.34848e+07
708.388	  3.34699e+07
708.675	  3.3455e+07
708.962	  3.34401e+07
709.249	  3.34253e+07
709.536	  3.34104e+07
709.823	  3.33955e+07
710.11	  3.33806e+07
710.397	  3.33656e+07
710.684	  3.33507e+07
710.971	  3.33358e+07
711.258	  3.33208e+07
711.545	  3.33059e+07
711.832	  3.3291e+07
712.119	  3.3276e+07
712.406	  3.3261e+07
712.693	  3.32461e+07
712.98	  3.32311e+07
713.267	  3.32161e+07
713.554	  3.32011e+07
713.841	  3.31861e+07
714.128	  3.31711e+07
714.415	  3.31561e+07
714.702	  3.31411e+07
714.989	  3.3126e+07
715.276	  3.3111e+07
715.563	  3.3096e+07
715.85	  3.30809e+07
716.137	  3.30659e+07
716.424	  3.30508e+07
716.711	  3.30357e+07
716.998	  3.30207e+07
717.285	  3.30056e+07
717.572	  3.29905e+07
717.859	  3.29754e+07
718.146	  3.29603e+07
718.433	  3.29452e+07
718.72	  3.29301e+07
719.007	  3.2915e+07
719.294	  3.28999e+07
719.581	  3.28847e+07
719.868	  3.28696e+07
720.155	  3.28545e+07
720.442	  3.28393e+07
720.729	  3.28242e+07
721.016	  3.2809e+07
721.303	  3.27939e+07
721.59	  3.27787e+07
721.877	  3.27635e+07
722.164	  3.27483e+07
722.451	  3.27331e+07
722.738	  3.2718e+07
723.025	  3.27028e+07
723.312	  3.26876e+07
723.599	  3.26723e+07
723.886	  3.26571e+07
724.173	  3.26419e+07
724.46	  3.26267e+07
724.747	  3.26115e+07
725.034	  3.25962e+07
725.321	  3.2581e+07
725.608	  3.25657e+07
725.895	  3.25505e+07
726.182	  3.25352e+07
726.469	  3.252e+07
726.756	  3.25047e+07
727.043	  3.24894e+07
727.33	  3.24741e+07
727.617	  3.24589e+07
727.904	  3.24436e+07
728.191	  3.24283e+07
728.478	  3.2413e+07
728.765	  3.23977e+07
729.052	  3.23824e+07
729.339	  3.23671e+07
729.626	  3.23517e+07
729.913	  3.23364e+07
730.2	  3.23211e+07
730.487	  3.23058e+07
730.774	  3.22904e+07
731.061	  3.22751e+07
731.348	  3.22597e+07
731.635	  3.22444e+07
731.922	  3.2229e+07
732.209	  3.22137e+07
732.496	  3.21983e+07
732.783	  3.21829e+07
733.07	  3.21676e+07
733.357	  3.21522e+07
733.644	  3.21368e+07
733.931	  3.21214e+07
734.218	  3.2106e+07
734.505	  3.20906e+07
734.792	  3.20752e+07
735.079	  3.20598e+07
735.366	  3.20444e+07
735.653	  3.2029e+07
735.94	  3.20136e+07
736.227	  3.19982e+07
736.514	  3.19827e+07
736.801	  3.19673e+07
737.088	  3.19519e+07
737.375	  3.19364e+07
737.662	  3.1921e+07
737.949	  3.19056e+07
738.236	  3.18901e+07
738.523	  3.18747e+07
738.81	  3.18592e+07
739.097	  3.18437e+07
739.384	  3.18283e+07
739.671	  3.18128e+07
739.958	  3.17973e+07
740.245	  3.17819e+07
740.532	  3.17664e+07
740.819	  3.17509e+07
741.106	  3.17354e+07
741.393	  3.17199e+07
741.68	  3.17044e+07
741.967	  3.16889e+07
742.254	  3.16734e+07
742.541	  3.16579e+07
742.828	  3.16424e+07
743.115	  3.16269e+07
743.402	  3.16114e+07
743.689	  3.15959e+07
743.976	  3.15804e+07
744.263	  3.15649e+07
744.55	  3.15493e+07
744.837	  3.15338e+07
745.124	  3.15183e+07
745.411	  3.15027e+07
745.698	  3.14872e+07
745.985	  3.14716e+07
746.272	  3.14561e+07
746.559	  3.14406e+07
746.846	  3.1425e+07
747.133	  3.14094e+07
747.42	  3.13939e+07
747.707	  3.13783e+07
747.994	  3.13628e+07
748.281	  3.13472e+07
748.568	  3.13316e+07
748.855	  3.13161e+07
749.142	  3.13005e+07
749.429	  3.12849e+07
749.716	  3.12693e+07
750.003	  3.12537e+07
750.29	  3.12382e+07
750.577	  3.12226e+07
750.864	  3.1207e+07
751.151	  3.11914e+07
751.438	  3.11758e+07
751.725	  3.11602e+07
752.012	  3.11446e+07
752.299	  3.1129e+07
752.586	  3.11134e+07
752.873	  3.10978e+07
753.16	  3.10822e+07
753.447	  3.10666e+07
753.734	  3.10509e+07
754.021	  3.10353e+07
754.308	  3.10197e+07
754.595	  3.10041e+07
754.882	  3.09885e+07
755.169	  3.09728e+07
755.456	  3.09572e+07
755.743	  3.09416e+07
756.03	  3.09259e+07
756.317	  3.09103e+07
756.604	  3.08947e+07
756.891	  3.0879e+07
757.178	  3.08634e+07
757.465	  3.08478e+07
757.752	  3.08321e+07
758.039	  3.08165e+07
758.326	  3.08008e+07
758.613	  3.07852e+07
758.9	  3.07695e+07
759.187	  3.07539e+07
759.474	  3.07382e+07
759.761	  3.07225e+07
760.048	  3.07069e+07
760.335	  3.06912e+07
760.622	  3.06756e+07
760.909	  3.06599e+07
761.196	  3.06442e+07
761.483	  3.06286e+07
761.77	  3.06129e+07
762.057	  3.05972e+07
762.344	  3.05816e+07
762.631	  3.05659e+07
762.918	  3.05502e+07
763.205	  3.05345e+07
763.492	  3.05189e+07
763.779	  3.05032e+07
764.066	  3.04875e+07
764.353	  3.04718e+07
764.64	  3.04561e+07
764.927	  3.04404e+07
765.214	  3.04248e+07
765.501	  3.04091e+07
765.788	  3.03934e+07
766.075	  3.03777e+07
766.362	  3.0362e+07
766.649	  3.03463e+07
766.936	  3.03306e+07
767.223	  3.03149e+07
767.51	  3.02992e+07
767.797	  3.02835e+07
768.084	  3.02678e+07
768.371	  3.02521e+07
768.658	  3.02364e+07
768.945	  3.02207e+07
769.232	  3.0205e+07
769.519	  3.01893e+07
769.806	  3.01736e+07
770.093	  3.01579e+07
770.38	  3.01422e+07
770.667	  3.01265e+07
770.954	  3.01108e+07
771.241	  3.00951e+07
771.528	  3.00794e+07
771.815	  3.00637e+07
772.102	  3.0048e+07
772.389	  3.00323e+07
772.676	  3.00166e+07
772.963	  3.00009e+07
773.25	  2.99852e+07
773.537	  2.99694e+07
773.824	  2.99537e+07
774.111	  2.9938e+07
774.398	  2.99223e+07
774.685	  2.99066e+07
774.972	  2.98909e+07
775.259	  2.98752e+07
775.546	  2.98594e+07
775.833	  2.98437e+07
776.12	  2.9828e+07
776.407	  2.98123e+07
776.694	  2.97966e+07
776.981	  2.97809e+07
777.268	  2.97651e+07
777.555	  2.97494e+07
777.842	  2.97337e+07
778.129	  2.9718e+07
778.416	  2.97023e+07
778.703	  2.96866e+07
778.99	  2.96708e+07
779.277	  2.96551e+07
779.564	  2.96394e+07
779.851	  2.96237e+07
780.138	  2.9608e+07
780.425	  2.95923e+07
780.712	  2.95765e+07
780.999	  2.95608e+07
781.286	  2.95451e+07
781.573	  2.95294e+07
781.86	  2.95137e+07
782.147	  2.94979e+07
782.434	  2.94822e+07
782.721	  2.94665e+07
783.008	  2.94508e+07
783.295	  2.94351e+07
783.582	  2.94194e+07
783.869	  2.94036e+07
784.156	  2.93879e+07
784.443	  2.93722e+07
784.73	  2.93565e+07
785.017	  2.93408e+07
785.304	  2.93251e+07
785.591	  2.93094e+07
785.878	  2.92936e+07
786.165	  2.92779e+07
786.452	  2.92622e+07
786.739	  2.92465e+07
787.026	  2.92308e+07
787.313	  2.92151e+07
787.6	  2.91994e+07
787.887	  2.91837e+07
788.174	  2.91679e+07
788.461	  2.91522e+07
788.748	  2.91365e+07
789.035	  2.91208e+07
789.322	  2.91051e+07
789.609	  2.90894e+07
789.896	  2.90737e+07
790.183	  2.9058e+07
790.47	  2.90423e+07
790.757	  2.90266e+07
791.044	  2.90109e+07
791.331	  2.89952e+07
791.618	  2.89795e+07
791.905	  2.89638e+07
792.192	  2.89481e+07
792.479	  2.89324e+07
792.766	  2.89167e+07
793.053	  2.8901e+07
793.34	  2.88853e+07
793.627	  2.88696e+07
793.914	  2.88539e+07
794.201	  2.88382e+07
794.488	  2.88225e+07
794.775	  2.88068e+07
795.062	  2.87911e+07
795.349	  2.87754e+07
795.636	  2.87598e+07
795.923	  2.87441e+07
796.21	  2.87284e+07
796.497	  2.87127e+07
796.784	  2.8697e+07
797.071	  2.86813e+07
797.358	  2.86656e+07
797.645	  2.865e+07
797.932	  2.86343e+07
798.219	  2.86186e+07
798.506	  2.86029e+07
798.793	  2.85873e+07
799.08	  2.85716e+07
799.367	  2.85559e+07
799.654	  2.85402e+07
799.941	  2.85246e+07
800.228	  2.85089e+07
800.515	  2.84932e+07
800.802	  2.84776e+07
801.089	  2.84619e+07
801.376	  2.84463e+07
801.663	  2.84306e+07
801.95	  2.84149e+07
802.237	  2.83993e+07
802.524	  2.83836e+07
802.811	  2.8368e+07
803.098	  2.83523e+07
803.385	  2.83367e+07
803.672	  2.8321e+07
803.959	  2.83054e+07
804.246	  2.82897e+07
804.533	  2.82741e+07
804.82	  2.82584e+07
805.107	  2.82428e+07
805.394	  2.82271e+07
805.681	  2.82115e+07
805.968	  2.81959e+07
806.255	  2.81802e+07
806.542	  2.81646e+07
806.829	  2.8149e+07
807.116	  2.81333e+07
807.403	  2.81177e+07
807.69	  2.81021e+07
807.977	  2.80865e+07
808.264	  2.80709e+07
808.551	  2.80552e+07
808.838	  2.80396e+07
809.125	  2.8024e+07
809.412	  2.80084e+07
809.699	  2.79928e+07
809.986	  2.79772e+07
810.273	  2.79616e+07
810.56	  2.7946e+07
810.847	  2.79304e+07
811.134	  2.79148e+07
811.421	  2.78992e+07
811.708	  2.78836e+07
811.995	  2.7868e+07
812.282	  2.78524e+07
812.569	  2.78368e+07
812.856	  2.78212e+07
813.143	  2.78056e+07
813.43	  2.779e+07
813.717	  2.77744e+07
814.004	  2.77589e+07
814.291	  2.77433e+07
814.578	  2.77277e+07
814.865	  2.77121e+07
815.152	  2.76966e+07
815.439	  2.7681e+07
815.726	  2.76654e+07
816.013	  2.76499e+07
816.3	  2.76343e+07
816.587	  2.76188e+07
816.874	  2.76032e+07
817.161	  2.75876e+07
817.448	  2.75721e+07
817.735	  2.75565e+07
818.022	  2.7541e+07
818.309	  2.75255e+07
818.596	  2.75099e+07
818.883	  2.74944e+07
819.17	  2.74788e+07
819.457	  2.74633e+07
820.002	  2.74338e+07
820.031	  2.74322e+07
820.059	  2.74307e+07
820.088	  2.74291e+07
820.117	  2.74276e+07
820.146	  2.7426e+07
820.174	  2.74245e+07
820.203	  2.74229e+07
820.232	  2.74214e+07
820.26	  2.74198e+07
820.289	  2.74183e+07
820.318	  2.74167e+07
820.346	  2.74152e+07
820.375	  2.74136e+07
820.404	  2.74121e+07
820.433	  2.74105e+07
820.461	  2.7409e+07
820.49	  2.74074e+07
820.519	  2.74059e+07
820.547	  2.74043e+07
820.576	  2.74027e+07
820.605	  2.74012e+07
820.633	  1.79884e+07
820.662	  1.79874e+07
820.691	  1.79864e+07
820.72	  1.79854e+07
820.748	  1.79844e+07
820.777	  1.79834e+07
820.806	  1.79824e+07
820.834	  1.79814e+07
820.863	  1.79805e+07
820.892	  1.79795e+07
820.92	  1.79785e+07
820.949	  1.79775e+07
820.978	  1.79765e+07
821.007	  1.79755e+07
821.035	  1.79745e+07
821.064	  1.79735e+07
821.093	  1.79726e+07
821.121	  1.79716e+07
821.15	  1.79706e+07
821.179	  1.79696e+07
821.207	  1.79686e+07
821.236	  1.79676e+07
821.265	  1.79666e+07
821.294	  1.79656e+07
821.322	  1.79647e+07
821.351	  1.79637e+07
821.38	  1.79627e+07
821.408	  1.79617e+07
821.437	  1.79607e+07
821.466	  1.79597e+07
821.494	  1.79587e+07
821.523	  1.79578e+07
821.552	  1.79568e+07
821.581	  1.79558e+07
821.609	  1.79548e+07
821.638	  1.79538e+07
821.667	  1.79528e+07
821.695	  1.79518e+07
821.724	  1.79508e+07
821.753	  1.79499e+07
821.781	  1.79489e+07
821.81	  1.79479e+07
821.839	  1.79469e+07
821.868	  1.79459e+07
821.896	  1.79449e+07
821.925	  1.79439e+07
821.954	  1.7943e+07
821.982	  1.7942e+07
822.011	  1.7941e+07
822.011	  1.7941e+07
822.298	  1.79311e+07
822.585	  1.79213e+07
822.872	  1.79114e+07
823.159	  1.79016e+07
823.446	  1.78917e+07
823.733	  1.78819e+07
824.02	  1.78721e+07
824.307	  1.78622e+07
824.594	  1.78524e+07
824.881	  1.78426e+07
825.168	  1.78327e+07
825.455	  1.78229e+07
825.742	  1.78131e+07
826.029	  1.78033e+07
826.316	  1.77935e+07
826.603	  1.77837e+07
826.89	  1.77739e+07
827.177	  1.77641e+07
827.464	  1.77543e+07
827.751	  1.77445e+07
828.038	  1.77347e+07
828.325	  1.7725e+07
828.612	  1.77152e+07
828.899	  1.77054e+07
829.186	  1.76956e+07
829.473	  1.76859e+07
829.76	  1.76761e+07
830.047	  1.76664e+07
830.334	  1.76566e+07
830.621	  1.76469e+07
830.908	  1.76371e+07
831.195	  1.76274e+07
831.482	  1.76176e+07
831.769	  1.76079e+07
832.056	  1.75982e+07
832.343	  1.75885e+07
832.63	  1.75787e+07
832.917	  1.7569e+07
833.204	  1.75593e+07
833.491	  1.75496e+07
833.778	  1.75399e+07
834.065	  1.75302e+07
834.352	  1.75205e+07
834.639	  1.75108e+07
834.926	  1.75011e+07
835.213	  1.74914e+07
835.5	  1.74817e+07
835.787	  1.7472e+07
836.074	  1.74624e+07
836.361	  1.74527e+07
836.648	  1.7443e+07
836.935	  1.74334e+07
837.222	  1.74237e+07
837.509	  1.7414e+07
837.796	  1.74044e+07
838.083	  1.73947e+07
838.37	  1.73851e+07
838.657	  1.73755e+07
838.944	  1.73658e+07
839.231	  1.73562e+07
839.518	  1.73466e+07
839.805	  1.73369e+07
840.092	  1.73273e+07
840.379	  1.73177e+07
840.666	  1.73081e+07
840.953	  1.72985e+07
841.24	  1.72889e+07
841.527	  1.72793e+07
841.814	  1.72697e+07
842.101	  1.72601e+07
842.388	  1.72505e+07
842.675	  1.72409e+07
842.962	  1.72313e+07
843.249	  1.72218e+07
843.536	  1.72122e+07
843.823	  1.72026e+07
844.11	  1.71931e+07
844.397	  1.71835e+07
844.684	  1.71739e+07
844.971	  1.71644e+07
845.258	  1.71548e+07
845.545	  1.71453e+07
845.832	  1.71358e+07
846.119	  1.71262e+07
846.406	  1.71167e+07
846.693	  1.71072e+07
846.98	  1.70976e+07
847.267	  1.70881e+07
847.554	  1.70786e+07
847.841	  1.70691e+07
848.128	  1.70596e+07
848.415	  1.70501e+07
848.702	  1.70406e+07
848.989	  1.70311e+07
849.276	  1.70216e+07
849.563	  1.70121e+07
849.85	  1.70026e+07
850.137	  1.69932e+07
850.424	  1.69837e+07
850.711	  1.69742e+07
850.998	  1.69647e+07
851.285	  1.69553e+07
851.572	  1.69458e+07
851.859	  1.69364e+07
852.146	  1.69269e+07
852.433	  1.69175e+07
852.72	  1.6908e+07
853.007	  1.68986e+07
853.294	  1.68892e+07
853.581	  1.68797e+07
853.868	  1.68703e+07
854.155	  1.68609e+07
854.442	  1.68515e+07
854.729	  1.68421e+07
855.016	  1.68327e+07
855.303	  1.68233e+07
855.59	  1.68139e+07
855.877	  1.68045e+07
856.164	  1.67951e+07
856.451	  1.67857e+07
856.738	  1.67763e+07
857.025	  1.67669e+07
857.312	  1.67575e+07
857.599	  1.67482e+07
857.886	  1.67388e+07
858.173	  1.67294e+07
858.46	  1.67201e+07
858.747	  1.67107e+07
859.034	  1.67014e+07
859.321	  1.6692e+07
859.608	  1.66827e+07
859.895	  1.66734e+07
860.182	  1.6664e+07
860.469	  1.66547e+07
860.756	  1.66454e+07
861.043	  1.66361e+07
861.33	  1.66267e+07
861.617	  1.66174e+07
861.904	  1.66081e+07
862.191	  1.65988e+07
862.478	  1.65895e+07
862.765	  1.65802e+07
863.052	  1.65709e+07
863.339	  1.65616e+07
863.626	  1.65524e+07
863.913	  1.65431e+07
864.2	  1.65338e+07
864.487	  1.65245e+07
864.774	  1.65153e+07
865.061	  1.6506e+07
865.348	  1.64968e+07
865.635	  1.64875e+07
865.922	  1.64783e+07
866.209	  1.6469e+07
866.496	  1.64598e+07
866.783	  1.64505e+07
867.07	  1.64413e+07
867.357	  1.64321e+07
867.644	  1.64229e+07
867.931	  1.64136e+07
868.218	  1.64044e+07
868.505	  1.63952e+07
868.792	  1.6386e+07
869.079	  1.63768e+07
869.366	  1.63676e+07
869.653	  1.63584e+07
869.94	  1.63492e+07
870.227	  1.63401e+07
870.514	  1.63309e+07
870.801	  1.63217e+07
871.088	  1.63125e+07
871.375	  1.63034e+07
871.662	  1.62942e+07
871.949	  1.6285e+07
872.236	  1.62759e+07
872.523	  1.62667e+07
872.81	  1.62576e+07
873.097	  1.62485e+07
873.384	  1.62393e+07
873.671	  1.62302e+07
873.958	  1.62211e+07
874.245	  1.62119e+07
874.532	  1.62028e+07
874.819	  1.61937e+07
875.106	  1.61846e+07
875.393	  1.61755e+07
875.68	  1.61664e+07
875.967	  1.61573e+07
876.254	  1.61482e+07
876.541	  1.61391e+07
876.828	  1.613e+07
877.115	  1.61209e+07
877.402	  1.61119e+07
877.689	  1.61028e+07
877.976	  1.60937e+07
878.263	  1.60847e+07
878.55	  1.60756e+07
878.837	  1.60665e+07
879.124	  1.60575e+07
879.411	  1.60485e+07
879.698	  1.60394e+07
879.985	  1.60304e+07
880.272	  1.60213e+07
880.559	  1.60123e+07
880.846	  1.60033e+07
881.133	  1.59943e+07
881.42	  1.59853e+07
881.707	  1.59763e+07
881.994	  1.59672e+07
882.281	  1.59582e+07
882.568	  1.59492e+07
882.855	  1.59403e+07
883.142	  1.59313e+07
883.429	  1.59223e+07
883.716	  1.59133e+07
884.003	  1.59043e+07
884.29	  1.58954e+07
884.577	  1.58864e+07
884.864	  1.58774e+07
885.151	  1.58685e+07
885.438	  1.58595e+07
885.725	  1.58506e+07
886.012	  1.58416e+07
886.299	  1.58327e+07
886.586	  1.58238e+07
886.873	  1.58148e+07
887.16	  1.58059e+07
887.447	  1.5797e+07
887.734	  1.57881e+07
888.021	  1.57791e+07
888.308	  1.57702e+07
888.595	  1.57613e+07
888.882	  1.57524e+07
889.169	  1.57435e+07
889.456	  1.57346e+07
889.743	  1.57258e+07
890.03	  1.57169e+07
890.317	  1.5708e+07
890.604	  1.56991e+07
890.891	  1.56902e+07
891.178	  1.56814e+07
891.465	  1.56725e+07
891.752	  1.56637e+07
892.039	  1.56548e+07
892.326	  1.5646e+07
892.613	  1.56371e+07
892.9	  1.56283e+07
893.187	  1.56195e+07
893.474	  1.56106e+07
893.761	  1.56018e+07
894.048	  1.5593e+07
894.335	  1.55842e+07
894.622	  1.55754e+07
894.909	  1.55665e+07
895.196	  1.55577e+07
895.483	  1.55489e+07
895.77	  1.55401e+07
896.057	  1.55314e+07
896.344	  1.55226e+07
896.631	  1.55138e+07
896.918	  1.5505e+07
897.205	  1.54962e+07
897.492	  1.54875e+07
897.779	  1.54787e+07
898.066	  1.547e+07
898.353	  1.54612e+07
898.64	  1.54525e+07
898.927	  1.54437e+07
899.214	  1.5435e+07
899.501	  1.54262e+07
899.788	  1.54175e+07
900.075	  1.54088e+07
900.362	  1.54001e+07
900.649	  1.53913e+07
900.936	  1.53826e+07
901.223	  1.53739e+07
901.51	  1.53652e+07
901.797	  1.53565e+07
902.084	  1.53478e+07
902.371	  1.53391e+07
902.658	  1.53304e+07
902.945	  1.53217e+07
903.232	  1.53131e+07
903.519	  1.53044e+07
903.806	  1.52957e+07
904.093	  1.52871e+07
904.38	  1.52784e+07
904.667	  1.52697e+07
904.954	  1.52611e+07
905.241	  1.52524e+07
905.528	  1.52438e+07
905.815	  1.52352e+07
906.102	  1.52265e+07
906.389	  1.52179e+07
906.676	  1.52093e+07
906.963	  1.52007e+07
907.25	  1.5192e+07
907.537	  1.51834e+07
907.824	  1.51748e+07
908.111	  1.51662e+07
908.398	  1.51576e+07
908.685	  1.5149e+07
908.972	  1.51404e+07
909.259	  1.51319e+07
909.546	  1.51233e+07
909.833	  1.51147e+07
910.12	  1.51061e+07
910.407	  1.50976e+07
910.694	  1.5089e+07
910.981	  1.50804e+07
911.268	  1.50719e+07
911.555	  1.50633e+07
911.842	  1.50548e+07
912.129	  1.50463e+07
912.416	  1.50377e+07
912.703	  1.50292e+07
912.99	  1.50207e+07
913.277	  1.50122e+07
913.564	  1.50036e+07
913.851	  1.49951e+07
914.138	  1.49866e+07
914.425	  1.49781e+07
914.712	  1.49696e+07
914.999	  1.49611e+07
915.286	  1.49526e+07
915.573	  1.49441e+07
915.86	  1.49357e+07
916.147	  1.49272e+07
916.434	  1.49187e+07
916.721	  1.49102e+07
917.008	  1.49018e+07
917.295	  1.48933e+07
917.582	  1.48849e+07
917.869	  1.48764e+07
918.156	  1.4868e+07
918.443	  1.48595e+07
918.73	  1.48511e+07
919.017	  1.48427e+07
919.304	  1.48342e+07
919.591	  1.48258e+07
919.878	  1.48174e+07
920.165	  1.4809e+07
920.452	  1.48006e+07
920.739	  1.47922e+07
921.026	  1.47838e+07
921.313	  1.47754e+07
921.6	  1.4767e+07
921.887	  1.47586e+07
922.174	  1.47502e+07
922.461	  1.47418e+07
922.748	  1.47335e+07
923.035	  1.47251e+07
923.322	  1.47167e+07
923.609	  1.47084e+07
923.896	  1.47e+07
924.183	  1.46917e+07
924.47	  1.46833e+07
924.757	  1.4675e+07
925.044	  1.46666e+07
925.331	  1.46583e+07
925.618	  1.465e+07
925.905	  1.46417e+07
926.192	  1.46333e+07
926.479	  1.4625e+07
926.766	  1.46167e+07
927.053	  1.46084e+07
927.34	  1.46001e+07
927.627	  1.45918e+07
927.914	  1.45835e+07
928.201	  1.45752e+07
928.488	  1.45669e+07
928.775	  1.45587e+07
929.062	  1.45504e+07
929.349	  1.45421e+07
929.636	  1.45339e+07
929.923	  1.45256e+07
930.21	  1.45173e+07
930.497	  1.45091e+07
930.784	  1.45008e+07
931.071	  1.44926e+07
931.358	  1.44844e+07
931.645	  1.44761e+07
931.932	  1.44679e+07
932.219	  1.44597e+07
932.506	  1.44514e+07
932.793	  1.44432e+07
933.08	  1.4435e+07
933.367	  1.44268e+07
933.654	  1.44186e+07
933.941	  1.44104e+07
934.228	  1.44022e+07
934.515	  1.4394e+07
934.802	  1.43858e+07
935.089	  1.43777e+07
935.376	  1.43695e+07
935.663	  1.43613e+07
935.95	  1.43532e+07
936.237	  1.4345e+07
936.524	  1.43368e+07
936.811	  1.43287e+07
937.098	  1.43205e+07
937.385	  1.43124e+07
937.672	  1.43042e+07
937.959	  1.42961e+07
938.246	  1.4288e+07
938.533	  1.42799e+07
938.82	  1.42717e+07
939.107	  1.42636e+07
939.394	  1.42555e+07
939.681	  1.42474e+07
939.968	  1.42393e+07
940.255	  1.42312e+07
940.542	  1.42231e+07
940.829	  1.4215e+07
941.116	  1.42069e+07
941.403	  1.41988e+07
941.69	  1.41908e+07
941.977	  1.41827e+07
942.264	  1.41746e+07
942.551	  1.41666e+07
942.838	  1.41585e+07
943.125	  1.41504e+07
943.412	  1.41424e+07
943.699	  1.41344e+07
943.986	  1.41263e+07
944.273	  1.41183e+07
944.56	  1.41102e+07
944.847	  1.41022e+07
945.134	  1.40942e+07
945.421	  1.40862e+07
945.708	  1.40782e+07
945.995	  1.40701e+07
946.282	  1.40621e+07
946.569	  1.40541e+07
946.856	  1.40461e+07
947.143	  1.40382e+07
947.43	  1.40302e+07
947.717	  1.40222e+07
948.004	  1.40142e+07
948.291	  1.40062e+07
948.578	  1.39983e+07
948.865	  1.39903e+07
949.152	  1.39823e+07
949.439	  1.39744e+07
949.726	  1.39664e+07
950.013	  1.39585e+07
950.3	  1.39505e+07
950.587	  1.39426e+07
950.874	  1.39347e+07
951.161	  1.39267e+07
951.448	  1.39188e+07
951.735	  1.39109e+07
952.022	  1.3903e+07
952.309	  1.38951e+07
952.596	  1.38872e+07
952.883	  1.38793e+07
953.17	  1.38714e+07
953.457	  1.38635e+07
953.744	  1.38556e+07
954.031	  1.38477e+07
954.318	  1.38398e+07
954.605	  1.38319e+07
954.892	  1.38241e+07
955.179	  1.38162e+07
955.466	  1.38083e+07
955.753	  1.38005e+07
956.04	  1.37926e+07
956.327	  1.37848e+07
956.614	  1.37769e+07
956.901	  1.37691e+07
957.188	  1.37613e+07
957.475	  1.37534e+07
957.762	  1.37456e+07
958.049	  1.37378e+07
958.336	  1.373e+07
958.623	  1.37221e+07
958.91	  1.37143e+07
959.197	  1.37065e+07
959.484	  1.36987e+07
959.771	  1.36909e+07
960.058	  1.36831e+07
960.345	  1.36754e+07
960.632	  1.36676e+07
960.919	  1.36598e+07
961.206	  1.3652e+07
961.493	  1.36443e+07
961.78	  1.36365e+07
962.067	  1.36287e+07
962.354	  1.3621e+07
962.641	  1.36132e+07
962.928	  1.36055e+07
963.215	  1.35977e+07
963.502	  1.359e+07
963.789	  1.35823e+07
964.076	  1.35745e+07
964.363	  1.35668e+07
964.65	  1.35591e+07
964.937	  1.35514e+07
965.224	  1.35437e+07
965.511	  1.3536e+07
965.798	  1.35283e+07
966.085	  1.35206e+07
966.372	  1.35129e+07
966.659	  1.35052e+07
966.946	  1.34975e+07
967.233	  1.34898e+07
967.52	  1.34821e+07
967.807	  1.34745e+07
968.094	  1.34668e+07
968.381	  1.34591e+07
968.668	  1.34515e+07
968.955	  1.34438e+07
969.242	  1.34362e+07
969.529	  1.34285e+07
969.816	  1.34209e+07
970.103	  1.34133e+07
970.39	  1.34056e+07
970.677	  1.3398e+07
970.964	  1.33904e+07
971.251	  1.33828e+07
971.538	  1.33751e+07
971.825	  1.33675e+07
972.112	  1.33599e+07
972.399	  1.33523e+07
972.686	  1.33447e+07
972.973	  1.33371e+07
973.26	  1.33296e+07
973.547	  1.3322e+07
973.834	  1.33144e+07
974.121	  1.33068e+07
974.408	  1.32992e+07
974.695	  1.32917e+07
974.982	  1.32841e+07
975.269	  1.32766e+07
975.556	  1.3269e+07
975.843	  1.32615e+07
976.13	  1.32539e+07
976.417	  1.32464e+07
976.704	  1.32388e+07
976.991	  1.32313e+07
977.278	  1.32238e+07
977.565	  1.32163e+07
977.852	  1.32087e+07
978.139	  1.32012e+07
978.426	  1.31937e+07
978.713	  1.31862e+07
979	  1.31787e+07
979.287	  1.31712e+07
979.574	  1.31637e+07
979.861	  1.31563e+07
980.148	  1.31488e+07
980.435	  1.31413e+07
980.722	  1.31338e+07
981.009	  1.31263e+07
981.296	  1.31189e+07
981.583	  1.31114e+07
981.87	  1.3104e+07
982.157	  1.30965e+07
982.444	  1.30891e+07
982.731	  1.30816e+07
983.018	  1.30742e+07
983.305	  1.30668e+07
983.592	  1.30593e+07
983.879	  1.30519e+07
984.166	  1.30445e+07
984.453	  1.30371e+07
984.74	  1.30296e+07
985.027	  1.30222e+07
985.314	  1.30148e+07
985.601	  1.30074e+07
985.888	  1.3e+07
986.175	  1.29926e+07
986.462	  1.29853e+07
986.749	  1.29779e+07
987.036	  1.29705e+07
987.323	  1.29631e+07
987.61	  1.29558e+07
987.897	  1.29484e+07
988.184	  1.2941e+07
988.471	  1.29337e+07
988.758	  1.29263e+07
989.045	  1.2919e+07
989.332	  1.29116e+07
989.619	  1.29043e+07
989.906	  1.2897e+07
990.193	  1.28896e+07
990.48	  1.28823e+07
990.767	  1.2875e+07
991.054	  1.28677e+07
991.341	  1.28604e+07
991.628	  1.28531e+07
991.915	  1.28457e+07
992.202	  1.28384e+07
992.489	  1.28312e+07
992.776	  1.28239e+07
993.063	  1.28166e+07
993.35	  1.28093e+07
993.637	  1.2802e+07
993.924	  1.27947e+07
994.211	  1.27875e+07
994.498	  1.27802e+07
994.785	  1.27729e+07
995.072	  1.27657e+07
995.359	  1.27584e+07
995.646	  1.27512e+07
995.933	  1.27439e+07
996.22	  1.27367e+07
996.507	  1.27295e+07
996.794	  1.27222e+07
997.081	  1.2715e+07
997.368	  1.27078e+07
997.655	  1.27006e+07
997.942	  1.26934e+07
998.229	  1.26861e+07
998.516	  1.26789e+07
998.803	  1.26717e+07
999.09	  1.26645e+07
999.377	  1.26574e+07
999.664	  1.26502e+07
999.951	  1.2643e+07
1000.24	  1.26358e+07
1000.52	  1.26286e+07
1000.81	  1.26215e+07
1001.1	  1.26143e+07
1001.39	  1.26071e+07
1001.67	  1.26e+07
1001.96	  1.25928e+07
1002.25	  1.25857e+07
1002.53	  1.25785e+07
1002.82	  1.25714e+07
1003.11	  1.25642e+07
1003.39	  1.25571e+07
1003.68	  1.255e+07
1003.97	  1.25429e+07
1004.26	  1.25357e+07
1004.54	  1.25286e+07
1004.83	  1.25215e+07
1005.12	  1.25144e+07
1005.4	  1.25073e+07
1005.69	  1.25002e+07
1005.98	  1.24931e+07
1006.26	  1.2486e+07
1006.55	  1.24789e+07
1006.84	  1.24719e+07
1007.13	  1.24648e+07
1007.41	  1.24577e+07
1007.7	  1.24506e+07
1007.99	  1.24436e+07
1008.27	  1.24365e+07
1008.56	  1.24295e+07
1008.85	  1.24224e+07
1009.13	  1.24154e+07
1009.42	  1.24083e+07
1009.71	  1.24013e+07
1010	  1.23942e+07
1010.28	  1.23872e+07
1010.57	  1.23802e+07
1010.86	  1.23732e+07
1011.14	  1.23662e+07
1011.43	  1.23591e+07
1011.72	  1.23521e+07
1012	  1.23451e+07
1012.29	  1.23381e+07
1012.58	  1.23311e+07
1012.87	  1.23241e+07
1013.15	  1.23171e+07
1013.44	  1.23102e+07
1013.73	  1.23032e+07
1014.01	  1.22962e+07
1014.3	  1.22892e+07
1014.59	  1.22823e+07
1014.88	  1.22753e+07
1015.16	  1.22684e+07
1015.45	  1.22614e+07
1015.74	  1.22544e+07
1016.02	  1.22475e+07
1016.31	  1.22406e+07
1016.6	  1.22336e+07
1016.88	  1.22267e+07
1017.17	  1.22198e+07
1017.46	  1.22128e+07
1017.75	  1.22059e+07
1018.03	  1.2199e+07
1018.32	  1.21921e+07
1018.61	  1.21852e+07
1018.89	  1.21783e+07
1019.18	  1.21714e+07
1019.47	  1.21645e+07
1019.98	  1.21523e+07
1021.08	  1.21259e+07
1022.17	  1.20996e+07
1023.27	  1.20734e+07
1024.38	  1.20472e+07
1025.47	  1.20211e+07
1026.58	  1.1995e+07
1027.67	  1.1969e+07
1028.78	  1.19431e+07
1029.88	  1.19172e+07
1030.97	  1.18914e+07
1032.08	  1.18656e+07
1033.17	  1.18399e+07
1034.28	  1.18143e+07
1035.38	  1.17887e+07
1036.47	  1.17632e+07
1037.58	  1.17378e+07
1038.67	  1.17124e+07
1039.78	  1.1687e+07
1040.88	  1.16618e+07
1041.97	  1.16365e+07
1043.08	  1.16114e+07
1044.17	  1.15863e+07
1045.28	  1.15613e+07
1046.38	  1.15363e+07
1047.47	  1.15114e+07
1048.58	  1.14865e+07
1049.67	  1.14617e+07
1050.78	  1.14369e+07
1051.88	  1.14123e+07
1052.97	  1.13876e+07
1054.08	  1.13631e+07
1055.17	  1.13386e+07
1056.28	  1.13141e+07
1057.38	  1.12897e+07
1058.47	  1.12654e+07
1059.58	  1.12411e+07
1060.67	  1.12169e+07
1061.78	  1.11927e+07
1062.88	  1.11686e+07
1063.97	  1.11446e+07
1065.08	  1.11206e+07
1066.17	  1.10966e+07
1067.28	  1.10727e+07
1068.38	  1.10489e+07
1069.47	  1.10252e+07
1070.58	  1.10015e+07
1071.67	  1.09778e+07
1072.78	  1.09542e+07
1073.88	  1.09307e+07
1074.97	  1.09072e+07
1076.08	  1.08838e+07
1077.17	  1.08604e+07
1078.28	  1.08371e+07
1079.38	  1.08138e+07
1080.47	  1.07906e+07
1081.58	  1.07675e+07
1082.67	  1.07444e+07
1083.78	  1.07214e+07
1084.88	  1.06984e+07
1085.97	  1.06755e+07
1087.08	  1.06526e+07
1088.17	  1.06298e+07
1089.28	  1.0607e+07
1090.38	  1.05843e+07
1091.47	  1.05617e+07
1092.58	  1.05391e+07
1093.67	  1.05165e+07
1094.78	  1.0494e+07
1095.88	  1.04716e+07
1096.97	  1.04492e+07
1098.08	  1.04269e+07
1099.17	  1.04046e+07
1100.28	  1.03824e+07
1101.38	  1.03602e+07
1102.47	  1.03381e+07
1103.58	  1.03161e+07
1104.67	  1.02941e+07
1105.78	  1.02721e+07
1106.88	  1.02502e+07
1107.97	  1.02284e+07
1109.08	  1.02066e+07
1110.17	  1.01848e+07
1111.28	  1.01631e+07
1112.38	  1.01415e+07
1113.47	  1.01199e+07
1114.58	  1.00984e+07
1115.67	  1.00769e+07
1116.78	  1.00555e+07
1117.88	  1.00341e+07
1118.97	  1.00128e+07
1120.08	  9.99152e+06
1121.17	  9.9703e+06
1122.28	  9.94913e+06
1123.38	  9.92802e+06
1124.47	  9.90695e+06
1125.58	  9.88594e+06
1126.67	  9.86497e+06
1127.78	  9.84406e+06
1128.88	  9.8232e+06
1129.97	  9.80238e+06
1131.08	  9.78162e+06
1132.17	  9.76091e+06
1133.28	  9.74025e+06
1134.38	  9.71964e+06
1135.47	  9.69908e+06
1136.58	  9.67857e+06
1137.67	  9.65811e+06
1138.78	  9.6377e+06
1139.88	  9.61733e+06
1140.97	  9.59702e+06
1142.08	  9.57676e+06
1143.17	  9.55654e+06
1144.28	  9.53638e+06
1145.38	  9.51626e+06
1146.47	  9.4962e+06
1147.58	  9.47618e+06
1148.67	  9.45621e+06
1149.78	  9.43629e+06
1150.88	  9.41642e+06
1151.97	  9.39659e+06
1153.08	  9.37681e+06
1154.17	  9.35709e+06
1155.28	  9.33741e+06
1156.38	  9.31777e+06
1157.47	  9.29819e+06
1158.58	  9.27865e+06
1159.67	  9.25916e+06
1160.78	  9.23972e+06
1161.88	  9.22033e+06
1162.97	  9.20098e+06
1164.08	  9.18168e+06
1165.17	  9.16243e+06
1166.28	  9.14322e+06
1167.38	  9.12406e+06
1168.47	  9.10495e+06
1169.58	  9.08588e+06
1170.67	  9.06686e+06
1171.78	  9.04788e+06
1172.88	  9.02896e+06
1173.97	  9.01007e+06
1175.08	  8.99124e+06
1176.17	  8.97245e+06
1177.28	  8.9537e+06
1178.38	  8.935e+06
1179.47	  8.91635e+06
1180.58	  8.89774e+06
1181.67	  8.87918e+06
1182.78	  8.86066e+06
1183.88	  8.84219e+06
1184.97	  8.82376e+06
1186.08	  8.80538e+06
1187.17	  8.78704e+06
1188.28	  8.76875e+06
1189.38	  8.7505e+06
1190.47	  8.73229e+06
1191.58	  8.71413e+06
1192.67	  8.69602e+06
1193.78	  8.67795e+06
1194.88	  8.65992e+06
1195.97	  8.64193e+06
1197.08	  8.62399e+06
1198.17	  8.6061e+06
1199.28	  8.58824e+06
1200.38	  8.57043e+06
1201.47	  8.55267e+06
1202.58	  8.53494e+06
1203.67	  8.51726e+06
1204.78	  8.49962e+06
1205.88	  8.48203e+06
1206.97	  8.46448e+06
1208.08	  8.44697e+06
1209.17	  8.4295e+06
1210.28	  8.41208e+06
1211.38	  8.39469e+06
1212.47	  8.37735e+06
1213.58	  8.36006e+06
1214.67	  8.3428e+06
1215.78	  8.32559e+06
1216.88	  8.30842e+06
1217.97	  8.29128e+06
1219.08	  8.2742e+06
1220.17	  8.25715e+06
1221.28	  8.24014e+06
1222.38	  8.22318e+06
1223.47	  8.20625e+06
1224.58	  8.18937e+06
1225.67	  8.17253e+06
1226.78	  8.15573e+06
1227.88	  8.13897e+06
1228.97	  8.12225e+06
1230.08	  8.10557e+06
1231.17	  8.08893e+06
1232.28	  8.07234e+06
1233.38	  8.05578e+06
1234.47	  8.03926e+06
1235.58	  8.02278e+06
1236.67	  8.00634e+06
1237.78	  7.98995e+06
1238.88	  7.97359e+06
1239.97	  7.95727e+06
1241.08	  7.94099e+06
1242.17	  7.92475e+06
1243.28	  7.90855e+06
1244.38	  7.89239e+06
1245.47	  7.87627e+06
1246.58	  7.86018e+06
1247.67	  7.84414e+06
1248.78	  7.82813e+06
1249.88	  7.81217e+06
1250.97	  7.79624e+06
1252.08	  7.78035e+06
1253.17	  7.7645e+06
1254.28	  7.74868e+06
1255.38	  7.73291e+06
1256.47	  7.71717e+06
1257.58	  7.70147e+06
1258.67	  7.68581e+06
1259.78	  7.67019e+06
1260.88	  7.6546e+06
1261.97	  7.63905e+06
1263.08	  7.62354e+06
1264.17	  7.60807e+06
1265.28	  7.59263e+06
1266.38	  7.57724e+06
1267.47	  7.56187e+06
1268.58	  7.54655e+06
1269.67	  7.53126e+06
1270.78	  7.51601e+06
1271.88	  7.5008e+06
1272.97	  7.48562e+06
1274.08	  7.47048e+06
1275.17	  7.45537e+06
1276.28	  7.44031e+06
1277.38	  7.42527e+06
1278.47	  7.41028e+06
1279.58	  7.39532e+06
1280.67	  7.38039e+06
1281.78	  7.36551e+06
1282.88	  7.35065e+06
1283.97	  7.33584e+06
1285.08	  7.32106e+06
1286.17	  7.30631e+06
1287.28	  7.2916e+06
1288.38	  7.27692e+06
1289.47	  7.26228e+06
1290.58	  7.24768e+06
1291.67	  7.23311e+06
1292.78	  7.21858e+06
1293.88	  7.20408e+06
1294.97	  7.18961e+06
1296.08	  7.17518e+06
1297.17	  7.16078e+06
1298.28	  7.14642e+06
1299.38	  7.13209e+06
1300.47	  7.1178e+06
1301.58	  7.10354e+06
1302.67	  7.08932e+06
1303.78	  7.07513e+06
1304.88	  7.06097e+06
1305.97	  7.04685e+06
1307.08	  7.03276e+06
1308.17	  7.0187e+06
1309.28	  7.00468e+06
1310.38	  6.99069e+06
1311.47	  6.97673e+06
1312.58	  6.96281e+06
1313.67	  6.94892e+06
1314.78	  6.93507e+06
1315.88	  6.92124e+06
1316.97	  6.90745e+06
1318.08	  6.8937e+06
1319.17	  6.87997e+06
1320.28	  6.86628e+06
1321.38	  6.85262e+06
1322.47	  6.839e+06
1323.58	  6.8254e+06
1324.67	  6.81184e+06
1325.78	  6.79831e+06
1326.88	  6.78481e+06
1327.97	  6.77135e+06
1329.08	  6.75791e+06
1330.17	  6.74451e+06
1331.28	  6.73114e+06
1332.38	  6.7178e+06
1333.47	  6.70449e+06
1334.58	  6.69122e+06
1335.67	  6.67798e+06
1336.78	  6.66476e+06
1337.88	  6.65158e+06
1338.97	  6.63843e+06
1340.08	  6.62531e+06
1341.17	  6.61223e+06
1342.28	  6.59917e+06
1343.38	  6.58614e+06
1344.47	  6.57315e+06
1345.58	  6.56018e+06
1346.67	  6.54725e+06
1347.78	  6.53435e+06
1348.88	  6.52147e+06
1349.97	  6.50863e+06
1351.08	  6.49582e+06
1352.17	  6.48304e+06
1353.28	  6.47028e+06
1354.38	  6.45756e+06
1355.47	  6.44487e+06
1356.58	  6.43221e+06
1357.67	  6.41957e+06
1358.78	  6.40697e+06
1359.88	  6.3944e+06
1360.97	  6.38186e+06
1362.08	  6.36934e+06
1363.17	  6.35686e+06
1364.28	  6.3444e+06
1365.38	  6.33198e+06
1366.47	  6.31958e+06
1367.58	  6.30721e+06
1368.67	  6.29487e+06
1369.78	  6.28256e+06
1370.88	  6.27028e+06
1371.97	  6.25803e+06
1373.08	  6.2458e+06
1374.17	  6.23361e+06
1375.28	  6.22144e+06
1376.38	  6.20931e+06
1377.47	  6.1972e+06
1378.58	  6.18511e+06
1379.67	  6.17306e+06
1380.78	  6.16104e+06
1381.88	  6.14904e+06
1382.97	  6.13707e+06
1384.08	  6.12513e+06
1385.17	  6.11322e+06
1386.28	  6.10133e+06
1387.38	  6.08947e+06
1388.47	  6.07764e+06
1389.58	  6.06584e+06
1390.67	  6.05407e+06
1391.78	  6.04232e+06
1392.88	  6.0306e+06
1393.97	  6.0189e+06
1395.08	  6.00724e+06
1396.17	  5.9956e+06
1397.28	  5.98399e+06
1398.38	  5.9724e+06
1399.47	  5.96085e+06
1400.58	  5.94931e+06
1401.67	  5.93781e+06
1402.78	  5.92633e+06
1403.88	  5.91488e+06
1404.97	  5.90346e+06
1406.08	  5.89206e+06
1407.17	  5.88069e+06
1408.28	  5.86934e+06
1409.38	  5.85802e+06
1410.47	  5.84673e+06
1411.58	  5.83546e+06
1412.67	  5.82422e+06
1413.78	  5.81301e+06
1414.88	  5.80182e+06
1415.97	  5.79065e+06
1417.08	  5.77952e+06
1418.17	  5.7684e+06
1419.28	  5.75732e+06
1420.38	  5.74626e+06
1421.47	  5.73522e+06
1422.58	  5.72421e+06
1423.67	  5.71323e+06
1424.78	  5.70227e+06
1425.88	  5.69134e+06
1426.97	  5.68043e+06
1428.08	  5.66954e+06
1429.17	  5.65868e+06
1430.28	  5.64785e+06
1431.38	  5.63704e+06
1432.47	  5.62626e+06
1433.58	  5.6155e+06
1434.67	  5.60476e+06
1435.78	  5.59405e+06
1436.88	  5.58337e+06
1437.97	  5.57271e+06
1439.08	  5.56207e+06
1440.17	  5.55146e+06
1441.28	  5.54087e+06
1442.38	  5.5303e+06
1443.47	  5.51976e+06
1444.58	  5.50925e+06
1445.67	  5.49876e+06
1446.78	  5.48829e+06
1447.88	  5.47784e+06
1448.97	  5.46742e+06
1450.08	  5.45703e+06
1451.17	  5.44666e+06
1452.28	  5.43631e+06
1453.38	  5.42598e+06
1454.47	  5.41568e+06
1455.58	  5.4054e+06
1456.67	  5.39515e+06
1457.78	  5.38491e+06
1458.88	  4.32915e+06
1459.97	  4.32131e+06
1461.08	  4.31348e+06
1462.17	  4.30568e+06
1463.28	  4.29791e+06
1464.38	  4.29015e+06
1465.47	  4.28241e+06
1466.58	  4.2747e+06
1467.67	  4.267e+06
1468.78	  4.25933e+06
1469.88	  4.25167e+06
1470.97	  4.24404e+06
1472.08	  4.23643e+06
1473.17	  4.22884e+06
1474.28	  4.22127e+06
1475.38	  4.21372e+06
1476.47	  4.20619e+06
1477.58	  4.19869e+06
1478.67	  4.1912e+06
1479.78	  4.18373e+06
1480.88	  4.17628e+06
1481.97	  4.16886e+06
1483.08	  4.16145e+06
1484.17	  4.15406e+06
1485.28	  4.1467e+06
1486.38	  4.13935e+06
1487.47	  4.13202e+06
1488.58	  4.12472e+06
1489.67	  4.11743e+06
1490.78	  4.11016e+06
1491.88	  4.10292e+06
1492.97	  4.09569e+06
1494.08	  4.08848e+06
1495.17	  4.08129e+06
1496.28	  4.07412e+06
1497.38	  4.06698e+06
1498.47	  4.05985e+06
1499.58	  4.05273e+06
1500.67	  4.04564e+06
1501.78	  4.03857e+06
1502.88	  4.03152e+06
1503.97	  4.02448e+06
1505.08	  4.01747e+06
1506.17	  4.01047e+06
1507.28	  4.0035e+06
1508.38	  3.99654e+06
1509.47	  3.9896e+06
1510.58	  3.98268e+06
1511.67	  3.97578e+06
1512.78	  3.9689e+06
1513.88	  3.96203e+06
1514.97	  3.95519e+06
1516.08	  3.94836e+06
1517.17	  3.94155e+06
1518.28	  3.93476e+06
1519.38	  3.92799e+06
1520.47	  3.92124e+06
1521.58	  3.9145e+06
1522.67	  3.90779e+06
1523.78	  3.90109e+06
1524.88	  3.89441e+06
1525.97	  3.88775e+06
1527.08	  3.8811e+06
1528.17	  3.87448e+06
1529.28	  3.86787e+06
1530.38	  3.86128e+06
1531.47	  3.85471e+06
1532.58	  3.84815e+06
1533.67	  3.84162e+06
1534.78	  3.8351e+06
1535.88	  3.8286e+06
1536.97	  3.82211e+06
1538.08	  3.81565e+06
1539.17	  3.8092e+06
1540.28	  3.80277e+06
1541.38	  3.79635e+06
1542.47	  3.78996e+06
1543.58	  3.78358e+06
1544.67	  3.77722e+06
1545.78	  3.77088e+06
1546.88	  3.76455e+06
1547.97	  3.75824e+06
1549.08	  3.75195e+06
1550.17	  3.74567e+06
1551.28	  3.73941e+06
1552.38	  3.73317e+06
1553.47	  3.72695e+06
1554.58	  3.72074e+06
1555.67	  3.71455e+06
1556.78	  3.70838e+06
1557.88	  3.70223e+06
1558.97	  3.69609e+06
1560.08	  3.68996e+06
1561.17	  3.68386e+06
1562.28	  3.67777e+06
1563.38	  3.6717e+06
1564.47	  3.66564e+06
1565.58	  3.6596e+06
1566.67	  3.65358e+06
1567.78	  3.64758e+06
1568.88	  3.64159e+06
1569.97	  3.63561e+06
1571.08	  3.62966e+06
1572.17	  3.62372e+06
1573.28	  3.61779e+06
1574.38	  3.61189e+06
1575.47	  3.606e+06
1576.58	  3.60012e+06
1577.67	  3.59427e+06
1578.78	  3.58842e+06
1579.88	  3.5826e+06
1580.97	  3.57679e+06
1582.08	  3.571e+06
1583.17	  3.56522e+06
1584.28	  3.55946e+06
1585.38	  3.55372e+06
1586.47	  3.54799e+06
1587.58	  3.54228e+06
1588.67	  3.53658e+06
1589.78	  3.5309e+06
1590.88	  3.52524e+06
1591.97	  3.51959e+06
1593.08	  3.51396e+06
1594.17	  3.50834e+06
1595.28	  3.50274e+06
1596.38	  3.49716e+06
1597.47	  3.49159e+06
1598.58	  3.48604e+06
1599.67	  3.48051e+06
1600.78	  3.47499e+06
1601.88	  3.46949e+06
1602.97	  3.464e+06
1604.08	  3.45853e+06
1605.17	  3.45308e+06
1606.28	  3.44764e+06
1607.38	  3.44221e+06
1608.47	  3.43681e+06
1609.58	  3.43142e+06
1610.67	  3.42605e+06
1611.78	  3.42069e+06
1612.88	  3.41535e+06
1613.97	  3.41002e+06
1615.08	  3.40472e+06
1616.17	  3.39942e+06
1617.28	  3.39415e+06
1618.38	  3.38889e+06
1619.47	  3.38365e+06
1620.58	  3.37843e+06
1621.67	  3.37322e+06
1622.78	  3.36803e+06
1623.88	  3.36286e+06
1624.97	  3.3577e+06
1626.08	  3.35256e+06
1627.17	  3.34744e+06
1628.28	  3.34234e+06
1629.38	  3.33726e+06
1630.47	  3.33219e+06
1631.58	  3.32715e+06
1632.67	  3.32212e+06
1633.78	  3.31712e+06
1634.88	  3.31213e+06
1635.97	  3.30717e+06
1637.08	  3.30223e+06
1638.17	  3.29731e+06
1639.28	  3.29242e+06
1640.38	  3.28757e+06
1641.47	  3.28275e+06
1642.58	  3.27799e+06
1643.67	  3.27324e+06
1644.78	  3.26851e+06
1645.88	  3.26377e+06
1646.97	  3.25905e+06
1648.08	  3.25433e+06
1649.17	  3.24961e+06
1650.28	  3.2449e+06
1651.38	  3.2402e+06
1652.47	  3.2355e+06
1653.58	  3.23081e+06
1654.67	  3.22612e+06
1655.78	  3.22144e+06
1656.88	  3.21676e+06
1657.97	  3.21209e+06
1659.08	  3.20743e+06
1660.17	  3.20277e+06
1661.28	  3.19812e+06
1662.38	  3.19347e+06
1663.47	  3.18882e+06
1664.58	  3.18419e+06
1665.67	  3.17956e+06
1666.78	  3.17493e+06
1667.88	  3.17031e+06
1668.97	  3.1657e+06
1670.08	  3.16109e+06
1671.17	  3.15648e+06
1672.28	  3.15189e+06
1673.38	  3.14729e+06
1674.47	  3.14271e+06
1675.58	  3.13812e+06
1676.67	  3.13355e+06
1677.78	  3.12898e+06
1678.88	  3.12441e+06
1679.97	  3.11985e+06
1681.08	  3.1153e+06
1682.17	  3.11075e+06
1683.28	  3.10621e+06
1684.38	  3.10167e+06
1685.47	  3.09714e+06
1686.58	  3.09262e+06
1687.67	  3.0881e+06
1688.78	  3.08358e+06
1689.88	  3.07907e+06
1690.97	  3.07457e+06
1692.08	  3.07007e+06
1693.17	  3.06558e+06
1694.28	  3.06109e+06
1695.38	  3.05661e+06
1696.47	  3.05214e+06
1697.58	  3.04766e+06
1698.67	  3.0432e+06
1699.78	  3.03874e+06
1700.88	  3.03429e+06
1701.97	  3.02984e+06
1703.08	  3.0254e+06
1704.17	  3.02096e+06
1705.28	  3.01653e+06
1706.38	  3.0121e+06
1707.47	  3.00768e+06
1708.58	  3.00327e+06
1709.67	  2.99886e+06
1710.78	  2.99445e+06
1711.88	  2.99006e+06
1712.97	  2.98566e+06
1714.08	  2.98128e+06
1715.17	  2.97689e+06
1716.28	  2.97252e+06
1717.38	  2.96815e+06
1718.47	  2.96378e+06
1719.58	  2.95942e+06
1720.67	  2.95507e+06
1721.78	  2.95072e+06
1722.88	  2.94638e+06
1723.97	  2.94204e+06
1725.08	  2.93771e+06
1726.17	  2.93338e+06
1727.28	  2.92906e+06
1728.38	  2.92474e+06
1729.47	  2.92043e+06
1730.58	  2.91613e+06
1731.67	  2.91183e+06
1732.78	  2.90753e+06
1733.88	  2.90325e+06
1734.97	  2.89896e+06
1736.08	  2.89469e+06
1737.17	  2.89041e+06
1738.28	  2.88615e+06
1739.38	  2.88189e+06
1740.47	  2.87763e+06
1741.58	  2.87338e+06
1742.67	  2.86914e+06
1743.78	  2.8649e+06
1744.88	  2.86067e+06
1745.97	  2.85644e+06
1747.08	  2.85221e+06
1748.17	  2.848e+06
1749.28	  2.84379e+06
1750.38	  2.83958e+06
1751.47	  2.83538e+06
1752.58	  2.83118e+06
1753.67	  2.82699e+06
1754.78	  2.82281e+06
1755.88	  2.81863e+06
1756.97	  2.81446e+06
1758.08	  2.81029e+06
1759.17	  2.80613e+06
1760.28	  2.80197e+06
1761.38	  2.79782e+06
1762.47	  2.79367e+06
1763.58	  2.78953e+06
1764.67	  2.7854e+06
1765.78	  2.78127e+06
1766.88	  2.77714e+06
1767.97	  2.77302e+06
1769.08	  2.76891e+06
1770.17	  2.7648e+06
1771.28	  2.7607e+06
1772.38	  2.7566e+06
1773.47	  2.75251e+06
1774.58	  2.74842e+06
1775.67	  2.74434e+06
1776.78	  2.74026e+06
1777.88	  2.73619e+06
1778.97	  2.73213e+06
1780.08	  2.72807e+06
1781.17	  2.72401e+06
1782.28	  2.71996e+06
1783.38	  2.71592e+06
1784.47	  2.71188e+06
1785.58	  2.70785e+06
1786.67	  2.70382e+06
1787.78	  2.6998e+06
1788.88	  2.69578e+06
1789.97	  2.69177e+06
1791.08	  2.68776e+06
1792.17	  2.68376e+06
1793.28	  2.67977e+06
1794.38	  2.67578e+06
1795.47	  2.67179e+06
1796.58	  2.66781e+06
1797.67	  2.66384e+06
1798.78	  2.65987e+06
1799.88	  2.65591e+06
1800.97	  2.65195e+06
1802.08	  2.648e+06
1803.17	  2.64405e+06
1804.28	  2.64011e+06
1805.38	  2.63617e+06
1806.47	  2.63224e+06
1807.58	  2.62831e+06
1808.67	  2.62439e+06
1809.78	  2.62047e+06
1810.88	  2.61656e+06
1811.97	  2.61266e+06
1813.08	  2.60876e+06
1814.17	  2.60486e+06
1815.28	  2.60097e+06
1816.38	  2.59709e+06
1817.47	  2.59321e+06
1818.58	  2.58934e+06
1819.67	  2.58547e+06
1820.78	  2.58161e+06
1821.88	  2.57775e+06
1822.97	  2.5739e+06
1824.08	  2.57005e+06
1825.17	  2.56621e+06
1826.28	  2.56237e+06
1827.38	  2.55854e+06
1828.47	  2.55471e+06
1829.58	  2.55089e+06
1830.67	  2.54708e+06
1831.78	  2.54327e+06
1832.88	  2.53946e+06
1833.97	  2.53566e+06
1835.08	  2.53187e+06
1836.17	  2.52808e+06
1837.28	  2.52429e+06
1838.38	  2.52051e+06
1839.47	  2.51674e+06
1840.58	  2.51297e+06
1841.67	  2.50921e+06
1842.78	  2.50545e+06
1843.88	  2.5017e+06
1844.97	  2.49795e+06
1846.08	  2.49421e+06
1847.17	  2.49047e+06
1848.28	  2.48674e+06
1849.38	  2.48301e+06
1850.47	  2.47929e+06
1851.58	  2.47557e+06
1852.67	  2.47186e+06
1853.78	  2.46815e+06
1854.88	  2.46445e+06
1855.97	  2.46075e+06
1857.08	  2.45706e+06
1858.17	  2.45338e+06
1859.28	  2.44969e+06
1860.38	  2.44602e+06
1861.47	  2.44235e+06
1862.58	  2.43868e+06
1863.67	  2.43502e+06
1864.78	  2.43137e+06
1865.88	  2.42772e+06
1866.97	  2.42407e+06
1868.08	  2.42043e+06
1869.17	  2.4168e+06
1870.28	  2.41317e+06
1871.38	  2.40954e+06
1872.47	  2.40592e+06
1873.58	  2.40231e+06
1874.67	  2.3987e+06
1875.78	  2.39509e+06
1876.88	  2.39149e+06
1877.97	  2.3879e+06
1879.08	  2.38431e+06
1880.17	  2.38073e+06
1881.28	  2.37715e+06
1882.38	  2.37357e+06
1883.47	  2.37e+06
1884.58	  2.36644e+06
1885.67	  2.36288e+06
1886.78	  2.35933e+06
1887.88	  2.35578e+06
1888.97	  2.35223e+06
1890.08	  2.3487e+06
1891.17	  2.34516e+06
1892.28	  2.34163e+06
1893.38	  2.33811e+06
1894.47	  2.33459e+06
1895.58	  2.33108e+06
1896.67	  2.32757e+06
1897.78	  2.32406e+06
1898.88	  2.32056e+06
1899.97	  2.31707e+06
1901.08	  2.31358e+06
1902.17	  2.3101e+06
1903.28	  2.30662e+06
1904.38	  2.30314e+06
1905.47	  2.29968e+06
1906.58	  2.29621e+06
1907.67	  2.29275e+06
1908.78	  2.2893e+06
1909.88	  2.28585e+06
1910.97	  2.2824e+06
1912.08	  2.27896e+06
1913.17	  2.27553e+06
1914.28	  2.2721e+06
1915.38	  2.26868e+06
1916.47	  2.26526e+06
1917.58	  2.26184e+06
1918.67	  2.25843e+06
1919.78	  2.25503e+06
1920.88	  2.25163e+06
1921.97	  2.24823e+06
1923.08	  2.24484e+06
1924.17	  2.24146e+06
1925.28	  2.23807e+06
1926.38	  2.2347e+06
1927.47	  2.23133e+06
1928.58	  2.22796e+06
1929.67	  2.2246e+06
1930.78	  2.22124e+06
1931.88	  2.21789e+06
1932.97	  2.21455e+06
1934.08	  2.21121e+06
1935.17	  2.20787e+06
1936.28	  2.20454e+06
1937.38	  2.20121e+06
1938.47	  2.19789e+06
1939.58	  2.19457e+06
1940.67	  2.19126e+06
1941.78	  2.18795e+06
1942.88	  2.18465e+06
1943.97	  2.18135e+06
1945.08	  2.17805e+06
1946.17	  2.17476e+06
1947.28	  2.17148e+06
1948.38	  2.1682e+06
1949.47	  2.16493e+06
1950.58	  2.16166e+06
1951.67	  2.15839e+06
1952.78	  2.15513e+06
1953.88	  2.15188e+06
1954.97	  2.14863e+06
1956.08	  2.14538e+06
1957.17	  2.14214e+06
1958.28	  2.1389e+06
1959.38	  2.13567e+06
1960.47	  2.13244e+06
1961.58	  2.12922e+06
1962.67	  2.126e+06
1963.78	  2.12279e+06
1964.88	  2.11958e+06
1965.97	  2.11638e+06
1967.08	  2.11318e+06
1968.17	  2.10999e+06
1969.28	  2.1068e+06
1970.38	  2.10361e+06
1971.47	  2.10043e+06
1972.58	  2.09726e+06
1973.67	  2.09409e+06
1974.78	  2.09092e+06
1975.88	  2.08776e+06
1976.97	  2.08461e+06
1978.08	  2.08145e+06
1979.17	  2.07831e+06
1980.28	  2.07516e+06
1981.38	  2.07203e+06
1982.47	  2.06889e+06
1983.58	  2.06576e+06
1984.67	  2.06264e+06
1985.78	  2.05952e+06
1986.88	  2.05641e+06
1987.97	  2.0533e+06
1989.08	  2.05019e+06
1990.17	  2.04709e+06
1991.28	  2.04399e+06
1992.38	  2.0409e+06
1993.47	  2.03781e+06
1994.58	  2.03473e+06
1995.67	  2.03165e+06
1996.78	  2.02858e+06
1997.88	  2.02551e+06
1998.97	  2.02245e+06
2000.08	  2.01939e+06
2001.17	  2.01633e+06
2002.28	  2.01328e+06
2003.38	  2.01023e+06
2004.47	  2.00719e+06
2005.58	  2.00416e+06
2006.67	  2.00112e+06
2007.78	  1.9981e+06
2008.88	  1.99507e+06
2009.97	  1.99205e+06
2011.08	  1.98904e+06
2012.17	  1.98603e+06
2013.28	  1.98302e+06
2014.38	  1.98002e+06
2015.47	  1.97703e+06
2016.58	  1.97403e+06
2017.67	  1.97105e+06
2018.78	  1.96806e+06
2019.88	  1.96509e+06
2020.97	  1.96211e+06
2022.08	  1.95914e+06
2023.18	  1.95618e+06
2024.28	  1.95322e+06
2025.38	  1.95026e+06
2026.47	  1.94731e+06
2027.58	  1.94436e+06
2028.68	  1.94142e+06
2029.78	  1.93848e+06
2030.88	  1.93554e+06
2031.97	  1.93261e+06
2033.08	  1.92969e+06
2034.18	  1.92677e+06
2035.28	  1.92385e+06
2036.38	  1.92094e+06
2037.47	  1.91803e+06
2038.58	  1.91513e+06
2039.68	  1.91223e+06
2040.78	  1.90934e+06
2041.88	  1.90645e+06
2042.97	  1.90356e+06
2044.08	  1.90068e+06
2045.18	  1.8978e+06
2046.28	  1.89493e+06
2047.38	  1.89206e+06
2048.47	  1.8892e+06
2049.57	  1.88634e+06
2050.68	  1.88348e+06
2051.78	  1.88063e+06
2052.88	  1.87778e+06
2053.97	  1.87494e+06
2055.07	  1.8721e+06
2056.18	  1.86927e+06
2057.28	  1.86644e+06
2058.38	  1.86361e+06
2059.47	  1.86079e+06
2060.57	  1.85798e+06
2061.68	  1.85516e+06
2062.78	  1.85236e+06
2063.88	  1.84955e+06
2064.97	  1.84675e+06
2066.07	  1.84396e+06
2067.18	  1.84117e+06
2068.28	  1.83838e+06
2069.38	  1.8356e+06
2070.47	  1.83282e+06
2071.57	  1.83004e+06
2072.68	  1.82727e+06
2073.78	  1.82451e+06
2074.88	  1.82175e+06
2075.97	  1.81899e+06
2077.07	  1.81624e+06
2078.18	  1.81349e+06
2079.28	  1.81074e+06
2080.38	  1.808e+06
2081.47	  1.80527e+06
2082.57	  1.80254e+06
2083.68	  1.79981e+06
2084.78	  1.79708e+06
2085.88	  1.79437e+06
2086.97	  1.79165e+06
2088.07	  1.78894e+06
2089.18	  1.78623e+06
2090.28	  1.78353e+06
2091.38	  1.78083e+06
2092.47	  1.77814e+06
2093.57	  1.77545e+06
2094.68	  1.77276e+06
2095.78	  1.77008e+06
2096.88	  1.7674e+06
2097.97	  1.76473e+06
2099.07	  1.76206e+06
2100.18	  1.75939e+06
2101.28	  1.75673e+06
2102.38	  1.75407e+06
2103.47	  1.75142e+06
2104.57	  1.74877e+06
2105.68	  1.74612e+06
2106.78	  1.74348e+06
2107.88	  1.74085e+06
2108.97	  1.73821e+06
2110.07	  1.73558e+06
2111.18	  1.73296e+06
2112.28	  1.73034e+06
2113.38	  1.72772e+06
2114.47	  1.72511e+06
2115.57	  1.7225e+06
2116.68	  1.71989e+06
2117.78	  1.71729e+06
2118.88	  1.7147e+06
2119.97	  1.7121e+06
2121.07	  1.70952e+06
2122.18	  1.70693e+06
2123.28	  1.70435e+06
2124.38	  1.70177e+06
2125.47	  1.6992e+06
2126.57	  1.69663e+06
2127.68	  1.69407e+06
2128.78	  1.69151e+06
2129.88	  1.68895e+06
2130.97	  1.6864e+06
2132.07	  1.68385e+06
2133.18	  1.6813e+06
2134.28	  1.67876e+06
2135.38	  1.67623e+06
2136.47	  1.67369e+06
2137.57	  1.67117e+06
2138.68	  1.66864e+06
2139.78	  1.66612e+06
2140.88	  1.6636e+06
2141.97	  1.66109e+06
2143.07	  1.65858e+06
2144.18	  1.65607e+06
2145.28	  1.65357e+06
2146.38	  1.65107e+06
2147.47	  1.64858e+06
2148.57	  1.64609e+06
2149.68	  1.6436e+06
2150.78	  1.64112e+06
2151.88	  1.63864e+06
2152.97	  1.63617e+06
2154.07	  1.6337e+06
2155.18	  1.63123e+06
2156.28	  1.62877e+06
2157.38	  1.62631e+06
2158.47	  1.62385e+06
2159.57	  1.6214e+06
2160.68	  1.61896e+06
2161.78	  1.61651e+06
2162.88	  1.61407e+06
2163.97	  1.61164e+06
2165.07	  1.6092e+06
2166.18	  1.60677e+06
2167.28	  1.60435e+06
2168.38	  1.60193e+06
2169.47	  1.59951e+06
2170.57	  1.5971e+06
2171.68	  1.59469e+06
2172.78	  1.59228e+06
2173.88	  1.58988e+06
2174.97	  1.58748e+06
2176.07	  1.58509e+06
2177.18	  1.5827e+06
2178.28	  1.58031e+06
2179.38	  1.57793e+06
2180.47	  1.57555e+06
2181.57	  1.57317e+06
2182.68	  1.5708e+06
2183.78	  1.56843e+06
2184.88	  1.56607e+06
2185.97	  1.56371e+06
2187.07	  1.56135e+06
2188.18	  1.559e+06
2189.28	  1.55665e+06
2190.38	  1.5543e+06
2191.47	  1.55196e+06
2192.57	  1.54962e+06
2193.68	  1.54728e+06
2194.78	  1.54495e+06
2195.88	  1.54263e+06
2196.97	  1.5403e+06
2198.07	  1.53798e+06
2199.18	  1.53566e+06
2200.28	  1.53335e+06
2201.38	  1.53104e+06
2202.47	  1.52874e+06
2203.57	  1.52643e+06
2204.68	  1.52414e+06
2205.78	  1.52184e+06
2206.88	  1.51955e+06
2207.97	  1.51726e+06
2209.07	  1.51498e+06
2210.18	  1.5127e+06
2211.28	  1.51042e+06
2212.38	  1.50815e+06
2213.47	  1.50588e+06
2214.57	  1.50361e+06
2215.68	  1.50135e+06
2216.78	  1.49909e+06
2217.88	  1.49684e+06
2218.97	  1.49458e+06
2220.07	  1.49234e+06
2221.18	  1.49009e+06
2222.28	  1.48785e+06
2223.38	  1.48561e+06
2224.47	  1.48338e+06
2225.57	  1.48115e+06
2226.68	  1.47892e+06
2227.78	  1.4767e+06
2228.88	  1.47448e+06
2229.97	  1.47226e+06
2231.07	  1.47005e+06
2232.18	  1.46784e+06
2233.28	  1.46564e+06
2234.38	  1.46343e+06
2235.47	  1.46123e+06
2236.57	  1.45904e+06
2237.68	  1.45685e+06
2238.78	  1.45466e+06
2239.88	  1.45247e+06
2240.97	  1.45029e+06
2242.07	  1.44812e+06
2243.18	  1.44594e+06
2244.28	  1.44377e+06
2245.38	  1.4416e+06
2246.47	  1.43944e+06
2247.57	  1.43728e+06
2248.68	  1.43512e+06
2249.78	  1.43297e+06
2250.88	  1.43082e+06
2251.97	  1.42867e+06
2253.07	  1.42653e+06
2254.18	  1.42439e+06
2255.28	  1.42225e+06
2256.38	  1.42012e+06
2257.47	  1.41799e+06
2258.57	  1.41586e+06
2259.68	  1.41374e+06
2260.78	  1.41162e+06
2261.88	  1.4095e+06
2262.97	  1.40739e+06
2264.07	  1.40528e+06
2265.18	  1.40317e+06
2266.28	  1.40107e+06
2267.38	  1.39897e+06
2268.47	  1.39687e+06
2269.57	  1.39478e+06
2270.68	  1.39269e+06
2271.78	  1.39061e+06
2272.88	  1.38852e+06
2273.97	  1.38644e+06
2275.07	  1.38437e+06
2276.18	  1.38229e+06
2277.28	  1.38022e+06
2278.38	  1.37816e+06
2279.47	  1.3761e+06
2280.57	  1.30232e+06
2281.68	  1.30051e+06
2282.78	  1.29869e+06
2283.88	  1.29688e+06
2284.97	  1.29507e+06
2286.07	  1.29326e+06
2287.18	  1.29145e+06
2288.28	  1.28965e+06
2289.38	  1.28785e+06
2290.47	  1.28605e+06
2291.57	  1.28425e+06
2292.68	  1.28246e+06
2293.78	  1.28067e+06
2294.88	  1.27888e+06
2295.97	  1.2771e+06
2297.07	  1.27532e+06
2298.18	  1.27354e+06
2299.28	  1.27176e+06
2300.38	  1.26999e+06
2301.47	  1.26821e+06
2302.57	  1.26644e+06
2303.68	  1.26468e+06
2304.78	  1.26291e+06
2305.88	  1.26115e+06
2306.97	  1.25939e+06
2308.07	  1.25763e+06
2309.18	  1.25588e+06
2310.28	  1.25413e+06
2311.38	  1.25238e+06
2312.47	  1.25063e+06
2313.57	  1.24889e+06
2314.68	  1.24714e+06
2315.78	  1.24541e+06
2316.88	  1.24367e+06
2317.97	  1.24193e+06
2319.07	  1.2402e+06
2320.18	  1.23847e+06
2321.28	  1.23675e+06
2322.38	  1.23502e+06
2323.47	  1.2333e+06
2324.57	  1.23158e+06
2325.68	  1.22986e+06
2326.78	  1.22815e+06
2327.88	  1.22644e+06
2328.97	  1.22473e+06
2330.07	  1.22302e+06
2331.18	  1.22132e+06
2332.28	  1.21961e+06
2333.38	  1.21791e+06
2334.47	  1.21622e+06
2335.57	  1.21452e+06
2336.68	  1.21283e+06
2337.78	  1.21114e+06
2338.88	  1.20945e+06
2339.97	  1.20777e+06
2341.07	  1.20609e+06
2342.18	  1.20441e+06
2343.28	  1.20273e+06
2344.38	  1.20105e+06
2345.47	  1.19938e+06
2346.57	  1.19771e+06
2347.68	  1.19604e+06
2348.78	  1.19438e+06
2349.88	  1.19271e+06
2350.97	  1.19105e+06
2352.07	  1.1894e+06
2353.18	  1.18774e+06
2354.28	  1.18609e+06
2355.38	  1.18443e+06
2356.47	  1.18279e+06
2357.57	  1.18114e+06
2358.68	  1.1795e+06
2359.78	  1.17785e+06
2360.88	  1.17622e+06
2361.97	  1.17458e+06
2363.07	  1.17294e+06
2364.18	  1.17131e+06
2365.28	  1.16968e+06
2366.38	  1.16806e+06
2367.47	  1.16643e+06
2368.57	  1.16481e+06
2369.68	  1.16319e+06
2370.78	  1.16157e+06
2371.88	  1.15996e+06
2372.97	  1.15834e+06
2374.07	  1.15673e+06
2375.18	  1.15512e+06
2376.28	  1.15352e+06
2377.38	  1.15191e+06
2378.47	  1.15031e+06
2379.57	  1.14871e+06
2380.68	  1.14712e+06
2381.78	  1.14552e+06
2382.88	  1.14393e+06
2383.97	  1.14234e+06
2385.07	  1.14075e+06
2386.18	  1.13917e+06
2387.28	  1.13759e+06
2388.38	  1.13601e+06
2389.47	  1.13443e+06
2390.57	  1.13285e+06
2391.68	  1.13128e+06
2392.78	  1.12971e+06
2393.88	  1.12814e+06
2394.97	  1.12657e+06
2396.07	  1.12501e+06
2397.18	  1.12344e+06
2398.28	  1.12188e+06
2399.38	  1.12033e+06
2400.47	  1.11877e+06
2401.57	  1.11722e+06
2402.68	  1.11567e+06
2403.78	  1.11412e+06
2404.88	  1.11257e+06
2405.97	  1.11103e+06
2407.07	  1.10949e+06
2408.18	  1.10795e+06
2409.28	  1.10641e+06
2410.38	  1.10488e+06
2411.47	  1.10334e+06
2412.57	  1.10181e+06
2413.68	  1.10029e+06
2414.78	  1.09876e+06
2415.88	  1.09724e+06
2416.97	  1.09571e+06
2418.07	  1.0942e+06
2419.18	  1.09268e+06
2420.28	  1.09116e+06
2421.38	  1.08965e+06
2422.47	  1.08814e+06
2423.57	  1.08663e+06
2424.68	  1.08513e+06
2425.78	  1.08362e+06
2426.88	  1.08212e+06
2427.97	  1.08062e+06
2429.07	  1.07913e+06
2430.18	  1.07763e+06
2431.28	  1.07614e+06
2432.38	  1.07465e+06
2433.47	  1.07316e+06
2434.57	  1.07167e+06
2435.68	  1.07019e+06
2436.78	  1.06871e+06
2437.88	  1.06723e+06
2438.97	  1.06575e+06
2440.07	  1.06428e+06
2441.18	  1.0628e+06
2442.28	  1.06133e+06
2443.38	  1.05986e+06
2444.47	  1.0584e+06
2445.57	  1.05693e+06
2446.68	  1.05547e+06
2447.78	  1.05401e+06
2448.88	  1.05255e+06
2449.97	  1.0511e+06
2451.07	  1.04964e+06
2452.18	  1.04819e+06
2453.28	  1.04674e+06
2454.38	  1.04529e+06
2455.47	  1.04385e+06
2456.57	  1.04241e+06
2457.68	  1.04096e+06
2458.78	  1.03953e+06
2459.88	  1.03809e+06
2460.97	  1.03665e+06
2462.07	  1.03522e+06
2463.18	  1.03379e+06
2464.28	  1.03236e+06
2465.38	  1.03094e+06
2466.47	  1.02951e+06
2467.57	  1.02809e+06
2468.68	  1.02667e+06
2469.78	  1.02525e+06
2470.88	  1.02384e+06
2471.97	  1.02243e+06
2473.07	  1.02101e+06
2474.18	  1.0196e+06
2475.28	  1.0182e+06
2476.38	  1.01679e+06
2477.47	  1.01539e+06
