Emission arising from a slab of Hydrogen (both H and H-).
   
Parameters of the slab:
n_e = 1e+14 cm-3
T_e = 5500 K
tau(lambda=300 nm) = 0.01
L = 23600.1 cm
   
Wavelength (nm), Emission (erg s-1 cm-2 nm-1 sr-1)
50	  7.33105e-09
91.2	  0.00214868
120	  1.18154
150	  17987.1
175	  115312
200	  439390
225	  1.15179e+06
250	  2.35992e+06
270	  3.68069e+06
290	  5.25921e+06
300	  6.11956e+06
305	  6.56241e+06
310	  7.01171e+06
315	  7.46595e+06
320	  7.92365e+06
322.5	  8.15334e+06
325	  8.38335e+06
327	  8.56748e+06
329	  8.75161e+06
329.999	  8.84355e+06
330.266	  8.86812e+06
330.533	  8.89269e+06
330.8	  8.91726e+06
331.067	  8.94182e+06
331.334	  8.96638e+06
331.601	  8.99093e+06
331.868	  9.01548e+06
332.135	  9.04003e+06
332.402	  9.06458e+06
332.669	  9.08912e+06
332.936	  9.11366e+06
333.203	  9.13819e+06
333.47	  9.16272e+06
333.737	  9.18724e+06
334.004	  9.21176e+06
334.271	  9.23627e+06
334.538	  9.26078e+06
334.805	  9.28528e+06
335.072	  9.30977e+06
335.339	  9.33426e+06
335.606	  9.35875e+06
335.873	  9.38322e+06
336.14	  9.40769e+06
336.407	  9.43216e+06
336.674	  9.45661e+06
336.941	  9.48106e+06
337.208	  9.50551e+06
337.475	  9.52994e+06
337.742	  9.55437e+06
338.009	  9.57878e+06
338.276	  9.6032e+06
338.543	  9.6276e+06
338.81	  9.65199e+06
339.077	  9.67638e+06
339.344	  9.70075e+06
339.611	  9.72512e+06
339.878	  9.74948e+06
340.145	  9.77383e+06
340.412	  9.79816e+06
340.679	  9.82249e+06
340.946	  9.84681e+06
341.213	  9.87112e+06
341.48	  9.89542e+06
341.747	  9.91971e+06
342.014	  9.94398e+06
342.281	  9.96825e+06
342.548	  9.99251e+06
342.815	  1.00168e+07
343.082	  1.0041e+07
343.349	  1.00652e+07
343.616	  1.00894e+07
343.883	  1.01136e+07
344.15	  1.01378e+07
344.417	  1.0162e+07
344.684	  1.01861e+07
344.951	  1.02103e+07
345.218	  1.02344e+07
345.485	  1.02585e+07
345.752	  1.02826e+07
346.019	  1.03067e+07
346.286	  1.03308e+07
346.553	  1.03549e+07
346.82	  1.03789e+07
347.087	  1.0403e+07
347.354	  1.0427e+07
347.621	  1.0451e+07
347.888	  1.0475e+07
348.155	  1.0499e+07
348.422	  1.0523e+07
348.689	  1.05469e+07
348.956	  1.05708e+07
349.223	  1.05948e+07
349.49	  1.06187e+07
349.757	  1.06426e+07
350.024	  1.06664e+07
350.291	  1.06903e+07
350.558	  1.07141e+07
350.825	  1.0738e+07
351.092	  1.07618e+07
351.359	  1.07856e+07
351.626	  1.08093e+07
351.893	  1.08331e+07
352.16	  1.08568e+07
352.427	  1.08806e+07
352.694	  1.09043e+07
352.961	  1.09279e+07
353.228	  1.09516e+07
353.495	  1.09753e+07
353.762	  1.09989e+07
354.029	  1.10225e+07
354.296	  1.10461e+07
354.563	  1.10697e+07
354.83	  1.10933e+07
355.097	  1.11168e+07
355.364	  1.11403e+07
355.631	  1.11638e+07
355.898	  1.11873e+07
356.165	  1.12108e+07
356.432	  1.12342e+07
356.699	  1.12576e+07
356.966	  1.1281e+07
357.233	  1.13044e+07
357.5	  1.13278e+07
357.767	  1.13511e+07
358.034	  1.13744e+07
358.301	  1.13978e+07
358.568	  1.1421e+07
358.835	  1.14443e+07
359.102	  1.14675e+07
359.369	  1.14907e+07
359.636	  1.15139e+07
359.903	  1.15371e+07
360.17	  1.15603e+07
360.437	  1.15834e+07
360.704	  1.16065e+07
360.971	  1.16296e+07
361.238	  1.16527e+07
361.505	  1.16757e+07
361.772	  1.16987e+07
362.039	  1.17217e+07
362.306	  1.17447e+07
362.573	  1.17676e+07
363	  1.18043e+07
363.027	  1.18066e+07
363.054	  1.18089e+07
363.08	  1.18112e+07
363.107	  1.18135e+07
363.134	  1.18158e+07
363.16	  1.1818e+07
363.187	  1.18203e+07
363.214	  1.18226e+07
363.24	  1.18249e+07
363.267	  1.18272e+07
363.294	  1.18295e+07
363.321	  1.18318e+07
363.347	  1.18341e+07
363.374	  1.18364e+07
363.401	  1.18386e+07
363.427	  1.18409e+07
363.454	  1.18432e+07
363.481	  1.18455e+07
363.508	  1.18478e+07
363.534	  1.18501e+07
363.561	  1.18524e+07
363.588	  1.18546e+07
363.614	  1.18569e+07
363.641	  1.18592e+07
363.668	  1.18615e+07
363.694	  1.18638e+07
363.721	  1.18661e+07
363.748	  1.18683e+07
363.774	  1.18706e+07
363.801	  1.18729e+07
363.828	  1.18752e+07
363.855	  1.18775e+07
363.881	  1.18798e+07
363.908	  1.1882e+07
363.935	  1.18843e+07
363.961	  1.18866e+07
363.988	  1.18889e+07
364.015	  1.18912e+07
364.041	  1.18935e+07
364.068	  1.18957e+07
364.095	  1.1898e+07
364.122	  1.19003e+07
364.148	  1.19026e+07
364.175	  1.19049e+07
364.202	  1.19071e+07
364.228	  1.19094e+07
364.255	  1.19117e+07
364.282	  1.1914e+07
364.308	  1.19162e+07
364.335	  1.19185e+07
364.362	  1.19208e+07
364.389	  1.19231e+07
364.415	  1.19254e+07
364.442	  1.19276e+07
364.469	  1.19299e+07
364.495	  1.19322e+07
364.522	  1.19347e+07
364.549	  1.1937e+07
364.575	  1.19393e+07
364.602	  1.19416e+07
364.629	  1.19438e+07
364.656	  1.19461e+07
364.682	  1.19484e+07
364.709	  1.19507e+07
364.736	  1.1914e+07
364.762	  1.19162e+07
364.789	  1.19185e+07
364.816	  1.19208e+07
364.842	  1.1923e+07
364.869	  1.19253e+07
364.896	  1.19276e+07
364.923	  1.19298e+07
364.949	  1.19321e+07
364.976	  1.19344e+07
365.003	  1.19366e+07
365.029	  1.19389e+07
365.056	  1.19411e+07
365.083	  1.19434e+07
365.11	  1.19457e+07
365.136	  1.19479e+07
365.163	  1.19502e+07
365.19	  1.19525e+07
365.216	  1.19547e+07
365.243	  1.1957e+07
365.27	  1.19592e+07
365.296	  1.19615e+07
365.323	  1.19638e+07
365.35	  1.1966e+07
365.377	  1.19683e+07
365.403	  1.19705e+07
365.43	  1.19728e+07
365.457	  1.19751e+07
365.483	  1.19773e+07
365.51	  1.19796e+07
365.537	  1.19818e+07
365.563	  1.19841e+07
365.59	  1.19864e+07
365.617	  1.19886e+07
365.643	  1.19909e+07
365.67	  1.19931e+07
365.697	  1.19954e+07
365.724	  1.19976e+07
365.75	  1.19999e+07
365.777	  1.20021e+07
365.804	  1.20044e+07
365.83	  1.20067e+07
365.857	  1.20089e+07
365.884	  1.20112e+07
365.91	  1.20134e+07
365.937	  1.20157e+07
365.964	  1.20179e+07
365.991	  1.20202e+07
365.991	  1.20202e+07
366.258	  1.20427e+07
366.525	  1.20652e+07
366.792	  1.20877e+07
367.059	  1.21101e+07
367.326	  1.21326e+07
367.593	  1.2155e+07
367.86	  1.21774e+07
368.127	  1.21997e+07
368.394	  1.2222e+07
368.661	  1.22443e+07
368.928	  1.22666e+07
369.195	  1.22889e+07
369.462	  1.23111e+07
369.729	  1.23333e+07
369.996	  1.23555e+07
370.263	  1.23776e+07
370.53	  1.23997e+07
370.797	  1.24218e+07
371.064	  1.24439e+07
371.331	  1.24659e+07
371.598	  1.24879e+07
371.865	  1.25099e+07
372.132	  1.25319e+07
372.399	  1.25538e+07
372.666	  1.25757e+07
372.933	  1.25976e+07
373.2	  1.26194e+07
373.467	  1.26412e+07
373.734	  1.2663e+07
374.001	  1.26848e+07
374.268	  1.27065e+07
374.535	  1.27282e+07
374.802	  1.27499e+07
375.069	  1.27716e+07
375.336	  1.27932e+07
375.603	  1.28148e+07
375.87	  1.28363e+07
376.137	  1.28579e+07
376.404	  1.28794e+07
376.671	  1.29009e+07
376.938	  1.29223e+07
377.205	  1.29437e+07
377.472	  1.29651e+07
377.739	  1.29865e+07
378.006	  1.30078e+07
378.273	  1.30291e+07
378.54	  1.30504e+07
378.807	  1.30716e+07
379.074	  1.30928e+07
379.341	  1.3114e+07
379.608	  1.31352e+07
379.875	  1.31563e+07
380.142	  1.31774e+07
380.409	  1.31984e+07
380.676	  1.32195e+07
380.943	  1.32405e+07
381.21	  1.32614e+07
381.477	  1.32824e+07
381.744	  1.33033e+07
382.011	  1.33242e+07
382.278	  1.3345e+07
382.545	  1.33658e+07
382.812	  1.33866e+07
383.079	  1.34073e+07
383.346	  1.34281e+07
383.613	  1.34488e+07
383.88	  1.34694e+07
384.147	  1.349e+07
384.414	  1.35106e+07
384.681	  1.35312e+07
384.948	  1.35517e+07
385.215	  1.35722e+07
385.482	  1.35927e+07
385.749	  1.36131e+07
386.016	  1.36335e+07
386.283	  1.36539e+07
386.55	  1.36742e+07
386.817	  1.36945e+07
387.084	  1.37148e+07
387.351	  1.3735e+07
387.618	  1.37552e+07
387.885	  1.37754e+07
388.152	  1.37955e+07
388.419	  1.38156e+07
388.686	  1.38357e+07
388.953	  1.38558e+07
389.22	  1.38758e+07
389.487	  1.38957e+07
389.754	  1.39157e+07
390.021	  1.39356e+07
390.288	  1.39555e+07
390.555	  1.39753e+07
390.822	  1.39951e+07
391.089	  1.40149e+07
391.356	  1.40346e+07
391.623	  1.40543e+07
391.89	  1.4074e+07
392.157	  1.40936e+07
392.424	  1.41132e+07
392.691	  1.41328e+07
392.958	  1.41523e+07
393.225	  1.41718e+07
393.492	  1.41913e+07
393.759	  1.42107e+07
394.026	  1.42301e+07
394.293	  1.42494e+07
394.56	  1.42688e+07
394.827	  1.42881e+07
395.094	  1.43073e+07
395.361	  1.43265e+07
395.628	  1.43457e+07
395.895	  1.43649e+07
396.162	  1.4384e+07
396.429	  1.44031e+07
396.696	  1.44221e+07
396.963	  1.44411e+07
397.23	  1.44601e+07
397.497	  1.4479e+07
397.764	  1.44979e+07
398.031	  1.45168e+07
398.298	  1.45356e+07
398.565	  1.45544e+07
398.832	  1.45732e+07
399.099	  1.45919e+07
399.366	  1.46106e+07
399.633	  1.46293e+07
399.9	  1.46479e+07
400.167	  1.46665e+07
400.434	  1.4685e+07
400.701	  1.47035e+07
400.968	  1.4722e+07
401.235	  1.47404e+07
401.502	  1.47588e+07
401.769	  1.47772e+07
402.036	  1.47955e+07
402.303	  1.48138e+07
402.57	  1.48321e+07
402.837	  1.48503e+07
403.104	  1.48685e+07
403.371	  1.48866e+07
403.638	  1.49047e+07
403.905	  1.49228e+07
404.172	  1.49408e+07
404.439	  1.49588e+07
404.706	  1.49768e+07
404.973	  1.49947e+07
405.24	  1.50126e+07
405.507	  1.50305e+07
405.774	  1.50483e+07
406.041	  1.5066e+07
406.308	  1.50838e+07
406.575	  1.51015e+07
406.842	  1.51192e+07
407.109	  1.51368e+07
407.376	  1.51544e+07
407.643	  1.51719e+07
407.91	  1.51894e+07
408.177	  1.52069e+07
408.444	  1.52244e+07
408.711	  1.52418e+07
408.978	  1.52591e+07
409.245	  1.52765e+07
409.512	  1.52938e+07
409.779	  1.5311e+07
410.046	  1.53282e+07
410.313	  1.53454e+07
410.58	  1.53625e+07
410.847	  1.53797e+07
411.114	  1.53967e+07
411.381	  1.54137e+07
411.648	  1.54307e+07
411.915	  1.54477e+07
412.182	  1.54646e+07
412.449	  1.54815e+07
412.716	  1.54983e+07
412.983	  1.55151e+07
413.25	  1.55319e+07
413.517	  1.55486e+07
413.784	  1.55653e+07
414.051	  1.55819e+07
414.318	  1.55985e+07
414.585	  1.56151e+07
414.852	  1.56317e+07
415.119	  1.56481e+07
415.386	  1.56646e+07
415.653	  1.5681e+07
415.92	  1.56974e+07
416.187	  1.57137e+07
416.454	  1.573e+07
416.721	  1.57463e+07
416.988	  1.57625e+07
417.255	  1.57787e+07
417.522	  1.57949e+07
417.789	  1.5811e+07
418.056	  1.58271e+07
418.323	  1.58431e+07
418.59	  1.58591e+07
418.857	  1.5875e+07
419.124	  1.5891e+07
419.391	  1.59068e+07
419.658	  1.59227e+07
419.925	  1.59385e+07
420.192	  1.59543e+07
420.459	  1.597e+07
420.726	  1.59857e+07
420.993	  1.60013e+07
421.26	  1.60169e+07
421.527	  1.60325e+07
421.794	  1.6048e+07
422.061	  1.60635e+07
422.328	  1.6079e+07
422.595	  1.60944e+07
422.862	  1.61098e+07
423.129	  1.61251e+07
423.396	  1.61404e+07
423.663	  1.61557e+07
423.93	  1.61709e+07
424.197	  1.61861e+07
424.464	  1.62012e+07
424.731	  1.62163e+07
424.998	  1.62314e+07
425.265	  1.62464e+07
425.532	  1.62614e+07
425.799	  1.62763e+07
426.066	  1.62912e+07
426.333	  1.63061e+07
426.6	  1.63209e+07
426.867	  1.63357e+07
427.134	  1.63505e+07
427.401	  1.63652e+07
427.668	  1.63799e+07
427.935	  1.63945e+07
428.202	  1.64091e+07
428.469	  1.64236e+07
428.736	  1.64382e+07
429.003	  1.64526e+07
429.27	  1.64671e+07
429.537	  1.64815e+07
429.804	  1.64958e+07
430.071	  1.65102e+07
430.338	  1.65244e+07
430.605	  1.65387e+07
430.872	  1.65529e+07
431.139	  1.65671e+07
431.406	  1.65812e+07
431.673	  1.65953e+07
431.94	  1.66093e+07
432.207	  1.66233e+07
432.474	  1.66373e+07
432.741	  1.66512e+07
433.008	  1.66651e+07
433.275	  1.6679e+07
433.542	  1.66928e+07
433.809	  1.67066e+07
434.076	  1.67203e+07
434.343	  1.6734e+07
434.61	  1.67476e+07
434.877	  1.67613e+07
435.144	  1.67748e+07
435.411	  1.67884e+07
435.678	  1.68019e+07
435.945	  1.68153e+07
436.212	  1.68288e+07
436.479	  1.68421e+07
436.746	  1.68555e+07
437.013	  1.68688e+07
437.28	  1.6882e+07
437.547	  1.68953e+07
437.814	  1.69085e+07
438.081	  1.69216e+07
438.348	  1.69347e+07
438.615	  1.69478e+07
438.882	  1.69608e+07
439.149	  1.69738e+07
439.416	  1.69868e+07
439.683	  1.69997e+07
439.95	  1.70125e+07
440.217	  1.70254e+07
440.484	  1.70382e+07
440.751	  1.70509e+07
441.018	  1.70636e+07
441.285	  1.70763e+07
441.552	  1.7089e+07
441.819	  1.71016e+07
442.086	  1.71141e+07
442.353	  1.71266e+07
442.62	  1.71391e+07
442.887	  1.71516e+07
443.154	  1.7164e+07
443.421	  1.71763e+07
443.688	  1.71887e+07
443.955	  1.72009e+07
444.222	  1.72132e+07
444.489	  1.72254e+07
444.756	  1.72376e+07
445.023	  1.72497e+07
445.29	  1.72618e+07
445.557	  1.72739e+07
445.824	  1.72859e+07
446.091	  1.72978e+07
446.358	  1.73098e+07
446.625	  1.73217e+07
446.892	  1.73335e+07
447.159	  1.73454e+07
447.426	  1.73571e+07
447.693	  1.73689e+07
447.96	  1.73806e+07
448.227	  1.73923e+07
448.494	  1.74039e+07
448.761	  1.74155e+07
449.028	  1.7427e+07
449.295	  1.74385e+07
449.562	  1.745e+07
449.829	  1.74614e+07
450.096	  1.74728e+07
450.363	  1.74842e+07
450.63	  1.74955e+07
450.897	  1.75068e+07
451.164	  1.7518e+07
451.431	  1.75292e+07
451.698	  1.75404e+07
451.965	  1.75515e+07
452.232	  1.75626e+07
452.499	  1.75737e+07
452.766	  1.75847e+07
453.033	  1.75956e+07
453.3	  1.76066e+07
453.567	  1.76175e+07
453.834	  1.76283e+07
454.101	  1.76391e+07
454.368	  1.76499e+07
454.635	  1.76607e+07
454.902	  1.76714e+07
455.169	  1.7682e+07
455.436	  1.76927e+07
455.703	  1.77032e+07
455.97	  1.77138e+07
456.237	  1.77243e+07
456.504	  1.77348e+07
456.771	  1.77452e+07
457.038	  1.77556e+07
457.305	  1.7766e+07
457.572	  1.77763e+07
457.839	  1.77866e+07
458.106	  1.77968e+07
458.373	  1.7807e+07
458.64	  1.78172e+07
458.907	  1.78273e+07
459.174	  1.78374e+07
459.441	  1.78475e+07
459.708	  1.78575e+07
459.975	  1.78675e+07
460.242	  1.78774e+07
460.509	  1.78873e+07
460.776	  1.78972e+07
461.043	  1.7907e+07
461.31	  1.79168e+07
461.577	  1.79266e+07
461.844	  1.79363e+07
462.111	  1.7946e+07
462.378	  1.79556e+07
462.645	  1.79652e+07
462.912	  1.79748e+07
463.179	  1.79843e+07
463.446	  1.79938e+07
463.713	  1.80033e+07
463.98	  1.80127e+07
464.247	  1.80221e+07
464.514	  1.80314e+07
464.781	  1.80407e+07
465.048	  1.805e+07
465.315	  1.80592e+07
465.582	  1.80684e+07
465.849	  1.80776e+07
466.116	  1.80867e+07
466.383	  1.80958e+07
466.65	  1.81048e+07
466.917	  1.81138e+07
467.184	  1.81228e+07
467.451	  1.81317e+07
467.718	  1.81406e+07
467.985	  1.81495e+07
468.252	  1.81583e+07
468.519	  1.81671e+07
468.786	  1.81758e+07
469.053	  1.81845e+07
469.32	  1.81932e+07
469.587	  1.82019e+07
469.854	  1.82105e+07
470.121	  1.8219e+07
470.388	  1.82276e+07
470.655	  1.82361e+07
470.922	  1.82445e+07
471.189	  1.82529e+07
471.456	  1.82613e+07
471.723	  1.82697e+07
471.99	  1.8278e+07
472.257	  1.82862e+07
472.524	  1.82945e+07
472.791	  1.83027e+07
473.058	  1.83108e+07
473.325	  1.8319e+07
473.592	  1.83271e+07
473.859	  1.83351e+07
474.126	  1.83431e+07
474.393	  1.83511e+07
474.66	  1.83591e+07
474.927	  1.8367e+07
475.194	  1.83749e+07
475.461	  1.83827e+07
475.728	  1.83905e+07
475.995	  1.83983e+07
476.262	  1.8406e+07
476.529	  1.84137e+07
476.796	  1.84214e+07
477.063	  1.8429e+07
477.33	  1.84366e+07
477.597	  1.84441e+07
477.864	  1.84516e+07
478.131	  1.84591e+07
478.398	  1.84666e+07
478.665	  1.8474e+07
478.932	  1.84814e+07
479.199	  1.84887e+07
479.466	  1.8496e+07
479.733	  1.85033e+07
480	  1.85105e+07
480.267	  1.85177e+07
480.534	  1.85249e+07
480.801	  1.8532e+07
481.068	  1.85391e+07
481.335	  1.85462e+07
481.602	  1.85532e+07
481.869	  1.85602e+07
482.136	  1.85671e+07
482.403	  1.8574e+07
482.67	  1.85809e+07
482.937	  1.85878e+07
483.204	  1.85946e+07
483.471	  1.86014e+07
483.738	  1.86081e+07
484.005	  1.86148e+07
484.272	  1.86215e+07
484.539	  1.86281e+07
484.806	  1.86347e+07
485.073	  1.86413e+07
485.34	  1.86479e+07
485.607	  1.86544e+07
485.874	  1.86608e+07
486.141	  1.86673e+07
486.408	  1.86737e+07
486.675	  1.868e+07
486.942	  1.86864e+07
487.209	  1.86926e+07
487.476	  1.86989e+07
487.743	  1.87051e+07
488.01	  1.87113e+07
488.277	  1.87175e+07
488.544	  1.87236e+07
488.811	  1.87297e+07
489.078	  1.87358e+07
489.345	  1.87418e+07
489.612	  1.87478e+07
489.879	  1.87537e+07
490.146	  1.87597e+07
490.413	  1.87656e+07
490.68	  1.87714e+07
490.947	  1.87772e+07
491.214	  1.8783e+07
491.481	  1.87888e+07
491.748	  1.87945e+07
492.015	  1.88002e+07
492.282	  1.88058e+07
492.549	  1.88115e+07
492.816	  1.8817e+07
493.083	  1.88226e+07
493.35	  1.88281e+07
493.617	  1.88336e+07
493.884	  1.88391e+07
494.151	  1.88445e+07
494.418	  1.88499e+07
494.685	  1.88552e+07
494.952	  1.88606e+07
495.219	  1.88658e+07
495.486	  1.88711e+07
495.753	  1.88763e+07
496.02	  1.88815e+07
496.287	  1.88867e+07
496.554	  1.88918e+07
496.821	  1.88969e+07
497.088	  1.8902e+07
497.355	  1.8907e+07
497.622	  1.8912e+07
497.889	  1.89169e+07
498.156	  1.89219e+07
498.423	  1.89268e+07
498.69	  1.89316e+07
498.957	  1.89365e+07
499.224	  1.89413e+07
499.491	  1.8946e+07
499.758	  1.89508e+07
500.025	  1.89555e+07
500.292	  1.89602e+07
500.559	  1.89648e+07
500.826	  1.89694e+07
501.093	  1.8974e+07
501.36	  1.89785e+07
501.627	  1.89831e+07
501.894	  1.89875e+07
502.161	  1.8992e+07
502.428	  1.89964e+07
502.695	  1.90008e+07
502.962	  1.90051e+07
503.229	  1.90095e+07
503.496	  1.90138e+07
503.763	  1.9018e+07
504.03	  1.90223e+07
504.297	  1.90265e+07
504.564	  1.90306e+07
504.831	  1.90348e+07
505.098	  1.90389e+07
505.365	  1.90429e+07
505.632	  1.9047e+07
505.899	  1.9051e+07
506.166	  1.9055e+07
506.433	  1.90589e+07
506.7	  1.90628e+07
506.967	  1.90667e+07
507.234	  1.90706e+07
507.501	  1.90744e+07
507.768	  1.90782e+07
508.035	  1.9082e+07
508.302	  1.90857e+07
508.569	  1.90894e+07
508.836	  1.90931e+07
509.103	  1.90967e+07
509.37	  1.91003e+07
509.637	  1.91039e+07
509.904	  1.91075e+07
510.171	  1.9111e+07
510.438	  1.91145e+07
510.705	  1.91179e+07
510.972	  1.91214e+07
511.239	  1.91248e+07
511.506	  1.91281e+07
511.773	  1.91315e+07
512.04	  1.91348e+07
512.307	  1.91381e+07
512.574	  1.91413e+07
512.841	  1.91445e+07
513.108	  1.91477e+07
513.375	  1.91509e+07
513.642	  1.9154e+07
513.909	  1.91571e+07
514.176	  1.91602e+07
514.443	  1.91632e+07
514.71	  1.91663e+07
514.977	  1.91692e+07
515.244	  1.91722e+07
515.511	  1.91751e+07
515.778	  1.9178e+07
516.045	  1.91809e+07
516.312	  1.91837e+07
516.579	  1.91865e+07
516.846	  1.91893e+07
517.113	  1.91921e+07
517.38	  1.91948e+07
517.647	  1.91975e+07
517.914	  1.92001e+07
518.181	  1.92028e+07
518.448	  1.92054e+07
518.715	  1.9208e+07
518.982	  1.92105e+07
519.249	  1.9213e+07
519.516	  1.92155e+07
519.783	  1.9218e+07
520.05	  1.92204e+07
520.317	  1.92228e+07
520.584	  1.92252e+07
520.851	  1.92275e+07
521.118	  1.92299e+07
521.385	  1.92322e+07
521.652	  1.92344e+07
521.919	  1.92367e+07
522.186	  1.92389e+07
522.453	  1.9241e+07
522.72	  1.92432e+07
522.987	  1.92453e+07
523.254	  1.92474e+07
523.521	  1.92495e+07
523.788	  1.92515e+07
524.055	  1.92535e+07
524.322	  1.92555e+07
524.589	  1.92575e+07
524.856	  1.92594e+07
525.123	  1.92613e+07
525.39	  1.92632e+07
525.657	  1.9265e+07
525.924	  1.92669e+07
526.191	  1.92686e+07
526.458	  1.92704e+07
526.725	  1.92722e+07
526.992	  1.92739e+07
527.259	  1.92755e+07
527.526	  1.92772e+07
527.793	  1.92788e+07
528.06	  1.92804e+07
528.327	  1.9282e+07
528.594	  1.92836e+07
528.861	  1.92851e+07
529.128	  1.92866e+07
529.395	  1.9288e+07
529.662	  1.92895e+07
529.929	  1.92909e+07
530.196	  1.92923e+07
530.463	  1.92937e+07
530.73	  1.9295e+07
530.997	  1.92963e+07
531.264	  1.92976e+07
531.531	  1.92988e+07
531.798	  1.93001e+07
532.065	  1.93013e+07
532.332	  1.93024e+07
532.599	  1.93036e+07
532.866	  1.93047e+07
533.133	  1.93058e+07
533.4	  1.93069e+07
533.667	  1.93079e+07
533.934	  1.9309e+07
534.201	  1.931e+07
534.468	  1.93109e+07
534.735	  1.93119e+07
535.002	  1.93128e+07
535.269	  1.93137e+07
535.536	  1.93145e+07
535.803	  1.93154e+07
536.07	  1.93162e+07
536.337	  1.9317e+07
536.604	  1.93178e+07
536.871	  1.93185e+07
537.138	  1.93192e+07
537.405	  1.93199e+07
537.672	  1.93206e+07
537.939	  1.93212e+07
538.206	  1.93218e+07
538.473	  1.93224e+07
538.74	  1.9323e+07
539.007	  1.93235e+07
539.274	  1.9324e+07
539.541	  1.93245e+07
539.808	  1.9325e+07
540.075	  1.93254e+07
540.342	  1.93258e+07
540.609	  1.93262e+07
540.876	  1.93266e+07
541.143	  1.93269e+07
541.41	  1.93272e+07
541.677	  1.93275e+07
541.944	  1.93278e+07
542.211	  1.9328e+07
542.478	  1.93282e+07
542.745	  1.93284e+07
543.012	  1.93286e+07
543.279	  1.93288e+07
543.546	  1.93289e+07
543.813	  1.9329e+07
544.08	  1.9329e+07
544.347	  1.93291e+07
544.614	  1.93291e+07
544.881	  1.93291e+07
545.148	  1.93291e+07
545.415	  1.93291e+07
545.682	  1.9329e+07
545.949	  1.93289e+07
546.216	  1.93288e+07
546.483	  1.93286e+07
546.75	  1.93285e+07
547.017	  1.93283e+07
547.284	  1.93281e+07
547.551	  1.93278e+07
547.818	  1.93276e+07
548.085	  1.93273e+07
548.352	  1.9327e+07
548.619	  1.93267e+07
548.886	  1.93263e+07
549.153	  1.93259e+07
549.42	  1.93255e+07
549.687	  1.93251e+07
549.954	  1.93247e+07
550.221	  1.93242e+07
550.488	  1.93237e+07
550.755	  1.93232e+07
551.022	  1.93227e+07
551.289	  1.93221e+07
551.556	  1.93215e+07
551.823	  1.93209e+07
552.09	  1.93203e+07
552.357	  1.93196e+07
552.624	  1.9319e+07
552.891	  1.93183e+07
553.158	  1.93176e+07
553.425	  1.93168e+07
553.692	  1.93161e+07
553.959	  1.93153e+07
554.226	  1.93145e+07
554.493	  1.93137e+07
554.76	  1.93128e+07
555.027	  1.93119e+07
555.294	  1.9311e+07
555.561	  1.93101e+07
555.828	  1.93092e+07
556.095	  1.93082e+07
556.362	  1.93072e+07
556.629	  1.93062e+07
556.896	  1.93052e+07
557.163	  1.93042e+07
557.43	  1.93031e+07
557.697	  1.9302e+07
557.964	  1.93009e+07
558.231	  1.92998e+07
558.498	  1.92986e+07
558.765	  1.92975e+07
559.032	  1.92963e+07
559.299	  1.9295e+07
559.566	  1.92938e+07
560.009	  1.92917e+07
560.296	  1.92903e+07
560.583	  1.92889e+07
560.87	  1.92874e+07
561.157	  1.9286e+07
561.444	  1.92845e+07
561.731	  1.9283e+07
562.018	  1.92814e+07
562.305	  1.92799e+07
562.592	  1.92783e+07
562.879	  1.92767e+07
563.166	  1.9275e+07
563.453	  1.92734e+07
563.74	  1.92717e+07
564.027	  1.927e+07
564.314	  1.92683e+07
564.601	  1.92665e+07
564.888	  1.92648e+07
565.175	  1.9263e+07
565.462	  1.92611e+07
565.749	  1.92593e+07
566.036	  1.92574e+07
566.323	  1.92555e+07
566.61	  1.92536e+07
566.897	  1.92517e+07
567.184	  1.92497e+07
567.471	  1.92477e+07
567.758	  1.92457e+07
568.045	  1.92437e+07
568.332	  1.92416e+07
568.619	  1.92396e+07
568.906	  1.92375e+07
569.193	  1.92353e+07
569.48	  1.92332e+07
569.767	  1.9231e+07
570.054	  1.92289e+07
570.341	  1.92266e+07
570.628	  1.92244e+07
570.915	  1.92222e+07
571.202	  1.92199e+07
571.489	  1.92176e+07
571.776	  1.92153e+07
572.063	  1.92129e+07
572.35	  1.92106e+07
572.637	  1.92082e+07
572.924	  1.92058e+07
573.211	  1.92033e+07
573.498	  1.92009e+07
573.785	  1.91984e+07
574.072	  1.91959e+07
574.359	  1.91934e+07
574.646	  1.91908e+07
574.933	  1.91883e+07
575.22	  1.91857e+07
575.507	  1.91831e+07
575.794	  1.91805e+07
576.081	  1.91778e+07
576.368	  1.91752e+07
576.655	  1.91725e+07
576.942	  1.91698e+07
577.229	  1.9167e+07
577.516	  1.91643e+07
577.803	  1.91615e+07
578.09	  1.91587e+07
578.377	  1.91559e+07
578.664	  1.91531e+07
578.951	  1.91502e+07
579.238	  1.91473e+07
579.525	  1.91444e+07
579.812	  1.91415e+07
580.099	  1.91386e+07
580.386	  1.91356e+07
580.673	  1.91327e+07
580.96	  1.91297e+07
581.247	  1.91266e+07
581.534	  1.91236e+07
581.821	  1.91205e+07
582.108	  1.91175e+07
582.395	  1.91144e+07
582.682	  1.91112e+07
582.969	  1.91081e+07
583.256	  1.91049e+07
583.543	  1.91018e+07
583.83	  1.90986e+07
584.117	  1.90953e+07
584.404	  1.90921e+07
584.691	  1.90888e+07
584.978	  1.90856e+07
585.265	  1.90823e+07
585.552	  1.9079e+07
585.839	  1.90756e+07
586.126	  1.90723e+07
586.413	  1.90689e+07
586.7	  1.90655e+07
586.987	  1.90621e+07
587.274	  1.90587e+07
587.561	  1.90552e+07
587.848	  1.90517e+07
588.135	  1.90482e+07
588.422	  1.90447e+07
588.709	  1.90412e+07
588.996	  1.90377e+07
589.283	  1.90341e+07
589.57	  1.90305e+07
589.857	  1.90269e+07
590.144	  1.90233e+07
590.431	  1.90197e+07
590.718	  1.9016e+07
591.005	  1.90123e+07
591.292	  1.90086e+07
591.579	  1.90049e+07
591.866	  1.90012e+07
592.153	  1.89974e+07
592.44	  1.89937e+07
592.727	  1.89899e+07
593.014	  1.89861e+07
593.301	  1.89823e+07
593.588	  1.89784e+07
593.875	  1.89746e+07
594.162	  1.89707e+07
594.449	  1.89668e+07
594.736	  1.89629e+07
595.023	  1.8959e+07
595.31	  1.8955e+07
595.597	  1.8951e+07
595.884	  1.89471e+07
596.171	  1.89431e+07
596.458	  1.8939e+07
596.745	  1.8935e+07
597.032	  1.8931e+07
597.319	  1.89269e+07
597.606	  1.89228e+07
597.893	  1.89187e+07
598.18	  1.89146e+07
598.467	  1.89104e+07
598.754	  1.89063e+07
599.041	  1.89021e+07
599.328	  1.88979e+07
599.615	  1.88937e+07
599.902	  1.88895e+07
600.189	  1.88853e+07
600.476	  1.8881e+07
600.763	  1.88767e+07
601.05	  1.88724e+07
601.337	  1.88681e+07
601.624	  1.88638e+07
601.911	  1.88595e+07
602.198	  1.88551e+07
602.485	  1.88507e+07
602.772	  1.88464e+07
603.059	  1.8842e+07
603.346	  1.88375e+07
603.633	  1.88331e+07
603.92	  1.88286e+07
604.207	  1.88242e+07
604.494	  1.88197e+07
604.781	  1.88152e+07
605.068	  1.88107e+07
605.355	  1.88061e+07
605.642	  1.88016e+07
605.929	  1.8797e+07
606.216	  1.87924e+07
606.503	  1.87878e+07
606.79	  1.87832e+07
607.077	  1.87786e+07
607.364	  1.8774e+07
607.651	  1.87693e+07
607.938	  1.87646e+07
608.225	  1.87599e+07
608.512	  1.87552e+07
608.799	  1.87505e+07
609.086	  1.87458e+07
609.373	  1.8741e+07
609.66	  1.87362e+07
609.947	  1.87315e+07
610.234	  1.87267e+07
610.521	  1.87219e+07
610.808	  1.8717e+07
611.095	  1.87122e+07
611.382	  1.87073e+07
611.669	  1.87025e+07
611.956	  1.86976e+07
612.243	  1.86927e+07
612.53	  1.86878e+07
612.817	  1.86828e+07
613.104	  1.86779e+07
613.391	  1.86729e+07
613.678	  1.86679e+07
613.965	  1.86629e+07
614.252	  1.86579e+07
614.539	  1.86529e+07
614.826	  1.86479e+07
615.113	  1.86428e+07
615.4	  1.86378e+07
615.687	  1.86327e+07
615.974	  1.86276e+07
616.261	  1.86225e+07
616.548	  1.86174e+07
616.835	  1.86123e+07
617.122	  1.86071e+07
617.409	  1.8602e+07
617.696	  1.85968e+07
617.983	  1.85916e+07
618.27	  1.85864e+07
618.557	  1.85812e+07
618.844	  1.85759e+07
619.131	  1.85707e+07
619.418	  1.85654e+07
619.705	  1.85602e+07
619.992	  1.85549e+07
620.279	  1.85496e+07
620.566	  1.85443e+07
620.853	  1.8539e+07
621.14	  1.85336e+07
621.427	  1.85283e+07
621.714	  1.85229e+07
622.001	  1.85175e+07
622.288	  1.85121e+07
622.575	  1.85067e+07
622.862	  1.85013e+07
623.149	  1.84959e+07
623.436	  1.84904e+07
623.723	  1.8485e+07
624.01	  1.84795e+07
624.297	  1.8474e+07
624.584	  1.84685e+07
624.871	  1.8463e+07
625.158	  1.84575e+07
625.445	  1.8452e+07
625.732	  1.84464e+07
626.019	  1.84409e+07
626.306	  1.84353e+07
626.593	  1.84297e+07
626.88	  1.84241e+07
627.167	  1.84185e+07
627.454	  1.84129e+07
627.741	  1.84072e+07
628.028	  1.84016e+07
628.315	  1.83959e+07
628.602	  1.83903e+07
628.889	  1.83846e+07
629.176	  1.83789e+07
629.463	  1.83732e+07
629.75	  1.83675e+07
630.037	  1.83617e+07
630.324	  1.8356e+07
630.611	  1.83502e+07
630.898	  1.83445e+07
631.185	  1.83387e+07
631.472	  1.83329e+07
631.759	  1.83271e+07
632.046	  1.83213e+07
632.333	  1.83154e+07
632.62	  1.83096e+07
632.907	  1.83037e+07
633.194	  1.82979e+07
633.481	  1.8292e+07
633.768	  1.82861e+07
634.055	  1.82802e+07
634.342	  1.82743e+07
634.629	  1.82684e+07
634.916	  1.82625e+07
635.203	  1.82565e+07
635.49	  1.82506e+07
635.777	  1.82446e+07
636.064	  1.82386e+07
636.351	  1.82326e+07
636.638	  1.82266e+07
636.925	  1.82206e+07
637.212	  1.82146e+07
637.499	  1.82086e+07
637.786	  1.82025e+07
638.073	  1.81965e+07
638.36	  1.81904e+07
638.647	  1.81843e+07
638.934	  1.81783e+07
639.221	  1.81722e+07
639.508	  1.81661e+07
639.795	  1.81599e+07
640.082	  1.81538e+07
640.369	  1.81477e+07
640.656	  1.81415e+07
640.943	  1.81354e+07
641.23	  1.81292e+07
641.517	  1.8123e+07
641.804	  1.81168e+07
642.091	  1.81106e+07
642.378	  1.81044e+07
642.665	  1.80982e+07
642.952	  1.80919e+07
643.239	  1.80857e+07
643.526	  1.80794e+07
643.813	  1.80732e+07
644.1	  1.80669e+07
644.387	  1.80606e+07
644.674	  1.80543e+07
644.961	  1.8048e+07
645.248	  1.80417e+07
645.535	  1.80354e+07
645.822	  1.8029e+07
646.109	  1.80227e+07
646.396	  1.80164e+07
646.683	  1.801e+07
646.97	  1.80036e+07
647.257	  1.79972e+07
647.544	  1.79908e+07
647.831	  1.79844e+07
648.118	  1.7978e+07
648.405	  1.79716e+07
648.692	  1.79652e+07
648.979	  1.79587e+07
649.266	  1.79523e+07
649.553	  1.79458e+07
649.84	  1.79394e+07
650.127	  1.79329e+07
650.414	  1.79264e+07
650.701	  1.79199e+07
650.988	  1.79134e+07
651.275	  1.79069e+07
651.562	  1.79003e+07
651.849	  1.78938e+07
652.136	  1.78873e+07
652.423	  1.78807e+07
652.71	  1.78742e+07
652.997	  1.78676e+07
653.284	  1.7861e+07
653.571	  1.78544e+07
653.858	  1.78478e+07
654.145	  1.78412e+07
654.432	  1.78346e+07
654.719	  1.7828e+07
655.006	  1.78214e+07
655.293	  1.78147e+07
655.58	  1.78081e+07
655.867	  1.78014e+07
656.154	  1.77947e+07
656.441	  1.77881e+07
656.728	  1.77814e+07
657.015	  1.77747e+07
657.302	  1.7768e+07
657.589	  1.77613e+07
657.876	  1.77546e+07
658.163	  1.77478e+07
658.45	  1.77411e+07
658.737	  1.77344e+07
659.024	  1.77276e+07
659.311	  1.77209e+07
659.598	  1.77141e+07
659.885	  1.77073e+07
660.172	  1.77005e+07
660.459	  1.76937e+07
660.746	  1.76869e+07
661.033	  1.76801e+07
661.32	  1.76733e+07
661.607	  1.76665e+07
661.894	  1.76597e+07
662.181	  1.76528e+07
662.468	  1.7646e+07
662.755	  1.76391e+07
663.042	  1.76323e+07
663.329	  1.76254e+07
663.616	  1.76185e+07
663.903	  1.76116e+07
664.19	  1.76047e+07
664.477	  1.75978e+07
664.764	  1.75909e+07
665.051	  1.7584e+07
665.338	  1.75771e+07
665.625	  1.75702e+07
665.912	  1.75632e+07
666.199	  1.75563e+07
666.486	  1.75493e+07
666.773	  1.75424e+07
667.06	  1.75354e+07
667.347	  1.75284e+07
667.634	  1.75214e+07
667.921	  1.75145e+07
668.208	  1.75075e+07
668.495	  1.75005e+07
668.782	  1.74935e+07
669.069	  1.74864e+07
669.356	  1.74794e+07
669.643	  1.74724e+07
669.93	  1.74653e+07
670.217	  1.74583e+07
670.504	  1.74512e+07
670.791	  1.74442e+07
671.078	  1.74371e+07
671.365	  1.743e+07
671.652	  1.7423e+07
671.939	  1.74159e+07
672.226	  1.74088e+07
672.513	  1.74017e+07
672.8	  1.73946e+07
673.087	  1.73875e+07
673.374	  1.73803e+07
673.661	  1.73732e+07
673.948	  1.73661e+07
674.235	  1.73589e+07
674.522	  1.73518e+07
674.809	  1.73446e+07
675.096	  1.73375e+07
675.383	  1.73303e+07
675.67	  1.73231e+07
675.957	  1.7316e+07
676.244	  1.73088e+07
676.531	  1.73016e+07
676.818	  1.72944e+07
677.105	  1.72872e+07
677.392	  1.728e+07
677.679	  1.72728e+07
677.966	  1.72655e+07
678.253	  1.72583e+07
678.54	  1.72511e+07
678.827	  1.72438e+07
679.114	  1.72366e+07
679.401	  1.72293e+07
679.688	  1.72221e+07
679.975	  1.72148e+07
680.262	  1.72075e+07
680.549	  1.72003e+07
680.836	  1.7193e+07
681.123	  1.71857e+07
681.41	  1.71784e+07
681.697	  1.71711e+07
681.984	  1.71638e+07
682.271	  1.71565e+07
682.558	  1.71492e+07
682.845	  1.71418e+07
683.132	  1.71345e+07
683.419	  1.71272e+07
683.706	  1.71198e+07
683.993	  1.71125e+07
684.28	  1.71051e+07
684.567	  1.70978e+07
684.854	  1.70904e+07
685.141	  1.7083e+07
685.428	  1.70757e+07
685.715	  1.70683e+07
686.002	  1.70609e+07
686.289	  1.70535e+07
686.576	  1.70461e+07
686.863	  1.70387e+07
687.15	  1.70313e+07
687.437	  1.70239e+07
687.724	  1.70165e+07
688.011	  1.70091e+07
688.298	  1.70017e+07
688.585	  1.69942e+07
688.872	  1.69868e+07
689.159	  1.69794e+07
689.446	  1.69719e+07
689.733	  1.69645e+07
690.02	  1.6957e+07
690.307	  1.69495e+07
690.594	  1.69421e+07
690.881	  1.69346e+07
691.168	  1.69271e+07
691.455	  1.69197e+07
691.742	  1.69122e+07
692.029	  1.69047e+07
692.316	  1.68972e+07
692.603	  1.68897e+07
692.89	  1.68822e+07
693.177	  1.68747e+07
693.464	  1.68672e+07
693.751	  1.68596e+07
694.038	  1.68521e+07
694.325	  1.68446e+07
694.612	  1.68371e+07
694.899	  1.68295e+07
695.186	  1.6822e+07
695.473	  1.68144e+07
695.76	  1.68069e+07
696.047	  1.67993e+07
696.334	  1.67918e+07
696.621	  1.67842e+07
696.908	  1.67766e+07
697.195	  1.67691e+07
697.482	  1.67615e+07
697.769	  1.67539e+07
698.056	  1.67463e+07
698.343	  1.67387e+07
698.63	  1.67312e+07
698.917	  1.67236e+07
699.204	  1.6716e+07
699.491	  1.67084e+07
699.778	  1.67007e+07
700.065	  1.66931e+07
700.352	  1.66855e+07
700.639	  1.66779e+07
700.926	  1.66703e+07
701.213	  1.66626e+07
701.5	  1.6655e+07
701.787	  1.66474e+07
702.074	  1.66397e+07
702.361	  1.66321e+07
702.648	  1.66244e+07
702.935	  1.66168e+07
703.222	  1.66091e+07
703.509	  1.66015e+07
703.796	  1.65938e+07
704.083	  1.65861e+07
704.37	  1.65785e+07
704.657	  1.65708e+07
704.944	  1.65631e+07
705.231	  1.65554e+07
705.518	  1.65477e+07
705.805	  1.654e+07
706.092	  1.65324e+07
706.379	  1.65247e+07
706.666	  1.6517e+07
706.953	  1.65093e+07
707.24	  1.65015e+07
707.527	  1.64938e+07
707.814	  1.64861e+07
708.101	  1.64784e+07
708.388	  1.64707e+07
708.675	  1.6463e+07
708.962	  1.64552e+07
709.249	  1.64475e+07
709.536	  1.64398e+07
709.823	  1.6432e+07
710.11	  1.64243e+07
710.397	  1.64165e+07
710.684	  1.64088e+07
710.971	  1.6401e+07
711.258	  1.63933e+07
711.545	  1.63855e+07
711.832	  1.63778e+07
712.119	  1.637e+07
712.406	  1.63622e+07
712.693	  1.63545e+07
712.98	  1.63467e+07
713.267	  1.63389e+07
713.554	  1.63311e+07
713.841	  1.63234e+07
714.128	  1.63156e+07
714.415	  1.63078e+07
714.702	  1.63e+07
714.989	  1.62922e+07
715.276	  1.62844e+07
715.563	  1.62766e+07
715.85	  1.62688e+07
716.137	  1.6261e+07
716.424	  1.62532e+07
716.711	  1.62454e+07
716.998	  1.62376e+07
717.285	  1.62298e+07
717.572	  1.62219e+07
717.859	  1.62141e+07
718.146	  1.62063e+07
718.433	  1.61985e+07
718.72	  1.61906e+07
719.007	  1.61828e+07
719.294	  1.6175e+07
719.581	  1.61671e+07
719.868	  1.61593e+07
720.155	  1.61515e+07
720.442	  1.61436e+07
720.729	  1.61358e+07
721.016	  1.61279e+07
721.303	  1.61201e+07
721.59	  1.61122e+07
721.877	  1.61044e+07
722.164	  1.60965e+07
722.451	  1.60886e+07
722.738	  1.60808e+07
723.025	  1.60729e+07
723.312	  1.60651e+07
723.599	  1.60572e+07
723.886	  1.60493e+07
724.173	  1.60414e+07
724.46	  1.60336e+07
724.747	  1.60257e+07
725.034	  1.60178e+07
725.321	  1.60099e+07
725.608	  1.6002e+07
725.895	  1.59941e+07
726.182	  1.59863e+07
726.469	  1.59784e+07
726.756	  1.59705e+07
727.043	  1.59626e+07
727.33	  1.59547e+07
727.617	  1.59468e+07
727.904	  1.59389e+07
728.191	  1.5931e+07
728.478	  1.59231e+07
728.765	  1.59152e+07
729.052	  1.59073e+07
729.339	  1.58993e+07
729.626	  1.58914e+07
729.913	  1.58835e+07
730.2	  1.58756e+07
730.487	  1.58677e+07
730.774	  1.58598e+07
731.061	  1.58518e+07
731.348	  1.58439e+07
731.635	  1.5836e+07
731.922	  1.58281e+07
732.209	  1.58201e+07
732.496	  1.58122e+07
732.783	  1.58043e+07
733.07	  1.57963e+07
733.357	  1.57884e+07
733.644	  1.57805e+07
733.931	  1.57725e+07
734.218	  1.57646e+07
734.505	  1.57566e+07
734.792	  1.57487e+07
735.079	  1.57408e+07
735.366	  1.57328e+07
735.653	  1.57249e+07
735.94	  1.57169e+07
736.227	  1.5709e+07
736.514	  1.5701e+07
736.801	  1.56931e+07
737.088	  1.56851e+07
737.375	  1.56772e+07
737.662	  1.56692e+07
737.949	  1.56612e+07
738.236	  1.56533e+07
738.523	  1.56453e+07
738.81	  1.56374e+07
739.097	  1.56294e+07
739.384	  1.56214e+07
739.671	  1.56135e+07
739.958	  1.56055e+07
740.245	  1.55975e+07
740.532	  1.55895e+07
740.819	  1.55816e+07
741.106	  1.55736e+07
741.393	  1.55656e+07
741.68	  1.55577e+07
741.967	  1.55497e+07
742.254	  1.55417e+07
742.541	  1.55337e+07
742.828	  1.55258e+07
743.115	  1.55178e+07
743.402	  1.55098e+07
743.689	  1.55018e+07
743.976	  1.54938e+07
744.263	  1.54858e+07
744.55	  1.54779e+07
744.837	  1.54699e+07
745.124	  1.54619e+07
745.411	  1.54539e+07
745.698	  1.54459e+07
745.985	  1.54379e+07
746.272	  1.54299e+07
746.559	  1.54219e+07
746.846	  1.54139e+07
747.133	  1.5406e+07
747.42	  1.5398e+07
747.707	  1.539e+07
747.994	  1.5382e+07
748.281	  1.5374e+07
748.568	  1.5366e+07
748.855	  1.5358e+07
749.142	  1.535e+07
749.429	  1.5342e+07
749.716	  1.5334e+07
750.003	  1.5326e+07
750.29	  1.5318e+07
750.577	  1.531e+07
750.864	  1.5302e+07
751.151	  1.5294e+07
751.438	  1.5286e+07
751.725	  1.5278e+07
752.012	  1.527e+07
752.299	  1.5262e+07
752.586	  1.5254e+07
752.873	  1.5246e+07
753.16	  1.5238e+07
753.447	  1.523e+07
753.734	  1.52219e+07
754.021	  1.52139e+07
754.308	  1.52059e+07
754.595	  1.51979e+07
754.882	  1.51899e+07
755.169	  1.51819e+07
755.456	  1.51739e+07
755.743	  1.51659e+07
756.03	  1.51579e+07
756.317	  1.51499e+07
756.604	  1.51419e+07
756.891	  1.51339e+07
757.178	  1.51258e+07
757.465	  1.51178e+07
757.752	  1.51098e+07
758.039	  1.51018e+07
758.326	  1.50938e+07
758.613	  1.50858e+07
758.9	  1.50778e+07
759.187	  1.50698e+07
759.474	  1.50618e+07
759.761	  1.50537e+07
760.048	  1.50457e+07
760.335	  1.50377e+07
760.622	  1.50297e+07
760.909	  1.50217e+07
761.196	  1.50137e+07
761.483	  1.50057e+07
761.77	  1.49976e+07
762.057	  1.49896e+07
762.344	  1.49816e+07
762.631	  1.49736e+07
762.918	  1.49656e+07
763.205	  1.49576e+07
763.492	  1.49496e+07
763.779	  1.49416e+07
764.066	  1.49335e+07
764.353	  1.49255e+07
764.64	  1.49175e+07
764.927	  1.49095e+07
765.214	  1.49015e+07
765.501	  1.48935e+07
765.788	  1.48855e+07
766.075	  1.48775e+07
766.362	  1.48694e+07
766.649	  1.48614e+07
766.936	  1.48534e+07
767.223	  1.48454e+07
767.51	  1.48374e+07
767.797	  1.48294e+07
768.084	  1.48214e+07
768.371	  1.48134e+07
768.658	  1.48054e+07
768.945	  1.47974e+07
769.232	  1.47893e+07
769.519	  1.47813e+07
769.806	  1.47733e+07
770.093	  1.47653e+07
770.38	  1.47573e+07
770.667	  1.47493e+07
770.954	  1.47413e+07
771.241	  1.47333e+07
771.528	  1.47253e+07
771.815	  1.47173e+07
772.102	  1.47093e+07
772.389	  1.47013e+07
772.676	  1.46933e+07
772.963	  1.46853e+07
773.25	  1.46773e+07
773.537	  1.46692e+07
773.824	  1.46612e+07
774.111	  1.46532e+07
774.398	  1.46452e+07
774.685	  1.46372e+07
774.972	  1.46292e+07
775.259	  1.46212e+07
775.546	  1.46132e+07
775.833	  1.46052e+07
776.12	  1.45972e+07
776.407	  1.45892e+07
776.694	  1.45812e+07
776.981	  1.45732e+07
777.268	  1.45653e+07
777.555	  1.45573e+07
777.842	  1.45493e+07
778.129	  1.45413e+07
778.416	  1.45333e+07
778.703	  1.45253e+07
778.99	  1.45173e+07
779.277	  1.45093e+07
779.564	  1.45013e+07
779.851	  1.44933e+07
780.138	  1.44853e+07
780.425	  1.44773e+07
780.712	  1.44694e+07
780.999	  1.44614e+07
781.286	  1.44534e+07
781.573	  1.44454e+07
781.86	  1.44374e+07
782.147	  1.44294e+07
782.434	  1.44214e+07
782.721	  1.44135e+07
783.008	  1.44055e+07
783.295	  1.43975e+07
783.582	  1.43895e+07
783.869	  1.43816e+07
784.156	  1.43736e+07
784.443	  1.43656e+07
784.73	  1.43576e+07
785.017	  1.43496e+07
785.304	  1.43417e+07
785.591	  1.43337e+07
785.878	  1.43257e+07
786.165	  1.43178e+07
786.452	  1.43098e+07
786.739	  1.43018e+07
787.026	  1.42939e+07
787.313	  1.42859e+07
787.6	  1.42779e+07
787.887	  1.427e+07
788.174	  1.4262e+07
788.461	  1.4254e+07
788.748	  1.42461e+07
789.035	  1.42381e+07
789.322	  1.42302e+07
789.609	  1.42222e+07
789.896	  1.42142e+07
790.183	  1.42063e+07
790.47	  1.41983e+07
790.757	  1.41904e+07
791.044	  1.41824e+07
791.331	  1.41745e+07
791.618	  1.41665e+07
791.905	  1.41586e+07
792.192	  1.41506e+07
792.479	  1.41427e+07
792.766	  1.41347e+07
793.053	  1.41268e+07
793.34	  1.41189e+07
793.627	  1.41109e+07
793.914	  1.4103e+07
794.201	  1.4095e+07
794.488	  1.40871e+07
794.775	  1.40792e+07
795.062	  1.40712e+07
795.349	  1.40633e+07
795.636	  1.40554e+07
795.923	  1.40474e+07
796.21	  1.40395e+07
796.497	  1.40316e+07
796.784	  1.40236e+07
797.071	  1.40157e+07
797.358	  1.40078e+07
797.645	  1.39999e+07
797.932	  1.39919e+07
798.219	  1.3984e+07
798.506	  1.39761e+07
798.793	  1.39682e+07
799.08	  1.39603e+07
799.367	  1.39524e+07
799.654	  1.39444e+07
799.941	  1.39365e+07
800.228	  1.39286e+07
800.515	  1.39207e+07
800.802	  1.39128e+07
801.089	  1.39049e+07
801.376	  1.3897e+07
801.663	  1.38891e+07
801.95	  1.38812e+07
802.237	  1.38733e+07
802.524	  1.38654e+07
802.811	  1.38575e+07
803.098	  1.38496e+07
803.385	  1.38417e+07
803.672	  1.38338e+07
803.959	  1.38259e+07
804.246	  1.3818e+07
804.533	  1.38102e+07
804.82	  1.38023e+07
805.107	  1.37944e+07
805.394	  1.37865e+07
805.681	  1.37786e+07
805.968	  1.37708e+07
806.255	  1.37629e+07
806.542	  1.3755e+07
806.829	  1.37471e+07
807.116	  1.37393e+07
807.403	  1.37314e+07
807.69	  1.37235e+07
807.977	  1.37156e+07
808.264	  1.37078e+07
808.551	  1.36999e+07
808.838	  1.36921e+07
809.125	  1.36842e+07
809.412	  1.36763e+07
809.699	  1.36685e+07
809.986	  1.36606e+07
810.273	  1.36528e+07
810.56	  1.36449e+07
810.847	  1.36371e+07
811.134	  1.36292e+07
811.421	  1.36214e+07
811.708	  1.36135e+07
811.995	  1.36057e+07
812.282	  1.35979e+07
812.569	  1.359e+07
812.856	  1.35822e+07
813.143	  1.35743e+07
813.43	  1.35665e+07
813.717	  1.35587e+07
814.004	  1.35508e+07
814.291	  1.3543e+07
814.578	  1.35352e+07
814.865	  1.35274e+07
815.152	  1.35195e+07
815.439	  1.35117e+07
815.726	  1.35039e+07
816.013	  1.34961e+07
816.3	  1.34883e+07
816.587	  1.34805e+07
816.874	  1.34727e+07
817.161	  1.34648e+07
817.448	  1.3457e+07
817.735	  1.34492e+07
818.022	  1.34414e+07
818.309	  1.34336e+07
818.596	  1.34258e+07
818.883	  1.3418e+07
819.17	  1.34102e+07
819.457	  1.34025e+07
820.002	  1.33877e+07
820.031	  1.33869e+07
820.059	  1.33861e+07
820.088	  1.33853e+07
820.117	  1.33845e+07
820.146	  1.33838e+07
820.174	  1.3383e+07
820.203	  1.33822e+07
820.232	  1.33814e+07
820.26	  1.33806e+07
820.289	  1.33799e+07
820.318	  1.33791e+07
820.346	  1.33783e+07
820.375	  1.33775e+07
820.404	  1.33768e+07
820.433	  1.3376e+07
820.461	  1.33752e+07
820.49	  1.33744e+07
820.519	  1.33736e+07
820.547	  1.33729e+07
820.576	  1.33721e+07
820.605	  1.33713e+07
820.633	  1.33701e+07
820.662	  1.33693e+07
820.691	  1.33685e+07
820.72	  1.33677e+07
820.748	  1.3367e+07
820.777	  1.33662e+07
820.806	  1.33654e+07
820.834	  1.33646e+07
820.863	  1.33639e+07
820.892	  1.33631e+07
820.92	  1.33623e+07
820.949	  1.33615e+07
820.978	  1.33607e+07
821.007	  1.336e+07
821.035	  1.33592e+07
821.064	  1.33584e+07
821.093	  1.33576e+07
821.121	  1.33568e+07
821.15	  1.33561e+07
821.179	  1.33553e+07
821.207	  1.33545e+07
821.236	  1.33537e+07
821.265	  1.3353e+07
821.294	  1.33522e+07
821.322	  1.33514e+07
821.351	  1.33506e+07
821.38	  1.33498e+07
821.408	  1.33491e+07
821.437	  1.33483e+07
821.466	  1.33475e+07
821.494	  1.33467e+07
821.523	  1.3346e+07
821.552	  1.33452e+07
821.581	  1.33444e+07
821.609	  1.33436e+07
821.638	  1.33428e+07
821.667	  1.33421e+07
821.695	  1.33413e+07
821.724	  1.33405e+07
821.753	  1.33397e+07
821.781	  1.3339e+07
821.81	  1.33382e+07
821.839	  1.33374e+07
821.868	  1.33366e+07
821.896	  1.33358e+07
821.925	  1.33351e+07
821.954	  1.33343e+07
821.982	  1.33335e+07
822.011	  1.33327e+07
822.011	  1.33327e+07
822.298	  1.3325e+07
822.585	  1.33172e+07
822.872	  1.33094e+07
823.159	  1.33017e+07
823.446	  1.32939e+07
823.733	  1.32861e+07
824.02	  1.32784e+07
824.307	  1.32706e+07
824.594	  1.32629e+07
824.881	  1.32551e+07
825.168	  1.32474e+07
825.455	  1.32396e+07
825.742	  1.32319e+07
826.029	  1.32241e+07
826.316	  1.32164e+07
826.603	  1.32086e+07
826.89	  1.32009e+07
827.177	  1.31932e+07
827.464	  1.31854e+07
827.751	  1.31777e+07
828.038	  1.317e+07
828.325	  1.31622e+07
828.612	  1.31545e+07
828.899	  1.31468e+07
829.186	  1.31391e+07
829.473	  1.31313e+07
829.76	  1.31236e+07
830.047	  1.31159e+07
830.334	  1.31082e+07
830.621	  1.31005e+07
830.908	  1.30928e+07
831.195	  1.30851e+07
831.482	  1.30774e+07
831.769	  1.30697e+07
832.056	  1.3062e+07
832.343	  1.30543e+07
832.63	  1.30466e+07
832.917	  1.30389e+07
833.204	  1.30312e+07
833.491	  1.30235e+07
833.778	  1.30158e+07
834.065	  1.30082e+07
834.352	  1.30005e+07
834.639	  1.29928e+07
834.926	  1.29851e+07
835.213	  1.29775e+07
835.5	  1.29698e+07
835.787	  1.29621e+07
836.074	  1.29545e+07
836.361	  1.29468e+07
836.648	  1.29391e+07
836.935	  1.29315e+07
837.222	  1.29238e+07
837.509	  1.29162e+07
837.796	  1.29085e+07
838.083	  1.29009e+07
838.37	  1.28932e+07
838.657	  1.28856e+07
838.944	  1.28779e+07
839.231	  1.28703e+07
839.518	  1.28627e+07
839.805	  1.2855e+07
840.092	  1.28474e+07
840.379	  1.28398e+07
840.666	  1.28321e+07
840.953	  1.28245e+07
841.24	  1.28169e+07
841.527	  1.28093e+07
841.814	  1.28016e+07
842.101	  1.2794e+07
842.388	  1.27864e+07
842.675	  1.27788e+07
842.962	  1.27712e+07
843.249	  1.27636e+07
843.536	  1.2756e+07
843.823	  1.27484e+07
844.11	  1.27408e+07
844.397	  1.27332e+07
844.684	  1.27256e+07
844.971	  1.2718e+07
845.258	  1.27104e+07
845.545	  1.27029e+07
845.832	  1.26953e+07
846.119	  1.26877e+07
846.406	  1.26801e+07
846.693	  1.26725e+07
846.98	  1.2665e+07
847.267	  1.26574e+07
847.554	  1.26498e+07
847.841	  1.26423e+07
848.128	  1.26347e+07
848.415	  1.26272e+07
848.702	  1.26196e+07
848.989	  1.26121e+07
849.276	  1.26045e+07
849.563	  1.2597e+07
849.85	  1.25894e+07
850.137	  1.25819e+07
850.424	  1.25743e+07
850.711	  1.25668e+07
850.998	  1.25593e+07
851.285	  1.25517e+07
851.572	  1.25442e+07
851.859	  1.25367e+07
852.146	  1.25291e+07
852.433	  1.25216e+07
852.72	  1.25141e+07
853.007	  1.25066e+07
853.294	  1.24991e+07
853.581	  1.24916e+07
853.868	  1.24841e+07
854.155	  1.24765e+07
854.442	  1.2469e+07
854.729	  1.24615e+07
855.016	  1.2454e+07
855.303	  1.24466e+07
855.59	  1.24391e+07
855.877	  1.24316e+07
856.164	  1.24241e+07
856.451	  1.24166e+07
856.738	  1.24091e+07
857.025	  1.24016e+07
857.312	  1.23942e+07
857.599	  1.23867e+07
857.886	  1.23792e+07
858.173	  1.23718e+07
858.46	  1.23643e+07
858.747	  1.23568e+07
859.034	  1.23494e+07
859.321	  1.23419e+07
859.608	  1.23345e+07
859.895	  1.2327e+07
860.182	  1.23196e+07
860.469	  1.23121e+07
860.756	  1.23047e+07
861.043	  1.22972e+07
861.33	  1.22898e+07
861.617	  1.22824e+07
861.904	  1.22749e+07
862.191	  1.22675e+07
862.478	  1.22601e+07
862.765	  1.22527e+07
863.052	  1.22452e+07
863.339	  1.22378e+07
863.626	  1.22304e+07
863.913	  1.2223e+07
864.2	  1.22156e+07
864.487	  1.22082e+07
864.774	  1.22008e+07
865.061	  1.21934e+07
865.348	  1.2186e+07
865.635	  1.21786e+07
865.922	  1.21712e+07
866.209	  1.21638e+07
866.496	  1.21564e+07
866.783	  1.2149e+07
867.07	  1.21417e+07
867.357	  1.21343e+07
867.644	  1.21269e+07
867.931	  1.21195e+07
868.218	  1.21122e+07
868.505	  1.21048e+07
868.792	  1.20974e+07
869.079	  1.20901e+07
869.366	  1.20827e+07
869.653	  1.20754e+07
869.94	  1.2068e+07
870.227	  1.20607e+07
870.514	  1.20533e+07
870.801	  1.2046e+07
871.088	  1.20387e+07
871.375	  1.20313e+07
871.662	  1.2024e+07
871.949	  1.20167e+07
872.236	  1.20093e+07
872.523	  1.2002e+07
872.81	  1.19947e+07
873.097	  1.19874e+07
873.384	  1.198e+07
873.671	  1.19727e+07
873.958	  1.19654e+07
874.245	  1.19581e+07
874.532	  1.19508e+07
874.819	  1.19435e+07
875.106	  1.19362e+07
875.393	  1.19289e+07
875.68	  1.19216e+07
875.967	  1.19143e+07
876.254	  1.1907e+07
876.541	  1.18998e+07
876.828	  1.18925e+07
877.115	  1.18852e+07
877.402	  1.18779e+07
877.689	  1.18707e+07
877.976	  1.18634e+07
878.263	  1.18561e+07
878.55	  1.18489e+07
878.837	  1.18416e+07
879.124	  1.18343e+07
879.411	  1.18271e+07
879.698	  1.18198e+07
879.985	  1.18126e+07
880.272	  1.18054e+07
880.559	  1.17981e+07
880.846	  1.17909e+07
881.133	  1.17836e+07
881.42	  1.17764e+07
881.707	  1.17692e+07
881.994	  1.1762e+07
882.281	  1.17547e+07
882.568	  1.17475e+07
882.855	  1.17403e+07
883.142	  1.17331e+07
883.429	  1.17259e+07
883.716	  1.17187e+07
884.003	  1.17115e+07
884.29	  1.17043e+07
884.577	  1.16971e+07
884.864	  1.16899e+07
885.151	  1.16827e+07
885.438	  1.16755e+07
885.725	  1.16683e+07
886.012	  1.16611e+07
886.299	  1.16539e+07
886.586	  1.16468e+07
886.873	  1.16396e+07
887.16	  1.16324e+07
887.447	  1.16252e+07
887.734	  1.16181e+07
888.021	  1.16109e+07
888.308	  1.16038e+07
888.595	  1.15966e+07
888.882	  1.15894e+07
889.169	  1.15823e+07
889.456	  1.15752e+07
889.743	  1.1568e+07
890.03	  1.15609e+07
890.317	  1.15537e+07
890.604	  1.15466e+07
890.891	  1.15395e+07
891.178	  1.15323e+07
891.465	  1.15252e+07
891.752	  1.15181e+07
892.039	  1.1511e+07
892.326	  1.15039e+07
892.613	  1.14967e+07
892.9	  1.14896e+07
893.187	  1.14825e+07
893.474	  1.14754e+07
893.761	  1.14683e+07
894.048	  1.14612e+07
894.335	  1.14541e+07
894.622	  1.14471e+07
894.909	  1.144e+07
895.196	  1.14329e+07
895.483	  1.14258e+07
895.77	  1.14187e+07
896.057	  1.14116e+07
896.344	  1.14046e+07
896.631	  1.13975e+07
896.918	  1.13904e+07
897.205	  1.13834e+07
897.492	  1.13763e+07
897.779	  1.13693e+07
898.066	  1.13622e+07
898.353	  1.13552e+07
898.64	  1.13481e+07
898.927	  1.13411e+07
899.214	  1.1334e+07
899.501	  1.1327e+07
899.788	  1.132e+07
900.075	  1.13129e+07
900.362	  1.13059e+07
900.649	  1.12989e+07
900.936	  1.12919e+07
901.223	  1.12849e+07
901.51	  1.12778e+07
901.797	  1.12708e+07
902.084	  1.12638e+07
902.371	  1.12568e+07
902.658	  1.12498e+07
902.945	  1.12428e+07
903.232	  1.12358e+07
903.519	  1.12288e+07
903.806	  1.12218e+07
904.093	  1.12149e+07
904.38	  1.12079e+07
904.667	  1.12009e+07
904.954	  1.11939e+07
905.241	  1.1187e+07
905.528	  1.118e+07
905.815	  1.1173e+07
906.102	  1.11661e+07
906.389	  1.11591e+07
906.676	  1.11521e+07
906.963	  1.11452e+07
907.25	  1.11382e+07
907.537	  1.11313e+07
907.824	  1.11243e+07
908.111	  1.11174e+07
908.398	  1.11105e+07
908.685	  1.11035e+07
908.972	  1.10966e+07
909.259	  1.10897e+07
909.546	  1.10828e+07
909.833	  1.10758e+07
910.12	  1.10689e+07
910.407	  1.1062e+07
910.694	  1.10551e+07
910.981	  1.10482e+07
911.268	  1.10413e+07
911.555	  1.10344e+07
911.842	  1.10275e+07
912.129	  1.10206e+07
912.416	  1.10137e+07
912.703	  1.10068e+07
912.99	  1.09999e+07
913.277	  1.0993e+07
913.564	  1.09862e+07
913.851	  1.09793e+07
914.138	  1.09724e+07
914.425	  1.09655e+07
914.712	  1.09587e+07
914.999	  1.09518e+07
915.286	  1.0945e+07
915.573	  1.09381e+07
915.86	  1.09312e+07
916.147	  1.09244e+07
916.434	  1.09176e+07
916.721	  1.09107e+07
917.008	  1.09039e+07
917.295	  1.0897e+07
917.582	  1.08902e+07
917.869	  1.08834e+07
918.156	  1.08765e+07
918.443	  1.08697e+07
918.73	  1.08629e+07
919.017	  1.08561e+07
919.304	  1.08493e+07
919.591	  1.08425e+07
919.878	  1.08357e+07
920.165	  1.08289e+07
920.452	  1.08221e+07
920.739	  1.08153e+07
921.026	  1.08085e+07
921.313	  1.08017e+07
921.6	  1.07949e+07
921.887	  1.07881e+07
922.174	  1.07813e+07
922.461	  1.07745e+07
922.748	  1.07678e+07
923.035	  1.0761e+07
923.322	  1.07542e+07
923.609	  1.07475e+07
923.896	  1.07407e+07
924.183	  1.0734e+07
924.47	  1.07272e+07
924.757	  1.07204e+07
925.044	  1.07137e+07
925.331	  1.0707e+07
925.618	  1.07002e+07
925.905	  1.06935e+07
926.192	  1.06867e+07
926.479	  1.068e+07
926.766	  1.06733e+07
927.053	  1.06666e+07
927.34	  1.06598e+07
927.627	  1.06531e+07
927.914	  1.06464e+07
928.201	  1.06397e+07
928.488	  1.0633e+07
928.775	  1.06263e+07
929.062	  1.06196e+07
929.349	  1.06129e+07
929.636	  1.06062e+07
929.923	  1.05995e+07
930.21	  1.05928e+07
930.497	  1.05861e+07
930.784	  1.05795e+07
931.071	  1.05728e+07
931.358	  1.05661e+07
931.645	  1.05594e+07
931.932	  1.05528e+07
932.219	  1.05461e+07
932.506	  1.05394e+07
932.793	  1.05328e+07
933.08	  1.05261e+07
933.367	  1.05195e+07
933.654	  1.05128e+07
933.941	  1.05062e+07
934.228	  1.04995e+07
934.515	  1.04929e+07
934.802	  1.04863e+07
935.089	  1.04796e+07
935.376	  1.0473e+07
935.663	  1.04664e+07
935.95	  1.04598e+07
936.237	  1.04531e+07
936.524	  1.04465e+07
936.811	  1.04399e+07
937.098	  1.04333e+07
937.385	  1.04267e+07
937.672	  1.04201e+07
937.959	  1.04135e+07
938.246	  1.04069e+07
938.533	  1.04003e+07
938.82	  1.03937e+07
939.107	  1.03871e+07
939.394	  1.03806e+07
939.681	  1.0374e+07
939.968	  1.03674e+07
940.255	  1.03608e+07
940.542	  1.03543e+07
940.829	  1.03477e+07
941.116	  1.03411e+07
941.403	  1.03346e+07
941.69	  1.0328e+07
941.977	  1.03215e+07
942.264	  1.03149e+07
942.551	  1.03084e+07
942.838	  1.03018e+07
943.125	  1.02953e+07
943.412	  1.02888e+07
943.699	  1.02822e+07
943.986	  1.02757e+07
944.273	  1.02692e+07
944.56	  1.02627e+07
944.847	  1.02561e+07
945.134	  1.02496e+07
945.421	  1.02431e+07
945.708	  1.02366e+07
945.995	  1.02301e+07
946.282	  1.02236e+07
946.569	  1.02171e+07
946.856	  1.02106e+07
947.143	  1.02041e+07
947.43	  1.01976e+07
947.717	  1.01911e+07
948.004	  1.01847e+07
948.291	  1.01782e+07
948.578	  1.01717e+07
948.865	  1.01652e+07
949.152	  1.01588e+07
949.439	  1.01523e+07
949.726	  1.01458e+07
950.013	  1.01394e+07
950.3	  1.01329e+07
950.587	  1.01265e+07
950.874	  1.012e+07
951.161	  1.01136e+07
951.448	  1.01072e+07
951.735	  1.01007e+07
952.022	  1.00943e+07
952.309	  1.00878e+07
952.596	  1.00814e+07
952.883	  1.0075e+07
953.17	  1.00686e+07
953.457	  1.00622e+07
953.744	  1.00557e+07
954.031	  1.00493e+07
954.318	  1.00429e+07
954.605	  1.00365e+07
954.892	  1.00301e+07
955.179	  1.00237e+07
955.466	  1.00173e+07
955.753	  1.00109e+07
956.04	  1.00045e+07
956.327	  9.99816e+06
956.614	  9.99178e+06
956.901	  9.9854e+06
957.188	  9.97903e+06
957.475	  9.97266e+06
957.762	  9.96629e+06
958.049	  9.95992e+06
958.336	  9.95356e+06
958.623	  9.9472e+06
958.91	  9.94085e+06
959.197	  9.9345e+06
959.484	  9.92815e+06
959.771	  9.92181e+06
960.058	  9.91547e+06
960.345	  9.90913e+06
960.632	  9.90279e+06
960.919	  9.89646e+06
961.206	  9.89014e+06
961.493	  9.88381e+06
961.78	  9.87749e+06
962.067	  9.87117e+06
962.354	  9.86486e+06
962.641	  9.85855e+06
962.928	  9.85224e+06
963.215	  9.84594e+06
963.502	  9.83963e+06
963.789	  9.83334e+06
964.076	  9.82704e+06
964.363	  9.82075e+06
964.65	  9.81446e+06
964.937	  9.80818e+06
965.224	  9.8019e+06
965.511	  9.79562e+06
965.798	  9.78935e+06
966.085	  9.78308e+06
966.372	  9.77681e+06
966.659	  9.77055e+06
966.946	  9.76428e+06
967.233	  9.75803e+06
967.52	  9.75177e+06
967.807	  9.74552e+06
968.094	  9.73927e+06
968.381	  9.73303e+06
968.668	  9.72679e+06
968.955	  9.72055e+06
969.242	  9.71432e+06
969.529	  9.70809e+06
969.816	  9.70186e+06
970.103	  9.69563e+06
970.39	  9.68941e+06
970.677	  9.6832e+06
970.964	  9.67698e+06
971.251	  9.67077e+06
971.538	  9.66456e+06
971.825	  9.65836e+06
972.112	  9.65216e+06
972.399	  9.64596e+06
972.686	  9.63977e+06
972.973	  9.63358e+06
973.26	  9.62739e+06
973.547	  9.6212e+06
973.834	  9.61502e+06
974.121	  9.60885e+06
974.408	  9.60267e+06
974.695	  9.5965e+06
974.982	  9.59033e+06
975.269	  9.58417e+06
975.556	  9.57801e+06
975.843	  9.57185e+06
976.13	  9.5657e+06
976.417	  9.55954e+06
976.704	  9.5534e+06
976.991	  9.54725e+06
977.278	  9.54111e+06
977.565	  9.53497e+06
977.852	  9.52884e+06
978.139	  9.52271e+06
978.426	  9.51658e+06
978.713	  9.51046e+06
979	  9.50434e+06
979.287	  9.49822e+06
979.574	  9.4921e+06
979.861	  9.48599e+06
980.148	  9.47988e+06
980.435	  9.47378e+06
980.722	  9.46768e+06
981.009	  9.46158e+06
981.296	  9.45549e+06
981.583	  9.44939e+06
981.87	  9.44331e+06
982.157	  9.43722e+06
982.444	  9.43114e+06
982.731	  9.42506e+06
983.018	  9.41899e+06
983.305	  9.41292e+06
983.592	  9.40685e+06
983.879	  9.40078e+06
984.166	  9.39472e+06
984.453	  9.38866e+06
984.74	  9.38261e+06
985.027	  9.37656e+06
985.314	  9.37051e+06
985.601	  9.36446e+06
985.888	  9.35842e+06
986.175	  9.35238e+06
986.462	  9.34635e+06
986.749	  9.34032e+06
987.036	  9.33429e+06
987.323	  9.32826e+06
987.61	  9.32224e+06
987.897	  9.31622e+06
988.184	  9.31021e+06
988.471	  9.3042e+06
988.758	  9.29819e+06
989.045	  9.29218e+06
989.332	  9.28618e+06
989.619	  9.28018e+06
989.906	  9.27418e+06
990.193	  9.26819e+06
990.48	  9.2622e+06
990.767	  9.25622e+06
991.054	  9.25024e+06
991.341	  9.24426e+06
991.628	  9.23828e+06
991.915	  9.23231e+06
992.202	  9.22634e+06
992.489	  9.22037e+06
992.776	  9.21441e+06
993.063	  9.20845e+06
993.35	  9.2025e+06
993.637	  9.19654e+06
993.924	  9.19059e+06
994.211	  9.18465e+06
994.498	  9.1787e+06
994.785	  9.17276e+06
995.072	  9.16683e+06
995.359	  9.16089e+06
995.646	  9.15496e+06
995.933	  9.14904e+06
996.22	  9.14312e+06
996.507	  9.13719e+06
996.794	  9.13128e+06
997.081	  9.12536e+06
997.368	  9.11945e+06
997.655	  9.11355e+06
997.942	  9.10764e+06
998.229	  9.10174e+06
998.516	  9.09585e+06
998.803	  9.08995e+06
999.09	  9.08406e+06
999.377	  9.07817e+06
999.664	  9.07229e+06
999.951	  9.06641e+06
1000.24	  9.06053e+06
1000.52	  9.05466e+06
1000.81	  9.04879e+06
1001.1	  9.04292e+06
1001.39	  9.03706e+06
1001.67	  9.03119e+06
1001.96	  9.02534e+06
1002.25	  9.01948e+06
1002.53	  9.01363e+06
1002.82	  9.00778e+06
1003.11	  9.00194e+06
1003.39	  8.9961e+06
1003.68	  8.99026e+06
1003.97	  8.98442e+06
1004.26	  8.97859e+06
1004.54	  8.97276e+06
1004.83	  8.96694e+06
1005.12	  8.96111e+06
1005.4	  8.95529e+06
1005.69	  8.94948e+06
1005.98	  8.94367e+06
1006.26	  8.93786e+06
1006.55	  8.93205e+06
1006.84	  8.92625e+06
1007.13	  8.92045e+06
1007.41	  8.91465e+06
1007.7	  8.90886e+06
1007.99	  8.90307e+06
1008.27	  8.89728e+06
1008.56	  8.8915e+06
1008.85	  8.88572e+06
1009.13	  8.87994e+06
1009.42	  8.87417e+06
1009.71	  8.8684e+06
1010	  8.86263e+06
1010.28	  8.85687e+06
1010.57	  8.85111e+06
1010.86	  8.84535e+06
1011.14	  8.83959e+06
1011.43	  8.83384e+06
1011.72	  8.8281e+06
1012	  8.82235e+06
1012.29	  8.81661e+06
1012.58	  8.81087e+06
1012.87	  8.80514e+06
1013.15	  8.7994e+06
1013.44	  8.79368e+06
1013.73	  8.78795e+06
1014.01	  8.78223e+06
1014.3	  8.77651e+06
1014.59	  8.77079e+06
1014.88	  8.76508e+06
1015.16	  8.75937e+06
1015.45	  8.75367e+06
1015.74	  8.74796e+06
1016.02	  8.74226e+06
1016.31	  8.73657e+06
1016.6	  8.73087e+06
1016.88	  8.72518e+06
1017.17	  8.7195e+06
1017.46	  8.71381e+06
1017.75	  8.70813e+06
1018.03	  8.70246e+06
1018.32	  8.69678e+06
1018.61	  8.69111e+06
1018.89	  8.68544e+06
1019.18	  8.67978e+06
1019.47	  8.67412e+06
1019.98	  8.6641e+06
1021.08	  8.64246e+06
1022.17	  8.62086e+06
1023.27	  8.5993e+06
1024.38	  8.57779e+06
1025.47	  8.55633e+06
1026.58	  8.53492e+06
1027.67	  8.51355e+06
1028.78	  8.49223e+06
1029.88	  8.47095e+06
1030.97	  8.44973e+06
1032.08	  8.42854e+06
1033.17	  8.40741e+06
1034.28	  8.38631e+06
1035.38	  8.36527e+06
1036.47	  8.34427e+06
1037.58	  8.32332e+06
1038.67	  8.30241e+06
1039.78	  8.28154e+06
1040.88	  8.26073e+06
1041.97	  8.23996e+06
1043.08	  8.21923e+06
1044.17	  8.19855e+06
1045.28	  8.17791e+06
1046.38	  8.15732e+06
1047.47	  8.13677e+06
1048.58	  8.11627e+06
1049.67	  8.09582e+06
1050.78	  8.0754e+06
1051.88	  8.05504e+06
1052.97	  8.03471e+06
1054.08	  8.01444e+06
1055.17	  7.9942e+06
1056.28	  7.97401e+06
1057.38	  7.95387e+06
1058.47	  7.93377e+06
1059.58	  7.91371e+06
1060.67	  7.8937e+06
1061.78	  7.87373e+06
1062.88	  7.8538e+06
1063.97	  7.83392e+06
1065.08	  7.81408e+06
1066.17	  7.79428e+06
1067.28	  7.77453e+06
1068.38	  7.75482e+06
1069.47	  7.73516e+06
1070.58	  7.71554e+06
1071.67	  7.69596e+06
1072.78	  7.67642e+06
1073.88	  7.65693e+06
1074.97	  7.63748e+06
1076.08	  7.61807e+06
1077.17	  7.5987e+06
1078.28	  7.57938e+06
1079.38	  7.5601e+06
1080.47	  7.54086e+06
1081.58	  7.52166e+06
1082.67	  7.50251e+06
1083.78	  7.48339e+06
1084.88	  7.46432e+06
1085.97	  7.44529e+06
1087.08	  7.42631e+06
1088.17	  7.40736e+06
1089.28	  7.38846e+06
1090.38	  7.36959e+06
1091.47	  7.35077e+06
1092.58	  7.33199e+06
1093.67	  7.31325e+06
1094.78	  7.29455e+06
1095.88	  7.27589e+06
1096.97	  7.25727e+06
1098.08	  7.2387e+06
1099.17	  7.22016e+06
1100.28	  7.20166e+06
1101.38	  7.18321e+06
1102.47	  7.16479e+06
1103.58	  7.14642e+06
1104.67	  7.12808e+06
1105.78	  7.10979e+06
1106.88	  7.09153e+06
1107.97	  7.07331e+06
1109.08	  7.05514e+06
1110.17	  7.037e+06
1111.28	  7.0189e+06
1112.38	  7.00084e+06
1113.47	  6.98282e+06
1114.58	  6.96484e+06
1115.67	  6.9469e+06
1116.78	  6.929e+06
1117.88	  6.91114e+06
1118.97	  6.89331e+06
1120.08	  6.87552e+06
1121.17	  6.85778e+06
1122.28	  6.84007e+06
1123.38	  6.82239e+06
1124.47	  6.80476e+06
1125.58	  6.78716e+06
1126.67	  6.76961e+06
1127.78	  6.75209e+06
1128.88	  6.7346e+06
1129.97	  6.71716e+06
1131.08	  6.69975e+06
1132.17	  6.68238e+06
1133.28	  6.66505e+06
1134.38	  6.64775e+06
1135.47	  6.63049e+06
1136.58	  6.61327e+06
1137.67	  6.59609e+06
1138.78	  6.57894e+06
1139.88	  6.56183e+06
1140.97	  6.54475e+06
1142.08	  6.52771e+06
1143.17	  6.51071e+06
1144.28	  6.49374e+06
1145.38	  6.47681e+06
1146.47	  6.45992e+06
1147.58	  6.44306e+06
1148.67	  6.42623e+06
1149.78	  6.40945e+06
1150.88	  6.39269e+06
1151.97	  6.37598e+06
1153.08	  6.35929e+06
1154.17	  6.34265e+06
1155.28	  6.32604e+06
1156.38	  6.30946e+06
1157.47	  6.29292e+06
1158.58	  6.27641e+06
1159.67	  6.25994e+06
1160.78	  6.2435e+06
1161.88	  6.2271e+06
1162.97	  6.21073e+06
1164.08	  6.19439e+06
1165.17	  6.17809e+06
1166.28	  6.16182e+06
1167.38	  6.14559e+06
1168.47	  6.12939e+06
1169.58	  6.11322e+06
1170.67	  6.09709e+06
1171.78	  6.08099e+06
1172.88	  6.06492e+06
1173.97	  6.04889e+06
1175.08	  6.03289e+06
1176.17	  6.01692e+06
1177.28	  6.00099e+06
1178.38	  5.98509e+06
1179.47	  5.96922e+06
1180.58	  5.95338e+06
1181.67	  5.93758e+06
1182.78	  5.92181e+06
1183.88	  5.90607e+06
1184.97	  5.89036e+06
1186.08	  5.87468e+06
1187.17	  5.85904e+06
1188.28	  5.84343e+06
1189.38	  5.82785e+06
1190.47	  5.8123e+06
1191.58	  5.79678e+06
1192.67	  5.7813e+06
1193.78	  5.76584e+06
1194.88	  5.75042e+06
1195.97	  5.73502e+06
1197.08	  5.71966e+06
1198.17	  5.70433e+06
1199.28	  5.68903e+06
1200.38	  5.67376e+06
1201.47	  5.65852e+06
1202.58	  5.64331e+06
1203.67	  5.62813e+06
1204.78	  5.61298e+06
1205.88	  5.59786e+06
1206.97	  5.58277e+06
1208.08	  5.56771e+06
1209.17	  5.55268e+06
1210.28	  5.53768e+06
1211.38	  5.52271e+06
1212.47	  5.50777e+06
1213.58	  5.49285e+06
1214.67	  5.47797e+06
1215.78	  5.46312e+06
1216.88	  5.44829e+06
1217.97	  5.43349e+06
1219.08	  5.41873e+06
1220.17	  5.40399e+06
1221.28	  5.38928e+06
1222.38	  5.37459e+06
1223.47	  5.35994e+06
1224.58	  5.34531e+06
1225.67	  5.33071e+06
1226.78	  5.31614e+06
1227.88	  5.3016e+06
1228.97	  5.28709e+06
1230.08	  5.2726e+06
1231.17	  5.25814e+06
1232.28	  5.24371e+06
1233.38	  5.2293e+06
1234.47	  5.21493e+06
1235.58	  5.20058e+06
1236.67	  5.18625e+06
1237.78	  5.17196e+06
1238.88	  5.15769e+06
1239.97	  5.14344e+06
1241.08	  5.12923e+06
1242.17	  5.11504e+06
1243.28	  5.10087e+06
1244.38	  5.08673e+06
1245.47	  5.07262e+06
1246.58	  5.05854e+06
1247.67	  5.04448e+06
1248.78	  5.03045e+06
1249.88	  5.01644e+06
1250.97	  5.00246e+06
1252.08	  4.9885e+06
1253.17	  4.97457e+06
1254.28	  4.96066e+06
1255.38	  4.94678e+06
1256.47	  4.93293e+06
1257.58	  4.9191e+06
1258.67	  4.90529e+06
1259.78	  4.89151e+06
1260.88	  4.87776e+06
1261.97	  4.86403e+06
1263.08	  4.85032e+06
1264.17	  4.83664e+06
1265.28	  4.82298e+06
1266.38	  4.80935e+06
1267.47	  4.79574e+06
1268.58	  4.78216e+06
1269.67	  4.7686e+06
1270.78	  4.75506e+06
1271.88	  4.74155e+06
1272.97	  4.72806e+06
1274.08	  4.71459e+06
1275.17	  4.70115e+06
1276.28	  4.68773e+06
1277.38	  4.67434e+06
1278.47	  4.66097e+06
1279.58	  4.64762e+06
1280.67	  4.63429e+06
1281.78	  4.62099e+06
1282.88	  4.60771e+06
1283.97	  4.59445e+06
1285.08	  4.58122e+06
1286.17	  4.56801e+06
1287.28	  4.55482e+06
1288.38	  4.54165e+06
1289.47	  4.52851e+06
1290.58	  4.51539e+06
1291.67	  4.50229e+06
1292.78	  4.48921e+06
1293.88	  4.47615e+06
1294.97	  4.46312e+06
1296.08	  4.45011e+06
1297.17	  4.43712e+06
1298.28	  4.42415e+06
1299.38	  4.4112e+06
1300.47	  4.39828e+06
1301.58	  4.38537e+06
1302.67	  4.37249e+06
1303.78	  4.35963e+06
1304.88	  4.34679e+06
1305.97	  4.33397e+06
1307.08	  4.32117e+06
1308.17	  4.30839e+06
1309.28	  4.29564e+06
1310.38	  4.2829e+06
1311.47	  4.27019e+06
1312.58	  4.25749e+06
1313.67	  4.24482e+06
1314.78	  4.23216e+06
1315.88	  4.21953e+06
1316.97	  4.20692e+06
1318.08	  4.19433e+06
1319.17	  4.18175e+06
1320.28	  4.1692e+06
1321.38	  4.15667e+06
1322.47	  4.14416e+06
1323.58	  4.13166e+06
1324.67	  4.11919e+06
1325.78	  4.10674e+06
1326.88	  4.0943e+06
1327.97	  4.08189e+06
1329.08	  4.0695e+06
1330.17	  4.05712e+06
1331.28	  4.04477e+06
1332.38	  4.03243e+06
1333.47	  4.02011e+06
1334.58	  4.00782e+06
1335.67	  3.99554e+06
1336.78	  3.98328e+06
1337.88	  3.97104e+06
1338.97	  3.95882e+06
1340.08	  3.94661e+06
1341.17	  3.93443e+06
1342.28	  3.92226e+06
1343.38	  3.91012e+06
1344.47	  3.89799e+06
1345.58	  3.88588e+06
1346.67	  3.87379e+06
1347.78	  3.86172e+06
1348.88	  3.84966e+06
1349.97	  3.83763e+06
1351.08	  3.82561e+06
1352.17	  3.81361e+06
1353.28	  3.80163e+06
1354.38	  3.78967e+06
1355.47	  3.77772e+06
1356.58	  3.7658e+06
1357.67	  3.75389e+06
1358.78	  3.742e+06
1359.88	  3.73013e+06
1360.97	  3.71827e+06
1362.08	  3.70643e+06
1363.17	  3.69461e+06
1364.28	  3.68281e+06
1365.38	  3.67103e+06
1366.47	  3.65926e+06
1367.58	  3.64751e+06
1368.67	  3.63578e+06
1369.78	  3.62407e+06
1370.88	  3.61237e+06
1371.97	  3.6007e+06
1373.08	  3.58903e+06
1374.17	  3.57739e+06
1375.28	  3.56576e+06
1376.38	  3.55415e+06
1377.47	  3.54256e+06
1378.58	  3.53099e+06
1379.67	  3.51943e+06
1380.78	  3.50789e+06
1381.88	  3.49637e+06
1382.97	  3.48486e+06
1384.08	  3.47337e+06
1385.17	  3.4619e+06
1386.28	  3.45045e+06
1387.38	  3.43901e+06
1388.47	  3.42759e+06
1389.58	  3.41619e+06
1390.67	  3.4048e+06
1391.78	  3.39343e+06
1392.88	  3.38208e+06
1393.97	  3.37075e+06
1395.08	  3.35943e+06
1396.17	  3.34813e+06
1397.28	  3.33684e+06
1398.38	  3.32557e+06
1399.47	  3.31432e+06
1400.58	  3.30309e+06
1401.67	  3.29187e+06
1402.78	  3.28068e+06
1403.88	  3.26949e+06
1404.97	  3.25833e+06
1406.08	  3.24718e+06
1407.17	  3.23605e+06
1408.28	  3.22493e+06
1409.38	  3.21383e+06
1410.47	  3.20275e+06
1411.58	  3.19169e+06
1412.67	  3.18064e+06
1413.78	  3.16961e+06
1414.88	  3.1586e+06
1415.97	  3.1476e+06
1417.08	  3.13662e+06
1418.17	  3.12566e+06
1419.28	  3.11472e+06
1420.38	  3.10379e+06
1421.47	  3.09288e+06
1422.58	  3.08199e+06
1423.67	  3.07111e+06
1424.78	  3.06025e+06
1425.88	  3.04941e+06
1426.97	  3.03859e+06
1428.08	  3.02778e+06
1429.17	  3.01699e+06
1430.28	  3.00622e+06
1431.38	  2.99546e+06
1432.47	  2.98472e+06
1433.58	  2.974e+06
1434.67	  2.9633e+06
1435.78	  2.95262e+06
1436.88	  2.94195e+06
1437.97	  2.9313e+06
1439.08	  2.92067e+06
1440.17	  2.91005e+06
1441.28	  2.89946e+06
1442.38	  2.88888e+06
1443.47	  2.87832e+06
1444.58	  2.86778e+06
1445.67	  2.85725e+06
1446.78	  2.84675e+06
1447.88	  2.83626e+06
1448.97	  2.82579e+06
1450.08	  2.81534e+06
1451.17	  2.80491e+06
1452.28	  2.79449e+06
1453.38	  2.7841e+06
1454.47	  2.77372e+06
1455.58	  2.76336e+06
1456.67	  2.75302e+06
1457.78	  2.7427e+06
1458.88	  2.73192e+06
1459.97	  2.72163e+06
1461.08	  2.71137e+06
1462.17	  2.70112e+06
1463.28	  2.69089e+06
1464.38	  2.68069e+06
1465.47	  2.6705e+06
1466.58	  2.66033e+06
1467.67	  2.65018e+06
1468.78	  2.64006e+06
1469.88	  2.62995e+06
1470.97	  2.61986e+06
1472.08	  2.60979e+06
1473.17	  2.59974e+06
1474.28	  2.58972e+06
1475.38	  2.57971e+06
1476.47	  2.56973e+06
1477.58	  2.55976e+06
1478.67	  2.54982e+06
1479.78	  2.53989e+06
1480.88	  2.52999e+06
1481.97	  2.52011e+06
1483.08	  2.51025e+06
1484.17	  2.50042e+06
1485.28	  2.4906e+06
1486.38	  2.48081e+06
1487.47	  2.47104e+06
1488.58	  2.46129e+06
1489.67	  2.45156e+06
1490.78	  2.44186e+06
1491.88	  2.43218e+06
1492.97	  2.42252e+06
1494.08	  2.41289e+06
1495.17	  2.40328e+06
1496.28	  2.39369e+06
1497.38	  2.38412e+06
1498.47	  2.37458e+06
1499.58	  2.36507e+06
1500.67	  2.35557e+06
1501.78	  2.34611e+06
1502.88	  2.33666e+06
1503.97	  2.32724e+06
1505.08	  2.31785e+06
1506.17	  2.30848e+06
1507.28	  2.29914e+06
1508.38	  2.28982e+06
1509.47	  2.28053e+06
1510.58	  2.27126e+06
1511.67	  2.26202e+06
1512.78	  2.25281e+06
1513.88	  2.24362e+06
1514.97	  2.23446e+06
1516.08	  2.22533e+06
1517.17	  2.21622e+06
1518.28	  2.20715e+06
1519.38	  2.1981e+06
1520.47	  2.18907e+06
1521.58	  2.18008e+06
1522.67	  2.17111e+06
1523.78	  2.16218e+06
1524.88	  2.15327e+06
1525.97	  2.14439e+06
1527.08	  2.13554e+06
1528.17	  2.12672e+06
1529.28	  2.11794e+06
1530.38	  2.10918e+06
1531.47	  2.10045e+06
1532.58	  2.09175e+06
1533.67	  2.08309e+06
1534.78	  2.07445e+06
1535.88	  2.06585e+06
1536.97	  2.05728e+06
1538.08	  2.04874e+06
1539.17	  2.04024e+06
1540.28	  2.03177e+06
1541.38	  2.02333e+06
1542.47	  2.01493e+06
1543.58	  2.00656e+06
1544.67	  1.99822e+06
1545.78	  1.98992e+06
1546.88	  1.98165e+06
1547.97	  1.97342e+06
1549.08	  1.96523e+06
1550.17	  1.95707e+06
1551.28	  1.94894e+06
1552.38	  1.94086e+06
1553.47	  1.93281e+06
1554.58	  1.9248e+06
1555.67	  1.91683e+06
1556.78	  1.90889e+06
1557.88	  1.90099e+06
1558.97	  1.89314e+06
1560.08	  1.88532e+06
1561.17	  1.87754e+06
1562.28	  1.8698e+06
1563.38	  1.86211e+06
1564.47	  1.85445e+06
1565.58	  1.84684e+06
1566.67	  1.83927e+06
1567.78	  1.83174e+06
1568.88	  1.82425e+06
1569.97	  1.81681e+06
1571.08	  1.80941e+06
1572.17	  1.80206e+06
1573.28	  1.79475e+06
1574.38	  1.78748e+06
1575.47	  1.78026e+06
1576.58	  1.77309e+06
1577.67	  1.76596e+06
1578.78	  1.75889e+06
1579.88	  1.75186e+06
1580.97	  1.74487e+06
1582.08	  1.73794e+06
1583.17	  1.73106e+06
1584.28	  1.72422e+06
1585.38	  1.71744e+06
1586.47	  1.71071e+06
1587.58	  1.70403e+06
1588.67	  1.6974e+06
1589.78	  1.69083e+06
1590.88	  1.68431e+06
1591.97	  1.67784e+06
1593.08	  1.67143e+06
1594.17	  1.66508e+06
1595.28	  1.65878e+06
1596.38	  1.65254e+06
1597.47	  1.64636e+06
1598.58	  1.64023e+06
1599.67	  1.63417e+06
1600.78	  1.62816e+06
1601.88	  1.62222e+06
1602.97	  1.61634e+06
1604.08	  1.61052e+06
1605.17	  1.60477e+06
1606.28	  1.59908e+06
1607.38	  1.59345e+06
1608.47	  1.58789e+06
1609.58	  1.5824e+06
1610.67	  1.57698e+06
1611.78	  1.57163e+06
1612.88	  1.56635e+06
1613.97	  1.56115e+06
1615.08	  1.55601e+06
1616.17	  1.55095e+06
1617.28	  1.54597e+06
1618.38	  1.54107e+06
1619.47	  1.53624e+06
1620.58	  1.5315e+06
1621.67	  1.52684e+06
1622.78	  1.52227e+06
1623.88	  1.51778e+06
1624.97	  1.51338e+06
1626.08	  1.50908e+06
1627.17	  1.50487e+06
1628.28	  1.50075e+06
1629.38	  1.49674e+06
1630.47	  1.49283e+06
1631.58	  1.48903e+06
1632.67	  1.48535e+06
1633.78	  1.48179e+06
1634.88	  1.47835e+06
1635.97	  1.47505e+06
1637.08	  1.47189e+06
1638.17	  1.4689e+06
1639.28	  1.46608e+06
1640.38	  1.46348e+06
1641.47	  1.46116e+06
1642.58	  1.45933e+06
1643.67	  1.4576e+06
1644.78	  1.45587e+06
1645.88	  1.45414e+06
1646.97	  1.45241e+06
1648.08	  1.45068e+06
1649.17	  1.44896e+06
1650.28	  1.44724e+06
1651.38	  1.44552e+06
1652.47	  1.4438e+06
1653.58	  1.44208e+06
1654.67	  1.44037e+06
1655.78	  1.43865e+06
1656.88	  1.43694e+06
1657.97	  1.43523e+06
1659.08	  1.43352e+06
1660.17	  1.43182e+06
1661.28	  1.43011e+06
1662.38	  1.42841e+06
1663.47	  1.42671e+06
1664.58	  1.42501e+06
1665.67	  1.42331e+06
1666.78	  1.42161e+06
1667.88	  1.41992e+06
1668.97	  1.41822e+06
1670.08	  1.41653e+06
1671.17	  1.41484e+06
1672.28	  1.41316e+06
1673.38	  1.41147e+06
1674.47	  1.40979e+06
1675.58	  1.4081e+06
1676.67	  1.40642e+06
1677.78	  1.40474e+06
1678.88	  1.40307e+06
1679.97	  1.40139e+06
1681.08	  1.39972e+06
1682.17	  1.39804e+06
1683.28	  1.39637e+06
1684.38	  1.3947e+06
1685.47	  1.39304e+06
1686.58	  1.39137e+06
1687.67	  1.38971e+06
1688.78	  1.38805e+06
1689.88	  1.38639e+06
1690.97	  1.38473e+06
1692.08	  1.38307e+06
1693.17	  1.38142e+06
1694.28	  1.37976e+06
1695.38	  1.37811e+06
1696.47	  1.37646e+06
1697.58	  1.37481e+06
1698.67	  1.37317e+06
1699.78	  1.37152e+06
1700.88	  1.36988e+06
1701.97	  1.36824e+06
1703.08	  1.3666e+06
1704.17	  1.36496e+06
1705.28	  1.36332e+06
1706.38	  1.36169e+06
1707.47	  1.36006e+06
1708.58	  1.35842e+06
1709.67	  1.3568e+06
1710.78	  1.35517e+06
1711.88	  1.35354e+06
1712.97	  1.35192e+06
1714.08	  1.35029e+06
1715.17	  1.34867e+06
1716.28	  1.34705e+06
1717.38	  1.34544e+06
1718.47	  1.34382e+06
1719.58	  1.34221e+06
1720.67	  1.3406e+06
1721.78	  1.33898e+06
1722.88	  1.33738e+06
1723.97	  1.33577e+06
1725.08	  1.33416e+06
1726.17	  1.33256e+06
1727.28	  1.33096e+06
1728.38	  1.32936e+06
1729.47	  1.32776e+06
1730.58	  1.32616e+06
1731.67	  1.32457e+06
1732.78	  1.32297e+06
1733.88	  1.32138e+06
1734.97	  1.31979e+06
1736.08	  1.3182e+06
1737.17	  1.31662e+06
1738.28	  1.31503e+06
1739.38	  1.31345e+06
1740.47	  1.31187e+06
1741.58	  1.31029e+06
1742.67	  1.30871e+06
1743.78	  1.30713e+06
1744.88	  1.30556e+06
1745.97	  1.30398e+06
1747.08	  1.30241e+06
1748.17	  1.30084e+06
1749.28	  1.29927e+06
1750.38	  1.29771e+06
1751.47	  1.29614e+06
1752.58	  1.29458e+06
1753.67	  1.29302e+06
1754.78	  1.29146e+06
1755.88	  1.2899e+06
1756.97	  1.28834e+06
1758.08	  1.28679e+06
1759.17	  1.28524e+06
1760.28	  1.28369e+06
1761.38	  1.28214e+06
1762.47	  1.28059e+06
1763.58	  1.27904e+06
1764.67	  1.2775e+06
1765.78	  1.27595e+06
1766.88	  1.27441e+06
1767.97	  1.27287e+06
1769.08	  1.27134e+06
1770.17	  1.2698e+06
1771.28	  1.26827e+06
1772.38	  1.26673e+06
1773.47	  1.2652e+06
1774.58	  1.26367e+06
1775.67	  1.26215e+06
1776.78	  1.26062e+06
1777.88	  1.25909e+06
1778.97	  1.25757e+06
1780.08	  1.25605e+06
1781.17	  1.25453e+06
1782.28	  1.25301e+06
1783.38	  1.2515e+06
1784.47	  1.24998e+06
1785.58	  1.24847e+06
1786.67	  1.24696e+06
1787.78	  1.24545e+06
1788.88	  1.24394e+06
1789.97	  1.24244e+06
1791.08	  1.24093e+06
1792.17	  1.23943e+06
1793.28	  1.23793e+06
1794.38	  1.23643e+06
1795.47	  1.23493e+06
1796.58	  1.23344e+06
1797.67	  1.23194e+06
1798.78	  1.23045e+06
1799.88	  1.22896e+06
1800.97	  1.22747e+06
1802.08	  1.22598e+06
1803.17	  1.2245e+06
1804.28	  1.22301e+06
1805.38	  1.22153e+06
1806.47	  1.22005e+06
1807.58	  1.21857e+06
1808.67	  1.21709e+06
1809.78	  1.21562e+06
1810.88	  1.21414e+06
1811.97	  1.21267e+06
1813.08	  1.2112e+06
1814.17	  1.20973e+06
1815.28	  1.20826e+06
1816.38	  1.20679e+06
1817.47	  1.20533e+06
1818.58	  1.20387e+06
1819.67	  1.2024e+06
1820.78	  1.20094e+06
1821.88	  1.19949e+06
1822.97	  1.19803e+06
1824.08	  1.19658e+06
1825.17	  1.19512e+06
1826.28	  1.19367e+06
1827.38	  1.19222e+06
1828.47	  1.19077e+06
1829.58	  1.18933e+06
1830.67	  1.18788e+06
1831.78	  1.18644e+06
1832.88	  1.185e+06
1833.97	  1.18356e+06
1835.08	  1.18212e+06
1836.17	  1.18068e+06
1837.28	  1.17925e+06
1838.38	  1.17781e+06
1839.47	  1.17638e+06
1840.58	  1.17495e+06
1841.67	  1.17352e+06
1842.78	  1.1721e+06
1843.88	  1.17067e+06
1844.97	  1.16925e+06
1846.08	  1.16782e+06
1847.17	  1.1664e+06
1848.28	  1.16498e+06
1849.38	  1.16357e+06
1850.47	  1.16215e+06
1851.58	  1.16074e+06
1852.67	  1.15933e+06
1853.78	  1.15791e+06
1854.88	  1.15651e+06
1855.97	  1.1551e+06
1857.08	  1.15369e+06
1858.17	  1.15229e+06
1859.28	  1.15088e+06
1860.38	  1.14948e+06
1861.47	  1.14808e+06
1862.58	  1.14669e+06
1863.67	  1.14529e+06
1864.78	  1.14389e+06
1865.88	  1.1425e+06
1866.97	  1.14111e+06
1868.08	  1.13972e+06
1869.17	  1.13833e+06
1870.28	  1.13694e+06
1871.38	  1.13556e+06
1872.47	  1.13418e+06
1873.58	  1.13279e+06
1874.67	  1.13141e+06
1875.78	  1.13003e+06
1876.88	  1.12866e+06
1877.97	  1.12728e+06
1879.08	  1.12591e+06
1880.17	  1.12454e+06
1881.28	  1.12316e+06
1882.38	  1.12179e+06
1883.47	  1.12043e+06
1884.58	  1.11906e+06
1885.67	  1.1177e+06
1886.78	  1.11633e+06
1887.88	  1.11497e+06
1888.97	  1.11361e+06
1890.08	  1.11225e+06
1891.17	  1.1109e+06
1892.28	  1.10954e+06
1893.38	  1.10819e+06
1894.47	  1.10684e+06
1895.58	  1.10549e+06
1896.67	  1.10414e+06
1897.78	  1.10279e+06
1898.88	  1.10144e+06
1899.97	  1.1001e+06
1901.08	  1.09876e+06
1902.17	  1.09742e+06
1903.28	  1.09608e+06
1904.38	  1.09474e+06
1905.47	  1.0934e+06
1906.58	  1.09207e+06
1907.67	  1.09073e+06
1908.78	  1.0894e+06
1909.88	  1.08807e+06
1910.97	  1.08674e+06
1912.08	  1.08542e+06
1913.17	  1.08409e+06
1914.28	  1.08277e+06
1915.38	  1.08145e+06
1916.47	  1.08012e+06
1917.58	  1.07881e+06
1918.67	  1.07749e+06
1919.78	  1.07617e+06
1920.88	  1.07486e+06
1921.97	  1.07354e+06
1923.08	  1.07223e+06
1924.17	  1.07092e+06
1925.28	  1.06961e+06
1926.38	  1.06831e+06
1927.47	  1.067e+06
1928.58	  1.0657e+06
1929.67	  1.06439e+06
1930.78	  1.06309e+06
1931.88	  1.06179e+06
1932.97	  1.0605e+06
1934.08	  1.0592e+06
1935.17	  1.05791e+06
1936.28	  1.05661e+06
1937.38	  1.05532e+06
1938.47	  1.05403e+06
1939.58	  1.05274e+06
1940.67	  1.05146e+06
1941.78	  1.05017e+06
1942.88	  1.04889e+06
1943.97	  1.0476e+06
1945.08	  1.04632e+06
1946.17	  1.04504e+06
1947.28	  1.04376e+06
1948.38	  1.04249e+06
1949.47	  1.04121e+06
1950.58	  1.03994e+06
1951.67	  1.03867e+06
1952.78	  1.0374e+06
1953.88	  1.03613e+06
1954.97	  1.03486e+06
1956.08	  1.03359e+06
1957.17	  1.03233e+06
1958.28	  1.03107e+06
1959.38	  1.02981e+06
1960.47	  1.02855e+06
1961.58	  1.02729e+06
1962.67	  1.02603e+06
1963.78	  1.02477e+06
1964.88	  1.02352e+06
1965.97	  1.02227e+06
1967.08	  1.02102e+06
1968.17	  1.01977e+06
1969.28	  1.01852e+06
1970.38	  1.01727e+06
1971.47	  1.01603e+06
1972.58	  1.01478e+06
1973.67	  1.01354e+06
1974.78	  1.0123e+06
1975.88	  1.01106e+06
1976.97	  1.00982e+06
1978.08	  1.00859e+06
1979.17	  1.00735e+06
1980.28	  1.00612e+06
1981.38	  1.00489e+06
1982.47	  1.00366e+06
1983.58	  1.00243e+06
1984.67	  1.0012e+06
1985.78	  999976
1986.88	  998751
1987.97	  997528
1989.08	  996307
1990.17	  995087
1991.28	  993868
1992.38	  992651
1993.47	  991435
1994.58	  990221
1995.67	  989008
1996.78	  987797
1997.88	  986587
1998.97	  985379
2000.08	  984172
2001.17	  982966
2002.28	  981762
2003.38	  980560
2004.47	  979358
2005.58	  978159
2006.67	  976960
2007.78	  975764
2008.88	  974568
2009.97	  973374
2011.08	  972182
2012.17	  970991
2013.28	  969801
2014.38	  968613
2015.47	  967426
2016.58	  966241
2017.67	  965057
2018.78	  963874
2019.88	  962693
2020.97	  961513
2022.08	  960335
2023.18	  959158
2024.28	  957983
2025.38	  956809
2026.47	  955636
2027.58	  954465
2028.68	  953295
2029.78	  952127
2030.88	  950960
2031.97	  949795
2033.08	  948631
2034.18	  947468
2035.28	  946307
2036.38	  945147
2037.47	  943989
2038.58	  942832
2039.68	  941676
2040.78	  940522
2041.88	  939369
2042.97	  938217
2044.08	  937067
2045.18	  935919
2046.28	  934772
2047.38	  933626
2048.47	  932481
2049.57	  931338
2050.68	  930196
2051.78	  929056
2052.88	  927917
2053.97	  926780
2055.07	  925644
2056.18	  924509
2057.28	  923375
2058.38	  922243
2059.47	  921113
2060.57	  919984
2061.68	  918856
2062.78	  917729
2063.88	  916604
2064.97	  915480
2066.07	  914358
2067.18	  913237
2068.28	  912117
2069.38	  910999
2070.47	  909882
2071.57	  908767
2072.68	  907652
2073.78	  906540
2074.88	  905428
2075.97	  904318
2077.07	  903209
2078.18	  902102
2079.28	  900996
2080.38	  899891
2081.47	  898788
2082.57	  897686
2083.68	  896585
2084.78	  895486
2085.88	  894388
2086.97	  893291
2088.07	  892196
2089.18	  891102
2090.28	  890010
2091.38	  888918
2092.47	  887829
2093.57	  886740
2094.68	  885653
2095.78	  884567
2096.88	  883482
2097.97	  882399
2099.07	  881317
2100.18	  880237
2101.28	  879157
2102.38	  878080
2103.47	  877003
2104.57	  875928
2105.68	  874854
2106.78	  873781
2107.88	  872710
2108.97	  871640
2110.07	  870571
2111.18	  869504
2112.28	  868438
2113.38	  867373
2114.47	  866310
2115.57	  865248
2116.68	  864187
2117.78	  863127
2118.88	  862069
2119.97	  861012
2121.07	  859957
2122.18	  858902
2123.28	  857849
2124.38	  856798
2125.47	  855747
2126.57	  854698
2127.68	  853650
2128.78	  852604
2129.88	  851559
2130.97	  850515
2132.07	  849472
2133.18	  848431
2134.28	  847391
2135.38	  846352
2136.47	  845315
2137.57	  844279
2138.68	  843244
2139.78	  842210
2140.88	  841178
2141.97	  840147
2143.07	  839117
2144.18	  838088
2145.28	  837061
2146.38	  836035
2147.47	  835010
2148.57	  833987
2149.68	  832965
2150.78	  831944
2151.88	  830924
2152.97	  829906
2154.07	  828889
2155.18	  827873
2156.28	  826858
2157.38	  825845
2158.47	  824833
2159.57	  823822
2160.68	  822812
2161.78	  821804
2162.88	  820797
2163.97	  819791
2165.07	  818787
2166.18	  817783
2167.28	  816782
2168.38	  815781
2169.47	  814781
2170.57	  813783
2171.68	  812786
2172.78	  811790
2173.88	  810795
2174.97	  809802
2176.07	  808810
2177.18	  807819
2178.28	  806829
2179.38	  805841
2180.47	  804854
2181.57	  803868
2182.68	  802883
2183.78	  801899
2184.88	  800917
2185.97	  799936
2187.07	  798956
2188.18	  797978
2189.28	  797000
2190.38	  796024
2191.47	  795049
2192.57	  794075
2193.68	  793103
2194.78	  792131
2195.88	  791161
2196.97	  790192
2198.07	  789225
2199.18	  788258
2200.28	  787293
2201.38	  786329
2202.47	  785366
2203.57	  784404
2204.68	  783444
2205.78	  782485
2206.88	  781527
2207.97	  780570
2209.07	  779614
2210.18	  778660
2211.28	  777706
2212.38	  776754
2213.47	  775804
2214.57	  774854
2215.68	  773905
2216.78	  772958
2217.88	  772012
2218.97	  771067
2220.07	  770123
2221.18	  769180
2222.28	  768239
2223.38	  767299
2224.47	  766360
2225.57	  765422
2226.68	  764485
2227.78	  763550
2228.88	  762615
2229.97	  761682
2231.07	  760750
2232.18	  759819
2233.28	  758890
2234.38	  757961
2235.47	  757034
2236.57	  756108
2237.68	  755183
2238.78	  754259
2239.88	  753336
2240.97	  752415
2242.07	  751494
2243.18	  750575
2244.28	  749657
2245.38	  748740
2246.47	  747824
2247.57	  746910
2248.68	  745996
2249.78	  745084
2250.88	  744173
2251.97	  743263
2253.07	  742354
2254.18	  741446
2255.28	  740540
2256.38	  739634
2257.47	  738730
2258.57	  737827
2259.68	  736925
2260.78	  736024
2261.88	  735124
2262.97	  734226
2264.07	  733328
2265.18	  732432
2266.28	  731536
2267.38	  730642
2268.47	  729749
2269.57	  728858
2270.68	  727967
2271.78	  727077
2272.88	  726189
2273.97	  725301
2275.07	  724415
2276.18	  723530
2277.28	  722646
2278.38	  721763
2279.47	  720881
2280.57	  719915
2281.68	  719036
2282.78	  718158
2283.88	  717281
2284.97	  716404
2286.07	  715530
2287.18	  714656
2288.28	  713783
2289.38	  712911
2290.47	  712041
2291.57	  711171
2292.68	  710303
2293.78	  709436
2294.88	  708570
2295.97	  707704
2297.07	  706841
2298.18	  705978
2299.28	  705116
2300.38	  704255
2301.47	  703396
2302.57	  702537
2303.68	  701680
2304.78	  700823
2305.88	  699968
2306.97	  699114
2308.07	  698261
2309.18	  697409
2310.28	  696558
2311.38	  695708
2312.47	  694859
2313.57	  694011
2314.68	  693165
2315.78	  692319
2316.88	  691475
2317.97	  690631
2319.07	  689789
2320.18	  688947
2321.28	  688107
2322.38	  687268
2323.47	  686430
2324.57	  685593
2325.68	  684757
2326.78	  683922
2327.88	  683088
2328.97	  682255
2330.07	  681424
2331.18	  680593
2332.28	  679763
2333.38	  678935
2334.47	  678107
2335.57	  677281
2336.68	  676455
2337.78	  675631
2338.88	  674808
2339.97	  673985
2341.07	  673164
2342.18	  672344
2343.28	  671525
2344.38	  670707
2345.47	  669889
2346.57	  669073
2347.68	  668258
2348.78	  667444
2349.88	  666632
2350.97	  665820
2352.07	  665009
2353.18	  664199
2354.28	  663390
2355.38	  662582
2356.47	  661775
2357.57	  660970
2358.68	  660165
2359.78	  659361
2360.88	  658559
2361.97	  657757
2363.07	  656956
2364.18	  656157
2365.28	  655358
2366.38	  654561
2367.47	  653764
2368.57	  652968
2369.68	  652174
2370.78	  651380
2371.88	  650588
2372.97	  649796
2374.07	  649006
2375.18	  648216
2376.28	  647428
2377.38	  646640
2378.47	  645854
2379.57	  645068
2380.68	  644284
2381.78	  643500
2382.88	  642718
2383.97	  641936
2385.07	  641156
2386.18	  640376
2387.28	  639598
2388.38	  638820
2389.47	  638044
2390.57	  637268
2391.68	  636494
2392.78	  635720
2393.88	  634948
2394.97	  634176
2396.07	  633406
2397.18	  632636
2398.28	  631867
2399.38	  631100
2400.47	  630333
2401.57	  629567
2402.68	  628803
2403.78	  628039
2404.88	  627276
2405.97	  626514
2407.07	  625753
2408.18	  624994
2409.28	  624235
2410.38	  623477
2411.47	  622720
2412.57	  621964
2413.68	  621209
2414.78	  620455
2415.88	  619702
2416.97	  618950
2418.07	  618198
2419.18	  617448
2420.28	  616699
2421.38	  615951
2422.47	  615203
2423.57	  614457
2424.68	  613711
2425.78	  612967
2426.88	  612224
2427.97	  611481
2429.07	  610739
2430.18	  609999
2431.28	  609259
2432.38	  608520
2433.47	  607782
2434.57	  607045
2435.68	  606309
2436.78	  605574
2437.88	  604840
2438.97	  604107
2440.07	  603375
2441.18	  602644
2442.28	  601913
2443.38	  601184
2444.47	  600456
2445.57	  599728
2446.68	  599001
2447.78	  598276
2448.88	  597551
2449.97	  596827
2451.07	  596104
2452.18	  595382
2453.28	  594661
2454.38	  593941
2455.47	  593222
2456.57	  592504
2457.68	  591786
2458.78	  591070
2459.88	  590355
2460.97	  589640
2462.07	  588926
2463.18	  588213
2464.28	  587502
2465.38	  586791
2466.47	  586081
2467.57	  585372
2468.68	  584663
2469.78	  583956
2470.88	  583250
2471.97	  582544
2473.07	  581840
2474.18	  581136
2475.28	  580433
2476.38	  579731
2477.47	  579030
