Emission arising from a slab of Hydrogen (both H and H-).
   
Parameters of the slab:
n_e = 3e+13 cm-3
T_e = 9000 K
tau(lambda=300 nm) = 0.3
L = 2.59958e+08 cm
   
Wavelength (nm), Emission (erg s-1 cm-2 nm-1 sr-1)
50	  5.00184
91.2	  4481.3
120	  168650
150	  1.51073e+06
175	  4.93408e+06
200	  1.14589e+07
225	  2.12398e+07
250	  3.36817e+07
270	  4.4842e+07
290	  5.64052e+07
300	  6.21508e+07
305	  6.49846e+07
310	  6.7782e+07
315	  7.05356e+07
320	  7.32387e+07
322.5	  7.45693e+07
325	  7.58849e+07
327	  7.69261e+07
329	  7.79569e+07
329.999	  7.84678e+07
330.266	  7.86039e+07
330.533	  7.87398e+07
330.8	  7.88755e+07
331.067	  7.9011e+07
331.334	  7.91462e+07
331.601	  7.92813e+07
331.868	  7.94162e+07
332.135	  7.95509e+07
332.402	  7.96854e+07
332.669	  7.98197e+07
332.936	  7.99538e+07
333.203	  8.00877e+07
333.47	  8.02214e+07
333.737	  8.03549e+07
334.004	  8.04881e+07
334.271	  8.06212e+07
334.538	  8.07541e+07
334.805	  8.08867e+07
335.072	  8.10192e+07
335.339	  8.11514e+07
335.606	  8.12834e+07
335.873	  8.14152e+07
336.14	  8.15468e+07
336.407	  8.16782e+07
336.674	  8.18094e+07
336.941	  8.19404e+07
337.208	  8.20711e+07
337.475	  8.22017e+07
337.742	  8.2332e+07
338.009	  8.24621e+07
338.276	  8.2592e+07
338.543	  8.27217e+07
338.81	  8.28511e+07
339.077	  8.29804e+07
339.344	  8.31094e+07
339.611	  8.32382e+07
339.878	  8.33668e+07
340.145	  8.34951e+07
340.412	  8.36232e+07
340.679	  8.37512e+07
340.946	  8.38788e+07
341.213	  8.40063e+07
341.48	  8.41335e+07
341.747	  8.42606e+07
342.014	  8.43873e+07
342.281	  8.45139e+07
342.548	  8.46403e+07
342.815	  8.47664e+07
343.082	  8.48922e+07
343.349	  8.50179e+07
343.616	  8.51433e+07
343.883	  8.52685e+07
344.15	  8.53935e+07
344.417	  8.55182e+07
344.684	  8.56427e+07
344.951	  8.5767e+07
345.218	  8.5891e+07
345.485	  8.60148e+07
345.752	  8.61384e+07
346.019	  8.62617e+07
346.286	  8.63848e+07
346.553	  8.65076e+07
346.82	  8.66303e+07
347.087	  8.67527e+07
347.354	  8.68748e+07
347.621	  8.69967e+07
347.888	  8.71184e+07
348.155	  8.72398e+07
348.422	  8.7361e+07
348.689	  8.7482e+07
348.956	  8.76027e+07
349.223	  8.77232e+07
349.49	  8.78434e+07
349.757	  8.79634e+07
350.024	  8.80831e+07
350.291	  8.82026e+07
350.558	  8.83219e+07
350.825	  8.84409e+07
351.092	  8.85597e+07
351.359	  8.86782e+07
351.626	  8.87965e+07
351.893	  8.89145e+07
352.16	  8.90323e+07
352.427	  8.91498e+07
352.694	  8.92671e+07
352.961	  8.93842e+07
353.228	  8.9501e+07
353.495	  8.96175e+07
353.762	  8.97338e+07
354.029	  8.98498e+07
354.296	  8.99656e+07
354.563	  9.00812e+07
354.83	  9.01965e+07
355.097	  9.03115e+07
355.364	  9.04263e+07
355.631	  9.05408e+07
355.898	  9.06551e+07
356.165	  9.07692e+07
356.432	  9.08829e+07
356.699	  9.09965e+07
356.966	  9.11097e+07
357.233	  9.12227e+07
357.5	  9.13355e+07
357.767	  9.1448e+07
358.034	  9.15602e+07
358.301	  9.16722e+07
358.568	  9.17839e+07
358.835	  9.18954e+07
359.102	  9.20066e+07
359.369	  9.21176e+07
359.636	  9.22283e+07
359.903	  9.23387e+07
360.17	  9.24489e+07
360.437	  9.25588e+07
360.704	  9.26685e+07
360.971	  9.27779e+07
361.238	  9.2887e+07
361.505	  9.29959e+07
361.772	  9.31045e+07
362.039	  9.32128e+07
362.306	  9.33209e+07
362.573	  9.34288e+07
363	  9.36007e+07
363.027	  9.36115e+07
363.054	  9.36222e+07
363.08	  9.36329e+07
363.107	  9.36436e+07
363.134	  9.36543e+07
363.16	  9.3665e+07
363.187	  9.36758e+07
363.214	  9.36865e+07
363.24	  9.36972e+07
363.267	  9.37079e+07
363.294	  9.37186e+07
363.321	  9.37293e+07
363.347	  9.374e+07
363.374	  9.37507e+07
363.401	  9.37613e+07
363.427	  9.3772e+07
363.454	  9.37827e+07
363.481	  9.37934e+07
363.508	  9.38041e+07
363.534	  9.38147e+07
363.561	  9.38254e+07
363.588	  9.38361e+07
363.614	  9.38468e+07
363.641	  9.38574e+07
363.668	  9.38681e+07
363.694	  9.38787e+07
363.721	  9.38894e+07
363.748	  9.39001e+07
363.774	  9.39107e+07
363.801	  9.39214e+07
363.828	  9.3932e+07
363.855	  9.39426e+07
363.881	  9.39533e+07
363.908	  9.39639e+07
363.935	  9.39746e+07
363.961	  9.39852e+07
363.988	  9.39958e+07
364.015	  9.40065e+07
364.041	  9.40171e+07
364.068	  9.40277e+07
364.095	  9.40383e+07
364.122	  9.40489e+07
364.148	  9.40596e+07
364.175	  9.40702e+07
364.202	  9.40808e+07
364.228	  9.40914e+07
364.255	  9.4102e+07
364.282	  9.41126e+07
364.308	  9.41232e+07
364.335	  9.41338e+07
364.362	  9.41444e+07
364.389	  9.4155e+07
364.415	  9.41656e+07
364.442	  9.41761e+07
364.469	  9.41867e+07
364.495	  9.41973e+07
364.522	  9.42079e+07
364.549	  9.42185e+07
364.575	  9.42291e+07
364.602	  9.42396e+07
364.629	  9.42502e+07
364.656	  9.42607e+07
364.682	  9.42713e+07
364.709	  9.42819e+07
364.736	  5.21327e+06
364.762	  5.21411e+06
364.789	  5.21495e+06
364.816	  5.21579e+06
364.842	  5.21664e+06
364.869	  5.21748e+06
364.896	  5.21832e+06
364.923	  5.21916e+06
364.949	  5.22e+06
364.976	  5.22084e+06
365.003	  5.22168e+06
365.029	  5.22252e+06
365.056	  5.22336e+06
365.083	  5.2242e+06
365.11	  5.22504e+06
365.136	  5.22588e+06
365.163	  5.22672e+06
365.19	  5.22756e+06
365.216	  5.2284e+06
365.243	  5.22924e+06
365.27	  5.23008e+06
365.296	  5.23092e+06
365.323	  5.23176e+06
365.35	  5.2326e+06
365.377	  5.23344e+06
365.403	  5.23428e+06
365.43	  5.23512e+06
365.457	  5.23596e+06
365.483	  5.2368e+06
365.51	  5.23764e+06
365.537	  5.23848e+06
365.563	  5.23932e+06
365.59	  5.24016e+06
365.617	  5.241e+06
365.643	  5.24184e+06
365.67	  5.24268e+06
365.697	  5.24351e+06
365.724	  5.24435e+06
365.75	  5.24519e+06
365.777	  5.24603e+06
365.804	  5.24687e+06
365.83	  5.24771e+06
365.857	  5.24855e+06
365.884	  5.24939e+06
365.91	  5.25023e+06
365.937	  5.25107e+06
365.964	  5.2519e+06
365.991	  5.25274e+06
365.991	  5.25274e+06
366.258	  5.26113e+06
366.525	  5.26951e+06
366.792	  5.27788e+06
367.059	  5.28625e+06
367.326	  5.29461e+06
367.593	  5.30297e+06
367.86	  5.31132e+06
368.127	  5.31967e+06
368.394	  5.32802e+06
368.661	  5.33635e+06
368.928	  5.34469e+06
369.195	  5.35301e+06
369.462	  5.36134e+06
369.729	  5.36965e+06
369.996	  5.37797e+06
370.263	  5.38627e+06
370.53	  5.39457e+06
370.797	  5.40287e+06
371.064	  5.41116e+06
371.331	  5.41945e+06
371.598	  5.42772e+06
371.865	  5.436e+06
372.132	  5.44427e+06
372.399	  5.45253e+06
372.666	  5.46079e+06
372.933	  5.46904e+06
373.2	  5.47729e+06
373.467	  5.48553e+06
373.734	  5.49376e+06
374.001	  5.50199e+06
374.268	  5.51022e+06
374.535	  5.51844e+06
374.802	  5.52665e+06
375.069	  5.53486e+06
375.336	  5.54306e+06
375.603	  5.55125e+06
375.87	  5.55944e+06
376.137	  5.56763e+06
376.404	  5.57581e+06
376.671	  5.58398e+06
376.938	  5.59215e+06
377.205	  5.60031e+06
377.472	  5.60846e+06
377.739	  5.61661e+06
378.006	  5.62475e+06
378.273	  5.63289e+06
378.54	  5.64102e+06
378.807	  5.64915e+06
379.074	  5.65727e+06
379.341	  5.66538e+06
379.608	  5.67349e+06
379.875	  5.68159e+06
380.142	  5.68969e+06
380.409	  5.69778e+06
380.676	  5.70586e+06
380.943	  5.71394e+06
381.21	  5.72201e+06
381.477	  5.73007e+06
381.744	  5.73813e+06
382.011	  5.74618e+06
382.278	  5.75423e+06
382.545	  5.76227e+06
382.812	  5.7703e+06
383.079	  5.77833e+06
383.346	  5.78635e+06
383.613	  5.79437e+06
383.88	  5.80238e+06
384.147	  5.81038e+06
384.414	  5.81837e+06
384.681	  5.82636e+06
384.948	  5.83435e+06
385.215	  5.84233e+06
385.482	  5.8503e+06
385.749	  5.85826e+06
386.016	  5.86622e+06
386.283	  5.87417e+06
386.55	  5.88211e+06
386.817	  5.89005e+06
387.084	  5.89798e+06
387.351	  5.90591e+06
387.618	  5.91383e+06
387.885	  5.92174e+06
388.152	  5.92965e+06
388.419	  5.93754e+06
388.686	  5.94544e+06
388.953	  5.95332e+06
389.22	  5.9612e+06
389.487	  5.96908e+06
389.754	  5.97694e+06
390.021	  5.9848e+06
390.288	  5.99265e+06
390.555	  6.0005e+06
390.822	  6.00834e+06
391.089	  6.01617e+06
391.356	  6.024e+06
391.623	  6.03182e+06
391.89	  6.03963e+06
392.157	  6.04743e+06
392.424	  6.05523e+06
392.691	  6.06302e+06
392.958	  6.07081e+06
393.225	  6.07859e+06
393.492	  6.08636e+06
393.759	  6.09412e+06
394.026	  6.10188e+06
394.293	  6.10963e+06
394.56	  6.11737e+06
394.827	  6.12511e+06
395.094	  6.13284e+06
395.361	  6.14056e+06
395.628	  6.14828e+06
395.895	  6.15599e+06
396.162	  6.16369e+06
396.429	  6.17138e+06
396.696	  6.17907e+06
396.963	  6.18675e+06
397.23	  6.19443e+06
397.497	  6.20209e+06
397.764	  6.20975e+06
398.031	  6.21741e+06
398.298	  6.22505e+06
398.565	  6.23269e+06
398.832	  6.24032e+06
399.099	  6.24794e+06
399.366	  6.25556e+06
399.633	  6.26317e+06
399.9	  6.27077e+06
400.167	  6.27837e+06
400.434	  6.28596e+06
400.701	  6.29354e+06
400.968	  6.30111e+06
401.235	  6.30868e+06
401.502	  6.31624e+06
401.769	  6.32379e+06
402.036	  6.33133e+06
402.303	  6.33887e+06
402.57	  6.3464e+06
402.837	  6.35392e+06
403.104	  6.36144e+06
403.371	  6.36895e+06
403.638	  6.37644e+06
403.905	  6.38394e+06
404.172	  6.39142e+06
404.439	  6.3989e+06
404.706	  6.40637e+06
404.973	  6.41384e+06
405.24	  6.42129e+06
405.507	  6.42874e+06
405.774	  6.43618e+06
406.041	  6.44362e+06
406.308	  6.45104e+06
406.575	  6.45846e+06
406.842	  6.46587e+06
407.109	  6.47328e+06
407.376	  6.48067e+06
407.643	  6.48806e+06
407.91	  6.49545e+06
408.177	  6.50282e+06
408.444	  6.51019e+06
408.711	  6.51754e+06
408.978	  6.5249e+06
409.245	  6.53224e+06
409.512	  6.53957e+06
409.779	  6.5469e+06
410.046	  6.55422e+06
410.313	  6.56154e+06
410.58	  6.56884e+06
410.847	  6.57614e+06
411.114	  6.58343e+06
411.381	  6.59071e+06
411.648	  6.59799e+06
411.915	  6.60526e+06
412.182	  6.61252e+06
412.449	  6.61977e+06
412.716	  6.62701e+06
412.983	  6.63425e+06
413.25	  6.64148e+06
413.517	  6.6487e+06
413.784	  6.65591e+06
414.051	  6.66312e+06
414.318	  6.67031e+06
414.585	  6.6775e+06
414.852	  6.68469e+06
415.119	  6.69186e+06
415.386	  6.69903e+06
415.653	  6.70619e+06
415.92	  6.71334e+06
416.187	  6.72048e+06
416.454	  6.72762e+06
416.721	  6.73474e+06
416.988	  6.74186e+06
417.255	  6.74898e+06
417.522	  6.75608e+06
417.789	  6.76318e+06
418.056	  6.77026e+06
418.323	  6.77735e+06
418.59	  6.78442e+06
418.857	  6.79148e+06
419.124	  6.79854e+06
419.391	  6.80559e+06
419.658	  6.81263e+06
419.925	  6.81966e+06
420.192	  6.82669e+06
420.459	  6.8337e+06
420.726	  6.84071e+06
420.993	  6.84771e+06
421.26	  6.85471e+06
421.527	  6.86169e+06
421.794	  6.86867e+06
422.061	  6.87564e+06
422.328	  6.8826e+06
422.595	  6.88955e+06
422.862	  6.8965e+06
423.129	  6.90344e+06
423.396	  6.91037e+06
423.663	  6.91729e+06
423.93	  6.9242e+06
424.197	  6.9311e+06
424.464	  6.938e+06
424.731	  6.94489e+06
424.998	  6.95177e+06
425.265	  6.95864e+06
425.532	  6.96551e+06
425.799	  6.97237e+06
426.066	  6.97921e+06
426.333	  6.98605e+06
426.6	  6.99289e+06
426.867	  6.99971e+06
427.134	  7.00653e+06
427.401	  7.01334e+06
427.668	  7.02014e+06
427.935	  7.02693e+06
428.202	  7.03371e+06
428.469	  7.04049e+06
428.736	  7.04725e+06
429.003	  7.05401e+06
429.27	  7.06076e+06
429.537	  7.06751e+06
429.804	  7.07424e+06
430.071	  7.08097e+06
430.338	  7.08769e+06
430.605	  7.0944e+06
430.872	  7.1011e+06
431.139	  7.10779e+06
431.406	  7.11448e+06
431.673	  7.12116e+06
431.94	  7.12783e+06
432.207	  7.13449e+06
432.474	  7.14114e+06
432.741	  7.14778e+06
433.008	  7.15442e+06
433.275	  7.16105e+06
433.542	  7.16767e+06
433.809	  7.17428e+06
434.076	  7.18088e+06
434.343	  7.18748e+06
434.61	  7.19406e+06
434.877	  7.20064e+06
435.144	  7.20721e+06
435.411	  7.21378e+06
435.678	  7.22033e+06
435.945	  7.22687e+06
436.212	  7.23341e+06
436.479	  7.23994e+06
436.746	  7.24646e+06
437.013	  7.25297e+06
437.28	  7.25948e+06
437.547	  7.26597e+06
437.814	  7.27246e+06
438.081	  7.27894e+06
438.348	  7.28541e+06
438.615	  7.29187e+06
438.882	  7.29833e+06
439.149	  7.30477e+06
439.416	  7.31121e+06
439.683	  7.31764e+06
439.95	  7.32406e+06
440.217	  7.33047e+06
440.484	  7.33688e+06
440.751	  7.34327e+06
441.018	  7.34966e+06
441.285	  7.35604e+06
441.552	  7.36241e+06
441.819	  7.36877e+06
442.086	  7.37512e+06
442.353	  7.38147e+06
442.62	  7.38781e+06
442.887	  7.39414e+06
443.154	  7.40046e+06
443.421	  7.40677e+06
443.688	  7.41307e+06
443.955	  7.41937e+06
444.222	  7.42565e+06
444.489	  7.43193e+06
444.756	  7.4382e+06
445.023	  7.44446e+06
445.29	  7.45072e+06
445.557	  7.45696e+06
445.824	  7.4632e+06
446.091	  7.46943e+06
446.358	  7.47565e+06
446.625	  7.48186e+06
446.892	  7.48806e+06
447.159	  7.49425e+06
447.426	  7.50044e+06
447.693	  7.50662e+06
447.96	  7.51279e+06
448.227	  7.51895e+06
448.494	  7.5251e+06
448.761	  7.53124e+06
449.028	  7.53738e+06
449.295	  7.5435e+06
449.562	  7.54962e+06
449.829	  7.55573e+06
450.096	  7.56183e+06
450.363	  7.56793e+06
450.63	  7.57401e+06
450.897	  7.58009e+06
451.164	  7.58615e+06
451.431	  7.59221e+06
451.698	  7.59826e+06
451.965	  7.60431e+06
452.232	  7.61034e+06
452.499	  7.61637e+06
452.766	  7.62238e+06
453.033	  7.62839e+06
453.3	  7.63439e+06
453.567	  7.64038e+06
453.834	  7.64636e+06
454.101	  7.65234e+06
454.368	  7.65831e+06
454.635	  7.66426e+06
454.902	  7.67021e+06
455.169	  7.67615e+06
455.436	  7.68209e+06
455.703	  7.68801e+06
455.97	  7.69392e+06
456.237	  7.69983e+06
456.504	  7.70573e+06
456.771	  7.71162e+06
457.038	  7.7175e+06
457.305	  7.72337e+06
457.572	  7.72924e+06
457.839	  7.73509e+06
458.106	  7.74094e+06
458.373	  7.74678e+06
458.64	  7.75261e+06
458.907	  7.75843e+06
459.174	  7.76424e+06
459.441	  7.77005e+06
459.708	  7.77584e+06
459.975	  7.78163e+06
460.242	  7.78741e+06
460.509	  7.79318e+06
460.776	  7.79894e+06
461.043	  7.8047e+06
461.31	  7.81044e+06
461.577	  7.81618e+06
461.844	  7.82191e+06
462.111	  7.82763e+06
462.378	  7.83334e+06
462.645	  7.83904e+06
462.912	  7.84474e+06
463.179	  7.85042e+06
463.446	  7.8561e+06
463.713	  7.86177e+06
463.98	  7.86743e+06
464.247	  7.87308e+06
464.514	  7.87873e+06
464.781	  7.88436e+06
465.048	  7.88999e+06
465.315	  7.8956e+06
465.582	  7.90121e+06
465.849	  7.90681e+06
466.116	  7.91241e+06
466.383	  7.91799e+06
466.65	  7.92357e+06
466.917	  7.92913e+06
467.184	  7.93469e+06
467.451	  7.94024e+06
467.718	  7.94578e+06
467.985	  7.95132e+06
468.252	  7.95684e+06
468.519	  7.96236e+06
468.786	  7.96786e+06
469.053	  7.97336e+06
469.32	  7.97885e+06
469.587	  7.98434e+06
469.854	  7.98981e+06
470.121	  7.99527e+06
470.388	  8.00073e+06
470.655	  8.00618e+06
470.922	  8.01162e+06
471.189	  8.01705e+06
471.456	  8.02247e+06
471.723	  8.02789e+06
471.99	  8.03329e+06
472.257	  8.03869e+06
472.524	  8.04408e+06
472.791	  8.04946e+06
473.058	  8.05483e+06
473.325	  8.06019e+06
473.592	  8.06555e+06
473.859	  8.07089e+06
474.126	  8.07623e+06
474.393	  8.08156e+06
474.66	  8.08688e+06
474.927	  8.09219e+06
475.194	  8.0975e+06
475.461	  8.10279e+06
475.728	  8.10808e+06
475.995	  8.11336e+06
476.262	  8.11863e+06
476.529	  8.12389e+06
476.796	  8.12914e+06
477.063	  8.13439e+06
477.33	  8.13962e+06
477.597	  8.14485e+06
477.864	  8.15007e+06
478.131	  8.15528e+06
478.398	  8.16048e+06
478.665	  8.16568e+06
478.932	  8.17086e+06
479.199	  8.17604e+06
479.466	  8.18121e+06
479.733	  8.18637e+06
480	  8.19152e+06
480.267	  8.19666e+06
480.534	  8.2018e+06
480.801	  8.20693e+06
481.068	  8.21204e+06
481.335	  8.21715e+06
481.602	  8.22225e+06
481.869	  8.22735e+06
482.136	  8.23243e+06
482.403	  8.23751e+06
482.67	  8.24257e+06
482.937	  8.24763e+06
483.204	  8.25268e+06
483.471	  8.25772e+06
483.738	  8.26276e+06
484.005	  8.26778e+06
484.272	  8.2728e+06
484.539	  8.27781e+06
484.806	  8.28281e+06
485.073	  8.2878e+06
485.34	  8.29278e+06
485.607	  8.29776e+06
485.874	  8.30273e+06
486.141	  8.30768e+06
486.408	  8.31263e+06
486.675	  8.31758e+06
486.942	  8.32251e+06
487.209	  8.32743e+06
487.476	  8.33235e+06
487.743	  8.33726e+06
488.01	  8.34216e+06
488.277	  8.34705e+06
488.544	  8.35193e+06
488.811	  8.3568e+06
489.078	  8.36167e+06
489.345	  8.36653e+06
489.612	  8.37138e+06
489.879	  8.37622e+06
490.146	  8.38105e+06
490.413	  8.38587e+06
490.68	  8.39069e+06
490.947	  8.3955e+06
491.214	  8.4003e+06
491.481	  8.40509e+06
491.748	  8.40987e+06
492.015	  8.41464e+06
492.282	  8.41941e+06
492.549	  8.42417e+06
492.816	  8.42892e+06
493.083	  8.43366e+06
493.35	  8.43839e+06
493.617	  8.44311e+06
493.884	  8.44783e+06
494.151	  8.45254e+06
494.418	  8.45724e+06
494.685	  8.46193e+06
494.952	  8.46661e+06
495.219	  8.47128e+06
495.486	  8.47595e+06
495.753	  8.48061e+06
496.02	  8.48526e+06
496.287	  8.4899e+06
496.554	  8.49453e+06
496.821	  8.49916e+06
497.088	  8.50377e+06
497.355	  8.50838e+06
497.622	  8.51298e+06
497.889	  8.51757e+06
498.156	  8.52215e+06
498.423	  8.52673e+06
498.69	  8.5313e+06
498.957	  8.53586e+06
499.224	  8.54041e+06
499.491	  8.54495e+06
499.758	  8.54948e+06
500.025	  8.55401e+06
500.292	  8.55852e+06
500.559	  8.56303e+06
500.826	  8.56753e+06
501.093	  8.57203e+06
501.36	  8.57651e+06
501.627	  8.58099e+06
501.894	  8.58546e+06
502.161	  8.58991e+06
502.428	  8.59437e+06
502.695	  8.59881e+06
502.962	  8.60325e+06
503.229	  8.60767e+06
503.496	  8.61209e+06
503.763	  8.6165e+06
504.03	  8.6209e+06
504.297	  8.6253e+06
504.564	  8.62968e+06
504.831	  8.63406e+06
505.098	  8.63843e+06
505.365	  8.64279e+06
505.632	  8.64715e+06
505.899	  8.65149e+06
506.166	  8.65583e+06
506.433	  8.66016e+06
506.7	  8.66448e+06
506.967	  8.66879e+06
507.234	  8.6731e+06
507.501	  8.67739e+06
507.768	  8.68168e+06
508.035	  8.68596e+06
508.302	  8.69023e+06
508.569	  8.6945e+06
508.836	  8.69875e+06
509.103	  8.703e+06
509.37	  8.70724e+06
509.637	  8.71147e+06
509.904	  8.71569e+06
510.171	  8.71991e+06
510.438	  8.72412e+06
510.705	  8.72832e+06
510.972	  8.73251e+06
511.239	  8.73669e+06
511.506	  8.74086e+06
511.773	  8.74503e+06
512.04	  8.74919e+06
512.307	  8.75334e+06
512.574	  8.75748e+06
512.841	  8.76162e+06
513.108	  8.76574e+06
513.375	  8.76986e+06
513.642	  8.77397e+06
513.909	  8.77808e+06
514.176	  8.78217e+06
514.443	  8.78626e+06
514.71	  8.79034e+06
514.977	  8.79441e+06
515.244	  8.79847e+06
515.511	  8.80252e+06
515.778	  8.80657e+06
516.045	  8.81061e+06
516.312	  8.81464e+06
516.579	  8.81866e+06
516.846	  8.82267e+06
517.113	  8.82668e+06
517.38	  8.83068e+06
517.647	  8.83467e+06
517.914	  8.83865e+06
518.181	  8.84263e+06
518.448	  8.84659e+06
518.715	  8.85055e+06
518.982	  8.8545e+06
519.249	  8.85845e+06
519.516	  8.86238e+06
519.783	  8.86631e+06
520.05	  8.87023e+06
520.317	  8.87414e+06
520.584	  8.87804e+06
520.851	  8.88194e+06
521.118	  8.88582e+06
521.385	  8.8897e+06
521.652	  8.89358e+06
521.919	  8.89744e+06
522.186	  8.9013e+06
522.453	  8.90514e+06
522.72	  8.90898e+06
522.987	  8.91281e+06
523.254	  8.91664e+06
523.521	  8.92046e+06
523.788	  8.92426e+06
524.055	  8.92807e+06
524.322	  8.93186e+06
524.589	  8.93564e+06
524.856	  8.93942e+06
525.123	  8.94319e+06
525.39	  8.94695e+06
525.657	  8.95071e+06
525.924	  8.95445e+06
526.191	  8.95819e+06
526.458	  8.96192e+06
526.725	  8.96564e+06
526.992	  8.96936e+06
527.259	  8.97306e+06
527.526	  8.97676e+06
527.793	  8.98045e+06
528.06	  8.98414e+06
528.327	  8.98781e+06
528.594	  8.99148e+06
528.861	  8.99514e+06
529.128	  8.99879e+06
529.395	  9.00244e+06
529.662	  9.00608e+06
529.929	  9.00971e+06
530.196	  9.01333e+06
530.463	  9.01694e+06
530.73	  9.02055e+06
530.997	  9.02415e+06
531.264	  9.02774e+06
531.531	  9.03132e+06
531.798	  9.03489e+06
532.065	  9.03846e+06
532.332	  9.04202e+06
532.599	  9.04557e+06
532.866	  9.04912e+06
533.133	  9.05266e+06
533.4	  9.05618e+06
533.667	  9.05971e+06
533.934	  9.06322e+06
534.201	  9.06673e+06
534.468	  9.07022e+06
534.735	  9.07372e+06
535.002	  9.0772e+06
535.269	  9.08067e+06
535.536	  9.08414e+06
535.803	  9.0876e+06
536.07	  9.09106e+06
536.337	  9.0945e+06
536.604	  9.09794e+06
536.871	  9.10137e+06
537.138	  9.10479e+06
537.405	  9.10821e+06
537.672	  9.11161e+06
537.939	  9.11501e+06
538.206	  9.1184e+06
538.473	  9.12179e+06
538.74	  9.12517e+06
539.007	  9.12853e+06
539.274	  9.1319e+06
539.541	  9.13525e+06
539.808	  9.1386e+06
540.075	  9.14194e+06
540.342	  9.14527e+06
540.609	  9.14859e+06
540.876	  9.15191e+06
541.143	  9.15522e+06
541.41	  9.15852e+06
541.677	  9.16181e+06
541.944	  9.1651e+06
542.211	  9.16838e+06
542.478	  9.17165e+06
542.745	  9.17491e+06
543.012	  9.17817e+06
543.279	  9.18142e+06
543.546	  9.18466e+06
543.813	  9.1879e+06
544.08	  9.19112e+06
544.347	  9.19434e+06
544.614	  9.19755e+06
544.881	  9.20076e+06
545.148	  9.20396e+06
545.415	  9.20714e+06
545.682	  9.21033e+06
545.949	  9.2135e+06
546.216	  9.21667e+06
546.483	  9.21983e+06
546.75	  9.22298e+06
547.017	  9.22613e+06
547.284	  9.22927e+06
547.551	  9.2324e+06
547.818	  9.23552e+06
548.085	  9.23863e+06
548.352	  9.24174e+06
548.619	  9.24484e+06
548.886	  9.24794e+06
549.153	  9.25102e+06
549.42	  9.2541e+06
549.687	  9.25717e+06
549.954	  9.26024e+06
550.221	  9.2633e+06
550.488	  9.26635e+06
550.755	  9.26939e+06
551.022	  9.27242e+06
551.289	  9.27545e+06
551.556	  9.27847e+06
551.823	  9.28148e+06
552.09	  9.28449e+06
552.357	  9.28749e+06
552.624	  9.29048e+06
552.891	  9.29347e+06
553.158	  9.29644e+06
553.425	  9.29941e+06
553.692	  9.30237e+06
553.959	  9.30533e+06
554.226	  9.30828e+06
554.493	  9.31122e+06
554.76	  9.31415e+06
555.027	  9.31708e+06
555.294	  9.32e+06
555.561	  9.32291e+06
555.828	  9.32581e+06
556.095	  9.32871e+06
556.362	  9.3316e+06
556.629	  9.33448e+06
556.896	  9.33736e+06
557.163	  9.34023e+06
557.43	  9.34309e+06
557.697	  9.34595e+06
557.964	  9.34879e+06
558.231	  9.35163e+06
558.498	  9.35447e+06
558.765	  9.35729e+06
559.032	  9.36011e+06
559.299	  9.36292e+06
559.566	  9.36573e+06
560.009	  9.37037e+06
560.296	  9.37336e+06
560.583	  9.37635e+06
560.87	  9.37932e+06
561.157	  9.38229e+06
561.444	  9.38525e+06
561.731	  9.38821e+06
562.018	  9.39115e+06
562.305	  9.39409e+06
562.592	  9.39702e+06
562.879	  9.39994e+06
563.166	  9.40285e+06
563.453	  9.40576e+06
563.74	  9.40865e+06
564.027	  9.41154e+06
564.314	  9.41442e+06
564.601	  9.41729e+06
564.888	  9.42016e+06
565.175	  9.42301e+06
565.462	  9.42586e+06
565.749	  9.4287e+06
566.036	  9.43153e+06
566.323	  9.43436e+06
566.61	  9.43717e+06
566.897	  9.43998e+06
567.184	  9.44278e+06
567.471	  9.44557e+06
567.758	  9.44836e+06
568.045	  9.45113e+06
568.332	  9.4539e+06
568.619	  9.45666e+06
568.906	  9.45941e+06
569.193	  9.46215e+06
569.48	  9.46489e+06
569.767	  9.46762e+06
570.054	  9.47034e+06
570.341	  9.47305e+06
570.628	  9.47575e+06
570.915	  9.47845e+06
571.202	  9.48114e+06
571.489	  9.48382e+06
571.776	  9.48649e+06
572.063	  9.48916e+06
572.35	  9.49181e+06
572.637	  9.49446e+06
572.924	  9.4971e+06
573.211	  9.49974e+06
573.498	  9.50236e+06
573.785	  9.50498e+06
574.072	  9.50759e+06
574.359	  9.51019e+06
574.646	  9.51278e+06
574.933	  9.51537e+06
575.22	  9.51795e+06
575.507	  9.52052e+06
575.794	  9.52308e+06
576.081	  9.52564e+06
576.368	  9.52819e+06
576.655	  9.53073e+06
576.942	  9.53326e+06
577.229	  9.53578e+06
577.516	  9.5383e+06
577.803	  9.54081e+06
578.09	  9.54331e+06
578.377	  9.5458e+06
578.664	  9.54829e+06
578.951	  9.55076e+06
579.238	  9.55323e+06
579.525	  9.5557e+06
579.812	  9.55815e+06
580.099	  9.5606e+06
580.386	  9.56304e+06
580.673	  9.56547e+06
580.96	  9.56789e+06
581.247	  9.57031e+06
581.534	  9.57272e+06
581.821	  9.57512e+06
582.108	  9.57751e+06
582.395	  9.5799e+06
582.682	  9.58228e+06
582.969	  9.58465e+06
583.256	  9.58701e+06
583.543	  9.58937e+06
583.83	  9.59172e+06
584.117	  9.59406e+06
584.404	  9.59639e+06
584.691	  9.59872e+06
584.978	  9.60103e+06
585.265	  9.60334e+06
585.552	  9.60565e+06
585.839	  9.60794e+06
586.126	  9.61023e+06
586.413	  9.61251e+06
586.7	  9.61478e+06
586.987	  9.61705e+06
587.274	  9.61931e+06
587.561	  9.62156e+06
587.848	  9.6238e+06
588.135	  9.62604e+06
588.422	  9.62827e+06
588.709	  9.63049e+06
588.996	  9.6327e+06
589.283	  9.63491e+06
589.57	  9.63711e+06
589.857	  9.6393e+06
590.144	  9.64148e+06
590.431	  9.64366e+06
590.718	  9.64583e+06
591.005	  9.64799e+06
591.292	  9.65014e+06
591.579	  9.65229e+06
591.866	  9.65443e+06
592.153	  9.65656e+06
592.44	  9.65869e+06
592.727	  9.6608e+06
593.014	  9.66291e+06
593.301	  9.66502e+06
593.588	  9.66711e+06
593.875	  9.6692e+06
594.162	  9.67128e+06
594.449	  9.67336e+06
594.736	  9.67542e+06
595.023	  9.67748e+06
595.31	  9.67954e+06
595.597	  9.68158e+06
595.884	  9.68362e+06
596.171	  9.68565e+06
596.458	  9.68767e+06
596.745	  9.68969e+06
597.032	  9.6917e+06
597.319	  9.6937e+06
597.606	  9.69569e+06
597.893	  9.69768e+06
598.18	  9.69966e+06
598.467	  9.70163e+06
598.754	  9.7036e+06
599.041	  9.70556e+06
599.328	  9.70751e+06
599.615	  9.70945e+06
599.902	  9.71139e+06
600.189	  9.71332e+06
600.476	  9.71525e+06
600.763	  9.71716e+06
601.05	  9.71907e+06
601.337	  9.72097e+06
601.624	  9.72287e+06
601.911	  9.72476e+06
602.198	  9.72664e+06
602.485	  9.72851e+06
602.772	  9.73038e+06
603.059	  9.73224e+06
603.346	  9.73409e+06
603.633	  9.73593e+06
603.92	  9.73777e+06
604.207	  9.7396e+06
604.494	  9.74143e+06
604.781	  9.74325e+06
605.068	  9.74506e+06
605.355	  9.74686e+06
605.642	  9.74866e+06
605.929	  9.75045e+06
606.216	  9.75223e+06
606.503	  9.75401e+06
606.79	  9.75577e+06
607.077	  9.75754e+06
607.364	  9.75929e+06
607.651	  9.76104e+06
607.938	  9.76278e+06
608.225	  9.76452e+06
608.512	  9.76624e+06
608.799	  9.76796e+06
609.086	  9.76968e+06
609.373	  9.77138e+06
609.66	  9.77308e+06
609.947	  9.77478e+06
610.234	  9.77646e+06
610.521	  9.77814e+06
610.808	  9.77982e+06
611.095	  9.78148e+06
611.382	  9.78314e+06
611.669	  9.78479e+06
611.956	  9.78644e+06
612.243	  9.78808e+06
612.53	  9.78971e+06
612.817	  9.79134e+06
613.104	  9.79295e+06
613.391	  9.79457e+06
613.678	  9.79617e+06
613.965	  9.79777e+06
614.252	  9.79936e+06
614.539	  9.80095e+06
614.826	  9.80252e+06
615.113	  9.8041e+06
615.4	  9.80566e+06
615.687	  9.80722e+06
615.974	  9.80877e+06
616.261	  9.81031e+06
616.548	  9.81185e+06
616.835	  9.81338e+06
617.122	  9.81491e+06
617.409	  9.81643e+06
617.696	  9.81794e+06
617.983	  9.81944e+06
618.27	  9.82094e+06
618.557	  9.82243e+06
618.844	  9.82392e+06
619.131	  9.8254e+06
619.418	  9.82687e+06
619.705	  9.82833e+06
619.992	  9.82979e+06
620.279	  9.83124e+06
620.566	  9.83269e+06
620.853	  9.83413e+06
621.14	  9.83556e+06
621.427	  9.83699e+06
621.714	  9.83841e+06
622.001	  9.83982e+06
622.288	  9.84123e+06
622.575	  9.84263e+06
622.862	  9.84402e+06
623.149	  9.84541e+06
623.436	  9.84679e+06
623.723	  9.84816e+06
624.01	  9.84953e+06
624.297	  9.85089e+06
624.584	  9.85225e+06
624.871	  9.8536e+06
625.158	  9.85494e+06
625.445	  9.85627e+06
625.732	  9.8576e+06
626.019	  9.85892e+06
626.306	  9.86024e+06
626.593	  9.86155e+06
626.88	  9.86285e+06
627.167	  9.86415e+06
627.454	  9.86544e+06
627.741	  9.86673e+06
628.028	  9.868e+06
628.315	  9.86928e+06
628.602	  9.87054e+06
628.889	  9.8718e+06
629.176	  9.87305e+06
629.463	  9.8743e+06
629.75	  9.87554e+06
630.037	  9.87677e+06
630.324	  9.878e+06
630.611	  9.87922e+06
630.898	  9.88044e+06
631.185	  9.88165e+06
631.472	  9.88285e+06
631.759	  9.88405e+06
632.046	  9.88524e+06
632.333	  9.88642e+06
632.62	  9.8876e+06
632.907	  9.88877e+06
633.194	  9.88993e+06
633.481	  9.89109e+06
633.768	  9.89225e+06
634.055	  9.89339e+06
634.342	  9.89453e+06
634.629	  9.89567e+06
634.916	  9.8968e+06
635.203	  9.89792e+06
635.49	  9.89903e+06
635.777	  9.90014e+06
636.064	  9.90125e+06
636.351	  9.90234e+06
636.638	  9.90344e+06
636.925	  9.90452e+06
637.212	  9.9056e+06
637.499	  9.90667e+06
637.786	  9.90774e+06
638.073	  9.9088e+06
638.36	  9.90986e+06
638.647	  9.9109e+06
638.934	  9.91195e+06
639.221	  9.91298e+06
639.508	  9.91401e+06
639.795	  9.91504e+06
640.082	  9.91606e+06
640.369	  9.91707e+06
640.656	  9.91808e+06
640.943	  9.91908e+06
641.23	  9.92007e+06
641.517	  9.92106e+06
641.804	  9.92204e+06
642.091	  9.92302e+06
642.378	  9.92399e+06
642.665	  9.92495e+06
642.952	  9.92591e+06
643.239	  9.92687e+06
643.526	  9.92781e+06
643.813	  9.92875e+06
644.1	  9.92969e+06
644.387	  9.93062e+06
644.674	  9.93154e+06
644.961	  9.93246e+06
645.248	  9.93337e+06
645.535	  9.93428e+06
645.822	  9.93518e+06
646.109	  9.93607e+06
646.396	  9.93696e+06
646.683	  9.93784e+06
646.97	  9.93872e+06
647.257	  9.93959e+06
647.544	  9.94045e+06
647.831	  9.94131e+06
648.118	  9.94216e+06
648.405	  9.94301e+06
648.692	  9.94385e+06
648.979	  9.94469e+06
649.266	  9.94552e+06
649.553	  9.94634e+06
649.84	  9.94716e+06
650.127	  9.94797e+06
650.414	  9.94878e+06
650.701	  9.94958e+06
650.988	  9.95037e+06
651.275	  9.95116e+06
651.562	  9.95195e+06
651.849	  9.95273e+06
652.136	  9.9535e+06
652.423	  9.95426e+06
652.71	  9.95503e+06
652.997	  9.95578e+06
653.284	  9.95653e+06
653.571	  9.95728e+06
653.858	  9.95801e+06
654.145	  9.95875e+06
654.432	  9.95947e+06
654.719	  9.96019e+06
655.006	  9.96091e+06
655.293	  9.96162e+06
655.58	  9.96233e+06
655.867	  9.96302e+06
656.154	  9.96372e+06
656.441	  9.96441e+06
656.728	  9.96509e+06
657.015	  9.96576e+06
657.302	  9.96643e+06
657.589	  9.9671e+06
657.876	  9.96776e+06
658.163	  9.96841e+06
658.45	  9.96906e+06
658.737	  9.96971e+06
659.024	  9.97034e+06
659.311	  9.97098e+06
659.598	  9.9716e+06
659.885	  9.97222e+06
660.172	  9.97284e+06
660.459	  9.97345e+06
660.746	  9.97405e+06
661.033	  9.97465e+06
661.32	  9.97525e+06
661.607	  9.97584e+06
661.894	  9.97642e+06
662.181	  9.977e+06
662.468	  9.97757e+06
662.755	  9.97813e+06
663.042	  9.9787e+06
663.329	  9.97925e+06
663.616	  9.9798e+06
663.903	  9.98035e+06
664.19	  9.98089e+06
664.477	  9.98142e+06
664.764	  9.98195e+06
665.051	  9.98247e+06
665.338	  9.98299e+06
665.625	  9.9835e+06
665.912	  9.98401e+06
666.199	  9.98451e+06
666.486	  9.98501e+06
666.773	  9.9855e+06
667.06	  9.98599e+06
667.347	  9.98647e+06
667.634	  9.98694e+06
667.921	  9.98741e+06
668.208	  9.98788e+06
668.495	  9.98834e+06
668.782	  9.98879e+06
669.069	  9.98924e+06
669.356	  9.98968e+06
669.643	  9.99012e+06
669.93	  9.99055e+06
670.217	  9.99098e+06
670.504	  9.9914e+06
670.791	  9.99182e+06
671.078	  9.99223e+06
671.365	  9.99264e+06
671.652	  9.99304e+06
671.939	  9.99344e+06
672.226	  9.99383e+06
672.513	  9.99422e+06
672.8	  9.9946e+06
673.087	  9.99497e+06
673.374	  9.99534e+06
673.661	  9.99571e+06
673.948	  9.99607e+06
674.235	  9.99642e+06
674.522	  9.99677e+06
674.809	  9.99712e+06
675.096	  9.99746e+06
675.383	  9.99779e+06
675.67	  9.99812e+06
675.957	  9.99845e+06
676.244	  9.99877e+06
676.531	  9.99908e+06
676.818	  9.99939e+06
677.105	  9.99969e+06
677.392	  9.99999e+06
677.679	  1.00003e+07
677.966	  1.00006e+07
678.253	  1.00009e+07
678.54	  1.00011e+07
678.827	  1.00014e+07
679.114	  1.00017e+07
679.401	  1.00019e+07
679.688	  1.00022e+07
679.975	  1.00025e+07
680.262	  1.00027e+07
680.549	  1.0003e+07
680.836	  1.00032e+07
681.123	  1.00034e+07
681.41	  1.00037e+07
681.697	  1.00039e+07
681.984	  1.00041e+07
682.271	  1.00043e+07
682.558	  1.00045e+07
682.845	  1.00047e+07
683.132	  1.00049e+07
683.419	  1.00051e+07
683.706	  1.00053e+07
683.993	  1.00055e+07
684.28	  1.00057e+07
684.567	  1.00058e+07
684.854	  1.0006e+07
685.141	  1.00062e+07
685.428	  1.00063e+07
685.715	  1.00065e+07
686.002	  1.00066e+07
686.289	  1.00068e+07
686.576	  1.00069e+07
686.863	  1.00071e+07
687.15	  1.00072e+07
687.437	  1.00073e+07
687.724	  1.00074e+07
688.011	  1.00076e+07
688.298	  1.00077e+07
688.585	  1.00078e+07
688.872	  1.00079e+07
689.159	  1.0008e+07
689.446	  1.00081e+07
689.733	  1.00082e+07
690.02	  1.00082e+07
690.307	  1.00083e+07
690.594	  1.00084e+07
690.881	  1.00085e+07
691.168	  1.00085e+07
691.455	  1.00086e+07
691.742	  1.00086e+07
692.029	  1.00087e+07
692.316	  1.00087e+07
692.603	  1.00088e+07
692.89	  1.00088e+07
693.177	  1.00088e+07
693.464	  1.00089e+07
693.751	  1.00089e+07
694.038	  1.00089e+07
694.325	  1.00089e+07
694.612	  1.00089e+07
694.899	  1.00089e+07
695.186	  1.00089e+07
695.473	  1.00089e+07
695.76	  1.00089e+07
696.047	  1.00089e+07
696.334	  1.00089e+07
696.621	  1.00088e+07
696.908	  1.00088e+07
697.195	  1.00088e+07
697.482	  1.00087e+07
697.769	  1.00087e+07
698.056	  1.00087e+07
698.343	  1.00086e+07
698.63	  1.00085e+07
698.917	  1.00085e+07
699.204	  1.00084e+07
699.491	  1.00084e+07
699.778	  1.00083e+07
700.065	  1.00082e+07
700.352	  1.00081e+07
700.639	  1.0008e+07
700.926	  1.00079e+07
701.213	  1.00078e+07
701.5	  1.00077e+07
701.787	  1.00076e+07
702.074	  1.00075e+07
702.361	  1.00074e+07
702.648	  1.00073e+07
702.935	  1.00072e+07
703.222	  1.0007e+07
703.509	  1.00069e+07
703.796	  1.00068e+07
704.083	  1.00066e+07
704.37	  1.00065e+07
704.657	  1.00063e+07
704.944	  1.00062e+07
705.231	  1.0006e+07
705.518	  1.00058e+07
705.805	  1.00057e+07
706.092	  1.00055e+07
706.379	  1.00053e+07
706.666	  1.00051e+07
706.953	  1.00049e+07
707.24	  1.00048e+07
707.527	  1.00046e+07
707.814	  1.00044e+07
708.101	  1.00042e+07
708.388	  1.0004e+07
708.675	  1.00037e+07
708.962	  1.00035e+07
709.249	  1.00033e+07
709.536	  1.00031e+07
709.823	  1.00028e+07
710.11	  1.00026e+07
710.397	  1.00024e+07
710.684	  1.00021e+07
710.971	  1.00019e+07
711.258	  1.00016e+07
711.545	  1.00014e+07
711.832	  1.00011e+07
712.119	  1.00009e+07
712.406	  1.00006e+07
712.693	  1.00003e+07
712.98	  1e+07
713.267	  9.99976e+06
713.554	  9.99947e+06
713.841	  9.99918e+06
714.128	  9.99889e+06
714.415	  9.99859e+06
714.702	  9.99829e+06
714.989	  9.99798e+06
715.276	  9.99767e+06
715.563	  9.99736e+06
715.85	  9.99704e+06
716.137	  9.99672e+06
716.424	  9.99639e+06
716.711	  9.99606e+06
716.998	  9.99573e+06
717.285	  9.99539e+06
717.572	  9.99504e+06
717.859	  9.9947e+06
718.146	  9.99434e+06
718.433	  9.99399e+06
718.72	  9.99363e+06
719.007	  9.99326e+06
719.294	  9.9929e+06
719.581	  9.99252e+06
719.868	  9.99215e+06
720.155	  9.99177e+06
720.442	  9.99138e+06
720.729	  9.99099e+06
721.016	  9.9906e+06
721.303	  9.9902e+06
721.59	  9.9898e+06
721.877	  9.9894e+06
722.164	  9.98899e+06
722.451	  9.98858e+06
722.738	  9.98816e+06
723.025	  9.98774e+06
723.312	  9.98731e+06
723.599	  9.98689e+06
723.886	  9.98645e+06
724.173	  9.98602e+06
724.46	  9.98557e+06
724.747	  9.98513e+06
725.034	  9.98468e+06
725.321	  9.98423e+06
725.608	  9.98377e+06
725.895	  9.98331e+06
726.182	  9.98285e+06
726.469	  9.98238e+06
726.756	  9.9819e+06
727.043	  9.98143e+06
727.33	  9.98095e+06
727.617	  9.98046e+06
727.904	  9.97998e+06
728.191	  9.97948e+06
728.478	  9.97899e+06
728.765	  9.97849e+06
729.052	  9.97798e+06
729.339	  9.97748e+06
729.626	  9.97696e+06
729.913	  9.97645e+06
730.2	  9.97593e+06
730.487	  9.97541e+06
730.774	  9.97488e+06
731.061	  9.97435e+06
731.348	  9.97381e+06
731.635	  9.97327e+06
731.922	  9.97273e+06
732.209	  9.97219e+06
732.496	  9.97164e+06
732.783	  9.97108e+06
733.07	  9.97052e+06
733.357	  9.96996e+06
733.644	  9.9694e+06
733.931	  9.96883e+06
734.218	  9.96826e+06
734.505	  9.96768e+06
734.792	  9.9671e+06
735.079	  9.96651e+06
735.366	  9.96593e+06
735.653	  9.96533e+06
735.94	  9.96474e+06
736.227	  9.96414e+06
736.514	  9.96354e+06
736.801	  9.96293e+06
737.088	  9.96232e+06
737.375	  9.96171e+06
737.662	  9.96109e+06
737.949	  9.96047e+06
738.236	  9.95984e+06
738.523	  9.95921e+06
738.81	  9.95858e+06
739.097	  9.95794e+06
739.384	  9.9573e+06
739.671	  9.95666e+06
739.958	  9.95601e+06
740.245	  9.95536e+06
740.532	  9.95471e+06
740.819	  9.95405e+06
741.106	  9.95339e+06
741.393	  9.95272e+06
741.68	  9.95205e+06
741.967	  9.95138e+06
742.254	  9.9507e+06
742.541	  9.95002e+06
742.828	  9.94934e+06
743.115	  9.94865e+06
743.402	  9.94796e+06
743.689	  9.94727e+06
743.976	  9.94657e+06
744.263	  9.94587e+06
744.55	  9.94516e+06
744.837	  9.94445e+06
745.124	  9.94374e+06
745.411	  9.94302e+06
745.698	  9.9423e+06
745.985	  9.94158e+06
746.272	  9.94085e+06
746.559	  9.94012e+06
746.846	  9.93939e+06
747.133	  9.93865e+06
747.42	  9.93791e+06
747.707	  9.93717e+06
747.994	  9.93642e+06
748.281	  9.93567e+06
748.568	  9.93491e+06
748.855	  9.93416e+06
749.142	  9.93339e+06
749.429	  9.93263e+06
749.716	  9.93186e+06
750.003	  9.93109e+06
750.29	  9.93031e+06
750.577	  9.92953e+06
750.864	  9.92875e+06
751.151	  9.92797e+06
751.438	  9.92718e+06
751.725	  9.92638e+06
752.012	  9.92559e+06
752.299	  9.92479e+06
752.586	  9.92398e+06
752.873	  9.92318e+06
753.16	  9.92237e+06
753.447	  9.92155e+06
753.734	  9.92074e+06
754.021	  9.91992e+06
754.308	  9.91909e+06
754.595	  9.91827e+06
754.882	  9.91744e+06
755.169	  9.9166e+06
755.456	  9.91577e+06
755.743	  9.91493e+06
756.03	  9.91408e+06
756.317	  9.91324e+06
756.604	  9.91239e+06
756.891	  9.91153e+06
757.178	  9.91067e+06
757.465	  9.90981e+06
757.752	  9.90895e+06
758.039	  9.90808e+06
758.326	  9.90721e+06
758.613	  9.90634e+06
758.9	  9.90546e+06
759.187	  9.90458e+06
759.474	  9.9037e+06
759.761	  9.90281e+06
760.048	  9.90192e+06
760.335	  9.90103e+06
760.622	  9.90013e+06
760.909	  9.89923e+06
761.196	  9.89833e+06
761.483	  9.89742e+06
761.77	  9.89651e+06
762.057	  9.8956e+06
762.344	  9.89468e+06
762.631	  9.89376e+06
762.918	  9.89284e+06
763.205	  9.89192e+06
763.492	  9.89099e+06
763.779	  9.89006e+06
764.066	  9.88912e+06
764.353	  9.88818e+06
764.64	  9.88724e+06
764.927	  9.88629e+06
765.214	  9.88535e+06
765.501	  9.8844e+06
765.788	  9.88344e+06
766.075	  9.88248e+06
766.362	  9.88152e+06
766.649	  9.88056e+06
766.936	  9.87959e+06
767.223	  9.87862e+06
767.51	  9.87765e+06
767.797	  9.87667e+06
768.084	  9.87569e+06
768.371	  9.87471e+06
768.658	  9.87372e+06
768.945	  9.87273e+06
769.232	  9.87174e+06
769.519	  9.87075e+06
769.806	  9.86975e+06
770.093	  9.86875e+06
770.38	  9.86774e+06
770.667	  9.86673e+06
770.954	  9.86572e+06
771.241	  9.86471e+06
771.528	  9.86369e+06
771.815	  9.86267e+06
772.102	  9.86165e+06
772.389	  9.86062e+06
772.676	  9.8596e+06
772.963	  9.85856e+06
773.25	  9.85753e+06
773.537	  9.85649e+06
773.824	  9.85545e+06
774.111	  9.8544e+06
774.398	  9.85336e+06
774.685	  9.85231e+06
774.972	  9.85125e+06
775.259	  9.8502e+06
775.546	  9.84914e+06
775.833	  9.84808e+06
776.12	  9.84701e+06
776.407	  9.84594e+06
776.694	  9.84487e+06
776.981	  9.8438e+06
777.268	  9.84272e+06
777.555	  9.84164e+06
777.842	  9.84056e+06
778.129	  9.83947e+06
778.416	  9.83838e+06
778.703	  9.83729e+06
778.99	  9.8362e+06
779.277	  9.8351e+06
779.564	  9.834e+06
779.851	  9.83289e+06
780.138	  9.83179e+06
780.425	  9.83068e+06
780.712	  9.82957e+06
780.999	  9.82845e+06
781.286	  9.82733e+06
781.573	  9.82621e+06
781.86	  9.82509e+06
782.147	  9.82396e+06
782.434	  9.82283e+06
782.721	  9.8217e+06
783.008	  9.82056e+06
783.295	  9.81943e+06
783.582	  9.81829e+06
783.869	  9.81714e+06
784.156	  9.81599e+06
784.443	  9.81484e+06
784.73	  9.81369e+06
785.017	  9.81254e+06
785.304	  9.81138e+06
785.591	  9.81022e+06
785.878	  9.80905e+06
786.165	  9.80789e+06
786.452	  9.80672e+06
786.739	  9.80555e+06
787.026	  9.80437e+06
787.313	  9.80319e+06
787.6	  9.80201e+06
787.887	  9.80083e+06
788.174	  9.79964e+06
788.461	  9.79845e+06
788.748	  9.79726e+06
789.035	  9.79607e+06
789.322	  9.79487e+06
789.609	  9.79367e+06
789.896	  9.79247e+06
790.183	  9.79126e+06
790.47	  9.79006e+06
790.757	  9.78884e+06
791.044	  9.78763e+06
791.331	  9.78641e+06
791.618	  9.7852e+06
791.905	  9.78397e+06
792.192	  9.78275e+06
792.479	  9.78152e+06
792.766	  9.78029e+06
793.053	  9.77906e+06
793.34	  9.77782e+06
793.627	  9.77659e+06
793.914	  9.77535e+06
794.201	  9.7741e+06
794.488	  9.77286e+06
794.775	  9.77161e+06
795.062	  9.77036e+06
795.349	  9.7691e+06
795.636	  9.76785e+06
795.923	  9.76659e+06
796.21	  9.76532e+06
796.497	  9.76406e+06
796.784	  9.76279e+06
797.071	  9.76152e+06
797.358	  9.76025e+06
797.645	  9.75897e+06
797.932	  9.7577e+06
798.219	  9.75642e+06
798.506	  9.75513e+06
798.793	  9.75385e+06
799.08	  9.75256e+06
799.367	  9.75127e+06
799.654	  9.74998e+06
799.941	  9.74868e+06
800.228	  9.74738e+06
800.515	  9.74608e+06
800.802	  9.74478e+06
801.089	  9.74347e+06
801.376	  9.74216e+06
801.663	  9.74085e+06
801.95	  9.73954e+06
802.237	  9.73822e+06
802.524	  9.7369e+06
802.811	  9.73558e+06
803.098	  9.73426e+06
803.385	  9.73293e+06
803.672	  9.7316e+06
803.959	  9.73027e+06
804.246	  9.72893e+06
804.533	  9.7276e+06
804.82	  9.72626e+06
805.107	  9.72492e+06
805.394	  9.72357e+06
805.681	  9.72223e+06
805.968	  9.72088e+06
806.255	  9.71952e+06
806.542	  9.71817e+06
806.829	  9.71681e+06
807.116	  9.71545e+06
807.403	  9.71409e+06
807.69	  9.71273e+06
807.977	  9.71136e+06
808.264	  9.70999e+06
808.551	  9.70862e+06
808.838	  9.70725e+06
809.125	  9.70587e+06
809.412	  9.70449e+06
809.699	  9.70311e+06
809.986	  9.70173e+06
810.273	  9.70034e+06
810.56	  9.69895e+06
810.847	  9.69756e+06
811.134	  9.69617e+06
811.421	  9.69477e+06
811.708	  9.69338e+06
811.995	  9.69198e+06
812.282	  9.69057e+06
812.569	  9.68917e+06
812.856	  9.68776e+06
813.143	  9.68635e+06
813.43	  9.68494e+06
813.717	  9.68352e+06
814.004	  9.68211e+06
814.291	  9.68069e+06
814.578	  9.67926e+06
814.865	  9.67784e+06
815.152	  9.67641e+06
815.439	  9.67498e+06
815.726	  9.67355e+06
816.013	  9.67212e+06
816.3	  9.67068e+06
816.587	  9.66925e+06
816.874	  9.6678e+06
817.161	  9.66636e+06
817.448	  9.66492e+06
817.735	  9.66347e+06
818.022	  9.66202e+06
818.309	  9.66057e+06
818.596	  9.65911e+06
818.883	  9.65766e+06
819.17	  9.6562e+06
819.457	  9.65474e+06
820.002	  9.65195e+06
820.031	  9.65181e+06
820.059	  9.65166e+06
820.088	  9.65151e+06
820.117	  9.65137e+06
820.146	  9.65122e+06
820.174	  9.65107e+06
820.203	  9.65093e+06
820.232	  9.65078e+06
820.26	  9.65063e+06
820.289	  9.65049e+06
820.318	  9.65034e+06
820.346	  9.65019e+06
820.375	  9.65004e+06
820.404	  9.6499e+06
820.433	  9.64975e+06
820.461	  9.6496e+06
820.49	  9.64946e+06
820.519	  9.64931e+06
820.547	  9.64916e+06
820.576	  9.64901e+06
820.605	  9.64887e+06
820.633	  3.50329e+06
820.662	  3.50326e+06
820.691	  3.50323e+06
820.72	  3.5032e+06
820.748	  3.50317e+06
820.777	  3.50314e+06
820.806	  3.5031e+06
820.834	  3.50307e+06
820.863	  3.50304e+06
820.892	  3.50301e+06
820.92	  3.50298e+06
820.949	  3.50295e+06
820.978	  3.50292e+06
821.007	  3.50289e+06
821.035	  3.50286e+06
821.064	  3.50283e+06
821.093	  3.5028e+06
821.121	  3.50277e+06
821.15	  3.50274e+06
821.179	  3.50271e+06
821.207	  3.50268e+06
821.236	  3.50265e+06
821.265	  3.50261e+06
821.294	  3.50258e+06
821.322	  3.50255e+06
821.351	  3.50252e+06
821.38	  3.50249e+06
821.408	  3.50246e+06
821.437	  3.50243e+06
821.466	  3.5024e+06
821.494	  3.50237e+06
821.523	  3.50234e+06
821.552	  3.50231e+06
821.581	  3.50228e+06
821.609	  3.50225e+06
821.638	  3.50222e+06
821.667	  3.50218e+06
821.695	  3.50215e+06
821.724	  3.50212e+06
821.753	  3.50209e+06
821.781	  3.50206e+06
821.81	  3.50203e+06
821.839	  3.502e+06
821.868	  3.50197e+06
821.896	  3.50194e+06
821.925	  3.50191e+06
821.954	  3.50188e+06
821.982	  3.50185e+06
822.011	  3.50181e+06
822.011	  3.50181e+06
822.298	  3.50151e+06
822.585	  3.5012e+06
822.872	  3.50088e+06
823.159	  3.50057e+06
823.446	  3.50026e+06
823.733	  3.49995e+06
824.02	  3.49963e+06
824.307	  3.49932e+06
824.594	  3.49901e+06
824.881	  3.49869e+06
825.168	  3.49837e+06
825.455	  3.49806e+06
825.742	  3.49774e+06
826.029	  3.49742e+06
826.316	  3.4971e+06
826.603	  3.49678e+06
826.89	  3.49646e+06
827.177	  3.49614e+06
827.464	  3.49581e+06
827.751	  3.49549e+06
828.038	  3.49517e+06
828.325	  3.49484e+06
828.612	  3.49452e+06
828.899	  3.49419e+06
829.186	  3.49387e+06
829.473	  3.49354e+06
829.76	  3.49321e+06
830.047	  3.49288e+06
830.334	  3.49255e+06
830.621	  3.49222e+06
830.908	  3.49189e+06
831.195	  3.49156e+06
831.482	  3.49123e+06
831.769	  3.4909e+06
832.056	  3.49056e+06
832.343	  3.49023e+06
832.63	  3.48989e+06
832.917	  3.48956e+06
833.204	  3.48922e+06
833.491	  3.48888e+06
833.778	  3.48855e+06
834.065	  3.48821e+06
834.352	  3.48787e+06
834.639	  3.48753e+06
834.926	  3.48719e+06
835.213	  3.48685e+06
835.5	  3.4865e+06
835.787	  3.48616e+06
836.074	  3.48582e+06
836.361	  3.48547e+06
836.648	  3.48513e+06
836.935	  3.48478e+06
837.222	  3.48444e+06
837.509	  3.48409e+06
837.796	  3.48374e+06
838.083	  3.4834e+06
838.37	  3.48305e+06
838.657	  3.4827e+06
838.944	  3.48235e+06
839.231	  3.482e+06
839.518	  3.48165e+06
839.805	  3.48129e+06
840.092	  3.48094e+06
840.379	  3.48059e+06
840.666	  3.48023e+06
840.953	  3.47988e+06
841.24	  3.47952e+06
841.527	  3.47917e+06
841.814	  3.47881e+06
842.101	  3.47845e+06
842.388	  3.47809e+06
842.675	  3.47774e+06
842.962	  3.47738e+06
843.249	  3.47702e+06
843.536	  3.47666e+06
843.823	  3.47629e+06
844.11	  3.47593e+06
844.397	  3.47557e+06
844.684	  3.47521e+06
844.971	  3.47484e+06
845.258	  3.47448e+06
845.545	  3.47411e+06
845.832	  3.47375e+06
846.119	  3.47338e+06
846.406	  3.47301e+06
846.693	  3.47265e+06
846.98	  3.47228e+06
847.267	  3.47191e+06
847.554	  3.47154e+06
847.841	  3.47117e+06
848.128	  3.4708e+06
848.415	  3.47043e+06
848.702	  3.47005e+06
848.989	  3.46968e+06
849.276	  3.46931e+06
849.563	  3.46893e+06
849.85	  3.46856e+06
850.137	  3.46818e+06
850.424	  3.46781e+06
850.711	  3.46743e+06
850.998	  3.46705e+06
851.285	  3.46668e+06
851.572	  3.4663e+06
851.859	  3.46592e+06
852.146	  3.46554e+06
852.433	  3.46516e+06
852.72	  3.46478e+06
853.007	  3.46439e+06
853.294	  3.46401e+06
853.581	  3.46363e+06
853.868	  3.46325e+06
854.155	  3.46286e+06
854.442	  3.46248e+06
854.729	  3.46209e+06
855.016	  3.46171e+06
855.303	  3.46132e+06
855.59	  3.46093e+06
855.877	  3.46055e+06
856.164	  3.46016e+06
856.451	  3.45977e+06
856.738	  3.45938e+06
857.025	  3.45899e+06
857.312	  3.4586e+06
857.599	  3.45821e+06
857.886	  3.45781e+06
858.173	  3.45742e+06
858.46	  3.45703e+06
858.747	  3.45664e+06
859.034	  3.45624e+06
859.321	  3.45585e+06
859.608	  3.45545e+06
859.895	  3.45505e+06
860.182	  3.45466e+06
860.469	  3.45426e+06
860.756	  3.45386e+06
861.043	  3.45346e+06
861.33	  3.45307e+06
861.617	  3.45267e+06
861.904	  3.45227e+06
862.191	  3.45186e+06
862.478	  3.45146e+06
862.765	  3.45106e+06
863.052	  3.45066e+06
863.339	  3.45026e+06
863.626	  3.44985e+06
863.913	  3.44945e+06
864.2	  3.44904e+06
864.487	  3.44864e+06
864.774	  3.44823e+06
865.061	  3.44783e+06
865.348	  3.44742e+06
865.635	  3.44701e+06
865.922	  3.4466e+06
866.209	  3.44619e+06
866.496	  3.44578e+06
866.783	  3.44537e+06
867.07	  3.44496e+06
867.357	  3.44455e+06
867.644	  3.44414e+06
867.931	  3.44373e+06
868.218	  3.44332e+06
868.505	  3.4429e+06
868.792	  3.44249e+06
869.079	  3.44207e+06
869.366	  3.44166e+06
869.653	  3.44124e+06
869.94	  3.44083e+06
870.227	  3.44041e+06
870.514	  3.43999e+06
870.801	  3.43958e+06
871.088	  3.43916e+06
871.375	  3.43874e+06
871.662	  3.43832e+06
871.949	  3.4379e+06
872.236	  3.43748e+06
872.523	  3.43706e+06
872.81	  3.43664e+06
873.097	  3.43621e+06
873.384	  3.43579e+06
873.671	  3.43537e+06
873.958	  3.43494e+06
874.245	  3.43452e+06
874.532	  3.43409e+06
874.819	  3.43367e+06
875.106	  3.43324e+06
875.393	  3.43282e+06
875.68	  3.43239e+06
875.967	  3.43196e+06
876.254	  3.43153e+06
876.541	  3.43111e+06
876.828	  3.43068e+06
877.115	  3.43025e+06
877.402	  3.42982e+06
877.689	  3.42939e+06
877.976	  3.42895e+06
878.263	  3.42852e+06
878.55	  3.42809e+06
878.837	  3.42766e+06
879.124	  3.42722e+06
879.411	  3.42679e+06
879.698	  3.42636e+06
879.985	  3.42592e+06
880.272	  3.42549e+06
880.559	  3.42505e+06
880.846	  3.42461e+06
881.133	  3.42418e+06
881.42	  3.42374e+06
881.707	  3.4233e+06
881.994	  3.42286e+06
882.281	  3.42242e+06
882.568	  3.42198e+06
882.855	  3.42154e+06
883.142	  3.4211e+06
883.429	  3.42066e+06
883.716	  3.42022e+06
884.003	  3.41978e+06
884.29	  3.41934e+06
884.577	  3.41889e+06
884.864	  3.41845e+06
885.151	  3.41801e+06
885.438	  3.41756e+06
885.725	  3.41712e+06
886.012	  3.41667e+06
886.299	  3.41622e+06
886.586	  3.41578e+06
886.873	  3.41533e+06
887.16	  3.41488e+06
887.447	  3.41443e+06
887.734	  3.41399e+06
888.021	  3.41354e+06
888.308	  3.41309e+06
888.595	  3.41264e+06
888.882	  3.41219e+06
889.169	  3.41173e+06
889.456	  3.41128e+06
889.743	  3.41083e+06
890.03	  3.41038e+06
890.317	  3.40993e+06
890.604	  3.40947e+06
890.891	  3.40902e+06
891.178	  3.40856e+06
891.465	  3.40811e+06
891.752	  3.40765e+06
892.039	  3.4072e+06
892.326	  3.40674e+06
892.613	  3.40628e+06
892.9	  3.40583e+06
893.187	  3.40537e+06
893.474	  3.40491e+06
893.761	  3.40445e+06
894.048	  3.40399e+06
894.335	  3.40353e+06
894.622	  3.40307e+06
894.909	  3.40261e+06
895.196	  3.40215e+06
895.483	  3.40169e+06
895.77	  3.40123e+06
896.057	  3.40076e+06
896.344	  3.4003e+06
896.631	  3.39984e+06
896.918	  3.39937e+06
897.205	  3.39891e+06
897.492	  3.39844e+06
897.779	  3.39798e+06
898.066	  3.39751e+06
898.353	  3.39705e+06
898.64	  3.39658e+06
898.927	  3.39611e+06
899.214	  3.39564e+06
899.501	  3.39518e+06
899.788	  3.39471e+06
900.075	  3.39424e+06
900.362	  3.39377e+06
900.649	  3.3933e+06
900.936	  3.39283e+06
901.223	  3.39236e+06
901.51	  3.39189e+06
901.797	  3.39142e+06
902.084	  3.39094e+06
902.371	  3.39047e+06
902.658	  3.39e+06
902.945	  3.38952e+06
903.232	  3.38905e+06
903.519	  3.38858e+06
903.806	  3.3881e+06
904.093	  3.38762e+06
904.38	  3.38715e+06
904.667	  3.38667e+06
904.954	  3.3862e+06
905.241	  3.38572e+06
905.528	  3.38524e+06
905.815	  3.38476e+06
906.102	  3.38428e+06
906.389	  3.38381e+06
906.676	  3.38333e+06
906.963	  3.38285e+06
907.25	  3.38237e+06
907.537	  3.38189e+06
907.824	  3.38141e+06
908.111	  3.38092e+06
908.398	  3.38044e+06
908.685	  3.37996e+06
908.972	  3.37948e+06
909.259	  3.37899e+06
909.546	  3.37851e+06
909.833	  3.37803e+06
910.12	  3.37754e+06
910.407	  3.37706e+06
910.694	  3.37657e+06
910.981	  3.37609e+06
911.268	  3.3756e+06
911.555	  3.37511e+06
911.842	  3.37463e+06
912.129	  3.37414e+06
912.416	  3.37365e+06
912.703	  3.37316e+06
912.99	  3.37267e+06
913.277	  3.37218e+06
913.564	  3.37169e+06
913.851	  3.3712e+06
914.138	  3.37071e+06
914.425	  3.37022e+06
914.712	  3.36973e+06
914.999	  3.36924e+06
915.286	  3.36875e+06
915.573	  3.36826e+06
915.86	  3.36776e+06
916.147	  3.36727e+06
916.434	  3.36678e+06
916.721	  3.36628e+06
917.008	  3.36579e+06
917.295	  3.36529e+06
917.582	  3.3648e+06
917.869	  3.3643e+06
918.156	  3.36381e+06
918.443	  3.36331e+06
918.73	  3.36281e+06
919.017	  3.36231e+06
919.304	  3.36182e+06
919.591	  3.36132e+06
919.878	  3.36082e+06
920.165	  3.36032e+06
920.452	  3.35982e+06
920.739	  3.35932e+06
921.026	  3.35882e+06
921.313	  3.35832e+06
921.6	  3.35782e+06
921.887	  3.35732e+06
922.174	  3.35682e+06
922.461	  3.35632e+06
922.748	  3.35581e+06
923.035	  3.35531e+06
923.322	  3.35481e+06
923.609	  3.3543e+06
923.896	  3.3538e+06
924.183	  3.3533e+06
924.47	  3.35279e+06
924.757	  3.35229e+06
925.044	  3.35178e+06
925.331	  3.35127e+06
925.618	  3.35077e+06
925.905	  3.35026e+06
926.192	  3.34975e+06
926.479	  3.34925e+06
926.766	  3.34874e+06
927.053	  3.34823e+06
927.34	  3.34772e+06
927.627	  3.34721e+06
927.914	  3.3467e+06
928.201	  3.34619e+06
928.488	  3.34568e+06
928.775	  3.34517e+06
929.062	  3.34466e+06
929.349	  3.34415e+06
929.636	  3.34364e+06
929.923	  3.34313e+06
930.21	  3.34261e+06
930.497	  3.3421e+06
930.784	  3.34159e+06
931.071	  3.34108e+06
931.358	  3.34056e+06
931.645	  3.34005e+06
931.932	  3.33953e+06
932.219	  3.33902e+06
932.506	  3.3385e+06
932.793	  3.33799e+06
933.08	  3.33747e+06
933.367	  3.33695e+06
933.654	  3.33644e+06
933.941	  3.33592e+06
934.228	  3.3354e+06
934.515	  3.33488e+06
934.802	  3.33437e+06
935.089	  3.33385e+06
935.376	  3.33333e+06
935.663	  3.33281e+06
935.95	  3.33229e+06
936.237	  3.33177e+06
936.524	  3.33125e+06
936.811	  3.33073e+06
937.098	  3.33021e+06
937.385	  3.32969e+06
937.672	  3.32917e+06
937.959	  3.32864e+06
938.246	  3.32812e+06
938.533	  3.3276e+06
938.82	  3.32707e+06
939.107	  3.32655e+06
939.394	  3.32603e+06
939.681	  3.3255e+06
939.968	  3.32498e+06
940.255	  3.32445e+06
940.542	  3.32393e+06
940.829	  3.3234e+06
941.116	  3.32288e+06
941.403	  3.32235e+06
941.69	  3.32182e+06
941.977	  3.3213e+06
942.264	  3.32077e+06
942.551	  3.32024e+06
942.838	  3.31971e+06
943.125	  3.31919e+06
943.412	  3.31866e+06
943.699	  3.31813e+06
943.986	  3.3176e+06
944.273	  3.31707e+06
944.56	  3.31654e+06
944.847	  3.31601e+06
945.134	  3.31548e+06
945.421	  3.31495e+06
945.708	  3.31442e+06
945.995	  3.31388e+06
946.282	  3.31335e+06
946.569	  3.31282e+06
946.856	  3.31229e+06
947.143	  3.31176e+06
947.43	  3.31122e+06
947.717	  3.31069e+06
948.004	  3.31015e+06
948.291	  3.30962e+06
948.578	  3.30909e+06
948.865	  3.30855e+06
949.152	  3.30802e+06
949.439	  3.30748e+06
949.726	  3.30694e+06
950.013	  3.30641e+06
950.3	  3.30587e+06
950.587	  3.30533e+06
950.874	  3.3048e+06
951.161	  3.30426e+06
951.448	  3.30372e+06
951.735	  3.30318e+06
952.022	  3.30265e+06
952.309	  3.30211e+06
952.596	  3.30157e+06
952.883	  3.30103e+06
953.17	  3.30049e+06
953.457	  3.29995e+06
953.744	  3.29941e+06
954.031	  3.29887e+06
954.318	  3.29833e+06
954.605	  3.29779e+06
954.892	  3.29724e+06
955.179	  3.2967e+06
955.466	  3.29616e+06
955.753	  3.29562e+06
956.04	  3.29507e+06
956.327	  3.29453e+06
956.614	  3.29399e+06
956.901	  3.29344e+06
957.188	  3.2929e+06
957.475	  3.29236e+06
957.762	  3.29181e+06
958.049	  3.29127e+06
958.336	  3.29072e+06
958.623	  3.29018e+06
958.91	  3.28963e+06
959.197	  3.28908e+06
959.484	  3.28854e+06
959.771	  3.28799e+06
960.058	  3.28744e+06
960.345	  3.2869e+06
960.632	  3.28635e+06
960.919	  3.2858e+06
961.206	  3.28525e+06
961.493	  3.2847e+06
961.78	  3.28416e+06
962.067	  3.28361e+06
962.354	  3.28306e+06
962.641	  3.28251e+06
962.928	  3.28196e+06
963.215	  3.28141e+06
963.502	  3.28086e+06
963.789	  3.28031e+06
964.076	  3.27976e+06
964.363	  3.2792e+06
964.65	  3.27865e+06
964.937	  3.2781e+06
965.224	  3.27755e+06
965.511	  3.277e+06
965.798	  3.27644e+06
966.085	  3.27589e+06
966.372	  3.27534e+06
966.659	  3.27478e+06
966.946	  3.27423e+06
967.233	  3.27367e+06
967.52	  3.27312e+06
967.807	  3.27256e+06
968.094	  3.27201e+06
968.381	  3.27145e+06
968.668	  3.2709e+06
968.955	  3.27034e+06
969.242	  3.26979e+06
969.529	  3.26923e+06
969.816	  3.26867e+06
970.103	  3.26812e+06
970.39	  3.26756e+06
970.677	  3.267e+06
970.964	  3.26644e+06
971.251	  3.26589e+06
971.538	  3.26533e+06
971.825	  3.26477e+06
972.112	  3.26421e+06
972.399	  3.26365e+06
972.686	  3.26309e+06
972.973	  3.26253e+06
973.26	  3.26197e+06
973.547	  3.26141e+06
973.834	  3.26085e+06
974.121	  3.26029e+06
974.408	  3.25973e+06
974.695	  3.25917e+06
974.982	  3.25861e+06
975.269	  3.25804e+06
975.556	  3.25748e+06
975.843	  3.25692e+06
976.13	  3.25636e+06
976.417	  3.25579e+06
976.704	  3.25523e+06
976.991	  3.25467e+06
977.278	  3.2541e+06
977.565	  3.25354e+06
977.852	  3.25298e+06
978.139	  3.25241e+06
978.426	  3.25185e+06
978.713	  3.25128e+06
979	  3.25072e+06
979.287	  3.25015e+06
979.574	  3.24958e+06
979.861	  3.24902e+06
980.148	  3.24845e+06
980.435	  3.24789e+06
980.722	  3.24732e+06
981.009	  3.24675e+06
981.296	  3.24619e+06
981.583	  3.24562e+06
981.87	  3.24505e+06
982.157	  3.24448e+06
982.444	  3.24391e+06
982.731	  3.24335e+06
983.018	  3.24278e+06
983.305	  3.24221e+06
983.592	  3.24164e+06
983.879	  3.24107e+06
984.166	  3.2405e+06
984.453	  3.23993e+06
984.74	  3.23936e+06
985.027	  3.23879e+06
985.314	  3.23822e+06
985.601	  3.23765e+06
985.888	  3.23708e+06
986.175	  3.2365e+06
986.462	  3.23593e+06
986.749	  3.23536e+06
987.036	  3.23479e+06
987.323	  3.23422e+06
987.61	  3.23364e+06
987.897	  3.23307e+06
988.184	  3.2325e+06
988.471	  3.23192e+06
988.758	  3.23135e+06
989.045	  3.23078e+06
989.332	  3.2302e+06
989.619	  3.22963e+06
989.906	  3.22905e+06
990.193	  3.22848e+06
990.48	  3.2279e+06
990.767	  3.22733e+06
991.054	  3.22675e+06
991.341	  3.22618e+06
991.628	  3.2256e+06
991.915	  3.22503e+06
992.202	  3.22445e+06
992.489	  3.22387e+06
992.776	  3.2233e+06
993.063	  3.22272e+06
993.35	  3.22214e+06
993.637	  3.22156e+06
993.924	  3.22099e+06
994.211	  3.22041e+06
994.498	  3.21983e+06
994.785	  3.21925e+06
995.072	  3.21867e+06
995.359	  3.21809e+06
995.646	  3.21751e+06
995.933	  3.21694e+06
996.22	  3.21636e+06
996.507	  3.21578e+06
996.794	  3.2152e+06
997.081	  3.21462e+06
997.368	  3.21404e+06
997.655	  3.21345e+06
997.942	  3.21287e+06
998.229	  3.21229e+06
998.516	  3.21171e+06
998.803	  3.21113e+06
999.09	  3.21055e+06
999.377	  3.20997e+06
999.664	  3.20938e+06
999.951	  3.2088e+06
1000.24	  3.20822e+06
1000.52	  3.20764e+06
1000.81	  3.20705e+06
1001.1	  3.20647e+06
1001.39	  3.20589e+06
1001.67	  3.2053e+06
1001.96	  3.20472e+06
1002.25	  3.20414e+06
1002.53	  3.20355e+06
1002.82	  3.20297e+06
1003.11	  3.20238e+06
1003.39	  3.2018e+06
1003.68	  3.20121e+06
1003.97	  3.20063e+06
1004.26	  3.20004e+06
1004.54	  3.19946e+06
1004.83	  3.19887e+06
1005.12	  3.19828e+06
1005.4	  3.1977e+06
1005.69	  3.19711e+06
1005.98	  3.19652e+06
1006.26	  3.19594e+06
1006.55	  3.19535e+06
1006.84	  3.19476e+06
1007.13	  3.19417e+06
1007.41	  3.19359e+06
1007.7	  3.193e+06
1007.99	  3.19241e+06
1008.27	  3.19182e+06
1008.56	  3.19123e+06
1008.85	  3.19065e+06
1009.13	  3.19006e+06
1009.42	  3.18947e+06
1009.71	  3.18888e+06
1010	  3.18829e+06
1010.28	  3.1877e+06
1010.57	  3.18711e+06
1010.86	  3.18652e+06
1011.14	  3.18593e+06
1011.43	  3.18534e+06
1011.72	  3.18475e+06
1012	  3.18416e+06
1012.29	  3.18356e+06
1012.58	  3.18297e+06
1012.87	  3.18238e+06
1013.15	  3.18179e+06
1013.44	  3.1812e+06
1013.73	  3.18061e+06
1014.01	  3.18001e+06
1014.3	  3.17942e+06
1014.59	  3.17883e+06
1014.88	  3.17824e+06
1015.16	  3.17764e+06
1015.45	  3.17705e+06
1015.74	  3.17646e+06
1016.02	  3.17586e+06
1016.31	  3.17527e+06
1016.6	  3.17468e+06
1016.88	  3.17408e+06
1017.17	  3.17349e+06
1017.46	  3.17289e+06
1017.75	  3.1723e+06
1018.03	  3.1717e+06
1018.32	  3.17111e+06
1018.61	  3.17051e+06
1018.89	  3.16992e+06
1019.18	  3.16932e+06
1019.47	  3.16873e+06
1019.98	  3.16767e+06
1021.08	  3.16539e+06
1022.17	  3.1631e+06
1023.27	  3.16081e+06
1024.38	  3.15851e+06
1025.47	  3.15622e+06
1026.58	  3.15392e+06
1027.67	  3.15162e+06
1028.78	  3.14931e+06
1029.88	  3.14701e+06
1030.97	  3.1447e+06
1032.08	  3.14239e+06
1033.17	  3.14007e+06
1034.28	  3.13776e+06
1035.38	  3.13544e+06
1036.47	  3.13312e+06
1037.58	  3.1308e+06
1038.67	  3.12847e+06
1039.78	  3.12615e+06
1040.88	  3.12382e+06
1041.97	  3.12149e+06
1043.08	  3.11915e+06
1044.17	  3.11682e+06
1045.28	  3.11448e+06
1046.38	  3.11214e+06
1047.47	  3.1098e+06
1048.58	  3.10746e+06
1049.67	  3.10511e+06
1050.78	  3.10277e+06
1051.88	  3.10042e+06
1052.97	  3.09807e+06
1054.08	  3.09572e+06
1055.17	  3.09336e+06
1056.28	  3.091e+06
1057.38	  3.08865e+06
1058.47	  3.08629e+06
1059.58	  3.08393e+06
1060.67	  3.08156e+06
1061.78	  3.0792e+06
1062.88	  3.07683e+06
1063.97	  3.07446e+06
1065.08	  3.07209e+06
1066.17	  3.06972e+06
1067.28	  3.06735e+06
1068.38	  3.06497e+06
1069.47	  3.0626e+06
1070.58	  3.06022e+06
1071.67	  3.05784e+06
1072.78	  3.05546e+06
1073.88	  3.05308e+06
1074.97	  3.05069e+06
1076.08	  3.04831e+06
1077.17	  3.04592e+06
1078.28	  3.04353e+06
1079.38	  3.04115e+06
1080.47	  3.03875e+06
1081.58	  3.03636e+06
1082.67	  3.03397e+06
1083.78	  3.03158e+06
1084.88	  3.02918e+06
1085.97	  3.02678e+06
1087.08	  3.02438e+06
1088.17	  3.02199e+06
1089.28	  3.01959e+06
1090.38	  3.01718e+06
1091.47	  3.01478e+06
1092.58	  3.01238e+06
1093.67	  3.00997e+06
1094.78	  3.00757e+06
1095.88	  3.00516e+06
1096.97	  3.00275e+06
1098.08	  3.00034e+06
1099.17	  2.99793e+06
1100.28	  2.99552e+06
1101.38	  2.99311e+06
1102.47	  2.9907e+06
1103.58	  2.98828e+06
1104.67	  2.98587e+06
1105.78	  2.98345e+06
1106.88	  2.98103e+06
1107.97	  2.97862e+06
1109.08	  2.9762e+06
1110.17	  2.97378e+06
1111.28	  2.97136e+06
1112.38	  2.96894e+06
1113.47	  2.96652e+06
1114.58	  2.96409e+06
1115.67	  2.96167e+06
1116.78	  2.95925e+06
1117.88	  2.95682e+06
1118.97	  2.9544e+06
1120.08	  2.95197e+06
1121.17	  2.94955e+06
1122.28	  2.94712e+06
1123.38	  2.94469e+06
1124.47	  2.94226e+06
1125.58	  2.93983e+06
1126.67	  2.9374e+06
1127.78	  2.93497e+06
1128.88	  2.93254e+06
1129.97	  2.93011e+06
1131.08	  2.92768e+06
1132.17	  2.92525e+06
1133.28	  2.92282e+06
1134.38	  2.92038e+06
1135.47	  2.91795e+06
1136.58	  2.91551e+06
1137.67	  2.91308e+06
1138.78	  2.91065e+06
1139.88	  2.90821e+06
1140.97	  2.90577e+06
1142.08	  2.90334e+06
1143.17	  2.9009e+06
1144.28	  2.89847e+06
1145.38	  2.89603e+06
1146.47	  2.89359e+06
1147.58	  2.89115e+06
1148.67	  2.88872e+06
1149.78	  2.88628e+06
1150.88	  2.88384e+06
1151.97	  2.8814e+06
1153.08	  2.87896e+06
1154.17	  2.87652e+06
1155.28	  2.87408e+06
1156.38	  2.87164e+06
1157.47	  2.86921e+06
1158.58	  2.86677e+06
1159.67	  2.86433e+06
1160.78	  2.86189e+06
1161.88	  2.85945e+06
1162.97	  2.85701e+06
1164.08	  2.85457e+06
1165.17	  2.85213e+06
1166.28	  2.84969e+06
1167.38	  2.84724e+06
1168.47	  2.8448e+06
1169.58	  2.84236e+06
1170.67	  2.83992e+06
1171.78	  2.83748e+06
1172.88	  2.83504e+06
1173.97	  2.8326e+06
1175.08	  2.83016e+06
1176.17	  2.82772e+06
1177.28	  2.82528e+06
1178.38	  2.82284e+06
1179.47	  2.8204e+06
1180.58	  2.81796e+06
1181.67	  2.81552e+06
1182.78	  2.81308e+06
1183.88	  2.81064e+06
1184.97	  2.8082e+06
1186.08	  2.80576e+06
1187.17	  2.80333e+06
1188.28	  2.80089e+06
1189.38	  2.79845e+06
1190.47	  2.79601e+06
1191.58	  2.79357e+06
1192.67	  2.79113e+06
1193.78	  2.7887e+06
1194.88	  2.78626e+06
1195.97	  2.78382e+06
1197.08	  2.78138e+06
1198.17	  2.77895e+06
1199.28	  2.77651e+06
1200.38	  2.77407e+06
1201.47	  2.77164e+06
1202.58	  2.7692e+06
1203.67	  2.76677e+06
1204.78	  2.76433e+06
1205.88	  2.7619e+06
1206.97	  2.75947e+06
1208.08	  2.75703e+06
1209.17	  2.7546e+06
1210.28	  2.75217e+06
1211.38	  2.74973e+06
1212.47	  2.7473e+06
1213.58	  2.74487e+06
1214.67	  2.74244e+06
1215.78	  2.74001e+06
1216.88	  2.73758e+06
1217.97	  2.73515e+06
1219.08	  2.73272e+06
1220.17	  2.73029e+06
1221.28	  2.72786e+06
1222.38	  2.72543e+06
1223.47	  2.72301e+06
1224.58	  2.72058e+06
1225.67	  2.71815e+06
1226.78	  2.71573e+06
1227.88	  2.7133e+06
1228.97	  2.71088e+06
1230.08	  2.70846e+06
1231.17	  2.70603e+06
1232.28	  2.70361e+06
1233.38	  2.70119e+06
1234.47	  2.69877e+06
1235.58	  2.69635e+06
1236.67	  2.69393e+06
1237.78	  2.69151e+06
1238.88	  2.68909e+06
1239.97	  2.68667e+06
1241.08	  2.68425e+06
1242.17	  2.68183e+06
1243.28	  2.67942e+06
1244.38	  2.677e+06
1245.47	  2.67459e+06
1246.58	  2.67217e+06
1247.67	  2.66976e+06
1248.78	  2.66735e+06
1249.88	  2.66493e+06
1250.97	  2.66252e+06
1252.08	  2.66011e+06
1253.17	  2.6577e+06
1254.28	  2.65529e+06
1255.38	  2.65289e+06
1256.47	  2.65048e+06
1257.58	  2.64807e+06
1258.67	  2.64567e+06
1259.78	  2.64326e+06
1260.88	  2.64086e+06
1261.97	  2.63845e+06
1263.08	  2.63605e+06
1264.17	  2.63365e+06
1265.28	  2.63125e+06
1266.38	  2.62885e+06
1267.47	  2.62645e+06
1268.58	  2.62405e+06
1269.67	  2.62165e+06
1270.78	  2.61925e+06
1271.88	  2.61686e+06
1272.97	  2.61446e+06
1274.08	  2.61207e+06
1275.17	  2.60968e+06
1276.28	  2.60728e+06
1277.38	  2.60489e+06
1278.47	  2.6025e+06
1279.58	  2.60011e+06
1280.67	  2.59772e+06
1281.78	  2.59534e+06
1282.88	  2.59295e+06
1283.97	  2.59056e+06
1285.08	  2.58818e+06
1286.17	  2.5858e+06
1287.28	  2.58341e+06
1288.38	  2.58103e+06
1289.47	  2.57865e+06
1290.58	  2.57627e+06
1291.67	  2.57389e+06
1292.78	  2.57151e+06
1293.88	  2.56914e+06
1294.97	  2.56676e+06
1296.08	  2.56439e+06
1297.17	  2.56201e+06
1298.28	  2.55964e+06
1299.38	  2.55727e+06
1300.47	  2.5549e+06
1301.58	  2.55253e+06
1302.67	  2.55016e+06
1303.78	  2.54779e+06
1304.88	  2.54543e+06
1305.97	  2.54306e+06
1307.08	  2.5407e+06
1308.17	  2.53833e+06
1309.28	  2.53597e+06
1310.38	  2.53361e+06
1311.47	  2.53125e+06
1312.58	  2.52889e+06
1313.67	  2.52654e+06
1314.78	  2.52418e+06
1315.88	  2.52182e+06
1316.97	  2.51947e+06
1318.08	  2.51712e+06
1319.17	  2.51476e+06
1320.28	  2.51241e+06
1321.38	  2.51006e+06
1322.47	  2.50772e+06
1323.58	  2.50537e+06
1324.67	  2.50302e+06
1325.78	  2.50068e+06
1326.88	  2.49833e+06
1327.97	  2.49599e+06
1329.08	  2.49365e+06
1330.17	  2.49131e+06
1331.28	  2.48897e+06
1332.38	  2.48663e+06
1333.47	  2.4843e+06
1334.58	  2.48196e+06
1335.67	  2.47963e+06
1336.78	  2.47729e+06
1337.88	  2.47496e+06
1338.97	  2.47263e+06
1340.08	  2.4703e+06
1341.17	  2.46798e+06
1342.28	  2.46565e+06
1343.38	  2.46332e+06
1344.47	  2.461e+06
1345.58	  2.45868e+06
1346.67	  2.45635e+06
1347.78	  2.45403e+06
1348.88	  2.45172e+06
1349.97	  2.4494e+06
1351.08	  2.44708e+06
1352.17	  2.44477e+06
1353.28	  2.44245e+06
1354.38	  2.44014e+06
1355.47	  2.43783e+06
1356.58	  2.43552e+06
1357.67	  2.43321e+06
1358.78	  2.4309e+06
1359.88	  2.4286e+06
1360.97	  2.42629e+06
1362.08	  2.42399e+06
1363.17	  2.42168e+06
1364.28	  2.41938e+06
1365.38	  2.41708e+06
1366.47	  2.41479e+06
1367.58	  2.41249e+06
1368.67	  2.41019e+06
1369.78	  2.4079e+06
1370.88	  2.40561e+06
1371.97	  2.40332e+06
1373.08	  2.40103e+06
1374.17	  2.39874e+06
1375.28	  2.39645e+06
1376.38	  2.39416e+06
1377.47	  2.39188e+06
1378.58	  2.3896e+06
1379.67	  2.38731e+06
1380.78	  2.38503e+06
1381.88	  2.38276e+06
1382.97	  2.38048e+06
1384.08	  2.3782e+06
1385.17	  2.37593e+06
1386.28	  2.37365e+06
1387.38	  2.37138e+06
1388.47	  2.36911e+06
1389.58	  2.36684e+06
1390.67	  2.36457e+06
1391.78	  2.36231e+06
1392.88	  2.36004e+06
1393.97	  2.35778e+06
1395.08	  2.35552e+06
1396.17	  2.35326e+06
1397.28	  2.351e+06
1398.38	  2.34874e+06
1399.47	  2.34648e+06
1400.58	  2.34423e+06
1401.67	  2.34198e+06
1402.78	  2.33972e+06
1403.88	  2.33747e+06
1404.97	  2.33522e+06
1406.08	  2.33298e+06
1407.17	  2.33073e+06
1408.28	  2.32849e+06
1409.38	  2.32624e+06
1410.47	  2.324e+06
1411.58	  2.32176e+06
1412.67	  2.31952e+06
1413.78	  2.31729e+06
1414.88	  2.31505e+06
1415.97	  2.31282e+06
1417.08	  2.31058e+06
1418.17	  2.30835e+06
1419.28	  2.30612e+06
1420.38	  2.30389e+06
1421.47	  2.30167e+06
1422.58	  2.29944e+06
1423.67	  2.29722e+06
1424.78	  2.295e+06
1425.88	  2.29278e+06
1426.97	  2.29056e+06
1428.08	  2.28834e+06
1429.17	  2.28612e+06
1430.28	  2.28391e+06
1431.38	  2.28169e+06
1432.47	  2.27948e+06
1433.58	  2.27727e+06
1434.67	  2.27506e+06
1435.78	  2.27286e+06
1436.88	  2.27065e+06
1437.97	  2.26845e+06
1439.08	  2.26625e+06
1440.17	  2.26404e+06
1441.28	  2.26184e+06
1442.38	  2.25965e+06
1443.47	  2.25745e+06
1444.58	  2.25526e+06
1445.67	  2.25306e+06
1446.78	  2.25087e+06
1447.88	  2.24868e+06
1448.97	  2.24649e+06
1450.08	  2.24431e+06
1451.17	  2.24212e+06
1452.28	  2.23994e+06
1453.38	  2.23775e+06
1454.47	  2.23557e+06
1455.58	  2.23339e+06
1456.67	  2.23122e+06
1457.78	  2.22904e+06
1458.88	  1.46651e+06
1459.97	  1.46524e+06
1461.08	  1.46397e+06
1462.17	  1.46271e+06
1463.28	  1.46144e+06
1464.38	  1.46017e+06
1465.47	  1.45891e+06
1466.58	  1.45764e+06
1467.67	  1.45638e+06
1468.78	  1.45511e+06
1469.88	  1.45385e+06
1470.97	  1.45259e+06
1472.08	  1.45133e+06
1473.17	  1.45007e+06
1474.28	  1.44881e+06
1475.38	  1.44755e+06
1476.47	  1.4463e+06
1477.58	  1.44504e+06
1478.67	  1.44379e+06
1479.78	  1.44253e+06
1480.88	  1.44128e+06
1481.97	  1.44003e+06
1483.08	  1.43877e+06
1484.17	  1.43752e+06
1485.28	  1.43627e+06
1486.38	  1.43502e+06
1487.47	  1.43378e+06
1488.58	  1.43253e+06
1489.67	  1.43128e+06
1490.78	  1.43004e+06
1491.88	  1.42879e+06
1492.97	  1.42755e+06
1494.08	  1.42631e+06
1495.17	  1.42507e+06
1496.28	  1.42383e+06
1497.38	  1.42259e+06
1498.47	  1.42135e+06
1499.58	  1.42011e+06
1500.67	  1.41887e+06
1501.78	  1.41763e+06
1502.88	  1.4164e+06
1503.97	  1.41517e+06
1505.08	  1.41393e+06
1506.17	  1.4127e+06
1507.28	  1.41147e+06
1508.38	  1.41024e+06
1509.47	  1.40901e+06
1510.58	  1.40778e+06
1511.67	  1.40655e+06
1512.78	  1.40532e+06
1513.88	  1.4041e+06
1514.97	  1.40287e+06
1516.08	  1.40165e+06
1517.17	  1.40042e+06
1518.28	  1.3992e+06
1519.38	  1.39798e+06
1520.47	  1.39676e+06
1521.58	  1.39554e+06
1522.67	  1.39432e+06
1523.78	  1.3931e+06
1524.88	  1.39188e+06
1525.97	  1.39067e+06
1527.08	  1.38945e+06
1528.17	  1.38824e+06
1529.28	  1.38702e+06
1530.38	  1.38581e+06
1531.47	  1.3846e+06
1532.58	  1.38339e+06
1533.67	  1.38218e+06
1534.78	  1.38097e+06
1535.88	  1.37976e+06
1536.97	  1.37856e+06
1538.08	  1.37735e+06
1539.17	  1.37615e+06
1540.28	  1.37494e+06
1541.38	  1.37374e+06
1542.47	  1.37254e+06
1543.58	  1.37133e+06
1544.67	  1.37013e+06
1545.78	  1.36893e+06
1546.88	  1.36774e+06
1547.97	  1.36654e+06
1549.08	  1.36534e+06
1550.17	  1.36415e+06
1551.28	  1.36295e+06
1552.38	  1.36176e+06
1553.47	  1.36056e+06
1554.58	  1.35937e+06
1555.67	  1.35818e+06
1556.78	  1.35699e+06
1557.88	  1.3558e+06
1558.97	  1.35461e+06
1560.08	  1.35343e+06
1561.17	  1.35224e+06
1562.28	  1.35105e+06
1563.38	  1.34987e+06
1564.47	  1.34869e+06
1565.58	  1.3475e+06
1566.67	  1.34632e+06
1567.78	  1.34514e+06
1568.88	  1.34396e+06
1569.97	  1.34278e+06
1571.08	  1.34161e+06
1572.17	  1.34043e+06
1573.28	  1.33925e+06
1574.38	  1.33808e+06
1575.47	  1.3369e+06
1576.58	  1.33573e+06
1577.67	  1.33456e+06
1578.78	  1.33339e+06
1579.88	  1.33222e+06
1580.97	  1.33105e+06
1582.08	  1.32988e+06
1583.17	  1.32871e+06
1584.28	  1.32754e+06
1585.38	  1.32638e+06
1586.47	  1.32521e+06
1587.58	  1.32405e+06
1588.67	  1.32289e+06
1589.78	  1.32173e+06
1590.88	  1.32057e+06
1591.97	  1.31941e+06
1593.08	  1.31825e+06
1594.17	  1.31709e+06
1595.28	  1.31593e+06
1596.38	  1.31478e+06
1597.47	  1.31362e+06
1598.58	  1.31247e+06
1599.67	  1.31131e+06
1600.78	  1.31016e+06
1601.88	  1.30901e+06
1602.97	  1.30786e+06
1604.08	  1.30671e+06
1605.17	  1.30556e+06
1606.28	  1.30441e+06
1607.38	  1.30327e+06
1608.47	  1.30212e+06
1609.58	  1.30098e+06
1610.67	  1.29984e+06
1611.78	  1.29869e+06
1612.88	  1.29755e+06
1613.97	  1.29641e+06
1615.08	  1.29527e+06
1616.17	  1.29413e+06
1617.28	  1.293e+06
1618.38	  1.29186e+06
1619.47	  1.29072e+06
1620.58	  1.28959e+06
1621.67	  1.28845e+06
1622.78	  1.28732e+06
1623.88	  1.28619e+06
1624.97	  1.28506e+06
1626.08	  1.28393e+06
1627.17	  1.2828e+06
1628.28	  1.28167e+06
1629.38	  1.28055e+06
1630.47	  1.27942e+06
1631.58	  1.2783e+06
1632.67	  1.27717e+06
1633.78	  1.27605e+06
1634.88	  1.27493e+06
1635.97	  1.27381e+06
1637.08	  1.27269e+06
1638.17	  1.27157e+06
1639.28	  1.27046e+06
1640.38	  1.26934e+06
1641.47	  1.26823e+06
1642.58	  1.26711e+06
1643.67	  1.266e+06
1644.78	  1.26489e+06
1645.88	  1.26378e+06
1646.97	  1.26267e+06
1648.08	  1.26157e+06
1649.17	  1.26046e+06
1650.28	  1.25935e+06
1651.38	  1.25825e+06
1652.47	  1.25714e+06
1653.58	  1.25604e+06
1654.67	  1.25493e+06
1655.78	  1.25383e+06
1656.88	  1.25273e+06
1657.97	  1.25163e+06
1659.08	  1.25053e+06
1660.17	  1.24943e+06
1661.28	  1.24833e+06
1662.38	  1.24724e+06
1663.47	  1.24614e+06
1664.58	  1.24504e+06
1665.67	  1.24395e+06
1666.78	  1.24286e+06
1667.88	  1.24176e+06
1668.97	  1.24067e+06
1670.08	  1.23958e+06
1671.17	  1.23849e+06
1672.28	  1.2374e+06
1673.38	  1.23631e+06
1674.47	  1.23522e+06
1675.58	  1.23414e+06
1676.67	  1.23305e+06
1677.78	  1.23196e+06
1678.88	  1.23088e+06
1679.97	  1.2298e+06
1681.08	  1.22871e+06
1682.17	  1.22763e+06
1683.28	  1.22655e+06
1684.38	  1.22547e+06
1685.47	  1.22439e+06
1686.58	  1.22331e+06
1687.67	  1.22223e+06
1688.78	  1.22116e+06
1689.88	  1.22008e+06
1690.97	  1.21901e+06
1692.08	  1.21793e+06
1693.17	  1.21686e+06
1694.28	  1.21578e+06
1695.38	  1.21471e+06
1696.47	  1.21364e+06
1697.58	  1.21257e+06
1698.67	  1.2115e+06
1699.78	  1.21043e+06
1700.88	  1.20937e+06
1701.97	  1.2083e+06
1703.08	  1.20723e+06
1704.17	  1.20617e+06
1705.28	  1.2051e+06
1706.38	  1.20404e+06
1707.47	  1.20298e+06
1708.58	  1.20192e+06
1709.67	  1.20085e+06
1710.78	  1.19979e+06
1711.88	  1.19874e+06
1712.97	  1.19768e+06
1714.08	  1.19662e+06
1715.17	  1.19556e+06
1716.28	  1.19451e+06
1717.38	  1.19345e+06
1718.47	  1.1924e+06
1719.58	  1.19134e+06
1720.67	  1.19029e+06
1721.78	  1.18924e+06
1722.88	  1.18819e+06
1723.97	  1.18714e+06
1725.08	  1.18609e+06
1726.17	  1.18504e+06
1727.28	  1.184e+06
1728.38	  1.18295e+06
1729.47	  1.1819e+06
1730.58	  1.18086e+06
1731.67	  1.17981e+06
1732.78	  1.17877e+06
1733.88	  1.17773e+06
1734.97	  1.17669e+06
1736.08	  1.17565e+06
1737.17	  1.17461e+06
1738.28	  1.17357e+06
1739.38	  1.17253e+06
1740.47	  1.17149e+06
1741.58	  1.17046e+06
1742.67	  1.16942e+06
1743.78	  1.16839e+06
1744.88	  1.16735e+06
1745.97	  1.16632e+06
1747.08	  1.16529e+06
1748.17	  1.16425e+06
1749.28	  1.16322e+06
1750.38	  1.16219e+06
1751.47	  1.16117e+06
1752.58	  1.16014e+06
1753.67	  1.15911e+06
1754.78	  1.15808e+06
1755.88	  1.15706e+06
1756.97	  1.15603e+06
1758.08	  1.15501e+06
1759.17	  1.15399e+06
1760.28	  1.15296e+06
1761.38	  1.15194e+06
1762.47	  1.15092e+06
1763.58	  1.1499e+06
1764.67	  1.14888e+06
1765.78	  1.14787e+06
1766.88	  1.14685e+06
1767.97	  1.14583e+06
1769.08	  1.14482e+06
1770.17	  1.1438e+06
1771.28	  1.14279e+06
1772.38	  1.14178e+06
1773.47	  1.14076e+06
1774.58	  1.13975e+06
1775.67	  1.13874e+06
1776.78	  1.13773e+06
1777.88	  1.13672e+06
1778.97	  1.13572e+06
1780.08	  1.13471e+06
1781.17	  1.1337e+06
1782.28	  1.1327e+06
1783.38	  1.13169e+06
1784.47	  1.13069e+06
1785.58	  1.12968e+06
1786.67	  1.12868e+06
1787.78	  1.12768e+06
1788.88	  1.12668e+06
1789.97	  1.12568e+06
1791.08	  1.12468e+06
1792.17	  1.12368e+06
1793.28	  1.12269e+06
1794.38	  1.12169e+06
1795.47	  1.1207e+06
1796.58	  1.1197e+06
1797.67	  1.11871e+06
1798.78	  1.11771e+06
1799.88	  1.11672e+06
1800.97	  1.11573e+06
1802.08	  1.11474e+06
1803.17	  1.11375e+06
1804.28	  1.11276e+06
1805.38	  1.11177e+06
1806.47	  1.11079e+06
1807.58	  1.1098e+06
1808.67	  1.10881e+06
1809.78	  1.10783e+06
1810.88	  1.10685e+06
1811.97	  1.10586e+06
1813.08	  1.10488e+06
1814.17	  1.1039e+06
1815.28	  1.10292e+06
1816.38	  1.10194e+06
1817.47	  1.10096e+06
1818.58	  1.09998e+06
1819.67	  1.099e+06
1820.78	  1.09803e+06
1821.88	  1.09705e+06
1822.97	  1.09608e+06
1824.08	  1.0951e+06
1825.17	  1.09413e+06
1826.28	  1.09316e+06
1827.38	  1.09219e+06
1828.47	  1.09122e+06
1829.58	  1.09025e+06
1830.67	  1.08928e+06
1831.78	  1.08831e+06
1832.88	  1.08734e+06
1833.97	  1.08637e+06
1835.08	  1.08541e+06
1836.17	  1.08444e+06
1837.28	  1.08348e+06
1838.38	  1.08252e+06
1839.47	  1.08155e+06
1840.58	  1.08059e+06
1841.67	  1.07963e+06
1842.78	  1.07867e+06
1843.88	  1.07771e+06
1844.97	  1.07675e+06
1846.08	  1.0758e+06
1847.17	  1.07484e+06
1848.28	  1.07388e+06
1849.38	  1.07293e+06
1850.47	  1.07197e+06
1851.58	  1.07102e+06
1852.67	  1.07007e+06
1853.78	  1.06912e+06
1854.88	  1.06816e+06
1855.97	  1.06721e+06
1857.08	  1.06627e+06
1858.17	  1.06532e+06
1859.28	  1.06437e+06
1860.38	  1.06342e+06
1861.47	  1.06248e+06
1862.58	  1.06153e+06
1863.67	  1.06059e+06
1864.78	  1.05964e+06
1865.88	  1.0587e+06
1866.97	  1.05776e+06
1868.08	  1.05682e+06
1869.17	  1.05587e+06
1870.28	  1.05493e+06
1871.38	  1.054e+06
1872.47	  1.05306e+06
1873.58	  1.05212e+06
1874.67	  1.05118e+06
1875.78	  1.05025e+06
1876.88	  1.04931e+06
1877.97	  1.04838e+06
1879.08	  1.04745e+06
1880.17	  1.04651e+06
1881.28	  1.04558e+06
1882.38	  1.04465e+06
1883.47	  1.04372e+06
1884.58	  1.04279e+06
1885.67	  1.04186e+06
1886.78	  1.04094e+06
1887.88	  1.04001e+06
1888.97	  1.03908e+06
1890.08	  1.03816e+06
1891.17	  1.03723e+06
1892.28	  1.03631e+06
1893.38	  1.03539e+06
1894.47	  1.03446e+06
1895.58	  1.03354e+06
1896.67	  1.03262e+06
1897.78	  1.0317e+06
1898.88	  1.03078e+06
1899.97	  1.02987e+06
1901.08	  1.02895e+06
1902.17	  1.02803e+06
1903.28	  1.02712e+06
1904.38	  1.0262e+06
1905.47	  1.02529e+06
1906.58	  1.02437e+06
1907.67	  1.02346e+06
1908.78	  1.02255e+06
1909.88	  1.02164e+06
1910.97	  1.02073e+06
1912.08	  1.01982e+06
1913.17	  1.01891e+06
1914.28	  1.018e+06
1915.38	  1.0171e+06
1916.47	  1.01619e+06
1917.58	  1.01528e+06
1918.67	  1.01438e+06
1919.78	  1.01348e+06
1920.88	  1.01257e+06
1921.97	  1.01167e+06
1923.08	  1.01077e+06
1924.17	  1.00987e+06
1925.28	  1.00897e+06
1926.38	  1.00807e+06
1927.47	  1.00717e+06
1928.58	  1.00627e+06
1929.67	  1.00538e+06
1930.78	  1.00448e+06
1931.88	  1.00358e+06
1932.97	  1.00269e+06
1934.08	  1.0018e+06
1935.17	  1.0009e+06
1936.28	  1.00001e+06
1937.38	  999120
1938.47	  998230
1939.58	  997340
1940.67	  996451
1941.78	  995563
1942.88	  994675
1943.97	  993789
1945.08	  992903
1946.17	  992018
1947.28	  991133
1948.38	  990250
1949.47	  989367
1950.58	  988485
1951.67	  987604
1952.78	  986724
1953.88	  985844
1954.97	  984965
1956.08	  984087
1957.17	  983210
1958.28	  982333
1959.38	  981457
1960.47	  980582
1961.58	  979708
1962.67	  978834
1963.78	  977962
1964.88	  977090
1965.97	  976219
1967.08	  975348
1968.17	  974478
1969.28	  973610
1970.38	  972741
1971.47	  971874
1972.58	  971008
1973.67	  970142
1974.78	  969277
1975.88	  968412
1976.97	  967549
1978.08	  966686
1979.17	  965824
1980.28	  964963
1981.38	  964102
1982.47	  963243
1983.58	  962384
1984.67	  961525
1985.78	  960668
1986.88	  959811
1987.97	  958955
1989.08	  958100
1990.17	  957246
1991.28	  956392
1992.38	  955539
1993.47	  954687
1994.58	  953836
1995.67	  952985
1996.78	  952135
1997.88	  951286
1998.97	  950438
2000.08	  949590
2001.17	  948743
2002.28	  947897
2003.38	  947052
2004.47	  946207
2005.58	  945363
2006.67	  944520
2007.78	  943678
2008.88	  942836
2009.97	  941995
2011.08	  941155
2012.17	  940316
2013.28	  939477
2014.38	  938639
2015.47	  937802
2016.58	  936966
2017.67	  936130
2018.78	  935295
2019.88	  934461
2020.97	  933628
2022.08	  932795
2023.18	  931963
2024.28	  931132
2025.38	  930301
2026.47	  929472
2027.58	  928643
2028.68	  927814
2029.78	  926987
2030.88	  926160
2031.97	  925334
2033.08	  924509
2034.18	  923684
2035.28	  922860
2036.38	  922037
2037.47	  921215
2038.58	  920393
2039.68	  919572
2040.78	  918752
2041.88	  917933
2042.97	  917114
2044.08	  916296
2045.18	  915479
2046.28	  914663
2047.38	  913847
2048.47	  913032
2049.57	  912217
2050.68	  911404
2051.78	  910591
2052.88	  909779
2053.97	  908968
2055.07	  908157
2056.18	  907347
2057.28	  906538
2058.38	  905729
2059.47	  904922
2060.57	  904114
2061.68	  903308
2062.78	  902503
2063.88	  901698
2064.97	  900894
2066.07	  900090
2067.18	  899287
2068.28	  898485
2069.38	  897684
2070.47	  896884
2071.57	  896084
2072.68	  895285
2073.78	  894486
2074.88	  893689
2075.97	  892892
2077.07	  892095
2078.18	  891300
2079.28	  890505
2080.38	  889711
2081.47	  888917
2082.57	  888125
2083.68	  887333
2084.78	  886542
2085.88	  885751
2086.97	  884961
2088.07	  884172
2089.18	  883384
2090.28	  882596
2091.38	  881809
2092.47	  881023
2093.57	  880237
2094.68	  879452
2095.78	  878668
2096.88	  877885
2097.97	  877102
2099.07	  876320
2100.18	  875538
2101.28	  874758
2102.38	  873978
2103.47	  873199
2104.57	  872420
2105.68	  871642
2106.78	  870865
2107.88	  870089
2108.97	  869313
2110.07	  868538
2111.18	  867763
2112.28	  866990
2113.38	  866217
2114.47	  865445
2115.57	  864673
2116.68	  863902
2117.78	  863132
2118.88	  862363
2119.97	  861594
2121.07	  860826
2122.18	  860058
2123.28	  859292
2124.38	  858526
2125.47	  857761
2126.57	  856996
2127.68	  856232
2128.78	  855469
2129.88	  854706
2130.97	  853944
2132.07	  853183
2133.18	  852423
2134.28	  851663
2135.38	  850904
2136.47	  850145
2137.57	  849388
2138.68	  848631
2139.78	  847874
2140.88	  847119
2141.97	  846364
2143.07	  845609
2144.18	  844856
2145.28	  844103
2146.38	  843350
2147.47	  842599
2148.57	  841848
2149.68	  841098
2150.78	  840348
2151.88	  839599
2152.97	  838851
2154.07	  838104
2155.18	  837357
2156.28	  836611
2157.38	  835865
2158.47	  835120
2159.57	  834376
2160.68	  833633
2161.78	  832890
2162.88	  832148
2163.97	  831407
2165.07	  830666
2166.18	  829926
2167.28	  829186
2168.38	  828447
2169.47	  827709
2170.57	  826972
2171.68	  826235
2172.78	  825499
2173.88	  824764
2174.97	  824029
2176.07	  823295
2177.18	  822562
2178.28	  821829
2179.38	  821097
2180.47	  820365
2181.57	  819635
2182.68	  818904
2183.78	  818175
2184.88	  817446
2185.97	  816718
2187.07	  815991
2188.18	  815264
2189.28	  814538
2190.38	  813812
2191.47	  813088
2192.57	  812364
2193.68	  811640
2194.78	  810917
2195.88	  810195
2196.97	  809474
2198.07	  808753
2199.18	  808032
2200.28	  807313
2201.38	  806594
2202.47	  805876
2203.57	  805158
2204.68	  804441
2205.78	  803725
2206.88	  803009
2207.97	  802294
2209.07	  801580
2210.18	  800866
2211.28	  800153
2212.38	  799441
2213.47	  798729
2214.57	  798018
2215.68	  797308
2216.78	  796598
2217.88	  795889
2218.97	  795180
2220.07	  794473
2221.18	  793765
2222.28	  793059
2223.38	  792353
2224.47	  791648
2225.57	  790943
2226.68	  790239
2227.78	  789536
2228.88	  788833
2229.97	  788131
2231.07	  787429
2232.18	  786729
2233.28	  786028
2234.38	  785329
2235.47	  784630
2236.57	  783932
2237.68	  783234
2238.78	  782537
2239.88	  781841
2240.97	  781145
2242.07	  780450
2243.18	  779756
2244.28	  779062
2245.38	  778369
2246.47	  777676
2247.57	  776984
2248.68	  776293
2249.78	  775602
2250.88	  774912
2251.97	  774223
2253.07	  773534
2254.18	  772846
2255.28	  772159
2256.38	  771472
2257.47	  770786
2258.57	  770100
2259.68	  769415
2260.78	  768731
2261.88	  768047
2262.97	  767364
2264.07	  766681
2265.18	  765999
2266.28	  765318
2267.38	  764637
2268.47	  763957
2269.57	  763278
2270.68	  762599
2271.78	  761921
2272.88	  761244
2273.97	  760567
2275.07	  759890
2276.18	  759215
2277.28	  758540
2278.38	  757865
2279.47	  757192
2280.57	  627615
2281.68	  627094
2282.78	  626575
2283.88	  626055
2284.97	  625536
2286.07	  625018
2287.18	  624500
2288.28	  623982
2289.38	  623465
2290.47	  622948
2291.57	  622432
2292.68	  621916
2293.78	  621401
2294.88	  620886
2295.97	  620372
2297.07	  619858
2298.18	  619344
2299.28	  618831
2300.38	  618319
2301.47	  617806
2302.57	  617295
2303.68	  616783
2304.78	  616273
2305.88	  615762
2306.97	  615252
2308.07	  614743
2309.18	  614234
2310.28	  613725
2311.38	  613217
2312.47	  612709
2313.57	  612202
2314.68	  611695
2315.78	  611188
2316.88	  610683
2317.97	  610177
2319.07	  609672
2320.18	  609167
2321.28	  608663
2322.38	  608159
2323.47	  607656
2324.57	  607153
2325.68	  606651
2326.78	  606149
2327.88	  605647
2328.97	  605146
2330.07	  604645
2331.18	  604145
2332.28	  603645
2333.38	  603146
2334.47	  602647
2335.57	  602148
2336.68	  601650
2337.78	  601152
2338.88	  600655
2339.97	  600158
2341.07	  599662
2342.18	  599166
2343.28	  598670
2344.38	  598175
2345.47	  597681
2346.57	  597187
2347.68	  596693
2348.78	  596199
2349.88	  595706
2350.97	  595214
2352.07	  594722
2353.18	  594230
2354.28	  593739
2355.38	  593248
2356.47	  592758
2357.57	  592268
2358.68	  591779
2359.78	  591290
2360.88	  590801
2361.97	  590313
2363.07	  589825
2364.18	  589337
2365.28	  588851
2366.38	  588364
2367.47	  587878
2368.57	  587392
2369.68	  586907
2370.78	  586422
2371.88	  585938
2372.97	  585454
2374.07	  584970
2375.18	  584487
2376.28	  584004
2377.38	  583522
2378.47	  583040
2379.57	  582559
2380.68	  582078
2381.78	  581597
2382.88	  581117
2383.97	  580637
2385.07	  580158
2386.18	  579679
2387.28	  579200
2388.38	  578722
2389.47	  578244
2390.57	  577767
2391.68	  577290
2392.78	  576814
2393.88	  576338
2394.97	  575862
2396.07	  575387
2397.18	  574912
2398.28	  574438
2399.38	  573964
2400.47	  573490
2401.57	  573017
2402.68	  572544
2403.78	  572072
2404.88	  571600
2405.97	  571129
2407.07	  570658
2408.18	  570187
2409.28	  569717
2410.38	  569247
2411.47	  568777
2412.57	  568308
2413.68	  567840
2414.78	  567372
2415.88	  566904
2416.97	  566436
2418.07	  565969
2419.18	  565503
2420.28	  565037
2421.38	  564571
2422.47	  564105
2423.57	  563641
2424.68	  563176
2425.78	  562712
2426.88	  562248
2427.97	  561785
2429.07	  561322
2430.18	  560859
2431.28	  560397
2432.38	  559935
2433.47	  559474
2434.57	  559013
2435.68	  558553
2436.78	  558092
2437.88	  557633
2438.97	  557173
2440.07	  556714
2441.18	  556256
2442.28	  555798
2443.38	  555340
2444.47	  554883
2445.57	  554426
2446.68	  553969
2447.78	  553513
2448.88	  553057
2449.97	  552602
2451.07	  552147
2452.18	  551692
2453.28	  551238
2454.38	  550785
2455.47	  550331
2456.57	  549878
2457.68	  549426
2458.78	  548973
2459.88	  548522
2460.97	  548070
2462.07	  547619
2463.18	  547169
2464.28	  546718
2465.38	  546269
2466.47	  545819
2467.57	  545370
2468.68	  544921
2469.78	  544473
2470.88	  544025
2471.97	  543578
2473.07	  543131
2474.18	  542684
2475.28	  542238
2476.38	  541792
2477.47	  541346
