Emission arising from a slab of Hydrogen (both H and H-).
   
Parameters of the slab:
n_e = 1e+16 cm-3
T_e = 10500 K
tau(lambda=300 nm) = 0.75
L = 13565 cm
   
Wavelength (nm), Emission (erg s-1 cm-2 nm-1 sr-1)
50	  481.132
91.2	  136497
120	  2.79255e+06
150	  2.05434e+07
175	  5.07057e+07
200	  9.63011e+07
225	  1.49046e+08
250	  2.02645e+08
270	  2.41695e+08
290	  2.74677e+08
300	  2.88413e+08
305	  2.94545e+08
310	  3.00176e+08
315	  3.05304e+08
320	  3.09929e+08
322.5	  3.12053e+08
325	  3.14053e+08
327	  3.15563e+08
329	  3.16995e+08
329.999	  3.1768e+08
330.266	  3.1786e+08
330.533	  3.18039e+08
330.8	  3.18216e+08
331.067	  3.18392e+08
331.334	  3.18566e+08
331.601	  3.18739e+08
331.868	  3.18911e+08
332.135	  3.19081e+08
332.402	  3.1925e+08
332.669	  3.19417e+08
332.936	  3.19583e+08
333.203	  3.19748e+08
333.47	  3.19911e+08
333.737	  3.20073e+08
334.004	  3.20234e+08
334.271	  3.20393e+08
334.538	  3.20551e+08
334.805	  3.20707e+08
335.072	  3.20862e+08
335.339	  3.21016e+08
335.606	  3.21168e+08
335.873	  3.21319e+08
336.14	  3.21469e+08
336.407	  3.21617e+08
336.674	  3.21764e+08
336.941	  3.2191e+08
337.208	  3.22054e+08
337.475	  3.22197e+08
337.742	  3.22338e+08
338.009	  3.22478e+08
338.276	  3.22617e+08
338.543	  3.22755e+08
338.81	  3.22891e+08
339.077	  3.23026e+08
339.344	  3.23159e+08
339.611	  3.23291e+08
339.878	  3.23422e+08
340.145	  3.23551e+08
340.412	  3.23679e+08
340.679	  3.23806e+08
340.946	  3.23931e+08
341.213	  3.24055e+08
341.48	  3.24178e+08
341.747	  3.243e+08
342.014	  3.2442e+08
342.281	  3.24538e+08
342.548	  3.24656e+08
342.815	  3.24772e+08
343.082	  3.24887e+08
343.349	  3.25e+08
343.616	  3.25113e+08
343.883	  3.25223e+08
344.15	  3.25333e+08
344.417	  3.25441e+08
344.684	  3.25548e+08
344.951	  3.25654e+08
345.218	  3.25758e+08
345.485	  3.25861e+08
345.752	  3.25963e+08
346.019	  3.26063e+08
346.286	  3.26163e+08
346.553	  3.26261e+08
346.82	  3.26357e+08
347.087	  3.26452e+08
347.354	  3.26546e+08
347.621	  3.26639e+08
347.888	  3.26731e+08
348.155	  3.26821e+08
348.422	  3.2691e+08
348.689	  3.26997e+08
348.956	  3.27084e+08
349.223	  3.27169e+08
349.49	  3.27253e+08
349.757	  3.27335e+08
350.024	  3.27416e+08
350.291	  3.27497e+08
350.558	  3.27575e+08
350.825	  3.27653e+08
351.092	  3.27729e+08
351.359	  3.27804e+08
351.626	  3.27878e+08
351.893	  3.2795e+08
352.16	  3.28022e+08
352.427	  3.28092e+08
352.694	  3.28161e+08
352.961	  3.28228e+08
353.228	  3.28294e+08
353.495	  3.28359e+08
353.762	  3.28423e+08
354.029	  3.28486e+08
354.296	  3.28547e+08
354.563	  3.28608e+08
354.83	  3.28667e+08
355.097	  3.28724e+08
355.364	  3.28781e+08
355.631	  3.28836e+08
355.898	  3.2889e+08
356.165	  3.28943e+08
356.432	  3.28995e+08
356.699	  3.29045e+08
356.966	  3.29095e+08
357.233	  3.29143e+08
357.5	  3.29189e+08
357.767	  3.29235e+08
358.034	  3.2928e+08
358.301	  3.29323e+08
358.568	  3.29365e+08
358.835	  3.29406e+08
359.102	  3.29446e+08
359.369	  3.29484e+08
359.636	  3.29522e+08
359.903	  3.29558e+08
360.17	  3.29593e+08
360.437	  3.29627e+08
360.704	  3.2966e+08
360.971	  3.29691e+08
361.238	  3.29721e+08
361.505	  3.29751e+08
361.772	  3.29779e+08
362.039	  3.29806e+08
362.306	  3.29831e+08
362.573	  3.29856e+08
363	  3.29893e+08
363.027	  3.29895e+08
363.054	  3.29897e+08
363.08	  3.299e+08
363.107	  3.29902e+08
363.134	  3.29904e+08
363.16	  3.29906e+08
363.187	  3.29908e+08
363.214	  3.2991e+08
363.24	  3.29913e+08
363.267	  3.29915e+08
363.294	  3.29917e+08
363.321	  3.29919e+08
363.347	  3.29921e+08
363.374	  3.29923e+08
363.401	  3.29925e+08
363.427	  3.29927e+08
363.454	  3.29929e+08
363.481	  3.29931e+08
363.508	  3.29933e+08
363.534	  3.29935e+08
363.561	  3.29937e+08
363.588	  3.29939e+08
363.614	  3.29941e+08
363.641	  3.29943e+08
363.668	  3.29945e+08
363.694	  3.29947e+08
363.721	  3.29949e+08
363.748	  3.29951e+08
363.774	  3.29953e+08
363.801	  3.29954e+08
363.828	  3.29956e+08
363.855	  3.29958e+08
363.881	  3.2996e+08
363.908	  3.29962e+08
363.935	  3.29964e+08
363.961	  3.29966e+08
363.988	  3.29967e+08
364.015	  3.29969e+08
364.041	  3.29971e+08
364.068	  3.29973e+08
364.095	  3.29974e+08
364.122	  3.29976e+08
364.148	  3.29978e+08
364.175	  3.2998e+08
364.202	  3.29981e+08
364.228	  3.29983e+08
364.255	  3.29985e+08
364.282	  3.29986e+08
364.308	  3.29988e+08
364.335	  3.2999e+08
364.362	  3.29991e+08
364.389	  3.29993e+08
364.415	  3.29995e+08
364.442	  3.29996e+08
364.469	  3.29998e+08
364.495	  3.29999e+08
364.522	  3.29998e+08
364.549	  3.29999e+08
364.575	  3.30001e+08
364.602	  3.30002e+08
364.629	  3.30004e+08
364.656	  3.30005e+08
364.682	  3.30007e+08
364.709	  3.30008e+08
364.736	  6.97747e+07
364.762	  6.97781e+07
364.789	  6.97814e+07
364.816	  6.97848e+07
364.842	  6.97881e+07
364.869	  6.97914e+07
364.896	  6.97948e+07
364.923	  6.97981e+07
364.949	  6.98014e+07
364.976	  6.98048e+07
365.003	  6.98081e+07
365.029	  6.98114e+07
365.056	  6.98147e+07
365.083	  6.98181e+07
365.11	  6.98214e+07
365.136	  6.98247e+07
365.163	  6.9828e+07
365.19	  6.98313e+07
365.216	  6.98347e+07
365.243	  6.9838e+07
365.27	  6.98413e+07
365.296	  6.98446e+07
365.323	  6.98479e+07
365.35	  6.98512e+07
365.377	  6.98545e+07
365.403	  6.98578e+07
365.43	  6.98611e+07
365.457	  6.98644e+07
365.483	  6.98678e+07
365.51	  6.98711e+07
365.537	  6.98744e+07
365.563	  6.98777e+07
365.59	  6.98809e+07
365.617	  6.98842e+07
365.643	  6.98875e+07
365.67	  6.98908e+07
365.697	  6.98941e+07
365.724	  6.98974e+07
365.75	  6.99007e+07
365.777	  6.9904e+07
365.804	  6.99073e+07
365.83	  6.99106e+07
365.857	  6.99138e+07
365.884	  6.99171e+07
365.91	  6.99204e+07
365.937	  6.99237e+07
365.964	  6.9927e+07
365.991	  6.99302e+07
365.991	  6.99302e+07
366.258	  6.99629e+07
366.525	  6.99955e+07
366.792	  7.00279e+07
367.059	  7.00602e+07
367.326	  7.00923e+07
367.593	  7.01243e+07
367.86	  7.01561e+07
368.127	  7.01879e+07
368.394	  7.02194e+07
368.661	  7.02509e+07
368.928	  7.02822e+07
369.195	  7.03134e+07
369.462	  7.03444e+07
369.729	  7.03753e+07
369.996	  7.0406e+07
370.263	  7.04367e+07
370.53	  7.04671e+07
370.797	  7.04975e+07
371.064	  7.05277e+07
371.331	  7.05578e+07
371.598	  7.05877e+07
371.865	  7.06175e+07
372.132	  7.06472e+07
372.399	  7.06767e+07
372.666	  7.07061e+07
372.933	  7.07354e+07
373.2	  7.07645e+07
373.467	  7.07935e+07
373.734	  7.08224e+07
374.001	  7.08511e+07
374.268	  7.08797e+07
374.535	  7.09081e+07
374.802	  7.09365e+07
375.069	  7.09646e+07
375.336	  7.09927e+07
375.603	  7.10206e+07
375.87	  7.10484e+07
376.137	  7.10761e+07
376.404	  7.11036e+07
376.671	  7.1131e+07
376.938	  7.11582e+07
377.205	  7.11854e+07
377.472	  7.12124e+07
377.739	  7.12392e+07
378.006	  7.1266e+07
378.273	  7.12926e+07
378.54	  7.1319e+07
378.807	  7.13454e+07
379.074	  7.13716e+07
379.341	  7.13977e+07
379.608	  7.14236e+07
379.875	  7.14494e+07
380.142	  7.14751e+07
380.409	  7.15007e+07
380.676	  7.15261e+07
380.943	  7.15514e+07
381.21	  7.15766e+07
381.477	  7.16016e+07
381.744	  7.16265e+07
382.011	  7.16513e+07
382.278	  7.16759e+07
382.545	  7.17005e+07
382.812	  7.17249e+07
383.079	  7.17491e+07
383.346	  7.17733e+07
383.613	  7.17973e+07
383.88	  7.18212e+07
384.147	  7.18449e+07
384.414	  7.18686e+07
384.681	  7.18921e+07
384.948	  7.19154e+07
385.215	  7.19387e+07
385.482	  7.19618e+07
385.749	  7.19848e+07
386.016	  7.20077e+07
386.283	  7.20304e+07
386.55	  7.2053e+07
386.817	  7.20755e+07
387.084	  7.20979e+07
387.351	  7.21202e+07
387.618	  7.21423e+07
387.885	  7.21643e+07
388.152	  7.21861e+07
388.419	  7.22079e+07
388.686	  7.22295e+07
388.953	  7.2251e+07
389.22	  7.22724e+07
389.487	  7.22937e+07
389.754	  7.23148e+07
390.021	  7.23358e+07
390.288	  7.23567e+07
390.555	  7.23774e+07
390.822	  7.23981e+07
391.089	  7.24186e+07
391.356	  7.2439e+07
391.623	  7.24593e+07
391.89	  7.24794e+07
392.157	  7.24994e+07
392.424	  7.25193e+07
392.691	  7.25391e+07
392.958	  7.25588e+07
393.225	  7.25783e+07
393.492	  7.25978e+07
393.759	  7.26171e+07
394.026	  7.26363e+07
394.293	  7.26553e+07
394.56	  7.26743e+07
394.827	  7.26931e+07
395.094	  7.27118e+07
395.361	  7.27304e+07
395.628	  7.27489e+07
395.895	  7.27672e+07
396.162	  7.27854e+07
396.429	  7.28036e+07
396.696	  7.28216e+07
396.963	  7.28394e+07
397.23	  7.28572e+07
397.497	  7.28748e+07
397.764	  7.28924e+07
398.031	  7.29098e+07
398.298	  7.29271e+07
398.565	  7.29442e+07
398.832	  7.29613e+07
399.099	  7.29782e+07
399.366	  7.29951e+07
399.633	  7.30118e+07
399.9	  7.30284e+07
400.167	  7.30448e+07
400.434	  7.30612e+07
400.701	  7.30775e+07
400.968	  7.30936e+07
401.235	  7.31096e+07
401.502	  7.31255e+07
401.769	  7.31413e+07
402.036	  7.3157e+07
402.303	  7.31725e+07
402.57	  7.3188e+07
402.837	  7.32033e+07
403.104	  7.32185e+07
403.371	  7.32337e+07
403.638	  7.32487e+07
403.905	  7.32635e+07
404.172	  7.32783e+07
404.439	  7.3293e+07
404.706	  7.33075e+07
404.973	  7.33219e+07
405.24	  7.33363e+07
405.507	  7.33505e+07
405.774	  7.33646e+07
406.041	  7.33786e+07
406.308	  7.33924e+07
406.575	  7.34062e+07
406.842	  7.34199e+07
407.109	  7.34334e+07
407.376	  7.34469e+07
407.643	  7.34602e+07
407.91	  7.34734e+07
408.177	  7.34865e+07
408.444	  7.34995e+07
408.711	  7.35124e+07
408.978	  7.35252e+07
409.245	  7.35379e+07
409.512	  7.35504e+07
409.779	  7.35629e+07
410.046	  7.35752e+07
410.313	  7.35875e+07
410.58	  7.35996e+07
410.847	  7.36116e+07
411.114	  7.36235e+07
411.381	  7.36353e+07
411.648	  7.3647e+07
411.915	  7.36586e+07
412.182	  7.36701e+07
412.449	  7.36815e+07
412.716	  7.36928e+07
412.983	  7.3704e+07
413.25	  7.3715e+07
413.517	  7.3726e+07
413.784	  7.37368e+07
414.051	  7.37476e+07
414.318	  7.37582e+07
414.585	  7.37688e+07
414.852	  7.37792e+07
415.119	  7.37896e+07
415.386	  7.37998e+07
415.653	  7.38099e+07
415.92	  7.38199e+07
416.187	  7.38298e+07
416.454	  7.38397e+07
416.721	  7.38494e+07
416.988	  7.3859e+07
417.255	  7.38685e+07
417.522	  7.38779e+07
417.789	  7.38872e+07
418.056	  7.38964e+07
418.323	  7.39055e+07
418.59	  7.39145e+07
418.857	  7.39234e+07
419.124	  7.39322e+07
419.391	  7.39409e+07
419.658	  7.39495e+07
419.925	  7.39579e+07
420.192	  7.39663e+07
420.459	  7.39746e+07
420.726	  7.39828e+07
420.993	  7.39909e+07
421.26	  7.39989e+07
421.527	  7.40068e+07
421.794	  7.40146e+07
422.061	  7.40223e+07
422.328	  7.40299e+07
422.595	  7.40374e+07
422.862	  7.40448e+07
423.129	  7.40521e+07
423.396	  7.40593e+07
423.663	  7.40664e+07
423.93	  7.40734e+07
424.197	  7.40803e+07
424.464	  7.40871e+07
424.731	  7.40938e+07
424.998	  7.41004e+07
425.265	  7.41069e+07
425.532	  7.41133e+07
425.799	  7.41197e+07
426.066	  7.41259e+07
426.333	  7.4132e+07
426.6	  7.41381e+07
426.867	  7.4144e+07
427.134	  7.41499e+07
427.401	  7.41556e+07
427.668	  7.41613e+07
427.935	  7.41668e+07
428.202	  7.41723e+07
428.469	  7.41777e+07
428.736	  7.4183e+07
429.003	  7.41881e+07
429.27	  7.41932e+07
429.537	  7.41982e+07
429.804	  7.42031e+07
430.071	  7.42079e+07
430.338	  7.42127e+07
430.605	  7.42173e+07
430.872	  7.42218e+07
431.139	  7.42263e+07
431.406	  7.42306e+07
431.673	  7.42349e+07
431.94	  7.4239e+07
432.207	  7.42431e+07
432.474	  7.42471e+07
432.741	  7.4251e+07
433.008	  7.42548e+07
433.275	  7.42585e+07
433.542	  7.42621e+07
433.809	  7.42656e+07
434.076	  7.42691e+07
434.343	  7.42724e+07
434.61	  7.42757e+07
434.877	  7.42788e+07
435.144	  7.42819e+07
435.411	  7.42849e+07
435.678	  7.42878e+07
435.945	  7.42906e+07
436.212	  7.42933e+07
436.479	  7.42959e+07
436.746	  7.42985e+07
437.013	  7.43009e+07
437.28	  7.43033e+07
437.547	  7.43056e+07
437.814	  7.43078e+07
438.081	  7.43099e+07
438.348	  7.43119e+07
438.615	  7.43138e+07
438.882	  7.43157e+07
439.149	  7.43174e+07
439.416	  7.43191e+07
439.683	  7.43207e+07
439.95	  7.43222e+07
440.217	  7.43236e+07
440.484	  7.43249e+07
440.751	  7.43262e+07
441.018	  7.43273e+07
441.285	  7.43284e+07
441.552	  7.43294e+07
441.819	  7.43303e+07
442.086	  7.43311e+07
442.353	  7.43318e+07
442.62	  7.43324e+07
442.887	  7.4333e+07
443.154	  7.43335e+07
443.421	  7.43339e+07
443.688	  7.43342e+07
443.955	  7.43344e+07
444.222	  7.43346e+07
444.489	  7.43346e+07
444.756	  7.43346e+07
445.023	  7.43345e+07
445.29	  7.43343e+07
445.557	  7.4334e+07
445.824	  7.43337e+07
446.091	  7.43332e+07
446.358	  7.43327e+07
446.625	  7.43321e+07
446.892	  7.43315e+07
447.159	  7.43307e+07
447.426	  7.43299e+07
447.693	  7.43289e+07
447.96	  7.43279e+07
448.227	  7.43268e+07
448.494	  7.43257e+07
448.761	  7.43244e+07
449.028	  7.43231e+07
449.295	  7.43217e+07
449.562	  7.43202e+07
449.829	  7.43187e+07
450.096	  7.4317e+07
450.363	  7.43153e+07
450.63	  7.43135e+07
450.897	  7.43116e+07
451.164	  7.43097e+07
451.431	  7.43076e+07
451.698	  7.43055e+07
451.965	  7.43033e+07
452.232	  7.43011e+07
452.499	  7.42987e+07
452.766	  7.42963e+07
453.033	  7.42938e+07
453.3	  7.42912e+07
453.567	  7.42886e+07
453.834	  7.42858e+07
454.101	  7.4283e+07
454.368	  7.42801e+07
454.635	  7.42772e+07
454.902	  7.42742e+07
455.169	  7.4271e+07
455.436	  7.42679e+07
455.703	  7.42646e+07
455.97	  7.42612e+07
456.237	  7.42578e+07
456.504	  7.42543e+07
456.771	  7.42508e+07
457.038	  7.42471e+07
457.305	  7.42434e+07
457.572	  7.42396e+07
457.839	  7.42358e+07
458.106	  7.42318e+07
458.373	  7.42278e+07
458.64	  7.42238e+07
458.907	  7.42196e+07
459.174	  7.42154e+07
459.441	  7.42111e+07
459.708	  7.42067e+07
459.975	  7.42022e+07
460.242	  7.41977e+07
460.509	  7.41931e+07
460.776	  7.41885e+07
461.043	  7.41837e+07
461.31	  7.41789e+07
461.577	  7.4174e+07
461.844	  7.41691e+07
462.111	  7.41641e+07
462.378	  7.4159e+07
462.645	  7.41538e+07
462.912	  7.41486e+07
463.179	  7.41433e+07
463.446	  7.41379e+07
463.713	  7.41324e+07
463.98	  7.41269e+07
464.247	  7.41213e+07
464.514	  7.41157e+07
464.781	  7.41099e+07
465.048	  7.41041e+07
465.315	  7.40983e+07
465.582	  7.40923e+07
465.849	  7.40863e+07
466.116	  7.40803e+07
466.383	  7.40741e+07
466.65	  7.40679e+07
466.917	  7.40616e+07
467.184	  7.40553e+07
467.451	  7.40489e+07
467.718	  7.40424e+07
467.985	  7.40358e+07
468.252	  7.40292e+07
468.519	  7.40225e+07
468.786	  7.40158e+07
469.053	  7.4009e+07
469.32	  7.40021e+07
469.587	  7.39951e+07
469.854	  7.39881e+07
470.121	  7.3981e+07
470.388	  7.39739e+07
470.655	  7.39666e+07
470.922	  7.39593e+07
471.189	  7.3952e+07
471.456	  7.39446e+07
471.723	  7.39371e+07
471.99	  7.39295e+07
472.257	  7.39219e+07
472.524	  7.39143e+07
472.791	  7.39065e+07
473.058	  7.38987e+07
473.325	  7.38908e+07
473.592	  7.38829e+07
473.859	  7.38749e+07
474.126	  7.38668e+07
474.393	  7.38587e+07
474.66	  7.38505e+07
474.927	  7.38423e+07
475.194	  7.38339e+07
475.461	  7.38256e+07
475.728	  7.38171e+07
475.995	  7.38086e+07
476.262	  7.38e+07
476.529	  7.37914e+07
476.796	  7.37827e+07
477.063	  7.3774e+07
477.33	  7.37651e+07
477.597	  7.37563e+07
477.864	  7.37473e+07
478.131	  7.37383e+07
478.398	  7.37292e+07
478.665	  7.37201e+07
478.932	  7.37109e+07
479.199	  7.37017e+07
479.466	  7.36924e+07
479.733	  7.3683e+07
480	  7.36736e+07
480.267	  7.36641e+07
480.534	  7.36545e+07
480.801	  7.36449e+07
481.068	  7.36352e+07
481.335	  7.36255e+07
481.602	  7.36157e+07
481.869	  7.36058e+07
482.136	  7.35959e+07
482.403	  7.3586e+07
482.67	  7.35759e+07
482.937	  7.35658e+07
483.204	  7.35557e+07
483.471	  7.35455e+07
483.738	  7.35352e+07
484.005	  7.35249e+07
484.272	  7.35145e+07
484.539	  7.35041e+07
484.806	  7.34936e+07
485.073	  7.3483e+07
485.34	  7.34724e+07
485.607	  7.34617e+07
485.874	  7.3451e+07
486.141	  7.34402e+07
486.408	  7.34294e+07
486.675	  7.34185e+07
486.942	  7.34075e+07
487.209	  7.33965e+07
487.476	  7.33855e+07
487.743	  7.33743e+07
488.01	  7.33632e+07
488.277	  7.33519e+07
488.544	  7.33406e+07
488.811	  7.33293e+07
489.078	  7.33179e+07
489.345	  7.33064e+07
489.612	  7.32949e+07
489.879	  7.32833e+07
490.146	  7.32717e+07
490.413	  7.326e+07
490.68	  7.32483e+07
490.947	  7.32365e+07
491.214	  7.32247e+07
491.481	  7.32128e+07
491.748	  7.32008e+07
492.015	  7.31888e+07
492.282	  7.31768e+07
492.549	  7.31647e+07
492.816	  7.31525e+07
493.083	  7.31403e+07
493.35	  7.3128e+07
493.617	  7.31157e+07
493.884	  7.31033e+07
494.151	  7.30909e+07
494.418	  7.30784e+07
494.685	  7.30658e+07
494.952	  7.30533e+07
495.219	  7.30406e+07
495.486	  7.30279e+07
495.753	  7.30152e+07
496.02	  7.30024e+07
496.287	  7.29895e+07
496.554	  7.29766e+07
496.821	  7.29637e+07
497.088	  7.29507e+07
497.355	  7.29376e+07
497.622	  7.29245e+07
497.889	  7.29114e+07
498.156	  7.28982e+07
498.423	  7.28849e+07
498.69	  7.28716e+07
498.957	  7.28582e+07
499.224	  7.28448e+07
499.491	  7.28314e+07
499.758	  7.28179e+07
500.025	  7.28043e+07
500.292	  7.27907e+07
500.559	  7.2777e+07
500.826	  7.27633e+07
501.093	  7.27496e+07
501.36	  7.27358e+07
501.627	  7.27219e+07
501.894	  7.2708e+07
502.161	  7.26941e+07
502.428	  7.26801e+07
502.695	  7.2666e+07
502.962	  7.26519e+07
503.229	  7.26378e+07
503.496	  7.26236e+07
503.763	  7.26093e+07
504.03	  7.25951e+07
504.297	  7.25807e+07
504.564	  7.25663e+07
504.831	  7.25519e+07
505.098	  7.25374e+07
505.365	  7.25229e+07
505.632	  7.25083e+07
505.899	  7.24937e+07
506.166	  7.2479e+07
506.433	  7.24643e+07
506.7	  7.24496e+07
506.967	  7.24348e+07
507.234	  7.24199e+07
507.501	  7.2405e+07
507.768	  7.23901e+07
508.035	  7.23751e+07
508.302	  7.236e+07
508.569	  7.2345e+07
508.836	  7.23298e+07
509.103	  7.23147e+07
509.37	  7.22994e+07
509.637	  7.22842e+07
509.904	  7.22689e+07
510.171	  7.22535e+07
510.438	  7.22381e+07
510.705	  7.22227e+07
510.972	  7.22072e+07
511.239	  7.21917e+07
511.506	  7.21761e+07
511.773	  7.21605e+07
512.04	  7.21448e+07
512.307	  7.21291e+07
512.574	  7.21134e+07
512.841	  7.20976e+07
513.108	  7.20817e+07
513.375	  7.20658e+07
513.642	  7.20499e+07
513.909	  7.2034e+07
514.176	  7.20179e+07
514.443	  7.20019e+07
514.71	  7.19858e+07
514.977	  7.19697e+07
515.244	  7.19535e+07
515.511	  7.19373e+07
515.778	  7.1921e+07
516.045	  7.19047e+07
516.312	  7.18883e+07
516.579	  7.18719e+07
516.846	  7.18555e+07
517.113	  7.1839e+07
517.38	  7.18225e+07
517.647	  7.1806e+07
517.914	  7.17894e+07
518.181	  7.17727e+07
518.448	  7.1756e+07
518.715	  7.17393e+07
518.982	  7.17226e+07
519.249	  7.17058e+07
519.516	  7.16889e+07
519.783	  7.1672e+07
520.05	  7.16551e+07
520.317	  7.16381e+07
520.584	  7.16211e+07
520.851	  7.16041e+07
521.118	  7.1587e+07
521.385	  7.15699e+07
521.652	  7.15527e+07
521.919	  7.15355e+07
522.186	  7.15183e+07
522.453	  7.1501e+07
522.72	  7.14837e+07
522.987	  7.14663e+07
523.254	  7.14489e+07
523.521	  7.14315e+07
523.788	  7.1414e+07
524.055	  7.13965e+07
524.322	  7.13789e+07
524.589	  7.13613e+07
524.856	  7.13437e+07
525.123	  7.1326e+07
525.39	  7.13083e+07
525.657	  7.12906e+07
525.924	  7.12728e+07
526.191	  7.1255e+07
526.458	  7.12371e+07
526.725	  7.12192e+07
526.992	  7.12013e+07
527.259	  7.11833e+07
527.526	  7.11653e+07
527.793	  7.11473e+07
528.06	  7.11292e+07
528.327	  7.11111e+07
528.594	  7.10929e+07
528.861	  7.10747e+07
529.128	  7.10565e+07
529.395	  7.10382e+07
529.662	  7.10199e+07
529.929	  7.10016e+07
530.196	  7.09832e+07
530.463	  7.09648e+07
530.73	  7.09464e+07
530.997	  7.09279e+07
531.264	  7.09094e+07
531.531	  7.08908e+07
531.798	  7.08722e+07
532.065	  7.08536e+07
532.332	  7.08349e+07
532.599	  7.08163e+07
532.866	  7.07975e+07
533.133	  7.07788e+07
533.4	  7.076e+07
533.667	  7.07411e+07
533.934	  7.07223e+07
534.201	  7.07034e+07
534.468	  7.06844e+07
534.735	  7.06655e+07
535.002	  7.06465e+07
535.269	  7.06274e+07
535.536	  7.06084e+07
535.803	  7.05892e+07
536.07	  7.05701e+07
536.337	  7.05509e+07
536.604	  7.05317e+07
536.871	  7.05125e+07
537.138	  7.04932e+07
537.405	  7.04739e+07
537.672	  7.04546e+07
537.939	  7.04352e+07
538.206	  7.04158e+07
538.473	  7.03964e+07
538.74	  7.03769e+07
539.007	  7.03574e+07
539.274	  7.03379e+07
539.541	  7.03183e+07
539.808	  7.02987e+07
540.075	  7.02791e+07
540.342	  7.02594e+07
540.609	  7.02397e+07
540.876	  7.022e+07
541.143	  7.02002e+07
541.41	  7.01804e+07
541.677	  7.01606e+07
541.944	  7.01408e+07
542.211	  7.01209e+07
542.478	  7.0101e+07
542.745	  7.0081e+07
543.012	  7.0061e+07
543.279	  7.0041e+07
543.546	  7.0021e+07
543.813	  7.00009e+07
544.08	  6.99808e+07
544.347	  6.99607e+07
544.614	  6.99405e+07
544.881	  6.99203e+07
545.148	  6.99001e+07
545.415	  6.98799e+07
545.682	  6.98596e+07
545.949	  6.98393e+07
546.216	  6.98189e+07
546.483	  6.97985e+07
546.75	  6.97781e+07
547.017	  6.97577e+07
547.284	  6.97372e+07
547.551	  6.97168e+07
547.818	  6.96962e+07
548.085	  6.96757e+07
548.352	  6.96551e+07
548.619	  6.96345e+07
548.886	  6.96139e+07
549.153	  6.95932e+07
549.42	  6.95725e+07
549.687	  6.95518e+07
549.954	  6.9531e+07
550.221	  6.95103e+07
550.488	  6.94895e+07
550.755	  6.94686e+07
551.022	  6.94478e+07
551.289	  6.94269e+07
551.556	  6.94059e+07
551.823	  6.9385e+07
552.09	  6.9364e+07
552.357	  6.9343e+07
552.624	  6.9322e+07
552.891	  6.93009e+07
553.158	  6.92798e+07
553.425	  6.92587e+07
553.692	  6.92376e+07
553.959	  6.92164e+07
554.226	  6.91952e+07
554.493	  6.9174e+07
554.76	  6.91528e+07
555.027	  6.91315e+07
555.294	  6.91102e+07
555.561	  6.90889e+07
555.828	  6.90675e+07
556.095	  6.90461e+07
556.362	  6.90247e+07
556.629	  6.90033e+07
556.896	  6.89818e+07
557.163	  6.89603e+07
557.43	  6.89388e+07
557.697	  6.89173e+07
557.964	  6.88957e+07
558.231	  6.88741e+07
558.498	  6.88525e+07
558.765	  6.88309e+07
559.032	  6.88092e+07
559.299	  6.87875e+07
559.566	  6.87658e+07
560.009	  6.87297e+07
560.296	  6.87063e+07
560.583	  6.86829e+07
560.87	  6.86594e+07
561.157	  6.86359e+07
561.444	  6.86124e+07
561.731	  6.85888e+07
562.018	  6.85652e+07
562.305	  6.85416e+07
562.592	  6.8518e+07
562.879	  6.84943e+07
563.166	  6.84706e+07
563.453	  6.84469e+07
563.74	  6.84231e+07
564.027	  6.83993e+07
564.314	  6.83755e+07
564.601	  6.83517e+07
564.888	  6.83278e+07
565.175	  6.83039e+07
565.462	  6.828e+07
565.749	  6.82561e+07
566.036	  6.82321e+07
566.323	  6.82081e+07
566.61	  6.81841e+07
566.897	  6.816e+07
567.184	  6.81359e+07
567.471	  6.81118e+07
567.758	  6.80877e+07
568.045	  6.80636e+07
568.332	  6.80394e+07
568.619	  6.80152e+07
568.906	  6.79909e+07
569.193	  6.79667e+07
569.48	  6.79424e+07
569.767	  6.79181e+07
570.054	  6.78937e+07
570.341	  6.78694e+07
570.628	  6.7845e+07
570.915	  6.78206e+07
571.202	  6.77962e+07
571.489	  6.77717e+07
571.776	  6.77472e+07
572.063	  6.77227e+07
572.35	  6.76982e+07
572.637	  6.76736e+07
572.924	  6.7649e+07
573.211	  6.76244e+07
573.498	  6.75998e+07
573.785	  6.75751e+07
574.072	  6.75504e+07
574.359	  6.75257e+07
574.646	  6.7501e+07
574.933	  6.74763e+07
575.22	  6.74515e+07
575.507	  6.74267e+07
575.794	  6.74019e+07
576.081	  6.7377e+07
576.368	  6.73521e+07
576.655	  6.73273e+07
576.942	  6.73023e+07
577.229	  6.72774e+07
577.516	  6.72524e+07
577.803	  6.72275e+07
578.09	  6.72025e+07
578.377	  6.71774e+07
578.664	  6.71524e+07
578.951	  6.71273e+07
579.238	  6.71022e+07
579.525	  6.70771e+07
579.812	  6.7052e+07
580.099	  6.70268e+07
580.386	  6.70016e+07
580.673	  6.69764e+07
580.96	  6.69512e+07
581.247	  6.69259e+07
581.534	  6.69007e+07
581.821	  6.68754e+07
582.108	  6.685e+07
582.395	  6.68247e+07
582.682	  6.67994e+07
582.969	  6.6774e+07
583.256	  6.67486e+07
583.543	  6.67232e+07
583.83	  6.66977e+07
584.117	  6.66723e+07
584.404	  6.66468e+07
584.691	  6.66213e+07
584.978	  6.65958e+07
585.265	  6.65702e+07
585.552	  6.65447e+07
585.839	  6.65191e+07
586.126	  6.64935e+07
586.413	  6.64678e+07
586.7	  6.64422e+07
586.987	  6.64165e+07
587.274	  6.63909e+07
587.561	  6.63652e+07
587.848	  6.63394e+07
588.135	  6.63137e+07
588.422	  6.62879e+07
588.709	  6.62622e+07
588.996	  6.62364e+07
589.283	  6.62105e+07
589.57	  6.61847e+07
589.857	  6.61588e+07
590.144	  6.6133e+07
590.431	  6.61071e+07
590.718	  6.60812e+07
591.005	  6.60552e+07
591.292	  6.60293e+07
591.579	  6.60033e+07
591.866	  6.59773e+07
592.153	  6.59513e+07
592.44	  6.59253e+07
592.727	  6.58993e+07
593.014	  6.58732e+07
593.301	  6.58471e+07
593.588	  6.5821e+07
593.875	  6.57949e+07
594.162	  6.57688e+07
594.449	  6.57426e+07
594.736	  6.57165e+07
595.023	  6.56903e+07
595.31	  6.56641e+07
595.597	  6.56379e+07
595.884	  6.56116e+07
596.171	  6.55854e+07
596.458	  6.55591e+07
596.745	  6.55328e+07
597.032	  6.55065e+07
597.319	  6.54802e+07
597.606	  6.54539e+07
597.893	  6.54275e+07
598.18	  6.54011e+07
598.467	  6.53747e+07
598.754	  6.53483e+07
599.041	  6.53219e+07
599.328	  6.52955e+07
599.615	  6.5269e+07
599.902	  6.52426e+07
600.189	  6.52161e+07
600.476	  6.51896e+07
600.763	  6.51631e+07
601.05	  6.51365e+07
601.337	  6.511e+07
601.624	  6.50834e+07
601.911	  6.50568e+07
602.198	  6.50302e+07
602.485	  6.50036e+07
602.772	  6.4977e+07
603.059	  6.49504e+07
603.346	  6.49237e+07
603.633	  6.4897e+07
603.92	  6.48703e+07
604.207	  6.48436e+07
604.494	  6.48169e+07
604.781	  6.47902e+07
605.068	  6.47635e+07
605.355	  6.47367e+07
605.642	  6.47099e+07
605.929	  6.46831e+07
606.216	  6.46563e+07
606.503	  6.46295e+07
606.79	  6.46027e+07
607.077	  6.45758e+07
607.364	  6.4549e+07
607.651	  6.45221e+07
607.938	  6.44952e+07
608.225	  6.44683e+07
608.512	  6.44414e+07
608.799	  6.44145e+07
609.086	  6.43875e+07
609.373	  6.43606e+07
609.66	  6.43336e+07
609.947	  6.43066e+07
610.234	  6.42796e+07
610.521	  6.42526e+07
610.808	  6.42256e+07
611.095	  6.41985e+07
611.382	  6.41715e+07
611.669	  6.41444e+07
611.956	  6.41173e+07
612.243	  6.40902e+07
612.53	  6.40631e+07
612.817	  6.4036e+07
613.104	  6.40089e+07
613.391	  6.39817e+07
613.678	  6.39546e+07
613.965	  6.39274e+07
614.252	  6.39003e+07
614.539	  6.38731e+07
614.826	  6.38459e+07
615.113	  6.38186e+07
615.4	  6.37914e+07
615.687	  6.37642e+07
615.974	  6.37369e+07
616.261	  6.37097e+07
616.548	  6.36824e+07
616.835	  6.36551e+07
617.122	  6.36278e+07
617.409	  6.36005e+07
617.696	  6.35732e+07
617.983	  6.35458e+07
618.27	  6.35185e+07
618.557	  6.34911e+07
618.844	  6.34638e+07
619.131	  6.34364e+07
619.418	  6.3409e+07
619.705	  6.33816e+07
619.992	  6.33542e+07
620.279	  6.33268e+07
620.566	  6.32993e+07
620.853	  6.32719e+07
621.14	  6.32444e+07
621.427	  6.32169e+07
621.714	  6.31895e+07
622.001	  6.3162e+07
622.288	  6.31345e+07
622.575	  6.3107e+07
622.862	  6.30795e+07
623.149	  6.30519e+07
623.436	  6.30244e+07
623.723	  6.29968e+07
624.01	  6.29693e+07
624.297	  6.29417e+07
624.584	  6.29141e+07
624.871	  6.28865e+07
625.158	  6.28589e+07
625.445	  6.28313e+07
625.732	  6.28037e+07
626.019	  6.27761e+07
626.306	  6.27484e+07
626.593	  6.27208e+07
626.88	  6.26931e+07
627.167	  6.26654e+07
627.454	  6.26378e+07
627.741	  6.26101e+07
628.028	  6.25824e+07
628.315	  6.25547e+07
628.602	  6.2527e+07
628.889	  6.24992e+07
629.176	  6.24715e+07
629.463	  6.24438e+07
629.75	  6.2416e+07
630.037	  6.23883e+07
630.324	  6.23605e+07
630.611	  6.23327e+07
630.898	  6.23049e+07
631.185	  6.22771e+07
631.472	  6.22493e+07
631.759	  6.22215e+07
632.046	  6.21937e+07
632.333	  6.21659e+07
632.62	  6.2138e+07
632.907	  6.21102e+07
633.194	  6.20823e+07
633.481	  6.20545e+07
633.768	  6.20266e+07
634.055	  6.19987e+07
634.342	  6.19708e+07
634.629	  6.19429e+07
634.916	  6.1915e+07
635.203	  6.18871e+07
635.49	  6.18592e+07
635.777	  6.18313e+07
636.064	  6.18034e+07
636.351	  6.17754e+07
636.638	  6.17475e+07
636.925	  6.17195e+07
637.212	  6.16916e+07
637.499	  6.16636e+07
637.786	  6.16356e+07
638.073	  6.16076e+07
638.36	  6.15796e+07
638.647	  6.15516e+07
638.934	  6.15236e+07
639.221	  6.14956e+07
639.508	  6.14676e+07
639.795	  6.14396e+07
640.082	  6.14116e+07
640.369	  6.13835e+07
640.656	  6.13555e+07
640.943	  6.13274e+07
641.23	  6.12994e+07
641.517	  6.12713e+07
641.804	  6.12432e+07
642.091	  6.12151e+07
642.378	  6.11871e+07
642.665	  6.1159e+07
642.952	  6.11309e+07
643.239	  6.11028e+07
643.526	  6.10747e+07
643.813	  6.10465e+07
644.1	  6.10184e+07
644.387	  6.09903e+07
644.674	  6.09622e+07
644.961	  6.0934e+07
645.248	  6.09059e+07
645.535	  6.08777e+07
645.822	  6.08496e+07
646.109	  6.08214e+07
646.396	  6.07932e+07
646.683	  6.07651e+07
646.97	  6.07369e+07
647.257	  6.07087e+07
647.544	  6.06805e+07
647.831	  6.06523e+07
648.118	  6.06241e+07
648.405	  6.05959e+07
648.692	  6.05677e+07
648.979	  6.05395e+07
649.266	  6.05113e+07
649.553	  6.0483e+07
649.84	  6.04548e+07
650.127	  6.04266e+07
650.414	  6.03983e+07
650.701	  6.03701e+07
650.988	  6.03418e+07
651.275	  6.03136e+07
651.562	  6.02853e+07
651.849	  6.0257e+07
652.136	  6.02288e+07
652.423	  6.02005e+07
652.71	  6.01722e+07
652.997	  6.01439e+07
653.284	  6.01156e+07
653.571	  6.00874e+07
653.858	  6.00591e+07
654.145	  6.00308e+07
654.432	  6.00025e+07
654.719	  5.99741e+07
655.006	  5.99458e+07
655.293	  5.99175e+07
655.58	  5.98892e+07
655.867	  5.98609e+07
656.154	  5.98325e+07
656.441	  5.98042e+07
656.728	  5.97759e+07
657.015	  5.97475e+07
657.302	  5.97192e+07
657.589	  5.96908e+07
657.876	  5.96625e+07
658.163	  5.96341e+07
658.45	  5.96058e+07
658.737	  5.95774e+07
659.024	  5.9549e+07
659.311	  5.95207e+07
659.598	  5.94923e+07
659.885	  5.94639e+07
660.172	  5.94356e+07
660.459	  5.94072e+07
660.746	  5.93788e+07
661.033	  5.93504e+07
661.32	  5.9322e+07
661.607	  5.92936e+07
661.894	  5.92652e+07
662.181	  5.92368e+07
662.468	  5.92084e+07
662.755	  5.918e+07
663.042	  5.91516e+07
663.329	  5.91232e+07
663.616	  5.90948e+07
663.903	  5.90664e+07
664.19	  5.90379e+07
664.477	  5.90095e+07
664.764	  5.89811e+07
665.051	  5.89527e+07
665.338	  5.89242e+07
665.625	  5.88958e+07
665.912	  5.88674e+07
666.199	  5.88389e+07
666.486	  5.88105e+07
666.773	  5.87821e+07
667.06	  5.87536e+07
667.347	  5.87252e+07
667.634	  5.86967e+07
667.921	  5.86683e+07
668.208	  5.86398e+07
668.495	  5.86114e+07
668.782	  5.85829e+07
669.069	  5.85545e+07
669.356	  5.8526e+07
669.643	  5.84975e+07
669.93	  5.84691e+07
670.217	  5.84406e+07
670.504	  5.84121e+07
670.791	  5.83837e+07
671.078	  5.83552e+07
671.365	  5.83267e+07
671.652	  5.82983e+07
671.939	  5.82698e+07
672.226	  5.82413e+07
672.513	  5.82128e+07
672.8	  5.81844e+07
673.087	  5.81559e+07
673.374	  5.81274e+07
673.661	  5.80989e+07
673.948	  5.80704e+07
674.235	  5.8042e+07
674.522	  5.80135e+07
674.809	  5.7985e+07
675.096	  5.79565e+07
675.383	  5.7928e+07
675.67	  5.78995e+07
675.957	  5.7871e+07
676.244	  5.78426e+07
676.531	  5.78141e+07
676.818	  5.77856e+07
677.105	  5.77571e+07
677.392	  5.77286e+07
677.679	  5.77001e+07
677.966	  5.76716e+07
678.253	  5.76431e+07
678.54	  5.76146e+07
678.827	  5.75861e+07
679.114	  5.75576e+07
679.401	  5.75291e+07
679.688	  5.75006e+07
679.975	  5.74721e+07
680.262	  5.74436e+07
680.549	  5.74151e+07
680.836	  5.73866e+07
681.123	  5.73581e+07
681.41	  5.73296e+07
681.697	  5.73012e+07
681.984	  5.72727e+07
682.271	  5.72442e+07
682.558	  5.72157e+07
682.845	  5.71872e+07
683.132	  5.71587e+07
683.419	  5.71302e+07
683.706	  5.71017e+07
683.993	  5.70732e+07
684.28	  5.70447e+07
684.567	  5.70162e+07
684.854	  5.69877e+07
685.141	  5.69592e+07
685.428	  5.69307e+07
685.715	  5.69022e+07
686.002	  5.68737e+07
686.289	  5.68452e+07
686.576	  5.68167e+07
686.863	  5.67882e+07
687.15	  5.67597e+07
687.437	  5.67312e+07
687.724	  5.67027e+07
688.011	  5.66743e+07
688.298	  5.66458e+07
688.585	  5.66173e+07
688.872	  5.65888e+07
689.159	  5.65603e+07
689.446	  5.65318e+07
689.733	  5.65033e+07
690.02	  5.64749e+07
690.307	  5.64464e+07
690.594	  5.64179e+07
690.881	  5.63894e+07
691.168	  5.63609e+07
691.455	  5.63324e+07
691.742	  5.6304e+07
692.029	  5.62755e+07
692.316	  5.6247e+07
692.603	  5.62185e+07
692.89	  5.61901e+07
693.177	  5.61616e+07
693.464	  5.61331e+07
693.751	  5.61047e+07
694.038	  5.60762e+07
694.325	  5.60477e+07
694.612	  5.60193e+07
694.899	  5.59908e+07
695.186	  5.59624e+07
695.473	  5.59339e+07
695.76	  5.59054e+07
696.047	  5.5877e+07
696.334	  5.58485e+07
696.621	  5.58201e+07
696.908	  5.57916e+07
697.195	  5.57632e+07
697.482	  5.57347e+07
697.769	  5.57063e+07
698.056	  5.56778e+07
698.343	  5.56494e+07
698.63	  5.5621e+07
698.917	  5.55925e+07
699.204	  5.55641e+07
699.491	  5.55357e+07
699.778	  5.55072e+07
700.065	  5.54788e+07
700.352	  5.54504e+07
700.639	  5.5422e+07
700.926	  5.53935e+07
701.213	  5.53651e+07
701.5	  5.53367e+07
701.787	  5.53083e+07
702.074	  5.52799e+07
702.361	  5.52515e+07
702.648	  5.52231e+07
702.935	  5.51947e+07
703.222	  5.51663e+07
703.509	  5.51379e+07
703.796	  5.51095e+07
704.083	  5.50811e+07
704.37	  5.50527e+07
704.657	  5.50243e+07
704.944	  5.49959e+07
705.231	  5.49675e+07
705.518	  5.49391e+07
705.805	  5.49108e+07
706.092	  5.48824e+07
706.379	  5.4854e+07
706.666	  5.48256e+07
706.953	  5.47973e+07
707.24	  5.47689e+07
707.527	  5.47405e+07
707.814	  5.47122e+07
708.101	  5.46838e+07
708.388	  5.46555e+07
708.675	  5.46271e+07
708.962	  5.45988e+07
709.249	  5.45704e+07
709.536	  5.45421e+07
709.823	  5.45138e+07
710.11	  5.44854e+07
710.397	  5.44571e+07
710.684	  5.44288e+07
710.971	  5.44005e+07
711.258	  5.43721e+07
711.545	  5.43438e+07
711.832	  5.43155e+07
712.119	  5.42872e+07
712.406	  5.42589e+07
712.693	  5.42306e+07
712.98	  5.42023e+07
713.267	  5.4174e+07
713.554	  5.41457e+07
713.841	  5.41174e+07
714.128	  5.40891e+07
714.415	  5.40609e+07
714.702	  5.40326e+07
714.989	  5.40043e+07
715.276	  5.3976e+07
715.563	  5.39478e+07
715.85	  5.39195e+07
716.137	  5.38913e+07
716.424	  5.3863e+07
716.711	  5.38347e+07
716.998	  5.38065e+07
717.285	  5.37783e+07
717.572	  5.375e+07
717.859	  5.37218e+07
718.146	  5.36936e+07
718.433	  5.36653e+07
718.72	  5.36371e+07
719.007	  5.36089e+07
719.294	  5.35807e+07
719.581	  5.35525e+07
719.868	  5.35243e+07
720.155	  5.34961e+07
720.442	  5.34679e+07
720.729	  5.34397e+07
721.016	  5.34115e+07
721.303	  5.33833e+07
721.59	  5.33551e+07
721.877	  5.33269e+07
722.164	  5.32988e+07
722.451	  5.32706e+07
722.738	  5.32424e+07
723.025	  5.32143e+07
723.312	  5.31861e+07
723.599	  5.3158e+07
723.886	  5.31298e+07
724.173	  5.31017e+07
724.46	  5.30735e+07
724.747	  5.30454e+07
725.034	  5.30173e+07
725.321	  5.29892e+07
725.608	  5.29611e+07
725.895	  5.29329e+07
726.182	  5.29048e+07
726.469	  5.28767e+07
726.756	  5.28486e+07
727.043	  5.28205e+07
727.33	  5.27924e+07
727.617	  5.27644e+07
727.904	  5.27363e+07
728.191	  5.27082e+07
728.478	  5.26801e+07
728.765	  5.26521e+07
729.052	  5.2624e+07
729.339	  5.2596e+07
729.626	  5.25679e+07
729.913	  5.25399e+07
730.2	  5.25118e+07
730.487	  5.24838e+07
730.774	  5.24558e+07
731.061	  5.24277e+07
731.348	  5.23997e+07
731.635	  5.23717e+07
731.922	  5.23437e+07
732.209	  5.23157e+07
732.496	  5.22877e+07
732.783	  5.22597e+07
733.07	  5.22317e+07
733.357	  5.22037e+07
733.644	  5.21758e+07
733.931	  5.21478e+07
734.218	  5.21198e+07
734.505	  5.20919e+07
734.792	  5.20639e+07
735.079	  5.2036e+07
735.366	  5.2008e+07
735.653	  5.19801e+07
735.94	  5.19522e+07
736.227	  5.19242e+07
736.514	  5.18963e+07
736.801	  5.18684e+07
737.088	  5.18405e+07
737.375	  5.18126e+07
737.662	  5.17847e+07
737.949	  5.17568e+07
738.236	  5.17289e+07
738.523	  5.1701e+07
738.81	  5.16731e+07
739.097	  5.16453e+07
739.384	  5.16174e+07
739.671	  5.15895e+07
739.958	  5.15617e+07
740.245	  5.15339e+07
740.532	  5.1506e+07
740.819	  5.14782e+07
741.106	  5.14503e+07
741.393	  5.14225e+07
741.68	  5.13947e+07
741.967	  5.13669e+07
742.254	  5.13391e+07
742.541	  5.13113e+07
742.828	  5.12835e+07
743.115	  5.12557e+07
743.402	  5.12279e+07
743.689	  5.12002e+07
743.976	  5.11724e+07
744.263	  5.11446e+07
744.55	  5.11169e+07
744.837	  5.10891e+07
745.124	  5.10614e+07
745.411	  5.10336e+07
745.698	  5.10059e+07
745.985	  5.09782e+07
746.272	  5.09505e+07
746.559	  5.09227e+07
746.846	  5.0895e+07
747.133	  5.08673e+07
747.42	  5.08396e+07
747.707	  5.0812e+07
747.994	  5.07843e+07
748.281	  5.07566e+07
748.568	  5.07289e+07
748.855	  5.07013e+07
749.142	  5.06736e+07
749.429	  5.0646e+07
749.716	  5.06183e+07
750.003	  5.05907e+07
750.29	  5.05631e+07
750.577	  5.05354e+07
750.864	  5.05078e+07
751.151	  5.04802e+07
751.438	  5.04526e+07
751.725	  5.0425e+07
752.012	  5.03974e+07
752.299	  5.03699e+07
752.586	  5.03423e+07
752.873	  5.03147e+07
753.16	  5.02871e+07
753.447	  5.02596e+07
753.734	  5.0232e+07
754.021	  5.02045e+07
754.308	  5.0177e+07
754.595	  5.01494e+07
754.882	  5.01219e+07
755.169	  5.00944e+07
755.456	  5.00669e+07
755.743	  5.00394e+07
756.03	  5.00119e+07
756.317	  4.99844e+07
756.604	  4.99569e+07
756.891	  4.99295e+07
757.178	  4.9902e+07
757.465	  4.98745e+07
757.752	  4.98471e+07
758.039	  4.98196e+07
758.326	  4.97922e+07
758.613	  4.97648e+07
758.9	  4.97374e+07
759.187	  4.97099e+07
759.474	  4.96825e+07
759.761	  4.96551e+07
760.048	  4.96277e+07
760.335	  4.96003e+07
760.622	  4.9573e+07
760.909	  4.95456e+07
761.196	  4.95182e+07
761.483	  4.94909e+07
761.77	  4.94635e+07
762.057	  4.94362e+07
762.344	  4.94088e+07
762.631	  4.93815e+07
762.918	  4.93542e+07
763.205	  4.93269e+07
763.492	  4.92996e+07
763.779	  4.92723e+07
764.066	  4.9245e+07
764.353	  4.92177e+07
764.64	  4.91904e+07
764.927	  4.91631e+07
765.214	  4.91359e+07
765.501	  4.91086e+07
765.788	  4.90814e+07
766.075	  4.90541e+07
766.362	  4.90269e+07
766.649	  4.89997e+07
766.936	  4.89725e+07
767.223	  4.89453e+07
767.51	  4.89181e+07
767.797	  4.88909e+07
768.084	  4.88637e+07
768.371	  4.88365e+07
768.658	  4.88093e+07
768.945	  4.87822e+07
769.232	  4.8755e+07
769.519	  4.87279e+07
769.806	  4.87007e+07
770.093	  4.86736e+07
770.38	  4.86465e+07
770.667	  4.86194e+07
770.954	  4.85922e+07
771.241	  4.85651e+07
771.528	  4.85381e+07
771.815	  4.8511e+07
772.102	  4.84839e+07
772.389	  4.84568e+07
772.676	  4.84298e+07
772.963	  4.84027e+07
773.25	  4.83757e+07
773.537	  4.83486e+07
773.824	  4.83216e+07
774.111	  4.82946e+07
774.398	  4.82676e+07
774.685	  4.82405e+07
774.972	  4.82135e+07
775.259	  4.81866e+07
775.546	  4.81596e+07
775.833	  4.81326e+07
776.12	  4.81056e+07
776.407	  4.80787e+07
776.694	  4.80517e+07
776.981	  4.80248e+07
777.268	  4.79979e+07
777.555	  4.79709e+07
777.842	  4.7944e+07
778.129	  4.79171e+07
778.416	  4.78902e+07
778.703	  4.78633e+07
778.99	  4.78364e+07
779.277	  4.78096e+07
779.564	  4.77827e+07
779.851	  4.77558e+07
780.138	  4.7729e+07
780.425	  4.77021e+07
780.712	  4.76753e+07
780.999	  4.76485e+07
781.286	  4.76217e+07
781.573	  4.75948e+07
781.86	  4.7568e+07
782.147	  4.75412e+07
782.434	  4.75145e+07
782.721	  4.74877e+07
783.008	  4.74609e+07
783.295	  4.74342e+07
783.582	  4.74074e+07
783.869	  4.73807e+07
784.156	  4.73539e+07
784.443	  4.73272e+07
784.73	  4.73005e+07
785.017	  4.72738e+07
785.304	  4.72471e+07
785.591	  4.72204e+07
785.878	  4.71937e+07
786.165	  4.7167e+07
786.452	  4.71404e+07
786.739	  4.71137e+07
787.026	  4.70871e+07
787.313	  4.70604e+07
787.6	  4.70338e+07
787.887	  4.70072e+07
788.174	  4.69806e+07
788.461	  4.69539e+07
788.748	  4.69274e+07
789.035	  4.69008e+07
789.322	  4.68742e+07
789.609	  4.68476e+07
789.896	  4.6821e+07
790.183	  4.67945e+07
790.47	  4.6768e+07
790.757	  4.67414e+07
791.044	  4.67149e+07
791.331	  4.66884e+07
791.618	  4.66619e+07
791.905	  4.66354e+07
792.192	  4.66089e+07
792.479	  4.65824e+07
792.766	  4.65559e+07
793.053	  4.65294e+07
793.34	  4.6503e+07
793.627	  4.64765e+07
793.914	  4.64501e+07
794.201	  4.64237e+07
794.488	  4.63972e+07
794.775	  4.63708e+07
795.062	  4.63444e+07
795.349	  4.6318e+07
795.636	  4.62917e+07
795.923	  4.62653e+07
796.21	  4.62389e+07
796.497	  4.62125e+07
796.784	  4.61862e+07
797.071	  4.61599e+07
797.358	  4.61335e+07
797.645	  4.61072e+07
797.932	  4.60809e+07
798.219	  4.60546e+07
798.506	  4.60283e+07
798.793	  4.6002e+07
799.08	  4.59757e+07
799.367	  4.59495e+07
799.654	  4.59232e+07
799.941	  4.58969e+07
800.228	  4.58707e+07
800.515	  4.58445e+07
800.802	  4.58183e+07
801.089	  4.5792e+07
801.376	  4.57658e+07
801.663	  4.57396e+07
801.95	  4.57135e+07
802.237	  4.56873e+07
802.524	  4.56611e+07
802.811	  4.5635e+07
803.098	  4.56088e+07
803.385	  4.55827e+07
803.672	  4.55565e+07
803.959	  4.55304e+07
804.246	  4.55043e+07
804.533	  4.54782e+07
804.82	  4.54521e+07
805.107	  4.5426e+07
805.394	  4.53999e+07
805.681	  4.53739e+07
805.968	  4.53478e+07
806.255	  4.53218e+07
806.542	  4.52957e+07
806.829	  4.52697e+07
807.116	  4.52437e+07
807.403	  4.52177e+07
807.69	  4.51917e+07
807.977	  4.51657e+07
808.264	  4.51397e+07
808.551	  4.51137e+07
808.838	  4.50878e+07
809.125	  4.50618e+07
809.412	  4.50359e+07
809.699	  4.50099e+07
809.986	  4.4984e+07
810.273	  4.49581e+07
810.56	  4.49322e+07
810.847	  4.49063e+07
811.134	  4.48804e+07
811.421	  4.48545e+07
811.708	  4.48287e+07
811.995	  4.48028e+07
812.282	  4.4777e+07
812.569	  4.47511e+07
812.856	  4.47253e+07
813.143	  4.46995e+07
813.43	  4.46737e+07
813.717	  4.46479e+07
814.004	  4.46221e+07
814.291	  4.45963e+07
814.578	  4.45705e+07
814.865	  4.45447e+07
815.152	  4.4519e+07
815.439	  4.44932e+07
815.726	  4.44675e+07
816.013	  4.44418e+07
816.3	  4.44161e+07
816.587	  4.43904e+07
816.874	  4.43647e+07
817.161	  4.4339e+07
817.448	  4.43133e+07
817.735	  4.42876e+07
818.022	  4.4262e+07
818.309	  4.42363e+07
818.596	  4.42107e+07
818.883	  4.41851e+07
819.17	  4.41595e+07
819.457	  4.41339e+07
820.002	  4.40852e+07
820.031	  4.40827e+07
820.059	  4.40801e+07
820.088	  4.40776e+07
820.117	  4.4075e+07
820.146	  4.40724e+07
820.174	  4.40699e+07
820.203	  4.40673e+07
820.232	  4.40648e+07
820.26	  4.40622e+07
820.289	  4.40596e+07
820.318	  4.40571e+07
820.346	  4.40545e+07
820.375	  4.4052e+07
820.404	  4.40494e+07
820.433	  4.40469e+07
820.461	  4.40443e+07
820.49	  4.40417e+07
820.519	  4.40392e+07
820.547	  4.40366e+07
820.576	  4.40341e+07
820.605	  4.40315e+07
820.633	  2.75477e+07
820.662	  2.75462e+07
820.691	  2.75447e+07
820.72	  2.75431e+07
820.748	  2.75416e+07
820.777	  2.75401e+07
820.806	  2.75385e+07
820.834	  2.7537e+07
820.863	  2.75355e+07
820.892	  2.75339e+07
820.92	  2.75324e+07
820.949	  2.75309e+07
820.978	  2.75293e+07
821.007	  2.75278e+07
821.035	  2.75263e+07
821.064	  2.75248e+07
821.093	  2.75232e+07
821.121	  2.75217e+07
821.15	  2.75202e+07
821.179	  2.75186e+07
821.207	  2.75171e+07
821.236	  2.75156e+07
821.265	  2.7514e+07
821.294	  2.75125e+07
821.322	  2.7511e+07
821.351	  2.75095e+07
821.38	  2.75079e+07
821.408	  2.75064e+07
821.437	  2.75049e+07
821.466	  2.75033e+07
821.494	  2.75018e+07
821.523	  2.75003e+07
821.552	  2.74988e+07
821.581	  2.74972e+07
821.609	  2.74957e+07
821.638	  2.74942e+07
821.667	  2.74926e+07
821.695	  2.74911e+07
821.724	  2.74896e+07
821.753	  2.74881e+07
821.781	  2.74865e+07
821.81	  2.7485e+07
821.839	  2.74835e+07
821.868	  2.74819e+07
821.896	  2.74804e+07
821.925	  2.74789e+07
821.954	  2.74774e+07
821.982	  2.74758e+07
822.011	  2.74743e+07
822.011	  2.74743e+07
822.298	  2.7459e+07
822.585	  2.74438e+07
822.872	  2.74285e+07
823.159	  2.74133e+07
823.446	  2.7398e+07
823.733	  2.73828e+07
824.02	  2.73676e+07
824.307	  2.73524e+07
824.594	  2.73372e+07
824.881	  2.7322e+07
825.168	  2.73068e+07
825.455	  2.72916e+07
825.742	  2.72765e+07
826.029	  2.72613e+07
826.316	  2.72462e+07
826.603	  2.7231e+07
826.89	  2.72159e+07
827.177	  2.72008e+07
827.464	  2.71856e+07
827.751	  2.71705e+07
828.038	  2.71554e+07
828.325	  2.71403e+07
828.612	  2.71253e+07
828.899	  2.71102e+07
829.186	  2.70951e+07
829.473	  2.70801e+07
829.76	  2.7065e+07
830.047	  2.705e+07
830.334	  2.70349e+07
830.621	  2.70199e+07
830.908	  2.70049e+07
831.195	  2.69899e+07
831.482	  2.69749e+07
831.769	  2.69599e+07
832.056	  2.69449e+07
832.343	  2.693e+07
832.63	  2.6915e+07
832.917	  2.69e+07
833.204	  2.68851e+07
833.491	  2.68702e+07
833.778	  2.68552e+07
834.065	  2.68403e+07
834.352	  2.68254e+07
834.639	  2.68105e+07
834.926	  2.67956e+07
835.213	  2.67807e+07
835.5	  2.67658e+07
835.787	  2.6751e+07
836.074	  2.67361e+07
836.361	  2.67213e+07
836.648	  2.67064e+07
836.935	  2.66916e+07
837.222	  2.66767e+07
837.509	  2.66619e+07
837.796	  2.66471e+07
838.083	  2.66323e+07
838.37	  2.66175e+07
838.657	  2.66027e+07
838.944	  2.6588e+07
839.231	  2.65732e+07
839.518	  2.65584e+07
839.805	  2.65437e+07
840.092	  2.65289e+07
840.379	  2.65142e+07
840.666	  2.64995e+07
840.953	  2.64848e+07
841.24	  2.647e+07
841.527	  2.64553e+07
841.814	  2.64407e+07
842.101	  2.6426e+07
842.388	  2.64113e+07
842.675	  2.63966e+07
842.962	  2.6382e+07
843.249	  2.63673e+07
843.536	  2.63527e+07
843.823	  2.6338e+07
844.11	  2.63234e+07
844.397	  2.63088e+07
844.684	  2.62942e+07
844.971	  2.62796e+07
845.258	  2.6265e+07
845.545	  2.62504e+07
845.832	  2.62358e+07
846.119	  2.62213e+07
846.406	  2.62067e+07
846.693	  2.61922e+07
846.98	  2.61776e+07
847.267	  2.61631e+07
847.554	  2.61486e+07
847.841	  2.61341e+07
848.128	  2.61195e+07
848.415	  2.6105e+07
848.702	  2.60906e+07
848.989	  2.60761e+07
849.276	  2.60616e+07
849.563	  2.60471e+07
849.85	  2.60327e+07
850.137	  2.60182e+07
850.424	  2.60038e+07
850.711	  2.59893e+07
850.998	  2.59749e+07
851.285	  2.59605e+07
851.572	  2.59461e+07
851.859	  2.59317e+07
852.146	  2.59173e+07
852.433	  2.59029e+07
852.72	  2.58886e+07
853.007	  2.58742e+07
853.294	  2.58598e+07
853.581	  2.58455e+07
853.868	  2.58311e+07
854.155	  2.58168e+07
854.442	  2.58025e+07
854.729	  2.57882e+07
855.016	  2.57739e+07
855.303	  2.57596e+07
855.59	  2.57453e+07
855.877	  2.5731e+07
856.164	  2.57167e+07
856.451	  2.57024e+07
856.738	  2.56882e+07
857.025	  2.56739e+07
857.312	  2.56597e+07
857.599	  2.56455e+07
857.886	  2.56312e+07
858.173	  2.5617e+07
858.46	  2.56028e+07
858.747	  2.55886e+07
859.034	  2.55744e+07
859.321	  2.55602e+07
859.608	  2.5546e+07
859.895	  2.55319e+07
860.182	  2.55177e+07
860.469	  2.55036e+07
860.756	  2.54894e+07
861.043	  2.54753e+07
861.33	  2.54612e+07
861.617	  2.5447e+07
861.904	  2.54329e+07
862.191	  2.54188e+07
862.478	  2.54047e+07
862.765	  2.53907e+07
863.052	  2.53766e+07
863.339	  2.53625e+07
863.626	  2.53484e+07
863.913	  2.53344e+07
864.2	  2.53203e+07
864.487	  2.53063e+07
864.774	  2.52923e+07
865.061	  2.52783e+07
865.348	  2.52643e+07
865.635	  2.52503e+07
865.922	  2.52363e+07
866.209	  2.52223e+07
866.496	  2.52083e+07
866.783	  2.51943e+07
867.07	  2.51804e+07
867.357	  2.51664e+07
867.644	  2.51525e+07
867.931	  2.51385e+07
868.218	  2.51246e+07
868.505	  2.51107e+07
868.792	  2.50967e+07
869.079	  2.50828e+07
869.366	  2.50689e+07
869.653	  2.50551e+07
869.94	  2.50412e+07
870.227	  2.50273e+07
870.514	  2.50134e+07
870.801	  2.49996e+07
871.088	  2.49857e+07
871.375	  2.49719e+07
871.662	  2.49581e+07
871.949	  2.49442e+07
872.236	  2.49304e+07
872.523	  2.49166e+07
872.81	  2.49028e+07
873.097	  2.4889e+07
873.384	  2.48752e+07
873.671	  2.48615e+07
873.958	  2.48477e+07
874.245	  2.48339e+07
874.532	  2.48202e+07
874.819	  2.48064e+07
875.106	  2.47927e+07
875.393	  2.4779e+07
875.68	  2.47653e+07
875.967	  2.47515e+07
876.254	  2.47378e+07
876.541	  2.47241e+07
876.828	  2.47105e+07
877.115	  2.46968e+07
877.402	  2.46831e+07
877.689	  2.46694e+07
877.976	  2.46558e+07
878.263	  2.46421e+07
878.55	  2.46285e+07
878.837	  2.46149e+07
879.124	  2.46012e+07
879.411	  2.45876e+07
879.698	  2.4574e+07
879.985	  2.45604e+07
880.272	  2.45468e+07
880.559	  2.45333e+07
880.846	  2.45197e+07
881.133	  2.45061e+07
881.42	  2.44926e+07
881.707	  2.4479e+07
881.994	  2.44655e+07
882.281	  2.44519e+07
882.568	  2.44384e+07
882.855	  2.44249e+07
883.142	  2.44114e+07
883.429	  2.43979e+07
883.716	  2.43844e+07
884.003	  2.43709e+07
884.29	  2.43574e+07
884.577	  2.43439e+07
884.864	  2.43305e+07
885.151	  2.4317e+07
885.438	  2.43036e+07
885.725	  2.42901e+07
886.012	  2.42767e+07
886.299	  2.42633e+07
886.586	  2.42499e+07
886.873	  2.42365e+07
887.16	  2.42231e+07
887.447	  2.42097e+07
887.734	  2.41963e+07
888.021	  2.41829e+07
888.308	  2.41695e+07
888.595	  2.41562e+07
888.882	  2.41428e+07
889.169	  2.41295e+07
889.456	  2.41161e+07
889.743	  2.41028e+07
890.03	  2.40895e+07
890.317	  2.40762e+07
890.604	  2.40629e+07
890.891	  2.40496e+07
891.178	  2.40363e+07
891.465	  2.4023e+07
891.752	  2.40097e+07
892.039	  2.39965e+07
892.326	  2.39832e+07
892.613	  2.397e+07
892.9	  2.39567e+07
893.187	  2.39435e+07
893.474	  2.39303e+07
893.761	  2.3917e+07
894.048	  2.39038e+07
894.335	  2.38906e+07
894.622	  2.38774e+07
894.909	  2.38643e+07
895.196	  2.38511e+07
895.483	  2.38379e+07
895.77	  2.38247e+07
896.057	  2.38116e+07
896.344	  2.37984e+07
896.631	  2.37853e+07
896.918	  2.37722e+07
897.205	  2.3759e+07
897.492	  2.37459e+07
897.779	  2.37328e+07
898.066	  2.37197e+07
898.353	  2.37066e+07
898.64	  2.36935e+07
898.927	  2.36805e+07
899.214	  2.36674e+07
899.501	  2.36543e+07
899.788	  2.36413e+07
900.075	  2.36282e+07
900.362	  2.36152e+07
900.649	  2.36022e+07
900.936	  2.35891e+07
901.223	  2.35761e+07
901.51	  2.35631e+07
901.797	  2.35501e+07
902.084	  2.35371e+07
902.371	  2.35241e+07
902.658	  2.35112e+07
902.945	  2.34982e+07
903.232	  2.34852e+07
903.519	  2.34723e+07
903.806	  2.34593e+07
904.093	  2.34464e+07
904.38	  2.34335e+07
904.667	  2.34205e+07
904.954	  2.34076e+07
905.241	  2.33947e+07
905.528	  2.33818e+07
905.815	  2.33689e+07
906.102	  2.3356e+07
906.389	  2.33432e+07
906.676	  2.33303e+07
906.963	  2.33174e+07
907.25	  2.33046e+07
907.537	  2.32917e+07
907.824	  2.32789e+07
908.111	  2.32661e+07
908.398	  2.32532e+07
908.685	  2.32404e+07
908.972	  2.32276e+07
909.259	  2.32148e+07
909.546	  2.3202e+07
909.833	  2.31892e+07
910.12	  2.31765e+07
910.407	  2.31637e+07
910.694	  2.31509e+07
910.981	  2.31382e+07
911.268	  2.31254e+07
911.555	  2.31127e+07
911.842	  2.31e+07
912.129	  2.30872e+07
912.416	  2.30745e+07
912.703	  2.30618e+07
912.99	  2.30491e+07
913.277	  2.30364e+07
913.564	  2.30237e+07
913.851	  2.3011e+07
914.138	  2.29984e+07
914.425	  2.29857e+07
914.712	  2.29731e+07
914.999	  2.29604e+07
915.286	  2.29478e+07
915.573	  2.29351e+07
915.86	  2.29225e+07
916.147	  2.29099e+07
916.434	  2.28973e+07
916.721	  2.28847e+07
917.008	  2.28721e+07
917.295	  2.28595e+07
917.582	  2.28469e+07
917.869	  2.28343e+07
918.156	  2.28218e+07
918.443	  2.28092e+07
918.73	  2.27967e+07
919.017	  2.27841e+07
919.304	  2.27716e+07
919.591	  2.27591e+07
919.878	  2.27466e+07
920.165	  2.2734e+07
920.452	  2.27215e+07
920.739	  2.2709e+07
921.026	  2.26966e+07
921.313	  2.26841e+07
921.6	  2.26716e+07
921.887	  2.26591e+07
922.174	  2.26467e+07
922.461	  2.26342e+07
922.748	  2.26218e+07
923.035	  2.26093e+07
923.322	  2.25969e+07
923.609	  2.25845e+07
923.896	  2.25721e+07
924.183	  2.25597e+07
924.47	  2.25473e+07
924.757	  2.25349e+07
925.044	  2.25225e+07
925.331	  2.25101e+07
925.618	  2.24977e+07
925.905	  2.24854e+07
926.192	  2.2473e+07
926.479	  2.24607e+07
926.766	  2.24483e+07
927.053	  2.2436e+07
927.34	  2.24237e+07
927.627	  2.24113e+07
927.914	  2.2399e+07
928.201	  2.23867e+07
928.488	  2.23744e+07
928.775	  2.23621e+07
929.062	  2.23499e+07
929.349	  2.23376e+07
929.636	  2.23253e+07
929.923	  2.23131e+07
930.21	  2.23008e+07
930.497	  2.22886e+07
930.784	  2.22763e+07
931.071	  2.22641e+07
931.358	  2.22519e+07
931.645	  2.22397e+07
931.932	  2.22275e+07
932.219	  2.22153e+07
932.506	  2.22031e+07
932.793	  2.21909e+07
933.08	  2.21787e+07
933.367	  2.21665e+07
933.654	  2.21544e+07
933.941	  2.21422e+07
934.228	  2.21301e+07
934.515	  2.21179e+07
934.802	  2.21058e+07
935.089	  2.20936e+07
935.376	  2.20815e+07
935.663	  2.20694e+07
935.95	  2.20573e+07
936.237	  2.20452e+07
936.524	  2.20331e+07
936.811	  2.2021e+07
937.098	  2.2009e+07
937.385	  2.19969e+07
937.672	  2.19848e+07
937.959	  2.19728e+07
938.246	  2.19607e+07
938.533	  2.19487e+07
938.82	  2.19367e+07
939.107	  2.19246e+07
939.394	  2.19126e+07
939.681	  2.19006e+07
939.968	  2.18886e+07
940.255	  2.18766e+07
940.542	  2.18646e+07
940.829	  2.18526e+07
941.116	  2.18407e+07
941.403	  2.18287e+07
941.69	  2.18167e+07
941.977	  2.18048e+07
942.264	  2.17928e+07
942.551	  2.17809e+07
942.838	  2.1769e+07
943.125	  2.1757e+07
943.412	  2.17451e+07
943.699	  2.17332e+07
943.986	  2.17213e+07
944.273	  2.17094e+07
944.56	  2.16975e+07
944.847	  2.16856e+07
945.134	  2.16738e+07
945.421	  2.16619e+07
945.708	  2.165e+07
945.995	  2.16382e+07
946.282	  2.16263e+07
946.569	  2.16145e+07
946.856	  2.16027e+07
947.143	  2.15908e+07
947.43	  2.1579e+07
947.717	  2.15672e+07
948.004	  2.15554e+07
948.291	  2.15436e+07
948.578	  2.15318e+07
948.865	  2.152e+07
949.152	  2.15083e+07
949.439	  2.14965e+07
949.726	  2.14847e+07
950.013	  2.1473e+07
950.3	  2.14612e+07
950.587	  2.14495e+07
950.874	  2.14378e+07
951.161	  2.1426e+07
951.448	  2.14143e+07
951.735	  2.14026e+07
952.022	  2.13909e+07
952.309	  2.13792e+07
952.596	  2.13675e+07
952.883	  2.13558e+07
953.17	  2.13442e+07
953.457	  2.13325e+07
953.744	  2.13208e+07
954.031	  2.13092e+07
954.318	  2.12975e+07
954.605	  2.12859e+07
954.892	  2.12743e+07
955.179	  2.12626e+07
955.466	  2.1251e+07
955.753	  2.12394e+07
956.04	  2.12278e+07
956.327	  2.12162e+07
956.614	  2.12046e+07
956.901	  2.1193e+07
957.188	  2.11814e+07
957.475	  2.11699e+07
957.762	  2.11583e+07
958.049	  2.11468e+07
958.336	  2.11352e+07
958.623	  2.11237e+07
958.91	  2.11121e+07
959.197	  2.11006e+07
959.484	  2.10891e+07
959.771	  2.10776e+07
960.058	  2.10661e+07
960.345	  2.10546e+07
960.632	  2.10431e+07
960.919	  2.10316e+07
961.206	  2.10201e+07
961.493	  2.10086e+07
961.78	  2.09972e+07
962.067	  2.09857e+07
962.354	  2.09742e+07
962.641	  2.09628e+07
962.928	  2.09514e+07
963.215	  2.09399e+07
963.502	  2.09285e+07
963.789	  2.09171e+07
964.076	  2.09057e+07
964.363	  2.08943e+07
964.65	  2.08829e+07
964.937	  2.08715e+07
965.224	  2.08601e+07
965.511	  2.08487e+07
965.798	  2.08374e+07
966.085	  2.0826e+07
966.372	  2.08146e+07
966.659	  2.08033e+07
966.946	  2.07919e+07
967.233	  2.07806e+07
967.52	  2.07693e+07
967.807	  2.0758e+07
968.094	  2.07467e+07
968.381	  2.07353e+07
968.668	  2.0724e+07
968.955	  2.07127e+07
969.242	  2.07015e+07
969.529	  2.06902e+07
969.816	  2.06789e+07
970.103	  2.06676e+07
970.39	  2.06564e+07
970.677	  2.06451e+07
970.964	  2.06339e+07
971.251	  2.06226e+07
971.538	  2.06114e+07
971.825	  2.06002e+07
972.112	  2.0589e+07
972.399	  2.05778e+07
972.686	  2.05665e+07
972.973	  2.05553e+07
973.26	  2.05442e+07
973.547	  2.0533e+07
973.834	  2.05218e+07
974.121	  2.05106e+07
974.408	  2.04995e+07
974.695	  2.04883e+07
974.982	  2.04771e+07
975.269	  2.0466e+07
975.556	  2.04549e+07
975.843	  2.04437e+07
976.13	  2.04326e+07
976.417	  2.04215e+07
976.704	  2.04104e+07
976.991	  2.03993e+07
977.278	  2.03882e+07
977.565	  2.03771e+07
977.852	  2.0366e+07
978.139	  2.03549e+07
978.426	  2.03439e+07
978.713	  2.03328e+07
979	  2.03217e+07
979.287	  2.03107e+07
979.574	  2.02996e+07
979.861	  2.02886e+07
980.148	  2.02776e+07
980.435	  2.02665e+07
980.722	  2.02555e+07
981.009	  2.02445e+07
981.296	  2.02335e+07
981.583	  2.02225e+07
981.87	  2.02115e+07
982.157	  2.02005e+07
982.444	  2.01896e+07
982.731	  2.01786e+07
983.018	  2.01676e+07
983.305	  2.01567e+07
983.592	  2.01457e+07
983.879	  2.01348e+07
984.166	  2.01238e+07
984.453	  2.01129e+07
984.74	  2.0102e+07
985.027	  2.00911e+07
985.314	  2.00802e+07
985.601	  2.00693e+07
985.888	  2.00584e+07
986.175	  2.00475e+07
986.462	  2.00366e+07
986.749	  2.00257e+07
987.036	  2.00148e+07
987.323	  2.0004e+07
987.61	  1.99931e+07
987.897	  1.99823e+07
988.184	  1.99714e+07
988.471	  1.99606e+07
988.758	  1.99497e+07
989.045	  1.99389e+07
989.332	  1.99281e+07
989.619	  1.99173e+07
989.906	  1.99065e+07
990.193	  1.98957e+07
990.48	  1.98849e+07
990.767	  1.98741e+07
991.054	  1.98633e+07
991.341	  1.98525e+07
991.628	  1.98418e+07
991.915	  1.9831e+07
992.202	  1.98203e+07
992.489	  1.98095e+07
992.776	  1.97988e+07
993.063	  1.9788e+07
993.35	  1.97773e+07
993.637	  1.97666e+07
993.924	  1.97559e+07
994.211	  1.97452e+07
994.498	  1.97345e+07
994.785	  1.97238e+07
995.072	  1.97131e+07
995.359	  1.97024e+07
995.646	  1.96917e+07
995.933	  1.96811e+07
996.22	  1.96704e+07
996.507	  1.96597e+07
996.794	  1.96491e+07
997.081	  1.96384e+07
997.368	  1.96278e+07
997.655	  1.96172e+07
997.942	  1.96066e+07
998.229	  1.95959e+07
998.516	  1.95853e+07
998.803	  1.95747e+07
999.09	  1.95641e+07
999.377	  1.95535e+07
999.664	  1.95429e+07
999.951	  1.95324e+07
1000.24	  1.95218e+07
1000.52	  1.95112e+07
1000.81	  1.95007e+07
1001.1	  1.94901e+07
1001.39	  1.94796e+07
1001.67	  1.9469e+07
1001.96	  1.94585e+07
1002.25	  1.9448e+07
1002.53	  1.94374e+07
1002.82	  1.94269e+07
1003.11	  1.94164e+07
1003.39	  1.94059e+07
1003.68	  1.93954e+07
1003.97	  1.93849e+07
1004.26	  1.93744e+07
1004.54	  1.9364e+07
1004.83	  1.93535e+07
1005.12	  1.9343e+07
1005.4	  1.93326e+07
1005.69	  1.93221e+07
1005.98	  1.93117e+07
1006.26	  1.93012e+07
1006.55	  1.92908e+07
1006.84	  1.92804e+07
1007.13	  1.927e+07
1007.41	  1.92595e+07
1007.7	  1.92491e+07
1007.99	  1.92387e+07
1008.27	  1.92283e+07
1008.56	  1.92179e+07
1008.85	  1.92076e+07
1009.13	  1.91972e+07
1009.42	  1.91868e+07
1009.71	  1.91765e+07
1010	  1.91661e+07
1010.28	  1.91557e+07
1010.57	  1.91454e+07
1010.86	  1.91351e+07
1011.14	  1.91247e+07
1011.43	  1.91144e+07
1011.72	  1.91041e+07
1012	  1.90938e+07
1012.29	  1.90835e+07
1012.58	  1.90732e+07
1012.87	  1.90629e+07
1013.15	  1.90526e+07
1013.44	  1.90423e+07
1013.73	  1.9032e+07
1014.01	  1.90217e+07
1014.3	  1.90115e+07
1014.59	  1.90012e+07
1014.88	  1.8991e+07
1015.16	  1.89807e+07
1015.45	  1.89705e+07
1015.74	  1.89603e+07
1016.02	  1.895e+07
1016.31	  1.89398e+07
1016.6	  1.89296e+07
1016.88	  1.89194e+07
1017.17	  1.89092e+07
1017.46	  1.8899e+07
1017.75	  1.88888e+07
1018.03	  1.88786e+07
1018.32	  1.88684e+07
1018.61	  1.88583e+07
1018.89	  1.88481e+07
1019.18	  1.88379e+07
1019.47	  1.88278e+07
1019.98	  1.88098e+07
1021.08	  1.8771e+07
1022.17	  1.87323e+07
1023.27	  1.86937e+07
1024.38	  1.86551e+07
1025.47	  1.86166e+07
1026.58	  1.85783e+07
1027.67	  1.854e+07
1028.78	  1.85018e+07
1029.88	  1.84637e+07
1030.97	  1.84257e+07
1032.08	  1.83878e+07
1033.17	  1.83499e+07
1034.28	  1.83122e+07
1035.38	  1.82745e+07
1036.47	  1.82369e+07
1037.58	  1.81994e+07
1038.67	  1.8162e+07
1039.78	  1.81247e+07
1040.88	  1.80875e+07
1041.97	  1.80504e+07
1043.08	  1.80133e+07
1044.17	  1.79763e+07
1045.28	  1.79394e+07
1046.38	  1.79026e+07
1047.47	  1.78659e+07
1048.58	  1.78293e+07
1049.67	  1.77927e+07
1050.78	  1.77563e+07
1051.88	  1.77199e+07
1052.97	  1.76836e+07
1054.08	  1.76474e+07
1055.17	  1.76113e+07
1056.28	  1.75752e+07
1057.38	  1.75392e+07
1058.47	  1.75034e+07
1059.58	  1.74676e+07
1060.67	  1.74319e+07
1061.78	  1.73962e+07
1062.88	  1.73607e+07
1063.97	  1.73252e+07
1065.08	  1.72898e+07
1066.17	  1.72545e+07
1067.28	  1.72193e+07
1068.38	  1.71842e+07
1069.47	  1.71491e+07
1070.58	  1.71141e+07
1071.67	  1.70792e+07
1072.78	  1.70444e+07
1073.88	  1.70097e+07
1074.97	  1.6975e+07
1076.08	  1.69404e+07
1077.17	  1.69059e+07
1078.28	  1.68715e+07
1079.38	  1.68371e+07
1080.47	  1.68029e+07
1081.58	  1.67687e+07
1082.67	  1.67346e+07
1083.78	  1.67006e+07
1084.88	  1.66666e+07
1085.97	  1.66327e+07
1087.08	  1.65989e+07
1088.17	  1.65652e+07
1089.28	  1.65316e+07
1090.38	  1.6498e+07
1091.47	  1.64645e+07
1092.58	  1.64311e+07
1093.67	  1.63978e+07
1094.78	  1.63645e+07
1095.88	  1.63314e+07
1096.97	  1.62983e+07
1098.08	  1.62652e+07
1099.17	  1.62323e+07
1100.28	  1.61994e+07
1101.38	  1.61666e+07
1102.47	  1.61339e+07
1103.58	  1.61012e+07
1104.67	  1.60687e+07
1105.78	  1.60362e+07
1106.88	  1.60037e+07
1107.97	  1.59714e+07
1109.08	  1.59391e+07
1110.17	  1.59069e+07
1111.28	  1.58748e+07
1112.38	  1.58427e+07
1113.47	  1.58107e+07
1114.58	  1.57788e+07
1115.67	  1.5747e+07
1116.78	  1.57152e+07
1117.88	  1.56835e+07
1118.97	  1.56519e+07
1120.08	  1.56203e+07
1121.17	  1.55888e+07
1122.28	  1.55574e+07
1123.38	  1.55261e+07
1124.47	  1.54948e+07
1125.58	  1.54636e+07
1126.67	  1.54325e+07
1127.78	  1.54015e+07
1128.88	  1.53705e+07
1129.97	  1.53396e+07
1131.08	  1.53087e+07
1132.17	  1.5278e+07
1133.28	  1.52473e+07
1134.38	  1.52166e+07
1135.47	  1.51861e+07
1136.58	  1.51556e+07
1137.67	  1.51251e+07
1138.78	  1.50948e+07
1139.88	  1.50645e+07
1140.97	  1.50343e+07
1142.08	  1.50041e+07
1143.17	  1.49741e+07
1144.28	  1.4944e+07
1145.38	  1.49141e+07
1146.47	  1.48842e+07
1147.58	  1.48544e+07
1148.67	  1.48247e+07
1149.78	  1.4795e+07
1150.88	  1.47654e+07
1151.97	  1.47359e+07
1153.08	  1.47064e+07
1154.17	  1.4677e+07
1155.28	  1.46476e+07
1156.38	  1.46184e+07
1157.47	  1.45892e+07
1158.58	  1.456e+07
1159.67	  1.45309e+07
1160.78	  1.45019e+07
1161.88	  1.4473e+07
1162.97	  1.44441e+07
1164.08	  1.44153e+07
1165.17	  1.43866e+07
1166.28	  1.43579e+07
1167.38	  1.43292e+07
1168.47	  1.43007e+07
1169.58	  1.42722e+07
1170.67	  1.42438e+07
1171.78	  1.42154e+07
1172.88	  1.41871e+07
1173.97	  1.41589e+07
1175.08	  1.41307e+07
1176.17	  1.41026e+07
1177.28	  1.40746e+07
1178.38	  1.40466e+07
1179.47	  1.40186e+07
1180.58	  1.39908e+07
1181.67	  1.3963e+07
1182.78	  1.39353e+07
1183.88	  1.39076e+07
1184.97	  1.388e+07
1186.08	  1.38524e+07
1187.17	  1.3825e+07
1188.28	  1.37975e+07
1189.38	  1.37702e+07
1190.47	  1.37429e+07
1191.58	  1.37156e+07
1192.67	  1.36885e+07
1193.78	  1.36613e+07
1194.88	  1.36343e+07
1195.97	  1.36073e+07
1197.08	  1.35803e+07
1198.17	  1.35535e+07
1199.28	  1.35267e+07
1200.38	  1.34999e+07
1201.47	  1.34732e+07
1202.58	  1.34466e+07
1203.67	  1.342e+07
1204.78	  1.33935e+07
1205.88	  1.3367e+07
1206.97	  1.33406e+07
1208.08	  1.33143e+07
1209.17	  1.3288e+07
1210.28	  1.32618e+07
1211.38	  1.32356e+07
1212.47	  1.32095e+07
1213.58	  1.31834e+07
1214.67	  1.31574e+07
1215.78	  1.31315e+07
1216.88	  1.31056e+07
1217.97	  1.30798e+07
1219.08	  1.30541e+07
1220.17	  1.30283e+07
1221.28	  1.30027e+07
1222.38	  1.29771e+07
1223.47	  1.29516e+07
1224.58	  1.29261e+07
1225.67	  1.29007e+07
1226.78	  1.28753e+07
1227.88	  1.285e+07
1228.97	  1.28248e+07
1230.08	  1.27996e+07
1231.17	  1.27744e+07
1232.28	  1.27493e+07
1233.38	  1.27243e+07
1234.47	  1.26993e+07
1235.58	  1.26744e+07
1236.67	  1.26495e+07
1237.78	  1.26247e+07
1238.88	  1.26e+07
1239.97	  1.25753e+07
1241.08	  1.25506e+07
1242.17	  1.2526e+07
1243.28	  1.25015e+07
1244.38	  1.2477e+07
1245.47	  1.24526e+07
1246.58	  1.24282e+07
1247.67	  1.24039e+07
1248.78	  1.23796e+07
1249.88	  1.23554e+07
1250.97	  1.23313e+07
1252.08	  1.23071e+07
1253.17	  1.22831e+07
1254.28	  1.22591e+07
1255.38	  1.22351e+07
1256.47	  1.22112e+07
1257.58	  1.21874e+07
1258.67	  1.21636e+07
1259.78	  1.21399e+07
1260.88	  1.21162e+07
1261.97	  1.20925e+07
1263.08	  1.2069e+07
1264.17	  1.20454e+07
1265.28	  1.2022e+07
1266.38	  1.19985e+07
1267.47	  1.19751e+07
1268.58	  1.19518e+07
1269.67	  1.19285e+07
1270.78	  1.19053e+07
1271.88	  1.18821e+07
1272.97	  1.1859e+07
1274.08	  1.1836e+07
1275.17	  1.18129e+07
1276.28	  1.179e+07
1277.38	  1.1767e+07
1278.47	  1.17442e+07
1279.58	  1.17213e+07
1280.67	  1.16986e+07
1281.78	  1.16758e+07
1282.88	  1.16532e+07
1283.97	  1.16305e+07
1285.08	  1.1608e+07
1286.17	  1.15855e+07
1287.28	  1.1563e+07
1288.38	  1.15405e+07
1289.47	  1.15182e+07
1290.58	  1.14958e+07
1291.67	  1.14736e+07
1292.78	  1.14513e+07
1293.88	  1.14291e+07
1294.97	  1.1407e+07
1296.08	  1.13849e+07
1297.17	  1.13629e+07
1298.28	  1.13409e+07
1299.38	  1.13189e+07
1300.47	  1.1297e+07
1301.58	  1.12752e+07
1302.67	  1.12534e+07
1303.78	  1.12316e+07
1304.88	  1.12099e+07
1305.97	  1.11883e+07
1307.08	  1.11667e+07
1308.17	  1.11451e+07
1309.28	  1.11236e+07
1310.38	  1.11021e+07
1311.47	  1.10807e+07
1312.58	  1.10593e+07
1313.67	  1.10379e+07
1314.78	  1.10167e+07
1315.88	  1.09954e+07
1316.97	  1.09742e+07
1318.08	  1.09531e+07
1319.17	  1.0932e+07
1320.28	  1.09109e+07
1321.38	  1.08899e+07
1322.47	  1.08689e+07
1323.58	  1.0848e+07
1324.67	  1.08271e+07
1325.78	  1.08063e+07
1326.88	  1.07855e+07
1327.97	  1.07647e+07
1329.08	  1.0744e+07
1330.17	  1.07234e+07
1331.28	  1.07028e+07
1332.38	  1.06822e+07
1333.47	  1.06617e+07
1334.58	  1.06412e+07
1335.67	  1.06208e+07
1336.78	  1.06004e+07
1337.88	  1.058e+07
1338.97	  1.05597e+07
1340.08	  1.05395e+07
1341.17	  1.05193e+07
1342.28	  1.04991e+07
1343.38	  1.04789e+07
1344.47	  1.04589e+07
1345.58	  1.04388e+07
1346.67	  1.04188e+07
1347.78	  1.03989e+07
1348.88	  1.03789e+07
1349.97	  1.03591e+07
1351.08	  1.03392e+07
1352.17	  1.03194e+07
1353.28	  1.02997e+07
1354.38	  1.028e+07
1355.47	  1.02603e+07
1356.58	  1.02407e+07
1357.67	  1.02211e+07
1358.78	  1.02016e+07
1359.88	  1.01821e+07
1360.97	  1.01627e+07
1362.08	  1.01432e+07
1363.17	  1.01239e+07
1364.28	  1.01045e+07
1365.38	  1.00853e+07
1366.47	  1.0066e+07
1367.58	  1.00468e+07
1368.67	  1.00276e+07
1369.78	  1.00085e+07
1370.88	  9.98943e+06
1371.97	  9.97039e+06
1373.08	  9.95139e+06
1374.17	  9.93243e+06
1375.28	  9.9135e+06
1376.38	  9.89462e+06
1377.47	  9.87578e+06
1378.58	  9.85698e+06
1379.67	  9.83822e+06
1380.78	  9.8195e+06
1381.88	  9.80081e+06
1382.97	  9.78217e+06
1384.08	  9.76357e+06
1385.17	  9.745e+06
1386.28	  9.72648e+06
1387.38	  9.70799e+06
1388.47	  9.68955e+06
1389.58	  9.67114e+06
1390.67	  9.65277e+06
1391.78	  9.63444e+06
1392.88	  9.61615e+06
1393.97	  9.5979e+06
1395.08	  9.57969e+06
1396.17	  9.56151e+06
1397.28	  9.54338e+06
1398.38	  9.52528e+06
1399.47	  9.50722e+06
1400.58	  9.48919e+06
1401.67	  9.47121e+06
1402.78	  9.45326e+06
1403.88	  9.43536e+06
1404.97	  9.41749e+06
1406.08	  9.39965e+06
1407.17	  9.38186e+06
1408.28	  9.3641e+06
1409.38	  9.34638e+06
1410.47	  9.3287e+06
1411.58	  9.31105e+06
1412.67	  9.29344e+06
1413.78	  9.27587e+06
1414.88	  9.25833e+06
1415.97	  9.24084e+06
1417.08	  9.22337e+06
1418.17	  9.20595e+06
1419.28	  9.18856e+06
1420.38	  9.17121e+06
1421.47	  9.15389e+06
1422.58	  9.13662e+06
1423.67	  9.11937e+06
1424.78	  9.10217e+06
1425.88	  9.085e+06
1426.97	  9.06786e+06
1428.08	  9.05076e+06
1429.17	  9.0337e+06
1430.28	  9.01667e+06
1431.38	  8.99968e+06
1432.47	  8.98273e+06
1433.58	  8.9658e+06
1434.67	  8.94892e+06
1435.78	  8.93207e+06
1436.88	  8.91526e+06
1437.97	  8.89848e+06
1439.08	  8.88173e+06
1440.17	  8.86502e+06
1441.28	  8.84835e+06
1442.38	  8.83171e+06
1443.47	  8.8151e+06
1444.58	  8.79853e+06
1445.67	  8.782e+06
1446.78	  8.7655e+06
1447.88	  8.74903e+06
1448.97	  8.7326e+06
1450.08	  8.7162e+06
1451.17	  8.69983e+06
1452.28	  8.6835e+06
1453.38	  8.66721e+06
1454.47	  8.65095e+06
1455.58	  8.63472e+06
1456.67	  8.61852e+06
1457.78	  8.60236e+06
1458.88	  7.20531e+06
1459.97	  7.19287e+06
1461.08	  7.18045e+06
1462.17	  7.16807e+06
1463.28	  7.15571e+06
1464.38	  7.14338e+06
1465.47	  7.13107e+06
1466.58	  7.11879e+06
1467.67	  7.10653e+06
1468.78	  7.09431e+06
1469.88	  7.0821e+06
1470.97	  7.06993e+06
1472.08	  7.05778e+06
1473.17	  7.04565e+06
1474.28	  7.03355e+06
1475.38	  7.02148e+06
1476.47	  7.00943e+06
1477.58	  6.99741e+06
1478.67	  6.98541e+06
1479.78	  6.97344e+06
1480.88	  6.96149e+06
1481.97	  6.94957e+06
1483.08	  6.93768e+06
1484.17	  6.92581e+06
1485.28	  6.91396e+06
1486.38	  6.90214e+06
1487.47	  6.89034e+06
1488.58	  6.87857e+06
1489.67	  6.86683e+06
1490.78	  6.8551e+06
1491.88	  6.84341e+06
1492.97	  6.83174e+06
1494.08	  6.82009e+06
1495.17	  6.80847e+06
1496.28	  6.79687e+06
1497.38	  6.78529e+06
1498.47	  6.77374e+06
1499.58	  6.76222e+06
1500.67	  6.75072e+06
1501.78	  6.73924e+06
1502.88	  6.72778e+06
1503.97	  6.71636e+06
1505.08	  6.70495e+06
1506.17	  6.69357e+06
1507.28	  6.68221e+06
1508.38	  6.67088e+06
1509.47	  6.65957e+06
1510.58	  6.64828e+06
1511.67	  6.63702e+06
1512.78	  6.62578e+06
1513.88	  6.61456e+06
1514.97	  6.60337e+06
1516.08	  6.5922e+06
1517.17	  6.58105e+06
1518.28	  6.56993e+06
1519.38	  6.55883e+06
1520.47	  6.54776e+06
1521.58	  6.5367e+06
1522.67	  6.52567e+06
1523.78	  6.51467e+06
1524.88	  6.50368e+06
1525.97	  6.49272e+06
1527.08	  6.48178e+06
1528.17	  6.47087e+06
1529.28	  6.45997e+06
1530.38	  6.4491e+06
1531.47	  6.43825e+06
1532.58	  6.42743e+06
1533.67	  6.41663e+06
1534.78	  6.40584e+06
1535.88	  6.39509e+06
1536.97	  6.38435e+06
1538.08	  6.37364e+06
1539.17	  6.36295e+06
1540.28	  6.35228e+06
1541.38	  6.34163e+06
1542.47	  6.331e+06
1543.58	  6.3204e+06
1544.67	  6.30982e+06
1545.78	  6.29926e+06
1546.88	  6.28872e+06
1547.97	  6.27821e+06
1549.08	  6.26772e+06
1550.17	  6.25724e+06
1551.28	  6.24679e+06
1552.38	  6.23636e+06
1553.47	  6.22596e+06
1554.58	  6.21557e+06
1555.67	  6.20521e+06
1556.78	  6.19487e+06
1557.88	  6.18454e+06
1558.97	  6.17424e+06
1560.08	  6.16397e+06
1561.17	  6.15371e+06
1562.28	  6.14347e+06
1563.38	  6.13326e+06
1564.47	  6.12306e+06
1565.58	  6.11289e+06
1566.67	  6.10274e+06
1567.78	  6.09261e+06
1568.88	  6.0825e+06
1569.97	  6.07241e+06
1571.08	  6.06234e+06
1572.17	  6.0523e+06
1573.28	  6.04227e+06
1574.38	  6.03226e+06
1575.47	  6.02228e+06
1576.58	  6.01232e+06
1577.67	  6.00237e+06
1578.78	  5.99245e+06
1579.88	  5.98255e+06
1580.97	  5.97266e+06
1582.08	  5.9628e+06
1583.17	  5.95296e+06
1584.28	  5.94314e+06
1585.38	  5.93334e+06
1586.47	  5.92356e+06
1587.58	  5.9138e+06
1588.67	  5.90406e+06
1589.78	  5.89435e+06
1590.88	  5.88465e+06
1591.97	  5.87497e+06
1593.08	  5.86531e+06
1594.17	  5.85567e+06
1595.28	  5.84606e+06
1596.38	  5.83646e+06
1597.47	  5.82688e+06
1598.58	  5.81732e+06
1599.67	  5.80779e+06
1600.78	  5.79827e+06
1601.88	  5.78877e+06
1602.97	  5.77929e+06
1604.08	  5.76984e+06
1605.17	  5.7604e+06
1606.28	  5.75098e+06
1607.38	  5.74158e+06
1608.47	  5.73221e+06
1609.58	  5.72285e+06
1610.67	  5.71351e+06
1611.78	  5.70419e+06
1612.88	  5.69489e+06
1613.97	  5.68562e+06
1615.08	  5.67636e+06
1616.17	  5.66712e+06
1617.28	  5.6579e+06
1618.38	  5.6487e+06
1619.47	  5.63953e+06
1620.58	  5.63037e+06
1621.67	  5.62123e+06
1622.78	  5.61211e+06
1623.88	  5.60302e+06
1624.97	  5.59394e+06
1626.08	  5.58489e+06
1627.17	  5.57585e+06
1628.28	  5.56683e+06
1629.38	  5.55784e+06
1630.47	  5.54887e+06
1631.58	  5.53992e+06
1632.67	  5.53099e+06
1633.78	  5.52208e+06
1634.88	  5.51319e+06
1635.97	  5.50433e+06
1637.08	  5.49549e+06
1638.17	  5.48667e+06
1639.28	  5.47788e+06
1640.38	  5.46911e+06
1641.47	  5.46038e+06
1642.58	  5.45169e+06
1643.67	  5.44303e+06
1644.78	  5.43437e+06
1645.88	  5.42573e+06
1646.97	  5.4171e+06
1648.08	  5.40849e+06
1649.17	  5.39988e+06
1650.28	  5.3913e+06
1651.38	  5.38272e+06
1652.47	  5.37416e+06
1653.58	  5.36561e+06
1654.67	  5.35707e+06
1655.78	  5.34855e+06
1656.88	  5.34004e+06
1657.97	  5.33154e+06
1659.08	  5.32306e+06
1660.17	  5.31459e+06
1661.28	  5.30613e+06
1662.38	  5.29768e+06
1663.47	  5.28925e+06
1664.58	  5.28083e+06
1665.67	  5.27243e+06
1666.78	  5.26403e+06
1667.88	  5.25565e+06
1668.97	  5.24729e+06
1670.08	  5.23893e+06
1671.17	  5.23059e+06
1672.28	  5.22226e+06
1673.38	  5.21394e+06
1674.47	  5.20564e+06
1675.58	  5.19735e+06
1676.67	  5.18907e+06
1677.78	  5.18081e+06
1678.88	  5.17255e+06
1679.97	  5.16432e+06
1681.08	  5.15609e+06
1682.17	  5.14787e+06
1683.28	  5.13967e+06
1684.38	  5.13148e+06
1685.47	  5.12331e+06
1686.58	  5.11514e+06
1687.67	  5.10699e+06
1688.78	  5.09886e+06
1689.88	  5.09073e+06
1690.97	  5.08262e+06
1692.08	  5.07452e+06
1693.17	  5.06643e+06
1694.28	  5.05835e+06
1695.38	  5.05029e+06
1696.47	  5.04224e+06
1697.58	  5.0342e+06
1698.67	  5.02618e+06
1699.78	  5.01816e+06
1700.88	  5.01016e+06
1701.97	  5.00217e+06
1703.08	  4.9942e+06
1704.17	  4.98624e+06
1705.28	  4.97828e+06
1706.38	  4.97035e+06
1707.47	  4.96242e+06
1708.58	  4.95451e+06
1709.67	  4.9466e+06
1710.78	  4.93872e+06
1711.88	  4.93084e+06
1712.97	  4.92297e+06
1714.08	  4.91512e+06
1715.17	  4.90728e+06
1716.28	  4.89945e+06
1717.38	  4.89164e+06
1718.47	  4.88383e+06
1719.58	  4.87604e+06
1720.67	  4.86826e+06
1721.78	  4.8605e+06
1722.88	  4.85274e+06
1723.97	  4.845e+06
1725.08	  4.83727e+06
1726.17	  4.82955e+06
1727.28	  4.82184e+06
1728.38	  4.81415e+06
1729.47	  4.80646e+06
1730.58	  4.79879e+06
1731.67	  4.79114e+06
1732.78	  4.78349e+06
1733.88	  4.77586e+06
1734.97	  4.76823e+06
1736.08	  4.76062e+06
1737.17	  4.75302e+06
1738.28	  4.74544e+06
1739.38	  4.73786e+06
1740.47	  4.7303e+06
1741.58	  4.72275e+06
1742.67	  4.71521e+06
1743.78	  4.70768e+06
1744.88	  4.70017e+06
1745.97	  4.69266e+06
1747.08	  4.68517e+06
1748.17	  4.67769e+06
1749.28	  4.67022e+06
1750.38	  4.66277e+06
1751.47	  4.65532e+06
1752.58	  4.64789e+06
1753.67	  4.64047e+06
1754.78	  4.63306e+06
1755.88	  4.62566e+06
1756.97	  4.61827e+06
1758.08	  4.6109e+06
1759.17	  4.60353e+06
1760.28	  4.59618e+06
1761.38	  4.58884e+06
1762.47	  4.58151e+06
1763.58	  4.5742e+06
1764.67	  4.56689e+06
1765.78	  4.5596e+06
1766.88	  4.55232e+06
1767.97	  4.54505e+06
1769.08	  4.53779e+06
1770.17	  4.53054e+06
1771.28	  4.5233e+06
1772.38	  4.51608e+06
1773.47	  4.50887e+06
1774.58	  4.50166e+06
1775.67	  4.49447e+06
1776.78	  4.48729e+06
1777.88	  4.48013e+06
1778.97	  4.47297e+06
1780.08	  4.46582e+06
1781.17	  4.45869e+06
1782.28	  4.45157e+06
1783.38	  4.44446e+06
1784.47	  4.43736e+06
1785.58	  4.43027e+06
1786.67	  4.42319e+06
1787.78	  4.41613e+06
1788.88	  4.40907e+06
1789.97	  4.40203e+06
1791.08	  4.395e+06
1792.17	  4.38797e+06
1793.28	  4.38096e+06
1794.38	  4.37397e+06
1795.47	  4.36698e+06
1796.58	  4.36e+06
1797.67	  4.35304e+06
1798.78	  4.34608e+06
1799.88	  4.33914e+06
1800.97	  4.33221e+06
1802.08	  4.32528e+06
1803.17	  4.31837e+06
1804.28	  4.31148e+06
1805.38	  4.30459e+06
1806.47	  4.29771e+06
1807.58	  4.29084e+06
1808.67	  4.28399e+06
1809.78	  4.27714e+06
1810.88	  4.27031e+06
1811.97	  4.26349e+06
1813.08	  4.25668e+06
1814.17	  4.24988e+06
1815.28	  4.24309e+06
1816.38	  4.23631e+06
1817.47	  4.22954e+06
1818.58	  4.22278e+06
1819.67	  4.21604e+06
1820.78	  4.2093e+06
1821.88	  4.20257e+06
1822.97	  4.19586e+06
1824.08	  4.18916e+06
1825.17	  4.18246e+06
1826.28	  4.17578e+06
1827.38	  4.16911e+06
1828.47	  4.16245e+06
1829.58	  4.1558e+06
1830.67	  4.14916e+06
1831.78	  4.14253e+06
1832.88	  4.13592e+06
1833.97	  4.12931e+06
1835.08	  4.12271e+06
1836.17	  4.11613e+06
1837.28	  4.10955e+06
1838.38	  4.10299e+06
1839.47	  4.09643e+06
1840.58	  4.08989e+06
1841.67	  4.08335e+06
1842.78	  4.07683e+06
1843.88	  4.07032e+06
1844.97	  4.06382e+06
1846.08	  4.05733e+06
1847.17	  4.05084e+06
1848.28	  4.04437e+06
1849.38	  4.03791e+06
1850.47	  4.03146e+06
1851.58	  4.02502e+06
1852.67	  4.0186e+06
1853.78	  4.01218e+06
1854.88	  4.00577e+06
1855.97	  3.99937e+06
1857.08	  3.99298e+06
1858.17	  3.98661e+06
1859.28	  3.98024e+06
1860.38	  3.97388e+06
1861.47	  3.96754e+06
1862.58	  3.9612e+06
1863.67	  3.95487e+06
1864.78	  3.94856e+06
1865.88	  3.94225e+06
1866.97	  3.93596e+06
1868.08	  3.92967e+06
1869.17	  3.9234e+06
1870.28	  3.91713e+06
1871.38	  3.91088e+06
1872.47	  3.90463e+06
1873.58	  3.8984e+06
1874.67	  3.89217e+06
1875.78	  3.88596e+06
1876.88	  3.87975e+06
1877.97	  3.87356e+06
1879.08	  3.86737e+06
1880.17	  3.8612e+06
1881.28	  3.85504e+06
1882.38	  3.84888e+06
1883.47	  3.84274e+06
1884.58	  3.8366e+06
1885.67	  3.83048e+06
1886.78	  3.82436e+06
1887.88	  3.81826e+06
1888.97	  3.81216e+06
1890.08	  3.80608e+06
1891.17	  3.80001e+06
1892.28	  3.79394e+06
1893.38	  3.78788e+06
1894.47	  3.78184e+06
1895.58	  3.7758e+06
1896.67	  3.76978e+06
1897.78	  3.76376e+06
1898.88	  3.75776e+06
1899.97	  3.75176e+06
1901.08	  3.74577e+06
1902.17	  3.7398e+06
1903.28	  3.73383e+06
1904.38	  3.72787e+06
1905.47	  3.72192e+06
1906.58	  3.71599e+06
1907.67	  3.71006e+06
1908.78	  3.70414e+06
1909.88	  3.69823e+06
1910.97	  3.69233e+06
1912.08	  3.68644e+06
1913.17	  3.68056e+06
1914.28	  3.67469e+06
1915.38	  3.66883e+06
1916.47	  3.66298e+06
1917.58	  3.65713e+06
1918.67	  3.6513e+06
1919.78	  3.64548e+06
1920.88	  3.63966e+06
1921.97	  3.63386e+06
1923.08	  3.62806e+06
1924.17	  3.62228e+06
1925.28	  3.6165e+06
1926.38	  3.61074e+06
1927.47	  3.60498e+06
1928.58	  3.59923e+06
1929.67	  3.5935e+06
1930.78	  3.58777e+06
1931.88	  3.58205e+06
1932.97	  3.57634e+06
1934.08	  3.57064e+06
1935.17	  3.56495e+06
1936.28	  3.55926e+06
1937.38	  3.55359e+06
1938.47	  3.54793e+06
1939.58	  3.54227e+06
1940.67	  3.53663e+06
1941.78	  3.53099e+06
1942.88	  3.52537e+06
1943.97	  3.51975e+06
1945.08	  3.51414e+06
1946.17	  3.50854e+06
1947.28	  3.50295e+06
1948.38	  3.49737e+06
1949.47	  3.4918e+06
1950.58	  3.48624e+06
1951.67	  3.48068e+06
1952.78	  3.47514e+06
1953.88	  3.46961e+06
1954.97	  3.46408e+06
1956.08	  3.45856e+06
1957.17	  3.45306e+06
1958.28	  3.44756e+06
1959.38	  3.44207e+06
1960.47	  3.43659e+06
1961.58	  3.43111e+06
1962.67	  3.42565e+06
1963.78	  3.4202e+06
1964.88	  3.41475e+06
1965.97	  3.40932e+06
1967.08	  3.40389e+06
1968.17	  3.39847e+06
1969.28	  3.39306e+06
1970.38	  3.38766e+06
1971.47	  3.38227e+06
1972.58	  3.37689e+06
1973.67	  3.37152e+06
1974.78	  3.36615e+06
1975.88	  3.3608e+06
1976.97	  3.35545e+06
1978.08	  3.35011e+06
1979.17	  3.34478e+06
1980.28	  3.33946e+06
1981.38	  3.33415e+06
1982.47	  3.32885e+06
1983.58	  3.32355e+06
1984.67	  3.31826e+06
1985.78	  3.31299e+06
1986.88	  3.30772e+06
1987.97	  3.30246e+06
1989.08	  3.29721e+06
1990.17	  3.29197e+06
1991.28	  3.28673e+06
1992.38	  3.28151e+06
1993.47	  3.27629e+06
1994.58	  3.27108e+06
1995.67	  3.26588e+06
1996.78	  3.26069e+06
1997.88	  3.25551e+06
1998.97	  3.25034e+06
2000.08	  3.24517e+06
2001.17	  3.24002e+06
2002.28	  3.23487e+06
2003.38	  3.22973e+06
2004.47	  3.2246e+06
2005.58	  3.21948e+06
2006.67	  3.21436e+06
2007.78	  3.20926e+06
2008.88	  3.20416e+06
2009.97	  3.19907e+06
2011.08	  3.19399e+06
2012.17	  3.18892e+06
2013.28	  3.18386e+06
2014.38	  3.1788e+06
2015.47	  3.17375e+06
2016.58	  3.16872e+06
2017.67	  3.16369e+06
2018.78	  3.15866e+06
2019.88	  3.15365e+06
2020.97	  3.14864e+06
2022.08	  3.14365e+06
2023.18	  3.13866e+06
2024.28	  3.13368e+06
2025.38	  3.12871e+06
2026.47	  3.12374e+06
2027.58	  3.11879e+06
2028.68	  3.11384e+06
2029.78	  3.1089e+06
2030.88	  3.10397e+06
2031.97	  3.09905e+06
2033.08	  3.09413e+06
2034.18	  3.08923e+06
2035.28	  3.08433e+06
2036.38	  3.07944e+06
2037.47	  3.07456e+06
2038.58	  3.06968e+06
2039.68	  3.06482e+06
2040.78	  3.05996e+06
2041.88	  3.05511e+06
2042.97	  3.05027e+06
2044.08	  3.04543e+06
2045.18	  3.04061e+06
2046.28	  3.03579e+06
2047.38	  3.03098e+06
2048.47	  3.02618e+06
2049.57	  3.02138e+06
2050.68	  3.0166e+06
2051.78	  3.01182e+06
2052.88	  3.00705e+06
2053.97	  3.00229e+06
2055.07	  2.99754e+06
2056.18	  2.99279e+06
2057.28	  2.98805e+06
2058.38	  2.98332e+06
2059.47	  2.9786e+06
2060.57	  2.97388e+06
2061.68	  2.96918e+06
2062.78	  2.96448e+06
2063.88	  2.95979e+06
2064.97	  2.9551e+06
2066.07	  2.95043e+06
2067.18	  2.94576e+06
2068.28	  2.9411e+06
2069.38	  2.93645e+06
2070.47	  2.9318e+06
2071.57	  2.92717e+06
2072.68	  2.92254e+06
2073.78	  2.91792e+06
2074.88	  2.9133e+06
2075.97	  2.9087e+06
2077.07	  2.9041e+06
2078.18	  2.89951e+06
2079.28	  2.89493e+06
2080.38	  2.89035e+06
2081.47	  2.88578e+06
2082.57	  2.88122e+06
2083.68	  2.87667e+06
2084.78	  2.87213e+06
2085.88	  2.86759e+06
2086.97	  2.86306e+06
2088.07	  2.85854e+06
2089.18	  2.85402e+06
2090.28	  2.84952e+06
2091.38	  2.84502e+06
2092.47	  2.84052e+06
2093.57	  2.83604e+06
2094.68	  2.83156e+06
2095.78	  2.82709e+06
2096.88	  2.82263e+06
2097.97	  2.81818e+06
2099.07	  2.81373e+06
2100.18	  2.80929e+06
2101.28	  2.80486e+06
2102.38	  2.80043e+06
2103.47	  2.79602e+06
2104.57	  2.79161e+06
2105.68	  2.7872e+06
2106.78	  2.78281e+06
2107.88	  2.77842e+06
2108.97	  2.77404e+06
2110.07	  2.76966e+06
2111.18	  2.7653e+06
2112.28	  2.76094e+06
2113.38	  2.75659e+06
2114.47	  2.75224e+06
2115.57	  2.74791e+06
2116.68	  2.74358e+06
2117.78	  2.73926e+06
2118.88	  2.73494e+06
2119.97	  2.73063e+06
2121.07	  2.72633e+06
2122.18	  2.72204e+06
2123.28	  2.71775e+06
2124.38	  2.71347e+06
2125.47	  2.7092e+06
2126.57	  2.70494e+06
2127.68	  2.70068e+06
2128.78	  2.69643e+06
2129.88	  2.69218e+06
2130.97	  2.68795e+06
2132.07	  2.68372e+06
2133.18	  2.6795e+06
2134.28	  2.67528e+06
2135.38	  2.67107e+06
2136.47	  2.66687e+06
2137.57	  2.66268e+06
2138.68	  2.65849e+06
2139.78	  2.65431e+06
2140.88	  2.65014e+06
2141.97	  2.64597e+06
2143.07	  2.64181e+06
2144.18	  2.63766e+06
2145.28	  2.63352e+06
2146.38	  2.62938e+06
2147.47	  2.62525e+06
2148.57	  2.62112e+06
2149.68	  2.617e+06
2150.78	  2.61289e+06
2151.88	  2.60879e+06
2152.97	  2.60469e+06
2154.07	  2.6006e+06
2155.18	  2.59652e+06
2156.28	  2.59245e+06
2157.38	  2.58838e+06
2158.47	  2.58431e+06
2159.57	  2.58026e+06
2160.68	  2.57621e+06
2161.78	  2.57217e+06
2162.88	  2.56813e+06
2163.97	  2.56411e+06
2165.07	  2.56008e+06
2166.18	  2.55607e+06
2167.28	  2.55206e+06
2168.38	  2.54806e+06
2169.47	  2.54407e+06
2170.57	  2.54008e+06
2171.68	  2.5361e+06
2172.78	  2.53212e+06
2173.88	  2.52815e+06
2174.97	  2.52419e+06
2176.07	  2.52024e+06
2177.18	  2.51629e+06
2178.28	  2.51235e+06
2179.38	  2.50841e+06
2180.47	  2.50449e+06
2181.57	  2.50057e+06
2182.68	  2.49665e+06
2183.78	  2.49274e+06
2184.88	  2.48884e+06
2185.97	  2.48495e+06
2187.07	  2.48106e+06
2188.18	  2.47718e+06
2189.28	  2.4733e+06
2190.38	  2.46943e+06
2191.47	  2.46557e+06
2192.57	  2.46171e+06
2193.68	  2.45786e+06
2194.78	  2.45402e+06
2195.88	  2.45018e+06
2196.97	  2.44635e+06
2198.07	  2.44253e+06
2199.18	  2.43871e+06
2200.28	  2.4349e+06
2201.38	  2.4311e+06
2202.47	  2.4273e+06
2203.57	  2.42351e+06
2204.68	  2.41972e+06
2205.78	  2.41595e+06
2206.88	  2.41217e+06
2207.97	  2.40841e+06
2209.07	  2.40465e+06
2210.18	  2.40089e+06
2211.28	  2.39715e+06
2212.38	  2.39341e+06
2213.47	  2.38967e+06
2214.57	  2.38594e+06
2215.68	  2.38222e+06
2216.78	  2.37851e+06
2217.88	  2.3748e+06
2218.97	  2.3711e+06
2220.07	  2.3674e+06
2221.18	  2.36371e+06
2222.28	  2.36002e+06
2223.38	  2.35635e+06
2224.47	  2.35267e+06
2225.57	  2.34901e+06
2226.68	  2.34535e+06
2227.78	  2.3417e+06
2228.88	  2.33805e+06
2229.97	  2.33441e+06
2231.07	  2.33077e+06
2232.18	  2.32714e+06
2233.28	  2.32352e+06
2234.38	  2.3199e+06
2235.47	  2.31629e+06
2236.57	  2.31269e+06
2237.68	  2.30909e+06
2238.78	  2.3055e+06
2239.88	  2.30191e+06
2240.97	  2.29833e+06
2242.07	  2.29476e+06
2243.18	  2.29119e+06
2244.28	  2.28763e+06
2245.38	  2.28407e+06
2246.47	  2.28052e+06
2247.57	  2.27698e+06
2248.68	  2.27344e+06
2249.78	  2.26991e+06
2250.88	  2.26638e+06
2251.97	  2.26286e+06
2253.07	  2.25935e+06
2254.18	  2.25584e+06
2255.28	  2.25234e+06
2256.38	  2.24884e+06
2257.47	  2.24535e+06
2258.57	  2.24187e+06
2259.68	  2.23839e+06
2260.78	  2.23492e+06
2261.88	  2.23145e+06
2262.97	  2.22799e+06
2264.07	  2.22453e+06
2265.18	  2.22108e+06
2266.28	  2.21764e+06
2267.38	  2.2142e+06
2268.47	  2.21077e+06
2269.57	  2.20734e+06
2270.68	  2.20392e+06
2271.78	  2.20051e+06
2272.88	  2.1971e+06
2273.97	  2.1937e+06
2275.07	  2.1903e+06
2276.18	  2.18691e+06
2277.28	  2.18352e+06
2278.38	  2.18014e+06
2279.47	  2.17677e+06
2280.57	  2.08959e+06
2281.68	  2.08651e+06
2282.78	  2.08343e+06
2283.88	  2.08035e+06
2284.97	  2.07728e+06
2286.07	  2.07421e+06
2287.18	  2.07115e+06
2288.28	  2.06809e+06
2289.38	  2.06504e+06
2290.47	  2.062e+06
2291.57	  2.05895e+06
2292.68	  2.05592e+06
2293.78	  2.05288e+06
2294.88	  2.04985e+06
2295.97	  2.04683e+06
2297.07	  2.04381e+06
2298.18	  2.0408e+06
2299.28	  2.03779e+06
2300.38	  2.03479e+06
2301.47	  2.03179e+06
2302.57	  2.02879e+06
2303.68	  2.0258e+06
2304.78	  2.02282e+06
2305.88	  2.01984e+06
2306.97	  2.01686e+06
2308.07	  2.01389e+06
2309.18	  2.01092e+06
2310.28	  2.00796e+06
2311.38	  2.00501e+06
2312.47	  2.00205e+06
2313.57	  1.99911e+06
2314.68	  1.99616e+06
2315.78	  1.99323e+06
2316.88	  1.99029e+06
2317.97	  1.98736e+06
2319.07	  1.98444e+06
2320.18	  1.98152e+06
2321.28	  1.9786e+06
2322.38	  1.97569e+06
2323.47	  1.97279e+06
2324.57	  1.96989e+06
2325.68	  1.96699e+06
2326.78	  1.9641e+06
2327.88	  1.96121e+06
2328.97	  1.95833e+06
2330.07	  1.95545e+06
2331.18	  1.95258e+06
2332.28	  1.94971e+06
2333.38	  1.94684e+06
2334.47	  1.94398e+06
2335.57	  1.94113e+06
2336.68	  1.93827e+06
2337.78	  1.93543e+06
2338.88	  1.93259e+06
2339.97	  1.92975e+06
2341.07	  1.92692e+06
2342.18	  1.92409e+06
2343.28	  1.92126e+06
2344.38	  1.91844e+06
2345.47	  1.91563e+06
2346.57	  1.91282e+06
2347.68	  1.91001e+06
2348.78	  1.90721e+06
2349.88	  1.90441e+06
2350.97	  1.90162e+06
2352.07	  1.89883e+06
2353.18	  1.89605e+06
2354.28	  1.89327e+06
2355.38	  1.89049e+06
2356.47	  1.88772e+06
2357.57	  1.88495e+06
2358.68	  1.88219e+06
2359.78	  1.87943e+06
2360.88	  1.87668e+06
2361.97	  1.87393e+06
2363.07	  1.87119e+06
2364.18	  1.86845e+06
2365.28	  1.86571e+06
2366.38	  1.86298e+06
2367.47	  1.86025e+06
2368.57	  1.85753e+06
2369.68	  1.85481e+06
2370.78	  1.8521e+06
2371.88	  1.84939e+06
2372.97	  1.84668e+06
2374.07	  1.84398e+06
2375.18	  1.84128e+06
2376.28	  1.83859e+06
2377.38	  1.8359e+06
2378.47	  1.83321e+06
2379.57	  1.83053e+06
2380.68	  1.82786e+06
2381.78	  1.82519e+06
2382.88	  1.82252e+06
2383.97	  1.81986e+06
2385.07	  1.8172e+06
2386.18	  1.81454e+06
2387.28	  1.81189e+06
2388.38	  1.80925e+06
2389.47	  1.8066e+06
2390.57	  1.80397e+06
2391.68	  1.80133e+06
2392.78	  1.7987e+06
2393.88	  1.79608e+06
2394.97	  1.79346e+06
2396.07	  1.79084e+06
2397.18	  1.78823e+06
2398.28	  1.78562e+06
2399.38	  1.78301e+06
2400.47	  1.78041e+06
2401.57	  1.77782e+06
2402.68	  1.77522e+06
2403.78	  1.77264e+06
2404.88	  1.77005e+06
2405.97	  1.76747e+06
2407.07	  1.7649e+06
2408.18	  1.76232e+06
2409.28	  1.75976e+06
2410.38	  1.75719e+06
2411.47	  1.75463e+06
2412.57	  1.75208e+06
2413.68	  1.74953e+06
2414.78	  1.74698e+06
2415.88	  1.74444e+06
2416.97	  1.7419e+06
2418.07	  1.73936e+06
2419.18	  1.73683e+06
2420.28	  1.7343e+06
2421.38	  1.73178e+06
2422.47	  1.72926e+06
2423.57	  1.72675e+06
2424.68	  1.72423e+06
2425.78	  1.72173e+06
2426.88	  1.71922e+06
2427.97	  1.71672e+06
2429.07	  1.71423e+06
2430.18	  1.71174e+06
2431.28	  1.70925e+06
2432.38	  1.70677e+06
2433.47	  1.70429e+06
2434.57	  1.70181e+06
2435.68	  1.69934e+06
2436.78	  1.69687e+06
2437.88	  1.69441e+06
2438.97	  1.69195e+06
2440.07	  1.68949e+06
2441.18	  1.68704e+06
2442.28	  1.68459e+06
2443.38	  1.68215e+06
2444.47	  1.67971e+06
2445.57	  1.67727e+06
2446.68	  1.67484e+06
2447.78	  1.67241e+06
2448.88	  1.66999e+06
2449.97	  1.66757e+06
2451.07	  1.66515e+06
2452.18	  1.66273e+06
2453.28	  1.66033e+06
2454.38	  1.65792e+06
2455.47	  1.65552e+06
2456.57	  1.65312e+06
2457.68	  1.65073e+06
2458.78	  1.64833e+06
2459.88	  1.64595e+06
2460.97	  1.64357e+06
2462.07	  1.64119e+06
2463.18	  1.63881e+06
2464.28	  1.63644e+06
2465.38	  1.63407e+06
2466.47	  1.63171e+06
2467.57	  1.62935e+06
2468.68	  1.62699e+06
2469.78	  1.62464e+06
2470.88	  1.62229e+06
2471.97	  1.61994e+06
2473.07	  1.6176e+06
2474.18	  1.61526e+06
2475.28	  1.61293e+06
2476.38	  1.6106e+06
2477.47	  1.60827e+06
