Emission arising from a slab of Hydrogen (both H and H-).
   
Parameters of the slab:
n_e = 1e+11 cm-3
T_e = 5000 K
tau(lambda=300 nm) = 0.05
L = 5.00536e+10 cm
   
Wavelength (nm), Emission (erg s-1 cm-2 nm-1 sr-1)
50	  3.92261e-11
91.2	  0.000610248
120	  0.667301
150	  283.7
175	  2568.77
200	  12995.3
225	  43568.1
250	  110881
270	  202391
290	  334514
300	  417042
305	  462518
310	  510806
315	  561891
320	  615749
322.5	  643706
325	  672342
327	  695736
329	  719556
329.999	  731612
330.266	  734853
330.533	  738100
330.8	  741356
331.067	  744618
331.334	  747888
331.601	  751166
331.868	  754451
332.135	  757743
332.402	  761043
332.669	  764351
332.936	  767665
333.203	  770988
333.47	  774317
333.737	  777654
334.004	  780998
334.271	  784350
334.538	  787709
334.805	  791075
335.072	  794449
335.339	  797829
335.606	  801218
335.873	  804613
336.14	  808016
336.407	  811426
336.674	  814843
336.941	  818268
337.208	  821700
337.475	  825139
337.742	  828585
338.009	  832038
338.276	  835499
338.543	  838967
338.81	  842442
339.077	  845924
339.344	  849413
339.611	  852909
339.878	  856413
340.145	  859923
340.412	  863441
340.679	  866966
340.946	  870497
341.213	  874036
341.48	  877582
341.747	  881135
342.014	  884695
342.281	  888262
342.548	  891836
342.815	  895417
343.082	  899005
343.349	  902600
343.616	  906202
343.883	  909810
344.15	  913426
344.417	  917048
344.684	  920678
344.951	  924314
345.218	  927957
345.485	  931607
345.752	  935264
346.019	  938927
346.286	  942598
346.553	  946275
346.82	  949960
347.087	  953650
347.354	  957348
347.621	  961052
347.888	  964763
348.155	  968481
348.422	  972205
348.689	  975936
348.956	  979674
349.223	  983418
349.49	  987170
349.757	  990927
350.024	  994692
350.291	  998462
350.558	  1.00224e+06
350.825	  1.00602e+06
351.092	  1.00981e+06
351.359	  1.01361e+06
351.626	  1.01742e+06
351.893	  1.02123e+06
352.16	  1.02504e+06
352.427	  1.02887e+06
352.694	  1.0327e+06
352.961	  1.03653e+06
353.228	  1.04037e+06
353.495	  1.04422e+06
353.762	  1.04808e+06
354.029	  1.05194e+06
354.296	  1.05581e+06
354.563	  1.05968e+06
354.83	  1.06356e+06
355.097	  1.06745e+06
355.364	  1.07134e+06
355.631	  1.07524e+06
355.898	  1.07915e+06
356.165	  1.08306e+06
356.432	  1.08698e+06
356.699	  1.09091e+06
356.966	  1.09484e+06
357.233	  1.09877e+06
357.5	  1.10272e+06
357.767	  1.10667e+06
358.034	  1.11062e+06
358.301	  1.11458e+06
358.568	  1.11855e+06
358.835	  1.12253e+06
359.102	  1.12651e+06
359.369	  1.13049e+06
359.636	  1.13448e+06
359.903	  1.13848e+06
360.17	  1.14249e+06
360.437	  1.1465e+06
360.704	  1.15051e+06
360.971	  1.15454e+06
361.238	  1.15856e+06
361.505	  1.1626e+06
361.772	  1.16664e+06
362.039	  1.17069e+06
362.306	  1.17474e+06
362.573	  1.1788e+06
363	  1.1853e+06
363.027	  1.18571e+06
363.054	  1.18611e+06
363.08	  1.18652e+06
363.107	  1.18693e+06
363.134	  1.18734e+06
363.16	  1.18774e+06
363.187	  1.18815e+06
363.214	  1.18856e+06
363.24	  1.18897e+06
363.267	  1.18937e+06
363.294	  1.18978e+06
363.321	  1.19019e+06
363.347	  1.1906e+06
363.374	  1.191e+06
363.401	  1.19141e+06
363.427	  1.19182e+06
363.454	  1.19223e+06
363.481	  1.19264e+06
363.508	  1.19304e+06
363.534	  1.19345e+06
363.561	  1.19386e+06
363.588	  1.19427e+06
363.614	  1.19468e+06
363.641	  1.19509e+06
363.668	  1.19549e+06
363.694	  1.1959e+06
363.721	  1.19631e+06
363.748	  1.19672e+06
363.774	  1.19713e+06
363.801	  1.19754e+06
363.828	  1.19795e+06
363.855	  1.19835e+06
363.881	  1.19876e+06
363.908	  1.19917e+06
363.935	  1.19958e+06
363.961	  1.19999e+06
363.988	  1.2004e+06
364.015	  1.20081e+06
364.041	  1.20122e+06
364.068	  1.20163e+06
364.095	  1.20204e+06
364.122	  1.20245e+06
364.148	  1.20286e+06
364.175	  1.20327e+06
364.202	  1.20368e+06
364.228	  1.20408e+06
364.255	  1.20449e+06
364.282	  1.2049e+06
364.308	  1.20531e+06
364.335	  1.20572e+06
364.362	  1.20613e+06
364.389	  1.20654e+06
364.415	  1.20695e+06
364.442	  1.20736e+06
364.469	  1.20777e+06
364.495	  1.20818e+06
364.522	  1.20862e+06
364.549	  1.20903e+06
364.575	  1.20944e+06
364.602	  1.20985e+06
364.629	  1.21026e+06
364.656	  1.21067e+06
364.682	  1.21108e+06
364.709	  1.21149e+06
364.736	  697684
364.762	  697890
364.789	  698096
364.816	  698302
364.842	  698508
364.869	  698714
364.896	  698921
364.923	  699127
364.949	  699333
364.976	  699539
365.003	  699745
365.029	  699951
365.056	  700158
365.083	  700364
365.11	  700570
365.136	  700776
365.163	  700983
365.19	  701189
365.216	  701395
365.243	  701602
365.27	  701808
365.296	  702014
365.323	  702221
365.35	  702427
365.377	  702634
365.403	  702840
365.43	  703046
365.457	  703253
365.483	  703459
365.51	  703666
365.537	  703872
365.563	  704079
365.59	  704285
365.617	  704492
365.643	  704698
365.67	  704905
365.697	  705111
365.724	  705318
365.75	  705525
365.777	  705731
365.804	  705938
365.83	  706144
365.857	  706351
365.884	  706558
365.91	  706764
365.937	  706971
365.964	  707178
365.991	  707385
365.991	  707385
366.258	  709453
366.525	  711522
366.792	  713593
367.059	  715665
367.326	  717738
367.593	  719813
367.86	  721889
368.127	  723966
368.394	  726045
368.661	  728125
368.928	  730206
369.195	  732289
369.462	  734373
369.729	  736457
369.996	  738544
370.263	  740631
370.53	  742720
370.797	  744810
371.064	  746901
371.331	  748993
371.598	  751086
371.865	  753180
372.132	  755276
372.399	  757373
372.666	  759470
372.933	  761569
373.2	  763669
373.467	  765770
373.734	  767872
374.001	  769975
374.268	  772079
374.535	  774185
374.802	  776290
375.069	  778398
375.336	  780506
375.603	  782615
375.87	  784725
376.137	  786836
376.404	  788947
376.671	  791060
376.938	  793174
377.205	  795288
377.472	  797404
377.739	  799520
378.006	  801637
378.273	  803755
378.54	  805874
378.807	  807994
379.074	  810114
379.341	  812235
379.608	  814357
379.875	  816480
380.142	  818604
380.409	  820728
380.676	  822853
380.943	  824979
381.21	  827105
381.477	  829232
381.744	  831360
382.011	  833489
382.278	  835618
382.545	  837748
382.812	  839878
383.079	  842009
383.346	  844141
383.613	  846273
383.88	  848406
384.147	  850540
384.414	  852674
384.681	  854808
384.948	  856943
385.215	  859079
385.482	  861215
385.749	  863352
386.016	  865489
386.283	  867626
386.55	  869764
386.817	  871903
387.084	  874042
387.351	  876181
387.618	  878321
387.885	  880461
388.152	  882602
388.419	  884743
388.686	  886885
388.953	  889026
389.22	  891169
389.487	  893311
389.754	  895454
390.021	  897597
390.288	  899741
390.555	  901884
390.822	  904028
391.089	  906172
391.356	  908317
391.623	  910462
391.89	  912607
392.157	  914752
392.424	  916897
392.691	  919043
392.958	  921189
393.225	  923335
393.492	  925481
393.759	  927628
394.026	  929774
394.293	  931921
394.56	  934067
394.827	  936214
395.094	  938361
395.361	  940508
395.628	  942655
395.895	  944802
396.162	  946949
396.429	  949097
396.696	  951244
396.963	  953391
397.23	  955539
397.497	  957686
397.764	  959833
398.031	  961980
398.298	  964128
398.565	  966275
398.832	  968422
399.099	  970569
399.366	  972716
399.633	  974863
399.9	  977010
400.167	  979156
400.434	  981303
400.701	  983449
400.968	  985595
401.235	  987741
401.502	  989887
401.769	  992033
402.036	  994178
402.303	  996324
402.57	  998469
402.837	  1.00061e+06
403.104	  1.00276e+06
403.371	  1.0049e+06
403.638	  1.00705e+06
403.905	  1.00919e+06
404.172	  1.01133e+06
404.439	  1.01348e+06
404.706	  1.01562e+06
404.973	  1.01776e+06
405.24	  1.01991e+06
405.507	  1.02205e+06
405.774	  1.02419e+06
406.041	  1.02633e+06
406.308	  1.02847e+06
406.575	  1.03061e+06
406.842	  1.03275e+06
407.109	  1.03489e+06
407.376	  1.03703e+06
407.643	  1.03917e+06
407.91	  1.04131e+06
408.177	  1.04345e+06
408.444	  1.04559e+06
408.711	  1.04772e+06
408.978	  1.04986e+06
409.245	  1.052e+06
409.512	  1.05413e+06
409.779	  1.05627e+06
410.046	  1.0584e+06
410.313	  1.06054e+06
410.58	  1.06267e+06
410.847	  1.0648e+06
411.114	  1.06693e+06
411.381	  1.06907e+06
411.648	  1.0712e+06
411.915	  1.07333e+06
412.182	  1.07546e+06
412.449	  1.07759e+06
412.716	  1.07972e+06
412.983	  1.08185e+06
413.25	  1.08397e+06
413.517	  1.0861e+06
413.784	  1.08823e+06
414.051	  1.09035e+06
414.318	  1.09248e+06
414.585	  1.0946e+06
414.852	  1.09673e+06
415.119	  1.09885e+06
415.386	  1.10097e+06
415.653	  1.10309e+06
415.92	  1.10522e+06
416.187	  1.10734e+06
416.454	  1.10946e+06
416.721	  1.11157e+06
416.988	  1.11369e+06
417.255	  1.11581e+06
417.522	  1.11793e+06
417.789	  1.12004e+06
418.056	  1.12216e+06
418.323	  1.12427e+06
418.59	  1.12638e+06
418.857	  1.12849e+06
419.124	  1.13061e+06
419.391	  1.13272e+06
419.658	  1.13483e+06
419.925	  1.13694e+06
420.192	  1.13904e+06
420.459	  1.14115e+06
420.726	  1.14326e+06
420.993	  1.14536e+06
421.26	  1.14747e+06
421.527	  1.14957e+06
421.794	  1.15167e+06
422.061	  1.15377e+06
422.328	  1.15587e+06
422.595	  1.15797e+06
422.862	  1.16007e+06
423.129	  1.16217e+06
423.396	  1.16426e+06
423.663	  1.16636e+06
423.93	  1.16845e+06
424.197	  1.17055e+06
424.464	  1.17264e+06
424.731	  1.17473e+06
424.998	  1.17682e+06
425.265	  1.17891e+06
425.532	  1.181e+06
425.799	  1.18309e+06
426.066	  1.18517e+06
426.333	  1.18726e+06
426.6	  1.18934e+06
426.867	  1.19142e+06
427.134	  1.19351e+06
427.401	  1.19559e+06
427.668	  1.19767e+06
427.935	  1.19974e+06
428.202	  1.20182e+06
428.469	  1.2039e+06
428.736	  1.20597e+06
429.003	  1.20804e+06
429.27	  1.21012e+06
429.537	  1.21219e+06
429.804	  1.21426e+06
430.071	  1.21633e+06
430.338	  1.21839e+06
430.605	  1.22046e+06
430.872	  1.22252e+06
431.139	  1.22459e+06
431.406	  1.22665e+06
431.673	  1.22871e+06
431.94	  1.23077e+06
432.207	  1.23283e+06
432.474	  1.23489e+06
432.741	  1.23694e+06
433.008	  1.239e+06
433.275	  1.24105e+06
433.542	  1.2431e+06
433.809	  1.24515e+06
434.076	  1.2472e+06
434.343	  1.24925e+06
434.61	  1.2513e+06
434.877	  1.25334e+06
435.144	  1.25539e+06
435.411	  1.25743e+06
435.678	  1.25947e+06
435.945	  1.26151e+06
436.212	  1.26355e+06
436.479	  1.26558e+06
436.746	  1.26762e+06
437.013	  1.26965e+06
437.28	  1.27168e+06
437.547	  1.27372e+06
437.814	  1.27575e+06
438.081	  1.27777e+06
438.348	  1.2798e+06
438.615	  1.28182e+06
438.882	  1.28385e+06
439.149	  1.28587e+06
439.416	  1.28789e+06
439.683	  1.28991e+06
439.95	  1.29193e+06
440.217	  1.29394e+06
440.484	  1.29596e+06
440.751	  1.29797e+06
441.018	  1.29998e+06
441.285	  1.30199e+06
441.552	  1.304e+06
441.819	  1.30601e+06
442.086	  1.30801e+06
442.353	  1.31002e+06
442.62	  1.31202e+06
442.887	  1.31402e+06
443.154	  1.31602e+06
443.421	  1.31801e+06
443.688	  1.32001e+06
443.955	  1.322e+06
444.222	  1.32399e+06
444.489	  1.32599e+06
444.756	  1.32797e+06
445.023	  1.32996e+06
445.29	  1.33195e+06
445.557	  1.33393e+06
445.824	  1.33591e+06
446.091	  1.33789e+06
446.358	  1.33987e+06
446.625	  1.34185e+06
446.892	  1.34382e+06
447.159	  1.3458e+06
447.426	  1.34777e+06
447.693	  1.34974e+06
447.96	  1.35171e+06
448.227	  1.35367e+06
448.494	  1.35564e+06
448.761	  1.3576e+06
449.028	  1.35956e+06
449.295	  1.36152e+06
449.562	  1.36348e+06
449.829	  1.36544e+06
450.096	  1.36739e+06
450.363	  1.36934e+06
450.63	  1.37129e+06
450.897	  1.37324e+06
451.164	  1.37519e+06
451.431	  1.37714e+06
451.698	  1.37908e+06
451.965	  1.38102e+06
452.232	  1.38296e+06
452.499	  1.3849e+06
452.766	  1.38683e+06
453.033	  1.38877e+06
453.3	  1.3907e+06
453.567	  1.39263e+06
453.834	  1.39456e+06
454.101	  1.39648e+06
454.368	  1.39841e+06
454.635	  1.40033e+06
454.902	  1.40225e+06
455.169	  1.40417e+06
455.436	  1.40609e+06
455.703	  1.408e+06
455.97	  1.40992e+06
456.237	  1.41183e+06
456.504	  1.41374e+06
456.771	  1.41564e+06
457.038	  1.41755e+06
457.305	  1.41945e+06
457.572	  1.42135e+06
457.839	  1.42325e+06
458.106	  1.42515e+06
458.373	  1.42704e+06
458.64	  1.42894e+06
458.907	  1.43083e+06
459.174	  1.43272e+06
459.441	  1.43461e+06
459.708	  1.43649e+06
459.975	  1.43837e+06
460.242	  1.44025e+06
460.509	  1.44213e+06
460.776	  1.44401e+06
461.043	  1.44589e+06
461.31	  1.44776e+06
461.577	  1.44963e+06
461.844	  1.4515e+06
462.111	  1.45337e+06
462.378	  1.45523e+06
462.645	  1.45709e+06
462.912	  1.45895e+06
463.179	  1.46081e+06
463.446	  1.46267e+06
463.713	  1.46452e+06
463.98	  1.46637e+06
464.247	  1.46822e+06
464.514	  1.47007e+06
464.781	  1.47192e+06
465.048	  1.47376e+06
465.315	  1.4756e+06
465.582	  1.47744e+06
465.849	  1.47928e+06
466.116	  1.48111e+06
466.383	  1.48295e+06
466.65	  1.48478e+06
466.917	  1.48661e+06
467.184	  1.48843e+06
467.451	  1.49026e+06
467.718	  1.49208e+06
467.985	  1.4939e+06
468.252	  1.49572e+06
468.519	  1.49753e+06
468.786	  1.49934e+06
469.053	  1.50115e+06
469.32	  1.50296e+06
469.587	  1.50477e+06
469.854	  1.50657e+06
470.121	  1.50838e+06
470.388	  1.51018e+06
470.655	  1.51197e+06
470.922	  1.51377e+06
471.189	  1.51556e+06
471.456	  1.51735e+06
471.723	  1.51914e+06
471.99	  1.52093e+06
472.257	  1.52271e+06
472.524	  1.52449e+06
472.791	  1.52627e+06
473.058	  1.52805e+06
473.325	  1.52982e+06
473.592	  1.5316e+06
473.859	  1.53337e+06
474.126	  1.53513e+06
474.393	  1.5369e+06
474.66	  1.53866e+06
474.927	  1.54042e+06
475.194	  1.54218e+06
475.461	  1.54394e+06
475.728	  1.54569e+06
475.995	  1.54744e+06
476.262	  1.54919e+06
476.529	  1.55094e+06
476.796	  1.55269e+06
477.063	  1.55443e+06
477.33	  1.55617e+06
477.597	  1.55791e+06
477.864	  1.55964e+06
478.131	  1.56137e+06
478.398	  1.5631e+06
478.665	  1.56483e+06
478.932	  1.56656e+06
479.199	  1.56828e+06
479.466	  1.57e+06
479.733	  1.57172e+06
480	  1.57344e+06
480.267	  1.57515e+06
480.534	  1.57686e+06
480.801	  1.57857e+06
481.068	  1.58028e+06
481.335	  1.58198e+06
481.602	  1.58368e+06
481.869	  1.58538e+06
482.136	  1.58708e+06
482.403	  1.58877e+06
482.67	  1.59047e+06
482.937	  1.59215e+06
483.204	  1.59384e+06
483.471	  1.59553e+06
483.738	  1.59721e+06
484.005	  1.59889e+06
484.272	  1.60057e+06
484.539	  1.60224e+06
484.806	  1.60391e+06
485.073	  1.60558e+06
485.34	  1.60725e+06
485.607	  1.60891e+06
485.874	  1.61058e+06
486.141	  1.61224e+06
486.408	  1.61389e+06
486.675	  1.61555e+06
486.942	  1.6172e+06
487.209	  1.61885e+06
487.476	  1.6205e+06
487.743	  1.62214e+06
488.01	  1.62379e+06
488.277	  1.62543e+06
488.544	  1.62706e+06
488.811	  1.6287e+06
489.078	  1.63033e+06
489.345	  1.63196e+06
489.612	  1.63359e+06
489.879	  1.63521e+06
490.146	  1.63683e+06
490.413	  1.63845e+06
490.68	  1.64007e+06
490.947	  1.64169e+06
491.214	  1.6433e+06
491.481	  1.64491e+06
491.748	  1.64651e+06
492.015	  1.64812e+06
492.282	  1.64972e+06
492.549	  1.65132e+06
492.816	  1.65292e+06
493.083	  1.65451e+06
493.35	  1.6561e+06
493.617	  1.65769e+06
493.884	  1.65928e+06
494.151	  1.66086e+06
494.418	  1.66244e+06
494.685	  1.66402e+06
494.952	  1.6656e+06
495.219	  1.66717e+06
495.486	  1.66874e+06
495.753	  1.67031e+06
496.02	  1.67187e+06
496.287	  1.67344e+06
496.554	  1.675e+06
496.821	  1.67656e+06
497.088	  1.67811e+06
497.355	  1.67966e+06
497.622	  1.68121e+06
497.889	  1.68276e+06
498.156	  1.68431e+06
498.423	  1.68585e+06
498.69	  1.68739e+06
498.957	  1.68892e+06
499.224	  1.69046e+06
499.491	  1.69199e+06
499.758	  1.69352e+06
500.025	  1.69504e+06
500.292	  1.69657e+06
500.559	  1.69809e+06
500.826	  1.69961e+06
501.093	  1.70112e+06
501.36	  1.70264e+06
501.627	  1.70415e+06
501.894	  1.70565e+06
502.161	  1.70716e+06
502.428	  1.70866e+06
502.695	  1.71016e+06
502.962	  1.71166e+06
503.229	  1.71315e+06
503.496	  1.71464e+06
503.763	  1.71613e+06
504.03	  1.71762e+06
504.297	  1.7191e+06
504.564	  1.72058e+06
504.831	  1.72206e+06
505.098	  1.72354e+06
505.365	  1.72501e+06
505.632	  1.72648e+06
505.899	  1.72795e+06
506.166	  1.72941e+06
506.433	  1.73088e+06
506.7	  1.73234e+06
506.967	  1.73379e+06
507.234	  1.73525e+06
507.501	  1.7367e+06
507.768	  1.73815e+06
508.035	  1.73959e+06
508.302	  1.74103e+06
508.569	  1.74248e+06
508.836	  1.74391e+06
509.103	  1.74535e+06
509.37	  1.74678e+06
509.637	  1.74821e+06
509.904	  1.74964e+06
510.171	  1.75106e+06
510.438	  1.75248e+06
510.705	  1.7539e+06
510.972	  1.75532e+06
511.239	  1.75673e+06
511.506	  1.75814e+06
511.773	  1.75955e+06
512.04	  1.76095e+06
512.307	  1.76236e+06
512.574	  1.76376e+06
512.841	  1.76515e+06
513.108	  1.76655e+06
513.375	  1.76794e+06
513.642	  1.76933e+06
513.909	  1.77071e+06
514.176	  1.7721e+06
514.443	  1.77348e+06
514.71	  1.77486e+06
514.977	  1.77623e+06
515.244	  1.7776e+06
515.511	  1.77897e+06
515.778	  1.78034e+06
516.045	  1.7817e+06
516.312	  1.78306e+06
516.579	  1.78442e+06
516.846	  1.78578e+06
517.113	  1.78713e+06
517.38	  1.78848e+06
517.647	  1.78983e+06
517.914	  1.79117e+06
518.181	  1.79251e+06
518.448	  1.79385e+06
518.715	  1.79519e+06
518.982	  1.79652e+06
519.249	  1.79785e+06
519.516	  1.79918e+06
519.783	  1.80051e+06
520.05	  1.80183e+06
520.317	  1.80315e+06
520.584	  1.80447e+06
520.851	  1.80578e+06
521.118	  1.80709e+06
521.385	  1.8084e+06
521.652	  1.80971e+06
521.919	  1.81101e+06
522.186	  1.81231e+06
522.453	  1.81361e+06
522.72	  1.8149e+06
522.987	  1.81619e+06
523.254	  1.81748e+06
523.521	  1.81877e+06
523.788	  1.82005e+06
524.055	  1.82133e+06
524.322	  1.82261e+06
524.589	  1.82389e+06
524.856	  1.82516e+06
525.123	  1.82643e+06
525.39	  1.82769e+06
525.657	  1.82896e+06
525.924	  1.83022e+06
526.191	  1.83148e+06
526.458	  1.83273e+06
526.725	  1.83399e+06
526.992	  1.83524e+06
527.259	  1.83648e+06
527.526	  1.83773e+06
527.793	  1.83897e+06
528.06	  1.84021e+06
528.327	  1.84144e+06
528.594	  1.84268e+06
528.861	  1.84391e+06
529.128	  1.84513e+06
529.395	  1.84636e+06
529.662	  1.84758e+06
529.929	  1.8488e+06
530.196	  1.85002e+06
530.463	  1.85123e+06
530.73	  1.85244e+06
530.997	  1.85365e+06
531.264	  1.85485e+06
531.531	  1.85606e+06
531.798	  1.85726e+06
532.065	  1.85845e+06
532.332	  1.85965e+06
532.599	  1.86084e+06
532.866	  1.86203e+06
533.133	  1.86321e+06
533.4	  1.86439e+06
533.667	  1.86557e+06
533.934	  1.86675e+06
534.201	  1.86792e+06
534.468	  1.8691e+06
534.735	  1.87027e+06
535.002	  1.87143e+06
535.269	  1.87259e+06
535.536	  1.87375e+06
535.803	  1.87491e+06
536.07	  1.87607e+06
536.337	  1.87722e+06
536.604	  1.87837e+06
536.871	  1.87951e+06
537.138	  1.88066e+06
537.405	  1.8818e+06
537.672	  1.88293e+06
537.939	  1.88407e+06
538.206	  1.8852e+06
538.473	  1.88633e+06
538.74	  1.88746e+06
539.007	  1.88858e+06
539.274	  1.8897e+06
539.541	  1.89082e+06
539.808	  1.89193e+06
540.075	  1.89305e+06
540.342	  1.89416e+06
540.609	  1.89526e+06
540.876	  1.89637e+06
541.143	  1.89747e+06
541.41	  1.89857e+06
541.677	  1.89966e+06
541.944	  1.90075e+06
542.211	  1.90184e+06
542.478	  1.90293e+06
542.745	  1.90401e+06
543.012	  1.9051e+06
543.279	  1.90617e+06
543.546	  1.90725e+06
543.813	  1.90832e+06
544.08	  1.90939e+06
544.347	  1.91046e+06
544.614	  1.91152e+06
544.881	  1.91259e+06
545.148	  1.91365e+06
545.415	  1.9147e+06
545.682	  1.91575e+06
545.949	  1.91681e+06
546.216	  1.91785e+06
546.483	  1.9189e+06
546.75	  1.91994e+06
547.017	  1.92098e+06
547.284	  1.92202e+06
547.551	  1.92305e+06
547.818	  1.92408e+06
548.085	  1.92511e+06
548.352	  1.92613e+06
548.619	  1.92715e+06
548.886	  1.92817e+06
549.153	  1.92919e+06
549.42	  1.9302e+06
549.687	  1.93122e+06
549.954	  1.93222e+06
550.221	  1.93323e+06
550.488	  1.93423e+06
550.755	  1.93523e+06
551.022	  1.93623e+06
551.289	  1.93722e+06
551.556	  1.93822e+06
551.823	  1.9392e+06
552.09	  1.94019e+06
552.357	  1.94117e+06
552.624	  1.94215e+06
552.891	  1.94313e+06
553.158	  1.94411e+06
553.425	  1.94508e+06
553.692	  1.94605e+06
553.959	  1.94701e+06
554.226	  1.94798e+06
554.493	  1.94894e+06
554.76	  1.9499e+06
555.027	  1.95085e+06
555.294	  1.9518e+06
555.561	  1.95275e+06
555.828	  1.9537e+06
556.095	  1.95464e+06
556.362	  1.95558e+06
556.629	  1.95652e+06
556.896	  1.95746e+06
557.163	  1.95839e+06
557.43	  1.95932e+06
557.697	  1.96025e+06
557.964	  1.96117e+06
558.231	  1.96209e+06
558.498	  1.96301e+06
558.765	  1.96393e+06
559.032	  1.96484e+06
559.299	  1.96575e+06
559.566	  1.96666e+06
560.009	  1.96816e+06
560.296	  1.96913e+06
560.583	  1.97009e+06
560.87	  1.97105e+06
561.157	  1.97201e+06
561.444	  1.97297e+06
561.731	  1.97392e+06
562.018	  1.97487e+06
562.305	  1.97581e+06
562.592	  1.97675e+06
562.879	  1.97769e+06
563.166	  1.97863e+06
563.453	  1.97956e+06
563.74	  1.98049e+06
564.027	  1.98142e+06
564.314	  1.98234e+06
564.601	  1.98326e+06
564.888	  1.98418e+06
565.175	  1.98509e+06
565.462	  1.986e+06
565.749	  1.98691e+06
566.036	  1.98781e+06
566.323	  1.98871e+06
566.61	  1.98961e+06
566.897	  1.9905e+06
567.184	  1.99139e+06
567.471	  1.99228e+06
567.758	  1.99317e+06
568.045	  1.99405e+06
568.332	  1.99493e+06
568.619	  1.9958e+06
568.906	  1.99667e+06
569.193	  1.99754e+06
569.48	  1.99841e+06
569.767	  1.99927e+06
570.054	  2.00013e+06
570.341	  2.00099e+06
570.628	  2.00184e+06
570.915	  2.00269e+06
571.202	  2.00353e+06
571.489	  2.00438e+06
571.776	  2.00522e+06
572.063	  2.00606e+06
572.35	  2.00689e+06
572.637	  2.00772e+06
572.924	  2.00855e+06
573.211	  2.00937e+06
573.498	  2.01019e+06
573.785	  2.01101e+06
574.072	  2.01183e+06
574.359	  2.01264e+06
574.646	  2.01345e+06
574.933	  2.01425e+06
575.22	  2.01506e+06
575.507	  2.01586e+06
575.794	  2.01665e+06
576.081	  2.01745e+06
576.368	  2.01824e+06
576.655	  2.01902e+06
576.942	  2.01981e+06
577.229	  2.02059e+06
577.516	  2.02137e+06
577.803	  2.02214e+06
578.09	  2.02291e+06
578.377	  2.02368e+06
578.664	  2.02445e+06
578.951	  2.02521e+06
579.238	  2.02597e+06
579.525	  2.02672e+06
579.812	  2.02748e+06
580.099	  2.02822e+06
580.386	  2.02897e+06
580.673	  2.02971e+06
580.96	  2.03046e+06
581.247	  2.03119e+06
581.534	  2.03193e+06
581.821	  2.03266e+06
582.108	  2.03339e+06
582.395	  2.03411e+06
582.682	  2.03483e+06
582.969	  2.03555e+06
583.256	  2.03627e+06
583.543	  2.03698e+06
583.83	  2.03769e+06
584.117	  2.0384e+06
584.404	  2.0391e+06
584.691	  2.0398e+06
584.978	  2.0405e+06
585.265	  2.04119e+06
585.552	  2.04188e+06
585.839	  2.04257e+06
586.126	  2.04325e+06
586.413	  2.04394e+06
586.7	  2.04462e+06
586.987	  2.04529e+06
587.274	  2.04596e+06
587.561	  2.04663e+06
587.848	  2.0473e+06
588.135	  2.04796e+06
588.422	  2.04862e+06
588.709	  2.04928e+06
588.996	  2.04994e+06
589.283	  2.05059e+06
589.57	  2.05124e+06
589.857	  2.05188e+06
590.144	  2.05252e+06
590.431	  2.05316e+06
590.718	  2.0538e+06
591.005	  2.05443e+06
591.292	  2.05506e+06
591.579	  2.05569e+06
591.866	  2.05632e+06
592.153	  2.05694e+06
592.44	  2.05755e+06
592.727	  2.05817e+06
593.014	  2.05878e+06
593.301	  2.05939e+06
593.588	  2.06e+06
593.875	  2.0606e+06
594.162	  2.0612e+06
594.449	  2.0618e+06
594.736	  2.06239e+06
595.023	  2.06298e+06
595.31	  2.06357e+06
595.597	  2.06416e+06
595.884	  2.06474e+06
596.171	  2.06532e+06
596.458	  2.0659e+06
596.745	  2.06647e+06
597.032	  2.06704e+06
597.319	  2.06761e+06
597.606	  2.06817e+06
597.893	  2.06873e+06
598.18	  2.06929e+06
598.467	  2.06985e+06
598.754	  2.0704e+06
599.041	  2.07095e+06
599.328	  2.0715e+06
599.615	  2.07204e+06
599.902	  2.07258e+06
600.189	  2.07312e+06
600.476	  2.07365e+06
600.763	  2.07419e+06
601.05	  2.07472e+06
601.337	  2.07524e+06
601.624	  2.07576e+06
601.911	  2.07628e+06
602.198	  2.0768e+06
602.485	  2.07732e+06
602.772	  2.07783e+06
603.059	  2.07834e+06
603.346	  2.07884e+06
603.633	  2.07935e+06
603.92	  2.07985e+06
604.207	  2.08034e+06
604.494	  2.08084e+06
604.781	  2.08133e+06
605.068	  2.08182e+06
605.355	  2.0823e+06
605.642	  2.08278e+06
605.929	  2.08326e+06
606.216	  2.08374e+06
606.503	  2.08421e+06
606.79	  2.08469e+06
607.077	  2.08515e+06
607.364	  2.08562e+06
607.651	  2.08608e+06
607.938	  2.08654e+06
608.225	  2.087e+06
608.512	  2.08745e+06
608.799	  2.0879e+06
609.086	  2.08835e+06
609.373	  2.0888e+06
609.66	  2.08924e+06
609.947	  2.08968e+06
610.234	  2.09011e+06
610.521	  2.09055e+06
610.808	  2.09098e+06
611.095	  2.09141e+06
611.382	  2.09183e+06
611.669	  2.09225e+06
611.956	  2.09267e+06
612.243	  2.09309e+06
612.53	  2.0935e+06
612.817	  2.09392e+06
613.104	  2.09432e+06
613.391	  2.09473e+06
613.678	  2.09513e+06
613.965	  2.09553e+06
614.252	  2.09593e+06
614.539	  2.09632e+06
614.826	  2.09671e+06
615.113	  2.0971e+06
615.4	  2.09749e+06
615.687	  2.09787e+06
615.974	  2.09825e+06
616.261	  2.09863e+06
616.548	  2.099e+06
616.835	  2.09938e+06
617.122	  2.09975e+06
617.409	  2.10011e+06
617.696	  2.10048e+06
617.983	  2.10084e+06
618.27	  2.10119e+06
618.557	  2.10155e+06
618.844	  2.1019e+06
619.131	  2.10225e+06
619.418	  2.1026e+06
619.705	  2.10294e+06
619.992	  2.10328e+06
620.279	  2.10362e+06
620.566	  2.10396e+06
620.853	  2.10429e+06
621.14	  2.10462e+06
621.427	  2.10495e+06
621.714	  2.10528e+06
622.001	  2.1056e+06
622.288	  2.10592e+06
622.575	  2.10623e+06
622.862	  2.10655e+06
623.149	  2.10686e+06
623.436	  2.10717e+06
623.723	  2.10747e+06
624.01	  2.10778e+06
624.297	  2.10808e+06
624.584	  2.10838e+06
624.871	  2.10867e+06
625.158	  2.10896e+06
625.445	  2.10925e+06
625.732	  2.10954e+06
626.019	  2.10983e+06
626.306	  2.11011e+06
626.593	  2.11039e+06
626.88	  2.11066e+06
627.167	  2.11094e+06
627.454	  2.11121e+06
627.741	  2.11148e+06
628.028	  2.11174e+06
628.315	  2.112e+06
628.602	  2.11226e+06
628.889	  2.11252e+06
629.176	  2.11278e+06
629.463	  2.11303e+06
629.75	  2.11328e+06
630.037	  2.11353e+06
630.324	  2.11377e+06
630.611	  2.11401e+06
630.898	  2.11425e+06
631.185	  2.11449e+06
631.472	  2.11472e+06
631.759	  2.11495e+06
632.046	  2.11518e+06
632.333	  2.11541e+06
632.62	  2.11563e+06
632.907	  2.11585e+06
633.194	  2.11607e+06
633.481	  2.11629e+06
633.768	  2.1165e+06
634.055	  2.11671e+06
634.342	  2.11692e+06
634.629	  2.11712e+06
634.916	  2.11733e+06
635.203	  2.11753e+06
635.49	  2.11772e+06
635.777	  2.11792e+06
636.064	  2.11811e+06
636.351	  2.1183e+06
636.638	  2.11849e+06
636.925	  2.11867e+06
637.212	  2.11886e+06
637.499	  2.11904e+06
637.786	  2.11921e+06
638.073	  2.11939e+06
638.36	  2.11956e+06
638.647	  2.11973e+06
638.934	  2.11989e+06
639.221	  2.12006e+06
639.508	  2.12022e+06
639.795	  2.12038e+06
640.082	  2.12054e+06
640.369	  2.12069e+06
640.656	  2.12084e+06
640.943	  2.12099e+06
641.23	  2.12114e+06
641.517	  2.12128e+06
641.804	  2.12142e+06
642.091	  2.12156e+06
642.378	  2.1217e+06
642.665	  2.12183e+06
642.952	  2.12196e+06
643.239	  2.12209e+06
643.526	  2.12222e+06
643.813	  2.12234e+06
644.1	  2.12246e+06
644.387	  2.12258e+06
644.674	  2.1227e+06
644.961	  2.12281e+06
645.248	  2.12293e+06
645.535	  2.12304e+06
645.822	  2.12314e+06
646.109	  2.12325e+06
646.396	  2.12335e+06
646.683	  2.12345e+06
646.97	  2.12354e+06
647.257	  2.12364e+06
647.544	  2.12373e+06
647.831	  2.12382e+06
648.118	  2.12391e+06
648.405	  2.12399e+06
648.692	  2.12407e+06
648.979	  2.12415e+06
649.266	  2.12423e+06
649.553	  2.12431e+06
649.84	  2.12438e+06
650.127	  2.12445e+06
650.414	  2.12452e+06
650.701	  2.12458e+06
650.988	  2.12464e+06
651.275	  2.1247e+06
651.562	  2.12476e+06
651.849	  2.12482e+06
652.136	  2.12487e+06
652.423	  2.12492e+06
652.71	  2.12497e+06
652.997	  2.12502e+06
653.284	  2.12506e+06
653.571	  2.1251e+06
653.858	  2.12514e+06
654.145	  2.12518e+06
654.432	  2.12521e+06
654.719	  2.12524e+06
655.006	  2.12527e+06
655.293	  2.1253e+06
655.58	  2.12532e+06
655.867	  2.12535e+06
656.154	  2.12537e+06
656.441	  2.12538e+06
656.728	  2.1254e+06
657.015	  2.12541e+06
657.302	  2.12542e+06
657.589	  2.12543e+06
657.876	  2.12544e+06
658.163	  2.12544e+06
658.45	  2.12544e+06
658.737	  2.12544e+06
659.024	  2.12544e+06
659.311	  2.12543e+06
659.598	  2.12542e+06
659.885	  2.12541e+06
660.172	  2.1254e+06
660.459	  2.12539e+06
660.746	  2.12537e+06
661.033	  2.12535e+06
661.32	  2.12533e+06
661.607	  2.1253e+06
661.894	  2.12528e+06
662.181	  2.12525e+06
662.468	  2.12522e+06
662.755	  2.12519e+06
663.042	  2.12515e+06
663.329	  2.12511e+06
663.616	  2.12507e+06
663.903	  2.12503e+06
664.19	  2.12499e+06
664.477	  2.12494e+06
664.764	  2.12489e+06
665.051	  2.12484e+06
665.338	  2.12479e+06
665.625	  2.12473e+06
665.912	  2.12467e+06
666.199	  2.12461e+06
666.486	  2.12455e+06
666.773	  2.12449e+06
667.06	  2.12442e+06
667.347	  2.12435e+06
667.634	  2.12428e+06
667.921	  2.12421e+06
668.208	  2.12413e+06
668.495	  2.12405e+06
668.782	  2.12397e+06
669.069	  2.12389e+06
669.356	  2.12381e+06
669.643	  2.12372e+06
669.93	  2.12363e+06
670.217	  2.12354e+06
670.504	  2.12345e+06
670.791	  2.12335e+06
671.078	  2.12325e+06
671.365	  2.12315e+06
671.652	  2.12305e+06
671.939	  2.12295e+06
672.226	  2.12284e+06
672.513	  2.12273e+06
672.8	  2.12262e+06
673.087	  2.12251e+06
673.374	  2.1224e+06
673.661	  2.12228e+06
673.948	  2.12216e+06
674.235	  2.12204e+06
674.522	  2.12192e+06
674.809	  2.12179e+06
675.096	  2.12166e+06
675.383	  2.12153e+06
675.67	  2.1214e+06
675.957	  2.12127e+06
676.244	  2.12113e+06
676.531	  2.12099e+06
676.818	  2.12085e+06
677.105	  2.12071e+06
677.392	  2.12057e+06
677.679	  2.12042e+06
677.966	  2.12027e+06
678.253	  2.12012e+06
678.54	  2.11997e+06
678.827	  2.11981e+06
679.114	  2.11966e+06
679.401	  2.1195e+06
679.688	  2.11934e+06
679.975	  2.11917e+06
680.262	  2.11901e+06
680.549	  2.11884e+06
680.836	  2.11867e+06
681.123	  2.1185e+06
681.41	  2.11832e+06
681.697	  2.11815e+06
681.984	  2.11797e+06
682.271	  2.11779e+06
682.558	  2.11761e+06
682.845	  2.11743e+06
683.132	  2.11724e+06
683.419	  2.11705e+06
683.706	  2.11686e+06
683.993	  2.11667e+06
684.28	  2.11648e+06
684.567	  2.11628e+06
684.854	  2.11608e+06
685.141	  2.11588e+06
685.428	  2.11568e+06
685.715	  2.11548e+06
686.002	  2.11527e+06
686.289	  2.11506e+06
686.576	  2.11485e+06
686.863	  2.11464e+06
687.15	  2.11443e+06
687.437	  2.11421e+06
687.724	  2.11399e+06
688.011	  2.11378e+06
688.298	  2.11355e+06
688.585	  2.11333e+06
688.872	  2.1131e+06
689.159	  2.11288e+06
689.446	  2.11265e+06
689.733	  2.11241e+06
690.02	  2.11218e+06
690.307	  2.11195e+06
690.594	  2.11171e+06
690.881	  2.11147e+06
691.168	  2.11123e+06
691.455	  2.11098e+06
691.742	  2.11074e+06
692.029	  2.11049e+06
692.316	  2.11024e+06
692.603	  2.10999e+06
692.89	  2.10974e+06
693.177	  2.10948e+06
693.464	  2.10923e+06
693.751	  2.10897e+06
694.038	  2.10871e+06
694.325	  2.10845e+06
694.612	  2.10818e+06
694.899	  2.10792e+06
695.186	  2.10765e+06
695.473	  2.10738e+06
695.76	  2.1071e+06
696.047	  2.10683e+06
696.334	  2.10656e+06
696.621	  2.10628e+06
696.908	  2.106e+06
697.195	  2.10572e+06
697.482	  2.10543e+06
697.769	  2.10515e+06
698.056	  2.10486e+06
698.343	  2.10457e+06
698.63	  2.10428e+06
698.917	  2.10399e+06
699.204	  2.1037e+06
699.491	  2.1034e+06
699.778	  2.1031e+06
700.065	  2.1028e+06
700.352	  2.1025e+06
700.639	  2.1022e+06
700.926	  2.10189e+06
701.213	  2.10158e+06
701.5	  2.10128e+06
701.787	  2.10096e+06
702.074	  2.10065e+06
702.361	  2.10034e+06
702.648	  2.10002e+06
702.935	  2.0997e+06
703.222	  2.09938e+06
703.509	  2.09906e+06
703.796	  2.09874e+06
704.083	  2.09841e+06
704.37	  2.09809e+06
704.657	  2.09776e+06
704.944	  2.09743e+06
705.231	  2.09709e+06
705.518	  2.09676e+06
705.805	  2.09642e+06
706.092	  2.09609e+06
706.379	  2.09575e+06
706.666	  2.09541e+06
706.953	  2.09506e+06
707.24	  2.09472e+06
707.527	  2.09437e+06
707.814	  2.09402e+06
708.101	  2.09367e+06
708.388	  2.09332e+06
708.675	  2.09297e+06
708.962	  2.09261e+06
709.249	  2.09226e+06
709.536	  2.0919e+06
709.823	  2.09154e+06
710.11	  2.09118e+06
710.397	  2.09081e+06
710.684	  2.09045e+06
710.971	  2.09008e+06
711.258	  2.08971e+06
711.545	  2.08934e+06
711.832	  2.08897e+06
712.119	  2.08859e+06
712.406	  2.08822e+06
712.693	  2.08784e+06
712.98	  2.08746e+06
713.267	  2.08708e+06
713.554	  2.0867e+06
713.841	  2.08631e+06
714.128	  2.08593e+06
714.415	  2.08554e+06
714.702	  2.08515e+06
714.989	  2.08476e+06
715.276	  2.08437e+06
715.563	  2.08397e+06
715.85	  2.08358e+06
716.137	  2.08318e+06
716.424	  2.08278e+06
716.711	  2.08238e+06
716.998	  2.08198e+06
717.285	  2.08157e+06
717.572	  2.08117e+06
717.859	  2.08076e+06
718.146	  2.08035e+06
718.433	  2.07994e+06
718.72	  2.07953e+06
719.007	  2.07911e+06
719.294	  2.0787e+06
719.581	  2.07828e+06
719.868	  2.07786e+06
720.155	  2.07744e+06
720.442	  2.07702e+06
720.729	  2.0766e+06
721.016	  2.07617e+06
721.303	  2.07575e+06
721.59	  2.07532e+06
721.877	  2.07489e+06
722.164	  2.07446e+06
722.451	  2.07402e+06
722.738	  2.07359e+06
723.025	  2.07315e+06
723.312	  2.07271e+06
723.599	  2.07227e+06
723.886	  2.07183e+06
724.173	  2.07139e+06
724.46	  2.07095e+06
724.747	  2.0705e+06
725.034	  2.07005e+06
725.321	  2.0696e+06
725.608	  2.06915e+06
725.895	  2.0687e+06
726.182	  2.06825e+06
726.469	  2.06779e+06
726.756	  2.06734e+06
727.043	  2.06688e+06
727.33	  2.06642e+06
727.617	  2.06596e+06
727.904	  2.0655e+06
728.191	  2.06503e+06
728.478	  2.06457e+06
728.765	  2.0641e+06
729.052	  2.06363e+06
729.339	  2.06316e+06
729.626	  2.06269e+06
729.913	  2.06221e+06
730.2	  2.06174e+06
730.487	  2.06126e+06
730.774	  2.06079e+06
731.061	  2.06031e+06
731.348	  2.05983e+06
731.635	  2.05934e+06
731.922	  2.05886e+06
732.209	  2.05837e+06
732.496	  2.05789e+06
732.783	  2.0574e+06
733.07	  2.05691e+06
733.357	  2.05642e+06
733.644	  2.05593e+06
733.931	  2.05543e+06
734.218	  2.05494e+06
734.505	  2.05444e+06
734.792	  2.05394e+06
735.079	  2.05344e+06
735.366	  2.05294e+06
735.653	  2.05244e+06
735.94	  2.05193e+06
736.227	  2.05143e+06
736.514	  2.05092e+06
736.801	  2.05041e+06
737.088	  2.0499e+06
737.375	  2.04939e+06
737.662	  2.04888e+06
737.949	  2.04836e+06
738.236	  2.04785e+06
738.523	  2.04733e+06
738.81	  2.04681e+06
739.097	  2.04629e+06
739.384	  2.04577e+06
739.671	  2.04525e+06
739.958	  2.04473e+06
740.245	  2.0442e+06
740.532	  2.04367e+06
740.819	  2.04315e+06
741.106	  2.04262e+06
741.393	  2.04208e+06
741.68	  2.04155e+06
741.967	  2.04102e+06
742.254	  2.04048e+06
742.541	  2.03995e+06
742.828	  2.03941e+06
743.115	  2.03887e+06
743.402	  2.03833e+06
743.689	  2.03779e+06
743.976	  2.03724e+06
744.263	  2.0367e+06
744.55	  2.03615e+06
744.837	  2.03561e+06
745.124	  2.03506e+06
745.411	  2.03451e+06
745.698	  2.03396e+06
745.985	  2.0334e+06
746.272	  2.03285e+06
746.559	  2.03229e+06
746.846	  2.03174e+06
747.133	  2.03118e+06
747.42	  2.03062e+06
747.707	  2.03006e+06
747.994	  2.0295e+06
748.281	  2.02893e+06
748.568	  2.02837e+06
748.855	  2.0278e+06
749.142	  2.02724e+06
749.429	  2.02667e+06
749.716	  2.0261e+06
750.003	  2.02553e+06
750.29	  2.02496e+06
750.577	  2.02438e+06
750.864	  2.02381e+06
751.151	  2.02323e+06
751.438	  2.02265e+06
751.725	  2.02207e+06
752.012	  2.02149e+06
752.299	  2.02091e+06
752.586	  2.02033e+06
752.873	  2.01975e+06
753.16	  2.01916e+06
753.447	  2.01857e+06
753.734	  2.01799e+06
754.021	  2.0174e+06
754.308	  2.01681e+06
754.595	  2.01622e+06
754.882	  2.01562e+06
755.169	  2.01503e+06
755.456	  2.01444e+06
755.743	  2.01384e+06
756.03	  2.01324e+06
756.317	  2.01264e+06
756.604	  2.01204e+06
756.891	  2.01144e+06
757.178	  2.01084e+06
757.465	  2.01023e+06
757.752	  2.00963e+06
758.039	  2.00902e+06
758.326	  2.00842e+06
758.613	  2.00781e+06
758.9	  2.0072e+06
759.187	  2.00659e+06
759.474	  2.00597e+06
759.761	  2.00536e+06
760.048	  2.00475e+06
760.335	  2.00413e+06
760.622	  2.00351e+06
760.909	  2.0029e+06
761.196	  2.00228e+06
761.483	  2.00166e+06
761.77	  2.00103e+06
762.057	  2.00041e+06
762.344	  1.99979e+06
762.631	  1.99916e+06
762.918	  1.99854e+06
763.205	  1.99791e+06
763.492	  1.99728e+06
763.779	  1.99665e+06
764.066	  1.99602e+06
764.353	  1.99539e+06
764.64	  1.99475e+06
764.927	  1.99412e+06
765.214	  1.99348e+06
765.501	  1.99285e+06
765.788	  1.99221e+06
766.075	  1.99157e+06
766.362	  1.99093e+06
766.649	  1.99029e+06
766.936	  1.98965e+06
767.223	  1.989e+06
767.51	  1.98836e+06
767.797	  1.98771e+06
768.084	  1.98707e+06
768.371	  1.98642e+06
768.658	  1.98577e+06
768.945	  1.98512e+06
769.232	  1.98447e+06
769.519	  1.98381e+06
769.806	  1.98316e+06
770.093	  1.98251e+06
770.38	  1.98185e+06
770.667	  1.98119e+06
770.954	  1.98054e+06
771.241	  1.97988e+06
771.528	  1.97922e+06
771.815	  1.97856e+06
772.102	  1.97789e+06
772.389	  1.97723e+06
772.676	  1.97657e+06
772.963	  1.9759e+06
773.25	  1.97523e+06
773.537	  1.97457e+06
773.824	  1.9739e+06
774.111	  1.97323e+06
774.398	  1.97256e+06
774.685	  1.97188e+06
774.972	  1.97121e+06
775.259	  1.97054e+06
775.546	  1.96986e+06
775.833	  1.96919e+06
776.12	  1.96851e+06
776.407	  1.96783e+06
776.694	  1.96715e+06
776.981	  1.96647e+06
777.268	  1.96579e+06
777.555	  1.96511e+06
777.842	  1.96443e+06
778.129	  1.96374e+06
778.416	  1.96306e+06
778.703	  1.96237e+06
778.99	  1.96168e+06
779.277	  1.96099e+06
779.564	  1.9603e+06
779.851	  1.95961e+06
780.138	  1.95892e+06
780.425	  1.95823e+06
780.712	  1.95754e+06
780.999	  1.95684e+06
781.286	  1.95615e+06
781.573	  1.95545e+06
781.86	  1.95475e+06
782.147	  1.95406e+06
782.434	  1.95336e+06
782.721	  1.95266e+06
783.008	  1.95195e+06
783.295	  1.95125e+06
783.582	  1.95055e+06
783.869	  1.94984e+06
784.156	  1.94914e+06
784.443	  1.94843e+06
784.73	  1.94773e+06
785.017	  1.94702e+06
785.304	  1.94631e+06
785.591	  1.9456e+06
785.878	  1.94489e+06
786.165	  1.94418e+06
786.452	  1.94346e+06
786.739	  1.94275e+06
787.026	  1.94203e+06
787.313	  1.94132e+06
787.6	  1.9406e+06
787.887	  1.93988e+06
788.174	  1.93917e+06
788.461	  1.93845e+06
788.748	  1.93773e+06
789.035	  1.93701e+06
789.322	  1.93628e+06
789.609	  1.93556e+06
789.896	  1.93484e+06
790.183	  1.93411e+06
790.47	  1.93339e+06
790.757	  1.93266e+06
791.044	  1.93193e+06
791.331	  1.9312e+06
791.618	  1.93047e+06
791.905	  1.92974e+06
792.192	  1.92901e+06
792.479	  1.92828e+06
792.766	  1.92755e+06
793.053	  1.92681e+06
793.34	  1.92608e+06
793.627	  1.92534e+06
793.914	  1.9246e+06
794.201	  1.92387e+06
794.488	  1.92313e+06
794.775	  1.92239e+06
795.062	  1.92165e+06
795.349	  1.92091e+06
795.636	  1.92017e+06
795.923	  1.91942e+06
796.21	  1.91868e+06
796.497	  1.91794e+06
796.784	  1.91719e+06
797.071	  1.91644e+06
797.358	  1.9157e+06
797.645	  1.91495e+06
797.932	  1.9142e+06
798.219	  1.91345e+06
798.506	  1.9127e+06
798.793	  1.91195e+06
799.08	  1.9112e+06
799.367	  1.91044e+06
799.654	  1.90969e+06
799.941	  1.90894e+06
800.228	  1.90818e+06
800.515	  1.90742e+06
800.802	  1.90667e+06
801.089	  1.90591e+06
801.376	  1.90515e+06
801.663	  1.90439e+06
801.95	  1.90363e+06
802.237	  1.90287e+06
802.524	  1.90211e+06
802.811	  1.90134e+06
803.098	  1.90058e+06
803.385	  1.89982e+06
803.672	  1.89905e+06
803.959	  1.89829e+06
804.246	  1.89752e+06
804.533	  1.89675e+06
804.82	  1.89598e+06
805.107	  1.89521e+06
805.394	  1.89444e+06
805.681	  1.89367e+06
805.968	  1.8929e+06
806.255	  1.89213e+06
806.542	  1.89136e+06
806.829	  1.89058e+06
807.116	  1.88981e+06
807.403	  1.88903e+06
807.69	  1.88826e+06
807.977	  1.88748e+06
808.264	  1.8867e+06
808.551	  1.88592e+06
808.838	  1.88514e+06
809.125	  1.88436e+06
809.412	  1.88358e+06
809.699	  1.8828e+06
809.986	  1.88202e+06
810.273	  1.88124e+06
810.56	  1.88045e+06
810.847	  1.87967e+06
811.134	  1.87888e+06
811.421	  1.8781e+06
811.708	  1.87731e+06
811.995	  1.87652e+06
812.282	  1.87573e+06
812.569	  1.87494e+06
812.856	  1.87415e+06
813.143	  1.87336e+06
813.43	  1.87257e+06
813.717	  1.87178e+06
814.004	  1.87099e+06
814.291	  1.8702e+06
814.578	  1.8694e+06
814.865	  1.86861e+06
815.152	  1.86781e+06
815.439	  1.86702e+06
815.726	  1.86622e+06
816.013	  1.86542e+06
816.3	  1.86462e+06
816.587	  1.86382e+06
816.874	  1.86302e+06
817.161	  1.86222e+06
817.448	  1.86142e+06
817.735	  1.86062e+06
818.022	  1.85982e+06
818.309	  1.85902e+06
818.596	  1.85821e+06
818.883	  1.85741e+06
819.17	  1.8566e+06
819.457	  1.8558e+06
820.002	  1.85426e+06
820.031	  1.85418e+06
820.059	  1.8541e+06
820.088	  1.85402e+06
820.117	  1.85394e+06
820.146	  1.85386e+06
820.174	  1.85378e+06
820.203	  1.8537e+06
820.232	  1.85362e+06
820.26	  1.85354e+06
820.289	  1.85346e+06
820.318	  1.85338e+06
820.346	  1.85329e+06
820.375	  1.85321e+06
820.404	  1.85313e+06
820.433	  1.85305e+06
820.461	  1.85297e+06
820.49	  1.85289e+06
820.519	  1.85281e+06
820.547	  1.85273e+06
820.576	  1.85265e+06
820.605	  1.85257e+06
820.633	  1.82294e+06
820.662	  1.82285e+06
820.691	  1.82277e+06
820.72	  1.82269e+06
820.748	  1.82261e+06
820.777	  1.82252e+06
820.806	  1.82244e+06
820.834	  1.82236e+06
820.863	  1.82228e+06
820.892	  1.8222e+06
820.92	  1.82211e+06
820.949	  1.82203e+06
820.978	  1.82195e+06
821.007	  1.82187e+06
821.035	  1.82178e+06
821.064	  1.8217e+06
821.093	  1.82162e+06
821.121	  1.82154e+06
821.15	  1.82145e+06
821.179	  1.82137e+06
821.207	  1.82129e+06
821.236	  1.82121e+06
821.265	  1.82112e+06
821.294	  1.82104e+06
821.322	  1.82096e+06
821.351	  1.82088e+06
821.38	  1.82079e+06
821.408	  1.82071e+06
821.437	  1.82063e+06
821.466	  1.82055e+06
821.494	  1.82047e+06
821.523	  1.82038e+06
821.552	  1.8203e+06
821.581	  1.82022e+06
821.609	  1.82014e+06
821.638	  1.82005e+06
821.667	  1.81997e+06
821.695	  1.81989e+06
821.724	  1.81981e+06
821.753	  1.81972e+06
821.781	  1.81964e+06
821.81	  1.81956e+06
821.839	  1.81948e+06
821.868	  1.81939e+06
821.896	  1.81931e+06
821.925	  1.81923e+06
821.954	  1.81914e+06
821.982	  1.81906e+06
822.011	  1.81898e+06
822.011	  1.81898e+06
822.298	  1.81815e+06
822.585	  1.81733e+06
822.872	  1.8165e+06
823.159	  1.81567e+06
823.446	  1.81484e+06
823.733	  1.81401e+06
824.02	  1.81318e+06
824.307	  1.81235e+06
824.594	  1.81152e+06
824.881	  1.81069e+06
825.168	  1.80986e+06
825.455	  1.80903e+06
825.742	  1.80819e+06
826.029	  1.80736e+06
826.316	  1.80652e+06
826.603	  1.80569e+06
826.89	  1.80485e+06
827.177	  1.80401e+06
827.464	  1.80318e+06
827.751	  1.80234e+06
828.038	  1.8015e+06
828.325	  1.80066e+06
828.612	  1.79982e+06
828.899	  1.79898e+06
829.186	  1.79814e+06
829.473	  1.7973e+06
829.76	  1.79646e+06
830.047	  1.79561e+06
830.334	  1.79477e+06
830.621	  1.79393e+06
830.908	  1.79308e+06
831.195	  1.79224e+06
831.482	  1.79139e+06
831.769	  1.79055e+06
832.056	  1.7897e+06
832.343	  1.78885e+06
832.63	  1.788e+06
832.917	  1.78716e+06
833.204	  1.78631e+06
833.491	  1.78546e+06
833.778	  1.78461e+06
834.065	  1.78376e+06
834.352	  1.7829e+06
834.639	  1.78205e+06
834.926	  1.7812e+06
835.213	  1.78035e+06
835.5	  1.77949e+06
835.787	  1.77864e+06
836.074	  1.77779e+06
836.361	  1.77693e+06
836.648	  1.77607e+06
836.935	  1.77522e+06
837.222	  1.77436e+06
837.509	  1.7735e+06
837.796	  1.77265e+06
838.083	  1.77179e+06
838.37	  1.77093e+06
838.657	  1.77007e+06
838.944	  1.76921e+06
839.231	  1.76835e+06
839.518	  1.76749e+06
839.805	  1.76663e+06
840.092	  1.76576e+06
840.379	  1.7649e+06
840.666	  1.76404e+06
840.953	  1.76318e+06
841.24	  1.76231e+06
841.527	  1.76145e+06
841.814	  1.76058e+06
842.101	  1.75972e+06
842.388	  1.75885e+06
842.675	  1.75798e+06
842.962	  1.75712e+06
843.249	  1.75625e+06
843.536	  1.75538e+06
843.823	  1.75451e+06
844.11	  1.75364e+06
844.397	  1.75277e+06
844.684	  1.7519e+06
844.971	  1.75103e+06
845.258	  1.75016e+06
845.545	  1.74929e+06
845.832	  1.74842e+06
846.119	  1.74755e+06
846.406	  1.74667e+06
846.693	  1.7458e+06
846.98	  1.74493e+06
847.267	  1.74405e+06
847.554	  1.74318e+06
847.841	  1.7423e+06
848.128	  1.74143e+06
848.415	  1.74055e+06
848.702	  1.73967e+06
848.989	  1.73879e+06
849.276	  1.73792e+06
849.563	  1.73704e+06
849.85	  1.73616e+06
850.137	  1.73528e+06
850.424	  1.7344e+06
850.711	  1.73352e+06
850.998	  1.73264e+06
851.285	  1.73176e+06
851.572	  1.73088e+06
851.859	  1.73e+06
852.146	  1.72912e+06
852.433	  1.72823e+06
852.72	  1.72735e+06
853.007	  1.72647e+06
853.294	  1.72558e+06
853.581	  1.7247e+06
853.868	  1.72381e+06
854.155	  1.72293e+06
854.442	  1.72204e+06
854.729	  1.72116e+06
855.016	  1.72027e+06
855.303	  1.71938e+06
855.59	  1.7185e+06
855.877	  1.71761e+06
856.164	  1.71672e+06
856.451	  1.71583e+06
856.738	  1.71494e+06
857.025	  1.71406e+06
857.312	  1.71317e+06
857.599	  1.71228e+06
857.886	  1.71139e+06
858.173	  1.71049e+06
858.46	  1.7096e+06
858.747	  1.70871e+06
859.034	  1.70782e+06
859.321	  1.70693e+06
859.608	  1.70603e+06
859.895	  1.70514e+06
860.182	  1.70425e+06
860.469	  1.70335e+06
860.756	  1.70246e+06
861.043	  1.70156e+06
861.33	  1.70067e+06
861.617	  1.69977e+06
861.904	  1.69888e+06
862.191	  1.69798e+06
862.478	  1.69708e+06
862.765	  1.69619e+06
863.052	  1.69529e+06
863.339	  1.69439e+06
863.626	  1.69349e+06
863.913	  1.6926e+06
864.2	  1.6917e+06
864.487	  1.6908e+06
864.774	  1.6899e+06
865.061	  1.689e+06
865.348	  1.6881e+06
865.635	  1.6872e+06
865.922	  1.6863e+06
866.209	  1.68539e+06
866.496	  1.68449e+06
866.783	  1.68359e+06
867.07	  1.68269e+06
867.357	  1.68178e+06
867.644	  1.68088e+06
867.931	  1.67998e+06
868.218	  1.67907e+06
868.505	  1.67817e+06
868.792	  1.67727e+06
869.079	  1.67636e+06
869.366	  1.67546e+06
869.653	  1.67455e+06
869.94	  1.67364e+06
870.227	  1.67274e+06
870.514	  1.67183e+06
870.801	  1.67092e+06
871.088	  1.67002e+06
871.375	  1.66911e+06
871.662	  1.6682e+06
871.949	  1.66729e+06
872.236	  1.66639e+06
872.523	  1.66548e+06
872.81	  1.66457e+06
873.097	  1.66366e+06
873.384	  1.66275e+06
873.671	  1.66184e+06
873.958	  1.66093e+06
874.245	  1.66002e+06
874.532	  1.65911e+06
874.819	  1.6582e+06
875.106	  1.65728e+06
875.393	  1.65637e+06
875.68	  1.65546e+06
875.967	  1.65455e+06
876.254	  1.65364e+06
876.541	  1.65272e+06
876.828	  1.65181e+06
877.115	  1.6509e+06
877.402	  1.64998e+06
877.689	  1.64907e+06
877.976	  1.64815e+06
878.263	  1.64724e+06
878.55	  1.64632e+06
878.837	  1.64541e+06
879.124	  1.64449e+06
879.411	  1.64358e+06
879.698	  1.64266e+06
879.985	  1.64174e+06
880.272	  1.64083e+06
880.559	  1.63991e+06
880.846	  1.63899e+06
881.133	  1.63808e+06
881.42	  1.63716e+06
881.707	  1.63624e+06
881.994	  1.63532e+06
882.281	  1.6344e+06
882.568	  1.63349e+06
882.855	  1.63257e+06
883.142	  1.63165e+06
883.429	  1.63073e+06
883.716	  1.62981e+06
884.003	  1.62889e+06
884.29	  1.62797e+06
884.577	  1.62705e+06
884.864	  1.62613e+06
885.151	  1.62521e+06
885.438	  1.62428e+06
885.725	  1.62336e+06
886.012	  1.62244e+06
886.299	  1.62152e+06
886.586	  1.6206e+06
886.873	  1.61967e+06
887.16	  1.61875e+06
887.447	  1.61783e+06
887.734	  1.61691e+06
888.021	  1.61598e+06
888.308	  1.61506e+06
888.595	  1.61413e+06
888.882	  1.61321e+06
889.169	  1.61229e+06
889.456	  1.61136e+06
889.743	  1.61044e+06
890.03	  1.60951e+06
890.317	  1.60859e+06
890.604	  1.60766e+06
890.891	  1.60674e+06
891.178	  1.60581e+06
891.465	  1.60488e+06
891.752	  1.60396e+06
892.039	  1.60303e+06
892.326	  1.6021e+06
892.613	  1.60118e+06
892.9	  1.60025e+06
893.187	  1.59932e+06
893.474	  1.5984e+06
893.761	  1.59747e+06
894.048	  1.59654e+06
894.335	  1.59561e+06
894.622	  1.59468e+06
894.909	  1.59376e+06
895.196	  1.59283e+06
895.483	  1.5919e+06
895.77	  1.59097e+06
896.057	  1.59004e+06
896.344	  1.58911e+06
896.631	  1.58818e+06
896.918	  1.58725e+06
897.205	  1.58632e+06
897.492	  1.58539e+06
897.779	  1.58446e+06
898.066	  1.58353e+06
898.353	  1.5826e+06
898.64	  1.58167e+06
898.927	  1.58074e+06
899.214	  1.57981e+06
899.501	  1.57887e+06
899.788	  1.57794e+06
900.075	  1.57701e+06
900.362	  1.57608e+06
900.649	  1.57515e+06
900.936	  1.57421e+06
901.223	  1.57328e+06
901.51	  1.57235e+06
901.797	  1.57142e+06
902.084	  1.57048e+06
902.371	  1.56955e+06
902.658	  1.56862e+06
902.945	  1.56768e+06
903.232	  1.56675e+06
903.519	  1.56582e+06
903.806	  1.56488e+06
904.093	  1.56395e+06
904.38	  1.56301e+06
904.667	  1.56208e+06
904.954	  1.56115e+06
905.241	  1.56021e+06
905.528	  1.55928e+06
905.815	  1.55834e+06
906.102	  1.55741e+06
906.389	  1.55647e+06
906.676	  1.55554e+06
906.963	  1.5546e+06
907.25	  1.55366e+06
907.537	  1.55273e+06
907.824	  1.55179e+06
908.111	  1.55086e+06
908.398	  1.54992e+06
908.685	  1.54898e+06
908.972	  1.54805e+06
909.259	  1.54711e+06
909.546	  1.54618e+06
909.833	  1.54524e+06
910.12	  1.5443e+06
910.407	  1.54336e+06
910.694	  1.54243e+06
910.981	  1.54149e+06
911.268	  1.54055e+06
911.555	  1.53962e+06
911.842	  1.53868e+06
912.129	  1.53774e+06
912.416	  1.5368e+06
912.703	  1.53586e+06
912.99	  1.53493e+06
913.277	  1.53399e+06
913.564	  1.53305e+06
913.851	  1.53211e+06
914.138	  1.53117e+06
914.425	  1.53023e+06
914.712	  1.5293e+06
914.999	  1.52836e+06
915.286	  1.52742e+06
915.573	  1.52648e+06
915.86	  1.52554e+06
916.147	  1.5246e+06
916.434	  1.52366e+06
916.721	  1.52272e+06
917.008	  1.52178e+06
917.295	  1.52084e+06
917.582	  1.5199e+06
917.869	  1.51896e+06
918.156	  1.51802e+06
918.443	  1.51708e+06
918.73	  1.51615e+06
919.017	  1.51521e+06
919.304	  1.51426e+06
919.591	  1.51332e+06
919.878	  1.51238e+06
920.165	  1.51144e+06
920.452	  1.5105e+06
920.739	  1.50956e+06
921.026	  1.50862e+06
921.313	  1.50768e+06
921.6	  1.50674e+06
921.887	  1.5058e+06
922.174	  1.50486e+06
922.461	  1.50392e+06
922.748	  1.50298e+06
923.035	  1.50204e+06
923.322	  1.5011e+06
923.609	  1.50015e+06
923.896	  1.49921e+06
924.183	  1.49827e+06
924.47	  1.49733e+06
924.757	  1.49639e+06
925.044	  1.49545e+06
925.331	  1.49451e+06
925.618	  1.49356e+06
925.905	  1.49262e+06
926.192	  1.49168e+06
926.479	  1.49074e+06
926.766	  1.4898e+06
927.053	  1.48885e+06
927.34	  1.48791e+06
927.627	  1.48697e+06
927.914	  1.48603e+06
928.201	  1.48509e+06
928.488	  1.48414e+06
928.775	  1.4832e+06
929.062	  1.48226e+06
929.349	  1.48132e+06
929.636	  1.48038e+06
929.923	  1.47943e+06
930.21	  1.47849e+06
930.497	  1.47755e+06
930.784	  1.47661e+06
931.071	  1.47566e+06
931.358	  1.47472e+06
931.645	  1.47378e+06
931.932	  1.47284e+06
932.219	  1.47189e+06
932.506	  1.47095e+06
932.793	  1.47001e+06
933.08	  1.46907e+06
933.367	  1.46812e+06
933.654	  1.46718e+06
933.941	  1.46624e+06
934.228	  1.46529e+06
934.515	  1.46435e+06
934.802	  1.46341e+06
935.089	  1.46247e+06
935.376	  1.46152e+06
935.663	  1.46058e+06
935.95	  1.45964e+06
936.237	  1.45869e+06
936.524	  1.45775e+06
936.811	  1.45681e+06
937.098	  1.45587e+06
937.385	  1.45492e+06
937.672	  1.45398e+06
937.959	  1.45304e+06
938.246	  1.45209e+06
938.533	  1.45115e+06
938.82	  1.45021e+06
939.107	  1.44927e+06
939.394	  1.44832e+06
939.681	  1.44738e+06
939.968	  1.44644e+06
940.255	  1.44549e+06
940.542	  1.44455e+06
940.829	  1.44361e+06
941.116	  1.44266e+06
941.403	  1.44172e+06
941.69	  1.44078e+06
941.977	  1.43984e+06
942.264	  1.43889e+06
942.551	  1.43795e+06
942.838	  1.43701e+06
943.125	  1.43606e+06
943.412	  1.43512e+06
943.699	  1.43418e+06
943.986	  1.43324e+06
944.273	  1.43229e+06
944.56	  1.43135e+06
944.847	  1.43041e+06
945.134	  1.42946e+06
945.421	  1.42852e+06
945.708	  1.42758e+06
945.995	  1.42664e+06
946.282	  1.42569e+06
946.569	  1.42475e+06
946.856	  1.42381e+06
947.143	  1.42287e+06
947.43	  1.42192e+06
947.717	  1.42098e+06
948.004	  1.42004e+06
948.291	  1.4191e+06
948.578	  1.41815e+06
948.865	  1.41721e+06
949.152	  1.41627e+06
949.439	  1.41533e+06
949.726	  1.41438e+06
950.013	  1.41344e+06
950.3	  1.4125e+06
950.587	  1.41156e+06
950.874	  1.41061e+06
951.161	  1.40967e+06
951.448	  1.40873e+06
951.735	  1.40779e+06
952.022	  1.40685e+06
952.309	  1.4059e+06
952.596	  1.40496e+06
952.883	  1.40402e+06
953.17	  1.40308e+06
953.457	  1.40214e+06
953.744	  1.4012e+06
954.031	  1.40025e+06
954.318	  1.39931e+06
954.605	  1.39837e+06
954.892	  1.39743e+06
955.179	  1.39649e+06
955.466	  1.39555e+06
955.753	  1.3946e+06
956.04	  1.39366e+06
956.327	  1.39272e+06
956.614	  1.39178e+06
956.901	  1.39084e+06
957.188	  1.3899e+06
957.475	  1.38896e+06
957.762	  1.38802e+06
958.049	  1.38708e+06
958.336	  1.38613e+06
958.623	  1.38519e+06
958.91	  1.38425e+06
959.197	  1.38331e+06
959.484	  1.38237e+06
959.771	  1.38143e+06
960.058	  1.38049e+06
960.345	  1.37955e+06
960.632	  1.37861e+06
960.919	  1.37767e+06
961.206	  1.37673e+06
961.493	  1.37579e+06
961.78	  1.37485e+06
962.067	  1.37391e+06
962.354	  1.37297e+06
962.641	  1.37203e+06
962.928	  1.37109e+06
963.215	  1.37015e+06
963.502	  1.36921e+06
963.789	  1.36827e+06
964.076	  1.36733e+06
964.363	  1.36639e+06
964.65	  1.36546e+06
964.937	  1.36452e+06
965.224	  1.36358e+06
965.511	  1.36264e+06
965.798	  1.3617e+06
966.085	  1.36076e+06
966.372	  1.35982e+06
966.659	  1.35888e+06
966.946	  1.35795e+06
967.233	  1.35701e+06
967.52	  1.35607e+06
967.807	  1.35513e+06
968.094	  1.35419e+06
968.381	  1.35325e+06
968.668	  1.35232e+06
968.955	  1.35138e+06
969.242	  1.35044e+06
969.529	  1.3495e+06
969.816	  1.34857e+06
970.103	  1.34763e+06
970.39	  1.34669e+06
970.677	  1.34575e+06
970.964	  1.34482e+06
971.251	  1.34388e+06
971.538	  1.34294e+06
971.825	  1.34201e+06
972.112	  1.34107e+06
972.399	  1.34013e+06
972.686	  1.3392e+06
972.973	  1.33826e+06
973.26	  1.33733e+06
973.547	  1.33639e+06
973.834	  1.33545e+06
974.121	  1.33452e+06
974.408	  1.33358e+06
974.695	  1.33265e+06
974.982	  1.33171e+06
975.269	  1.33078e+06
975.556	  1.32984e+06
975.843	  1.3289e+06
976.13	  1.32797e+06
976.417	  1.32703e+06
976.704	  1.3261e+06
976.991	  1.32517e+06
977.278	  1.32423e+06
977.565	  1.3233e+06
977.852	  1.32236e+06
978.139	  1.32143e+06
978.426	  1.32049e+06
978.713	  1.31956e+06
979	  1.31863e+06
979.287	  1.31769e+06
979.574	  1.31676e+06
979.861	  1.31583e+06
980.148	  1.31489e+06
980.435	  1.31396e+06
980.722	  1.31303e+06
981.009	  1.31209e+06
981.296	  1.31116e+06
981.583	  1.31023e+06
981.87	  1.3093e+06
982.157	  1.30836e+06
982.444	  1.30743e+06
982.731	  1.3065e+06
983.018	  1.30557e+06
983.305	  1.30464e+06
983.592	  1.3037e+06
983.879	  1.30277e+06
984.166	  1.30184e+06
984.453	  1.30091e+06
984.74	  1.29998e+06
985.027	  1.29905e+06
985.314	  1.29812e+06
985.601	  1.29719e+06
985.888	  1.29626e+06
986.175	  1.29533e+06
986.462	  1.2944e+06
986.749	  1.29347e+06
987.036	  1.29254e+06
987.323	  1.29161e+06
987.61	  1.29068e+06
987.897	  1.28975e+06
988.184	  1.28882e+06
988.471	  1.28789e+06
988.758	  1.28696e+06
989.045	  1.28603e+06
989.332	  1.2851e+06
989.619	  1.28417e+06
989.906	  1.28325e+06
990.193	  1.28232e+06
990.48	  1.28139e+06
990.767	  1.28046e+06
991.054	  1.27953e+06
991.341	  1.27861e+06
991.628	  1.27768e+06
991.915	  1.27675e+06
992.202	  1.27582e+06
992.489	  1.2749e+06
992.776	  1.27397e+06
993.063	  1.27304e+06
993.35	  1.27212e+06
993.637	  1.27119e+06
993.924	  1.27027e+06
994.211	  1.26934e+06
994.498	  1.26841e+06
994.785	  1.26749e+06
995.072	  1.26656e+06
995.359	  1.26564e+06
995.646	  1.26471e+06
995.933	  1.26379e+06
996.22	  1.26286e+06
996.507	  1.26194e+06
996.794	  1.26101e+06
997.081	  1.26009e+06
997.368	  1.25917e+06
997.655	  1.25824e+06
997.942	  1.25732e+06
998.229	  1.25639e+06
998.516	  1.25547e+06
998.803	  1.25455e+06
999.09	  1.25363e+06
999.377	  1.2527e+06
999.664	  1.25178e+06
999.951	  1.25086e+06
1000.24	  1.24994e+06
1000.52	  1.24901e+06
1000.81	  1.24809e+06
1001.1	  1.24717e+06
1001.39	  1.24625e+06
1001.67	  1.24533e+06
1001.96	  1.24441e+06
1002.25	  1.24349e+06
1002.53	  1.24256e+06
1002.82	  1.24164e+06
1003.11	  1.24072e+06
1003.39	  1.2398e+06
1003.68	  1.23888e+06
1003.97	  1.23796e+06
1004.26	  1.23704e+06
1004.54	  1.23613e+06
1004.83	  1.23521e+06
1005.12	  1.23429e+06
1005.4	  1.23337e+06
1005.69	  1.23245e+06
1005.98	  1.23153e+06
1006.26	  1.23061e+06
1006.55	  1.2297e+06
1006.84	  1.22878e+06
1007.13	  1.22786e+06
1007.41	  1.22694e+06
1007.7	  1.22603e+06
1007.99	  1.22511e+06
1008.27	  1.22419e+06
1008.56	  1.22327e+06
1008.85	  1.22236e+06
1009.13	  1.22144e+06
1009.42	  1.22053e+06
1009.71	  1.21961e+06
1010	  1.21869e+06
1010.28	  1.21778e+06
1010.57	  1.21686e+06
1010.86	  1.21595e+06
1011.14	  1.21503e+06
1011.43	  1.21412e+06
1011.72	  1.21321e+06
1012	  1.21229e+06
1012.29	  1.21138e+06
1012.58	  1.21046e+06
1012.87	  1.20955e+06
1013.15	  1.20864e+06
1013.44	  1.20772e+06
1013.73	  1.20681e+06
1014.01	  1.2059e+06
1014.3	  1.20499e+06
1014.59	  1.20407e+06
1014.88	  1.20316e+06
1015.16	  1.20225e+06
1015.45	  1.20134e+06
1015.74	  1.20043e+06
1016.02	  1.19952e+06
1016.31	  1.19861e+06
1016.6	  1.1977e+06
1016.88	  1.19678e+06
1017.17	  1.19587e+06
1017.46	  1.19496e+06
1017.75	  1.19405e+06
1018.03	  1.19315e+06
1018.32	  1.19224e+06
1018.61	  1.19133e+06
1018.89	  1.19042e+06
1019.18	  1.18951e+06
1019.47	  1.1886e+06
1019.98	  1.18699e+06
1021.08	  1.18352e+06
1022.17	  1.18004e+06
1023.27	  1.17657e+06
1024.38	  1.1731e+06
1025.47	  1.16964e+06
1026.58	  1.16618e+06
1027.67	  1.16272e+06
1028.78	  1.15926e+06
1029.88	  1.15581e+06
1030.97	  1.15237e+06
1032.08	  1.14892e+06
1033.17	  1.14549e+06
1034.28	  1.14205e+06
1035.38	  1.13862e+06
1036.47	  1.13519e+06
1037.58	  1.13177e+06
1038.67	  1.12835e+06
1039.78	  1.12493e+06
1040.88	  1.12152e+06
1041.97	  1.11811e+06
1043.08	  1.1147e+06
1044.17	  1.1113e+06
1045.28	  1.1079e+06
1046.38	  1.10451e+06
1047.47	  1.10112e+06
1048.58	  1.09774e+06
1049.67	  1.09436e+06
1050.78	  1.09098e+06
1051.88	  1.08761e+06
1052.97	  1.08424e+06
1054.08	  1.08088e+06
1055.17	  1.07752e+06
1056.28	  1.07416e+06
1057.38	  1.07081e+06
1058.47	  1.06746e+06
1059.58	  1.06412e+06
1060.67	  1.06078e+06
1061.78	  1.05745e+06
1062.88	  1.05412e+06
1063.97	  1.0508e+06
1065.08	  1.04747e+06
1066.17	  1.04416e+06
1067.28	  1.04085e+06
1068.38	  1.03754e+06
1069.47	  1.03424e+06
1070.58	  1.03094e+06
1071.67	  1.02765e+06
1072.78	  1.02436e+06
1073.88	  1.02107e+06
1074.97	  1.01779e+06
1076.08	  1.01452e+06
1077.17	  1.01125e+06
1078.28	  1.00798e+06
1079.38	  1.00472e+06
1080.47	  1.00146e+06
1081.58	  998213
1082.67	  994966
1083.78	  991724
1084.88	  988487
1085.97	  985255
1087.08	  982027
1088.17	  978805
1089.28	  975587
1090.38	  972374
1091.47	  969166
1092.58	  965963
1093.67	  962765
1094.78	  959572
1095.88	  956384
1096.97	  953201
1098.08	  950023
1099.17	  946850
1100.28	  943682
1101.38	  940519
1102.47	  937361
1103.58	  934208
1104.67	  931060
1105.78	  927918
1106.88	  924780
1107.97	  921648
1109.08	  918521
1110.17	  915399
1111.28	  912282
1112.38	  909170
1113.47	  906064
1114.58	  902963
1115.67	  899867
1116.78	  896776
1117.88	  893691
1118.97	  890611
1120.08	  887536
1121.17	  884466
1122.28	  881402
1123.38	  878343
1124.47	  875290
1125.58	  872241
1126.67	  869199
1127.78	  866161
1128.88	  863129
1129.97	  860103
1131.08	  857081
1132.17	  854066
1133.28	  851055
1134.38	  848050
1135.47	  845051
1136.58	  842057
1137.67	  839068
1138.78	  836085
1139.88	  833108
1140.97	  830136
1142.08	  827169
1143.17	  824208
1144.28	  821253
1145.38	  818303
1146.47	  815358
1147.58	  812420
1148.67	  809486
1149.78	  806559
1150.88	  803637
1151.97	  800720
1153.08	  797809
1154.17	  794904
1155.28	  792004
1156.38	  789110
1157.47	  786222
1158.58	  783339
1159.67	  780462
1160.78	  777590
1161.88	  774725
1162.97	  771865
1164.08	  769010
1165.17	  766161
1166.28	  763318
1167.38	  760481
1168.47	  757649
1169.58	  754823
1170.67	  752003
1171.78	  749189
1172.88	  746380
1173.97	  743577
1175.08	  740779
1176.17	  737988
1177.28	  735202
1178.38	  732422
1179.47	  729648
1180.58	  726879
1181.67	  724117
1182.78	  721360
1183.88	  718608
1184.97	  715863
1186.08	  713123
1187.17	  710390
1188.28	  707662
1189.38	  704940
1190.47	  702223
1191.58	  699513
1192.67	  696808
1193.78	  694109
1194.88	  691416
1195.97	  688729
1197.08	  686047
1198.17	  683372
1199.28	  680702
1200.38	  678038
1201.47	  675380
1202.58	  672728
1203.67	  670082
1204.78	  667442
1205.88	  664807
1206.97	  662178
1208.08	  659555
1209.17	  656939
1210.28	  654328
1211.38	  651722
1212.47	  649123
1213.58	  646530
1214.67	  643942
1215.78	  641361
1216.88	  638785
1217.97	  636215
1219.08	  633651
1220.17	  631093
1221.28	  628541
1222.38	  625995
1223.47	  623454
1224.58	  620920
1225.67	  618391
1226.78	  615869
1227.88	  613352
1228.97	  610841
1230.08	  608336
1231.17	  605838
1232.28	  603345
1233.38	  600857
1234.47	  598376
1235.58	  595901
1236.67	  593432
1237.78	  590968
1238.88	  588511
1239.97	  586059
1241.08	  583614
1242.17	  581174
1243.28	  578740
1244.38	  576312
1245.47	  573891
1246.58	  571475
1247.67	  569065
1248.78	  566660
1249.88	  564262
1250.97	  561870
1252.08	  559484
1253.17	  557103
1254.28	  554729
1255.38	  552361
1256.47	  549998
1257.58	  547641
1258.67	  545291
1259.78	  542946
1260.88	  540607
1261.97	  538274
1263.08	  535947
1264.17	  533626
1265.28	  531311
1266.38	  529002
1267.47	  526699
1268.58	  524402
1269.67	  522110
1270.78	  519825
1271.88	  517545
1272.97	  515272
1274.08	  513004
1275.17	  510742
1276.28	  508487
1277.38	  506237
1278.47	  503993
1279.58	  501755
1280.67	  499523
1281.78	  497297
1282.88	  495076
1283.97	  492862
1285.08	  490654
1286.17	  488451
1287.28	  486255
1288.38	  484064
1289.47	  481879
1290.58	  479701
1291.67	  477528
1292.78	  475361
1293.88	  473200
1294.97	  471044
1296.08	  468895
1297.17	  466752
1298.28	  464614
1299.38	  462483
1300.47	  460357
1301.58	  458238
1302.67	  456124
1303.78	  454016
1304.88	  451914
1305.97	  449818
1307.08	  447727
1308.17	  445643
1309.28	  443565
1310.38	  441492
1311.47	  439425
1312.58	  437365
1313.67	  435310
1314.78	  433261
1315.88	  431217
1316.97	  429180
1318.08	  427149
1319.17	  425123
1320.28	  423103
1321.38	  421090
1322.47	  419082
1323.58	  417080
1324.67	  415083
1325.78	  413093
1326.88	  411109
1327.97	  409130
1329.08	  407157
1330.17	  405190
1331.28	  403229
1332.38	  401274
1333.47	  399325
1334.58	  397381
1335.67	  395443
1336.78	  393511
1337.88	  391585
1338.97	  389665
1340.08	  387751
1341.17	  385842
1342.28	  383940
1343.38	  382043
1344.47	  380152
1345.58	  378267
1346.67	  376387
1347.78	  374514
1348.88	  372646
1349.97	  370784
1351.08	  368928
1352.17	  367077
1353.28	  365233
1354.38	  363394
1355.47	  361561
1356.58	  359734
1357.67	  357913
1358.78	  356097
1359.88	  354287
1360.97	  352483
1362.08	  350685
1363.17	  348893
1364.28	  347106
1365.38	  345325
1366.47	  343550
1367.58	  341781
1368.67	  340017
1369.78	  338260
1370.88	  336508
1371.97	  334761
1373.08	  333021
1374.17	  331286
1375.28	  329557
1376.38	  327834
1377.47	  326117
1378.58	  324405
1379.67	  322699
1380.78	  320999
1381.88	  319304
1382.97	  317616
1384.08	  315933
1385.17	  314255
1386.28	  312584
1387.38	  310918
1388.47	  309258
1389.58	  307604
1390.67	  305955
1391.78	  304312
1392.88	  302675
1393.97	  301044
1395.08	  299418
1396.17	  297798
1397.28	  296184
1398.38	  294575
1399.47	  292972
1400.58	  291375
1401.67	  289784
1402.78	  288198
1403.88	  286618
1404.97	  285044
1406.08	  283475
1407.17	  281912
1408.28	  280355
1409.38	  278803
1410.47	  277257
1411.58	  275717
1412.67	  274182
1413.78	  272653
1414.88	  271130
1415.97	  269613
1417.08	  268101
1418.17	  266595
1419.28	  265094
1420.38	  263599
1421.47	  262110
1422.58	  260627
1423.67	  259149
1424.78	  257677
1425.88	  256210
1426.97	  254750
1428.08	  253294
1429.17	  251845
1430.28	  250401
1431.38	  248963
1432.47	  247530
1433.58	  246103
1434.67	  244682
1435.78	  243266
1436.88	  241856
1437.97	  240452
1439.08	  239053
1440.17	  237660
1441.28	  236273
1442.38	  234891
1443.47	  233515
1444.58	  232145
1445.67	  230780
1446.78	  229421
1447.88	  228067
1448.97	  226719
1450.08	  225377
1451.17	  224040
1452.28	  222709
1453.38	  221384
1454.47	  220064
1455.58	  218750
1456.67	  217441
1457.78	  216138
1458.88	  210262
1459.97	  208969
1461.08	  207682
1462.17	  206401
1463.28	  205125
1464.38	  203855
1465.47	  202591
1466.58	  201332
1467.67	  200079
1468.78	  198832
1469.88	  197590
1470.97	  196354
1472.08	  195123
1473.17	  193898
1474.28	  192679
1475.38	  191465
1476.47	  190257
1477.58	  189055
1478.67	  187858
1479.78	  186667
1480.88	  185482
1481.97	  184302
1483.08	  183128
1484.17	  181959
1485.28	  180796
1486.38	  179639
1487.47	  178487
1488.58	  177341
1489.67	  176201
1490.78	  175066
1491.88	  173937
1492.97	  172814
1494.08	  171696
1495.17	  170584
1496.28	  169478
1497.38	  168377
1498.47	  167282
1499.58	  166193
1500.67	  165109
1501.78	  164031
1502.88	  162959
1503.97	  161893
1505.08	  160832
1506.17	  159776
1507.28	  158727
1508.38	  157683
1509.47	  156645
1510.58	  155612
1511.67	  154586
1512.78	  153564
1513.88	  152549
1514.97	  151540
1516.08	  150536
1517.17	  149537
1518.28	  148545
1519.38	  147558
1520.47	  146577
1521.58	  145602
1522.67	  144633
1523.78	  143669
1524.88	  142711
1525.97	  141759
1527.08	  140813
1528.17	  139872
1529.28	  138937
1530.38	  138008
1531.47	  137085
1532.58	  136168
1533.67	  135256
1534.78	  134350
1535.88	  133450
1536.97	  132556
1538.08	  131668
1539.17	  130786
1540.28	  129909
1541.38	  129039
1542.47	  128174
1543.58	  127315
1544.67	  126462
1545.78	  125616
1546.88	  124774
1547.97	  123939
1549.08	  123110
1550.17	  122287
1551.28	  121470
1552.38	  120659
1553.47	  119853
1554.58	  119054
1555.67	  118261
1556.78	  117474
1557.88	  116693
1558.97	  115918
1560.08	  115149
1561.17	  114386
1562.28	  113630
1563.38	  112879
1564.47	  112135
1565.58	  111397
1566.67	  110665
1567.78	  109939
1568.88	  109219
1569.97	  108506
1571.08	  107799
1572.17	  107098
1573.28	  106404
1574.38	  105716
1575.47	  105034
1576.58	  104359
1577.67	  103690
1578.78	  103027
1579.88	  102371
1580.97	  101722
1582.08	  101079
1583.17	  100442
1584.28	  99812.6
1585.38	  99189.4
1586.47	  98572.9
1587.58	  97963.1
1588.67	  97359.9
1589.78	  96763.6
1590.88	  96174.1
1591.97	  95591.4
1593.08	  95015.6
1594.17	  94446.7
1595.28	  93884.9
1596.38	  93330
1597.47	  92782.3
1598.58	  92241.6
1599.67	  91708.2
1600.78	  91182
1601.88	  90663.1
1602.97	  90151.6
1604.08	  89647.5
1605.17	  89150.9
1606.28	  88661.9
1607.38	  88180.6
1608.47	  87707
1609.58	  87241.2
1610.67	  86783.4
1611.78	  86333.5
1612.88	  85891.8
1613.97	  85458.3
1615.08	  85033.1
1616.17	  84616.4
1617.28	  84208.3
1618.38	  83808.9
1619.47	  83418.4
1620.58	  83036.9
1621.67	  82664.7
1622.78	  82301.9
1623.88	  81948.7
1624.97	  81605.4
1626.08	  81272.2
1627.17	  80949.4
1628.28	  80637.2
1629.38	  80336.2
1630.47	  80046.6
1631.58	  79769
1632.67	  79503.8
1633.78	  79251.7
1634.88	  79013.4
1635.97	  78789.9
1637.08	  78582.5
1638.17	  78392.6
1639.28	  78222.6
1640.38	  78076.3
1641.47	  77961.4
1642.58	  77900.4
1643.67	  77850.7
1644.78	  77800.9
1645.88	  77751.2
1646.97	  77701.5
1648.08	  77651.8
1649.17	  77602.1
1650.28	  77552.5
1651.38	  77502.8
1652.47	  77453.2
1653.58	  77403.6
1654.67	  77354.1
1655.78	  77304.5
1656.88	  77255
1657.97	  77205.5
1659.08	  77156
1660.17	  77106.5
1661.28	  77057
1662.38	  77007.6
1663.47	  76958.2
1664.58	  76908.8
1665.67	  76859.4
1666.78	  76810
1667.88	  76760.7
1668.97	  76711.4
1670.08	  76662.1
1671.17	  76612.8
1672.28	  76563.5
1673.38	  76514.3
1674.47	  76465.1
1675.58	  76415.9
1676.67	  76366.7
1677.78	  76317.6
1678.88	  76268.4
1679.97	  76219.3
1681.08	  76170.2
1682.17	  76121.1
1683.28	  76072.1
1684.38	  76023.1
1685.47	  75974.1
1686.58	  75925.1
1687.67	  75876.1
1688.78	  75827.2
1689.88	  75778.2
1690.97	  75729.3
1692.08	  75680.5
1693.17	  75631.6
1694.28	  75582.8
1695.38	  75534
1696.47	  75485.2
1697.58	  75436.4
1698.67	  75387.6
1699.78	  75338.9
1700.88	  75290.2
1701.97	  75241.5
1703.08	  75192.9
1704.17	  75144.2
1705.28	  75095.6
1706.38	  75047
1707.47	  74998.5
1708.58	  74949.9
1709.67	  74901.4
1710.78	  74852.9
1711.88	  74804.4
1712.97	  74756
1714.08	  74707.5
1715.17	  74659.1
1716.28	  74610.7
1717.38	  74562.4
1718.47	  74514
1719.58	  74465.7
1720.67	  74417.4
1721.78	  74369.2
1722.88	  74320.9
1723.97	  74272.7
1725.08	  74224.5
1726.17	  74176.3
1727.28	  74128.2
1728.38	  74080
1729.47	  74031.9
1730.58	  73983.8
1731.67	  73935.8
1732.78	  73887.8
1733.88	  73839.7
1734.97	  73791.8
1736.08	  73743.8
1737.17	  73695.9
1738.28	  73647.9
1739.38	  73600.1
1740.47	  73552.2
1741.58	  73504.4
1742.67	  73456.5
1743.78	  73408.7
1744.88	  73361
1745.97	  73313.2
1747.08	  73265.5
1748.17	  73217.8
1749.28	  73170.2
1750.38	  73122.5
1751.47	  73074.9
1752.58	  73027.3
1753.67	  72979.7
1754.78	  72932.2
1755.88	  72884.7
1756.97	  72837.2
1758.08	  72789.7
1759.17	  72742.3
1760.28	  72694.8
1761.38	  72647.4
1762.47	  72600.1
1763.58	  72552.7
1764.67	  72505.4
1765.78	  72458.1
1766.88	  72410.8
1767.97	  72363.6
1769.08	  72316.4
1770.17	  72269.2
1771.28	  72222
1772.38	  72174.9
1773.47	  72127.8
1774.58	  72080.7
1775.67	  72033.6
1776.78	  71986.6
1777.88	  71939.6
1778.97	  71892.6
1780.08	  71845.6
1781.17	  71798.7
1782.28	  71751.8
1783.38	  71704.9
1784.47	  71658
1785.58	  71611.2
1786.67	  71564.4
1787.78	  71517.6
1788.88	  71470.9
1789.97	  71424.1
1791.08	  71377.4
1792.17	  71330.8
1793.28	  71284.1
1794.38	  71237.5
1795.47	  71190.9
1796.58	  71144.3
1797.67	  71097.8
1798.78	  71051.3
1799.88	  71004.8
1800.97	  70958.3
1802.08	  70911.9
1803.17	  70865.5
1804.28	  70819.1
1805.38	  70772.7
1806.47	  70726.4
1807.58	  70680.1
1808.67	  70633.8
1809.78	  70587.6
1810.88	  70541.4
1811.97	  70495.2
1813.08	  70449
1814.17	  70402.8
1815.28	  70356.7
1816.38	  70310.6
1817.47	  70264.6
1818.58	  70218.5
1819.67	  70172.5
1820.78	  70126.6
1821.88	  70080.6
1822.97	  70034.7
1824.08	  69988.8
1825.17	  69942.9
1826.28	  69897.1
1827.38	  69851.2
1828.47	  69805.5
1829.58	  69759.7
1830.67	  69714
1831.78	  69668.2
1832.88	  69622.6
1833.97	  69576.9
1835.08	  69531.3
1836.17	  69485.7
1837.28	  69440.1
1838.38	  69394.6
1839.47	  69349.1
1840.58	  69303.6
1841.67	  69258.1
1842.78	  69212.7
1843.88	  69167.3
1844.97	  69121.9
1846.08	  69076.5
1847.17	  69031.2
1848.28	  68985.9
1849.38	  68940.6
1850.47	  68895.4
1851.58	  68850.2
1852.67	  68805
1853.78	  68759.9
1854.88	  68714.7
1855.97	  68669.6
1857.08	  68624.6
1858.17	  68579.5
1859.28	  68534.5
1860.38	  68489.5
1861.47	  68444.5
1862.58	  68399.6
1863.67	  68354.7
1864.78	  68309.8
1865.88	  68265
1866.97	  68220.1
1868.08	  68175.4
1869.17	  68130.6
1870.28	  68085.9
1871.38	  68041.1
1872.47	  67996.5
1873.58	  67951.8
1874.67	  67907.2
1875.78	  67862.6
1876.88	  67818
1877.97	  67773.5
1879.08	  67729
1880.17	  67684.5
1881.28	  67640
1882.38	  67595.6
1883.47	  67551.2
1884.58	  67506.8
1885.67	  67462.5
1886.78	  67418.2
1887.88	  67373.9
1888.97	  67329.6
1890.08	  67285.4
1891.17	  67241.2
1892.28	  67197
1893.38	  67152.9
1894.47	  67108.8
1895.58	  67064.7
1896.67	  67020.6
1897.78	  66976.6
1898.88	  66932.6
1899.97	  66888.6
1901.08	  66844.7
1902.17	  66800.7
1903.28	  66756.9
1904.38	  66713
1905.47	  66669.2
1906.58	  66625.4
1907.67	  66581.6
1908.78	  66537.8
1909.88	  66494.1
1910.97	  66450.4
1912.08	  66406.8
1913.17	  66363.1
1914.28	  66319.5
1915.38	  66276
1916.47	  66232.4
1917.58	  66188.9
1918.67	  66145.4
1919.78	  66102
1920.88	  66058.5
1921.97	  66015.1
1923.08	  65971.8
1924.17	  65928.4
1925.28	  65885.1
1926.38	  65841.8
1927.47	  65798.5
1928.58	  65755.3
1929.67	  65712.1
1930.78	  65668.9
1931.88	  65625.8
1932.97	  65582.7
1934.08	  65539.6
1935.17	  65496.5
1936.28	  65453.5
1937.38	  65410.5
1938.47	  65367.5
1939.58	  65324.6
1940.67	  65281.7
1941.78	  65238.8
1942.88	  65195.9
1943.97	  65153.1
1945.08	  65110.3
1946.17	  65067.6
1947.28	  65024.8
1948.38	  64982.1
1949.47	  64939.4
1950.58	  64896.8
1951.67	  64854.1
1952.78	  64811.5
1953.88	  64769
1954.97	  64726.4
1956.08	  64683.9
1957.17	  64641.4
1958.28	  64599
1959.38	  64556.6
1960.47	  64514.2
1961.58	  64471.8
1962.67	  64429.5
1963.78	  64387.2
1964.88	  64344.9
1965.97	  64302.6
1967.08	  64260.4
1968.17	  64218.2
1969.28	  64176.1
1970.38	  64133.9
1971.47	  64091.8
1972.58	  64049.8
1973.67	  64007.7
1974.78	  63965.7
1975.88	  63923.7
1976.97	  63881.7
1978.08	  63839.8
1979.17	  63797.9
1980.28	  63756
1981.38	  63714.2
1982.47	  63672.4
1983.58	  63630.6
1984.67	  63588.8
1985.78	  63547.1
1986.88	  63505.4
1987.97	  63463.7
1989.08	  63422.1
1990.17	  63380.5
1991.28	  63338.9
1992.38	  63297.3
1993.47	  63255.8
1994.58	  63214.3
1995.67	  63172.9
1996.78	  63131.4
1997.88	  63090
1998.97	  63048.6
2000.08	  63007.3
2001.17	  62965.9
2002.28	  62924.7
2003.38	  62883.4
2004.47	  62842.1
2005.58	  62800.9
2006.67	  62759.8
2007.78	  62718.6
2008.88	  62677.5
2009.97	  62636.4
2011.08	  62595.3
2012.17	  62554.3
2013.28	  62513.3
2014.38	  62472.3
2015.47	  62431.4
2016.58	  62390.5
2017.67	  62349.6
2018.78	  62308.7
2019.88	  62267.9
2020.97	  62227.1
2022.08	  62186.3
2023.18	  62145.5
2024.28	  62104.8
2025.38	  62064.1
2026.47	  62023.5
2027.58	  61982.9
2028.68	  61942.3
2029.78	  61901.7
2030.88	  61861.1
2031.97	  61820.6
2033.08	  61780.1
2034.18	  61739.7
2035.28	  61699.3
2036.38	  61658.9
2037.47	  61618.5
2038.58	  61578.2
2039.68	  61537.8
2040.78	  61497.6
2041.88	  61457.3
2042.97	  61417.1
2044.08	  61376.9
2045.18	  61336.7
2046.28	  61296.6
2047.38	  61256.5
2048.47	  61216.4
2049.57	  61176.3
2050.68	  61136.3
2051.78	  61096.3
2052.88	  61056.3
2053.97	  61016.4
2055.07	  60976.5
2056.18	  60936.6
2057.28	  60896.8
2058.38	  60856.9
2059.47	  60817.2
2060.57	  60777.4
2061.68	  60737.6
2062.78	  60697.9
2063.88	  60658.3
2064.97	  60618.6
2066.07	  60579
2067.18	  60539.4
2068.28	  60499.8
2069.38	  60460.3
2070.47	  60420.8
2071.57	  60381.3
2072.68	  60341.9
2073.78	  60302.4
2074.88	  60263.1
2075.97	  60223.7
2077.07	  60184.4
2078.18	  60145
2079.28	  60105.8
2080.38	  60066.5
2081.47	  60027.3
2082.57	  59988.1
2083.68	  59948.9
2084.78	  59909.8
2085.88	  59870.7
2086.97	  59831.6
2088.07	  59792.6
2089.18	  59753.6
2090.28	  59714.6
2091.38	  59675.6
2092.47	  59636.7
2093.57	  59597.8
2094.68	  59558.9
2095.78	  59520
2096.88	  59481.2
2097.97	  59442.4
2099.07	  59403.7
2100.18	  59364.9
2101.28	  59326.2
2102.38	  59287.5
2103.47	  59248.9
2104.57	  59210.3
2105.68	  59171.7
2106.78	  59133.1
2107.88	  59094.6
2108.97	  59056.1
2110.07	  59017.6
2111.18	  58979.1
2112.28	  58940.7
2113.38	  58902.3
2114.47	  58863.9
2115.57	  58825.6
2116.68	  58787.3
2117.78	  58749
2118.88	  58710.8
2119.97	  58672.5
2121.07	  58634.3
2122.18	  58596.2
2123.28	  58558
2124.38	  58519.9
2125.47	  58481.8
2126.57	  58443.8
2127.68	  58405.7
2128.78	  58367.7
2129.88	  58329.8
2130.97	  58291.8
2132.07	  58253.9
2133.18	  58216
2134.28	  58178.2
2135.38	  58140.3
2136.47	  58102.5
2137.57	  58064.8
2138.68	  58027
2139.78	  57989.3
2140.88	  57951.6
2141.97	  57914
2143.07	  57876.3
2144.18	  57838.7
2145.28	  57801.1
2146.38	  57763.6
2147.47	  57726.1
2148.57	  57688.6
2149.68	  57651.1
2150.78	  57613.7
2151.88	  57576.3
2152.97	  57538.9
2154.07	  57501.5
2155.18	  57464.2
2156.28	  57426.9
2157.38	  57389.6
2158.47	  57352.4
2159.57	  57315.2
2160.68	  57278
2161.78	  57240.8
2162.88	  57203.7
2163.97	  57166.6
2165.07	  57129.5
2166.18	  57092.5
2167.28	  57055.5
2168.38	  57018.5
2169.47	  56981.5
2170.57	  56944.6
2171.68	  56907.6
2172.78	  56870.8
2173.88	  56833.9
2174.97	  56797.1
2176.07	  56760.3
2177.18	  56723.5
2178.28	  56686.8
2179.38	  56650.1
2180.47	  56613.4
2181.57	  56576.7
2182.68	  56540.1
2183.78	  56503.5
2184.88	  56466.9
2185.97	  56430.4
2187.07	  56393.8
2188.18	  56357.3
2189.28	  56320.9
2190.38	  56284.4
2191.47	  56248
2192.57	  56211.6
2193.68	  56175.3
2194.78	  56139
2195.88	  56102.6
2196.97	  56066.4
2198.07	  56030.1
2199.18	  55993.9
2200.28	  55957.7
2201.38	  55921.6
2202.47	  55885.4
2203.57	  55849.3
2204.68	  55813.2
2205.78	  55777.2
2206.88	  55741.1
2207.97	  55705.1
2209.07	  55669.2
2210.18	  55633.2
2211.28	  55597.3
2212.38	  55561.4
2213.47	  55525.5
2214.57	  55489.7
2215.68	  55453.9
2216.78	  55418.1
2217.88	  55382.4
2218.97	  55346.6
2220.07	  55310.9
2221.18	  55275.2
2222.28	  55239.6
2223.38	  55204
2224.47	  55168.4
2225.57	  55132.8
2226.68	  55097.3
2227.78	  55061.8
2228.88	  55026.3
2229.97	  54990.8
2231.07	  54955.4
2232.18	  54920
2233.28	  54884.6
2234.38	  54849.3
2235.47	  54813.9
2236.57	  54778.6
2237.68	  54743.4
2238.78	  54708.1
2239.88	  54672.9
2240.97	  54637.7
2242.07	  54602.6
2243.18	  54567.4
2244.28	  54532.3
2245.38	  54497.2
2246.47	  54462.2
2247.57	  54427.2
2248.68	  54392.1
2249.78	  54357.2
2250.88	  54322.2
2251.97	  54287.3
2253.07	  54252.4
2254.18	  54217.5
2255.28	  54182.7
2256.38	  54147.9
2257.47	  54113.1
2258.57	  54078.3
2259.68	  54043.6
2260.78	  54008.9
2261.88	  53974.2
2262.97	  53939.6
2264.07	  53904.9
2265.18	  53870.3
2266.28	  53835.8
2267.38	  53801.2
2268.47	  53766.7
2269.57	  53732.2
2270.68	  53697.7
2271.78	  53663.3
2272.88	  53628.9
2273.97	  53594.5
2275.07	  53560.1
2276.18	  53525.8
2277.28	  53491.4
2278.38	  53457.2
2279.47	  53422.9
2280.57	  52413
2281.68	  52379.2
2282.78	  52345.5
2283.88	  52311.8
2284.97	  52278.2
2286.07	  52244.5
2287.18	  52210.9
2288.28	  52177.3
2289.38	  52143.8
2290.47	  52110.2
2291.57	  52076.7
2292.68	  52043.3
2293.78	  52009.8
2294.88	  51976.4
2295.97	  51943
2297.07	  51909.6
2298.18	  51876.2
2299.28	  51842.9
2300.38	  51809.6
2301.47	  51776.3
2302.57	  51743.1
2303.68	  51709.9
2304.78	  51676.7
2305.88	  51643.5
2306.97	  51610.4
2308.07	  51577.2
2309.18	  51544.1
2310.28	  51511.1
2311.38	  51478
2312.47	  51445
2313.57	  51412
2314.68	  51379.1
2315.78	  51346.1
2316.88	  51313.2
2317.97	  51280.3
2319.07	  51247.5
2320.18	  51214.6
2321.28	  51181.8
2322.38	  51149
2323.47	  51116.3
2324.57	  51083.5
2325.68	  51050.8
2326.78	  51018.1
2327.88	  50985.5
2328.97	  50952.9
2330.07	  50920.2
2331.18	  50887.7
2332.28	  50855.1
2333.38	  50822.6
2334.47	  50790.1
2335.57	  50757.6
2336.68	  50725.1
2337.78	  50692.7
2338.88	  50660.3
2339.97	  50627.9
2341.07	  50595.6
2342.18	  50563.2
2343.28	  50530.9
2344.38	  50498.7
2345.47	  50466.4
2346.57	  50434.2
2347.68	  50402
2348.78	  50369.8
2349.88	  50337.7
2350.97	  50305.5
2352.07	  50273.4
2353.18	  50241.3
2354.28	  50209.3
2355.38	  50177.3
2356.47	  50145.3
2357.57	  50113.3
2358.68	  50081.3
2359.78	  50049.4
2360.88	  50017.5
2361.97	  49985.6
2363.07	  49953.8
2364.18	  49922
2365.28	  49890.2
2366.38	  49858.4
2367.47	  49826.6
2368.57	  49794.9
2369.68	  49763.2
2370.78	  49731.5
2371.88	  49699.9
2372.97	  49668.2
2374.07	  49636.6
2375.18	  49605
2376.28	  49573.5
2377.38	  49542
2378.47	  49510.5
2379.57	  49479
2380.68	  49447.5
2381.78	  49416.1
2382.88	  49384.7
2383.97	  49353.3
2385.07	  49322
2386.18	  49290.6
2387.28	  49259.3
2388.38	  49228
2389.47	  49196.8
2390.57	  49165.5
2391.68	  49134.3
2392.78	  49103.1
2393.88	  49072
2394.97	  49040.8
2396.07	  49009.7
2397.18	  48978.6
2398.28	  48947.6
2399.38	  48916.5
2400.47	  48885.5
2401.57	  48854.5
2402.68	  48823.6
2403.78	  48792.6
2404.88	  48761.7
2405.97	  48730.8
2407.07	  48699.9
2408.18	  48669.1
2409.28	  48638.3
2410.38	  48607.5
2411.47	  48576.7
2412.57	  48546
2413.68	  48515.2
2414.78	  48484.5
2415.88	  48453.8
2416.97	  48423.2
2418.07	  48392.6
2419.18	  48362
2420.28	  48331.4
2421.38	  48300.8
2422.47	  48270.3
2423.57	  48239.8
2424.68	  48209.3
2425.78	  48178.8
2426.88	  48148.4
2427.97	  48118
2429.07	  48087.6
2430.18	  48057.2
2431.28	  48026.9
2432.38	  47996.6
2433.47	  47966.3
2434.57	  47936
2435.68	  47905.8
2436.78	  47875.5
2437.88	  47845.3
2438.97	  47815.2
2440.07	  47785
2441.18	  47754.9
2442.28	  47724.8
2443.38	  47694.7
2444.47	  47664.6
2445.57	  47634.6
2446.68	  47604.6
2447.78	  47574.6
2448.88	  47544.6
2449.97	  47514.7
2451.07	  47484.8
2452.18	  47454.9
2453.28	  47425
2454.38	  47395.2
2455.47	  47365.4
2456.57	  47335.6
2457.68	  47305.8
2458.78	  47276
2459.88	  47246.3
2460.97	  47216.6
2462.07	  47186.9
2463.18	  47157.3
2464.28	  47127.6
2465.38	  47098
2466.47	  47068.4
2467.57	  47038.8
2468.68	  47009.3
2469.78	  46979.8
2470.88	  46950.3
2471.97	  46920.8
2473.07	  46891.4
2474.18	  46861.9
2475.28	  46832.5
2476.38	  46803.2
2477.47	  46773.8
