Emission arising from a slab of Hydrogen (both H and H-).
   
Parameters of the slab:
n_e = 7e+13 cm-3
T_e = 10500 K
tau(lambda=300 nm) = 0.75
L = 2.76836e+08 cm
   
Wavelength (nm), Emission (erg s-1 cm-2 nm-1 sr-1)
50	  481.132
91.2	  136497
120	  2.79255e+06
150	  1.67654e+07
175	  4.33744e+07
200	  8.37931e+07
225	  1.33313e+08
250	  1.85167e+08
270	  2.23952e+08
290	  2.57555e+08
300	  2.71873e+08
305	  2.78351e+08
310	  2.8436e+08
315	  2.89894e+08
320	  2.9495e+08
322.5	  2.97297e+08
325	  2.99525e+08
327	  3.01221e+08
329	  3.02841e+08
329.999	  3.03622e+08
330.266	  3.03827e+08
330.533	  3.04031e+08
330.8	  3.04234e+08
331.067	  3.04435e+08
331.334	  3.04635e+08
331.601	  3.04834e+08
331.868	  3.05031e+08
332.135	  3.05227e+08
332.402	  3.05422e+08
332.669	  3.05615e+08
332.936	  3.05807e+08
333.203	  3.05997e+08
333.47	  3.06186e+08
333.737	  3.06374e+08
334.004	  3.06561e+08
334.271	  3.06746e+08
334.538	  3.0693e+08
334.805	  3.07112e+08
335.072	  3.07294e+08
335.339	  3.07473e+08
335.606	  3.07652e+08
335.873	  3.07829e+08
336.14	  3.08005e+08
336.407	  3.08179e+08
336.674	  3.08353e+08
336.941	  3.08524e+08
337.208	  3.08695e+08
337.475	  3.08864e+08
337.742	  3.09032e+08
338.009	  3.09199e+08
338.276	  3.09364e+08
338.543	  3.09528e+08
338.81	  3.0969e+08
339.077	  3.09851e+08
339.344	  3.10011e+08
339.611	  3.1017e+08
339.878	  3.10327e+08
340.145	  3.10483e+08
340.412	  3.10638e+08
340.679	  3.10791e+08
340.946	  3.10943e+08
341.213	  3.11094e+08
341.48	  3.11243e+08
341.747	  3.11392e+08
342.014	  3.11538e+08
342.281	  3.11684e+08
342.548	  3.11828e+08
342.815	  3.11971e+08
343.082	  3.12113e+08
343.349	  3.12253e+08
343.616	  3.12392e+08
343.883	  3.1253e+08
344.15	  3.12666e+08
344.417	  3.12801e+08
344.684	  3.12935e+08
344.951	  3.13068e+08
345.218	  3.13199e+08
345.485	  3.13329e+08
345.752	  3.13457e+08
346.019	  3.13585e+08
346.286	  3.13711e+08
346.553	  3.13836e+08
346.82	  3.13959e+08
347.087	  3.14082e+08
347.354	  3.14203e+08
347.621	  3.14323e+08
347.888	  3.14441e+08
348.155	  3.14558e+08
348.422	  3.14674e+08
348.689	  3.14789e+08
348.956	  3.14902e+08
349.223	  3.15014e+08
349.49	  3.15125e+08
349.757	  3.15235e+08
350.024	  3.15343e+08
350.291	  3.1545e+08
350.558	  3.15556e+08
350.825	  3.15661e+08
351.092	  3.15764e+08
351.359	  3.15866e+08
351.626	  3.15967e+08
351.893	  3.16067e+08
352.16	  3.16165e+08
352.427	  3.16263e+08
352.694	  3.16359e+08
352.961	  3.16453e+08
353.228	  3.16547e+08
353.495	  3.16639e+08
353.762	  3.1673e+08
354.029	  3.1682e+08
354.296	  3.16908e+08
354.563	  3.16995e+08
354.83	  3.17082e+08
355.097	  3.17166e+08
355.364	  3.1725e+08
355.631	  3.17333e+08
355.898	  3.17414e+08
356.165	  3.17494e+08
356.432	  3.17573e+08
356.699	  3.1765e+08
356.966	  3.17727e+08
357.233	  3.17802e+08
357.5	  3.17876e+08
357.767	  3.17948e+08
358.034	  3.1802e+08
358.301	  3.1809e+08
358.568	  3.1816e+08
358.835	  3.18228e+08
359.102	  3.18294e+08
359.369	  3.1836e+08
359.636	  3.18425e+08
359.903	  3.18488e+08
360.17	  3.1855e+08
360.437	  3.18611e+08
360.704	  3.18671e+08
360.971	  3.18729e+08
361.238	  3.18787e+08
361.505	  3.18843e+08
361.772	  3.18898e+08
362.039	  3.18952e+08
362.306	  3.19004e+08
362.573	  3.19056e+08
363	  3.19136e+08
363.027	  3.19141e+08
363.054	  3.19146e+08
363.08	  3.19151e+08
363.107	  3.19156e+08
363.134	  3.1916e+08
363.16	  3.19165e+08
363.187	  3.1917e+08
363.214	  3.19175e+08
363.24	  3.1918e+08
363.267	  3.19185e+08
363.294	  3.19189e+08
363.321	  3.19194e+08
363.347	  3.19199e+08
363.374	  3.19204e+08
363.401	  3.19208e+08
363.427	  3.19213e+08
363.454	  3.19218e+08
363.481	  3.19223e+08
363.508	  3.19227e+08
363.534	  3.19232e+08
363.561	  3.19237e+08
363.588	  3.19241e+08
363.614	  3.19246e+08
363.641	  3.19251e+08
363.668	  3.19255e+08
363.694	  3.1926e+08
363.721	  3.19265e+08
363.748	  3.19269e+08
363.774	  3.19274e+08
363.801	  3.19278e+08
363.828	  3.19283e+08
363.855	  3.19287e+08
363.881	  3.19292e+08
363.908	  3.19296e+08
363.935	  3.19301e+08
363.961	  3.19305e+08
363.988	  3.1931e+08
364.015	  3.19314e+08
364.041	  3.19319e+08
364.068	  3.19323e+08
364.095	  3.19328e+08
364.122	  3.19332e+08
364.148	  3.19337e+08
364.175	  3.19341e+08
364.202	  3.19346e+08
364.228	  3.1935e+08
364.255	  3.19354e+08
364.282	  3.19359e+08
364.308	  3.19363e+08
364.335	  3.19367e+08
364.362	  3.19372e+08
364.389	  3.19376e+08
364.415	  3.1938e+08
364.442	  3.19385e+08
364.469	  3.19389e+08
364.495	  3.19393e+08
364.522	  3.19397e+08
364.549	  3.19402e+08
364.575	  3.19406e+08
364.602	  3.1941e+08
364.629	  3.19414e+08
364.656	  3.19419e+08
364.682	  3.19423e+08
364.709	  3.19427e+08
364.736	  3.45535e+07
364.762	  3.45575e+07
364.789	  3.45614e+07
364.816	  3.45654e+07
364.842	  3.45693e+07
364.869	  3.45733e+07
364.896	  3.45772e+07
364.923	  3.45812e+07
364.949	  3.45851e+07
364.976	  3.45891e+07
365.003	  3.4593e+07
365.029	  3.4597e+07
365.056	  3.46009e+07
365.083	  3.46048e+07
365.11	  3.46088e+07
365.136	  3.46127e+07
365.163	  3.46167e+07
365.19	  3.46206e+07
365.216	  3.46246e+07
365.243	  3.46285e+07
365.27	  3.46324e+07
365.296	  3.46364e+07
365.323	  3.46403e+07
365.35	  3.46443e+07
365.377	  3.46482e+07
365.403	  3.46521e+07
365.43	  3.46561e+07
365.457	  3.466e+07
365.483	  3.46639e+07
365.51	  3.46679e+07
365.537	  3.46718e+07
365.563	  3.46758e+07
365.59	  3.46797e+07
365.617	  3.46836e+07
365.643	  3.46876e+07
365.67	  3.46915e+07
365.697	  3.46954e+07
365.724	  3.46993e+07
365.75	  3.47033e+07
365.777	  3.47072e+07
365.804	  3.47111e+07
365.83	  3.47151e+07
365.857	  3.4719e+07
365.884	  3.47229e+07
365.91	  3.47268e+07
365.937	  3.47308e+07
365.964	  3.47347e+07
365.991	  3.47386e+07
365.991	  3.47386e+07
366.258	  3.47778e+07
366.525	  3.4817e+07
366.792	  3.48561e+07
367.059	  3.48951e+07
367.326	  3.49341e+07
367.593	  3.4973e+07
367.86	  3.50119e+07
368.127	  3.50507e+07
368.394	  3.50894e+07
368.661	  3.51281e+07
368.928	  3.51667e+07
369.195	  3.52053e+07
369.462	  3.52438e+07
369.729	  3.52822e+07
369.996	  3.53206e+07
370.263	  3.53589e+07
370.53	  3.53972e+07
370.797	  3.54354e+07
371.064	  3.54735e+07
371.331	  3.55116e+07
371.598	  3.55496e+07
371.865	  3.55876e+07
372.132	  3.56255e+07
372.399	  3.56633e+07
372.666	  3.57011e+07
372.933	  3.57388e+07
373.2	  3.57764e+07
373.467	  3.5814e+07
373.734	  3.58516e+07
374.001	  3.5889e+07
374.268	  3.59264e+07
374.535	  3.59638e+07
374.802	  3.60011e+07
375.069	  3.60383e+07
375.336	  3.60755e+07
375.603	  3.61126e+07
375.87	  3.61496e+07
376.137	  3.61866e+07
376.404	  3.62235e+07
376.671	  3.62604e+07
376.938	  3.62972e+07
377.205	  3.63339e+07
377.472	  3.63706e+07
377.739	  3.64072e+07
378.006	  3.64437e+07
378.273	  3.64802e+07
378.54	  3.65167e+07
378.807	  3.6553e+07
379.074	  3.65893e+07
379.341	  3.66256e+07
379.608	  3.66618e+07
379.875	  3.66979e+07
380.142	  3.6734e+07
380.409	  3.677e+07
380.676	  3.68059e+07
380.943	  3.68418e+07
381.21	  3.68776e+07
381.477	  3.69133e+07
381.744	  3.6949e+07
382.011	  3.69846e+07
382.278	  3.70202e+07
382.545	  3.70557e+07
382.812	  3.70912e+07
383.079	  3.71265e+07
383.346	  3.71618e+07
383.613	  3.71971e+07
383.88	  3.72323e+07
384.147	  3.72674e+07
384.414	  3.73025e+07
384.681	  3.73375e+07
384.948	  3.73725e+07
385.215	  3.74073e+07
385.482	  3.74422e+07
385.749	  3.74769e+07
386.016	  3.75116e+07
386.283	  3.75462e+07
386.55	  3.75808e+07
386.817	  3.76153e+07
387.084	  3.76498e+07
387.351	  3.76842e+07
387.618	  3.77185e+07
387.885	  3.77527e+07
388.152	  3.77869e+07
388.419	  3.78211e+07
388.686	  3.78551e+07
388.953	  3.78892e+07
389.22	  3.79231e+07
389.487	  3.7957e+07
389.754	  3.79908e+07
390.021	  3.80246e+07
390.288	  3.80583e+07
390.555	  3.80919e+07
390.822	  3.81255e+07
391.089	  3.8159e+07
391.356	  3.81924e+07
391.623	  3.82258e+07
391.89	  3.82591e+07
392.157	  3.82924e+07
392.424	  3.83256e+07
392.691	  3.83587e+07
392.958	  3.83918e+07
393.225	  3.84248e+07
393.492	  3.84578e+07
393.759	  3.84907e+07
394.026	  3.85235e+07
394.293	  3.85562e+07
394.56	  3.85889e+07
394.827	  3.86216e+07
395.094	  3.86541e+07
395.361	  3.86866e+07
395.628	  3.87191e+07
395.895	  3.87515e+07
396.162	  3.87838e+07
396.429	  3.8816e+07
396.696	  3.88482e+07
396.963	  3.88804e+07
397.23	  3.89124e+07
397.497	  3.89444e+07
397.764	  3.89764e+07
398.031	  3.90083e+07
398.298	  3.90401e+07
398.565	  3.90718e+07
398.832	  3.91035e+07
399.099	  3.91352e+07
399.366	  3.91667e+07
399.633	  3.91982e+07
399.9	  3.92297e+07
400.167	  3.92611e+07
400.434	  3.92924e+07
400.701	  3.93236e+07
400.968	  3.93548e+07
401.235	  3.93859e+07
401.502	  3.9417e+07
401.769	  3.9448e+07
402.036	  3.94789e+07
402.303	  3.95098e+07
402.57	  3.95406e+07
402.837	  3.95714e+07
403.104	  3.96021e+07
403.371	  3.96327e+07
403.638	  3.96633e+07
403.905	  3.96938e+07
404.172	  3.97242e+07
404.439	  3.97546e+07
404.706	  3.97849e+07
404.973	  3.98151e+07
405.24	  3.98453e+07
405.507	  3.98754e+07
405.774	  3.99055e+07
406.041	  3.99355e+07
406.308	  3.99654e+07
406.575	  3.99953e+07
406.842	  4.00251e+07
407.109	  4.00549e+07
407.376	  4.00845e+07
407.643	  4.01142e+07
407.91	  4.01437e+07
408.177	  4.01732e+07
408.444	  4.02026e+07
408.711	  4.0232e+07
408.978	  4.02613e+07
409.245	  4.02906e+07
409.512	  4.03198e+07
409.779	  4.03489e+07
410.046	  4.03779e+07
410.313	  4.04069e+07
410.58	  4.04359e+07
410.847	  4.04647e+07
411.114	  4.04935e+07
411.381	  4.05223e+07
411.648	  4.0551e+07
411.915	  4.05796e+07
412.182	  4.06081e+07
412.449	  4.06366e+07
412.716	  4.06651e+07
412.983	  4.06934e+07
413.25	  4.07217e+07
413.517	  4.075e+07
413.784	  4.07782e+07
414.051	  4.08063e+07
414.318	  4.08344e+07
414.585	  4.08624e+07
414.852	  4.08903e+07
415.119	  4.09182e+07
415.386	  4.0946e+07
415.653	  4.09737e+07
415.92	  4.10014e+07
416.187	  4.1029e+07
416.454	  4.10566e+07
416.721	  4.10841e+07
416.988	  4.11115e+07
417.255	  4.11389e+07
417.522	  4.11662e+07
417.789	  4.11934e+07
418.056	  4.12206e+07
418.323	  4.12478e+07
418.59	  4.12748e+07
418.857	  4.13018e+07
419.124	  4.13288e+07
419.391	  4.13556e+07
419.658	  4.13825e+07
419.925	  4.14092e+07
420.192	  4.14359e+07
420.459	  4.14625e+07
420.726	  4.14891e+07
420.993	  4.15156e+07
421.26	  4.1542e+07
421.527	  4.15684e+07
421.794	  4.15947e+07
422.061	  4.1621e+07
422.328	  4.16472e+07
422.595	  4.16733e+07
422.862	  4.16994e+07
423.129	  4.17254e+07
423.396	  4.17514e+07
423.663	  4.17773e+07
423.93	  4.18031e+07
424.197	  4.18288e+07
424.464	  4.18545e+07
424.731	  4.18802e+07
424.998	  4.19058e+07
425.265	  4.19313e+07
425.532	  4.19567e+07
425.799	  4.19821e+07
426.066	  4.20075e+07
426.333	  4.20327e+07
426.6	  4.2058e+07
426.867	  4.20831e+07
427.134	  4.21082e+07
427.401	  4.21332e+07
427.668	  4.21582e+07
427.935	  4.21831e+07
428.202	  4.22079e+07
428.469	  4.22327e+07
428.736	  4.22574e+07
429.003	  4.22821e+07
429.27	  4.23067e+07
429.537	  4.23312e+07
429.804	  4.23557e+07
430.071	  4.23801e+07
430.338	  4.24045e+07
430.605	  4.24288e+07
430.872	  4.2453e+07
431.139	  4.24772e+07
431.406	  4.25013e+07
431.673	  4.25253e+07
431.94	  4.25493e+07
432.207	  4.25733e+07
432.474	  4.25971e+07
432.741	  4.26209e+07
433.008	  4.26447e+07
433.275	  4.26684e+07
433.542	  4.2692e+07
433.809	  4.27156e+07
434.076	  4.27391e+07
434.343	  4.27625e+07
434.61	  4.27859e+07
434.877	  4.28092e+07
435.144	  4.28325e+07
435.411	  4.28557e+07
435.678	  4.28788e+07
435.945	  4.29019e+07
436.212	  4.29249e+07
436.479	  4.29479e+07
436.746	  4.29708e+07
437.013	  4.29936e+07
437.28	  4.30164e+07
437.547	  4.30391e+07
437.814	  4.30618e+07
438.081	  4.30844e+07
438.348	  4.31069e+07
438.615	  4.31294e+07
438.882	  4.31518e+07
439.149	  4.31742e+07
439.416	  4.31965e+07
439.683	  4.32187e+07
439.95	  4.32409e+07
440.217	  4.3263e+07
440.484	  4.32851e+07
440.751	  4.33071e+07
441.018	  4.3329e+07
441.285	  4.33509e+07
441.552	  4.33727e+07
441.819	  4.33945e+07
442.086	  4.34162e+07
442.353	  4.34379e+07
442.62	  4.34594e+07
442.887	  4.3481e+07
443.154	  4.35024e+07
443.421	  4.35238e+07
443.688	  4.35452e+07
443.955	  4.35665e+07
444.222	  4.35877e+07
444.489	  4.36089e+07
444.756	  4.363e+07
445.023	  4.3651e+07
445.29	  4.3672e+07
445.557	  4.3693e+07
445.824	  4.37138e+07
446.091	  4.37347e+07
446.358	  4.37554e+07
446.625	  4.37761e+07
446.892	  4.37968e+07
447.159	  4.38173e+07
447.426	  4.38379e+07
447.693	  4.38583e+07
447.96	  4.38787e+07
448.227	  4.38991e+07
448.494	  4.39194e+07
448.761	  4.39396e+07
449.028	  4.39598e+07
449.295	  4.39799e+07
449.562	  4.39999e+07
449.829	  4.40199e+07
450.096	  4.40399e+07
450.363	  4.40598e+07
450.63	  4.40796e+07
450.897	  4.40993e+07
451.164	  4.4119e+07
451.431	  4.41387e+07
451.698	  4.41583e+07
451.965	  4.41778e+07
452.232	  4.41973e+07
452.499	  4.42167e+07
452.766	  4.42361e+07
453.033	  4.42554e+07
453.3	  4.42746e+07
453.567	  4.42938e+07
453.834	  4.43129e+07
454.101	  4.4332e+07
454.368	  4.4351e+07
454.635	  4.43699e+07
454.902	  4.43888e+07
455.169	  4.44077e+07
455.436	  4.44265e+07
455.703	  4.44452e+07
455.97	  4.44638e+07
456.237	  4.44825e+07
456.504	  4.4501e+07
456.771	  4.45195e+07
457.038	  4.45379e+07
457.305	  4.45563e+07
457.572	  4.45746e+07
457.839	  4.45929e+07
458.106	  4.46111e+07
458.373	  4.46293e+07
458.64	  4.46474e+07
458.907	  4.46654e+07
459.174	  4.46834e+07
459.441	  4.47013e+07
459.708	  4.47192e+07
459.975	  4.4737e+07
460.242	  4.47548e+07
460.509	  4.47725e+07
460.776	  4.47901e+07
461.043	  4.48077e+07
461.31	  4.48252e+07
461.577	  4.48427e+07
461.844	  4.48601e+07
462.111	  4.48775e+07
462.378	  4.48948e+07
462.645	  4.4912e+07
462.912	  4.49292e+07
463.179	  4.49463e+07
463.446	  4.49634e+07
463.713	  4.49805e+07
463.98	  4.49974e+07
464.247	  4.50143e+07
464.514	  4.50312e+07
464.781	  4.5048e+07
465.048	  4.50647e+07
465.315	  4.50814e+07
465.582	  4.50981e+07
465.849	  4.51146e+07
466.116	  4.51312e+07
466.383	  4.51476e+07
466.65	  4.5164e+07
466.917	  4.51804e+07
467.184	  4.51967e+07
467.451	  4.52129e+07
467.718	  4.52291e+07
467.985	  4.52453e+07
468.252	  4.52614e+07
468.519	  4.52774e+07
468.786	  4.52933e+07
469.053	  4.53093e+07
469.32	  4.53251e+07
469.587	  4.53409e+07
469.854	  4.53567e+07
470.121	  4.53724e+07
470.388	  4.5388e+07
470.655	  4.54036e+07
470.922	  4.54191e+07
471.189	  4.54346e+07
471.456	  4.545e+07
471.723	  4.54654e+07
471.99	  4.54807e+07
472.257	  4.5496e+07
472.524	  4.55112e+07
472.791	  4.55263e+07
473.058	  4.55414e+07
473.325	  4.55565e+07
473.592	  4.55715e+07
473.859	  4.55864e+07
474.126	  4.56013e+07
474.393	  4.56161e+07
474.66	  4.56309e+07
474.927	  4.56456e+07
475.194	  4.56603e+07
475.461	  4.56749e+07
475.728	  4.56894e+07
475.995	  4.57039e+07
476.262	  4.57184e+07
476.529	  4.57328e+07
476.796	  4.57471e+07
477.063	  4.57614e+07
477.33	  4.57756e+07
477.597	  4.57898e+07
477.864	  4.58039e+07
478.131	  4.5818e+07
478.398	  4.5832e+07
478.665	  4.5846e+07
478.932	  4.58599e+07
479.199	  4.58738e+07
479.466	  4.58876e+07
479.733	  4.59014e+07
480	  4.59151e+07
480.267	  4.59287e+07
480.534	  4.59423e+07
480.801	  4.59559e+07
481.068	  4.59694e+07
481.335	  4.59828e+07
481.602	  4.59962e+07
481.869	  4.60095e+07
482.136	  4.60228e+07
482.403	  4.6036e+07
482.67	  4.60492e+07
482.937	  4.60623e+07
483.204	  4.60754e+07
483.471	  4.60884e+07
483.738	  4.61014e+07
484.005	  4.61143e+07
484.272	  4.61272e+07
484.539	  4.614e+07
484.806	  4.61528e+07
485.073	  4.61655e+07
485.34	  4.61781e+07
485.607	  4.61907e+07
485.874	  4.62033e+07
486.141	  4.62158e+07
486.408	  4.62282e+07
486.675	  4.62406e+07
486.942	  4.6253e+07
487.209	  4.62653e+07
487.476	  4.62775e+07
487.743	  4.62897e+07
488.01	  4.63019e+07
488.277	  4.6314e+07
488.544	  4.6326e+07
488.811	  4.6338e+07
489.078	  4.63499e+07
489.345	  4.63618e+07
489.612	  4.63737e+07
489.879	  4.63854e+07
490.146	  4.63972e+07
490.413	  4.64089e+07
490.68	  4.64205e+07
490.947	  4.64321e+07
491.214	  4.64436e+07
491.481	  4.64551e+07
491.748	  4.64665e+07
492.015	  4.64779e+07
492.282	  4.64892e+07
492.549	  4.65005e+07
492.816	  4.65117e+07
493.083	  4.65229e+07
493.35	  4.6534e+07
493.617	  4.65451e+07
493.884	  4.65562e+07
494.151	  4.65671e+07
494.418	  4.65781e+07
494.685	  4.65889e+07
494.952	  4.65998e+07
495.219	  4.66106e+07
495.486	  4.66213e+07
495.753	  4.6632e+07
496.02	  4.66426e+07
496.287	  4.66532e+07
496.554	  4.66637e+07
496.821	  4.66742e+07
497.088	  4.66846e+07
497.355	  4.6695e+07
497.622	  4.67053e+07
497.889	  4.67156e+07
498.156	  4.67259e+07
498.423	  4.6736e+07
498.69	  4.67462e+07
498.957	  4.67563e+07
499.224	  4.67663e+07
499.491	  4.67763e+07
499.758	  4.67862e+07
500.025	  4.67961e+07
500.292	  4.6806e+07
500.559	  4.68158e+07
500.826	  4.68255e+07
501.093	  4.68352e+07
501.36	  4.68449e+07
501.627	  4.68545e+07
501.894	  4.6864e+07
502.161	  4.68735e+07
502.428	  4.6883e+07
502.695	  4.68924e+07
502.962	  4.69017e+07
503.229	  4.69111e+07
503.496	  4.69203e+07
503.763	  4.69295e+07
504.03	  4.69387e+07
504.297	  4.69478e+07
504.564	  4.69569e+07
504.831	  4.69659e+07
505.098	  4.69749e+07
505.365	  4.69838e+07
505.632	  4.69927e+07
505.899	  4.70015e+07
506.166	  4.70103e+07
506.433	  4.70191e+07
506.7	  4.70278e+07
506.967	  4.70364e+07
507.234	  4.7045e+07
507.501	  4.70535e+07
507.768	  4.7062e+07
508.035	  4.70705e+07
508.302	  4.70789e+07
508.569	  4.70873e+07
508.836	  4.70956e+07
509.103	  4.71039e+07
509.37	  4.71121e+07
509.637	  4.71202e+07
509.904	  4.71284e+07
510.171	  4.71365e+07
510.438	  4.71445e+07
510.705	  4.71525e+07
510.972	  4.71604e+07
511.239	  4.71683e+07
511.506	  4.71762e+07
511.773	  4.7184e+07
512.04	  4.71917e+07
512.307	  4.71994e+07
512.574	  4.72071e+07
512.841	  4.72147e+07
513.108	  4.72223e+07
513.375	  4.72298e+07
513.642	  4.72373e+07
513.909	  4.72447e+07
514.176	  4.72521e+07
514.443	  4.72594e+07
514.71	  4.72667e+07
514.977	  4.7274e+07
515.244	  4.72812e+07
515.511	  4.72884e+07
515.778	  4.72955e+07
516.045	  4.73025e+07
516.312	  4.73096e+07
516.579	  4.73165e+07
516.846	  4.73235e+07
517.113	  4.73304e+07
517.38	  4.73372e+07
517.647	  4.7344e+07
517.914	  4.73508e+07
518.181	  4.73575e+07
518.448	  4.73641e+07
518.715	  4.73708e+07
518.982	  4.73773e+07
519.249	  4.73839e+07
519.516	  4.73903e+07
519.783	  4.73968e+07
520.05	  4.74032e+07
520.317	  4.74095e+07
520.584	  4.74158e+07
520.851	  4.74221e+07
521.118	  4.74283e+07
521.385	  4.74345e+07
521.652	  4.74406e+07
521.919	  4.74467e+07
522.186	  4.74527e+07
522.453	  4.74587e+07
522.72	  4.74647e+07
522.987	  4.74706e+07
523.254	  4.74765e+07
523.521	  4.74823e+07
523.788	  4.74881e+07
524.055	  4.74938e+07
524.322	  4.74995e+07
524.589	  4.75051e+07
524.856	  4.75107e+07
525.123	  4.75163e+07
525.39	  4.75218e+07
525.657	  4.75273e+07
525.924	  4.75327e+07
526.191	  4.75381e+07
526.458	  4.75434e+07
526.725	  4.75487e+07
526.992	  4.7554e+07
527.259	  4.75592e+07
527.526	  4.75644e+07
527.793	  4.75695e+07
528.06	  4.75746e+07
528.327	  4.75796e+07
528.594	  4.75846e+07
528.861	  4.75896e+07
529.128	  4.75945e+07
529.395	  4.75994e+07
529.662	  4.76042e+07
529.929	  4.7609e+07
530.196	  4.76137e+07
530.463	  4.76184e+07
530.73	  4.76231e+07
530.997	  4.76277e+07
531.264	  4.76323e+07
531.531	  4.76368e+07
531.798	  4.76413e+07
532.065	  4.76458e+07
532.332	  4.76502e+07
532.599	  4.76546e+07
532.866	  4.76589e+07
533.133	  4.76632e+07
533.4	  4.76674e+07
533.667	  4.76716e+07
533.934	  4.76758e+07
534.201	  4.76799e+07
534.468	  4.76839e+07
534.735	  4.7688e+07
535.002	  4.7692e+07
535.269	  4.76959e+07
535.536	  4.76998e+07
535.803	  4.77037e+07
536.07	  4.77075e+07
536.337	  4.77113e+07
536.604	  4.77151e+07
536.871	  4.77188e+07
537.138	  4.77224e+07
537.405	  4.77261e+07
537.672	  4.77296e+07
537.939	  4.77332e+07
538.206	  4.77367e+07
538.473	  4.77401e+07
538.74	  4.77436e+07
539.007	  4.77469e+07
539.274	  4.77503e+07
539.541	  4.77536e+07
539.808	  4.77568e+07
540.075	  4.776e+07
540.342	  4.77632e+07
540.609	  4.77664e+07
540.876	  4.77695e+07
541.143	  4.77725e+07
541.41	  4.77755e+07
541.677	  4.77785e+07
541.944	  4.77814e+07
542.211	  4.77843e+07
542.478	  4.77872e+07
542.745	  4.779e+07
543.012	  4.77928e+07
543.279	  4.77955e+07
543.546	  4.77982e+07
543.813	  4.78009e+07
544.08	  4.78035e+07
544.347	  4.78061e+07
544.614	  4.78086e+07
544.881	  4.78111e+07
545.148	  4.78136e+07
545.415	  4.7816e+07
545.682	  4.78184e+07
545.949	  4.78207e+07
546.216	  4.7823e+07
546.483	  4.78253e+07
546.75	  4.78275e+07
547.017	  4.78297e+07
547.284	  4.78319e+07
547.551	  4.7834e+07
547.818	  4.78361e+07
548.085	  4.78381e+07
548.352	  4.78401e+07
548.619	  4.78421e+07
548.886	  4.7844e+07
549.153	  4.78459e+07
549.42	  4.78477e+07
549.687	  4.78495e+07
549.954	  4.78513e+07
550.221	  4.7853e+07
550.488	  4.78547e+07
550.755	  4.78563e+07
551.022	  4.7858e+07
551.289	  4.78595e+07
551.556	  4.78611e+07
551.823	  4.78626e+07
552.09	  4.7864e+07
552.357	  4.78655e+07
552.624	  4.78668e+07
552.891	  4.78682e+07
553.158	  4.78695e+07
553.425	  4.78708e+07
553.692	  4.7872e+07
553.959	  4.78732e+07
554.226	  4.78744e+07
554.493	  4.78755e+07
554.76	  4.78766e+07
555.027	  4.78776e+07
555.294	  4.78787e+07
555.561	  4.78796e+07
555.828	  4.78806e+07
556.095	  4.78815e+07
556.362	  4.78823e+07
556.629	  4.78832e+07
556.896	  4.7884e+07
557.163	  4.78847e+07
557.43	  4.78854e+07
557.697	  4.78861e+07
557.964	  4.78868e+07
558.231	  4.78874e+07
558.498	  4.7888e+07
558.765	  4.78885e+07
559.032	  4.7889e+07
559.299	  4.78895e+07
559.566	  4.78899e+07
560.009	  4.78905e+07
560.296	  4.78909e+07
560.583	  4.78912e+07
560.87	  4.78915e+07
561.157	  4.78917e+07
561.444	  4.78919e+07
561.731	  4.7892e+07
562.018	  4.78921e+07
562.305	  4.78922e+07
562.592	  4.78922e+07
562.879	  4.78922e+07
563.166	  4.78921e+07
563.453	  4.7892e+07
563.74	  4.78919e+07
564.027	  4.78917e+07
564.314	  4.78915e+07
564.601	  4.78912e+07
564.888	  4.78909e+07
565.175	  4.78906e+07
565.462	  4.78902e+07
565.749	  4.78898e+07
566.036	  4.78893e+07
566.323	  4.78888e+07
566.61	  4.78883e+07
566.897	  4.78877e+07
567.184	  4.78871e+07
567.471	  4.78864e+07
567.758	  4.78857e+07
568.045	  4.78849e+07
568.332	  4.78842e+07
568.619	  4.78833e+07
568.906	  4.78825e+07
569.193	  4.78816e+07
569.48	  4.78806e+07
569.767	  4.78796e+07
570.054	  4.78786e+07
570.341	  4.78776e+07
570.628	  4.78765e+07
570.915	  4.78753e+07
571.202	  4.78741e+07
571.489	  4.78729e+07
571.776	  4.78717e+07
572.063	  4.78704e+07
572.35	  4.7869e+07
572.637	  4.78677e+07
572.924	  4.78663e+07
573.211	  4.78648e+07
573.498	  4.78633e+07
573.785	  4.78618e+07
574.072	  4.78602e+07
574.359	  4.78586e+07
574.646	  4.7857e+07
574.933	  4.78553e+07
575.22	  4.78536e+07
575.507	  4.78518e+07
575.794	  4.785e+07
576.081	  4.78482e+07
576.368	  4.78463e+07
576.655	  4.78444e+07
576.942	  4.78424e+07
577.229	  4.78405e+07
577.516	  4.78384e+07
577.803	  4.78364e+07
578.09	  4.78343e+07
578.377	  4.78321e+07
578.664	  4.783e+07
578.951	  4.78278e+07
579.238	  4.78255e+07
579.525	  4.78232e+07
579.812	  4.78209e+07
580.099	  4.78185e+07
580.386	  4.78161e+07
580.673	  4.78137e+07
580.96	  4.78112e+07
581.247	  4.78087e+07
581.534	  4.78062e+07
581.821	  4.78036e+07
582.108	  4.7801e+07
582.395	  4.77983e+07
582.682	  4.77956e+07
582.969	  4.77929e+07
583.256	  4.77902e+07
583.543	  4.77874e+07
583.83	  4.77845e+07
584.117	  4.77816e+07
584.404	  4.77787e+07
584.691	  4.77758e+07
584.978	  4.77728e+07
585.265	  4.77698e+07
585.552	  4.77667e+07
585.839	  4.77637e+07
586.126	  4.77605e+07
586.413	  4.77574e+07
586.7	  4.77542e+07
586.987	  4.77509e+07
587.274	  4.77477e+07
587.561	  4.77444e+07
587.848	  4.7741e+07
588.135	  4.77377e+07
588.422	  4.77343e+07
588.709	  4.77308e+07
588.996	  4.77273e+07
589.283	  4.77238e+07
589.57	  4.77203e+07
589.857	  4.77167e+07
590.144	  4.77131e+07
590.431	  4.77094e+07
590.718	  4.77057e+07
591.005	  4.7702e+07
591.292	  4.76982e+07
591.579	  4.76945e+07
591.866	  4.76906e+07
592.153	  4.76868e+07
592.44	  4.76829e+07
592.727	  4.76789e+07
593.014	  4.7675e+07
593.301	  4.7671e+07
593.588	  4.76669e+07
593.875	  4.76629e+07
594.162	  4.76588e+07
594.449	  4.76546e+07
594.736	  4.76505e+07
595.023	  4.76463e+07
595.31	  4.7642e+07
595.597	  4.76378e+07
595.884	  4.76335e+07
596.171	  4.76291e+07
596.458	  4.76248e+07
596.745	  4.76204e+07
597.032	  4.76159e+07
597.319	  4.76115e+07
597.606	  4.76069e+07
597.893	  4.76024e+07
598.18	  4.75978e+07
598.467	  4.75932e+07
598.754	  4.75886e+07
599.041	  4.75839e+07
599.328	  4.75792e+07
599.615	  4.75745e+07
599.902	  4.75697e+07
600.189	  4.75649e+07
600.476	  4.75601e+07
600.763	  4.75552e+07
601.05	  4.75503e+07
601.337	  4.75454e+07
601.624	  4.75404e+07
601.911	  4.75354e+07
602.198	  4.75304e+07
602.485	  4.75254e+07
602.772	  4.75203e+07
603.059	  4.75151e+07
603.346	  4.751e+07
603.633	  4.75048e+07
603.92	  4.74996e+07
604.207	  4.74943e+07
604.494	  4.7489e+07
604.781	  4.74837e+07
605.068	  4.74784e+07
605.355	  4.7473e+07
605.642	  4.74676e+07
605.929	  4.74622e+07
606.216	  4.74567e+07
606.503	  4.74512e+07
606.79	  4.74456e+07
607.077	  4.74401e+07
607.364	  4.74345e+07
607.651	  4.74288e+07
607.938	  4.74232e+07
608.225	  4.74175e+07
608.512	  4.74118e+07
608.799	  4.7406e+07
609.086	  4.74002e+07
609.373	  4.73944e+07
609.66	  4.73886e+07
609.947	  4.73827e+07
610.234	  4.73768e+07
610.521	  4.73708e+07
610.808	  4.73649e+07
611.095	  4.73589e+07
611.382	  4.73529e+07
611.669	  4.73468e+07
611.956	  4.73407e+07
612.243	  4.73346e+07
612.53	  4.73284e+07
612.817	  4.73223e+07
613.104	  4.7316e+07
613.391	  4.73098e+07
613.678	  4.73035e+07
613.965	  4.72972e+07
614.252	  4.72909e+07
614.539	  4.72845e+07
614.826	  4.72782e+07
615.113	  4.72717e+07
615.4	  4.72653e+07
615.687	  4.72588e+07
615.974	  4.72523e+07
616.261	  4.72458e+07
616.548	  4.72392e+07
616.835	  4.72326e+07
617.122	  4.7226e+07
617.409	  4.72193e+07
617.696	  4.72126e+07
617.983	  4.72059e+07
618.27	  4.71992e+07
618.557	  4.71924e+07
618.844	  4.71856e+07
619.131	  4.71788e+07
619.418	  4.71719e+07
619.705	  4.71651e+07
619.992	  4.71581e+07
620.279	  4.71512e+07
620.566	  4.71442e+07
620.853	  4.71372e+07
621.14	  4.71302e+07
621.427	  4.71231e+07
621.714	  4.71161e+07
622.001	  4.71089e+07
622.288	  4.71018e+07
622.575	  4.70946e+07
622.862	  4.70874e+07
623.149	  4.70802e+07
623.436	  4.7073e+07
623.723	  4.70657e+07
624.01	  4.70584e+07
624.297	  4.7051e+07
624.584	  4.70437e+07
624.871	  4.70363e+07
625.158	  4.70289e+07
625.445	  4.70214e+07
625.732	  4.70139e+07
626.019	  4.70064e+07
626.306	  4.69989e+07
626.593	  4.69913e+07
626.88	  4.69838e+07
627.167	  4.69761e+07
627.454	  4.69685e+07
627.741	  4.69608e+07
628.028	  4.69531e+07
628.315	  4.69454e+07
628.602	  4.69377e+07
628.889	  4.69299e+07
629.176	  4.69221e+07
629.463	  4.69143e+07
629.75	  4.69064e+07
630.037	  4.68985e+07
630.324	  4.68906e+07
630.611	  4.68827e+07
630.898	  4.68747e+07
631.185	  4.68667e+07
631.472	  4.68587e+07
631.759	  4.68507e+07
632.046	  4.68426e+07
632.333	  4.68345e+07
632.62	  4.68264e+07
632.907	  4.68183e+07
633.194	  4.68101e+07
633.481	  4.68019e+07
633.768	  4.67937e+07
634.055	  4.67854e+07
634.342	  4.67772e+07
634.629	  4.67689e+07
634.916	  4.67605e+07
635.203	  4.67522e+07
635.49	  4.67438e+07
635.777	  4.67354e+07
636.064	  4.6727e+07
636.351	  4.67185e+07
636.638	  4.671e+07
636.925	  4.67015e+07
637.212	  4.6693e+07
637.499	  4.66844e+07
637.786	  4.66759e+07
638.073	  4.66672e+07
638.36	  4.66586e+07
638.647	  4.665e+07
638.934	  4.66413e+07
639.221	  4.66326e+07
639.508	  4.66238e+07
639.795	  4.66151e+07
640.082	  4.66063e+07
640.369	  4.65975e+07
640.656	  4.65887e+07
640.943	  4.65798e+07
641.23	  4.65709e+07
641.517	  4.6562e+07
641.804	  4.65531e+07
642.091	  4.65441e+07
642.378	  4.65352e+07
642.665	  4.65261e+07
642.952	  4.65171e+07
643.239	  4.65081e+07
643.526	  4.6499e+07
643.813	  4.64899e+07
644.1	  4.64808e+07
644.387	  4.64716e+07
644.674	  4.64625e+07
644.961	  4.64533e+07
645.248	  4.6444e+07
645.535	  4.64348e+07
645.822	  4.64255e+07
646.109	  4.64162e+07
646.396	  4.64069e+07
646.683	  4.63976e+07
646.97	  4.63882e+07
647.257	  4.63788e+07
647.544	  4.63694e+07
647.831	  4.636e+07
648.118	  4.63505e+07
648.405	  4.63411e+07
648.692	  4.63316e+07
648.979	  4.6322e+07
649.266	  4.63125e+07
649.553	  4.63029e+07
649.84	  4.62933e+07
650.127	  4.62837e+07
650.414	  4.62741e+07
650.701	  4.62644e+07
650.988	  4.62547e+07
651.275	  4.6245e+07
651.562	  4.62353e+07
651.849	  4.62255e+07
652.136	  4.62157e+07
652.423	  4.62059e+07
652.71	  4.61961e+07
652.997	  4.61863e+07
653.284	  4.61764e+07
653.571	  4.61665e+07
653.858	  4.61566e+07
654.145	  4.61467e+07
654.432	  4.61367e+07
654.719	  4.61267e+07
655.006	  4.61167e+07
655.293	  4.61067e+07
655.58	  4.60967e+07
655.867	  4.60866e+07
656.154	  4.60765e+07
656.441	  4.60664e+07
656.728	  4.60562e+07
657.015	  4.60461e+07
657.302	  4.60359e+07
657.589	  4.60257e+07
657.876	  4.60155e+07
658.163	  4.60053e+07
658.45	  4.5995e+07
658.737	  4.59847e+07
659.024	  4.59744e+07
659.311	  4.59641e+07
659.598	  4.59537e+07
659.885	  4.59433e+07
660.172	  4.5933e+07
660.459	  4.59225e+07
660.746	  4.59121e+07
661.033	  4.59017e+07
661.32	  4.58912e+07
661.607	  4.58807e+07
661.894	  4.58702e+07
662.181	  4.58596e+07
662.468	  4.58491e+07
662.755	  4.58385e+07
663.042	  4.58279e+07
663.329	  4.58173e+07
663.616	  4.58066e+07
663.903	  4.57959e+07
664.19	  4.57853e+07
664.477	  4.57746e+07
664.764	  4.57638e+07
665.051	  4.57531e+07
665.338	  4.57423e+07
665.625	  4.57315e+07
665.912	  4.57207e+07
666.199	  4.57099e+07
666.486	  4.5699e+07
666.773	  4.56882e+07
667.06	  4.56773e+07
667.347	  4.56664e+07
667.634	  4.56554e+07
667.921	  4.56445e+07
668.208	  4.56335e+07
668.495	  4.56225e+07
668.782	  4.56115e+07
669.069	  4.56005e+07
669.356	  4.55895e+07
669.643	  4.55784e+07
669.93	  4.55673e+07
670.217	  4.55562e+07
670.504	  4.55451e+07
670.791	  4.55339e+07
671.078	  4.55228e+07
671.365	  4.55116e+07
671.652	  4.55004e+07
671.939	  4.54891e+07
672.226	  4.54779e+07
672.513	  4.54666e+07
672.8	  4.54554e+07
673.087	  4.54441e+07
673.374	  4.54327e+07
673.661	  4.54214e+07
673.948	  4.541e+07
674.235	  4.53987e+07
674.522	  4.53873e+07
674.809	  4.53758e+07
675.096	  4.53644e+07
675.383	  4.5353e+07
675.67	  4.53415e+07
675.957	  4.533e+07
676.244	  4.53185e+07
676.531	  4.5307e+07
676.818	  4.52954e+07
677.105	  4.52839e+07
677.392	  4.52723e+07
677.679	  4.52607e+07
677.966	  4.5249e+07
678.253	  4.52374e+07
678.54	  4.52258e+07
678.827	  4.52141e+07
679.114	  4.52024e+07
679.401	  4.51907e+07
679.688	  4.51789e+07
679.975	  4.51672e+07
680.262	  4.51554e+07
680.549	  4.51436e+07
680.836	  4.51318e+07
681.123	  4.512e+07
681.41	  4.51082e+07
681.697	  4.50963e+07
681.984	  4.50845e+07
682.271	  4.50726e+07
682.558	  4.50607e+07
682.845	  4.50487e+07
683.132	  4.50368e+07
683.419	  4.50248e+07
683.706	  4.50129e+07
683.993	  4.50009e+07
684.28	  4.49888e+07
684.567	  4.49768e+07
684.854	  4.49648e+07
685.141	  4.49527e+07
685.428	  4.49406e+07
685.715	  4.49285e+07
686.002	  4.49164e+07
686.289	  4.49043e+07
686.576	  4.48921e+07
686.863	  4.48799e+07
687.15	  4.48678e+07
687.437	  4.48556e+07
687.724	  4.48433e+07
688.011	  4.48311e+07
688.298	  4.48188e+07
688.585	  4.48066e+07
688.872	  4.47943e+07
689.159	  4.4782e+07
689.446	  4.47697e+07
689.733	  4.47573e+07
690.02	  4.4745e+07
690.307	  4.47326e+07
690.594	  4.47202e+07
690.881	  4.47078e+07
691.168	  4.46954e+07
691.455	  4.4683e+07
691.742	  4.46705e+07
692.029	  4.4658e+07
692.316	  4.46456e+07
692.603	  4.46331e+07
692.89	  4.46205e+07
693.177	  4.4608e+07
693.464	  4.45955e+07
693.751	  4.45829e+07
694.038	  4.45703e+07
694.325	  4.45577e+07
694.612	  4.45451e+07
694.899	  4.45325e+07
695.186	  4.45198e+07
695.473	  4.45072e+07
695.76	  4.44945e+07
696.047	  4.44818e+07
696.334	  4.44691e+07
696.621	  4.44564e+07
696.908	  4.44436e+07
697.195	  4.44309e+07
697.482	  4.44181e+07
697.769	  4.44053e+07
698.056	  4.43925e+07
698.343	  4.43797e+07
698.63	  4.43669e+07
698.917	  4.4354e+07
699.204	  4.43412e+07
699.491	  4.43283e+07
699.778	  4.43154e+07
700.065	  4.43025e+07
700.352	  4.42896e+07
700.639	  4.42766e+07
700.926	  4.42637e+07
701.213	  4.42507e+07
701.5	  4.42377e+07
701.787	  4.42247e+07
702.074	  4.42117e+07
702.361	  4.41987e+07
702.648	  4.41857e+07
702.935	  4.41726e+07
703.222	  4.41595e+07
703.509	  4.41464e+07
703.796	  4.41333e+07
704.083	  4.41202e+07
704.37	  4.41071e+07
704.657	  4.4094e+07
704.944	  4.40808e+07
705.231	  4.40676e+07
705.518	  4.40544e+07
705.805	  4.40412e+07
706.092	  4.4028e+07
706.379	  4.40148e+07
706.666	  4.40015e+07
706.953	  4.39883e+07
707.24	  4.3975e+07
707.527	  4.39617e+07
707.814	  4.39484e+07
708.101	  4.39351e+07
708.388	  4.39218e+07
708.675	  4.39084e+07
708.962	  4.38951e+07
709.249	  4.38817e+07
709.536	  4.38683e+07
709.823	  4.38549e+07
710.11	  4.38415e+07
710.397	  4.38281e+07
710.684	  4.38147e+07
710.971	  4.38012e+07
711.258	  4.37877e+07
711.545	  4.37743e+07
711.832	  4.37608e+07
712.119	  4.37473e+07
712.406	  4.37337e+07
712.693	  4.37202e+07
712.98	  4.37067e+07
713.267	  4.36931e+07
713.554	  4.36795e+07
713.841	  4.36659e+07
714.128	  4.36523e+07
714.415	  4.36387e+07
714.702	  4.36251e+07
714.989	  4.36115e+07
715.276	  4.35978e+07
715.563	  4.35841e+07
715.85	  4.35705e+07
716.137	  4.35568e+07
716.424	  4.35431e+07
716.711	  4.35293e+07
716.998	  4.35156e+07
717.285	  4.35019e+07
717.572	  4.34881e+07
717.859	  4.34743e+07
718.146	  4.34606e+07
718.433	  4.34468e+07
718.72	  4.3433e+07
719.007	  4.34191e+07
719.294	  4.34053e+07
719.581	  4.33915e+07
719.868	  4.33776e+07
720.155	  4.33637e+07
720.442	  4.33499e+07
720.729	  4.3336e+07
721.016	  4.33221e+07
721.303	  4.33081e+07
721.59	  4.32942e+07
721.877	  4.32803e+07
722.164	  4.32663e+07
722.451	  4.32523e+07
722.738	  4.32384e+07
723.025	  4.32244e+07
723.312	  4.32104e+07
723.599	  4.31963e+07
723.886	  4.31823e+07
724.173	  4.31683e+07
724.46	  4.31542e+07
724.747	  4.31402e+07
725.034	  4.31261e+07
725.321	  4.3112e+07
725.608	  4.30979e+07
725.895	  4.30838e+07
726.182	  4.30697e+07
726.469	  4.30555e+07
726.756	  4.30414e+07
727.043	  4.30272e+07
727.33	  4.30131e+07
727.617	  4.29989e+07
727.904	  4.29847e+07
728.191	  4.29705e+07
728.478	  4.29563e+07
728.765	  4.2942e+07
729.052	  4.29278e+07
729.339	  4.29136e+07
729.626	  4.28993e+07
729.913	  4.2885e+07
730.2	  4.28707e+07
730.487	  4.28564e+07
730.774	  4.28421e+07
731.061	  4.28278e+07
731.348	  4.28135e+07
731.635	  4.27992e+07
731.922	  4.27848e+07
732.209	  4.27705e+07
732.496	  4.27561e+07
732.783	  4.27417e+07
733.07	  4.27273e+07
733.357	  4.27129e+07
733.644	  4.26985e+07
733.931	  4.26841e+07
734.218	  4.26696e+07
734.505	  4.26552e+07
734.792	  4.26407e+07
735.079	  4.26263e+07
735.366	  4.26118e+07
735.653	  4.25973e+07
735.94	  4.25828e+07
736.227	  4.25683e+07
736.514	  4.25538e+07
736.801	  4.25392e+07
737.088	  4.25247e+07
737.375	  4.25101e+07
737.662	  4.24956e+07
737.949	  4.2481e+07
738.236	  4.24664e+07
738.523	  4.24518e+07
738.81	  4.24372e+07
739.097	  4.24226e+07
739.384	  4.2408e+07
739.671	  4.23934e+07
739.958	  4.23787e+07
740.245	  4.23641e+07
740.532	  4.23494e+07
740.819	  4.23347e+07
741.106	  4.232e+07
741.393	  4.23053e+07
741.68	  4.22906e+07
741.967	  4.22759e+07
742.254	  4.22612e+07
742.541	  4.22465e+07
742.828	  4.22317e+07
743.115	  4.2217e+07
743.402	  4.22022e+07
743.689	  4.21874e+07
743.976	  4.21727e+07
744.263	  4.21579e+07
744.55	  4.21431e+07
744.837	  4.21283e+07
745.124	  4.21134e+07
745.411	  4.20986e+07
745.698	  4.20838e+07
745.985	  4.20689e+07
746.272	  4.20541e+07
746.559	  4.20392e+07
746.846	  4.20243e+07
747.133	  4.20095e+07
747.42	  4.19946e+07
747.707	  4.19797e+07
747.994	  4.19647e+07
748.281	  4.19498e+07
748.568	  4.19349e+07
748.855	  4.192e+07
749.142	  4.1905e+07
749.429	  4.189e+07
749.716	  4.18751e+07
750.003	  4.18601e+07
750.29	  4.18451e+07
750.577	  4.18301e+07
750.864	  4.18151e+07
751.151	  4.18001e+07
751.438	  4.17851e+07
751.725	  4.17701e+07
752.012	  4.1755e+07
752.299	  4.174e+07
752.586	  4.17249e+07
752.873	  4.17099e+07
753.16	  4.16948e+07
753.447	  4.16797e+07
753.734	  4.16646e+07
754.021	  4.16495e+07
754.308	  4.16344e+07
754.595	  4.16193e+07
754.882	  4.16042e+07
755.169	  4.15891e+07
755.456	  4.15739e+07
755.743	  4.15588e+07
756.03	  4.15436e+07
756.317	  4.15285e+07
756.604	  4.15133e+07
756.891	  4.14981e+07
757.178	  4.14829e+07
757.465	  4.14677e+07
757.752	  4.14525e+07
758.039	  4.14373e+07
758.326	  4.14221e+07
758.613	  4.14069e+07
758.9	  4.13916e+07
759.187	  4.13764e+07
759.474	  4.13611e+07
759.761	  4.13459e+07
760.048	  4.13306e+07
760.335	  4.13153e+07
760.622	  4.13e+07
760.909	  4.12847e+07
761.196	  4.12694e+07
761.483	  4.12541e+07
761.77	  4.12388e+07
762.057	  4.12235e+07
762.344	  4.12082e+07
762.631	  4.11928e+07
762.918	  4.11775e+07
763.205	  4.11621e+07
763.492	  4.11468e+07
763.779	  4.11314e+07
764.066	  4.1116e+07
764.353	  4.11006e+07
764.64	  4.10853e+07
764.927	  4.10699e+07
765.214	  4.10544e+07
765.501	  4.1039e+07
765.788	  4.10236e+07
766.075	  4.10082e+07
766.362	  4.09928e+07
766.649	  4.09773e+07
766.936	  4.09619e+07
767.223	  4.09464e+07
767.51	  4.09309e+07
767.797	  4.09155e+07
768.084	  4.09e+07
768.371	  4.08845e+07
768.658	  4.0869e+07
768.945	  4.08535e+07
769.232	  4.0838e+07
769.519	  4.08225e+07
769.806	  4.0807e+07
770.093	  4.07915e+07
770.38	  4.07759e+07
770.667	  4.07604e+07
770.954	  4.07448e+07
771.241	  4.07293e+07
771.528	  4.07137e+07
771.815	  4.06982e+07
772.102	  4.06826e+07
772.389	  4.0667e+07
772.676	  4.06514e+07
772.963	  4.06358e+07
773.25	  4.06202e+07
773.537	  4.06046e+07
773.824	  4.0589e+07
774.111	  4.05734e+07
774.398	  4.05578e+07
774.685	  4.05421e+07
774.972	  4.05265e+07
775.259	  4.05109e+07
775.546	  4.04952e+07
775.833	  4.04796e+07
776.12	  4.04639e+07
776.407	  4.04482e+07
776.694	  4.04325e+07
776.981	  4.04169e+07
777.268	  4.04012e+07
777.555	  4.03855e+07
777.842	  4.03698e+07
778.129	  4.03541e+07
778.416	  4.03384e+07
778.703	  4.03226e+07
778.99	  4.03069e+07
779.277	  4.02912e+07
779.564	  4.02754e+07
779.851	  4.02597e+07
780.138	  4.0244e+07
780.425	  4.02282e+07
780.712	  4.02124e+07
780.999	  4.01967e+07
781.286	  4.01809e+07
781.573	  4.01651e+07
781.86	  4.01493e+07
782.147	  4.01335e+07
782.434	  4.01178e+07
782.721	  4.0102e+07
783.008	  4.00861e+07
783.295	  4.00703e+07
783.582	  4.00545e+07
783.869	  4.00387e+07
784.156	  4.00229e+07
784.443	  4.0007e+07
784.73	  3.99912e+07
785.017	  3.99753e+07
785.304	  3.99595e+07
785.591	  3.99436e+07
785.878	  3.99278e+07
786.165	  3.99119e+07
786.452	  3.9896e+07
786.739	  3.98802e+07
787.026	  3.98643e+07
787.313	  3.98484e+07
787.6	  3.98325e+07
787.887	  3.98166e+07
788.174	  3.98007e+07
788.461	  3.97848e+07
788.748	  3.97689e+07
789.035	  3.97529e+07
789.322	  3.9737e+07
789.609	  3.97211e+07
789.896	  3.97052e+07
790.183	  3.96892e+07
790.47	  3.96733e+07
790.757	  3.96573e+07
791.044	  3.96414e+07
791.331	  3.96254e+07
791.618	  3.96094e+07
791.905	  3.95935e+07
792.192	  3.95775e+07
792.479	  3.95615e+07
792.766	  3.95455e+07
793.053	  3.95296e+07
793.34	  3.95136e+07
793.627	  3.94976e+07
793.914	  3.94816e+07
794.201	  3.94656e+07
794.488	  3.94495e+07
794.775	  3.94335e+07
795.062	  3.94175e+07
795.349	  3.94015e+07
795.636	  3.93854e+07
795.923	  3.93694e+07
796.21	  3.93534e+07
796.497	  3.93373e+07
796.784	  3.93213e+07
797.071	  3.93052e+07
797.358	  3.92892e+07
797.645	  3.92731e+07
797.932	  3.9257e+07
798.219	  3.9241e+07
798.506	  3.92249e+07
798.793	  3.92088e+07
799.08	  3.91927e+07
799.367	  3.91767e+07
799.654	  3.91606e+07
799.941	  3.91445e+07
800.228	  3.91284e+07
800.515	  3.91123e+07
800.802	  3.90962e+07
801.089	  3.908e+07
801.376	  3.90639e+07
801.663	  3.90478e+07
801.95	  3.90317e+07
802.237	  3.90155e+07
802.524	  3.89994e+07
802.811	  3.89833e+07
803.098	  3.89671e+07
803.385	  3.8951e+07
803.672	  3.89348e+07
803.959	  3.89187e+07
804.246	  3.89025e+07
804.533	  3.88864e+07
804.82	  3.88702e+07
805.107	  3.88541e+07
805.394	  3.88379e+07
805.681	  3.88217e+07
805.968	  3.88055e+07
806.255	  3.87893e+07
806.542	  3.87732e+07
806.829	  3.8757e+07
807.116	  3.87408e+07
807.403	  3.87246e+07
807.69	  3.87084e+07
807.977	  3.86922e+07
808.264	  3.8676e+07
808.551	  3.86598e+07
808.838	  3.86435e+07
809.125	  3.86273e+07
809.412	  3.86111e+07
809.699	  3.85949e+07
809.986	  3.85787e+07
810.273	  3.85624e+07
810.56	  3.85462e+07
810.847	  3.85299e+07
811.134	  3.85137e+07
811.421	  3.84975e+07
811.708	  3.84812e+07
811.995	  3.8465e+07
812.282	  3.84487e+07
812.569	  3.84325e+07
812.856	  3.84162e+07
813.143	  3.83999e+07
813.43	  3.83837e+07
813.717	  3.83674e+07
814.004	  3.83511e+07
814.291	  3.83348e+07
814.578	  3.83186e+07
814.865	  3.83023e+07
815.152	  3.8286e+07
815.439	  3.82697e+07
815.726	  3.82534e+07
816.013	  3.82371e+07
816.3	  3.82208e+07
816.587	  3.82045e+07
816.874	  3.81882e+07
817.161	  3.81719e+07
817.448	  3.81556e+07
817.735	  3.81393e+07
818.022	  3.8123e+07
818.309	  3.81067e+07
818.596	  3.80903e+07
818.883	  3.8074e+07
819.17	  3.80577e+07
819.457	  3.80414e+07
820.002	  3.80103e+07
820.031	  3.80087e+07
820.059	  3.80071e+07
820.088	  3.80054e+07
820.117	  3.80038e+07
820.146	  3.80022e+07
820.174	  3.80005e+07
820.203	  3.79989e+07
820.232	  3.79973e+07
820.26	  3.79956e+07
820.289	  3.7994e+07
820.318	  3.79924e+07
820.346	  3.79907e+07
820.375	  3.79891e+07
820.404	  3.79875e+07
820.433	  3.79858e+07
820.461	  3.79842e+07
820.49	  3.79826e+07
820.519	  3.79809e+07
820.547	  3.79793e+07
820.576	  3.79777e+07
820.605	  3.7976e+07
820.633	  1.8194e+07
820.662	  1.81935e+07
820.691	  1.81931e+07
820.72	  1.81926e+07
820.748	  1.81922e+07
820.777	  1.81917e+07
820.806	  1.81913e+07
820.834	  1.81908e+07
820.863	  1.81903e+07
820.892	  1.81899e+07
820.92	  1.81894e+07
820.949	  1.8189e+07
820.978	  1.81885e+07
821.007	  1.81881e+07
821.035	  1.81876e+07
821.064	  1.81871e+07
821.093	  1.81867e+07
821.121	  1.81862e+07
821.15	  1.81858e+07
821.179	  1.81853e+07
821.207	  1.81849e+07
821.236	  1.81844e+07
821.265	  1.81839e+07
821.294	  1.81835e+07
821.322	  1.8183e+07
821.351	  1.81826e+07
821.38	  1.81821e+07
821.408	  1.81817e+07
821.437	  1.81812e+07
821.466	  1.81807e+07
821.494	  1.81803e+07
821.523	  1.81798e+07
821.552	  1.81794e+07
821.581	  1.81789e+07
821.609	  1.81785e+07
821.638	  1.8178e+07
821.667	  1.81775e+07
821.695	  1.81771e+07
821.724	  1.81766e+07
821.753	  1.81762e+07
821.781	  1.81757e+07
821.81	  1.81753e+07
821.839	  1.81748e+07
821.868	  1.81743e+07
821.896	  1.81739e+07
821.925	  1.81734e+07
821.954	  1.8173e+07
821.982	  1.81725e+07
822.011	  1.81721e+07
822.011	  1.81721e+07
822.298	  1.81675e+07
822.585	  1.81629e+07
822.872	  1.81583e+07
823.159	  1.81537e+07
823.446	  1.81491e+07
823.733	  1.81445e+07
824.02	  1.81399e+07
824.307	  1.81353e+07
824.594	  1.81307e+07
824.881	  1.81261e+07
825.168	  1.81215e+07
825.455	  1.81169e+07
825.742	  1.81123e+07
826.029	  1.81077e+07
826.316	  1.81031e+07
826.603	  1.80984e+07
826.89	  1.80938e+07
827.177	  1.80892e+07
827.464	  1.80846e+07
827.751	  1.80799e+07
828.038	  1.80753e+07
828.325	  1.80707e+07
828.612	  1.8066e+07
828.899	  1.80614e+07
829.186	  1.80567e+07
829.473	  1.80521e+07
829.76	  1.80474e+07
830.047	  1.80428e+07
830.334	  1.80381e+07
830.621	  1.80335e+07
830.908	  1.80288e+07
831.195	  1.80242e+07
831.482	  1.80195e+07
831.769	  1.80148e+07
832.056	  1.80102e+07
832.343	  1.80055e+07
832.63	  1.80008e+07
832.917	  1.79962e+07
833.204	  1.79915e+07
833.491	  1.79868e+07
833.778	  1.79821e+07
834.065	  1.79774e+07
834.352	  1.79727e+07
834.639	  1.79681e+07
834.926	  1.79634e+07
835.213	  1.79587e+07
835.5	  1.7954e+07
835.787	  1.79493e+07
836.074	  1.79446e+07
836.361	  1.79399e+07
836.648	  1.79352e+07
836.935	  1.79305e+07
837.222	  1.79257e+07
837.509	  1.7921e+07
837.796	  1.79163e+07
838.083	  1.79116e+07
838.37	  1.79069e+07
838.657	  1.79022e+07
838.944	  1.78974e+07
839.231	  1.78927e+07
839.518	  1.7888e+07
839.805	  1.78833e+07
840.092	  1.78785e+07
840.379	  1.78738e+07
840.666	  1.7869e+07
840.953	  1.78643e+07
841.24	  1.78596e+07
841.527	  1.78548e+07
841.814	  1.78501e+07
842.101	  1.78453e+07
842.388	  1.78406e+07
842.675	  1.78358e+07
842.962	  1.78311e+07
843.249	  1.78263e+07
843.536	  1.78215e+07
843.823	  1.78168e+07
844.11	  1.7812e+07
844.397	  1.78073e+07
844.684	  1.78025e+07
844.971	  1.77977e+07
845.258	  1.77929e+07
845.545	  1.77882e+07
845.832	  1.77834e+07
846.119	  1.77786e+07
846.406	  1.77738e+07
846.693	  1.77691e+07
846.98	  1.77643e+07
847.267	  1.77595e+07
847.554	  1.77547e+07
847.841	  1.77499e+07
848.128	  1.77451e+07
848.415	  1.77403e+07
848.702	  1.77355e+07
848.989	  1.77307e+07
849.276	  1.77259e+07
849.563	  1.77211e+07
849.85	  1.77163e+07
850.137	  1.77115e+07
850.424	  1.77067e+07
850.711	  1.77019e+07
850.998	  1.76971e+07
851.285	  1.76923e+07
851.572	  1.76874e+07
851.859	  1.76826e+07
852.146	  1.76778e+07
852.433	  1.7673e+07
852.72	  1.76681e+07
853.007	  1.76633e+07
853.294	  1.76585e+07
853.581	  1.76537e+07
853.868	  1.76488e+07
854.155	  1.7644e+07
854.442	  1.76392e+07
854.729	  1.76343e+07
855.016	  1.76295e+07
855.303	  1.76246e+07
855.59	  1.76198e+07
855.877	  1.76149e+07
856.164	  1.76101e+07
856.451	  1.76052e+07
856.738	  1.76004e+07
857.025	  1.75955e+07
857.312	  1.75907e+07
857.599	  1.75858e+07
857.886	  1.7581e+07
858.173	  1.75761e+07
858.46	  1.75712e+07
858.747	  1.75664e+07
859.034	  1.75615e+07
859.321	  1.75566e+07
859.608	  1.75518e+07
859.895	  1.75469e+07
860.182	  1.7542e+07
860.469	  1.75371e+07
860.756	  1.75323e+07
861.043	  1.75274e+07
861.33	  1.75225e+07
861.617	  1.75176e+07
861.904	  1.75127e+07
862.191	  1.75078e+07
862.478	  1.7503e+07
862.765	  1.74981e+07
863.052	  1.74932e+07
863.339	  1.74883e+07
863.626	  1.74834e+07
863.913	  1.74785e+07
864.2	  1.74736e+07
864.487	  1.74687e+07
864.774	  1.74638e+07
865.061	  1.74589e+07
865.348	  1.7454e+07
865.635	  1.74491e+07
865.922	  1.74442e+07
866.209	  1.74393e+07
866.496	  1.74343e+07
866.783	  1.74294e+07
867.07	  1.74245e+07
867.357	  1.74196e+07
867.644	  1.74147e+07
867.931	  1.74098e+07
868.218	  1.74048e+07
868.505	  1.73999e+07
868.792	  1.7395e+07
869.079	  1.73901e+07
869.366	  1.73851e+07
869.653	  1.73802e+07
869.94	  1.73753e+07
870.227	  1.73703e+07
870.514	  1.73654e+07
870.801	  1.73605e+07
871.088	  1.73555e+07
871.375	  1.73506e+07
871.662	  1.73456e+07
871.949	  1.73407e+07
872.236	  1.73357e+07
872.523	  1.73308e+07
872.81	  1.73259e+07
873.097	  1.73209e+07
873.384	  1.7316e+07
873.671	  1.7311e+07
873.958	  1.7306e+07
874.245	  1.73011e+07
874.532	  1.72961e+07
874.819	  1.72912e+07
875.106	  1.72862e+07
875.393	  1.72813e+07
875.68	  1.72763e+07
875.967	  1.72713e+07
876.254	  1.72664e+07
876.541	  1.72614e+07
876.828	  1.72564e+07
877.115	  1.72515e+07
877.402	  1.72465e+07
877.689	  1.72415e+07
877.976	  1.72365e+07
878.263	  1.72316e+07
878.55	  1.72266e+07
878.837	  1.72216e+07
879.124	  1.72166e+07
879.411	  1.72116e+07
879.698	  1.72067e+07
879.985	  1.72017e+07
880.272	  1.71967e+07
880.559	  1.71917e+07
880.846	  1.71867e+07
881.133	  1.71817e+07
881.42	  1.71767e+07
881.707	  1.71717e+07
881.994	  1.71667e+07
882.281	  1.71617e+07
882.568	  1.71567e+07
882.855	  1.71517e+07
883.142	  1.71467e+07
883.429	  1.71417e+07
883.716	  1.71367e+07
884.003	  1.71317e+07
884.29	  1.71267e+07
884.577	  1.71217e+07
884.864	  1.71167e+07
885.151	  1.71117e+07
885.438	  1.71067e+07
885.725	  1.71017e+07
886.012	  1.70967e+07
886.299	  1.70916e+07
886.586	  1.70866e+07
886.873	  1.70816e+07
887.16	  1.70766e+07
887.447	  1.70716e+07
887.734	  1.70666e+07
888.021	  1.70615e+07
888.308	  1.70565e+07
888.595	  1.70515e+07
888.882	  1.70465e+07
889.169	  1.70414e+07
889.456	  1.70364e+07
889.743	  1.70314e+07
890.03	  1.70263e+07
890.317	  1.70213e+07
890.604	  1.70163e+07
890.891	  1.70112e+07
891.178	  1.70062e+07
891.465	  1.70012e+07
891.752	  1.69961e+07
892.039	  1.69911e+07
892.326	  1.6986e+07
892.613	  1.6981e+07
892.9	  1.6976e+07
893.187	  1.69709e+07
893.474	  1.69659e+07
893.761	  1.69608e+07
894.048	  1.69558e+07
894.335	  1.69507e+07
894.622	  1.69457e+07
894.909	  1.69406e+07
895.196	  1.69356e+07
895.483	  1.69305e+07
895.77	  1.69255e+07
896.057	  1.69204e+07
896.344	  1.69153e+07
896.631	  1.69103e+07
896.918	  1.69052e+07
897.205	  1.69002e+07
897.492	  1.68951e+07
897.779	  1.689e+07
898.066	  1.6885e+07
898.353	  1.68799e+07
898.64	  1.68748e+07
898.927	  1.68698e+07
899.214	  1.68647e+07
899.501	  1.68596e+07
899.788	  1.68546e+07
900.075	  1.68495e+07
900.362	  1.68444e+07
900.649	  1.68393e+07
900.936	  1.68343e+07
901.223	  1.68292e+07
901.51	  1.68241e+07
901.797	  1.6819e+07
902.084	  1.6814e+07
902.371	  1.68089e+07
902.658	  1.68038e+07
902.945	  1.67987e+07
903.232	  1.67936e+07
903.519	  1.67886e+07
903.806	  1.67835e+07
904.093	  1.67784e+07
904.38	  1.67733e+07
904.667	  1.67682e+07
904.954	  1.67631e+07
905.241	  1.6758e+07
905.528	  1.67529e+07
905.815	  1.67478e+07
906.102	  1.67428e+07
906.389	  1.67377e+07
906.676	  1.67326e+07
906.963	  1.67275e+07
907.25	  1.67224e+07
907.537	  1.67173e+07
907.824	  1.67122e+07
908.111	  1.67071e+07
908.398	  1.6702e+07
908.685	  1.66969e+07
908.972	  1.66918e+07
909.259	  1.66867e+07
909.546	  1.66816e+07
909.833	  1.66765e+07
910.12	  1.66713e+07
910.407	  1.66662e+07
910.694	  1.66611e+07
910.981	  1.6656e+07
911.268	  1.66509e+07
911.555	  1.66458e+07
911.842	  1.66407e+07
912.129	  1.66356e+07
912.416	  1.66305e+07
912.703	  1.66254e+07
912.99	  1.66202e+07
913.277	  1.66151e+07
913.564	  1.661e+07
913.851	  1.66049e+07
914.138	  1.65998e+07
914.425	  1.65946e+07
914.712	  1.65895e+07
914.999	  1.65844e+07
915.286	  1.65793e+07
915.573	  1.65742e+07
915.86	  1.6569e+07
916.147	  1.65639e+07
916.434	  1.65588e+07
916.721	  1.65537e+07
917.008	  1.65485e+07
917.295	  1.65434e+07
917.582	  1.65383e+07
917.869	  1.65332e+07
918.156	  1.6528e+07
918.443	  1.65229e+07
918.73	  1.65178e+07
919.017	  1.65126e+07
919.304	  1.65075e+07
919.591	  1.65024e+07
919.878	  1.64972e+07
920.165	  1.64921e+07
920.452	  1.6487e+07
920.739	  1.64818e+07
921.026	  1.64767e+07
921.313	  1.64715e+07
921.6	  1.64664e+07
921.887	  1.64613e+07
922.174	  1.64561e+07
922.461	  1.6451e+07
922.748	  1.64458e+07
923.035	  1.64407e+07
923.322	  1.64356e+07
923.609	  1.64304e+07
923.896	  1.64253e+07
924.183	  1.64201e+07
924.47	  1.6415e+07
924.757	  1.64098e+07
925.044	  1.64047e+07
925.331	  1.63995e+07
925.618	  1.63944e+07
925.905	  1.63892e+07
926.192	  1.63841e+07
926.479	  1.63789e+07
926.766	  1.63738e+07
927.053	  1.63686e+07
927.34	  1.63635e+07
927.627	  1.63583e+07
927.914	  1.63532e+07
928.201	  1.6348e+07
928.488	  1.63429e+07
928.775	  1.63377e+07
929.062	  1.63326e+07
929.349	  1.63274e+07
929.636	  1.63222e+07
929.923	  1.63171e+07
930.21	  1.63119e+07
930.497	  1.63068e+07
930.784	  1.63016e+07
931.071	  1.62964e+07
931.358	  1.62913e+07
931.645	  1.62861e+07
931.932	  1.6281e+07
932.219	  1.62758e+07
932.506	  1.62706e+07
932.793	  1.62655e+07
933.08	  1.62603e+07
933.367	  1.62551e+07
933.654	  1.625e+07
933.941	  1.62448e+07
934.228	  1.62396e+07
934.515	  1.62345e+07
934.802	  1.62293e+07
935.089	  1.62241e+07
935.376	  1.6219e+07
935.663	  1.62138e+07
935.95	  1.62086e+07
936.237	  1.62035e+07
936.524	  1.61983e+07
936.811	  1.61931e+07
937.098	  1.61879e+07
937.385	  1.61828e+07
937.672	  1.61776e+07
937.959	  1.61724e+07
938.246	  1.61672e+07
938.533	  1.61621e+07
938.82	  1.61569e+07
939.107	  1.61517e+07
939.394	  1.61465e+07
939.681	  1.61414e+07
939.968	  1.61362e+07
940.255	  1.6131e+07
940.542	  1.61258e+07
940.829	  1.61206e+07
941.116	  1.61155e+07
941.403	  1.61103e+07
941.69	  1.61051e+07
941.977	  1.60999e+07
942.264	  1.60947e+07
942.551	  1.60896e+07
942.838	  1.60844e+07
943.125	  1.60792e+07
943.412	  1.6074e+07
943.699	  1.60688e+07
943.986	  1.60637e+07
944.273	  1.60585e+07
944.56	  1.60533e+07
944.847	  1.60481e+07
945.134	  1.60429e+07
945.421	  1.60377e+07
945.708	  1.60325e+07
945.995	  1.60274e+07
946.282	  1.60222e+07
946.569	  1.6017e+07
946.856	  1.60118e+07
947.143	  1.60066e+07
947.43	  1.60014e+07
947.717	  1.59962e+07
948.004	  1.5991e+07
948.291	  1.59858e+07
948.578	  1.59807e+07
948.865	  1.59755e+07
949.152	  1.59703e+07
949.439	  1.59651e+07
949.726	  1.59599e+07
950.013	  1.59547e+07
950.3	  1.59495e+07
950.587	  1.59443e+07
950.874	  1.59391e+07
951.161	  1.59339e+07
951.448	  1.59287e+07
951.735	  1.59235e+07
952.022	  1.59184e+07
952.309	  1.59132e+07
952.596	  1.5908e+07
952.883	  1.59028e+07
953.17	  1.58976e+07
953.457	  1.58924e+07
953.744	  1.58872e+07
954.031	  1.5882e+07
954.318	  1.58768e+07
954.605	  1.58716e+07
954.892	  1.58664e+07
955.179	  1.58612e+07
955.466	  1.5856e+07
955.753	  1.58508e+07
956.04	  1.58456e+07
956.327	  1.58404e+07
956.614	  1.58352e+07
956.901	  1.583e+07
957.188	  1.58248e+07
957.475	  1.58196e+07
957.762	  1.58144e+07
958.049	  1.58092e+07
958.336	  1.5804e+07
958.623	  1.57988e+07
958.91	  1.57936e+07
959.197	  1.57884e+07
959.484	  1.57832e+07
959.771	  1.5778e+07
960.058	  1.57728e+07
960.345	  1.57676e+07
960.632	  1.57624e+07
960.919	  1.57572e+07
961.206	  1.5752e+07
961.493	  1.57468e+07
961.78	  1.57416e+07
962.067	  1.57364e+07
962.354	  1.57312e+07
962.641	  1.5726e+07
962.928	  1.57208e+07
963.215	  1.57156e+07
963.502	  1.57104e+07
963.789	  1.57052e+07
964.076	  1.57e+07
964.363	  1.56947e+07
964.65	  1.56895e+07
964.937	  1.56843e+07
965.224	  1.56791e+07
965.511	  1.56739e+07
965.798	  1.56687e+07
966.085	  1.56635e+07
966.372	  1.56583e+07
966.659	  1.56531e+07
966.946	  1.56479e+07
967.233	  1.56427e+07
967.52	  1.56375e+07
967.807	  1.56323e+07
968.094	  1.56271e+07
968.381	  1.56219e+07
968.668	  1.56167e+07
968.955	  1.56114e+07
969.242	  1.56062e+07
969.529	  1.5601e+07
969.816	  1.55958e+07
970.103	  1.55906e+07
970.39	  1.55854e+07
970.677	  1.55802e+07
970.964	  1.5575e+07
971.251	  1.55698e+07
971.538	  1.55646e+07
971.825	  1.55594e+07
972.112	  1.55542e+07
972.399	  1.5549e+07
972.686	  1.55437e+07
972.973	  1.55385e+07
973.26	  1.55333e+07
973.547	  1.55281e+07
973.834	  1.55229e+07
974.121	  1.55177e+07
974.408	  1.55125e+07
974.695	  1.55073e+07
974.982	  1.55021e+07
975.269	  1.54969e+07
975.556	  1.54917e+07
975.843	  1.54864e+07
976.13	  1.54812e+07
976.417	  1.5476e+07
976.704	  1.54708e+07
976.991	  1.54656e+07
977.278	  1.54604e+07
977.565	  1.54552e+07
977.852	  1.545e+07
978.139	  1.54448e+07
978.426	  1.54396e+07
978.713	  1.54343e+07
979	  1.54291e+07
979.287	  1.54239e+07
979.574	  1.54187e+07
979.861	  1.54135e+07
980.148	  1.54083e+07
980.435	  1.54031e+07
980.722	  1.53979e+07
981.009	  1.53927e+07
981.296	  1.53875e+07
981.583	  1.53823e+07
981.87	  1.5377e+07
982.157	  1.53718e+07
982.444	  1.53666e+07
982.731	  1.53614e+07
983.018	  1.53562e+07
983.305	  1.5351e+07
983.592	  1.53458e+07
983.879	  1.53406e+07
984.166	  1.53354e+07
984.453	  1.53302e+07
984.74	  1.53249e+07
985.027	  1.53197e+07
985.314	  1.53145e+07
985.601	  1.53093e+07
985.888	  1.53041e+07
986.175	  1.52989e+07
986.462	  1.52937e+07
986.749	  1.52885e+07
987.036	  1.52833e+07
987.323	  1.52781e+07
987.61	  1.52729e+07
987.897	  1.52676e+07
988.184	  1.52624e+07
988.471	  1.52572e+07
988.758	  1.5252e+07
989.045	  1.52468e+07
989.332	  1.52416e+07
989.619	  1.52364e+07
989.906	  1.52312e+07
990.193	  1.5226e+07
990.48	  1.52208e+07
990.767	  1.52156e+07
991.054	  1.52104e+07
991.341	  1.52051e+07
991.628	  1.51999e+07
991.915	  1.51947e+07
992.202	  1.51895e+07
992.489	  1.51843e+07
992.776	  1.51791e+07
993.063	  1.51739e+07
993.35	  1.51687e+07
993.637	  1.51635e+07
993.924	  1.51583e+07
994.211	  1.51531e+07
994.498	  1.51479e+07
994.785	  1.51427e+07
995.072	  1.51375e+07
995.359	  1.51323e+07
995.646	  1.5127e+07
995.933	  1.51218e+07
996.22	  1.51166e+07
996.507	  1.51114e+07
996.794	  1.51062e+07
997.081	  1.5101e+07
997.368	  1.50958e+07
997.655	  1.50906e+07
997.942	  1.50854e+07
998.229	  1.50802e+07
998.516	  1.5075e+07
998.803	  1.50698e+07
999.09	  1.50646e+07
999.377	  1.50594e+07
999.664	  1.50542e+07
999.951	  1.5049e+07
1000.24	  1.50438e+07
1000.52	  1.50386e+07
1000.81	  1.50334e+07
1001.1	  1.50282e+07
1001.39	  1.5023e+07
1001.67	  1.50178e+07
1001.96	  1.50126e+07
1002.25	  1.50074e+07
1002.53	  1.50022e+07
1002.82	  1.4997e+07
1003.11	  1.49918e+07
1003.39	  1.49866e+07
1003.68	  1.49814e+07
1003.97	  1.49762e+07
1004.26	  1.4971e+07
1004.54	  1.49658e+07
1004.83	  1.49606e+07
1005.12	  1.49554e+07
1005.4	  1.49502e+07
1005.69	  1.4945e+07
1005.98	  1.49398e+07
1006.26	  1.49346e+07
1006.55	  1.49294e+07
1006.84	  1.49242e+07
1007.13	  1.4919e+07
1007.41	  1.49138e+07
1007.7	  1.49086e+07
1007.99	  1.49034e+07
1008.27	  1.48982e+07
1008.56	  1.4893e+07
1008.85	  1.48878e+07
1009.13	  1.48826e+07
1009.42	  1.48774e+07
1009.71	  1.48722e+07
1010	  1.4867e+07
1010.28	  1.48618e+07
1010.57	  1.48566e+07
1010.86	  1.48514e+07
1011.14	  1.48462e+07
1011.43	  1.4841e+07
1011.72	  1.48358e+07
1012	  1.48306e+07
1012.29	  1.48255e+07
1012.58	  1.48203e+07
1012.87	  1.48151e+07
1013.15	  1.48099e+07
1013.44	  1.48047e+07
1013.73	  1.47995e+07
1014.01	  1.47943e+07
1014.3	  1.47891e+07
1014.59	  1.47839e+07
1014.88	  1.47787e+07
1015.16	  1.47735e+07
1015.45	  1.47684e+07
1015.74	  1.47632e+07
1016.02	  1.4758e+07
1016.31	  1.47528e+07
1016.6	  1.47476e+07
1016.88	  1.47424e+07
1017.17	  1.47372e+07
1017.46	  1.4732e+07
1017.75	  1.47269e+07
1018.03	  1.47217e+07
1018.32	  1.47165e+07
1018.61	  1.47113e+07
1018.89	  1.47061e+07
1019.18	  1.47009e+07
1019.47	  1.46957e+07
1019.98	  1.46866e+07
1021.08	  1.46667e+07
1022.17	  1.46468e+07
1023.27	  1.4627e+07
1024.38	  1.46071e+07
1025.47	  1.45873e+07
1026.58	  1.45675e+07
1027.67	  1.45476e+07
1028.78	  1.45278e+07
1029.88	  1.4508e+07
1030.97	  1.44882e+07
1032.08	  1.44684e+07
1033.17	  1.44486e+07
1034.28	  1.44288e+07
1035.38	  1.4409e+07
1036.47	  1.43892e+07
1037.58	  1.43695e+07
1038.67	  1.43497e+07
1039.78	  1.43299e+07
1040.88	  1.43102e+07
1041.97	  1.42904e+07
1043.08	  1.42707e+07
1044.17	  1.4251e+07
1045.28	  1.42313e+07
1046.38	  1.42116e+07
1047.47	  1.41919e+07
1048.58	  1.41722e+07
1049.67	  1.41525e+07
1050.78	  1.41328e+07
1051.88	  1.41132e+07
1052.97	  1.40935e+07
1054.08	  1.40739e+07
1055.17	  1.40542e+07
1056.28	  1.40346e+07
1057.38	  1.4015e+07
1058.47	  1.39954e+07
1059.58	  1.39758e+07
1060.67	  1.39562e+07
1061.78	  1.39366e+07
1062.88	  1.3917e+07
1063.97	  1.38974e+07
1065.08	  1.38779e+07
1066.17	  1.38584e+07
1067.28	  1.38388e+07
1068.38	  1.38193e+07
1069.47	  1.37998e+07
1070.58	  1.37803e+07
1071.67	  1.37608e+07
1072.78	  1.37413e+07
1073.88	  1.37218e+07
1074.97	  1.37024e+07
1076.08	  1.36829e+07
1077.17	  1.36635e+07
1078.28	  1.36441e+07
1079.38	  1.36247e+07
1080.47	  1.36053e+07
1081.58	  1.35859e+07
1082.67	  1.35665e+07
1083.78	  1.35471e+07
1084.88	  1.35278e+07
1085.97	  1.35084e+07
1087.08	  1.34891e+07
1088.17	  1.34698e+07
1089.28	  1.34504e+07
1090.38	  1.34311e+07
1091.47	  1.34119e+07
1092.58	  1.33926e+07
1093.67	  1.33733e+07
1094.78	  1.33541e+07
1095.88	  1.33348e+07
1096.97	  1.33156e+07
1098.08	  1.32964e+07
1099.17	  1.32772e+07
1100.28	  1.3258e+07
1101.38	  1.32388e+07
1102.47	  1.32197e+07
1103.58	  1.32005e+07
1104.67	  1.31814e+07
1105.78	  1.31623e+07
1106.88	  1.31432e+07
1107.97	  1.31241e+07
1109.08	  1.3105e+07
1110.17	  1.30859e+07
1111.28	  1.30669e+07
1112.38	  1.30478e+07
1113.47	  1.30288e+07
1114.58	  1.30098e+07
1115.67	  1.29908e+07
1116.78	  1.29718e+07
1117.88	  1.29528e+07
1118.97	  1.29339e+07
1120.08	  1.29149e+07
1121.17	  1.2896e+07
1122.28	  1.28771e+07
1123.38	  1.28582e+07
1124.47	  1.28393e+07
1125.58	  1.28204e+07
1126.67	  1.28016e+07
1127.78	  1.27827e+07
1128.88	  1.27639e+07
1129.97	  1.27451e+07
1131.08	  1.27263e+07
1132.17	  1.27075e+07
1133.28	  1.26887e+07
1134.38	  1.267e+07
1135.47	  1.26512e+07
1136.58	  1.26325e+07
1137.67	  1.26138e+07
1138.78	  1.25951e+07
1139.88	  1.25764e+07
1140.97	  1.25578e+07
1142.08	  1.25391e+07
1143.17	  1.25205e+07
1144.28	  1.25019e+07
1145.38	  1.24833e+07
1146.47	  1.24647e+07
1147.58	  1.24461e+07
1148.67	  1.24275e+07
1149.78	  1.2409e+07
1150.88	  1.23905e+07
1151.97	  1.2372e+07
1153.08	  1.23535e+07
1154.17	  1.2335e+07
1155.28	  1.23165e+07
1156.38	  1.22981e+07
1157.47	  1.22797e+07
1158.58	  1.22613e+07
1159.67	  1.22429e+07
1160.78	  1.22245e+07
1161.88	  1.22061e+07
1162.97	  1.21878e+07
1164.08	  1.21694e+07
1165.17	  1.21511e+07
1166.28	  1.21328e+07
1167.38	  1.21145e+07
1168.47	  1.20963e+07
1169.58	  1.2078e+07
1170.67	  1.20598e+07
1171.78	  1.20416e+07
1172.88	  1.20234e+07
1173.97	  1.20052e+07
1175.08	  1.1987e+07
1176.17	  1.19689e+07
1177.28	  1.19508e+07
1178.38	  1.19326e+07
1179.47	  1.19145e+07
1180.58	  1.18965e+07
1181.67	  1.18784e+07
1182.78	  1.18604e+07
1183.88	  1.18423e+07
1184.97	  1.18243e+07
1186.08	  1.18063e+07
1187.17	  1.17883e+07
1188.28	  1.17704e+07
1189.38	  1.17524e+07
1190.47	  1.17345e+07
1191.58	  1.17166e+07
1192.67	  1.16987e+07
1193.78	  1.16808e+07
1194.88	  1.1663e+07
1195.97	  1.16452e+07
1197.08	  1.16273e+07
1198.17	  1.16095e+07
1199.28	  1.15917e+07
1200.38	  1.1574e+07
1201.47	  1.15562e+07
1202.58	  1.15385e+07
1203.67	  1.15208e+07
1204.78	  1.15031e+07
1205.88	  1.14854e+07
1206.97	  1.14678e+07
1208.08	  1.14501e+07
1209.17	  1.14325e+07
1210.28	  1.14149e+07
1211.38	  1.13973e+07
1212.47	  1.13797e+07
1213.58	  1.13622e+07
1214.67	  1.13446e+07
1215.78	  1.13271e+07
1216.88	  1.13096e+07
1217.97	  1.12922e+07
1219.08	  1.12747e+07
1220.17	  1.12572e+07
1221.28	  1.12398e+07
1222.38	  1.12224e+07
1223.47	  1.1205e+07
1224.58	  1.11877e+07
1225.67	  1.11703e+07
1226.78	  1.1153e+07
1227.88	  1.11357e+07
1228.97	  1.11184e+07
1230.08	  1.11011e+07
1231.17	  1.10838e+07
1232.28	  1.10666e+07
1233.38	  1.10494e+07
1234.47	  1.10322e+07
1235.58	  1.1015e+07
1236.67	  1.09978e+07
1237.78	  1.09807e+07
1238.88	  1.09636e+07
1239.97	  1.09464e+07
1241.08	  1.09294e+07
1242.17	  1.09123e+07
1243.28	  1.08952e+07
1244.38	  1.08782e+07
1245.47	  1.08612e+07
1246.58	  1.08442e+07
1247.67	  1.08272e+07
1248.78	  1.08103e+07
1249.88	  1.07933e+07
1250.97	  1.07764e+07
1252.08	  1.07595e+07
1253.17	  1.07426e+07
1254.28	  1.07258e+07
1255.38	  1.07089e+07
1256.47	  1.06921e+07
1257.58	  1.06753e+07
1258.67	  1.06585e+07
1259.78	  1.06417e+07
1260.88	  1.0625e+07
1261.97	  1.06083e+07
1263.08	  1.05915e+07
1264.17	  1.05749e+07
1265.28	  1.05582e+07
1266.38	  1.05415e+07
1267.47	  1.05249e+07
1268.58	  1.05083e+07
1269.67	  1.04917e+07
1270.78	  1.04751e+07
1271.88	  1.04586e+07
1272.97	  1.0442e+07
1274.08	  1.04255e+07
1275.17	  1.0409e+07
1276.28	  1.03925e+07
1277.38	  1.03761e+07
1278.47	  1.03596e+07
1279.58	  1.03432e+07
1280.67	  1.03268e+07
1281.78	  1.03104e+07
1282.88	  1.02941e+07
1283.97	  1.02777e+07
1285.08	  1.02614e+07
1286.17	  1.02451e+07
1287.28	  1.02288e+07
1288.38	  1.02126e+07
1289.47	  1.01963e+07
1290.58	  1.01801e+07
1291.67	  1.01639e+07
1292.78	  1.01477e+07
1293.88	  1.01315e+07
1294.97	  1.01154e+07
1296.08	  1.00992e+07
1297.17	  1.00831e+07
1298.28	  1.00671e+07
1299.38	  1.0051e+07
1300.47	  1.00349e+07
1301.58	  1.00189e+07
1302.67	  1.00029e+07
1303.78	  9.98691e+06
1304.88	  9.97094e+06
1305.97	  9.95499e+06
1307.08	  9.93905e+06
1308.17	  9.92314e+06
1309.28	  9.90725e+06
1310.38	  9.89138e+06
1311.47	  9.87553e+06
1312.58	  9.8597e+06
1313.67	  9.84388e+06
1314.78	  9.82809e+06
1315.88	  9.81232e+06
1316.97	  9.79656e+06
1318.08	  9.78083e+06
1319.17	  9.76512e+06
1320.28	  9.74942e+06
1321.38	  9.73375e+06
1322.47	  9.71809e+06
1323.58	  9.70246e+06
1324.67	  9.68684e+06
1325.78	  9.67125e+06
1326.88	  9.65567e+06
1327.97	  9.64011e+06
1329.08	  9.62458e+06
1330.17	  9.60906e+06
1331.28	  9.59357e+06
1332.38	  9.57809e+06
1333.47	  9.56263e+06
1334.58	  9.5472e+06
1335.67	  9.53178e+06
1336.78	  9.51638e+06
1337.88	  9.501e+06
1338.97	  9.48565e+06
1340.08	  9.47031e+06
1341.17	  9.45499e+06
1342.28	  9.43969e+06
1343.38	  9.42441e+06
1344.47	  9.40915e+06
1345.58	  9.39392e+06
1346.67	  9.3787e+06
1347.78	  9.3635e+06
1348.88	  9.34832e+06
1349.97	  9.33316e+06
1351.08	  9.31802e+06
1352.17	  9.3029e+06
1353.28	  9.2878e+06
1354.38	  9.27272e+06
1355.47	  9.25766e+06
1356.58	  9.24262e+06
1357.67	  9.2276e+06
1358.78	  9.2126e+06
1359.88	  9.19762e+06
1360.97	  9.18266e+06
1362.08	  9.16772e+06
1363.17	  9.1528e+06
1364.28	  9.13789e+06
1365.38	  9.12301e+06
1366.47	  9.10815e+06
1367.58	  9.09331e+06
1368.67	  9.07849e+06
1369.78	  9.06369e+06
1370.88	  9.0489e+06
1371.97	  9.03414e+06
1373.08	  9.0194e+06
1374.17	  9.00468e+06
1375.28	  8.98997e+06
1376.38	  8.97529e+06
1377.47	  8.96063e+06
1378.58	  8.94598e+06
1379.67	  8.93136e+06
1380.78	  8.91675e+06
1381.88	  8.90217e+06
1382.97	  8.88761e+06
1384.08	  8.87306e+06
1385.17	  8.85854e+06
1386.28	  8.84403e+06
1387.38	  8.82955e+06
1388.47	  8.81508e+06
1389.58	  8.80064e+06
1390.67	  8.78621e+06
1391.78	  8.7718e+06
1392.88	  8.75742e+06
1393.97	  8.74305e+06
1395.08	  8.7287e+06
1396.17	  8.71438e+06
1397.28	  8.70007e+06
1398.38	  8.68578e+06
1399.47	  8.67151e+06
1400.58	  8.65727e+06
1401.67	  8.64304e+06
1402.78	  8.62883e+06
1403.88	  8.61464e+06
1404.97	  8.60047e+06
1406.08	  8.58632e+06
1407.17	  8.57219e+06
1408.28	  8.55808e+06
1409.38	  8.54399e+06
1410.47	  8.52992e+06
1411.58	  8.51587e+06
1412.67	  8.50184e+06
1413.78	  8.48783e+06
1414.88	  8.47383e+06
1415.97	  8.45986e+06
1417.08	  8.44591e+06
1418.17	  8.43198e+06
1419.28	  8.41806e+06
1420.38	  8.40417e+06
1421.47	  8.39029e+06
1422.58	  8.37644e+06
1423.67	  8.3626e+06
1424.78	  8.34879e+06
1425.88	  8.33499e+06
1426.97	  8.32121e+06
1428.08	  8.30746e+06
1429.17	  8.29372e+06
1430.28	  8.28e+06
1431.38	  8.2663e+06
1432.47	  8.25262e+06
1433.58	  8.23897e+06
1434.67	  8.22533e+06
1435.78	  8.2117e+06
1436.88	  8.1981e+06
1437.97	  8.18452e+06
1439.08	  8.17096e+06
1440.17	  8.15742e+06
1441.28	  8.14389e+06
1442.38	  8.13039e+06
1443.47	  8.11691e+06
1444.58	  8.10344e+06
1445.67	  8.09e+06
1446.78	  8.07657e+06
1447.88	  8.06316e+06
1448.97	  8.04978e+06
1450.08	  8.03641e+06
1451.17	  8.02306e+06
1452.28	  8.00973e+06
1453.38	  7.99642e+06
1454.47	  7.98313e+06
1455.58	  7.96986e+06
1456.67	  7.95661e+06
1457.78	  7.94337e+06
1458.88	  6.24582e+06
1459.97	  6.237e+06
1461.08	  6.22819e+06
1462.17	  6.21939e+06
1463.28	  6.2106e+06
1464.38	  6.20182e+06
1465.47	  6.19305e+06
1466.58	  6.18429e+06
1467.67	  6.17554e+06
1468.78	  6.1668e+06
1469.88	  6.15807e+06
1470.97	  6.14935e+06
1472.08	  6.14065e+06
1473.17	  6.13195e+06
1474.28	  6.12326e+06
1475.38	  6.11459e+06
1476.47	  6.10592e+06
1477.58	  6.09727e+06
1478.67	  6.08862e+06
1479.78	  6.07999e+06
1480.88	  6.07136e+06
1481.97	  6.06275e+06
1483.08	  6.05414e+06
1484.17	  6.04555e+06
1485.28	  6.03696e+06
1486.38	  6.02839e+06
1487.47	  6.01983e+06
1488.58	  6.01128e+06
1489.67	  6.00273e+06
1490.78	  5.9942e+06
1491.88	  5.98568e+06
1492.97	  5.97717e+06
1494.08	  5.96867e+06
1495.17	  5.96017e+06
1496.28	  5.95169e+06
1497.38	  5.94322e+06
1498.47	  5.93476e+06
1499.58	  5.92631e+06
1500.67	  5.91787e+06
1501.78	  5.90944e+06
1502.88	  5.90102e+06
1503.97	  5.89262e+06
1505.08	  5.88422e+06
1506.17	  5.87583e+06
1507.28	  5.86745e+06
1508.38	  5.85908e+06
1509.47	  5.85072e+06
1510.58	  5.84238e+06
1511.67	  5.83404e+06
1512.78	  5.82571e+06
1513.88	  5.81739e+06
1514.97	  5.80909e+06
1516.08	  5.80079e+06
1517.17	  5.7925e+06
1518.28	  5.78423e+06
1519.38	  5.77596e+06
1520.47	  5.76771e+06
1521.58	  5.75946e+06
1522.67	  5.75123e+06
1523.78	  5.743e+06
1524.88	  5.73478e+06
1525.97	  5.72658e+06
1527.08	  5.71838e+06
1528.17	  5.7102e+06
1529.28	  5.70202e+06
1530.38	  5.69386e+06
1531.47	  5.68571e+06
1532.58	  5.67756e+06
1533.67	  5.66943e+06
1534.78	  5.6613e+06
1535.88	  5.65319e+06
1536.97	  5.64509e+06
1538.08	  5.63699e+06
1539.17	  5.62891e+06
1540.28	  5.62083e+06
1541.38	  5.61277e+06
1542.47	  5.60472e+06
1543.58	  5.59667e+06
1544.67	  5.58864e+06
1545.78	  5.58062e+06
1546.88	  5.57261e+06
1547.97	  5.5646e+06
1549.08	  5.55661e+06
1550.17	  5.54863e+06
1551.28	  5.54065e+06
1552.38	  5.53269e+06
1553.47	  5.52474e+06
1554.58	  5.51679e+06
1555.67	  5.50886e+06
1556.78	  5.50094e+06
1557.88	  5.49303e+06
1558.97	  5.48512e+06
1560.08	  5.47723e+06
1561.17	  5.46935e+06
1562.28	  5.46147e+06
1563.38	  5.45361e+06
1564.47	  5.44576e+06
1565.58	  5.43792e+06
1566.67	  5.43008e+06
1567.78	  5.42226e+06
1568.88	  5.41445e+06
1569.97	  5.40664e+06
1571.08	  5.39885e+06
1572.17	  5.39107e+06
1573.28	  5.38329e+06
1574.38	  5.37553e+06
1575.47	  5.36778e+06
1576.58	  5.36003e+06
1577.67	  5.3523e+06
1578.78	  5.34458e+06
1579.88	  5.33686e+06
1580.97	  5.32916e+06
1582.08	  5.32146e+06
1583.17	  5.31378e+06
1584.28	  5.30611e+06
1585.38	  5.29844e+06
1586.47	  5.29079e+06
1587.58	  5.28314e+06
1588.67	  5.27551e+06
1589.78	  5.26788e+06
1590.88	  5.26027e+06
1591.97	  5.25266e+06
1593.08	  5.24506e+06
1594.17	  5.23748e+06
1595.28	  5.2299e+06
1596.38	  5.22234e+06
1597.47	  5.21478e+06
1598.58	  5.20723e+06
1599.67	  5.1997e+06
1600.78	  5.19217e+06
1601.88	  5.18465e+06
1602.97	  5.17714e+06
1604.08	  5.16965e+06
1605.17	  5.16216e+06
1606.28	  5.15468e+06
1607.38	  5.14721e+06
1608.47	  5.13975e+06
1609.58	  5.1323e+06
1610.67	  5.12486e+06
1611.78	  5.11743e+06
1612.88	  5.11001e+06
1613.97	  5.1026e+06
1615.08	  5.0952e+06
1616.17	  5.08781e+06
1617.28	  5.08043e+06
1618.38	  5.07306e+06
1619.47	  5.0657e+06
1620.58	  5.05834e+06
1621.67	  5.051e+06
1622.78	  5.04367e+06
1623.88	  5.03634e+06
1624.97	  5.02903e+06
1626.08	  5.02173e+06
1627.17	  5.01443e+06
1628.28	  5.00715e+06
1629.38	  4.99987e+06
1630.47	  4.9926e+06
1631.58	  4.98535e+06
1632.67	  4.9781e+06
1633.78	  4.97086e+06
1634.88	  4.96364e+06
1635.97	  4.95642e+06
1637.08	  4.94921e+06
1638.17	  4.94201e+06
1639.28	  4.93482e+06
1640.38	  4.92764e+06
1641.47	  4.92047e+06
1642.58	  4.91331e+06
1643.67	  4.90616e+06
1644.78	  4.89902e+06
1645.88	  4.89189e+06
1646.97	  4.88477e+06
1648.08	  4.87765e+06
1649.17	  4.87055e+06
1650.28	  4.86346e+06
1651.38	  4.85637e+06
1652.47	  4.8493e+06
1653.58	  4.84223e+06
1654.67	  4.83517e+06
1655.78	  4.82813e+06
1656.88	  4.82109e+06
1657.97	  4.81406e+06
1659.08	  4.80704e+06
1660.17	  4.80003e+06
1661.28	  4.79303e+06
1662.38	  4.78604e+06
1663.47	  4.77906e+06
1664.58	  4.77209e+06
1665.67	  4.76512e+06
1666.78	  4.75817e+06
1667.88	  4.75122e+06
1668.97	  4.74429e+06
1670.08	  4.73736e+06
1671.17	  4.73045e+06
1672.28	  4.72354e+06
1673.38	  4.71664e+06
1674.47	  4.70975e+06
1675.58	  4.70287e+06
1676.67	  4.696e+06
1677.78	  4.68914e+06
1678.88	  4.68229e+06
1679.97	  4.67544e+06
1681.08	  4.66861e+06
1682.17	  4.66179e+06
1683.28	  4.65497e+06
1684.38	  4.64816e+06
1685.47	  4.64137e+06
1686.58	  4.63458e+06
1687.67	  4.6278e+06
1688.78	  4.62103e+06
1689.88	  4.61427e+06
1690.97	  4.60752e+06
1692.08	  4.60078e+06
1693.17	  4.59404e+06
1694.28	  4.58732e+06
1695.38	  4.58061e+06
1696.47	  4.5739e+06
1697.58	  4.5672e+06
1698.67	  4.56051e+06
1699.78	  4.55384e+06
1700.88	  4.54717e+06
1701.97	  4.54051e+06
1703.08	  4.53385e+06
1704.17	  4.52721e+06
1705.28	  4.52058e+06
1706.38	  4.51395e+06
1707.47	  4.50734e+06
1708.58	  4.50073e+06
1709.67	  4.49414e+06
1710.78	  4.48755e+06
1711.88	  4.48097e+06
1712.97	  4.4744e+06
1714.08	  4.46784e+06
1715.17	  4.46128e+06
1716.28	  4.45474e+06
1717.38	  4.4482e+06
1718.47	  4.44168e+06
1719.58	  4.43516e+06
1720.67	  4.42865e+06
1721.78	  4.42215e+06
1722.88	  4.41566e+06
1723.97	  4.40918e+06
1725.08	  4.40271e+06
1726.17	  4.39625e+06
1727.28	  4.38979e+06
1728.38	  4.38335e+06
1729.47	  4.37691e+06
1730.58	  4.37048e+06
1731.67	  4.36406e+06
1732.78	  4.35765e+06
1733.88	  4.35125e+06
1734.97	  4.34486e+06
1736.08	  4.33847e+06
1737.17	  4.3321e+06
1738.28	  4.32573e+06
1739.38	  4.31937e+06
1740.47	  4.31303e+06
1741.58	  4.30668e+06
1742.67	  4.30035e+06
1743.78	  4.29403e+06
1744.88	  4.28772e+06
1745.97	  4.28141e+06
1747.08	  4.27511e+06
1748.17	  4.26883e+06
1749.28	  4.26255e+06
1750.38	  4.25628e+06
1751.47	  4.25002e+06
1752.58	  4.24376e+06
1753.67	  4.23752e+06
1754.78	  4.23128e+06
1755.88	  4.22505e+06
1756.97	  4.21884e+06
1758.08	  4.21263e+06
1759.17	  4.20643e+06
1760.28	  4.20023e+06
1761.38	  4.19405e+06
1762.47	  4.18787e+06
1763.58	  4.18171e+06
1764.67	  4.17555e+06
1765.78	  4.1694e+06
1766.88	  4.16326e+06
1767.97	  4.15712e+06
1769.08	  4.151e+06
1770.17	  4.14488e+06
1771.28	  4.13878e+06
1772.38	  4.13268e+06
1773.47	  4.12659e+06
1774.58	  4.12051e+06
1775.67	  4.11443e+06
1776.78	  4.10837e+06
1777.88	  4.10231e+06
1778.97	  4.09627e+06
1780.08	  4.09023e+06
1781.17	  4.0842e+06
1782.28	  4.07817e+06
1783.38	  4.07216e+06
1784.47	  4.06615e+06
1785.58	  4.06016e+06
1786.67	  4.05417e+06
1787.78	  4.04819e+06
1788.88	  4.04222e+06
1789.97	  4.03625e+06
1791.08	  4.0303e+06
1792.17	  4.02435e+06
1793.28	  4.01841e+06
1794.38	  4.01248e+06
1795.47	  4.00656e+06
1796.58	  4.00065e+06
1797.67	  3.99474e+06
1798.78	  3.98885e+06
1799.88	  3.98296e+06
1800.97	  3.97708e+06
1802.08	  3.97121e+06
1803.17	  3.96534e+06
1804.28	  3.95949e+06
1805.38	  3.95364e+06
1806.47	  3.9478e+06
1807.58	  3.94197e+06
1808.67	  3.93615e+06
1809.78	  3.93034e+06
1810.88	  3.92453e+06
1811.97	  3.91873e+06
1813.08	  3.91294e+06
1814.17	  3.90716e+06
1815.28	  3.90139e+06
1816.38	  3.89562e+06
1817.47	  3.88987e+06
1818.58	  3.88412e+06
1819.67	  3.87838e+06
1820.78	  3.87265e+06
1821.88	  3.86692e+06
1822.97	  3.86121e+06
1824.08	  3.8555e+06
1825.17	  3.8498e+06
1826.28	  3.84411e+06
1827.38	  3.83842e+06
1828.47	  3.83275e+06
1829.58	  3.82708e+06
1830.67	  3.82142e+06
1831.78	  3.81577e+06
1832.88	  3.81013e+06
1833.97	  3.80449e+06
1835.08	  3.79886e+06
1836.17	  3.79324e+06
1837.28	  3.78763e+06
1838.38	  3.78203e+06
1839.47	  3.77643e+06
1840.58	  3.77085e+06
1841.67	  3.76527e+06
1842.78	  3.7597e+06
1843.88	  3.75413e+06
1844.97	  3.74858e+06
1846.08	  3.74303e+06
1847.17	  3.73749e+06
1848.28	  3.73196e+06
1849.38	  3.72644e+06
1850.47	  3.72092e+06
1851.58	  3.71541e+06
1852.67	  3.70991e+06
1853.78	  3.70442e+06
1854.88	  3.69894e+06
1855.97	  3.69346e+06
1857.08	  3.68799e+06
1858.17	  3.68253e+06
1859.28	  3.67708e+06
1860.38	  3.67163e+06
1861.47	  3.66619e+06
1862.58	  3.66077e+06
1863.67	  3.65534e+06
1864.78	  3.64993e+06
1865.88	  3.64452e+06
1866.97	  3.63913e+06
1868.08	  3.63374e+06
1869.17	  3.62835e+06
1870.28	  3.62298e+06
1871.38	  3.61761e+06
1872.47	  3.61225e+06
1873.58	  3.6069e+06
1874.67	  3.60156e+06
1875.78	  3.59622e+06
1876.88	  3.59089e+06
1877.97	  3.58557e+06
1879.08	  3.58026e+06
1880.17	  3.57495e+06
1881.28	  3.56965e+06
1882.38	  3.56436e+06
1883.47	  3.55908e+06
1884.58	  3.5538e+06
1885.67	  3.54854e+06
1886.78	  3.54328e+06
1887.88	  3.53802e+06
1888.97	  3.53278e+06
1890.08	  3.52754e+06
1891.17	  3.52231e+06
1892.28	  3.51709e+06
1893.38	  3.51188e+06
1894.47	  3.50667e+06
1895.58	  3.50147e+06
1896.67	  3.49628e+06
1897.78	  3.4911e+06
1898.88	  3.48592e+06
1899.97	  3.48075e+06
1901.08	  3.47559e+06
1902.17	  3.47043e+06
1903.28	  3.46529e+06
1904.38	  3.46015e+06
1905.47	  3.45502e+06
1906.58	  3.44989e+06
1907.67	  3.44478e+06
1908.78	  3.43967e+06
1909.88	  3.43457e+06
1910.97	  3.42947e+06
1912.08	  3.42438e+06
1913.17	  3.4193e+06
1914.28	  3.41423e+06
1915.38	  3.40917e+06
1916.47	  3.40411e+06
1917.58	  3.39906e+06
1918.67	  3.39402e+06
1919.78	  3.38898e+06
1920.88	  3.38395e+06
1921.97	  3.37893e+06
1923.08	  3.37392e+06
1924.17	  3.36891e+06
1925.28	  3.36392e+06
1926.38	  3.35892e+06
1927.47	  3.35394e+06
1928.58	  3.34896e+06
1929.67	  3.34399e+06
1930.78	  3.33903e+06
1931.88	  3.33408e+06
1932.97	  3.32913e+06
1934.08	  3.32419e+06
1935.17	  3.31926e+06
1936.28	  3.31433e+06
1937.38	  3.30941e+06
1938.47	  3.3045e+06
1939.58	  3.29959e+06
1940.67	  3.2947e+06
1941.78	  3.28981e+06
1942.88	  3.28492e+06
1943.97	  3.28005e+06
1945.08	  3.27518e+06
1946.17	  3.27032e+06
1947.28	  3.26546e+06
1948.38	  3.26062e+06
1949.47	  3.25578e+06
1950.58	  3.25094e+06
1951.67	  3.24612e+06
1952.78	  3.2413e+06
1953.88	  3.23649e+06
1954.97	  3.23168e+06
1956.08	  3.22689e+06
1957.17	  3.2221e+06
1958.28	  3.21731e+06
1959.38	  3.21254e+06
1960.47	  3.20777e+06
1961.58	  3.20301e+06
1962.67	  3.19825e+06
1963.78	  3.1935e+06
1964.88	  3.18876e+06
1965.97	  3.18403e+06
1967.08	  3.1793e+06
1968.17	  3.17458e+06
1969.28	  3.16987e+06
1970.38	  3.16516e+06
1971.47	  3.16046e+06
1972.58	  3.15577e+06
1973.67	  3.15108e+06
1974.78	  3.14641e+06
1975.88	  3.14173e+06
1976.97	  3.13707e+06
1978.08	  3.13241e+06
1979.17	  3.12776e+06
1980.28	  3.12312e+06
1981.38	  3.11848e+06
1982.47	  3.11385e+06
1983.58	  3.10923e+06
1984.67	  3.10461e+06
1985.78	  3.1e+06
1986.88	  3.0954e+06
1987.97	  3.0908e+06
1989.08	  3.08621e+06
1990.17	  3.08163e+06
1991.28	  3.07705e+06
1992.38	  3.07248e+06
1993.47	  3.06792e+06
1994.58	  3.06337e+06
1995.67	  3.05882e+06
1996.78	  3.05428e+06
1997.88	  3.04974e+06
1998.97	  3.04521e+06
2000.08	  3.04069e+06
2001.17	  3.03618e+06
2002.28	  3.03167e+06
2003.38	  3.02717e+06
2004.47	  3.02267e+06
2005.58	  3.01819e+06
2006.67	  3.0137e+06
2007.78	  3.00923e+06
2008.88	  3.00476e+06
2009.97	  3.0003e+06
2011.08	  2.99585e+06
2012.17	  2.9914e+06
2013.28	  2.98696e+06
2014.38	  2.98252e+06
2015.47	  2.97809e+06
2016.58	  2.97367e+06
2017.67	  2.96926e+06
2018.78	  2.96485e+06
2019.88	  2.96045e+06
2020.97	  2.95605e+06
2022.08	  2.95166e+06
2023.18	  2.94728e+06
2024.28	  2.94291e+06
2025.38	  2.93854e+06
2026.47	  2.93417e+06
2027.58	  2.92982e+06
2028.68	  2.92547e+06
2029.78	  2.92113e+06
2030.88	  2.91679e+06
2031.97	  2.91246e+06
2033.08	  2.90814e+06
2034.18	  2.90382e+06
2035.28	  2.89951e+06
2036.38	  2.8952e+06
2037.47	  2.89091e+06
2038.58	  2.88662e+06
2039.68	  2.88233e+06
2040.78	  2.87805e+06
2041.88	  2.87378e+06
2042.97	  2.86951e+06
2044.08	  2.86526e+06
2045.18	  2.861e+06
2046.28	  2.85676e+06
2047.38	  2.85252e+06
2048.47	  2.84828e+06
2049.57	  2.84406e+06
2050.68	  2.83983e+06
2051.78	  2.83562e+06
2052.88	  2.83141e+06
2053.97	  2.82721e+06
2055.07	  2.82301e+06
2056.18	  2.81882e+06
2057.28	  2.81464e+06
2058.38	  2.81047e+06
2059.47	  2.8063e+06
2060.57	  2.80213e+06
2061.68	  2.79797e+06
2062.78	  2.79382e+06
2063.88	  2.78968e+06
2064.97	  2.78554e+06
2066.07	  2.7814e+06
2067.18	  2.77728e+06
2068.28	  2.77316e+06
2069.38	  2.76904e+06
2070.47	  2.76494e+06
2071.57	  2.76083e+06
2072.68	  2.75674e+06
2073.78	  2.75265e+06
2074.88	  2.74856e+06
2075.97	  2.74449e+06
2077.07	  2.74042e+06
2078.18	  2.73635e+06
2079.28	  2.73229e+06
2080.38	  2.72824e+06
2081.47	  2.72419e+06
2082.57	  2.72015e+06
2083.68	  2.71612e+06
2084.78	  2.71209e+06
2085.88	  2.70807e+06
2086.97	  2.70405e+06
2088.07	  2.70004e+06
2089.18	  2.69604e+06
2090.28	  2.69204e+06
2091.38	  2.68805e+06
2092.47	  2.68406e+06
2093.57	  2.68008e+06
2094.68	  2.67611e+06
2095.78	  2.67214e+06
2096.88	  2.66818e+06
2097.97	  2.66423e+06
2099.07	  2.66028e+06
2100.18	  2.65633e+06
2101.28	  2.6524e+06
2102.38	  2.64846e+06
2103.47	  2.64454e+06
2104.57	  2.64062e+06
2105.68	  2.6367e+06
2106.78	  2.6328e+06
2107.88	  2.62889e+06
2108.97	  2.625e+06
2110.07	  2.62111e+06
2111.18	  2.61722e+06
2112.28	  2.61335e+06
2113.38	  2.60947e+06
2114.47	  2.60561e+06
2115.57	  2.60175e+06
2116.68	  2.59789e+06
2117.78	  2.59404e+06
2118.88	  2.5902e+06
2119.97	  2.58636e+06
2121.07	  2.58253e+06
2122.18	  2.5787e+06
2123.28	  2.57489e+06
2124.38	  2.57107e+06
2125.47	  2.56726e+06
2126.57	  2.56346e+06
2127.68	  2.55966e+06
2128.78	  2.55587e+06
2129.88	  2.55209e+06
2130.97	  2.54831e+06
2132.07	  2.54454e+06
2133.18	  2.54077e+06
2134.28	  2.53701e+06
2135.38	  2.53325e+06
2136.47	  2.5295e+06
2137.57	  2.52575e+06
2138.68	  2.52201e+06
2139.78	  2.51828e+06
2140.88	  2.51455e+06
2141.97	  2.51083e+06
2143.07	  2.50711e+06
2144.18	  2.5034e+06
2145.28	  2.4997e+06
2146.38	  2.496e+06
2147.47	  2.49231e+06
2148.57	  2.48862e+06
2149.68	  2.48493e+06
2150.78	  2.48126e+06
2151.88	  2.47759e+06
2152.97	  2.47392e+06
2154.07	  2.47026e+06
2155.18	  2.46661e+06
2156.28	  2.46296e+06
2157.38	  2.45931e+06
2158.47	  2.45568e+06
2159.57	  2.45204e+06
2160.68	  2.44842e+06
2161.78	  2.4448e+06
2162.88	  2.44118e+06
2163.97	  2.43757e+06
2165.07	  2.43397e+06
2166.18	  2.43037e+06
2167.28	  2.42678e+06
2168.38	  2.42319e+06
2169.47	  2.4196e+06
2170.57	  2.41603e+06
2171.68	  2.41246e+06
2172.78	  2.40889e+06
2173.88	  2.40533e+06
2174.97	  2.40177e+06
2176.07	  2.39823e+06
2177.18	  2.39468e+06
2178.28	  2.39114e+06
2179.38	  2.38761e+06
2180.47	  2.38408e+06
2181.57	  2.38056e+06
2182.68	  2.37704e+06
2183.78	  2.37353e+06
2184.88	  2.37002e+06
2185.97	  2.36652e+06
2187.07	  2.36303e+06
2188.18	  2.35954e+06
2189.28	  2.35605e+06
2190.38	  2.35257e+06
2191.47	  2.3491e+06
2192.57	  2.34563e+06
2193.68	  2.34217e+06
2194.78	  2.33871e+06
2195.88	  2.33526e+06
2196.97	  2.33181e+06
2198.07	  2.32837e+06
2199.18	  2.32493e+06
2200.28	  2.3215e+06
2201.38	  2.31807e+06
2202.47	  2.31465e+06
2203.57	  2.31123e+06
2204.68	  2.30782e+06
2205.78	  2.30442e+06
2206.88	  2.30102e+06
2207.97	  2.29762e+06
2209.07	  2.29423e+06
2210.18	  2.29085e+06
2211.28	  2.28747e+06
2212.38	  2.2841e+06
2213.47	  2.28073e+06
2214.57	  2.27736e+06
2215.68	  2.27401e+06
2216.78	  2.27065e+06
2217.88	  2.2673e+06
2218.97	  2.26396e+06
2220.07	  2.26062e+06
2221.18	  2.25729e+06
2222.28	  2.25396e+06
2223.38	  2.25064e+06
2224.47	  2.24732e+06
2225.57	  2.24401e+06
2226.68	  2.2407e+06
2227.78	  2.2374e+06
2228.88	  2.23411e+06
2229.97	  2.23081e+06
2231.07	  2.22753e+06
2232.18	  2.22425e+06
2233.28	  2.22097e+06
2234.38	  2.2177e+06
2235.47	  2.21443e+06
2236.57	  2.21117e+06
2237.68	  2.20791e+06
2238.78	  2.20466e+06
2239.88	  2.20142e+06
2240.97	  2.19818e+06
2242.07	  2.19494e+06
2243.18	  2.19171e+06
2244.28	  2.18848e+06
2245.38	  2.18526e+06
2246.47	  2.18204e+06
2247.57	  2.17883e+06
2248.68	  2.17563e+06
2249.78	  2.17243e+06
2250.88	  2.16923e+06
2251.97	  2.16604e+06
2253.07	  2.16285e+06
2254.18	  2.15967e+06
2255.28	  2.15649e+06
2256.38	  2.15332e+06
2257.47	  2.15016e+06
2258.57	  2.14699e+06
2259.68	  2.14384e+06
2260.78	  2.14068e+06
2261.88	  2.13754e+06
2262.97	  2.13439e+06
2264.07	  2.13126e+06
2265.18	  2.12812e+06
2266.28	  2.125e+06
2267.38	  2.12187e+06
2268.47	  2.11876e+06
2269.57	  2.11564e+06
2270.68	  2.11253e+06
2271.78	  2.10943e+06
2272.88	  2.10633e+06
2273.97	  2.10324e+06
2275.07	  2.10015e+06
2276.18	  2.09706e+06
2277.28	  2.09398e+06
2278.38	  2.09091e+06
2279.47	  2.08784e+06
2280.57	  1.95764e+06
2281.68	  1.95495e+06
2282.78	  1.95226e+06
2283.88	  1.94958e+06
2284.97	  1.9469e+06
2286.07	  1.94422e+06
2287.18	  1.94155e+06
2288.28	  1.93889e+06
2289.38	  1.93622e+06
2290.47	  1.93356e+06
2291.57	  1.93091e+06
2292.68	  1.92825e+06
2293.78	  1.92561e+06
2294.88	  1.92296e+06
2295.97	  1.92032e+06
2297.07	  1.91768e+06
2298.18	  1.91505e+06
2299.28	  1.91242e+06
2300.38	  1.90979e+06
2301.47	  1.90717e+06
2302.57	  1.90455e+06
2303.68	  1.90194e+06
2304.78	  1.89932e+06
2305.88	  1.89672e+06
2306.97	  1.89411e+06
2308.07	  1.89151e+06
2309.18	  1.88892e+06
2310.28	  1.88632e+06
2311.38	  1.88373e+06
2312.47	  1.88115e+06
2313.57	  1.87857e+06
2314.68	  1.87599e+06
2315.78	  1.87341e+06
2316.88	  1.87084e+06
2317.97	  1.86828e+06
2319.07	  1.86571e+06
2320.18	  1.86315e+06
2321.28	  1.8606e+06
2322.38	  1.85804e+06
2323.47	  1.85549e+06
2324.57	  1.85295e+06
2325.68	  1.85041e+06
2326.78	  1.84787e+06
2327.88	  1.84533e+06
2328.97	  1.8428e+06
2330.07	  1.84028e+06
2331.18	  1.83775e+06
2332.28	  1.83523e+06
2333.38	  1.83272e+06
2334.47	  1.8302e+06
2335.57	  1.82769e+06
2336.68	  1.82519e+06
2337.78	  1.82269e+06
2338.88	  1.82019e+06
2339.97	  1.81769e+06
2341.07	  1.8152e+06
2342.18	  1.81271e+06
2343.28	  1.81023e+06
2344.38	  1.80775e+06
2345.47	  1.80527e+06
2346.57	  1.80279e+06
2347.68	  1.80032e+06
2348.78	  1.79786e+06
2349.88	  1.79539e+06
2350.97	  1.79293e+06
2352.07	  1.79048e+06
2353.18	  1.78802e+06
2354.28	  1.78558e+06
2355.38	  1.78313e+06
2356.47	  1.78069e+06
2357.57	  1.77825e+06
2358.68	  1.77581e+06
2359.78	  1.77338e+06
2360.88	  1.77095e+06
2361.97	  1.76853e+06
2363.07	  1.76611e+06
2364.18	  1.76369e+06
2365.28	  1.76127e+06
2366.38	  1.75886e+06
2367.47	  1.75645e+06
2368.57	  1.75405e+06
2369.68	  1.75165e+06
2370.78	  1.74925e+06
2371.88	  1.74686e+06
2372.97	  1.74447e+06
2374.07	  1.74208e+06
2375.18	  1.7397e+06
2376.28	  1.73732e+06
2377.38	  1.73494e+06
2378.47	  1.73257e+06
2379.57	  1.7302e+06
2380.68	  1.72783e+06
2381.78	  1.72547e+06
2382.88	  1.72311e+06
2383.97	  1.72075e+06
2385.07	  1.7184e+06
2386.18	  1.71605e+06
2387.28	  1.7137e+06
2388.38	  1.71136e+06
2389.47	  1.70902e+06
2390.57	  1.70668e+06
2391.68	  1.70435e+06
2392.78	  1.70202e+06
2393.88	  1.69969e+06
2394.97	  1.69737e+06
2396.07	  1.69505e+06
2397.18	  1.69273e+06
2398.28	  1.69042e+06
2399.38	  1.68811e+06
2400.47	  1.6858e+06
2401.57	  1.6835e+06
2402.68	  1.6812e+06
2403.78	  1.6789e+06
2404.88	  1.67661e+06
2405.97	  1.67432e+06
2407.07	  1.67203e+06
2408.18	  1.66975e+06
2409.28	  1.66747e+06
2410.38	  1.66519e+06
2411.47	  1.66292e+06
2412.57	  1.66065e+06
2413.68	  1.65838e+06
2414.78	  1.65612e+06
2415.88	  1.65385e+06
2416.97	  1.6516e+06
2418.07	  1.64934e+06
2419.18	  1.64709e+06
2420.28	  1.64484e+06
2421.38	  1.6426e+06
2422.47	  1.64036e+06
2423.57	  1.63812e+06
2424.68	  1.63589e+06
2425.78	  1.63365e+06
2426.88	  1.63143e+06
2427.97	  1.6292e+06
2429.07	  1.62698e+06
2430.18	  1.62476e+06
2431.28	  1.62254e+06
2432.38	  1.62033e+06
2433.47	  1.61812e+06
2434.57	  1.61592e+06
2435.68	  1.61371e+06
2436.78	  1.61151e+06
2437.88	  1.60932e+06
2438.97	  1.60712e+06
2440.07	  1.60493e+06
2441.18	  1.60275e+06
2442.28	  1.60056e+06
2443.38	  1.59838e+06
2444.47	  1.5962e+06
2445.57	  1.59403e+06
2446.68	  1.59186e+06
2447.78	  1.58969e+06
2448.88	  1.58752e+06
2449.97	  1.58536e+06
2451.07	  1.5832e+06
2452.18	  1.58105e+06
2453.28	  1.57889e+06
2454.38	  1.57674e+06
2455.47	  1.5746e+06
2456.57	  1.57245e+06
2457.68	  1.57031e+06
2458.78	  1.56818e+06
2459.88	  1.56604e+06
2460.97	  1.56391e+06
2462.07	  1.56178e+06
2463.18	  1.55966e+06
2464.28	  1.55754e+06
2465.38	  1.55542e+06
2466.47	  1.5533e+06
2467.57	  1.55119e+06
2468.68	  1.54908e+06
2469.78	  1.54697e+06
2470.88	  1.54487e+06
2471.97	  1.54277e+06
2473.07	  1.54067e+06
2474.18	  1.53857e+06
2475.28	  1.53648e+06
2476.38	  1.53439e+06
2477.47	  1.53231e+06
