Emission arising from a slab of Hydrogen (both H and H-).
   
Parameters of the slab:
n_e = 1e+15 cm-3
T_e = 10500 K
tau(lambda=300 nm) = 0.05
L = 90433.2 cm
   
Wavelength (nm), Emission (erg s-1 cm-2 nm-1 sr-1)
50	  481.132
91.2	  9203.93
120	  190933
150	  1.19915e+06
175	  3.17007e+06
200	  6.32864e+06
225	  1.04753e+07
250	  1.52738e+07
270	  1.93255e+07
290	  2.33754e+07
300	  2.53537e+07
305	  2.63244e+07
310	  2.72806e+07
315	  2.8221e+07
320	  2.91441e+07
322.5	  2.95987e+07
325	  3.00487e+07
327	  3.04051e+07
329	  3.07583e+07
329.999	  3.09335e+07
330.266	  3.09802e+07
330.533	  3.10268e+07
330.8	  3.10734e+07
331.067	  3.11199e+07
331.334	  3.11664e+07
331.601	  3.12128e+07
331.868	  3.12591e+07
332.135	  3.13054e+07
332.402	  3.13516e+07
332.669	  3.13978e+07
332.936	  3.14439e+07
333.203	  3.14899e+07
333.47	  3.15359e+07
333.737	  3.15818e+07
334.004	  3.16277e+07
334.271	  3.16735e+07
334.538	  3.17192e+07
334.805	  3.17649e+07
335.072	  3.18105e+07
335.339	  3.1856e+07
335.606	  3.19015e+07
335.873	  3.19469e+07
336.14	  3.19923e+07
336.407	  3.20376e+07
336.674	  3.20829e+07
336.941	  3.2128e+07
337.208	  3.21732e+07
337.475	  3.22182e+07
337.742	  3.22632e+07
338.009	  3.23082e+07
338.276	  3.2353e+07
338.543	  3.23978e+07
338.81	  3.24426e+07
339.077	  3.24873e+07
339.344	  3.25319e+07
339.611	  3.25765e+07
339.878	  3.26209e+07
340.145	  3.26654e+07
340.412	  3.27097e+07
340.679	  3.27541e+07
340.946	  3.27983e+07
341.213	  3.28425e+07
341.48	  3.28866e+07
341.747	  3.29306e+07
342.014	  3.29746e+07
342.281	  3.30186e+07
342.548	  3.30624e+07
342.815	  3.31062e+07
343.082	  3.31499e+07
343.349	  3.31936e+07
343.616	  3.32372e+07
343.883	  3.32807e+07
344.15	  3.33242e+07
344.417	  3.33676e+07
344.684	  3.3411e+07
344.951	  3.34542e+07
345.218	  3.34975e+07
345.485	  3.35406e+07
345.752	  3.35837e+07
346.019	  3.36267e+07
346.286	  3.36696e+07
346.553	  3.37125e+07
346.82	  3.37554e+07
347.087	  3.37981e+07
347.354	  3.38408e+07
347.621	  3.38834e+07
347.888	  3.3926e+07
348.155	  3.39685e+07
348.422	  3.40109e+07
348.689	  3.40533e+07
348.956	  3.40955e+07
349.223	  3.41378e+07
349.49	  3.41799e+07
349.757	  3.4222e+07
350.024	  3.4264e+07
350.291	  3.4306e+07
350.558	  3.43479e+07
350.825	  3.43897e+07
351.092	  3.44315e+07
351.359	  3.44732e+07
351.626	  3.45148e+07
351.893	  3.45564e+07
352.16	  3.45979e+07
352.427	  3.46393e+07
352.694	  3.46806e+07
352.961	  3.47219e+07
353.228	  3.47631e+07
353.495	  3.48043e+07
353.762	  3.48454e+07
354.029	  3.48864e+07
354.296	  3.49273e+07
354.563	  3.49682e+07
354.83	  3.5009e+07
355.097	  3.50498e+07
355.364	  3.50905e+07
355.631	  3.51311e+07
355.898	  3.51716e+07
356.165	  3.52121e+07
356.432	  3.52525e+07
356.699	  3.52928e+07
356.966	  3.53331e+07
357.233	  3.53733e+07
357.5	  3.54134e+07
357.767	  3.54535e+07
358.034	  3.54935e+07
358.301	  3.55334e+07
358.568	  3.55733e+07
358.835	  3.56131e+07
359.102	  3.56528e+07
359.369	  3.56924e+07
359.636	  3.5732e+07
359.903	  3.57715e+07
360.17	  3.5811e+07
360.437	  3.58504e+07
360.704	  3.58897e+07
360.971	  3.59289e+07
361.238	  3.59681e+07
361.505	  3.60072e+07
361.772	  3.60462e+07
362.039	  3.60851e+07
362.306	  3.6124e+07
362.573	  3.61629e+07
363	  3.62248e+07
363.027	  3.62287e+07
363.054	  3.62326e+07
363.08	  3.62364e+07
363.107	  3.62403e+07
363.134	  3.62442e+07
363.16	  3.6248e+07
363.187	  3.62519e+07
363.214	  3.62557e+07
363.24	  3.62596e+07
363.267	  3.62635e+07
363.294	  3.62673e+07
363.321	  3.62712e+07
363.347	  3.6275e+07
363.374	  3.62789e+07
363.401	  3.62828e+07
363.427	  3.62866e+07
363.454	  3.62905e+07
363.481	  3.62943e+07
363.508	  3.62982e+07
363.534	  3.6302e+07
363.561	  3.63059e+07
363.588	  3.63097e+07
363.614	  3.63136e+07
363.641	  3.63174e+07
363.668	  3.63213e+07
363.694	  3.63251e+07
363.721	  3.6329e+07
363.748	  3.63328e+07
363.774	  3.63367e+07
363.801	  3.63405e+07
363.828	  3.63444e+07
363.855	  3.63482e+07
363.881	  3.63521e+07
363.908	  3.63559e+07
363.935	  3.63598e+07
363.961	  3.63636e+07
363.988	  3.63674e+07
364.015	  3.63713e+07
364.041	  3.63751e+07
364.068	  3.6379e+07
364.095	  3.63828e+07
364.122	  3.63866e+07
364.148	  3.63905e+07
364.175	  3.63943e+07
364.202	  3.63981e+07
364.228	  3.6402e+07
364.255	  3.64058e+07
364.282	  3.64097e+07
364.308	  3.64135e+07
364.335	  3.64173e+07
364.362	  3.64211e+07
364.389	  3.6425e+07
364.415	  3.64288e+07
364.442	  3.64326e+07
364.469	  3.64365e+07
364.495	  3.64403e+07
364.522	  3.6444e+07
364.549	  3.64479e+07
364.575	  3.64517e+07
364.602	  3.64555e+07
364.629	  3.64593e+07
364.656	  3.64632e+07
364.682	  3.6467e+07
364.709	  3.64708e+07
364.736	  2.64026e+06
364.762	  2.64056e+06
364.789	  2.64085e+06
364.816	  2.64114e+06
364.842	  2.64143e+06
364.869	  2.64173e+06
364.896	  2.64202e+06
364.923	  2.64231e+06
364.949	  2.6426e+06
364.976	  2.6429e+06
365.003	  2.64319e+06
365.029	  2.64348e+06
365.056	  2.64377e+06
365.083	  2.64407e+06
365.11	  2.64436e+06
365.136	  2.64465e+06
365.163	  2.64494e+06
365.19	  2.64523e+06
365.216	  2.64553e+06
365.243	  2.64582e+06
365.27	  2.64611e+06
365.296	  2.6464e+06
365.323	  2.64669e+06
365.35	  2.64699e+06
365.377	  2.64728e+06
365.403	  2.64757e+06
365.43	  2.64786e+06
365.457	  2.64815e+06
365.483	  2.64845e+06
365.51	  2.64874e+06
365.537	  2.64903e+06
365.563	  2.64932e+06
365.59	  2.64961e+06
365.617	  2.6499e+06
365.643	  2.65019e+06
365.67	  2.65049e+06
365.697	  2.65078e+06
365.724	  2.65107e+06
365.75	  2.65136e+06
365.777	  2.65165e+06
365.804	  2.65194e+06
365.83	  2.65223e+06
365.857	  2.65252e+06
365.884	  2.65282e+06
365.91	  2.65311e+06
365.937	  2.6534e+06
365.964	  2.65369e+06
365.991	  2.65398e+06
365.991	  2.65398e+06
366.258	  2.65689e+06
366.525	  2.65979e+06
366.792	  2.66269e+06
367.059	  2.66558e+06
367.326	  2.66848e+06
367.593	  2.67136e+06
367.86	  2.67425e+06
368.127	  2.67713e+06
368.394	  2.68e+06
368.661	  2.68287e+06
368.928	  2.68574e+06
369.195	  2.6886e+06
369.462	  2.69146e+06
369.729	  2.69432e+06
369.996	  2.69717e+06
370.263	  2.70002e+06
370.53	  2.70286e+06
370.797	  2.7057e+06
371.064	  2.70853e+06
371.331	  2.71136e+06
371.598	  2.71419e+06
371.865	  2.71702e+06
372.132	  2.71983e+06
372.399	  2.72265e+06
372.666	  2.72546e+06
372.933	  2.72827e+06
373.2	  2.73107e+06
373.467	  2.73387e+06
373.734	  2.73666e+06
374.001	  2.73946e+06
374.268	  2.74224e+06
374.535	  2.74503e+06
374.802	  2.7478e+06
375.069	  2.75058e+06
375.336	  2.75335e+06
375.603	  2.75612e+06
375.87	  2.75888e+06
376.137	  2.76164e+06
376.404	  2.76439e+06
376.671	  2.76714e+06
376.938	  2.76989e+06
377.205	  2.77263e+06
377.472	  2.77537e+06
377.739	  2.77811e+06
378.006	  2.78084e+06
378.273	  2.78356e+06
378.54	  2.78628e+06
378.807	  2.789e+06
379.074	  2.79172e+06
379.341	  2.79443e+06
379.608	  2.79713e+06
379.875	  2.79983e+06
380.142	  2.80253e+06
380.409	  2.80523e+06
380.676	  2.80792e+06
380.943	  2.8106e+06
381.21	  2.81328e+06
381.477	  2.81596e+06
381.744	  2.81863e+06
382.011	  2.8213e+06
382.278	  2.82397e+06
382.545	  2.82663e+06
382.812	  2.82929e+06
383.079	  2.83194e+06
383.346	  2.83459e+06
383.613	  2.83723e+06
383.88	  2.83987e+06
384.147	  2.84251e+06
384.414	  2.84514e+06
384.681	  2.84777e+06
384.948	  2.8504e+06
385.215	  2.85302e+06
385.482	  2.85563e+06
385.749	  2.85825e+06
386.016	  2.86085e+06
386.283	  2.86346e+06
386.55	  2.86606e+06
386.817	  2.86865e+06
387.084	  2.87125e+06
387.351	  2.87383e+06
387.618	  2.87642e+06
387.885	  2.879e+06
388.152	  2.88157e+06
388.419	  2.88414e+06
388.686	  2.88671e+06
388.953	  2.88928e+06
389.22	  2.89183e+06
389.487	  2.89439e+06
389.754	  2.89694e+06
390.021	  2.89949e+06
390.288	  2.90203e+06
390.555	  2.90457e+06
390.822	  2.9071e+06
391.089	  2.90963e+06
391.356	  2.91216e+06
391.623	  2.91468e+06
391.89	  2.9172e+06
392.157	  2.91972e+06
392.424	  2.92223e+06
392.691	  2.92473e+06
392.958	  2.92723e+06
393.225	  2.92973e+06
393.492	  2.93223e+06
393.759	  2.93472e+06
394.026	  2.9372e+06
394.293	  2.93968e+06
394.56	  2.94216e+06
394.827	  2.94463e+06
395.094	  2.9471e+06
395.361	  2.94957e+06
395.628	  2.95203e+06
395.895	  2.95449e+06
396.162	  2.95694e+06
396.429	  2.95939e+06
396.696	  2.96183e+06
396.963	  2.96427e+06
397.23	  2.96671e+06
397.497	  2.96914e+06
397.764	  2.97157e+06
398.031	  2.974e+06
398.298	  2.97642e+06
398.565	  2.97883e+06
398.832	  2.98125e+06
399.099	  2.98365e+06
399.366	  2.98606e+06
399.633	  2.98846e+06
399.9	  2.99085e+06
400.167	  2.99325e+06
400.434	  2.99563e+06
400.701	  2.99802e+06
400.968	  3.0004e+06
401.235	  3.00277e+06
401.502	  3.00515e+06
401.769	  3.00751e+06
402.036	  3.00988e+06
402.303	  3.01224e+06
402.57	  3.01459e+06
402.837	  3.01694e+06
403.104	  3.01929e+06
403.371	  3.02163e+06
403.638	  3.02397e+06
403.905	  3.02631e+06
404.172	  3.02864e+06
404.439	  3.03096e+06
404.706	  3.03329e+06
404.973	  3.03561e+06
405.24	  3.03792e+06
405.507	  3.04023e+06
405.774	  3.04254e+06
406.041	  3.04484e+06
406.308	  3.04714e+06
406.575	  3.04943e+06
406.842	  3.05172e+06
407.109	  3.05401e+06
407.376	  3.05629e+06
407.643	  3.05857e+06
407.91	  3.06084e+06
408.177	  3.06311e+06
408.444	  3.06538e+06
408.711	  3.06764e+06
408.978	  3.0699e+06
409.245	  3.07216e+06
409.512	  3.07441e+06
409.779	  3.07665e+06
410.046	  3.07889e+06
410.313	  3.08113e+06
410.58	  3.08337e+06
410.847	  3.0856e+06
411.114	  3.08782e+06
411.381	  3.09004e+06
411.648	  3.09226e+06
411.915	  3.09447e+06
412.182	  3.09668e+06
412.449	  3.09889e+06
412.716	  3.10109e+06
412.983	  3.10329e+06
413.25	  3.10548e+06
413.517	  3.10767e+06
413.784	  3.10986e+06
414.051	  3.11204e+06
414.318	  3.11422e+06
414.585	  3.11639e+06
414.852	  3.11856e+06
415.119	  3.12073e+06
415.386	  3.12289e+06
415.653	  3.12505e+06
415.92	  3.1272e+06
416.187	  3.12935e+06
416.454	  3.1315e+06
416.721	  3.13364e+06
416.988	  3.13578e+06
417.255	  3.13791e+06
417.522	  3.14004e+06
417.789	  3.14216e+06
418.056	  3.14429e+06
418.323	  3.1464e+06
418.59	  3.14852e+06
418.857	  3.15063e+06
419.124	  3.15273e+06
419.391	  3.15484e+06
419.658	  3.15693e+06
419.925	  3.15903e+06
420.192	  3.16112e+06
420.459	  3.1632e+06
420.726	  3.16529e+06
420.993	  3.16736e+06
421.26	  3.16944e+06
421.527	  3.17151e+06
421.794	  3.17357e+06
422.061	  3.17564e+06
422.328	  3.1777e+06
422.595	  3.17975e+06
422.862	  3.1818e+06
423.129	  3.18385e+06
423.396	  3.18589e+06
423.663	  3.18793e+06
423.93	  3.18996e+06
424.197	  3.19199e+06
424.464	  3.19402e+06
424.731	  3.19604e+06
424.998	  3.19806e+06
425.265	  3.20008e+06
425.532	  3.20209e+06
425.799	  3.2041e+06
426.066	  3.2061e+06
426.333	  3.2081e+06
426.6	  3.21009e+06
426.867	  3.21209e+06
427.134	  3.21407e+06
427.401	  3.21606e+06
427.668	  3.21804e+06
427.935	  3.22001e+06
428.202	  3.22199e+06
428.469	  3.22395e+06
428.736	  3.22592e+06
429.003	  3.22788e+06
429.27	  3.22984e+06
429.537	  3.23179e+06
429.804	  3.23374e+06
430.071	  3.23568e+06
430.338	  3.23762e+06
430.605	  3.23956e+06
430.872	  3.24149e+06
431.139	  3.24342e+06
431.406	  3.24535e+06
431.673	  3.24727e+06
431.94	  3.24919e+06
432.207	  3.2511e+06
432.474	  3.25301e+06
432.741	  3.25492e+06
433.008	  3.25682e+06
433.275	  3.25872e+06
433.542	  3.26061e+06
433.809	  3.2625e+06
434.076	  3.26439e+06
434.343	  3.26627e+06
434.61	  3.26815e+06
434.877	  3.27003e+06
435.144	  3.2719e+06
435.411	  3.27377e+06
435.678	  3.27563e+06
435.945	  3.27749e+06
436.212	  3.27935e+06
436.479	  3.2812e+06
436.746	  3.28305e+06
437.013	  3.28489e+06
437.28	  3.28674e+06
437.547	  3.28857e+06
437.814	  3.29041e+06
438.081	  3.29224e+06
438.348	  3.29406e+06
438.615	  3.29588e+06
438.882	  3.2977e+06
439.149	  3.29952e+06
439.416	  3.30133e+06
439.683	  3.30313e+06
439.95	  3.30494e+06
440.217	  3.30674e+06
440.484	  3.30853e+06
440.751	  3.31032e+06
441.018	  3.31211e+06
441.285	  3.3139e+06
441.552	  3.31568e+06
441.819	  3.31745e+06
442.086	  3.31923e+06
442.353	  3.32099e+06
442.62	  3.32276e+06
442.887	  3.32452e+06
443.154	  3.32628e+06
443.421	  3.32803e+06
443.688	  3.32978e+06
443.955	  3.33153e+06
444.222	  3.33327e+06
444.489	  3.33501e+06
444.756	  3.33675e+06
445.023	  3.33848e+06
445.29	  3.34021e+06
445.557	  3.34193e+06
445.824	  3.34365e+06
446.091	  3.34537e+06
446.358	  3.34708e+06
446.625	  3.34879e+06
446.892	  3.3505e+06
447.159	  3.3522e+06
447.426	  3.3539e+06
447.693	  3.35559e+06
447.96	  3.35728e+06
448.227	  3.35897e+06
448.494	  3.36065e+06
448.761	  3.36233e+06
449.028	  3.36401e+06
449.295	  3.36568e+06
449.562	  3.36735e+06
449.829	  3.36902e+06
450.096	  3.37068e+06
450.363	  3.37234e+06
450.63	  3.37399e+06
450.897	  3.37564e+06
451.164	  3.37729e+06
451.431	  3.37893e+06
451.698	  3.38057e+06
451.965	  3.38221e+06
452.232	  3.38384e+06
452.499	  3.38547e+06
452.766	  3.38709e+06
453.033	  3.38871e+06
453.3	  3.39033e+06
453.567	  3.39194e+06
453.834	  3.39355e+06
454.101	  3.39516e+06
454.368	  3.39676e+06
454.635	  3.39836e+06
454.902	  3.39996e+06
455.169	  3.40155e+06
455.436	  3.40314e+06
455.703	  3.40473e+06
455.97	  3.40631e+06
456.237	  3.40788e+06
456.504	  3.40946e+06
456.771	  3.41103e+06
457.038	  3.4126e+06
457.305	  3.41416e+06
457.572	  3.41572e+06
457.839	  3.41728e+06
458.106	  3.41883e+06
458.373	  3.42038e+06
458.64	  3.42192e+06
458.907	  3.42347e+06
459.174	  3.425e+06
459.441	  3.42654e+06
459.708	  3.42807e+06
459.975	  3.4296e+06
460.242	  3.43112e+06
460.509	  3.43264e+06
460.776	  3.43416e+06
461.043	  3.43567e+06
461.31	  3.43718e+06
461.577	  3.43869e+06
461.844	  3.44019e+06
462.111	  3.44169e+06
462.378	  3.44319e+06
462.645	  3.44468e+06
462.912	  3.44617e+06
463.179	  3.44766e+06
463.446	  3.44914e+06
463.713	  3.45062e+06
463.98	  3.45209e+06
464.247	  3.45356e+06
464.514	  3.45503e+06
464.781	  3.4565e+06
465.048	  3.45796e+06
465.315	  3.45941e+06
465.582	  3.46087e+06
465.849	  3.46232e+06
466.116	  3.46377e+06
466.383	  3.46521e+06
466.65	  3.46665e+06
466.917	  3.46809e+06
467.184	  3.46952e+06
467.451	  3.47095e+06
467.718	  3.47237e+06
467.985	  3.4738e+06
468.252	  3.47522e+06
468.519	  3.47663e+06
468.786	  3.47804e+06
469.053	  3.47945e+06
469.32	  3.48086e+06
469.587	  3.48226e+06
469.854	  3.48366e+06
470.121	  3.48506e+06
470.388	  3.48645e+06
470.655	  3.48784e+06
470.922	  3.48922e+06
471.189	  3.4906e+06
471.456	  3.49198e+06
471.723	  3.49335e+06
471.99	  3.49473e+06
472.257	  3.49609e+06
472.524	  3.49746e+06
472.791	  3.49882e+06
473.058	  3.50018e+06
473.325	  3.50153e+06
473.592	  3.50288e+06
473.859	  3.50423e+06
474.126	  3.50557e+06
474.393	  3.50692e+06
474.66	  3.50825e+06
474.927	  3.50959e+06
475.194	  3.51092e+06
475.461	  3.51225e+06
475.728	  3.51357e+06
475.995	  3.51489e+06
476.262	  3.51621e+06
476.529	  3.51752e+06
476.796	  3.51883e+06
477.063	  3.52014e+06
477.33	  3.52144e+06
477.597	  3.52274e+06
477.864	  3.52404e+06
478.131	  3.52534e+06
478.398	  3.52663e+06
478.665	  3.52791e+06
478.932	  3.5292e+06
479.199	  3.53048e+06
479.466	  3.53176e+06
479.733	  3.53303e+06
480	  3.5343e+06
480.267	  3.53557e+06
480.534	  3.53683e+06
480.801	  3.5381e+06
481.068	  3.53935e+06
481.335	  3.54061e+06
481.602	  3.54186e+06
481.869	  3.54311e+06
482.136	  3.54435e+06
482.403	  3.54559e+06
482.67	  3.54683e+06
482.937	  3.54807e+06
483.204	  3.5493e+06
483.471	  3.55053e+06
483.738	  3.55175e+06
484.005	  3.55297e+06
484.272	  3.55419e+06
484.539	  3.55541e+06
484.806	  3.55662e+06
485.073	  3.55783e+06
485.34	  3.55903e+06
485.607	  3.56024e+06
485.874	  3.56144e+06
486.141	  3.56263e+06
486.408	  3.56382e+06
486.675	  3.56501e+06
486.942	  3.5662e+06
487.209	  3.56738e+06
487.476	  3.56856e+06
487.743	  3.56974e+06
488.01	  3.57091e+06
488.277	  3.57209e+06
488.544	  3.57325e+06
488.811	  3.57442e+06
489.078	  3.57558e+06
489.345	  3.57674e+06
489.612	  3.57789e+06
489.879	  3.57904e+06
490.146	  3.58019e+06
490.413	  3.58134e+06
490.68	  3.58248e+06
490.947	  3.58362e+06
491.214	  3.58475e+06
491.481	  3.58588e+06
491.748	  3.58701e+06
492.015	  3.58814e+06
492.282	  3.58926e+06
492.549	  3.59038e+06
492.816	  3.5915e+06
493.083	  3.59261e+06
493.35	  3.59372e+06
493.617	  3.59483e+06
493.884	  3.59594e+06
494.151	  3.59704e+06
494.418	  3.59814e+06
494.685	  3.59923e+06
494.952	  3.60032e+06
495.219	  3.60141e+06
495.486	  3.6025e+06
495.753	  3.60358e+06
496.02	  3.60466e+06
496.287	  3.60574e+06
496.554	  3.60681e+06
496.821	  3.60788e+06
497.088	  3.60895e+06
497.355	  3.61001e+06
497.622	  3.61107e+06
497.889	  3.61213e+06
498.156	  3.61319e+06
498.423	  3.61424e+06
498.69	  3.61529e+06
498.957	  3.61633e+06
499.224	  3.61738e+06
499.491	  3.61842e+06
499.758	  3.61945e+06
500.025	  3.62049e+06
500.292	  3.62152e+06
500.559	  3.62255e+06
500.826	  3.62357e+06
501.093	  3.62459e+06
501.36	  3.62561e+06
501.627	  3.62663e+06
501.894	  3.62764e+06
502.161	  3.62865e+06
502.428	  3.62966e+06
502.695	  3.63066e+06
502.962	  3.63166e+06
503.229	  3.63266e+06
503.496	  3.63365e+06
503.763	  3.63465e+06
504.03	  3.63563e+06
504.297	  3.63662e+06
504.564	  3.6376e+06
504.831	  3.63858e+06
505.098	  3.63956e+06
505.365	  3.64053e+06
505.632	  3.64151e+06
505.899	  3.64247e+06
506.166	  3.64344e+06
506.433	  3.6444e+06
506.7	  3.64536e+06
506.967	  3.64632e+06
507.234	  3.64727e+06
507.501	  3.64822e+06
507.768	  3.64917e+06
508.035	  3.65011e+06
508.302	  3.65106e+06
508.569	  3.65199e+06
508.836	  3.65293e+06
509.103	  3.65386e+06
509.37	  3.65479e+06
509.637	  3.65572e+06
509.904	  3.65665e+06
510.171	  3.65757e+06
510.438	  3.65849e+06
510.705	  3.6594e+06
510.972	  3.66031e+06
511.239	  3.66122e+06
511.506	  3.66213e+06
511.773	  3.66303e+06
512.04	  3.66394e+06
512.307	  3.66483e+06
512.574	  3.66573e+06
512.841	  3.66662e+06
513.108	  3.66751e+06
513.375	  3.6684e+06
513.642	  3.66928e+06
513.909	  3.67017e+06
514.176	  3.67104e+06
514.443	  3.67192e+06
514.71	  3.67279e+06
514.977	  3.67366e+06
515.244	  3.67453e+06
515.511	  3.67539e+06
515.778	  3.67626e+06
516.045	  3.67711e+06
516.312	  3.67797e+06
516.579	  3.67882e+06
516.846	  3.67967e+06
517.113	  3.68052e+06
517.38	  3.68137e+06
517.647	  3.68221e+06
517.914	  3.68305e+06
518.181	  3.68388e+06
518.448	  3.68472e+06
518.715	  3.68555e+06
518.982	  3.68638e+06
519.249	  3.6872e+06
519.516	  3.68803e+06
519.783	  3.68884e+06
520.05	  3.68966e+06
520.317	  3.69048e+06
520.584	  3.69129e+06
520.851	  3.6921e+06
521.118	  3.6929e+06
521.385	  3.69371e+06
521.652	  3.69451e+06
521.919	  3.6953e+06
522.186	  3.6961e+06
522.453	  3.69689e+06
522.72	  3.69768e+06
522.987	  3.69847e+06
523.254	  3.69925e+06
523.521	  3.70003e+06
523.788	  3.70081e+06
524.055	  3.70159e+06
524.322	  3.70236e+06
524.589	  3.70313e+06
524.856	  3.7039e+06
525.123	  3.70467e+06
525.39	  3.70543e+06
525.657	  3.70619e+06
525.924	  3.70695e+06
526.191	  3.7077e+06
526.458	  3.70845e+06
526.725	  3.7092e+06
526.992	  3.70995e+06
527.259	  3.71069e+06
527.526	  3.71143e+06
527.793	  3.71217e+06
528.06	  3.71291e+06
528.327	  3.71364e+06
528.594	  3.71437e+06
528.861	  3.7151e+06
529.128	  3.71583e+06
529.395	  3.71655e+06
529.662	  3.71727e+06
529.929	  3.71799e+06
530.196	  3.7187e+06
530.463	  3.71941e+06
530.73	  3.72012e+06
530.997	  3.72083e+06
531.264	  3.72153e+06
531.531	  3.72224e+06
531.798	  3.72293e+06
532.065	  3.72363e+06
532.332	  3.72433e+06
532.599	  3.72502e+06
532.866	  3.72571e+06
533.133	  3.72639e+06
533.4	  3.72708e+06
533.667	  3.72776e+06
533.934	  3.72843e+06
534.201	  3.72911e+06
534.468	  3.72978e+06
534.735	  3.73045e+06
535.002	  3.73112e+06
535.269	  3.73179e+06
535.536	  3.73245e+06
535.803	  3.73311e+06
536.07	  3.73377e+06
536.337	  3.73443e+06
536.604	  3.73508e+06
536.871	  3.73573e+06
537.138	  3.73638e+06
537.405	  3.73702e+06
537.672	  3.73766e+06
537.939	  3.73831e+06
538.206	  3.73894e+06
538.473	  3.73958e+06
538.74	  3.74021e+06
539.007	  3.74084e+06
539.274	  3.74147e+06
539.541	  3.74209e+06
539.808	  3.74272e+06
540.075	  3.74334e+06
540.342	  3.74395e+06
540.609	  3.74457e+06
540.876	  3.74518e+06
541.143	  3.74579e+06
541.41	  3.7464e+06
541.677	  3.74701e+06
541.944	  3.74761e+06
542.211	  3.74821e+06
542.478	  3.74881e+06
542.745	  3.7494e+06
543.012	  3.75e+06
543.279	  3.75059e+06
543.546	  3.75117e+06
543.813	  3.75176e+06
544.08	  3.75234e+06
544.347	  3.75292e+06
544.614	  3.7535e+06
544.881	  3.75408e+06
545.148	  3.75465e+06
545.415	  3.75522e+06
545.682	  3.75579e+06
545.949	  3.75636e+06
546.216	  3.75692e+06
546.483	  3.75748e+06
546.75	  3.75804e+06
547.017	  3.7586e+06
547.284	  3.75915e+06
547.551	  3.7597e+06
547.818	  3.76025e+06
548.085	  3.7608e+06
548.352	  3.76134e+06
548.619	  3.76189e+06
548.886	  3.76243e+06
549.153	  3.76296e+06
549.42	  3.7635e+06
549.687	  3.76403e+06
549.954	  3.76456e+06
550.221	  3.76509e+06
550.488	  3.76561e+06
550.755	  3.76614e+06
551.022	  3.76666e+06
551.289	  3.76718e+06
551.556	  3.76769e+06
551.823	  3.76821e+06
552.09	  3.76872e+06
552.357	  3.76923e+06
552.624	  3.76973e+06
552.891	  3.77024e+06
553.158	  3.77074e+06
553.425	  3.77124e+06
553.692	  3.77174e+06
553.959	  3.77223e+06
554.226	  3.77272e+06
554.493	  3.77322e+06
554.76	  3.7737e+06
555.027	  3.77419e+06
555.294	  3.77467e+06
555.561	  3.77515e+06
555.828	  3.77563e+06
556.095	  3.77611e+06
556.362	  3.77658e+06
556.629	  3.77706e+06
556.896	  3.77753e+06
557.163	  3.77799e+06
557.43	  3.77846e+06
557.697	  3.77892e+06
557.964	  3.77938e+06
558.231	  3.77984e+06
558.498	  3.7803e+06
558.765	  3.78075e+06
559.032	  3.7812e+06
559.299	  3.78165e+06
559.566	  3.7821e+06
560.009	  3.78284e+06
560.296	  3.78331e+06
560.583	  3.78378e+06
560.87	  3.78425e+06
561.157	  3.78472e+06
561.444	  3.78518e+06
561.731	  3.78564e+06
562.018	  3.7861e+06
562.305	  3.78656e+06
562.592	  3.78701e+06
562.879	  3.78746e+06
563.166	  3.78791e+06
563.453	  3.78836e+06
563.74	  3.7888e+06
564.027	  3.78924e+06
564.314	  3.78968e+06
564.601	  3.79011e+06
564.888	  3.79055e+06
565.175	  3.79098e+06
565.462	  3.79141e+06
565.749	  3.79183e+06
566.036	  3.79225e+06
566.323	  3.79268e+06
566.61	  3.79309e+06
566.897	  3.79351e+06
567.184	  3.79392e+06
567.471	  3.79433e+06
567.758	  3.79474e+06
568.045	  3.79515e+06
568.332	  3.79555e+06
568.619	  3.79595e+06
568.906	  3.79635e+06
569.193	  3.79674e+06
569.48	  3.79714e+06
569.767	  3.79753e+06
570.054	  3.79792e+06
570.341	  3.7983e+06
570.628	  3.79869e+06
570.915	  3.79907e+06
571.202	  3.79945e+06
571.489	  3.79982e+06
571.776	  3.8002e+06
572.063	  3.80057e+06
572.35	  3.80094e+06
572.637	  3.8013e+06
572.924	  3.80167e+06
573.211	  3.80203e+06
573.498	  3.80239e+06
573.785	  3.80274e+06
574.072	  3.8031e+06
574.359	  3.80345e+06
574.646	  3.8038e+06
574.933	  3.80415e+06
575.22	  3.80449e+06
575.507	  3.80484e+06
575.794	  3.80518e+06
576.081	  3.80551e+06
576.368	  3.80585e+06
576.655	  3.80618e+06
576.942	  3.80651e+06
577.229	  3.80684e+06
577.516	  3.80717e+06
577.803	  3.80749e+06
578.09	  3.80781e+06
578.377	  3.80813e+06
578.664	  3.80845e+06
578.951	  3.80876e+06
579.238	  3.80907e+06
579.525	  3.80938e+06
579.812	  3.80969e+06
580.099	  3.80999e+06
580.386	  3.8103e+06
580.673	  3.8106e+06
580.96	  3.81089e+06
581.247	  3.81119e+06
581.534	  3.81148e+06
581.821	  3.81177e+06
582.108	  3.81206e+06
582.395	  3.81235e+06
582.682	  3.81263e+06
582.969	  3.81292e+06
583.256	  3.8132e+06
583.543	  3.81347e+06
583.83	  3.81375e+06
584.117	  3.81402e+06
584.404	  3.81429e+06
584.691	  3.81456e+06
584.978	  3.81483e+06
585.265	  3.81509e+06
585.552	  3.81535e+06
585.839	  3.81561e+06
586.126	  3.81587e+06
586.413	  3.81612e+06
586.7	  3.81637e+06
586.987	  3.81662e+06
587.274	  3.81687e+06
587.561	  3.81712e+06
587.848	  3.81736e+06
588.135	  3.8176e+06
588.422	  3.81784e+06
588.709	  3.81808e+06
588.996	  3.81831e+06
589.283	  3.81855e+06
589.57	  3.81878e+06
589.857	  3.81901e+06
590.144	  3.81923e+06
590.431	  3.81946e+06
590.718	  3.81968e+06
591.005	  3.8199e+06
591.292	  3.82011e+06
591.579	  3.82033e+06
591.866	  3.82054e+06
592.153	  3.82075e+06
592.44	  3.82096e+06
592.727	  3.82117e+06
593.014	  3.82137e+06
593.301	  3.82157e+06
593.588	  3.82177e+06
593.875	  3.82197e+06
594.162	  3.82217e+06
594.449	  3.82236e+06
594.736	  3.82255e+06
595.023	  3.82274e+06
595.31	  3.82293e+06
595.597	  3.82311e+06
595.884	  3.8233e+06
596.171	  3.82348e+06
596.458	  3.82366e+06
596.745	  3.82383e+06
597.032	  3.82401e+06
597.319	  3.82418e+06
597.606	  3.82435e+06
597.893	  3.82452e+06
598.18	  3.82468e+06
598.467	  3.82485e+06
598.754	  3.82501e+06
599.041	  3.82517e+06
599.328	  3.82533e+06
599.615	  3.82548e+06
599.902	  3.82564e+06
600.189	  3.82579e+06
600.476	  3.82594e+06
600.763	  3.82609e+06
601.05	  3.82623e+06
601.337	  3.82638e+06
601.624	  3.82652e+06
601.911	  3.82666e+06
602.198	  3.82679e+06
602.485	  3.82693e+06
602.772	  3.82706e+06
603.059	  3.82719e+06
603.346	  3.82732e+06
603.633	  3.82745e+06
603.92	  3.82757e+06
604.207	  3.8277e+06
604.494	  3.82782e+06
604.781	  3.82794e+06
605.068	  3.82805e+06
605.355	  3.82817e+06
605.642	  3.82828e+06
605.929	  3.82839e+06
606.216	  3.8285e+06
606.503	  3.82861e+06
606.79	  3.82871e+06
607.077	  3.82882e+06
607.364	  3.82892e+06
607.651	  3.82902e+06
607.938	  3.82911e+06
608.225	  3.82921e+06
608.512	  3.8293e+06
608.799	  3.82939e+06
609.086	  3.82948e+06
609.373	  3.82957e+06
609.66	  3.82966e+06
609.947	  3.82974e+06
610.234	  3.82982e+06
610.521	  3.8299e+06
610.808	  3.82998e+06
611.095	  3.83005e+06
611.382	  3.83013e+06
611.669	  3.8302e+06
611.956	  3.83027e+06
612.243	  3.83034e+06
612.53	  3.8304e+06
612.817	  3.83047e+06
613.104	  3.83053e+06
613.391	  3.83059e+06
613.678	  3.83065e+06
613.965	  3.8307e+06
614.252	  3.83076e+06
614.539	  3.83081e+06
614.826	  3.83086e+06
615.113	  3.83091e+06
615.4	  3.83096e+06
615.687	  3.831e+06
615.974	  3.83105e+06
616.261	  3.83109e+06
616.548	  3.83113e+06
616.835	  3.83117e+06
617.122	  3.8312e+06
617.409	  3.83123e+06
617.696	  3.83127e+06
617.983	  3.8313e+06
618.27	  3.83133e+06
618.557	  3.83135e+06
618.844	  3.83138e+06
619.131	  3.8314e+06
619.418	  3.83142e+06
619.705	  3.83144e+06
619.992	  3.83146e+06
620.279	  3.83147e+06
620.566	  3.83149e+06
620.853	  3.8315e+06
621.14	  3.83151e+06
621.427	  3.83152e+06
621.714	  3.83152e+06
622.001	  3.83153e+06
622.288	  3.83153e+06
622.575	  3.83153e+06
622.862	  3.83153e+06
623.149	  3.83153e+06
623.436	  3.83152e+06
623.723	  3.83152e+06
624.01	  3.83151e+06
624.297	  3.8315e+06
624.584	  3.83149e+06
624.871	  3.83147e+06
625.158	  3.83146e+06
625.445	  3.83144e+06
625.732	  3.83142e+06
626.019	  3.8314e+06
626.306	  3.83138e+06
626.593	  3.83136e+06
626.88	  3.83133e+06
627.167	  3.8313e+06
627.454	  3.83127e+06
627.741	  3.83124e+06
628.028	  3.83121e+06
628.315	  3.83118e+06
628.602	  3.83114e+06
628.889	  3.8311e+06
629.176	  3.83106e+06
629.463	  3.83102e+06
629.75	  3.83098e+06
630.037	  3.83093e+06
630.324	  3.83089e+06
630.611	  3.83084e+06
630.898	  3.83079e+06
631.185	  3.83074e+06
631.472	  3.83068e+06
631.759	  3.83063e+06
632.046	  3.83057e+06
632.333	  3.83051e+06
632.62	  3.83045e+06
632.907	  3.83039e+06
633.194	  3.83033e+06
633.481	  3.83026e+06
633.768	  3.83019e+06
634.055	  3.83012e+06
634.342	  3.83005e+06
634.629	  3.82998e+06
634.916	  3.82991e+06
635.203	  3.82983e+06
635.49	  3.82976e+06
635.777	  3.82968e+06
636.064	  3.8296e+06
636.351	  3.82951e+06
636.638	  3.82943e+06
636.925	  3.82935e+06
637.212	  3.82926e+06
637.499	  3.82917e+06
637.786	  3.82908e+06
638.073	  3.82899e+06
638.36	  3.82889e+06
638.647	  3.8288e+06
638.934	  3.8287e+06
639.221	  3.8286e+06
639.508	  3.8285e+06
639.795	  3.8284e+06
640.082	  3.8283e+06
640.369	  3.82819e+06
640.656	  3.82809e+06
640.943	  3.82798e+06
641.23	  3.82787e+06
641.517	  3.82776e+06
641.804	  3.82765e+06
642.091	  3.82753e+06
642.378	  3.82742e+06
642.665	  3.8273e+06
642.952	  3.82718e+06
643.239	  3.82706e+06
643.526	  3.82694e+06
643.813	  3.82681e+06
644.1	  3.82669e+06
644.387	  3.82656e+06
644.674	  3.82643e+06
644.961	  3.8263e+06
645.248	  3.82617e+06
645.535	  3.82603e+06
645.822	  3.8259e+06
646.109	  3.82576e+06
646.396	  3.82562e+06
646.683	  3.82548e+06
646.97	  3.82534e+06
647.257	  3.8252e+06
647.544	  3.82506e+06
647.831	  3.82491e+06
648.118	  3.82476e+06
648.405	  3.82461e+06
648.692	  3.82446e+06
648.979	  3.82431e+06
649.266	  3.82416e+06
649.553	  3.824e+06
649.84	  3.82385e+06
650.127	  3.82369e+06
650.414	  3.82353e+06
650.701	  3.82337e+06
650.988	  3.82321e+06
651.275	  3.82304e+06
651.562	  3.82288e+06
651.849	  3.82271e+06
652.136	  3.82254e+06
652.423	  3.82237e+06
652.71	  3.8222e+06
652.997	  3.82203e+06
653.284	  3.82185e+06
653.571	  3.82168e+06
653.858	  3.8215e+06
654.145	  3.82132e+06
654.432	  3.82114e+06
654.719	  3.82096e+06
655.006	  3.82077e+06
655.293	  3.82059e+06
655.58	  3.8204e+06
655.867	  3.82021e+06
656.154	  3.82003e+06
656.441	  3.81983e+06
656.728	  3.81964e+06
657.015	  3.81945e+06
657.302	  3.81925e+06
657.589	  3.81906e+06
657.876	  3.81886e+06
658.163	  3.81866e+06
658.45	  3.81846e+06
658.737	  3.81826e+06
659.024	  3.81805e+06
659.311	  3.81785e+06
659.598	  3.81764e+06
659.885	  3.81743e+06
660.172	  3.81722e+06
660.459	  3.81701e+06
660.746	  3.8168e+06
661.033	  3.81659e+06
661.32	  3.81637e+06
661.607	  3.81616e+06
661.894	  3.81594e+06
662.181	  3.81572e+06
662.468	  3.8155e+06
662.755	  3.81528e+06
663.042	  3.81505e+06
663.329	  3.81483e+06
663.616	  3.8146e+06
663.903	  3.81437e+06
664.19	  3.81415e+06
664.477	  3.81392e+06
664.764	  3.81368e+06
665.051	  3.81345e+06
665.338	  3.81322e+06
665.625	  3.81298e+06
665.912	  3.81274e+06
666.199	  3.8125e+06
666.486	  3.81226e+06
666.773	  3.81202e+06
667.06	  3.81178e+06
667.347	  3.81154e+06
667.634	  3.81129e+06
667.921	  3.81104e+06
668.208	  3.8108e+06
668.495	  3.81055e+06
668.782	  3.8103e+06
669.069	  3.81004e+06
669.356	  3.80979e+06
669.643	  3.80954e+06
669.93	  3.80928e+06
670.217	  3.80902e+06
670.504	  3.80876e+06
670.791	  3.8085e+06
671.078	  3.80824e+06
671.365	  3.80798e+06
671.652	  3.80772e+06
671.939	  3.80745e+06
672.226	  3.80718e+06
672.513	  3.80692e+06
672.8	  3.80665e+06
673.087	  3.80638e+06
673.374	  3.8061e+06
673.661	  3.80583e+06
673.948	  3.80556e+06
674.235	  3.80528e+06
674.522	  3.805e+06
674.809	  3.80472e+06
675.096	  3.80445e+06
675.383	  3.80416e+06
675.67	  3.80388e+06
675.957	  3.8036e+06
676.244	  3.80331e+06
676.531	  3.80303e+06
676.818	  3.80274e+06
677.105	  3.80245e+06
677.392	  3.80216e+06
677.679	  3.80187e+06
677.966	  3.80158e+06
678.253	  3.80129e+06
678.54	  3.80099e+06
678.827	  3.80069e+06
679.114	  3.8004e+06
679.401	  3.8001e+06
679.688	  3.7998e+06
679.975	  3.7995e+06
680.262	  3.79919e+06
680.549	  3.79889e+06
680.836	  3.79859e+06
681.123	  3.79828e+06
681.41	  3.79797e+06
681.697	  3.79766e+06
681.984	  3.79735e+06
682.271	  3.79704e+06
682.558	  3.79673e+06
682.845	  3.79642e+06
683.132	  3.7961e+06
683.419	  3.79579e+06
683.706	  3.79547e+06
683.993	  3.79515e+06
684.28	  3.79483e+06
684.567	  3.79451e+06
684.854	  3.79419e+06
685.141	  3.79387e+06
685.428	  3.79354e+06
685.715	  3.79322e+06
686.002	  3.79289e+06
686.289	  3.79256e+06
686.576	  3.79223e+06
686.863	  3.7919e+06
687.15	  3.79157e+06
687.437	  3.79124e+06
687.724	  3.79091e+06
688.011	  3.79057e+06
688.298	  3.79023e+06
688.585	  3.7899e+06
688.872	  3.78956e+06
689.159	  3.78922e+06
689.446	  3.78888e+06
689.733	  3.78854e+06
690.02	  3.78819e+06
690.307	  3.78785e+06
690.594	  3.7875e+06
690.881	  3.78716e+06
691.168	  3.78681e+06
691.455	  3.78646e+06
691.742	  3.78611e+06
692.029	  3.78576e+06
692.316	  3.78541e+06
692.603	  3.78505e+06
692.89	  3.7847e+06
693.177	  3.78434e+06
693.464	  3.78399e+06
693.751	  3.78363e+06
694.038	  3.78327e+06
694.325	  3.78291e+06
694.612	  3.78255e+06
694.899	  3.78218e+06
695.186	  3.78182e+06
695.473	  3.78146e+06
695.76	  3.78109e+06
696.047	  3.78072e+06
696.334	  3.78036e+06
696.621	  3.77999e+06
696.908	  3.77962e+06
697.195	  3.77924e+06
697.482	  3.77887e+06
697.769	  3.7785e+06
698.056	  3.77812e+06
698.343	  3.77775e+06
698.63	  3.77737e+06
698.917	  3.77699e+06
699.204	  3.77661e+06
699.491	  3.77623e+06
699.778	  3.77585e+06
700.065	  3.77547e+06
700.352	  3.77509e+06
700.639	  3.7747e+06
700.926	  3.77432e+06
701.213	  3.77393e+06
701.5	  3.77354e+06
701.787	  3.77315e+06
702.074	  3.77276e+06
702.361	  3.77237e+06
702.648	  3.77198e+06
702.935	  3.77159e+06
703.222	  3.77119e+06
703.509	  3.7708e+06
703.796	  3.7704e+06
704.083	  3.77e+06
704.37	  3.76961e+06
704.657	  3.76921e+06
704.944	  3.76881e+06
705.231	  3.7684e+06
705.518	  3.768e+06
705.805	  3.7676e+06
706.092	  3.76719e+06
706.379	  3.76679e+06
706.666	  3.76638e+06
706.953	  3.76597e+06
707.24	  3.76556e+06
707.527	  3.76516e+06
707.814	  3.76474e+06
708.101	  3.76433e+06
708.388	  3.76392e+06
708.675	  3.76351e+06
708.962	  3.76309e+06
709.249	  3.76268e+06
709.536	  3.76226e+06
709.823	  3.76184e+06
710.11	  3.76142e+06
710.397	  3.761e+06
710.684	  3.76058e+06
710.971	  3.76016e+06
711.258	  3.75974e+06
711.545	  3.75931e+06
711.832	  3.75889e+06
712.119	  3.75846e+06
712.406	  3.75803e+06
712.693	  3.75761e+06
712.98	  3.75718e+06
713.267	  3.75675e+06
713.554	  3.75632e+06
713.841	  3.75589e+06
714.128	  3.75545e+06
714.415	  3.75502e+06
714.702	  3.75458e+06
714.989	  3.75415e+06
715.276	  3.75371e+06
715.563	  3.75327e+06
715.85	  3.75284e+06
716.137	  3.7524e+06
716.424	  3.75196e+06
716.711	  3.75151e+06
716.998	  3.75107e+06
717.285	  3.75063e+06
717.572	  3.75018e+06
717.859	  3.74974e+06
718.146	  3.74929e+06
718.433	  3.74884e+06
718.72	  3.7484e+06
719.007	  3.74795e+06
719.294	  3.7475e+06
719.581	  3.74705e+06
719.868	  3.74659e+06
720.155	  3.74614e+06
720.442	  3.74569e+06
720.729	  3.74523e+06
721.016	  3.74478e+06
721.303	  3.74432e+06
721.59	  3.74386e+06
721.877	  3.7434e+06
722.164	  3.74294e+06
722.451	  3.74248e+06
722.738	  3.74202e+06
723.025	  3.74156e+06
723.312	  3.7411e+06
723.599	  3.74063e+06
723.886	  3.74017e+06
724.173	  3.7397e+06
724.46	  3.73924e+06
724.747	  3.73877e+06
725.034	  3.7383e+06
725.321	  3.73783e+06
725.608	  3.73736e+06
725.895	  3.73689e+06
726.182	  3.73642e+06
726.469	  3.73594e+06
726.756	  3.73547e+06
727.043	  3.735e+06
727.33	  3.73452e+06
727.617	  3.73404e+06
727.904	  3.73357e+06
728.191	  3.73309e+06
728.478	  3.73261e+06
728.765	  3.73213e+06
729.052	  3.73165e+06
729.339	  3.73117e+06
729.626	  3.73068e+06
729.913	  3.7302e+06
730.2	  3.72972e+06
730.487	  3.72923e+06
730.774	  3.72874e+06
731.061	  3.72826e+06
731.348	  3.72777e+06
731.635	  3.72728e+06
731.922	  3.72679e+06
732.209	  3.7263e+06
732.496	  3.72581e+06
732.783	  3.72532e+06
733.07	  3.72482e+06
733.357	  3.72433e+06
733.644	  3.72383e+06
733.931	  3.72334e+06
734.218	  3.72284e+06
734.505	  3.72235e+06
734.792	  3.72185e+06
735.079	  3.72135e+06
735.366	  3.72085e+06
735.653	  3.72035e+06
735.94	  3.71985e+06
736.227	  3.71934e+06
736.514	  3.71884e+06
736.801	  3.71834e+06
737.088	  3.71783e+06
737.375	  3.71733e+06
737.662	  3.71682e+06
737.949	  3.71631e+06
738.236	  3.7158e+06
738.523	  3.7153e+06
738.81	  3.71479e+06
739.097	  3.71428e+06
739.384	  3.71376e+06
739.671	  3.71325e+06
739.958	  3.71274e+06
740.245	  3.71223e+06
740.532	  3.71171e+06
740.819	  3.7112e+06
741.106	  3.71068e+06
741.393	  3.71016e+06
741.68	  3.70964e+06
741.967	  3.70913e+06
742.254	  3.70861e+06
742.541	  3.70809e+06
742.828	  3.70757e+06
743.115	  3.70704e+06
743.402	  3.70652e+06
743.689	  3.706e+06
743.976	  3.70547e+06
744.263	  3.70495e+06
744.55	  3.70442e+06
744.837	  3.7039e+06
745.124	  3.70337e+06
745.411	  3.70284e+06
745.698	  3.70231e+06
745.985	  3.70178e+06
746.272	  3.70125e+06
746.559	  3.70072e+06
746.846	  3.70019e+06
747.133	  3.69966e+06
747.42	  3.69912e+06
747.707	  3.69859e+06
747.994	  3.69806e+06
748.281	  3.69752e+06
748.568	  3.69698e+06
748.855	  3.69645e+06
749.142	  3.69591e+06
749.429	  3.69537e+06
749.716	  3.69483e+06
750.003	  3.69429e+06
750.29	  3.69375e+06
750.577	  3.69321e+06
750.864	  3.69267e+06
751.151	  3.69212e+06
751.438	  3.69158e+06
751.725	  3.69103e+06
752.012	  3.69049e+06
752.299	  3.68994e+06
752.586	  3.6894e+06
752.873	  3.68885e+06
753.16	  3.6883e+06
753.447	  3.68775e+06
753.734	  3.6872e+06
754.021	  3.68665e+06
754.308	  3.6861e+06
754.595	  3.68555e+06
754.882	  3.685e+06
755.169	  3.68444e+06
755.456	  3.68389e+06
755.743	  3.68333e+06
756.03	  3.68278e+06
756.317	  3.68222e+06
756.604	  3.68166e+06
756.891	  3.68111e+06
757.178	  3.68055e+06
757.465	  3.67999e+06
757.752	  3.67943e+06
758.039	  3.67887e+06
758.326	  3.67831e+06
758.613	  3.67775e+06
758.9	  3.67718e+06
759.187	  3.67662e+06
759.474	  3.67606e+06
759.761	  3.67549e+06
760.048	  3.67493e+06
760.335	  3.67436e+06
760.622	  3.67379e+06
760.909	  3.67323e+06
761.196	  3.67266e+06
761.483	  3.67209e+06
761.77	  3.67152e+06
762.057	  3.67095e+06
762.344	  3.67038e+06
762.631	  3.66981e+06
762.918	  3.66924e+06
763.205	  3.66866e+06
763.492	  3.66809e+06
763.779	  3.66752e+06
764.066	  3.66694e+06
764.353	  3.66637e+06
764.64	  3.66579e+06
764.927	  3.66521e+06
765.214	  3.66464e+06
765.501	  3.66406e+06
765.788	  3.66348e+06
766.075	  3.6629e+06
766.362	  3.66232e+06
766.649	  3.66174e+06
766.936	  3.66116e+06
767.223	  3.66058e+06
767.51	  3.65999e+06
767.797	  3.65941e+06
768.084	  3.65883e+06
768.371	  3.65824e+06
768.658	  3.65766e+06
768.945	  3.65707e+06
769.232	  3.65648e+06
769.519	  3.6559e+06
769.806	  3.65531e+06
770.093	  3.65472e+06
770.38	  3.65413e+06
770.667	  3.65354e+06
770.954	  3.65295e+06
771.241	  3.65236e+06
771.528	  3.65177e+06
771.815	  3.65118e+06
772.102	  3.65058e+06
772.389	  3.64999e+06
772.676	  3.6494e+06
772.963	  3.6488e+06
773.25	  3.6482e+06
773.537	  3.64761e+06
773.824	  3.64701e+06
774.111	  3.64642e+06
774.398	  3.64582e+06
774.685	  3.64522e+06
774.972	  3.64462e+06
775.259	  3.64402e+06
775.546	  3.64342e+06
775.833	  3.64282e+06
776.12	  3.64222e+06
776.407	  3.64162e+06
776.694	  3.64101e+06
776.981	  3.64041e+06
777.268	  3.63981e+06
777.555	  3.6392e+06
777.842	  3.6386e+06
778.129	  3.63799e+06
778.416	  3.63738e+06
778.703	  3.63678e+06
778.99	  3.63617e+06
779.277	  3.63556e+06
779.564	  3.63495e+06
779.851	  3.63434e+06
780.138	  3.63373e+06
780.425	  3.63312e+06
780.712	  3.63251e+06
780.999	  3.6319e+06
781.286	  3.63129e+06
781.573	  3.63068e+06
781.86	  3.63006e+06
782.147	  3.62945e+06
782.434	  3.62883e+06
782.721	  3.62822e+06
783.008	  3.6276e+06
783.295	  3.62699e+06
783.582	  3.62637e+06
783.869	  3.62575e+06
784.156	  3.62513e+06
784.443	  3.62452e+06
784.73	  3.6239e+06
785.017	  3.62328e+06
785.304	  3.62266e+06
785.591	  3.62204e+06
785.878	  3.62142e+06
786.165	  3.62079e+06
786.452	  3.62017e+06
786.739	  3.61955e+06
787.026	  3.61892e+06
787.313	  3.6183e+06
787.6	  3.61768e+06
787.887	  3.61705e+06
788.174	  3.61643e+06
788.461	  3.6158e+06
788.748	  3.61517e+06
789.035	  3.61455e+06
789.322	  3.61392e+06
789.609	  3.61329e+06
789.896	  3.61266e+06
790.183	  3.61203e+06
790.47	  3.6114e+06
790.757	  3.61077e+06
791.044	  3.61014e+06
791.331	  3.60951e+06
791.618	  3.60888e+06
791.905	  3.60824e+06
792.192	  3.60761e+06
792.479	  3.60698e+06
792.766	  3.60634e+06
793.053	  3.60571e+06
793.34	  3.60507e+06
793.627	  3.60444e+06
793.914	  3.6038e+06
794.201	  3.60316e+06
794.488	  3.60252e+06
794.775	  3.60189e+06
795.062	  3.60125e+06
795.349	  3.60061e+06
795.636	  3.59997e+06
795.923	  3.59933e+06
796.21	  3.59869e+06
796.497	  3.59805e+06
796.784	  3.59741e+06
797.071	  3.59676e+06
797.358	  3.59612e+06
797.645	  3.59548e+06
797.932	  3.59484e+06
798.219	  3.59419e+06
798.506	  3.59355e+06
798.793	  3.5929e+06
799.08	  3.59226e+06
799.367	  3.59161e+06
799.654	  3.59096e+06
799.941	  3.59032e+06
800.228	  3.58967e+06
800.515	  3.58902e+06
800.802	  3.58837e+06
801.089	  3.58772e+06
801.376	  3.58708e+06
801.663	  3.58643e+06
801.95	  3.58577e+06
802.237	  3.58512e+06
802.524	  3.58447e+06
802.811	  3.58382e+06
803.098	  3.58317e+06
803.385	  3.58252e+06
803.672	  3.58186e+06
803.959	  3.58121e+06
804.246	  3.58055e+06
804.533	  3.5799e+06
804.82	  3.57924e+06
805.107	  3.57859e+06
805.394	  3.57793e+06
805.681	  3.57728e+06
805.968	  3.57662e+06
806.255	  3.57596e+06
806.542	  3.5753e+06
806.829	  3.57464e+06
807.116	  3.57399e+06
807.403	  3.57333e+06
807.69	  3.57267e+06
807.977	  3.57201e+06
808.264	  3.57135e+06
808.551	  3.57068e+06
808.838	  3.57002e+06
809.125	  3.56936e+06
809.412	  3.5687e+06
809.699	  3.56803e+06
809.986	  3.56737e+06
810.273	  3.56671e+06
810.56	  3.56604e+06
810.847	  3.56538e+06
811.134	  3.56471e+06
811.421	  3.56405e+06
811.708	  3.56338e+06
811.995	  3.56271e+06
812.282	  3.56205e+06
812.569	  3.56138e+06
812.856	  3.56071e+06
813.143	  3.56004e+06
813.43	  3.55937e+06
813.717	  3.55871e+06
814.004	  3.55804e+06
814.291	  3.55737e+06
814.578	  3.5567e+06
814.865	  3.55602e+06
815.152	  3.55535e+06
815.439	  3.55468e+06
815.726	  3.55401e+06
816.013	  3.55334e+06
816.3	  3.55266e+06
816.587	  3.55199e+06
816.874	  3.55132e+06
817.161	  3.55064e+06
817.448	  3.54997e+06
817.735	  3.54929e+06
818.022	  3.54862e+06
818.309	  3.54794e+06
818.596	  3.54726e+06
818.883	  3.54659e+06
819.17	  3.54591e+06
819.457	  3.54523e+06
820.002	  3.54394e+06
820.031	  3.54387e+06
820.059	  3.54381e+06
820.088	  3.54374e+06
820.117	  3.54367e+06
820.146	  3.5436e+06
820.174	  3.54353e+06
820.203	  3.54347e+06
820.232	  3.5434e+06
820.26	  3.54333e+06
820.289	  3.54326e+06
820.318	  3.5432e+06
820.346	  3.54313e+06
820.375	  3.54306e+06
820.404	  3.54299e+06
820.433	  3.54292e+06
820.461	  3.54286e+06
820.49	  3.54279e+06
820.519	  3.54272e+06
820.547	  3.54265e+06
820.576	  3.54258e+06
820.605	  3.54252e+06
820.633	  1.46136e+06
820.662	  1.46133e+06
820.691	  1.4613e+06
820.72	  1.46128e+06
820.748	  1.46125e+06
820.777	  1.46123e+06
820.806	  1.4612e+06
820.834	  1.46117e+06
820.863	  1.46115e+06
820.892	  1.46112e+06
820.92	  1.46109e+06
820.949	  1.46107e+06
820.978	  1.46104e+06
821.007	  1.46101e+06
821.035	  1.46099e+06
821.064	  1.46096e+06
821.093	  1.46093e+06
821.121	  1.46091e+06
821.15	  1.46088e+06
821.179	  1.46085e+06
821.207	  1.46083e+06
821.236	  1.4608e+06
821.265	  1.46077e+06
821.294	  1.46075e+06
821.322	  1.46072e+06
821.351	  1.46069e+06
821.38	  1.46067e+06
821.408	  1.46064e+06
821.437	  1.46061e+06
821.466	  1.46059e+06
821.494	  1.46056e+06
821.523	  1.46053e+06
821.552	  1.46051e+06
821.581	  1.46048e+06
821.609	  1.46045e+06
821.638	  1.46042e+06
821.667	  1.4604e+06
821.695	  1.46037e+06
821.724	  1.46034e+06
821.753	  1.46032e+06
821.781	  1.46029e+06
821.81	  1.46026e+06
821.839	  1.46024e+06
821.868	  1.46021e+06
821.896	  1.46018e+06
821.925	  1.46016e+06
821.954	  1.46013e+06
821.982	  1.4601e+06
822.011	  1.46008e+06
822.011	  1.46008e+06
822.298	  1.45981e+06
822.585	  1.45954e+06
822.872	  1.45928e+06
823.159	  1.45901e+06
823.446	  1.45874e+06
823.733	  1.45847e+06
824.02	  1.45821e+06
824.307	  1.45794e+06
824.594	  1.45767e+06
824.881	  1.4574e+06
825.168	  1.45713e+06
825.455	  1.45686e+06
825.742	  1.4566e+06
826.029	  1.45633e+06
826.316	  1.45606e+06
826.603	  1.45579e+06
826.89	  1.45552e+06
827.177	  1.45525e+06
827.464	  1.45498e+06
827.751	  1.45471e+06
828.038	  1.45444e+06
828.325	  1.45417e+06
828.612	  1.4539e+06
828.899	  1.45363e+06
829.186	  1.45336e+06
829.473	  1.45309e+06
829.76	  1.45282e+06
830.047	  1.45255e+06
830.334	  1.45228e+06
830.621	  1.45201e+06
830.908	  1.45174e+06
831.195	  1.45147e+06
831.482	  1.4512e+06
831.769	  1.45093e+06
832.056	  1.45066e+06
832.343	  1.45038e+06
832.63	  1.45011e+06
832.917	  1.44984e+06
833.204	  1.44957e+06
833.491	  1.4493e+06
833.778	  1.44903e+06
834.065	  1.44875e+06
834.352	  1.44848e+06
834.639	  1.44821e+06
834.926	  1.44794e+06
835.213	  1.44766e+06
835.5	  1.44739e+06
835.787	  1.44712e+06
836.074	  1.44685e+06
836.361	  1.44657e+06
836.648	  1.4463e+06
836.935	  1.44603e+06
837.222	  1.44575e+06
837.509	  1.44548e+06
837.796	  1.44521e+06
838.083	  1.44493e+06
838.37	  1.44466e+06
838.657	  1.44439e+06
838.944	  1.44411e+06
839.231	  1.44384e+06
839.518	  1.44356e+06
839.805	  1.44329e+06
840.092	  1.44302e+06
840.379	  1.44274e+06
840.666	  1.44247e+06
840.953	  1.44219e+06
841.24	  1.44192e+06
841.527	  1.44164e+06
841.814	  1.44137e+06
842.101	  1.44109e+06
842.388	  1.44082e+06
842.675	  1.44054e+06
842.962	  1.44027e+06
843.249	  1.43999e+06
843.536	  1.43972e+06
843.823	  1.43944e+06
844.11	  1.43916e+06
844.397	  1.43889e+06
844.684	  1.43861e+06
844.971	  1.43834e+06
845.258	  1.43806e+06
845.545	  1.43778e+06
845.832	  1.43751e+06
846.119	  1.43723e+06
846.406	  1.43695e+06
846.693	  1.43668e+06
846.98	  1.4364e+06
847.267	  1.43612e+06
847.554	  1.43585e+06
847.841	  1.43557e+06
848.128	  1.43529e+06
848.415	  1.43502e+06
848.702	  1.43474e+06
848.989	  1.43446e+06
849.276	  1.43418e+06
849.563	  1.43391e+06
849.85	  1.43363e+06
850.137	  1.43335e+06
850.424	  1.43307e+06
850.711	  1.4328e+06
850.998	  1.43252e+06
851.285	  1.43224e+06
851.572	  1.43196e+06
851.859	  1.43168e+06
852.146	  1.4314e+06
852.433	  1.43113e+06
852.72	  1.43085e+06
853.007	  1.43057e+06
853.294	  1.43029e+06
853.581	  1.43001e+06
853.868	  1.42973e+06
854.155	  1.42945e+06
854.442	  1.42917e+06
854.729	  1.42889e+06
855.016	  1.42861e+06
855.303	  1.42834e+06
855.59	  1.42806e+06
855.877	  1.42778e+06
856.164	  1.4275e+06
856.451	  1.42722e+06
856.738	  1.42694e+06
857.025	  1.42666e+06
857.312	  1.42638e+06
857.599	  1.4261e+06
857.886	  1.42582e+06
858.173	  1.42554e+06
858.46	  1.42526e+06
858.747	  1.42498e+06
859.034	  1.42469e+06
859.321	  1.42441e+06
859.608	  1.42413e+06
859.895	  1.42385e+06
860.182	  1.42357e+06
860.469	  1.42329e+06
860.756	  1.42301e+06
861.043	  1.42273e+06
861.33	  1.42245e+06
861.617	  1.42217e+06
861.904	  1.42188e+06
862.191	  1.4216e+06
862.478	  1.42132e+06
862.765	  1.42104e+06
863.052	  1.42076e+06
863.339	  1.42048e+06
863.626	  1.4202e+06
863.913	  1.41991e+06
864.2	  1.41963e+06
864.487	  1.41935e+06
864.774	  1.41907e+06
865.061	  1.41878e+06
865.348	  1.4185e+06
865.635	  1.41822e+06
865.922	  1.41794e+06
866.209	  1.41766e+06
866.496	  1.41737e+06
866.783	  1.41709e+06
867.07	  1.41681e+06
867.357	  1.41652e+06
867.644	  1.41624e+06
867.931	  1.41596e+06
868.218	  1.41568e+06
868.505	  1.41539e+06
868.792	  1.41511e+06
869.079	  1.41483e+06
869.366	  1.41454e+06
869.653	  1.41426e+06
869.94	  1.41398e+06
870.227	  1.41369e+06
870.514	  1.41341e+06
870.801	  1.41312e+06
871.088	  1.41284e+06
871.375	  1.41256e+06
871.662	  1.41227e+06
871.949	  1.41199e+06
872.236	  1.41171e+06
872.523	  1.41142e+06
872.81	  1.41114e+06
873.097	  1.41085e+06
873.384	  1.41057e+06
873.671	  1.41028e+06
873.958	  1.41e+06
874.245	  1.40971e+06
874.532	  1.40943e+06
874.819	  1.40915e+06
875.106	  1.40886e+06
875.393	  1.40858e+06
875.68	  1.40829e+06
875.967	  1.40801e+06
876.254	  1.40772e+06
876.541	  1.40744e+06
876.828	  1.40715e+06
877.115	  1.40687e+06
877.402	  1.40658e+06
877.689	  1.4063e+06
877.976	  1.40601e+06
878.263	  1.40572e+06
878.55	  1.40544e+06
878.837	  1.40515e+06
879.124	  1.40487e+06
879.411	  1.40458e+06
879.698	  1.4043e+06
879.985	  1.40401e+06
880.272	  1.40372e+06
880.559	  1.40344e+06
880.846	  1.40315e+06
881.133	  1.40287e+06
881.42	  1.40258e+06
881.707	  1.40229e+06
881.994	  1.40201e+06
882.281	  1.40172e+06
882.568	  1.40143e+06
882.855	  1.40115e+06
883.142	  1.40086e+06
883.429	  1.40058e+06
883.716	  1.40029e+06
884.003	  1.4e+06
884.29	  1.39972e+06
884.577	  1.39943e+06
884.864	  1.39914e+06
885.151	  1.39885e+06
885.438	  1.39857e+06
885.725	  1.39828e+06
886.012	  1.39799e+06
886.299	  1.39771e+06
886.586	  1.39742e+06
886.873	  1.39713e+06
887.16	  1.39684e+06
887.447	  1.39656e+06
887.734	  1.39627e+06
888.021	  1.39598e+06
888.308	  1.39569e+06
888.595	  1.39541e+06
888.882	  1.39512e+06
889.169	  1.39483e+06
889.456	  1.39454e+06
889.743	  1.39426e+06
890.03	  1.39397e+06
890.317	  1.39368e+06
890.604	  1.39339e+06
890.891	  1.3931e+06
891.178	  1.39282e+06
891.465	  1.39253e+06
891.752	  1.39224e+06
892.039	  1.39195e+06
892.326	  1.39166e+06
892.613	  1.39137e+06
892.9	  1.39109e+06
893.187	  1.3908e+06
893.474	  1.39051e+06
893.761	  1.39022e+06
894.048	  1.38993e+06
894.335	  1.38964e+06
894.622	  1.38935e+06
894.909	  1.38907e+06
895.196	  1.38878e+06
895.483	  1.38849e+06
895.77	  1.3882e+06
896.057	  1.38791e+06
896.344	  1.38762e+06
896.631	  1.38733e+06
896.918	  1.38704e+06
897.205	  1.38675e+06
897.492	  1.38647e+06
897.779	  1.38618e+06
898.066	  1.38589e+06
898.353	  1.3856e+06
898.64	  1.38531e+06
898.927	  1.38502e+06
899.214	  1.38473e+06
899.501	  1.38444e+06
899.788	  1.38415e+06
900.075	  1.38386e+06
900.362	  1.38357e+06
900.649	  1.38328e+06
900.936	  1.38299e+06
901.223	  1.3827e+06
901.51	  1.38241e+06
901.797	  1.38212e+06
902.084	  1.38183e+06
902.371	  1.38154e+06
902.658	  1.38125e+06
902.945	  1.38096e+06
903.232	  1.38067e+06
903.519	  1.38038e+06
903.806	  1.38009e+06
904.093	  1.3798e+06
904.38	  1.37951e+06
904.667	  1.37922e+06
904.954	  1.37893e+06
905.241	  1.37864e+06
905.528	  1.37835e+06
905.815	  1.37806e+06
906.102	  1.37777e+06
906.389	  1.37748e+06
906.676	  1.37719e+06
906.963	  1.3769e+06
907.25	  1.37661e+06
907.537	  1.37632e+06
907.824	  1.37603e+06
908.111	  1.37573e+06
908.398	  1.37544e+06
908.685	  1.37515e+06
908.972	  1.37486e+06
909.259	  1.37457e+06
909.546	  1.37428e+06
909.833	  1.37399e+06
910.12	  1.3737e+06
910.407	  1.37341e+06
910.694	  1.37312e+06
910.981	  1.37283e+06
911.268	  1.37253e+06
911.555	  1.37224e+06
911.842	  1.37195e+06
912.129	  1.37166e+06
912.416	  1.37137e+06
912.703	  1.37108e+06
912.99	  1.37079e+06
913.277	  1.37049e+06
913.564	  1.3702e+06
913.851	  1.36991e+06
914.138	  1.36962e+06
914.425	  1.36933e+06
914.712	  1.36904e+06
914.999	  1.36875e+06
915.286	  1.36845e+06
915.573	  1.36816e+06
915.86	  1.36787e+06
916.147	  1.36758e+06
916.434	  1.36729e+06
916.721	  1.367e+06
917.008	  1.3667e+06
917.295	  1.36641e+06
917.582	  1.36612e+06
917.869	  1.36583e+06
918.156	  1.36554e+06
918.443	  1.36524e+06
918.73	  1.36495e+06
919.017	  1.36466e+06
919.304	  1.36437e+06
919.591	  1.36408e+06
919.878	  1.36378e+06
920.165	  1.36349e+06
920.452	  1.3632e+06
920.739	  1.36291e+06
921.026	  1.36261e+06
921.313	  1.36232e+06
921.6	  1.36203e+06
921.887	  1.36174e+06
922.174	  1.36145e+06
922.461	  1.36115e+06
922.748	  1.36086e+06
923.035	  1.36057e+06
923.322	  1.36028e+06
923.609	  1.35998e+06
923.896	  1.35969e+06
924.183	  1.3594e+06
924.47	  1.35911e+06
924.757	  1.35881e+06
925.044	  1.35852e+06
925.331	  1.35823e+06
925.618	  1.35793e+06
925.905	  1.35764e+06
926.192	  1.35735e+06
926.479	  1.35706e+06
926.766	  1.35676e+06
927.053	  1.35647e+06
927.34	  1.35618e+06
927.627	  1.35589e+06
927.914	  1.35559e+06
928.201	  1.3553e+06
928.488	  1.35501e+06
928.775	  1.35471e+06
929.062	  1.35442e+06
929.349	  1.35413e+06
929.636	  1.35383e+06
929.923	  1.35354e+06
930.21	  1.35325e+06
930.497	  1.35296e+06
930.784	  1.35266e+06
931.071	  1.35237e+06
931.358	  1.35208e+06
931.645	  1.35178e+06
931.932	  1.35149e+06
932.219	  1.3512e+06
932.506	  1.3509e+06
932.793	  1.35061e+06
933.08	  1.35032e+06
933.367	  1.35002e+06
933.654	  1.34973e+06
933.941	  1.34944e+06
934.228	  1.34914e+06
934.515	  1.34885e+06
934.802	  1.34856e+06
935.089	  1.34826e+06
935.376	  1.34797e+06
935.663	  1.34768e+06
935.95	  1.34738e+06
936.237	  1.34709e+06
936.524	  1.3468e+06
936.811	  1.3465e+06
937.098	  1.34621e+06
937.385	  1.34591e+06
937.672	  1.34562e+06
937.959	  1.34533e+06
938.246	  1.34503e+06
938.533	  1.34474e+06
938.82	  1.34445e+06
939.107	  1.34415e+06
939.394	  1.34386e+06
939.681	  1.34357e+06
939.968	  1.34327e+06
940.255	  1.34298e+06
940.542	  1.34268e+06
940.829	  1.34239e+06
941.116	  1.3421e+06
941.403	  1.3418e+06
941.69	  1.34151e+06
941.977	  1.34122e+06
942.264	  1.34092e+06
942.551	  1.34063e+06
942.838	  1.34033e+06
943.125	  1.34004e+06
943.412	  1.33975e+06
943.699	  1.33945e+06
943.986	  1.33916e+06
944.273	  1.33886e+06
944.56	  1.33857e+06
944.847	  1.33828e+06
945.134	  1.33798e+06
945.421	  1.33769e+06
945.708	  1.33739e+06
945.995	  1.3371e+06
946.282	  1.33681e+06
946.569	  1.33651e+06
946.856	  1.33622e+06
947.143	  1.33592e+06
947.43	  1.33563e+06
947.717	  1.33534e+06
948.004	  1.33504e+06
948.291	  1.33475e+06
948.578	  1.33445e+06
948.865	  1.33416e+06
949.152	  1.33387e+06
949.439	  1.33357e+06
949.726	  1.33328e+06
950.013	  1.33298e+06
950.3	  1.33269e+06
950.587	  1.33239e+06
950.874	  1.3321e+06
951.161	  1.33181e+06
951.448	  1.33151e+06
951.735	  1.33122e+06
952.022	  1.33092e+06
952.309	  1.33063e+06
952.596	  1.33033e+06
952.883	  1.33004e+06
953.17	  1.32975e+06
953.457	  1.32945e+06
953.744	  1.32916e+06
954.031	  1.32886e+06
954.318	  1.32857e+06
954.605	  1.32827e+06
954.892	  1.32798e+06
955.179	  1.32769e+06
955.466	  1.32739e+06
955.753	  1.3271e+06
956.04	  1.3268e+06
956.327	  1.32651e+06
956.614	  1.32621e+06
956.901	  1.32592e+06
957.188	  1.32563e+06
957.475	  1.32533e+06
957.762	  1.32504e+06
958.049	  1.32474e+06
958.336	  1.32445e+06
958.623	  1.32415e+06
958.91	  1.32386e+06
959.197	  1.32356e+06
959.484	  1.32327e+06
959.771	  1.32298e+06
960.058	  1.32268e+06
960.345	  1.32239e+06
960.632	  1.32209e+06
960.919	  1.3218e+06
961.206	  1.3215e+06
961.493	  1.32121e+06
961.78	  1.32092e+06
962.067	  1.32062e+06
962.354	  1.32033e+06
962.641	  1.32003e+06
962.928	  1.31974e+06
963.215	  1.31944e+06
963.502	  1.31915e+06
963.789	  1.31885e+06
964.076	  1.31856e+06
964.363	  1.31826e+06
964.65	  1.31797e+06
964.937	  1.31768e+06
965.224	  1.31738e+06
965.511	  1.31709e+06
965.798	  1.31679e+06
966.085	  1.3165e+06
966.372	  1.3162e+06
966.659	  1.31591e+06
966.946	  1.31561e+06
967.233	  1.31532e+06
967.52	  1.31503e+06
967.807	  1.31473e+06
968.094	  1.31444e+06
968.381	  1.31414e+06
968.668	  1.31385e+06
968.955	  1.31355e+06
969.242	  1.31326e+06
969.529	  1.31296e+06
969.816	  1.31267e+06
970.103	  1.31238e+06
970.39	  1.31208e+06
970.677	  1.31179e+06
970.964	  1.31149e+06
971.251	  1.3112e+06
971.538	  1.3109e+06
971.825	  1.31061e+06
972.112	  1.31031e+06
972.399	  1.31002e+06
972.686	  1.30973e+06
972.973	  1.30943e+06
973.26	  1.30914e+06
973.547	  1.30884e+06
973.834	  1.30855e+06
974.121	  1.30825e+06
974.408	  1.30796e+06
974.695	  1.30766e+06
974.982	  1.30737e+06
975.269	  1.30708e+06
975.556	  1.30678e+06
975.843	  1.30649e+06
976.13	  1.30619e+06
976.417	  1.3059e+06
976.704	  1.3056e+06
976.991	  1.30531e+06
977.278	  1.30501e+06
977.565	  1.30472e+06
977.852	  1.30443e+06
978.139	  1.30413e+06
978.426	  1.30384e+06
978.713	  1.30354e+06
979	  1.30325e+06
979.287	  1.30295e+06
979.574	  1.30266e+06
979.861	  1.30237e+06
980.148	  1.30207e+06
980.435	  1.30178e+06
980.722	  1.30148e+06
981.009	  1.30119e+06
981.296	  1.30089e+06
981.583	  1.3006e+06
981.87	  1.30031e+06
982.157	  1.30001e+06
982.444	  1.29972e+06
982.731	  1.29942e+06
983.018	  1.29913e+06
983.305	  1.29883e+06
983.592	  1.29854e+06
983.879	  1.29825e+06
984.166	  1.29795e+06
984.453	  1.29766e+06
984.74	  1.29736e+06
985.027	  1.29707e+06
985.314	  1.29677e+06
985.601	  1.29648e+06
985.888	  1.29619e+06
986.175	  1.29589e+06
986.462	  1.2956e+06
986.749	  1.2953e+06
987.036	  1.29501e+06
987.323	  1.29472e+06
987.61	  1.29442e+06
987.897	  1.29413e+06
988.184	  1.29383e+06
988.471	  1.29354e+06
988.758	  1.29324e+06
989.045	  1.29295e+06
989.332	  1.29266e+06
989.619	  1.29236e+06
989.906	  1.29207e+06
990.193	  1.29177e+06
990.48	  1.29148e+06
990.767	  1.29119e+06
991.054	  1.29089e+06
991.341	  1.2906e+06
991.628	  1.2903e+06
991.915	  1.29001e+06
992.202	  1.28972e+06
992.489	  1.28942e+06
992.776	  1.28913e+06
993.063	  1.28884e+06
993.35	  1.28854e+06
993.637	  1.28825e+06
993.924	  1.28795e+06
994.211	  1.28766e+06
994.498	  1.28737e+06
994.785	  1.28707e+06
995.072	  1.28678e+06
995.359	  1.28648e+06
995.646	  1.28619e+06
995.933	  1.2859e+06
996.22	  1.2856e+06
996.507	  1.28531e+06
996.794	  1.28502e+06
997.081	  1.28472e+06
997.368	  1.28443e+06
997.655	  1.28413e+06
997.942	  1.28384e+06
998.229	  1.28355e+06
998.516	  1.28325e+06
998.803	  1.28296e+06
999.09	  1.28267e+06
999.377	  1.28237e+06
999.664	  1.28208e+06
999.951	  1.28179e+06
1000.24	  1.28149e+06
1000.52	  1.2812e+06
1000.81	  1.2809e+06
1001.1	  1.28061e+06
1001.39	  1.28032e+06
1001.67	  1.28002e+06
1001.96	  1.27973e+06
1002.25	  1.27944e+06
1002.53	  1.27914e+06
1002.82	  1.27885e+06
1003.11	  1.27856e+06
1003.39	  1.27826e+06
1003.68	  1.27797e+06
1003.97	  1.27768e+06
1004.26	  1.27738e+06
1004.54	  1.27709e+06
1004.83	  1.2768e+06
1005.12	  1.2765e+06
1005.4	  1.27621e+06
1005.69	  1.27592e+06
1005.98	  1.27562e+06
1006.26	  1.27533e+06
1006.55	  1.27504e+06
1006.84	  1.27474e+06
1007.13	  1.27445e+06
1007.41	  1.27416e+06
1007.7	  1.27386e+06
1007.99	  1.27357e+06
1008.27	  1.27328e+06
1008.56	  1.27299e+06
1008.85	  1.27269e+06
1009.13	  1.2724e+06
1009.42	  1.27211e+06
1009.71	  1.27181e+06
1010	  1.27152e+06
1010.28	  1.27123e+06
1010.57	  1.27093e+06
1010.86	  1.27064e+06
1011.14	  1.27035e+06
1011.43	  1.27006e+06
1011.72	  1.26976e+06
1012	  1.26947e+06
1012.29	  1.26918e+06
1012.58	  1.26888e+06
1012.87	  1.26859e+06
1013.15	  1.2683e+06
1013.44	  1.26801e+06
1013.73	  1.26771e+06
1014.01	  1.26742e+06
1014.3	  1.26713e+06
1014.59	  1.26684e+06
1014.88	  1.26654e+06
1015.16	  1.26625e+06
1015.45	  1.26596e+06
1015.74	  1.26566e+06
1016.02	  1.26537e+06
1016.31	  1.26508e+06
1016.6	  1.26479e+06
1016.88	  1.26449e+06
1017.17	  1.2642e+06
1017.46	  1.26391e+06
1017.75	  1.26362e+06
1018.03	  1.26332e+06
1018.32	  1.26303e+06
1018.61	  1.26274e+06
1018.89	  1.26245e+06
1019.18	  1.26216e+06
1019.47	  1.26186e+06
1019.98	  1.26135e+06
1021.08	  1.26023e+06
1022.17	  1.25911e+06
1023.27	  1.25799e+06
1024.38	  1.25687e+06
1025.47	  1.25575e+06
1026.58	  1.25463e+06
1027.67	  1.25351e+06
1028.78	  1.2524e+06
1029.88	  1.25128e+06
1030.97	  1.25016e+06
1032.08	  1.24905e+06
1033.17	  1.24793e+06
1034.28	  1.24682e+06
1035.38	  1.2457e+06
1036.47	  1.24459e+06
1037.58	  1.24347e+06
1038.67	  1.24236e+06
1039.78	  1.24125e+06
1040.88	  1.24013e+06
1041.97	  1.23902e+06
1043.08	  1.23791e+06
1044.17	  1.2368e+06
1045.28	  1.23569e+06
1046.38	  1.23457e+06
1047.47	  1.23346e+06
1048.58	  1.23235e+06
1049.67	  1.23125e+06
1050.78	  1.23014e+06
1051.88	  1.22903e+06
1052.97	  1.22792e+06
1054.08	  1.22681e+06
1055.17	  1.22571e+06
1056.28	  1.2246e+06
1057.38	  1.22349e+06
1058.47	  1.22239e+06
1059.58	  1.22129e+06
1060.67	  1.22018e+06
1061.78	  1.21908e+06
1062.88	  1.21797e+06
1063.97	  1.21687e+06
1065.08	  1.21577e+06
1066.17	  1.21467e+06
1067.28	  1.21357e+06
1068.38	  1.21247e+06
1069.47	  1.21137e+06
1070.58	  1.21027e+06
1071.67	  1.20917e+06
1072.78	  1.20807e+06
1073.88	  1.20697e+06
1074.97	  1.20588e+06
1076.08	  1.20478e+06
1077.17	  1.20368e+06
1078.28	  1.20259e+06
1079.38	  1.20149e+06
1080.47	  1.2004e+06
1081.58	  1.19931e+06
1082.67	  1.19821e+06
1083.78	  1.19712e+06
1084.88	  1.19603e+06
1085.97	  1.19494e+06
1087.08	  1.19385e+06
1088.17	  1.19276e+06
1089.28	  1.19167e+06
1090.38	  1.19058e+06
1091.47	  1.18949e+06
1092.58	  1.1884e+06
1093.67	  1.18732e+06
1094.78	  1.18623e+06
1095.88	  1.18515e+06
1096.97	  1.18406e+06
1098.08	  1.18298e+06
1099.17	  1.18189e+06
1100.28	  1.18081e+06
1101.38	  1.17973e+06
1102.47	  1.17865e+06
1103.58	  1.17757e+06
1104.67	  1.17649e+06
1105.78	  1.17541e+06
1106.88	  1.17433e+06
1107.97	  1.17325e+06
1109.08	  1.17217e+06
1110.17	  1.17109e+06
1111.28	  1.17002e+06
1112.38	  1.16894e+06
1113.47	  1.16787e+06
1114.58	  1.16679e+06
1115.67	  1.16572e+06
1116.78	  1.16465e+06
1117.88	  1.16358e+06
1118.97	  1.1625e+06
1120.08	  1.16143e+06
1121.17	  1.16036e+06
1122.28	  1.15929e+06
1123.38	  1.15823e+06
1124.47	  1.15716e+06
1125.58	  1.15609e+06
1126.67	  1.15503e+06
1127.78	  1.15396e+06
1128.88	  1.15289e+06
1129.97	  1.15183e+06
1131.08	  1.15077e+06
1132.17	  1.1497e+06
1133.28	  1.14864e+06
1134.38	  1.14758e+06
1135.47	  1.14652e+06
1136.58	  1.14546e+06
1137.67	  1.1444e+06
1138.78	  1.14334e+06
1139.88	  1.14229e+06
1140.97	  1.14123e+06
1142.08	  1.14017e+06
1143.17	  1.13912e+06
1144.28	  1.13806e+06
1145.38	  1.13701e+06
1146.47	  1.13596e+06
1147.58	  1.13491e+06
1148.67	  1.13385e+06
1149.78	  1.1328e+06
1150.88	  1.13175e+06
1151.97	  1.13071e+06
1153.08	  1.12966e+06
1154.17	  1.12861e+06
1155.28	  1.12756e+06
1156.38	  1.12652e+06
1157.47	  1.12547e+06
1158.58	  1.12443e+06
1159.67	  1.12338e+06
1160.78	  1.12234e+06
1161.88	  1.1213e+06
1162.97	  1.12026e+06
1164.08	  1.11922e+06
1165.17	  1.11818e+06
1166.28	  1.11714e+06
1167.38	  1.1161e+06
1168.47	  1.11506e+06
1169.58	  1.11403e+06
1170.67	  1.11299e+06
1171.78	  1.11196e+06
1172.88	  1.11092e+06
1173.97	  1.10989e+06
1175.08	  1.10886e+06
1176.17	  1.10783e+06
1177.28	  1.10679e+06
1178.38	  1.10576e+06
1179.47	  1.10474e+06
1180.58	  1.10371e+06
1181.67	  1.10268e+06
1182.78	  1.10165e+06
1183.88	  1.10063e+06
1184.97	  1.0996e+06
1186.08	  1.09858e+06
1187.17	  1.09755e+06
1188.28	  1.09653e+06
1189.38	  1.09551e+06
1190.47	  1.09449e+06
1191.58	  1.09347e+06
1192.67	  1.09245e+06
1193.78	  1.09143e+06
1194.88	  1.09041e+06
1195.97	  1.0894e+06
1197.08	  1.08838e+06
1198.17	  1.08737e+06
1199.28	  1.08635e+06
1200.38	  1.08534e+06
1201.47	  1.08433e+06
1202.58	  1.08332e+06
1203.67	  1.0823e+06
1204.78	  1.08129e+06
1205.88	  1.08029e+06
1206.97	  1.07928e+06
1208.08	  1.07827e+06
1209.17	  1.07726e+06
1210.28	  1.07626e+06
1211.38	  1.07525e+06
1212.47	  1.07425e+06
1213.58	  1.07325e+06
1214.67	  1.07224e+06
1215.78	  1.07124e+06
1216.88	  1.07024e+06
1217.97	  1.06924e+06
1219.08	  1.06824e+06
1220.17	  1.06724e+06
1221.28	  1.06625e+06
1222.38	  1.06525e+06
1223.47	  1.06426e+06
1224.58	  1.06326e+06
1225.67	  1.06227e+06
1226.78	  1.06127e+06
1227.88	  1.06028e+06
1228.97	  1.05929e+06
1230.08	  1.0583e+06
1231.17	  1.05731e+06
1232.28	  1.05632e+06
1233.38	  1.05534e+06
1234.47	  1.05435e+06
1235.58	  1.05336e+06
1236.67	  1.05238e+06
1237.78	  1.05139e+06
1238.88	  1.05041e+06
1239.97	  1.04943e+06
1241.08	  1.04845e+06
1242.17	  1.04747e+06
1243.28	  1.04649e+06
1244.38	  1.04551e+06
1245.47	  1.04453e+06
1246.58	  1.04355e+06
1247.67	  1.04258e+06
1248.78	  1.0416e+06
1249.88	  1.04063e+06
1250.97	  1.03965e+06
1252.08	  1.03868e+06
1253.17	  1.03771e+06
1254.28	  1.03674e+06
1255.38	  1.03577e+06
1256.47	  1.0348e+06
1257.58	  1.03383e+06
1258.67	  1.03286e+06
1259.78	  1.0319e+06
1260.88	  1.03093e+06
1261.97	  1.02997e+06
1263.08	  1.029e+06
1264.17	  1.02804e+06
1265.28	  1.02708e+06
1266.38	  1.02612e+06
1267.47	  1.02516e+06
1268.58	  1.0242e+06
1269.67	  1.02324e+06
1270.78	  1.02228e+06
1271.88	  1.02132e+06
1272.97	  1.02037e+06
1274.08	  1.01941e+06
1275.17	  1.01846e+06
1276.28	  1.0175e+06
1277.38	  1.01655e+06
1278.47	  1.0156e+06
1279.58	  1.01465e+06
1280.67	  1.0137e+06
1281.78	  1.01275e+06
1282.88	  1.0118e+06
1283.97	  1.01086e+06
1285.08	  1.00991e+06
1286.17	  1.00897e+06
1287.28	  1.00802e+06
1288.38	  1.00708e+06
1289.47	  1.00614e+06
1290.58	  1.00519e+06
1291.67	  1.00425e+06
1292.78	  1.00331e+06
1293.88	  1.00238e+06
1294.97	  1.00144e+06
1296.08	  1.0005e+06
1297.17	  999564
1298.28	  998629
1299.38	  997695
1300.47	  996761
1301.58	  995828
1302.67	  994897
1303.78	  993966
1304.88	  993036
1305.97	  992107
1307.08	  991179
1308.17	  990252
1309.28	  989325
1310.38	  988400
1311.47	  987475
1312.58	  986552
1313.67	  985629
1314.78	  984707
1315.88	  983786
1316.97	  982866
1318.08	  981947
1319.17	  981029
1320.28	  980112
1321.38	  979195
1322.47	  978280
1323.58	  977365
1324.67	  976451
1325.78	  975538
1326.88	  974627
1327.97	  973715
1329.08	  972805
1330.17	  971896
1331.28	  970988
1332.38	  970080
1333.47	  969174
1334.58	  968268
1335.67	  967363
1336.78	  966459
1337.88	  965556
1338.97	  964654
1340.08	  963753
1341.17	  962853
1342.28	  961954
1343.38	  961055
1344.47	  960157
1345.58	  959261
1346.67	  958365
1347.78	  957470
1348.88	  956576
1349.97	  955683
1351.08	  954791
1352.17	  953899
1353.28	  953009
1354.38	  952120
1355.47	  951231
1356.58	  950343
1357.67	  949456
1358.78	  948570
1359.88	  947685
1360.97	  946801
1362.08	  945918
1363.17	  945036
1364.28	  944154
1365.38	  943273
1366.47	  942394
1367.58	  941515
1368.67	  940637
1369.78	  939760
1370.88	  938884
1371.97	  938009
1373.08	  937134
1374.17	  936261
1375.28	  935388
1376.38	  934517
1377.47	  933646
1378.58	  932776
1379.67	  931907
1380.78	  931039
1381.88	  930172
1382.97	  929305
1384.08	  928440
1385.17	  927575
1386.28	  926712
1387.38	  925849
1388.47	  924987
1389.58	  924126
1390.67	  923266
1391.78	  922407
1392.88	  921548
1393.97	  920691
1395.08	  919834
1396.17	  918978
1397.28	  918124
1398.38	  917270
1399.47	  916417
1400.58	  915564
1401.67	  914713
1402.78	  913863
1403.88	  913013
1404.97	  912165
1406.08	  911317
1407.17	  910470
1408.28	  909624
1409.38	  908779
1410.47	  907935
1411.58	  907091
1412.67	  906249
1413.78	  905407
1414.88	  904566
1415.97	  903727
1417.08	  902888
1418.17	  902050
1419.28	  901212
1420.38	  900376
1421.47	  899541
1422.58	  898706
1423.67	  897872
1424.78	  897039
1425.88	  896207
1426.97	  895376
1428.08	  894546
1429.17	  893717
1430.28	  892888
1431.38	  892061
1432.47	  891234
1433.58	  890408
1434.67	  889583
1435.78	  888759
1436.88	  887936
1437.97	  887113
1439.08	  886292
1440.17	  885471
1441.28	  884651
1442.38	  883832
1443.47	  883014
1444.58	  882197
1445.67	  881381
1446.78	  880565
1447.88	  879751
1448.97	  878937
1450.08	  878124
1451.17	  877312
1452.28	  876501
1453.38	  875690
1454.47	  874881
1455.58	  874072
1456.67	  873265
1457.78	  872458
1458.88	  597016
1459.97	  596488
1461.08	  595960
1462.17	  595433
1463.28	  594906
1464.38	  594380
1465.47	  593855
1466.58	  593330
1467.67	  592806
1468.78	  592282
1469.88	  591759
1470.97	  591237
1472.08	  590715
1473.17	  590194
1474.28	  589673
1475.38	  589153
1476.47	  588633
1477.58	  588114
1478.67	  587596
1479.78	  587078
1480.88	  586560
1481.97	  586044
1483.08	  585528
1484.17	  585012
1485.28	  584497
1486.38	  583983
1487.47	  583469
1488.58	  582956
1489.67	  582443
1490.78	  581931
1491.88	  581419
1492.97	  580908
1494.08	  580398
1495.17	  579888
1496.28	  579379
1497.38	  578870
1498.47	  578362
1499.58	  577854
1500.67	  577347
1501.78	  576841
1502.88	  576335
1503.97	  575830
1505.08	  575325
1506.17	  574821
1507.28	  574317
1508.38	  573814
1509.47	  573312
1510.58	  572810
1511.67	  572308
1512.78	  571808
1513.88	  571307
1514.97	  570808
1516.08	  570309
1517.17	  569810
1518.28	  569312
1519.38	  568815
1520.47	  568318
1521.58	  567822
1522.67	  567326
1523.78	  566831
1524.88	  566336
1525.97	  565842
1527.08	  565348
1528.17	  564855
1529.28	  564363
1530.38	  563871
1531.47	  563380
1532.58	  562889
1533.67	  562399
1534.78	  561909
1535.88	  561420
1536.97	  560932
1538.08	  560444
1539.17	  559956
1540.28	  559470
1541.38	  558983
1542.47	  558497
1543.58	  558012
1544.67	  557528
1545.78	  557044
1546.88	  556560
1547.97	  556077
1549.08	  555594
1550.17	  555113
1551.28	  554631
1552.38	  554150
1553.47	  553670
1554.58	  553190
1555.67	  552711
1556.78	  552233
1557.88	  551755
1558.97	  551277
1560.08	  550800
1561.17	  550324
1562.28	  549848
1563.38	  549372
1564.47	  548898
1565.58	  548423
1566.67	  547950
1567.78	  547476
1568.88	  547004
1569.97	  546532
1571.08	  546060
1572.17	  545589
1573.28	  545119
1574.38	  544649
1575.47	  544180
1576.58	  543711
1577.67	  543242
1578.78	  542775
1579.88	  542307
1580.97	  541841
1582.08	  541375
1583.17	  540909
1584.28	  540444
1585.38	  539980
1586.47	  539516
1587.58	  539052
1588.67	  538589
1589.78	  538127
1590.88	  537665
1591.97	  537204
1593.08	  536743
1594.17	  536283
1595.28	  535823
1596.38	  535364
1597.47	  534906
1598.58	  534448
1599.67	  533990
1600.78	  533533
1601.88	  533077
1602.97	  532621
1604.08	  532166
1605.17	  531711
1606.28	  531257
1607.38	  530803
1608.47	  530350
1609.58	  529898
1610.67	  529445
1611.78	  528994
1612.88	  528543
1613.97	  528093
1615.08	  527643
1616.17	  527193
1617.28	  526745
1618.38	  526297
1619.47	  525849
1620.58	  525402
1621.67	  524955
1622.78	  524509
1623.88	  524064
1624.97	  523619
1626.08	  523175
1627.17	  522731
1628.28	  522288
1629.38	  521845
1630.47	  521403
1631.58	  520962
1632.67	  520521
1633.78	  520081
1634.88	  519641
1635.97	  519202
1637.08	  518764
1638.17	  518326
1639.28	  517889
1640.38	  517452
1641.47	  517017
1642.58	  516583
1643.67	  516149
1644.78	  515715
1645.88	  515282
1646.97	  514850
1648.08	  514418
1649.17	  513986
1650.28	  513555
1651.38	  513124
1652.47	  512693
1653.58	  512263
1654.67	  511834
1655.78	  511404
1656.88	  510976
1657.97	  510547
1659.08	  510119
1660.17	  509692
1661.28	  509265
1662.38	  508838
1663.47	  508412
1664.58	  507986
1665.67	  507561
1666.78	  507136
1667.88	  506711
1668.97	  506287
1670.08	  505863
1671.17	  505440
1672.28	  505017
1673.38	  504595
1674.47	  504173
1675.58	  503751
1676.67	  503330
1677.78	  502909
1678.88	  502489
1679.97	  502069
1681.08	  501649
1682.17	  501230
1683.28	  500811
1684.38	  500393
1685.47	  499975
1686.58	  499557
1687.67	  499140
1688.78	  498724
1689.88	  498307
1690.97	  497891
1692.08	  497476
1693.17	  497061
1694.28	  496646
1695.38	  496232
1696.47	  495818
1697.58	  495405
1698.67	  494992
1699.78	  494579
1700.88	  494167
1701.97	  493755
1703.08	  493344
1704.17	  492933
1705.28	  492523
1706.38	  492112
1707.47	  491703
1708.58	  491293
1709.67	  490885
1710.78	  490476
1711.88	  490068
1712.97	  489660
1714.08	  489253
1715.17	  488846
1716.28	  488439
1717.38	  488033
1718.47	  487628
1719.58	  487222
1720.67	  486818
1721.78	  486413
1722.88	  486009
1723.97	  485605
1725.08	  485202
1726.17	  484799
1727.28	  484397
1728.38	  483995
1729.47	  483593
1730.58	  483192
1731.67	  482791
1732.78	  482390
1733.88	  481990
1734.97	  481590
1736.08	  481191
1737.17	  480792
1738.28	  480394
1739.38	  479996
1740.47	  479598
1741.58	  479201
1742.67	  478804
1743.78	  478407
1744.88	  478011
1745.97	  477615
1747.08	  477220
1748.17	  476825
1749.28	  476430
1750.38	  476036
1751.47	  475642
1752.58	  475249
1753.67	  474856
1754.78	  474463
1755.88	  474071
1756.97	  473679
1758.08	  473288
1759.17	  472897
1760.28	  472506
1761.38	  472116
1762.47	  471726
1763.58	  471337
1764.67	  470947
1765.78	  470559
1766.88	  470170
1767.97	  469782
1769.08	  469395
1770.17	  469008
1771.28	  468621
1772.38	  468234
1773.47	  467848
1774.58	  467463
1775.67	  467078
1776.78	  466693
1777.88	  466308
1778.97	  465924
1780.08	  465540
1781.17	  465157
1782.28	  464774
1783.38	  464391
1784.47	  464009
1785.58	  463627
1786.67	  463246
1787.78	  462865
1788.88	  462484
1789.97	  462104
1791.08	  461724
1792.17	  461344
1793.28	  460965
1794.38	  460587
1795.47	  460208
1796.58	  459830
1797.67	  459452
1798.78	  459075
1799.88	  458698
1800.97	  458322
1802.08	  457946
1803.17	  457570
1804.28	  457194
1805.38	  456819
1806.47	  456445
1807.58	  456070
1808.67	  455696
1809.78	  455323
1810.88	  454950
1811.97	  454577
1813.08	  454205
1814.17	  453832
1815.28	  453461
1816.38	  453089
1817.47	  452719
1818.58	  452348
1819.67	  451978
1820.78	  451608
1821.88	  451238
1822.97	  450869
1824.08	  450501
1825.17	  450132
1826.28	  449764
1827.38	  449397
1828.47	  449029
1829.58	  448662
1830.67	  448296
1831.78	  447930
1832.88	  447564
1833.97	  447198
1835.08	  446833
1836.17	  446469
1837.28	  446104
1838.38	  445740
1839.47	  445377
1840.58	  445013
1841.67	  444651
1842.78	  444288
1843.88	  443926
1844.97	  443564
1846.08	  443203
1847.17	  442841
1848.28	  442481
1849.38	  442120
1850.47	  441760
1851.58	  441401
1852.67	  441041
1853.78	  440682
1854.88	  440324
1855.97	  439966
1857.08	  439608
1858.17	  439250
1859.28	  438893
1860.38	  438536
1861.47	  438180
1862.58	  437824
1863.67	  437468
1864.78	  437113
1865.88	  436758
1866.97	  436403
1868.08	  436049
1869.17	  435695
1870.28	  435341
1871.38	  434988
1872.47	  434635
1873.58	  434282
1874.67	  433930
1875.78	  433578
1876.88	  433227
1877.97	  432875
1879.08	  432525
1880.17	  432174
1881.28	  431824
1882.38	  431474
1883.47	  431125
1884.58	  430776
1885.67	  430427
1886.78	  430079
1887.88	  429731
1888.97	  429383
1890.08	  429036
1891.17	  428689
1892.28	  428342
1893.38	  427996
1894.47	  427650
1895.58	  427304
1896.67	  426959
1897.78	  426614
1898.88	  426269
1899.97	  425925
1901.08	  425581
1902.17	  425238
1903.28	  424894
1904.38	  424551
1905.47	  424209
1906.58	  423867
1907.67	  423525
1908.78	  423183
1909.88	  422842
1910.97	  422501
1912.08	  422161
1913.17	  421821
1914.28	  421481
1915.38	  421141
1916.47	  420802
1917.58	  420463
1918.67	  420125
1919.78	  419787
1920.88	  419449
1921.97	  419112
1923.08	  418774
1924.17	  418438
1925.28	  418101
1926.38	  417765
1927.47	  417429
1928.58	  417094
1929.67	  416759
1930.78	  416424
1931.88	  416089
1932.97	  415755
1934.08	  415421
1935.17	  415088
1936.28	  414755
1937.38	  414422
1938.47	  414090
1939.58	  413757
1940.67	  413426
1941.78	  413094
1942.88	  412763
1943.97	  412432
1945.08	  412102
1946.17	  411771
1947.28	  411442
1948.38	  411112
1949.47	  410783
1950.58	  410454
1951.67	  410125
1952.78	  409797
1953.88	  409469
1954.97	  409142
1956.08	  408814
1957.17	  408488
1958.28	  408161
1959.38	  407835
1960.47	  407509
1961.58	  407183
1962.67	  406858
1963.78	  406533
1964.88	  406208
1965.97	  405884
1967.08	  405560
1968.17	  405236
1969.28	  404913
1970.38	  404590
1971.47	  404267
1972.58	  403944
1973.67	  403622
1974.78	  403301
1975.88	  402979
1976.97	  402658
1978.08	  402337
1979.17	  402017
1980.28	  401696
1981.38	  401377
1982.47	  401057
1983.58	  400738
1984.67	  400419
1985.78	  400100
1986.88	  399782
1987.97	  399464
1989.08	  399146
1990.17	  398829
1991.28	  398512
1992.38	  398195
1993.47	  397879
1994.58	  397563
1995.67	  397247
1996.78	  396931
1997.88	  396616
1998.97	  396301
2000.08	  395987
2001.17	  395673
2002.28	  395359
2003.38	  395045
2004.47	  394732
2005.58	  394419
2006.67	  394106
2007.78	  393794
2008.88	  393481
2009.97	  393170
2011.08	  392858
2012.17	  392547
2013.28	  392236
2014.38	  391926
2015.47	  391615
2016.58	  391306
2017.67	  390996
2018.78	  390687
2019.88	  390378
2020.97	  390069
2022.08	  389760
2023.18	  389452
2024.28	  389145
2025.38	  388837
2026.47	  388530
2027.58	  388223
2028.68	  387916
2029.78	  387610
2030.88	  387304
2031.97	  386998
2033.08	  386693
2034.18	  386388
2035.28	  386083
2036.38	  385779
2037.47	  385474
2038.58	  385171
2039.68	  384867
2040.78	  384564
2041.88	  384261
2042.97	  383958
2044.08	  383656
2045.18	  383354
2046.28	  383052
2047.38	  382750
2048.47	  382449
2049.57	  382148
2050.68	  381847
2051.78	  381547
2052.88	  381247
2053.97	  380947
2055.07	  380648
2056.18	  380349
2057.28	  380050
2058.38	  379751
2059.47	  379453
2060.57	  379155
2061.68	  378857
2062.78	  378560
2063.88	  378263
2064.97	  377966
2066.07	  377670
2067.18	  377373
2068.28	  377077
2069.38	  376782
2070.47	  376486
2071.57	  376191
2072.68	  375897
2073.78	  375602
2074.88	  375308
2075.97	  375014
2077.07	  374720
2078.18	  374427
2079.28	  374134
2080.38	  373841
2081.47	  373549
2082.57	  373256
2083.68	  372965
2084.78	  372673
2085.88	  372382
2086.97	  372091
2088.07	  371800
2089.18	  371509
2090.28	  371219
2091.38	  370929
2092.47	  370640
2093.57	  370350
2094.68	  370061
2095.78	  369772
2096.88	  369484
2097.97	  369196
2099.07	  368908
2100.18	  368620
2101.28	  368333
2102.38	  368045
2103.47	  367759
2104.57	  367472
2105.68	  367186
2106.78	  366900
2107.88	  366614
2108.97	  366329
2110.07	  366044
2111.18	  365759
2112.28	  365474
2113.38	  365190
2114.47	  364906
2115.57	  364622
2116.68	  364338
2117.78	  364055
2118.88	  363772
2119.97	  363490
2121.07	  363207
2122.18	  362925
2123.28	  362643
2124.38	  362362
2125.47	  362080
2126.57	  361799
2127.68	  361519
2128.78	  361238
2129.88	  360958
2130.97	  360678
2132.07	  360398
2133.18	  360119
2134.28	  359840
2135.38	  359561
2136.47	  359282
2137.57	  359004
2138.68	  358726
2139.78	  358448
2140.88	  358171
2141.97	  357894
2143.07	  357617
2144.18	  357340
2145.28	  357064
2146.38	  356787
2147.47	  356512
2148.57	  356236
2149.68	  355961
2150.78	  355686
2151.88	  355411
2152.97	  355136
2154.07	  354862
2155.18	  354588
2156.28	  354314
2157.38	  354041
2158.47	  353767
2159.57	  353494
2160.68	  353222
2161.78	  352949
2162.88	  352677
2163.97	  352405
2165.07	  352134
2166.18	  351862
2167.28	  351591
2168.38	  351320
2169.47	  351050
2170.57	  350779
2171.68	  350509
2172.78	  350240
2173.88	  349970
2174.97	  349701
2176.07	  349432
2177.18	  349163
2178.28	  348894
2179.38	  348626
2180.47	  348358
2181.57	  348090
2182.68	  347823
2183.78	  347556
2184.88	  347289
2185.97	  347022
2187.07	  346756
2188.18	  346489
2189.28	  346224
2190.38	  345958
2191.47	  345692
2192.57	  345427
2193.68	  345162
2194.78	  344898
2195.88	  344633
2196.97	  344369
2198.07	  344105
2199.18	  343842
2200.28	  343578
2201.38	  343315
2202.47	  343052
2203.57	  342790
2204.68	  342527
2205.78	  342265
2206.88	  342003
2207.97	  341742
2209.07	  341480
2210.18	  341219
2211.28	  340958
2212.38	  340698
2213.47	  340437
2214.57	  340177
2215.68	  339917
2216.78	  339658
2217.88	  339398
2218.97	  339139
2220.07	  338880
2221.18	  338622
2222.28	  338363
2223.38	  338105
2224.47	  337847
2225.57	  337590
2226.68	  337332
2227.78	  337075
2228.88	  336818
2229.97	  336562
2231.07	  336305
2232.18	  336049
2233.28	  335793
2234.38	  335538
2235.47	  335282
2236.57	  335027
2237.68	  334772
2238.78	  334517
2239.88	  334263
2240.97	  334009
2242.07	  333755
2243.18	  333501
2244.28	  333248
2245.38	  332994
2246.47	  332741
2247.57	  332489
2248.68	  332236
2249.78	  331984
2250.88	  331732
2251.97	  331480
2253.07	  331228
2254.18	  330977
2255.28	  330726
2256.38	  330475
2257.47	  330225
2258.57	  329974
2259.68	  329724
2260.78	  329474
2261.88	  329225
2262.97	  328975
2264.07	  328726
2265.18	  328477
2266.28	  328229
2267.38	  327980
2268.47	  327732
2269.57	  327484
2270.68	  327236
2271.78	  326989
2272.88	  326741
2273.97	  326494
2275.07	  326248
2276.18	  326001
2277.28	  325755
2278.38	  325509
2279.47	  325263
2280.57	  270703
2281.68	  270505
2282.78	  270307
2283.88	  270110
2284.97	  269912
2286.07	  269715
2287.18	  269518
2288.28	  269321
2289.38	  269125
2290.47	  268928
2291.57	  268732
2292.68	  268536
2293.78	  268340
2294.88	  268145
2295.97	  267949
2297.07	  267754
2298.18	  267559
2299.28	  267364
2300.38	  267169
2301.47	  266974
2302.57	  266780
2303.68	  266586
2304.78	  266392
2305.88	  266198
2306.97	  266004
2308.07	  265811
2309.18	  265617
2310.28	  265424
2311.38	  265231
2312.47	  265039
2313.57	  264846
2314.68	  264654
2315.78	  264461
2316.88	  264269
2317.97	  264077
2319.07	  263886
2320.18	  263694
2321.28	  263503
2322.38	  263312
2323.47	  263121
2324.57	  262930
2325.68	  262739
2326.78	  262549
2327.88	  262359
2328.97	  262168
2330.07	  261978
2331.18	  261789
2332.28	  261599
2333.38	  261410
2334.47	  261221
2335.57	  261032
2336.68	  260843
2337.78	  260654
2338.88	  260465
2339.97	  260277
2341.07	  260089
2342.18	  259901
2343.28	  259713
2344.38	  259525
2345.47	  259338
2346.57	  259151
2347.68	  258964
2348.78	  258777
2349.88	  258590
2350.97	  258403
2352.07	  258217
2353.18	  258031
2354.28	  257844
2355.38	  257659
2356.47	  257473
2357.57	  257287
2358.68	  257102
2359.78	  256917
2360.88	  256732
2361.97	  256547
2363.07	  256362
2364.18	  256177
2365.28	  255993
2366.38	  255809
2367.47	  255625
2368.57	  255441
2369.68	  255257
2370.78	  255074
2371.88	  254890
2372.97	  254707
2374.07	  254524
2375.18	  254341
2376.28	  254159
2377.38	  253976
2378.47	  253794
2379.57	  253612
2380.68	  253430
2381.78	  253248
2382.88	  253066
2383.97	  252885
2385.07	  252703
2386.18	  252522
2387.28	  252341
2388.38	  252160
2389.47	  251980
2390.57	  251799
2391.68	  251619
2392.78	  251439
2393.88	  251259
2394.97	  251079
2396.07	  250899
2397.18	  250720
2398.28	  250540
2399.38	  250361
2400.47	  250182
2401.57	  250003
2402.68	  249824
2403.78	  249646
2404.88	  249468
2405.97	  249289
2407.07	  249111
2408.18	  248933
2409.28	  248756
2410.38	  248578
2411.47	  248401
2412.57	  248224
2413.68	  248047
2414.78	  247870
2415.88	  247693
2416.97	  247516
2418.07	  247340
2419.18	  247164
2420.28	  246988
2421.38	  246812
2422.47	  246636
2423.57	  246460
2424.68	  246285
2425.78	  246110
2426.88	  245934
2427.97	  245759
2429.07	  245585
2430.18	  245410
2431.28	  245235
2432.38	  245061
2433.47	  244887
2434.57	  244713
2435.68	  244539
2436.78	  244365
2437.88	  244192
2438.97	  244019
2440.07	  243845
2441.18	  243672
2442.28	  243499
2443.38	  243327
2444.47	  243154
2445.57	  242982
2446.68	  242809
2447.78	  242637
2448.88	  242465
2449.97	  242293
2451.07	  242122
2452.18	  241950
2453.28	  241779
2454.38	  241608
2455.47	  241437
2456.57	  241266
2457.68	  241095
2458.78	  240925
2459.88	  240754
2460.97	  240584
2462.07	  240414
2463.18	  240244
2464.28	  240074
2465.38	  239904
2466.47	  239735
2467.57	  239566
2468.68	  239396
2469.78	  239227
2470.88	  239059
2471.97	  238890
2473.07	  238721
2474.18	  238553
2475.28	  238385
2476.38	  238216
2477.47	  238049
