Emission arising from a slab of Hydrogen (both H and H-).
   
Parameters of the slab:
n_e = 3e+13 cm-3
T_e = 11000 K
tau(lambda=300 nm) = 5
L = 1.27108e+10 cm
   
Wavelength (nm), Emission (erg s-1 cm-2 nm-1 sr-1)
50	  1671.55
91.2	  1.68534e+06
120	  2.69989e+07
150	  1.28583e+08
175	  2.73268e+08
200	  4.29532e+08
225	  5.53061e+08
250	  6.23509e+08
270	  6.43662e+08
290	  6.39549e+08
300	  6.30943e+08
305	  6.25403e+08
310	  6.19173e+08
315	  6.12343e+08
320	  6.04994e+08
322.5	  6.01149e+08
325	  5.97202e+08
327	  5.93976e+08
329	  5.90694e+08
329.999	  5.89035e+08
330.266	  5.8859e+08
330.533	  5.88143e+08
330.8	  5.87696e+08
331.067	  5.87248e+08
331.334	  5.86799e+08
331.601	  5.86349e+08
331.868	  5.85898e+08
332.135	  5.85446e+08
332.402	  5.84994e+08
332.669	  5.8454e+08
332.936	  5.84086e+08
333.203	  5.83631e+08
333.47	  5.83176e+08
333.737	  5.82719e+08
334.004	  5.82262e+08
334.271	  5.81804e+08
334.538	  5.81345e+08
334.805	  5.80886e+08
335.072	  5.80425e+08
335.339	  5.79964e+08
335.606	  5.79503e+08
335.873	  5.7904e+08
336.14	  5.78577e+08
336.407	  5.78113e+08
336.674	  5.77648e+08
336.941	  5.77183e+08
337.208	  5.76717e+08
337.475	  5.7625e+08
337.742	  5.75783e+08
338.009	  5.75315e+08
338.276	  5.74846e+08
338.543	  5.74377e+08
338.81	  5.73907e+08
339.077	  5.73436e+08
339.344	  5.72965e+08
339.611	  5.72493e+08
339.878	  5.72021e+08
340.145	  5.71548e+08
340.412	  5.71074e+08
340.679	  5.706e+08
340.946	  5.70125e+08
341.213	  5.69649e+08
341.48	  5.69173e+08
341.747	  5.68697e+08
342.014	  5.6822e+08
342.281	  5.67742e+08
342.548	  5.67264e+08
342.815	  5.66785e+08
343.082	  5.66305e+08
343.349	  5.65826e+08
343.616	  5.65345e+08
343.883	  5.64864e+08
344.15	  5.64383e+08
344.417	  5.63901e+08
344.684	  5.63419e+08
344.951	  5.62936e+08
345.218	  5.62453e+08
345.485	  5.61969e+08
345.752	  5.61485e+08
346.019	  5.61e+08
346.286	  5.60515e+08
346.553	  5.60029e+08
346.82	  5.59543e+08
347.087	  5.59056e+08
347.354	  5.58569e+08
347.621	  5.58082e+08
347.888	  5.57594e+08
348.155	  5.57106e+08
348.422	  5.56617e+08
348.689	  5.56128e+08
348.956	  5.55639e+08
349.223	  5.55149e+08
349.49	  5.54659e+08
349.757	  5.54168e+08
350.024	  5.53677e+08
350.291	  5.53186e+08
350.558	  5.52694e+08
350.825	  5.52202e+08
351.092	  5.5171e+08
351.359	  5.51217e+08
351.626	  5.50724e+08
351.893	  5.5023e+08
352.16	  5.49737e+08
352.427	  5.49243e+08
352.694	  5.48748e+08
352.961	  5.48253e+08
353.228	  5.47758e+08
353.495	  5.47263e+08
353.762	  5.46767e+08
354.029	  5.46272e+08
354.296	  5.45775e+08
354.563	  5.45279e+08
354.83	  5.44782e+08
355.097	  5.44285e+08
355.364	  5.43788e+08
355.631	  5.4329e+08
355.898	  5.42792e+08
356.165	  5.42294e+08
356.432	  5.41796e+08
356.699	  5.41297e+08
356.966	  5.40798e+08
357.233	  5.40299e+08
357.5	  5.398e+08
357.767	  5.39301e+08
358.034	  5.38801e+08
358.301	  5.38301e+08
358.568	  5.37801e+08
358.835	  5.373e+08
359.102	  5.368e+08
359.369	  5.36299e+08
359.636	  5.35798e+08
359.903	  5.35297e+08
360.17	  5.34796e+08
360.437	  5.34294e+08
360.704	  5.33792e+08
360.971	  5.3329e+08
361.238	  5.32788e+08
361.505	  5.32286e+08
361.772	  5.31784e+08
362.039	  5.31281e+08
362.306	  5.30779e+08
362.573	  5.30276e+08
363	  5.29471e+08
363.027	  5.29421e+08
363.054	  5.29371e+08
363.08	  5.2932e+08
363.107	  5.2927e+08
363.134	  5.2922e+08
363.16	  5.29169e+08
363.187	  5.29119e+08
363.214	  5.29069e+08
363.24	  5.29018e+08
363.267	  5.28968e+08
363.294	  5.28918e+08
363.321	  5.28867e+08
363.347	  5.28817e+08
363.374	  5.28767e+08
363.401	  5.28716e+08
363.427	  5.28666e+08
363.454	  5.28616e+08
363.481	  5.28565e+08
363.508	  5.28515e+08
363.534	  5.28465e+08
363.561	  5.28414e+08
363.588	  5.28364e+08
363.614	  5.28314e+08
363.641	  5.28263e+08
363.668	  5.28213e+08
363.694	  5.28163e+08
363.721	  5.28112e+08
363.748	  5.28062e+08
363.774	  5.28012e+08
363.801	  5.27961e+08
363.828	  5.27911e+08
363.855	  5.27861e+08
363.881	  5.2781e+08
363.908	  5.2776e+08
363.935	  5.2771e+08
363.961	  5.27659e+08
363.988	  5.27609e+08
364.015	  5.27559e+08
364.041	  5.27508e+08
364.068	  5.27458e+08
364.095	  5.27408e+08
364.122	  5.27357e+08
364.148	  5.27307e+08
364.175	  5.27256e+08
364.202	  5.27206e+08
364.228	  5.27156e+08
364.255	  5.27105e+08
364.282	  5.27055e+08
364.308	  5.27005e+08
364.335	  5.26954e+08
364.362	  5.26904e+08
364.389	  5.26853e+08
364.415	  5.26803e+08
364.442	  5.26753e+08
364.469	  5.26702e+08
364.495	  5.26652e+08
364.522	  5.26602e+08
364.549	  5.26551e+08
364.575	  5.26501e+08
364.602	  5.2645e+08
364.629	  5.264e+08
364.656	  5.2635e+08
364.682	  5.26299e+08
364.709	  5.26249e+08
364.736	  2.38555e+08
364.762	  2.38568e+08
364.789	  2.38581e+08
364.816	  2.38594e+08
364.842	  2.38607e+08
364.869	  2.3862e+08
364.896	  2.38633e+08
364.923	  2.38646e+08
364.949	  2.38659e+08
364.976	  2.38672e+08
365.003	  2.38685e+08
365.029	  2.38698e+08
365.056	  2.38711e+08
365.083	  2.38724e+08
365.11	  2.38737e+08
365.136	  2.3875e+08
365.163	  2.38763e+08
365.19	  2.38776e+08
365.216	  2.38789e+08
365.243	  2.38802e+08
365.27	  2.38815e+08
365.296	  2.38827e+08
365.323	  2.3884e+08
365.35	  2.38853e+08
365.377	  2.38866e+08
365.403	  2.38879e+08
365.43	  2.38892e+08
365.457	  2.38905e+08
365.483	  2.38918e+08
365.51	  2.38931e+08
365.537	  2.38943e+08
365.563	  2.38956e+08
365.59	  2.38969e+08
365.617	  2.38982e+08
365.643	  2.38995e+08
365.67	  2.39008e+08
365.697	  2.3902e+08
365.724	  2.39033e+08
365.75	  2.39046e+08
365.777	  2.39059e+08
365.804	  2.39072e+08
365.83	  2.39084e+08
365.857	  2.39097e+08
365.884	  2.3911e+08
365.91	  2.39123e+08
365.937	  2.39135e+08
365.964	  2.39148e+08
365.991	  2.39161e+08
365.991	  2.39161e+08
366.258	  2.39288e+08
366.525	  2.39414e+08
366.792	  2.3954e+08
367.059	  2.39664e+08
367.326	  2.39789e+08
367.593	  2.39912e+08
367.86	  2.40035e+08
368.127	  2.40156e+08
368.394	  2.40278e+08
368.661	  2.40398e+08
368.928	  2.40518e+08
369.195	  2.40637e+08
369.462	  2.40755e+08
369.729	  2.40873e+08
369.996	  2.4099e+08
370.263	  2.41106e+08
370.53	  2.41222e+08
370.797	  2.41336e+08
371.064	  2.4145e+08
371.331	  2.41564e+08
371.598	  2.41676e+08
371.865	  2.41788e+08
372.132	  2.419e+08
372.399	  2.4201e+08
372.666	  2.4212e+08
372.933	  2.42229e+08
373.2	  2.42337e+08
373.467	  2.42445e+08
373.734	  2.42552e+08
374.001	  2.42658e+08
374.268	  2.42764e+08
374.535	  2.42869e+08
374.802	  2.42973e+08
375.069	  2.43076e+08
375.336	  2.43179e+08
375.603	  2.43281e+08
375.87	  2.43382e+08
376.137	  2.43483e+08
376.404	  2.43583e+08
376.671	  2.43682e+08
376.938	  2.43781e+08
377.205	  2.43879e+08
377.472	  2.43976e+08
377.739	  2.44072e+08
378.006	  2.44168e+08
378.273	  2.44263e+08
378.54	  2.44357e+08
378.807	  2.44451e+08
379.074	  2.44544e+08
379.341	  2.44636e+08
379.608	  2.44728e+08
379.875	  2.44819e+08
380.142	  2.44909e+08
380.409	  2.44999e+08
380.676	  2.45087e+08
380.943	  2.45176e+08
381.21	  2.45263e+08
381.477	  2.4535e+08
381.744	  2.45436e+08
382.011	  2.45521e+08
382.278	  2.45606e+08
382.545	  2.4569e+08
382.812	  2.45773e+08
383.079	  2.45856e+08
383.346	  2.45938e+08
383.613	  2.46019e+08
383.88	  2.461e+08
384.147	  2.4618e+08
384.414	  2.46259e+08
384.681	  2.46337e+08
384.948	  2.46415e+08
385.215	  2.46493e+08
385.482	  2.46569e+08
385.749	  2.46645e+08
386.016	  2.4672e+08
386.283	  2.46795e+08
386.55	  2.46868e+08
386.817	  2.46942e+08
387.084	  2.47014e+08
387.351	  2.47086e+08
387.618	  2.47157e+08
387.885	  2.47228e+08
388.152	  2.47297e+08
388.419	  2.47367e+08
388.686	  2.47435e+08
388.953	  2.47503e+08
389.22	  2.4757e+08
389.487	  2.47636e+08
389.754	  2.47702e+08
390.021	  2.47767e+08
390.288	  2.47832e+08
390.555	  2.47896e+08
390.822	  2.47959e+08
391.089	  2.48021e+08
391.356	  2.48083e+08
391.623	  2.48144e+08
391.89	  2.48205e+08
392.157	  2.48265e+08
392.424	  2.48324e+08
392.691	  2.48383e+08
392.958	  2.48441e+08
393.225	  2.48498e+08
393.492	  2.48554e+08
393.759	  2.4861e+08
394.026	  2.48666e+08
394.293	  2.4872e+08
394.56	  2.48774e+08
394.827	  2.48828e+08
395.094	  2.4888e+08
395.361	  2.48933e+08
395.628	  2.48984e+08
395.895	  2.49035e+08
396.162	  2.49085e+08
396.429	  2.49134e+08
396.696	  2.49183e+08
396.963	  2.49231e+08
397.23	  2.49279e+08
397.497	  2.49326e+08
397.764	  2.49372e+08
398.031	  2.49418e+08
398.298	  2.49463e+08
398.565	  2.49507e+08
398.832	  2.49551e+08
399.099	  2.49594e+08
399.366	  2.49637e+08
399.633	  2.49679e+08
399.9	  2.4972e+08
400.167	  2.4976e+08
400.434	  2.498e+08
400.701	  2.4984e+08
400.968	  2.49878e+08
401.235	  2.49917e+08
401.502	  2.49954e+08
401.769	  2.49991e+08
402.036	  2.50027e+08
402.303	  2.50063e+08
402.57	  2.50098e+08
402.837	  2.50132e+08
403.104	  2.50166e+08
403.371	  2.50199e+08
403.638	  2.50231e+08
403.905	  2.50263e+08
404.172	  2.50295e+08
404.439	  2.50325e+08
404.706	  2.50355e+08
404.973	  2.50385e+08
405.24	  2.50414e+08
405.507	  2.50442e+08
405.774	  2.50469e+08
406.041	  2.50496e+08
406.308	  2.50523e+08
406.575	  2.50549e+08
406.842	  2.50574e+08
407.109	  2.50598e+08
407.376	  2.50622e+08
407.643	  2.50646e+08
407.91	  2.50668e+08
408.177	  2.50691e+08
408.444	  2.50712e+08
408.711	  2.50733e+08
408.978	  2.50754e+08
409.245	  2.50773e+08
409.512	  2.50792e+08
409.779	  2.50811e+08
410.046	  2.50829e+08
410.313	  2.50846e+08
410.58	  2.50863e+08
410.847	  2.50879e+08
411.114	  2.50895e+08
411.381	  2.5091e+08
411.648	  2.50925e+08
411.915	  2.50939e+08
412.182	  2.50952e+08
412.449	  2.50965e+08
412.716	  2.50977e+08
412.983	  2.50988e+08
413.25	  2.50999e+08
413.517	  2.5101e+08
413.784	  2.51019e+08
414.051	  2.51029e+08
414.318	  2.51037e+08
414.585	  2.51045e+08
414.852	  2.51053e+08
415.119	  2.5106e+08
415.386	  2.51066e+08
415.653	  2.51072e+08
415.92	  2.51077e+08
416.187	  2.51082e+08
416.454	  2.51086e+08
416.721	  2.51089e+08
416.988	  2.51092e+08
417.255	  2.51095e+08
417.522	  2.51096e+08
417.789	  2.51098e+08
418.056	  2.51098e+08
418.323	  2.51098e+08
418.59	  2.51098e+08
418.857	  2.51097e+08
419.124	  2.51095e+08
419.391	  2.51093e+08
419.658	  2.51091e+08
419.925	  2.51087e+08
420.192	  2.51084e+08
420.459	  2.51079e+08
420.726	  2.51075e+08
420.993	  2.51069e+08
421.26	  2.51063e+08
421.527	  2.51057e+08
421.794	  2.5105e+08
422.061	  2.51042e+08
422.328	  2.51034e+08
422.595	  2.51025e+08
422.862	  2.51016e+08
423.129	  2.51006e+08
423.396	  2.50996e+08
423.663	  2.50985e+08
423.93	  2.50974e+08
424.197	  2.50962e+08
424.464	  2.50949e+08
424.731	  2.50936e+08
424.998	  2.50923e+08
425.265	  2.50908e+08
425.532	  2.50894e+08
425.799	  2.50879e+08
426.066	  2.50863e+08
426.333	  2.50847e+08
426.6	  2.5083e+08
426.867	  2.50813e+08
427.134	  2.50795e+08
427.401	  2.50777e+08
427.668	  2.50758e+08
427.935	  2.50739e+08
428.202	  2.50719e+08
428.469	  2.50699e+08
428.736	  2.50678e+08
429.003	  2.50656e+08
429.27	  2.50634e+08
429.537	  2.50612e+08
429.804	  2.50589e+08
430.071	  2.50565e+08
430.338	  2.50541e+08
430.605	  2.50517e+08
430.872	  2.50492e+08
431.139	  2.50466e+08
431.406	  2.5044e+08
431.673	  2.50414e+08
431.94	  2.50387e+08
432.207	  2.50359e+08
432.474	  2.50331e+08
432.741	  2.50303e+08
433.008	  2.50274e+08
433.275	  2.50244e+08
433.542	  2.50214e+08
433.809	  2.50184e+08
434.076	  2.50153e+08
434.343	  2.50121e+08
434.61	  2.50089e+08
434.877	  2.50057e+08
435.144	  2.50024e+08
435.411	  2.4999e+08
435.678	  2.49956e+08
435.945	  2.49922e+08
436.212	  2.49887e+08
436.479	  2.49851e+08
436.746	  2.49816e+08
437.013	  2.49779e+08
437.28	  2.49742e+08
437.547	  2.49705e+08
437.814	  2.49667e+08
438.081	  2.49629e+08
438.348	  2.4959e+08
438.615	  2.49551e+08
438.882	  2.49511e+08
439.149	  2.49471e+08
439.416	  2.4943e+08
439.683	  2.49389e+08
439.95	  2.49347e+08
440.217	  2.49305e+08
440.484	  2.49263e+08
440.751	  2.4922e+08
441.018	  2.49176e+08
441.285	  2.49132e+08
441.552	  2.49088e+08
441.819	  2.49043e+08
442.086	  2.48997e+08
442.353	  2.48952e+08
442.62	  2.48905e+08
442.887	  2.48858e+08
443.154	  2.48811e+08
443.421	  2.48764e+08
443.688	  2.48716e+08
443.955	  2.48667e+08
444.222	  2.48618e+08
444.489	  2.48569e+08
444.756	  2.48519e+08
445.023	  2.48468e+08
445.29	  2.48417e+08
445.557	  2.48366e+08
445.824	  2.48314e+08
446.091	  2.48262e+08
446.358	  2.4821e+08
446.625	  2.48157e+08
446.892	  2.48103e+08
447.159	  2.48049e+08
447.426	  2.47995e+08
447.693	  2.4794e+08
447.96	  2.47885e+08
448.227	  2.47829e+08
448.494	  2.47773e+08
448.761	  2.47717e+08
449.028	  2.4766e+08
449.295	  2.47602e+08
449.562	  2.47544e+08
449.829	  2.47486e+08
450.096	  2.47427e+08
450.363	  2.47368e+08
450.63	  2.47309e+08
450.897	  2.47249e+08
451.164	  2.47188e+08
451.431	  2.47128e+08
451.698	  2.47066e+08
451.965	  2.47005e+08
452.232	  2.46943e+08
452.499	  2.4688e+08
452.766	  2.46817e+08
453.033	  2.46754e+08
453.3	  2.4669e+08
453.567	  2.46626e+08
453.834	  2.46562e+08
454.101	  2.46497e+08
454.368	  2.46431e+08
454.635	  2.46366e+08
454.902	  2.46299e+08
455.169	  2.46233e+08
455.436	  2.46166e+08
455.703	  2.46098e+08
455.97	  2.46031e+08
456.237	  2.45962e+08
456.504	  2.45894e+08
456.771	  2.45825e+08
457.038	  2.45755e+08
457.305	  2.45685e+08
457.572	  2.45615e+08
457.839	  2.45545e+08
458.106	  2.45474e+08
458.373	  2.45402e+08
458.64	  2.45331e+08
458.907	  2.45258e+08
459.174	  2.45186e+08
459.441	  2.45113e+08
459.708	  2.4504e+08
459.975	  2.44966e+08
460.242	  2.44892e+08
460.509	  2.44817e+08
460.776	  2.44742e+08
461.043	  2.44667e+08
461.31	  2.44592e+08
461.577	  2.44516e+08
461.844	  2.44439e+08
462.111	  2.44362e+08
462.378	  2.44285e+08
462.645	  2.44208e+08
462.912	  2.4413e+08
463.179	  2.44052e+08
463.446	  2.43973e+08
463.713	  2.43894e+08
463.98	  2.43815e+08
464.247	  2.43735e+08
464.514	  2.43655e+08
464.781	  2.43574e+08
465.048	  2.43494e+08
465.315	  2.43412e+08
465.582	  2.43331e+08
465.849	  2.43249e+08
466.116	  2.43167e+08
466.383	  2.43084e+08
466.65	  2.43001e+08
466.917	  2.42918e+08
467.184	  2.42834e+08
467.451	  2.4275e+08
467.718	  2.42666e+08
467.985	  2.42581e+08
468.252	  2.42496e+08
468.519	  2.4241e+08
468.786	  2.42324e+08
469.053	  2.42238e+08
469.32	  2.42152e+08
469.587	  2.42065e+08
469.854	  2.41978e+08
470.121	  2.4189e+08
470.388	  2.41802e+08
470.655	  2.41714e+08
470.922	  2.41626e+08
471.189	  2.41537e+08
471.456	  2.41447e+08
471.723	  2.41358e+08
471.99	  2.41268e+08
472.257	  2.41178e+08
472.524	  2.41087e+08
472.791	  2.40996e+08
473.058	  2.40905e+08
473.325	  2.40813e+08
473.592	  2.40721e+08
473.859	  2.40629e+08
474.126	  2.40537e+08
474.393	  2.40444e+08
474.66	  2.40351e+08
474.927	  2.40257e+08
475.194	  2.40163e+08
475.461	  2.40069e+08
475.728	  2.39974e+08
475.995	  2.3988e+08
476.262	  2.39785e+08
476.529	  2.39689e+08
476.796	  2.39593e+08
477.063	  2.39497e+08
477.33	  2.39401e+08
477.597	  2.39304e+08
477.864	  2.39207e+08
478.131	  2.3911e+08
478.398	  2.39012e+08
478.665	  2.38914e+08
478.932	  2.38816e+08
479.199	  2.38717e+08
479.466	  2.38618e+08
479.733	  2.38519e+08
480	  2.3842e+08
480.267	  2.3832e+08
480.534	  2.3822e+08
480.801	  2.38119e+08
481.068	  2.38019e+08
481.335	  2.37918e+08
481.602	  2.37817e+08
481.869	  2.37715e+08
482.136	  2.37613e+08
482.403	  2.37511e+08
482.67	  2.37408e+08
482.937	  2.37306e+08
483.204	  2.37203e+08
483.471	  2.37099e+08
483.738	  2.36996e+08
484.005	  2.36892e+08
484.272	  2.36788e+08
484.539	  2.36683e+08
484.806	  2.36578e+08
485.073	  2.36473e+08
485.34	  2.36368e+08
485.607	  2.36262e+08
485.874	  2.36157e+08
486.141	  2.3605e+08
486.408	  2.35944e+08
486.675	  2.35837e+08
486.942	  2.3573e+08
487.209	  2.35623e+08
487.476	  2.35515e+08
487.743	  2.35408e+08
488.01	  2.35299e+08
488.277	  2.35191e+08
488.544	  2.35082e+08
488.811	  2.34974e+08
489.078	  2.34864e+08
489.345	  2.34755e+08
489.612	  2.34645e+08
489.879	  2.34535e+08
490.146	  2.34425e+08
490.413	  2.34315e+08
490.68	  2.34204e+08
490.947	  2.34093e+08
491.214	  2.33982e+08
491.481	  2.3387e+08
491.748	  2.33758e+08
492.015	  2.33646e+08
492.282	  2.33534e+08
492.549	  2.33421e+08
492.816	  2.33309e+08
493.083	  2.33195e+08
493.35	  2.33082e+08
493.617	  2.32969e+08
493.884	  2.32855e+08
494.151	  2.32741e+08
494.418	  2.32626e+08
494.685	  2.32512e+08
494.952	  2.32397e+08
495.219	  2.32282e+08
495.486	  2.32167e+08
495.753	  2.32051e+08
496.02	  2.31935e+08
496.287	  2.31819e+08
496.554	  2.31703e+08
496.821	  2.31587e+08
497.088	  2.3147e+08
497.355	  2.31353e+08
497.622	  2.31236e+08
497.889	  2.31118e+08
498.156	  2.31001e+08
498.423	  2.30883e+08
498.69	  2.30765e+08
498.957	  2.30646e+08
499.224	  2.30528e+08
499.491	  2.30409e+08
499.758	  2.3029e+08
500.025	  2.3017e+08
500.292	  2.30051e+08
500.559	  2.29931e+08
500.826	  2.29811e+08
501.093	  2.29691e+08
501.36	  2.29571e+08
501.627	  2.2945e+08
501.894	  2.29329e+08
502.161	  2.29208e+08
502.428	  2.29087e+08
502.695	  2.28965e+08
502.962	  2.28844e+08
503.229	  2.28722e+08
503.496	  2.286e+08
503.763	  2.28477e+08
504.03	  2.28355e+08
504.297	  2.28232e+08
504.564	  2.28109e+08
504.831	  2.27986e+08
505.098	  2.27862e+08
505.365	  2.27739e+08
505.632	  2.27615e+08
505.899	  2.27491e+08
506.166	  2.27367e+08
506.433	  2.27242e+08
506.7	  2.27118e+08
506.967	  2.26993e+08
507.234	  2.26868e+08
507.501	  2.26743e+08
507.768	  2.26617e+08
508.035	  2.26492e+08
508.302	  2.26366e+08
508.569	  2.2624e+08
508.836	  2.26114e+08
509.103	  2.25987e+08
509.37	  2.25861e+08
509.637	  2.25734e+08
509.904	  2.25607e+08
510.171	  2.2548e+08
510.438	  2.25352e+08
510.705	  2.25225e+08
510.972	  2.25097e+08
511.239	  2.24969e+08
511.506	  2.24841e+08
511.773	  2.24713e+08
512.04	  2.24584e+08
512.307	  2.24455e+08
512.574	  2.24327e+08
512.841	  2.24197e+08
513.108	  2.24068e+08
513.375	  2.23939e+08
513.642	  2.23809e+08
513.909	  2.2368e+08
514.176	  2.2355e+08
514.443	  2.2342e+08
514.71	  2.23289e+08
514.977	  2.23159e+08
515.244	  2.23028e+08
515.511	  2.22897e+08
515.778	  2.22766e+08
516.045	  2.22635e+08
516.312	  2.22504e+08
516.579	  2.22372e+08
516.846	  2.22241e+08
517.113	  2.22109e+08
517.38	  2.21977e+08
517.647	  2.21845e+08
517.914	  2.21713e+08
518.181	  2.2158e+08
518.448	  2.21447e+08
518.715	  2.21315e+08
518.982	  2.21182e+08
519.249	  2.21049e+08
519.516	  2.20915e+08
519.783	  2.20782e+08
520.05	  2.20648e+08
520.317	  2.20514e+08
520.584	  2.20381e+08
520.851	  2.20246e+08
521.118	  2.20112e+08
521.385	  2.19978e+08
521.652	  2.19843e+08
521.919	  2.19709e+08
522.186	  2.19574e+08
522.453	  2.19439e+08
522.72	  2.19304e+08
522.987	  2.19168e+08
523.254	  2.19033e+08
523.521	  2.18897e+08
523.788	  2.18762e+08
524.055	  2.18626e+08
524.322	  2.1849e+08
524.589	  2.18354e+08
524.856	  2.18217e+08
525.123	  2.18081e+08
525.39	  2.17944e+08
525.657	  2.17808e+08
525.924	  2.17671e+08
526.191	  2.17534e+08
526.458	  2.17397e+08
526.725	  2.1726e+08
526.992	  2.17122e+08
527.259	  2.16985e+08
527.526	  2.16847e+08
527.793	  2.16709e+08
528.06	  2.16571e+08
528.327	  2.16433e+08
528.594	  2.16295e+08
528.861	  2.16157e+08
529.128	  2.16018e+08
529.395	  2.1588e+08
529.662	  2.15741e+08
529.929	  2.15602e+08
530.196	  2.15463e+08
530.463	  2.15324e+08
530.73	  2.15185e+08
530.997	  2.15045e+08
531.264	  2.14906e+08
531.531	  2.14766e+08
531.798	  2.14627e+08
532.065	  2.14487e+08
532.332	  2.14347e+08
532.599	  2.14207e+08
532.866	  2.14067e+08
533.133	  2.13926e+08
533.4	  2.13786e+08
533.667	  2.13645e+08
533.934	  2.13505e+08
534.201	  2.13364e+08
534.468	  2.13223e+08
534.735	  2.13082e+08
535.002	  2.12941e+08
535.269	  2.128e+08
535.536	  2.12659e+08
535.803	  2.12517e+08
536.07	  2.12376e+08
536.337	  2.12234e+08
536.604	  2.12092e+08
536.871	  2.1195e+08
537.138	  2.11808e+08
537.405	  2.11666e+08
537.672	  2.11524e+08
537.939	  2.11382e+08
538.206	  2.1124e+08
538.473	  2.11097e+08
538.74	  2.10955e+08
539.007	  2.10812e+08
539.274	  2.10669e+08
539.541	  2.10526e+08
539.808	  2.10383e+08
540.075	  2.1024e+08
540.342	  2.10097e+08
540.609	  2.09954e+08
540.876	  2.0981e+08
541.143	  2.09667e+08
541.41	  2.09523e+08
541.677	  2.0938e+08
541.944	  2.09236e+08
542.211	  2.09092e+08
542.478	  2.08948e+08
542.745	  2.08804e+08
543.012	  2.0866e+08
543.279	  2.08516e+08
543.546	  2.08372e+08
543.813	  2.08227e+08
544.08	  2.08083e+08
544.347	  2.07938e+08
544.614	  2.07794e+08
544.881	  2.07649e+08
545.148	  2.07504e+08
545.415	  2.0736e+08
545.682	  2.07215e+08
545.949	  2.0707e+08
546.216	  2.06924e+08
546.483	  2.06779e+08
546.75	  2.06634e+08
547.017	  2.06489e+08
547.284	  2.06343e+08
547.551	  2.06198e+08
547.818	  2.06052e+08
548.085	  2.05906e+08
548.352	  2.05761e+08
548.619	  2.05615e+08
548.886	  2.05469e+08
549.153	  2.05323e+08
549.42	  2.05177e+08
549.687	  2.05031e+08
549.954	  2.04885e+08
550.221	  2.04739e+08
550.488	  2.04592e+08
550.755	  2.04446e+08
551.022	  2.043e+08
551.289	  2.04153e+08
551.556	  2.04006e+08
551.823	  2.0386e+08
552.09	  2.03713e+08
552.357	  2.03566e+08
552.624	  2.03419e+08
552.891	  2.03273e+08
553.158	  2.03126e+08
553.425	  2.02979e+08
553.692	  2.02832e+08
553.959	  2.02684e+08
554.226	  2.02537e+08
554.493	  2.0239e+08
554.76	  2.02243e+08
555.027	  2.02095e+08
555.294	  2.01948e+08
555.561	  2.018e+08
555.828	  2.01653e+08
556.095	  2.01505e+08
556.362	  2.01357e+08
556.629	  2.0121e+08
556.896	  2.01062e+08
557.163	  2.00914e+08
557.43	  2.00766e+08
557.697	  2.00618e+08
557.964	  2.0047e+08
558.231	  2.00322e+08
558.498	  2.00174e+08
558.765	  2.00026e+08
559.032	  1.99878e+08
559.299	  1.9973e+08
559.566	  1.99582e+08
560.009	  1.99335e+08
560.296	  1.99176e+08
560.583	  1.99016e+08
560.87	  1.98857e+08
561.157	  1.98697e+08
561.444	  1.98537e+08
561.731	  1.98377e+08
562.018	  1.98218e+08
562.305	  1.98058e+08
562.592	  1.97898e+08
562.879	  1.97738e+08
563.166	  1.97578e+08
563.453	  1.97418e+08
563.74	  1.97258e+08
564.027	  1.97098e+08
564.314	  1.96938e+08
564.601	  1.96777e+08
564.888	  1.96617e+08
565.175	  1.96457e+08
565.462	  1.96296e+08
565.749	  1.96136e+08
566.036	  1.95976e+08
566.323	  1.95815e+08
566.61	  1.95655e+08
566.897	  1.95494e+08
567.184	  1.95334e+08
567.471	  1.95173e+08
567.758	  1.95012e+08
568.045	  1.94852e+08
568.332	  1.94691e+08
568.619	  1.9453e+08
568.906	  1.9437e+08
569.193	  1.94209e+08
569.48	  1.94048e+08
569.767	  1.93887e+08
570.054	  1.93726e+08
570.341	  1.93565e+08
570.628	  1.93405e+08
570.915	  1.93244e+08
571.202	  1.93083e+08
571.489	  1.92922e+08
571.776	  1.92761e+08
572.063	  1.926e+08
572.35	  1.92439e+08
572.637	  1.92277e+08
572.924	  1.92116e+08
573.211	  1.91955e+08
573.498	  1.91794e+08
573.785	  1.91633e+08
574.072	  1.91472e+08
574.359	  1.91311e+08
574.646	  1.91149e+08
574.933	  1.90988e+08
575.22	  1.90827e+08
575.507	  1.90666e+08
575.794	  1.90504e+08
576.081	  1.90343e+08
576.368	  1.90182e+08
576.655	  1.9002e+08
576.942	  1.89859e+08
577.229	  1.89698e+08
577.516	  1.89536e+08
577.803	  1.89375e+08
578.09	  1.89214e+08
578.377	  1.89052e+08
578.664	  1.88891e+08
578.951	  1.88729e+08
579.238	  1.88568e+08
579.525	  1.88407e+08
579.812	  1.88245e+08
580.099	  1.88084e+08
580.386	  1.87922e+08
580.673	  1.87761e+08
580.96	  1.876e+08
581.247	  1.87438e+08
581.534	  1.87277e+08
581.821	  1.87115e+08
582.108	  1.86954e+08
582.395	  1.86792e+08
582.682	  1.86631e+08
582.969	  1.8647e+08
583.256	  1.86308e+08
583.543	  1.86147e+08
583.83	  1.85985e+08
584.117	  1.85824e+08
584.404	  1.85662e+08
584.691	  1.85501e+08
584.978	  1.8534e+08
585.265	  1.85178e+08
585.552	  1.85017e+08
585.839	  1.84856e+08
586.126	  1.84694e+08
586.413	  1.84533e+08
586.7	  1.84371e+08
586.987	  1.8421e+08
587.274	  1.84049e+08
587.561	  1.83887e+08
587.848	  1.83726e+08
588.135	  1.83565e+08
588.422	  1.83404e+08
588.709	  1.83242e+08
588.996	  1.83081e+08
589.283	  1.8292e+08
589.57	  1.82759e+08
589.857	  1.82597e+08
590.144	  1.82436e+08
590.431	  1.82275e+08
590.718	  1.82114e+08
591.005	  1.81953e+08
591.292	  1.81792e+08
591.579	  1.8163e+08
591.866	  1.81469e+08
592.153	  1.81308e+08
592.44	  1.81147e+08
592.727	  1.80986e+08
593.014	  1.80825e+08
593.301	  1.80664e+08
593.588	  1.80503e+08
593.875	  1.80342e+08
594.162	  1.80181e+08
594.449	  1.8002e+08
594.736	  1.7986e+08
595.023	  1.79699e+08
595.31	  1.79538e+08
595.597	  1.79377e+08
595.884	  1.79216e+08
596.171	  1.79056e+08
596.458	  1.78895e+08
596.745	  1.78734e+08
597.032	  1.78574e+08
597.319	  1.78413e+08
597.606	  1.78252e+08
597.893	  1.78092e+08
598.18	  1.77931e+08
598.467	  1.77771e+08
598.754	  1.7761e+08
599.041	  1.7745e+08
599.328	  1.77289e+08
599.615	  1.77129e+08
599.902	  1.76969e+08
600.189	  1.76808e+08
600.476	  1.76648e+08
600.763	  1.76488e+08
601.05	  1.76328e+08
601.337	  1.76168e+08
601.624	  1.76007e+08
601.911	  1.75847e+08
602.198	  1.75687e+08
602.485	  1.75527e+08
602.772	  1.75367e+08
603.059	  1.75207e+08
603.346	  1.75048e+08
603.633	  1.74888e+08
603.92	  1.74728e+08
604.207	  1.74568e+08
604.494	  1.74408e+08
604.781	  1.74249e+08
605.068	  1.74089e+08
605.355	  1.73929e+08
605.642	  1.7377e+08
605.929	  1.7361e+08
606.216	  1.73451e+08
606.503	  1.73291e+08
606.79	  1.73132e+08
607.077	  1.72973e+08
607.364	  1.72813e+08
607.651	  1.72654e+08
607.938	  1.72495e+08
608.225	  1.72336e+08
608.512	  1.72177e+08
608.799	  1.72018e+08
609.086	  1.71859e+08
609.373	  1.717e+08
609.66	  1.71541e+08
609.947	  1.71382e+08
610.234	  1.71223e+08
610.521	  1.71064e+08
610.808	  1.70906e+08
611.095	  1.70747e+08
611.382	  1.70588e+08
611.669	  1.7043e+08
611.956	  1.70271e+08
612.243	  1.70113e+08
612.53	  1.69955e+08
612.817	  1.69796e+08
613.104	  1.69638e+08
613.391	  1.6948e+08
613.678	  1.69322e+08
613.965	  1.69163e+08
614.252	  1.69005e+08
614.539	  1.68847e+08
614.826	  1.68689e+08
615.113	  1.68532e+08
615.4	  1.68374e+08
615.687	  1.68216e+08
615.974	  1.68058e+08
616.261	  1.67901e+08
616.548	  1.67743e+08
616.835	  1.67585e+08
617.122	  1.67428e+08
617.409	  1.67271e+08
617.696	  1.67113e+08
617.983	  1.66956e+08
618.27	  1.66799e+08
618.557	  1.66642e+08
618.844	  1.66484e+08
619.131	  1.66327e+08
619.418	  1.6617e+08
619.705	  1.66013e+08
619.992	  1.65857e+08
620.279	  1.657e+08
620.566	  1.65543e+08
620.853	  1.65386e+08
621.14	  1.6523e+08
621.427	  1.65073e+08
621.714	  1.64917e+08
622.001	  1.64761e+08
622.288	  1.64604e+08
622.575	  1.64448e+08
622.862	  1.64292e+08
623.149	  1.64136e+08
623.436	  1.6398e+08
623.723	  1.63824e+08
624.01	  1.63668e+08
624.297	  1.63512e+08
624.584	  1.63356e+08
624.871	  1.632e+08
625.158	  1.63045e+08
625.445	  1.62889e+08
625.732	  1.62734e+08
626.019	  1.62578e+08
626.306	  1.62423e+08
626.593	  1.62268e+08
626.88	  1.62112e+08
627.167	  1.61957e+08
627.454	  1.61802e+08
627.741	  1.61647e+08
628.028	  1.61492e+08
628.315	  1.61337e+08
628.602	  1.61183e+08
628.889	  1.61028e+08
629.176	  1.60873e+08
629.463	  1.60719e+08
629.75	  1.60564e+08
630.037	  1.6041e+08
630.324	  1.60256e+08
630.611	  1.60101e+08
630.898	  1.59947e+08
631.185	  1.59793e+08
631.472	  1.59639e+08
631.759	  1.59485e+08
632.046	  1.59331e+08
632.333	  1.59178e+08
632.62	  1.59024e+08
632.907	  1.5887e+08
633.194	  1.58717e+08
633.481	  1.58563e+08
633.768	  1.5841e+08
634.055	  1.58257e+08
634.342	  1.58103e+08
634.629	  1.5795e+08
634.916	  1.57797e+08
635.203	  1.57644e+08
635.49	  1.57491e+08
635.777	  1.57338e+08
636.064	  1.57186e+08
636.351	  1.57033e+08
636.638	  1.5688e+08
636.925	  1.56728e+08
637.212	  1.56576e+08
637.499	  1.56423e+08
637.786	  1.56271e+08
638.073	  1.56119e+08
638.36	  1.55967e+08
638.647	  1.55815e+08
638.934	  1.55663e+08
639.221	  1.55511e+08
639.508	  1.55359e+08
639.795	  1.55208e+08
640.082	  1.55056e+08
640.369	  1.54905e+08
640.656	  1.54753e+08
640.943	  1.54602e+08
641.23	  1.54451e+08
641.517	  1.543e+08
641.804	  1.54149e+08
642.091	  1.53998e+08
642.378	  1.53847e+08
642.665	  1.53696e+08
642.952	  1.53546e+08
643.239	  1.53395e+08
643.526	  1.53245e+08
643.813	  1.53094e+08
644.1	  1.52944e+08
644.387	  1.52794e+08
644.674	  1.52643e+08
644.961	  1.52493e+08
645.248	  1.52343e+08
645.535	  1.52194e+08
645.822	  1.52044e+08
646.109	  1.51894e+08
646.396	  1.51745e+08
646.683	  1.51595e+08
646.97	  1.51446e+08
647.257	  1.51296e+08
647.544	  1.51147e+08
647.831	  1.50998e+08
648.118	  1.50849e+08
648.405	  1.507e+08
648.692	  1.50551e+08
648.979	  1.50402e+08
649.266	  1.50254e+08
649.553	  1.50105e+08
649.84	  1.49957e+08
650.127	  1.49808e+08
650.414	  1.4966e+08
650.701	  1.49512e+08
650.988	  1.49364e+08
651.275	  1.49216e+08
651.562	  1.49068e+08
651.849	  1.4892e+08
652.136	  1.48772e+08
652.423	  1.48625e+08
652.71	  1.48477e+08
652.997	  1.4833e+08
653.284	  1.48182e+08
653.571	  1.48035e+08
653.858	  1.47888e+08
654.145	  1.47741e+08
654.432	  1.47594e+08
654.719	  1.47447e+08
655.006	  1.473e+08
655.293	  1.47154e+08
655.58	  1.47007e+08
655.867	  1.46861e+08
656.154	  1.46715e+08
656.441	  1.46568e+08
656.728	  1.46422e+08
657.015	  1.46276e+08
657.302	  1.4613e+08
657.589	  1.45984e+08
657.876	  1.45839e+08
658.163	  1.45693e+08
658.45	  1.45547e+08
658.737	  1.45402e+08
659.024	  1.45257e+08
659.311	  1.45111e+08
659.598	  1.44966e+08
659.885	  1.44821e+08
660.172	  1.44676e+08
660.459	  1.44531e+08
660.746	  1.44387e+08
661.033	  1.44242e+08
661.32	  1.44097e+08
661.607	  1.43953e+08
661.894	  1.43809e+08
662.181	  1.43664e+08
662.468	  1.4352e+08
662.755	  1.43376e+08
663.042	  1.43232e+08
663.329	  1.43088e+08
663.616	  1.42945e+08
663.903	  1.42801e+08
664.19	  1.42658e+08
664.477	  1.42514e+08
664.764	  1.42371e+08
665.051	  1.42228e+08
665.338	  1.42085e+08
665.625	  1.41942e+08
665.912	  1.41799e+08
666.199	  1.41656e+08
666.486	  1.41513e+08
666.773	  1.41371e+08
667.06	  1.41228e+08
667.347	  1.41086e+08
667.634	  1.40944e+08
667.921	  1.40802e+08
668.208	  1.4066e+08
668.495	  1.40518e+08
668.782	  1.40376e+08
669.069	  1.40234e+08
669.356	  1.40092e+08
669.643	  1.39951e+08
669.93	  1.3981e+08
670.217	  1.39668e+08
670.504	  1.39527e+08
670.791	  1.39386e+08
671.078	  1.39245e+08
671.365	  1.39104e+08
671.652	  1.38963e+08
671.939	  1.38823e+08
672.226	  1.38682e+08
672.513	  1.38542e+08
672.8	  1.38401e+08
673.087	  1.38261e+08
673.374	  1.38121e+08
673.661	  1.37981e+08
673.948	  1.37841e+08
674.235	  1.37701e+08
674.522	  1.37562e+08
674.809	  1.37422e+08
675.096	  1.37283e+08
675.383	  1.37143e+08
675.67	  1.37004e+08
675.957	  1.36865e+08
676.244	  1.36726e+08
676.531	  1.36587e+08
676.818	  1.36448e+08
677.105	  1.3631e+08
677.392	  1.36171e+08
677.679	  1.36032e+08
677.966	  1.35894e+08
678.253	  1.35756e+08
678.54	  1.35618e+08
678.827	  1.3548e+08
679.114	  1.35342e+08
679.401	  1.35204e+08
679.688	  1.35066e+08
679.975	  1.34929e+08
680.262	  1.34791e+08
680.549	  1.34654e+08
680.836	  1.34517e+08
681.123	  1.34379e+08
681.41	  1.34242e+08
681.697	  1.34105e+08
681.984	  1.33969e+08
682.271	  1.33832e+08
682.558	  1.33695e+08
682.845	  1.33559e+08
683.132	  1.33423e+08
683.419	  1.33286e+08
683.706	  1.3315e+08
683.993	  1.33014e+08
684.28	  1.32878e+08
684.567	  1.32742e+08
684.854	  1.32607e+08
685.141	  1.32471e+08
685.428	  1.32336e+08
685.715	  1.322e+08
686.002	  1.32065e+08
686.289	  1.3193e+08
686.576	  1.31795e+08
686.863	  1.3166e+08
687.15	  1.31525e+08
687.437	  1.31391e+08
687.724	  1.31256e+08
688.011	  1.31122e+08
688.298	  1.30987e+08
688.585	  1.30853e+08
688.872	  1.30719e+08
689.159	  1.30585e+08
689.446	  1.30451e+08
689.733	  1.30317e+08
690.02	  1.30184e+08
690.307	  1.3005e+08
690.594	  1.29917e+08
690.881	  1.29783e+08
691.168	  1.2965e+08
691.455	  1.29517e+08
691.742	  1.29384e+08
692.029	  1.29251e+08
692.316	  1.29119e+08
692.603	  1.28986e+08
692.89	  1.28853e+08
693.177	  1.28721e+08
693.464	  1.28589e+08
693.751	  1.28457e+08
694.038	  1.28324e+08
694.325	  1.28193e+08
694.612	  1.28061e+08
694.899	  1.27929e+08
695.186	  1.27797e+08
695.473	  1.27666e+08
695.76	  1.27535e+08
696.047	  1.27403e+08
696.334	  1.27272e+08
696.621	  1.27141e+08
696.908	  1.2701e+08
697.195	  1.2688e+08
697.482	  1.26749e+08
697.769	  1.26618e+08
698.056	  1.26488e+08
698.343	  1.26358e+08
698.63	  1.26227e+08
698.917	  1.26097e+08
699.204	  1.25967e+08
699.491	  1.25837e+08
699.778	  1.25708e+08
700.065	  1.25578e+08
700.352	  1.25449e+08
700.639	  1.25319e+08
700.926	  1.2519e+08
701.213	  1.25061e+08
701.5	  1.24932e+08
701.787	  1.24803e+08
702.074	  1.24674e+08
702.361	  1.24545e+08
702.648	  1.24417e+08
702.935	  1.24288e+08
703.222	  1.2416e+08
703.509	  1.24032e+08
703.796	  1.23904e+08
704.083	  1.23776e+08
704.37	  1.23648e+08
704.657	  1.2352e+08
704.944	  1.23392e+08
705.231	  1.23265e+08
705.518	  1.23137e+08
705.805	  1.2301e+08
706.092	  1.22883e+08
706.379	  1.22756e+08
706.666	  1.22629e+08
706.953	  1.22502e+08
707.24	  1.22375e+08
707.527	  1.22249e+08
707.814	  1.22122e+08
708.101	  1.21996e+08
708.388	  1.2187e+08
708.675	  1.21743e+08
708.962	  1.21617e+08
709.249	  1.21491e+08
709.536	  1.21366e+08
709.823	  1.2124e+08
710.11	  1.21114e+08
710.397	  1.20989e+08
710.684	  1.20864e+08
710.971	  1.20739e+08
711.258	  1.20613e+08
711.545	  1.20489e+08
711.832	  1.20364e+08
712.119	  1.20239e+08
712.406	  1.20114e+08
712.693	  1.1999e+08
712.98	  1.19865e+08
713.267	  1.19741e+08
713.554	  1.19617e+08
713.841	  1.19493e+08
714.128	  1.19369e+08
714.415	  1.19245e+08
714.702	  1.19122e+08
714.989	  1.18998e+08
715.276	  1.18875e+08
715.563	  1.18751e+08
715.85	  1.18628e+08
716.137	  1.18505e+08
716.424	  1.18382e+08
716.711	  1.18259e+08
716.998	  1.18137e+08
717.285	  1.18014e+08
717.572	  1.17891e+08
717.859	  1.17769e+08
718.146	  1.17647e+08
718.433	  1.17525e+08
718.72	  1.17403e+08
719.007	  1.17281e+08
719.294	  1.17159e+08
719.581	  1.17037e+08
719.868	  1.16916e+08
720.155	  1.16794e+08
720.442	  1.16673e+08
720.729	  1.16552e+08
721.016	  1.16431e+08
721.303	  1.1631e+08
721.59	  1.16189e+08
721.877	  1.16068e+08
722.164	  1.15947e+08
722.451	  1.15827e+08
722.738	  1.15706e+08
723.025	  1.15586e+08
723.312	  1.15466e+08
723.599	  1.15346e+08
723.886	  1.15226e+08
724.173	  1.15106e+08
724.46	  1.14987e+08
724.747	  1.14867e+08
725.034	  1.14748e+08
725.321	  1.14628e+08
725.608	  1.14509e+08
725.895	  1.1439e+08
726.182	  1.14271e+08
726.469	  1.14152e+08
726.756	  1.14033e+08
727.043	  1.13915e+08
727.33	  1.13796e+08
727.617	  1.13678e+08
727.904	  1.1356e+08
728.191	  1.13441e+08
728.478	  1.13323e+08
728.765	  1.13205e+08
729.052	  1.13088e+08
729.339	  1.1297e+08
729.626	  1.12852e+08
729.913	  1.12735e+08
730.2	  1.12617e+08
730.487	  1.125e+08
730.774	  1.12383e+08
731.061	  1.12266e+08
731.348	  1.12149e+08
731.635	  1.12033e+08
731.922	  1.11916e+08
732.209	  1.11799e+08
732.496	  1.11683e+08
732.783	  1.11567e+08
733.07	  1.1145e+08
733.357	  1.11334e+08
733.644	  1.11218e+08
733.931	  1.11103e+08
734.218	  1.10987e+08
734.505	  1.10871e+08
734.792	  1.10756e+08
735.079	  1.10641e+08
735.366	  1.10525e+08
735.653	  1.1041e+08
735.94	  1.10295e+08
736.227	  1.1018e+08
736.514	  1.10065e+08
736.801	  1.09951e+08
737.088	  1.09836e+08
737.375	  1.09722e+08
737.662	  1.09607e+08
737.949	  1.09493e+08
738.236	  1.09379e+08
738.523	  1.09265e+08
738.81	  1.09151e+08
739.097	  1.09038e+08
739.384	  1.08924e+08
739.671	  1.08811e+08
739.958	  1.08697e+08
740.245	  1.08584e+08
740.532	  1.08471e+08
740.819	  1.08358e+08
741.106	  1.08245e+08
741.393	  1.08132e+08
741.68	  1.08019e+08
741.967	  1.07907e+08
742.254	  1.07794e+08
742.541	  1.07682e+08
742.828	  1.0757e+08
743.115	  1.07458e+08
743.402	  1.07346e+08
743.689	  1.07234e+08
743.976	  1.07122e+08
744.263	  1.0701e+08
744.55	  1.06899e+08
744.837	  1.06787e+08
745.124	  1.06676e+08
745.411	  1.06565e+08
745.698	  1.06454e+08
745.985	  1.06343e+08
746.272	  1.06232e+08
746.559	  1.06121e+08
746.846	  1.06011e+08
747.133	  1.059e+08
747.42	  1.0579e+08
747.707	  1.05679e+08
747.994	  1.05569e+08
748.281	  1.05459e+08
748.568	  1.05349e+08
748.855	  1.0524e+08
749.142	  1.0513e+08
749.429	  1.0502e+08
749.716	  1.04911e+08
750.003	  1.04801e+08
750.29	  1.04692e+08
750.577	  1.04583e+08
750.864	  1.04474e+08
751.151	  1.04365e+08
751.438	  1.04256e+08
751.725	  1.04148e+08
752.012	  1.04039e+08
752.299	  1.03931e+08
752.586	  1.03822e+08
752.873	  1.03714e+08
753.16	  1.03606e+08
753.447	  1.03498e+08
753.734	  1.0339e+08
754.021	  1.03282e+08
754.308	  1.03175e+08
754.595	  1.03067e+08
754.882	  1.0296e+08
755.169	  1.02853e+08
755.456	  1.02745e+08
755.743	  1.02638e+08
756.03	  1.02531e+08
756.317	  1.02425e+08
756.604	  1.02318e+08
756.891	  1.02211e+08
757.178	  1.02105e+08
757.465	  1.01998e+08
757.752	  1.01892e+08
758.039	  1.01786e+08
758.326	  1.0168e+08
758.613	  1.01574e+08
758.9	  1.01468e+08
759.187	  1.01362e+08
759.474	  1.01257e+08
759.761	  1.01151e+08
760.048	  1.01046e+08
760.335	  1.00941e+08
760.622	  1.00835e+08
760.909	  1.0073e+08
761.196	  1.00625e+08
761.483	  1.00521e+08
761.77	  1.00416e+08
762.057	  1.00311e+08
762.344	  1.00207e+08
762.631	  1.00102e+08
762.918	  9.99981e+07
763.205	  9.9894e+07
763.492	  9.979e+07
763.779	  9.9686e+07
764.066	  9.95822e+07
764.353	  9.94785e+07
764.64	  9.93749e+07
764.927	  9.92715e+07
765.214	  9.91681e+07
765.501	  9.90648e+07
765.788	  9.89617e+07
766.075	  9.88587e+07
766.362	  9.87557e+07
766.649	  9.86529e+07
766.936	  9.85502e+07
767.223	  9.84476e+07
767.51	  9.83452e+07
767.797	  9.82428e+07
768.084	  9.81405e+07
768.371	  9.80384e+07
768.658	  9.79364e+07
768.945	  9.78344e+07
769.232	  9.77326e+07
769.519	  9.76309e+07
769.806	  9.75293e+07
770.093	  9.74278e+07
770.38	  9.73265e+07
770.667	  9.72252e+07
770.954	  9.71241e+07
771.241	  9.7023e+07
771.528	  9.69221e+07
771.815	  9.68212e+07
772.102	  9.67205e+07
772.389	  9.66199e+07
772.676	  9.65194e+07
772.963	  9.64191e+07
773.25	  9.63188e+07
773.537	  9.62186e+07
773.824	  9.61186e+07
774.111	  9.60186e+07
774.398	  9.59188e+07
774.685	  9.5819e+07
774.972	  9.57194e+07
775.259	  9.56199e+07
775.546	  9.55205e+07
775.833	  9.54212e+07
776.12	  9.5322e+07
776.407	  9.5223e+07
776.694	  9.5124e+07
776.981	  9.50251e+07
777.268	  9.49264e+07
777.555	  9.48277e+07
777.842	  9.47292e+07
778.129	  9.46308e+07
778.416	  9.45325e+07
778.703	  9.44342e+07
778.99	  9.43361e+07
779.277	  9.42382e+07
779.564	  9.41403e+07
779.851	  9.40425e+07
780.138	  9.39448e+07
780.425	  9.38473e+07
780.712	  9.37498e+07
780.999	  9.36525e+07
781.286	  9.35552e+07
781.573	  9.34581e+07
781.86	  9.33611e+07
782.147	  9.32641e+07
782.434	  9.31673e+07
782.721	  9.30706e+07
783.008	  9.2974e+07
783.295	  9.28775e+07
783.582	  9.27811e+07
783.869	  9.26849e+07
784.156	  9.25887e+07
784.443	  9.24926e+07
784.73	  9.23967e+07
785.017	  9.23008e+07
785.304	  9.22051e+07
785.591	  9.21094e+07
785.878	  9.20139e+07
786.165	  9.19185e+07
786.452	  9.18231e+07
786.739	  9.17279e+07
787.026	  9.16328e+07
787.313	  9.15378e+07
787.6	  9.14429e+07
787.887	  9.13481e+07
788.174	  9.12534e+07
788.461	  9.11589e+07
788.748	  9.10644e+07
789.035	  9.097e+07
789.322	  9.08757e+07
789.609	  9.07816e+07
789.896	  9.06875e+07
790.183	  9.05936e+07
790.47	  9.04997e+07
790.757	  9.0406e+07
791.044	  9.03123e+07
791.331	  9.02188e+07
791.618	  9.01254e+07
791.905	  9.00321e+07
792.192	  8.99388e+07
792.479	  8.98457e+07
792.766	  8.97527e+07
793.053	  8.96598e+07
793.34	  8.9567e+07
793.627	  8.94743e+07
793.914	  8.93817e+07
794.201	  8.92892e+07
794.488	  8.91968e+07
794.775	  8.91045e+07
795.062	  8.90123e+07
795.349	  8.89203e+07
795.636	  8.88283e+07
795.923	  8.87364e+07
796.21	  8.86446e+07
796.497	  8.8553e+07
796.784	  8.84614e+07
797.071	  8.837e+07
797.358	  8.82786e+07
797.645	  8.81873e+07
797.932	  8.80962e+07
798.219	  8.80051e+07
798.506	  8.79142e+07
798.793	  8.78233e+07
799.08	  8.77326e+07
799.367	  8.7642e+07
799.654	  8.75514e+07
799.941	  8.7461e+07
800.228	  8.73707e+07
800.515	  8.72804e+07
800.802	  8.71903e+07
801.089	  8.71003e+07
801.376	  8.70103e+07
801.663	  8.69205e+07
801.95	  8.68308e+07
802.237	  8.67411e+07
802.524	  8.66516e+07
802.811	  8.65622e+07
803.098	  8.64729e+07
803.385	  8.63837e+07
803.672	  8.62945e+07
803.959	  8.62055e+07
804.246	  8.61166e+07
804.533	  8.60278e+07
804.82	  8.59391e+07
805.107	  8.58505e+07
805.394	  8.57619e+07
805.681	  8.56735e+07
805.968	  8.55852e+07
806.255	  8.5497e+07
806.542	  8.54089e+07
806.829	  8.53209e+07
807.116	  8.52329e+07
807.403	  8.51451e+07
807.69	  8.50574e+07
807.977	  8.49698e+07
808.264	  8.48823e+07
808.551	  8.47949e+07
808.838	  8.47075e+07
809.125	  8.46203e+07
809.412	  8.45332e+07
809.699	  8.44462e+07
809.986	  8.43592e+07
810.273	  8.42724e+07
810.56	  8.41857e+07
810.847	  8.40991e+07
811.134	  8.40125e+07
811.421	  8.39261e+07
811.708	  8.38398e+07
811.995	  8.37535e+07
812.282	  8.36674e+07
812.569	  8.35814e+07
812.856	  8.34954e+07
813.143	  8.34096e+07
813.43	  8.33238e+07
813.717	  8.32382e+07
814.004	  8.31526e+07
814.291	  8.30672e+07
814.578	  8.29818e+07
814.865	  8.28966e+07
815.152	  8.28114e+07
815.439	  8.27264e+07
815.726	  8.26414e+07
816.013	  8.25565e+07
816.3	  8.24718e+07
816.587	  8.23871e+07
816.874	  8.23025e+07
817.161	  8.2218e+07
817.448	  8.21336e+07
817.735	  8.20493e+07
818.022	  8.19652e+07
818.309	  8.18811e+07
818.596	  8.17971e+07
818.883	  8.17132e+07
819.17	  8.16293e+07
819.457	  8.15456e+07
820.002	  8.13868e+07
820.031	  8.13785e+07
820.059	  8.13701e+07
820.088	  8.13618e+07
820.117	  8.13535e+07
820.146	  8.13451e+07
820.174	  8.13368e+07
820.203	  8.13284e+07
820.232	  8.13201e+07
820.26	  8.13117e+07
820.289	  8.13034e+07
820.318	  8.12951e+07
820.346	  8.12867e+07
820.375	  8.12784e+07
820.404	  8.12701e+07
820.433	  8.12617e+07
820.461	  8.12534e+07
820.49	  8.12451e+07
820.519	  8.12367e+07
820.547	  8.12284e+07
820.576	  8.12201e+07
820.605	  8.12117e+07
820.633	  7.21685e+07
820.662	  7.21627e+07
820.691	  7.2157e+07
820.72	  7.21512e+07
820.748	  7.21455e+07
820.777	  7.21397e+07
820.806	  7.2134e+07
820.834	  7.21283e+07
820.863	  7.21225e+07
820.892	  7.21168e+07
820.92	  7.2111e+07
820.949	  7.21053e+07
820.978	  7.20995e+07
821.007	  7.20938e+07
821.035	  7.2088e+07
821.064	  7.20823e+07
821.093	  7.20766e+07
821.121	  7.20708e+07
821.15	  7.20651e+07
821.179	  7.20593e+07
821.207	  7.20536e+07
821.236	  7.20479e+07
821.265	  7.20421e+07
821.294	  7.20364e+07
821.322	  7.20306e+07
821.351	  7.20249e+07
821.38	  7.20192e+07
821.408	  7.20134e+07
821.437	  7.20077e+07
821.466	  7.2002e+07
821.494	  7.19962e+07
821.523	  7.19905e+07
821.552	  7.19847e+07
821.581	  7.1979e+07
821.609	  7.19733e+07
821.638	  7.19675e+07
821.667	  7.19618e+07
821.695	  7.19561e+07
821.724	  7.19503e+07
821.753	  7.19446e+07
821.781	  7.19389e+07
821.81	  7.19331e+07
821.839	  7.19274e+07
821.868	  7.19217e+07
821.896	  7.19159e+07
821.925	  7.19102e+07
821.954	  7.19045e+07
821.982	  7.18987e+07
822.011	  7.1893e+07
822.011	  7.1893e+07
822.298	  7.18357e+07
822.585	  7.17784e+07
822.872	  7.17212e+07
823.159	  7.1664e+07
823.446	  7.16068e+07
823.733	  7.15497e+07
824.02	  7.14925e+07
824.307	  7.14355e+07
824.594	  7.13784e+07
824.881	  7.13214e+07
825.168	  7.12644e+07
825.455	  7.12074e+07
825.742	  7.11505e+07
826.029	  7.10936e+07
826.316	  7.10368e+07
826.603	  7.09799e+07
826.89	  7.09231e+07
827.177	  7.08664e+07
827.464	  7.08096e+07
827.751	  7.07529e+07
828.038	  7.06962e+07
828.325	  7.06396e+07
828.612	  7.0583e+07
828.899	  7.05264e+07
829.186	  7.04699e+07
829.473	  7.04133e+07
829.76	  7.03569e+07
830.047	  7.03004e+07
830.334	  7.0244e+07
830.621	  7.01876e+07
830.908	  7.01312e+07
831.195	  7.00749e+07
831.482	  7.00186e+07
831.769	  6.99624e+07
832.056	  6.99061e+07
832.343	  6.98499e+07
832.63	  6.97938e+07
832.917	  6.97376e+07
833.204	  6.96816e+07
833.491	  6.96255e+07
833.778	  6.95694e+07
834.065	  6.95134e+07
834.352	  6.94575e+07
834.639	  6.94015e+07
834.926	  6.93456e+07
835.213	  6.92898e+07
835.5	  6.92339e+07
835.787	  6.91781e+07
836.074	  6.91223e+07
836.361	  6.90666e+07
836.648	  6.90109e+07
836.935	  6.89552e+07
837.222	  6.88996e+07
837.509	  6.88439e+07
837.796	  6.87884e+07
838.083	  6.87328e+07
838.37	  6.86773e+07
838.657	  6.86218e+07
838.944	  6.85664e+07
839.231	  6.8511e+07
839.518	  6.84556e+07
839.805	  6.84002e+07
840.092	  6.83449e+07
840.379	  6.82896e+07
840.666	  6.82344e+07
840.953	  6.81792e+07
841.24	  6.8124e+07
841.527	  6.80688e+07
841.814	  6.80137e+07
842.101	  6.79586e+07
842.388	  6.79036e+07
842.675	  6.78485e+07
842.962	  6.77935e+07
843.249	  6.77386e+07
843.536	  6.76837e+07
843.823	  6.76288e+07
844.11	  6.75739e+07
844.397	  6.75191e+07
844.684	  6.74643e+07
844.971	  6.74095e+07
845.258	  6.73548e+07
845.545	  6.73001e+07
845.832	  6.72455e+07
846.119	  6.71909e+07
846.406	  6.71363e+07
846.693	  6.70817e+07
846.98	  6.70272e+07
847.267	  6.69727e+07
847.554	  6.69182e+07
847.841	  6.68638e+07
848.128	  6.68094e+07
848.415	  6.67551e+07
848.702	  6.67008e+07
848.989	  6.66465e+07
849.276	  6.65922e+07
849.563	  6.6538e+07
849.85	  6.64838e+07
850.137	  6.64296e+07
850.424	  6.63755e+07
850.711	  6.63214e+07
850.998	  6.62674e+07
851.285	  6.62134e+07
851.572	  6.61594e+07
851.859	  6.61054e+07
852.146	  6.60515e+07
852.433	  6.59976e+07
852.72	  6.59438e+07
853.007	  6.589e+07
853.294	  6.58362e+07
853.581	  6.57824e+07
853.868	  6.57287e+07
854.155	  6.5675e+07
854.442	  6.56214e+07
854.729	  6.55678e+07
855.016	  6.55142e+07
855.303	  6.54606e+07
855.59	  6.54071e+07
855.877	  6.53536e+07
856.164	  6.53002e+07
856.451	  6.52468e+07
856.738	  6.51934e+07
857.025	  6.51401e+07
857.312	  6.50868e+07
857.599	  6.50335e+07
857.886	  6.49803e+07
858.173	  6.49271e+07
858.46	  6.48739e+07
858.747	  6.48207e+07
859.034	  6.47676e+07
859.321	  6.47146e+07
859.608	  6.46615e+07
859.895	  6.46085e+07
860.182	  6.45556e+07
860.469	  6.45026e+07
860.756	  6.44497e+07
861.043	  6.43969e+07
861.33	  6.4344e+07
861.617	  6.42913e+07
861.904	  6.42385e+07
862.191	  6.41858e+07
862.478	  6.41331e+07
862.765	  6.40804e+07
863.052	  6.40278e+07
863.339	  6.39752e+07
863.626	  6.39227e+07
863.913	  6.38701e+07
864.2	  6.38176e+07
864.487	  6.37652e+07
864.774	  6.37128e+07
865.061	  6.36604e+07
865.348	  6.3608e+07
865.635	  6.35557e+07
865.922	  6.35035e+07
866.209	  6.34512e+07
866.496	  6.3399e+07
866.783	  6.33468e+07
867.07	  6.32947e+07
867.357	  6.32426e+07
867.644	  6.31905e+07
867.931	  6.31385e+07
868.218	  6.30865e+07
868.505	  6.30345e+07
868.792	  6.29826e+07
869.079	  6.29307e+07
869.366	  6.28788e+07
869.653	  6.2827e+07
869.94	  6.27752e+07
870.227	  6.27234e+07
870.514	  6.26717e+07
870.801	  6.262e+07
871.088	  6.25684e+07
871.375	  6.25167e+07
871.662	  6.24651e+07
871.949	  6.24136e+07
872.236	  6.23621e+07
872.523	  6.23106e+07
872.81	  6.22592e+07
873.097	  6.22077e+07
873.384	  6.21564e+07
873.671	  6.2105e+07
873.958	  6.20537e+07
874.245	  6.20024e+07
874.532	  6.19512e+07
874.819	  6.19e+07
875.106	  6.18488e+07
875.393	  6.17977e+07
875.68	  6.17466e+07
875.967	  6.16955e+07
876.254	  6.16445e+07
876.541	  6.15935e+07
876.828	  6.15426e+07
877.115	  6.14916e+07
877.402	  6.14407e+07
877.689	  6.13899e+07
877.976	  6.13391e+07
878.263	  6.12883e+07
878.55	  6.12375e+07
878.837	  6.11868e+07
879.124	  6.11361e+07
879.411	  6.10855e+07
879.698	  6.10349e+07
879.985	  6.09843e+07
880.272	  6.09338e+07
880.559	  6.08833e+07
880.846	  6.08328e+07
881.133	  6.07824e+07
881.42	  6.0732e+07
881.707	  6.06816e+07
881.994	  6.06313e+07
882.281	  6.0581e+07
882.568	  6.05307e+07
882.855	  6.04805e+07
883.142	  6.04303e+07
883.429	  6.03802e+07
883.716	  6.033e+07
884.003	  6.028e+07
884.29	  6.02299e+07
884.577	  6.01799e+07
884.864	  6.01299e+07
885.151	  6.008e+07
885.438	  6.00301e+07
885.725	  5.99802e+07
886.012	  5.99304e+07
886.299	  5.98806e+07
886.586	  5.98308e+07
886.873	  5.97811e+07
887.16	  5.97314e+07
887.447	  5.96817e+07
887.734	  5.96321e+07
888.021	  5.95825e+07
888.308	  5.95329e+07
888.595	  5.94834e+07
888.882	  5.94339e+07
889.169	  5.93845e+07
889.456	  5.93351e+07
889.743	  5.92857e+07
890.03	  5.92363e+07
890.317	  5.9187e+07
890.604	  5.91378e+07
890.891	  5.90885e+07
891.178	  5.90393e+07
891.465	  5.89901e+07
891.752	  5.8941e+07
892.039	  5.88919e+07
892.326	  5.88428e+07
892.613	  5.87938e+07
892.9	  5.87448e+07
893.187	  5.86959e+07
893.474	  5.86469e+07
893.761	  5.85981e+07
894.048	  5.85492e+07
894.335	  5.85004e+07
894.622	  5.84516e+07
894.909	  5.84029e+07
895.196	  5.83541e+07
895.483	  5.83055e+07
895.77	  5.82568e+07
896.057	  5.82082e+07
896.344	  5.81597e+07
896.631	  5.81111e+07
896.918	  5.80626e+07
897.205	  5.80142e+07
897.492	  5.79657e+07
897.779	  5.79173e+07
898.066	  5.7869e+07
898.353	  5.78207e+07
898.64	  5.77724e+07
898.927	  5.77241e+07
899.214	  5.76759e+07
899.501	  5.76277e+07
899.788	  5.75796e+07
900.075	  5.75315e+07
900.362	  5.74834e+07
900.649	  5.74353e+07
900.936	  5.73873e+07
901.223	  5.73394e+07
901.51	  5.72914e+07
901.797	  5.72435e+07
902.084	  5.71957e+07
902.371	  5.71478e+07
902.658	  5.71e+07
902.945	  5.70523e+07
903.232	  5.70046e+07
903.519	  5.69569e+07
903.806	  5.69092e+07
904.093	  5.68616e+07
904.38	  5.6814e+07
904.667	  5.67665e+07
904.954	  5.6719e+07
905.241	  5.66715e+07
905.528	  5.6624e+07
905.815	  5.65766e+07
906.102	  5.65293e+07
906.389	  5.64819e+07
906.676	  5.64346e+07
906.963	  5.63874e+07
907.25	  5.63401e+07
907.537	  5.62929e+07
907.824	  5.62458e+07
908.111	  5.61987e+07
908.398	  5.61516e+07
908.685	  5.61045e+07
908.972	  5.60575e+07
909.259	  5.60105e+07
909.546	  5.59636e+07
909.833	  5.59167e+07
910.12	  5.58698e+07
910.407	  5.58229e+07
910.694	  5.57761e+07
910.981	  5.57294e+07
911.268	  5.56826e+07
911.555	  5.56359e+07
911.842	  5.55893e+07
912.129	  5.55426e+07
912.416	  5.5496e+07
912.703	  5.54495e+07
912.99	  5.5403e+07
913.277	  5.53565e+07
913.564	  5.531e+07
913.851	  5.52636e+07
914.138	  5.52172e+07
914.425	  5.51709e+07
914.712	  5.51245e+07
914.999	  5.50783e+07
915.286	  5.5032e+07
915.573	  5.49858e+07
915.86	  5.49396e+07
916.147	  5.48935e+07
916.434	  5.48474e+07
916.721	  5.48013e+07
917.008	  5.47553e+07
917.295	  5.47093e+07
917.582	  5.46634e+07
917.869	  5.46174e+07
918.156	  5.45715e+07
918.443	  5.45257e+07
918.73	  5.44799e+07
919.017	  5.44341e+07
919.304	  5.43883e+07
919.591	  5.43426e+07
919.878	  5.42969e+07
920.165	  5.42513e+07
920.452	  5.42057e+07
920.739	  5.41601e+07
921.026	  5.41146e+07
921.313	  5.4069e+07
921.6	  5.40236e+07
921.887	  5.39781e+07
922.174	  5.39327e+07
922.461	  5.38874e+07
922.748	  5.3842e+07
923.035	  5.37968e+07
923.322	  5.37515e+07
923.609	  5.37063e+07
923.896	  5.36611e+07
924.183	  5.36159e+07
924.47	  5.35708e+07
924.757	  5.35257e+07
925.044	  5.34807e+07
925.331	  5.34357e+07
925.618	  5.33907e+07
925.905	  5.33457e+07
926.192	  5.33008e+07
926.479	  5.3256e+07
926.766	  5.32111e+07
927.053	  5.31663e+07
927.34	  5.31215e+07
927.627	  5.30768e+07
927.914	  5.30321e+07
928.201	  5.29874e+07
928.488	  5.29428e+07
928.775	  5.28982e+07
929.062	  5.28537e+07
929.349	  5.28091e+07
929.636	  5.27646e+07
929.923	  5.27202e+07
930.21	  5.26758e+07
930.497	  5.26314e+07
930.784	  5.2587e+07
931.071	  5.25427e+07
931.358	  5.24984e+07
931.645	  5.24542e+07
931.932	  5.241e+07
932.219	  5.23658e+07
932.506	  5.23217e+07
932.793	  5.22776e+07
933.08	  5.22335e+07
933.367	  5.21895e+07
933.654	  5.21454e+07
933.941	  5.21015e+07
934.228	  5.20576e+07
934.515	  5.20137e+07
934.802	  5.19698e+07
935.089	  5.1926e+07
935.376	  5.18822e+07
935.663	  5.18384e+07
935.95	  5.17947e+07
936.237	  5.1751e+07
936.524	  5.17073e+07
936.811	  5.16637e+07
937.098	  5.16201e+07
937.385	  5.15766e+07
937.672	  5.15331e+07
937.959	  5.14896e+07
938.246	  5.14461e+07
938.533	  5.14027e+07
938.82	  5.13594e+07
939.107	  5.1316e+07
939.394	  5.12727e+07
939.681	  5.12294e+07
939.968	  5.11862e+07
940.255	  5.1143e+07
940.542	  5.10998e+07
940.829	  5.10567e+07
941.116	  5.10136e+07
941.403	  5.09705e+07
941.69	  5.09275e+07
941.977	  5.08845e+07
942.264	  5.08415e+07
942.551	  5.07986e+07
942.838	  5.07557e+07
943.125	  5.07129e+07
943.412	  5.067e+07
943.699	  5.06272e+07
943.986	  5.05845e+07
944.273	  5.05418e+07
944.56	  5.04991e+07
944.847	  5.04564e+07
945.134	  5.04138e+07
945.421	  5.03712e+07
945.708	  5.03287e+07
945.995	  5.02862e+07
946.282	  5.02437e+07
946.569	  5.02012e+07
946.856	  5.01588e+07
947.143	  5.01165e+07
947.43	  5.00741e+07
947.717	  5.00318e+07
948.004	  4.99895e+07
948.291	  4.99473e+07
948.578	  4.99051e+07
948.865	  4.98629e+07
949.152	  4.98208e+07
949.439	  4.97787e+07
949.726	  4.97366e+07
950.013	  4.96946e+07
950.3	  4.96526e+07
950.587	  4.96106e+07
950.874	  4.95687e+07
951.161	  4.95268e+07
951.448	  4.94849e+07
951.735	  4.94431e+07
952.022	  4.94013e+07
952.309	  4.93595e+07
952.596	  4.93178e+07
952.883	  4.92761e+07
953.17	  4.92345e+07
953.457	  4.91928e+07
953.744	  4.91513e+07
954.031	  4.91097e+07
954.318	  4.90682e+07
954.605	  4.90267e+07
954.892	  4.89852e+07
955.179	  4.89438e+07
955.466	  4.89024e+07
955.753	  4.88611e+07
956.04	  4.88198e+07
956.327	  4.87785e+07
956.614	  4.87372e+07
956.901	  4.8696e+07
957.188	  4.86548e+07
957.475	  4.86137e+07
957.762	  4.85726e+07
958.049	  4.85315e+07
958.336	  4.84905e+07
958.623	  4.84494e+07
958.91	  4.84085e+07
959.197	  4.83675e+07
959.484	  4.83266e+07
959.771	  4.82857e+07
960.058	  4.82449e+07
960.345	  4.82041e+07
960.632	  4.81633e+07
960.919	  4.81226e+07
961.206	  4.80819e+07
961.493	  4.80412e+07
961.78	  4.80005e+07
962.067	  4.79599e+07
962.354	  4.79194e+07
962.641	  4.78788e+07
962.928	  4.78383e+07
963.215	  4.77979e+07
963.502	  4.77574e+07
963.789	  4.7717e+07
964.076	  4.76766e+07
964.363	  4.76363e+07
964.65	  4.7596e+07
964.937	  4.75557e+07
965.224	  4.75155e+07
965.511	  4.74753e+07
965.798	  4.74351e+07
966.085	  4.7395e+07
966.372	  4.73549e+07
966.659	  4.73148e+07
966.946	  4.72748e+07
967.233	  4.72348e+07
967.52	  4.71948e+07
967.807	  4.71549e+07
968.094	  4.7115e+07
968.381	  4.70751e+07
968.668	  4.70353e+07
968.955	  4.69955e+07
969.242	  4.69557e+07
969.529	  4.6916e+07
969.816	  4.68763e+07
970.103	  4.68366e+07
970.39	  4.6797e+07
970.677	  4.67574e+07
970.964	  4.67178e+07
971.251	  4.66783e+07
971.538	  4.66388e+07
971.825	  4.65993e+07
972.112	  4.65599e+07
972.399	  4.65205e+07
972.686	  4.64811e+07
972.973	  4.64418e+07
973.26	  4.64025e+07
973.547	  4.63632e+07
973.834	  4.6324e+07
974.121	  4.62848e+07
974.408	  4.62456e+07
974.695	  4.62064e+07
974.982	  4.61673e+07
975.269	  4.61283e+07
975.556	  4.60892e+07
975.843	  4.60502e+07
976.13	  4.60113e+07
976.417	  4.59723e+07
976.704	  4.59334e+07
976.991	  4.58945e+07
977.278	  4.58557e+07
977.565	  4.58169e+07
977.852	  4.57781e+07
978.139	  4.57394e+07
978.426	  4.57007e+07
978.713	  4.5662e+07
979	  4.56234e+07
979.287	  4.55847e+07
979.574	  4.55462e+07
979.861	  4.55076e+07
980.148	  4.54691e+07
980.435	  4.54306e+07
980.722	  4.53922e+07
981.009	  4.53538e+07
981.296	  4.53154e+07
981.583	  4.52771e+07
981.87	  4.52387e+07
982.157	  4.52005e+07
982.444	  4.51622e+07
982.731	  4.5124e+07
983.018	  4.50858e+07
983.305	  4.50477e+07
983.592	  4.50095e+07
983.879	  4.49715e+07
984.166	  4.49334e+07
984.453	  4.48954e+07
984.74	  4.48574e+07
985.027	  4.48194e+07
985.314	  4.47815e+07
985.601	  4.47436e+07
985.888	  4.47058e+07
986.175	  4.46679e+07
986.462	  4.46302e+07
986.749	  4.45924e+07
987.036	  4.45547e+07
987.323	  4.4517e+07
987.61	  4.44793e+07
987.897	  4.44417e+07
988.184	  4.44041e+07
988.471	  4.43665e+07
988.758	  4.4329e+07
989.045	  4.42915e+07
989.332	  4.4254e+07
989.619	  4.42166e+07
989.906	  4.41792e+07
990.193	  4.41418e+07
990.48	  4.41044e+07
990.767	  4.40671e+07
991.054	  4.40299e+07
991.341	  4.39926e+07
991.628	  4.39554e+07
991.915	  4.39182e+07
992.202	  4.38811e+07
992.489	  4.3844e+07
992.776	  4.38069e+07
993.063	  4.37698e+07
993.35	  4.37328e+07
993.637	  4.36958e+07
993.924	  4.36589e+07
994.211	  4.36219e+07
994.498	  4.3585e+07
994.785	  4.35482e+07
995.072	  4.35114e+07
995.359	  4.34746e+07
995.646	  4.34378e+07
995.933	  4.34011e+07
996.22	  4.33644e+07
996.507	  4.33277e+07
996.794	  4.32911e+07
997.081	  4.32545e+07
997.368	  4.32179e+07
997.655	  4.31813e+07
997.942	  4.31448e+07
998.229	  4.31084e+07
998.516	  4.30719e+07
998.803	  4.30355e+07
999.09	  4.29991e+07
999.377	  4.29628e+07
999.664	  4.29264e+07
999.951	  4.28901e+07
1000.24	  4.28539e+07
1000.52	  4.28177e+07
1000.81	  4.27815e+07
1001.1	  4.27453e+07
1001.39	  4.27092e+07
1001.67	  4.26731e+07
1001.96	  4.2637e+07
1002.25	  4.2601e+07
1002.53	  4.2565e+07
1002.82	  4.2529e+07
1003.11	  4.24931e+07
1003.39	  4.24572e+07
1003.68	  4.24213e+07
1003.97	  4.23854e+07
1004.26	  4.23496e+07
1004.54	  4.23138e+07
1004.83	  4.22781e+07
1005.12	  4.22424e+07
1005.4	  4.22067e+07
1005.69	  4.2171e+07
1005.98	  4.21354e+07
1006.26	  4.20998e+07
1006.55	  4.20642e+07
1006.84	  4.20287e+07
1007.13	  4.19932e+07
1007.41	  4.19577e+07
1007.7	  4.19223e+07
1007.99	  4.18869e+07
1008.27	  4.18515e+07
1008.56	  4.18161e+07
1008.85	  4.17808e+07
1009.13	  4.17455e+07
1009.42	  4.17103e+07
1009.71	  4.1675e+07
1010	  4.16399e+07
1010.28	  4.16047e+07
1010.57	  4.15696e+07
1010.86	  4.15345e+07
1011.14	  4.14994e+07
1011.43	  4.14644e+07
1011.72	  4.14293e+07
1012	  4.13944e+07
1012.29	  4.13594e+07
1012.58	  4.13245e+07
1012.87	  4.12896e+07
1013.15	  4.12548e+07
1013.44	  4.122e+07
1013.73	  4.11852e+07
1014.01	  4.11504e+07
1014.3	  4.11157e+07
1014.59	  4.1081e+07
1014.88	  4.10463e+07
1015.16	  4.10117e+07
1015.45	  4.09771e+07
1015.74	  4.09425e+07
1016.02	  4.09079e+07
1016.31	  4.08734e+07
1016.6	  4.08389e+07
1016.88	  4.08045e+07
1017.17	  4.07701e+07
1017.46	  4.07357e+07
1017.75	  4.07013e+07
1018.03	  4.0667e+07
1018.32	  4.06327e+07
1018.61	  4.05984e+07
1018.89	  4.05641e+07
1019.18	  4.05299e+07
1019.47	  4.04958e+07
1019.98	  4.04353e+07
1021.08	  4.03048e+07
1022.17	  4.01747e+07
1023.27	  4.00451e+07
1024.38	  3.99159e+07
1025.47	  3.97872e+07
1026.58	  3.96588e+07
1027.67	  3.9531e+07
1028.78	  3.94035e+07
1029.88	  3.92765e+07
1030.97	  3.915e+07
1032.08	  3.90238e+07
1033.17	  3.88981e+07
1034.28	  3.87729e+07
1035.38	  3.8648e+07
1036.47	  3.85236e+07
1037.58	  3.83997e+07
1038.67	  3.82761e+07
1039.78	  3.8153e+07
1040.88	  3.80303e+07
1041.97	  3.7908e+07
1043.08	  3.77862e+07
1044.17	  3.76647e+07
1045.28	  3.75437e+07
1046.38	  3.74231e+07
1047.47	  3.7303e+07
1048.58	  3.71832e+07
1049.67	  3.70639e+07
1050.78	  3.69449e+07
1051.88	  3.68264e+07
1052.97	  3.67083e+07
1054.08	  3.65906e+07
1055.17	  3.64734e+07
1056.28	  3.63565e+07
1057.38	  3.624e+07
1058.47	  3.6124e+07
1059.58	  3.60083e+07
1060.67	  3.58931e+07
1061.78	  3.57782e+07
1062.88	  3.56638e+07
1063.97	  3.55497e+07
1065.08	  3.54361e+07
1066.17	  3.53228e+07
1067.28	  3.521e+07
1068.38	  3.50975e+07
1069.47	  3.49855e+07
1070.58	  3.48738e+07
1071.67	  3.47626e+07
1072.78	  3.46517e+07
1073.88	  3.45412e+07
1074.97	  3.44311e+07
1076.08	  3.43214e+07
1077.17	  3.4212e+07
1078.28	  3.41031e+07
1079.38	  3.39946e+07
1080.47	  3.38864e+07
1081.58	  3.37786e+07
1082.67	  3.36712e+07
1083.78	  3.35641e+07
1084.88	  3.34575e+07
1085.97	  3.33512e+07
1087.08	  3.32453e+07
1088.17	  3.31398e+07
1089.28	  3.30346e+07
1090.38	  3.29298e+07
1091.47	  3.28254e+07
1092.58	  3.27214e+07
1093.67	  3.26177e+07
1094.78	  3.25144e+07
1095.88	  3.24115e+07
1096.97	  3.23089e+07
1098.08	  3.22067e+07
1099.17	  3.21049e+07
1100.28	  3.20034e+07
1101.38	  3.19023e+07
1102.47	  3.18015e+07
1103.58	  3.17011e+07
1104.67	  3.1601e+07
1105.78	  3.15013e+07
1106.88	  3.1402e+07
1107.97	  3.1303e+07
1109.08	  3.12044e+07
1110.17	  3.11061e+07
1111.28	  3.10082e+07
1112.38	  3.09106e+07
1113.47	  3.08134e+07
1114.58	  3.07165e+07
1115.67	  3.06199e+07
1116.78	  3.05238e+07
1117.88	  3.04279e+07
1118.97	  3.03324e+07
1120.08	  3.02372e+07
1121.17	  3.01424e+07
1122.28	  3.00479e+07
1123.38	  2.99537e+07
1124.47	  2.98599e+07
1125.58	  2.97664e+07
1126.67	  2.96733e+07
1127.78	  2.95805e+07
1128.88	  2.9488e+07
1129.97	  2.93958e+07
1131.08	  2.9304e+07
1132.17	  2.92125e+07
1133.28	  2.91214e+07
1134.38	  2.90305e+07
1135.47	  2.894e+07
1136.58	  2.88498e+07
1137.67	  2.87599e+07
1138.78	  2.86704e+07
1139.88	  2.85812e+07
1140.97	  2.84923e+07
1142.08	  2.84037e+07
1143.17	  2.83154e+07
1144.28	  2.82274e+07
1145.38	  2.81398e+07
1146.47	  2.80525e+07
1147.58	  2.79655e+07
1148.67	  2.78788e+07
1149.78	  2.77924e+07
1150.88	  2.77063e+07
1151.97	  2.76205e+07
1153.08	  2.7535e+07
1154.17	  2.74499e+07
1155.28	  2.7365e+07
1156.38	  2.72805e+07
1157.47	  2.71962e+07
1158.58	  2.71123e+07
1159.67	  2.70286e+07
1160.78	  2.69453e+07
1161.88	  2.68622e+07
1162.97	  2.67795e+07
1164.08	  2.6697e+07
1165.17	  2.66149e+07
1166.28	  2.6533e+07
1167.38	  2.64514e+07
1168.47	  2.63702e+07
1169.58	  2.62892e+07
1170.67	  2.62085e+07
1171.78	  2.61281e+07
1172.88	  2.6048e+07
1173.97	  2.59681e+07
1175.08	  2.58886e+07
1176.17	  2.58093e+07
1177.28	  2.57303e+07
1178.38	  2.56516e+07
1179.47	  2.55732e+07
1180.58	  2.54951e+07
1181.67	  2.54172e+07
1182.78	  2.53397e+07
1183.88	  2.52624e+07
1184.97	  2.51854e+07
1186.08	  2.51086e+07
1187.17	  2.50321e+07
1188.28	  2.49559e+07
1189.38	  2.488e+07
1190.47	  2.48044e+07
1191.58	  2.4729e+07
1192.67	  2.46539e+07
1193.78	  2.4579e+07
1194.88	  2.45045e+07
1195.97	  2.44302e+07
1197.08	  2.43561e+07
1198.17	  2.42823e+07
1199.28	  2.42088e+07
1200.38	  2.41356e+07
1201.47	  2.40626e+07
1202.58	  2.39899e+07
1203.67	  2.39174e+07
1204.78	  2.38452e+07
1205.88	  2.37732e+07
1206.97	  2.37015e+07
1208.08	  2.36301e+07
1209.17	  2.35589e+07
1210.28	  2.3488e+07
1211.38	  2.34173e+07
1212.47	  2.33469e+07
1213.58	  2.32767e+07
1214.67	  2.32068e+07
1215.78	  2.31371e+07
1216.88	  2.30677e+07
1217.97	  2.29985e+07
1219.08	  2.29296e+07
1220.17	  2.28609e+07
1221.28	  2.27925e+07
1222.38	  2.27243e+07
1223.47	  2.26563e+07
1224.58	  2.25886e+07
1225.67	  2.25211e+07
1226.78	  2.24539e+07
1227.88	  2.23869e+07
1228.97	  2.23201e+07
1230.08	  2.22536e+07
1231.17	  2.21874e+07
1232.28	  2.21213e+07
1233.38	  2.20555e+07
1234.47	  2.19899e+07
1235.58	  2.19246e+07
1236.67	  2.18595e+07
1237.78	  2.17946e+07
1238.88	  2.17299e+07
1239.97	  2.16655e+07
1241.08	  2.16013e+07
1242.17	  2.15374e+07
1243.28	  2.14736e+07
1244.38	  2.14101e+07
1245.47	  2.13468e+07
1246.58	  2.12838e+07
1247.67	  2.12209e+07
1248.78	  2.11583e+07
1249.88	  2.10959e+07
1250.97	  2.10337e+07
1252.08	  2.09718e+07
1253.17	  2.091e+07
1254.28	  2.08485e+07
1255.38	  2.07872e+07
1256.47	  2.07261e+07
1257.58	  2.06653e+07
1258.67	  2.06046e+07
1259.78	  2.05442e+07
1260.88	  2.04839e+07
1261.97	  2.04239e+07
1263.08	  2.03641e+07
1264.17	  2.03045e+07
1265.28	  2.02451e+07
1266.38	  2.0186e+07
1267.47	  2.0127e+07
1268.58	  2.00682e+07
1269.67	  2.00097e+07
1270.78	  1.99513e+07
1271.88	  1.98932e+07
1272.97	  1.98353e+07
1274.08	  1.97775e+07
1275.17	  1.972e+07
1276.28	  1.96627e+07
1277.38	  1.96056e+07
1278.47	  1.95486e+07
1279.58	  1.94919e+07
1280.67	  1.94354e+07
1281.78	  1.9379e+07
1282.88	  1.93229e+07
1283.97	  1.9267e+07
1285.08	  1.92112e+07
1286.17	  1.91557e+07
1287.28	  1.91003e+07
1288.38	  1.90452e+07
1289.47	  1.89902e+07
1290.58	  1.89354e+07
1291.67	  1.88809e+07
1292.78	  1.88265e+07
1293.88	  1.87723e+07
1294.97	  1.87183e+07
1296.08	  1.86644e+07
1297.17	  1.86108e+07
1298.28	  1.85573e+07
1299.38	  1.85041e+07
1300.47	  1.8451e+07
1301.58	  1.83981e+07
1302.67	  1.83454e+07
1303.78	  1.82929e+07
1304.88	  1.82405e+07
1305.97	  1.81884e+07
1307.08	  1.81364e+07
1308.17	  1.80846e+07
1309.28	  1.8033e+07
1310.38	  1.79815e+07
1311.47	  1.79303e+07
1312.58	  1.78792e+07
1313.67	  1.78283e+07
1314.78	  1.77775e+07
1315.88	  1.7727e+07
1316.97	  1.76766e+07
1318.08	  1.76264e+07
1319.17	  1.75763e+07
1320.28	  1.75265e+07
1321.38	  1.74768e+07
1322.47	  1.74273e+07
1323.58	  1.73779e+07
1324.67	  1.73288e+07
1325.78	  1.72797e+07
1326.88	  1.72309e+07
1327.97	  1.71822e+07
1329.08	  1.71337e+07
1330.17	  1.70854e+07
1331.28	  1.70372e+07
1332.38	  1.69892e+07
1333.47	  1.69414e+07
1334.58	  1.68937e+07
1335.67	  1.68462e+07
1336.78	  1.67988e+07
1337.88	  1.67517e+07
1338.97	  1.67046e+07
1340.08	  1.66578e+07
1341.17	  1.66111e+07
1342.28	  1.65645e+07
1343.38	  1.65181e+07
1344.47	  1.64719e+07
1345.58	  1.64259e+07
1346.67	  1.63799e+07
1347.78	  1.63342e+07
1348.88	  1.62886e+07
1349.97	  1.62432e+07
1351.08	  1.61979e+07
1352.17	  1.61527e+07
1353.28	  1.61078e+07
1354.38	  1.60629e+07
1355.47	  1.60183e+07
1356.58	  1.59737e+07
1357.67	  1.59294e+07
1358.78	  1.58851e+07
1359.88	  1.58411e+07
1360.97	  1.57972e+07
1362.08	  1.57534e+07
1363.17	  1.57098e+07
1364.28	  1.56663e+07
1365.38	  1.5623e+07
1366.47	  1.55798e+07
1367.58	  1.55368e+07
1368.67	  1.54939e+07
1369.78	  1.54511e+07
1370.88	  1.54085e+07
1371.97	  1.53661e+07
1373.08	  1.53238e+07
1374.17	  1.52816e+07
1375.28	  1.52396e+07
1376.38	  1.51977e+07
1377.47	  1.51559e+07
1378.58	  1.51143e+07
1379.67	  1.50729e+07
1380.78	  1.50316e+07
1381.88	  1.49904e+07
1382.97	  1.49493e+07
1384.08	  1.49084e+07
1385.17	  1.48677e+07
1386.28	  1.4827e+07
1387.38	  1.47865e+07
1388.47	  1.47462e+07
1389.58	  1.47059e+07
1390.67	  1.46658e+07
1391.78	  1.46259e+07
1392.88	  1.45861e+07
1393.97	  1.45464e+07
1395.08	  1.45068e+07
1396.17	  1.44674e+07
1397.28	  1.44281e+07
1398.38	  1.43889e+07
1399.47	  1.43499e+07
1400.58	  1.4311e+07
1401.67	  1.42722e+07
1402.78	  1.42336e+07
1403.88	  1.41951e+07
1404.97	  1.41567e+07
1406.08	  1.41184e+07
1407.17	  1.40803e+07
1408.28	  1.40423e+07
1409.38	  1.40044e+07
1410.47	  1.39667e+07
1411.58	  1.3929e+07
1412.67	  1.38915e+07
1413.78	  1.38541e+07
1414.88	  1.38169e+07
1415.97	  1.37798e+07
1417.08	  1.37428e+07
1418.17	  1.37059e+07
1419.28	  1.36691e+07
1420.38	  1.36325e+07
1421.47	  1.35959e+07
1422.58	  1.35595e+07
1423.67	  1.35232e+07
1424.78	  1.34871e+07
1425.88	  1.3451e+07
1426.97	  1.34151e+07
1428.08	  1.33793e+07
1429.17	  1.33436e+07
1430.28	  1.3308e+07
1431.38	  1.32726e+07
1432.47	  1.32373e+07
1433.58	  1.3202e+07
1434.67	  1.31669e+07
1435.78	  1.31319e+07
1436.88	  1.30971e+07
1437.97	  1.30623e+07
1439.08	  1.30276e+07
1440.17	  1.29931e+07
1441.28	  1.29587e+07
1442.38	  1.29244e+07
1443.47	  1.28902e+07
1444.58	  1.28561e+07
1445.67	  1.28221e+07
1446.78	  1.27882e+07
1447.88	  1.27545e+07
1448.97	  1.27208e+07
1450.08	  1.26873e+07
1451.17	  1.26539e+07
1452.28	  1.26206e+07
1453.38	  1.25873e+07
1454.47	  1.25542e+07
1455.58	  1.25212e+07
1456.67	  1.24884e+07
1457.78	  1.24556e+07
1458.88	  1.23951e+07
1459.97	  1.23629e+07
1461.08	  1.23307e+07
1462.17	  1.22987e+07
1463.28	  1.22668e+07
1464.38	  1.2235e+07
1465.47	  1.22033e+07
1466.58	  1.21717e+07
1467.67	  1.21402e+07
1468.78	  1.21088e+07
1469.88	  1.20775e+07
1470.97	  1.20463e+07
1472.08	  1.20152e+07
1473.17	  1.19842e+07
1474.28	  1.19532e+07
1475.38	  1.19224e+07
1476.47	  1.18917e+07
1477.58	  1.18611e+07
1478.67	  1.18305e+07
1479.78	  1.18001e+07
1480.88	  1.17697e+07
1481.97	  1.17395e+07
1483.08	  1.17093e+07
1484.17	  1.16793e+07
1485.28	  1.16493e+07
1486.38	  1.16194e+07
1487.47	  1.15896e+07
1488.58	  1.15599e+07
1489.67	  1.15303e+07
1490.78	  1.15008e+07
1491.88	  1.14714e+07
1492.97	  1.14421e+07
1494.08	  1.14128e+07
1495.17	  1.13837e+07
1496.28	  1.13546e+07
1497.38	  1.13257e+07
1498.47	  1.12968e+07
1499.58	  1.1268e+07
1500.67	  1.12393e+07
1501.78	  1.12107e+07
1502.88	  1.11822e+07
1503.97	  1.11538e+07
1505.08	  1.11254e+07
1506.17	  1.10972e+07
1507.28	  1.1069e+07
1508.38	  1.10409e+07
1509.47	  1.10129e+07
1510.58	  1.0985e+07
1511.67	  1.09572e+07
1512.78	  1.09295e+07
1513.88	  1.09018e+07
1514.97	  1.08743e+07
1516.08	  1.08468e+07
1517.17	  1.08194e+07
1518.28	  1.07921e+07
1519.38	  1.07648e+07
1520.47	  1.07377e+07
1521.58	  1.07106e+07
1522.67	  1.06837e+07
1523.78	  1.06568e+07
1524.88	  1.063e+07
1525.97	  1.06032e+07
1527.08	  1.05766e+07
1528.17	  1.055e+07
1529.28	  1.05235e+07
1530.38	  1.04971e+07
1531.47	  1.04708e+07
1532.58	  1.04446e+07
1533.67	  1.04184e+07
1534.78	  1.03923e+07
1535.88	  1.03663e+07
1536.97	  1.03404e+07
1538.08	  1.03145e+07
1539.17	  1.02888e+07
1540.28	  1.02631e+07
1541.38	  1.02375e+07
1542.47	  1.02119e+07
1543.58	  1.01865e+07
1544.67	  1.01611e+07
1545.78	  1.01358e+07
1546.88	  1.01106e+07
1547.97	  1.00855e+07
1549.08	  1.00604e+07
1550.17	  1.00354e+07
1551.28	  1.00105e+07
1552.38	  9.98564e+06
1553.47	  9.96088e+06
1554.58	  9.93619e+06
1555.67	  9.91157e+06
1556.78	  9.88703e+06
1557.88	  9.86257e+06
1558.97	  9.83818e+06
1560.08	  9.81386e+06
1561.17	  9.78962e+06
1562.28	  9.76545e+06
1563.38	  9.74135e+06
1564.47	  9.71732e+06
1565.58	  9.69337e+06
1566.67	  9.66949e+06
1567.78	  9.64568e+06
1568.88	  9.62195e+06
1569.97	  9.59828e+06
1571.08	  9.57469e+06
1572.17	  9.55117e+06
1573.28	  9.52772e+06
1574.38	  9.50434e+06
1575.47	  9.48103e+06
1576.58	  9.45779e+06
1577.67	  9.43462e+06
1578.78	  9.41152e+06
1579.88	  9.38849e+06
1580.97	  9.36552e+06
1582.08	  9.34263e+06
1583.17	  9.31981e+06
1584.28	  9.29705e+06
1585.38	  9.27436e+06
1586.47	  9.25174e+06
1587.58	  9.22919e+06
1588.67	  9.20671e+06
1589.78	  9.18429e+06
1590.88	  9.16194e+06
1591.97	  9.13966e+06
1593.08	  9.11744e+06
1594.17	  9.09529e+06
1595.28	  9.0732e+06
1596.38	  9.05119e+06
1597.47	  9.02923e+06
1598.58	  9.00735e+06
1599.67	  8.98552e+06
1600.78	  8.96377e+06
1601.88	  8.94207e+06
1602.97	  8.92045e+06
1604.08	  8.89888e+06
1605.17	  8.87738e+06
1606.28	  8.85595e+06
1607.38	  8.83458e+06
1608.47	  8.81327e+06
1609.58	  8.79202e+06
1610.67	  8.77084e+06
1611.78	  8.74972e+06
1612.88	  8.72866e+06
1613.97	  8.70767e+06
1615.08	  8.68674e+06
1616.17	  8.66587e+06
1617.28	  8.64506e+06
1618.38	  8.62431e+06
1619.47	  8.60362e+06
1620.58	  8.583e+06
1621.67	  8.56243e+06
1622.78	  8.54193e+06
1623.88	  8.52149e+06
1624.97	  8.50111e+06
1626.08	  8.48078e+06
1627.17	  8.46052e+06
1628.28	  8.44032e+06
1629.38	  8.42017e+06
1630.47	  8.40009e+06
1631.58	  8.38006e+06
1632.67	  8.3601e+06
1633.78	  8.34019e+06
1634.88	  8.32034e+06
1635.97	  8.30055e+06
1637.08	  8.28082e+06
1638.17	  8.26114e+06
1639.28	  8.24152e+06
1640.38	  8.22196e+06
1641.47	  8.20246e+06
1642.58	  8.18301e+06
1643.67	  8.16362e+06
1644.78	  8.14429e+06
1645.88	  8.12502e+06
1646.97	  8.1058e+06
1648.08	  8.08663e+06
1649.17	  8.06752e+06
1650.28	  8.04847e+06
1651.38	  8.02948e+06
1652.47	  8.01053e+06
1653.58	  7.99165e+06
1654.67	  7.97282e+06
1655.78	  7.95404e+06
1656.88	  7.93532e+06
1657.97	  7.91665e+06
1659.08	  7.89804e+06
1660.17	  7.87948e+06
1661.28	  7.86097e+06
1662.38	  7.84252e+06
1663.47	  7.82412e+06
1664.58	  7.80578e+06
1665.67	  7.78749e+06
1666.78	  7.76925e+06
1667.88	  7.75106e+06
1668.97	  7.73293e+06
1670.08	  7.71485e+06
1671.17	  7.69682e+06
1672.28	  7.67884e+06
1673.38	  7.66092e+06
1674.47	  7.64304e+06
1675.58	  7.62522e+06
1676.67	  7.60745e+06
1677.78	  7.58973e+06
1678.88	  7.57206e+06
1679.97	  7.55445e+06
1681.08	  7.53688e+06
1682.17	  7.51936e+06
1683.28	  7.5019e+06
1684.38	  7.48448e+06
1685.47	  7.46712e+06
1686.58	  7.4498e+06
1687.67	  7.43253e+06
1688.78	  7.41532e+06
1689.88	  7.39815e+06
1690.97	  7.38103e+06
1692.08	  7.36396e+06
1693.17	  7.34694e+06
1694.28	  7.32997e+06
1695.38	  7.31305e+06
1696.47	  7.29617e+06
1697.58	  7.27934e+06
1698.67	  7.26256e+06
1699.78	  7.24583e+06
1700.88	  7.22915e+06
1701.97	  7.21251e+06
1703.08	  7.19593e+06
1704.17	  7.17938e+06
1705.28	  7.16289e+06
1706.38	  7.14644e+06
1707.47	  7.13004e+06
1708.58	  7.11369e+06
1709.67	  7.09738e+06
1710.78	  7.08112e+06
1711.88	  7.0649e+06
1712.97	  7.04873e+06
1714.08	  7.03261e+06
1715.17	  7.01653e+06
1716.28	  7.0005e+06
1717.38	  6.98451e+06
1718.47	  6.96857e+06
1719.58	  6.95267e+06
1720.67	  6.93682e+06
1721.78	  6.92101e+06
1722.88	  6.90525e+06
1723.97	  6.88953e+06
1725.08	  6.87386e+06
1726.17	  6.85823e+06
1727.28	  6.84264e+06
1728.38	  6.8271e+06
1729.47	  6.81161e+06
1730.58	  6.79615e+06
1731.67	  6.78074e+06
1732.78	  6.76537e+06
1733.88	  6.75005e+06
1734.97	  6.73477e+06
1736.08	  6.71953e+06
1737.17	  6.70433e+06
1738.28	  6.68918e+06
1739.38	  6.67407e+06
1740.47	  6.659e+06
1741.58	  6.64397e+06
1742.67	  6.62899e+06
1743.78	  6.61404e+06
1744.88	  6.59914e+06
1745.97	  6.58428e+06
1747.08	  6.56947e+06
1748.17	  6.55469e+06
1749.28	  6.53995e+06
1750.38	  6.52526e+06
1751.47	  6.51061e+06
1752.58	  6.49599e+06
1753.67	  6.48142e+06
1754.78	  6.46689e+06
1755.88	  6.4524e+06
1756.97	  6.43795e+06
1758.08	  6.42354e+06
1759.17	  6.40917e+06
1760.28	  6.39484e+06
1761.38	  6.38054e+06
1762.47	  6.36629e+06
1763.58	  6.35208e+06
1764.67	  6.33791e+06
1765.78	  6.32377e+06
1766.88	  6.30968e+06
1767.97	  6.29562e+06
1769.08	  6.28161e+06
1770.17	  6.26763e+06
1771.28	  6.25369e+06
1772.38	  6.23979e+06
1773.47	  6.22593e+06
1774.58	  6.2121e+06
1775.67	  6.19832e+06
1776.78	  6.18457e+06
1777.88	  6.17086e+06
1778.97	  6.15718e+06
1780.08	  6.14355e+06
1781.17	  6.12995e+06
1782.28	  6.11639e+06
1783.38	  6.10287e+06
1784.47	  6.08938e+06
1785.58	  6.07593e+06
1786.67	  6.06252e+06
1787.78	  6.04914e+06
1788.88	  6.03581e+06
1789.97	  6.0225e+06
1791.08	  6.00924e+06
1792.17	  5.99601e+06
1793.28	  5.98281e+06
1794.38	  5.96966e+06
1795.47	  5.95653e+06
1796.58	  5.94345e+06
1797.67	  5.9304e+06
1798.78	  5.91738e+06
1799.88	  5.9044e+06
1800.97	  5.89146e+06
1802.08	  5.87855e+06
1803.17	  5.86568e+06
1804.28	  5.85284e+06
1805.38	  5.84003e+06
1806.47	  5.82726e+06
1807.58	  5.81453e+06
1808.67	  5.80183e+06
1809.78	  5.78917e+06
1810.88	  5.77653e+06
1811.97	  5.76394e+06
1813.08	  5.75137e+06
1814.17	  5.73885e+06
1815.28	  5.72635e+06
1816.38	  5.71389e+06
1817.47	  5.70146e+06
1818.58	  5.68907e+06
1819.67	  5.67671e+06
1820.78	  5.66438e+06
1821.88	  5.65209e+06
1822.97	  5.63983e+06
1824.08	  5.6276e+06
1825.17	  5.6154e+06
1826.28	  5.60324e+06
1827.38	  5.59111e+06
1828.47	  5.57901e+06
1829.58	  5.56695e+06
1830.67	  5.55492e+06
1831.78	  5.54292e+06
1832.88	  5.53095e+06
1833.97	  5.51902e+06
1835.08	  5.50711e+06
1836.17	  5.49524e+06
1837.28	  5.4834e+06
1838.38	  5.47159e+06
1839.47	  5.45982e+06
1840.58	  5.44807e+06
1841.67	  5.43636e+06
1842.78	  5.42468e+06
1843.88	  5.41303e+06
1844.97	  5.40141e+06
1846.08	  5.38982e+06
1847.17	  5.37826e+06
1848.28	  5.36673e+06
1849.38	  5.35524e+06
1850.47	  5.34377e+06
1851.58	  5.33233e+06
1852.67	  5.32093e+06
1853.78	  5.30955e+06
1854.88	  5.29821e+06
1855.97	  5.28689e+06
1857.08	  5.27561e+06
1858.17	  5.26436e+06
1859.28	  5.25313e+06
1860.38	  5.24194e+06
1861.47	  5.23077e+06
1862.58	  5.21963e+06
1863.67	  5.20853e+06
1864.78	  5.19745e+06
1865.88	  5.1864e+06
1866.97	  5.17538e+06
1868.08	  5.1644e+06
1869.17	  5.15343e+06
1870.28	  5.1425e+06
1871.38	  5.1316e+06
1872.47	  5.12073e+06
1873.58	  5.10988e+06
1874.67	  5.09906e+06
1875.78	  5.08828e+06
1876.88	  5.07752e+06
1877.97	  5.06678e+06
1879.08	  5.05608e+06
1880.17	  5.0454e+06
1881.28	  5.03476e+06
1882.38	  5.02414e+06
1883.47	  5.01355e+06
1884.58	  5.00298e+06
1885.67	  4.99245e+06
1886.78	  4.98194e+06
1887.88	  4.97146e+06
1888.97	  4.961e+06
1890.08	  4.95058e+06
1891.17	  4.94018e+06
1892.28	  4.9298e+06
1893.38	  4.91946e+06
1894.47	  4.90914e+06
1895.58	  4.89885e+06
1896.67	  4.88859e+06
1897.78	  4.87835e+06
1898.88	  4.86814e+06
1899.97	  4.85795e+06
1901.08	  4.84779e+06
1902.17	  4.83766e+06
1903.28	  4.82756e+06
1904.38	  4.81748e+06
1905.47	  4.80743e+06
1906.58	  4.7974e+06
1907.67	  4.7874e+06
1908.78	  4.77742e+06
1909.88	  4.76747e+06
1910.97	  4.75755e+06
1912.08	  4.74765e+06
1913.17	  4.73778e+06
1914.28	  4.72794e+06
1915.38	  4.71811e+06
1916.47	  4.70832e+06
1917.58	  4.69855e+06
1918.67	  4.6888e+06
1919.78	  4.67908e+06
1920.88	  4.66939e+06
1921.97	  4.65972e+06
1923.08	  4.65007e+06
1924.17	  4.64045e+06
1925.28	  4.63086e+06
1926.38	  4.62129e+06
1927.47	  4.61174e+06
1928.58	  4.60222e+06
1929.67	  4.59272e+06
1930.78	  4.58325e+06
1931.88	  4.5738e+06
1932.97	  4.56437e+06
1934.08	  4.55497e+06
1935.17	  4.5456e+06
1936.28	  4.53625e+06
1937.38	  4.52692e+06
1938.47	  4.51761e+06
1939.58	  4.50833e+06
1940.67	  4.49908e+06
1941.78	  4.48984e+06
1942.88	  4.48063e+06
1943.97	  4.47145e+06
1945.08	  4.46228e+06
1946.17	  4.45314e+06
1947.28	  4.44403e+06
1948.38	  4.43493e+06
1949.47	  4.42587e+06
1950.58	  4.41682e+06
1951.67	  4.40779e+06
1952.78	  4.39879e+06
1953.88	  4.38982e+06
1954.97	  4.38086e+06
1956.08	  4.37193e+06
1957.17	  4.36302e+06
1958.28	  4.35413e+06
1959.38	  4.34527e+06
1960.47	  4.33642e+06
1961.58	  4.3276e+06
1962.67	  4.31881e+06
1963.78	  4.31003e+06
1964.88	  4.30128e+06
1965.97	  4.29255e+06
1967.08	  4.28384e+06
1968.17	  4.27515e+06
1969.28	  4.26649e+06
1970.38	  4.25784e+06
1971.47	  4.24922e+06
1972.58	  4.24062e+06
1973.67	  4.23204e+06
1974.78	  4.22349e+06
1975.88	  4.21495e+06
1976.97	  4.20644e+06
1978.08	  4.19795e+06
1979.17	  4.18947e+06
1980.28	  4.18102e+06
1981.38	  4.1726e+06
1982.47	  4.16419e+06
1983.58	  4.1558e+06
1984.67	  4.14744e+06
1985.78	  4.13909e+06
1986.88	  4.13077e+06
1987.97	  4.12247e+06
1989.08	  4.11419e+06
1990.17	  4.10592e+06
1991.28	  4.09768e+06
1992.38	  4.08946e+06
1993.47	  4.08126e+06
1994.58	  4.07309e+06
1995.67	  4.06493e+06
1996.78	  4.05679e+06
1997.88	  4.04867e+06
1998.97	  4.04057e+06
2000.08	  4.0325e+06
2001.17	  4.02444e+06
2002.28	  4.0164e+06
2003.38	  4.00838e+06
2004.47	  4.00039e+06
2005.58	  3.99241e+06
2006.67	  3.98445e+06
2007.78	  3.97651e+06
2008.88	  3.96859e+06
2009.97	  3.96069e+06
2011.08	  3.95282e+06
2012.17	  3.94496e+06
2013.28	  3.93712e+06
2014.38	  3.92929e+06
2015.47	  3.92149e+06
2016.58	  3.91371e+06
2017.67	  3.90595e+06
2018.78	  3.8982e+06
2019.88	  3.89048e+06
2020.97	  3.88277e+06
2022.08	  3.87509e+06
2023.18	  3.86742e+06
2024.28	  3.85977e+06
2025.38	  3.85214e+06
2026.47	  3.84453e+06
2027.58	  3.83693e+06
2028.68	  3.82936e+06
2029.78	  3.8218e+06
2030.88	  3.81427e+06
2031.97	  3.80675e+06
2033.08	  3.79925e+06
2034.18	  3.79177e+06
2035.28	  3.7843e+06
2036.38	  3.77686e+06
2037.47	  3.76943e+06
2038.58	  3.76202e+06
2039.68	  3.75463e+06
2040.78	  3.74726e+06
2041.88	  3.73991e+06
2042.97	  3.73257e+06
2044.08	  3.72525e+06
2045.18	  3.71795e+06
2046.28	  3.71067e+06
2047.38	  3.7034e+06
2048.47	  3.69615e+06
2049.57	  3.68893e+06
2050.68	  3.68171e+06
2051.78	  3.67452e+06
2052.88	  3.66734e+06
2053.97	  3.66018e+06
2055.07	  3.65304e+06
2056.18	  3.64591e+06
2057.28	  3.63881e+06
2058.38	  3.63172e+06
2059.47	  3.62464e+06
2060.57	  3.61759e+06
2061.68	  3.61055e+06
2062.78	  3.60353e+06
2063.88	  3.59652e+06
2064.97	  3.58953e+06
2066.07	  3.58256e+06
2067.18	  3.57561e+06
2068.28	  3.56867e+06
2069.38	  3.56175e+06
2070.47	  3.55485e+06
2071.57	  3.54796e+06
2072.68	  3.54109e+06
2073.78	  3.53423e+06
2074.88	  3.5274e+06
2075.97	  3.52057e+06
2077.07	  3.51377e+06
2078.18	  3.50698e+06
2079.28	  3.50021e+06
2080.38	  3.49345e+06
2081.47	  3.48671e+06
2082.57	  3.47999e+06
2083.68	  3.47328e+06
2084.78	  3.46659e+06
2085.88	  3.45992e+06
2086.97	  3.45326e+06
2088.07	  3.44662e+06
2089.18	  3.43999e+06
2090.28	  3.43338e+06
2091.38	  3.42678e+06
2092.47	  3.4202e+06
2093.57	  3.41364e+06
2094.68	  3.40709e+06
2095.78	  3.40056e+06
2096.88	  3.39404e+06
2097.97	  3.38754e+06
2099.07	  3.38105e+06
2100.18	  3.37458e+06
2101.28	  3.36813e+06
2102.38	  3.36169e+06
2103.47	  3.35526e+06
2104.57	  3.34885e+06
2105.68	  3.34246e+06
2106.78	  3.33608e+06
2107.88	  3.32971e+06
2108.97	  3.32337e+06
2110.07	  3.31703e+06
2111.18	  3.31071e+06
2112.28	  3.30441e+06
2113.38	  3.29812e+06
2114.47	  3.29185e+06
2115.57	  3.28559e+06
2116.68	  3.27935e+06
2117.78	  3.27312e+06
2118.88	  3.2669e+06
2119.97	  3.2607e+06
2121.07	  3.25452e+06
2122.18	  3.24835e+06
2123.28	  3.24219e+06
2124.38	  3.23605e+06
2125.47	  3.22992e+06
2126.57	  3.22381e+06
2127.68	  3.21771e+06
2128.78	  3.21163e+06
2129.88	  3.20556e+06
2130.97	  3.1995e+06
2132.07	  3.19346e+06
2133.18	  3.18744e+06
2134.28	  3.18142e+06
2135.38	  3.17543e+06
2136.47	  3.16944e+06
2137.57	  3.16347e+06
2138.68	  3.15751e+06
2139.78	  3.15157e+06
2140.88	  3.14564e+06
2141.97	  3.13973e+06
2143.07	  3.13383e+06
2144.18	  3.12794e+06
2145.28	  3.12207e+06
2146.38	  3.11621e+06
2147.47	  3.11036e+06
2148.57	  3.10453e+06
2149.68	  3.09871e+06
2150.78	  3.09291e+06
2151.88	  3.08712e+06
2152.97	  3.08134e+06
2154.07	  3.07557e+06
2155.18	  3.06982e+06
2156.28	  3.06409e+06
2157.38	  3.05836e+06
2158.47	  3.05265e+06
2159.57	  3.04695e+06
2160.68	  3.04127e+06
2161.78	  3.0356e+06
2162.88	  3.02994e+06
2163.97	  3.02429e+06
2165.07	  3.01866e+06
2166.18	  3.01304e+06
2167.28	  3.00744e+06
2168.38	  3.00185e+06
2169.47	  2.99627e+06
2170.57	  2.9907e+06
2171.68	  2.98514e+06
2172.78	  2.9796e+06
2173.88	  2.97408e+06
2174.97	  2.96856e+06
2176.07	  2.96306e+06
2177.18	  2.95757e+06
2178.28	  2.95209e+06
2179.38	  2.94663e+06
2180.47	  2.94117e+06
2181.57	  2.93573e+06
2182.68	  2.93031e+06
2183.78	  2.92489e+06
2184.88	  2.91949e+06
2185.97	  2.9141e+06
2187.07	  2.90872e+06
2188.18	  2.90336e+06
2189.28	  2.89801e+06
2190.38	  2.89266e+06
2191.47	  2.88734e+06
2192.57	  2.88202e+06
2193.68	  2.87672e+06
2194.78	  2.87143e+06
2195.88	  2.86615e+06
2196.97	  2.86088e+06
2198.07	  2.85562e+06
2199.18	  2.85038e+06
2200.28	  2.84515e+06
2201.38	  2.83993e+06
2202.47	  2.83472e+06
2203.57	  2.82953e+06
2204.68	  2.82434e+06
2205.78	  2.81917e+06
2206.88	  2.81401e+06
2207.97	  2.80886e+06
2209.07	  2.80373e+06
2210.18	  2.7986e+06
2211.28	  2.79349e+06
2212.38	  2.78839e+06
2213.47	  2.7833e+06
2214.57	  2.77822e+06
2215.68	  2.77315e+06
2216.78	  2.7681e+06
2217.88	  2.76305e+06
2218.97	  2.75802e+06
2220.07	  2.753e+06
2221.18	  2.74799e+06
2222.28	  2.74299e+06
2223.38	  2.738e+06
2224.47	  2.73303e+06
2225.57	  2.72806e+06
2226.68	  2.72311e+06
2227.78	  2.71817e+06
2228.88	  2.71324e+06
2229.97	  2.70832e+06
2231.07	  2.70341e+06
2232.18	  2.69851e+06
2233.28	  2.69363e+06
2234.38	  2.68875e+06
2235.47	  2.68389e+06
2236.57	  2.67903e+06
2237.68	  2.67419e+06
2238.78	  2.66936e+06
2239.88	  2.66454e+06
2240.97	  2.65973e+06
2242.07	  2.65493e+06
2243.18	  2.65014e+06
2244.28	  2.64536e+06
2245.38	  2.6406e+06
2246.47	  2.63584e+06
2247.57	  2.6311e+06
2248.68	  2.62636e+06
2249.78	  2.62164e+06
2250.88	  2.61692e+06
2251.97	  2.61222e+06
2253.07	  2.60753e+06
2254.18	  2.60285e+06
2255.28	  2.59817e+06
2256.38	  2.59351e+06
2257.47	  2.58886e+06
2258.57	  2.58422e+06
2259.68	  2.57959e+06
2260.78	  2.57497e+06
2261.88	  2.57036e+06
2262.97	  2.56576e+06
2264.07	  2.56118e+06
2265.18	  2.5566e+06
2266.28	  2.55203e+06
2267.38	  2.54747e+06
2268.47	  2.54292e+06
2269.57	  2.53838e+06
2270.68	  2.53386e+06
2271.78	  2.52934e+06
2272.88	  2.52483e+06
2273.97	  2.52033e+06
2275.07	  2.51585e+06
2276.18	  2.51137e+06
2277.28	  2.5069e+06
2278.38	  2.50244e+06
2279.47	  2.49799e+06
2280.57	  2.49355e+06
2281.68	  2.48913e+06
2282.78	  2.48471e+06
2283.88	  2.4803e+06
2284.97	  2.4759e+06
2286.07	  2.47151e+06
2287.18	  2.46713e+06
2288.28	  2.46276e+06
2289.38	  2.4584e+06
2290.47	  2.45405e+06
2291.57	  2.44971e+06
2292.68	  2.44538e+06
2293.78	  2.44105e+06
2294.88	  2.43674e+06
2295.97	  2.43244e+06
2297.07	  2.42815e+06
2298.18	  2.42386e+06
2299.28	  2.41959e+06
2300.38	  2.41532e+06
2301.47	  2.41106e+06
2302.57	  2.40682e+06
2303.68	  2.40258e+06
2304.78	  2.39835e+06
2305.88	  2.39413e+06
2306.97	  2.38992e+06
2308.07	  2.38572e+06
2309.18	  2.38153e+06
2310.28	  2.37735e+06
2311.38	  2.37318e+06
2312.47	  2.36902e+06
2313.57	  2.36486e+06
2314.68	  2.36071e+06
2315.78	  2.35658e+06
2316.88	  2.35245e+06
2317.97	  2.34833e+06
2319.07	  2.34422e+06
2320.18	  2.34012e+06
2321.28	  2.33603e+06
2322.38	  2.33195e+06
2323.47	  2.32788e+06
2324.57	  2.32381e+06
2325.68	  2.31975e+06
2326.78	  2.31571e+06
2327.88	  2.31167e+06
2328.97	  2.30764e+06
2330.07	  2.30362e+06
2331.18	  2.29961e+06
2332.28	  2.2956e+06
2333.38	  2.29161e+06
2334.47	  2.28762e+06
2335.57	  2.28364e+06
2336.68	  2.27968e+06
2337.78	  2.27572e+06
2338.88	  2.27176e+06
2339.97	  2.26782e+06
2341.07	  2.26389e+06
2342.18	  2.25996e+06
2343.28	  2.25604e+06
2344.38	  2.25213e+06
2345.47	  2.24823e+06
2346.57	  2.24434e+06
2347.68	  2.24046e+06
2348.78	  2.23658e+06
2349.88	  2.23271e+06
2350.97	  2.22886e+06
2352.07	  2.225e+06
2353.18	  2.22116e+06
2354.28	  2.21733e+06
2355.38	  2.2135e+06
2356.47	  2.20969e+06
2357.57	  2.20588e+06
2358.68	  2.20207e+06
2359.78	  2.19828e+06
2360.88	  2.1945e+06
2361.97	  2.19072e+06
2363.07	  2.18695e+06
2364.18	  2.18319e+06
2365.28	  2.17944e+06
2366.38	  2.17569e+06
2367.47	  2.17196e+06
2368.57	  2.16823e+06
2369.68	  2.16451e+06
2370.78	  2.1608e+06
2371.88	  2.15709e+06
2372.97	  2.1534e+06
2374.07	  2.14971e+06
2375.18	  2.14603e+06
2376.28	  2.14235e+06
2377.38	  2.13869e+06
2378.47	  2.13503e+06
2379.57	  2.13138e+06
2380.68	  2.12774e+06
2381.78	  2.12411e+06
2382.88	  2.12048e+06
2383.97	  2.11686e+06
2385.07	  2.11325e+06
2386.18	  2.10965e+06
2387.28	  2.10605e+06
2388.38	  2.10246e+06
2389.47	  2.09888e+06
2390.57	  2.09531e+06
2391.68	  2.09174e+06
2392.78	  2.08819e+06
2393.88	  2.08464e+06
2394.97	  2.08109e+06
2396.07	  2.07756e+06
2397.18	  2.07403e+06
2398.28	  2.07051e+06
2399.38	  2.067e+06
2400.47	  2.06349e+06
2401.57	  2.06e+06
2402.68	  2.05651e+06
2403.78	  2.05302e+06
2404.88	  2.04955e+06
2405.97	  2.04608e+06
2407.07	  2.04262e+06
2408.18	  2.03916e+06
2409.28	  2.03572e+06
2410.38	  2.03228e+06
2411.47	  2.02885e+06
2412.57	  2.02542e+06
2413.68	  2.022e+06
2414.78	  2.01859e+06
2415.88	  2.01519e+06
2416.97	  2.01179e+06
2418.07	  2.00841e+06
2419.18	  2.00502e+06
2420.28	  2.00165e+06
2421.38	  1.99828e+06
2422.47	  1.99492e+06
2423.57	  1.99157e+06
2424.68	  1.98822e+06
2425.78	  1.98488e+06
2426.88	  1.98155e+06
2427.97	  1.97822e+06
2429.07	  1.9749e+06
2430.18	  1.97159e+06
2431.28	  1.96829e+06
2432.38	  1.96499e+06
2433.47	  1.9617e+06
2434.57	  1.95842e+06
2435.68	  1.95514e+06
2436.78	  1.95187e+06
2437.88	  1.9486e+06
2438.97	  1.94535e+06
2440.07	  1.9421e+06
2441.18	  1.93885e+06
2442.28	  1.93562e+06
2443.38	  1.93239e+06
2444.47	  1.92916e+06
2445.57	  1.92595e+06
2446.68	  1.92274e+06
2447.78	  1.91954e+06
2448.88	  1.91634e+06
2449.97	  1.91315e+06
2451.07	  1.90997e+06
2452.18	  1.90679e+06
2453.28	  1.90362e+06
2454.38	  1.90046e+06
2455.47	  1.8973e+06
2456.57	  1.89415e+06
2457.68	  1.89101e+06
2458.78	  1.88787e+06
2459.88	  1.88474e+06
2460.97	  1.88161e+06
2462.07	  1.8785e+06
2463.18	  1.87539e+06
2464.28	  1.87228e+06
2465.38	  1.86918e+06
2466.47	  1.86609e+06
2467.57	  1.863e+06
2468.68	  1.85992e+06
2469.78	  1.85685e+06
2470.88	  1.85378e+06
2471.97	  1.85072e+06
2473.07	  1.84767e+06
2474.18	  1.84462e+06
2475.28	  1.84158e+06
2476.38	  1.83855e+06
2477.47	  1.83552e+06
