Emission arising from a slab of Hydrogen (both H and H-).
   
Parameters of the slab:
n_e = 3e+13 cm-3
T_e = 10000 K
tau(lambda=300 nm) = 3
L = 4.6692e+09 cm
   
Wavelength (nm), Emission (erg s-1 cm-2 nm-1 sr-1)
50	  122.271
91.2	  248090
120	  5.81957e+06
150	  3.65223e+07
175	  9.33178e+07
200	  1.72147e+08
225	  2.54951e+08
250	  3.23787e+08
270	  3.61761e+08
290	  3.83397e+08
300	  3.88612e+08
305	  3.89977e+08
310	  3.90583e+08
315	  3.90487e+08
320	  3.89741e+08
322.5	  3.89142e+08
325	  3.88401e+08
327	  3.87711e+08
329	  3.86937e+08
329.999	  3.86521e+08
330.266	  3.86406e+08
330.533	  3.8629e+08
330.8	  3.86173e+08
331.067	  3.86054e+08
331.334	  3.85934e+08
331.601	  3.85812e+08
331.868	  3.85689e+08
332.135	  3.85565e+08
332.402	  3.8544e+08
332.669	  3.85313e+08
332.936	  3.85185e+08
333.203	  3.85055e+08
333.47	  3.84924e+08
333.737	  3.84792e+08
334.004	  3.84659e+08
334.271	  3.84524e+08
334.538	  3.84388e+08
334.805	  3.84251e+08
335.072	  3.84112e+08
335.339	  3.83973e+08
335.606	  3.83832e+08
335.873	  3.8369e+08
336.14	  3.83546e+08
336.407	  3.83402e+08
336.674	  3.83256e+08
336.941	  3.83109e+08
337.208	  3.8296e+08
337.475	  3.82811e+08
337.742	  3.8266e+08
338.009	  3.82508e+08
338.276	  3.82355e+08
338.543	  3.82201e+08
338.81	  3.82046e+08
339.077	  3.81889e+08
339.344	  3.81732e+08
339.611	  3.81573e+08
339.878	  3.81413e+08
340.145	  3.81252e+08
340.412	  3.8109e+08
340.679	  3.80927e+08
340.946	  3.80762e+08
341.213	  3.80597e+08
341.48	  3.8043e+08
341.747	  3.80263e+08
342.014	  3.80094e+08
342.281	  3.79924e+08
342.548	  3.79754e+08
342.815	  3.79582e+08
343.082	  3.79409e+08
343.349	  3.79235e+08
343.616	  3.7906e+08
343.883	  3.78884e+08
344.15	  3.78707e+08
344.417	  3.78529e+08
344.684	  3.7835e+08
344.951	  3.7817e+08
345.218	  3.77989e+08
345.485	  3.77807e+08
345.752	  3.77624e+08
346.019	  3.7744e+08
346.286	  3.77255e+08
346.553	  3.77069e+08
346.82	  3.76882e+08
347.087	  3.76694e+08
347.354	  3.76505e+08
347.621	  3.76316e+08
347.888	  3.76125e+08
348.155	  3.75933e+08
348.422	  3.75741e+08
348.689	  3.75548e+08
348.956	  3.75353e+08
349.223	  3.75158e+08
349.49	  3.74962e+08
349.757	  3.74765e+08
350.024	  3.74567e+08
350.291	  3.74368e+08
350.558	  3.74169e+08
350.825	  3.73968e+08
351.092	  3.73767e+08
351.359	  3.73565e+08
351.626	  3.73362e+08
351.893	  3.73158e+08
352.16	  3.72953e+08
352.427	  3.72748e+08
352.694	  3.72542e+08
352.961	  3.72334e+08
353.228	  3.72126e+08
353.495	  3.71918e+08
353.762	  3.71708e+08
354.029	  3.71498e+08
354.296	  3.71287e+08
354.563	  3.71075e+08
354.83	  3.70862e+08
355.097	  3.70649e+08
355.364	  3.70435e+08
355.631	  3.7022e+08
355.898	  3.70004e+08
356.165	  3.69787e+08
356.432	  3.6957e+08
356.699	  3.69352e+08
356.966	  3.69134e+08
357.233	  3.68914e+08
357.5	  3.68694e+08
357.767	  3.68473e+08
358.034	  3.68252e+08
358.301	  3.6803e+08
358.568	  3.67807e+08
358.835	  3.67583e+08
359.102	  3.67359e+08
359.369	  3.67134e+08
359.636	  3.66908e+08
359.903	  3.66682e+08
360.17	  3.66455e+08
360.437	  3.66227e+08
360.704	  3.65999e+08
360.971	  3.6577e+08
361.238	  3.6554e+08
361.505	  3.6531e+08
361.772	  3.65079e+08
362.039	  3.64848e+08
362.306	  3.64616e+08
362.573	  3.64383e+08
363	  3.64009e+08
363.027	  3.63986e+08
363.054	  3.63963e+08
363.08	  3.63939e+08
363.107	  3.63916e+08
363.134	  3.63892e+08
363.16	  3.63869e+08
363.187	  3.63845e+08
363.214	  3.63822e+08
363.24	  3.63798e+08
363.267	  3.63775e+08
363.294	  3.63752e+08
363.321	  3.63728e+08
363.347	  3.63705e+08
363.374	  3.63681e+08
363.401	  3.63658e+08
363.427	  3.63634e+08
363.454	  3.63611e+08
363.481	  3.63587e+08
363.508	  3.63564e+08
363.534	  3.6354e+08
363.561	  3.63517e+08
363.588	  3.63493e+08
363.614	  3.6347e+08
363.641	  3.63446e+08
363.668	  3.63422e+08
363.694	  3.63399e+08
363.721	  3.63375e+08
363.748	  3.63352e+08
363.774	  3.63328e+08
363.801	  3.63305e+08
363.828	  3.63281e+08
363.855	  3.63257e+08
363.881	  3.63234e+08
363.908	  3.6321e+08
363.935	  3.63187e+08
363.961	  3.63163e+08
363.988	  3.63139e+08
364.015	  3.63116e+08
364.041	  3.63092e+08
364.068	  3.63069e+08
364.095	  3.63045e+08
364.122	  3.63021e+08
364.148	  3.62998e+08
364.175	  3.62974e+08
364.202	  3.6295e+08
364.228	  3.62927e+08
364.255	  3.62903e+08
364.282	  3.62879e+08
364.308	  3.62856e+08
364.335	  3.62832e+08
364.362	  3.62808e+08
364.389	  3.62784e+08
364.415	  3.62761e+08
364.442	  3.62737e+08
364.469	  3.62713e+08
364.495	  3.6269e+08
364.522	  3.62666e+08
364.549	  3.62642e+08
364.575	  3.62618e+08
364.602	  3.62595e+08
364.629	  3.62571e+08
364.656	  3.62547e+08
364.682	  3.62523e+08
364.709	  3.62499e+08
364.736	  9.12618e+07
364.762	  9.12717e+07
364.789	  9.12815e+07
364.816	  9.12914e+07
364.842	  9.13012e+07
364.869	  9.1311e+07
364.896	  9.13209e+07
364.923	  9.13307e+07
364.949	  9.13405e+07
364.976	  9.13503e+07
365.003	  9.13602e+07
365.029	  9.137e+07
365.056	  9.13798e+07
365.083	  9.13896e+07
365.11	  9.13994e+07
365.136	  9.14093e+07
365.163	  9.14191e+07
365.19	  9.14289e+07
365.216	  9.14387e+07
365.243	  9.14485e+07
365.27	  9.14583e+07
365.296	  9.14681e+07
365.323	  9.14779e+07
365.35	  9.14877e+07
365.377	  9.14975e+07
365.403	  9.15073e+07
365.43	  9.15171e+07
365.457	  9.15269e+07
365.483	  9.15366e+07
365.51	  9.15464e+07
365.537	  9.15562e+07
365.563	  9.1566e+07
365.59	  9.15758e+07
365.617	  9.15855e+07
365.643	  9.15953e+07
365.67	  9.16051e+07
365.697	  9.16148e+07
365.724	  9.16246e+07
365.75	  9.16344e+07
365.777	  9.16441e+07
365.804	  9.16539e+07
365.83	  9.16637e+07
365.857	  9.16734e+07
365.884	  9.16832e+07
365.91	  9.16929e+07
365.937	  9.17027e+07
365.964	  9.17124e+07
365.991	  9.17222e+07
365.991	  9.17222e+07
366.258	  9.18195e+07
366.525	  9.19166e+07
366.792	  9.20136e+07
367.059	  9.21103e+07
367.326	  9.22068e+07
367.593	  9.2303e+07
367.86	  9.23991e+07
368.127	  9.2495e+07
368.394	  9.25906e+07
368.661	  9.26861e+07
368.928	  9.27813e+07
369.195	  9.28763e+07
369.462	  9.29711e+07
369.729	  9.30657e+07
369.996	  9.31601e+07
370.263	  9.32543e+07
370.53	  9.33482e+07
370.797	  9.34419e+07
371.064	  9.35355e+07
371.331	  9.36288e+07
371.598	  9.37219e+07
371.865	  9.38148e+07
372.132	  9.39074e+07
372.399	  9.39999e+07
372.666	  9.40921e+07
372.933	  9.41842e+07
373.2	  9.4276e+07
373.467	  9.43676e+07
373.734	  9.44589e+07
374.001	  9.45501e+07
374.268	  9.46411e+07
374.535	  9.47318e+07
374.802	  9.48223e+07
375.069	  9.49126e+07
375.336	  9.50027e+07
375.603	  9.50926e+07
375.87	  9.51822e+07
376.137	  9.52717e+07
376.404	  9.53609e+07
376.671	  9.54499e+07
376.938	  9.55387e+07
377.205	  9.56273e+07
377.472	  9.57156e+07
377.739	  9.58037e+07
378.006	  9.58917e+07
378.273	  9.59794e+07
378.54	  9.60669e+07
378.807	  9.61541e+07
379.074	  9.62412e+07
379.341	  9.6328e+07
379.608	  9.64146e+07
379.875	  9.6501e+07
380.142	  9.65872e+07
380.409	  9.66732e+07
380.676	  9.67589e+07
380.943	  9.68444e+07
381.21	  9.69298e+07
381.477	  9.70148e+07
381.744	  9.70997e+07
382.011	  9.71844e+07
382.278	  9.72688e+07
382.545	  9.7353e+07
382.812	  9.7437e+07
383.079	  9.75208e+07
383.346	  9.76043e+07
383.613	  9.76877e+07
383.88	  9.77708e+07
384.147	  9.78537e+07
384.414	  9.79364e+07
384.681	  9.80188e+07
384.948	  9.81011e+07
385.215	  9.81831e+07
385.482	  9.82649e+07
385.749	  9.83465e+07
386.016	  9.84278e+07
386.283	  9.8509e+07
386.55	  9.85899e+07
386.817	  9.86706e+07
387.084	  9.87511e+07
387.351	  9.88313e+07
387.618	  9.89114e+07
387.885	  9.89912e+07
388.152	  9.90708e+07
388.419	  9.91502e+07
388.686	  9.92294e+07
388.953	  9.93083e+07
389.22	  9.9387e+07
389.487	  9.94655e+07
389.754	  9.95438e+07
390.021	  9.96218e+07
390.288	  9.96997e+07
390.555	  9.97773e+07
390.822	  9.98547e+07
391.089	  9.99319e+07
391.356	  1.00009e+08
391.623	  1.00086e+08
391.89	  1.00162e+08
392.157	  1.00238e+08
392.424	  1.00314e+08
392.691	  1.0039e+08
392.958	  1.00466e+08
393.225	  1.00541e+08
393.492	  1.00616e+08
393.759	  1.00691e+08
394.026	  1.00766e+08
394.293	  1.00841e+08
394.56	  1.00915e+08
394.827	  1.00989e+08
395.094	  1.01063e+08
395.361	  1.01137e+08
395.628	  1.0121e+08
395.895	  1.01283e+08
396.162	  1.01356e+08
396.429	  1.01429e+08
396.696	  1.01501e+08
396.963	  1.01574e+08
397.23	  1.01646e+08
397.497	  1.01718e+08
397.764	  1.01789e+08
398.031	  1.01861e+08
398.298	  1.01932e+08
398.565	  1.02003e+08
398.832	  1.02074e+08
399.099	  1.02144e+08
399.366	  1.02215e+08
399.633	  1.02285e+08
399.9	  1.02355e+08
400.167	  1.02424e+08
400.434	  1.02494e+08
400.701	  1.02563e+08
400.968	  1.02632e+08
401.235	  1.02701e+08
401.502	  1.02769e+08
401.769	  1.02838e+08
402.036	  1.02906e+08
402.303	  1.02974e+08
402.57	  1.03041e+08
402.837	  1.03109e+08
403.104	  1.03176e+08
403.371	  1.03243e+08
403.638	  1.0331e+08
403.905	  1.03376e+08
404.172	  1.03443e+08
404.439	  1.03509e+08
404.706	  1.03575e+08
404.973	  1.0364e+08
405.24	  1.03706e+08
405.507	  1.03771e+08
405.774	  1.03836e+08
406.041	  1.03901e+08
406.308	  1.03966e+08
406.575	  1.0403e+08
406.842	  1.04094e+08
407.109	  1.04158e+08
407.376	  1.04222e+08
407.643	  1.04285e+08
407.91	  1.04348e+08
408.177	  1.04411e+08
408.444	  1.04474e+08
408.711	  1.04537e+08
408.978	  1.04599e+08
409.245	  1.04661e+08
409.512	  1.04723e+08
409.779	  1.04785e+08
410.046	  1.04847e+08
410.313	  1.04908e+08
410.58	  1.04969e+08
410.847	  1.0503e+08
411.114	  1.0509e+08
411.381	  1.05151e+08
411.648	  1.05211e+08
411.915	  1.05271e+08
412.182	  1.05331e+08
412.449	  1.0539e+08
412.716	  1.0545e+08
412.983	  1.05509e+08
413.25	  1.05568e+08
413.517	  1.05626e+08
413.784	  1.05685e+08
414.051	  1.05743e+08
414.318	  1.05801e+08
414.585	  1.05859e+08
414.852	  1.05916e+08
415.119	  1.05974e+08
415.386	  1.06031e+08
415.653	  1.06088e+08
415.92	  1.06144e+08
416.187	  1.06201e+08
416.454	  1.06257e+08
416.721	  1.06313e+08
416.988	  1.06369e+08
417.255	  1.06425e+08
417.522	  1.0648e+08
417.789	  1.06535e+08
418.056	  1.0659e+08
418.323	  1.06645e+08
418.59	  1.06699e+08
418.857	  1.06754e+08
419.124	  1.06808e+08
419.391	  1.06862e+08
419.658	  1.06915e+08
419.925	  1.06969e+08
420.192	  1.07022e+08
420.459	  1.07075e+08
420.726	  1.07128e+08
420.993	  1.0718e+08
421.26	  1.07233e+08
421.527	  1.07285e+08
421.794	  1.07337e+08
422.061	  1.07389e+08
422.328	  1.0744e+08
422.595	  1.07491e+08
422.862	  1.07542e+08
423.129	  1.07593e+08
423.396	  1.07644e+08
423.663	  1.07694e+08
423.93	  1.07745e+08
424.197	  1.07795e+08
424.464	  1.07844e+08
424.731	  1.07894e+08
424.998	  1.07943e+08
425.265	  1.07992e+08
425.532	  1.08041e+08
425.799	  1.0809e+08
426.066	  1.08139e+08
426.333	  1.08187e+08
426.6	  1.08235e+08
426.867	  1.08283e+08
427.134	  1.0833e+08
427.401	  1.08378e+08
427.668	  1.08425e+08
427.935	  1.08472e+08
428.202	  1.08519e+08
428.469	  1.08565e+08
428.736	  1.08612e+08
429.003	  1.08658e+08
429.27	  1.08704e+08
429.537	  1.0875e+08
429.804	  1.08795e+08
430.071	  1.0884e+08
430.338	  1.08886e+08
430.605	  1.0893e+08
430.872	  1.08975e+08
431.139	  1.0902e+08
431.406	  1.09064e+08
431.673	  1.09108e+08
431.94	  1.09152e+08
432.207	  1.09195e+08
432.474	  1.09239e+08
432.741	  1.09282e+08
433.008	  1.09325e+08
433.275	  1.09368e+08
433.542	  1.0941e+08
433.809	  1.09453e+08
434.076	  1.09495e+08
434.343	  1.09537e+08
434.61	  1.09579e+08
434.877	  1.0962e+08
435.144	  1.09661e+08
435.411	  1.09702e+08
435.678	  1.09743e+08
435.945	  1.09784e+08
436.212	  1.09825e+08
436.479	  1.09865e+08
436.746	  1.09905e+08
437.013	  1.09945e+08
437.28	  1.09984e+08
437.547	  1.10024e+08
437.814	  1.10063e+08
438.081	  1.10102e+08
438.348	  1.10141e+08
438.615	  1.1018e+08
438.882	  1.10218e+08
439.149	  1.10256e+08
439.416	  1.10294e+08
439.683	  1.10332e+08
439.95	  1.1037e+08
440.217	  1.10407e+08
440.484	  1.10444e+08
440.751	  1.10481e+08
441.018	  1.10518e+08
441.285	  1.10554e+08
441.552	  1.10591e+08
441.819	  1.10627e+08
442.086	  1.10663e+08
442.353	  1.10699e+08
442.62	  1.10734e+08
442.887	  1.1077e+08
443.154	  1.10805e+08
443.421	  1.1084e+08
443.688	  1.10874e+08
443.955	  1.10909e+08
444.222	  1.10943e+08
444.489	  1.10977e+08
444.756	  1.11011e+08
445.023	  1.11045e+08
445.29	  1.11078e+08
445.557	  1.11112e+08
445.824	  1.11145e+08
446.091	  1.11178e+08
446.358	  1.11211e+08
446.625	  1.11243e+08
446.892	  1.11275e+08
447.159	  1.11307e+08
447.426	  1.11339e+08
447.693	  1.11371e+08
447.96	  1.11403e+08
448.227	  1.11434e+08
448.494	  1.11465e+08
448.761	  1.11496e+08
449.028	  1.11527e+08
449.295	  1.11557e+08
449.562	  1.11587e+08
449.829	  1.11617e+08
450.096	  1.11647e+08
450.363	  1.11677e+08
450.63	  1.11707e+08
450.897	  1.11736e+08
451.164	  1.11765e+08
451.431	  1.11794e+08
451.698	  1.11823e+08
451.965	  1.11851e+08
452.232	  1.1188e+08
452.499	  1.11908e+08
452.766	  1.11936e+08
453.033	  1.11963e+08
453.3	  1.11991e+08
453.567	  1.12018e+08
453.834	  1.12045e+08
454.101	  1.12072e+08
454.368	  1.12099e+08
454.635	  1.12126e+08
454.902	  1.12152e+08
455.169	  1.12178e+08
455.436	  1.12204e+08
455.703	  1.1223e+08
455.97	  1.12255e+08
456.237	  1.12281e+08
456.504	  1.12306e+08
456.771	  1.12331e+08
457.038	  1.12356e+08
457.305	  1.12381e+08
457.572	  1.12405e+08
457.839	  1.12429e+08
458.106	  1.12453e+08
458.373	  1.12477e+08
458.64	  1.12501e+08
458.907	  1.12524e+08
459.174	  1.12547e+08
459.441	  1.12571e+08
459.708	  1.12593e+08
459.975	  1.12616e+08
460.242	  1.12639e+08
460.509	  1.12661e+08
460.776	  1.12683e+08
461.043	  1.12705e+08
461.31	  1.12727e+08
461.577	  1.12748e+08
461.844	  1.1277e+08
462.111	  1.12791e+08
462.378	  1.12812e+08
462.645	  1.12833e+08
462.912	  1.12853e+08
463.179	  1.12874e+08
463.446	  1.12894e+08
463.713	  1.12914e+08
463.98	  1.12934e+08
464.247	  1.12954e+08
464.514	  1.12973e+08
464.781	  1.12992e+08
465.048	  1.13011e+08
465.315	  1.1303e+08
465.582	  1.13049e+08
465.849	  1.13068e+08
466.116	  1.13086e+08
466.383	  1.13104e+08
466.65	  1.13122e+08
466.917	  1.1314e+08
467.184	  1.13158e+08
467.451	  1.13175e+08
467.718	  1.13192e+08
467.985	  1.13209e+08
468.252	  1.13226e+08
468.519	  1.13243e+08
468.786	  1.1326e+08
469.053	  1.13276e+08
469.32	  1.13292e+08
469.587	  1.13308e+08
469.854	  1.13324e+08
470.121	  1.13339e+08
470.388	  1.13355e+08
470.655	  1.1337e+08
470.922	  1.13385e+08
471.189	  1.134e+08
471.456	  1.13415e+08
471.723	  1.13429e+08
471.99	  1.13444e+08
472.257	  1.13458e+08
472.524	  1.13472e+08
472.791	  1.13485e+08
473.058	  1.13499e+08
473.325	  1.13513e+08
473.592	  1.13526e+08
473.859	  1.13539e+08
474.126	  1.13552e+08
474.393	  1.13564e+08
474.66	  1.13577e+08
474.927	  1.13589e+08
475.194	  1.13602e+08
475.461	  1.13614e+08
475.728	  1.13625e+08
475.995	  1.13637e+08
476.262	  1.13649e+08
476.529	  1.1366e+08
476.796	  1.13671e+08
477.063	  1.13682e+08
477.33	  1.13693e+08
477.597	  1.13703e+08
477.864	  1.13714e+08
478.131	  1.13724e+08
478.398	  1.13734e+08
478.665	  1.13744e+08
478.932	  1.13754e+08
479.199	  1.13763e+08
479.466	  1.13773e+08
479.733	  1.13782e+08
480	  1.13791e+08
480.267	  1.138e+08
480.534	  1.13808e+08
480.801	  1.13817e+08
481.068	  1.13825e+08
481.335	  1.13833e+08
481.602	  1.13841e+08
481.869	  1.13849e+08
482.136	  1.13857e+08
482.403	  1.13864e+08
482.67	  1.13871e+08
482.937	  1.13879e+08
483.204	  1.13886e+08
483.471	  1.13892e+08
483.738	  1.13899e+08
484.005	  1.13905e+08
484.272	  1.13912e+08
484.539	  1.13918e+08
484.806	  1.13924e+08
485.073	  1.1393e+08
485.34	  1.13935e+08
485.607	  1.13941e+08
485.874	  1.13946e+08
486.141	  1.13951e+08
486.408	  1.13956e+08
486.675	  1.13961e+08
486.942	  1.13965e+08
487.209	  1.1397e+08
487.476	  1.13974e+08
487.743	  1.13978e+08
488.01	  1.13982e+08
488.277	  1.13986e+08
488.544	  1.13989e+08
488.811	  1.13993e+08
489.078	  1.13996e+08
489.345	  1.13999e+08
489.612	  1.14002e+08
489.879	  1.14005e+08
490.146	  1.14007e+08
490.413	  1.1401e+08
490.68	  1.14012e+08
490.947	  1.14014e+08
491.214	  1.14016e+08
491.481	  1.14018e+08
491.748	  1.1402e+08
492.015	  1.14021e+08
492.282	  1.14022e+08
492.549	  1.14024e+08
492.816	  1.14025e+08
493.083	  1.14025e+08
493.35	  1.14026e+08
493.617	  1.14027e+08
493.884	  1.14027e+08
494.151	  1.14027e+08
494.418	  1.14027e+08
494.685	  1.14027e+08
494.952	  1.14027e+08
495.219	  1.14026e+08
495.486	  1.14026e+08
495.753	  1.14025e+08
496.02	  1.14024e+08
496.287	  1.14023e+08
496.554	  1.14022e+08
496.821	  1.1402e+08
497.088	  1.14019e+08
497.355	  1.14017e+08
497.622	  1.14015e+08
497.889	  1.14013e+08
498.156	  1.14011e+08
498.423	  1.14008e+08
498.69	  1.14006e+08
498.957	  1.14003e+08
499.224	  1.14e+08
499.491	  1.13997e+08
499.758	  1.13994e+08
500.025	  1.13991e+08
500.292	  1.13988e+08
500.559	  1.13984e+08
500.826	  1.1398e+08
501.093	  1.13976e+08
501.36	  1.13972e+08
501.627	  1.13968e+08
501.894	  1.13964e+08
502.161	  1.13959e+08
502.428	  1.13955e+08
502.695	  1.1395e+08
502.962	  1.13945e+08
503.229	  1.1394e+08
503.496	  1.13934e+08
503.763	  1.13929e+08
504.03	  1.13923e+08
504.297	  1.13918e+08
504.564	  1.13912e+08
504.831	  1.13906e+08
505.098	  1.139e+08
505.365	  1.13893e+08
505.632	  1.13887e+08
505.899	  1.1388e+08
506.166	  1.13874e+08
506.433	  1.13867e+08
506.7	  1.1386e+08
506.967	  1.13852e+08
507.234	  1.13845e+08
507.501	  1.13837e+08
507.768	  1.1383e+08
508.035	  1.13822e+08
508.302	  1.13814e+08
508.569	  1.13806e+08
508.836	  1.13798e+08
509.103	  1.13789e+08
509.37	  1.13781e+08
509.637	  1.13772e+08
509.904	  1.13763e+08
510.171	  1.13754e+08
510.438	  1.13745e+08
510.705	  1.13736e+08
510.972	  1.13727e+08
511.239	  1.13717e+08
511.506	  1.13707e+08
511.773	  1.13698e+08
512.04	  1.13688e+08
512.307	  1.13678e+08
512.574	  1.13667e+08
512.841	  1.13657e+08
513.108	  1.13646e+08
513.375	  1.13636e+08
513.642	  1.13625e+08
513.909	  1.13614e+08
514.176	  1.13603e+08
514.443	  1.13592e+08
514.71	  1.1358e+08
514.977	  1.13569e+08
515.244	  1.13557e+08
515.511	  1.13545e+08
515.778	  1.13533e+08
516.045	  1.13521e+08
516.312	  1.13509e+08
516.579	  1.13497e+08
516.846	  1.13484e+08
517.113	  1.13471e+08
517.38	  1.13459e+08
517.647	  1.13446e+08
517.914	  1.13433e+08
518.181	  1.1342e+08
518.448	  1.13406e+08
518.715	  1.13393e+08
518.982	  1.13379e+08
519.249	  1.13365e+08
519.516	  1.13352e+08
519.783	  1.13338e+08
520.05	  1.13323e+08
520.317	  1.13309e+08
520.584	  1.13295e+08
520.851	  1.1328e+08
521.118	  1.13266e+08
521.385	  1.13251e+08
521.652	  1.13236e+08
521.919	  1.13221e+08
522.186	  1.13206e+08
522.453	  1.1319e+08
522.72	  1.13175e+08
522.987	  1.13159e+08
523.254	  1.13143e+08
523.521	  1.13128e+08
523.788	  1.13112e+08
524.055	  1.13095e+08
524.322	  1.13079e+08
524.589	  1.13063e+08
524.856	  1.13046e+08
525.123	  1.1303e+08
525.39	  1.13013e+08
525.657	  1.12996e+08
525.924	  1.12979e+08
526.191	  1.12962e+08
526.458	  1.12945e+08
526.725	  1.12927e+08
526.992	  1.1291e+08
527.259	  1.12892e+08
527.526	  1.12874e+08
527.793	  1.12856e+08
528.06	  1.12838e+08
528.327	  1.1282e+08
528.594	  1.12802e+08
528.861	  1.12783e+08
529.128	  1.12765e+08
529.395	  1.12746e+08
529.662	  1.12727e+08
529.929	  1.12708e+08
530.196	  1.12689e+08
530.463	  1.1267e+08
530.73	  1.12651e+08
530.997	  1.12631e+08
531.264	  1.12612e+08
531.531	  1.12592e+08
531.798	  1.12572e+08
532.065	  1.12552e+08
532.332	  1.12532e+08
532.599	  1.12512e+08
532.866	  1.12492e+08
533.133	  1.12471e+08
533.4	  1.12451e+08
533.667	  1.1243e+08
533.934	  1.12409e+08
534.201	  1.12388e+08
534.468	  1.12367e+08
534.735	  1.12346e+08
535.002	  1.12325e+08
535.269	  1.12303e+08
535.536	  1.12282e+08
535.803	  1.1226e+08
536.07	  1.12238e+08
536.337	  1.12217e+08
536.604	  1.12195e+08
536.871	  1.12172e+08
537.138	  1.1215e+08
537.405	  1.12128e+08
537.672	  1.12105e+08
537.939	  1.12083e+08
538.206	  1.1206e+08
538.473	  1.12037e+08
538.74	  1.12014e+08
539.007	  1.11991e+08
539.274	  1.11968e+08
539.541	  1.11945e+08
539.808	  1.11922e+08
540.075	  1.11898e+08
540.342	  1.11874e+08
540.609	  1.11851e+08
540.876	  1.11827e+08
541.143	  1.11803e+08
541.41	  1.11779e+08
541.677	  1.11755e+08
541.944	  1.1173e+08
542.211	  1.11706e+08
542.478	  1.11681e+08
542.745	  1.11657e+08
543.012	  1.11632e+08
543.279	  1.11607e+08
543.546	  1.11582e+08
543.813	  1.11557e+08
544.08	  1.11532e+08
544.347	  1.11506e+08
544.614	  1.11481e+08
544.881	  1.11455e+08
545.148	  1.1143e+08
545.415	  1.11404e+08
545.682	  1.11378e+08
545.949	  1.11352e+08
546.216	  1.11326e+08
546.483	  1.113e+08
546.75	  1.11273e+08
547.017	  1.11247e+08
547.284	  1.1122e+08
547.551	  1.11194e+08
547.818	  1.11167e+08
548.085	  1.1114e+08
548.352	  1.11113e+08
548.619	  1.11086e+08
548.886	  1.11059e+08
549.153	  1.11032e+08
549.42	  1.11004e+08
549.687	  1.10977e+08
549.954	  1.10949e+08
550.221	  1.10922e+08
550.488	  1.10894e+08
550.755	  1.10866e+08
551.022	  1.10838e+08
551.289	  1.1081e+08
551.556	  1.10781e+08
551.823	  1.10753e+08
552.09	  1.10725e+08
552.357	  1.10696e+08
552.624	  1.10667e+08
552.891	  1.10639e+08
553.158	  1.1061e+08
553.425	  1.10581e+08
553.692	  1.10552e+08
553.959	  1.10523e+08
554.226	  1.10493e+08
554.493	  1.10464e+08
554.76	  1.10435e+08
555.027	  1.10405e+08
555.294	  1.10375e+08
555.561	  1.10345e+08
555.828	  1.10316e+08
556.095	  1.10286e+08
556.362	  1.10256e+08
556.629	  1.10225e+08
556.896	  1.10195e+08
557.163	  1.10165e+08
557.43	  1.10134e+08
557.697	  1.10104e+08
557.964	  1.10073e+08
558.231	  1.10042e+08
558.498	  1.10011e+08
558.765	  1.0998e+08
559.032	  1.09949e+08
559.299	  1.09918e+08
559.566	  1.09887e+08
560.009	  1.09835e+08
560.296	  1.09801e+08
560.583	  1.09767e+08
560.87	  1.09733e+08
561.157	  1.09699e+08
561.444	  1.09664e+08
561.731	  1.0963e+08
562.018	  1.09595e+08
562.305	  1.09561e+08
562.592	  1.09526e+08
562.879	  1.09491e+08
563.166	  1.09456e+08
563.453	  1.09421e+08
563.74	  1.09386e+08
564.027	  1.09351e+08
564.314	  1.09315e+08
564.601	  1.0928e+08
564.888	  1.09244e+08
565.175	  1.09208e+08
565.462	  1.09173e+08
565.749	  1.09137e+08
566.036	  1.09101e+08
566.323	  1.09064e+08
566.61	  1.09028e+08
566.897	  1.08992e+08
567.184	  1.08955e+08
567.471	  1.08919e+08
567.758	  1.08882e+08
568.045	  1.08845e+08
568.332	  1.08808e+08
568.619	  1.08771e+08
568.906	  1.08734e+08
569.193	  1.08697e+08
569.48	  1.0866e+08
569.767	  1.08623e+08
570.054	  1.08585e+08
570.341	  1.08547e+08
570.628	  1.0851e+08
570.915	  1.08472e+08
571.202	  1.08434e+08
571.489	  1.08396e+08
571.776	  1.08358e+08
572.063	  1.0832e+08
572.35	  1.08282e+08
572.637	  1.08243e+08
572.924	  1.08205e+08
573.211	  1.08166e+08
573.498	  1.08127e+08
573.785	  1.08089e+08
574.072	  1.0805e+08
574.359	  1.08011e+08
574.646	  1.07972e+08
574.933	  1.07933e+08
575.22	  1.07893e+08
575.507	  1.07854e+08
575.794	  1.07815e+08
576.081	  1.07775e+08
576.368	  1.07735e+08
576.655	  1.07696e+08
576.942	  1.07656e+08
577.229	  1.07616e+08
577.516	  1.07576e+08
577.803	  1.07536e+08
578.09	  1.07496e+08
578.377	  1.07455e+08
578.664	  1.07415e+08
578.951	  1.07374e+08
579.238	  1.07334e+08
579.525	  1.07293e+08
579.812	  1.07253e+08
580.099	  1.07212e+08
580.386	  1.07171e+08
580.673	  1.0713e+08
580.96	  1.07089e+08
581.247	  1.07047e+08
581.534	  1.07006e+08
581.821	  1.06965e+08
582.108	  1.06923e+08
582.395	  1.06882e+08
582.682	  1.0684e+08
582.969	  1.06798e+08
583.256	  1.06756e+08
583.543	  1.06715e+08
583.83	  1.06673e+08
584.117	  1.06631e+08
584.404	  1.06588e+08
584.691	  1.06546e+08
584.978	  1.06504e+08
585.265	  1.06461e+08
585.552	  1.06419e+08
585.839	  1.06376e+08
586.126	  1.06334e+08
586.413	  1.06291e+08
586.7	  1.06248e+08
586.987	  1.06205e+08
587.274	  1.06162e+08
587.561	  1.06119e+08
587.848	  1.06076e+08
588.135	  1.06032e+08
588.422	  1.05989e+08
588.709	  1.05946e+08
588.996	  1.05902e+08
589.283	  1.05858e+08
589.57	  1.05815e+08
589.857	  1.05771e+08
590.144	  1.05727e+08
590.431	  1.05683e+08
590.718	  1.05639e+08
591.005	  1.05595e+08
591.292	  1.05551e+08
591.579	  1.05507e+08
591.866	  1.05462e+08
592.153	  1.05418e+08
592.44	  1.05373e+08
592.727	  1.05329e+08
593.014	  1.05284e+08
593.301	  1.0524e+08
593.588	  1.05195e+08
593.875	  1.0515e+08
594.162	  1.05105e+08
594.449	  1.0506e+08
594.736	  1.05015e+08
595.023	  1.0497e+08
595.31	  1.04924e+08
595.597	  1.04879e+08
595.884	  1.04834e+08
596.171	  1.04788e+08
596.458	  1.04743e+08
596.745	  1.04697e+08
597.032	  1.04651e+08
597.319	  1.04605e+08
597.606	  1.0456e+08
597.893	  1.04514e+08
598.18	  1.04468e+08
598.467	  1.04422e+08
598.754	  1.04375e+08
599.041	  1.04329e+08
599.328	  1.04283e+08
599.615	  1.04236e+08
599.902	  1.0419e+08
600.189	  1.04143e+08
600.476	  1.04097e+08
600.763	  1.0405e+08
601.05	  1.04004e+08
601.337	  1.03957e+08
601.624	  1.0391e+08
601.911	  1.03863e+08
602.198	  1.03816e+08
602.485	  1.03769e+08
602.772	  1.03722e+08
603.059	  1.03674e+08
603.346	  1.03627e+08
603.633	  1.0358e+08
603.92	  1.03532e+08
604.207	  1.03485e+08
604.494	  1.03437e+08
604.781	  1.0339e+08
605.068	  1.03342e+08
605.355	  1.03294e+08
605.642	  1.03246e+08
605.929	  1.03198e+08
606.216	  1.03151e+08
606.503	  1.03103e+08
606.79	  1.03054e+08
607.077	  1.03006e+08
607.364	  1.02958e+08
607.651	  1.0291e+08
607.938	  1.02861e+08
608.225	  1.02813e+08
608.512	  1.02764e+08
608.799	  1.02716e+08
609.086	  1.02667e+08
609.373	  1.02619e+08
609.66	  1.0257e+08
609.947	  1.02521e+08
610.234	  1.02472e+08
610.521	  1.02423e+08
610.808	  1.02374e+08
611.095	  1.02325e+08
611.382	  1.02276e+08
611.669	  1.02227e+08
611.956	  1.02178e+08
612.243	  1.02128e+08
612.53	  1.02079e+08
612.817	  1.0203e+08
613.104	  1.0198e+08
613.391	  1.01931e+08
613.678	  1.01881e+08
613.965	  1.01831e+08
614.252	  1.01782e+08
614.539	  1.01732e+08
614.826	  1.01682e+08
615.113	  1.01632e+08
615.4	  1.01582e+08
615.687	  1.01532e+08
615.974	  1.01482e+08
616.261	  1.01432e+08
616.548	  1.01382e+08
616.835	  1.01332e+08
617.122	  1.01281e+08
617.409	  1.01231e+08
617.696	  1.01181e+08
617.983	  1.0113e+08
618.27	  1.0108e+08
618.557	  1.01029e+08
618.844	  1.00978e+08
619.131	  1.00928e+08
619.418	  1.00877e+08
619.705	  1.00826e+08
619.992	  1.00775e+08
620.279	  1.00724e+08
620.566	  1.00673e+08
620.853	  1.00622e+08
621.14	  1.00571e+08
621.427	  1.0052e+08
621.714	  1.00469e+08
622.001	  1.00418e+08
622.288	  1.00367e+08
622.575	  1.00315e+08
622.862	  1.00264e+08
623.149	  1.00212e+08
623.436	  1.00161e+08
623.723	  1.00109e+08
624.01	  1.00058e+08
624.297	  1.00006e+08
624.584	  9.99545e+07
624.871	  9.99027e+07
625.158	  9.98509e+07
625.445	  9.97991e+07
625.732	  9.97472e+07
626.019	  9.96953e+07
626.306	  9.96433e+07
626.593	  9.95912e+07
626.88	  9.95391e+07
627.167	  9.9487e+07
627.454	  9.94348e+07
627.741	  9.93826e+07
628.028	  9.93303e+07
628.315	  9.9278e+07
628.602	  9.92256e+07
628.889	  9.91732e+07
629.176	  9.91207e+07
629.463	  9.90682e+07
629.75	  9.90156e+07
630.037	  9.8963e+07
630.324	  9.89104e+07
630.611	  9.88577e+07
630.898	  9.88049e+07
631.185	  9.87521e+07
631.472	  9.86993e+07
631.759	  9.86464e+07
632.046	  9.85935e+07
632.333	  9.85405e+07
632.62	  9.84875e+07
632.907	  9.84344e+07
633.194	  9.83813e+07
633.481	  9.83282e+07
633.768	  9.8275e+07
634.055	  9.82218e+07
634.342	  9.81685e+07
634.629	  9.81152e+07
634.916	  9.80618e+07
635.203	  9.80084e+07
635.49	  9.79549e+07
635.777	  9.79015e+07
636.064	  9.78479e+07
636.351	  9.77943e+07
636.638	  9.77407e+07
636.925	  9.76871e+07
637.212	  9.76334e+07
637.499	  9.75797e+07
637.786	  9.75259e+07
638.073	  9.74721e+07
638.36	  9.74182e+07
638.647	  9.73643e+07
638.934	  9.73104e+07
639.221	  9.72564e+07
639.508	  9.72024e+07
639.795	  9.71483e+07
640.082	  9.70942e+07
640.369	  9.70401e+07
640.656	  9.69859e+07
640.943	  9.69317e+07
641.23	  9.68775e+07
641.517	  9.68232e+07
641.804	  9.67689e+07
642.091	  9.67145e+07
642.378	  9.66601e+07
642.665	  9.66057e+07
642.952	  9.65512e+07
643.239	  9.64967e+07
643.526	  9.64422e+07
643.813	  9.63876e+07
644.1	  9.6333e+07
644.387	  9.62784e+07
644.674	  9.62237e+07
644.961	  9.6169e+07
645.248	  9.61142e+07
645.535	  9.60594e+07
645.822	  9.60046e+07
646.109	  9.59497e+07
646.396	  9.58948e+07
646.683	  9.58399e+07
646.97	  9.5785e+07
647.257	  9.573e+07
647.544	  9.5675e+07
647.831	  9.56199e+07
648.118	  9.55648e+07
648.405	  9.55097e+07
648.692	  9.54545e+07
648.979	  9.53993e+07
649.266	  9.53441e+07
649.553	  9.52889e+07
649.84	  9.52336e+07
650.127	  9.51783e+07
650.414	  9.51229e+07
650.701	  9.50675e+07
650.988	  9.50121e+07
651.275	  9.49567e+07
651.562	  9.49012e+07
651.849	  9.48457e+07
652.136	  9.47902e+07
652.423	  9.47346e+07
652.71	  9.46791e+07
652.997	  9.46234e+07
653.284	  9.45678e+07
653.571	  9.45121e+07
653.858	  9.44564e+07
654.145	  9.44007e+07
654.432	  9.43449e+07
654.719	  9.42891e+07
655.006	  9.42333e+07
655.293	  9.41774e+07
655.58	  9.41216e+07
655.867	  9.40657e+07
656.154	  9.40097e+07
656.441	  9.39538e+07
656.728	  9.38978e+07
657.015	  9.38418e+07
657.302	  9.37857e+07
657.589	  9.37297e+07
657.876	  9.36736e+07
658.163	  9.36175e+07
658.45	  9.35613e+07
658.737	  9.35052e+07
659.024	  9.3449e+07
659.311	  9.33927e+07
659.598	  9.33365e+07
659.885	  9.32802e+07
660.172	  9.32239e+07
660.459	  9.31676e+07
660.746	  9.31113e+07
661.033	  9.30549e+07
661.32	  9.29985e+07
661.607	  9.29421e+07
661.894	  9.28856e+07
662.181	  9.28292e+07
662.468	  9.27727e+07
662.755	  9.27162e+07
663.042	  9.26597e+07
663.329	  9.26031e+07
663.616	  9.25465e+07
663.903	  9.24899e+07
664.19	  9.24333e+07
664.477	  9.23767e+07
664.764	  9.232e+07
665.051	  9.22633e+07
665.338	  9.22066e+07
665.625	  9.21499e+07
665.912	  9.20931e+07
666.199	  9.20363e+07
666.486	  9.19796e+07
666.773	  9.19227e+07
667.06	  9.18659e+07
667.347	  9.18091e+07
667.634	  9.17522e+07
667.921	  9.16953e+07
668.208	  9.16384e+07
668.495	  9.15814e+07
668.782	  9.15245e+07
669.069	  9.14675e+07
669.356	  9.14105e+07
669.643	  9.13535e+07
669.93	  9.12965e+07
670.217	  9.12394e+07
670.504	  9.11824e+07
670.791	  9.11253e+07
671.078	  9.10682e+07
671.365	  9.10111e+07
671.652	  9.09539e+07
671.939	  9.08968e+07
672.226	  9.08396e+07
672.513	  9.07824e+07
672.8	  9.07252e+07
673.087	  9.0668e+07
673.374	  9.06108e+07
673.661	  9.05535e+07
673.948	  9.04962e+07
674.235	  9.04389e+07
674.522	  9.03816e+07
674.809	  9.03243e+07
675.096	  9.0267e+07
675.383	  9.02096e+07
675.67	  9.01523e+07
675.957	  9.00949e+07
676.244	  9.00375e+07
676.531	  8.99801e+07
676.818	  8.99226e+07
677.105	  8.98652e+07
677.392	  8.98078e+07
677.679	  8.97503e+07
677.966	  8.96928e+07
678.253	  8.96353e+07
678.54	  8.95778e+07
678.827	  8.95203e+07
679.114	  8.94627e+07
679.401	  8.94052e+07
679.688	  8.93476e+07
679.975	  8.92901e+07
680.262	  8.92325e+07
680.549	  8.91749e+07
680.836	  8.91173e+07
681.123	  8.90596e+07
681.41	  8.9002e+07
681.697	  8.89444e+07
681.984	  8.88867e+07
682.271	  8.8829e+07
682.558	  8.87713e+07
682.845	  8.87136e+07
683.132	  8.86559e+07
683.419	  8.85982e+07
683.706	  8.85405e+07
683.993	  8.84828e+07
684.28	  8.8425e+07
684.567	  8.83673e+07
684.854	  8.83095e+07
685.141	  8.82517e+07
685.428	  8.81939e+07
685.715	  8.81361e+07
686.002	  8.80783e+07
686.289	  8.80205e+07
686.576	  8.79627e+07
686.863	  8.79048e+07
687.15	  8.7847e+07
687.437	  8.77891e+07
687.724	  8.77313e+07
688.011	  8.76734e+07
688.298	  8.76155e+07
688.585	  8.75576e+07
688.872	  8.74998e+07
689.159	  8.74419e+07
689.446	  8.73839e+07
689.733	  8.7326e+07
690.02	  8.72681e+07
690.307	  8.72102e+07
690.594	  8.71522e+07
690.881	  8.70943e+07
691.168	  8.70363e+07
691.455	  8.69784e+07
691.742	  8.69204e+07
692.029	  8.68624e+07
692.316	  8.68045e+07
692.603	  8.67465e+07
692.89	  8.66885e+07
693.177	  8.66305e+07
693.464	  8.65725e+07
693.751	  8.65145e+07
694.038	  8.64565e+07
694.325	  8.63985e+07
694.612	  8.63404e+07
694.899	  8.62824e+07
695.186	  8.62244e+07
695.473	  8.61663e+07
695.76	  8.61083e+07
696.047	  8.60502e+07
696.334	  8.59922e+07
696.621	  8.59341e+07
696.908	  8.58761e+07
697.195	  8.5818e+07
697.482	  8.576e+07
697.769	  8.57019e+07
698.056	  8.56438e+07
698.343	  8.55857e+07
698.63	  8.55277e+07
698.917	  8.54696e+07
699.204	  8.54115e+07
699.491	  8.53534e+07
699.778	  8.52953e+07
700.065	  8.52372e+07
700.352	  8.51791e+07
700.639	  8.5121e+07
700.926	  8.50629e+07
701.213	  8.50048e+07
701.5	  8.49467e+07
701.787	  8.48886e+07
702.074	  8.48305e+07
702.361	  8.47724e+07
702.648	  8.47143e+07
702.935	  8.46562e+07
703.222	  8.45981e+07
703.509	  8.454e+07
703.796	  8.44819e+07
704.083	  8.44238e+07
704.37	  8.43656e+07
704.657	  8.43075e+07
704.944	  8.42494e+07
705.231	  8.41913e+07
705.518	  8.41332e+07
705.805	  8.40751e+07
706.092	  8.4017e+07
706.379	  8.39589e+07
706.666	  8.39008e+07
706.953	  8.38426e+07
707.24	  8.37845e+07
707.527	  8.37264e+07
707.814	  8.36683e+07
708.101	  8.36102e+07
708.388	  8.35521e+07
708.675	  8.3494e+07
708.962	  8.34359e+07
709.249	  8.33778e+07
709.536	  8.33197e+07
709.823	  8.32616e+07
710.11	  8.32035e+07
710.397	  8.31454e+07
710.684	  8.30873e+07
710.971	  8.30293e+07
711.258	  8.29712e+07
711.545	  8.29131e+07
711.832	  8.2855e+07
712.119	  8.27969e+07
712.406	  8.27389e+07
712.693	  8.26808e+07
712.98	  8.26227e+07
713.267	  8.25647e+07
713.554	  8.25066e+07
713.841	  8.24486e+07
714.128	  8.23905e+07
714.415	  8.23325e+07
714.702	  8.22744e+07
714.989	  8.22164e+07
715.276	  8.21584e+07
715.563	  8.21003e+07
715.85	  8.20423e+07
716.137	  8.19843e+07
716.424	  8.19263e+07
716.711	  8.18683e+07
716.998	  8.18103e+07
717.285	  8.17523e+07
717.572	  8.16943e+07
717.859	  8.16363e+07
718.146	  8.15783e+07
718.433	  8.15203e+07
718.72	  8.14623e+07
719.007	  8.14044e+07
719.294	  8.13464e+07
719.581	  8.12885e+07
719.868	  8.12305e+07
720.155	  8.11726e+07
720.442	  8.11146e+07
720.729	  8.10567e+07
721.016	  8.09988e+07
721.303	  8.09409e+07
721.59	  8.0883e+07
721.877	  8.08251e+07
722.164	  8.07672e+07
722.451	  8.07093e+07
722.738	  8.06514e+07
723.025	  8.05935e+07
723.312	  8.05357e+07
723.599	  8.04778e+07
723.886	  8.042e+07
724.173	  8.03621e+07
724.46	  8.03043e+07
724.747	  8.02465e+07
725.034	  8.01887e+07
725.321	  8.01309e+07
725.608	  8.00731e+07
725.895	  8.00153e+07
726.182	  7.99575e+07
726.469	  7.98997e+07
726.756	  7.98419e+07
727.043	  7.97842e+07
727.33	  7.97264e+07
727.617	  7.96687e+07
727.904	  7.9611e+07
728.191	  7.95533e+07
728.478	  7.94955e+07
728.765	  7.94379e+07
729.052	  7.93802e+07
729.339	  7.93225e+07
729.626	  7.92648e+07
729.913	  7.92072e+07
730.2	  7.91495e+07
730.487	  7.90919e+07
730.774	  7.90342e+07
731.061	  7.89766e+07
731.348	  7.8919e+07
731.635	  7.88614e+07
731.922	  7.88038e+07
732.209	  7.87462e+07
732.496	  7.86887e+07
732.783	  7.86311e+07
733.07	  7.85736e+07
733.357	  7.85161e+07
733.644	  7.84585e+07
733.931	  7.8401e+07
734.218	  7.83435e+07
734.505	  7.8286e+07
734.792	  7.82286e+07
735.079	  7.81711e+07
735.366	  7.81137e+07
735.653	  7.80562e+07
735.94	  7.79988e+07
736.227	  7.79414e+07
736.514	  7.7884e+07
736.801	  7.78266e+07
737.088	  7.77692e+07
737.375	  7.77118e+07
737.662	  7.76545e+07
737.949	  7.75972e+07
738.236	  7.75398e+07
738.523	  7.74825e+07
738.81	  7.74252e+07
739.097	  7.73679e+07
739.384	  7.73107e+07
739.671	  7.72534e+07
739.958	  7.71962e+07
740.245	  7.71389e+07
740.532	  7.70817e+07
740.819	  7.70245e+07
741.106	  7.69673e+07
741.393	  7.69101e+07
741.68	  7.6853e+07
741.967	  7.67958e+07
742.254	  7.67387e+07
742.541	  7.66816e+07
742.828	  7.66245e+07
743.115	  7.65674e+07
743.402	  7.65103e+07
743.689	  7.64532e+07
743.976	  7.63962e+07
744.263	  7.63392e+07
744.55	  7.62821e+07
744.837	  7.62251e+07
745.124	  7.61681e+07
745.411	  7.61112e+07
745.698	  7.60542e+07
745.985	  7.59973e+07
746.272	  7.59403e+07
746.559	  7.58834e+07
746.846	  7.58265e+07
747.133	  7.57697e+07
747.42	  7.57128e+07
747.707	  7.5656e+07
747.994	  7.55991e+07
748.281	  7.55423e+07
748.568	  7.54855e+07
748.855	  7.54287e+07
749.142	  7.5372e+07
749.429	  7.53152e+07
749.716	  7.52585e+07
750.003	  7.52017e+07
750.29	  7.51451e+07
750.577	  7.50884e+07
750.864	  7.50317e+07
751.151	  7.4975e+07
751.438	  7.49184e+07
751.725	  7.48618e+07
752.012	  7.48052e+07
752.299	  7.47486e+07
752.586	  7.46921e+07
752.873	  7.46355e+07
753.16	  7.4579e+07
753.447	  7.45225e+07
753.734	  7.4466e+07
754.021	  7.44095e+07
754.308	  7.4353e+07
754.595	  7.42966e+07
754.882	  7.42402e+07
755.169	  7.41838e+07
755.456	  7.41274e+07
755.743	  7.4071e+07
756.03	  7.40147e+07
756.317	  7.39583e+07
756.604	  7.3902e+07
756.891	  7.38457e+07
757.178	  7.37894e+07
757.465	  7.37332e+07
757.752	  7.36769e+07
758.039	  7.36207e+07
758.326	  7.35645e+07
758.613	  7.35083e+07
758.9	  7.34522e+07
759.187	  7.3396e+07
759.474	  7.33399e+07
759.761	  7.32838e+07
760.048	  7.32277e+07
760.335	  7.31716e+07
760.622	  7.31156e+07
760.909	  7.30596e+07
761.196	  7.30036e+07
761.483	  7.29476e+07
761.77	  7.28916e+07
762.057	  7.28356e+07
762.344	  7.27797e+07
762.631	  7.27238e+07
762.918	  7.26679e+07
763.205	  7.2612e+07
763.492	  7.25562e+07
763.779	  7.25004e+07
764.066	  7.24446e+07
764.353	  7.23888e+07
764.64	  7.2333e+07
764.927	  7.22772e+07
765.214	  7.22215e+07
765.501	  7.21658e+07
765.788	  7.21101e+07
766.075	  7.20545e+07
766.362	  7.19988e+07
766.649	  7.19432e+07
766.936	  7.18876e+07
767.223	  7.1832e+07
767.51	  7.17765e+07
767.797	  7.17209e+07
768.084	  7.16654e+07
768.371	  7.16099e+07
768.658	  7.15544e+07
768.945	  7.1499e+07
769.232	  7.14436e+07
769.519	  7.13881e+07
769.806	  7.13328e+07
770.093	  7.12774e+07
770.38	  7.1222e+07
770.667	  7.11667e+07
770.954	  7.11114e+07
771.241	  7.10561e+07
771.528	  7.10009e+07
771.815	  7.09457e+07
772.102	  7.08904e+07
772.389	  7.08353e+07
772.676	  7.07801e+07
772.963	  7.07249e+07
773.25	  7.06698e+07
773.537	  7.06147e+07
773.824	  7.05596e+07
774.111	  7.05046e+07
774.398	  7.04496e+07
774.685	  7.03946e+07
774.972	  7.03396e+07
775.259	  7.02846e+07
775.546	  7.02297e+07
775.833	  7.01748e+07
776.12	  7.01199e+07
776.407	  7.0065e+07
776.694	  7.00101e+07
776.981	  6.99553e+07
777.268	  6.99005e+07
777.555	  6.98457e+07
777.842	  6.9791e+07
778.129	  6.97363e+07
778.416	  6.96815e+07
778.703	  6.96269e+07
778.99	  6.95722e+07
779.277	  6.95176e+07
779.564	  6.9463e+07
779.851	  6.94084e+07
780.138	  6.93538e+07
780.425	  6.92993e+07
780.712	  6.92448e+07
780.999	  6.91903e+07
781.286	  6.91358e+07
781.573	  6.90814e+07
781.86	  6.90269e+07
782.147	  6.89725e+07
782.434	  6.89182e+07
782.721	  6.88638e+07
783.008	  6.88095e+07
783.295	  6.87552e+07
783.582	  6.87009e+07
783.869	  6.86467e+07
784.156	  6.85925e+07
784.443	  6.85383e+07
784.73	  6.84841e+07
785.017	  6.84299e+07
785.304	  6.83758e+07
785.591	  6.83217e+07
785.878	  6.82676e+07
786.165	  6.82136e+07
786.452	  6.81596e+07
786.739	  6.81056e+07
787.026	  6.80516e+07
787.313	  6.79977e+07
787.6	  6.79437e+07
787.887	  6.78898e+07
788.174	  6.7836e+07
788.461	  6.77821e+07
788.748	  6.77283e+07
789.035	  6.76745e+07
789.322	  6.76207e+07
789.609	  6.7567e+07
789.896	  6.75133e+07
790.183	  6.74596e+07
790.47	  6.74059e+07
790.757	  6.73523e+07
791.044	  6.72987e+07
791.331	  6.72451e+07
791.618	  6.71915e+07
791.905	  6.7138e+07
792.192	  6.70845e+07
792.479	  6.7031e+07
792.766	  6.69775e+07
793.053	  6.69241e+07
793.34	  6.68707e+07
793.627	  6.68173e+07
793.914	  6.6764e+07
794.201	  6.67106e+07
794.488	  6.66573e+07
794.775	  6.66041e+07
795.062	  6.65508e+07
795.349	  6.64976e+07
795.636	  6.64444e+07
795.923	  6.63912e+07
796.21	  6.63381e+07
796.497	  6.6285e+07
796.784	  6.62319e+07
797.071	  6.61789e+07
797.358	  6.61258e+07
797.645	  6.60728e+07
797.932	  6.60198e+07
798.219	  6.59669e+07
798.506	  6.5914e+07
798.793	  6.58611e+07
799.08	  6.58082e+07
799.367	  6.57554e+07
799.654	  6.57026e+07
799.941	  6.56498e+07
800.228	  6.5597e+07
800.515	  6.55443e+07
800.802	  6.54916e+07
801.089	  6.54389e+07
801.376	  6.53863e+07
801.663	  6.53336e+07
801.95	  6.5281e+07
802.237	  6.52285e+07
802.524	  6.51759e+07
802.811	  6.51234e+07
803.098	  6.50709e+07
803.385	  6.50185e+07
803.672	  6.49661e+07
803.959	  6.49137e+07
804.246	  6.48613e+07
804.533	  6.4809e+07
804.82	  6.47566e+07
805.107	  6.47044e+07
805.394	  6.46521e+07
805.681	  6.45999e+07
805.968	  6.45477e+07
806.255	  6.44955e+07
806.542	  6.44434e+07
806.829	  6.43912e+07
807.116	  6.43391e+07
807.403	  6.42871e+07
807.69	  6.42351e+07
807.977	  6.41831e+07
808.264	  6.41311e+07
808.551	  6.40791e+07
808.838	  6.40272e+07
809.125	  6.39753e+07
809.412	  6.39235e+07
809.699	  6.38716e+07
809.986	  6.38198e+07
810.273	  6.37681e+07
810.56	  6.37163e+07
810.847	  6.36646e+07
811.134	  6.36129e+07
811.421	  6.35613e+07
811.708	  6.35096e+07
811.995	  6.3458e+07
812.282	  6.34065e+07
812.569	  6.33549e+07
812.856	  6.33034e+07
813.143	  6.32519e+07
813.43	  6.32005e+07
813.717	  6.31491e+07
814.004	  6.30977e+07
814.291	  6.30463e+07
814.578	  6.2995e+07
814.865	  6.29436e+07
815.152	  6.28924e+07
815.439	  6.28411e+07
815.726	  6.27899e+07
816.013	  6.27387e+07
816.3	  6.26876e+07
816.587	  6.26364e+07
816.874	  6.25853e+07
817.161	  6.25343e+07
817.448	  6.24832e+07
817.735	  6.24322e+07
818.022	  6.23812e+07
818.309	  6.23303e+07
818.596	  6.22793e+07
818.883	  6.22284e+07
819.17	  6.21776e+07
819.457	  6.21268e+07
820.002	  6.20303e+07
820.031	  6.20252e+07
820.059	  6.20201e+07
820.088	  6.2015e+07
820.117	  6.201e+07
820.146	  6.20049e+07
820.174	  6.19998e+07
820.203	  6.19947e+07
820.232	  6.19897e+07
820.26	  6.19846e+07
820.289	  6.19795e+07
820.318	  6.19744e+07
820.346	  6.19694e+07
820.375	  6.19643e+07
820.404	  6.19592e+07
820.433	  6.19541e+07
820.461	  6.19491e+07
820.49	  6.1944e+07
820.519	  6.19389e+07
820.547	  6.19339e+07
820.576	  6.19288e+07
820.605	  6.19237e+07
820.633	  4.13778e+07
820.662	  4.13759e+07
820.691	  4.13739e+07
820.72	  4.1372e+07
820.748	  4.13701e+07
820.777	  4.13681e+07
820.806	  4.13662e+07
820.834	  4.13642e+07
820.863	  4.13623e+07
820.892	  4.13604e+07
820.92	  4.13584e+07
820.949	  4.13565e+07
820.978	  4.13546e+07
821.007	  4.13526e+07
821.035	  4.13507e+07
821.064	  4.13487e+07
821.093	  4.13468e+07
821.121	  4.13449e+07
821.15	  4.13429e+07
821.179	  4.1341e+07
821.207	  4.13391e+07
821.236	  4.13371e+07
821.265	  4.13352e+07
821.294	  4.13332e+07
821.322	  4.13313e+07
821.351	  4.13294e+07
821.38	  4.13274e+07
821.408	  4.13255e+07
821.437	  4.13236e+07
821.466	  4.13216e+07
821.494	  4.13197e+07
821.523	  4.13177e+07
821.552	  4.13158e+07
821.581	  4.13139e+07
821.609	  4.13119e+07
821.638	  4.131e+07
821.667	  4.13081e+07
821.695	  4.13061e+07
821.724	  4.13042e+07
821.753	  4.13022e+07
821.781	  4.13003e+07
821.81	  4.12984e+07
821.839	  4.12964e+07
821.868	  4.12945e+07
821.896	  4.12926e+07
821.925	  4.12906e+07
821.954	  4.12887e+07
821.982	  4.12867e+07
822.011	  4.12848e+07
822.011	  4.12848e+07
822.298	  4.12654e+07
822.585	  4.1246e+07
822.872	  4.12266e+07
823.159	  4.12072e+07
823.446	  4.11878e+07
823.733	  4.11684e+07
824.02	  4.1149e+07
824.307	  4.11296e+07
824.594	  4.11102e+07
824.881	  4.10908e+07
825.168	  4.10714e+07
825.455	  4.1052e+07
825.742	  4.10326e+07
826.029	  4.10131e+07
826.316	  4.09937e+07
826.603	  4.09743e+07
826.89	  4.09549e+07
827.177	  4.09354e+07
827.464	  4.0916e+07
827.751	  4.08965e+07
828.038	  4.08771e+07
828.325	  4.08577e+07
828.612	  4.08382e+07
828.899	  4.08188e+07
829.186	  4.07993e+07
829.473	  4.07798e+07
829.76	  4.07604e+07
830.047	  4.07409e+07
830.334	  4.07215e+07
830.621	  4.0702e+07
830.908	  4.06825e+07
831.195	  4.06631e+07
831.482	  4.06436e+07
831.769	  4.06241e+07
832.056	  4.06046e+07
832.343	  4.05851e+07
832.63	  4.05657e+07
832.917	  4.05462e+07
833.204	  4.05267e+07
833.491	  4.05072e+07
833.778	  4.04877e+07
834.065	  4.04682e+07
834.352	  4.04487e+07
834.639	  4.04292e+07
834.926	  4.04097e+07
835.213	  4.03902e+07
835.5	  4.03707e+07
835.787	  4.03512e+07
836.074	  4.03317e+07
836.361	  4.03122e+07
836.648	  4.02927e+07
836.935	  4.02732e+07
837.222	  4.02536e+07
837.509	  4.02341e+07
837.796	  4.02146e+07
838.083	  4.01951e+07
838.37	  4.01756e+07
838.657	  4.0156e+07
838.944	  4.01365e+07
839.231	  4.0117e+07
839.518	  4.00975e+07
839.805	  4.00779e+07
840.092	  4.00584e+07
840.379	  4.00389e+07
840.666	  4.00193e+07
840.953	  3.99998e+07
841.24	  3.99802e+07
841.527	  3.99607e+07
841.814	  3.99412e+07
842.101	  3.99216e+07
842.388	  3.99021e+07
842.675	  3.98825e+07
842.962	  3.9863e+07
843.249	  3.98434e+07
843.536	  3.98239e+07
843.823	  3.98043e+07
844.11	  3.97848e+07
844.397	  3.97652e+07
844.684	  3.97456e+07
844.971	  3.97261e+07
845.258	  3.97065e+07
845.545	  3.9687e+07
845.832	  3.96674e+07
846.119	  3.96479e+07
846.406	  3.96283e+07
846.693	  3.96087e+07
846.98	  3.95892e+07
847.267	  3.95696e+07
847.554	  3.955e+07
847.841	  3.95305e+07
848.128	  3.95109e+07
848.415	  3.94913e+07
848.702	  3.94717e+07
848.989	  3.94522e+07
849.276	  3.94326e+07
849.563	  3.9413e+07
849.85	  3.93935e+07
850.137	  3.93739e+07
850.424	  3.93543e+07
850.711	  3.93347e+07
850.998	  3.93151e+07
851.285	  3.92956e+07
851.572	  3.9276e+07
851.859	  3.92564e+07
852.146	  3.92368e+07
852.433	  3.92173e+07
852.72	  3.91977e+07
853.007	  3.91781e+07
853.294	  3.91585e+07
853.581	  3.91389e+07
853.868	  3.91193e+07
854.155	  3.90998e+07
854.442	  3.90802e+07
854.729	  3.90606e+07
855.016	  3.9041e+07
855.303	  3.90214e+07
855.59	  3.90018e+07
855.877	  3.89822e+07
856.164	  3.89627e+07
856.451	  3.89431e+07
856.738	  3.89235e+07
857.025	  3.89039e+07
857.312	  3.88843e+07
857.599	  3.88647e+07
857.886	  3.88451e+07
858.173	  3.88255e+07
858.46	  3.8806e+07
858.747	  3.87864e+07
859.034	  3.87668e+07
859.321	  3.87472e+07
859.608	  3.87276e+07
859.895	  3.8708e+07
860.182	  3.86884e+07
860.469	  3.86688e+07
860.756	  3.86492e+07
861.043	  3.86297e+07
861.33	  3.86101e+07
861.617	  3.85905e+07
861.904	  3.85709e+07
862.191	  3.85513e+07
862.478	  3.85317e+07
862.765	  3.85121e+07
863.052	  3.84925e+07
863.339	  3.8473e+07
863.626	  3.84534e+07
863.913	  3.84338e+07
864.2	  3.84142e+07
864.487	  3.83946e+07
864.774	  3.8375e+07
865.061	  3.83554e+07
865.348	  3.83359e+07
865.635	  3.83163e+07
865.922	  3.82967e+07
866.209	  3.82771e+07
866.496	  3.82575e+07
866.783	  3.82379e+07
867.07	  3.82184e+07
867.357	  3.81988e+07
867.644	  3.81792e+07
867.931	  3.81596e+07
868.218	  3.814e+07
868.505	  3.81205e+07
868.792	  3.81009e+07
869.079	  3.80813e+07
869.366	  3.80617e+07
869.653	  3.80421e+07
869.94	  3.80226e+07
870.227	  3.8003e+07
870.514	  3.79834e+07
870.801	  3.79638e+07
871.088	  3.79443e+07
871.375	  3.79247e+07
871.662	  3.79051e+07
871.949	  3.78856e+07
872.236	  3.7866e+07
872.523	  3.78464e+07
872.81	  3.78268e+07
873.097	  3.78073e+07
873.384	  3.77877e+07
873.671	  3.77681e+07
873.958	  3.77486e+07
874.245	  3.7729e+07
874.532	  3.77095e+07
874.819	  3.76899e+07
875.106	  3.76703e+07
875.393	  3.76508e+07
875.68	  3.76312e+07
875.967	  3.76117e+07
876.254	  3.75921e+07
876.541	  3.75726e+07
876.828	  3.7553e+07
877.115	  3.75334e+07
877.402	  3.75139e+07
877.689	  3.74943e+07
877.976	  3.74748e+07
878.263	  3.74553e+07
878.55	  3.74357e+07
878.837	  3.74162e+07
879.124	  3.73966e+07
879.411	  3.73771e+07
879.698	  3.73575e+07
879.985	  3.7338e+07
880.272	  3.73185e+07
880.559	  3.72989e+07
880.846	  3.72794e+07
881.133	  3.72599e+07
881.42	  3.72403e+07
881.707	  3.72208e+07
881.994	  3.72013e+07
882.281	  3.71817e+07
882.568	  3.71622e+07
882.855	  3.71427e+07
883.142	  3.71232e+07
883.429	  3.71036e+07
883.716	  3.70841e+07
884.003	  3.70646e+07
884.29	  3.70451e+07
884.577	  3.70256e+07
884.864	  3.70061e+07
885.151	  3.69866e+07
885.438	  3.6967e+07
885.725	  3.69475e+07
886.012	  3.6928e+07
886.299	  3.69085e+07
886.586	  3.6889e+07
886.873	  3.68695e+07
887.16	  3.685e+07
887.447	  3.68305e+07
887.734	  3.6811e+07
888.021	  3.67916e+07
888.308	  3.67721e+07
888.595	  3.67526e+07
888.882	  3.67331e+07
889.169	  3.67136e+07
889.456	  3.66941e+07
889.743	  3.66746e+07
890.03	  3.66552e+07
890.317	  3.66357e+07
890.604	  3.66162e+07
890.891	  3.65967e+07
891.178	  3.65773e+07
891.465	  3.65578e+07
891.752	  3.65383e+07
892.039	  3.65189e+07
892.326	  3.64994e+07
892.613	  3.648e+07
892.9	  3.64605e+07
893.187	  3.6441e+07
893.474	  3.64216e+07
893.761	  3.64021e+07
894.048	  3.63827e+07
894.335	  3.63632e+07
894.622	  3.63438e+07
894.909	  3.63244e+07
895.196	  3.63049e+07
895.483	  3.62855e+07
895.77	  3.62661e+07
896.057	  3.62466e+07
896.344	  3.62272e+07
896.631	  3.62078e+07
896.918	  3.61883e+07
897.205	  3.61689e+07
897.492	  3.61495e+07
897.779	  3.61301e+07
898.066	  3.61107e+07
898.353	  3.60913e+07
898.64	  3.60718e+07
898.927	  3.60524e+07
899.214	  3.6033e+07
899.501	  3.60136e+07
899.788	  3.59942e+07
900.075	  3.59748e+07
900.362	  3.59555e+07
900.649	  3.59361e+07
900.936	  3.59167e+07
901.223	  3.58973e+07
901.51	  3.58779e+07
901.797	  3.58585e+07
902.084	  3.58391e+07
902.371	  3.58198e+07
902.658	  3.58004e+07
902.945	  3.5781e+07
903.232	  3.57617e+07
903.519	  3.57423e+07
903.806	  3.57229e+07
904.093	  3.57036e+07
904.38	  3.56842e+07
904.667	  3.56649e+07
904.954	  3.56455e+07
905.241	  3.56262e+07
905.528	  3.56068e+07
905.815	  3.55875e+07
906.102	  3.55682e+07
906.389	  3.55488e+07
906.676	  3.55295e+07
906.963	  3.55102e+07
907.25	  3.54909e+07
907.537	  3.54715e+07
907.824	  3.54522e+07
908.111	  3.54329e+07
908.398	  3.54136e+07
908.685	  3.53943e+07
908.972	  3.5375e+07
909.259	  3.53557e+07
909.546	  3.53364e+07
909.833	  3.53171e+07
910.12	  3.52978e+07
910.407	  3.52785e+07
910.694	  3.52592e+07
910.981	  3.52399e+07
911.268	  3.52206e+07
911.555	  3.52014e+07
911.842	  3.51821e+07
912.129	  3.51628e+07
912.416	  3.51435e+07
912.703	  3.51243e+07
912.99	  3.5105e+07
913.277	  3.50858e+07
913.564	  3.50665e+07
913.851	  3.50473e+07
914.138	  3.5028e+07
914.425	  3.50088e+07
914.712	  3.49895e+07
914.999	  3.49703e+07
915.286	  3.49511e+07
915.573	  3.49318e+07
915.86	  3.49126e+07
916.147	  3.48934e+07
916.434	  3.48742e+07
916.721	  3.48549e+07
917.008	  3.48357e+07
917.295	  3.48165e+07
917.582	  3.47973e+07
917.869	  3.47781e+07
918.156	  3.47589e+07
918.443	  3.47397e+07
918.73	  3.47205e+07
919.017	  3.47013e+07
919.304	  3.46822e+07
919.591	  3.4663e+07
919.878	  3.46438e+07
920.165	  3.46246e+07
920.452	  3.46055e+07
920.739	  3.45863e+07
921.026	  3.45671e+07
921.313	  3.4548e+07
921.6	  3.45288e+07
921.887	  3.45097e+07
922.174	  3.44905e+07
922.461	  3.44714e+07
922.748	  3.44523e+07
923.035	  3.44331e+07
923.322	  3.4414e+07
923.609	  3.43949e+07
923.896	  3.43757e+07
924.183	  3.43566e+07
924.47	  3.43375e+07
924.757	  3.43184e+07
925.044	  3.42993e+07
925.331	  3.42802e+07
925.618	  3.42611e+07
925.905	  3.4242e+07
926.192	  3.42229e+07
926.479	  3.42038e+07
926.766	  3.41847e+07
927.053	  3.41657e+07
927.34	  3.41466e+07
927.627	  3.41275e+07
927.914	  3.41084e+07
928.201	  3.40894e+07
928.488	  3.40703e+07
928.775	  3.40513e+07
929.062	  3.40322e+07
929.349	  3.40132e+07
929.636	  3.39941e+07
929.923	  3.39751e+07
930.21	  3.39561e+07
930.497	  3.3937e+07
930.784	  3.3918e+07
931.071	  3.3899e+07
931.358	  3.388e+07
931.645	  3.38609e+07
931.932	  3.38419e+07
932.219	  3.38229e+07
932.506	  3.38039e+07
932.793	  3.37849e+07
933.08	  3.3766e+07
933.367	  3.3747e+07
933.654	  3.3728e+07
933.941	  3.3709e+07
934.228	  3.369e+07
934.515	  3.36711e+07
934.802	  3.36521e+07
935.089	  3.36331e+07
935.376	  3.36142e+07
935.663	  3.35952e+07
935.95	  3.35763e+07
936.237	  3.35573e+07
936.524	  3.35384e+07
936.811	  3.35195e+07
937.098	  3.35005e+07
937.385	  3.34816e+07
937.672	  3.34627e+07
937.959	  3.34438e+07
938.246	  3.34249e+07
938.533	  3.3406e+07
938.82	  3.33871e+07
939.107	  3.33682e+07
939.394	  3.33493e+07
939.681	  3.33304e+07
939.968	  3.33115e+07
940.255	  3.32926e+07
940.542	  3.32737e+07
940.829	  3.32549e+07
941.116	  3.3236e+07
941.403	  3.32171e+07
941.69	  3.31983e+07
941.977	  3.31794e+07
942.264	  3.31606e+07
942.551	  3.31418e+07
942.838	  3.31229e+07
943.125	  3.31041e+07
943.412	  3.30853e+07
943.699	  3.30664e+07
943.986	  3.30476e+07
944.273	  3.30288e+07
944.56	  3.301e+07
944.847	  3.29912e+07
945.134	  3.29724e+07
945.421	  3.29536e+07
945.708	  3.29348e+07
945.995	  3.2916e+07
946.282	  3.28972e+07
946.569	  3.28785e+07
946.856	  3.28597e+07
947.143	  3.28409e+07
947.43	  3.28222e+07
947.717	  3.28034e+07
948.004	  3.27847e+07
948.291	  3.27659e+07
948.578	  3.27472e+07
948.865	  3.27285e+07
949.152	  3.27097e+07
949.439	  3.2691e+07
949.726	  3.26723e+07
950.013	  3.26536e+07
950.3	  3.26349e+07
950.587	  3.26162e+07
950.874	  3.25975e+07
951.161	  3.25788e+07
951.448	  3.25601e+07
951.735	  3.25414e+07
952.022	  3.25227e+07
952.309	  3.2504e+07
952.596	  3.24854e+07
952.883	  3.24667e+07
953.17	  3.2448e+07
953.457	  3.24294e+07
953.744	  3.24107e+07
954.031	  3.23921e+07
954.318	  3.23735e+07
954.605	  3.23548e+07
954.892	  3.23362e+07
955.179	  3.23176e+07
955.466	  3.2299e+07
955.753	  3.22803e+07
956.04	  3.22617e+07
956.327	  3.22431e+07
956.614	  3.22245e+07
956.901	  3.2206e+07
957.188	  3.21874e+07
957.475	  3.21688e+07
957.762	  3.21502e+07
958.049	  3.21316e+07
958.336	  3.21131e+07
958.623	  3.20945e+07
958.91	  3.2076e+07
959.197	  3.20574e+07
959.484	  3.20389e+07
959.771	  3.20203e+07
960.058	  3.20018e+07
960.345	  3.19833e+07
960.632	  3.19648e+07
960.919	  3.19462e+07
961.206	  3.19277e+07
961.493	  3.19092e+07
961.78	  3.18907e+07
962.067	  3.18722e+07
962.354	  3.18537e+07
962.641	  3.18353e+07
962.928	  3.18168e+07
963.215	  3.17983e+07
963.502	  3.17798e+07
963.789	  3.17614e+07
964.076	  3.17429e+07
964.363	  3.17245e+07
964.65	  3.1706e+07
964.937	  3.16876e+07
965.224	  3.16692e+07
965.511	  3.16507e+07
965.798	  3.16323e+07
966.085	  3.16139e+07
966.372	  3.15955e+07
966.659	  3.15771e+07
966.946	  3.15587e+07
967.233	  3.15403e+07
967.52	  3.15219e+07
967.807	  3.15035e+07
968.094	  3.14851e+07
968.381	  3.14668e+07
968.668	  3.14484e+07
968.955	  3.143e+07
969.242	  3.14117e+07
969.529	  3.13933e+07
969.816	  3.1375e+07
970.103	  3.13567e+07
970.39	  3.13383e+07
970.677	  3.132e+07
970.964	  3.13017e+07
971.251	  3.12834e+07
971.538	  3.12651e+07
971.825	  3.12468e+07
972.112	  3.12285e+07
972.399	  3.12102e+07
972.686	  3.11919e+07
972.973	  3.11736e+07
973.26	  3.11553e+07
973.547	  3.11371e+07
973.834	  3.11188e+07
974.121	  3.11005e+07
974.408	  3.10823e+07
974.695	  3.10641e+07
974.982	  3.10458e+07
975.269	  3.10276e+07
975.556	  3.10094e+07
975.843	  3.09911e+07
976.13	  3.09729e+07
976.417	  3.09547e+07
976.704	  3.09365e+07
976.991	  3.09183e+07
977.278	  3.09001e+07
977.565	  3.08819e+07
977.852	  3.08638e+07
978.139	  3.08456e+07
978.426	  3.08274e+07
978.713	  3.08093e+07
979	  3.07911e+07
979.287	  3.0773e+07
979.574	  3.07548e+07
979.861	  3.07367e+07
980.148	  3.07185e+07
980.435	  3.07004e+07
980.722	  3.06823e+07
981.009	  3.06642e+07
981.296	  3.06461e+07
981.583	  3.0628e+07
981.87	  3.06099e+07
982.157	  3.05918e+07
982.444	  3.05737e+07
982.731	  3.05556e+07
983.018	  3.05376e+07
983.305	  3.05195e+07
983.592	  3.05014e+07
983.879	  3.04834e+07
984.166	  3.04653e+07
984.453	  3.04473e+07
984.74	  3.04293e+07
985.027	  3.04113e+07
985.314	  3.03932e+07
985.601	  3.03752e+07
985.888	  3.03572e+07
986.175	  3.03392e+07
986.462	  3.03212e+07
986.749	  3.03032e+07
987.036	  3.02852e+07
987.323	  3.02673e+07
987.61	  3.02493e+07
987.897	  3.02313e+07
988.184	  3.02134e+07
988.471	  3.01954e+07
988.758	  3.01775e+07
989.045	  3.01595e+07
989.332	  3.01416e+07
989.619	  3.01237e+07
989.906	  3.01057e+07
990.193	  3.00878e+07
990.48	  3.00699e+07
990.767	  3.0052e+07
991.054	  3.00341e+07
991.341	  3.00162e+07
991.628	  2.99984e+07
991.915	  2.99805e+07
992.202	  2.99626e+07
992.489	  2.99447e+07
992.776	  2.99269e+07
993.063	  2.9909e+07
993.35	  2.98912e+07
993.637	  2.98734e+07
993.924	  2.98555e+07
994.211	  2.98377e+07
994.498	  2.98199e+07
994.785	  2.98021e+07
995.072	  2.97843e+07
995.359	  2.97665e+07
995.646	  2.97487e+07
995.933	  2.97309e+07
996.22	  2.97131e+07
996.507	  2.96953e+07
996.794	  2.96776e+07
997.081	  2.96598e+07
997.368	  2.96421e+07
997.655	  2.96243e+07
997.942	  2.96066e+07
998.229	  2.95888e+07
998.516	  2.95711e+07
998.803	  2.95534e+07
999.09	  2.95357e+07
999.377	  2.9518e+07
999.664	  2.95003e+07
999.951	  2.94826e+07
1000.24	  2.94649e+07
1000.52	  2.94472e+07
1000.81	  2.94295e+07
1001.1	  2.94118e+07
1001.39	  2.93942e+07
1001.67	  2.93765e+07
1001.96	  2.93589e+07
1002.25	  2.93412e+07
1002.53	  2.93236e+07
1002.82	  2.9306e+07
1003.11	  2.92883e+07
1003.39	  2.92707e+07
1003.68	  2.92531e+07
1003.97	  2.92355e+07
1004.26	  2.92179e+07
1004.54	  2.92003e+07
1004.83	  2.91828e+07
1005.12	  2.91652e+07
1005.4	  2.91476e+07
1005.69	  2.913e+07
1005.98	  2.91125e+07
1006.26	  2.90949e+07
1006.55	  2.90774e+07
1006.84	  2.90599e+07
1007.13	  2.90423e+07
1007.41	  2.90248e+07
1007.7	  2.90073e+07
1007.99	  2.89898e+07
1008.27	  2.89723e+07
1008.56	  2.89548e+07
1008.85	  2.89373e+07
1009.13	  2.89198e+07
1009.42	  2.89023e+07
1009.71	  2.88849e+07
1010	  2.88674e+07
1010.28	  2.885e+07
1010.57	  2.88325e+07
1010.86	  2.88151e+07
1011.14	  2.87976e+07
1011.43	  2.87802e+07
1011.72	  2.87628e+07
1012	  2.87454e+07
1012.29	  2.8728e+07
1012.58	  2.87106e+07
1012.87	  2.86932e+07
1013.15	  2.86758e+07
1013.44	  2.86584e+07
1013.73	  2.8641e+07
1014.01	  2.86237e+07
1014.3	  2.86063e+07
1014.59	  2.8589e+07
1014.88	  2.85716e+07
1015.16	  2.85543e+07
1015.45	  2.8537e+07
1015.74	  2.85196e+07
1016.02	  2.85023e+07
1016.31	  2.8485e+07
1016.6	  2.84677e+07
1016.88	  2.84504e+07
1017.17	  2.84331e+07
1017.46	  2.84158e+07
1017.75	  2.83986e+07
1018.03	  2.83813e+07
1018.32	  2.8364e+07
1018.61	  2.83468e+07
1018.89	  2.83295e+07
1019.18	  2.83123e+07
1019.47	  2.8295e+07
1019.98	  2.82646e+07
1021.08	  2.81986e+07
1022.17	  2.81328e+07
1023.27	  2.8067e+07
1024.38	  2.80014e+07
1025.47	  2.79359e+07
1026.58	  2.78705e+07
1027.67	  2.78051e+07
1028.78	  2.77399e+07
1029.88	  2.76748e+07
1030.97	  2.76098e+07
1032.08	  2.75449e+07
1033.17	  2.74801e+07
1034.28	  2.74154e+07
1035.38	  2.73509e+07
1036.47	  2.72864e+07
1037.58	  2.7222e+07
1038.67	  2.71578e+07
1039.78	  2.70936e+07
1040.88	  2.70296e+07
1041.97	  2.69656e+07
1043.08	  2.69018e+07
1044.17	  2.68381e+07
1045.28	  2.67745e+07
1046.38	  2.6711e+07
1047.47	  2.66476e+07
1048.58	  2.65843e+07
1049.67	  2.65211e+07
1050.78	  2.6458e+07
1051.88	  2.63951e+07
1052.97	  2.63322e+07
1054.08	  2.62695e+07
1055.17	  2.62069e+07
1056.28	  2.61443e+07
1057.38	  2.60819e+07
1058.47	  2.60196e+07
1059.58	  2.59575e+07
1060.67	  2.58954e+07
1061.78	  2.58334e+07
1062.88	  2.57716e+07
1063.97	  2.57098e+07
1065.08	  2.56482e+07
1066.17	  2.55867e+07
1067.28	  2.55253e+07
1068.38	  2.5464e+07
1069.47	  2.54028e+07
1070.58	  2.53417e+07
1071.67	  2.52808e+07
1072.78	  2.52199e+07
1073.88	  2.51592e+07
1074.97	  2.50986e+07
1076.08	  2.50381e+07
1077.17	  2.49777e+07
1078.28	  2.49174e+07
1079.38	  2.48573e+07
1080.47	  2.47972e+07
1081.58	  2.47373e+07
1082.67	  2.46775e+07
1083.78	  2.46178e+07
1084.88	  2.45582e+07
1085.97	  2.44987e+07
1087.08	  2.44393e+07
1088.17	  2.43801e+07
1089.28	  2.43209e+07
1090.38	  2.42619e+07
1091.47	  2.4203e+07
1092.58	  2.41442e+07
1093.67	  2.40855e+07
1094.78	  2.4027e+07
1095.88	  2.39685e+07
1096.97	  2.39102e+07
1098.08	  2.38519e+07
1099.17	  2.37938e+07
1100.28	  2.37359e+07
1101.38	  2.3678e+07
1102.47	  2.36202e+07
1103.58	  2.35626e+07
1104.67	  2.3505e+07
1105.78	  2.34476e+07
1106.88	  2.33903e+07
1107.97	  2.33331e+07
1109.08	  2.32761e+07
1110.17	  2.32191e+07
1111.28	  2.31623e+07
1112.38	  2.31056e+07
1113.47	  2.3049e+07
1114.58	  2.29925e+07
1115.67	  2.29361e+07
1116.78	  2.28798e+07
1117.88	  2.28237e+07
1118.97	  2.27677e+07
1120.08	  2.27118e+07
1121.17	  2.2656e+07
1122.28	  2.26003e+07
1123.38	  2.25447e+07
1124.47	  2.24893e+07
1125.58	  2.24339e+07
1126.67	  2.23787e+07
1127.78	  2.23236e+07
1128.88	  2.22686e+07
1129.97	  2.22138e+07
1131.08	  2.2159e+07
1132.17	  2.21044e+07
1133.28	  2.20499e+07
1134.38	  2.19954e+07
1135.47	  2.19412e+07
1136.58	  2.1887e+07
1137.67	  2.18329e+07
1138.78	  2.1779e+07
1139.88	  2.17251e+07
1140.97	  2.16714e+07
1142.08	  2.16178e+07
1143.17	  2.15644e+07
1144.28	  2.1511e+07
1145.38	  2.14577e+07
1146.47	  2.14046e+07
1147.58	  2.13516e+07
1148.67	  2.12987e+07
1149.78	  2.12459e+07
1150.88	  2.11932e+07
1151.97	  2.11407e+07
1153.08	  2.10882e+07
1154.17	  2.10359e+07
1155.28	  2.09837e+07
1156.38	  2.09316e+07
1157.47	  2.08796e+07
1158.58	  2.08277e+07
1159.67	  2.0776e+07
1160.78	  2.07243e+07
1161.88	  2.06728e+07
1162.97	  2.06214e+07
1164.08	  2.05701e+07
1165.17	  2.05189e+07
1166.28	  2.04679e+07
1167.38	  2.04169e+07
1168.47	  2.03661e+07
1169.58	  2.03154e+07
1170.67	  2.02648e+07
1171.78	  2.02143e+07
1172.88	  2.01639e+07
1173.97	  2.01136e+07
1175.08	  2.00635e+07
1176.17	  2.00134e+07
1177.28	  1.99635e+07
1178.38	  1.99137e+07
1179.47	  1.9864e+07
1180.58	  1.98144e+07
1181.67	  1.9765e+07
1182.78	  1.97156e+07
1183.88	  1.96664e+07
1184.97	  1.96172e+07
1186.08	  1.95682e+07
1187.17	  1.95193e+07
1188.28	  1.94705e+07
1189.38	  1.94219e+07
1190.47	  1.93733e+07
1191.58	  1.93248e+07
1192.67	  1.92765e+07
1193.78	  1.92283e+07
1194.88	  1.91802e+07
1195.97	  1.91322e+07
1197.08	  1.90843e+07
1198.17	  1.90365e+07
1199.28	  1.89888e+07
1200.38	  1.89413e+07
1201.47	  1.88938e+07
1202.58	  1.88465e+07
1203.67	  1.87993e+07
1204.78	  1.87522e+07
1205.88	  1.87052e+07
1206.97	  1.86583e+07
1208.08	  1.86115e+07
1209.17	  1.85649e+07
1210.28	  1.85183e+07
1211.38	  1.84719e+07
1212.47	  1.84255e+07
1213.58	  1.83793e+07
1214.67	  1.83332e+07
1215.78	  1.82872e+07
1216.88	  1.82413e+07
1217.97	  1.81955e+07
1219.08	  1.81499e+07
1220.17	  1.81043e+07
1221.28	  1.80589e+07
1222.38	  1.80135e+07
1223.47	  1.79683e+07
1224.58	  1.79232e+07
1225.67	  1.78781e+07
1226.78	  1.78332e+07
1227.88	  1.77884e+07
1228.97	  1.77437e+07
1230.08	  1.76992e+07
1231.17	  1.76547e+07
1232.28	  1.76103e+07
1233.38	  1.75661e+07
1234.47	  1.75219e+07
1235.58	  1.74779e+07
1236.67	  1.74339e+07
1237.78	  1.73901e+07
1238.88	  1.73464e+07
1239.97	  1.73028e+07
1241.08	  1.72593e+07
1242.17	  1.72159e+07
1243.28	  1.71726e+07
1244.38	  1.71294e+07
1245.47	  1.70863e+07
1246.58	  1.70434e+07
1247.67	  1.70005e+07
1248.78	  1.69577e+07
1249.88	  1.69151e+07
1250.97	  1.68725e+07
1252.08	  1.68301e+07
1253.17	  1.67878e+07
1254.28	  1.67455e+07
1255.38	  1.67034e+07
1256.47	  1.66614e+07
1257.58	  1.66195e+07
1258.67	  1.65776e+07
1259.78	  1.65359e+07
1260.88	  1.64943e+07
1261.97	  1.64528e+07
1263.08	  1.64114e+07
1264.17	  1.63701e+07
1265.28	  1.63289e+07
1266.38	  1.62879e+07
1267.47	  1.62469e+07
1268.58	  1.6206e+07
1269.67	  1.61652e+07
1270.78	  1.61245e+07
1271.88	  1.6084e+07
1272.97	  1.60435e+07
1274.08	  1.60031e+07
1275.17	  1.59629e+07
1276.28	  1.59227e+07
1277.38	  1.58826e+07
1278.47	  1.58427e+07
1279.58	  1.58028e+07
1280.67	  1.57631e+07
1281.78	  1.57234e+07
1282.88	  1.56838e+07
1283.97	  1.56444e+07
1285.08	  1.5605e+07
1286.17	  1.55658e+07
1287.28	  1.55266e+07
1288.38	  1.54876e+07
1289.47	  1.54486e+07
1290.58	  1.54098e+07
1291.67	  1.5371e+07
1292.78	  1.53323e+07
1293.88	  1.52938e+07
1294.97	  1.52553e+07
1296.08	  1.5217e+07
1297.17	  1.51787e+07
1298.28	  1.51405e+07
1299.38	  1.51025e+07
1300.47	  1.50645e+07
1301.58	  1.50266e+07
1302.67	  1.49889e+07
1303.78	  1.49512e+07
1304.88	  1.49136e+07
1305.97	  1.48761e+07
1307.08	  1.48388e+07
1308.17	  1.48015e+07
1309.28	  1.47643e+07
1310.38	  1.47272e+07
1311.47	  1.46902e+07
1312.58	  1.46533e+07
1313.67	  1.46165e+07
1314.78	  1.45798e+07
1315.88	  1.45432e+07
1316.97	  1.45066e+07
1318.08	  1.44702e+07
1319.17	  1.44339e+07
1320.28	  1.43977e+07
1321.38	  1.43615e+07
1322.47	  1.43255e+07
1323.58	  1.42895e+07
1324.67	  1.42537e+07
1325.78	  1.42179e+07
1326.88	  1.41822e+07
1327.97	  1.41467e+07
1329.08	  1.41112e+07
1330.17	  1.40758e+07
1331.28	  1.40405e+07
1332.38	  1.40053e+07
1333.47	  1.39702e+07
1334.58	  1.39352e+07
1335.67	  1.39002e+07
1336.78	  1.38654e+07
1337.88	  1.38306e+07
1338.97	  1.3796e+07
1340.08	  1.37614e+07
1341.17	  1.3727e+07
1342.28	  1.36926e+07
1343.38	  1.36583e+07
1344.47	  1.36241e+07
1345.58	  1.359e+07
1346.67	  1.3556e+07
1347.78	  1.3522e+07
1348.88	  1.34882e+07
1349.97	  1.34545e+07
1351.08	  1.34208e+07
1352.17	  1.33872e+07
1353.28	  1.33538e+07
1354.38	  1.33204e+07
1355.47	  1.32871e+07
1356.58	  1.32539e+07
1357.67	  1.32207e+07
1358.78	  1.31877e+07
1359.88	  1.31547e+07
1360.97	  1.31219e+07
1362.08	  1.30891e+07
1363.17	  1.30564e+07
1364.28	  1.30238e+07
1365.38	  1.29913e+07
1366.47	  1.29589e+07
1367.58	  1.29265e+07
1368.67	  1.28943e+07
1369.78	  1.28621e+07
1370.88	  1.28301e+07
1371.97	  1.27981e+07
1373.08	  1.27661e+07
1374.17	  1.27343e+07
1375.28	  1.27026e+07
1376.38	  1.26709e+07
1377.47	  1.26394e+07
1378.58	  1.26079e+07
1379.67	  1.25765e+07
1380.78	  1.25452e+07
1381.88	  1.25139e+07
1382.97	  1.24828e+07
1384.08	  1.24517e+07
1385.17	  1.24208e+07
1386.28	  1.23899e+07
1387.38	  1.2359e+07
1388.47	  1.23283e+07
1389.58	  1.22977e+07
1390.67	  1.22671e+07
1391.78	  1.22366e+07
1392.88	  1.22062e+07
1393.97	  1.21759e+07
1395.08	  1.21457e+07
1396.17	  1.21155e+07
1397.28	  1.20854e+07
1398.38	  1.20554e+07
1399.47	  1.20255e+07
1400.58	  1.19957e+07
1401.67	  1.1966e+07
1402.78	  1.19363e+07
1403.88	  1.19067e+07
1404.97	  1.18772e+07
1406.08	  1.18478e+07
1407.17	  1.18184e+07
1408.28	  1.17891e+07
1409.38	  1.176e+07
1410.47	  1.17308e+07
1411.58	  1.17018e+07
1412.67	  1.16729e+07
1413.78	  1.1644e+07
1414.88	  1.16152e+07
1415.97	  1.15865e+07
1417.08	  1.15578e+07
1418.17	  1.15293e+07
1419.28	  1.15008e+07
1420.38	  1.14724e+07
1421.47	  1.14441e+07
1422.58	  1.14158e+07
1423.67	  1.13876e+07
1424.78	  1.13595e+07
1425.88	  1.13315e+07
1426.97	  1.13036e+07
1428.08	  1.12757e+07
1429.17	  1.12479e+07
1430.28	  1.12202e+07
1431.38	  1.11925e+07
1432.47	  1.1165e+07
1433.58	  1.11375e+07
1434.67	  1.11101e+07
1435.78	  1.10827e+07
1436.88	  1.10554e+07
1437.97	  1.10283e+07
1439.08	  1.10011e+07
1440.17	  1.09741e+07
1441.28	  1.09471e+07
1442.38	  1.09202e+07
1443.47	  1.08934e+07
1444.58	  1.08666e+07
1445.67	  1.084e+07
1446.78	  1.08134e+07
1447.88	  1.07868e+07
1448.97	  1.07604e+07
1450.08	  1.0734e+07
1451.17	  1.07077e+07
1452.28	  1.06814e+07
1453.38	  1.06553e+07
1454.47	  1.06292e+07
1455.58	  1.06031e+07
1456.67	  1.05772e+07
1457.78	  1.05513e+07
1458.88	  9.94037e+06
1459.97	  9.91844e+06
1461.08	  9.89655e+06
1462.17	  9.8747e+06
1463.28	  9.85291e+06
1464.38	  9.83117e+06
1465.47	  9.80947e+06
1466.58	  9.78782e+06
1467.67	  9.76622e+06
1468.78	  9.74467e+06
1469.88	  9.72317e+06
1470.97	  9.70171e+06
1472.08	  9.68031e+06
1473.17	  9.65895e+06
1474.28	  9.63763e+06
1475.38	  9.61637e+06
1476.47	  9.59515e+06
1477.58	  9.57398e+06
1478.67	  9.55286e+06
1479.78	  9.53179e+06
1480.88	  9.51076e+06
1481.97	  9.48978e+06
1483.08	  9.46885e+06
1484.17	  9.44796e+06
1485.28	  9.42712e+06
1486.38	  9.40633e+06
1487.47	  9.38559e+06
1488.58	  9.36489e+06
1489.67	  9.34424e+06
1490.78	  9.32363e+06
1491.88	  9.30307e+06
1492.97	  9.28256e+06
1494.08	  9.2621e+06
1495.17	  9.24168e+06
1496.28	  9.2213e+06
1497.38	  9.20097e+06
1498.47	  9.18069e+06
1499.58	  9.16046e+06
1500.67	  9.14027e+06
1501.78	  9.12012e+06
1502.88	  9.10003e+06
1503.97	  9.07997e+06
1505.08	  9.05997e+06
1506.17	  9.04001e+06
1507.28	  9.02009e+06
1508.38	  9.00022e+06
1509.47	  8.98039e+06
1510.58	  8.96061e+06
1511.67	  8.94088e+06
1512.78	  8.92119e+06
1513.88	  8.90154e+06
1514.97	  8.88194e+06
1516.08	  8.86238e+06
1517.17	  8.84287e+06
1518.28	  8.82341e+06
1519.38	  8.80398e+06
1520.47	  8.78461e+06
1521.58	  8.76527e+06
1522.67	  8.74598e+06
1523.78	  8.72674e+06
1524.88	  8.70754e+06
1525.97	  8.68838e+06
1527.08	  8.66927e+06
1528.17	  8.6502e+06
1529.28	  8.63117e+06
1530.38	  8.61219e+06
1531.47	  8.59325e+06
1532.58	  8.57436e+06
1533.67	  8.55551e+06
1534.78	  8.5367e+06
1535.88	  8.51794e+06
1536.97	  8.49921e+06
1538.08	  8.48054e+06
1539.17	  8.4619e+06
1540.28	  8.44331e+06
1541.38	  8.42476e+06
1542.47	  8.40625e+06
1543.58	  8.38779e+06
1544.67	  8.36937e+06
1545.78	  8.35099e+06
1546.88	  8.33265e+06
1547.97	  8.31436e+06
1549.08	  8.29611e+06
1550.17	  8.2779e+06
1551.28	  8.25973e+06
1552.38	  8.24161e+06
1553.47	  8.22353e+06
1554.58	  8.20548e+06
1555.67	  8.18749e+06
1556.78	  8.16953e+06
1557.88	  8.15161e+06
1558.97	  8.13374e+06
1560.08	  8.11591e+06
1561.17	  8.09812e+06
1562.28	  8.08037e+06
1563.38	  8.06266e+06
1564.47	  8.04499e+06
1565.58	  8.02736e+06
1566.67	  8.00978e+06
1567.78	  7.99224e+06
1568.88	  7.97473e+06
1569.97	  7.95727e+06
1571.08	  7.93985e+06
1572.17	  7.92247e+06
1573.28	  7.90513e+06
1574.38	  7.88783e+06
1575.47	  7.87057e+06
1576.58	  7.85335e+06
1577.67	  7.83617e+06
1578.78	  7.81903e+06
1579.88	  7.80193e+06
1580.97	  7.78487e+06
1582.08	  7.76785e+06
1583.17	  7.75087e+06
1584.28	  7.73393e+06
1585.38	  7.71703e+06
1586.47	  7.70017e+06
1587.58	  7.68335e+06
1588.67	  7.66657e+06
1589.78	  7.64983e+06
1590.88	  7.63313e+06
1591.97	  7.61646e+06
1593.08	  7.59984e+06
1594.17	  7.58326e+06
1595.28	  7.56671e+06
1596.38	  7.5502e+06
1597.47	  7.53373e+06
1598.58	  7.5173e+06
1599.67	  7.50091e+06
1600.78	  7.48456e+06
1601.88	  7.46825e+06
1602.97	  7.45197e+06
1604.08	  7.43573e+06
1605.17	  7.41953e+06
1606.28	  7.40337e+06
1607.38	  7.38725e+06
1608.47	  7.37116e+06
1609.58	  7.35512e+06
1610.67	  7.33911e+06
1611.78	  7.32314e+06
1612.88	  7.3072e+06
1613.97	  7.29131e+06
1615.08	  7.27545e+06
1616.17	  7.25963e+06
1617.28	  7.24384e+06
1618.38	  7.2281e+06
1619.47	  7.21239e+06
1620.58	  7.19671e+06
1621.67	  7.18108e+06
1622.78	  7.16548e+06
1623.88	  7.14992e+06
1624.97	  7.1344e+06
1626.08	  7.11891e+06
1627.17	  7.10346e+06
1628.28	  7.08804e+06
1629.38	  7.07266e+06
1630.47	  7.05732e+06
1631.58	  7.04202e+06
1632.67	  7.02675e+06
1633.78	  7.01152e+06
1634.88	  6.99632e+06
1635.97	  6.98116e+06
1637.08	  6.96604e+06
1638.17	  6.95095e+06
1639.28	  6.93589e+06
1640.38	  6.92088e+06
1641.47	  6.9059e+06
1642.58	  6.89095e+06
1643.67	  6.87604e+06
1644.78	  6.86117e+06
1645.88	  6.84633e+06
1646.97	  6.83152e+06
1648.08	  6.81675e+06
1649.17	  6.80202e+06
1650.28	  6.78732e+06
1651.38	  6.77266e+06
1652.47	  6.75803e+06
1653.58	  6.74343e+06
1654.67	  6.72887e+06
1655.78	  6.71435e+06
1656.88	  6.69986e+06
1657.97	  6.6854e+06
1659.08	  6.67098e+06
1660.17	  6.6566e+06
1661.28	  6.64224e+06
1662.38	  6.62792e+06
1663.47	  6.61364e+06
1664.58	  6.59939e+06
1665.67	  6.58517e+06
1666.78	  6.57099e+06
1667.88	  6.55684e+06
1668.97	  6.54273e+06
1670.08	  6.52865e+06
1671.17	  6.5146e+06
1672.28	  6.50059e+06
1673.38	  6.4866e+06
1674.47	  6.47266e+06
1675.58	  6.45874e+06
1676.67	  6.44486e+06
1677.78	  6.43102e+06
1678.88	  6.4172e+06
1679.97	  6.40342e+06
1681.08	  6.38967e+06
1682.17	  6.37596e+06
1683.28	  6.36227e+06
1684.38	  6.34862e+06
1685.47	  6.335e+06
1686.58	  6.32142e+06
1687.67	  6.30787e+06
1688.78	  6.29435e+06
1689.88	  6.28086e+06
1690.97	  6.2674e+06
1692.08	  6.25398e+06
1693.17	  6.24059e+06
1694.28	  6.22723e+06
1695.38	  6.2139e+06
1696.47	  6.20061e+06
1697.58	  6.18734e+06
1698.67	  6.17411e+06
1699.78	  6.16091e+06
1700.88	  6.14774e+06
1701.97	  6.13461e+06
1703.08	  6.1215e+06
1704.17	  6.10843e+06
1705.28	  6.09539e+06
1706.38	  6.08237e+06
1707.47	  6.06939e+06
1708.58	  6.05645e+06
1709.67	  6.04353e+06
1710.78	  6.03064e+06
1711.88	  6.01778e+06
1712.97	  6.00496e+06
1714.08	  5.99216e+06
1715.17	  5.9794e+06
1716.28	  5.96667e+06
1717.38	  5.95396e+06
1718.47	  5.94129e+06
1719.58	  5.92865e+06
1720.67	  5.91604e+06
1721.78	  5.90346e+06
1722.88	  5.89091e+06
1723.97	  5.87839e+06
1725.08	  5.8659e+06
1726.17	  5.85343e+06
1727.28	  5.841e+06
1728.38	  5.8286e+06
1729.47	  5.81623e+06
1730.58	  5.80389e+06
1731.67	  5.79158e+06
1732.78	  5.77929e+06
1733.88	  5.76704e+06
1734.97	  5.75482e+06
1736.08	  5.74262e+06
1737.17	  5.73046e+06
1738.28	  5.71832e+06
1739.38	  5.70622e+06
1740.47	  5.69414e+06
1741.58	  5.68209e+06
1742.67	  5.67007e+06
1743.78	  5.65808e+06
1744.88	  5.64612e+06
1745.97	  5.63419e+06
1747.08	  5.62228e+06
1748.17	  5.61041e+06
1749.28	  5.59856e+06
1750.38	  5.58674e+06
1751.47	  5.57495e+06
1752.58	  5.56319e+06
1753.67	  5.55145e+06
1754.78	  5.53975e+06
1755.88	  5.52807e+06
1756.97	  5.51642e+06
1758.08	  5.5048e+06
1759.17	  5.49321e+06
1760.28	  5.48164e+06
1761.38	  5.4701e+06
1762.47	  5.45859e+06
1763.58	  5.44711e+06
1764.67	  5.43566e+06
1765.78	  5.42423e+06
1766.88	  5.41283e+06
1767.97	  5.40146e+06
1769.08	  5.39011e+06
1770.17	  5.37879e+06
1771.28	  5.3675e+06
1772.38	  5.35624e+06
1773.47	  5.345e+06
1774.58	  5.33379e+06
1775.67	  5.32261e+06
1776.78	  5.31146e+06
1777.88	  5.30033e+06
1778.97	  5.28923e+06
1780.08	  5.27815e+06
1781.17	  5.2671e+06
1782.28	  5.25608e+06
1783.38	  5.24508e+06
1784.47	  5.23412e+06
1785.58	  5.22317e+06
1786.67	  5.21226e+06
1787.78	  5.20137e+06
1788.88	  5.1905e+06
1789.97	  5.17966e+06
1791.08	  5.16885e+06
1792.17	  5.15807e+06
1793.28	  5.14731e+06
1794.38	  5.13657e+06
1795.47	  5.12587e+06
1796.58	  5.11518e+06
1797.67	  5.10453e+06
1798.78	  5.0939e+06
1799.88	  5.08329e+06
1800.97	  5.07271e+06
1802.08	  5.06215e+06
1803.17	  5.05163e+06
1804.28	  5.04112e+06
1805.38	  5.03064e+06
1806.47	  5.02019e+06
1807.58	  5.00976e+06
1808.67	  4.99936e+06
1809.78	  4.98898e+06
1810.88	  4.97863e+06
1811.97	  4.9683e+06
1813.08	  4.95799e+06
1814.17	  4.94771e+06
1815.28	  4.93746e+06
1816.38	  4.92723e+06
1817.47	  4.91703e+06
1818.58	  4.90684e+06
1819.67	  4.89669e+06
1820.78	  4.88656e+06
1821.88	  4.87645e+06
1822.97	  4.86637e+06
1824.08	  4.85631e+06
1825.17	  4.84627e+06
1826.28	  4.83626e+06
1827.38	  4.82628e+06
1828.47	  4.81631e+06
1829.58	  4.80637e+06
1830.67	  4.79646e+06
1831.78	  4.78657e+06
1832.88	  4.7767e+06
1833.97	  4.76686e+06
1835.08	  4.75704e+06
1836.17	  4.74724e+06
1837.28	  4.73747e+06
1838.38	  4.72772e+06
1839.47	  4.71799e+06
1840.58	  4.70829e+06
1841.67	  4.69861e+06
1842.78	  4.68895e+06
1843.88	  4.67932e+06
1844.97	  4.66971e+06
1846.08	  4.66012e+06
1847.17	  4.65056e+06
1848.28	  4.64102e+06
1849.38	  4.6315e+06
1850.47	  4.622e+06
1851.58	  4.61253e+06
1852.67	  4.60308e+06
1853.78	  4.59365e+06
1854.88	  4.58425e+06
1855.97	  4.57487e+06
1857.08	  4.56551e+06
1858.17	  4.55617e+06
1859.28	  4.54685e+06
1860.38	  4.53756e+06
1861.47	  4.52829e+06
1862.58	  4.51904e+06
1863.67	  4.50982e+06
1864.78	  4.50061e+06
1865.88	  4.49143e+06
1866.97	  4.48227e+06
1868.08	  4.47313e+06
1869.17	  4.46402e+06
1870.28	  4.45492e+06
1871.38	  4.44585e+06
1872.47	  4.4368e+06
1873.58	  4.42777e+06
1874.67	  4.41876e+06
1875.78	  4.40978e+06
1876.88	  4.40081e+06
1877.97	  4.39187e+06
1879.08	  4.38295e+06
1880.17	  4.37405e+06
1881.28	  4.36517e+06
1882.38	  4.35631e+06
1883.47	  4.34747e+06
1884.58	  4.33865e+06
1885.67	  4.32986e+06
1886.78	  4.32109e+06
1887.88	  4.31233e+06
1888.97	  4.3036e+06
1890.08	  4.29489e+06
1891.17	  4.2862e+06
1892.28	  4.27753e+06
1893.38	  4.26888e+06
1894.47	  4.26025e+06
1895.58	  4.25165e+06
1896.67	  4.24306e+06
1897.78	  4.23449e+06
1898.88	  4.22595e+06
1899.97	  4.21742e+06
1901.08	  4.20892e+06
1902.17	  4.20043e+06
1903.28	  4.19196e+06
1904.38	  4.18352e+06
1905.47	  4.1751e+06
1906.58	  4.16669e+06
1907.67	  4.15831e+06
1908.78	  4.14994e+06
1909.88	  4.1416e+06
1910.97	  4.13327e+06
1912.08	  4.12497e+06
1913.17	  4.11668e+06
1914.28	  4.10842e+06
1915.38	  4.10017e+06
1916.47	  4.09194e+06
1917.58	  4.08374e+06
1918.67	  4.07555e+06
1919.78	  4.06738e+06
1920.88	  4.05923e+06
1921.97	  4.0511e+06
1923.08	  4.043e+06
1924.17	  4.0349e+06
1925.28	  4.02683e+06
1926.38	  4.01878e+06
1927.47	  4.01075e+06
1928.58	  4.00274e+06
1929.67	  3.99474e+06
1930.78	  3.98676e+06
1931.88	  3.97881e+06
1932.97	  3.97087e+06
1934.08	  3.96295e+06
1935.17	  3.95505e+06
1936.28	  3.94717e+06
1937.38	  3.93931e+06
1938.47	  3.93146e+06
1939.58	  3.92364e+06
1940.67	  3.91583e+06
1941.78	  3.90804e+06
1942.88	  3.90027e+06
1943.97	  3.89252e+06
1945.08	  3.88478e+06
1946.17	  3.87707e+06
1947.28	  3.86937e+06
1948.38	  3.86169e+06
1949.47	  3.85403e+06
1950.58	  3.84639e+06
1951.67	  3.83877e+06
1952.78	  3.83116e+06
1953.88	  3.82357e+06
1954.97	  3.816e+06
1956.08	  3.80845e+06
1957.17	  3.80091e+06
1958.28	  3.7934e+06
1959.38	  3.7859e+06
1960.47	  3.77842e+06
1961.58	  3.77095e+06
1962.67	  3.76351e+06
1963.78	  3.75608e+06
1964.88	  3.74867e+06
1965.97	  3.74127e+06
1967.08	  3.7339e+06
1968.17	  3.72654e+06
1969.28	  3.7192e+06
1970.38	  3.71187e+06
1971.47	  3.70457e+06
1972.58	  3.69728e+06
1973.67	  3.69001e+06
1974.78	  3.68275e+06
1975.88	  3.67551e+06
1976.97	  3.66829e+06
1978.08	  3.66109e+06
1979.17	  3.6539e+06
1980.28	  3.64673e+06
1981.38	  3.63958e+06
1982.47	  3.63244e+06
1983.58	  3.62532e+06
1984.67	  3.61822e+06
1985.78	  3.61113e+06
1986.88	  3.60406e+06
1987.97	  3.59701e+06
1989.08	  3.58997e+06
1990.17	  3.58295e+06
1991.28	  3.57595e+06
1992.38	  3.56896e+06
1993.47	  3.56199e+06
1994.58	  3.55504e+06
1995.67	  3.5481e+06
1996.78	  3.54118e+06
1997.88	  3.53427e+06
1998.97	  3.52738e+06
2000.08	  3.52051e+06
2001.17	  3.51365e+06
2002.28	  3.50681e+06
2003.38	  3.49999e+06
2004.47	  3.49318e+06
2005.58	  3.48638e+06
2006.67	  3.47961e+06
2007.78	  3.47284e+06
2008.88	  3.4661e+06
2009.97	  3.45937e+06
2011.08	  3.45266e+06
2012.17	  3.44596e+06
2013.28	  3.43927e+06
2014.38	  3.43261e+06
2015.47	  3.42596e+06
2016.58	  3.41932e+06
2017.67	  3.4127e+06
2018.78	  3.40609e+06
2019.88	  3.3995e+06
2020.97	  3.39293e+06
2022.08	  3.38637e+06
2023.18	  3.37983e+06
2024.28	  3.3733e+06
2025.38	  3.36679e+06
2026.47	  3.36029e+06
2027.58	  3.35381e+06
2028.68	  3.34734e+06
2029.78	  3.34089e+06
2030.88	  3.33445e+06
2031.97	  3.32803e+06
2033.08	  3.32162e+06
2034.18	  3.31522e+06
2035.28	  3.30885e+06
2036.38	  3.30248e+06
2037.47	  3.29614e+06
2038.58	  3.2898e+06
2039.68	  3.28348e+06
2040.78	  3.27718e+06
2041.88	  3.27089e+06
2042.97	  3.26461e+06
2044.08	  3.25835e+06
2045.18	  3.25211e+06
2046.28	  3.24588e+06
2047.38	  3.23966e+06
2048.47	  3.23346e+06
2049.57	  3.22727e+06
2050.68	  3.22109e+06
2051.78	  3.21494e+06
2052.88	  3.20879e+06
2053.97	  3.20266e+06
2055.07	  3.19654e+06
2056.18	  3.19044e+06
2057.28	  3.18435e+06
2058.38	  3.17828e+06
2059.47	  3.17222e+06
2060.57	  3.16617e+06
2061.68	  3.16014e+06
2062.78	  3.15412e+06
2063.88	  3.14811e+06
2064.97	  3.14212e+06
2066.07	  3.13615e+06
2067.18	  3.13018e+06
2068.28	  3.12423e+06
2069.38	  3.1183e+06
2070.47	  3.11238e+06
2071.57	  3.10647e+06
2072.68	  3.10057e+06
2073.78	  3.09469e+06
2074.88	  3.08882e+06
2075.97	  3.08297e+06
2077.07	  3.07713e+06
2078.18	  3.0713e+06
2079.28	  3.06549e+06
2080.38	  3.05969e+06
2081.47	  3.0539e+06
2082.57	  3.04813e+06
2083.68	  3.04236e+06
2084.78	  3.03662e+06
2085.88	  3.03088e+06
2086.97	  3.02516e+06
2088.07	  3.01946e+06
2089.18	  3.01376e+06
2090.28	  3.00808e+06
2091.38	  3.00241e+06
2092.47	  2.99675e+06
2093.57	  2.99111e+06
2094.68	  2.98548e+06
2095.78	  2.97987e+06
2096.88	  2.97426e+06
2097.97	  2.96867e+06
2099.07	  2.96309e+06
2100.18	  2.95753e+06
2101.28	  2.95197e+06
2102.38	  2.94643e+06
2103.47	  2.94091e+06
2104.57	  2.93539e+06
2105.68	  2.92989e+06
2106.78	  2.9244e+06
2107.88	  2.91892e+06
2108.97	  2.91346e+06
2110.07	  2.908e+06
2111.18	  2.90256e+06
2112.28	  2.89714e+06
2113.38	  2.89172e+06
2114.47	  2.88632e+06
2115.57	  2.88093e+06
2116.68	  2.87555e+06
2117.78	  2.87019e+06
2118.88	  2.86483e+06
2119.97	  2.85949e+06
2121.07	  2.85416e+06
2122.18	  2.84884e+06
2123.28	  2.84354e+06
2124.38	  2.83825e+06
2125.47	  2.83296e+06
2126.57	  2.8277e+06
2127.68	  2.82244e+06
2128.78	  2.81719e+06
2129.88	  2.81196e+06
2130.97	  2.80674e+06
2132.07	  2.80153e+06
2133.18	  2.79633e+06
2134.28	  2.79115e+06
2135.38	  2.78597e+06
2136.47	  2.78081e+06
2137.57	  2.77566e+06
2138.68	  2.77052e+06
2139.78	  2.76539e+06
2140.88	  2.76028e+06
2141.97	  2.75517e+06
2143.07	  2.75008e+06
2144.18	  2.745e+06
2145.28	  2.73993e+06
2146.38	  2.73487e+06
2147.47	  2.72982e+06
2148.57	  2.72479e+06
2149.68	  2.71976e+06
2150.78	  2.71475e+06
2151.88	  2.70975e+06
2152.97	  2.70476e+06
2154.07	  2.69978e+06
2155.18	  2.69481e+06
2156.28	  2.68985e+06
2157.38	  2.68491e+06
2158.47	  2.67998e+06
2159.57	  2.67505e+06
2160.68	  2.67014e+06
2161.78	  2.66524e+06
2162.88	  2.66035e+06
2163.97	  2.65547e+06
2165.07	  2.6506e+06
2166.18	  2.64574e+06
2167.28	  2.6409e+06
2168.38	  2.63606e+06
2169.47	  2.63124e+06
2170.57	  2.62642e+06
2171.68	  2.62162e+06
2172.78	  2.61683e+06
2173.88	  2.61205e+06
2174.97	  2.60728e+06
2176.07	  2.60252e+06
2177.18	  2.59777e+06
2178.28	  2.59303e+06
2179.38	  2.5883e+06
2180.47	  2.58358e+06
2181.57	  2.57888e+06
2182.68	  2.57418e+06
2183.78	  2.56949e+06
2184.88	  2.56482e+06
2185.97	  2.56015e+06
2187.07	  2.5555e+06
2188.18	  2.55085e+06
2189.28	  2.54622e+06
2190.38	  2.5416e+06
2191.47	  2.53698e+06
2192.57	  2.53238e+06
2193.68	  2.52779e+06
2194.78	  2.5232e+06
2195.88	  2.51863e+06
2196.97	  2.51407e+06
2198.07	  2.50952e+06
2199.18	  2.50498e+06
2200.28	  2.50044e+06
2201.38	  2.49592e+06
2202.47	  2.49141e+06
2203.57	  2.48691e+06
2204.68	  2.48242e+06
2205.78	  2.47794e+06
2206.88	  2.47346e+06
2207.97	  2.469e+06
2209.07	  2.46455e+06
2210.18	  2.46011e+06
2211.28	  2.45568e+06
2212.38	  2.45125e+06
2213.47	  2.44684e+06
2214.57	  2.44244e+06
2215.68	  2.43804e+06
2216.78	  2.43366e+06
2217.88	  2.42929e+06
2218.97	  2.42492e+06
2220.07	  2.42057e+06
2221.18	  2.41622e+06
2222.28	  2.41189e+06
2223.38	  2.40756e+06
2224.47	  2.40325e+06
2225.57	  2.39894e+06
2226.68	  2.39464e+06
2227.78	  2.39036e+06
2228.88	  2.38608e+06
2229.97	  2.38181e+06
2231.07	  2.37755e+06
2232.18	  2.3733e+06
2233.28	  2.36906e+06
2234.38	  2.36483e+06
2235.47	  2.3606e+06
2236.57	  2.35639e+06
2237.68	  2.35219e+06
2238.78	  2.34799e+06
2239.88	  2.34381e+06
2240.97	  2.33963e+06
2242.07	  2.33547e+06
2243.18	  2.33131e+06
2244.28	  2.32716e+06
2245.38	  2.32302e+06
2246.47	  2.31889e+06
2247.57	  2.31477e+06
2248.68	  2.31066e+06
2249.78	  2.30655e+06
2250.88	  2.30246e+06
2251.97	  2.29838e+06
2253.07	  2.2943e+06
2254.18	  2.29023e+06
2255.28	  2.28617e+06
2256.38	  2.28212e+06
2257.47	  2.27808e+06
2258.57	  2.27405e+06
2259.68	  2.27003e+06
2260.78	  2.26601e+06
2261.88	  2.26201e+06
2262.97	  2.25801e+06
2264.07	  2.25402e+06
2265.18	  2.25004e+06
2266.28	  2.24607e+06
2267.38	  2.24211e+06
2268.47	  2.23816e+06
2269.57	  2.23421e+06
2270.68	  2.23027e+06
2271.78	  2.22635e+06
2272.88	  2.22243e+06
2273.97	  2.21852e+06
2275.07	  2.21461e+06
2276.18	  2.21072e+06
2277.28	  2.20683e+06
2278.38	  2.20296e+06
2279.47	  2.19909e+06
2280.57	  2.19122e+06
2281.68	  2.1874e+06
2282.78	  2.18359e+06
2283.88	  2.17978e+06
2284.97	  2.17599e+06
2286.07	  2.1722e+06
2287.18	  2.16842e+06
2288.28	  2.16465e+06
2289.38	  2.16088e+06
2290.47	  2.15713e+06
2291.57	  2.15338e+06
2292.68	  2.14964e+06
2293.78	  2.14591e+06
2294.88	  2.14219e+06
2295.97	  2.13847e+06
2297.07	  2.13476e+06
2298.18	  2.13106e+06
2299.28	  2.12737e+06
2300.38	  2.12368e+06
2301.47	  2.12001e+06
2302.57	  2.11634e+06
2303.68	  2.11268e+06
2304.78	  2.10902e+06
2305.88	  2.10538e+06
2306.97	  2.10174e+06
2308.07	  2.09811e+06
2309.18	  2.09448e+06
2310.28	  2.09087e+06
2311.38	  2.08726e+06
2312.47	  2.08366e+06
2313.57	  2.08007e+06
2314.68	  2.07648e+06
2315.78	  2.07291e+06
2316.88	  2.06934e+06
2317.97	  2.06577e+06
2319.07	  2.06222e+06
2320.18	  2.05867e+06
2321.28	  2.05513e+06
2322.38	  2.0516e+06
2323.47	  2.04807e+06
2324.57	  2.04455e+06
2325.68	  2.04104e+06
2326.78	  2.03754e+06
2327.88	  2.03405e+06
2328.97	  2.03056e+06
2330.07	  2.02708e+06
2331.18	  2.0236e+06
2332.28	  2.02014e+06
2333.38	  2.01668e+06
2334.47	  2.01322e+06
2335.57	  2.00978e+06
2336.68	  2.00634e+06
2337.78	  2.00291e+06
2338.88	  1.99949e+06
2339.97	  1.99607e+06
2341.07	  1.99266e+06
2342.18	  1.98926e+06
2343.28	  1.98587e+06
2344.38	  1.98248e+06
2345.47	  1.9791e+06
2346.57	  1.97573e+06
2347.68	  1.97236e+06
2348.78	  1.969e+06
2349.88	  1.96565e+06
2350.97	  1.9623e+06
2352.07	  1.95896e+06
2353.18	  1.95563e+06
2354.28	  1.95231e+06
2355.38	  1.94899e+06
2356.47	  1.94568e+06
2357.57	  1.94237e+06
2358.68	  1.93908e+06
2359.78	  1.93579e+06
2360.88	  1.9325e+06
2361.97	  1.92923e+06
2363.07	  1.92596e+06
2364.18	  1.92269e+06
2365.28	  1.91944e+06
2366.38	  1.91619e+06
2367.47	  1.91295e+06
2368.57	  1.90971e+06
2369.68	  1.90648e+06
2370.78	  1.90326e+06
2371.88	  1.90004e+06
2372.97	  1.89683e+06
2374.07	  1.89363e+06
2375.18	  1.89044e+06
2376.28	  1.88725e+06
2377.38	  1.88406e+06
2378.47	  1.88089e+06
2379.57	  1.87772e+06
2380.68	  1.87456e+06
2381.78	  1.8714e+06
2382.88	  1.86825e+06
2383.97	  1.86511e+06
2385.07	  1.86197e+06
2386.18	  1.85884e+06
2387.28	  1.85572e+06
2388.38	  1.8526e+06
2389.47	  1.84949e+06
2390.57	  1.84638e+06
2391.68	  1.84328e+06
2392.78	  1.84019e+06
2393.88	  1.83711e+06
2394.97	  1.83403e+06
2396.07	  1.83095e+06
2397.18	  1.82789e+06
2398.28	  1.82483e+06
2399.38	  1.82177e+06
2400.47	  1.81873e+06
2401.57	  1.81569e+06
2402.68	  1.81265e+06
2403.78	  1.80962e+06
2404.88	  1.8066e+06
2405.97	  1.80358e+06
2407.07	  1.80057e+06
2408.18	  1.79757e+06
2409.28	  1.79457e+06
2410.38	  1.79158e+06
2411.47	  1.78859e+06
2412.57	  1.78561e+06
2413.68	  1.78264e+06
2414.78	  1.77967e+06
2415.88	  1.77671e+06
2416.97	  1.77376e+06
2418.07	  1.77081e+06
2419.18	  1.76786e+06
2420.28	  1.76493e+06
2421.38	  1.762e+06
2422.47	  1.75907e+06
2423.57	  1.75615e+06
2424.68	  1.75324e+06
2425.78	  1.75033e+06
2426.88	  1.74743e+06
2427.97	  1.74453e+06
2429.07	  1.74165e+06
2430.18	  1.73876e+06
2431.28	  1.73588e+06
2432.38	  1.73301e+06
2433.47	  1.73015e+06
2434.57	  1.72729e+06
2435.68	  1.72443e+06
2436.78	  1.72158e+06
2437.88	  1.71874e+06
2438.97	  1.7159e+06
2440.07	  1.71307e+06
2441.18	  1.71025e+06
2442.28	  1.70743e+06
2443.38	  1.70461e+06
2444.47	  1.70181e+06
2445.57	  1.699e+06
2446.68	  1.69621e+06
2447.78	  1.69341e+06
2448.88	  1.69063e+06
2449.97	  1.68785e+06
2451.07	  1.68507e+06
2452.18	  1.68231e+06
2453.28	  1.67954e+06
2454.38	  1.67679e+06
2455.47	  1.67403e+06
2456.57	  1.67129e+06
2457.68	  1.66855e+06
2458.78	  1.66581e+06
2459.88	  1.66308e+06
2460.97	  1.66036e+06
2462.07	  1.65764e+06
2463.18	  1.65493e+06
2464.28	  1.65222e+06
2465.38	  1.64952e+06
2466.47	  1.64682e+06
2467.57	  1.64413e+06
2468.68	  1.64144e+06
2469.78	  1.63876e+06
2470.88	  1.63609e+06
2471.97	  1.63342e+06
2473.07	  1.63075e+06
2474.18	  1.62809e+06
2475.28	  1.62544e+06
2476.38	  1.62279e+06
2477.47	  1.62015e+06
