Emission arising from a slab of Hydrogen (both H and H-).
   
Parameters of the slab:
n_e = 1e+16 cm-3
T_e = 10000 K
tau(lambda=300 nm) = 0.05
L = 700.381 cm
   
Wavelength (nm), Emission (erg s-1 cm-2 nm-1 sr-1)
50	  122.271
91.2	  4336.31
120	  107714
150	  1.09496e+06
175	  2.87759e+06
200	  5.89248e+06
225	  9.72875e+06
250	  1.41741e+07
270	  1.7935e+07
290	  2.16999e+07
300	  2.35409e+07
305	  2.44446e+07
310	  2.53352e+07
315	  2.62112e+07
320	  2.70714e+07
322.5	  2.74951e+07
325	  2.79145e+07
327	  2.82468e+07
329	  2.85761e+07
329.999	  2.87395e+07
330.266	  2.87831e+07
330.533	  2.88265e+07
330.8	  2.887e+07
331.067	  2.89133e+07
331.334	  2.89567e+07
331.601	  2.89999e+07
331.868	  2.90431e+07
332.135	  2.90863e+07
332.402	  2.91294e+07
332.669	  2.91724e+07
332.936	  2.92154e+07
333.203	  2.92584e+07
333.47	  2.93013e+07
333.737	  2.93441e+07
334.004	  2.93868e+07
334.271	  2.94296e+07
334.538	  2.94722e+07
334.805	  2.95148e+07
335.072	  2.95574e+07
335.339	  2.95998e+07
335.606	  2.96423e+07
335.873	  2.96846e+07
336.14	  2.9727e+07
336.407	  2.97692e+07
336.674	  2.98114e+07
336.941	  2.98536e+07
337.208	  2.98957e+07
337.475	  2.99377e+07
337.742	  2.99797e+07
338.009	  3.00216e+07
338.276	  3.00635e+07
338.543	  3.01053e+07
338.81	  3.0147e+07
339.077	  3.01887e+07
339.344	  3.02303e+07
339.611	  3.02719e+07
339.878	  3.03134e+07
340.145	  3.03548e+07
340.412	  3.03962e+07
340.679	  3.04376e+07
340.946	  3.04788e+07
341.213	  3.05201e+07
341.48	  3.05612e+07
341.747	  3.06023e+07
342.014	  3.06434e+07
342.281	  3.06844e+07
342.548	  3.07253e+07
342.815	  3.07661e+07
343.082	  3.08069e+07
343.349	  3.08477e+07
343.616	  3.08884e+07
343.883	  3.0929e+07
344.15	  3.09696e+07
344.417	  3.10101e+07
344.684	  3.10505e+07
344.951	  3.10909e+07
345.218	  3.11312e+07
345.485	  3.11715e+07
345.752	  3.12117e+07
346.019	  3.12519e+07
346.286	  3.12919e+07
346.553	  3.1332e+07
346.82	  3.13719e+07
347.087	  3.14118e+07
347.354	  3.14517e+07
347.621	  3.14915e+07
347.888	  3.15312e+07
348.155	  3.15708e+07
348.422	  3.16104e+07
348.689	  3.165e+07
348.956	  3.16894e+07
349.223	  3.17289e+07
349.49	  3.17682e+07
349.757	  3.18075e+07
350.024	  3.18467e+07
350.291	  3.18859e+07
350.558	  3.1925e+07
350.825	  3.1964e+07
351.092	  3.2003e+07
351.359	  3.20419e+07
351.626	  3.20808e+07
351.893	  3.21196e+07
352.16	  3.21583e+07
352.427	  3.2197e+07
352.694	  3.22356e+07
352.961	  3.22742e+07
353.228	  3.23126e+07
353.495	  3.23511e+07
353.762	  3.23894e+07
354.029	  3.24277e+07
354.296	  3.24659e+07
354.563	  3.25041e+07
354.83	  3.25422e+07
355.097	  3.25803e+07
355.364	  3.26183e+07
355.631	  3.26562e+07
355.898	  3.2694e+07
356.165	  3.27318e+07
356.432	  3.27696e+07
356.699	  3.28072e+07
356.966	  3.28448e+07
357.233	  3.28824e+07
357.5	  3.29198e+07
357.767	  3.29572e+07
358.034	  3.29946e+07
358.301	  3.30319e+07
358.568	  3.30691e+07
358.835	  3.31063e+07
359.102	  3.31434e+07
359.369	  3.31804e+07
359.636	  3.32174e+07
359.903	  3.32543e+07
360.17	  3.32911e+07
360.437	  3.33279e+07
360.704	  3.33646e+07
360.971	  3.34012e+07
361.238	  3.34378e+07
361.505	  3.34743e+07
361.772	  3.35108e+07
362.039	  3.35472e+07
362.306	  3.35835e+07
362.573	  3.36198e+07
363	  3.36776e+07
363.027	  3.36812e+07
363.054	  3.36849e+07
363.08	  3.36885e+07
363.107	  3.36921e+07
363.134	  3.36957e+07
363.16	  3.36993e+07
363.187	  3.37029e+07
363.214	  3.37065e+07
363.24	  3.37101e+07
363.267	  3.37137e+07
363.294	  3.37173e+07
363.321	  3.37209e+07
363.347	  3.37245e+07
363.374	  3.37281e+07
363.401	  3.37318e+07
363.427	  3.37354e+07
363.454	  3.3739e+07
363.481	  3.37426e+07
363.508	  3.37462e+07
363.534	  3.37498e+07
363.561	  3.37534e+07
363.588	  3.3757e+07
363.614	  3.37606e+07
363.641	  3.37642e+07
363.668	  3.37677e+07
363.694	  3.37713e+07
363.721	  3.37749e+07
363.748	  3.37785e+07
363.774	  3.37821e+07
363.801	  3.37857e+07
363.828	  3.37893e+07
363.855	  3.37929e+07
363.881	  3.37965e+07
363.908	  3.38001e+07
363.935	  3.38037e+07
363.961	  3.38073e+07
363.988	  3.38109e+07
364.015	  3.38144e+07
364.041	  3.3818e+07
364.068	  3.38216e+07
364.095	  3.38252e+07
364.122	  3.38288e+07
364.148	  3.38324e+07
364.175	  3.3836e+07
364.202	  3.38395e+07
364.228	  3.38431e+07
364.255	  3.38467e+07
364.282	  3.38503e+07
364.308	  3.38539e+07
364.335	  3.38575e+07
364.362	  3.3861e+07
364.389	  3.38646e+07
364.415	  3.38682e+07
364.442	  3.38718e+07
364.469	  3.38753e+07
364.495	  3.38789e+07
364.522	  3.3882e+07
364.549	  3.38856e+07
364.575	  3.38892e+07
364.602	  3.38927e+07
364.629	  3.38963e+07
364.656	  3.38999e+07
364.682	  3.39034e+07
364.709	  3.3907e+07
364.736	  6.02668e+06
364.762	  6.02698e+06
364.789	  6.02728e+06
364.816	  6.02758e+06
364.842	  6.02788e+06
364.869	  6.02818e+06
364.896	  6.02848e+06
364.923	  6.02878e+06
364.949	  6.02908e+06
364.976	  6.02938e+06
365.003	  6.02968e+06
365.029	  6.02998e+06
365.056	  6.03028e+06
365.083	  6.03058e+06
365.11	  6.03088e+06
365.136	  6.03118e+06
365.163	  6.03148e+06
365.19	  6.03178e+06
365.216	  6.03208e+06
365.243	  6.03238e+06
365.27	  6.03268e+06
365.296	  6.03298e+06
365.323	  6.03328e+06
365.35	  6.03358e+06
365.377	  6.03387e+06
365.403	  6.03417e+06
365.43	  6.03447e+06
365.457	  6.03477e+06
365.483	  6.03507e+06
365.51	  6.03536e+06
365.537	  6.03566e+06
365.563	  6.03596e+06
365.59	  6.03626e+06
365.617	  6.03656e+06
365.643	  6.03685e+06
365.67	  6.03715e+06
365.697	  6.03745e+06
365.724	  6.03774e+06
365.75	  6.03804e+06
365.777	  6.03834e+06
365.804	  6.03863e+06
365.83	  6.03893e+06
365.857	  6.03923e+06
365.884	  6.03952e+06
365.91	  6.03982e+06
365.937	  6.04011e+06
365.964	  6.04041e+06
365.991	  6.04071e+06
365.991	  6.04071e+06
366.258	  6.04366e+06
366.525	  6.04659e+06
366.792	  6.04952e+06
367.059	  6.05243e+06
367.326	  6.05534e+06
367.593	  6.05823e+06
367.86	  6.0611e+06
368.127	  6.06397e+06
368.394	  6.06682e+06
368.661	  6.06966e+06
368.928	  6.07249e+06
369.195	  6.07531e+06
369.462	  6.07812e+06
369.729	  6.08091e+06
369.996	  6.08369e+06
370.263	  6.08646e+06
370.53	  6.08922e+06
370.797	  6.09196e+06
371.064	  6.0947e+06
371.331	  6.09742e+06
371.598	  6.10013e+06
371.865	  6.10283e+06
372.132	  6.10552e+06
372.399	  6.10819e+06
372.666	  6.11085e+06
372.933	  6.11351e+06
373.2	  6.11615e+06
373.467	  6.11877e+06
373.734	  6.12139e+06
374.001	  6.124e+06
374.268	  6.12659e+06
374.535	  6.12917e+06
374.802	  6.13174e+06
375.069	  6.1343e+06
375.336	  6.13684e+06
375.603	  6.13938e+06
375.87	  6.1419e+06
376.137	  6.14441e+06
376.404	  6.14691e+06
376.671	  6.1494e+06
376.938	  6.15188e+06
377.205	  6.15435e+06
377.472	  6.1568e+06
377.739	  6.15924e+06
378.006	  6.16167e+06
378.273	  6.16409e+06
378.54	  6.1665e+06
378.807	  6.1689e+06
379.074	  6.17129e+06
379.341	  6.17366e+06
379.608	  6.17602e+06
379.875	  6.17838e+06
380.142	  6.18072e+06
380.409	  6.18305e+06
380.676	  6.18536e+06
380.943	  6.18767e+06
381.21	  6.18997e+06
381.477	  6.19225e+06
381.744	  6.19453e+06
382.011	  6.19679e+06
382.278	  6.19904e+06
382.545	  6.20128e+06
382.812	  6.20351e+06
383.079	  6.20572e+06
383.346	  6.20793e+06
383.613	  6.21013e+06
383.88	  6.21231e+06
384.147	  6.21448e+06
384.414	  6.21665e+06
384.681	  6.2188e+06
384.948	  6.22094e+06
385.215	  6.22307e+06
385.482	  6.22519e+06
385.749	  6.22729e+06
386.016	  6.22939e+06
386.283	  6.23148e+06
386.55	  6.23355e+06
386.817	  6.23562e+06
387.084	  6.23767e+06
387.351	  6.23971e+06
387.618	  6.24174e+06
387.885	  6.24377e+06
388.152	  6.24578e+06
388.419	  6.24778e+06
388.686	  6.24976e+06
388.953	  6.25174e+06
389.22	  6.25371e+06
389.487	  6.25567e+06
389.754	  6.25761e+06
390.021	  6.25955e+06
390.288	  6.26147e+06
390.555	  6.26339e+06
390.822	  6.26529e+06
391.089	  6.26719e+06
391.356	  6.26907e+06
391.623	  6.27094e+06
391.89	  6.2728e+06
392.157	  6.27465e+06
392.424	  6.27649e+06
392.691	  6.27832e+06
392.958	  6.28014e+06
393.225	  6.28195e+06
393.492	  6.28375e+06
393.759	  6.28554e+06
394.026	  6.28732e+06
394.293	  6.28909e+06
394.56	  6.29085e+06
394.827	  6.29259e+06
395.094	  6.29433e+06
395.361	  6.29606e+06
395.628	  6.29778e+06
395.895	  6.29948e+06
396.162	  6.30118e+06
396.429	  6.30286e+06
396.696	  6.30454e+06
396.963	  6.30621e+06
397.23	  6.30786e+06
397.497	  6.30951e+06
397.764	  6.31114e+06
398.031	  6.31277e+06
398.298	  6.31438e+06
398.565	  6.31599e+06
398.832	  6.31759e+06
399.099	  6.31917e+06
399.366	  6.32075e+06
399.633	  6.32231e+06
399.9	  6.32387e+06
400.167	  6.32541e+06
400.434	  6.32695e+06
400.701	  6.32847e+06
400.968	  6.32999e+06
401.235	  6.3315e+06
401.502	  6.33299e+06
401.769	  6.33448e+06
402.036	  6.33596e+06
402.303	  6.33742e+06
402.57	  6.33888e+06
402.837	  6.34033e+06
403.104	  6.34177e+06
403.371	  6.34319e+06
403.638	  6.34461e+06
403.905	  6.34602e+06
404.172	  6.34742e+06
404.439	  6.34881e+06
404.706	  6.35019e+06
404.973	  6.35156e+06
405.24	  6.35292e+06
405.507	  6.35427e+06
405.774	  6.35562e+06
406.041	  6.35695e+06
406.308	  6.35827e+06
406.575	  6.35958e+06
406.842	  6.36089e+06
407.109	  6.36218e+06
407.376	  6.36347e+06
407.643	  6.36474e+06
407.91	  6.36601e+06
408.177	  6.36727e+06
408.444	  6.36851e+06
408.711	  6.36975e+06
408.978	  6.37098e+06
409.245	  6.3722e+06
409.512	  6.37341e+06
409.779	  6.37461e+06
410.046	  6.3758e+06
410.313	  6.37699e+06
410.58	  6.37816e+06
410.847	  6.37933e+06
411.114	  6.38048e+06
411.381	  6.38163e+06
411.648	  6.38276e+06
411.915	  6.38389e+06
412.182	  6.38501e+06
412.449	  6.38612e+06
412.716	  6.38722e+06
412.983	  6.38831e+06
413.25	  6.3894e+06
413.517	  6.39047e+06
413.784	  6.39154e+06
414.051	  6.39259e+06
414.318	  6.39364e+06
414.585	  6.39468e+06
414.852	  6.39571e+06
415.119	  6.39673e+06
415.386	  6.39774e+06
415.653	  6.39874e+06
415.92	  6.39973e+06
416.187	  6.40072e+06
416.454	  6.4017e+06
416.721	  6.40266e+06
416.988	  6.40362e+06
417.255	  6.40457e+06
417.522	  6.40551e+06
417.789	  6.40645e+06
418.056	  6.40737e+06
418.323	  6.40829e+06
418.59	  6.40919e+06
418.857	  6.41009e+06
419.124	  6.41098e+06
419.391	  6.41186e+06
419.658	  6.41273e+06
419.925	  6.4136e+06
420.192	  6.41445e+06
420.459	  6.4153e+06
420.726	  6.41614e+06
420.993	  6.41697e+06
421.26	  6.41779e+06
421.527	  6.4186e+06
421.794	  6.41941e+06
422.061	  6.4202e+06
422.328	  6.42099e+06
422.595	  6.42177e+06
422.862	  6.42254e+06
423.129	  6.4233e+06
423.396	  6.42406e+06
423.663	  6.42481e+06
423.93	  6.42554e+06
424.197	  6.42627e+06
424.464	  6.42699e+06
424.731	  6.42771e+06
424.998	  6.42841e+06
425.265	  6.42911e+06
425.532	  6.4298e+06
425.799	  6.43048e+06
426.066	  6.43115e+06
426.333	  6.43182e+06
426.6	  6.43247e+06
426.867	  6.43312e+06
427.134	  6.43376e+06
427.401	  6.43439e+06
427.668	  6.43502e+06
427.935	  6.43563e+06
428.202	  6.43624e+06
428.469	  6.43684e+06
428.736	  6.43744e+06
429.003	  6.43802e+06
429.27	  6.4386e+06
429.537	  6.43916e+06
429.804	  6.43973e+06
430.071	  6.44028e+06
430.338	  6.44082e+06
430.605	  6.44136e+06
430.872	  6.44189e+06
431.139	  6.44241e+06
431.406	  6.44293e+06
431.673	  6.44343e+06
431.94	  6.44393e+06
432.207	  6.44442e+06
432.474	  6.44491e+06
432.741	  6.44538e+06
433.008	  6.44585e+06
433.275	  6.44631e+06
433.542	  6.44676e+06
433.809	  6.44721e+06
434.076	  6.44764e+06
434.343	  6.44807e+06
434.61	  6.4485e+06
434.877	  6.44891e+06
435.144	  6.44932e+06
435.411	  6.44972e+06
435.678	  6.45011e+06
435.945	  6.45049e+06
436.212	  6.45087e+06
436.479	  6.45124e+06
436.746	  6.4516e+06
437.013	  6.45196e+06
437.28	  6.45231e+06
437.547	  6.45265e+06
437.814	  6.45298e+06
438.081	  6.45331e+06
438.348	  6.45362e+06
438.615	  6.45394e+06
438.882	  6.45424e+06
439.149	  6.45454e+06
439.416	  6.45482e+06
439.683	  6.45511e+06
439.95	  6.45538e+06
440.217	  6.45565e+06
440.484	  6.45591e+06
440.751	  6.45616e+06
441.018	  6.45641e+06
441.285	  6.45665e+06
441.552	  6.45688e+06
441.819	  6.45711e+06
442.086	  6.45732e+06
442.353	  6.45753e+06
442.62	  6.45774e+06
442.887	  6.45794e+06
443.154	  6.45813e+06
443.421	  6.45831e+06
443.688	  6.45848e+06
443.955	  6.45865e+06
444.222	  6.45881e+06
444.489	  6.45897e+06
444.756	  6.45912e+06
445.023	  6.45926e+06
445.29	  6.45939e+06
445.557	  6.45952e+06
445.824	  6.45964e+06
446.091	  6.45976e+06
446.358	  6.45986e+06
446.625	  6.45996e+06
446.892	  6.46006e+06
447.159	  6.46014e+06
447.426	  6.46022e+06
447.693	  6.4603e+06
447.96	  6.46036e+06
448.227	  6.46042e+06
448.494	  6.46048e+06
448.761	  6.46052e+06
449.028	  6.46056e+06
449.295	  6.4606e+06
449.562	  6.46062e+06
449.829	  6.46064e+06
450.096	  6.46066e+06
450.363	  6.46067e+06
450.63	  6.46067e+06
450.897	  6.46066e+06
451.164	  6.46065e+06
451.431	  6.46063e+06
451.698	  6.4606e+06
451.965	  6.46057e+06
452.232	  6.46053e+06
452.499	  6.46049e+06
452.766	  6.46044e+06
453.033	  6.46038e+06
453.3	  6.46032e+06
453.567	  6.46025e+06
453.834	  6.46017e+06
454.101	  6.46009e+06
454.368	  6.46e+06
454.635	  6.4599e+06
454.902	  6.4598e+06
455.169	  6.45969e+06
455.436	  6.45958e+06
455.703	  6.45946e+06
455.97	  6.45933e+06
456.237	  6.4592e+06
456.504	  6.45906e+06
456.771	  6.45891e+06
457.038	  6.45876e+06
457.305	  6.4586e+06
457.572	  6.45844e+06
457.839	  6.45827e+06
458.106	  6.45809e+06
458.373	  6.45791e+06
458.64	  6.45772e+06
458.907	  6.45753e+06
459.174	  6.45733e+06
459.441	  6.45712e+06
459.708	  6.45691e+06
459.975	  6.45669e+06
460.242	  6.45647e+06
460.509	  6.45624e+06
460.776	  6.456e+06
461.043	  6.45576e+06
461.31	  6.45551e+06
461.577	  6.45526e+06
461.844	  6.455e+06
462.111	  6.45474e+06
462.378	  6.45446e+06
462.645	  6.45419e+06
462.912	  6.45391e+06
463.179	  6.45362e+06
463.446	  6.45332e+06
463.713	  6.45302e+06
463.98	  6.45272e+06
464.247	  6.4524e+06
464.514	  6.45209e+06
464.781	  6.45176e+06
465.048	  6.45143e+06
465.315	  6.4511e+06
465.582	  6.45076e+06
465.849	  6.45041e+06
466.116	  6.45006e+06
466.383	  6.44971e+06
466.65	  6.44934e+06
466.917	  6.44897e+06
467.184	  6.4486e+06
467.451	  6.44822e+06
467.718	  6.44784e+06
467.985	  6.44745e+06
468.252	  6.44705e+06
468.519	  6.44665e+06
468.786	  6.44624e+06
469.053	  6.44583e+06
469.32	  6.44541e+06
469.587	  6.44499e+06
469.854	  6.44456e+06
470.121	  6.44413e+06
470.388	  6.44369e+06
470.655	  6.44324e+06
470.922	  6.44279e+06
471.189	  6.44234e+06
471.456	  6.44187e+06
471.723	  6.44141e+06
471.99	  6.44094e+06
472.257	  6.44046e+06
472.524	  6.43998e+06
472.791	  6.43949e+06
473.058	  6.439e+06
473.325	  6.4385e+06
473.592	  6.438e+06
473.859	  6.43749e+06
474.126	  6.43697e+06
474.393	  6.43645e+06
474.66	  6.43593e+06
474.927	  6.4354e+06
475.194	  6.43487e+06
475.461	  6.43433e+06
475.728	  6.43378e+06
475.995	  6.43323e+06
476.262	  6.43268e+06
476.529	  6.43212e+06
476.796	  6.43155e+06
477.063	  6.43098e+06
477.33	  6.43041e+06
477.597	  6.42983e+06
477.864	  6.42925e+06
478.131	  6.42866e+06
478.398	  6.42806e+06
478.665	  6.42746e+06
478.932	  6.42686e+06
479.199	  6.42625e+06
479.466	  6.42563e+06
479.733	  6.42501e+06
480	  6.42439e+06
480.267	  6.42376e+06
480.534	  6.42312e+06
480.801	  6.42249e+06
481.068	  6.42184e+06
481.335	  6.42119e+06
481.602	  6.42054e+06
481.869	  6.41988e+06
482.136	  6.41922e+06
482.403	  6.41855e+06
482.67	  6.41788e+06
482.937	  6.4172e+06
483.204	  6.41652e+06
483.471	  6.41583e+06
483.738	  6.41514e+06
484.005	  6.41444e+06
484.272	  6.41374e+06
484.539	  6.41304e+06
484.806	  6.41233e+06
485.073	  6.41161e+06
485.34	  6.41089e+06
485.607	  6.41017e+06
485.874	  6.40944e+06
486.141	  6.40871e+06
486.408	  6.40797e+06
486.675	  6.40723e+06
486.942	  6.40648e+06
487.209	  6.40573e+06
487.476	  6.40497e+06
487.743	  6.40421e+06
488.01	  6.40345e+06
488.277	  6.40268e+06
488.544	  6.4019e+06
488.811	  6.40113e+06
489.078	  6.40034e+06
489.345	  6.39956e+06
489.612	  6.39876e+06
489.879	  6.39797e+06
490.146	  6.39717e+06
490.413	  6.39636e+06
490.68	  6.39555e+06
490.947	  6.39474e+06
491.214	  6.39392e+06
491.481	  6.3931e+06
491.748	  6.39227e+06
492.015	  6.39144e+06
492.282	  6.39061e+06
492.549	  6.38977e+06
492.816	  6.38892e+06
493.083	  6.38808e+06
493.35	  6.38722e+06
493.617	  6.38637e+06
493.884	  6.38551e+06
494.151	  6.38464e+06
494.418	  6.38377e+06
494.685	  6.3829e+06
494.952	  6.38202e+06
495.219	  6.38114e+06
495.486	  6.38026e+06
495.753	  6.37937e+06
496.02	  6.37847e+06
496.287	  6.37757e+06
496.554	  6.37667e+06
496.821	  6.37577e+06
497.088	  6.37486e+06
497.355	  6.37394e+06
497.622	  6.37302e+06
497.889	  6.3721e+06
498.156	  6.37117e+06
498.423	  6.37024e+06
498.69	  6.36931e+06
498.957	  6.36837e+06
499.224	  6.36743e+06
499.491	  6.36648e+06
499.758	  6.36553e+06
500.025	  6.36458e+06
500.292	  6.36362e+06
500.559	  6.36266e+06
500.826	  6.36169e+06
501.093	  6.36072e+06
501.36	  6.35975e+06
501.627	  6.35877e+06
501.894	  6.35779e+06
502.161	  6.3568e+06
502.428	  6.35581e+06
502.695	  6.35482e+06
502.962	  6.35382e+06
503.229	  6.35282e+06
503.496	  6.35182e+06
503.763	  6.35081e+06
504.03	  6.3498e+06
504.297	  6.34878e+06
504.564	  6.34776e+06
504.831	  6.34674e+06
505.098	  6.34571e+06
505.365	  6.34468e+06
505.632	  6.34365e+06
505.899	  6.34261e+06
506.166	  6.34157e+06
506.433	  6.34052e+06
506.7	  6.33947e+06
506.967	  6.33842e+06
507.234	  6.33737e+06
507.501	  6.33631e+06
507.768	  6.33524e+06
508.035	  6.33418e+06
508.302	  6.3331e+06
508.569	  6.33203e+06
508.836	  6.33095e+06
509.103	  6.32987e+06
509.37	  6.32879e+06
509.637	  6.3277e+06
509.904	  6.32661e+06
510.171	  6.32551e+06
510.438	  6.32441e+06
510.705	  6.32331e+06
510.972	  6.3222e+06
511.239	  6.32109e+06
511.506	  6.31998e+06
511.773	  6.31887e+06
512.04	  6.31775e+06
512.307	  6.31662e+06
512.574	  6.3155e+06
512.841	  6.31437e+06
513.108	  6.31323e+06
513.375	  6.3121e+06
513.642	  6.31096e+06
513.909	  6.30981e+06
514.176	  6.30867e+06
514.443	  6.30752e+06
514.71	  6.30636e+06
514.977	  6.30521e+06
515.244	  6.30405e+06
515.511	  6.30288e+06
515.778	  6.30172e+06
516.045	  6.30055e+06
516.312	  6.29937e+06
516.579	  6.2982e+06
516.846	  6.29702e+06
517.113	  6.29583e+06
517.38	  6.29465e+06
517.647	  6.29346e+06
517.914	  6.29227e+06
518.181	  6.29107e+06
518.448	  6.28987e+06
518.715	  6.28867e+06
518.982	  6.28746e+06
519.249	  6.28626e+06
519.516	  6.28504e+06
519.783	  6.28383e+06
520.05	  6.28261e+06
520.317	  6.28139e+06
520.584	  6.28017e+06
520.851	  6.27894e+06
521.118	  6.27771e+06
521.385	  6.27648e+06
521.652	  6.27524e+06
521.919	  6.274e+06
522.186	  6.27276e+06
522.453	  6.27151e+06
522.72	  6.27026e+06
522.987	  6.26901e+06
523.254	  6.26776e+06
523.521	  6.2665e+06
523.788	  6.26524e+06
524.055	  6.26398e+06
524.322	  6.26271e+06
524.589	  6.26144e+06
524.856	  6.26017e+06
525.123	  6.25889e+06
525.39	  6.25762e+06
525.657	  6.25634e+06
525.924	  6.25505e+06
526.191	  6.25376e+06
526.458	  6.25248e+06
526.725	  6.25118e+06
526.992	  6.24989e+06
527.259	  6.24859e+06
527.526	  6.24729e+06
527.793	  6.24598e+06
528.06	  6.24468e+06
528.327	  6.24337e+06
528.594	  6.24206e+06
528.861	  6.24074e+06
529.128	  6.23942e+06
529.395	  6.2381e+06
529.662	  6.23678e+06
529.929	  6.23545e+06
530.196	  6.23412e+06
530.463	  6.23279e+06
530.73	  6.23146e+06
530.997	  6.23012e+06
531.264	  6.22878e+06
531.531	  6.22744e+06
531.798	  6.22609e+06
532.065	  6.22474e+06
532.332	  6.22339e+06
532.599	  6.22204e+06
532.866	  6.22068e+06
533.133	  6.21932e+06
533.4	  6.21796e+06
533.667	  6.2166e+06
533.934	  6.21523e+06
534.201	  6.21386e+06
534.468	  6.21249e+06
534.735	  6.21112e+06
535.002	  6.20974e+06
535.269	  6.20836e+06
535.536	  6.20698e+06
535.803	  6.20559e+06
536.07	  6.20421e+06
536.337	  6.20282e+06
536.604	  6.20143e+06
536.871	  6.20003e+06
537.138	  6.19863e+06
537.405	  6.19723e+06
537.672	  6.19583e+06
537.939	  6.19443e+06
538.206	  6.19302e+06
538.473	  6.19161e+06
538.74	  6.1902e+06
539.007	  6.18878e+06
539.274	  6.18736e+06
539.541	  6.18594e+06
539.808	  6.18452e+06
540.075	  6.1831e+06
540.342	  6.18167e+06
540.609	  6.18024e+06
540.876	  6.17881e+06
541.143	  6.17738e+06
541.41	  6.17594e+06
541.677	  6.1745e+06
541.944	  6.17306e+06
542.211	  6.17162e+06
542.478	  6.17017e+06
542.745	  6.16872e+06
543.012	  6.16727e+06
543.279	  6.16582e+06
543.546	  6.16436e+06
543.813	  6.16291e+06
544.08	  6.16145e+06
544.347	  6.15999e+06
544.614	  6.15852e+06
544.881	  6.15705e+06
545.148	  6.15559e+06
545.415	  6.15411e+06
545.682	  6.15264e+06
545.949	  6.15117e+06
546.216	  6.14969e+06
546.483	  6.14821e+06
546.75	  6.14673e+06
547.017	  6.14524e+06
547.284	  6.14375e+06
547.551	  6.14227e+06
547.818	  6.14077e+06
548.085	  6.13928e+06
548.352	  6.13779e+06
548.619	  6.13629e+06
548.886	  6.13479e+06
549.153	  6.13329e+06
549.42	  6.13178e+06
549.687	  6.13028e+06
549.954	  6.12877e+06
550.221	  6.12726e+06
550.488	  6.12575e+06
550.755	  6.12423e+06
551.022	  6.12271e+06
551.289	  6.1212e+06
551.556	  6.11968e+06
551.823	  6.11815e+06
552.09	  6.11663e+06
552.357	  6.1151e+06
552.624	  6.11357e+06
552.891	  6.11204e+06
553.158	  6.11051e+06
553.425	  6.10897e+06
553.692	  6.10744e+06
553.959	  6.1059e+06
554.226	  6.10436e+06
554.493	  6.10281e+06
554.76	  6.10127e+06
555.027	  6.09972e+06
555.294	  6.09817e+06
555.561	  6.09662e+06
555.828	  6.09507e+06
556.095	  6.09351e+06
556.362	  6.09196e+06
556.629	  6.0904e+06
556.896	  6.08884e+06
557.163	  6.08728e+06
557.43	  6.08571e+06
557.697	  6.08414e+06
557.964	  6.08258e+06
558.231	  6.08101e+06
558.498	  6.07943e+06
558.765	  6.07786e+06
559.032	  6.07629e+06
559.299	  6.07471e+06
559.566	  6.07313e+06
560.009	  6.0705e+06
560.296	  6.0688e+06
560.583	  6.0671e+06
560.87	  6.06539e+06
561.157	  6.06368e+06
561.444	  6.06197e+06
561.731	  6.06025e+06
562.018	  6.05854e+06
562.305	  6.05682e+06
562.592	  6.0551e+06
562.879	  6.05338e+06
563.166	  6.05166e+06
563.453	  6.04993e+06
563.74	  6.0482e+06
564.027	  6.04647e+06
564.314	  6.04474e+06
564.601	  6.04301e+06
564.888	  6.04127e+06
565.175	  6.03954e+06
565.462	  6.0378e+06
565.749	  6.03605e+06
566.036	  6.03431e+06
566.323	  6.03257e+06
566.61	  6.03082e+06
566.897	  6.02907e+06
567.184	  6.02732e+06
567.471	  6.02557e+06
567.758	  6.02381e+06
568.045	  6.02205e+06
568.332	  6.0203e+06
568.619	  6.01854e+06
568.906	  6.01677e+06
569.193	  6.01501e+06
569.48	  6.01324e+06
569.767	  6.01148e+06
570.054	  6.00971e+06
570.341	  6.00793e+06
570.628	  6.00616e+06
570.915	  6.00439e+06
571.202	  6.00261e+06
571.489	  6.00083e+06
571.776	  5.99905e+06
572.063	  5.99727e+06
572.35	  5.99548e+06
572.637	  5.9937e+06
572.924	  5.99191e+06
573.211	  5.99012e+06
573.498	  5.98833e+06
573.785	  5.98654e+06
574.072	  5.98475e+06
574.359	  5.98295e+06
574.646	  5.98115e+06
574.933	  5.97935e+06
575.22	  5.97755e+06
575.507	  5.97575e+06
575.794	  5.97394e+06
576.081	  5.97214e+06
576.368	  5.97033e+06
576.655	  5.96852e+06
576.942	  5.96671e+06
577.229	  5.9649e+06
577.516	  5.96308e+06
577.803	  5.96127e+06
578.09	  5.95945e+06
578.377	  5.95763e+06
578.664	  5.95581e+06
578.951	  5.95399e+06
579.238	  5.95217e+06
579.525	  5.95034e+06
579.812	  5.94851e+06
580.099	  5.94668e+06
580.386	  5.94485e+06
580.673	  5.94302e+06
580.96	  5.94119e+06
581.247	  5.93936e+06
581.534	  5.93752e+06
581.821	  5.93568e+06
582.108	  5.93384e+06
582.395	  5.932e+06
582.682	  5.93016e+06
582.969	  5.92832e+06
583.256	  5.92647e+06
583.543	  5.92463e+06
583.83	  5.92278e+06
584.117	  5.92093e+06
584.404	  5.91908e+06
584.691	  5.91723e+06
584.978	  5.91537e+06
585.265	  5.91352e+06
585.552	  5.91166e+06
585.839	  5.9098e+06
586.126	  5.90794e+06
586.413	  5.90608e+06
586.7	  5.90422e+06
586.987	  5.90236e+06
587.274	  5.90049e+06
587.561	  5.89863e+06
587.848	  5.89676e+06
588.135	  5.89489e+06
588.422	  5.89302e+06
588.709	  5.89115e+06
588.996	  5.88928e+06
589.283	  5.8874e+06
589.57	  5.88553e+06
589.857	  5.88365e+06
590.144	  5.88177e+06
590.431	  5.87989e+06
590.718	  5.87801e+06
591.005	  5.87613e+06
591.292	  5.87425e+06
591.579	  5.87236e+06
591.866	  5.87048e+06
592.153	  5.86859e+06
592.44	  5.8667e+06
592.727	  5.86481e+06
593.014	  5.86292e+06
593.301	  5.86103e+06
593.588	  5.85914e+06
593.875	  5.85724e+06
594.162	  5.85535e+06
594.449	  5.85345e+06
594.736	  5.85155e+06
595.023	  5.84965e+06
595.31	  5.84775e+06
595.597	  5.84585e+06
595.884	  5.84395e+06
596.171	  5.84205e+06
596.458	  5.84014e+06
596.745	  5.83824e+06
597.032	  5.83633e+06
597.319	  5.83442e+06
597.606	  5.83251e+06
597.893	  5.8306e+06
598.18	  5.82869e+06
598.467	  5.82677e+06
598.754	  5.82486e+06
599.041	  5.82295e+06
599.328	  5.82103e+06
599.615	  5.81911e+06
599.902	  5.81719e+06
600.189	  5.81527e+06
600.476	  5.81335e+06
600.763	  5.81143e+06
601.05	  5.80951e+06
601.337	  5.80759e+06
601.624	  5.80566e+06
601.911	  5.80374e+06
602.198	  5.80181e+06
602.485	  5.79988e+06
602.772	  5.79795e+06
603.059	  5.79602e+06
603.346	  5.79409e+06
603.633	  5.79216e+06
603.92	  5.79023e+06
604.207	  5.78829e+06
604.494	  5.78636e+06
604.781	  5.78442e+06
605.068	  5.78249e+06
605.355	  5.78055e+06
605.642	  5.77861e+06
605.929	  5.77667e+06
606.216	  5.77473e+06
606.503	  5.77279e+06
606.79	  5.77085e+06
607.077	  5.7689e+06
607.364	  5.76696e+06
607.651	  5.76501e+06
607.938	  5.76307e+06
608.225	  5.76112e+06
608.512	  5.75917e+06
608.799	  5.75722e+06
609.086	  5.75527e+06
609.373	  5.75332e+06
609.66	  5.75137e+06
609.947	  5.74942e+06
610.234	  5.74747e+06
610.521	  5.74551e+06
610.808	  5.74356e+06
611.095	  5.7416e+06
611.382	  5.73964e+06
611.669	  5.73769e+06
611.956	  5.73573e+06
612.243	  5.73377e+06
612.53	  5.73181e+06
612.817	  5.72985e+06
613.104	  5.72789e+06
613.391	  5.72592e+06
613.678	  5.72396e+06
613.965	  5.722e+06
614.252	  5.72003e+06
614.539	  5.71807e+06
614.826	  5.7161e+06
615.113	  5.71413e+06
615.4	  5.71216e+06
615.687	  5.7102e+06
615.974	  5.70823e+06
616.261	  5.70626e+06
616.548	  5.70429e+06
616.835	  5.70231e+06
617.122	  5.70034e+06
617.409	  5.69837e+06
617.696	  5.69639e+06
617.983	  5.69442e+06
618.27	  5.69244e+06
618.557	  5.69047e+06
618.844	  5.68849e+06
619.131	  5.68651e+06
619.418	  5.68454e+06
619.705	  5.68256e+06
619.992	  5.68058e+06
620.279	  5.6786e+06
620.566	  5.67662e+06
620.853	  5.67463e+06
621.14	  5.67265e+06
621.427	  5.67067e+06
621.714	  5.66868e+06
622.001	  5.6667e+06
622.288	  5.66472e+06
622.575	  5.66273e+06
622.862	  5.66074e+06
623.149	  5.65876e+06
623.436	  5.65677e+06
623.723	  5.65478e+06
624.01	  5.65279e+06
624.297	  5.6508e+06
624.584	  5.64881e+06
624.871	  5.64682e+06
625.158	  5.64483e+06
625.445	  5.64284e+06
625.732	  5.64085e+06
626.019	  5.63886e+06
626.306	  5.63686e+06
626.593	  5.63487e+06
626.88	  5.63287e+06
627.167	  5.63088e+06
627.454	  5.62888e+06
627.741	  5.62689e+06
628.028	  5.62489e+06
628.315	  5.62289e+06
628.602	  5.62089e+06
628.889	  5.6189e+06
629.176	  5.6169e+06
629.463	  5.6149e+06
629.75	  5.6129e+06
630.037	  5.6109e+06
630.324	  5.60889e+06
630.611	  5.60689e+06
630.898	  5.60489e+06
631.185	  5.60289e+06
631.472	  5.60089e+06
631.759	  5.59888e+06
632.046	  5.59688e+06
632.333	  5.59487e+06
632.62	  5.59287e+06
632.907	  5.59086e+06
633.194	  5.58886e+06
633.481	  5.58685e+06
633.768	  5.58484e+06
634.055	  5.58284e+06
634.342	  5.58083e+06
634.629	  5.57882e+06
634.916	  5.57681e+06
635.203	  5.5748e+06
635.49	  5.57279e+06
635.777	  5.57078e+06
636.064	  5.56877e+06
636.351	  5.56676e+06
636.638	  5.56475e+06
636.925	  5.56274e+06
637.212	  5.56073e+06
637.499	  5.55871e+06
637.786	  5.5567e+06
638.073	  5.55469e+06
638.36	  5.55267e+06
638.647	  5.55066e+06
638.934	  5.54864e+06
639.221	  5.54663e+06
639.508	  5.54461e+06
639.795	  5.5426e+06
640.082	  5.54058e+06
640.369	  5.53857e+06
640.656	  5.53655e+06
640.943	  5.53453e+06
641.23	  5.53251e+06
641.517	  5.5305e+06
641.804	  5.52848e+06
642.091	  5.52646e+06
642.378	  5.52444e+06
642.665	  5.52242e+06
642.952	  5.5204e+06
643.239	  5.51838e+06
643.526	  5.51636e+06
643.813	  5.51434e+06
644.1	  5.51232e+06
644.387	  5.5103e+06
644.674	  5.50828e+06
644.961	  5.50626e+06
645.248	  5.50424e+06
645.535	  5.50221e+06
645.822	  5.50019e+06
646.109	  5.49817e+06
646.396	  5.49615e+06
646.683	  5.49412e+06
646.97	  5.4921e+06
647.257	  5.49007e+06
647.544	  5.48805e+06
647.831	  5.48603e+06
648.118	  5.484e+06
648.405	  5.48198e+06
648.692	  5.47995e+06
648.979	  5.47793e+06
649.266	  5.4759e+06
649.553	  5.47387e+06
649.84	  5.47185e+06
650.127	  5.46982e+06
650.414	  5.4678e+06
650.701	  5.46577e+06
650.988	  5.46374e+06
651.275	  5.46171e+06
651.562	  5.45969e+06
651.849	  5.45766e+06
652.136	  5.45563e+06
652.423	  5.4536e+06
652.71	  5.45158e+06
652.997	  5.44955e+06
653.284	  5.44752e+06
653.571	  5.44549e+06
653.858	  5.44346e+06
654.145	  5.44143e+06
654.432	  5.4394e+06
654.719	  5.43737e+06
655.006	  5.43534e+06
655.293	  5.43331e+06
655.58	  5.43128e+06
655.867	  5.42925e+06
656.154	  5.42722e+06
656.441	  5.42519e+06
656.728	  5.42316e+06
657.015	  5.42113e+06
657.302	  5.4191e+06
657.589	  5.41707e+06
657.876	  5.41504e+06
658.163	  5.41301e+06
658.45	  5.41097e+06
658.737	  5.40894e+06
659.024	  5.40691e+06
659.311	  5.40488e+06
659.598	  5.40285e+06
659.885	  5.40082e+06
660.172	  5.39878e+06
660.459	  5.39675e+06
660.746	  5.39472e+06
661.033	  5.39269e+06
661.32	  5.39065e+06
661.607	  5.38862e+06
661.894	  5.38659e+06
662.181	  5.38456e+06
662.468	  5.38252e+06
662.755	  5.38049e+06
663.042	  5.37846e+06
663.329	  5.37642e+06
663.616	  5.37439e+06
663.903	  5.37236e+06
664.19	  5.37032e+06
664.477	  5.36829e+06
664.764	  5.36626e+06
665.051	  5.36422e+06
665.338	  5.36219e+06
665.625	  5.36016e+06
665.912	  5.35812e+06
666.199	  5.35609e+06
666.486	  5.35406e+06
666.773	  5.35202e+06
667.06	  5.34999e+06
667.347	  5.34795e+06
667.634	  5.34592e+06
667.921	  5.34389e+06
668.208	  5.34185e+06
668.495	  5.33982e+06
668.782	  5.33779e+06
669.069	  5.33575e+06
669.356	  5.33372e+06
669.643	  5.33168e+06
669.93	  5.32965e+06
670.217	  5.32762e+06
670.504	  5.32558e+06
670.791	  5.32355e+06
671.078	  5.32152e+06
671.365	  5.31948e+06
671.652	  5.31745e+06
671.939	  5.31541e+06
672.226	  5.31338e+06
672.513	  5.31135e+06
672.8	  5.30931e+06
673.087	  5.30728e+06
673.374	  5.30525e+06
673.661	  5.30321e+06
673.948	  5.30118e+06
674.235	  5.29915e+06
674.522	  5.29711e+06
674.809	  5.29508e+06
675.096	  5.29304e+06
675.383	  5.29101e+06
675.67	  5.28898e+06
675.957	  5.28695e+06
676.244	  5.28491e+06
676.531	  5.28288e+06
676.818	  5.28085e+06
677.105	  5.27881e+06
677.392	  5.27678e+06
677.679	  5.27475e+06
677.966	  5.27272e+06
678.253	  5.27068e+06
678.54	  5.26865e+06
678.827	  5.26662e+06
679.114	  5.26459e+06
679.401	  5.26255e+06
679.688	  5.26052e+06
679.975	  5.25849e+06
680.262	  5.25646e+06
680.549	  5.25443e+06
680.836	  5.25239e+06
681.123	  5.25036e+06
681.41	  5.24833e+06
681.697	  5.2463e+06
681.984	  5.24427e+06
682.271	  5.24224e+06
682.558	  5.24021e+06
682.845	  5.23818e+06
683.132	  5.23615e+06
683.419	  5.23411e+06
683.706	  5.23208e+06
683.993	  5.23005e+06
684.28	  5.22802e+06
684.567	  5.22599e+06
684.854	  5.22396e+06
685.141	  5.22193e+06
685.428	  5.21991e+06
685.715	  5.21788e+06
686.002	  5.21585e+06
686.289	  5.21382e+06
686.576	  5.21179e+06
686.863	  5.20976e+06
687.15	  5.20773e+06
687.437	  5.2057e+06
687.724	  5.20367e+06
688.011	  5.20165e+06
688.298	  5.19962e+06
688.585	  5.19759e+06
688.872	  5.19556e+06
689.159	  5.19354e+06
689.446	  5.19151e+06
689.733	  5.18948e+06
690.02	  5.18745e+06
690.307	  5.18543e+06
690.594	  5.1834e+06
690.881	  5.18138e+06
691.168	  5.17935e+06
691.455	  5.17732e+06
691.742	  5.1753e+06
692.029	  5.17327e+06
692.316	  5.17125e+06
692.603	  5.16922e+06
692.89	  5.1672e+06
693.177	  5.16517e+06
693.464	  5.16315e+06
693.751	  5.16112e+06
694.038	  5.1591e+06
694.325	  5.15708e+06
694.612	  5.15505e+06
694.899	  5.15303e+06
695.186	  5.15101e+06
695.473	  5.14898e+06
695.76	  5.14696e+06
696.047	  5.14494e+06
696.334	  5.14292e+06
696.621	  5.1409e+06
696.908	  5.13887e+06
697.195	  5.13685e+06
697.482	  5.13483e+06
697.769	  5.13281e+06
698.056	  5.13079e+06
698.343	  5.12877e+06
698.63	  5.12675e+06
698.917	  5.12473e+06
699.204	  5.12271e+06
699.491	  5.12069e+06
699.778	  5.11867e+06
700.065	  5.11665e+06
700.352	  5.11464e+06
700.639	  5.11262e+06
700.926	  5.1106e+06
701.213	  5.10858e+06
701.5	  5.10657e+06
701.787	  5.10455e+06
702.074	  5.10253e+06
702.361	  5.10052e+06
702.648	  5.0985e+06
702.935	  5.09648e+06
703.222	  5.09447e+06
703.509	  5.09245e+06
703.796	  5.09044e+06
704.083	  5.08842e+06
704.37	  5.08641e+06
704.657	  5.08439e+06
704.944	  5.08238e+06
705.231	  5.08037e+06
705.518	  5.07835e+06
705.805	  5.07634e+06
706.092	  5.07433e+06
706.379	  5.07232e+06
706.666	  5.0703e+06
706.953	  5.06829e+06
707.24	  5.06628e+06
707.527	  5.06427e+06
707.814	  5.06226e+06
708.101	  5.06025e+06
708.388	  5.05824e+06
708.675	  5.05623e+06
708.962	  5.05422e+06
709.249	  5.05221e+06
709.536	  5.0502e+06
709.823	  5.04819e+06
710.11	  5.04619e+06
710.397	  5.04418e+06
710.684	  5.04217e+06
710.971	  5.04016e+06
711.258	  5.03816e+06
711.545	  5.03615e+06
711.832	  5.03415e+06
712.119	  5.03214e+06
712.406	  5.03014e+06
712.693	  5.02813e+06
712.98	  5.02613e+06
713.267	  5.02412e+06
713.554	  5.02212e+06
713.841	  5.02011e+06
714.128	  5.01811e+06
714.415	  5.01611e+06
714.702	  5.01411e+06
714.989	  5.0121e+06
715.276	  5.0101e+06
715.563	  5.0081e+06
715.85	  5.0061e+06
716.137	  5.0041e+06
716.424	  5.0021e+06
716.711	  5.0001e+06
716.998	  4.9981e+06
717.285	  4.9961e+06
717.572	  4.9941e+06
717.859	  4.99211e+06
718.146	  4.99011e+06
718.433	  4.98811e+06
718.72	  4.98611e+06
719.007	  4.98412e+06
719.294	  4.98212e+06
719.581	  4.98013e+06
719.868	  4.97813e+06
720.155	  4.97614e+06
720.442	  4.97414e+06
720.729	  4.97215e+06
721.016	  4.97015e+06
721.303	  4.96816e+06
721.59	  4.96617e+06
721.877	  4.96417e+06
722.164	  4.96218e+06
722.451	  4.96019e+06
722.738	  4.9582e+06
723.025	  4.95621e+06
723.312	  4.95422e+06
723.599	  4.95223e+06
723.886	  4.95024e+06
724.173	  4.94825e+06
724.46	  4.94626e+06
724.747	  4.94427e+06
725.034	  4.94229e+06
725.321	  4.9403e+06
725.608	  4.93831e+06
725.895	  4.93632e+06
726.182	  4.93434e+06
726.469	  4.93235e+06
726.756	  4.93037e+06
727.043	  4.92838e+06
727.33	  4.9264e+06
727.617	  4.92441e+06
727.904	  4.92243e+06
728.191	  4.92045e+06
728.478	  4.91847e+06
728.765	  4.91648e+06
729.052	  4.9145e+06
729.339	  4.91252e+06
729.626	  4.91054e+06
729.913	  4.90856e+06
730.2	  4.90658e+06
730.487	  4.9046e+06
730.774	  4.90262e+06
731.061	  4.90064e+06
731.348	  4.89866e+06
731.635	  4.89669e+06
731.922	  4.89471e+06
732.209	  4.89273e+06
732.496	  4.89076e+06
732.783	  4.88878e+06
733.07	  4.88681e+06
733.357	  4.88483e+06
733.644	  4.88286e+06
733.931	  4.88088e+06
734.218	  4.87891e+06
734.505	  4.87694e+06
734.792	  4.87497e+06
735.079	  4.87299e+06
735.366	  4.87102e+06
735.653	  4.86905e+06
735.94	  4.86708e+06
736.227	  4.86511e+06
736.514	  4.86314e+06
736.801	  4.86117e+06
737.088	  4.8592e+06
737.375	  4.85724e+06
737.662	  4.85527e+06
737.949	  4.8533e+06
738.236	  4.85134e+06
738.523	  4.84937e+06
738.81	  4.8474e+06
739.097	  4.84544e+06
739.384	  4.84348e+06
739.671	  4.84151e+06
739.958	  4.83955e+06
740.245	  4.83759e+06
740.532	  4.83562e+06
740.819	  4.83366e+06
741.106	  4.8317e+06
741.393	  4.82974e+06
741.68	  4.82778e+06
741.967	  4.82582e+06
742.254	  4.82386e+06
742.541	  4.8219e+06
742.828	  4.81994e+06
743.115	  4.81798e+06
743.402	  4.81603e+06
743.689	  4.81407e+06
743.976	  4.81211e+06
744.263	  4.81016e+06
744.55	  4.8082e+06
744.837	  4.80625e+06
745.124	  4.80429e+06
745.411	  4.80234e+06
745.698	  4.80039e+06
745.985	  4.79843e+06
746.272	  4.79648e+06
746.559	  4.79453e+06
746.846	  4.79258e+06
747.133	  4.79063e+06
747.42	  4.78868e+06
747.707	  4.78673e+06
747.994	  4.78478e+06
748.281	  4.78283e+06
748.568	  4.78089e+06
748.855	  4.77894e+06
749.142	  4.77699e+06
749.429	  4.77505e+06
749.716	  4.7731e+06
750.003	  4.77116e+06
750.29	  4.76921e+06
750.577	  4.76727e+06
750.864	  4.76532e+06
751.151	  4.76338e+06
751.438	  4.76144e+06
751.725	  4.7595e+06
752.012	  4.75756e+06
752.299	  4.75562e+06
752.586	  4.75368e+06
752.873	  4.75174e+06
753.16	  4.7498e+06
753.447	  4.74786e+06
753.734	  4.74592e+06
754.021	  4.74398e+06
754.308	  4.74205e+06
754.595	  4.74011e+06
754.882	  4.73818e+06
755.169	  4.73624e+06
755.456	  4.73431e+06
755.743	  4.73237e+06
756.03	  4.73044e+06
756.317	  4.72851e+06
756.604	  4.72657e+06
756.891	  4.72464e+06
757.178	  4.72271e+06
757.465	  4.72078e+06
757.752	  4.71885e+06
758.039	  4.71692e+06
758.326	  4.71499e+06
758.613	  4.71307e+06
758.9	  4.71114e+06
759.187	  4.70921e+06
759.474	  4.70729e+06
759.761	  4.70536e+06
760.048	  4.70343e+06
760.335	  4.70151e+06
760.622	  4.69959e+06
760.909	  4.69766e+06
761.196	  4.69574e+06
761.483	  4.69382e+06
761.77	  4.6919e+06
762.057	  4.68997e+06
762.344	  4.68805e+06
762.631	  4.68613e+06
762.918	  4.68422e+06
763.205	  4.6823e+06
763.492	  4.68038e+06
763.779	  4.67846e+06
764.066	  4.67654e+06
764.353	  4.67463e+06
764.64	  4.67271e+06
764.927	  4.6708e+06
765.214	  4.66888e+06
765.501	  4.66697e+06
765.788	  4.66506e+06
766.075	  4.66314e+06
766.362	  4.66123e+06
766.649	  4.65932e+06
766.936	  4.65741e+06
767.223	  4.6555e+06
767.51	  4.65359e+06
767.797	  4.65168e+06
768.084	  4.64977e+06
768.371	  4.64786e+06
768.658	  4.64596e+06
768.945	  4.64405e+06
769.232	  4.64214e+06
769.519	  4.64024e+06
769.806	  4.63833e+06
770.093	  4.63643e+06
770.38	  4.63453e+06
770.667	  4.63262e+06
770.954	  4.63072e+06
771.241	  4.62882e+06
771.528	  4.62692e+06
771.815	  4.62502e+06
772.102	  4.62312e+06
772.389	  4.62122e+06
772.676	  4.61932e+06
772.963	  4.61742e+06
773.25	  4.61553e+06
773.537	  4.61363e+06
773.824	  4.61173e+06
774.111	  4.60984e+06
774.398	  4.60794e+06
774.685	  4.60605e+06
774.972	  4.60415e+06
775.259	  4.60226e+06
775.546	  4.60037e+06
775.833	  4.59848e+06
776.12	  4.59659e+06
776.407	  4.5947e+06
776.694	  4.59281e+06
776.981	  4.59092e+06
777.268	  4.58903e+06
777.555	  4.58714e+06
777.842	  4.58525e+06
778.129	  4.58337e+06
778.416	  4.58148e+06
778.703	  4.5796e+06
778.99	  4.57771e+06
779.277	  4.57583e+06
779.564	  4.57395e+06
779.851	  4.57206e+06
780.138	  4.57018e+06
780.425	  4.5683e+06
780.712	  4.56642e+06
780.999	  4.56454e+06
781.286	  4.56266e+06
781.573	  4.56078e+06
781.86	  4.5589e+06
782.147	  4.55702e+06
782.434	  4.55515e+06
782.721	  4.55327e+06
783.008	  4.5514e+06
783.295	  4.54952e+06
783.582	  4.54765e+06
783.869	  4.54577e+06
784.156	  4.5439e+06
784.443	  4.54203e+06
784.73	  4.54016e+06
785.017	  4.53828e+06
785.304	  4.53641e+06
785.591	  4.53454e+06
785.878	  4.53268e+06
786.165	  4.53081e+06
786.452	  4.52894e+06
786.739	  4.52707e+06
787.026	  4.52521e+06
787.313	  4.52334e+06
787.6	  4.52148e+06
787.887	  4.51961e+06
788.174	  4.51775e+06
788.461	  4.51588e+06
788.748	  4.51402e+06
789.035	  4.51216e+06
789.322	  4.5103e+06
789.609	  4.50844e+06
789.896	  4.50658e+06
790.183	  4.50472e+06
790.47	  4.50286e+06
790.757	  4.501e+06
791.044	  4.49915e+06
791.331	  4.49729e+06
791.618	  4.49543e+06
791.905	  4.49358e+06
792.192	  4.49172e+06
792.479	  4.48987e+06
792.766	  4.48802e+06
793.053	  4.48617e+06
793.34	  4.48431e+06
793.627	  4.48246e+06
793.914	  4.48061e+06
794.201	  4.47876e+06
794.488	  4.47691e+06
794.775	  4.47507e+06
795.062	  4.47322e+06
795.349	  4.47137e+06
795.636	  4.46952e+06
795.923	  4.46768e+06
796.21	  4.46583e+06
796.497	  4.46399e+06
796.784	  4.46215e+06
797.071	  4.4603e+06
797.358	  4.45846e+06
797.645	  4.45662e+06
797.932	  4.45478e+06
798.219	  4.45294e+06
798.506	  4.4511e+06
798.793	  4.44926e+06
799.08	  4.44742e+06
799.367	  4.44558e+06
799.654	  4.44375e+06
799.941	  4.44191e+06
800.228	  4.44008e+06
800.515	  4.43824e+06
800.802	  4.43641e+06
801.089	  4.43457e+06
801.376	  4.43274e+06
801.663	  4.43091e+06
801.95	  4.42908e+06
802.237	  4.42725e+06
802.524	  4.42542e+06
802.811	  4.42359e+06
803.098	  4.42176e+06
803.385	  4.41993e+06
803.672	  4.4181e+06
803.959	  4.41628e+06
804.246	  4.41445e+06
804.533	  4.41263e+06
804.82	  4.4108e+06
805.107	  4.40898e+06
805.394	  4.40716e+06
805.681	  4.40533e+06
805.968	  4.40351e+06
806.255	  4.40169e+06
806.542	  4.39987e+06
806.829	  4.39805e+06
807.116	  4.39623e+06
807.403	  4.39442e+06
807.69	  4.3926e+06
807.977	  4.39078e+06
808.264	  4.38897e+06
808.551	  4.38715e+06
808.838	  4.38534e+06
809.125	  4.38352e+06
809.412	  4.38171e+06
809.699	  4.3799e+06
809.986	  4.37808e+06
810.273	  4.37627e+06
810.56	  4.37446e+06
810.847	  4.37265e+06
811.134	  4.37084e+06
811.421	  4.36904e+06
811.708	  4.36723e+06
811.995	  4.36542e+06
812.282	  4.36362e+06
812.569	  4.36181e+06
812.856	  4.36001e+06
813.143	  4.3582e+06
813.43	  4.3564e+06
813.717	  4.3546e+06
814.004	  4.35279e+06
814.291	  4.35099e+06
814.578	  4.34919e+06
814.865	  4.34739e+06
815.152	  4.34559e+06
815.439	  4.34379e+06
815.726	  4.342e+06
816.013	  4.3402e+06
816.3	  4.3384e+06
816.587	  4.33661e+06
816.874	  4.33481e+06
817.161	  4.33302e+06
817.448	  4.33123e+06
817.735	  4.32943e+06
818.022	  4.32764e+06
818.309	  4.32585e+06
818.596	  4.32406e+06
818.883	  4.32227e+06
819.17	  4.32048e+06
819.457	  4.31869e+06
820.002	  4.3153e+06
820.031	  4.31512e+06
820.059	  4.31494e+06
820.088	  4.31476e+06
820.117	  4.31458e+06
820.146	  4.3144e+06
820.174	  4.31422e+06
820.203	  4.31405e+06
820.232	  4.31387e+06
820.26	  4.31369e+06
820.289	  4.31351e+06
820.318	  4.31333e+06
820.346	  4.31315e+06
820.375	  4.31297e+06
820.404	  4.3128e+06
820.433	  4.31262e+06
820.461	  4.31244e+06
820.49	  4.31226e+06
820.519	  4.31208e+06
820.547	  4.3119e+06
820.576	  4.31172e+06
820.605	  4.31155e+06
820.633	  2.60934e+06
820.662	  2.60919e+06
820.691	  2.60904e+06
820.72	  2.60889e+06
820.748	  2.60874e+06
820.777	  2.6086e+06
820.806	  2.60845e+06
820.834	  2.6083e+06
820.863	  2.60815e+06
820.892	  2.608e+06
820.92	  2.60785e+06
820.949	  2.6077e+06
820.978	  2.60755e+06
821.007	  2.6074e+06
821.035	  2.60725e+06
821.064	  2.6071e+06
821.093	  2.60695e+06
821.121	  2.6068e+06
821.15	  2.60665e+06
821.179	  2.6065e+06
821.207	  2.60635e+06
821.236	  2.6062e+06
821.265	  2.60605e+06
821.294	  2.6059e+06
821.322	  2.60575e+06
821.351	  2.6056e+06
821.38	  2.60545e+06
821.408	  2.6053e+06
821.437	  2.60515e+06
821.466	  2.60501e+06
821.494	  2.60486e+06
821.523	  2.60471e+06
821.552	  2.60456e+06
821.581	  2.60441e+06
821.609	  2.60426e+06
821.638	  2.60411e+06
821.667	  2.60396e+06
821.695	  2.60381e+06
821.724	  2.60366e+06
821.753	  2.60351e+06
821.781	  2.60336e+06
821.81	  2.60321e+06
821.839	  2.60306e+06
821.868	  2.60291e+06
821.896	  2.60276e+06
821.925	  2.60262e+06
821.954	  2.60247e+06
821.982	  2.60232e+06
822.011	  2.60217e+06
822.011	  2.60217e+06
822.298	  2.60068e+06
822.585	  2.59918e+06
822.872	  2.59769e+06
823.159	  2.5962e+06
823.446	  2.59472e+06
823.733	  2.59323e+06
824.02	  2.59174e+06
824.307	  2.59026e+06
824.594	  2.58877e+06
824.881	  2.58729e+06
825.168	  2.58581e+06
825.455	  2.58433e+06
825.742	  2.58285e+06
826.029	  2.58137e+06
826.316	  2.57989e+06
826.603	  2.57841e+06
826.89	  2.57693e+06
827.177	  2.57546e+06
827.464	  2.57398e+06
827.751	  2.57251e+06
828.038	  2.57104e+06
828.325	  2.56957e+06
828.612	  2.5681e+06
828.899	  2.56663e+06
829.186	  2.56516e+06
829.473	  2.56369e+06
829.76	  2.56222e+06
830.047	  2.56076e+06
830.334	  2.55929e+06
830.621	  2.55783e+06
830.908	  2.55637e+06
831.195	  2.5549e+06
831.482	  2.55344e+06
831.769	  2.55198e+06
832.056	  2.55052e+06
832.343	  2.54907e+06
832.63	  2.54761e+06
832.917	  2.54615e+06
833.204	  2.5447e+06
833.491	  2.54324e+06
833.778	  2.54179e+06
834.065	  2.54034e+06
834.352	  2.53889e+06
834.639	  2.53744e+06
834.926	  2.53599e+06
835.213	  2.53454e+06
835.5	  2.53309e+06
835.787	  2.53165e+06
836.074	  2.5302e+06
836.361	  2.52876e+06
836.648	  2.52731e+06
836.935	  2.52587e+06
837.222	  2.52443e+06
837.509	  2.52299e+06
837.796	  2.52155e+06
838.083	  2.52011e+06
838.37	  2.51867e+06
838.657	  2.51724e+06
838.944	  2.5158e+06
839.231	  2.51437e+06
839.518	  2.51293e+06
839.805	  2.5115e+06
840.092	  2.51007e+06
840.379	  2.50864e+06
840.666	  2.50721e+06
840.953	  2.50578e+06
841.24	  2.50435e+06
841.527	  2.50292e+06
841.814	  2.5015e+06
842.101	  2.50007e+06
842.388	  2.49865e+06
842.675	  2.49722e+06
842.962	  2.4958e+06
843.249	  2.49438e+06
843.536	  2.49296e+06
843.823	  2.49154e+06
844.11	  2.49012e+06
844.397	  2.48871e+06
844.684	  2.48729e+06
844.971	  2.48587e+06
845.258	  2.48446e+06
845.545	  2.48305e+06
845.832	  2.48163e+06
846.119	  2.48022e+06
846.406	  2.47881e+06
846.693	  2.4774e+06
846.98	  2.47599e+06
847.267	  2.47458e+06
847.554	  2.47318e+06
847.841	  2.47177e+06
848.128	  2.47037e+06
848.415	  2.46896e+06
848.702	  2.46756e+06
848.989	  2.46616e+06
849.276	  2.46476e+06
849.563	  2.46336e+06
849.85	  2.46196e+06
850.137	  2.46056e+06
850.424	  2.45916e+06
850.711	  2.45776e+06
850.998	  2.45637e+06
851.285	  2.45497e+06
851.572	  2.45358e+06
851.859	  2.45219e+06
852.146	  2.4508e+06
852.433	  2.44941e+06
852.72	  2.44802e+06
853.007	  2.44663e+06
853.294	  2.44524e+06
853.581	  2.44385e+06
853.868	  2.44247e+06
854.155	  2.44108e+06
854.442	  2.4397e+06
854.729	  2.43831e+06
855.016	  2.43693e+06
855.303	  2.43555e+06
855.59	  2.43417e+06
855.877	  2.43279e+06
856.164	  2.43141e+06
856.451	  2.43004e+06
856.738	  2.42866e+06
857.025	  2.42728e+06
857.312	  2.42591e+06
857.599	  2.42453e+06
857.886	  2.42316e+06
858.173	  2.42179e+06
858.46	  2.42042e+06
858.747	  2.41905e+06
859.034	  2.41768e+06
859.321	  2.41631e+06
859.608	  2.41494e+06
859.895	  2.41358e+06
860.182	  2.41221e+06
860.469	  2.41085e+06
860.756	  2.40948e+06
861.043	  2.40812e+06
861.33	  2.40676e+06
861.617	  2.4054e+06
861.904	  2.40404e+06
862.191	  2.40268e+06
862.478	  2.40132e+06
862.765	  2.39997e+06
863.052	  2.39861e+06
863.339	  2.39726e+06
863.626	  2.3959e+06
863.913	  2.39455e+06
864.2	  2.3932e+06
864.487	  2.39185e+06
864.774	  2.39049e+06
865.061	  2.38915e+06
865.348	  2.3878e+06
865.635	  2.38645e+06
865.922	  2.3851e+06
866.209	  2.38376e+06
866.496	  2.38241e+06
866.783	  2.38107e+06
867.07	  2.37972e+06
867.357	  2.37838e+06
867.644	  2.37704e+06
867.931	  2.3757e+06
868.218	  2.37436e+06
868.505	  2.37302e+06
868.792	  2.37169e+06
869.079	  2.37035e+06
869.366	  2.36901e+06
869.653	  2.36768e+06
869.94	  2.36635e+06
870.227	  2.36501e+06
870.514	  2.36368e+06
870.801	  2.36235e+06
871.088	  2.36102e+06
871.375	  2.35969e+06
871.662	  2.35836e+06
871.949	  2.35704e+06
872.236	  2.35571e+06
872.523	  2.35438e+06
872.81	  2.35306e+06
873.097	  2.35174e+06
873.384	  2.35041e+06
873.671	  2.34909e+06
873.958	  2.34777e+06
874.245	  2.34645e+06
874.532	  2.34513e+06
874.819	  2.34381e+06
875.106	  2.3425e+06
875.393	  2.34118e+06
875.68	  2.33986e+06
875.967	  2.33855e+06
876.254	  2.33724e+06
876.541	  2.33592e+06
876.828	  2.33461e+06
877.115	  2.3333e+06
877.402	  2.33199e+06
877.689	  2.33068e+06
877.976	  2.32937e+06
878.263	  2.32807e+06
878.55	  2.32676e+06
878.837	  2.32545e+06
879.124	  2.32415e+06
879.411	  2.32285e+06
879.698	  2.32154e+06
879.985	  2.32024e+06
880.272	  2.31894e+06
880.559	  2.31764e+06
880.846	  2.31634e+06
881.133	  2.31504e+06
881.42	  2.31375e+06
881.707	  2.31245e+06
881.994	  2.31115e+06
882.281	  2.30986e+06
882.568	  2.30857e+06
882.855	  2.30727e+06
883.142	  2.30598e+06
883.429	  2.30469e+06
883.716	  2.3034e+06
884.003	  2.30211e+06
884.29	  2.30082e+06
884.577	  2.29954e+06
884.864	  2.29825e+06
885.151	  2.29696e+06
885.438	  2.29568e+06
885.725	  2.29439e+06
886.012	  2.29311e+06
886.299	  2.29183e+06
886.586	  2.29055e+06
886.873	  2.28927e+06
887.16	  2.28799e+06
887.447	  2.28671e+06
887.734	  2.28543e+06
888.021	  2.28416e+06
888.308	  2.28288e+06
888.595	  2.28161e+06
888.882	  2.28033e+06
889.169	  2.27906e+06
889.456	  2.27779e+06
889.743	  2.27652e+06
890.03	  2.27525e+06
890.317	  2.27398e+06
890.604	  2.27271e+06
890.891	  2.27144e+06
891.178	  2.27017e+06
891.465	  2.26891e+06
891.752	  2.26764e+06
892.039	  2.26638e+06
892.326	  2.26511e+06
892.613	  2.26385e+06
892.9	  2.26259e+06
893.187	  2.26133e+06
893.474	  2.26007e+06
893.761	  2.25881e+06
894.048	  2.25755e+06
894.335	  2.2563e+06
894.622	  2.25504e+06
894.909	  2.25378e+06
895.196	  2.25253e+06
895.483	  2.25128e+06
895.77	  2.25002e+06
896.057	  2.24877e+06
896.344	  2.24752e+06
896.631	  2.24627e+06
896.918	  2.24502e+06
897.205	  2.24377e+06
897.492	  2.24253e+06
897.779	  2.24128e+06
898.066	  2.24003e+06
898.353	  2.23879e+06
898.64	  2.23754e+06
898.927	  2.2363e+06
899.214	  2.23506e+06
899.501	  2.23382e+06
899.788	  2.23258e+06
900.075	  2.23134e+06
900.362	  2.2301e+06
900.649	  2.22886e+06
900.936	  2.22762e+06
901.223	  2.22639e+06
901.51	  2.22515e+06
901.797	  2.22392e+06
902.084	  2.22268e+06
902.371	  2.22145e+06
902.658	  2.22022e+06
902.945	  2.21899e+06
903.232	  2.21776e+06
903.519	  2.21653e+06
903.806	  2.2153e+06
904.093	  2.21407e+06
904.38	  2.21285e+06
904.667	  2.21162e+06
904.954	  2.2104e+06
905.241	  2.20917e+06
905.528	  2.20795e+06
905.815	  2.20673e+06
906.102	  2.20551e+06
906.389	  2.20429e+06
906.676	  2.20307e+06
906.963	  2.20185e+06
907.25	  2.20063e+06
907.537	  2.19941e+06
907.824	  2.1982e+06
908.111	  2.19698e+06
908.398	  2.19577e+06
908.685	  2.19455e+06
908.972	  2.19334e+06
909.259	  2.19213e+06
909.546	  2.19092e+06
909.833	  2.18971e+06
910.12	  2.1885e+06
910.407	  2.18729e+06
910.694	  2.18608e+06
910.981	  2.18487e+06
911.268	  2.18367e+06
911.555	  2.18246e+06
911.842	  2.18126e+06
912.129	  2.18006e+06
912.416	  2.17885e+06
912.703	  2.17765e+06
912.99	  2.17645e+06
913.277	  2.17525e+06
913.564	  2.17405e+06
913.851	  2.17285e+06
914.138	  2.17166e+06
914.425	  2.17046e+06
914.712	  2.16926e+06
914.999	  2.16807e+06
915.286	  2.16688e+06
915.573	  2.16568e+06
915.86	  2.16449e+06
916.147	  2.1633e+06
916.434	  2.16211e+06
916.721	  2.16092e+06
917.008	  2.15973e+06
917.295	  2.15854e+06
917.582	  2.15735e+06
917.869	  2.15617e+06
918.156	  2.15498e+06
918.443	  2.1538e+06
918.73	  2.15261e+06
919.017	  2.15143e+06
919.304	  2.15025e+06
919.591	  2.14907e+06
919.878	  2.14788e+06
920.165	  2.14671e+06
920.452	  2.14553e+06
920.739	  2.14435e+06
921.026	  2.14317e+06
921.313	  2.14199e+06
921.6	  2.14082e+06
921.887	  2.13964e+06
922.174	  2.13847e+06
922.461	  2.1373e+06
922.748	  2.13612e+06
923.035	  2.13495e+06
923.322	  2.13378e+06
923.609	  2.13261e+06
923.896	  2.13144e+06
924.183	  2.13028e+06
924.47	  2.12911e+06
924.757	  2.12794e+06
925.044	  2.12678e+06
925.331	  2.12561e+06
925.618	  2.12445e+06
925.905	  2.12329e+06
926.192	  2.12212e+06
926.479	  2.12096e+06
926.766	  2.1198e+06
927.053	  2.11864e+06
927.34	  2.11748e+06
927.627	  2.11632e+06
927.914	  2.11517e+06
928.201	  2.11401e+06
928.488	  2.11285e+06
928.775	  2.1117e+06
929.062	  2.11055e+06
929.349	  2.10939e+06
929.636	  2.10824e+06
929.923	  2.10709e+06
930.21	  2.10594e+06
930.497	  2.10479e+06
930.784	  2.10364e+06
931.071	  2.10249e+06
931.358	  2.10134e+06
931.645	  2.1002e+06
931.932	  2.09905e+06
932.219	  2.09791e+06
932.506	  2.09676e+06
932.793	  2.09562e+06
933.08	  2.09447e+06
933.367	  2.09333e+06
933.654	  2.09219e+06
933.941	  2.09105e+06
934.228	  2.08991e+06
934.515	  2.08877e+06
934.802	  2.08764e+06
935.089	  2.0865e+06
935.376	  2.08536e+06
935.663	  2.08423e+06
935.95	  2.08309e+06
936.237	  2.08196e+06
936.524	  2.08083e+06
936.811	  2.0797e+06
937.098	  2.07856e+06
937.385	  2.07743e+06
937.672	  2.0763e+06
937.959	  2.07518e+06
938.246	  2.07405e+06
938.533	  2.07292e+06
938.82	  2.07179e+06
939.107	  2.07067e+06
939.394	  2.06954e+06
939.681	  2.06842e+06
939.968	  2.0673e+06
940.255	  2.06617e+06
940.542	  2.06505e+06
940.829	  2.06393e+06
941.116	  2.06281e+06
941.403	  2.06169e+06
941.69	  2.06057e+06
941.977	  2.05946e+06
942.264	  2.05834e+06
942.551	  2.05722e+06
942.838	  2.05611e+06
943.125	  2.05499e+06
943.412	  2.05388e+06
943.699	  2.05277e+06
943.986	  2.05166e+06
944.273	  2.05054e+06
944.56	  2.04943e+06
944.847	  2.04832e+06
945.134	  2.04722e+06
945.421	  2.04611e+06
945.708	  2.045e+06
945.995	  2.04389e+06
946.282	  2.04279e+06
946.569	  2.04168e+06
946.856	  2.04058e+06
947.143	  2.03948e+06
947.43	  2.03837e+06
947.717	  2.03727e+06
948.004	  2.03617e+06
948.291	  2.03507e+06
948.578	  2.03397e+06
948.865	  2.03287e+06
949.152	  2.03178e+06
949.439	  2.03068e+06
949.726	  2.02958e+06
950.013	  2.02849e+06
950.3	  2.02739e+06
950.587	  2.0263e+06
950.874	  2.02521e+06
951.161	  2.02411e+06
951.448	  2.02302e+06
951.735	  2.02193e+06
952.022	  2.02084e+06
952.309	  2.01975e+06
952.596	  2.01866e+06
952.883	  2.01758e+06
953.17	  2.01649e+06
953.457	  2.0154e+06
953.744	  2.01432e+06
954.031	  2.01323e+06
954.318	  2.01215e+06
954.605	  2.01107e+06
954.892	  2.00999e+06
955.179	  2.0089e+06
955.466	  2.00782e+06
955.753	  2.00674e+06
956.04	  2.00566e+06
956.327	  2.00459e+06
956.614	  2.00351e+06
956.901	  2.00243e+06
957.188	  2.00136e+06
957.475	  2.00028e+06
957.762	  1.99921e+06
958.049	  1.99813e+06
958.336	  1.99706e+06
958.623	  1.99599e+06
958.91	  1.99492e+06
959.197	  1.99385e+06
959.484	  1.99278e+06
959.771	  1.99171e+06
960.058	  1.99064e+06
960.345	  1.98957e+06
960.632	  1.9885e+06
960.919	  1.98744e+06
961.206	  1.98637e+06
961.493	  1.98531e+06
961.78	  1.98425e+06
962.067	  1.98318e+06
962.354	  1.98212e+06
962.641	  1.98106e+06
962.928	  1.98e+06
963.215	  1.97894e+06
963.502	  1.97788e+06
963.789	  1.97682e+06
964.076	  1.97576e+06
964.363	  1.97471e+06
964.65	  1.97365e+06
964.937	  1.9726e+06
965.224	  1.97154e+06
965.511	  1.97049e+06
965.798	  1.96943e+06
966.085	  1.96838e+06
966.372	  1.96733e+06
966.659	  1.96628e+06
966.946	  1.96523e+06
967.233	  1.96418e+06
967.52	  1.96313e+06
967.807	  1.96208e+06
968.094	  1.96104e+06
968.381	  1.95999e+06
968.668	  1.95895e+06
968.955	  1.9579e+06
969.242	  1.95686e+06
969.529	  1.95581e+06
969.816	  1.95477e+06
970.103	  1.95373e+06
970.39	  1.95269e+06
970.677	  1.95165e+06
970.964	  1.95061e+06
971.251	  1.94957e+06
971.538	  1.94853e+06
971.825	  1.9475e+06
972.112	  1.94646e+06
972.399	  1.94542e+06
972.686	  1.94439e+06
972.973	  1.94335e+06
973.26	  1.94232e+06
973.547	  1.94129e+06
973.834	  1.94026e+06
974.121	  1.93922e+06
974.408	  1.93819e+06
974.695	  1.93716e+06
974.982	  1.93614e+06
975.269	  1.93511e+06
975.556	  1.93408e+06
975.843	  1.93305e+06
976.13	  1.93203e+06
976.417	  1.931e+06
976.704	  1.92998e+06
976.991	  1.92895e+06
977.278	  1.92793e+06
977.565	  1.92691e+06
977.852	  1.92589e+06
978.139	  1.92486e+06
978.426	  1.92384e+06
978.713	  1.92282e+06
979	  1.92181e+06
979.287	  1.92079e+06
979.574	  1.91977e+06
979.861	  1.91875e+06
980.148	  1.91774e+06
980.435	  1.91672e+06
980.722	  1.91571e+06
981.009	  1.9147e+06
981.296	  1.91368e+06
981.583	  1.91267e+06
981.87	  1.91166e+06
982.157	  1.91065e+06
982.444	  1.90964e+06
982.731	  1.90863e+06
983.018	  1.90762e+06
983.305	  1.90661e+06
983.592	  1.90561e+06
983.879	  1.9046e+06
984.166	  1.90359e+06
984.453	  1.90259e+06
984.74	  1.90159e+06
985.027	  1.90058e+06
985.314	  1.89958e+06
985.601	  1.89858e+06
985.888	  1.89758e+06
986.175	  1.89658e+06
986.462	  1.89558e+06
986.749	  1.89458e+06
987.036	  1.89358e+06
987.323	  1.89258e+06
987.61	  1.89158e+06
987.897	  1.89059e+06
988.184	  1.88959e+06
988.471	  1.8886e+06
988.758	  1.8876e+06
989.045	  1.88661e+06
989.332	  1.88562e+06
989.619	  1.88463e+06
989.906	  1.88363e+06
990.193	  1.88264e+06
990.48	  1.88165e+06
990.767	  1.88066e+06
991.054	  1.87968e+06
991.341	  1.87869e+06
991.628	  1.8777e+06
991.915	  1.87672e+06
992.202	  1.87573e+06
992.489	  1.87475e+06
992.776	  1.87376e+06
993.063	  1.87278e+06
993.35	  1.8718e+06
993.637	  1.87081e+06
993.924	  1.86983e+06
994.211	  1.86885e+06
994.498	  1.86787e+06
994.785	  1.86689e+06
995.072	  1.86591e+06
995.359	  1.86494e+06
995.646	  1.86396e+06
995.933	  1.86298e+06
996.22	  1.86201e+06
996.507	  1.86103e+06
996.794	  1.86006e+06
997.081	  1.85909e+06
997.368	  1.85811e+06
997.655	  1.85714e+06
997.942	  1.85617e+06
998.229	  1.8552e+06
998.516	  1.85423e+06
998.803	  1.85326e+06
999.09	  1.85229e+06
999.377	  1.85132e+06
999.664	  1.85036e+06
999.951	  1.84939e+06
1000.24	  1.84842e+06
1000.52	  1.84746e+06
1000.81	  1.84649e+06
1001.1	  1.84553e+06
1001.39	  1.84457e+06
1001.67	  1.8436e+06
1001.96	  1.84264e+06
1002.25	  1.84168e+06
1002.53	  1.84072e+06
1002.82	  1.83976e+06
1003.11	  1.8388e+06
1003.39	  1.83785e+06
1003.68	  1.83689e+06
1003.97	  1.83593e+06
1004.26	  1.83498e+06
1004.54	  1.83402e+06
1004.83	  1.83307e+06
1005.12	  1.83211e+06
1005.4	  1.83116e+06
1005.69	  1.83021e+06
1005.98	  1.82925e+06
1006.26	  1.8283e+06
1006.55	  1.82735e+06
1006.84	  1.8264e+06
1007.13	  1.82545e+06
1007.41	  1.8245e+06
1007.7	  1.82356e+06
1007.99	  1.82261e+06
1008.27	  1.82166e+06
1008.56	  1.82072e+06
1008.85	  1.81977e+06
1009.13	  1.81883e+06
1009.42	  1.81788e+06
1009.71	  1.81694e+06
1010	  1.816e+06
1010.28	  1.81506e+06
1010.57	  1.81412e+06
1010.86	  1.81318e+06
1011.14	  1.81224e+06
1011.43	  1.8113e+06
1011.72	  1.81036e+06
1012	  1.80942e+06
1012.29	  1.80848e+06
1012.58	  1.80755e+06
1012.87	  1.80661e+06
1013.15	  1.80568e+06
1013.44	  1.80474e+06
1013.73	  1.80381e+06
1014.01	  1.80288e+06
1014.3	  1.80194e+06
1014.59	  1.80101e+06
1014.88	  1.80008e+06
1015.16	  1.79915e+06
1015.45	  1.79822e+06
1015.74	  1.79729e+06
1016.02	  1.79637e+06
1016.31	  1.79544e+06
1016.6	  1.79451e+06
1016.88	  1.79358e+06
1017.17	  1.79266e+06
1017.46	  1.79173e+06
1017.75	  1.79081e+06
1018.03	  1.78989e+06
1018.32	  1.78896e+06
1018.61	  1.78804e+06
1018.89	  1.78712e+06
1019.18	  1.7862e+06
1019.47	  1.78528e+06
1019.98	  1.78365e+06
1021.08	  1.78014e+06
1022.17	  1.77663e+06
1023.27	  1.77313e+06
1024.38	  1.76965e+06
1025.47	  1.76617e+06
1026.58	  1.7627e+06
1027.67	  1.75924e+06
1028.78	  1.75579e+06
1029.88	  1.75235e+06
1030.97	  1.74893e+06
1032.08	  1.74551e+06
1033.17	  1.74209e+06
1034.28	  1.73869e+06
1035.38	  1.7353e+06
1036.47	  1.73192e+06
1037.58	  1.72855e+06
1038.67	  1.72518e+06
1039.78	  1.72183e+06
1040.88	  1.71848e+06
1041.97	  1.71515e+06
1043.08	  1.71182e+06
1044.17	  1.7085e+06
1045.28	  1.70519e+06
1046.38	  1.70189e+06
1047.47	  1.6986e+06
1048.58	  1.69532e+06
1049.67	  1.69205e+06
1050.78	  1.68879e+06
1051.88	  1.68553e+06
1052.97	  1.68229e+06
1054.08	  1.67905e+06
1055.17	  1.67583e+06
1056.28	  1.67261e+06
1057.38	  1.6694e+06
1058.47	  1.6662e+06
1059.58	  1.66301e+06
1060.67	  1.65982e+06
1061.78	  1.65665e+06
1062.88	  1.65349e+06
1063.97	  1.65033e+06
1065.08	  1.64718e+06
1066.17	  1.64404e+06
1067.28	  1.64091e+06
1068.38	  1.63779e+06
1069.47	  1.63468e+06
1070.58	  1.63157e+06
1071.67	  1.62848e+06
1072.78	  1.62539e+06
1073.88	  1.62231e+06
1074.97	  1.61924e+06
1076.08	  1.61618e+06
1077.17	  1.61312e+06
1078.28	  1.61008e+06
1079.38	  1.60704e+06
1080.47	  1.60401e+06
1081.58	  1.60099e+06
1082.67	  1.59798e+06
1083.78	  1.59498e+06
1084.88	  1.59198e+06
1085.97	  1.589e+06
1087.08	  1.58602e+06
1088.17	  1.58305e+06
1089.28	  1.58009e+06
1090.38	  1.57713e+06
1091.47	  1.57419e+06
1092.58	  1.57125e+06
1093.67	  1.56832e+06
1094.78	  1.5654e+06
1095.88	  1.56248e+06
1096.97	  1.55958e+06
1098.08	  1.55668e+06
1099.17	  1.55379e+06
1100.28	  1.55091e+06
1101.38	  1.54803e+06
1102.47	  1.54517e+06
1103.58	  1.54231e+06
1104.67	  1.53946e+06
1105.78	  1.53662e+06
1106.88	  1.53378e+06
1107.97	  1.53096e+06
1109.08	  1.52814e+06
1110.17	  1.52533e+06
1111.28	  1.52252e+06
1112.38	  1.51973e+06
1113.47	  1.51694e+06
1114.58	  1.51416e+06
1115.67	  1.51138e+06
1116.78	  1.50862e+06
1117.88	  1.50586e+06
1118.97	  1.50311e+06
1120.08	  1.50037e+06
1121.17	  1.49763e+06
1122.28	  1.49491e+06
1123.38	  1.49219e+06
1124.47	  1.48947e+06
1125.58	  1.48677e+06
1126.67	  1.48407e+06
1127.78	  1.48138e+06
1128.88	  1.4787e+06
1129.97	  1.47602e+06
1131.08	  1.47335e+06
1132.17	  1.47069e+06
1133.28	  1.46804e+06
1134.38	  1.46539e+06
1135.47	  1.46275e+06
1136.58	  1.46012e+06
1137.67	  1.45749e+06
1138.78	  1.45487e+06
1139.88	  1.45226e+06
1140.97	  1.44966e+06
1142.08	  1.44706e+06
1143.17	  1.44447e+06
1144.28	  1.44189e+06
1145.38	  1.43932e+06
1146.47	  1.43675e+06
1147.58	  1.43419e+06
1148.67	  1.43163e+06
1149.78	  1.42909e+06
1150.88	  1.42655e+06
1151.97	  1.42401e+06
1153.08	  1.42149e+06
1154.17	  1.41897e+06
1155.28	  1.41645e+06
1156.38	  1.41395e+06
1157.47	  1.41145e+06
1158.58	  1.40896e+06
1159.67	  1.40647e+06
1160.78	  1.40399e+06
1161.88	  1.40152e+06
1162.97	  1.39905e+06
1164.08	  1.3966e+06
1165.17	  1.39414e+06
1166.28	  1.3917e+06
1167.38	  1.38926e+06
1168.47	  1.38683e+06
1169.58	  1.3844e+06
1170.67	  1.38198e+06
1171.78	  1.37957e+06
1172.88	  1.37716e+06
1173.97	  1.37477e+06
1175.08	  1.37237e+06
1176.17	  1.36999e+06
1177.28	  1.36761e+06
1178.38	  1.36523e+06
1179.47	  1.36287e+06
1180.58	  1.36051e+06
1181.67	  1.35815e+06
1182.78	  1.3558e+06
1183.88	  1.35346e+06
1184.97	  1.35113e+06
1186.08	  1.3488e+06
1187.17	  1.34648e+06
1188.28	  1.34416e+06
1189.38	  1.34185e+06
1190.47	  1.33955e+06
1191.58	  1.33725e+06
1192.67	  1.33496e+06
1193.78	  1.33267e+06
1194.88	  1.33039e+06
1195.97	  1.32812e+06
1197.08	  1.32586e+06
1198.17	  1.3236e+06
1199.28	  1.32134e+06
1200.38	  1.31909e+06
1201.47	  1.31685e+06
1202.58	  1.31461e+06
1203.67	  1.31238e+06
1204.78	  1.31016e+06
1205.88	  1.30794e+06
1206.97	  1.30573e+06
1208.08	  1.30352e+06
1209.17	  1.30132e+06
1210.28	  1.29913e+06
1211.38	  1.29694e+06
1212.47	  1.29476e+06
1213.58	  1.29258e+06
1214.67	  1.29041e+06
1215.78	  1.28825e+06
1216.88	  1.28609e+06
1217.97	  1.28393e+06
1219.08	  1.28178e+06
1220.17	  1.27964e+06
1221.28	  1.27751e+06
1222.38	  1.27538e+06
1223.47	  1.27325e+06
1224.58	  1.27113e+06
1225.67	  1.26902e+06
1226.78	  1.26691e+06
1227.88	  1.26481e+06
1228.97	  1.26271e+06
1230.08	  1.26062e+06
1231.17	  1.25854e+06
1232.28	  1.25646e+06
1233.38	  1.25438e+06
1234.47	  1.25232e+06
1235.58	  1.25025e+06
1236.67	  1.2482e+06
1237.78	  1.24614e+06
1238.88	  1.2441e+06
1239.97	  1.24206e+06
1241.08	  1.24002e+06
1242.17	  1.23799e+06
1243.28	  1.23597e+06
1244.38	  1.23395e+06
1245.47	  1.23193e+06
1246.58	  1.22992e+06
1247.67	  1.22792e+06
1248.78	  1.22592e+06
1249.88	  1.22393e+06
1250.97	  1.22194e+06
1252.08	  1.21996e+06
1253.17	  1.21798e+06
1254.28	  1.21601e+06
1255.38	  1.21405e+06
1256.47	  1.21209e+06
1257.58	  1.21013e+06
1258.67	  1.20818e+06
1259.78	  1.20623e+06
1260.88	  1.20429e+06
1261.97	  1.20236e+06
1263.08	  1.20043e+06
1264.17	  1.19851e+06
1265.28	  1.19659e+06
1266.38	  1.19467e+06
1267.47	  1.19276e+06
1268.58	  1.19086e+06
1269.67	  1.18896e+06
1270.78	  1.18706e+06
1271.88	  1.18517e+06
1272.97	  1.18329e+06
1274.08	  1.18141e+06
1275.17	  1.17954e+06
1276.28	  1.17767e+06
1277.38	  1.1758e+06
1278.47	  1.17394e+06
1279.58	  1.17209e+06
1280.67	  1.17024e+06
1281.78	  1.1684e+06
1282.88	  1.16656e+06
1283.97	  1.16472e+06
1285.08	  1.16289e+06
1286.17	  1.16107e+06
1287.28	  1.15924e+06
1288.38	  1.15743e+06
1289.47	  1.15562e+06
1290.58	  1.15381e+06
1291.67	  1.15201e+06
1292.78	  1.15021e+06
1293.88	  1.14842e+06
1294.97	  1.14664e+06
1296.08	  1.14485e+06
1297.17	  1.14308e+06
1298.28	  1.1413e+06
1299.38	  1.13953e+06
1300.47	  1.13777e+06
1301.58	  1.13601e+06
1302.67	  1.13426e+06
1303.78	  1.13251e+06
1304.88	  1.13076e+06
1305.97	  1.12902e+06
1307.08	  1.12728e+06
1308.17	  1.12555e+06
1309.28	  1.12383e+06
1310.38	  1.1221e+06
1311.47	  1.12039e+06
1312.58	  1.11867e+06
1313.67	  1.11696e+06
1314.78	  1.11526e+06
1315.88	  1.11356e+06
1316.97	  1.11186e+06
1318.08	  1.11017e+06
1319.17	  1.10849e+06
1320.28	  1.1068e+06
1321.38	  1.10513e+06
1322.47	  1.10345e+06
1323.58	  1.10178e+06
1324.67	  1.10012e+06
1325.78	  1.09846e+06
1326.88	  1.0968e+06
1327.97	  1.09515e+06
1329.08	  1.09351e+06
1330.17	  1.09186e+06
1331.28	  1.09022e+06
1332.38	  1.08859e+06
1333.47	  1.08696e+06
1334.58	  1.08533e+06
1335.67	  1.08371e+06
1336.78	  1.08209e+06
1337.88	  1.08048e+06
1338.97	  1.07887e+06
1340.08	  1.07727e+06
1341.17	  1.07567e+06
1342.28	  1.07407e+06
1343.38	  1.07248e+06
1344.47	  1.07089e+06
1345.58	  1.06931e+06
1346.67	  1.06773e+06
1347.78	  1.06615e+06
1348.88	  1.06458e+06
1349.97	  1.06301e+06
1351.08	  1.06145e+06
1352.17	  1.05989e+06
1353.28	  1.05833e+06
1354.38	  1.05678e+06
1355.47	  1.05524e+06
1356.58	  1.05369e+06
1357.67	  1.05215e+06
1358.78	  1.05062e+06
1359.88	  1.04909e+06
1360.97	  1.04756e+06
1362.08	  1.04604e+06
1363.17	  1.04452e+06
1364.28	  1.043e+06
1365.38	  1.04149e+06
1366.47	  1.03998e+06
1367.58	  1.03848e+06
1368.67	  1.03698e+06
1369.78	  1.03549e+06
1370.88	  1.03399e+06
1371.97	  1.03251e+06
1373.08	  1.03102e+06
1374.17	  1.02954e+06
1375.28	  1.02807e+06
1376.38	  1.02659e+06
1377.47	  1.02512e+06
1378.58	  1.02366e+06
1379.67	  1.0222e+06
1380.78	  1.02074e+06
1381.88	  1.01929e+06
1382.97	  1.01784e+06
1384.08	  1.01639e+06
1385.17	  1.01495e+06
1386.28	  1.01351e+06
1387.38	  1.01208e+06
1388.47	  1.01065e+06
1389.58	  1.00922e+06
1390.67	  1.00779e+06
1391.78	  1.00637e+06
1392.88	  1.00496e+06
1393.97	  1.00355e+06
1395.08	  1.00214e+06
1396.17	  1.00073e+06
1397.28	  999329
1398.38	  997931
1399.47	  996536
1400.58	  995145
1401.67	  993758
1402.78	  992374
1403.88	  990994
1404.97	  989618
1406.08	  988245
1407.17	  986875
1408.28	  985509
1409.38	  984147
1410.47	  982788
1411.58	  981433
1412.67	  980081
1413.78	  978732
1414.88	  977387
1415.97	  976046
1417.08	  974708
1418.17	  973374
1419.28	  972043
1420.38	  970715
1421.47	  969391
1422.58	  968070
1423.67	  966753
1424.78	  965439
1425.88	  964128
1426.97	  962821
1428.08	  961517
1429.17	  960217
1430.28	  958920
1431.38	  957626
1432.47	  956335
1433.58	  955048
1434.67	  953765
1435.78	  952484
1436.88	  951207
1437.97	  949933
1439.08	  948663
1440.17	  947395
1441.28	  946132
1442.38	  944871
1443.47	  943613
1444.58	  942359
1445.67	  941108
1446.78	  939860
1447.88	  938616
1448.97	  937375
1450.08	  936136
1451.17	  934902
1452.28	  933670
1453.38	  932441
1454.47	  931216
1455.58	  929994
1456.67	  928775
1457.78	  927559
1458.88	  700522
1459.97	  699528
1461.08	  698538
1462.17	  697551
1463.28	  696567
1464.38	  695585
1465.47	  694607
1466.58	  693631
1467.67	  692659
1468.78	  691689
1469.88	  690722
1470.97	  689758
1472.08	  688797
1473.17	  687838
1474.28	  686883
1475.38	  685931
1476.47	  684981
1477.58	  684034
1478.67	  683090
1479.78	  682149
1480.88	  681210
1481.97	  680275
1483.08	  679342
1484.17	  678412
1485.28	  677485
1486.38	  676561
1487.47	  675639
1488.58	  674720
1489.67	  673804
1490.78	  672891
1491.88	  671980
1492.97	  671073
1494.08	  670167
1495.17	  669265
1496.28	  668366
1497.38	  667469
1498.47	  666575
1499.58	  665683
1500.67	  664794
1501.78	  663908
1502.88	  663025
1503.97	  662144
1505.08	  661266
1506.17	  660391
1507.28	  659519
1508.38	  658649
1509.47	  657781
1510.58	  656917
1511.67	  656055
1512.78	  655195
1513.88	  654339
1514.97	  653485
1516.08	  652633
1517.17	  651784
1518.28	  650938
1519.38	  650094
1520.47	  649253
1521.58	  648415
1522.67	  647579
1523.78	  646746
1524.88	  645915
1525.97	  645087
1527.08	  644262
1528.17	  643439
1529.28	  642619
1530.38	  641801
1531.47	  640986
1532.58	  640173
1533.67	  639363
1534.78	  638556
1535.88	  637751
1536.97	  636948
1538.08	  636148
1539.17	  635351
1540.28	  634556
1541.38	  633764
1542.47	  632974
1543.58	  632187
1544.67	  631402
1545.78	  630620
1546.88	  629840
1547.97	  629063
1549.08	  628288
1550.17	  627516
1551.28	  626746
1552.38	  625979
1553.47	  625214
1554.58	  624451
1555.67	  623692
1556.78	  622934
1557.88	  622180
1558.97	  621427
1560.08	  620677
1561.17	  619930
1562.28	  619185
1563.38	  618443
1564.47	  617703
1565.58	  616965
1566.67	  616230
1567.78	  615497
1568.88	  614767
1569.97	  614040
1571.08	  613314
1572.17	  612592
1573.28	  611871
1574.38	  611154
1575.47	  610438
1576.58	  609726
1577.67	  609015
1578.78	  608307
1579.88	  607602
1580.97	  606899
1582.08	  606198
1583.17	  605500
1584.28	  604805
1585.38	  604112
1586.47	  603421
1587.58	  602733
1588.67	  602047
1589.78	  601364
1590.88	  600683
1591.97	  600005
1593.08	  599330
1594.17	  598656
1595.28	  597986
1596.38	  597318
1597.47	  596652
1598.58	  595989
1599.67	  595329
1600.78	  594671
1601.88	  594015
1602.97	  593362
1604.08	  592712
1605.17	  592065
1606.28	  591420
1607.38	  590777
1608.47	  590137
1609.58	  589500
1610.67	  588866
1611.78	  588234
1612.88	  587605
1613.97	  586978
1615.08	  586355
1616.17	  585734
1617.28	  585115
1618.38	  584500
1619.47	  583888
1620.58	  583278
1621.67	  582671
1622.78	  582068
1623.88	  581467
1624.97	  580869
1626.08	  580275
1627.17	  579683
1628.28	  579095
1629.38	  578510
1630.47	  577928
1631.58	  577350
1632.67	  576776
1633.78	  576205
1634.88	  575639
1635.97	  575076
1637.08	  574518
1638.17	  573964
1639.28	  573416
1640.38	  572874
1641.47	  572340
1642.58	  571820
1643.67	  571302
1644.78	  570786
1645.88	  570269
1646.97	  569754
1648.08	  569239
1649.17	  568724
1650.28	  568210
1651.38	  567697
1652.47	  567184
1653.58	  566672
1654.67	  566160
1655.78	  565649
1656.88	  565139
1657.97	  564629
1659.08	  564120
1660.17	  563611
1661.28	  563103
1662.38	  562595
1663.47	  562088
1664.58	  561582
1665.67	  561076
1666.78	  560570
1667.88	  560066
1668.97	  559561
1670.08	  559058
1671.17	  558555
1672.28	  558052
1673.38	  557550
1674.47	  557049
1675.58	  556548
1676.67	  556048
1677.78	  555548
1678.88	  555049
1679.97	  554550
1681.08	  554052
1682.17	  553555
1683.28	  553058
1684.38	  552562
1685.47	  552066
1686.58	  551571
1687.67	  551076
1688.78	  550582
1689.88	  550088
1690.97	  549595
1692.08	  549103
1693.17	  548611
1694.28	  548120
1695.38	  547629
1696.47	  547139
1697.58	  546649
1698.67	  546160
1699.78	  545671
1700.88	  545183
1701.97	  544696
1703.08	  544209
1704.17	  543722
1705.28	  543236
1706.38	  542751
1707.47	  542266
1708.58	  541782
1709.67	  541298
1710.78	  540815
1711.88	  540332
1712.97	  539850
1714.08	  539369
1715.17	  538888
1716.28	  538407
1717.38	  537927
1718.47	  537448
1719.58	  536969
1720.67	  536491
1721.78	  536013
1722.88	  535536
1723.97	  535059
1725.08	  534583
1726.17	  534107
1727.28	  533632
1728.38	  533157
1729.47	  532683
1730.58	  532210
1731.67	  531737
1732.78	  531264
1733.88	  530792
1734.97	  530321
1736.08	  529850
1737.17	  529380
1738.28	  528910
1739.38	  528440
1740.47	  527972
1741.58	  527503
1742.67	  527036
1743.78	  526568
1744.88	  526102
1745.97	  525635
1747.08	  525170
1748.17	  524705
1749.28	  524240
1750.38	  523776
1751.47	  523312
1752.58	  522849
1753.67	  522387
1754.78	  521924
1755.88	  521463
1756.97	  521002
1758.08	  520541
1759.17	  520081
1760.28	  519622
1761.38	  519163
1762.47	  518704
1763.58	  518246
1764.67	  517789
1765.78	  517332
1766.88	  516876
1767.97	  516420
1769.08	  515964
1770.17	  515509
1771.28	  515055
1772.38	  514601
1773.47	  514148
1774.58	  513695
1775.67	  513242
1776.78	  512791
1777.88	  512339
1778.97	  511888
1780.08	  511438
1781.17	  510988
1782.28	  510539
1783.38	  510090
1784.47	  509641
1785.58	  509193
1786.67	  508746
1787.78	  508299
1788.88	  507853
1789.97	  507407
1791.08	  506961
1792.17	  506517
1793.28	  506072
1794.38	  505628
1795.47	  505185
1796.58	  504742
1797.67	  504299
1798.78	  503857
1799.88	  503416
1800.97	  502975
1802.08	  502534
1803.17	  502094
1804.28	  501655
1805.38	  501216
1806.47	  500777
1807.58	  500339
1808.67	  499902
1809.78	  499465
1810.88	  499028
1811.97	  498592
1813.08	  498156
1814.17	  497721
1815.28	  497286
1816.38	  496852
1817.47	  496418
1818.58	  495985
1819.67	  495552
1820.78	  495120
1821.88	  494688
1822.97	  494257
1824.08	  493826
1825.17	  493396
1826.28	  492966
1827.38	  492536
1828.47	  492107
1829.58	  491679
1830.67	  491251
1831.78	  490823
1832.88	  490396
1833.97	  489970
1835.08	  489543
1836.17	  489118
1837.28	  488693
1838.38	  488268
1839.47	  487844
1840.58	  487420
1841.67	  486997
1842.78	  486574
1843.88	  486151
1844.97	  485729
1846.08	  485308
1847.17	  484887
1848.28	  484466
1849.38	  484046
1850.47	  483627
1851.58	  483207
1852.67	  482789
1853.78	  482371
1854.88	  481953
1855.97	  481535
1857.08	  481119
1858.17	  480702
1859.28	  480286
1860.38	  479871
1861.47	  479456
1862.58	  479041
1863.67	  478627
1864.78	  478213
1865.88	  477800
1866.97	  477388
1868.08	  476975
1869.17	  476563
1870.28	  476152
1871.38	  475741
1872.47	  475331
1873.58	  474920
1874.67	  474511
1875.78	  474102
1876.88	  473693
1877.97	  473285
1879.08	  472877
1880.17	  472470
1881.28	  472063
1882.38	  471656
1883.47	  471250
1884.58	  470845
1885.67	  470439
1886.78	  470035
1887.88	  469631
1888.97	  469227
1890.08	  468823
1891.17	  468420
1892.28	  468018
1893.38	  467616
1894.47	  467214
1895.58	  466813
1896.67	  466412
1897.78	  466012
1898.88	  465612
1899.97	  465213
1901.08	  464814
1902.17	  464415
1903.28	  464017
1904.38	  463620
1905.47	  463222
1906.58	  462825
1907.67	  462429
1908.78	  462033
1909.88	  461638
1910.97	  461242
1912.08	  460848
1913.17	  460454
1914.28	  460060
1915.38	  459666
1916.47	  459273
1917.58	  458881
1918.67	  458489
1919.78	  458097
1920.88	  457706
1921.97	  457315
1923.08	  456925
1924.17	  456535
1925.28	  456145
1926.38	  455756
1927.47	  455367
1928.58	  454979
1929.67	  454591
1930.78	  454204
1931.88	  453817
1932.97	  453430
1934.08	  453044
1935.17	  452658
1936.28	  452273
1937.38	  451888
1938.47	  451504
1939.58	  451120
1940.67	  450736
1941.78	  450353
1942.88	  449970
1943.97	  449587
1945.08	  449205
1946.17	  448824
1947.28	  448443
1948.38	  448062
1949.47	  447681
1950.58	  447302
1951.67	  446922
1952.78	  446543
1953.88	  446164
1954.97	  445786
1956.08	  445408
1957.17	  445030
1958.28	  444653
1959.38	  444277
1960.47	  443900
1961.58	  443525
1962.67	  443149
1963.78	  442774
1964.88	  442399
1965.97	  442025
1967.08	  441651
1968.17	  441278
1969.28	  440905
1970.38	  440532
1971.47	  440160
1972.58	  439788
1973.67	  439417
1974.78	  439046
1975.88	  438675
1976.97	  438305
1978.08	  437935
1979.17	  437566
1980.28	  437197
1981.38	  436828
1982.47	  436460
1983.58	  436092
1984.67	  435724
1985.78	  435357
1986.88	  434991
1987.97	  434624
1989.08	  434258
1990.17	  433893
1991.28	  433528
1992.38	  433163
1993.47	  432799
1994.58	  432435
1995.67	  432071
1996.78	  431708
1997.88	  431346
1998.97	  430983
2000.08	  430621
2001.17	  430260
2002.28	  429898
2003.38	  429538
2004.47	  429177
2005.58	  428817
2006.67	  428458
2007.78	  428098
2008.88	  427739
2009.97	  427381
2011.08	  427023
2012.17	  426665
2013.28	  426308
2014.38	  425951
2015.47	  425594
2016.58	  425238
2017.67	  424882
2018.78	  424527
2019.88	  424172
2020.97	  423817
2022.08	  423463
2023.18	  423109
2024.28	  422755
2025.38	  422402
2026.47	  422049
2027.58	  421697
2028.68	  421345
2029.78	  420993
2030.88	  420642
2031.97	  420291
2033.08	  419940
2034.18	  419590
2035.28	  419240
2036.38	  418891
2037.47	  418542
2038.58	  418193
2039.68	  417845
2040.78	  417497
2041.88	  417149
2042.97	  416802
2044.08	  416455
2045.18	  416109
2046.28	  415763
2047.38	  415417
2048.47	  415071
2049.57	  414726
2050.68	  414382
2051.78	  414037
2052.88	  413694
2053.97	  413350
2055.07	  413007
2056.18	  412664
2057.28	  412322
2058.38	  411979
2059.47	  411638
2060.57	  411296
2061.68	  410955
2062.78	  410615
2063.88	  410274
2064.97	  409935
2066.07	  409595
2067.18	  409256
2068.28	  408917
2069.38	  408578
2070.47	  408240
2071.57	  407903
2072.68	  407565
2073.78	  407228
2074.88	  406891
2075.97	  406555
2077.07	  406219
2078.18	  405883
2079.28	  405548
2080.38	  405213
2081.47	  404879
2082.57	  404544
2083.68	  404210
2084.78	  403877
2085.88	  403544
2086.97	  403211
2088.07	  402879
2089.18	  402546
2090.28	  402215
2091.38	  401883
2092.47	  401552
2093.57	  401221
2094.68	  400891
2095.78	  400561
2096.88	  400231
2097.97	  399902
2099.07	  399573
2100.18	  399244
2101.28	  398916
2102.38	  398588
2103.47	  398260
2104.57	  397933
2105.68	  397606
2106.78	  397280
2107.88	  396953
2108.97	  396628
2110.07	  396302
2111.18	  395977
2112.28	  395652
2113.38	  395327
2114.47	  395003
2115.57	  394679
2116.68	  394356
2117.78	  394033
2118.88	  393710
2119.97	  393387
2121.07	  393065
2122.18	  392743
2123.28	  392422
2124.38	  392101
2125.47	  391780
2126.57	  391459
2127.68	  391139
2128.78	  390819
2129.88	  390500
2130.97	  390181
2132.07	  389862
2133.18	  389544
2134.28	  389225
2135.38	  388908
2136.47	  388590
2137.57	  388273
2138.68	  387956
2139.78	  387640
2140.88	  387324
2141.97	  387008
2143.07	  386692
2144.18	  386377
2145.28	  386062
2146.38	  385748
2147.47	  385433
2148.57	  385120
2149.68	  384806
2150.78	  384493
2151.88	  384180
2152.97	  383867
2154.07	  383555
2155.18	  383243
2156.28	  382932
2157.38	  382620
2158.47	  382309
2159.57	  381999
2160.68	  381688
2161.78	  381379
2162.88	  381069
2163.97	  380760
2165.07	  380451
2166.18	  380142
2167.28	  379833
2168.38	  379525
2169.47	  379218
2170.57	  378910
2171.68	  378603
2172.78	  378296
2173.88	  377990
2174.97	  377684
2176.07	  377378
2177.18	  377072
2178.28	  376767
2179.38	  376462
2180.47	  376158
2181.57	  375853
2182.68	  375550
2183.78	  375246
2184.88	  374943
2185.97	  374640
2187.07	  374337
2188.18	  374035
2189.28	  373732
2190.38	  373431
2191.47	  373129
2192.57	  372828
2193.68	  372527
2194.78	  372227
2195.88	  371927
2196.97	  371627
2198.07	  371327
2199.18	  371028
2200.28	  370729
2201.38	  370430
2202.47	  370132
2203.57	  369834
2204.68	  369536
2205.78	  369239
2206.88	  368942
2207.97	  368645
2209.07	  368348
2210.18	  368052
2211.28	  367756
2212.38	  367460
2213.47	  367165
2214.57	  366870
2215.68	  366575
2216.78	  366281
2217.88	  365987
2218.97	  365693
2220.07	  365400
2221.18	  365106
2222.28	  364814
2223.38	  364521
2224.47	  364229
2225.57	  363937
2226.68	  363645
2227.78	  363354
2228.88	  363062
2229.97	  362772
2231.07	  362481
2232.18	  362191
2233.28	  361901
2234.38	  361611
2235.47	  361322
2236.57	  361033
2237.68	  360744
2238.78	  360456
2239.88	  360168
2240.97	  359880
2242.07	  359592
2243.18	  359305
2244.28	  359018
2245.38	  358731
2246.47	  358445
2247.57	  358159
2248.68	  357873
2249.78	  357588
2250.88	  357302
2251.97	  357018
2253.07	  356733
2254.18	  356449
2255.28	  356164
2256.38	  355881
2257.47	  355597
2258.57	  355314
2259.68	  355031
2260.78	  354749
2261.88	  354466
2262.97	  354184
2264.07	  353902
2265.18	  353621
2266.28	  353340
2267.38	  353059
2268.47	  352778
2269.57	  352498
2270.68	  352218
2271.78	  351938
2272.88	  351659
2273.97	  351379
2275.07	  351100
2276.18	  350822
2277.28	  350543
2278.38	  350265
2279.47	  349988
2280.57	  305598
2281.68	  305359
2282.78	  305121
2283.88	  304883
2284.97	  304646
2286.07	  304408
2287.18	  304171
2288.28	  303934
2289.38	  303698
2290.47	  303461
2291.57	  303225
2292.68	  302989
2293.78	  302754
2294.88	  302518
2295.97	  302283
2297.07	  302048
2298.18	  301813
2299.28	  301579
2300.38	  301344
2301.47	  301110
2302.57	  300877
2303.68	  300643
2304.78	  300410
2305.88	  300177
2306.97	  299944
2308.07	  299711
2309.18	  299479
2310.28	  299247
2311.38	  299015
2312.47	  298783
2313.57	  298552
2314.68	  298320
2315.78	  298089
2316.88	  297859
2317.97	  297628
2319.07	  297398
2320.18	  297168
2321.28	  296938
2322.38	  296708
2323.47	  296479
2324.57	  296250
2325.68	  296021
2326.78	  295792
2327.88	  295564
2328.97	  295336
2330.07	  295108
2331.18	  294880
2332.28	  294653
2333.38	  294425
2334.47	  294198
2335.57	  293971
2336.68	  293745
2337.78	  293518
2338.88	  293292
2339.97	  293066
2341.07	  292841
2342.18	  292615
2343.28	  292390
2344.38	  292165
2345.47	  291940
2346.57	  291716
2347.68	  291491
2348.78	  291267
2349.88	  291043
2350.97	  290819
2352.07	  290596
2353.18	  290373
2354.28	  290150
2355.38	  289927
2356.47	  289704
2357.57	  289482
2358.68	  289260
2359.78	  289038
2360.88	  288816
2361.97	  288595
2363.07	  288374
2364.18	  288153
2365.28	  287932
2366.38	  287711
2367.47	  287491
2368.57	  287271
2369.68	  287051
2370.78	  286831
2371.88	  286612
2372.97	  286392
2374.07	  286173
2375.18	  285955
2376.28	  285736
2377.38	  285518
2378.47	  285299
2379.57	  285082
2380.68	  284864
2381.78	  284646
2382.88	  284429
2383.97	  284212
2385.07	  283995
2386.18	  283778
2387.28	  283562
2388.38	  283346
2389.47	  283130
2390.57	  282914
2391.68	  282698
2392.78	  282483
2393.88	  282268
2394.97	  282053
2396.07	  281838
2397.18	  281623
2398.28	  281409
2399.38	  281195
2400.47	  280981
2401.57	  280767
2402.68	  280554
2403.78	  280341
2404.88	  280128
2405.97	  279915
2407.07	  279702
2408.18	  279490
2409.28	  279278
2410.38	  279066
2411.47	  278854
2412.57	  278642
2413.68	  278431
2414.78	  278220
2415.88	  278009
2416.97	  277798
2418.07	  277587
2419.18	  277377
2420.28	  277167
2421.38	  276957
2422.47	  276747
2423.57	  276538
2424.68	  276328
2425.78	  276119
2426.88	  275910
2427.97	  275702
2429.07	  275493
2430.18	  275285
2431.28	  275077
2432.38	  274869
2433.47	  274661
2434.57	  274454
2435.68	  274247
2436.78	  274040
2437.88	  273833
2438.97	  273626
2440.07	  273420
2441.18	  273213
2442.28	  273007
2443.38	  272801
2444.47	  272596
2445.57	  272390
2446.68	  272185
2447.78	  271980
2448.88	  271775
2449.97	  271571
2451.07	  271366
2452.18	  271162
2453.28	  270958
2454.38	  270754
2455.47	  270550
2456.57	  270347
2457.68	  270144
2458.78	  269940
2459.88	  269738
2460.97	  269535
2462.07	  269333
2463.18	  269130
2464.28	  268928
2465.38	  268726
2466.47	  268525
2467.57	  268323
2468.68	  268122
2469.78	  267921
2470.88	  267720
2471.97	  267519
2473.07	  267319
2474.18	  267118
2475.28	  266918
2476.38	  266718
2477.47	  266519
