Emission arising from a slab of Hydrogen (both H and H-).
   
Parameters of the slab:
n_e = 3e+13 cm-3
T_e = 10500 K
tau(lambda=300 nm) = 0.75
L = 1.50722e+09 cm
   
Wavelength (nm), Emission (erg s-1 cm-2 nm-1 sr-1)
50	  481.132
91.2	  136497
120	  2.79255e+06
150	  1.675e+07
175	  4.33444e+07
200	  8.37416e+07
225	  1.33249e+08
250	  1.85095e+08
270	  2.23878e+08
290	  2.57484e+08
300	  2.71804e+08
305	  2.78283e+08
310	  2.84294e+08
315	  2.8983e+08
320	  2.94887e+08
322.5	  2.97236e+08
325	  2.99464e+08
327	  3.01161e+08
329	  3.02782e+08
329.999	  3.03563e+08
330.266	  3.03768e+08
330.533	  3.03972e+08
330.8	  3.04175e+08
331.067	  3.04377e+08
331.334	  3.04577e+08
331.601	  3.04775e+08
331.868	  3.04973e+08
332.135	  3.05169e+08
332.402	  3.05364e+08
332.669	  3.05557e+08
332.936	  3.05749e+08
333.203	  3.0594e+08
333.47	  3.06129e+08
333.737	  3.06317e+08
334.004	  3.06504e+08
334.271	  3.06689e+08
334.538	  3.06873e+08
334.805	  3.07055e+08
335.072	  3.07237e+08
335.339	  3.07417e+08
335.606	  3.07595e+08
335.873	  3.07772e+08
336.14	  3.07948e+08
336.407	  3.08123e+08
336.674	  3.08296e+08
336.941	  3.08468e+08
337.208	  3.08639e+08
337.475	  3.08808e+08
337.742	  3.08976e+08
338.009	  3.09143e+08
338.276	  3.09308e+08
338.543	  3.09472e+08
338.81	  3.09635e+08
339.077	  3.09796e+08
339.344	  3.09956e+08
339.611	  3.10115e+08
339.878	  3.10272e+08
340.145	  3.10428e+08
340.412	  3.10583e+08
340.679	  3.10737e+08
340.946	  3.10889e+08
341.213	  3.1104e+08
341.48	  3.11189e+08
341.747	  3.11337e+08
342.014	  3.11484e+08
342.281	  3.1163e+08
342.548	  3.11774e+08
342.815	  3.11917e+08
343.082	  3.12059e+08
343.349	  3.12199e+08
343.616	  3.12338e+08
343.883	  3.12476e+08
344.15	  3.12613e+08
344.417	  3.12748e+08
344.684	  3.12882e+08
344.951	  3.13015e+08
345.218	  3.13146e+08
345.485	  3.13276e+08
345.752	  3.13405e+08
346.019	  3.13532e+08
346.286	  3.13659e+08
346.553	  3.13784e+08
346.82	  3.13907e+08
347.087	  3.1403e+08
347.354	  3.14151e+08
347.621	  3.14271e+08
347.888	  3.14389e+08
348.155	  3.14507e+08
348.422	  3.14623e+08
348.689	  3.14738e+08
348.956	  3.14851e+08
349.223	  3.14963e+08
349.49	  3.15074e+08
349.757	  3.15184e+08
350.024	  3.15293e+08
350.291	  3.154e+08
350.558	  3.15506e+08
350.825	  3.15611e+08
351.092	  3.15714e+08
351.359	  3.15816e+08
351.626	  3.15917e+08
351.893	  3.16017e+08
352.16	  3.16116e+08
352.427	  3.16213e+08
352.694	  3.16309e+08
352.961	  3.16404e+08
353.228	  3.16497e+08
353.495	  3.1659e+08
353.762	  3.16681e+08
354.029	  3.16771e+08
354.296	  3.16859e+08
354.563	  3.16947e+08
354.83	  3.17033e+08
355.097	  3.17118e+08
355.364	  3.17202e+08
355.631	  3.17284e+08
355.898	  3.17365e+08
356.165	  3.17446e+08
356.432	  3.17524e+08
356.699	  3.17602e+08
356.966	  3.17679e+08
357.233	  3.17754e+08
357.5	  3.17828e+08
357.767	  3.17901e+08
358.034	  3.17973e+08
358.301	  3.18043e+08
358.568	  3.18112e+08
358.835	  3.18181e+08
359.102	  3.18248e+08
359.369	  3.18313e+08
359.636	  3.18378e+08
359.903	  3.18441e+08
360.17	  3.18503e+08
360.437	  3.18564e+08
360.704	  3.18624e+08
360.971	  3.18683e+08
361.238	  3.1874e+08
361.505	  3.18797e+08
361.772	  3.18852e+08
362.039	  3.18906e+08
362.306	  3.18959e+08
362.573	  3.1901e+08
363	  3.19091e+08
363.027	  3.19096e+08
363.054	  3.19101e+08
363.08	  3.19105e+08
363.107	  3.1911e+08
363.134	  3.19115e+08
363.16	  3.1912e+08
363.187	  3.19125e+08
363.214	  3.1913e+08
363.24	  3.19135e+08
363.267	  3.19139e+08
363.294	  3.19144e+08
363.321	  3.19149e+08
363.347	  3.19154e+08
363.374	  3.19159e+08
363.401	  3.19163e+08
363.427	  3.19168e+08
363.454	  3.19173e+08
363.481	  3.19178e+08
363.508	  3.19182e+08
363.534	  3.19187e+08
363.561	  3.19192e+08
363.588	  3.19196e+08
363.614	  3.19201e+08
363.641	  3.19206e+08
363.668	  3.1921e+08
363.694	  3.19215e+08
363.721	  3.1922e+08
363.748	  3.19224e+08
363.774	  3.19229e+08
363.801	  3.19233e+08
363.828	  3.19238e+08
363.855	  3.19242e+08
363.881	  3.19247e+08
363.908	  3.19252e+08
363.935	  3.19256e+08
363.961	  3.19261e+08
363.988	  3.19265e+08
364.015	  3.1927e+08
364.041	  3.19274e+08
364.068	  3.19279e+08
364.095	  3.19283e+08
364.122	  3.19287e+08
364.148	  3.19292e+08
364.175	  3.19296e+08
364.202	  3.19301e+08
364.228	  3.19305e+08
364.255	  3.1931e+08
364.282	  3.19314e+08
364.308	  3.19318e+08
364.335	  3.19323e+08
364.362	  3.19327e+08
364.389	  3.19331e+08
364.415	  3.19336e+08
364.442	  3.1934e+08
364.469	  3.19344e+08
364.495	  3.19349e+08
364.522	  3.19353e+08
364.549	  3.19357e+08
364.575	  3.19361e+08
364.602	  3.19366e+08
364.629	  3.1937e+08
364.656	  3.19374e+08
364.682	  3.19378e+08
364.709	  3.19382e+08
364.736	  3.44051e+07
364.762	  3.4409e+07
364.789	  3.4413e+07
364.816	  3.4417e+07
364.842	  3.44209e+07
364.869	  3.44249e+07
364.896	  3.44288e+07
364.923	  3.44328e+07
364.949	  3.44367e+07
364.976	  3.44407e+07
365.003	  3.44446e+07
365.029	  3.44486e+07
365.056	  3.44525e+07
365.083	  3.44564e+07
365.11	  3.44604e+07
365.136	  3.44643e+07
365.163	  3.44683e+07
365.19	  3.44722e+07
365.216	  3.44762e+07
365.243	  3.44801e+07
365.27	  3.44841e+07
365.296	  3.4488e+07
365.323	  3.44919e+07
365.35	  3.44959e+07
365.377	  3.44998e+07
365.403	  3.45038e+07
365.43	  3.45077e+07
365.457	  3.45116e+07
365.483	  3.45156e+07
365.51	  3.45195e+07
365.537	  3.45235e+07
365.563	  3.45274e+07
365.59	  3.45313e+07
365.617	  3.45353e+07
365.643	  3.45392e+07
365.67	  3.45431e+07
365.697	  3.45471e+07
365.724	  3.4551e+07
365.75	  3.45549e+07
365.777	  3.45589e+07
365.804	  3.45628e+07
365.83	  3.45667e+07
365.857	  3.45707e+07
365.884	  3.45746e+07
365.91	  3.45785e+07
365.937	  3.45824e+07
365.964	  3.45864e+07
365.991	  3.45903e+07
365.991	  3.45903e+07
366.258	  3.46295e+07
366.525	  3.46687e+07
366.792	  3.47078e+07
367.059	  3.47469e+07
367.326	  3.47859e+07
367.593	  3.48248e+07
367.86	  3.48637e+07
368.127	  3.49025e+07
368.394	  3.49413e+07
368.661	  3.498e+07
368.928	  3.50187e+07
369.195	  3.50572e+07
369.462	  3.50958e+07
369.729	  3.51342e+07
369.996	  3.51726e+07
370.263	  3.5211e+07
370.53	  3.52493e+07
370.797	  3.52875e+07
371.064	  3.53257e+07
371.331	  3.53638e+07
371.598	  3.54018e+07
371.865	  3.54398e+07
372.132	  3.54777e+07
372.399	  3.55156e+07
372.666	  3.55534e+07
372.933	  3.55911e+07
373.2	  3.56288e+07
373.467	  3.56664e+07
373.734	  3.5704e+07
374.001	  3.57415e+07
374.268	  3.57789e+07
374.535	  3.58163e+07
374.802	  3.58536e+07
375.069	  3.58909e+07
375.336	  3.59281e+07
375.603	  3.59652e+07
375.87	  3.60023e+07
376.137	  3.60393e+07
376.404	  3.60763e+07
376.671	  3.61132e+07
376.938	  3.615e+07
377.205	  3.61868e+07
377.472	  3.62235e+07
377.739	  3.62601e+07
378.006	  3.62967e+07
378.273	  3.63332e+07
378.54	  3.63697e+07
378.807	  3.64061e+07
379.074	  3.64425e+07
379.341	  3.64787e+07
379.608	  3.6515e+07
379.875	  3.65511e+07
380.142	  3.65872e+07
380.409	  3.66233e+07
380.676	  3.66592e+07
380.943	  3.66952e+07
381.21	  3.6731e+07
381.477	  3.67668e+07
381.744	  3.68025e+07
382.011	  3.68382e+07
382.278	  3.68738e+07
382.545	  3.69093e+07
382.812	  3.69448e+07
383.079	  3.69802e+07
383.346	  3.70156e+07
383.613	  3.70509e+07
383.88	  3.70861e+07
384.147	  3.71213e+07
384.414	  3.71564e+07
384.681	  3.71915e+07
384.948	  3.72265e+07
385.215	  3.72614e+07
385.482	  3.72963e+07
385.749	  3.73311e+07
386.016	  3.73658e+07
386.283	  3.74005e+07
386.55	  3.74351e+07
386.817	  3.74696e+07
387.084	  3.75041e+07
387.351	  3.75386e+07
387.618	  3.75729e+07
387.885	  3.76072e+07
388.152	  3.76415e+07
388.419	  3.76757e+07
388.686	  3.77098e+07
388.953	  3.77438e+07
389.22	  3.77778e+07
389.487	  3.78118e+07
389.754	  3.78456e+07
390.021	  3.78795e+07
390.288	  3.79132e+07
390.555	  3.79469e+07
390.822	  3.79805e+07
391.089	  3.80141e+07
391.356	  3.80476e+07
391.623	  3.8081e+07
391.89	  3.81144e+07
392.157	  3.81477e+07
392.424	  3.81809e+07
392.691	  3.82141e+07
392.958	  3.82472e+07
393.225	  3.82803e+07
393.492	  3.83133e+07
393.759	  3.83462e+07
394.026	  3.83791e+07
394.293	  3.84119e+07
394.56	  3.84447e+07
394.827	  3.84774e+07
395.094	  3.851e+07
395.361	  3.85425e+07
395.628	  3.8575e+07
395.895	  3.86075e+07
396.162	  3.86398e+07
396.429	  3.86722e+07
396.696	  3.87044e+07
396.963	  3.87366e+07
397.23	  3.87687e+07
397.497	  3.88008e+07
397.764	  3.88328e+07
398.031	  3.88647e+07
398.298	  3.88966e+07
398.565	  3.89284e+07
398.832	  3.89601e+07
399.099	  3.89918e+07
399.366	  3.90235e+07
399.633	  3.9055e+07
399.9	  3.90865e+07
400.167	  3.9118e+07
400.434	  3.91493e+07
400.701	  3.91806e+07
400.968	  3.92119e+07
401.235	  3.92431e+07
401.502	  3.92742e+07
401.769	  3.93053e+07
402.036	  3.93362e+07
402.303	  3.93672e+07
402.57	  3.93981e+07
402.837	  3.94289e+07
403.104	  3.94596e+07
403.371	  3.94903e+07
403.638	  3.95209e+07
403.905	  3.95515e+07
404.172	  3.9582e+07
404.439	  3.96124e+07
404.706	  3.96428e+07
404.973	  3.96731e+07
405.24	  3.97033e+07
405.507	  3.97335e+07
405.774	  3.97637e+07
406.041	  3.97937e+07
406.308	  3.98237e+07
406.575	  3.98536e+07
406.842	  3.98835e+07
407.109	  3.99133e+07
407.376	  3.99431e+07
407.643	  3.99728e+07
407.91	  4.00024e+07
408.177	  4.00319e+07
408.444	  4.00614e+07
408.711	  4.00909e+07
408.978	  4.01203e+07
409.245	  4.01496e+07
409.512	  4.01788e+07
409.779	  4.0208e+07
410.046	  4.02371e+07
410.313	  4.02662e+07
410.58	  4.02952e+07
410.847	  4.03241e+07
411.114	  4.0353e+07
411.381	  4.03818e+07
411.648	  4.04105e+07
411.915	  4.04392e+07
412.182	  4.04679e+07
412.449	  4.04964e+07
412.716	  4.05249e+07
412.983	  4.05534e+07
413.25	  4.05817e+07
413.517	  4.06101e+07
413.784	  4.06383e+07
414.051	  4.06665e+07
414.318	  4.06946e+07
414.585	  4.07227e+07
414.852	  4.07507e+07
415.119	  4.07786e+07
415.386	  4.08065e+07
415.653	  4.08343e+07
415.92	  4.08621e+07
416.187	  4.08898e+07
416.454	  4.09174e+07
416.721	  4.0945e+07
416.988	  4.09725e+07
417.255	  4.09999e+07
417.522	  4.10273e+07
417.789	  4.10546e+07
418.056	  4.10819e+07
418.323	  4.11091e+07
418.59	  4.11362e+07
418.857	  4.11633e+07
419.124	  4.11903e+07
419.391	  4.12172e+07
419.658	  4.12441e+07
419.925	  4.1271e+07
420.192	  4.12977e+07
420.459	  4.13244e+07
420.726	  4.13511e+07
420.993	  4.13776e+07
421.26	  4.14042e+07
421.527	  4.14306e+07
421.794	  4.1457e+07
422.061	  4.14833e+07
422.328	  4.15096e+07
422.595	  4.15358e+07
422.862	  4.1562e+07
423.129	  4.1588e+07
423.396	  4.16141e+07
423.663	  4.164e+07
423.93	  4.16659e+07
424.197	  4.16918e+07
424.464	  4.17176e+07
424.731	  4.17433e+07
424.998	  4.17689e+07
425.265	  4.17945e+07
425.532	  4.182e+07
425.799	  4.18455e+07
426.066	  4.18709e+07
426.333	  4.18963e+07
426.6	  4.19216e+07
426.867	  4.19468e+07
427.134	  4.1972e+07
427.401	  4.19971e+07
427.668	  4.20221e+07
427.935	  4.20471e+07
428.202	  4.2072e+07
428.469	  4.20969e+07
428.736	  4.21217e+07
429.003	  4.21464e+07
429.27	  4.21711e+07
429.537	  4.21957e+07
429.804	  4.22203e+07
430.071	  4.22447e+07
430.338	  4.22692e+07
430.605	  4.22935e+07
430.872	  4.23179e+07
431.139	  4.23421e+07
431.406	  4.23663e+07
431.673	  4.23904e+07
431.94	  4.24145e+07
432.207	  4.24385e+07
432.474	  4.24625e+07
432.741	  4.24863e+07
433.008	  4.25102e+07
433.275	  4.25339e+07
433.542	  4.25576e+07
433.809	  4.25813e+07
434.076	  4.26049e+07
434.343	  4.26284e+07
434.61	  4.26519e+07
434.877	  4.26753e+07
435.144	  4.26986e+07
435.411	  4.27219e+07
435.678	  4.27451e+07
435.945	  4.27683e+07
436.212	  4.27914e+07
436.479	  4.28144e+07
436.746	  4.28374e+07
437.013	  4.28603e+07
437.28	  4.28832e+07
437.547	  4.2906e+07
437.814	  4.29287e+07
438.081	  4.29514e+07
438.348	  4.2974e+07
438.615	  4.29966e+07
438.882	  4.30191e+07
439.149	  4.30416e+07
439.416	  4.30639e+07
439.683	  4.30863e+07
439.95	  4.31085e+07
440.217	  4.31307e+07
440.484	  4.31529e+07
440.751	  4.3175e+07
441.018	  4.3197e+07
441.285	  4.3219e+07
441.552	  4.32409e+07
441.819	  4.32627e+07
442.086	  4.32845e+07
442.353	  4.33062e+07
442.62	  4.33279e+07
442.887	  4.33495e+07
443.154	  4.33711e+07
443.421	  4.33925e+07
443.688	  4.3414e+07
443.955	  4.34354e+07
444.222	  4.34567e+07
444.489	  4.34779e+07
444.756	  4.34991e+07
445.023	  4.35203e+07
445.29	  4.35413e+07
445.557	  4.35624e+07
445.824	  4.35833e+07
446.091	  4.36042e+07
446.358	  4.36251e+07
446.625	  4.36458e+07
446.892	  4.36666e+07
447.159	  4.36872e+07
447.426	  4.37079e+07
447.693	  4.37284e+07
447.96	  4.37489e+07
448.227	  4.37693e+07
448.494	  4.37897e+07
448.761	  4.381e+07
449.028	  4.38303e+07
449.295	  4.38505e+07
449.562	  4.38706e+07
449.829	  4.38907e+07
450.096	  4.39107e+07
450.363	  4.39307e+07
450.63	  4.39506e+07
450.897	  4.39705e+07
451.164	  4.39902e+07
451.431	  4.401e+07
451.698	  4.40297e+07
451.965	  4.40493e+07
452.232	  4.40688e+07
452.499	  4.40883e+07
452.766	  4.41078e+07
453.033	  4.41272e+07
453.3	  4.41465e+07
453.567	  4.41658e+07
453.834	  4.4185e+07
454.101	  4.42042e+07
454.368	  4.42233e+07
454.635	  4.42423e+07
454.902	  4.42613e+07
455.169	  4.42802e+07
455.436	  4.42991e+07
455.703	  4.43179e+07
455.97	  4.43367e+07
456.237	  4.43554e+07
456.504	  4.4374e+07
456.771	  4.43926e+07
457.038	  4.44111e+07
457.305	  4.44296e+07
457.572	  4.4448e+07
457.839	  4.44663e+07
458.106	  4.44846e+07
458.373	  4.45029e+07
458.64	  4.45211e+07
458.907	  4.45392e+07
459.174	  4.45573e+07
459.441	  4.45753e+07
459.708	  4.45933e+07
459.975	  4.46112e+07
460.242	  4.4629e+07
460.509	  4.46468e+07
460.776	  4.46645e+07
461.043	  4.46822e+07
461.31	  4.46998e+07
461.577	  4.47174e+07
461.844	  4.47349e+07
462.111	  4.47524e+07
462.378	  4.47697e+07
462.645	  4.47871e+07
462.912	  4.48044e+07
463.179	  4.48216e+07
463.446	  4.48388e+07
463.713	  4.48559e+07
463.98	  4.48729e+07
464.247	  4.489e+07
464.514	  4.49069e+07
464.781	  4.49238e+07
465.048	  4.49406e+07
465.315	  4.49574e+07
465.582	  4.49741e+07
465.849	  4.49908e+07
466.116	  4.50074e+07
466.383	  4.5024e+07
466.65	  4.50405e+07
466.917	  4.50569e+07
467.184	  4.50733e+07
467.451	  4.50897e+07
467.718	  4.5106e+07
467.985	  4.51222e+07
468.252	  4.51384e+07
468.519	  4.51545e+07
468.786	  4.51705e+07
469.053	  4.51865e+07
469.32	  4.52025e+07
469.587	  4.52184e+07
469.854	  4.52342e+07
470.121	  4.525e+07
470.388	  4.52658e+07
470.655	  4.52814e+07
470.922	  4.52971e+07
471.189	  4.53126e+07
471.456	  4.53282e+07
471.723	  4.53436e+07
471.99	  4.5359e+07
472.257	  4.53744e+07
472.524	  4.53897e+07
472.791	  4.54049e+07
473.058	  4.54201e+07
473.325	  4.54352e+07
473.592	  4.54503e+07
473.859	  4.54654e+07
474.126	  4.54803e+07
474.393	  4.54952e+07
474.66	  4.55101e+07
474.927	  4.55249e+07
475.194	  4.55397e+07
475.461	  4.55544e+07
475.728	  4.5569e+07
475.995	  4.55836e+07
476.262	  4.55982e+07
476.529	  4.56127e+07
476.796	  4.56271e+07
477.063	  4.56415e+07
477.33	  4.56558e+07
477.597	  4.56701e+07
477.864	  4.56843e+07
478.131	  4.56985e+07
478.398	  4.57126e+07
478.665	  4.57267e+07
478.932	  4.57407e+07
479.199	  4.57546e+07
479.466	  4.57686e+07
479.733	  4.57824e+07
480	  4.57962e+07
480.267	  4.58099e+07
480.534	  4.58236e+07
480.801	  4.58373e+07
481.068	  4.58509e+07
481.335	  4.58644e+07
481.602	  4.58779e+07
481.869	  4.58913e+07
482.136	  4.59047e+07
482.403	  4.5918e+07
482.67	  4.59313e+07
482.937	  4.59445e+07
483.204	  4.59577e+07
483.471	  4.59708e+07
483.738	  4.59839e+07
484.005	  4.59969e+07
484.272	  4.60099e+07
484.539	  4.60228e+07
484.806	  4.60356e+07
485.073	  4.60484e+07
485.34	  4.60612e+07
485.607	  4.60739e+07
485.874	  4.60865e+07
486.141	  4.60991e+07
486.408	  4.61117e+07
486.675	  4.61242e+07
486.942	  4.61366e+07
487.209	  4.6149e+07
487.476	  4.61613e+07
487.743	  4.61736e+07
488.01	  4.61859e+07
488.277	  4.61981e+07
488.544	  4.62102e+07
488.811	  4.62223e+07
489.078	  4.62343e+07
489.345	  4.62463e+07
489.612	  4.62582e+07
489.879	  4.62701e+07
490.146	  4.6282e+07
490.413	  4.62937e+07
490.68	  4.63055e+07
490.947	  4.63171e+07
491.214	  4.63288e+07
491.481	  4.63403e+07
491.748	  4.63519e+07
492.015	  4.63634e+07
492.282	  4.63748e+07
492.549	  4.63862e+07
492.816	  4.63975e+07
493.083	  4.64088e+07
493.35	  4.642e+07
493.617	  4.64312e+07
493.884	  4.64423e+07
494.151	  4.64534e+07
494.418	  4.64644e+07
494.685	  4.64754e+07
494.952	  4.64863e+07
495.219	  4.64972e+07
495.486	  4.6508e+07
495.753	  4.65188e+07
496.02	  4.65295e+07
496.287	  4.65402e+07
496.554	  4.65508e+07
496.821	  4.65614e+07
497.088	  4.65719e+07
497.355	  4.65824e+07
497.622	  4.65928e+07
497.889	  4.66032e+07
498.156	  4.66135e+07
498.423	  4.66238e+07
498.69	  4.6634e+07
498.957	  4.66442e+07
499.224	  4.66544e+07
499.491	  4.66645e+07
499.758	  4.66745e+07
500.025	  4.66845e+07
500.292	  4.66944e+07
500.559	  4.67043e+07
500.826	  4.67142e+07
501.093	  4.6724e+07
501.36	  4.67337e+07
501.627	  4.67434e+07
501.894	  4.6753e+07
502.161	  4.67626e+07
502.428	  4.67722e+07
502.695	  4.67817e+07
502.962	  4.67912e+07
503.229	  4.68006e+07
503.496	  4.68099e+07
503.763	  4.68192e+07
504.03	  4.68285e+07
504.297	  4.68377e+07
504.564	  4.68469e+07
504.831	  4.6856e+07
505.098	  4.68651e+07
505.365	  4.68741e+07
505.632	  4.68831e+07
505.899	  4.6892e+07
506.166	  4.69009e+07
506.433	  4.69097e+07
506.7	  4.69185e+07
506.967	  4.69273e+07
507.234	  4.6936e+07
507.501	  4.69446e+07
507.768	  4.69532e+07
508.035	  4.69618e+07
508.302	  4.69703e+07
508.569	  4.69787e+07
508.836	  4.69871e+07
509.103	  4.69955e+07
509.37	  4.70038e+07
509.637	  4.70121e+07
509.904	  4.70203e+07
510.171	  4.70285e+07
510.438	  4.70366e+07
510.705	  4.70447e+07
510.972	  4.70528e+07
511.239	  4.70607e+07
511.506	  4.70687e+07
511.773	  4.70766e+07
512.04	  4.70844e+07
512.307	  4.70922e+07
512.574	  4.71e+07
512.841	  4.71077e+07
513.108	  4.71154e+07
513.375	  4.7123e+07
513.642	  4.71306e+07
513.909	  4.71381e+07
514.176	  4.71456e+07
514.443	  4.7153e+07
514.71	  4.71604e+07
514.977	  4.71678e+07
515.244	  4.71751e+07
515.511	  4.71824e+07
515.778	  4.71896e+07
516.045	  4.71967e+07
516.312	  4.72038e+07
516.579	  4.72109e+07
516.846	  4.7218e+07
517.113	  4.72249e+07
517.38	  4.72319e+07
517.647	  4.72388e+07
517.914	  4.72456e+07
518.181	  4.72524e+07
518.448	  4.72592e+07
518.715	  4.72659e+07
518.982	  4.72726e+07
519.249	  4.72792e+07
519.516	  4.72858e+07
519.783	  4.72923e+07
520.05	  4.72988e+07
520.317	  4.73053e+07
520.584	  4.73117e+07
520.851	  4.7318e+07
521.118	  4.73243e+07
521.385	  4.73306e+07
521.652	  4.73368e+07
521.919	  4.7343e+07
522.186	  4.73492e+07
522.453	  4.73552e+07
522.72	  4.73613e+07
522.987	  4.73673e+07
523.254	  4.73733e+07
523.521	  4.73792e+07
523.788	  4.73851e+07
524.055	  4.73909e+07
524.322	  4.73967e+07
524.589	  4.74024e+07
524.856	  4.74081e+07
525.123	  4.74138e+07
525.39	  4.74194e+07
525.657	  4.7425e+07
525.924	  4.74305e+07
526.191	  4.7436e+07
526.458	  4.74414e+07
526.725	  4.74468e+07
526.992	  4.74522e+07
527.259	  4.74575e+07
527.526	  4.74627e+07
527.793	  4.7468e+07
528.06	  4.74731e+07
528.327	  4.74783e+07
528.594	  4.74834e+07
528.861	  4.74884e+07
529.128	  4.74934e+07
529.395	  4.74984e+07
529.662	  4.75033e+07
529.929	  4.75082e+07
530.196	  4.75131e+07
530.463	  4.75179e+07
530.73	  4.75226e+07
530.997	  4.75273e+07
531.264	  4.7532e+07
531.531	  4.75366e+07
531.798	  4.75412e+07
532.065	  4.75458e+07
532.332	  4.75503e+07
532.599	  4.75547e+07
532.866	  4.75592e+07
533.133	  4.75635e+07
533.4	  4.75679e+07
533.667	  4.75722e+07
533.934	  4.75764e+07
534.201	  4.75806e+07
534.468	  4.75848e+07
534.735	  4.75889e+07
535.002	  4.7593e+07
535.269	  4.75971e+07
535.536	  4.76011e+07
535.803	  4.7605e+07
536.07	  4.7609e+07
536.337	  4.76128e+07
536.604	  4.76167e+07
536.871	  4.76205e+07
537.138	  4.76242e+07
537.405	  4.7628e+07
537.672	  4.76316e+07
537.939	  4.76353e+07
538.206	  4.76389e+07
538.473	  4.76424e+07
538.74	  4.76459e+07
539.007	  4.76494e+07
539.274	  4.76529e+07
539.541	  4.76562e+07
539.808	  4.76596e+07
540.075	  4.76629e+07
540.342	  4.76662e+07
540.609	  4.76694e+07
540.876	  4.76726e+07
541.143	  4.76758e+07
541.41	  4.76789e+07
541.677	  4.76819e+07
541.944	  4.7685e+07
542.211	  4.7688e+07
542.478	  4.76909e+07
542.745	  4.76938e+07
543.012	  4.76967e+07
543.279	  4.76995e+07
543.546	  4.77023e+07
543.813	  4.77051e+07
544.08	  4.77078e+07
544.347	  4.77105e+07
544.614	  4.77131e+07
544.881	  4.77157e+07
545.148	  4.77183e+07
545.415	  4.77208e+07
545.682	  4.77233e+07
545.949	  4.77257e+07
546.216	  4.77281e+07
546.483	  4.77305e+07
546.75	  4.77328e+07
547.017	  4.77351e+07
547.284	  4.77373e+07
547.551	  4.77395e+07
547.818	  4.77417e+07
548.085	  4.77438e+07
548.352	  4.77459e+07
548.619	  4.7748e+07
548.886	  4.775e+07
549.153	  4.7752e+07
549.42	  4.77539e+07
549.687	  4.77558e+07
549.954	  4.77577e+07
550.221	  4.77595e+07
550.488	  4.77613e+07
550.755	  4.7763e+07
551.022	  4.77647e+07
551.289	  4.77664e+07
551.556	  4.7768e+07
551.823	  4.77696e+07
552.09	  4.77712e+07
552.357	  4.77727e+07
552.624	  4.77742e+07
552.891	  4.77756e+07
553.158	  4.7777e+07
553.425	  4.77784e+07
553.692	  4.77797e+07
553.959	  4.7781e+07
554.226	  4.77823e+07
554.493	  4.77835e+07
554.76	  4.77847e+07
555.027	  4.77858e+07
555.294	  4.77869e+07
555.561	  4.7788e+07
555.828	  4.7789e+07
556.095	  4.779e+07
556.362	  4.7791e+07
556.629	  4.77919e+07
556.896	  4.77928e+07
557.163	  4.77937e+07
557.43	  4.77945e+07
557.697	  4.77952e+07
557.964	  4.7796e+07
558.231	  4.77967e+07
558.498	  4.77973e+07
558.765	  4.7798e+07
559.032	  4.77986e+07
559.299	  4.77991e+07
559.566	  4.77996e+07
560.009	  4.78004e+07
560.296	  4.78009e+07
560.583	  4.78013e+07
560.87	  4.78017e+07
561.157	  4.7802e+07
561.444	  4.78023e+07
561.731	  4.78025e+07
562.018	  4.78027e+07
562.305	  4.78029e+07
562.592	  4.7803e+07
562.879	  4.78031e+07
563.166	  4.78032e+07
563.453	  4.78032e+07
563.74	  4.78031e+07
564.027	  4.7803e+07
564.314	  4.78029e+07
564.601	  4.78028e+07
564.888	  4.78026e+07
565.175	  4.78023e+07
565.462	  4.7802e+07
565.749	  4.78017e+07
566.036	  4.78013e+07
566.323	  4.78009e+07
566.61	  4.78005e+07
566.897	  4.78e+07
567.184	  4.77995e+07
567.471	  4.77989e+07
567.758	  4.77983e+07
568.045	  4.77976e+07
568.332	  4.7797e+07
568.619	  4.77962e+07
568.906	  4.77955e+07
569.193	  4.77947e+07
569.48	  4.77938e+07
569.767	  4.77929e+07
570.054	  4.7792e+07
570.341	  4.7791e+07
570.628	  4.779e+07
570.915	  4.7789e+07
571.202	  4.77879e+07
571.489	  4.77868e+07
571.776	  4.77856e+07
572.063	  4.77844e+07
572.35	  4.77832e+07
572.637	  4.77819e+07
572.924	  4.77806e+07
573.211	  4.77793e+07
573.498	  4.77779e+07
573.785	  4.77764e+07
574.072	  4.7775e+07
574.359	  4.77735e+07
574.646	  4.77719e+07
574.933	  4.77703e+07
575.22	  4.77687e+07
575.507	  4.77671e+07
575.794	  4.77654e+07
576.081	  4.77636e+07
576.368	  4.77618e+07
576.655	  4.776e+07
576.942	  4.77582e+07
577.229	  4.77563e+07
577.516	  4.77544e+07
577.803	  4.77524e+07
578.09	  4.77504e+07
578.377	  4.77484e+07
578.664	  4.77463e+07
578.951	  4.77442e+07
579.238	  4.7742e+07
579.525	  4.77398e+07
579.812	  4.77376e+07
580.099	  4.77353e+07
580.386	  4.7733e+07
580.673	  4.77307e+07
580.96	  4.77283e+07
581.247	  4.77259e+07
581.534	  4.77235e+07
581.821	  4.7721e+07
582.108	  4.77185e+07
582.395	  4.77159e+07
582.682	  4.77133e+07
582.969	  4.77107e+07
583.256	  4.7708e+07
583.543	  4.77053e+07
583.83	  4.77026e+07
584.117	  4.76998e+07
584.404	  4.7697e+07
584.691	  4.76941e+07
584.978	  4.76912e+07
585.265	  4.76883e+07
585.552	  4.76854e+07
585.839	  4.76824e+07
586.126	  4.76793e+07
586.413	  4.76763e+07
586.7	  4.76732e+07
586.987	  4.767e+07
587.274	  4.76669e+07
587.561	  4.76636e+07
587.848	  4.76604e+07
588.135	  4.76571e+07
588.422	  4.76538e+07
588.709	  4.76505e+07
588.996	  4.76471e+07
589.283	  4.76437e+07
589.57	  4.76402e+07
589.857	  4.76367e+07
590.144	  4.76332e+07
590.431	  4.76296e+07
590.718	  4.7626e+07
591.005	  4.76224e+07
591.292	  4.76187e+07
591.579	  4.7615e+07
591.866	  4.76113e+07
592.153	  4.76076e+07
592.44	  4.76037e+07
592.727	  4.75999e+07
593.014	  4.7596e+07
593.301	  4.75921e+07
593.588	  4.75882e+07
593.875	  4.75842e+07
594.162	  4.75802e+07
594.449	  4.75762e+07
594.736	  4.75721e+07
595.023	  4.7568e+07
595.31	  4.75639e+07
595.597	  4.75597e+07
595.884	  4.75555e+07
596.171	  4.75512e+07
596.458	  4.75469e+07
596.745	  4.75426e+07
597.032	  4.75383e+07
597.319	  4.75339e+07
597.606	  4.75295e+07
597.893	  4.75251e+07
598.18	  4.75206e+07
598.467	  4.75161e+07
598.754	  4.75115e+07
599.041	  4.7507e+07
599.328	  4.75023e+07
599.615	  4.74977e+07
599.902	  4.7493e+07
600.189	  4.74883e+07
600.476	  4.74836e+07
600.763	  4.74788e+07
601.05	  4.7474e+07
601.337	  4.74692e+07
601.624	  4.74643e+07
601.911	  4.74594e+07
602.198	  4.74544e+07
602.485	  4.74495e+07
602.772	  4.74445e+07
603.059	  4.74394e+07
603.346	  4.74344e+07
603.633	  4.74293e+07
603.92	  4.74242e+07
604.207	  4.7419e+07
604.494	  4.74138e+07
604.781	  4.74086e+07
605.068	  4.74033e+07
605.355	  4.7398e+07
605.642	  4.73927e+07
605.929	  4.73874e+07
606.216	  4.7382e+07
606.503	  4.73766e+07
606.79	  4.73711e+07
607.077	  4.73656e+07
607.364	  4.73601e+07
607.651	  4.73546e+07
607.938	  4.7349e+07
608.225	  4.73434e+07
608.512	  4.73378e+07
608.799	  4.73321e+07
609.086	  4.73264e+07
609.373	  4.73207e+07
609.66	  4.7315e+07
609.947	  4.73092e+07
610.234	  4.73033e+07
610.521	  4.72975e+07
610.808	  4.72916e+07
611.095	  4.72857e+07
611.382	  4.72798e+07
611.669	  4.72738e+07
611.956	  4.72678e+07
612.243	  4.72618e+07
612.53	  4.72557e+07
612.817	  4.72496e+07
613.104	  4.72435e+07
613.391	  4.72373e+07
613.678	  4.72312e+07
613.965	  4.7225e+07
614.252	  4.72187e+07
614.539	  4.72124e+07
614.826	  4.72061e+07
615.113	  4.71998e+07
615.4	  4.71934e+07
615.687	  4.71871e+07
615.974	  4.71806e+07
616.261	  4.71742e+07
616.548	  4.71677e+07
616.835	  4.71612e+07
617.122	  4.71547e+07
617.409	  4.71481e+07
617.696	  4.71415e+07
617.983	  4.71349e+07
618.27	  4.71282e+07
618.557	  4.71215e+07
618.844	  4.71148e+07
619.131	  4.71081e+07
619.418	  4.71013e+07
619.705	  4.70945e+07
619.992	  4.70877e+07
620.279	  4.70808e+07
620.566	  4.7074e+07
620.853	  4.70671e+07
621.14	  4.70601e+07
621.427	  4.70531e+07
621.714	  4.70461e+07
622.001	  4.70391e+07
622.288	  4.70321e+07
622.575	  4.7025e+07
622.862	  4.70179e+07
623.149	  4.70107e+07
623.436	  4.70036e+07
623.723	  4.69964e+07
624.01	  4.69891e+07
624.297	  4.69819e+07
624.584	  4.69746e+07
624.871	  4.69673e+07
625.158	  4.696e+07
625.445	  4.69526e+07
625.732	  4.69452e+07
626.019	  4.69378e+07
626.306	  4.69304e+07
626.593	  4.69229e+07
626.88	  4.69154e+07
627.167	  4.69079e+07
627.454	  4.69003e+07
627.741	  4.68927e+07
628.028	  4.68851e+07
628.315	  4.68775e+07
628.602	  4.68698e+07
628.889	  4.68621e+07
629.176	  4.68544e+07
629.463	  4.68467e+07
629.75	  4.68389e+07
630.037	  4.68311e+07
630.324	  4.68233e+07
630.611	  4.68154e+07
630.898	  4.68076e+07
631.185	  4.67997e+07
631.472	  4.67917e+07
631.759	  4.67838e+07
632.046	  4.67758e+07
632.333	  4.67678e+07
632.62	  4.67598e+07
632.907	  4.67517e+07
633.194	  4.67436e+07
633.481	  4.67355e+07
633.768	  4.67274e+07
634.055	  4.67192e+07
634.342	  4.6711e+07
634.629	  4.67028e+07
634.916	  4.66945e+07
635.203	  4.66863e+07
635.49	  4.6678e+07
635.777	  4.66696e+07
636.064	  4.66613e+07
636.351	  4.66529e+07
636.638	  4.66445e+07
636.925	  4.66361e+07
637.212	  4.66277e+07
637.499	  4.66192e+07
637.786	  4.66107e+07
638.073	  4.66022e+07
638.36	  4.65936e+07
638.647	  4.6585e+07
638.934	  4.65764e+07
639.221	  4.65678e+07
639.508	  4.65592e+07
639.795	  4.65505e+07
640.082	  4.65418e+07
640.369	  4.65331e+07
640.656	  4.65243e+07
640.943	  4.65155e+07
641.23	  4.65067e+07
641.517	  4.64979e+07
641.804	  4.64891e+07
642.091	  4.64802e+07
642.378	  4.64713e+07
642.665	  4.64624e+07
642.952	  4.64534e+07
643.239	  4.64445e+07
643.526	  4.64355e+07
643.813	  4.64265e+07
644.1	  4.64174e+07
644.387	  4.64083e+07
644.674	  4.63993e+07
644.961	  4.63901e+07
645.248	  4.6381e+07
645.535	  4.63718e+07
645.822	  4.63627e+07
646.109	  4.63534e+07
646.396	  4.63442e+07
646.683	  4.6335e+07
646.97	  4.63257e+07
647.257	  4.63164e+07
647.544	  4.6307e+07
647.831	  4.62977e+07
648.118	  4.62883e+07
648.405	  4.62789e+07
648.692	  4.62695e+07
648.979	  4.626e+07
649.266	  4.62506e+07
649.553	  4.62411e+07
649.84	  4.62316e+07
650.127	  4.6222e+07
650.414	  4.62125e+07
650.701	  4.62029e+07
650.988	  4.61933e+07
651.275	  4.61836e+07
651.562	  4.6174e+07
651.849	  4.61643e+07
652.136	  4.61546e+07
652.423	  4.61449e+07
652.71	  4.61352e+07
652.997	  4.61254e+07
653.284	  4.61156e+07
653.571	  4.61058e+07
653.858	  4.6096e+07
654.145	  4.60861e+07
654.432	  4.60762e+07
654.719	  4.60663e+07
655.006	  4.60564e+07
655.293	  4.60464e+07
655.58	  4.60365e+07
655.867	  4.60265e+07
656.154	  4.60165e+07
656.441	  4.60064e+07
656.728	  4.59964e+07
657.015	  4.59863e+07
657.302	  4.59762e+07
657.589	  4.59661e+07
657.876	  4.5956e+07
658.163	  4.59458e+07
658.45	  4.59356e+07
658.737	  4.59254e+07
659.024	  4.59152e+07
659.311	  4.59049e+07
659.598	  4.58946e+07
659.885	  4.58843e+07
660.172	  4.5874e+07
660.459	  4.58637e+07
660.746	  4.58533e+07
661.033	  4.5843e+07
661.32	  4.58326e+07
661.607	  4.58221e+07
661.894	  4.58117e+07
662.181	  4.58012e+07
662.468	  4.57907e+07
662.755	  4.57802e+07
663.042	  4.57697e+07
663.329	  4.57592e+07
663.616	  4.57486e+07
663.903	  4.5738e+07
664.19	  4.57274e+07
664.477	  4.57168e+07
664.764	  4.57061e+07
665.051	  4.56955e+07
665.338	  4.56848e+07
665.625	  4.56741e+07
665.912	  4.56633e+07
666.199	  4.56526e+07
666.486	  4.56418e+07
666.773	  4.5631e+07
667.06	  4.56202e+07
667.347	  4.56094e+07
667.634	  4.55985e+07
667.921	  4.55876e+07
668.208	  4.55767e+07
668.495	  4.55658e+07
668.782	  4.55549e+07
669.069	  4.55439e+07
669.356	  4.5533e+07
669.643	  4.5522e+07
669.93	  4.5511e+07
670.217	  4.54999e+07
670.504	  4.54889e+07
670.791	  4.54778e+07
671.078	  4.54667e+07
671.365	  4.54556e+07
671.652	  4.54445e+07
671.939	  4.54333e+07
672.226	  4.54221e+07
672.513	  4.5411e+07
672.8	  4.53997e+07
673.087	  4.53885e+07
673.374	  4.53773e+07
673.661	  4.5366e+07
673.948	  4.53547e+07
674.235	  4.53434e+07
674.522	  4.53321e+07
674.809	  4.53208e+07
675.096	  4.53094e+07
675.383	  4.5298e+07
675.67	  4.52866e+07
675.957	  4.52752e+07
676.244	  4.52638e+07
676.531	  4.52523e+07
676.818	  4.52408e+07
677.105	  4.52293e+07
677.392	  4.52178e+07
677.679	  4.52063e+07
677.966	  4.51948e+07
678.253	  4.51832e+07
678.54	  4.51716e+07
678.827	  4.516e+07
679.114	  4.51484e+07
679.401	  4.51367e+07
679.688	  4.51251e+07
679.975	  4.51134e+07
680.262	  4.51017e+07
680.549	  4.509e+07
680.836	  4.50783e+07
681.123	  4.50665e+07
681.41	  4.50548e+07
681.697	  4.5043e+07
681.984	  4.50312e+07
682.271	  4.50194e+07
682.558	  4.50075e+07
682.845	  4.49957e+07
683.132	  4.49838e+07
683.419	  4.49719e+07
683.706	  4.496e+07
683.993	  4.49481e+07
684.28	  4.49361e+07
684.567	  4.49242e+07
684.854	  4.49122e+07
685.141	  4.49002e+07
685.428	  4.48882e+07
685.715	  4.48762e+07
686.002	  4.48641e+07
686.289	  4.4852e+07
686.576	  4.484e+07
686.863	  4.48279e+07
687.15	  4.48158e+07
687.437	  4.48036e+07
687.724	  4.47915e+07
688.011	  4.47793e+07
688.298	  4.47671e+07
688.585	  4.47549e+07
688.872	  4.47427e+07
689.159	  4.47305e+07
689.446	  4.47182e+07
689.733	  4.4706e+07
690.02	  4.46937e+07
690.307	  4.46814e+07
690.594	  4.46691e+07
690.881	  4.46567e+07
691.168	  4.46444e+07
691.455	  4.4632e+07
691.742	  4.46196e+07
692.029	  4.46072e+07
692.316	  4.45948e+07
692.603	  4.45824e+07
692.89	  4.45699e+07
693.177	  4.45575e+07
693.464	  4.4545e+07
693.751	  4.45325e+07
694.038	  4.452e+07
694.325	  4.45074e+07
694.612	  4.44949e+07
694.899	  4.44823e+07
695.186	  4.44698e+07
695.473	  4.44572e+07
695.76	  4.44446e+07
696.047	  4.44319e+07
696.334	  4.44193e+07
696.621	  4.44066e+07
696.908	  4.4394e+07
697.195	  4.43813e+07
697.482	  4.43686e+07
697.769	  4.43559e+07
698.056	  4.43431e+07
698.343	  4.43304e+07
698.63	  4.43176e+07
698.917	  4.43048e+07
699.204	  4.4292e+07
699.491	  4.42792e+07
699.778	  4.42664e+07
700.065	  4.42536e+07
700.352	  4.42407e+07
700.639	  4.42278e+07
700.926	  4.4215e+07
701.213	  4.42021e+07
701.5	  4.41891e+07
701.787	  4.41762e+07
702.074	  4.41633e+07
702.361	  4.41503e+07
702.648	  4.41373e+07
702.935	  4.41243e+07
703.222	  4.41113e+07
703.509	  4.40983e+07
703.796	  4.40853e+07
704.083	  4.40722e+07
704.37	  4.40592e+07
704.657	  4.40461e+07
704.944	  4.4033e+07
705.231	  4.40199e+07
705.518	  4.40068e+07
705.805	  4.39936e+07
706.092	  4.39805e+07
706.379	  4.39673e+07
706.666	  4.39541e+07
706.953	  4.3941e+07
707.24	  4.39277e+07
707.527	  4.39145e+07
707.814	  4.39013e+07
708.101	  4.3888e+07
708.388	  4.38748e+07
708.675	  4.38615e+07
708.962	  4.38482e+07
709.249	  4.38349e+07
709.536	  4.38216e+07
709.823	  4.38082e+07
710.11	  4.37949e+07
710.397	  4.37815e+07
710.684	  4.37682e+07
710.971	  4.37548e+07
711.258	  4.37414e+07
711.545	  4.3728e+07
711.832	  4.37145e+07
712.119	  4.37011e+07
712.406	  4.36876e+07
712.693	  4.36742e+07
712.98	  4.36607e+07
713.267	  4.36472e+07
713.554	  4.36337e+07
713.841	  4.36201e+07
714.128	  4.36066e+07
714.415	  4.35931e+07
714.702	  4.35795e+07
714.989	  4.35659e+07
715.276	  4.35523e+07
715.563	  4.35387e+07
715.85	  4.35251e+07
716.137	  4.35115e+07
716.424	  4.34978e+07
716.711	  4.34842e+07
716.998	  4.34705e+07
717.285	  4.34568e+07
717.572	  4.34431e+07
717.859	  4.34294e+07
718.146	  4.34157e+07
718.433	  4.3402e+07
718.72	  4.33882e+07
719.007	  4.33745e+07
719.294	  4.33607e+07
719.581	  4.33469e+07
719.868	  4.33331e+07
720.155	  4.33193e+07
720.442	  4.33055e+07
720.729	  4.32917e+07
721.016	  4.32778e+07
721.303	  4.3264e+07
721.59	  4.32501e+07
721.877	  4.32362e+07
722.164	  4.32223e+07
722.451	  4.32084e+07
722.738	  4.31945e+07
723.025	  4.31806e+07
723.312	  4.31666e+07
723.599	  4.31527e+07
723.886	  4.31387e+07
724.173	  4.31247e+07
724.46	  4.31107e+07
724.747	  4.30967e+07
725.034	  4.30827e+07
725.321	  4.30687e+07
725.608	  4.30546e+07
725.895	  4.30406e+07
726.182	  4.30265e+07
726.469	  4.30125e+07
726.756	  4.29984e+07
727.043	  4.29843e+07
727.33	  4.29702e+07
727.617	  4.2956e+07
727.904	  4.29419e+07
728.191	  4.29278e+07
728.478	  4.29136e+07
728.765	  4.28995e+07
729.052	  4.28853e+07
729.339	  4.28711e+07
729.626	  4.28569e+07
729.913	  4.28427e+07
730.2	  4.28284e+07
730.487	  4.28142e+07
730.774	  4.28e+07
731.061	  4.27857e+07
731.348	  4.27714e+07
731.635	  4.27572e+07
731.922	  4.27429e+07
732.209	  4.27286e+07
732.496	  4.27143e+07
732.783	  4.26999e+07
733.07	  4.26856e+07
733.357	  4.26713e+07
733.644	  4.26569e+07
733.931	  4.26425e+07
734.218	  4.26282e+07
734.505	  4.26138e+07
734.792	  4.25994e+07
735.079	  4.2585e+07
735.366	  4.25705e+07
735.653	  4.25561e+07
735.94	  4.25417e+07
736.227	  4.25272e+07
736.514	  4.25128e+07
736.801	  4.24983e+07
737.088	  4.24838e+07
737.375	  4.24693e+07
737.662	  4.24548e+07
737.949	  4.24403e+07
738.236	  4.24258e+07
738.523	  4.24112e+07
738.81	  4.23967e+07
739.097	  4.23821e+07
739.384	  4.23676e+07
739.671	  4.2353e+07
739.958	  4.23384e+07
740.245	  4.23238e+07
740.532	  4.23092e+07
740.819	  4.22946e+07
741.106	  4.228e+07
741.393	  4.22653e+07
741.68	  4.22507e+07
741.967	  4.2236e+07
742.254	  4.22214e+07
742.541	  4.22067e+07
742.828	  4.2192e+07
743.115	  4.21773e+07
743.402	  4.21626e+07
743.689	  4.21479e+07
743.976	  4.21332e+07
744.263	  4.21184e+07
744.55	  4.21037e+07
744.837	  4.20889e+07
745.124	  4.20742e+07
745.411	  4.20594e+07
745.698	  4.20446e+07
745.985	  4.20298e+07
746.272	  4.2015e+07
746.559	  4.20002e+07
746.846	  4.19854e+07
747.133	  4.19706e+07
747.42	  4.19557e+07
747.707	  4.19409e+07
747.994	  4.1926e+07
748.281	  4.19111e+07
748.568	  4.18963e+07
748.855	  4.18814e+07
749.142	  4.18665e+07
749.429	  4.18516e+07
749.716	  4.18367e+07
750.003	  4.18218e+07
750.29	  4.18068e+07
750.577	  4.17919e+07
750.864	  4.17769e+07
751.151	  4.1762e+07
751.438	  4.1747e+07
751.725	  4.17321e+07
752.012	  4.17171e+07
752.299	  4.17021e+07
752.586	  4.16871e+07
752.873	  4.16721e+07
753.16	  4.16571e+07
753.447	  4.1642e+07
753.734	  4.1627e+07
754.021	  4.1612e+07
754.308	  4.15969e+07
754.595	  4.15818e+07
754.882	  4.15668e+07
755.169	  4.15517e+07
755.456	  4.15366e+07
755.743	  4.15215e+07
756.03	  4.15064e+07
756.317	  4.14913e+07
756.604	  4.14762e+07
756.891	  4.14611e+07
757.178	  4.14459e+07
757.465	  4.14308e+07
757.752	  4.14156e+07
758.039	  4.14005e+07
758.326	  4.13853e+07
758.613	  4.13701e+07
758.9	  4.13549e+07
759.187	  4.13398e+07
759.474	  4.13246e+07
759.761	  4.13093e+07
760.048	  4.12941e+07
760.335	  4.12789e+07
760.622	  4.12637e+07
760.909	  4.12484e+07
761.196	  4.12332e+07
761.483	  4.12179e+07
761.77	  4.12027e+07
762.057	  4.11874e+07
762.344	  4.11721e+07
762.631	  4.11568e+07
762.918	  4.11415e+07
763.205	  4.11262e+07
763.492	  4.11109e+07
763.779	  4.10956e+07
764.066	  4.10803e+07
764.353	  4.1065e+07
764.64	  4.10496e+07
764.927	  4.10343e+07
765.214	  4.10189e+07
765.501	  4.10036e+07
765.788	  4.09882e+07
766.075	  4.09728e+07
766.362	  4.09574e+07
766.649	  4.0942e+07
766.936	  4.09266e+07
767.223	  4.09112e+07
767.51	  4.08958e+07
767.797	  4.08804e+07
768.084	  4.0865e+07
768.371	  4.08496e+07
768.658	  4.08341e+07
768.945	  4.08187e+07
769.232	  4.08032e+07
769.519	  4.07877e+07
769.806	  4.07723e+07
770.093	  4.07568e+07
770.38	  4.07413e+07
770.667	  4.07258e+07
770.954	  4.07103e+07
771.241	  4.06948e+07
771.528	  4.06793e+07
771.815	  4.06638e+07
772.102	  4.06483e+07
772.389	  4.06328e+07
772.676	  4.06172e+07
772.963	  4.06017e+07
773.25	  4.05861e+07
773.537	  4.05706e+07
773.824	  4.0555e+07
774.111	  4.05394e+07
774.398	  4.05239e+07
774.685	  4.05083e+07
774.972	  4.04927e+07
775.259	  4.04771e+07
775.546	  4.04615e+07
775.833	  4.04459e+07
776.12	  4.04303e+07
776.407	  4.04147e+07
776.694	  4.0399e+07
776.981	  4.03834e+07
777.268	  4.03678e+07
777.555	  4.03521e+07
777.842	  4.03365e+07
778.129	  4.03208e+07
778.416	  4.03051e+07
778.703	  4.02895e+07
778.99	  4.02738e+07
779.277	  4.02581e+07
779.564	  4.02424e+07
779.851	  4.02267e+07
780.138	  4.0211e+07
780.425	  4.01953e+07
780.712	  4.01796e+07
780.999	  4.01639e+07
781.286	  4.01482e+07
781.573	  4.01324e+07
781.86	  4.01167e+07
782.147	  4.0101e+07
782.434	  4.00852e+07
782.721	  4.00695e+07
783.008	  4.00537e+07
783.295	  4.00379e+07
783.582	  4.00222e+07
783.869	  4.00064e+07
784.156	  3.99906e+07
784.443	  3.99748e+07
784.73	  3.9959e+07
785.017	  3.99432e+07
785.304	  3.99274e+07
785.591	  3.99116e+07
785.878	  3.98958e+07
786.165	  3.988e+07
786.452	  3.98642e+07
786.739	  3.98483e+07
787.026	  3.98325e+07
787.313	  3.98166e+07
787.6	  3.98008e+07
787.887	  3.97849e+07
788.174	  3.97691e+07
788.461	  3.97532e+07
788.748	  3.97374e+07
789.035	  3.97215e+07
789.322	  3.97056e+07
789.609	  3.96897e+07
789.896	  3.96738e+07
790.183	  3.96579e+07
790.47	  3.9642e+07
790.757	  3.96261e+07
791.044	  3.96102e+07
791.331	  3.95943e+07
791.618	  3.95784e+07
791.905	  3.95625e+07
792.192	  3.95466e+07
792.479	  3.95306e+07
792.766	  3.95147e+07
793.053	  3.94987e+07
793.34	  3.94828e+07
793.627	  3.94668e+07
793.914	  3.94509e+07
794.201	  3.94349e+07
794.488	  3.9419e+07
794.775	  3.9403e+07
795.062	  3.9387e+07
795.349	  3.9371e+07
795.636	  3.9355e+07
795.923	  3.9339e+07
796.21	  3.93231e+07
796.497	  3.93071e+07
796.784	  3.92911e+07
797.071	  3.9275e+07
797.358	  3.9259e+07
797.645	  3.9243e+07
797.932	  3.9227e+07
798.219	  3.9211e+07
798.506	  3.91949e+07
798.793	  3.91789e+07
799.08	  3.91629e+07
799.367	  3.91468e+07
799.654	  3.91308e+07
799.941	  3.91147e+07
800.228	  3.90987e+07
800.515	  3.90826e+07
800.802	  3.90665e+07
801.089	  3.90505e+07
801.376	  3.90344e+07
801.663	  3.90183e+07
801.95	  3.90022e+07
802.237	  3.89862e+07
802.524	  3.89701e+07
802.811	  3.8954e+07
803.098	  3.89379e+07
803.385	  3.89218e+07
803.672	  3.89057e+07
803.959	  3.88896e+07
804.246	  3.88735e+07
804.533	  3.88573e+07
804.82	  3.88412e+07
805.107	  3.88251e+07
805.394	  3.8809e+07
805.681	  3.87928e+07
805.968	  3.87767e+07
806.255	  3.87606e+07
806.542	  3.87444e+07
806.829	  3.87283e+07
807.116	  3.87121e+07
807.403	  3.8696e+07
807.69	  3.86798e+07
807.977	  3.86637e+07
808.264	  3.86475e+07
808.551	  3.86313e+07
808.838	  3.86151e+07
809.125	  3.8599e+07
809.412	  3.85828e+07
809.699	  3.85666e+07
809.986	  3.85504e+07
810.273	  3.85342e+07
810.56	  3.8518e+07
810.847	  3.85018e+07
811.134	  3.84857e+07
811.421	  3.84694e+07
811.708	  3.84532e+07
811.995	  3.8437e+07
812.282	  3.84208e+07
812.569	  3.84046e+07
812.856	  3.83884e+07
813.143	  3.83722e+07
813.43	  3.83559e+07
813.717	  3.83397e+07
814.004	  3.83235e+07
814.291	  3.83072e+07
814.578	  3.8291e+07
814.865	  3.82748e+07
815.152	  3.82585e+07
815.439	  3.82423e+07
815.726	  3.8226e+07
816.013	  3.82098e+07
816.3	  3.81935e+07
816.587	  3.81773e+07
816.874	  3.8161e+07
817.161	  3.81447e+07
817.448	  3.81285e+07
817.735	  3.81122e+07
818.022	  3.80959e+07
818.309	  3.80796e+07
818.596	  3.80634e+07
818.883	  3.80471e+07
819.17	  3.80308e+07
819.457	  3.80145e+07
820.002	  3.79836e+07
820.031	  3.79819e+07
820.059	  3.79803e+07
820.088	  3.79787e+07
820.117	  3.7977e+07
820.146	  3.79754e+07
820.174	  3.79738e+07
820.203	  3.79721e+07
820.232	  3.79705e+07
820.26	  3.79689e+07
820.289	  3.79673e+07
820.318	  3.79656e+07
820.346	  3.7964e+07
820.375	  3.79624e+07
820.404	  3.79607e+07
820.433	  3.79591e+07
820.461	  3.79575e+07
820.49	  3.79558e+07
820.519	  3.79542e+07
820.547	  3.79526e+07
820.576	  3.7951e+07
820.605	  3.79493e+07
820.633	  1.81528e+07
820.662	  1.81523e+07
820.691	  1.81519e+07
820.72	  1.81514e+07
820.748	  1.8151e+07
820.777	  1.81505e+07
820.806	  1.81501e+07
820.834	  1.81496e+07
820.863	  1.81492e+07
820.892	  1.81487e+07
820.92	  1.81482e+07
820.949	  1.81478e+07
820.978	  1.81473e+07
821.007	  1.81469e+07
821.035	  1.81464e+07
821.064	  1.8146e+07
821.093	  1.81455e+07
821.121	  1.81451e+07
821.15	  1.81446e+07
821.179	  1.81442e+07
821.207	  1.81437e+07
821.236	  1.81433e+07
821.265	  1.81428e+07
821.294	  1.81424e+07
821.322	  1.81419e+07
821.351	  1.81415e+07
821.38	  1.8141e+07
821.408	  1.81406e+07
821.437	  1.81401e+07
821.466	  1.81396e+07
821.494	  1.81392e+07
821.523	  1.81387e+07
821.552	  1.81383e+07
821.581	  1.81378e+07
821.609	  1.81374e+07
821.638	  1.81369e+07
821.667	  1.81365e+07
821.695	  1.8136e+07
821.724	  1.81356e+07
821.753	  1.81351e+07
821.781	  1.81347e+07
821.81	  1.81342e+07
821.839	  1.81338e+07
821.868	  1.81333e+07
821.896	  1.81329e+07
821.925	  1.81324e+07
821.954	  1.81319e+07
821.982	  1.81315e+07
822.011	  1.8131e+07
822.011	  1.8131e+07
822.298	  1.81265e+07
822.585	  1.8122e+07
822.872	  1.81174e+07
823.159	  1.81129e+07
823.446	  1.81083e+07
823.733	  1.81038e+07
824.02	  1.80992e+07
824.307	  1.80947e+07
824.594	  1.80901e+07
824.881	  1.80856e+07
825.168	  1.8081e+07
825.455	  1.80764e+07
825.742	  1.80719e+07
826.029	  1.80673e+07
826.316	  1.80627e+07
826.603	  1.80582e+07
826.89	  1.80536e+07
827.177	  1.8049e+07
827.464	  1.80444e+07
827.751	  1.80398e+07
828.038	  1.80353e+07
828.325	  1.80307e+07
828.612	  1.80261e+07
828.899	  1.80215e+07
829.186	  1.80169e+07
829.473	  1.80123e+07
829.76	  1.80077e+07
830.047	  1.80031e+07
830.334	  1.79985e+07
830.621	  1.79939e+07
830.908	  1.79892e+07
831.195	  1.79846e+07
831.482	  1.798e+07
831.769	  1.79754e+07
832.056	  1.79708e+07
832.343	  1.79661e+07
832.63	  1.79615e+07
832.917	  1.79569e+07
833.204	  1.79522e+07
833.491	  1.79476e+07
833.778	  1.7943e+07
834.065	  1.79383e+07
834.352	  1.79337e+07
834.639	  1.7929e+07
834.926	  1.79244e+07
835.213	  1.79198e+07
835.5	  1.79151e+07
835.787	  1.79104e+07
836.074	  1.79058e+07
836.361	  1.79011e+07
836.648	  1.78965e+07
836.935	  1.78918e+07
837.222	  1.78871e+07
837.509	  1.78825e+07
837.796	  1.78778e+07
838.083	  1.78731e+07
838.37	  1.78685e+07
838.657	  1.78638e+07
838.944	  1.78591e+07
839.231	  1.78544e+07
839.518	  1.78497e+07
839.805	  1.7845e+07
840.092	  1.78404e+07
840.379	  1.78357e+07
840.666	  1.7831e+07
840.953	  1.78263e+07
841.24	  1.78216e+07
841.527	  1.78169e+07
841.814	  1.78122e+07
842.101	  1.78075e+07
842.388	  1.78028e+07
842.675	  1.7798e+07
842.962	  1.77933e+07
843.249	  1.77886e+07
843.536	  1.77839e+07
843.823	  1.77792e+07
844.11	  1.77745e+07
844.397	  1.77697e+07
844.684	  1.7765e+07
844.971	  1.77603e+07
845.258	  1.77556e+07
845.545	  1.77508e+07
845.832	  1.77461e+07
846.119	  1.77414e+07
846.406	  1.77366e+07
846.693	  1.77319e+07
846.98	  1.77271e+07
847.267	  1.77224e+07
847.554	  1.77176e+07
847.841	  1.77129e+07
848.128	  1.77081e+07
848.415	  1.77034e+07
848.702	  1.76986e+07
848.989	  1.76939e+07
849.276	  1.76891e+07
849.563	  1.76844e+07
849.85	  1.76796e+07
850.137	  1.76748e+07
850.424	  1.76701e+07
850.711	  1.76653e+07
850.998	  1.76605e+07
851.285	  1.76558e+07
851.572	  1.7651e+07
851.859	  1.76462e+07
852.146	  1.76414e+07
852.433	  1.76366e+07
852.72	  1.76319e+07
853.007	  1.76271e+07
853.294	  1.76223e+07
853.581	  1.76175e+07
853.868	  1.76127e+07
854.155	  1.76079e+07
854.442	  1.76031e+07
854.729	  1.75983e+07
855.016	  1.75935e+07
855.303	  1.75887e+07
855.59	  1.75839e+07
855.877	  1.75791e+07
856.164	  1.75743e+07
856.451	  1.75695e+07
856.738	  1.75647e+07
857.025	  1.75599e+07
857.312	  1.75551e+07
857.599	  1.75502e+07
857.886	  1.75454e+07
858.173	  1.75406e+07
858.46	  1.75358e+07
858.747	  1.75309e+07
859.034	  1.75261e+07
859.321	  1.75213e+07
859.608	  1.75165e+07
859.895	  1.75116e+07
860.182	  1.75068e+07
860.469	  1.7502e+07
860.756	  1.74971e+07
861.043	  1.74923e+07
861.33	  1.74874e+07
861.617	  1.74826e+07
861.904	  1.74778e+07
862.191	  1.74729e+07
862.478	  1.74681e+07
862.765	  1.74632e+07
863.052	  1.74584e+07
863.339	  1.74535e+07
863.626	  1.74487e+07
863.913	  1.74438e+07
864.2	  1.74389e+07
864.487	  1.74341e+07
864.774	  1.74292e+07
865.061	  1.74244e+07
865.348	  1.74195e+07
865.635	  1.74146e+07
865.922	  1.74097e+07
866.209	  1.74049e+07
866.496	  1.74e+07
866.783	  1.73951e+07
867.07	  1.73903e+07
867.357	  1.73854e+07
867.644	  1.73805e+07
867.931	  1.73756e+07
868.218	  1.73707e+07
868.505	  1.73658e+07
868.792	  1.7361e+07
869.079	  1.73561e+07
869.366	  1.73512e+07
869.653	  1.73463e+07
869.94	  1.73414e+07
870.227	  1.73365e+07
870.514	  1.73316e+07
870.801	  1.73267e+07
871.088	  1.73218e+07
871.375	  1.73169e+07
871.662	  1.7312e+07
871.949	  1.73071e+07
872.236	  1.73022e+07
872.523	  1.72973e+07
872.81	  1.72924e+07
873.097	  1.72875e+07
873.384	  1.72826e+07
873.671	  1.72776e+07
873.958	  1.72727e+07
874.245	  1.72678e+07
874.532	  1.72629e+07
874.819	  1.7258e+07
875.106	  1.72531e+07
875.393	  1.72481e+07
875.68	  1.72432e+07
875.967	  1.72383e+07
876.254	  1.72333e+07
876.541	  1.72284e+07
876.828	  1.72235e+07
877.115	  1.72186e+07
877.402	  1.72136e+07
877.689	  1.72087e+07
877.976	  1.72037e+07
878.263	  1.71988e+07
878.55	  1.71939e+07
878.837	  1.71889e+07
879.124	  1.7184e+07
879.411	  1.7179e+07
879.698	  1.71741e+07
879.985	  1.71691e+07
880.272	  1.71642e+07
880.559	  1.71593e+07
880.846	  1.71543e+07
881.133	  1.71493e+07
881.42	  1.71444e+07
881.707	  1.71394e+07
881.994	  1.71345e+07
882.281	  1.71295e+07
882.568	  1.71246e+07
882.855	  1.71196e+07
883.142	  1.71146e+07
883.429	  1.71097e+07
883.716	  1.71047e+07
884.003	  1.70997e+07
884.29	  1.70948e+07
884.577	  1.70898e+07
884.864	  1.70848e+07
885.151	  1.70799e+07
885.438	  1.70749e+07
885.725	  1.70699e+07
886.012	  1.70649e+07
886.299	  1.706e+07
886.586	  1.7055e+07
886.873	  1.705e+07
887.16	  1.7045e+07
887.447	  1.704e+07
887.734	  1.7035e+07
888.021	  1.70301e+07
888.308	  1.70251e+07
888.595	  1.70201e+07
888.882	  1.70151e+07
889.169	  1.70101e+07
889.456	  1.70051e+07
889.743	  1.70001e+07
890.03	  1.69951e+07
890.317	  1.69901e+07
890.604	  1.69851e+07
890.891	  1.69801e+07
891.178	  1.69751e+07
891.465	  1.69701e+07
891.752	  1.69651e+07
892.039	  1.69601e+07
892.326	  1.69551e+07
892.613	  1.69501e+07
892.9	  1.69451e+07
893.187	  1.69401e+07
893.474	  1.69351e+07
893.761	  1.69301e+07
894.048	  1.69251e+07
894.335	  1.692e+07
894.622	  1.6915e+07
894.909	  1.691e+07
895.196	  1.6905e+07
895.483	  1.69e+07
895.77	  1.6895e+07
896.057	  1.68899e+07
896.344	  1.68849e+07
896.631	  1.68799e+07
896.918	  1.68749e+07
897.205	  1.68698e+07
897.492	  1.68648e+07
897.779	  1.68598e+07
898.066	  1.68548e+07
898.353	  1.68497e+07
898.64	  1.68447e+07
898.927	  1.68397e+07
899.214	  1.68346e+07
899.501	  1.68296e+07
899.788	  1.68246e+07
900.075	  1.68195e+07
900.362	  1.68145e+07
900.649	  1.68094e+07
900.936	  1.68044e+07
901.223	  1.67994e+07
901.51	  1.67943e+07
901.797	  1.67893e+07
902.084	  1.67842e+07
902.371	  1.67792e+07
902.658	  1.67741e+07
902.945	  1.67691e+07
903.232	  1.6764e+07
903.519	  1.6759e+07
903.806	  1.67539e+07
904.093	  1.67489e+07
904.38	  1.67438e+07
904.667	  1.67388e+07
904.954	  1.67337e+07
905.241	  1.67287e+07
905.528	  1.67236e+07
905.815	  1.67186e+07
906.102	  1.67135e+07
906.389	  1.67084e+07
906.676	  1.67034e+07
906.963	  1.66983e+07
907.25	  1.66933e+07
907.537	  1.66882e+07
907.824	  1.66831e+07
908.111	  1.66781e+07
908.398	  1.6673e+07
908.685	  1.66679e+07
908.972	  1.66629e+07
909.259	  1.66578e+07
909.546	  1.66527e+07
909.833	  1.66476e+07
910.12	  1.66426e+07
910.407	  1.66375e+07
910.694	  1.66324e+07
910.981	  1.66274e+07
911.268	  1.66223e+07
911.555	  1.66172e+07
911.842	  1.66121e+07
912.129	  1.6607e+07
912.416	  1.6602e+07
912.703	  1.65969e+07
912.99	  1.65918e+07
913.277	  1.65867e+07
913.564	  1.65816e+07
913.851	  1.65766e+07
914.138	  1.65715e+07
914.425	  1.65664e+07
914.712	  1.65613e+07
914.999	  1.65562e+07
915.286	  1.65511e+07
915.573	  1.6546e+07
915.86	  1.65409e+07
916.147	  1.65358e+07
916.434	  1.65308e+07
916.721	  1.65257e+07
917.008	  1.65206e+07
917.295	  1.65155e+07
917.582	  1.65104e+07
917.869	  1.65053e+07
918.156	  1.65002e+07
918.443	  1.64951e+07
918.73	  1.649e+07
919.017	  1.64849e+07
919.304	  1.64798e+07
919.591	  1.64747e+07
919.878	  1.64696e+07
920.165	  1.64645e+07
920.452	  1.64594e+07
920.739	  1.64543e+07
921.026	  1.64492e+07
921.313	  1.64441e+07
921.6	  1.6439e+07
921.887	  1.64338e+07
922.174	  1.64287e+07
922.461	  1.64236e+07
922.748	  1.64185e+07
923.035	  1.64134e+07
923.322	  1.64083e+07
923.609	  1.64032e+07
923.896	  1.63981e+07
924.183	  1.6393e+07
924.47	  1.63878e+07
924.757	  1.63827e+07
925.044	  1.63776e+07
925.331	  1.63725e+07
925.618	  1.63674e+07
925.905	  1.63623e+07
926.192	  1.63571e+07
926.479	  1.6352e+07
926.766	  1.63469e+07
927.053	  1.63418e+07
927.34	  1.63367e+07
927.627	  1.63315e+07
927.914	  1.63264e+07
928.201	  1.63213e+07
928.488	  1.63162e+07
928.775	  1.63111e+07
929.062	  1.63059e+07
929.349	  1.63008e+07
929.636	  1.62957e+07
929.923	  1.62905e+07
930.21	  1.62854e+07
930.497	  1.62803e+07
930.784	  1.62752e+07
931.071	  1.627e+07
931.358	  1.62649e+07
931.645	  1.62598e+07
931.932	  1.62546e+07
932.219	  1.62495e+07
932.506	  1.62444e+07
932.793	  1.62392e+07
933.08	  1.62341e+07
933.367	  1.6229e+07
933.654	  1.62238e+07
933.941	  1.62187e+07
934.228	  1.62136e+07
934.515	  1.62084e+07
934.802	  1.62033e+07
935.089	  1.61982e+07
935.376	  1.6193e+07
935.663	  1.61879e+07
935.95	  1.61827e+07
936.237	  1.61776e+07
936.524	  1.61725e+07
936.811	  1.61673e+07
937.098	  1.61622e+07
937.385	  1.6157e+07
937.672	  1.61519e+07
937.959	  1.61467e+07
938.246	  1.61416e+07
938.533	  1.61365e+07
938.82	  1.61313e+07
939.107	  1.61262e+07
939.394	  1.6121e+07
939.681	  1.61159e+07
939.968	  1.61107e+07
940.255	  1.61056e+07
940.542	  1.61004e+07
940.829	  1.60953e+07
941.116	  1.60901e+07
941.403	  1.6085e+07
941.69	  1.60798e+07
941.977	  1.60747e+07
942.264	  1.60695e+07
942.551	  1.60644e+07
942.838	  1.60592e+07
943.125	  1.60541e+07
943.412	  1.60489e+07
943.699	  1.60438e+07
943.986	  1.60386e+07
944.273	  1.60335e+07
944.56	  1.60283e+07
944.847	  1.60231e+07
945.134	  1.6018e+07
945.421	  1.60128e+07
945.708	  1.60077e+07
945.995	  1.60025e+07
946.282	  1.59974e+07
946.569	  1.59922e+07
946.856	  1.5987e+07
947.143	  1.59819e+07
947.43	  1.59767e+07
947.717	  1.59716e+07
948.004	  1.59664e+07
948.291	  1.59612e+07
948.578	  1.59561e+07
948.865	  1.59509e+07
949.152	  1.59458e+07
949.439	  1.59406e+07
949.726	  1.59354e+07
950.013	  1.59303e+07
950.3	  1.59251e+07
950.587	  1.59199e+07
950.874	  1.59148e+07
951.161	  1.59096e+07
951.448	  1.59045e+07
951.735	  1.58993e+07
952.022	  1.58941e+07
952.309	  1.5889e+07
952.596	  1.58838e+07
952.883	  1.58786e+07
953.17	  1.58735e+07
953.457	  1.58683e+07
953.744	  1.58631e+07
954.031	  1.5858e+07
954.318	  1.58528e+07
954.605	  1.58476e+07
954.892	  1.58425e+07
955.179	  1.58373e+07
955.466	  1.58321e+07
955.753	  1.58269e+07
956.04	  1.58218e+07
956.327	  1.58166e+07
956.614	  1.58114e+07
956.901	  1.58063e+07
957.188	  1.58011e+07
957.475	  1.57959e+07
957.762	  1.57907e+07
958.049	  1.57856e+07
958.336	  1.57804e+07
958.623	  1.57752e+07
958.91	  1.57701e+07
959.197	  1.57649e+07
959.484	  1.57597e+07
959.771	  1.57545e+07
960.058	  1.57494e+07
960.345	  1.57442e+07
960.632	  1.5739e+07
960.919	  1.57338e+07
961.206	  1.57287e+07
961.493	  1.57235e+07
961.78	  1.57183e+07
962.067	  1.57131e+07
962.354	  1.5708e+07
962.641	  1.57028e+07
962.928	  1.56976e+07
963.215	  1.56924e+07
963.502	  1.56873e+07
963.789	  1.56821e+07
964.076	  1.56769e+07
964.363	  1.56717e+07
964.65	  1.56665e+07
964.937	  1.56614e+07
965.224	  1.56562e+07
965.511	  1.5651e+07
965.798	  1.56458e+07
966.085	  1.56407e+07
966.372	  1.56355e+07
966.659	  1.56303e+07
966.946	  1.56251e+07
967.233	  1.56199e+07
967.52	  1.56148e+07
967.807	  1.56096e+07
968.094	  1.56044e+07
968.381	  1.55992e+07
968.668	  1.5594e+07
968.955	  1.55889e+07
969.242	  1.55837e+07
969.529	  1.55785e+07
969.816	  1.55733e+07
970.103	  1.55681e+07
970.39	  1.5563e+07
970.677	  1.55578e+07
970.964	  1.55526e+07
971.251	  1.55474e+07
971.538	  1.55422e+07
971.825	  1.5537e+07
972.112	  1.55319e+07
972.399	  1.55267e+07
972.686	  1.55215e+07
972.973	  1.55163e+07
973.26	  1.55111e+07
973.547	  1.5506e+07
973.834	  1.55008e+07
974.121	  1.54956e+07
974.408	  1.54904e+07
974.695	  1.54852e+07
974.982	  1.548e+07
975.269	  1.54749e+07
975.556	  1.54697e+07
975.843	  1.54645e+07
976.13	  1.54593e+07
976.417	  1.54541e+07
976.704	  1.54489e+07
976.991	  1.54438e+07
977.278	  1.54386e+07
977.565	  1.54334e+07
977.852	  1.54282e+07
978.139	  1.5423e+07
978.426	  1.54178e+07
978.713	  1.54127e+07
979	  1.54075e+07
979.287	  1.54023e+07
979.574	  1.53971e+07
979.861	  1.53919e+07
980.148	  1.53867e+07
980.435	  1.53815e+07
980.722	  1.53764e+07
981.009	  1.53712e+07
981.296	  1.5366e+07
981.583	  1.53608e+07
981.87	  1.53556e+07
982.157	  1.53504e+07
982.444	  1.53453e+07
982.731	  1.53401e+07
983.018	  1.53349e+07
983.305	  1.53297e+07
983.592	  1.53245e+07
983.879	  1.53193e+07
984.166	  1.53142e+07
984.453	  1.5309e+07
984.74	  1.53038e+07
985.027	  1.52986e+07
985.314	  1.52934e+07
985.601	  1.52882e+07
985.888	  1.5283e+07
986.175	  1.52779e+07
986.462	  1.52727e+07
986.749	  1.52675e+07
987.036	  1.52623e+07
987.323	  1.52571e+07
987.61	  1.52519e+07
987.897	  1.52468e+07
988.184	  1.52416e+07
988.471	  1.52364e+07
988.758	  1.52312e+07
989.045	  1.5226e+07
989.332	  1.52208e+07
989.619	  1.52157e+07
989.906	  1.52105e+07
990.193	  1.52053e+07
990.48	  1.52001e+07
990.767	  1.51949e+07
991.054	  1.51897e+07
991.341	  1.51846e+07
991.628	  1.51794e+07
991.915	  1.51742e+07
992.202	  1.5169e+07
992.489	  1.51638e+07
992.776	  1.51586e+07
993.063	  1.51535e+07
993.35	  1.51483e+07
993.637	  1.51431e+07
993.924	  1.51379e+07
994.211	  1.51327e+07
994.498	  1.51275e+07
994.785	  1.51224e+07
995.072	  1.51172e+07
995.359	  1.5112e+07
995.646	  1.51068e+07
995.933	  1.51016e+07
996.22	  1.50965e+07
996.507	  1.50913e+07
996.794	  1.50861e+07
997.081	  1.50809e+07
997.368	  1.50757e+07
997.655	  1.50706e+07
997.942	  1.50654e+07
998.229	  1.50602e+07
998.516	  1.5055e+07
998.803	  1.50498e+07
999.09	  1.50447e+07
999.377	  1.50395e+07
999.664	  1.50343e+07
999.951	  1.50291e+07
1000.24	  1.50239e+07
1000.52	  1.50188e+07
1000.81	  1.50136e+07
1001.1	  1.50084e+07
1001.39	  1.50032e+07
1001.67	  1.4998e+07
1001.96	  1.49929e+07
1002.25	  1.49877e+07
1002.53	  1.49825e+07
1002.82	  1.49773e+07
1003.11	  1.49721e+07
1003.39	  1.4967e+07
1003.68	  1.49618e+07
1003.97	  1.49566e+07
1004.26	  1.49514e+07
1004.54	  1.49463e+07
1004.83	  1.49411e+07
1005.12	  1.49359e+07
1005.4	  1.49307e+07
1005.69	  1.49256e+07
1005.98	  1.49204e+07
1006.26	  1.49152e+07
1006.55	  1.491e+07
1006.84	  1.49049e+07
1007.13	  1.48997e+07
1007.41	  1.48945e+07
1007.7	  1.48893e+07
1007.99	  1.48842e+07
1008.27	  1.4879e+07
1008.56	  1.48738e+07
1008.85	  1.48686e+07
1009.13	  1.48635e+07
1009.42	  1.48583e+07
1009.71	  1.48531e+07
1010	  1.4848e+07
1010.28	  1.48428e+07
1010.57	  1.48376e+07
1010.86	  1.48324e+07
1011.14	  1.48273e+07
1011.43	  1.48221e+07
1011.72	  1.48169e+07
1012	  1.48118e+07
1012.29	  1.48066e+07
1012.58	  1.48014e+07
1012.87	  1.47962e+07
1013.15	  1.47911e+07
1013.44	  1.47859e+07
1013.73	  1.47807e+07
1014.01	  1.47756e+07
1014.3	  1.47704e+07
1014.59	  1.47652e+07
1014.88	  1.47601e+07
1015.16	  1.47549e+07
1015.45	  1.47497e+07
1015.74	  1.47446e+07
1016.02	  1.47394e+07
1016.31	  1.47342e+07
1016.6	  1.47291e+07
1016.88	  1.47239e+07
1017.17	  1.47187e+07
1017.46	  1.47136e+07
1017.75	  1.47084e+07
1018.03	  1.47032e+07
1018.32	  1.46981e+07
1018.61	  1.46929e+07
1018.89	  1.46878e+07
1019.18	  1.46826e+07
1019.47	  1.46774e+07
1019.98	  1.46683e+07
1021.08	  1.46485e+07
1022.17	  1.46287e+07
1023.27	  1.4609e+07
1024.38	  1.45892e+07
1025.47	  1.45694e+07
1026.58	  1.45497e+07
1027.67	  1.45299e+07
1028.78	  1.45102e+07
1029.88	  1.44905e+07
1030.97	  1.44707e+07
1032.08	  1.4451e+07
1033.17	  1.44313e+07
1034.28	  1.44116e+07
1035.38	  1.43919e+07
1036.47	  1.43722e+07
1037.58	  1.43525e+07
1038.67	  1.43328e+07
1039.78	  1.43131e+07
1040.88	  1.42934e+07
1041.97	  1.42738e+07
1043.08	  1.42541e+07
1044.17	  1.42345e+07
1045.28	  1.42148e+07
1046.38	  1.41952e+07
1047.47	  1.41756e+07
1048.58	  1.4156e+07
1049.67	  1.41364e+07
1050.78	  1.41168e+07
1051.88	  1.40972e+07
1052.97	  1.40776e+07
1054.08	  1.4058e+07
1055.17	  1.40384e+07
1056.28	  1.40189e+07
1057.38	  1.39993e+07
1058.47	  1.39798e+07
1059.58	  1.39603e+07
1060.67	  1.39408e+07
1061.78	  1.39212e+07
1062.88	  1.39017e+07
1063.97	  1.38822e+07
1065.08	  1.38628e+07
1066.17	  1.38433e+07
1067.28	  1.38238e+07
1068.38	  1.38044e+07
1069.47	  1.37849e+07
1070.58	  1.37655e+07
1071.67	  1.37461e+07
1072.78	  1.37267e+07
1073.88	  1.37073e+07
1074.97	  1.36879e+07
1076.08	  1.36685e+07
1077.17	  1.36491e+07
1078.28	  1.36298e+07
1079.38	  1.36104e+07
1080.47	  1.35911e+07
1081.58	  1.35717e+07
1082.67	  1.35524e+07
1083.78	  1.35331e+07
1084.88	  1.35138e+07
1085.97	  1.34946e+07
1087.08	  1.34753e+07
1088.17	  1.3456e+07
1089.28	  1.34368e+07
1090.38	  1.34175e+07
1091.47	  1.33983e+07
1092.58	  1.33791e+07
1093.67	  1.33599e+07
1094.78	  1.33407e+07
1095.88	  1.33215e+07
1096.97	  1.33024e+07
1098.08	  1.32832e+07
1099.17	  1.32641e+07
1100.28	  1.3245e+07
1101.38	  1.32259e+07
1102.47	  1.32068e+07
1103.58	  1.31877e+07
1104.67	  1.31686e+07
1105.78	  1.31495e+07
1106.88	  1.31305e+07
1107.97	  1.31114e+07
1109.08	  1.30924e+07
1110.17	  1.30734e+07
1111.28	  1.30544e+07
1112.38	  1.30354e+07
1113.47	  1.30165e+07
1114.58	  1.29975e+07
1115.67	  1.29786e+07
1116.78	  1.29596e+07
1117.88	  1.29407e+07
1118.97	  1.29218e+07
1120.08	  1.29029e+07
1121.17	  1.28841e+07
1122.28	  1.28652e+07
1123.38	  1.28464e+07
1124.47	  1.28275e+07
1125.58	  1.28087e+07
1126.67	  1.27899e+07
1127.78	  1.27711e+07
1128.88	  1.27523e+07
1129.97	  1.27336e+07
1131.08	  1.27148e+07
1132.17	  1.26961e+07
1133.28	  1.26774e+07
1134.38	  1.26587e+07
1135.47	  1.264e+07
1136.58	  1.26213e+07
1137.67	  1.26027e+07
1138.78	  1.2584e+07
1139.88	  1.25654e+07
1140.97	  1.25468e+07
1142.08	  1.25282e+07
1143.17	  1.25096e+07
1144.28	  1.2491e+07
1145.38	  1.24725e+07
1146.47	  1.24539e+07
1147.58	  1.24354e+07
1148.67	  1.24169e+07
1149.78	  1.23984e+07
1150.88	  1.23799e+07
1151.97	  1.23615e+07
1153.08	  1.2343e+07
1154.17	  1.23246e+07
1155.28	  1.23062e+07
1156.38	  1.22878e+07
1157.47	  1.22694e+07
1158.58	  1.22511e+07
1159.67	  1.22327e+07
1160.78	  1.22144e+07
1161.88	  1.21961e+07
1162.97	  1.21778e+07
1164.08	  1.21595e+07
1165.17	  1.21412e+07
1166.28	  1.2123e+07
1167.38	  1.21047e+07
1168.47	  1.20865e+07
1169.58	  1.20683e+07
1170.67	  1.20501e+07
1171.78	  1.20319e+07
1172.88	  1.20138e+07
1173.97	  1.19956e+07
1175.08	  1.19775e+07
1176.17	  1.19594e+07
1177.28	  1.19413e+07
1178.38	  1.19233e+07
1179.47	  1.19052e+07
1180.58	  1.18872e+07
1181.67	  1.18692e+07
1182.78	  1.18512e+07
1183.88	  1.18332e+07
1184.97	  1.18152e+07
1186.08	  1.17972e+07
1187.17	  1.17793e+07
1188.28	  1.17614e+07
1189.38	  1.17435e+07
1190.47	  1.17256e+07
1191.58	  1.17077e+07
1192.67	  1.16899e+07
1193.78	  1.16721e+07
1194.88	  1.16542e+07
1195.97	  1.16365e+07
1197.08	  1.16187e+07
1198.17	  1.16009e+07
1199.28	  1.15832e+07
1200.38	  1.15654e+07
1201.47	  1.15477e+07
1202.58	  1.153e+07
1203.67	  1.15124e+07
1204.78	  1.14947e+07
1205.88	  1.14771e+07
1206.97	  1.14594e+07
1208.08	  1.14418e+07
1209.17	  1.14243e+07
1210.28	  1.14067e+07
1211.38	  1.13891e+07
1212.47	  1.13716e+07
1213.58	  1.13541e+07
1214.67	  1.13366e+07
1215.78	  1.13191e+07
1216.88	  1.13017e+07
1217.97	  1.12842e+07
1219.08	  1.12668e+07
1220.17	  1.12494e+07
1221.28	  1.1232e+07
1222.38	  1.12146e+07
1223.47	  1.11973e+07
1224.58	  1.118e+07
1225.67	  1.11626e+07
1226.78	  1.11453e+07
1227.88	  1.11281e+07
1228.97	  1.11108e+07
1230.08	  1.10936e+07
1231.17	  1.10763e+07
1232.28	  1.10591e+07
1233.38	  1.10419e+07
1234.47	  1.10248e+07
1235.58	  1.10076e+07
1236.67	  1.09905e+07
1237.78	  1.09734e+07
1238.88	  1.09563e+07
1239.97	  1.09392e+07
1241.08	  1.09222e+07
1242.17	  1.09051e+07
1243.28	  1.08881e+07
1244.38	  1.08711e+07
1245.47	  1.08541e+07
1246.58	  1.08372e+07
1247.67	  1.08202e+07
1248.78	  1.08033e+07
1249.88	  1.07864e+07
1250.97	  1.07695e+07
1252.08	  1.07526e+07
1253.17	  1.07358e+07
1254.28	  1.0719e+07
1255.38	  1.07021e+07
1256.47	  1.06853e+07
1257.58	  1.06686e+07
1258.67	  1.06518e+07
1259.78	  1.06351e+07
1260.88	  1.06184e+07
1261.97	  1.06017e+07
1263.08	  1.0585e+07
1264.17	  1.05683e+07
1265.28	  1.05517e+07
1266.38	  1.05351e+07
1267.47	  1.05185e+07
1268.58	  1.05019e+07
1269.67	  1.04853e+07
1270.78	  1.04688e+07
1271.88	  1.04522e+07
1272.97	  1.04357e+07
1274.08	  1.04192e+07
1275.17	  1.04028e+07
1276.28	  1.03863e+07
1277.38	  1.03699e+07
1278.47	  1.03535e+07
1279.58	  1.03371e+07
1280.67	  1.03207e+07
1281.78	  1.03044e+07
1282.88	  1.0288e+07
1283.97	  1.02717e+07
1285.08	  1.02554e+07
1286.17	  1.02392e+07
1287.28	  1.02229e+07
1288.38	  1.02067e+07
1289.47	  1.01904e+07
1290.58	  1.01742e+07
1291.67	  1.01581e+07
1292.78	  1.01419e+07
1293.88	  1.01258e+07
1294.97	  1.01096e+07
1296.08	  1.00935e+07
1297.17	  1.00775e+07
1298.28	  1.00614e+07
1299.38	  1.00454e+07
1300.47	  1.00293e+07
1301.58	  1.00133e+07
1302.67	  9.99735e+06
1303.78	  9.98138e+06
1304.88	  9.96544e+06
1305.97	  9.94951e+06
1307.08	  9.93361e+06
1308.17	  9.91772e+06
1309.28	  9.90186e+06
1310.38	  9.88601e+06
1311.47	  9.87018e+06
1312.58	  9.85437e+06
1313.67	  9.83859e+06
1314.78	  9.82282e+06
1315.88	  9.80707e+06
1316.97	  9.79134e+06
1318.08	  9.77563e+06
1319.17	  9.75994e+06
1320.28	  9.74427e+06
1321.38	  9.72862e+06
1322.47	  9.71299e+06
1323.58	  9.69737e+06
1324.67	  9.68178e+06
1325.78	  9.66621e+06
1326.88	  9.65066e+06
1327.97	  9.63513e+06
1329.08	  9.61961e+06
1330.17	  9.60412e+06
1331.28	  9.58864e+06
1332.38	  9.57319e+06
1333.47	  9.55776e+06
1334.58	  9.54234e+06
1335.67	  9.52695e+06
1336.78	  9.51157e+06
1337.88	  9.49622e+06
1338.97	  9.48088e+06
1340.08	  9.46556e+06
1341.17	  9.45027e+06
1342.28	  9.43499e+06
1343.38	  9.41973e+06
1344.47	  9.4045e+06
1345.58	  9.38928e+06
1346.67	  9.37408e+06
1347.78	  9.3589e+06
1348.88	  9.34375e+06
1349.97	  9.32861e+06
1351.08	  9.31349e+06
1352.17	  9.29839e+06
1353.28	  9.28331e+06
1354.38	  9.26825e+06
1355.47	  9.25321e+06
1356.58	  9.23819e+06
1357.67	  9.22319e+06
1358.78	  9.20821e+06
1359.88	  9.19325e+06
1360.97	  9.17831e+06
1362.08	  9.16339e+06
1363.17	  9.14849e+06
1364.28	  9.13361e+06
1365.38	  9.11874e+06
1366.47	  9.1039e+06
1367.58	  9.08908e+06
1368.67	  9.07428e+06
1369.78	  9.05949e+06
1370.88	  9.04473e+06
1371.97	  9.02999e+06
1373.08	  9.01526e+06
1374.17	  9.00056e+06
1375.28	  8.98587e+06
1376.38	  8.97121e+06
1377.47	  8.95656e+06
1378.58	  8.94194e+06
1379.67	  8.92733e+06
1380.78	  8.91275e+06
1381.88	  8.89818e+06
1382.97	  8.88364e+06
1384.08	  8.86911e+06
1385.17	  8.8546e+06
1386.28	  8.84012e+06
1387.38	  8.82565e+06
1388.47	  8.8112e+06
1389.58	  8.79677e+06
1390.67	  8.78236e+06
1391.78	  8.76798e+06
1392.88	  8.75361e+06
1393.97	  8.73926e+06
1395.08	  8.72493e+06
1396.17	  8.71062e+06
1397.28	  8.69633e+06
1398.38	  8.68206e+06
1399.47	  8.66781e+06
1400.58	  8.65357e+06
1401.67	  8.63936e+06
1402.78	  8.62517e+06
1403.88	  8.611e+06
1404.97	  8.59684e+06
1406.08	  8.58271e+06
1407.17	  8.5686e+06
1408.28	  8.5545e+06
1409.38	  8.54043e+06
1410.47	  8.52637e+06
1411.58	  8.51234e+06
1412.67	  8.49832e+06
1413.78	  8.48433e+06
1414.88	  8.47035e+06
1415.97	  8.45639e+06
1417.08	  8.44246e+06
1418.17	  8.42854e+06
1419.28	  8.41464e+06
1420.38	  8.40076e+06
1421.47	  8.3869e+06
1422.58	  8.37306e+06
1423.67	  8.35924e+06
1424.78	  8.34544e+06
1425.88	  8.33166e+06
1426.97	  8.3179e+06
1428.08	  8.30416e+06
1429.17	  8.29043e+06
1430.28	  8.27673e+06
1431.38	  8.26305e+06
1432.47	  8.24938e+06
1433.58	  8.23574e+06
1434.67	  8.22211e+06
1435.78	  8.20851e+06
1436.88	  8.19492e+06
1437.97	  8.18135e+06
1439.08	  8.1678e+06
1440.17	  8.15428e+06
1441.28	  8.14077e+06
1442.38	  8.12728e+06
1443.47	  8.11381e+06
1444.58	  8.10035e+06
1445.67	  8.08692e+06
1446.78	  8.07351e+06
1447.88	  8.06012e+06
1448.97	  8.04674e+06
1450.08	  8.03339e+06
1451.17	  8.02005e+06
1452.28	  8.00674e+06
1453.38	  7.99344e+06
1454.47	  7.98016e+06
1455.58	  7.96691e+06
1456.67	  7.95367e+06
1457.78	  7.94045e+06
1458.88	  6.24156e+06
1459.97	  6.23275e+06
1461.08	  6.22396e+06
1462.17	  6.21517e+06
1463.28	  6.2064e+06
1464.38	  6.19763e+06
1465.47	  6.18888e+06
1466.58	  6.18013e+06
1467.67	  6.1714e+06
1468.78	  6.16268e+06
1469.88	  6.15397e+06
1470.97	  6.14526e+06
1472.08	  6.13657e+06
1473.17	  6.12789e+06
1474.28	  6.11922e+06
1475.38	  6.11056e+06
1476.47	  6.10191e+06
1477.58	  6.09326e+06
1478.67	  6.08463e+06
1479.78	  6.07601e+06
1480.88	  6.0674e+06
1481.97	  6.0588e+06
1483.08	  6.05021e+06
1484.17	  6.04163e+06
1485.28	  6.03306e+06
1486.38	  6.02451e+06
1487.47	  6.01596e+06
1488.58	  6.00742e+06
1489.67	  5.99889e+06
1490.78	  5.99037e+06
1491.88	  5.98186e+06
1492.97	  5.97337e+06
1494.08	  5.96488e+06
1495.17	  5.9564e+06
1496.28	  5.94794e+06
1497.38	  5.93948e+06
1498.47	  5.93103e+06
1499.58	  5.9226e+06
1500.67	  5.91417e+06
1501.78	  5.90575e+06
1502.88	  5.89735e+06
1503.97	  5.88895e+06
1505.08	  5.88057e+06
1506.17	  5.87219e+06
1507.28	  5.86383e+06
1508.38	  5.85547e+06
1509.47	  5.84713e+06
1510.58	  5.83879e+06
1511.67	  5.83047e+06
1512.78	  5.82215e+06
1513.88	  5.81385e+06
1514.97	  5.80555e+06
1516.08	  5.79727e+06
1517.17	  5.78899e+06
1518.28	  5.78073e+06
1519.38	  5.77248e+06
1520.47	  5.76423e+06
1521.58	  5.756e+06
1522.67	  5.74778e+06
1523.78	  5.73956e+06
1524.88	  5.73136e+06
1525.97	  5.72317e+06
1527.08	  5.71499e+06
1528.17	  5.70681e+06
1529.28	  5.69865e+06
1530.38	  5.6905e+06
1531.47	  5.68235e+06
1532.58	  5.67422e+06
1533.67	  5.6661e+06
1534.78	  5.65799e+06
1535.88	  5.64988e+06
1536.97	  5.64179e+06
1538.08	  5.63371e+06
1539.17	  5.62564e+06
1540.28	  5.61758e+06
1541.38	  5.60952e+06
1542.47	  5.60148e+06
1543.58	  5.59345e+06
1544.67	  5.58543e+06
1545.78	  5.57742e+06
1546.88	  5.56941e+06
1547.97	  5.56142e+06
1549.08	  5.55344e+06
1550.17	  5.54547e+06
1551.28	  5.53751e+06
1552.38	  5.52955e+06
1553.47	  5.52161e+06
1554.58	  5.51368e+06
1555.67	  5.50576e+06
1556.78	  5.49785e+06
1557.88	  5.48994e+06
1558.97	  5.48205e+06
1560.08	  5.47417e+06
1561.17	  5.4663e+06
1562.28	  5.45843e+06
1563.38	  5.45058e+06
1564.47	  5.44274e+06
1565.58	  5.43491e+06
1566.67	  5.42708e+06
1567.78	  5.41927e+06
1568.88	  5.41147e+06
1569.97	  5.40367e+06
1571.08	  5.39589e+06
1572.17	  5.38812e+06
1573.28	  5.38035e+06
1574.38	  5.3726e+06
1575.47	  5.36486e+06
1576.58	  5.35712e+06
1577.67	  5.3494e+06
1578.78	  5.34168e+06
1579.88	  5.33398e+06
1580.97	  5.32629e+06
1582.08	  5.3186e+06
1583.17	  5.31093e+06
1584.28	  5.30326e+06
1585.38	  5.29561e+06
1586.47	  5.28796e+06
1587.58	  5.28032e+06
1588.67	  5.2727e+06
1589.78	  5.26508e+06
1590.88	  5.25748e+06
1591.97	  5.24988e+06
1593.08	  5.24229e+06
1594.17	  5.23472e+06
1595.28	  5.22715e+06
1596.38	  5.21959e+06
1597.47	  5.21204e+06
1598.58	  5.20451e+06
1599.67	  5.19698e+06
1600.78	  5.18946e+06
1601.88	  5.18195e+06
1602.97	  5.17445e+06
1604.08	  5.16696e+06
1605.17	  5.15948e+06
1606.28	  5.15201e+06
1607.38	  5.14455e+06
1608.47	  5.1371e+06
1609.58	  5.12966e+06
1610.67	  5.12223e+06
1611.78	  5.11481e+06
1612.88	  5.1074e+06
1613.97	  5.09999e+06
1615.08	  5.0926e+06
1616.17	  5.08522e+06
1617.28	  5.07784e+06
1618.38	  5.07048e+06
1619.47	  5.06313e+06
1620.58	  5.05578e+06
1621.67	  5.04845e+06
1622.78	  5.04112e+06
1623.88	  5.03381e+06
1624.97	  5.0265e+06
1626.08	  5.0192e+06
1627.17	  5.01192e+06
1628.28	  5.00464e+06
1629.38	  4.99737e+06
1630.47	  4.99011e+06
1631.58	  4.98286e+06
1632.67	  4.97562e+06
1633.78	  4.96839e+06
1634.88	  4.96117e+06
1635.97	  4.95396e+06
1637.08	  4.94676e+06
1638.17	  4.93957e+06
1639.28	  4.93239e+06
1640.38	  4.92521e+06
1641.47	  4.91805e+06
1642.58	  4.9109e+06
1643.67	  4.90375e+06
1644.78	  4.89662e+06
1645.88	  4.88949e+06
1646.97	  4.88238e+06
1648.08	  4.87527e+06
1649.17	  4.86817e+06
1650.28	  4.86109e+06
1651.38	  4.85401e+06
1652.47	  4.84694e+06
1653.58	  4.83988e+06
1654.67	  4.83283e+06
1655.78	  4.82579e+06
1656.88	  4.81876e+06
1657.97	  4.81173e+06
1659.08	  4.80472e+06
1660.17	  4.79772e+06
1661.28	  4.79072e+06
1662.38	  4.78374e+06
1663.47	  4.77676e+06
1664.58	  4.7698e+06
1665.67	  4.76284e+06
1666.78	  4.75589e+06
1667.88	  4.74895e+06
1668.97	  4.74202e+06
1670.08	  4.7351e+06
1671.17	  4.72819e+06
1672.28	  4.72129e+06
1673.38	  4.7144e+06
1674.47	  4.70752e+06
1675.58	  4.70064e+06
1676.67	  4.69378e+06
1677.78	  4.68692e+06
1678.88	  4.68008e+06
1679.97	  4.67324e+06
1681.08	  4.66641e+06
1682.17	  4.65959e+06
1683.28	  4.65278e+06
1684.38	  4.64598e+06
1685.47	  4.63919e+06
1686.58	  4.63241e+06
1687.67	  4.62564e+06
1688.78	  4.61887e+06
1689.88	  4.61212e+06
1690.97	  4.60537e+06
1692.08	  4.59864e+06
1693.17	  4.59191e+06
1694.28	  4.58519e+06
1695.38	  4.57848e+06
1696.47	  4.57178e+06
1697.58	  4.56509e+06
1698.67	  4.55841e+06
1699.78	  4.55174e+06
1700.88	  4.54507e+06
1701.97	  4.53842e+06
1703.08	  4.53177e+06
1704.17	  4.52514e+06
1705.28	  4.51851e+06
1706.38	  4.51189e+06
1707.47	  4.50528e+06
1708.58	  4.49868e+06
1709.67	  4.49209e+06
1710.78	  4.4855e+06
1711.88	  4.47893e+06
1712.97	  4.47237e+06
1714.08	  4.46581e+06
1715.17	  4.45926e+06
1716.28	  4.45272e+06
1717.38	  4.4462e+06
1718.47	  4.43967e+06
1719.58	  4.43316e+06
1720.67	  4.42666e+06
1721.78	  4.42017e+06
1722.88	  4.41368e+06
1723.97	  4.40721e+06
1725.08	  4.40074e+06
1726.17	  4.39428e+06
1727.28	  4.38783e+06
1728.38	  4.38139e+06
1729.47	  4.37496e+06
1730.58	  4.36854e+06
1731.67	  4.36212e+06
1732.78	  4.35572e+06
1733.88	  4.34932e+06
1734.97	  4.34293e+06
1736.08	  4.33656e+06
1737.17	  4.33019e+06
1738.28	  4.32382e+06
1739.38	  4.31747e+06
1740.47	  4.31113e+06
1741.58	  4.30479e+06
1742.67	  4.29847e+06
1743.78	  4.29215e+06
1744.88	  4.28584e+06
1745.97	  4.27954e+06
1747.08	  4.27325e+06
1748.17	  4.26697e+06
1749.28	  4.26069e+06
1750.38	  4.25443e+06
1751.47	  4.24817e+06
1752.58	  4.24192e+06
1753.67	  4.23568e+06
1754.78	  4.22945e+06
1755.88	  4.22323e+06
1756.97	  4.21702e+06
1758.08	  4.21081e+06
1759.17	  4.20462e+06
1760.28	  4.19843e+06
1761.38	  4.19225e+06
1762.47	  4.18608e+06
1763.58	  4.17992e+06
1764.67	  4.17376e+06
1765.78	  4.16762e+06
1766.88	  4.16148e+06
1767.97	  4.15535e+06
1769.08	  4.14924e+06
1770.17	  4.14312e+06
1771.28	  4.13702e+06
1772.38	  4.13093e+06
1773.47	  4.12484e+06
1774.58	  4.11877e+06
1775.67	  4.1127e+06
1776.78	  4.10664e+06
1777.88	  4.10059e+06
1778.97	  4.09454e+06
1780.08	  4.08851e+06
1781.17	  4.08248e+06
1782.28	  4.07647e+06
1783.38	  4.07046e+06
1784.47	  4.06446e+06
1785.58	  4.05846e+06
1786.67	  4.05248e+06
1787.78	  4.04651e+06
1788.88	  4.04054e+06
1789.97	  4.03458e+06
1791.08	  4.02863e+06
1792.17	  4.02269e+06
1793.28	  4.01675e+06
1794.38	  4.01083e+06
1795.47	  4.00491e+06
1796.58	  3.999e+06
1797.67	  3.9931e+06
1798.78	  3.98721e+06
1799.88	  3.98133e+06
1800.97	  3.97545e+06
1802.08	  3.96958e+06
1803.17	  3.96372e+06
1804.28	  3.95787e+06
1805.38	  3.95203e+06
1806.47	  3.9462e+06
1807.58	  3.94037e+06
1808.67	  3.93455e+06
1809.78	  3.92874e+06
1810.88	  3.92294e+06
1811.97	  3.91715e+06
1813.08	  3.91136e+06
1814.17	  3.90559e+06
1815.28	  3.89982e+06
1816.38	  3.89406e+06
1817.47	  3.88831e+06
1818.58	  3.88256e+06
1819.67	  3.87683e+06
1820.78	  3.8711e+06
1821.88	  3.86538e+06
1822.97	  3.85967e+06
1824.08	  3.85396e+06
1825.17	  3.84827e+06
1826.28	  3.84258e+06
1827.38	  3.8369e+06
1828.47	  3.83123e+06
1829.58	  3.82557e+06
1830.67	  3.81991e+06
1831.78	  3.81426e+06
1832.88	  3.80863e+06
1833.97	  3.80299e+06
1835.08	  3.79737e+06
1836.17	  3.79176e+06
1837.28	  3.78615e+06
1838.38	  3.78055e+06
1839.47	  3.77496e+06
1840.58	  3.76938e+06
1841.67	  3.7638e+06
1842.78	  3.75823e+06
1843.88	  3.75268e+06
1844.97	  3.74712e+06
1846.08	  3.74158e+06
1847.17	  3.73605e+06
1848.28	  3.73052e+06
1849.38	  3.725e+06
1850.47	  3.71949e+06
1851.58	  3.71398e+06
1852.67	  3.70849e+06
1853.78	  3.703e+06
1854.88	  3.69752e+06
1855.97	  3.69205e+06
1857.08	  3.68658e+06
1858.17	  3.68113e+06
1859.28	  3.67568e+06
1860.38	  3.67024e+06
1861.47	  3.6648e+06
1862.58	  3.65938e+06
1863.67	  3.65396e+06
1864.78	  3.64855e+06
1865.88	  3.64315e+06
1866.97	  3.63775e+06
1868.08	  3.63237e+06
1869.17	  3.62699e+06
1870.28	  3.62162e+06
1871.38	  3.61625e+06
1872.47	  3.6109e+06
1873.58	  3.60555e+06
1874.67	  3.60021e+06
1875.78	  3.59488e+06
1876.88	  3.58955e+06
1877.97	  3.58424e+06
1879.08	  3.57893e+06
1880.17	  3.57362e+06
1881.28	  3.56833e+06
1882.38	  3.56304e+06
1883.47	  3.55776e+06
1884.58	  3.55249e+06
1885.67	  3.54723e+06
1886.78	  3.54197e+06
1887.88	  3.53672e+06
1888.97	  3.53148e+06
1890.08	  3.52625e+06
1891.17	  3.52103e+06
1892.28	  3.51581e+06
1893.38	  3.5106e+06
1894.47	  3.50539e+06
1895.58	  3.5002e+06
1896.67	  3.49501e+06
1897.78	  3.48983e+06
1898.88	  3.48466e+06
1899.97	  3.47949e+06
1901.08	  3.47433e+06
1902.17	  3.46918e+06
1903.28	  3.46404e+06
1904.38	  3.4589e+06
1905.47	  3.45378e+06
1906.58	  3.44866e+06
1907.67	  3.44354e+06
1908.78	  3.43844e+06
1909.88	  3.43334e+06
1910.97	  3.42825e+06
1912.08	  3.42316e+06
1913.17	  3.41809e+06
1914.28	  3.41302e+06
1915.38	  3.40796e+06
1916.47	  3.4029e+06
1917.58	  3.39786e+06
1918.67	  3.39282e+06
1919.78	  3.38779e+06
1920.88	  3.38276e+06
1921.97	  3.37775e+06
1923.08	  3.37274e+06
1924.17	  3.36773e+06
1925.28	  3.36274e+06
1926.38	  3.35775e+06
1927.47	  3.35277e+06
1928.58	  3.3478e+06
1929.67	  3.34283e+06
1930.78	  3.33787e+06
1931.88	  3.33292e+06
1932.97	  3.32797e+06
1934.08	  3.32304e+06
1935.17	  3.31811e+06
1936.28	  3.31319e+06
1937.38	  3.30827e+06
1938.47	  3.30336e+06
1939.58	  3.29846e+06
1940.67	  3.29357e+06
1941.78	  3.28868e+06
1942.88	  3.2838e+06
1943.97	  3.27893e+06
1945.08	  3.27406e+06
1946.17	  3.2692e+06
1947.28	  3.26435e+06
1948.38	  3.25951e+06
1949.47	  3.25467e+06
1950.58	  3.24984e+06
1951.67	  3.24502e+06
1952.78	  3.24021e+06
1953.88	  3.2354e+06
1954.97	  3.2306e+06
1956.08	  3.2258e+06
1957.17	  3.22101e+06
1958.28	  3.21623e+06
1959.38	  3.21146e+06
1960.47	  3.2067e+06
1961.58	  3.20194e+06
1962.67	  3.19718e+06
1963.78	  3.19244e+06
1964.88	  3.1877e+06
1965.97	  3.18297e+06
1967.08	  3.17825e+06
1968.17	  3.17353e+06
1969.28	  3.16882e+06
1970.38	  3.16412e+06
1971.47	  3.15942e+06
1972.58	  3.15473e+06
1973.67	  3.15005e+06
1974.78	  3.14537e+06
1975.88	  3.1407e+06
1976.97	  3.13604e+06
1978.08	  3.13139e+06
1979.17	  3.12674e+06
1980.28	  3.1221e+06
1981.38	  3.11747e+06
1982.47	  3.11284e+06
1983.58	  3.10822e+06
1984.67	  3.1036e+06
1985.78	  3.099e+06
1986.88	  3.0944e+06
1987.97	  3.0898e+06
1989.08	  3.08522e+06
1990.17	  3.08064e+06
1991.28	  3.07607e+06
1992.38	  3.0715e+06
1993.47	  3.06694e+06
1994.58	  3.06239e+06
1995.67	  3.05784e+06
1996.78	  3.0533e+06
1997.88	  3.04877e+06
1998.97	  3.04425e+06
2000.08	  3.03973e+06
2001.17	  3.03522e+06
2002.28	  3.03071e+06
2003.38	  3.02621e+06
2004.47	  3.02172e+06
2005.58	  3.01724e+06
2006.67	  3.01276e+06
2007.78	  3.00829e+06
2008.88	  3.00382e+06
2009.97	  2.99936e+06
2011.08	  2.99491e+06
2012.17	  2.99046e+06
2013.28	  2.98603e+06
2014.38	  2.98159e+06
2015.47	  2.97717e+06
2016.58	  2.97275e+06
2017.67	  2.96834e+06
2018.78	  2.96393e+06
2019.88	  2.95953e+06
2020.97	  2.95514e+06
2022.08	  2.95075e+06
2023.18	  2.94637e+06
2024.28	  2.942e+06
2025.38	  2.93764e+06
2026.47	  2.93328e+06
2027.58	  2.92892e+06
2028.68	  2.92458e+06
2029.78	  2.92024e+06
2030.88	  2.9159e+06
2031.97	  2.91158e+06
2033.08	  2.90725e+06
2034.18	  2.90294e+06
2035.28	  2.89863e+06
2036.38	  2.89433e+06
2037.47	  2.89004e+06
2038.58	  2.88575e+06
2039.68	  2.88146e+06
2040.78	  2.87719e+06
2041.88	  2.87292e+06
2042.97	  2.86866e+06
2044.08	  2.8644e+06
2045.18	  2.86015e+06
2046.28	  2.85591e+06
2047.38	  2.85167e+06
2048.47	  2.84744e+06
2049.57	  2.84321e+06
2050.68	  2.83899e+06
2051.78	  2.83478e+06
2052.88	  2.83058e+06
2053.97	  2.82638e+06
2055.07	  2.82218e+06
2056.18	  2.818e+06
2057.28	  2.81382e+06
2058.38	  2.80964e+06
2059.47	  2.80548e+06
2060.57	  2.80131e+06
2061.68	  2.79716e+06
2062.78	  2.79301e+06
2063.88	  2.78887e+06
2064.97	  2.78473e+06
2066.07	  2.7806e+06
2067.18	  2.77647e+06
2068.28	  2.77236e+06
2069.38	  2.76825e+06
2070.47	  2.76414e+06
2071.57	  2.76004e+06
2072.68	  2.75595e+06
2073.78	  2.75186e+06
2074.88	  2.74778e+06
2075.97	  2.7437e+06
2077.07	  2.73964e+06
2078.18	  2.73557e+06
2079.28	  2.73152e+06
2080.38	  2.72747e+06
2081.47	  2.72342e+06
2082.57	  2.71938e+06
2083.68	  2.71535e+06
2084.78	  2.71133e+06
2085.88	  2.70731e+06
2086.97	  2.70329e+06
2088.07	  2.69929e+06
2089.18	  2.69528e+06
2090.28	  2.69129e+06
2091.38	  2.6873e+06
2092.47	  2.68332e+06
2093.57	  2.67934e+06
2094.68	  2.67537e+06
2095.78	  2.6714e+06
2096.88	  2.66744e+06
2097.97	  2.66349e+06
2099.07	  2.65954e+06
2100.18	  2.6556e+06
2101.28	  2.65167e+06
2102.38	  2.64774e+06
2103.47	  2.64381e+06
2104.57	  2.63989e+06
2105.68	  2.63598e+06
2106.78	  2.63208e+06
2107.88	  2.62818e+06
2108.97	  2.62428e+06
2110.07	  2.6204e+06
2111.18	  2.61651e+06
2112.28	  2.61264e+06
2113.38	  2.60877e+06
2114.47	  2.6049e+06
2115.57	  2.60104e+06
2116.68	  2.59719e+06
2117.78	  2.59335e+06
2118.88	  2.5895e+06
2119.97	  2.58567e+06
2121.07	  2.58184e+06
2122.18	  2.57802e+06
2123.28	  2.5742e+06
2124.38	  2.57039e+06
2125.47	  2.56658e+06
2126.57	  2.56278e+06
2127.68	  2.55899e+06
2128.78	  2.5552e+06
2129.88	  2.55141e+06
2130.97	  2.54764e+06
2132.07	  2.54387e+06
2133.18	  2.5401e+06
2134.28	  2.53634e+06
2135.38	  2.53259e+06
2136.47	  2.52884e+06
2137.57	  2.52509e+06
2138.68	  2.52136e+06
2139.78	  2.51763e+06
2140.88	  2.5139e+06
2141.97	  2.51018e+06
2143.07	  2.50647e+06
2144.18	  2.50276e+06
2145.28	  2.49905e+06
2146.38	  2.49536e+06
2147.47	  2.49166e+06
2148.57	  2.48798e+06
2149.68	  2.4843e+06
2150.78	  2.48062e+06
2151.88	  2.47695e+06
2152.97	  2.47329e+06
2154.07	  2.46963e+06
2155.18	  2.46598e+06
2156.28	  2.46233e+06
2157.38	  2.45869e+06
2158.47	  2.45506e+06
2159.57	  2.45143e+06
2160.68	  2.4478e+06
2161.78	  2.44418e+06
2162.88	  2.44057e+06
2163.97	  2.43696e+06
2165.07	  2.43336e+06
2166.18	  2.42976e+06
2167.28	  2.42617e+06
2168.38	  2.42258e+06
2169.47	  2.419e+06
2170.57	  2.41543e+06
2171.68	  2.41186e+06
2172.78	  2.40829e+06
2173.88	  2.40473e+06
2174.97	  2.40118e+06
2176.07	  2.39763e+06
2177.18	  2.39409e+06
2178.28	  2.39055e+06
2179.38	  2.38702e+06
2180.47	  2.3835e+06
2181.57	  2.37998e+06
2182.68	  2.37646e+06
2183.78	  2.37295e+06
2184.88	  2.36945e+06
2185.97	  2.36595e+06
2187.07	  2.36245e+06
2188.18	  2.35897e+06
2189.28	  2.35548e+06
2190.38	  2.35201e+06
2191.47	  2.34853e+06
2192.57	  2.34507e+06
2193.68	  2.3416e+06
2194.78	  2.33815e+06
2195.88	  2.3347e+06
2196.97	  2.33125e+06
2198.07	  2.32781e+06
2199.18	  2.32438e+06
2200.28	  2.32095e+06
2201.38	  2.31752e+06
2202.47	  2.3141e+06
2203.57	  2.31069e+06
2204.68	  2.30728e+06
2205.78	  2.30388e+06
2206.88	  2.30048e+06
2207.97	  2.29708e+06
2209.07	  2.2937e+06
2210.18	  2.29031e+06
2211.28	  2.28694e+06
2212.38	  2.28356e+06
2213.47	  2.2802e+06
2214.57	  2.27683e+06
2215.68	  2.27348e+06
2216.78	  2.27013e+06
2217.88	  2.26678e+06
2218.97	  2.26344e+06
2220.07	  2.2601e+06
2221.18	  2.25677e+06
2222.28	  2.25345e+06
2223.38	  2.25012e+06
2224.47	  2.24681e+06
2225.57	  2.2435e+06
2226.68	  2.24019e+06
2227.78	  2.23689e+06
2228.88	  2.2336e+06
2229.97	  2.23031e+06
2231.07	  2.22702e+06
2232.18	  2.22374e+06
2233.28	  2.22047e+06
2234.38	  2.2172e+06
2235.47	  2.21393e+06
2236.57	  2.21067e+06
2237.68	  2.20742e+06
2238.78	  2.20417e+06
2239.88	  2.20093e+06
2240.97	  2.19769e+06
2242.07	  2.19445e+06
2243.18	  2.19122e+06
2244.28	  2.188e+06
2245.38	  2.18478e+06
2246.47	  2.18156e+06
2247.57	  2.17835e+06
2248.68	  2.17515e+06
2249.78	  2.17195e+06
2250.88	  2.16875e+06
2251.97	  2.16556e+06
2253.07	  2.16238e+06
2254.18	  2.1592e+06
2255.28	  2.15602e+06
2256.38	  2.15285e+06
2257.47	  2.14969e+06
2258.57	  2.14653e+06
2259.68	  2.14337e+06
2260.78	  2.14022e+06
2261.88	  2.13708e+06
2262.97	  2.13393e+06
2264.07	  2.1308e+06
2265.18	  2.12767e+06
2266.28	  2.12454e+06
2267.38	  2.12142e+06
2268.47	  2.1183e+06
2269.57	  2.11519e+06
2270.68	  2.11208e+06
2271.78	  2.10898e+06
2272.88	  2.10588e+06
2273.97	  2.10279e+06
2275.07	  2.0997e+06
2276.18	  2.09662e+06
2277.28	  2.09354e+06
2278.38	  2.09047e+06
2279.47	  2.0874e+06
2280.57	  1.95699e+06
2281.68	  1.9543e+06
2282.78	  1.95161e+06
2283.88	  1.94893e+06
2284.97	  1.94626e+06
2286.07	  1.94358e+06
2287.18	  1.94091e+06
2288.28	  1.93825e+06
2289.38	  1.93559e+06
2290.47	  1.93293e+06
2291.57	  1.93027e+06
2292.68	  1.92762e+06
2293.78	  1.92498e+06
2294.88	  1.92233e+06
2295.97	  1.91969e+06
2297.07	  1.91706e+06
2298.18	  1.91443e+06
2299.28	  1.9118e+06
2300.38	  1.90917e+06
2301.47	  1.90655e+06
2302.57	  1.90394e+06
2303.68	  1.90132e+06
2304.78	  1.89871e+06
2305.88	  1.89611e+06
2306.97	  1.89351e+06
2308.07	  1.89091e+06
2309.18	  1.88831e+06
2310.28	  1.88572e+06
2311.38	  1.88313e+06
2312.47	  1.88055e+06
2313.57	  1.87797e+06
2314.68	  1.87539e+06
2315.78	  1.87282e+06
2316.88	  1.87025e+06
2317.97	  1.86769e+06
2319.07	  1.86512e+06
2320.18	  1.86256e+06
2321.28	  1.86001e+06
2322.38	  1.85746e+06
2323.47	  1.85491e+06
2324.57	  1.85237e+06
2325.68	  1.84983e+06
2326.78	  1.84729e+06
2327.88	  1.84476e+06
2328.97	  1.84223e+06
2330.07	  1.8397e+06
2331.18	  1.83718e+06
2332.28	  1.83466e+06
2333.38	  1.83215e+06
2334.47	  1.82964e+06
2335.57	  1.82713e+06
2336.68	  1.82462e+06
2337.78	  1.82212e+06
2338.88	  1.81963e+06
2339.97	  1.81713e+06
2341.07	  1.81464e+06
2342.18	  1.81216e+06
2343.28	  1.80967e+06
2344.38	  1.80719e+06
2345.47	  1.80472e+06
2346.57	  1.80225e+06
2347.68	  1.79978e+06
2348.78	  1.79731e+06
2349.88	  1.79485e+06
2350.97	  1.79239e+06
2352.07	  1.78994e+06
2353.18	  1.78749e+06
2354.28	  1.78504e+06
2355.38	  1.78259e+06
2356.47	  1.78015e+06
2357.57	  1.77772e+06
2358.68	  1.77528e+06
2359.78	  1.77285e+06
2360.88	  1.77042e+06
2361.97	  1.768e+06
2363.07	  1.76558e+06
2364.18	  1.76316e+06
2365.28	  1.76075e+06
2366.38	  1.75834e+06
2367.47	  1.75594e+06
2368.57	  1.75353e+06
2369.68	  1.75113e+06
2370.78	  1.74874e+06
2371.88	  1.74634e+06
2372.97	  1.74396e+06
2374.07	  1.74157e+06
2375.18	  1.73919e+06
2376.28	  1.73681e+06
2377.38	  1.73443e+06
2378.47	  1.73206e+06
2379.57	  1.72969e+06
2380.68	  1.72733e+06
2381.78	  1.72497e+06
2382.88	  1.72261e+06
2383.97	  1.72025e+06
2385.07	  1.7179e+06
2386.18	  1.71555e+06
2387.28	  1.71321e+06
2388.38	  1.71086e+06
2389.47	  1.70853e+06
2390.57	  1.70619e+06
2391.68	  1.70386e+06
2392.78	  1.70153e+06
2393.88	  1.69921e+06
2394.97	  1.69688e+06
2396.07	  1.69457e+06
2397.18	  1.69225e+06
2398.28	  1.68994e+06
2399.38	  1.68763e+06
2400.47	  1.68533e+06
2401.57	  1.68302e+06
2402.68	  1.68072e+06
2403.78	  1.67843e+06
2404.88	  1.67614e+06
2405.97	  1.67385e+06
2407.07	  1.67156e+06
2408.18	  1.66928e+06
2409.28	  1.667e+06
2410.38	  1.66473e+06
2411.47	  1.66245e+06
2412.57	  1.66019e+06
2413.68	  1.65792e+06
2414.78	  1.65566e+06
2415.88	  1.6534e+06
2416.97	  1.65114e+06
2418.07	  1.64889e+06
2419.18	  1.64664e+06
2420.28	  1.64439e+06
2421.38	  1.64215e+06
2422.47	  1.63991e+06
2423.57	  1.63767e+06
2424.68	  1.63544e+06
2425.78	  1.63321e+06
2426.88	  1.63098e+06
2427.97	  1.62876e+06
2429.07	  1.62654e+06
2430.18	  1.62432e+06
2431.28	  1.62211e+06
2432.38	  1.61989e+06
2433.47	  1.61769e+06
2434.57	  1.61548e+06
2435.68	  1.61328e+06
2436.78	  1.61108e+06
2437.88	  1.60889e+06
2438.97	  1.60669e+06
2440.07	  1.6045e+06
2441.18	  1.60232e+06
2442.28	  1.60014e+06
2443.38	  1.59796e+06
2444.47	  1.59578e+06
2445.57	  1.59361e+06
2446.68	  1.59144e+06
2447.78	  1.58927e+06
2448.88	  1.58711e+06
2449.97	  1.58494e+06
2451.07	  1.58279e+06
2452.18	  1.58063e+06
2453.28	  1.57848e+06
2454.38	  1.57633e+06
2455.47	  1.57419e+06
2456.57	  1.57204e+06
2457.68	  1.5699e+06
2458.78	  1.56777e+06
2459.88	  1.56564e+06
2460.97	  1.56351e+06
2462.07	  1.56138e+06
2463.18	  1.55925e+06
2464.28	  1.55713e+06
2465.38	  1.55502e+06
2466.47	  1.5529e+06
2467.57	  1.55079e+06
2468.68	  1.54868e+06
2469.78	  1.54658e+06
2470.88	  1.54447e+06
2471.97	  1.54237e+06
2473.07	  1.54028e+06
2474.18	  1.53818e+06
2475.28	  1.53609e+06
2476.38	  1.53401e+06
2477.47	  1.53192e+06
