Emission arising from a slab of Hydrogen (both H and H-).
   
Parameters of the slab:
n_e = 7e+13 cm-3
T_e = 8750 K
tau(lambda=300 nm) = 0.75
L = 1.01224e+08 cm
   
Wavelength (nm), Emission (erg s-1 cm-2 nm-1 sr-1)
50	  2.00679
91.2	  6738.17
120	  283431
150	  2.74699e+06
175	  9.17385e+06
200	  2.14966e+07
225	  3.97017e+07
250	  6.21308e+07
270	  8.13546e+07
290	  1.00172e+08
300	  1.0903e+08
305	  1.13263e+08
310	  1.17345e+08
315	  1.21265e+08
320	  1.25011e+08
322.5	  1.26816e+08
325	  1.28575e+08
327	  1.29947e+08
329	  1.31288e+08
329.999	  1.31946e+08
330.266	  1.32121e+08
330.533	  1.32295e+08
330.8	  1.32469e+08
331.067	  1.32641e+08
331.334	  1.32814e+08
331.601	  1.32985e+08
331.868	  1.33157e+08
332.135	  1.33327e+08
332.402	  1.33497e+08
332.669	  1.33667e+08
332.936	  1.33836e+08
333.203	  1.34004e+08
333.47	  1.34172e+08
333.737	  1.34339e+08
334.004	  1.34506e+08
334.271	  1.34672e+08
334.538	  1.34837e+08
334.805	  1.35002e+08
335.072	  1.35166e+08
335.339	  1.3533e+08
335.606	  1.35493e+08
335.873	  1.35656e+08
336.14	  1.35817e+08
336.407	  1.35979e+08
336.674	  1.3614e+08
336.941	  1.363e+08
337.208	  1.3646e+08
337.475	  1.36619e+08
337.742	  1.36777e+08
338.009	  1.36935e+08
338.276	  1.37092e+08
338.543	  1.37249e+08
338.81	  1.37405e+08
339.077	  1.37561e+08
339.344	  1.37715e+08
339.611	  1.3787e+08
339.878	  1.38024e+08
340.145	  1.38177e+08
340.412	  1.38329e+08
340.679	  1.38481e+08
340.946	  1.38633e+08
341.213	  1.38783e+08
341.48	  1.38934e+08
341.747	  1.39083e+08
342.014	  1.39232e+08
342.281	  1.39381e+08
342.548	  1.39529e+08
342.815	  1.39676e+08
343.082	  1.39822e+08
343.349	  1.39969e+08
343.616	  1.40114e+08
343.883	  1.40259e+08
344.15	  1.40403e+08
344.417	  1.40547e+08
344.684	  1.4069e+08
344.951	  1.40832e+08
345.218	  1.40974e+08
345.485	  1.41115e+08
345.752	  1.41256e+08
346.019	  1.41396e+08
346.286	  1.41536e+08
346.553	  1.41674e+08
346.82	  1.41813e+08
347.087	  1.4195e+08
347.354	  1.42087e+08
347.621	  1.42224e+08
347.888	  1.4236e+08
348.155	  1.42495e+08
348.422	  1.4263e+08
348.689	  1.42764e+08
348.956	  1.42897e+08
349.223	  1.4303e+08
349.49	  1.43162e+08
349.757	  1.43294e+08
350.024	  1.43425e+08
350.291	  1.43555e+08
350.558	  1.43685e+08
350.825	  1.43814e+08
351.092	  1.43943e+08
351.359	  1.44071e+08
351.626	  1.44198e+08
351.893	  1.44325e+08
352.16	  1.44451e+08
352.427	  1.44577e+08
352.694	  1.44702e+08
352.961	  1.44826e+08
353.228	  1.4495e+08
353.495	  1.45073e+08
353.762	  1.45196e+08
354.029	  1.45318e+08
354.296	  1.45439e+08
354.563	  1.4556e+08
354.83	  1.4568e+08
355.097	  1.458e+08
355.364	  1.45919e+08
355.631	  1.46037e+08
355.898	  1.46155e+08
356.165	  1.46272e+08
356.432	  1.46389e+08
356.699	  1.46505e+08
356.966	  1.4662e+08
357.233	  1.46735e+08
357.5	  1.46849e+08
357.767	  1.46962e+08
358.034	  1.47075e+08
358.301	  1.47188e+08
358.568	  1.47299e+08
358.835	  1.4741e+08
359.102	  1.47521e+08
359.369	  1.47631e+08
359.636	  1.4774e+08
359.903	  1.47849e+08
360.17	  1.47957e+08
360.437	  1.48064e+08
360.704	  1.48171e+08
360.971	  1.48278e+08
361.238	  1.48383e+08
361.505	  1.48488e+08
361.772	  1.48593e+08
362.039	  1.48697e+08
362.306	  1.488e+08
362.573	  1.48903e+08
363	  1.49066e+08
363.027	  1.49076e+08
363.054	  1.49086e+08
363.08	  1.49096e+08
363.107	  1.49106e+08
363.134	  1.49116e+08
363.16	  1.49126e+08
363.187	  1.49136e+08
363.214	  1.49147e+08
363.24	  1.49157e+08
363.267	  1.49167e+08
363.294	  1.49177e+08
363.321	  1.49187e+08
363.347	  1.49197e+08
363.374	  1.49207e+08
363.401	  1.49217e+08
363.427	  1.49227e+08
363.454	  1.49237e+08
363.481	  1.49247e+08
363.508	  1.49257e+08
363.534	  1.49267e+08
363.561	  1.49277e+08
363.588	  1.49287e+08
363.614	  1.49297e+08
363.641	  1.49307e+08
363.668	  1.49317e+08
363.694	  1.49327e+08
363.721	  1.49337e+08
363.748	  1.49347e+08
363.774	  1.49357e+08
363.801	  1.49367e+08
363.828	  1.49377e+08
363.855	  1.49387e+08
363.881	  1.49397e+08
363.908	  1.49407e+08
363.935	  1.49417e+08
363.961	  1.49427e+08
363.988	  1.49437e+08
364.015	  1.49447e+08
364.041	  1.49457e+08
364.068	  1.49467e+08
364.095	  1.49476e+08
364.122	  1.49486e+08
364.148	  1.49496e+08
364.175	  1.49506e+08
364.202	  1.49516e+08
364.228	  1.49526e+08
364.255	  1.49536e+08
364.282	  1.49546e+08
364.308	  1.49555e+08
364.335	  1.49565e+08
364.362	  1.49575e+08
364.389	  1.49585e+08
364.415	  1.49595e+08
364.442	  1.49605e+08
364.469	  1.49614e+08
364.495	  1.49624e+08
364.522	  1.49634e+08
364.549	  1.49644e+08
364.575	  1.49654e+08
364.602	  1.49663e+08
364.629	  1.49673e+08
364.656	  1.49683e+08
364.682	  1.49693e+08
364.709	  1.49703e+08
364.736	  1.17891e+07
364.762	  1.1791e+07
364.789	  1.17928e+07
364.816	  1.17946e+07
364.842	  1.17964e+07
364.869	  1.17982e+07
364.896	  1.18e+07
364.923	  1.18018e+07
364.949	  1.18036e+07
364.976	  1.18054e+07
365.003	  1.18072e+07
365.029	  1.1809e+07
365.056	  1.18108e+07
365.083	  1.18127e+07
365.11	  1.18145e+07
365.136	  1.18163e+07
365.163	  1.18181e+07
365.19	  1.18199e+07
365.216	  1.18217e+07
365.243	  1.18235e+07
365.27	  1.18253e+07
365.296	  1.18271e+07
365.323	  1.18289e+07
365.35	  1.18307e+07
365.377	  1.18325e+07
365.403	  1.18343e+07
365.43	  1.18361e+07
365.457	  1.18379e+07
365.483	  1.18398e+07
365.51	  1.18416e+07
365.537	  1.18434e+07
365.563	  1.18452e+07
365.59	  1.1847e+07
365.617	  1.18488e+07
365.643	  1.18506e+07
365.67	  1.18524e+07
365.697	  1.18542e+07
365.724	  1.1856e+07
365.75	  1.18578e+07
365.777	  1.18596e+07
365.804	  1.18614e+07
365.83	  1.18632e+07
365.857	  1.1865e+07
365.884	  1.18668e+07
365.91	  1.18686e+07
365.937	  1.18704e+07
365.964	  1.18722e+07
365.991	  1.1874e+07
365.991	  1.1874e+07
366.258	  1.1892e+07
366.525	  1.19101e+07
366.792	  1.19281e+07
367.059	  1.1946e+07
367.326	  1.1964e+07
367.593	  1.19819e+07
367.86	  1.19999e+07
368.127	  1.20178e+07
368.394	  1.20357e+07
368.661	  1.20536e+07
368.928	  1.20715e+07
369.195	  1.20894e+07
369.462	  1.21072e+07
369.729	  1.21251e+07
369.996	  1.21429e+07
370.263	  1.21607e+07
370.53	  1.21785e+07
370.797	  1.21963e+07
371.064	  1.2214e+07
371.331	  1.22318e+07
371.598	  1.22495e+07
371.865	  1.22673e+07
372.132	  1.2285e+07
372.399	  1.23027e+07
372.666	  1.23203e+07
372.933	  1.2338e+07
373.2	  1.23556e+07
373.467	  1.23733e+07
373.734	  1.23909e+07
374.001	  1.24085e+07
374.268	  1.24261e+07
374.535	  1.24437e+07
374.802	  1.24612e+07
375.069	  1.24788e+07
375.336	  1.24963e+07
375.603	  1.25138e+07
375.87	  1.25313e+07
376.137	  1.25488e+07
376.404	  1.25663e+07
376.671	  1.25837e+07
376.938	  1.26012e+07
377.205	  1.26186e+07
377.472	  1.2636e+07
377.739	  1.26534e+07
378.006	  1.26707e+07
378.273	  1.26881e+07
378.54	  1.27055e+07
378.807	  1.27228e+07
379.074	  1.27401e+07
379.341	  1.27574e+07
379.608	  1.27747e+07
379.875	  1.27919e+07
380.142	  1.28092e+07
380.409	  1.28264e+07
380.676	  1.28436e+07
380.943	  1.28608e+07
381.21	  1.2878e+07
381.477	  1.28952e+07
381.744	  1.29123e+07
382.011	  1.29295e+07
382.278	  1.29466e+07
382.545	  1.29637e+07
382.812	  1.29808e+07
383.079	  1.29979e+07
383.346	  1.30149e+07
383.613	  1.30319e+07
383.88	  1.3049e+07
384.147	  1.3066e+07
384.414	  1.3083e+07
384.681	  1.30999e+07
384.948	  1.31169e+07
385.215	  1.31338e+07
385.482	  1.31508e+07
385.749	  1.31677e+07
386.016	  1.31845e+07
386.283	  1.32014e+07
386.55	  1.32183e+07
386.817	  1.32351e+07
387.084	  1.32519e+07
387.351	  1.32687e+07
387.618	  1.32855e+07
387.885	  1.33023e+07
388.152	  1.33191e+07
388.419	  1.33358e+07
388.686	  1.33525e+07
388.953	  1.33692e+07
389.22	  1.33859e+07
389.487	  1.34026e+07
389.754	  1.34192e+07
390.021	  1.34359e+07
390.288	  1.34525e+07
390.555	  1.34691e+07
390.822	  1.34857e+07
391.089	  1.35022e+07
391.356	  1.35188e+07
391.623	  1.35353e+07
391.89	  1.35518e+07
392.157	  1.35683e+07
392.424	  1.35848e+07
392.691	  1.36012e+07
392.958	  1.36177e+07
393.225	  1.36341e+07
393.492	  1.36505e+07
393.759	  1.36669e+07
394.026	  1.36833e+07
394.293	  1.36996e+07
394.56	  1.3716e+07
394.827	  1.37323e+07
395.094	  1.37486e+07
395.361	  1.37649e+07
395.628	  1.37812e+07
395.895	  1.37974e+07
396.162	  1.38136e+07
396.429	  1.38298e+07
396.696	  1.3846e+07
396.963	  1.38622e+07
397.23	  1.38784e+07
397.497	  1.38945e+07
397.764	  1.39106e+07
398.031	  1.39267e+07
398.298	  1.39428e+07
398.565	  1.39589e+07
398.832	  1.39749e+07
399.099	  1.3991e+07
399.366	  1.4007e+07
399.633	  1.4023e+07
399.9	  1.4039e+07
400.167	  1.40549e+07
400.434	  1.40709e+07
400.701	  1.40868e+07
400.968	  1.41027e+07
401.235	  1.41186e+07
401.502	  1.41344e+07
401.769	  1.41503e+07
402.036	  1.41661e+07
402.303	  1.41819e+07
402.57	  1.41977e+07
402.837	  1.42135e+07
403.104	  1.42293e+07
403.371	  1.4245e+07
403.638	  1.42607e+07
403.905	  1.42764e+07
404.172	  1.42921e+07
404.439	  1.43078e+07
404.706	  1.43234e+07
404.973	  1.4339e+07
405.24	  1.43546e+07
405.507	  1.43702e+07
405.774	  1.43858e+07
406.041	  1.44014e+07
406.308	  1.44169e+07
406.575	  1.44324e+07
406.842	  1.44479e+07
407.109	  1.44634e+07
407.376	  1.44788e+07
407.643	  1.44943e+07
407.91	  1.45097e+07
408.177	  1.45251e+07
408.444	  1.45405e+07
408.711	  1.45558e+07
408.978	  1.45712e+07
409.245	  1.45865e+07
409.512	  1.46018e+07
409.779	  1.46171e+07
410.046	  1.46324e+07
410.313	  1.46476e+07
410.58	  1.46628e+07
410.847	  1.4678e+07
411.114	  1.46932e+07
411.381	  1.47084e+07
411.648	  1.47236e+07
411.915	  1.47387e+07
412.182	  1.47538e+07
412.449	  1.47689e+07
412.716	  1.4784e+07
412.983	  1.4799e+07
413.25	  1.48141e+07
413.517	  1.48291e+07
413.784	  1.48441e+07
414.051	  1.48591e+07
414.318	  1.4874e+07
414.585	  1.4889e+07
414.852	  1.49039e+07
415.119	  1.49188e+07
415.386	  1.49337e+07
415.653	  1.49485e+07
415.92	  1.49634e+07
416.187	  1.49782e+07
416.454	  1.4993e+07
416.721	  1.50078e+07
416.988	  1.50226e+07
417.255	  1.50373e+07
417.522	  1.5052e+07
417.789	  1.50667e+07
418.056	  1.50814e+07
418.323	  1.50961e+07
418.59	  1.51107e+07
418.857	  1.51254e+07
419.124	  1.514e+07
419.391	  1.51546e+07
419.658	  1.51691e+07
419.925	  1.51837e+07
420.192	  1.51982e+07
420.459	  1.52127e+07
420.726	  1.52272e+07
420.993	  1.52417e+07
421.26	  1.52561e+07
421.527	  1.52706e+07
421.794	  1.5285e+07
422.061	  1.52994e+07
422.328	  1.53137e+07
422.595	  1.53281e+07
422.862	  1.53424e+07
423.129	  1.53567e+07
423.396	  1.5371e+07
423.663	  1.53853e+07
423.93	  1.53996e+07
424.197	  1.54138e+07
424.464	  1.5428e+07
424.731	  1.54422e+07
424.998	  1.54564e+07
425.265	  1.54705e+07
425.532	  1.54846e+07
425.799	  1.54988e+07
426.066	  1.55129e+07
426.333	  1.55269e+07
426.6	  1.5541e+07
426.867	  1.5555e+07
427.134	  1.5569e+07
427.401	  1.5583e+07
427.668	  1.5597e+07
427.935	  1.56109e+07
428.202	  1.56249e+07
428.469	  1.56388e+07
428.736	  1.56527e+07
429.003	  1.56666e+07
429.27	  1.56804e+07
429.537	  1.56942e+07
429.804	  1.57081e+07
430.071	  1.57219e+07
430.338	  1.57356e+07
430.605	  1.57494e+07
430.872	  1.57631e+07
431.139	  1.57768e+07
431.406	  1.57905e+07
431.673	  1.58042e+07
431.94	  1.58178e+07
432.207	  1.58315e+07
432.474	  1.58451e+07
432.741	  1.58587e+07
433.008	  1.58722e+07
433.275	  1.58858e+07
433.542	  1.58993e+07
433.809	  1.59128e+07
434.076	  1.59263e+07
434.343	  1.59398e+07
434.61	  1.59532e+07
434.877	  1.59667e+07
435.144	  1.59801e+07
435.411	  1.59935e+07
435.678	  1.60068e+07
435.945	  1.60202e+07
436.212	  1.60335e+07
436.479	  1.60468e+07
436.746	  1.60601e+07
437.013	  1.60734e+07
437.28	  1.60866e+07
437.547	  1.60998e+07
437.814	  1.61131e+07
438.081	  1.61262e+07
438.348	  1.61394e+07
438.615	  1.61525e+07
438.882	  1.61657e+07
439.149	  1.61788e+07
439.416	  1.61919e+07
439.683	  1.62049e+07
439.95	  1.6218e+07
440.217	  1.6231e+07
440.484	  1.6244e+07
440.751	  1.6257e+07
441.018	  1.62699e+07
441.285	  1.62829e+07
441.552	  1.62958e+07
441.819	  1.63087e+07
442.086	  1.63216e+07
442.353	  1.63344e+07
442.62	  1.63473e+07
442.887	  1.63601e+07
443.154	  1.63729e+07
443.421	  1.63857e+07
443.688	  1.63984e+07
443.955	  1.64112e+07
444.222	  1.64239e+07
444.489	  1.64366e+07
444.756	  1.64493e+07
445.023	  1.64619e+07
445.29	  1.64745e+07
445.557	  1.64872e+07
445.824	  1.64998e+07
446.091	  1.65123e+07
446.358	  1.65249e+07
446.625	  1.65374e+07
446.892	  1.65499e+07
447.159	  1.65624e+07
447.426	  1.65749e+07
447.693	  1.65873e+07
447.96	  1.65998e+07
448.227	  1.66122e+07
448.494	  1.66246e+07
448.761	  1.66369e+07
449.028	  1.66493e+07
449.295	  1.66616e+07
449.562	  1.66739e+07
449.829	  1.66862e+07
450.096	  1.66985e+07
450.363	  1.67107e+07
450.63	  1.67229e+07
450.897	  1.67351e+07
451.164	  1.67473e+07
451.431	  1.67595e+07
451.698	  1.67716e+07
451.965	  1.67838e+07
452.232	  1.67959e+07
452.499	  1.68079e+07
452.766	  1.682e+07
453.033	  1.6832e+07
453.3	  1.68441e+07
453.567	  1.68561e+07
453.834	  1.6868e+07
454.101	  1.688e+07
454.368	  1.68919e+07
454.635	  1.69039e+07
454.902	  1.69158e+07
455.169	  1.69276e+07
455.436	  1.69395e+07
455.703	  1.69513e+07
455.97	  1.69631e+07
456.237	  1.69749e+07
456.504	  1.69867e+07
456.771	  1.69985e+07
457.038	  1.70102e+07
457.305	  1.70219e+07
457.572	  1.70336e+07
457.839	  1.70453e+07
458.106	  1.70569e+07
458.373	  1.70686e+07
458.64	  1.70802e+07
458.907	  1.70918e+07
459.174	  1.71033e+07
459.441	  1.71149e+07
459.708	  1.71264e+07
459.975	  1.71379e+07
460.242	  1.71494e+07
460.509	  1.71609e+07
460.776	  1.71723e+07
461.043	  1.71837e+07
461.31	  1.71951e+07
461.577	  1.72065e+07
461.844	  1.72179e+07
462.111	  1.72292e+07
462.378	  1.72406e+07
462.645	  1.72519e+07
462.912	  1.72632e+07
463.179	  1.72744e+07
463.446	  1.72857e+07
463.713	  1.72969e+07
463.98	  1.73081e+07
464.247	  1.73193e+07
464.514	  1.73304e+07
464.781	  1.73416e+07
465.048	  1.73527e+07
465.315	  1.73638e+07
465.582	  1.73749e+07
465.849	  1.73859e+07
466.116	  1.7397e+07
466.383	  1.7408e+07
466.65	  1.7419e+07
466.917	  1.74299e+07
467.184	  1.74409e+07
467.451	  1.74518e+07
467.718	  1.74628e+07
467.985	  1.74736e+07
468.252	  1.74845e+07
468.519	  1.74954e+07
468.786	  1.75062e+07
469.053	  1.7517e+07
469.32	  1.75278e+07
469.587	  1.75386e+07
469.854	  1.75493e+07
470.121	  1.75601e+07
470.388	  1.75708e+07
470.655	  1.75815e+07
470.922	  1.75921e+07
471.189	  1.76028e+07
471.456	  1.76134e+07
471.723	  1.7624e+07
471.99	  1.76346e+07
472.257	  1.76452e+07
472.524	  1.76557e+07
472.791	  1.76663e+07
473.058	  1.76768e+07
473.325	  1.76873e+07
473.592	  1.76977e+07
473.859	  1.77082e+07
474.126	  1.77186e+07
474.393	  1.7729e+07
474.66	  1.77394e+07
474.927	  1.77498e+07
475.194	  1.77601e+07
475.461	  1.77704e+07
475.728	  1.77808e+07
475.995	  1.7791e+07
476.262	  1.78013e+07
476.529	  1.78116e+07
476.796	  1.78218e+07
477.063	  1.7832e+07
477.33	  1.78422e+07
477.597	  1.78523e+07
477.864	  1.78625e+07
478.131	  1.78726e+07
478.398	  1.78827e+07
478.665	  1.78928e+07
478.932	  1.79028e+07
479.199	  1.79129e+07
479.466	  1.79229e+07
479.733	  1.79329e+07
480	  1.79429e+07
480.267	  1.79529e+07
480.534	  1.79628e+07
480.801	  1.79727e+07
481.068	  1.79826e+07
481.335	  1.79925e+07
481.602	  1.80024e+07
481.869	  1.80122e+07
482.136	  1.8022e+07
482.403	  1.80318e+07
482.67	  1.80416e+07
482.937	  1.80514e+07
483.204	  1.80611e+07
483.471	  1.80708e+07
483.738	  1.80806e+07
484.005	  1.80902e+07
484.272	  1.80999e+07
484.539	  1.81095e+07
484.806	  1.81192e+07
485.073	  1.81288e+07
485.34	  1.81383e+07
485.607	  1.81479e+07
485.874	  1.81574e+07
486.141	  1.8167e+07
486.408	  1.81765e+07
486.675	  1.81859e+07
486.942	  1.81954e+07
487.209	  1.82049e+07
487.476	  1.82143e+07
487.743	  1.82237e+07
488.01	  1.82331e+07
488.277	  1.82424e+07
488.544	  1.82518e+07
488.811	  1.82611e+07
489.078	  1.82704e+07
489.345	  1.82797e+07
489.612	  1.82889e+07
489.879	  1.82982e+07
490.146	  1.83074e+07
490.413	  1.83166e+07
490.68	  1.83258e+07
490.947	  1.83349e+07
491.214	  1.83441e+07
491.481	  1.83532e+07
491.748	  1.83623e+07
492.015	  1.83714e+07
492.282	  1.83805e+07
492.549	  1.83895e+07
492.816	  1.83985e+07
493.083	  1.84075e+07
493.35	  1.84165e+07
493.617	  1.84255e+07
493.884	  1.84344e+07
494.151	  1.84434e+07
494.418	  1.84523e+07
494.685	  1.84612e+07
494.952	  1.847e+07
495.219	  1.84789e+07
495.486	  1.84877e+07
495.753	  1.84965e+07
496.02	  1.85053e+07
496.287	  1.85141e+07
496.554	  1.85228e+07
496.821	  1.85316e+07
497.088	  1.85403e+07
497.355	  1.8549e+07
497.622	  1.85576e+07
497.889	  1.85663e+07
498.156	  1.85749e+07
498.423	  1.85835e+07
498.69	  1.85921e+07
498.957	  1.86007e+07
499.224	  1.86092e+07
499.491	  1.86178e+07
499.758	  1.86263e+07
500.025	  1.86348e+07
500.292	  1.86433e+07
500.559	  1.86517e+07
500.826	  1.86602e+07
501.093	  1.86686e+07
501.36	  1.8677e+07
501.627	  1.86854e+07
501.894	  1.86937e+07
502.161	  1.87021e+07
502.428	  1.87104e+07
502.695	  1.87187e+07
502.962	  1.8727e+07
503.229	  1.87352e+07
503.496	  1.87435e+07
503.763	  1.87517e+07
504.03	  1.87599e+07
504.297	  1.87681e+07
504.564	  1.87763e+07
504.831	  1.87844e+07
505.098	  1.87925e+07
505.365	  1.88006e+07
505.632	  1.88087e+07
505.899	  1.88168e+07
506.166	  1.88248e+07
506.433	  1.88329e+07
506.7	  1.88409e+07
506.967	  1.88489e+07
507.234	  1.88569e+07
507.501	  1.88648e+07
507.768	  1.88728e+07
508.035	  1.88807e+07
508.302	  1.88886e+07
508.569	  1.88964e+07
508.836	  1.89043e+07
509.103	  1.89121e+07
509.37	  1.892e+07
509.637	  1.89278e+07
509.904	  1.89356e+07
510.171	  1.89433e+07
510.438	  1.89511e+07
510.705	  1.89588e+07
510.972	  1.89665e+07
511.239	  1.89742e+07
511.506	  1.89819e+07
511.773	  1.89895e+07
512.04	  1.89971e+07
512.307	  1.90047e+07
512.574	  1.90123e+07
512.841	  1.90199e+07
513.108	  1.90275e+07
513.375	  1.9035e+07
513.642	  1.90425e+07
513.909	  1.905e+07
514.176	  1.90575e+07
514.443	  1.9065e+07
514.71	  1.90724e+07
514.977	  1.90798e+07
515.244	  1.90872e+07
515.511	  1.90946e+07
515.778	  1.9102e+07
516.045	  1.91093e+07
516.312	  1.91167e+07
516.579	  1.9124e+07
516.846	  1.91313e+07
517.113	  1.91385e+07
517.38	  1.91458e+07
517.647	  1.9153e+07
517.914	  1.91602e+07
518.181	  1.91674e+07
518.448	  1.91746e+07
518.715	  1.91818e+07
518.982	  1.91889e+07
519.249	  1.9196e+07
519.516	  1.92032e+07
519.783	  1.92102e+07
520.05	  1.92173e+07
520.317	  1.92244e+07
520.584	  1.92314e+07
520.851	  1.92384e+07
521.118	  1.92454e+07
521.385	  1.92524e+07
521.652	  1.92593e+07
521.919	  1.92663e+07
522.186	  1.92732e+07
522.453	  1.92801e+07
522.72	  1.9287e+07
522.987	  1.92938e+07
523.254	  1.93007e+07
523.521	  1.93075e+07
523.788	  1.93143e+07
524.055	  1.93211e+07
524.322	  1.93279e+07
524.589	  1.93346e+07
524.856	  1.93414e+07
525.123	  1.93481e+07
525.39	  1.93548e+07
525.657	  1.93615e+07
525.924	  1.93681e+07
526.191	  1.93748e+07
526.458	  1.93814e+07
526.725	  1.9388e+07
526.992	  1.93946e+07
527.259	  1.94012e+07
527.526	  1.94077e+07
527.793	  1.94143e+07
528.06	  1.94208e+07
528.327	  1.94273e+07
528.594	  1.94338e+07
528.861	  1.94402e+07
529.128	  1.94467e+07
529.395	  1.94531e+07
529.662	  1.94595e+07
529.929	  1.94659e+07
530.196	  1.94723e+07
530.463	  1.94786e+07
530.73	  1.9485e+07
530.997	  1.94913e+07
531.264	  1.94976e+07
531.531	  1.95039e+07
531.798	  1.95101e+07
532.065	  1.95164e+07
532.332	  1.95226e+07
532.599	  1.95288e+07
532.866	  1.9535e+07
533.133	  1.95412e+07
533.4	  1.95473e+07
533.667	  1.95535e+07
533.934	  1.95596e+07
534.201	  1.95657e+07
534.468	  1.95718e+07
534.735	  1.95778e+07
535.002	  1.95839e+07
535.269	  1.95899e+07
535.536	  1.95959e+07
535.803	  1.96019e+07
536.07	  1.96079e+07
536.337	  1.96139e+07
536.604	  1.96198e+07
536.871	  1.96257e+07
537.138	  1.96316e+07
537.405	  1.96375e+07
537.672	  1.96434e+07
537.939	  1.96493e+07
538.206	  1.96551e+07
538.473	  1.96609e+07
538.74	  1.96667e+07
539.007	  1.96725e+07
539.274	  1.96783e+07
539.541	  1.9684e+07
539.808	  1.96897e+07
540.075	  1.96955e+07
540.342	  1.97012e+07
540.609	  1.97068e+07
540.876	  1.97125e+07
541.143	  1.97181e+07
541.41	  1.97238e+07
541.677	  1.97294e+07
541.944	  1.9735e+07
542.211	  1.97405e+07
542.478	  1.97461e+07
542.745	  1.97516e+07
543.012	  1.97572e+07
543.279	  1.97627e+07
543.546	  1.97682e+07
543.813	  1.97736e+07
544.08	  1.97791e+07
544.347	  1.97845e+07
544.614	  1.97899e+07
544.881	  1.97953e+07
545.148	  1.98007e+07
545.415	  1.98061e+07
545.682	  1.98114e+07
545.949	  1.98168e+07
546.216	  1.98221e+07
546.483	  1.98274e+07
546.75	  1.98327e+07
547.017	  1.98379e+07
547.284	  1.98432e+07
547.551	  1.98484e+07
547.818	  1.98536e+07
548.085	  1.98588e+07
548.352	  1.9864e+07
548.619	  1.98691e+07
548.886	  1.98743e+07
549.153	  1.98794e+07
549.42	  1.98845e+07
549.687	  1.98896e+07
549.954	  1.98947e+07
550.221	  1.98997e+07
550.488	  1.99048e+07
550.755	  1.99098e+07
551.022	  1.99148e+07
551.289	  1.99198e+07
551.556	  1.99248e+07
551.823	  1.99297e+07
552.09	  1.99347e+07
552.357	  1.99396e+07
552.624	  1.99445e+07
552.891	  1.99494e+07
553.158	  1.99543e+07
553.425	  1.99591e+07
553.692	  1.9964e+07
553.959	  1.99688e+07
554.226	  1.99736e+07
554.493	  1.99784e+07
554.76	  1.99832e+07
555.027	  1.99879e+07
555.294	  1.99927e+07
555.561	  1.99974e+07
555.828	  2.00021e+07
556.095	  2.00068e+07
556.362	  2.00115e+07
556.629	  2.00161e+07
556.896	  2.00208e+07
557.163	  2.00254e+07
557.43	  2.003e+07
557.697	  2.00346e+07
557.964	  2.00391e+07
558.231	  2.00437e+07
558.498	  2.00482e+07
558.765	  2.00528e+07
559.032	  2.00573e+07
559.299	  2.00618e+07
559.566	  2.00662e+07
560.009	  2.00736e+07
560.296	  2.00784e+07
560.583	  2.00831e+07
560.87	  2.00879e+07
561.157	  2.00926e+07
561.444	  2.00973e+07
561.731	  2.01019e+07
562.018	  2.01066e+07
562.305	  2.01112e+07
562.592	  2.01158e+07
562.879	  2.01204e+07
563.166	  2.0125e+07
563.453	  2.01296e+07
563.74	  2.01341e+07
564.027	  2.01386e+07
564.314	  2.01431e+07
564.601	  2.01476e+07
564.888	  2.01521e+07
565.175	  2.01565e+07
565.462	  2.01609e+07
565.749	  2.01653e+07
566.036	  2.01697e+07
566.323	  2.01741e+07
566.61	  2.01784e+07
566.897	  2.01828e+07
567.184	  2.01871e+07
567.471	  2.01914e+07
567.758	  2.01957e+07
568.045	  2.01999e+07
568.332	  2.02042e+07
568.619	  2.02084e+07
568.906	  2.02126e+07
569.193	  2.02168e+07
569.48	  2.02209e+07
569.767	  2.02251e+07
570.054	  2.02292e+07
570.341	  2.02333e+07
570.628	  2.02374e+07
570.915	  2.02415e+07
571.202	  2.02456e+07
571.489	  2.02496e+07
571.776	  2.02536e+07
572.063	  2.02576e+07
572.35	  2.02616e+07
572.637	  2.02656e+07
572.924	  2.02695e+07
573.211	  2.02735e+07
573.498	  2.02774e+07
573.785	  2.02813e+07
574.072	  2.02852e+07
574.359	  2.0289e+07
574.646	  2.02929e+07
574.933	  2.02967e+07
575.22	  2.03005e+07
575.507	  2.03043e+07
575.794	  2.03081e+07
576.081	  2.03118e+07
576.368	  2.03155e+07
576.655	  2.03193e+07
576.942	  2.0323e+07
577.229	  2.03266e+07
577.516	  2.03303e+07
577.803	  2.0334e+07
578.09	  2.03376e+07
578.377	  2.03412e+07
578.664	  2.03448e+07
578.951	  2.03484e+07
579.238	  2.03519e+07
579.525	  2.03555e+07
579.812	  2.0359e+07
580.099	  2.03625e+07
580.386	  2.0366e+07
580.673	  2.03695e+07
580.96	  2.03729e+07
581.247	  2.03763e+07
581.534	  2.03798e+07
581.821	  2.03832e+07
582.108	  2.03865e+07
582.395	  2.03899e+07
582.682	  2.03933e+07
582.969	  2.03966e+07
583.256	  2.03999e+07
583.543	  2.04032e+07
583.83	  2.04065e+07
584.117	  2.04097e+07
584.404	  2.0413e+07
584.691	  2.04162e+07
584.978	  2.04194e+07
585.265	  2.04226e+07
585.552	  2.04258e+07
585.839	  2.04289e+07
586.126	  2.04321e+07
586.413	  2.04352e+07
586.7	  2.04383e+07
586.987	  2.04414e+07
587.274	  2.04445e+07
587.561	  2.04475e+07
587.848	  2.04506e+07
588.135	  2.04536e+07
588.422	  2.04566e+07
588.709	  2.04596e+07
588.996	  2.04626e+07
589.283	  2.04655e+07
589.57	  2.04685e+07
589.857	  2.04714e+07
590.144	  2.04743e+07
590.431	  2.04772e+07
590.718	  2.048e+07
591.005	  2.04829e+07
591.292	  2.04857e+07
591.579	  2.04886e+07
591.866	  2.04914e+07
592.153	  2.04941e+07
592.44	  2.04969e+07
592.727	  2.04997e+07
593.014	  2.05024e+07
593.301	  2.05051e+07
593.588	  2.05078e+07
593.875	  2.05105e+07
594.162	  2.05132e+07
594.449	  2.05158e+07
594.736	  2.05185e+07
595.023	  2.05211e+07
595.31	  2.05237e+07
595.597	  2.05263e+07
595.884	  2.05289e+07
596.171	  2.05314e+07
596.458	  2.0534e+07
596.745	  2.05365e+07
597.032	  2.0539e+07
597.319	  2.05415e+07
597.606	  2.05439e+07
597.893	  2.05464e+07
598.18	  2.05488e+07
598.467	  2.05513e+07
598.754	  2.05537e+07
599.041	  2.05561e+07
599.328	  2.05584e+07
599.615	  2.05608e+07
599.902	  2.05631e+07
600.189	  2.05655e+07
600.476	  2.05678e+07
600.763	  2.05701e+07
601.05	  2.05724e+07
601.337	  2.05746e+07
601.624	  2.05769e+07
601.911	  2.05791e+07
602.198	  2.05813e+07
602.485	  2.05835e+07
602.772	  2.05857e+07
603.059	  2.05879e+07
603.346	  2.059e+07
603.633	  2.05921e+07
603.92	  2.05943e+07
604.207	  2.05964e+07
604.494	  2.05985e+07
604.781	  2.06005e+07
605.068	  2.06026e+07
605.355	  2.06046e+07
605.642	  2.06066e+07
605.929	  2.06087e+07
606.216	  2.06106e+07
606.503	  2.06126e+07
606.79	  2.06146e+07
607.077	  2.06165e+07
607.364	  2.06185e+07
607.651	  2.06204e+07
607.938	  2.06223e+07
608.225	  2.06242e+07
608.512	  2.0626e+07
608.799	  2.06279e+07
609.086	  2.06297e+07
609.373	  2.06315e+07
609.66	  2.06333e+07
609.947	  2.06351e+07
610.234	  2.06369e+07
610.521	  2.06387e+07
610.808	  2.06404e+07
611.095	  2.06421e+07
611.382	  2.06439e+07
611.669	  2.06455e+07
611.956	  2.06472e+07
612.243	  2.06489e+07
612.53	  2.06506e+07
612.817	  2.06522e+07
613.104	  2.06538e+07
613.391	  2.06554e+07
613.678	  2.0657e+07
613.965	  2.06586e+07
614.252	  2.06601e+07
614.539	  2.06617e+07
614.826	  2.06632e+07
615.113	  2.06647e+07
615.4	  2.06662e+07
615.687	  2.06677e+07
615.974	  2.06692e+07
616.261	  2.06706e+07
616.548	  2.06721e+07
616.835	  2.06735e+07
617.122	  2.06749e+07
617.409	  2.06763e+07
617.696	  2.06777e+07
617.983	  2.06791e+07
618.27	  2.06804e+07
618.557	  2.06817e+07
618.844	  2.06831e+07
619.131	  2.06844e+07
619.418	  2.06857e+07
619.705	  2.06869e+07
619.992	  2.06882e+07
620.279	  2.06894e+07
620.566	  2.06907e+07
620.853	  2.06919e+07
621.14	  2.06931e+07
621.427	  2.06943e+07
621.714	  2.06955e+07
622.001	  2.06966e+07
622.288	  2.06978e+07
622.575	  2.06989e+07
622.862	  2.07e+07
623.149	  2.07011e+07
623.436	  2.07022e+07
623.723	  2.07033e+07
624.01	  2.07043e+07
624.297	  2.07054e+07
624.584	  2.07064e+07
624.871	  2.07074e+07
625.158	  2.07084e+07
625.445	  2.07094e+07
625.732	  2.07104e+07
626.019	  2.07113e+07
626.306	  2.07123e+07
626.593	  2.07132e+07
626.88	  2.07141e+07
627.167	  2.0715e+07
627.454	  2.07159e+07
627.741	  2.07167e+07
628.028	  2.07176e+07
628.315	  2.07184e+07
628.602	  2.07193e+07
628.889	  2.07201e+07
629.176	  2.07209e+07
629.463	  2.07217e+07
629.75	  2.07224e+07
630.037	  2.07232e+07
630.324	  2.07239e+07
630.611	  2.07247e+07
630.898	  2.07254e+07
631.185	  2.07261e+07
631.472	  2.07268e+07
631.759	  2.07274e+07
632.046	  2.07281e+07
632.333	  2.07287e+07
632.62	  2.07294e+07
632.907	  2.073e+07
633.194	  2.07306e+07
633.481	  2.07312e+07
633.768	  2.07318e+07
634.055	  2.07323e+07
634.342	  2.07329e+07
634.629	  2.07334e+07
634.916	  2.07339e+07
635.203	  2.07344e+07
635.49	  2.07349e+07
635.777	  2.07354e+07
636.064	  2.07359e+07
636.351	  2.07363e+07
636.638	  2.07368e+07
636.925	  2.07372e+07
637.212	  2.07376e+07
637.499	  2.0738e+07
637.786	  2.07384e+07
638.073	  2.07387e+07
638.36	  2.07391e+07
638.647	  2.07394e+07
638.934	  2.07398e+07
639.221	  2.07401e+07
639.508	  2.07404e+07
639.795	  2.07407e+07
640.082	  2.0741e+07
640.369	  2.07412e+07
640.656	  2.07415e+07
640.943	  2.07417e+07
641.23	  2.07419e+07
641.517	  2.07421e+07
641.804	  2.07423e+07
642.091	  2.07425e+07
642.378	  2.07427e+07
642.665	  2.07428e+07
642.952	  2.0743e+07
643.239	  2.07431e+07
643.526	  2.07432e+07
643.813	  2.07433e+07
644.1	  2.07434e+07
644.387	  2.07435e+07
644.674	  2.07436e+07
644.961	  2.07436e+07
645.248	  2.07436e+07
645.535	  2.07437e+07
645.822	  2.07437e+07
646.109	  2.07437e+07
646.396	  2.07437e+07
646.683	  2.07436e+07
646.97	  2.07436e+07
647.257	  2.07435e+07
647.544	  2.07435e+07
647.831	  2.07434e+07
648.118	  2.07433e+07
648.405	  2.07432e+07
648.692	  2.07431e+07
648.979	  2.0743e+07
649.266	  2.07428e+07
649.553	  2.07427e+07
649.84	  2.07425e+07
650.127	  2.07423e+07
650.414	  2.07421e+07
650.701	  2.07419e+07
650.988	  2.07417e+07
651.275	  2.07414e+07
651.562	  2.07412e+07
651.849	  2.07409e+07
652.136	  2.07407e+07
652.423	  2.07404e+07
652.71	  2.07401e+07
652.997	  2.07398e+07
653.284	  2.07395e+07
653.571	  2.07391e+07
653.858	  2.07388e+07
654.145	  2.07384e+07
654.432	  2.07381e+07
654.719	  2.07377e+07
655.006	  2.07373e+07
655.293	  2.07369e+07
655.58	  2.07364e+07
655.867	  2.0736e+07
656.154	  2.07356e+07
656.441	  2.07351e+07
656.728	  2.07346e+07
657.015	  2.07342e+07
657.302	  2.07337e+07
657.589	  2.07332e+07
657.876	  2.07326e+07
658.163	  2.07321e+07
658.45	  2.07316e+07
658.737	  2.0731e+07
659.024	  2.07304e+07
659.311	  2.07299e+07
659.598	  2.07293e+07
659.885	  2.07287e+07
660.172	  2.0728e+07
660.459	  2.07274e+07
660.746	  2.07268e+07
661.033	  2.07261e+07
661.32	  2.07255e+07
661.607	  2.07248e+07
661.894	  2.07241e+07
662.181	  2.07234e+07
662.468	  2.07227e+07
662.755	  2.0722e+07
663.042	  2.07212e+07
663.329	  2.07205e+07
663.616	  2.07197e+07
663.903	  2.07189e+07
664.19	  2.07181e+07
664.477	  2.07174e+07
664.764	  2.07165e+07
665.051	  2.07157e+07
665.338	  2.07149e+07
665.625	  2.0714e+07
665.912	  2.07132e+07
666.199	  2.07123e+07
666.486	  2.07114e+07
666.773	  2.07106e+07
667.06	  2.07097e+07
667.347	  2.07087e+07
667.634	  2.07078e+07
667.921	  2.07069e+07
668.208	  2.07059e+07
668.495	  2.0705e+07
668.782	  2.0704e+07
669.069	  2.0703e+07
669.356	  2.0702e+07
669.643	  2.0701e+07
669.93	  2.07e+07
670.217	  2.0699e+07
670.504	  2.06979e+07
670.791	  2.06969e+07
671.078	  2.06958e+07
671.365	  2.06947e+07
671.652	  2.06937e+07
671.939	  2.06926e+07
672.226	  2.06914e+07
672.513	  2.06903e+07
672.8	  2.06892e+07
673.087	  2.0688e+07
673.374	  2.06869e+07
673.661	  2.06857e+07
673.948	  2.06846e+07
674.235	  2.06834e+07
674.522	  2.06822e+07
674.809	  2.0681e+07
675.096	  2.06797e+07
675.383	  2.06785e+07
675.67	  2.06773e+07
675.957	  2.0676e+07
676.244	  2.06747e+07
676.531	  2.06735e+07
676.818	  2.06722e+07
677.105	  2.06709e+07
677.392	  2.06696e+07
677.679	  2.06682e+07
677.966	  2.06669e+07
678.253	  2.06656e+07
678.54	  2.06642e+07
678.827	  2.06628e+07
679.114	  2.06615e+07
679.401	  2.06601e+07
679.688	  2.06587e+07
679.975	  2.06573e+07
680.262	  2.06558e+07
680.549	  2.06544e+07
680.836	  2.0653e+07
681.123	  2.06515e+07
681.41	  2.06501e+07
681.697	  2.06486e+07
681.984	  2.06471e+07
682.271	  2.06456e+07
682.558	  2.06441e+07
682.845	  2.06426e+07
683.132	  2.06411e+07
683.419	  2.06395e+07
683.706	  2.0638e+07
683.993	  2.06364e+07
684.28	  2.06348e+07
684.567	  2.06333e+07
684.854	  2.06317e+07
685.141	  2.06301e+07
685.428	  2.06284e+07
685.715	  2.06268e+07
686.002	  2.06252e+07
686.289	  2.06235e+07
686.576	  2.06219e+07
686.863	  2.06202e+07
687.15	  2.06185e+07
687.437	  2.06169e+07
687.724	  2.06152e+07
688.011	  2.06135e+07
688.298	  2.06117e+07
688.585	  2.061e+07
688.872	  2.06083e+07
689.159	  2.06065e+07
689.446	  2.06048e+07
689.733	  2.0603e+07
690.02	  2.06012e+07
690.307	  2.05994e+07
690.594	  2.05976e+07
690.881	  2.05958e+07
691.168	  2.0594e+07
691.455	  2.05922e+07
691.742	  2.05903e+07
692.029	  2.05885e+07
692.316	  2.05866e+07
692.603	  2.05847e+07
692.89	  2.05829e+07
693.177	  2.0581e+07
693.464	  2.05791e+07
693.751	  2.05772e+07
694.038	  2.05752e+07
694.325	  2.05733e+07
694.612	  2.05714e+07
694.899	  2.05694e+07
695.186	  2.05674e+07
695.473	  2.05655e+07
695.76	  2.05635e+07
696.047	  2.05615e+07
696.334	  2.05595e+07
696.621	  2.05575e+07
696.908	  2.05555e+07
697.195	  2.05534e+07
697.482	  2.05514e+07
697.769	  2.05493e+07
698.056	  2.05473e+07
698.343	  2.05452e+07
698.63	  2.05431e+07
698.917	  2.0541e+07
699.204	  2.05389e+07
699.491	  2.05368e+07
699.778	  2.05347e+07
700.065	  2.05326e+07
700.352	  2.05304e+07
700.639	  2.05283e+07
700.926	  2.05261e+07
701.213	  2.0524e+07
701.5	  2.05218e+07
701.787	  2.05196e+07
702.074	  2.05174e+07
702.361	  2.05152e+07
702.648	  2.0513e+07
702.935	  2.05108e+07
703.222	  2.05085e+07
703.509	  2.05063e+07
703.796	  2.0504e+07
704.083	  2.05018e+07
704.37	  2.04995e+07
704.657	  2.04972e+07
704.944	  2.04949e+07
705.231	  2.04926e+07
705.518	  2.04903e+07
705.805	  2.0488e+07
706.092	  2.04856e+07
706.379	  2.04833e+07
706.666	  2.0481e+07
706.953	  2.04786e+07
707.24	  2.04762e+07
707.527	  2.04739e+07
707.814	  2.04715e+07
708.101	  2.04691e+07
708.388	  2.04667e+07
708.675	  2.04643e+07
708.962	  2.04618e+07
709.249	  2.04594e+07
709.536	  2.0457e+07
709.823	  2.04545e+07
710.11	  2.04521e+07
710.397	  2.04496e+07
710.684	  2.04471e+07
710.971	  2.04446e+07
711.258	  2.04421e+07
711.545	  2.04396e+07
711.832	  2.04371e+07
712.119	  2.04346e+07
712.406	  2.04321e+07
712.693	  2.04295e+07
712.98	  2.0427e+07
713.267	  2.04244e+07
713.554	  2.04218e+07
713.841	  2.04193e+07
714.128	  2.04167e+07
714.415	  2.04141e+07
714.702	  2.04115e+07
714.989	  2.04089e+07
715.276	  2.04062e+07
715.563	  2.04036e+07
715.85	  2.0401e+07
716.137	  2.03983e+07
716.424	  2.03957e+07
716.711	  2.0393e+07
716.998	  2.03903e+07
717.285	  2.03877e+07
717.572	  2.0385e+07
717.859	  2.03823e+07
718.146	  2.03796e+07
718.433	  2.03768e+07
718.72	  2.03741e+07
719.007	  2.03714e+07
719.294	  2.03686e+07
719.581	  2.03659e+07
719.868	  2.03631e+07
720.155	  2.03603e+07
720.442	  2.03576e+07
720.729	  2.03548e+07
721.016	  2.0352e+07
721.303	  2.03492e+07
721.59	  2.03464e+07
721.877	  2.03435e+07
722.164	  2.03407e+07
722.451	  2.03379e+07
722.738	  2.0335e+07
723.025	  2.03322e+07
723.312	  2.03293e+07
723.599	  2.03264e+07
723.886	  2.03236e+07
724.173	  2.03207e+07
724.46	  2.03178e+07
724.747	  2.03149e+07
725.034	  2.0312e+07
725.321	  2.0309e+07
725.608	  2.03061e+07
725.895	  2.03032e+07
726.182	  2.03002e+07
726.469	  2.02973e+07
726.756	  2.02943e+07
727.043	  2.02913e+07
727.33	  2.02883e+07
727.617	  2.02854e+07
727.904	  2.02824e+07
728.191	  2.02794e+07
728.478	  2.02763e+07
728.765	  2.02733e+07
729.052	  2.02703e+07
729.339	  2.02673e+07
729.626	  2.02642e+07
729.913	  2.02612e+07
730.2	  2.02581e+07
730.487	  2.0255e+07
730.774	  2.02519e+07
731.061	  2.02489e+07
731.348	  2.02458e+07
731.635	  2.02427e+07
731.922	  2.02396e+07
732.209	  2.02364e+07
732.496	  2.02333e+07
732.783	  2.02302e+07
733.07	  2.0227e+07
733.357	  2.02239e+07
733.644	  2.02207e+07
733.931	  2.02176e+07
734.218	  2.02144e+07
734.505	  2.02112e+07
734.792	  2.0208e+07
735.079	  2.02048e+07
735.366	  2.02016e+07
735.653	  2.01984e+07
735.94	  2.01952e+07
736.227	  2.0192e+07
736.514	  2.01887e+07
736.801	  2.01855e+07
737.088	  2.01822e+07
737.375	  2.0179e+07
737.662	  2.01757e+07
737.949	  2.01724e+07
738.236	  2.01691e+07
738.523	  2.01659e+07
738.81	  2.01626e+07
739.097	  2.01593e+07
739.384	  2.01559e+07
739.671	  2.01526e+07
739.958	  2.01493e+07
740.245	  2.0146e+07
740.532	  2.01426e+07
740.819	  2.01393e+07
741.106	  2.01359e+07
741.393	  2.01325e+07
741.68	  2.01292e+07
741.967	  2.01258e+07
742.254	  2.01224e+07
742.541	  2.0119e+07
742.828	  2.01156e+07
743.115	  2.01122e+07
743.402	  2.01088e+07
743.689	  2.01053e+07
743.976	  2.01019e+07
744.263	  2.00985e+07
744.55	  2.0095e+07
744.837	  2.00916e+07
745.124	  2.00881e+07
745.411	  2.00846e+07
745.698	  2.00812e+07
745.985	  2.00777e+07
746.272	  2.00742e+07
746.559	  2.00707e+07
746.846	  2.00672e+07
747.133	  2.00637e+07
747.42	  2.00601e+07
747.707	  2.00566e+07
747.994	  2.00531e+07
748.281	  2.00495e+07
748.568	  2.0046e+07
748.855	  2.00424e+07
749.142	  2.00389e+07
749.429	  2.00353e+07
749.716	  2.00317e+07
750.003	  2.00281e+07
750.29	  2.00245e+07
750.577	  2.00209e+07
750.864	  2.00173e+07
751.151	  2.00137e+07
751.438	  2.00101e+07
751.725	  2.00065e+07
752.012	  2.00028e+07
752.299	  1.99992e+07
752.586	  1.99956e+07
752.873	  1.99919e+07
753.16	  1.99882e+07
753.447	  1.99846e+07
753.734	  1.99809e+07
754.021	  1.99772e+07
754.308	  1.99735e+07
754.595	  1.99698e+07
754.882	  1.99661e+07
755.169	  1.99624e+07
755.456	  1.99587e+07
755.743	  1.9955e+07
756.03	  1.99512e+07
756.317	  1.99475e+07
756.604	  1.99437e+07
756.891	  1.994e+07
757.178	  1.99362e+07
757.465	  1.99325e+07
757.752	  1.99287e+07
758.039	  1.99249e+07
758.326	  1.99211e+07
758.613	  1.99173e+07
758.9	  1.99135e+07
759.187	  1.99097e+07
759.474	  1.99059e+07
759.761	  1.99021e+07
760.048	  1.98983e+07
760.335	  1.98945e+07
760.622	  1.98906e+07
760.909	  1.98868e+07
761.196	  1.98829e+07
761.483	  1.98791e+07
761.77	  1.98752e+07
762.057	  1.98713e+07
762.344	  1.98674e+07
762.631	  1.98636e+07
762.918	  1.98597e+07
763.205	  1.98558e+07
763.492	  1.98519e+07
763.779	  1.9848e+07
764.066	  1.9844e+07
764.353	  1.98401e+07
764.64	  1.98362e+07
764.927	  1.98322e+07
765.214	  1.98283e+07
765.501	  1.98244e+07
765.788	  1.98204e+07
766.075	  1.98164e+07
766.362	  1.98125e+07
766.649	  1.98085e+07
766.936	  1.98045e+07
767.223	  1.98005e+07
767.51	  1.97965e+07
767.797	  1.97925e+07
768.084	  1.97885e+07
768.371	  1.97845e+07
768.658	  1.97805e+07
768.945	  1.97765e+07
769.232	  1.97724e+07
769.519	  1.97684e+07
769.806	  1.97644e+07
770.093	  1.97603e+07
770.38	  1.97563e+07
770.667	  1.97522e+07
770.954	  1.97481e+07
771.241	  1.97441e+07
771.528	  1.974e+07
771.815	  1.97359e+07
772.102	  1.97318e+07
772.389	  1.97277e+07
772.676	  1.97236e+07
772.963	  1.97195e+07
773.25	  1.97154e+07
773.537	  1.97112e+07
773.824	  1.97071e+07
774.111	  1.9703e+07
774.398	  1.96988e+07
774.685	  1.96947e+07
774.972	  1.96905e+07
775.259	  1.96864e+07
775.546	  1.96822e+07
775.833	  1.9678e+07
776.12	  1.96739e+07
776.407	  1.96697e+07
776.694	  1.96655e+07
776.981	  1.96613e+07
777.268	  1.96571e+07
777.555	  1.96529e+07
777.842	  1.96487e+07
778.129	  1.96445e+07
778.416	  1.96402e+07
778.703	  1.9636e+07
778.99	  1.96318e+07
779.277	  1.96275e+07
779.564	  1.96233e+07
779.851	  1.9619e+07
780.138	  1.96148e+07
780.425	  1.96105e+07
780.712	  1.96062e+07
780.999	  1.9602e+07
781.286	  1.95977e+07
781.573	  1.95934e+07
781.86	  1.95891e+07
782.147	  1.95848e+07
782.434	  1.95805e+07
782.721	  1.95762e+07
783.008	  1.95719e+07
783.295	  1.95675e+07
783.582	  1.95632e+07
783.869	  1.95589e+07
784.156	  1.95545e+07
784.443	  1.95502e+07
784.73	  1.95459e+07
785.017	  1.95415e+07
785.304	  1.95371e+07
785.591	  1.95328e+07
785.878	  1.95284e+07
786.165	  1.9524e+07
786.452	  1.95196e+07
786.739	  1.95153e+07
787.026	  1.95109e+07
787.313	  1.95065e+07
787.6	  1.95021e+07
787.887	  1.94977e+07
788.174	  1.94932e+07
788.461	  1.94888e+07
788.748	  1.94844e+07
789.035	  1.948e+07
789.322	  1.94755e+07
789.609	  1.94711e+07
789.896	  1.94666e+07
790.183	  1.94622e+07
790.47	  1.94577e+07
790.757	  1.94533e+07
791.044	  1.94488e+07
791.331	  1.94443e+07
791.618	  1.94398e+07
791.905	  1.94354e+07
792.192	  1.94309e+07
792.479	  1.94264e+07
792.766	  1.94219e+07
793.053	  1.94174e+07
793.34	  1.94129e+07
793.627	  1.94083e+07
793.914	  1.94038e+07
794.201	  1.93993e+07
794.488	  1.93948e+07
794.775	  1.93902e+07
795.062	  1.93857e+07
795.349	  1.93811e+07
795.636	  1.93766e+07
795.923	  1.9372e+07
796.21	  1.93675e+07
796.497	  1.93629e+07
796.784	  1.93583e+07
797.071	  1.93537e+07
797.358	  1.93492e+07
797.645	  1.93446e+07
797.932	  1.934e+07
798.219	  1.93354e+07
798.506	  1.93308e+07
798.793	  1.93262e+07
799.08	  1.93216e+07
799.367	  1.93169e+07
799.654	  1.93123e+07
799.941	  1.93077e+07
800.228	  1.93031e+07
800.515	  1.92984e+07
800.802	  1.92938e+07
801.089	  1.92891e+07
801.376	  1.92845e+07
801.663	  1.92798e+07
801.95	  1.92752e+07
802.237	  1.92705e+07
802.524	  1.92658e+07
802.811	  1.92612e+07
803.098	  1.92565e+07
803.385	  1.92518e+07
803.672	  1.92471e+07
803.959	  1.92424e+07
804.246	  1.92377e+07
804.533	  1.9233e+07
804.82	  1.92283e+07
805.107	  1.92236e+07
805.394	  1.92189e+07
805.681	  1.92141e+07
805.968	  1.92094e+07
806.255	  1.92047e+07
806.542	  1.91999e+07
806.829	  1.91952e+07
807.116	  1.91904e+07
807.403	  1.91857e+07
807.69	  1.91809e+07
807.977	  1.91762e+07
808.264	  1.91714e+07
808.551	  1.91666e+07
808.838	  1.91619e+07
809.125	  1.91571e+07
809.412	  1.91523e+07
809.699	  1.91475e+07
809.986	  1.91427e+07
810.273	  1.91379e+07
810.56	  1.91331e+07
810.847	  1.91283e+07
811.134	  1.91235e+07
811.421	  1.91187e+07
811.708	  1.91138e+07
811.995	  1.9109e+07
812.282	  1.91042e+07
812.569	  1.90994e+07
812.856	  1.90945e+07
813.143	  1.90897e+07
813.43	  1.90848e+07
813.717	  1.908e+07
814.004	  1.90751e+07
814.291	  1.90703e+07
814.578	  1.90654e+07
814.865	  1.90605e+07
815.152	  1.90556e+07
815.439	  1.90508e+07
815.726	  1.90459e+07
816.013	  1.9041e+07
816.3	  1.90361e+07
816.587	  1.90312e+07
816.874	  1.90263e+07
817.161	  1.90214e+07
817.448	  1.90165e+07
817.735	  1.90116e+07
818.022	  1.90067e+07
818.309	  1.90017e+07
818.596	  1.89968e+07
818.883	  1.89919e+07
819.17	  1.89869e+07
819.457	  1.8982e+07
820.002	  1.89726e+07
820.031	  1.89721e+07
820.059	  1.89716e+07
820.088	  1.89711e+07
820.117	  1.89706e+07
820.146	  1.89701e+07
820.174	  1.89696e+07
820.203	  1.89691e+07
820.232	  1.89687e+07
820.26	  1.89682e+07
820.289	  1.89677e+07
820.318	  1.89672e+07
820.346	  1.89667e+07
820.375	  1.89662e+07
820.404	  1.89657e+07
820.433	  1.89652e+07
820.461	  1.89647e+07
820.49	  1.89642e+07
820.519	  1.89637e+07
820.547	  1.89632e+07
820.576	  1.89627e+07
820.605	  1.89622e+07
820.633	  7.66723e+06
820.662	  7.6671e+06
820.691	  7.66697e+06
820.72	  7.66684e+06
820.748	  7.6667e+06
820.777	  7.66657e+06
820.806	  7.66644e+06
820.834	  7.66631e+06
820.863	  7.66618e+06
820.892	  7.66604e+06
820.92	  7.66591e+06
820.949	  7.66578e+06
820.978	  7.66565e+06
821.007	  7.66552e+06
821.035	  7.66539e+06
821.064	  7.66525e+06
821.093	  7.66512e+06
821.121	  7.66499e+06
821.15	  7.66486e+06
821.179	  7.66473e+06
821.207	  7.66459e+06
821.236	  7.66446e+06
821.265	  7.66433e+06
821.294	  7.6642e+06
821.322	  7.66407e+06
821.351	  7.66393e+06
821.38	  7.6638e+06
821.408	  7.66367e+06
821.437	  7.66354e+06
821.466	  7.66341e+06
821.494	  7.66327e+06
821.523	  7.66314e+06
821.552	  7.66301e+06
821.581	  7.66288e+06
821.609	  7.66275e+06
821.638	  7.66261e+06
821.667	  7.66248e+06
821.695	  7.66235e+06
821.724	  7.66222e+06
821.753	  7.66208e+06
821.781	  7.66195e+06
821.81	  7.66182e+06
821.839	  7.66169e+06
821.868	  7.66156e+06
821.896	  7.66142e+06
821.925	  7.66129e+06
821.954	  7.66116e+06
821.982	  7.66103e+06
822.011	  7.66089e+06
822.011	  7.66089e+06
822.298	  7.65957e+06
822.585	  7.65825e+06
822.872	  7.65692e+06
823.159	  7.65559e+06
823.446	  7.65426e+06
823.733	  7.65293e+06
824.02	  7.6516e+06
824.307	  7.65027e+06
824.594	  7.64894e+06
824.881	  7.6476e+06
825.168	  7.64627e+06
825.455	  7.64493e+06
825.742	  7.64359e+06
826.029	  7.64225e+06
826.316	  7.64091e+06
826.603	  7.63957e+06
826.89	  7.63822e+06
827.177	  7.63688e+06
827.464	  7.63553e+06
827.751	  7.63419e+06
828.038	  7.63284e+06
828.325	  7.63149e+06
828.612	  7.63014e+06
828.899	  7.62879e+06
829.186	  7.62743e+06
829.473	  7.62608e+06
829.76	  7.62472e+06
830.047	  7.62337e+06
830.334	  7.62201e+06
830.621	  7.62065e+06
830.908	  7.61929e+06
831.195	  7.61793e+06
831.482	  7.61657e+06
831.769	  7.6152e+06
832.056	  7.61384e+06
832.343	  7.61247e+06
832.63	  7.61111e+06
832.917	  7.60974e+06
833.204	  7.60837e+06
833.491	  7.607e+06
833.778	  7.60563e+06
834.065	  7.60425e+06
834.352	  7.60288e+06
834.639	  7.60151e+06
834.926	  7.60013e+06
835.213	  7.59875e+06
835.5	  7.59737e+06
835.787	  7.59599e+06
836.074	  7.59461e+06
836.361	  7.59323e+06
836.648	  7.59185e+06
836.935	  7.59046e+06
837.222	  7.58908e+06
837.509	  7.58769e+06
837.796	  7.58631e+06
838.083	  7.58492e+06
838.37	  7.58353e+06
838.657	  7.58214e+06
838.944	  7.58075e+06
839.231	  7.57935e+06
839.518	  7.57796e+06
839.805	  7.57656e+06
840.092	  7.57517e+06
840.379	  7.57377e+06
840.666	  7.57237e+06
840.953	  7.57097e+06
841.24	  7.56957e+06
841.527	  7.56817e+06
841.814	  7.56677e+06
842.101	  7.56536e+06
842.388	  7.56396e+06
842.675	  7.56255e+06
842.962	  7.56115e+06
843.249	  7.55974e+06
843.536	  7.55833e+06
843.823	  7.55692e+06
844.11	  7.55551e+06
844.397	  7.5541e+06
844.684	  7.55268e+06
844.971	  7.55127e+06
845.258	  7.54985e+06
845.545	  7.54844e+06
845.832	  7.54702e+06
846.119	  7.5456e+06
846.406	  7.54418e+06
846.693	  7.54276e+06
846.98	  7.54134e+06
847.267	  7.53992e+06
847.554	  7.53849e+06
847.841	  7.53707e+06
848.128	  7.53564e+06
848.415	  7.53422e+06
848.702	  7.53279e+06
848.989	  7.53136e+06
849.276	  7.52993e+06
849.563	  7.5285e+06
849.85	  7.52707e+06
850.137	  7.52563e+06
850.424	  7.5242e+06
850.711	  7.52277e+06
850.998	  7.52133e+06
851.285	  7.51989e+06
851.572	  7.51845e+06
851.859	  7.51702e+06
852.146	  7.51558e+06
852.433	  7.51414e+06
852.72	  7.51269e+06
853.007	  7.51125e+06
853.294	  7.50981e+06
853.581	  7.50836e+06
853.868	  7.50692e+06
854.155	  7.50547e+06
854.442	  7.50402e+06
854.729	  7.50257e+06
855.016	  7.50112e+06
855.303	  7.49967e+06
855.59	  7.49822e+06
855.877	  7.49677e+06
856.164	  7.49532e+06
856.451	  7.49386e+06
856.738	  7.49241e+06
857.025	  7.49095e+06
857.312	  7.48949e+06
857.599	  7.48804e+06
857.886	  7.48658e+06
858.173	  7.48512e+06
858.46	  7.48365e+06
858.747	  7.48219e+06
859.034	  7.48073e+06
859.321	  7.47927e+06
859.608	  7.4778e+06
859.895	  7.47634e+06
860.182	  7.47487e+06
860.469	  7.4734e+06
860.756	  7.47193e+06
861.043	  7.47046e+06
861.33	  7.46899e+06
861.617	  7.46752e+06
861.904	  7.46605e+06
862.191	  7.46458e+06
862.478	  7.4631e+06
862.765	  7.46163e+06
863.052	  7.46015e+06
863.339	  7.45868e+06
863.626	  7.4572e+06
863.913	  7.45572e+06
864.2	  7.45424e+06
864.487	  7.45276e+06
864.774	  7.45128e+06
865.061	  7.4498e+06
865.348	  7.44831e+06
865.635	  7.44683e+06
865.922	  7.44535e+06
866.209	  7.44386e+06
866.496	  7.44237e+06
866.783	  7.44089e+06
867.07	  7.4394e+06
867.357	  7.43791e+06
867.644	  7.43642e+06
867.931	  7.43493e+06
868.218	  7.43344e+06
868.505	  7.43194e+06
868.792	  7.43045e+06
869.079	  7.42896e+06
869.366	  7.42746e+06
869.653	  7.42596e+06
869.94	  7.42447e+06
870.227	  7.42297e+06
870.514	  7.42147e+06
870.801	  7.41997e+06
871.088	  7.41847e+06
871.375	  7.41697e+06
871.662	  7.41547e+06
871.949	  7.41397e+06
872.236	  7.41246e+06
872.523	  7.41096e+06
872.81	  7.40945e+06
873.097	  7.40795e+06
873.384	  7.40644e+06
873.671	  7.40493e+06
873.958	  7.40342e+06
874.245	  7.40191e+06
874.532	  7.4004e+06
874.819	  7.39889e+06
875.106	  7.39738e+06
875.393	  7.39587e+06
875.68	  7.39435e+06
875.967	  7.39284e+06
876.254	  7.39132e+06
876.541	  7.38981e+06
876.828	  7.38829e+06
877.115	  7.38677e+06
877.402	  7.38526e+06
877.689	  7.38374e+06
877.976	  7.38222e+06
878.263	  7.3807e+06
878.55	  7.37917e+06
878.837	  7.37765e+06
879.124	  7.37613e+06
879.411	  7.3746e+06
879.698	  7.37308e+06
879.985	  7.37155e+06
880.272	  7.37003e+06
880.559	  7.3685e+06
880.846	  7.36697e+06
881.133	  7.36544e+06
881.42	  7.36391e+06
881.707	  7.36238e+06
881.994	  7.36085e+06
882.281	  7.35932e+06
882.568	  7.35779e+06
882.855	  7.35626e+06
883.142	  7.35472e+06
883.429	  7.35319e+06
883.716	  7.35165e+06
884.003	  7.35012e+06
884.29	  7.34858e+06
884.577	  7.34704e+06
884.864	  7.3455e+06
885.151	  7.34396e+06
885.438	  7.34242e+06
885.725	  7.34088e+06
886.012	  7.33934e+06
886.299	  7.3378e+06
886.586	  7.33626e+06
886.873	  7.33471e+06
887.16	  7.33317e+06
887.447	  7.33162e+06
887.734	  7.33008e+06
888.021	  7.32853e+06
888.308	  7.32698e+06
888.595	  7.32543e+06
888.882	  7.32389e+06
889.169	  7.32234e+06
889.456	  7.32079e+06
889.743	  7.31923e+06
890.03	  7.31768e+06
890.317	  7.31613e+06
890.604	  7.31458e+06
890.891	  7.31302e+06
891.178	  7.31147e+06
891.465	  7.30991e+06
891.752	  7.30836e+06
892.039	  7.3068e+06
892.326	  7.30524e+06
892.613	  7.30369e+06
892.9	  7.30213e+06
893.187	  7.30057e+06
893.474	  7.29901e+06
893.761	  7.29745e+06
894.048	  7.29588e+06
894.335	  7.29432e+06
894.622	  7.29276e+06
894.909	  7.2912e+06
895.196	  7.28963e+06
895.483	  7.28807e+06
895.77	  7.2865e+06
896.057	  7.28494e+06
896.344	  7.28337e+06
896.631	  7.2818e+06
896.918	  7.28023e+06
897.205	  7.27866e+06
897.492	  7.27709e+06
897.779	  7.27552e+06
898.066	  7.27395e+06
898.353	  7.27238e+06
898.64	  7.27081e+06
898.927	  7.26924e+06
899.214	  7.26766e+06
899.501	  7.26609e+06
899.788	  7.26451e+06
900.075	  7.26294e+06
900.362	  7.26136e+06
900.649	  7.25978e+06
900.936	  7.25821e+06
901.223	  7.25663e+06
901.51	  7.25505e+06
901.797	  7.25347e+06
902.084	  7.25189e+06
902.371	  7.25031e+06
902.658	  7.24873e+06
902.945	  7.24715e+06
903.232	  7.24556e+06
903.519	  7.24398e+06
903.806	  7.2424e+06
904.093	  7.24081e+06
904.38	  7.23923e+06
904.667	  7.23764e+06
904.954	  7.23605e+06
905.241	  7.23447e+06
905.528	  7.23288e+06
905.815	  7.23129e+06
906.102	  7.2297e+06
906.389	  7.22811e+06
906.676	  7.22652e+06
906.963	  7.22493e+06
907.25	  7.22334e+06
907.537	  7.22175e+06
907.824	  7.22016e+06
908.111	  7.21856e+06
908.398	  7.21697e+06
908.685	  7.21538e+06
908.972	  7.21378e+06
909.259	  7.21218e+06
909.546	  7.21059e+06
909.833	  7.20899e+06
910.12	  7.20739e+06
910.407	  7.2058e+06
910.694	  7.2042e+06
910.981	  7.2026e+06
911.268	  7.201e+06
911.555	  7.1994e+06
911.842	  7.1978e+06
912.129	  7.1962e+06
912.416	  7.1946e+06
912.703	  7.19299e+06
912.99	  7.19139e+06
913.277	  7.18979e+06
913.564	  7.18818e+06
913.851	  7.18658e+06
914.138	  7.18497e+06
914.425	  7.18337e+06
914.712	  7.18176e+06
914.999	  7.18015e+06
915.286	  7.17854e+06
915.573	  7.17694e+06
915.86	  7.17533e+06
916.147	  7.17372e+06
916.434	  7.17211e+06
916.721	  7.1705e+06
917.008	  7.16889e+06
917.295	  7.16728e+06
917.582	  7.16566e+06
917.869	  7.16405e+06
918.156	  7.16244e+06
918.443	  7.16082e+06
918.73	  7.15921e+06
919.017	  7.1576e+06
919.304	  7.15598e+06
919.591	  7.15436e+06
919.878	  7.15275e+06
920.165	  7.15113e+06
920.452	  7.14951e+06
920.739	  7.1479e+06
921.026	  7.14628e+06
921.313	  7.14466e+06
921.6	  7.14304e+06
921.887	  7.14142e+06
922.174	  7.1398e+06
922.461	  7.13818e+06
922.748	  7.13655e+06
923.035	  7.13493e+06
923.322	  7.13331e+06
923.609	  7.13169e+06
923.896	  7.13006e+06
924.183	  7.12844e+06
924.47	  7.12681e+06
924.757	  7.12519e+06
925.044	  7.12356e+06
925.331	  7.12194e+06
925.618	  7.12031e+06
925.905	  7.11868e+06
926.192	  7.11705e+06
926.479	  7.11543e+06
926.766	  7.1138e+06
927.053	  7.11217e+06
927.34	  7.11054e+06
927.627	  7.10891e+06
927.914	  7.10728e+06
928.201	  7.10565e+06
928.488	  7.10402e+06
928.775	  7.10238e+06
929.062	  7.10075e+06
929.349	  7.09912e+06
929.636	  7.09748e+06
929.923	  7.09585e+06
930.21	  7.09421e+06
930.497	  7.09258e+06
930.784	  7.09094e+06
931.071	  7.08931e+06
931.358	  7.08767e+06
931.645	  7.08603e+06
931.932	  7.0844e+06
932.219	  7.08276e+06
932.506	  7.08112e+06
932.793	  7.07948e+06
933.08	  7.07784e+06
933.367	  7.0762e+06
933.654	  7.07456e+06
933.941	  7.07292e+06
934.228	  7.07128e+06
934.515	  7.06964e+06
934.802	  7.068e+06
935.089	  7.06636e+06
935.376	  7.06471e+06
935.663	  7.06307e+06
935.95	  7.06142e+06
936.237	  7.05978e+06
936.524	  7.05814e+06
936.811	  7.05649e+06
937.098	  7.05485e+06
937.385	  7.0532e+06
937.672	  7.05155e+06
937.959	  7.04991e+06
938.246	  7.04826e+06
938.533	  7.04661e+06
938.82	  7.04496e+06
939.107	  7.04331e+06
939.394	  7.04166e+06
939.681	  7.04001e+06
939.968	  7.03836e+06
940.255	  7.03671e+06
940.542	  7.03506e+06
940.829	  7.03341e+06
941.116	  7.03176e+06
941.403	  7.03011e+06
941.69	  7.02846e+06
941.977	  7.0268e+06
942.264	  7.02515e+06
942.551	  7.0235e+06
942.838	  7.02184e+06
943.125	  7.02019e+06
943.412	  7.01853e+06
943.699	  7.01688e+06
943.986	  7.01522e+06
944.273	  7.01356e+06
944.56	  7.01191e+06
944.847	  7.01025e+06
945.134	  7.00859e+06
945.421	  7.00694e+06
945.708	  7.00528e+06
945.995	  7.00362e+06
946.282	  7.00196e+06
946.569	  7.0003e+06
946.856	  6.99864e+06
947.143	  6.99698e+06
947.43	  6.99532e+06
947.717	  6.99366e+06
948.004	  6.992e+06
948.291	  6.99034e+06
948.578	  6.98867e+06
948.865	  6.98701e+06
949.152	  6.98535e+06
949.439	  6.98368e+06
949.726	  6.98202e+06
950.013	  6.98036e+06
950.3	  6.97869e+06
950.587	  6.97703e+06
950.874	  6.97536e+06
951.161	  6.9737e+06
951.448	  6.97203e+06
951.735	  6.97036e+06
952.022	  6.9687e+06
952.309	  6.96703e+06
952.596	  6.96536e+06
952.883	  6.9637e+06
953.17	  6.96203e+06
953.457	  6.96036e+06
953.744	  6.95869e+06
954.031	  6.95702e+06
954.318	  6.95535e+06
954.605	  6.95368e+06
954.892	  6.95201e+06
955.179	  6.95034e+06
955.466	  6.94867e+06
955.753	  6.947e+06
956.04	  6.94533e+06
956.327	  6.94365e+06
956.614	  6.94198e+06
956.901	  6.94031e+06
957.188	  6.93864e+06
957.475	  6.93696e+06
957.762	  6.93529e+06
958.049	  6.93361e+06
958.336	  6.93194e+06
958.623	  6.93026e+06
958.91	  6.92859e+06
959.197	  6.92691e+06
959.484	  6.92524e+06
959.771	  6.92356e+06
960.058	  6.92189e+06
960.345	  6.92021e+06
960.632	  6.91853e+06
960.919	  6.91685e+06
961.206	  6.91518e+06
961.493	  6.9135e+06
961.78	  6.91182e+06
962.067	  6.91014e+06
962.354	  6.90846e+06
962.641	  6.90678e+06
962.928	  6.9051e+06
963.215	  6.90342e+06
963.502	  6.90174e+06
963.789	  6.90006e+06
964.076	  6.89838e+06
964.363	  6.8967e+06
964.65	  6.89502e+06
964.937	  6.89334e+06
965.224	  6.89165e+06
965.511	  6.88997e+06
965.798	  6.88829e+06
966.085	  6.8866e+06
966.372	  6.88492e+06
966.659	  6.88324e+06
966.946	  6.88155e+06
967.233	  6.87987e+06
967.52	  6.87818e+06
967.807	  6.8765e+06
968.094	  6.87481e+06
968.381	  6.87313e+06
968.668	  6.87144e+06
968.955	  6.86976e+06
969.242	  6.86807e+06
969.529	  6.86638e+06
969.816	  6.86469e+06
970.103	  6.86301e+06
970.39	  6.86132e+06
970.677	  6.85963e+06
970.964	  6.85794e+06
971.251	  6.85626e+06
971.538	  6.85457e+06
971.825	  6.85288e+06
972.112	  6.85119e+06
972.399	  6.8495e+06
972.686	  6.84781e+06
972.973	  6.84612e+06
973.26	  6.84443e+06
973.547	  6.84274e+06
973.834	  6.84105e+06
974.121	  6.83935e+06
974.408	  6.83766e+06
974.695	  6.83597e+06
974.982	  6.83428e+06
975.269	  6.83259e+06
975.556	  6.83089e+06
975.843	  6.8292e+06
976.13	  6.82751e+06
976.417	  6.82581e+06
976.704	  6.82412e+06
976.991	  6.82243e+06
977.278	  6.82073e+06
977.565	  6.81904e+06
977.852	  6.81734e+06
978.139	  6.81565e+06
978.426	  6.81395e+06
978.713	  6.81226e+06
979	  6.81056e+06
979.287	  6.80887e+06
979.574	  6.80717e+06
979.861	  6.80547e+06
980.148	  6.80378e+06
980.435	  6.80208e+06
980.722	  6.80038e+06
981.009	  6.79868e+06
981.296	  6.79699e+06
981.583	  6.79529e+06
981.87	  6.79359e+06
982.157	  6.79189e+06
982.444	  6.79019e+06
982.731	  6.78849e+06
983.018	  6.7868e+06
983.305	  6.7851e+06
983.592	  6.7834e+06
983.879	  6.7817e+06
984.166	  6.78e+06
984.453	  6.7783e+06
984.74	  6.7766e+06
985.027	  6.77489e+06
985.314	  6.77319e+06
985.601	  6.77149e+06
985.888	  6.76979e+06
986.175	  6.76809e+06
986.462	  6.76639e+06
986.749	  6.76468e+06
987.036	  6.76298e+06
987.323	  6.76128e+06
987.61	  6.75958e+06
987.897	  6.75787e+06
988.184	  6.75617e+06
988.471	  6.75447e+06
988.758	  6.75276e+06
989.045	  6.75106e+06
989.332	  6.74936e+06
989.619	  6.74765e+06
989.906	  6.74595e+06
990.193	  6.74424e+06
990.48	  6.74254e+06
990.767	  6.74083e+06
991.054	  6.73913e+06
991.341	  6.73742e+06
991.628	  6.73572e+06
991.915	  6.73401e+06
992.202	  6.7323e+06
992.489	  6.7306e+06
992.776	  6.72889e+06
993.063	  6.72718e+06
993.35	  6.72548e+06
993.637	  6.72377e+06
993.924	  6.72206e+06
994.211	  6.72035e+06
994.498	  6.71865e+06
994.785	  6.71694e+06
995.072	  6.71523e+06
995.359	  6.71352e+06
995.646	  6.71181e+06
995.933	  6.71011e+06
996.22	  6.7084e+06
996.507	  6.70669e+06
996.794	  6.70498e+06
997.081	  6.70327e+06
997.368	  6.70156e+06
997.655	  6.69985e+06
997.942	  6.69814e+06
998.229	  6.69643e+06
998.516	  6.69472e+06
998.803	  6.69301e+06
999.09	  6.6913e+06
999.377	  6.68959e+06
999.664	  6.68788e+06
999.951	  6.68616e+06
1000.24	  6.68445e+06
1000.52	  6.68274e+06
1000.81	  6.68103e+06
1001.1	  6.67932e+06
1001.39	  6.67761e+06
1001.67	  6.67589e+06
1001.96	  6.67418e+06
1002.25	  6.67247e+06
1002.53	  6.67076e+06
1002.82	  6.66904e+06
1003.11	  6.66733e+06
1003.39	  6.66562e+06
1003.68	  6.6639e+06
1003.97	  6.66219e+06
1004.26	  6.66048e+06
1004.54	  6.65876e+06
1004.83	  6.65705e+06
1005.12	  6.65534e+06
1005.4	  6.65362e+06
1005.69	  6.65191e+06
1005.98	  6.65019e+06
1006.26	  6.64848e+06
1006.55	  6.64676e+06
1006.84	  6.64505e+06
1007.13	  6.64333e+06
1007.41	  6.64162e+06
1007.7	  6.6399e+06
1007.99	  6.63819e+06
1008.27	  6.63647e+06
1008.56	  6.63475e+06
1008.85	  6.63304e+06
1009.13	  6.63132e+06
1009.42	  6.62961e+06
1009.71	  6.62789e+06
1010	  6.62617e+06
1010.28	  6.62446e+06
1010.57	  6.62274e+06
1010.86	  6.62102e+06
1011.14	  6.61931e+06
1011.43	  6.61759e+06
1011.72	  6.61587e+06
1012	  6.61415e+06
1012.29	  6.61244e+06
1012.58	  6.61072e+06
1012.87	  6.609e+06
1013.15	  6.60728e+06
1013.44	  6.60556e+06
1013.73	  6.60384e+06
1014.01	  6.60213e+06
1014.3	  6.60041e+06
1014.59	  6.59869e+06
1014.88	  6.59697e+06
1015.16	  6.59525e+06
1015.45	  6.59353e+06
1015.74	  6.59181e+06
1016.02	  6.59009e+06
1016.31	  6.58837e+06
1016.6	  6.58666e+06
1016.88	  6.58494e+06
1017.17	  6.58322e+06
1017.46	  6.5815e+06
1017.75	  6.57978e+06
1018.03	  6.57806e+06
1018.32	  6.57634e+06
1018.61	  6.57462e+06
1018.89	  6.5729e+06
1019.18	  6.57117e+06
1019.47	  6.56945e+06
1019.98	  6.56641e+06
1021.08	  6.55981e+06
1022.17	  6.55321e+06
1023.27	  6.54662e+06
1024.38	  6.54001e+06
1025.47	  6.53341e+06
1026.58	  6.52681e+06
1027.67	  6.52021e+06
1028.78	  6.5136e+06
1029.88	  6.50699e+06
1030.97	  6.50039e+06
1032.08	  6.49378e+06
1033.17	  6.48717e+06
1034.28	  6.48056e+06
1035.38	  6.47394e+06
1036.47	  6.46733e+06
1037.58	  6.46072e+06
1038.67	  6.45411e+06
1039.78	  6.44749e+06
1040.88	  6.44088e+06
1041.97	  6.43426e+06
1043.08	  6.42764e+06
1044.17	  6.42103e+06
1045.28	  6.41441e+06
1046.38	  6.40779e+06
1047.47	  6.40117e+06
1048.58	  6.39455e+06
1049.67	  6.38794e+06
1050.78	  6.38132e+06
1051.88	  6.3747e+06
1052.97	  6.36808e+06
1054.08	  6.36146e+06
1055.17	  6.35484e+06
1056.28	  6.34822e+06
1057.38	  6.3416e+06
1058.47	  6.33498e+06
1059.58	  6.32836e+06
1060.67	  6.32174e+06
1061.78	  6.31512e+06
1062.88	  6.3085e+06
1063.97	  6.30188e+06
1065.08	  6.29527e+06
1066.17	  6.28865e+06
1067.28	  6.28203e+06
1068.38	  6.27541e+06
1069.47	  6.2688e+06
1070.58	  6.26218e+06
1071.67	  6.25557e+06
1072.78	  6.24895e+06
1073.88	  6.24234e+06
1074.97	  6.23572e+06
1076.08	  6.22911e+06
1077.17	  6.2225e+06
1078.28	  6.21588e+06
1079.38	  6.20927e+06
1080.47	  6.20266e+06
1081.58	  6.19605e+06
1082.67	  6.18945e+06
1083.78	  6.18284e+06
1084.88	  6.17623e+06
1085.97	  6.16963e+06
1087.08	  6.16302e+06
1088.17	  6.15642e+06
1089.28	  6.14982e+06
1090.38	  6.14322e+06
1091.47	  6.13662e+06
1092.58	  6.13002e+06
1093.67	  6.12342e+06
1094.78	  6.11683e+06
1095.88	  6.11023e+06
1096.97	  6.10364e+06
1098.08	  6.09705e+06
1099.17	  6.09046e+06
1100.28	  6.08387e+06
1101.38	  6.07728e+06
1102.47	  6.07069e+06
1103.58	  6.06411e+06
1104.67	  6.05753e+06
1105.78	  6.05095e+06
1106.88	  6.04437e+06
1107.97	  6.03779e+06
1109.08	  6.03121e+06
1110.17	  6.02464e+06
1111.28	  6.01806e+06
1112.38	  6.01149e+06
1113.47	  6.00492e+06
1114.58	  5.99836e+06
1115.67	  5.99179e+06
1116.78	  5.98523e+06
1117.88	  5.97867e+06
1118.97	  5.97211e+06
1120.08	  5.96555e+06
1121.17	  5.959e+06
1122.28	  5.95244e+06
1123.38	  5.94589e+06
1124.47	  5.93934e+06
1125.58	  5.9328e+06
1126.67	  5.92625e+06
1127.78	  5.91971e+06
1128.88	  5.91317e+06
1129.97	  5.90663e+06
1131.08	  5.90009e+06
1132.17	  5.89356e+06
1133.28	  5.88703e+06
1134.38	  5.8805e+06
1135.47	  5.87398e+06
1136.58	  5.86745e+06
1137.67	  5.86093e+06
1138.78	  5.85441e+06
1139.88	  5.84789e+06
1140.97	  5.84138e+06
1142.08	  5.83487e+06
1143.17	  5.82836e+06
1144.28	  5.82185e+06
1145.38	  5.81535e+06
1146.47	  5.80885e+06
1147.58	  5.80235e+06
1148.67	  5.79586e+06
1149.78	  5.78936e+06
1150.88	  5.78287e+06
1151.97	  5.77639e+06
1153.08	  5.7699e+06
1154.17	  5.76342e+06
1155.28	  5.75694e+06
1156.38	  5.75047e+06
1157.47	  5.74399e+06
1158.58	  5.73752e+06
1159.67	  5.73105e+06
1160.78	  5.72459e+06
1161.88	  5.71813e+06
1162.97	  5.71167e+06
1164.08	  5.70522e+06
1165.17	  5.69876e+06
1166.28	  5.69231e+06
1167.38	  5.68587e+06
1168.47	  5.67942e+06
1169.58	  5.67298e+06
1170.67	  5.66655e+06
1171.78	  5.66011e+06
1172.88	  5.65368e+06
1173.97	  5.64726e+06
1175.08	  5.64083e+06
1176.17	  5.63441e+06
1177.28	  5.62799e+06
1178.38	  5.62158e+06
1179.47	  5.61517e+06
1180.58	  5.60876e+06
1181.67	  5.60236e+06
1182.78	  5.59596e+06
1183.88	  5.58956e+06
1184.97	  5.58317e+06
1186.08	  5.57677e+06
1187.17	  5.57039e+06
1188.28	  5.564e+06
1189.38	  5.55762e+06
1190.47	  5.55125e+06
1191.58	  5.54487e+06
1192.67	  5.5385e+06
1193.78	  5.53214e+06
1194.88	  5.52578e+06
1195.97	  5.51942e+06
1197.08	  5.51306e+06
1198.17	  5.50671e+06
1199.28	  5.50036e+06
1200.38	  5.49402e+06
1201.47	  5.48768e+06
1202.58	  5.48134e+06
1203.67	  5.47501e+06
1204.78	  5.46868e+06
1205.88	  5.46235e+06
1206.97	  5.45603e+06
1208.08	  5.44971e+06
1209.17	  5.4434e+06
1210.28	  5.43708e+06
1211.38	  5.43078e+06
1212.47	  5.42447e+06
1213.58	  5.41818e+06
1214.67	  5.41188e+06
1215.78	  5.40559e+06
1216.88	  5.3993e+06
1217.97	  5.39302e+06
1219.08	  5.38674e+06
1220.17	  5.38046e+06
1221.28	  5.37419e+06
1222.38	  5.36792e+06
1223.47	  5.36166e+06
1224.58	  5.3554e+06
1225.67	  5.34914e+06
1226.78	  5.34289e+06
1227.88	  5.33664e+06
1228.97	  5.3304e+06
1230.08	  5.32416e+06
1231.17	  5.31793e+06
1232.28	  5.31169e+06
1233.38	  5.30547e+06
1234.47	  5.29924e+06
1235.58	  5.29302e+06
1236.67	  5.28681e+06
1237.78	  5.2806e+06
1238.88	  5.27439e+06
1239.97	  5.26819e+06
1241.08	  5.26199e+06
1242.17	  5.2558e+06
1243.28	  5.24961e+06
1244.38	  5.24342e+06
1245.47	  5.23724e+06
1246.58	  5.23107e+06
1247.67	  5.22489e+06
1248.78	  5.21873e+06
1249.88	  5.21256e+06
1250.97	  5.2064e+06
1252.08	  5.20025e+06
1253.17	  5.1941e+06
1254.28	  5.18795e+06
1255.38	  5.18181e+06
1256.47	  5.17567e+06
1257.58	  5.16954e+06
1258.67	  5.16341e+06
1259.78	  5.15728e+06
1260.88	  5.15116e+06
1261.97	  5.14505e+06
1263.08	  5.13894e+06
1264.17	  5.13283e+06
1265.28	  5.12673e+06
1266.38	  5.12063e+06
1267.47	  5.11454e+06
1268.58	  5.10845e+06
1269.67	  5.10236e+06
1270.78	  5.09628e+06
1271.88	  5.09021e+06
1272.97	  5.08414e+06
1274.08	  5.07807e+06
1275.17	  5.07201e+06
1276.28	  5.06595e+06
1277.38	  5.0599e+06
1278.47	  5.05385e+06
1279.58	  5.04781e+06
1280.67	  5.04177e+06
1281.78	  5.03574e+06
1282.88	  5.02971e+06
1283.97	  5.02368e+06
1285.08	  5.01766e+06
1286.17	  5.01165e+06
1287.28	  5.00564e+06
1288.38	  4.99963e+06
1289.47	  4.99363e+06
1290.58	  4.98763e+06
1291.67	  4.98164e+06
1292.78	  4.97565e+06
1293.88	  4.96967e+06
1294.97	  4.96369e+06
1296.08	  4.95772e+06
1297.17	  4.95175e+06
1298.28	  4.94579e+06
1299.38	  4.93983e+06
1300.47	  4.93387e+06
1301.58	  4.92793e+06
1302.67	  4.92198e+06
1303.78	  4.91604e+06
1304.88	  4.91011e+06
1305.97	  4.90418e+06
1307.08	  4.89825e+06
1308.17	  4.89233e+06
1309.28	  4.88642e+06
1310.38	  4.8805e+06
1311.47	  4.8746e+06
1312.58	  4.8687e+06
1313.67	  4.8628e+06
1314.78	  4.85691e+06
1315.88	  4.85102e+06
1316.97	  4.84514e+06
1318.08	  4.83927e+06
1319.17	  4.83339e+06
1320.28	  4.82753e+06
1321.38	  4.82167e+06
1322.47	  4.81581e+06
1323.58	  4.80996e+06
1324.67	  4.80411e+06
1325.78	  4.79827e+06
1326.88	  4.79243e+06
1327.97	  4.7866e+06
1329.08	  4.78077e+06
1330.17	  4.77495e+06
1331.28	  4.76913e+06
1332.38	  4.76332e+06
1333.47	  4.75751e+06
1334.58	  4.75171e+06
1335.67	  4.74591e+06
1336.78	  4.74012e+06
1337.88	  4.73433e+06
1338.97	  4.72855e+06
1340.08	  4.72277e+06
1341.17	  4.717e+06
1342.28	  4.71123e+06
1343.38	  4.70547e+06
1344.47	  4.69971e+06
1345.58	  4.69396e+06
1346.67	  4.68821e+06
1347.78	  4.68247e+06
1348.88	  4.67673e+06
1349.97	  4.671e+06
1351.08	  4.66527e+06
1352.17	  4.65955e+06
1353.28	  4.65383e+06
1354.38	  4.64812e+06
1355.47	  4.64242e+06
1356.58	  4.63671e+06
1357.67	  4.63102e+06
1358.78	  4.62533e+06
1359.88	  4.61964e+06
1360.97	  4.61396e+06
1362.08	  4.60828e+06
1363.17	  4.60261e+06
1364.28	  4.59695e+06
1365.38	  4.59128e+06
1366.47	  4.58563e+06
1367.58	  4.57998e+06
1368.67	  4.57433e+06
1369.78	  4.56869e+06
1370.88	  4.56306e+06
1371.97	  4.55743e+06
1373.08	  4.5518e+06
1374.17	  4.54618e+06
1375.28	  4.54057e+06
1376.38	  4.53496e+06
1377.47	  4.52936e+06
1378.58	  4.52376e+06
1379.67	  4.51816e+06
1380.78	  4.51258e+06
1381.88	  4.50699e+06
1382.97	  4.50141e+06
1384.08	  4.49584e+06
1385.17	  4.49027e+06
1386.28	  4.48471e+06
1387.38	  4.47915e+06
1388.47	  4.4736e+06
1389.58	  4.46805e+06
1390.67	  4.46251e+06
1391.78	  4.45698e+06
1392.88	  4.45144e+06
1393.97	  4.44592e+06
1395.08	  4.4404e+06
1396.17	  4.43488e+06
1397.28	  4.42937e+06
1398.38	  4.42387e+06
1399.47	  4.41837e+06
1400.58	  4.41287e+06
1401.67	  4.40738e+06
1402.78	  4.4019e+06
1403.88	  4.39642e+06
1404.97	  4.39095e+06
1406.08	  4.38548e+06
1407.17	  4.38001e+06
1408.28	  4.37456e+06
1409.38	  4.3691e+06
1410.47	  4.36366e+06
1411.58	  4.35821e+06
1412.67	  4.35278e+06
1413.78	  4.34735e+06
1414.88	  4.34192e+06
1415.97	  4.3365e+06
1417.08	  4.33108e+06
1418.17	  4.32567e+06
1419.28	  4.32027e+06
1420.38	  4.31487e+06
1421.47	  4.30947e+06
1422.58	  4.30408e+06
1423.67	  4.2987e+06
1424.78	  4.29332e+06
1425.88	  4.28795e+06
1426.97	  4.28258e+06
1428.08	  4.27722e+06
1429.17	  4.27186e+06
1430.28	  4.26651e+06
1431.38	  4.26116e+06
1432.47	  4.25582e+06
1433.58	  4.25048e+06
1434.67	  4.24515e+06
1435.78	  4.23982e+06
1436.88	  4.2345e+06
1437.97	  4.22919e+06
1439.08	  4.22388e+06
1440.17	  4.21857e+06
1441.28	  4.21327e+06
1442.38	  4.20798e+06
1443.47	  4.20269e+06
1444.58	  4.19741e+06
1445.67	  4.19213e+06
1446.78	  4.18686e+06
1447.88	  4.18159e+06
1448.97	  4.17633e+06
1450.08	  4.17107e+06
1451.17	  4.16582e+06
1452.28	  4.16057e+06
1453.38	  4.15533e+06
1454.47	  4.1501e+06
1455.58	  4.14487e+06
1456.67	  4.13964e+06
1457.78	  4.13442e+06
1458.88	  2.87846e+06
1459.97	  2.87534e+06
1461.08	  2.87222e+06
1462.17	  2.86911e+06
1463.28	  2.866e+06
1464.38	  2.8629e+06
1465.47	  2.85979e+06
1466.58	  2.8567e+06
1467.67	  2.8536e+06
1468.78	  2.85051e+06
1469.88	  2.84742e+06
1470.97	  2.84433e+06
1472.08	  2.84125e+06
1473.17	  2.83816e+06
1474.28	  2.83509e+06
1475.38	  2.83201e+06
1476.47	  2.82894e+06
1477.58	  2.82587e+06
1478.67	  2.82281e+06
1479.78	  2.81975e+06
1480.88	  2.81669e+06
1481.97	  2.81363e+06
1483.08	  2.81058e+06
1484.17	  2.80753e+06
1485.28	  2.80448e+06
1486.38	  2.80144e+06
1487.47	  2.7984e+06
1488.58	  2.79536e+06
1489.67	  2.79233e+06
1490.78	  2.7893e+06
1491.88	  2.78627e+06
1492.97	  2.78325e+06
1494.08	  2.78022e+06
1495.17	  2.77721e+06
1496.28	  2.77419e+06
1497.38	  2.77118e+06
1498.47	  2.76817e+06
1499.58	  2.76516e+06
1500.67	  2.76216e+06
1501.78	  2.75916e+06
1502.88	  2.75616e+06
1503.97	  2.75317e+06
1505.08	  2.75018e+06
1506.17	  2.74719e+06
1507.28	  2.74421e+06
1508.38	  2.74123e+06
1509.47	  2.73825e+06
1510.58	  2.73527e+06
1511.67	  2.7323e+06
1512.78	  2.72933e+06
1513.88	  2.72637e+06
1514.97	  2.7234e+06
1516.08	  2.72045e+06
1517.17	  2.71749e+06
1518.28	  2.71454e+06
1519.38	  2.71159e+06
1520.47	  2.70864e+06
1521.58	  2.70569e+06
1522.67	  2.70275e+06
1523.78	  2.69981e+06
1524.88	  2.69688e+06
1525.97	  2.69395e+06
1527.08	  2.69102e+06
1528.17	  2.68809e+06
1529.28	  2.68517e+06
1530.38	  2.68225e+06
1531.47	  2.67934e+06
1532.58	  2.67642e+06
1533.67	  2.67351e+06
1534.78	  2.6706e+06
1535.88	  2.6677e+06
1536.97	  2.6648e+06
1538.08	  2.6619e+06
1539.17	  2.65901e+06
1540.28	  2.65611e+06
1541.38	  2.65323e+06
1542.47	  2.65034e+06
1543.58	  2.64746e+06
1544.67	  2.64458e+06
1545.78	  2.6417e+06
1546.88	  2.63883e+06
1547.97	  2.63596e+06
1549.08	  2.63309e+06
1550.17	  2.63023e+06
1551.28	  2.62736e+06
1552.38	  2.62451e+06
1553.47	  2.62165e+06
1554.58	  2.6188e+06
1555.67	  2.61595e+06
1556.78	  2.6131e+06
1557.88	  2.61026e+06
1558.97	  2.60742e+06
1560.08	  2.60459e+06
1561.17	  2.60175e+06
1562.28	  2.59892e+06
1563.38	  2.59609e+06
1564.47	  2.59327e+06
1565.58	  2.59045e+06
1566.67	  2.58763e+06
1567.78	  2.58481e+06
1568.88	  2.582e+06
1569.97	  2.57919e+06
1571.08	  2.57639e+06
1572.17	  2.57358e+06
1573.28	  2.57078e+06
1574.38	  2.56799e+06
1575.47	  2.56519e+06
1576.58	  2.5624e+06
1577.67	  2.55961e+06
1578.78	  2.55683e+06
1579.88	  2.55405e+06
1580.97	  2.55127e+06
1582.08	  2.54849e+06
1583.17	  2.54572e+06
1584.28	  2.54295e+06
1585.38	  2.54019e+06
1586.47	  2.53742e+06
1587.58	  2.53466e+06
1588.67	  2.53191e+06
1589.78	  2.52915e+06
1590.88	  2.5264e+06
1591.97	  2.52365e+06
1593.08	  2.52091e+06
1594.17	  2.51817e+06
1595.28	  2.51543e+06
1596.38	  2.51269e+06
1597.47	  2.50996e+06
1598.58	  2.50723e+06
1599.67	  2.50451e+06
1600.78	  2.50178e+06
1601.88	  2.49906e+06
1602.97	  2.49635e+06
1604.08	  2.49363e+06
1605.17	  2.49092e+06
1606.28	  2.48822e+06
1607.38	  2.48551e+06
1608.47	  2.48281e+06
1609.58	  2.48011e+06
1610.67	  2.47742e+06
1611.78	  2.47473e+06
1612.88	  2.47204e+06
1613.97	  2.46935e+06
1615.08	  2.46667e+06
1616.17	  2.46399e+06
1617.28	  2.46132e+06
1618.38	  2.45864e+06
1619.47	  2.45597e+06
1620.58	  2.45331e+06
1621.67	  2.45064e+06
1622.78	  2.44799e+06
1623.88	  2.44533e+06
1624.97	  2.44268e+06
1626.08	  2.44003e+06
1627.17	  2.43738e+06
1628.28	  2.43474e+06
1629.38	  2.4321e+06
1630.47	  2.42946e+06
1631.58	  2.42683e+06
1632.67	  2.4242e+06
1633.78	  2.42158e+06
1634.88	  2.41896e+06
1635.97	  2.41634e+06
1637.08	  2.41372e+06
1638.17	  2.41112e+06
1639.28	  2.40851e+06
1640.38	  2.40591e+06
1641.47	  2.40331e+06
1642.58	  2.40073e+06
1643.67	  2.39814e+06
1644.78	  2.39556e+06
1645.88	  2.39298e+06
1646.97	  2.39041e+06
1648.08	  2.38783e+06
1649.17	  2.38526e+06
1650.28	  2.38269e+06
1651.38	  2.38012e+06
1652.47	  2.37755e+06
1653.58	  2.37499e+06
1654.67	  2.37243e+06
1655.78	  2.36987e+06
1656.88	  2.36731e+06
1657.97	  2.36475e+06
1659.08	  2.3622e+06
1660.17	  2.35965e+06
1661.28	  2.3571e+06
1662.38	  2.35455e+06
1663.47	  2.35201e+06
1664.58	  2.34947e+06
1665.67	  2.34693e+06
1666.78	  2.34439e+06
1667.88	  2.34185e+06
1668.97	  2.33932e+06
1670.08	  2.33679e+06
1671.17	  2.33426e+06
1672.28	  2.33173e+06
1673.38	  2.32921e+06
1674.47	  2.32669e+06
1675.58	  2.32417e+06
1676.67	  2.32165e+06
1677.78	  2.31913e+06
1678.88	  2.31662e+06
1679.97	  2.31411e+06
1681.08	  2.3116e+06
1682.17	  2.30909e+06
1683.28	  2.30659e+06
1684.38	  2.30408e+06
1685.47	  2.30158e+06
1686.58	  2.29909e+06
1687.67	  2.29659e+06
1688.78	  2.2941e+06
1689.88	  2.2916e+06
1690.97	  2.28911e+06
1692.08	  2.28663e+06
1693.17	  2.28414e+06
1694.28	  2.28166e+06
1695.38	  2.27918e+06
1696.47	  2.2767e+06
1697.58	  2.27422e+06
1698.67	  2.27175e+06
1699.78	  2.26928e+06
1700.88	  2.26681e+06
1701.97	  2.26434e+06
1703.08	  2.26188e+06
1704.17	  2.25941e+06
1705.28	  2.25695e+06
1706.38	  2.25449e+06
1707.47	  2.25204e+06
1708.58	  2.24958e+06
1709.67	  2.24713e+06
1710.78	  2.24468e+06
1711.88	  2.24223e+06
1712.97	  2.23979e+06
1714.08	  2.23734e+06
1715.17	  2.2349e+06
1716.28	  2.23246e+06
1717.38	  2.23003e+06
1718.47	  2.22759e+06
1719.58	  2.22516e+06
1720.67	  2.22273e+06
1721.78	  2.2203e+06
1722.88	  2.21788e+06
1723.97	  2.21545e+06
1725.08	  2.21303e+06
1726.17	  2.21061e+06
1727.28	  2.2082e+06
1728.38	  2.20578e+06
1729.47	  2.20337e+06
1730.58	  2.20096e+06
1731.67	  2.19855e+06
1732.78	  2.19614e+06
1733.88	  2.19374e+06
1734.97	  2.19134e+06
1736.08	  2.18894e+06
1737.17	  2.18654e+06
1738.28	  2.18415e+06
1739.38	  2.18175e+06
1740.47	  2.17936e+06
1741.58	  2.17697e+06
1742.67	  2.17459e+06
1743.78	  2.1722e+06
1744.88	  2.16982e+06
1745.97	  2.16744e+06
1747.08	  2.16507e+06
1748.17	  2.16269e+06
1749.28	  2.16032e+06
1750.38	  2.15795e+06
1751.47	  2.15558e+06
1752.58	  2.15321e+06
1753.67	  2.15085e+06
1754.78	  2.14848e+06
1755.88	  2.14613e+06
1756.97	  2.14377e+06
1758.08	  2.14141e+06
1759.17	  2.13906e+06
1760.28	  2.13671e+06
1761.38	  2.13436e+06
1762.47	  2.13201e+06
1763.58	  2.12967e+06
1764.67	  2.12732e+06
1765.78	  2.12498e+06
1766.88	  2.12265e+06
1767.97	  2.12031e+06
1769.08	  2.11798e+06
1770.17	  2.11565e+06
1771.28	  2.11332e+06
1772.38	  2.11099e+06
1773.47	  2.10866e+06
1774.58	  2.10634e+06
1775.67	  2.10402e+06
1776.78	  2.1017e+06
1777.88	  2.09939e+06
1778.97	  2.09707e+06
1780.08	  2.09476e+06
1781.17	  2.09245e+06
1782.28	  2.09014e+06
1783.38	  2.08784e+06
1784.47	  2.08553e+06
1785.58	  2.08323e+06
1786.67	  2.08093e+06
1787.78	  2.07864e+06
1788.88	  2.07634e+06
1789.97	  2.07405e+06
1791.08	  2.07176e+06
1792.17	  2.06947e+06
1793.28	  2.06719e+06
1794.38	  2.0649e+06
1795.47	  2.06262e+06
1796.58	  2.06034e+06
1797.67	  2.05807e+06
1798.78	  2.05579e+06
1799.88	  2.05352e+06
1800.97	  2.05125e+06
1802.08	  2.04898e+06
1803.17	  2.04671e+06
1804.28	  2.04445e+06
1805.38	  2.04219e+06
1806.47	  2.03993e+06
1807.58	  2.03767e+06
1808.67	  2.03541e+06
1809.78	  2.03316e+06
1810.88	  2.03091e+06
1811.97	  2.02866e+06
1813.08	  2.02641e+06
1814.17	  2.02417e+06
1815.28	  2.02193e+06
1816.38	  2.01969e+06
1817.47	  2.01745e+06
1818.58	  2.01521e+06
1819.67	  2.01298e+06
1820.78	  2.01075e+06
1821.88	  2.00852e+06
1822.97	  2.00629e+06
1824.08	  2.00406e+06
1825.17	  2.00184e+06
1826.28	  1.99962e+06
1827.38	  1.9974e+06
1828.47	  1.99519e+06
1829.58	  1.99297e+06
1830.67	  1.99076e+06
1831.78	  1.98855e+06
1832.88	  1.98634e+06
1833.97	  1.98413e+06
1835.08	  1.98193e+06
1836.17	  1.97973e+06
1837.28	  1.97753e+06
1838.38	  1.97533e+06
1839.47	  1.97314e+06
1840.58	  1.97094e+06
1841.67	  1.96875e+06
1842.78	  1.96656e+06
1843.88	  1.96438e+06
1844.97	  1.96219e+06
1846.08	  1.96001e+06
1847.17	  1.95783e+06
1848.28	  1.95565e+06
1849.38	  1.95348e+06
1850.47	  1.9513e+06
1851.58	  1.94913e+06
1852.67	  1.94696e+06
1853.78	  1.94479e+06
1854.88	  1.94263e+06
1855.97	  1.94047e+06
1857.08	  1.9383e+06
1858.17	  1.93615e+06
1859.28	  1.93399e+06
1860.38	  1.93183e+06
1861.47	  1.92968e+06
1862.58	  1.92753e+06
1863.67	  1.92538e+06
1864.78	  1.92324e+06
1865.88	  1.92109e+06
1866.97	  1.91895e+06
1868.08	  1.91681e+06
1869.17	  1.91467e+06
1870.28	  1.91254e+06
1871.38	  1.9104e+06
1872.47	  1.90827e+06
1873.58	  1.90614e+06
1874.67	  1.90402e+06
1875.78	  1.90189e+06
1876.88	  1.89977e+06
1877.97	  1.89765e+06
1879.08	  1.89553e+06
1880.17	  1.89341e+06
1881.28	  1.8913e+06
1882.38	  1.88918e+06
1883.47	  1.88707e+06
1884.58	  1.88497e+06
1885.67	  1.88286e+06
1886.78	  1.88076e+06
1887.88	  1.87865e+06
1888.97	  1.87655e+06
1890.08	  1.87446e+06
1891.17	  1.87236e+06
1892.28	  1.87027e+06
1893.38	  1.86818e+06
1894.47	  1.86609e+06
1895.58	  1.864e+06
1896.67	  1.86191e+06
1897.78	  1.85983e+06
1898.88	  1.85775e+06
1899.97	  1.85567e+06
1901.08	  1.85359e+06
1902.17	  1.85152e+06
1903.28	  1.84945e+06
1904.38	  1.84738e+06
1905.47	  1.84531e+06
1906.58	  1.84324e+06
1907.67	  1.84118e+06
1908.78	  1.83911e+06
1909.88	  1.83705e+06
1910.97	  1.835e+06
1912.08	  1.83294e+06
1913.17	  1.83089e+06
1914.28	  1.82883e+06
1915.38	  1.82678e+06
1916.47	  1.82474e+06
1917.58	  1.82269e+06
1918.67	  1.82065e+06
1919.78	  1.81861e+06
1920.88	  1.81657e+06
1921.97	  1.81453e+06
1923.08	  1.81249e+06
1924.17	  1.81046e+06
1925.28	  1.80843e+06
1926.38	  1.8064e+06
1927.47	  1.80437e+06
1928.58	  1.80235e+06
1929.67	  1.80032e+06
1930.78	  1.7983e+06
1931.88	  1.79628e+06
1932.97	  1.79427e+06
1934.08	  1.79225e+06
1935.17	  1.79024e+06
1936.28	  1.78823e+06
1937.38	  1.78622e+06
1938.47	  1.78421e+06
1939.58	  1.78221e+06
1940.67	  1.78021e+06
1941.78	  1.77821e+06
1942.88	  1.77621e+06
1943.97	  1.77421e+06
1945.08	  1.77222e+06
1946.17	  1.77022e+06
1947.28	  1.76823e+06
1948.38	  1.76625e+06
1949.47	  1.76426e+06
1950.58	  1.76228e+06
1951.67	  1.76029e+06
1952.78	  1.75831e+06
1953.88	  1.75634e+06
1954.97	  1.75436e+06
1956.08	  1.75239e+06
1957.17	  1.75041e+06
1958.28	  1.74844e+06
1959.38	  1.74648e+06
1960.47	  1.74451e+06
1961.58	  1.74255e+06
1962.67	  1.74058e+06
1963.78	  1.73862e+06
1964.88	  1.73667e+06
1965.97	  1.73471e+06
1967.08	  1.73276e+06
1968.17	  1.7308e+06
1969.28	  1.72885e+06
1970.38	  1.72691e+06
1971.47	  1.72496e+06
1972.58	  1.72302e+06
1973.67	  1.72108e+06
1974.78	  1.71914e+06
1975.88	  1.7172e+06
1976.97	  1.71526e+06
1978.08	  1.71333e+06
1979.17	  1.7114e+06
1980.28	  1.70947e+06
1981.38	  1.70754e+06
1982.47	  1.70561e+06
1983.58	  1.70369e+06
1984.67	  1.70177e+06
1985.78	  1.69985e+06
1986.88	  1.69793e+06
1987.97	  1.69601e+06
1989.08	  1.6941e+06
1990.17	  1.69219e+06
1991.28	  1.69028e+06
1992.38	  1.68837e+06
1993.47	  1.68646e+06
1994.58	  1.68456e+06
1995.67	  1.68266e+06
1996.78	  1.68076e+06
1997.88	  1.67886e+06
1998.97	  1.67696e+06
2000.08	  1.67507e+06
2001.17	  1.67318e+06
2002.28	  1.67129e+06
2003.38	  1.6694e+06
2004.47	  1.66751e+06
2005.58	  1.66563e+06
2006.67	  1.66375e+06
2007.78	  1.66187e+06
2008.88	  1.65999e+06
2009.97	  1.65811e+06
2011.08	  1.65624e+06
2012.17	  1.65437e+06
2013.28	  1.6525e+06
2014.38	  1.65063e+06
2015.47	  1.64876e+06
2016.58	  1.6469e+06
2017.67	  1.64503e+06
2018.78	  1.64317e+06
2019.88	  1.64131e+06
2020.97	  1.63946e+06
2022.08	  1.6376e+06
2023.18	  1.63575e+06
2024.28	  1.6339e+06
2025.38	  1.63205e+06
2026.47	  1.6302e+06
2027.58	  1.62836e+06
2028.68	  1.62652e+06
2029.78	  1.62467e+06
2030.88	  1.62284e+06
2031.97	  1.621e+06
2033.08	  1.61916e+06
2034.18	  1.61733e+06
2035.28	  1.6155e+06
2036.38	  1.61367e+06
2037.47	  1.61184e+06
2038.58	  1.61001e+06
2039.68	  1.60819e+06
2040.78	  1.60637e+06
2041.88	  1.60455e+06
2042.97	  1.60273e+06
2044.08	  1.60091e+06
2045.18	  1.5991e+06
2046.28	  1.59729e+06
2047.38	  1.59548e+06
2048.47	  1.59367e+06
2049.57	  1.59186e+06
2050.68	  1.59006e+06
2051.78	  1.58826e+06
2052.88	  1.58645e+06
2053.97	  1.58466e+06
2055.07	  1.58286e+06
2056.18	  1.58106e+06
2057.28	  1.57927e+06
2058.38	  1.57748e+06
2059.47	  1.57569e+06
2060.57	  1.5739e+06
2061.68	  1.57212e+06
2062.78	  1.57033e+06
2063.88	  1.56855e+06
2064.97	  1.56677e+06
2066.07	  1.56499e+06
2067.18	  1.56322e+06
2068.28	  1.56144e+06
2069.38	  1.55967e+06
2070.47	  1.5579e+06
2071.57	  1.55613e+06
2072.68	  1.55437e+06
2073.78	  1.5526e+06
2074.88	  1.55084e+06
2075.97	  1.54908e+06
2077.07	  1.54732e+06
2078.18	  1.54556e+06
2079.28	  1.54381e+06
2080.38	  1.54205e+06
2081.47	  1.5403e+06
2082.57	  1.53855e+06
2083.68	  1.5368e+06
2084.78	  1.53506e+06
2085.88	  1.53331e+06
2086.97	  1.53157e+06
2088.07	  1.52983e+06
2089.18	  1.52809e+06
2090.28	  1.52635e+06
2091.38	  1.52462e+06
2092.47	  1.52289e+06
2093.57	  1.52116e+06
2094.68	  1.51943e+06
2095.78	  1.5177e+06
2096.88	  1.51597e+06
2097.97	  1.51425e+06
2099.07	  1.51253e+06
2100.18	  1.51081e+06
2101.28	  1.50909e+06
2102.38	  1.50737e+06
2103.47	  1.50566e+06
2104.57	  1.50395e+06
2105.68	  1.50224e+06
2106.78	  1.50053e+06
2107.88	  1.49882e+06
2108.97	  1.49711e+06
2110.07	  1.49541e+06
2111.18	  1.49371e+06
2112.28	  1.49201e+06
2113.38	  1.49031e+06
2114.47	  1.48862e+06
2115.57	  1.48692e+06
2116.68	  1.48523e+06
2117.78	  1.48354e+06
2118.88	  1.48185e+06
2119.97	  1.48016e+06
2121.07	  1.47848e+06
2122.18	  1.47679e+06
2123.28	  1.47511e+06
2124.38	  1.47343e+06
2125.47	  1.47175e+06
2126.57	  1.47008e+06
2127.68	  1.4684e+06
2128.78	  1.46673e+06
2129.88	  1.46506e+06
2130.97	  1.46339e+06
2132.07	  1.46173e+06
2133.18	  1.46006e+06
2134.28	  1.4584e+06
2135.38	  1.45674e+06
2136.47	  1.45508e+06
2137.57	  1.45342e+06
2138.68	  1.45176e+06
2139.78	  1.45011e+06
2140.88	  1.44845e+06
2141.97	  1.4468e+06
2143.07	  1.44515e+06
2144.18	  1.44351e+06
2145.28	  1.44186e+06
2146.38	  1.44022e+06
2147.47	  1.43858e+06
2148.57	  1.43694e+06
2149.68	  1.4353e+06
2150.78	  1.43366e+06
2151.88	  1.43203e+06
2152.97	  1.43039e+06
2154.07	  1.42876e+06
2155.18	  1.42713e+06
2156.28	  1.42551e+06
2157.38	  1.42388e+06
2158.47	  1.42226e+06
2159.57	  1.42063e+06
2160.68	  1.41901e+06
2161.78	  1.41739e+06
2162.88	  1.41578e+06
2163.97	  1.41416e+06
2165.07	  1.41255e+06
2166.18	  1.41094e+06
2167.28	  1.40933e+06
2168.38	  1.40772e+06
2169.47	  1.40611e+06
2170.57	  1.40451e+06
2171.68	  1.4029e+06
2172.78	  1.4013e+06
2173.88	  1.3997e+06
2174.97	  1.39811e+06
2176.07	  1.39651e+06
2177.18	  1.39492e+06
2178.28	  1.39332e+06
2179.38	  1.39173e+06
2180.47	  1.39014e+06
2181.57	  1.38856e+06
2182.68	  1.38697e+06
2183.78	  1.38539e+06
2184.88	  1.3838e+06
2185.97	  1.38222e+06
2187.07	  1.38065e+06
2188.18	  1.37907e+06
2189.28	  1.37749e+06
2190.38	  1.37592e+06
2191.47	  1.37435e+06
2192.57	  1.37278e+06
2193.68	  1.37121e+06
2194.78	  1.36964e+06
2195.88	  1.36808e+06
2196.97	  1.36652e+06
2198.07	  1.36496e+06
2199.18	  1.3634e+06
2200.28	  1.36184e+06
2201.38	  1.36028e+06
2202.47	  1.35873e+06
2203.57	  1.35717e+06
2204.68	  1.35562e+06
2205.78	  1.35407e+06
2206.88	  1.35253e+06
2207.97	  1.35098e+06
2209.07	  1.34944e+06
2210.18	  1.34789e+06
2211.28	  1.34635e+06
2212.38	  1.34481e+06
2213.47	  1.34328e+06
2214.57	  1.34174e+06
2215.68	  1.34021e+06
2216.78	  1.33867e+06
2217.88	  1.33714e+06
2218.97	  1.33562e+06
2220.07	  1.33409e+06
2221.18	  1.33256e+06
2222.28	  1.33104e+06
2223.38	  1.32952e+06
2224.47	  1.328e+06
2225.57	  1.32648e+06
2226.68	  1.32496e+06
2227.78	  1.32344e+06
2228.88	  1.32193e+06
2229.97	  1.32042e+06
2231.07	  1.31891e+06
2232.18	  1.3174e+06
2233.28	  1.31589e+06
2234.38	  1.31439e+06
2235.47	  1.31288e+06
2236.57	  1.31138e+06
2237.68	  1.30988e+06
2238.78	  1.30838e+06
2239.88	  1.30688e+06
2240.97	  1.30539e+06
2242.07	  1.3039e+06
2243.18	  1.3024e+06
2244.28	  1.30091e+06
2245.38	  1.29942e+06
2246.47	  1.29794e+06
2247.57	  1.29645e+06
2248.68	  1.29497e+06
2249.78	  1.29349e+06
2250.88	  1.292e+06
2251.97	  1.29053e+06
2253.07	  1.28905e+06
2254.18	  1.28757e+06
2255.28	  1.2861e+06
2256.38	  1.28463e+06
2257.47	  1.28316e+06
2258.57	  1.28169e+06
2259.68	  1.28022e+06
2260.78	  1.27875e+06
2261.88	  1.27729e+06
2262.97	  1.27583e+06
2264.07	  1.27437e+06
2265.18	  1.27291e+06
2266.28	  1.27145e+06
2267.38	  1.26999e+06
2268.47	  1.26854e+06
2269.57	  1.26709e+06
2270.68	  1.26563e+06
2271.78	  1.26419e+06
2272.88	  1.26274e+06
2273.97	  1.26129e+06
2275.07	  1.25985e+06
2276.18	  1.2584e+06
2277.28	  1.25696e+06
2278.38	  1.25552e+06
2279.47	  1.25408e+06
2280.57	  1.0926e+06
2281.68	  1.09145e+06
2282.78	  1.09031e+06
2283.88	  1.08917e+06
2284.97	  1.08802e+06
2286.07	  1.08688e+06
2287.18	  1.08574e+06
2288.28	  1.08461e+06
2289.38	  1.08347e+06
2290.47	  1.08233e+06
2291.57	  1.0812e+06
2292.68	  1.08006e+06
2293.78	  1.07893e+06
2294.88	  1.0778e+06
2295.97	  1.07667e+06
2297.07	  1.07554e+06
2298.18	  1.07441e+06
2299.28	  1.07329e+06
2300.38	  1.07216e+06
2301.47	  1.07104e+06
2302.57	  1.06991e+06
2303.68	  1.06879e+06
2304.78	  1.06767e+06
2305.88	  1.06655e+06
2306.97	  1.06543e+06
2308.07	  1.06432e+06
2309.18	  1.0632e+06
2310.28	  1.06208e+06
2311.38	  1.06097e+06
2312.47	  1.05986e+06
2313.57	  1.05875e+06
2314.68	  1.05763e+06
2315.78	  1.05653e+06
2316.88	  1.05542e+06
2317.97	  1.05431e+06
2319.07	  1.0532e+06
2320.18	  1.0521e+06
2321.28	  1.05099e+06
2322.38	  1.04989e+06
2323.47	  1.04879e+06
2324.57	  1.04769e+06
2325.68	  1.04659e+06
2326.78	  1.04549e+06
2327.88	  1.0444e+06
2328.97	  1.0433e+06
2330.07	  1.0422e+06
2331.18	  1.04111e+06
2332.28	  1.04002e+06
2333.38	  1.03893e+06
2334.47	  1.03784e+06
2335.57	  1.03675e+06
2336.68	  1.03566e+06
2337.78	  1.03457e+06
2338.88	  1.03349e+06
2339.97	  1.0324e+06
2341.07	  1.03132e+06
2342.18	  1.03023e+06
2343.28	  1.02915e+06
2344.38	  1.02807e+06
2345.47	  1.02699e+06
2346.57	  1.02591e+06
2347.68	  1.02484e+06
2348.78	  1.02376e+06
2349.88	  1.02269e+06
2350.97	  1.02161e+06
2352.07	  1.02054e+06
2353.18	  1.01947e+06
2354.28	  1.0184e+06
2355.38	  1.01733e+06
2356.47	  1.01626e+06
2357.57	  1.01519e+06
2358.68	  1.01413e+06
2359.78	  1.01306e+06
2360.88	  1.012e+06
2361.97	  1.01094e+06
2363.07	  1.00987e+06
2364.18	  1.00881e+06
2365.28	  1.00775e+06
2366.38	  1.0067e+06
2367.47	  1.00564e+06
2368.57	  1.00458e+06
2369.68	  1.00353e+06
2370.78	  1.00247e+06
2371.88	  1.00142e+06
2372.97	  1.00037e+06
2374.07	  999317
2375.18	  998267
2376.28	  997218
2377.38	  996171
2378.47	  995124
2379.57	  994079
2380.68	  993034
2381.78	  991991
2382.88	  990949
2383.97	  989908
2385.07	  988868
2386.18	  987829
2387.28	  986791
2388.38	  985754
2389.47	  984718
2390.57	  983683
2391.68	  982650
2392.78	  981617
2393.88	  980586
2394.97	  979555
2396.07	  978526
2397.18	  977497
2398.28	  976470
2399.38	  975444
2400.47	  974419
2401.57	  973395
2402.68	  972372
2403.78	  971350
2404.88	  970329
2405.97	  969309
2407.07	  968290
2408.18	  967272
2409.28	  966256
2410.38	  965240
2411.47	  964226
2412.57	  963212
2413.68	  962199
2414.78	  961188
2415.88	  960178
2416.97	  959168
2418.07	  958160
2419.18	  957153
2420.28	  956146
2421.38	  955141
2422.47	  954137
2423.57	  953134
2424.68	  952132
2425.78	  951131
2426.88	  950131
2427.97	  949132
2429.07	  948134
2430.18	  947137
2431.28	  946141
2432.38	  945146
2433.47	  944153
2434.57	  943160
2435.68	  942168
2436.78	  941178
2437.88	  940188
2438.97	  939199
2440.07	  938212
2441.18	  937225
2442.28	  936239
2443.38	  935255
2444.47	  934271
2445.57	  933289
2446.68	  932307
2447.78	  931327
2448.88	  930347
2449.97	  929369
2451.07	  928392
2452.18	  927415
2453.28	  926440
2454.38	  925466
2455.47	  924492
2456.57	  923520
2457.68	  922548
2458.78	  921578
2459.88	  920609
2460.97	  919641
2462.07	  918673
2463.18	  917707
2464.28	  916742
2465.38	  915778
2466.47	  914814
2467.57	  913852
2468.68	  912891
2469.78	  911930
2470.88	  910971
2471.97	  910013
2473.07	  909056
2474.18	  908099
2475.28	  907144
2476.38	  906190
2477.47	  905237
