Emission arising from a slab of Hydrogen (both H and H-).
   
Parameters of the slab:
n_e = 5e+14 cm-3
T_e = 10500 K
tau(lambda=300 nm) = 0.75
L = 5.42599e+06 cm
   
Wavelength (nm), Emission (erg s-1 cm-2 nm-1 sr-1)
50	  481.132
91.2	  136497
120	  2.79255e+06
150	  1.6931e+07
175	  4.36965e+07
200	  8.43454e+07
225	  1.3401e+08
250	  1.85944e+08
270	  2.24743e+08
290	  2.58321e+08
300	  2.72614e+08
305	  2.79076e+08
310	  2.85069e+08
315	  2.90586e+08
320	  2.95622e+08
322.5	  2.9796e+08
325	  3.00178e+08
327	  3.01866e+08
329	  3.03478e+08
329.999	  3.04254e+08
330.266	  3.04458e+08
330.533	  3.04661e+08
330.8	  3.04863e+08
331.067	  3.05063e+08
331.334	  3.05262e+08
331.601	  3.05459e+08
331.868	  3.05655e+08
332.135	  3.0585e+08
332.402	  3.06044e+08
332.669	  3.06236e+08
332.936	  3.06427e+08
333.203	  3.06616e+08
333.47	  3.06804e+08
333.737	  3.06991e+08
334.004	  3.07176e+08
334.271	  3.0736e+08
334.538	  3.07543e+08
334.805	  3.07724e+08
335.072	  3.07904e+08
335.339	  3.08083e+08
335.606	  3.0826e+08
335.873	  3.08436e+08
336.14	  3.08611e+08
336.407	  3.08784e+08
336.674	  3.08956e+08
336.941	  3.09127e+08
337.208	  3.09296e+08
337.475	  3.09464e+08
337.742	  3.09631e+08
338.009	  3.09797e+08
338.276	  3.09961e+08
338.543	  3.10123e+08
338.81	  3.10285e+08
339.077	  3.10445e+08
339.344	  3.10603e+08
339.611	  3.10761e+08
339.878	  3.10917e+08
340.145	  3.11072e+08
340.412	  3.11225e+08
340.679	  3.11378e+08
340.946	  3.11528e+08
341.213	  3.11678e+08
341.48	  3.11826e+08
341.747	  3.11973e+08
342.014	  3.12119e+08
342.281	  3.12263e+08
342.548	  3.12406e+08
342.815	  3.12548e+08
343.082	  3.12688e+08
343.349	  3.12827e+08
343.616	  3.12965e+08
343.883	  3.13102e+08
344.15	  3.13237e+08
344.417	  3.13371e+08
344.684	  3.13504e+08
344.951	  3.13635e+08
345.218	  3.13765e+08
345.485	  3.13894e+08
345.752	  3.14021e+08
346.019	  3.14147e+08
346.286	  3.14272e+08
346.553	  3.14396e+08
346.82	  3.14518e+08
347.087	  3.1464e+08
347.354	  3.14759e+08
347.621	  3.14878e+08
347.888	  3.14995e+08
348.155	  3.15111e+08
348.422	  3.15226e+08
348.689	  3.15339e+08
348.956	  3.15452e+08
349.223	  3.15563e+08
349.49	  3.15672e+08
349.757	  3.15781e+08
350.024	  3.15888e+08
350.291	  3.15994e+08
350.558	  3.16099e+08
350.825	  3.16202e+08
351.092	  3.16304e+08
351.359	  3.16405e+08
351.626	  3.16505e+08
351.893	  3.16603e+08
352.16	  3.167e+08
352.427	  3.16796e+08
352.694	  3.16891e+08
352.961	  3.16985e+08
353.228	  3.17077e+08
353.495	  3.17168e+08
353.762	  3.17258e+08
354.029	  3.17346e+08
354.296	  3.17434e+08
354.563	  3.1752e+08
354.83	  3.17604e+08
355.097	  3.17688e+08
355.364	  3.17771e+08
355.631	  3.17852e+08
355.898	  3.17932e+08
356.165	  3.18011e+08
356.432	  3.18088e+08
356.699	  3.18165e+08
356.966	  3.1824e+08
357.233	  3.18314e+08
357.5	  3.18387e+08
357.767	  3.18458e+08
358.034	  3.18529e+08
358.301	  3.18598e+08
358.568	  3.18666e+08
358.835	  3.18733e+08
359.102	  3.18798e+08
359.369	  3.18863e+08
359.636	  3.18926e+08
359.903	  3.18988e+08
360.17	  3.19049e+08
360.437	  3.19108e+08
360.704	  3.19167e+08
360.971	  3.19224e+08
361.238	  3.19281e+08
361.505	  3.19336e+08
361.772	  3.19389e+08
362.039	  3.19442e+08
362.306	  3.19494e+08
362.573	  3.19544e+08
363	  3.19622e+08
363.027	  3.19627e+08
363.054	  3.19632e+08
363.08	  3.19637e+08
363.107	  3.19641e+08
363.134	  3.19646e+08
363.16	  3.19651e+08
363.187	  3.19655e+08
363.214	  3.1966e+08
363.24	  3.19665e+08
363.267	  3.1967e+08
363.294	  3.19674e+08
363.321	  3.19679e+08
363.347	  3.19684e+08
363.374	  3.19688e+08
363.401	  3.19693e+08
363.427	  3.19697e+08
363.454	  3.19702e+08
363.481	  3.19707e+08
363.508	  3.19711e+08
363.534	  3.19716e+08
363.561	  3.1972e+08
363.588	  3.19725e+08
363.614	  3.19729e+08
363.641	  3.19734e+08
363.668	  3.19738e+08
363.694	  3.19743e+08
363.721	  3.19747e+08
363.748	  3.19752e+08
363.774	  3.19756e+08
363.801	  3.19761e+08
363.828	  3.19765e+08
363.855	  3.1977e+08
363.881	  3.19774e+08
363.908	  3.19779e+08
363.935	  3.19783e+08
363.961	  3.19787e+08
363.988	  3.19792e+08
364.015	  3.19796e+08
364.041	  3.198e+08
364.068	  3.19805e+08
364.095	  3.19809e+08
364.122	  3.19813e+08
364.148	  3.19818e+08
364.175	  3.19822e+08
364.202	  3.19826e+08
364.228	  3.19831e+08
364.255	  3.19835e+08
364.282	  3.19839e+08
364.308	  3.19843e+08
364.335	  3.19848e+08
364.362	  3.19852e+08
364.389	  3.19856e+08
364.415	  3.1986e+08
364.442	  3.19864e+08
364.469	  3.19868e+08
364.495	  3.19873e+08
364.522	  3.19877e+08
364.549	  3.19881e+08
364.575	  3.19885e+08
364.602	  3.19889e+08
364.629	  3.19893e+08
364.656	  3.19897e+08
364.682	  3.19901e+08
364.709	  3.19905e+08
364.736	  3.61456e+07
364.762	  3.61495e+07
364.789	  3.61535e+07
364.816	  3.61574e+07
364.842	  3.61613e+07
364.869	  3.61653e+07
364.896	  3.61692e+07
364.923	  3.61731e+07
364.949	  3.6177e+07
364.976	  3.6181e+07
365.003	  3.61849e+07
365.029	  3.61888e+07
365.056	  3.61927e+07
365.083	  3.61967e+07
365.11	  3.62006e+07
365.136	  3.62045e+07
365.163	  3.62084e+07
365.19	  3.62123e+07
365.216	  3.62163e+07
365.243	  3.62202e+07
365.27	  3.62241e+07
365.296	  3.6228e+07
365.323	  3.62319e+07
365.35	  3.62359e+07
365.377	  3.62398e+07
365.403	  3.62437e+07
365.43	  3.62476e+07
365.457	  3.62515e+07
365.483	  3.62554e+07
365.51	  3.62593e+07
365.537	  3.62633e+07
365.563	  3.62672e+07
365.59	  3.62711e+07
365.617	  3.6275e+07
365.643	  3.62789e+07
365.67	  3.62828e+07
365.697	  3.62867e+07
365.724	  3.62906e+07
365.75	  3.62945e+07
365.777	  3.62984e+07
365.804	  3.63023e+07
365.83	  3.63062e+07
365.857	  3.63102e+07
365.884	  3.63141e+07
365.91	  3.6318e+07
365.937	  3.63219e+07
365.964	  3.63258e+07
365.991	  3.63297e+07
365.991	  3.63297e+07
366.258	  3.63687e+07
366.525	  3.64076e+07
366.792	  3.64464e+07
367.059	  3.64852e+07
367.326	  3.65239e+07
367.593	  3.65626e+07
367.86	  3.66012e+07
368.127	  3.66397e+07
368.394	  3.66782e+07
368.661	  3.67166e+07
368.928	  3.6755e+07
369.195	  3.67933e+07
369.462	  3.68315e+07
369.729	  3.68696e+07
369.996	  3.69077e+07
370.263	  3.69458e+07
370.53	  3.69837e+07
370.797	  3.70216e+07
371.064	  3.70595e+07
371.331	  3.70972e+07
371.598	  3.7135e+07
371.865	  3.71726e+07
372.132	  3.72102e+07
372.399	  3.72477e+07
372.666	  3.72852e+07
372.933	  3.73225e+07
373.2	  3.73599e+07
373.467	  3.73971e+07
373.734	  3.74343e+07
374.001	  3.74715e+07
374.268	  3.75085e+07
374.535	  3.75455e+07
374.802	  3.75825e+07
375.069	  3.76194e+07
375.336	  3.76562e+07
375.603	  3.76929e+07
375.87	  3.77296e+07
376.137	  3.77662e+07
376.404	  3.78028e+07
376.671	  3.78393e+07
376.938	  3.78757e+07
377.205	  3.7912e+07
377.472	  3.79483e+07
377.739	  3.79846e+07
378.006	  3.80207e+07
378.273	  3.80568e+07
378.54	  3.80929e+07
378.807	  3.81288e+07
379.074	  3.81648e+07
379.341	  3.82006e+07
379.608	  3.82364e+07
379.875	  3.82721e+07
380.142	  3.83077e+07
380.409	  3.83433e+07
380.676	  3.83788e+07
380.943	  3.84143e+07
381.21	  3.84497e+07
381.477	  3.8485e+07
381.744	  3.85203e+07
382.011	  3.85555e+07
382.278	  3.85906e+07
382.545	  3.86257e+07
382.812	  3.86607e+07
383.079	  3.86956e+07
383.346	  3.87305e+07
383.613	  3.87653e+07
383.88	  3.88e+07
384.147	  3.88347e+07
384.414	  3.88693e+07
384.681	  3.89038e+07
384.948	  3.89383e+07
385.215	  3.89727e+07
385.482	  3.90071e+07
385.749	  3.90414e+07
386.016	  3.90756e+07
386.283	  3.91097e+07
386.55	  3.91438e+07
386.817	  3.91778e+07
387.084	  3.92118e+07
387.351	  3.92457e+07
387.618	  3.92795e+07
387.885	  3.93133e+07
388.152	  3.9347e+07
388.419	  3.93806e+07
388.686	  3.94142e+07
388.953	  3.94477e+07
389.22	  3.94811e+07
389.487	  3.95145e+07
389.754	  3.95478e+07
390.021	  3.9581e+07
390.288	  3.96142e+07
390.555	  3.96473e+07
390.822	  3.96803e+07
391.089	  3.97133e+07
391.356	  3.97462e+07
391.623	  3.97791e+07
391.89	  3.98119e+07
392.157	  3.98446e+07
392.424	  3.98772e+07
392.691	  3.99098e+07
392.958	  3.99423e+07
393.225	  3.99748e+07
393.492	  4.00072e+07
393.759	  4.00395e+07
394.026	  4.00718e+07
394.293	  4.0104e+07
394.56	  4.01361e+07
394.827	  4.01682e+07
395.094	  4.02001e+07
395.361	  4.02321e+07
395.628	  4.02639e+07
395.895	  4.02957e+07
396.162	  4.03275e+07
396.429	  4.03592e+07
396.696	  4.03908e+07
396.963	  4.04223e+07
397.23	  4.04538e+07
397.497	  4.04852e+07
397.764	  4.05165e+07
398.031	  4.05478e+07
398.298	  4.0579e+07
398.565	  4.06102e+07
398.832	  4.06413e+07
399.099	  4.06723e+07
399.366	  4.07032e+07
399.633	  4.07341e+07
399.9	  4.07649e+07
400.167	  4.07957e+07
400.434	  4.08264e+07
400.701	  4.0857e+07
400.968	  4.08876e+07
401.235	  4.09181e+07
401.502	  4.09485e+07
401.769	  4.09789e+07
402.036	  4.10092e+07
402.303	  4.10394e+07
402.57	  4.10696e+07
402.837	  4.10997e+07
403.104	  4.11297e+07
403.371	  4.11597e+07
403.638	  4.11896e+07
403.905	  4.12195e+07
404.172	  4.12492e+07
404.439	  4.1279e+07
404.706	  4.13086e+07
404.973	  4.13382e+07
405.24	  4.13677e+07
405.507	  4.13972e+07
405.774	  4.14266e+07
406.041	  4.14559e+07
406.308	  4.14851e+07
406.575	  4.15143e+07
406.842	  4.15435e+07
407.109	  4.15725e+07
407.376	  4.16015e+07
407.643	  4.16305e+07
407.91	  4.16593e+07
408.177	  4.16881e+07
408.444	  4.17169e+07
408.711	  4.17456e+07
408.978	  4.17742e+07
409.245	  4.18027e+07
409.512	  4.18312e+07
409.779	  4.18596e+07
410.046	  4.1888e+07
410.313	  4.19163e+07
410.58	  4.19445e+07
410.847	  4.19726e+07
411.114	  4.20007e+07
411.381	  4.20288e+07
411.648	  4.20567e+07
411.915	  4.20846e+07
412.182	  4.21125e+07
412.449	  4.21402e+07
412.716	  4.21679e+07
412.983	  4.21956e+07
413.25	  4.22232e+07
413.517	  4.22507e+07
413.784	  4.22781e+07
414.051	  4.23055e+07
414.318	  4.23328e+07
414.585	  4.23601e+07
414.852	  4.23873e+07
415.119	  4.24144e+07
415.386	  4.24415e+07
415.653	  4.24685e+07
415.92	  4.24954e+07
416.187	  4.25223e+07
416.454	  4.25491e+07
416.721	  4.25758e+07
416.988	  4.26025e+07
417.255	  4.26291e+07
417.522	  4.26556e+07
417.789	  4.26821e+07
418.056	  4.27086e+07
418.323	  4.27349e+07
418.59	  4.27612e+07
418.857	  4.27874e+07
419.124	  4.28136e+07
419.391	  4.28397e+07
419.658	  4.28657e+07
419.925	  4.28917e+07
420.192	  4.29176e+07
420.459	  4.29435e+07
420.726	  4.29693e+07
420.993	  4.2995e+07
421.26	  4.30206e+07
421.527	  4.30462e+07
421.794	  4.30717e+07
422.061	  4.30972e+07
422.328	  4.31226e+07
422.595	  4.3148e+07
422.862	  4.31732e+07
423.129	  4.31984e+07
423.396	  4.32236e+07
423.663	  4.32487e+07
423.93	  4.32737e+07
424.197	  4.32986e+07
424.464	  4.33235e+07
424.731	  4.33484e+07
424.998	  4.33731e+07
425.265	  4.33978e+07
425.532	  4.34225e+07
425.799	  4.34471e+07
426.066	  4.34716e+07
426.333	  4.3496e+07
426.6	  4.35204e+07
426.867	  4.35447e+07
427.134	  4.3569e+07
427.401	  4.35932e+07
427.668	  4.36173e+07
427.935	  4.36414e+07
428.202	  4.36654e+07
428.469	  4.36894e+07
428.736	  4.37133e+07
429.003	  4.37371e+07
429.27	  4.37608e+07
429.537	  4.37845e+07
429.804	  4.38082e+07
430.071	  4.38317e+07
430.338	  4.38553e+07
430.605	  4.38787e+07
430.872	  4.39021e+07
431.139	  4.39254e+07
431.406	  4.39487e+07
431.673	  4.39719e+07
431.94	  4.3995e+07
432.207	  4.40181e+07
432.474	  4.40411e+07
432.741	  4.4064e+07
433.008	  4.40869e+07
433.275	  4.41098e+07
433.542	  4.41325e+07
433.809	  4.41552e+07
434.076	  4.41779e+07
434.343	  4.42004e+07
434.61	  4.42229e+07
434.877	  4.42454e+07
435.144	  4.42678e+07
435.411	  4.42901e+07
435.678	  4.43124e+07
435.945	  4.43346e+07
436.212	  4.43567e+07
436.479	  4.43788e+07
436.746	  4.44008e+07
437.013	  4.44228e+07
437.28	  4.44447e+07
437.547	  4.44665e+07
437.814	  4.44883e+07
438.081	  4.451e+07
438.348	  4.45317e+07
438.615	  4.45533e+07
438.882	  4.45748e+07
439.149	  4.45963e+07
439.416	  4.46177e+07
439.683	  4.4639e+07
439.95	  4.46603e+07
440.217	  4.46815e+07
440.484	  4.47027e+07
440.751	  4.47238e+07
441.018	  4.47448e+07
441.285	  4.47658e+07
441.552	  4.47867e+07
441.819	  4.48076e+07
442.086	  4.48284e+07
442.353	  4.48491e+07
442.62	  4.48698e+07
442.887	  4.48904e+07
443.154	  4.4911e+07
443.421	  4.49315e+07
443.688	  4.49519e+07
443.955	  4.49723e+07
444.222	  4.49926e+07
444.489	  4.50129e+07
444.756	  4.50331e+07
445.023	  4.50532e+07
445.29	  4.50733e+07
445.557	  4.50933e+07
445.824	  4.51132e+07
446.091	  4.51331e+07
446.358	  4.5153e+07
446.625	  4.51727e+07
446.892	  4.51925e+07
447.159	  4.52121e+07
447.426	  4.52317e+07
447.693	  4.52512e+07
447.96	  4.52707e+07
448.227	  4.52901e+07
448.494	  4.53095e+07
448.761	  4.53288e+07
449.028	  4.5348e+07
449.295	  4.53672e+07
449.562	  4.53863e+07
449.829	  4.54054e+07
450.096	  4.54244e+07
450.363	  4.54433e+07
450.63	  4.54622e+07
450.897	  4.5481e+07
451.164	  4.54998e+07
451.431	  4.55185e+07
451.698	  4.55371e+07
451.965	  4.55557e+07
452.232	  4.55742e+07
452.499	  4.55927e+07
452.766	  4.56111e+07
453.033	  4.56294e+07
453.3	  4.56477e+07
453.567	  4.5666e+07
453.834	  4.56841e+07
454.101	  4.57023e+07
454.368	  4.57203e+07
454.635	  4.57383e+07
454.902	  4.57562e+07
455.169	  4.57741e+07
455.436	  4.5792e+07
455.703	  4.58097e+07
455.97	  4.58274e+07
456.237	  4.58451e+07
456.504	  4.58627e+07
456.771	  4.58802e+07
457.038	  4.58977e+07
457.305	  4.59151e+07
457.572	  4.59324e+07
457.839	  4.59497e+07
458.106	  4.5967e+07
458.373	  4.59842e+07
458.64	  4.60013e+07
458.907	  4.60184e+07
459.174	  4.60354e+07
459.441	  4.60523e+07
459.708	  4.60692e+07
459.975	  4.60861e+07
460.242	  4.61028e+07
460.509	  4.61196e+07
460.776	  4.61362e+07
461.043	  4.61528e+07
461.31	  4.61694e+07
461.577	  4.61859e+07
461.844	  4.62023e+07
462.111	  4.62187e+07
462.378	  4.6235e+07
462.645	  4.62513e+07
462.912	  4.62675e+07
463.179	  4.62837e+07
463.446	  4.62998e+07
463.713	  4.63158e+07
463.98	  4.63318e+07
464.247	  4.63477e+07
464.514	  4.63636e+07
464.781	  4.63794e+07
465.048	  4.63951e+07
465.315	  4.64108e+07
465.582	  4.64265e+07
465.849	  4.64421e+07
466.116	  4.64576e+07
466.383	  4.64731e+07
466.65	  4.64885e+07
466.917	  4.65039e+07
467.184	  4.65192e+07
467.451	  4.65344e+07
467.718	  4.65496e+07
467.985	  4.65648e+07
468.252	  4.65798e+07
468.519	  4.65949e+07
468.786	  4.66098e+07
469.053	  4.66248e+07
469.32	  4.66396e+07
469.587	  4.66544e+07
469.854	  4.66692e+07
470.121	  4.66839e+07
470.388	  4.66985e+07
470.655	  4.67131e+07
470.922	  4.67276e+07
471.189	  4.67421e+07
471.456	  4.67565e+07
471.723	  4.67709e+07
471.99	  4.67852e+07
472.257	  4.67994e+07
472.524	  4.68136e+07
472.791	  4.68278e+07
473.058	  4.68419e+07
473.325	  4.68559e+07
473.592	  4.68699e+07
473.859	  4.68838e+07
474.126	  4.68977e+07
474.393	  4.69115e+07
474.66	  4.69253e+07
474.927	  4.6939e+07
475.194	  4.69526e+07
475.461	  4.69662e+07
475.728	  4.69798e+07
475.995	  4.69932e+07
476.262	  4.70067e+07
476.529	  4.70201e+07
476.796	  4.70334e+07
477.063	  4.70467e+07
477.33	  4.70599e+07
477.597	  4.70731e+07
477.864	  4.70862e+07
478.131	  4.70992e+07
478.398	  4.71122e+07
478.665	  4.71252e+07
478.932	  4.71381e+07
479.199	  4.71509e+07
479.466	  4.71637e+07
479.733	  4.71764e+07
480	  4.71891e+07
480.267	  4.72018e+07
480.534	  4.72143e+07
480.801	  4.72269e+07
481.068	  4.72393e+07
481.335	  4.72518e+07
481.602	  4.72641e+07
481.869	  4.72764e+07
482.136	  4.72887e+07
482.403	  4.73009e+07
482.67	  4.73131e+07
482.937	  4.73252e+07
483.204	  4.73372e+07
483.471	  4.73492e+07
483.738	  4.73611e+07
484.005	  4.7373e+07
484.272	  4.73849e+07
484.539	  4.73967e+07
484.806	  4.74084e+07
485.073	  4.74201e+07
485.34	  4.74317e+07
485.607	  4.74433e+07
485.874	  4.74548e+07
486.141	  4.74663e+07
486.408	  4.74777e+07
486.675	  4.74891e+07
486.942	  4.75004e+07
487.209	  4.75117e+07
487.476	  4.75229e+07
487.743	  4.7534e+07
488.01	  4.75451e+07
488.277	  4.75562e+07
488.544	  4.75672e+07
488.811	  4.75782e+07
489.078	  4.75891e+07
489.345	  4.75999e+07
489.612	  4.76107e+07
489.879	  4.76215e+07
490.146	  4.76322e+07
490.413	  4.76428e+07
490.68	  4.76534e+07
490.947	  4.7664e+07
491.214	  4.76745e+07
491.481	  4.76849e+07
491.748	  4.76953e+07
492.015	  4.77057e+07
492.282	  4.7716e+07
492.549	  4.77262e+07
492.816	  4.77364e+07
493.083	  4.77465e+07
493.35	  4.77566e+07
493.617	  4.77667e+07
493.884	  4.77767e+07
494.151	  4.77866e+07
494.418	  4.77965e+07
494.685	  4.78063e+07
494.952	  4.78161e+07
495.219	  4.78259e+07
495.486	  4.78356e+07
495.753	  4.78452e+07
496.02	  4.78548e+07
496.287	  4.78643e+07
496.554	  4.78738e+07
496.821	  4.78833e+07
497.088	  4.78927e+07
497.355	  4.7902e+07
497.622	  4.79113e+07
497.889	  4.79205e+07
498.156	  4.79297e+07
498.423	  4.79389e+07
498.69	  4.7948e+07
498.957	  4.7957e+07
499.224	  4.7966e+07
499.491	  4.7975e+07
499.758	  4.79839e+07
500.025	  4.79927e+07
500.292	  4.80015e+07
500.559	  4.80103e+07
500.826	  4.8019e+07
501.093	  4.80276e+07
501.36	  4.80362e+07
501.627	  4.80448e+07
501.894	  4.80533e+07
502.161	  4.80618e+07
502.428	  4.80702e+07
502.695	  4.80785e+07
502.962	  4.80869e+07
503.229	  4.80951e+07
503.496	  4.81034e+07
503.763	  4.81115e+07
504.03	  4.81197e+07
504.297	  4.81277e+07
504.564	  4.81358e+07
504.831	  4.81437e+07
505.098	  4.81517e+07
505.365	  4.81596e+07
505.632	  4.81674e+07
505.899	  4.81752e+07
506.166	  4.81829e+07
506.433	  4.81906e+07
506.7	  4.81983e+07
506.967	  4.82059e+07
507.234	  4.82134e+07
507.501	  4.82209e+07
507.768	  4.82284e+07
508.035	  4.82358e+07
508.302	  4.82432e+07
508.569	  4.82505e+07
508.836	  4.82578e+07
509.103	  4.8265e+07
509.37	  4.82722e+07
509.637	  4.82793e+07
509.904	  4.82864e+07
510.171	  4.82934e+07
510.438	  4.83004e+07
510.705	  4.83073e+07
510.972	  4.83142e+07
511.239	  4.83211e+07
511.506	  4.83279e+07
511.773	  4.83346e+07
512.04	  4.83414e+07
512.307	  4.8348e+07
512.574	  4.83546e+07
512.841	  4.83612e+07
513.108	  4.83677e+07
513.375	  4.83742e+07
513.642	  4.83807e+07
513.909	  4.83871e+07
514.176	  4.83934e+07
514.443	  4.83997e+07
514.71	  4.8406e+07
514.977	  4.84122e+07
515.244	  4.84183e+07
515.511	  4.84244e+07
515.778	  4.84305e+07
516.045	  4.84365e+07
516.312	  4.84425e+07
516.579	  4.84485e+07
516.846	  4.84543e+07
517.113	  4.84602e+07
517.38	  4.8466e+07
517.647	  4.84717e+07
517.914	  4.84775e+07
518.181	  4.84831e+07
518.448	  4.84887e+07
518.715	  4.84943e+07
518.982	  4.84998e+07
519.249	  4.85053e+07
519.516	  4.85108e+07
519.783	  4.85162e+07
520.05	  4.85215e+07
520.317	  4.85268e+07
520.584	  4.85321e+07
520.851	  4.85373e+07
521.118	  4.85425e+07
521.385	  4.85476e+07
521.652	  4.85527e+07
521.919	  4.85578e+07
522.186	  4.85628e+07
522.453	  4.85677e+07
522.72	  4.85726e+07
522.987	  4.85775e+07
523.254	  4.85823e+07
523.521	  4.85871e+07
523.788	  4.85918e+07
524.055	  4.85965e+07
524.322	  4.86012e+07
524.589	  4.86058e+07
524.856	  4.86104e+07
525.123	  4.86149e+07
525.39	  4.86194e+07
525.657	  4.86238e+07
525.924	  4.86282e+07
526.191	  4.86325e+07
526.458	  4.86368e+07
526.725	  4.86411e+07
526.992	  4.86453e+07
527.259	  4.86495e+07
527.526	  4.86536e+07
527.793	  4.86577e+07
528.06	  4.86618e+07
528.327	  4.86658e+07
528.594	  4.86697e+07
528.861	  4.86737e+07
529.128	  4.86775e+07
529.395	  4.86814e+07
529.662	  4.86852e+07
529.929	  4.86889e+07
530.196	  4.86926e+07
530.463	  4.86963e+07
530.73	  4.86999e+07
530.997	  4.87035e+07
531.264	  4.8707e+07
531.531	  4.87105e+07
531.798	  4.8714e+07
532.065	  4.87174e+07
532.332	  4.87208e+07
532.599	  4.87241e+07
532.866	  4.87274e+07
533.133	  4.87307e+07
533.4	  4.87339e+07
533.667	  4.8737e+07
533.934	  4.87402e+07
534.201	  4.87432e+07
534.468	  4.87463e+07
534.735	  4.87493e+07
535.002	  4.87522e+07
535.269	  4.87552e+07
535.536	  4.8758e+07
535.803	  4.87609e+07
536.07	  4.87637e+07
536.337	  4.87664e+07
536.604	  4.87692e+07
536.871	  4.87718e+07
537.138	  4.87745e+07
537.405	  4.87771e+07
537.672	  4.87796e+07
537.939	  4.87821e+07
538.206	  4.87846e+07
538.473	  4.8787e+07
538.74	  4.87894e+07
539.007	  4.87918e+07
539.274	  4.87941e+07
539.541	  4.87964e+07
539.808	  4.87986e+07
540.075	  4.88008e+07
540.342	  4.88029e+07
540.609	  4.8805e+07
540.876	  4.88071e+07
541.143	  4.88091e+07
541.41	  4.88111e+07
541.677	  4.88131e+07
541.944	  4.8815e+07
542.211	  4.88169e+07
542.478	  4.88187e+07
542.745	  4.88205e+07
543.012	  4.88223e+07
543.279	  4.8824e+07
543.546	  4.88256e+07
543.813	  4.88273e+07
544.08	  4.88289e+07
544.347	  4.88304e+07
544.614	  4.8832e+07
544.881	  4.88334e+07
545.148	  4.88349e+07
545.415	  4.88363e+07
545.682	  4.88377e+07
545.949	  4.8839e+07
546.216	  4.88403e+07
546.483	  4.88415e+07
546.75	  4.88427e+07
547.017	  4.88439e+07
547.284	  4.8845e+07
547.551	  4.88461e+07
547.818	  4.88472e+07
548.085	  4.88482e+07
548.352	  4.88492e+07
548.619	  4.88501e+07
548.886	  4.8851e+07
549.153	  4.88519e+07
549.42	  4.88527e+07
549.687	  4.88535e+07
549.954	  4.88543e+07
550.221	  4.8855e+07
550.488	  4.88557e+07
550.755	  4.88563e+07
551.022	  4.88569e+07
551.289	  4.88575e+07
551.556	  4.8858e+07
551.823	  4.88585e+07
552.09	  4.88589e+07
552.357	  4.88594e+07
552.624	  4.88597e+07
552.891	  4.88601e+07
553.158	  4.88604e+07
553.425	  4.88606e+07
553.692	  4.88609e+07
553.959	  4.88611e+07
554.226	  4.88612e+07
554.493	  4.88613e+07
554.76	  4.88614e+07
555.027	  4.88615e+07
555.294	  4.88615e+07
555.561	  4.88614e+07
555.828	  4.88614e+07
556.095	  4.88613e+07
556.362	  4.88611e+07
556.629	  4.8861e+07
556.896	  4.88608e+07
557.163	  4.88605e+07
557.43	  4.88602e+07
557.697	  4.88599e+07
557.964	  4.88596e+07
558.231	  4.88592e+07
558.498	  4.88587e+07
558.765	  4.88583e+07
559.032	  4.88578e+07
559.299	  4.88572e+07
559.566	  4.88567e+07
560.009	  4.88556e+07
560.296	  4.88549e+07
560.583	  4.88542e+07
560.87	  4.88534e+07
561.157	  4.88525e+07
561.444	  4.88516e+07
561.731	  4.88507e+07
562.018	  4.88498e+07
562.305	  4.88488e+07
562.592	  4.88477e+07
562.879	  4.88466e+07
563.166	  4.88455e+07
563.453	  4.88443e+07
563.74	  4.88431e+07
564.027	  4.88419e+07
564.314	  4.88406e+07
564.601	  4.88393e+07
564.888	  4.88379e+07
565.175	  4.88365e+07
565.462	  4.8835e+07
565.749	  4.88336e+07
566.036	  4.8832e+07
566.323	  4.88305e+07
566.61	  4.88289e+07
566.897	  4.88272e+07
567.184	  4.88255e+07
567.471	  4.88238e+07
567.758	  4.8822e+07
568.045	  4.88202e+07
568.332	  4.88184e+07
568.619	  4.88165e+07
568.906	  4.88146e+07
569.193	  4.88126e+07
569.48	  4.88106e+07
569.767	  4.88086e+07
570.054	  4.88065e+07
570.341	  4.88044e+07
570.628	  4.88023e+07
570.915	  4.88001e+07
571.202	  4.87978e+07
571.489	  4.87956e+07
571.776	  4.87933e+07
572.063	  4.87909e+07
572.35	  4.87885e+07
572.637	  4.87861e+07
572.924	  4.87836e+07
573.211	  4.87811e+07
573.498	  4.87786e+07
573.785	  4.8776e+07
574.072	  4.87734e+07
574.359	  4.87708e+07
574.646	  4.87681e+07
574.933	  4.87654e+07
575.22	  4.87626e+07
575.507	  4.87598e+07
575.794	  4.8757e+07
576.081	  4.87541e+07
576.368	  4.87512e+07
576.655	  4.87482e+07
576.942	  4.87452e+07
577.229	  4.87422e+07
577.516	  4.87391e+07
577.803	  4.8736e+07
578.09	  4.87329e+07
578.377	  4.87297e+07
578.664	  4.87265e+07
578.951	  4.87233e+07
579.238	  4.872e+07
579.525	  4.87167e+07
579.812	  4.87133e+07
580.099	  4.87099e+07
580.386	  4.87065e+07
580.673	  4.8703e+07
580.96	  4.86995e+07
581.247	  4.8696e+07
581.534	  4.86924e+07
581.821	  4.86888e+07
582.108	  4.86852e+07
582.395	  4.86815e+07
582.682	  4.86778e+07
582.969	  4.8674e+07
583.256	  4.86702e+07
583.543	  4.86664e+07
583.83	  4.86625e+07
584.117	  4.86586e+07
584.404	  4.86547e+07
584.691	  4.86507e+07
584.978	  4.86467e+07
585.265	  4.86427e+07
585.552	  4.86386e+07
585.839	  4.86345e+07
586.126	  4.86304e+07
586.413	  4.86262e+07
586.7	  4.8622e+07
586.987	  4.86177e+07
587.274	  4.86134e+07
587.561	  4.86091e+07
587.848	  4.86048e+07
588.135	  4.86004e+07
588.422	  4.8596e+07
588.709	  4.85915e+07
588.996	  4.8587e+07
589.283	  4.85825e+07
589.57	  4.85779e+07
589.857	  4.85733e+07
590.144	  4.85687e+07
590.431	  4.8564e+07
590.718	  4.85593e+07
591.005	  4.85546e+07
591.292	  4.85498e+07
591.579	  4.8545e+07
591.866	  4.85402e+07
592.153	  4.85353e+07
592.44	  4.85304e+07
592.727	  4.85255e+07
593.014	  4.85205e+07
593.301	  4.85155e+07
593.588	  4.85105e+07
593.875	  4.85054e+07
594.162	  4.85003e+07
594.449	  4.84952e+07
594.736	  4.849e+07
595.023	  4.84848e+07
595.31	  4.84796e+07
595.597	  4.84743e+07
595.884	  4.8469e+07
596.171	  4.84637e+07
596.458	  4.84583e+07
596.745	  4.84529e+07
597.032	  4.84475e+07
597.319	  4.8442e+07
597.606	  4.84365e+07
597.893	  4.8431e+07
598.18	  4.84255e+07
598.467	  4.84199e+07
598.754	  4.84142e+07
599.041	  4.84086e+07
599.328	  4.84029e+07
599.615	  4.83972e+07
599.902	  4.83914e+07
600.189	  4.83856e+07
600.476	  4.83798e+07
600.763	  4.8374e+07
601.05	  4.83681e+07
601.337	  4.83622e+07
601.624	  4.83562e+07
601.911	  4.83502e+07
602.198	  4.83442e+07
602.485	  4.83382e+07
602.772	  4.83321e+07
603.059	  4.8326e+07
603.346	  4.83199e+07
603.633	  4.83137e+07
603.92	  4.83075e+07
604.207	  4.83013e+07
604.494	  4.8295e+07
604.781	  4.82887e+07
605.068	  4.82824e+07
605.355	  4.82761e+07
605.642	  4.82697e+07
605.929	  4.82633e+07
606.216	  4.82568e+07
606.503	  4.82504e+07
606.79	  4.82438e+07
607.077	  4.82373e+07
607.364	  4.82307e+07
607.651	  4.82241e+07
607.938	  4.82175e+07
608.225	  4.82109e+07
608.512	  4.82042e+07
608.799	  4.81975e+07
609.086	  4.81907e+07
609.373	  4.81839e+07
609.66	  4.81771e+07
609.947	  4.81703e+07
610.234	  4.81634e+07
610.521	  4.81565e+07
610.808	  4.81496e+07
611.095	  4.81426e+07
611.382	  4.81356e+07
611.669	  4.81286e+07
611.956	  4.81216e+07
612.243	  4.81145e+07
612.53	  4.81074e+07
612.817	  4.81003e+07
613.104	  4.80931e+07
613.391	  4.80859e+07
613.678	  4.80787e+07
613.965	  4.80714e+07
614.252	  4.80642e+07
614.539	  4.80568e+07
614.826	  4.80495e+07
615.113	  4.80421e+07
615.4	  4.80347e+07
615.687	  4.80273e+07
615.974	  4.80199e+07
616.261	  4.80124e+07
616.548	  4.80049e+07
616.835	  4.79973e+07
617.122	  4.79898e+07
617.409	  4.79822e+07
617.696	  4.79745e+07
617.983	  4.79669e+07
618.27	  4.79592e+07
618.557	  4.79515e+07
618.844	  4.79438e+07
619.131	  4.7936e+07
619.418	  4.79282e+07
619.705	  4.79204e+07
619.992	  4.79125e+07
620.279	  4.79047e+07
620.566	  4.78967e+07
620.853	  4.78888e+07
621.14	  4.78809e+07
621.427	  4.78729e+07
621.714	  4.78648e+07
622.001	  4.78568e+07
622.288	  4.78487e+07
622.575	  4.78406e+07
622.862	  4.78325e+07
623.149	  4.78244e+07
623.436	  4.78162e+07
623.723	  4.7808e+07
624.01	  4.77997e+07
624.297	  4.77915e+07
624.584	  4.77832e+07
624.871	  4.77749e+07
625.158	  4.77665e+07
625.445	  4.77582e+07
625.732	  4.77498e+07
626.019	  4.77413e+07
626.306	  4.77329e+07
626.593	  4.77244e+07
626.88	  4.77159e+07
627.167	  4.77074e+07
627.454	  4.76988e+07
627.741	  4.76903e+07
628.028	  4.76816e+07
628.315	  4.7673e+07
628.602	  4.76644e+07
628.889	  4.76557e+07
629.176	  4.7647e+07
629.463	  4.76382e+07
629.75	  4.76295e+07
630.037	  4.76207e+07
630.324	  4.76118e+07
630.611	  4.7603e+07
630.898	  4.75941e+07
631.185	  4.75852e+07
631.472	  4.75763e+07
631.759	  4.75674e+07
632.046	  4.75584e+07
632.333	  4.75494e+07
632.62	  4.75404e+07
632.907	  4.75313e+07
633.194	  4.75223e+07
633.481	  4.75132e+07
633.768	  4.75041e+07
634.055	  4.74949e+07
634.342	  4.74857e+07
634.629	  4.74765e+07
634.916	  4.74673e+07
635.203	  4.74581e+07
635.49	  4.74488e+07
635.777	  4.74395e+07
636.064	  4.74302e+07
636.351	  4.74208e+07
636.638	  4.74115e+07
636.925	  4.74021e+07
637.212	  4.73926e+07
637.499	  4.73832e+07
637.786	  4.73737e+07
638.073	  4.73642e+07
638.36	  4.73547e+07
638.647	  4.73452e+07
638.934	  4.73356e+07
639.221	  4.7326e+07
639.508	  4.73164e+07
639.795	  4.73068e+07
640.082	  4.72971e+07
640.369	  4.72874e+07
640.656	  4.72777e+07
640.943	  4.7268e+07
641.23	  4.72582e+07
641.517	  4.72484e+07
641.804	  4.72386e+07
642.091	  4.72288e+07
642.378	  4.72189e+07
642.665	  4.7209e+07
642.952	  4.71991e+07
643.239	  4.71892e+07
643.526	  4.71793e+07
643.813	  4.71693e+07
644.1	  4.71593e+07
644.387	  4.71493e+07
644.674	  4.71392e+07
644.961	  4.71292e+07
645.248	  4.71191e+07
645.535	  4.7109e+07
645.822	  4.70989e+07
646.109	  4.70887e+07
646.396	  4.70785e+07
646.683	  4.70683e+07
646.97	  4.70581e+07
647.257	  4.70478e+07
647.544	  4.70376e+07
647.831	  4.70273e+07
648.118	  4.7017e+07
648.405	  4.70066e+07
648.692	  4.69963e+07
648.979	  4.69859e+07
649.266	  4.69755e+07
649.553	  4.69651e+07
649.84	  4.69546e+07
650.127	  4.69441e+07
650.414	  4.69336e+07
650.701	  4.69231e+07
650.988	  4.69126e+07
651.275	  4.6902e+07
651.562	  4.68914e+07
651.849	  4.68808e+07
652.136	  4.68702e+07
652.423	  4.68596e+07
652.71	  4.68489e+07
652.997	  4.68382e+07
653.284	  4.68275e+07
653.571	  4.68168e+07
653.858	  4.6806e+07
654.145	  4.67952e+07
654.432	  4.67844e+07
654.719	  4.67736e+07
655.006	  4.67628e+07
655.293	  4.67519e+07
655.58	  4.6741e+07
655.867	  4.67301e+07
656.154	  4.67192e+07
656.441	  4.67082e+07
656.728	  4.66973e+07
657.015	  4.66863e+07
657.302	  4.66753e+07
657.589	  4.66642e+07
657.876	  4.66532e+07
658.163	  4.66421e+07
658.45	  4.6631e+07
658.737	  4.66199e+07
659.024	  4.66087e+07
659.311	  4.65976e+07
659.598	  4.65864e+07
659.885	  4.65752e+07
660.172	  4.6564e+07
660.459	  4.65528e+07
660.746	  4.65415e+07
661.033	  4.65302e+07
661.32	  4.65189e+07
661.607	  4.65076e+07
661.894	  4.64963e+07
662.181	  4.64849e+07
662.468	  4.64735e+07
662.755	  4.64621e+07
663.042	  4.64507e+07
663.329	  4.64393e+07
663.616	  4.64278e+07
663.903	  4.64163e+07
664.19	  4.64048e+07
664.477	  4.63933e+07
664.764	  4.63818e+07
665.051	  4.63702e+07
665.338	  4.63586e+07
665.625	  4.6347e+07
665.912	  4.63354e+07
666.199	  4.63238e+07
666.486	  4.63121e+07
666.773	  4.63004e+07
667.06	  4.62887e+07
667.347	  4.6277e+07
667.634	  4.62653e+07
667.921	  4.62535e+07
668.208	  4.62418e+07
668.495	  4.623e+07
668.782	  4.62182e+07
669.069	  4.62063e+07
669.356	  4.61945e+07
669.643	  4.61826e+07
669.93	  4.61707e+07
670.217	  4.61588e+07
670.504	  4.61469e+07
670.791	  4.61349e+07
671.078	  4.6123e+07
671.365	  4.6111e+07
671.652	  4.6099e+07
671.939	  4.6087e+07
672.226	  4.60749e+07
672.513	  4.60629e+07
672.8	  4.60508e+07
673.087	  4.60387e+07
673.374	  4.60266e+07
673.661	  4.60145e+07
673.948	  4.60023e+07
674.235	  4.59902e+07
674.522	  4.5978e+07
674.809	  4.59658e+07
675.096	  4.59536e+07
675.383	  4.59413e+07
675.67	  4.59291e+07
675.957	  4.59168e+07
676.244	  4.59045e+07
676.531	  4.58922e+07
676.818	  4.58799e+07
677.105	  4.58675e+07
677.392	  4.58552e+07
677.679	  4.58428e+07
677.966	  4.58304e+07
678.253	  4.5818e+07
678.54	  4.58056e+07
678.827	  4.57931e+07
679.114	  4.57806e+07
679.401	  4.57682e+07
679.688	  4.57557e+07
679.975	  4.57431e+07
680.262	  4.57306e+07
680.549	  4.5718e+07
680.836	  4.57055e+07
681.123	  4.56929e+07
681.41	  4.56803e+07
681.697	  4.56677e+07
681.984	  4.5655e+07
682.271	  4.56424e+07
682.558	  4.56297e+07
682.845	  4.5617e+07
683.132	  4.56043e+07
683.419	  4.55916e+07
683.706	  4.55788e+07
683.993	  4.55661e+07
684.28	  4.55533e+07
684.567	  4.55405e+07
684.854	  4.55277e+07
685.141	  4.55149e+07
685.428	  4.5502e+07
685.715	  4.54892e+07
686.002	  4.54763e+07
686.289	  4.54634e+07
686.576	  4.54505e+07
686.863	  4.54376e+07
687.15	  4.54247e+07
687.437	  4.54117e+07
687.724	  4.53987e+07
688.011	  4.53857e+07
688.298	  4.53727e+07
688.585	  4.53597e+07
688.872	  4.53467e+07
689.159	  4.53336e+07
689.446	  4.53206e+07
689.733	  4.53075e+07
690.02	  4.52944e+07
690.307	  4.52813e+07
690.594	  4.52682e+07
690.881	  4.5255e+07
691.168	  4.52419e+07
691.455	  4.52287e+07
691.742	  4.52155e+07
692.029	  4.52023e+07
692.316	  4.51891e+07
692.603	  4.51758e+07
692.89	  4.51626e+07
693.177	  4.51493e+07
693.464	  4.5136e+07
693.751	  4.51227e+07
694.038	  4.51094e+07
694.325	  4.50961e+07
694.612	  4.50827e+07
694.899	  4.50694e+07
695.186	  4.5056e+07
695.473	  4.50426e+07
695.76	  4.50292e+07
696.047	  4.50158e+07
696.334	  4.50023e+07
696.621	  4.49889e+07
696.908	  4.49754e+07
697.195	  4.49619e+07
697.482	  4.49485e+07
697.769	  4.49349e+07
698.056	  4.49214e+07
698.343	  4.49079e+07
698.63	  4.48943e+07
698.917	  4.48808e+07
699.204	  4.48672e+07
699.491	  4.48536e+07
699.778	  4.484e+07
700.065	  4.48264e+07
700.352	  4.48127e+07
700.639	  4.47991e+07
700.926	  4.47854e+07
701.213	  4.47717e+07
701.5	  4.4758e+07
701.787	  4.47443e+07
702.074	  4.47306e+07
702.361	  4.47169e+07
702.648	  4.47031e+07
702.935	  4.46893e+07
703.222	  4.46756e+07
703.509	  4.46618e+07
703.796	  4.4648e+07
704.083	  4.46341e+07
704.37	  4.46203e+07
704.657	  4.46064e+07
704.944	  4.45926e+07
705.231	  4.45787e+07
705.518	  4.45648e+07
705.805	  4.45509e+07
706.092	  4.4537e+07
706.379	  4.45231e+07
706.666	  4.45091e+07
706.953	  4.44952e+07
707.24	  4.44812e+07
707.527	  4.44672e+07
707.814	  4.44532e+07
708.101	  4.44392e+07
708.388	  4.44252e+07
708.675	  4.44111e+07
708.962	  4.43971e+07
709.249	  4.4383e+07
709.536	  4.4369e+07
709.823	  4.43549e+07
710.11	  4.43408e+07
710.397	  4.43267e+07
710.684	  4.43125e+07
710.971	  4.42984e+07
711.258	  4.42842e+07
711.545	  4.42701e+07
711.832	  4.42559e+07
712.119	  4.42417e+07
712.406	  4.42275e+07
712.693	  4.42133e+07
712.98	  4.4199e+07
713.267	  4.41848e+07
713.554	  4.41705e+07
713.841	  4.41563e+07
714.128	  4.4142e+07
714.415	  4.41277e+07
714.702	  4.41134e+07
714.989	  4.40991e+07
715.276	  4.40848e+07
715.563	  4.40704e+07
715.85	  4.40561e+07
716.137	  4.40417e+07
716.424	  4.40273e+07
716.711	  4.40129e+07
716.998	  4.39985e+07
717.285	  4.39841e+07
717.572	  4.39697e+07
717.859	  4.39552e+07
718.146	  4.39408e+07
718.433	  4.39263e+07
718.72	  4.39118e+07
719.007	  4.38974e+07
719.294	  4.38829e+07
719.581	  4.38684e+07
719.868	  4.38538e+07
720.155	  4.38393e+07
720.442	  4.38248e+07
720.729	  4.38102e+07
721.016	  4.37956e+07
721.303	  4.3781e+07
721.59	  4.37665e+07
721.877	  4.37519e+07
722.164	  4.37372e+07
722.451	  4.37226e+07
722.738	  4.3708e+07
723.025	  4.36933e+07
723.312	  4.36787e+07
723.599	  4.3664e+07
723.886	  4.36493e+07
724.173	  4.36346e+07
724.46	  4.36199e+07
724.747	  4.36052e+07
725.034	  4.35905e+07
725.321	  4.35757e+07
725.608	  4.3561e+07
725.895	  4.35462e+07
726.182	  4.35315e+07
726.469	  4.35167e+07
726.756	  4.35019e+07
727.043	  4.34871e+07
727.33	  4.34723e+07
727.617	  4.34574e+07
727.904	  4.34426e+07
728.191	  4.34278e+07
728.478	  4.34129e+07
728.765	  4.3398e+07
729.052	  4.33832e+07
729.339	  4.33683e+07
729.626	  4.33534e+07
729.913	  4.33385e+07
730.2	  4.33235e+07
730.487	  4.33086e+07
730.774	  4.32937e+07
731.061	  4.32787e+07
731.348	  4.32637e+07
731.635	  4.32488e+07
731.922	  4.32338e+07
732.209	  4.32188e+07
732.496	  4.32038e+07
732.783	  4.31888e+07
733.07	  4.31738e+07
733.357	  4.31587e+07
733.644	  4.31437e+07
733.931	  4.31286e+07
734.218	  4.31136e+07
734.505	  4.30985e+07
734.792	  4.30834e+07
735.079	  4.30683e+07
735.366	  4.30532e+07
735.653	  4.30381e+07
735.94	  4.3023e+07
736.227	  4.30078e+07
736.514	  4.29927e+07
736.801	  4.29775e+07
737.088	  4.29624e+07
737.375	  4.29472e+07
737.662	  4.2932e+07
737.949	  4.29168e+07
738.236	  4.29016e+07
738.523	  4.28864e+07
738.81	  4.28712e+07
739.097	  4.2856e+07
739.384	  4.28407e+07
739.671	  4.28255e+07
739.958	  4.28102e+07
740.245	  4.2795e+07
740.532	  4.27797e+07
740.819	  4.27644e+07
741.106	  4.27491e+07
741.393	  4.27338e+07
741.68	  4.27185e+07
741.967	  4.27032e+07
742.254	  4.26879e+07
742.541	  4.26725e+07
742.828	  4.26572e+07
743.115	  4.26418e+07
743.402	  4.26264e+07
743.689	  4.26111e+07
743.976	  4.25957e+07
744.263	  4.25803e+07
744.55	  4.25649e+07
744.837	  4.25495e+07
745.124	  4.25341e+07
745.411	  4.25186e+07
745.698	  4.25032e+07
745.985	  4.24878e+07
746.272	  4.24723e+07
746.559	  4.24568e+07
746.846	  4.24414e+07
747.133	  4.24259e+07
747.42	  4.24104e+07
747.707	  4.23949e+07
747.994	  4.23794e+07
748.281	  4.23639e+07
748.568	  4.23484e+07
748.855	  4.23328e+07
749.142	  4.23173e+07
749.429	  4.23017e+07
749.716	  4.22862e+07
750.003	  4.22706e+07
750.29	  4.22551e+07
750.577	  4.22395e+07
750.864	  4.22239e+07
751.151	  4.22083e+07
751.438	  4.21927e+07
751.725	  4.21771e+07
752.012	  4.21615e+07
752.299	  4.21458e+07
752.586	  4.21302e+07
752.873	  4.21145e+07
753.16	  4.20989e+07
753.447	  4.20832e+07
753.734	  4.20676e+07
754.021	  4.20519e+07
754.308	  4.20362e+07
754.595	  4.20205e+07
754.882	  4.20048e+07
755.169	  4.19891e+07
755.456	  4.19734e+07
755.743	  4.19577e+07
756.03	  4.19419e+07
756.317	  4.19262e+07
756.604	  4.19105e+07
756.891	  4.18947e+07
757.178	  4.1879e+07
757.465	  4.18632e+07
757.752	  4.18474e+07
758.039	  4.18316e+07
758.326	  4.18158e+07
758.613	  4.18e+07
758.9	  4.17842e+07
759.187	  4.17684e+07
759.474	  4.17526e+07
759.761	  4.17368e+07
760.048	  4.1721e+07
760.335	  4.17051e+07
760.622	  4.16893e+07
760.909	  4.16734e+07
761.196	  4.16575e+07
761.483	  4.16417e+07
761.77	  4.16258e+07
762.057	  4.16099e+07
762.344	  4.1594e+07
762.631	  4.15781e+07
762.918	  4.15622e+07
763.205	  4.15463e+07
763.492	  4.15304e+07
763.779	  4.15145e+07
764.066	  4.14986e+07
764.353	  4.14826e+07
764.64	  4.14667e+07
764.927	  4.14507e+07
765.214	  4.14348e+07
765.501	  4.14188e+07
765.788	  4.14028e+07
766.075	  4.13869e+07
766.362	  4.13709e+07
766.649	  4.13549e+07
766.936	  4.13389e+07
767.223	  4.13229e+07
767.51	  4.13069e+07
767.797	  4.12909e+07
768.084	  4.12748e+07
768.371	  4.12588e+07
768.658	  4.12428e+07
768.945	  4.12267e+07
769.232	  4.12107e+07
769.519	  4.11946e+07
769.806	  4.11786e+07
770.093	  4.11625e+07
770.38	  4.11464e+07
770.667	  4.11303e+07
770.954	  4.11143e+07
771.241	  4.10982e+07
771.528	  4.10821e+07
771.815	  4.1066e+07
772.102	  4.10499e+07
772.389	  4.10337e+07
772.676	  4.10176e+07
772.963	  4.10015e+07
773.25	  4.09854e+07
773.537	  4.09692e+07
773.824	  4.09531e+07
774.111	  4.09369e+07
774.398	  4.09208e+07
774.685	  4.09046e+07
774.972	  4.08885e+07
775.259	  4.08723e+07
775.546	  4.08561e+07
775.833	  4.08399e+07
776.12	  4.08237e+07
776.407	  4.08075e+07
776.694	  4.07913e+07
776.981	  4.07751e+07
777.268	  4.07589e+07
777.555	  4.07427e+07
777.842	  4.07265e+07
778.129	  4.07102e+07
778.416	  4.0694e+07
778.703	  4.06778e+07
778.99	  4.06615e+07
779.277	  4.06453e+07
779.564	  4.0629e+07
779.851	  4.06127e+07
780.138	  4.05965e+07
780.425	  4.05802e+07
780.712	  4.05639e+07
780.999	  4.05476e+07
781.286	  4.05314e+07
781.573	  4.05151e+07
781.86	  4.04988e+07
782.147	  4.04825e+07
782.434	  4.04662e+07
782.721	  4.04498e+07
783.008	  4.04335e+07
783.295	  4.04172e+07
783.582	  4.04009e+07
783.869	  4.03845e+07
784.156	  4.03682e+07
784.443	  4.03519e+07
784.73	  4.03355e+07
785.017	  4.03192e+07
785.304	  4.03028e+07
785.591	  4.02864e+07
785.878	  4.02701e+07
786.165	  4.02537e+07
786.452	  4.02373e+07
786.739	  4.0221e+07
787.026	  4.02046e+07
787.313	  4.01882e+07
787.6	  4.01718e+07
787.887	  4.01554e+07
788.174	  4.0139e+07
788.461	  4.01226e+07
788.748	  4.01062e+07
789.035	  4.00897e+07
789.322	  4.00733e+07
789.609	  4.00569e+07
789.896	  4.00405e+07
790.183	  4.0024e+07
790.47	  4.00076e+07
790.757	  3.99911e+07
791.044	  3.99747e+07
791.331	  3.99582e+07
791.618	  3.99418e+07
791.905	  3.99253e+07
792.192	  3.99089e+07
792.479	  3.98924e+07
792.766	  3.98759e+07
793.053	  3.98594e+07
793.34	  3.9843e+07
793.627	  3.98265e+07
793.914	  3.981e+07
794.201	  3.97935e+07
794.488	  3.9777e+07
794.775	  3.97605e+07
795.062	  3.9744e+07
795.349	  3.97275e+07
795.636	  3.9711e+07
795.923	  3.96944e+07
796.21	  3.96779e+07
796.497	  3.96614e+07
796.784	  3.96449e+07
797.071	  3.96283e+07
797.358	  3.96118e+07
797.645	  3.95953e+07
797.932	  3.95787e+07
798.219	  3.95622e+07
798.506	  3.95456e+07
798.793	  3.95291e+07
799.08	  3.95125e+07
799.367	  3.94959e+07
799.654	  3.94794e+07
799.941	  3.94628e+07
800.228	  3.94462e+07
800.515	  3.94296e+07
800.802	  3.94131e+07
801.089	  3.93965e+07
801.376	  3.93799e+07
801.663	  3.93633e+07
801.95	  3.93467e+07
802.237	  3.93301e+07
802.524	  3.93135e+07
802.811	  3.92969e+07
803.098	  3.92803e+07
803.385	  3.92637e+07
803.672	  3.92471e+07
803.959	  3.92305e+07
804.246	  3.92138e+07
804.533	  3.91972e+07
804.82	  3.91806e+07
805.107	  3.91639e+07
805.394	  3.91473e+07
805.681	  3.91307e+07
805.968	  3.9114e+07
806.255	  3.90974e+07
806.542	  3.90807e+07
806.829	  3.90641e+07
807.116	  3.90474e+07
807.403	  3.90308e+07
807.69	  3.90141e+07
807.977	  3.89975e+07
808.264	  3.89808e+07
808.551	  3.89641e+07
808.838	  3.89475e+07
809.125	  3.89308e+07
809.412	  3.89141e+07
809.699	  3.88974e+07
809.986	  3.88808e+07
810.273	  3.88641e+07
810.56	  3.88474e+07
810.847	  3.88307e+07
811.134	  3.8814e+07
811.421	  3.87973e+07
811.708	  3.87806e+07
811.995	  3.87639e+07
812.282	  3.87472e+07
812.569	  3.87305e+07
812.856	  3.87138e+07
813.143	  3.86971e+07
813.43	  3.86804e+07
813.717	  3.86637e+07
814.004	  3.86469e+07
814.291	  3.86302e+07
814.578	  3.86135e+07
814.865	  3.85968e+07
815.152	  3.858e+07
815.439	  3.85633e+07
815.726	  3.85466e+07
816.013	  3.85298e+07
816.3	  3.85131e+07
816.587	  3.84964e+07
816.874	  3.84796e+07
817.161	  3.84629e+07
817.448	  3.84461e+07
817.735	  3.84294e+07
818.022	  3.84126e+07
818.309	  3.83959e+07
818.596	  3.83791e+07
818.883	  3.83624e+07
819.17	  3.83456e+07
819.457	  3.83288e+07
820.002	  3.8297e+07
820.031	  3.82953e+07
820.059	  3.82936e+07
820.088	  3.8292e+07
820.117	  3.82903e+07
820.146	  3.82886e+07
820.174	  3.82869e+07
820.203	  3.82852e+07
820.232	  3.82836e+07
820.26	  3.82819e+07
820.289	  3.82802e+07
820.318	  3.82785e+07
820.346	  3.82769e+07
820.375	  3.82752e+07
820.404	  3.82735e+07
820.433	  3.82718e+07
820.461	  3.82702e+07
820.49	  3.82685e+07
820.519	  3.82668e+07
820.547	  3.82651e+07
820.576	  3.82634e+07
820.605	  3.82618e+07
820.633	  1.86354e+07
820.662	  1.86349e+07
820.691	  1.86344e+07
820.72	  1.86339e+07
820.748	  1.86334e+07
820.777	  1.86328e+07
820.806	  1.86323e+07
820.834	  1.86318e+07
820.863	  1.86313e+07
820.892	  1.86308e+07
820.92	  1.86303e+07
820.949	  1.86298e+07
820.978	  1.86293e+07
821.007	  1.86288e+07
821.035	  1.86283e+07
821.064	  1.86278e+07
821.093	  1.86273e+07
821.121	  1.86268e+07
821.15	  1.86263e+07
821.179	  1.86257e+07
821.207	  1.86252e+07
821.236	  1.86247e+07
821.265	  1.86242e+07
821.294	  1.86237e+07
821.322	  1.86232e+07
821.351	  1.86227e+07
821.38	  1.86222e+07
821.408	  1.86217e+07
821.437	  1.86212e+07
821.466	  1.86207e+07
821.494	  1.86202e+07
821.523	  1.86197e+07
821.552	  1.86191e+07
821.581	  1.86186e+07
821.609	  1.86181e+07
821.638	  1.86176e+07
821.667	  1.86171e+07
821.695	  1.86166e+07
821.724	  1.86161e+07
821.753	  1.86156e+07
821.781	  1.86151e+07
821.81	  1.86146e+07
821.839	  1.86141e+07
821.868	  1.86136e+07
821.896	  1.86131e+07
821.925	  1.86125e+07
821.954	  1.8612e+07
821.982	  1.86115e+07
822.011	  1.8611e+07
822.011	  1.8611e+07
822.298	  1.86059e+07
822.585	  1.86009e+07
822.872	  1.85958e+07
823.159	  1.85907e+07
823.446	  1.85856e+07
823.733	  1.85805e+07
824.02	  1.85754e+07
824.307	  1.85703e+07
824.594	  1.85652e+07
824.881	  1.85601e+07
825.168	  1.8555e+07
825.455	  1.85499e+07
825.742	  1.85448e+07
826.029	  1.85397e+07
826.316	  1.85346e+07
826.603	  1.85295e+07
826.89	  1.85244e+07
827.177	  1.85193e+07
827.464	  1.85141e+07
827.751	  1.8509e+07
828.038	  1.85039e+07
828.325	  1.84988e+07
828.612	  1.84936e+07
828.899	  1.84885e+07
829.186	  1.84834e+07
829.473	  1.84783e+07
829.76	  1.84731e+07
830.047	  1.8468e+07
830.334	  1.84628e+07
830.621	  1.84577e+07
830.908	  1.84526e+07
831.195	  1.84474e+07
831.482	  1.84423e+07
831.769	  1.84371e+07
832.056	  1.8432e+07
832.343	  1.84268e+07
832.63	  1.84217e+07
832.917	  1.84165e+07
833.204	  1.84114e+07
833.491	  1.84062e+07
833.778	  1.8401e+07
834.065	  1.83959e+07
834.352	  1.83907e+07
834.639	  1.83855e+07
834.926	  1.83804e+07
835.213	  1.83752e+07
835.5	  1.837e+07
835.787	  1.83649e+07
836.074	  1.83597e+07
836.361	  1.83545e+07
836.648	  1.83493e+07
836.935	  1.83441e+07
837.222	  1.8339e+07
837.509	  1.83338e+07
837.796	  1.83286e+07
838.083	  1.83234e+07
838.37	  1.83182e+07
838.657	  1.8313e+07
838.944	  1.83078e+07
839.231	  1.83026e+07
839.518	  1.82974e+07
839.805	  1.82922e+07
840.092	  1.8287e+07
840.379	  1.82818e+07
840.666	  1.82766e+07
840.953	  1.82714e+07
841.24	  1.82662e+07
841.527	  1.8261e+07
841.814	  1.82558e+07
842.101	  1.82506e+07
842.388	  1.82454e+07
842.675	  1.82401e+07
842.962	  1.82349e+07
843.249	  1.82297e+07
843.536	  1.82245e+07
843.823	  1.82193e+07
844.11	  1.8214e+07
844.397	  1.82088e+07
844.684	  1.82036e+07
844.971	  1.81984e+07
845.258	  1.81931e+07
845.545	  1.81879e+07
845.832	  1.81827e+07
846.119	  1.81774e+07
846.406	  1.81722e+07
846.693	  1.81669e+07
846.98	  1.81617e+07
847.267	  1.81565e+07
847.554	  1.81512e+07
847.841	  1.8146e+07
848.128	  1.81407e+07
848.415	  1.81355e+07
848.702	  1.81302e+07
848.989	  1.8125e+07
849.276	  1.81197e+07
849.563	  1.81145e+07
849.85	  1.81092e+07
850.137	  1.81039e+07
850.424	  1.80987e+07
850.711	  1.80934e+07
850.998	  1.80881e+07
851.285	  1.80829e+07
851.572	  1.80776e+07
851.859	  1.80724e+07
852.146	  1.80671e+07
852.433	  1.80618e+07
852.72	  1.80565e+07
853.007	  1.80513e+07
853.294	  1.8046e+07
853.581	  1.80407e+07
853.868	  1.80354e+07
854.155	  1.80302e+07
854.442	  1.80249e+07
854.729	  1.80196e+07
855.016	  1.80143e+07
855.303	  1.8009e+07
855.59	  1.80037e+07
855.877	  1.79984e+07
856.164	  1.79932e+07
856.451	  1.79879e+07
856.738	  1.79826e+07
857.025	  1.79773e+07
857.312	  1.7972e+07
857.599	  1.79667e+07
857.886	  1.79614e+07
858.173	  1.79561e+07
858.46	  1.79508e+07
858.747	  1.79455e+07
859.034	  1.79402e+07
859.321	  1.79349e+07
859.608	  1.79296e+07
859.895	  1.79243e+07
860.182	  1.7919e+07
860.469	  1.79136e+07
860.756	  1.79083e+07
861.043	  1.7903e+07
861.33	  1.78977e+07
861.617	  1.78924e+07
861.904	  1.78871e+07
862.191	  1.78817e+07
862.478	  1.78764e+07
862.765	  1.78711e+07
863.052	  1.78658e+07
863.339	  1.78605e+07
863.626	  1.78551e+07
863.913	  1.78498e+07
864.2	  1.78445e+07
864.487	  1.78392e+07
864.774	  1.78338e+07
865.061	  1.78285e+07
865.348	  1.78232e+07
865.635	  1.78178e+07
865.922	  1.78125e+07
866.209	  1.78072e+07
866.496	  1.78018e+07
866.783	  1.77965e+07
867.07	  1.77911e+07
867.357	  1.77858e+07
867.644	  1.77805e+07
867.931	  1.77751e+07
868.218	  1.77698e+07
868.505	  1.77644e+07
868.792	  1.77591e+07
869.079	  1.77537e+07
869.366	  1.77484e+07
869.653	  1.7743e+07
869.94	  1.77377e+07
870.227	  1.77323e+07
870.514	  1.7727e+07
870.801	  1.77216e+07
871.088	  1.77163e+07
871.375	  1.77109e+07
871.662	  1.77055e+07
871.949	  1.77002e+07
872.236	  1.76948e+07
872.523	  1.76895e+07
872.81	  1.76841e+07
873.097	  1.76787e+07
873.384	  1.76734e+07
873.671	  1.7668e+07
873.958	  1.76626e+07
874.245	  1.76573e+07
874.532	  1.76519e+07
874.819	  1.76465e+07
875.106	  1.76412e+07
875.393	  1.76358e+07
875.68	  1.76304e+07
875.967	  1.7625e+07
876.254	  1.76197e+07
876.541	  1.76143e+07
876.828	  1.76089e+07
877.115	  1.76035e+07
877.402	  1.75981e+07
877.689	  1.75928e+07
877.976	  1.75874e+07
878.263	  1.7582e+07
878.55	  1.75766e+07
878.837	  1.75712e+07
879.124	  1.75658e+07
879.411	  1.75605e+07
879.698	  1.75551e+07
879.985	  1.75497e+07
880.272	  1.75443e+07
880.559	  1.75389e+07
880.846	  1.75335e+07
881.133	  1.75281e+07
881.42	  1.75227e+07
881.707	  1.75173e+07
881.994	  1.75119e+07
882.281	  1.75065e+07
882.568	  1.75011e+07
882.855	  1.74957e+07
883.142	  1.74903e+07
883.429	  1.74849e+07
883.716	  1.74795e+07
884.003	  1.74741e+07
884.29	  1.74687e+07
884.577	  1.74633e+07
884.864	  1.74579e+07
885.151	  1.74525e+07
885.438	  1.74471e+07
885.725	  1.74417e+07
886.012	  1.74363e+07
886.299	  1.74309e+07
886.586	  1.74255e+07
886.873	  1.74201e+07
887.16	  1.74146e+07
887.447	  1.74092e+07
887.734	  1.74038e+07
888.021	  1.73984e+07
888.308	  1.7393e+07
888.595	  1.73876e+07
888.882	  1.73821e+07
889.169	  1.73767e+07
889.456	  1.73713e+07
889.743	  1.73659e+07
890.03	  1.73605e+07
890.317	  1.7355e+07
890.604	  1.73496e+07
890.891	  1.73442e+07
891.178	  1.73388e+07
891.465	  1.73334e+07
891.752	  1.73279e+07
892.039	  1.73225e+07
892.326	  1.73171e+07
892.613	  1.73116e+07
892.9	  1.73062e+07
893.187	  1.73008e+07
893.474	  1.72954e+07
893.761	  1.72899e+07
894.048	  1.72845e+07
894.335	  1.72791e+07
894.622	  1.72736e+07
894.909	  1.72682e+07
895.196	  1.72628e+07
895.483	  1.72573e+07
895.77	  1.72519e+07
896.057	  1.72465e+07
896.344	  1.7241e+07
896.631	  1.72356e+07
896.918	  1.72301e+07
897.205	  1.72247e+07
897.492	  1.72193e+07
897.779	  1.72138e+07
898.066	  1.72084e+07
898.353	  1.72029e+07
898.64	  1.71975e+07
898.927	  1.7192e+07
899.214	  1.71866e+07
899.501	  1.71812e+07
899.788	  1.71757e+07
900.075	  1.71703e+07
900.362	  1.71648e+07
900.649	  1.71594e+07
900.936	  1.71539e+07
901.223	  1.71485e+07
901.51	  1.7143e+07
901.797	  1.71376e+07
902.084	  1.71321e+07
902.371	  1.71267e+07
902.658	  1.71212e+07
902.945	  1.71158e+07
903.232	  1.71103e+07
903.519	  1.71049e+07
903.806	  1.70994e+07
904.093	  1.70939e+07
904.38	  1.70885e+07
904.667	  1.7083e+07
904.954	  1.70776e+07
905.241	  1.70721e+07
905.528	  1.70667e+07
905.815	  1.70612e+07
906.102	  1.70557e+07
906.389	  1.70503e+07
906.676	  1.70448e+07
906.963	  1.70394e+07
907.25	  1.70339e+07
907.537	  1.70284e+07
907.824	  1.7023e+07
908.111	  1.70175e+07
908.398	  1.70121e+07
908.685	  1.70066e+07
908.972	  1.70011e+07
909.259	  1.69957e+07
909.546	  1.69902e+07
909.833	  1.69847e+07
910.12	  1.69793e+07
910.407	  1.69738e+07
910.694	  1.69683e+07
910.981	  1.69629e+07
911.268	  1.69574e+07
911.555	  1.69519e+07
911.842	  1.69464e+07
912.129	  1.6941e+07
912.416	  1.69355e+07
912.703	  1.693e+07
912.99	  1.69246e+07
913.277	  1.69191e+07
913.564	  1.69136e+07
913.851	  1.69081e+07
914.138	  1.69027e+07
914.425	  1.68972e+07
914.712	  1.68917e+07
914.999	  1.68862e+07
915.286	  1.68808e+07
915.573	  1.68753e+07
915.86	  1.68698e+07
916.147	  1.68643e+07
916.434	  1.68589e+07
916.721	  1.68534e+07
917.008	  1.68479e+07
917.295	  1.68424e+07
917.582	  1.6837e+07
917.869	  1.68315e+07
918.156	  1.6826e+07
918.443	  1.68205e+07
918.73	  1.6815e+07
919.017	  1.68096e+07
919.304	  1.68041e+07
919.591	  1.67986e+07
919.878	  1.67931e+07
920.165	  1.67876e+07
920.452	  1.67821e+07
920.739	  1.67767e+07
921.026	  1.67712e+07
921.313	  1.67657e+07
921.6	  1.67602e+07
921.887	  1.67547e+07
922.174	  1.67492e+07
922.461	  1.67438e+07
922.748	  1.67383e+07
923.035	  1.67328e+07
923.322	  1.67273e+07
923.609	  1.67218e+07
923.896	  1.67163e+07
924.183	  1.67108e+07
924.47	  1.67053e+07
924.757	  1.66999e+07
925.044	  1.66944e+07
925.331	  1.66889e+07
925.618	  1.66834e+07
925.905	  1.66779e+07
926.192	  1.66724e+07
926.479	  1.66669e+07
926.766	  1.66614e+07
927.053	  1.66559e+07
927.34	  1.66505e+07
927.627	  1.6645e+07
927.914	  1.66395e+07
928.201	  1.6634e+07
928.488	  1.66285e+07
928.775	  1.6623e+07
929.062	  1.66175e+07
929.349	  1.6612e+07
929.636	  1.66065e+07
929.923	  1.6601e+07
930.21	  1.65955e+07
930.497	  1.659e+07
930.784	  1.65846e+07
931.071	  1.65791e+07
931.358	  1.65736e+07
931.645	  1.65681e+07
931.932	  1.65626e+07
932.219	  1.65571e+07
932.506	  1.65516e+07
932.793	  1.65461e+07
933.08	  1.65406e+07
933.367	  1.65351e+07
933.654	  1.65296e+07
933.941	  1.65241e+07
934.228	  1.65186e+07
934.515	  1.65131e+07
934.802	  1.65076e+07
935.089	  1.65021e+07
935.376	  1.64966e+07
935.663	  1.64911e+07
935.95	  1.64856e+07
936.237	  1.64801e+07
936.524	  1.64746e+07
936.811	  1.64691e+07
937.098	  1.64636e+07
937.385	  1.64581e+07
937.672	  1.64527e+07
937.959	  1.64472e+07
938.246	  1.64417e+07
938.533	  1.64362e+07
938.82	  1.64307e+07
939.107	  1.64252e+07
939.394	  1.64197e+07
939.681	  1.64142e+07
939.968	  1.64087e+07
940.255	  1.64032e+07
940.542	  1.63977e+07
940.829	  1.63922e+07
941.116	  1.63867e+07
941.403	  1.63812e+07
941.69	  1.63757e+07
941.977	  1.63702e+07
942.264	  1.63647e+07
942.551	  1.63592e+07
942.838	  1.63537e+07
943.125	  1.63482e+07
943.412	  1.63427e+07
943.699	  1.63372e+07
943.986	  1.63317e+07
944.273	  1.63262e+07
944.56	  1.63207e+07
944.847	  1.63152e+07
945.134	  1.63097e+07
945.421	  1.63042e+07
945.708	  1.62987e+07
945.995	  1.62932e+07
946.282	  1.62877e+07
946.569	  1.62822e+07
946.856	  1.62767e+07
947.143	  1.62712e+07
947.43	  1.62657e+07
947.717	  1.62602e+07
948.004	  1.62547e+07
948.291	  1.62492e+07
948.578	  1.62437e+07
948.865	  1.62382e+07
949.152	  1.62327e+07
949.439	  1.62272e+07
949.726	  1.62217e+07
950.013	  1.62161e+07
950.3	  1.62106e+07
950.587	  1.62051e+07
950.874	  1.61996e+07
951.161	  1.61941e+07
951.448	  1.61886e+07
951.735	  1.61831e+07
952.022	  1.61776e+07
952.309	  1.61721e+07
952.596	  1.61666e+07
952.883	  1.61611e+07
953.17	  1.61556e+07
953.457	  1.61501e+07
953.744	  1.61446e+07
954.031	  1.61391e+07
954.318	  1.61336e+07
954.605	  1.61281e+07
954.892	  1.61226e+07
955.179	  1.61171e+07
955.466	  1.61116e+07
955.753	  1.61061e+07
956.04	  1.61006e+07
956.327	  1.60951e+07
956.614	  1.60896e+07
956.901	  1.60841e+07
957.188	  1.60786e+07
957.475	  1.60731e+07
957.762	  1.60676e+07
958.049	  1.60621e+07
958.336	  1.60566e+07
958.623	  1.60511e+07
958.91	  1.60456e+07
959.197	  1.60401e+07
959.484	  1.60346e+07
959.771	  1.60291e+07
960.058	  1.60236e+07
960.345	  1.60181e+07
960.632	  1.60126e+07
960.919	  1.60071e+07
961.206	  1.60016e+07
961.493	  1.59961e+07
961.78	  1.59906e+07
962.067	  1.59851e+07
962.354	  1.59796e+07
962.641	  1.59741e+07
962.928	  1.59686e+07
963.215	  1.59632e+07
963.502	  1.59577e+07
963.789	  1.59522e+07
964.076	  1.59467e+07
964.363	  1.59412e+07
964.65	  1.59357e+07
964.937	  1.59302e+07
965.224	  1.59247e+07
965.511	  1.59192e+07
965.798	  1.59137e+07
966.085	  1.59082e+07
966.372	  1.59027e+07
966.659	  1.58972e+07
966.946	  1.58917e+07
967.233	  1.58862e+07
967.52	  1.58807e+07
967.807	  1.58752e+07
968.094	  1.58697e+07
968.381	  1.58642e+07
968.668	  1.58587e+07
968.955	  1.58532e+07
969.242	  1.58477e+07
969.529	  1.58422e+07
969.816	  1.58367e+07
970.103	  1.58313e+07
970.39	  1.58258e+07
970.677	  1.58203e+07
970.964	  1.58148e+07
971.251	  1.58093e+07
971.538	  1.58038e+07
971.825	  1.57983e+07
972.112	  1.57928e+07
972.399	  1.57873e+07
972.686	  1.57818e+07
972.973	  1.57763e+07
973.26	  1.57708e+07
973.547	  1.57653e+07
973.834	  1.57599e+07
974.121	  1.57544e+07
974.408	  1.57489e+07
974.695	  1.57434e+07
974.982	  1.57379e+07
975.269	  1.57324e+07
975.556	  1.57269e+07
975.843	  1.57214e+07
976.13	  1.57159e+07
976.417	  1.57104e+07
976.704	  1.5705e+07
976.991	  1.56995e+07
977.278	  1.5694e+07
977.565	  1.56885e+07
977.852	  1.5683e+07
978.139	  1.56775e+07
978.426	  1.5672e+07
978.713	  1.56666e+07
979	  1.56611e+07
979.287	  1.56556e+07
979.574	  1.56501e+07
979.861	  1.56446e+07
980.148	  1.56391e+07
980.435	  1.56336e+07
980.722	  1.56282e+07
981.009	  1.56227e+07
981.296	  1.56172e+07
981.583	  1.56117e+07
981.87	  1.56062e+07
982.157	  1.56007e+07
982.444	  1.55953e+07
982.731	  1.55898e+07
983.018	  1.55843e+07
983.305	  1.55788e+07
983.592	  1.55733e+07
983.879	  1.55679e+07
984.166	  1.55624e+07
984.453	  1.55569e+07
984.74	  1.55514e+07
985.027	  1.55459e+07
985.314	  1.55405e+07
985.601	  1.5535e+07
985.888	  1.55295e+07
986.175	  1.5524e+07
986.462	  1.55185e+07
986.749	  1.55131e+07
987.036	  1.55076e+07
987.323	  1.55021e+07
987.61	  1.54966e+07
987.897	  1.54912e+07
988.184	  1.54857e+07
988.471	  1.54802e+07
988.758	  1.54747e+07
989.045	  1.54693e+07
989.332	  1.54638e+07
989.619	  1.54583e+07
989.906	  1.54529e+07
990.193	  1.54474e+07
990.48	  1.54419e+07
990.767	  1.54364e+07
991.054	  1.5431e+07
991.341	  1.54255e+07
991.628	  1.542e+07
991.915	  1.54146e+07
992.202	  1.54091e+07
992.489	  1.54036e+07
992.776	  1.53981e+07
993.063	  1.53927e+07
993.35	  1.53872e+07
993.637	  1.53817e+07
993.924	  1.53763e+07
994.211	  1.53708e+07
994.498	  1.53653e+07
994.785	  1.53599e+07
995.072	  1.53544e+07
995.359	  1.53489e+07
995.646	  1.53435e+07
995.933	  1.5338e+07
996.22	  1.53326e+07
996.507	  1.53271e+07
996.794	  1.53216e+07
997.081	  1.53162e+07
997.368	  1.53107e+07
997.655	  1.53052e+07
997.942	  1.52998e+07
998.229	  1.52943e+07
998.516	  1.52889e+07
998.803	  1.52834e+07
999.09	  1.52779e+07
999.377	  1.52725e+07
999.664	  1.5267e+07
999.951	  1.52616e+07
1000.24	  1.52561e+07
1000.52	  1.52507e+07
1000.81	  1.52452e+07
1001.1	  1.52398e+07
1001.39	  1.52343e+07
1001.67	  1.52288e+07
1001.96	  1.52234e+07
1002.25	  1.52179e+07
1002.53	  1.52125e+07
1002.82	  1.5207e+07
1003.11	  1.52016e+07
1003.39	  1.51961e+07
1003.68	  1.51907e+07
1003.97	  1.51852e+07
1004.26	  1.51798e+07
1004.54	  1.51743e+07
1004.83	  1.51689e+07
1005.12	  1.51634e+07
1005.4	  1.5158e+07
1005.69	  1.51525e+07
1005.98	  1.51471e+07
1006.26	  1.51416e+07
1006.55	  1.51362e+07
1006.84	  1.51308e+07
1007.13	  1.51253e+07
1007.41	  1.51199e+07
1007.7	  1.51144e+07
1007.99	  1.5109e+07
1008.27	  1.51035e+07
1008.56	  1.50981e+07
1008.85	  1.50926e+07
1009.13	  1.50872e+07
1009.42	  1.50818e+07
1009.71	  1.50763e+07
1010	  1.50709e+07
1010.28	  1.50655e+07
1010.57	  1.506e+07
1010.86	  1.50546e+07
1011.14	  1.50491e+07
1011.43	  1.50437e+07
1011.72	  1.50383e+07
1012	  1.50328e+07
1012.29	  1.50274e+07
1012.58	  1.5022e+07
1012.87	  1.50165e+07
1013.15	  1.50111e+07
1013.44	  1.50057e+07
1013.73	  1.50002e+07
1014.01	  1.49948e+07
1014.3	  1.49894e+07
1014.59	  1.49839e+07
1014.88	  1.49785e+07
1015.16	  1.49731e+07
1015.45	  1.49677e+07
1015.74	  1.49622e+07
1016.02	  1.49568e+07
1016.31	  1.49514e+07
1016.6	  1.49459e+07
1016.88	  1.49405e+07
1017.17	  1.49351e+07
1017.46	  1.49297e+07
1017.75	  1.49243e+07
1018.03	  1.49188e+07
1018.32	  1.49134e+07
1018.61	  1.4908e+07
1018.89	  1.49026e+07
1019.18	  1.48971e+07
1019.47	  1.48917e+07
1019.98	  1.48821e+07
1021.08	  1.48614e+07
1022.17	  1.48406e+07
1023.27	  1.48199e+07
1024.38	  1.47991e+07
1025.47	  1.47784e+07
1026.58	  1.47577e+07
1027.67	  1.4737e+07
1028.78	  1.47163e+07
1029.88	  1.46956e+07
1030.97	  1.4675e+07
1032.08	  1.46543e+07
1033.17	  1.46336e+07
1034.28	  1.4613e+07
1035.38	  1.45924e+07
1036.47	  1.45718e+07
1037.58	  1.45511e+07
1038.67	  1.45306e+07
1039.78	  1.451e+07
1040.88	  1.44894e+07
1041.97	  1.44688e+07
1043.08	  1.44483e+07
1044.17	  1.44277e+07
1045.28	  1.44072e+07
1046.38	  1.43867e+07
1047.47	  1.43662e+07
1048.58	  1.43457e+07
1049.67	  1.43252e+07
1050.78	  1.43047e+07
1051.88	  1.42843e+07
1052.97	  1.42638e+07
1054.08	  1.42434e+07
1055.17	  1.4223e+07
1056.28	  1.42026e+07
1057.38	  1.41822e+07
1058.47	  1.41618e+07
1059.58	  1.41414e+07
1060.67	  1.41211e+07
1061.78	  1.41007e+07
1062.88	  1.40804e+07
1063.97	  1.40601e+07
1065.08	  1.40398e+07
1066.17	  1.40195e+07
1067.28	  1.39992e+07
1068.38	  1.3979e+07
1069.47	  1.39587e+07
1070.58	  1.39385e+07
1071.67	  1.39183e+07
1072.78	  1.38981e+07
1073.88	  1.38779e+07
1074.97	  1.38577e+07
1076.08	  1.38375e+07
1077.17	  1.38174e+07
1078.28	  1.37972e+07
1079.38	  1.37771e+07
1080.47	  1.3757e+07
1081.58	  1.37369e+07
1082.67	  1.37168e+07
1083.78	  1.36968e+07
1084.88	  1.36767e+07
1085.97	  1.36567e+07
1087.08	  1.36367e+07
1088.17	  1.36167e+07
1089.28	  1.35967e+07
1090.38	  1.35767e+07
1091.47	  1.35567e+07
1092.58	  1.35368e+07
1093.67	  1.35169e+07
1094.78	  1.34969e+07
1095.88	  1.34771e+07
1096.97	  1.34572e+07
1098.08	  1.34373e+07
1099.17	  1.34175e+07
1100.28	  1.33976e+07
1101.38	  1.33778e+07
1102.47	  1.3358e+07
1103.58	  1.33382e+07
1104.67	  1.33184e+07
1105.78	  1.32987e+07
1106.88	  1.32789e+07
1107.97	  1.32592e+07
1109.08	  1.32395e+07
1110.17	  1.32198e+07
1111.28	  1.32001e+07
1112.38	  1.31805e+07
1113.47	  1.31608e+07
1114.58	  1.31412e+07
1115.67	  1.31216e+07
1116.78	  1.3102e+07
1117.88	  1.30824e+07
1118.97	  1.30629e+07
1120.08	  1.30433e+07
1121.17	  1.30238e+07
1122.28	  1.30043e+07
1123.38	  1.29848e+07
1124.47	  1.29653e+07
1125.58	  1.29459e+07
1126.67	  1.29264e+07
1127.78	  1.2907e+07
1128.88	  1.28876e+07
1129.97	  1.28682e+07
1131.08	  1.28489e+07
1132.17	  1.28295e+07
1133.28	  1.28102e+07
1134.38	  1.27909e+07
1135.47	  1.27716e+07
1136.58	  1.27523e+07
1137.67	  1.2733e+07
1138.78	  1.27138e+07
1139.88	  1.26945e+07
1140.97	  1.26753e+07
1142.08	  1.26561e+07
1143.17	  1.26369e+07
1144.28	  1.26178e+07
1145.38	  1.25986e+07
1146.47	  1.25795e+07
1147.58	  1.25604e+07
1148.67	  1.25413e+07
1149.78	  1.25223e+07
1150.88	  1.25032e+07
1151.97	  1.24842e+07
1153.08	  1.24652e+07
1154.17	  1.24462e+07
1155.28	  1.24272e+07
1156.38	  1.24082e+07
1157.47	  1.23893e+07
1158.58	  1.23704e+07
1159.67	  1.23515e+07
1160.78	  1.23326e+07
1161.88	  1.23137e+07
1162.97	  1.22949e+07
1164.08	  1.2276e+07
1165.17	  1.22572e+07
1166.28	  1.22384e+07
1167.38	  1.22197e+07
1168.47	  1.22009e+07
1169.58	  1.21822e+07
1170.67	  1.21635e+07
1171.78	  1.21448e+07
1172.88	  1.21261e+07
1173.97	  1.21074e+07
1175.08	  1.20888e+07
1176.17	  1.20702e+07
1177.28	  1.20516e+07
1178.38	  1.2033e+07
1179.47	  1.20144e+07
1180.58	  1.19959e+07
1181.67	  1.19774e+07
1182.78	  1.19588e+07
1183.88	  1.19404e+07
1184.97	  1.19219e+07
1186.08	  1.19034e+07
1187.17	  1.1885e+07
1188.28	  1.18666e+07
1189.38	  1.18482e+07
1190.47	  1.18299e+07
1191.58	  1.18115e+07
1192.67	  1.17932e+07
1193.78	  1.17749e+07
1194.88	  1.17566e+07
1195.97	  1.17383e+07
1197.08	  1.172e+07
1198.17	  1.17018e+07
1199.28	  1.16836e+07
1200.38	  1.16654e+07
1201.47	  1.16472e+07
1202.58	  1.16291e+07
1203.67	  1.16109e+07
1204.78	  1.15928e+07
1205.88	  1.15747e+07
1206.97	  1.15567e+07
1208.08	  1.15386e+07
1209.17	  1.15206e+07
1210.28	  1.15026e+07
1211.38	  1.14846e+07
1212.47	  1.14666e+07
1213.58	  1.14486e+07
1214.67	  1.14307e+07
1215.78	  1.14128e+07
1216.88	  1.13949e+07
1217.97	  1.1377e+07
1219.08	  1.13592e+07
1220.17	  1.13413e+07
1221.28	  1.13235e+07
1222.38	  1.13057e+07
1223.47	  1.12879e+07
1224.58	  1.12702e+07
1225.67	  1.12524e+07
1226.78	  1.12347e+07
1227.88	  1.1217e+07
1228.97	  1.11994e+07
1230.08	  1.11817e+07
1231.17	  1.11641e+07
1232.28	  1.11465e+07
1233.38	  1.11289e+07
1234.47	  1.11113e+07
1235.58	  1.10938e+07
1236.67	  1.10762e+07
1237.78	  1.10587e+07
1238.88	  1.10412e+07
1239.97	  1.10238e+07
1241.08	  1.10063e+07
1242.17	  1.09889e+07
1243.28	  1.09715e+07
1244.38	  1.09541e+07
1245.47	  1.09367e+07
1246.58	  1.09194e+07
1247.67	  1.09021e+07
1248.78	  1.08848e+07
1249.88	  1.08675e+07
1250.97	  1.08502e+07
1252.08	  1.0833e+07
1253.17	  1.08157e+07
1254.28	  1.07985e+07
1255.38	  1.07814e+07
1256.47	  1.07642e+07
1257.58	  1.07471e+07
1258.67	  1.07299e+07
1259.78	  1.07128e+07
1260.88	  1.06958e+07
1261.97	  1.06787e+07
1263.08	  1.06617e+07
1264.17	  1.06447e+07
1265.28	  1.06277e+07
1266.38	  1.06107e+07
1267.47	  1.05937e+07
1268.58	  1.05768e+07
1269.67	  1.05599e+07
1270.78	  1.0543e+07
1271.88	  1.05261e+07
1272.97	  1.05093e+07
1274.08	  1.04925e+07
1275.17	  1.04756e+07
1276.28	  1.04589e+07
1277.38	  1.04421e+07
1278.47	  1.04254e+07
1279.58	  1.04086e+07
1280.67	  1.03919e+07
1281.78	  1.03752e+07
1282.88	  1.03586e+07
1283.97	  1.03419e+07
1285.08	  1.03253e+07
1286.17	  1.03087e+07
1287.28	  1.02921e+07
1288.38	  1.02756e+07
1289.47	  1.02591e+07
1290.58	  1.02425e+07
1291.67	  1.0226e+07
1292.78	  1.02096e+07
1293.88	  1.01931e+07
1294.97	  1.01767e+07
1296.08	  1.01603e+07
1297.17	  1.01439e+07
1298.28	  1.01275e+07
1299.38	  1.01112e+07
1300.47	  1.00948e+07
1301.58	  1.00785e+07
1302.67	  1.00623e+07
1303.78	  1.0046e+07
1304.88	  1.00298e+07
1305.97	  1.00135e+07
1307.08	  9.99733e+06
1308.17	  9.98115e+06
1309.28	  9.96499e+06
1310.38	  9.94885e+06
1311.47	  9.93274e+06
1312.58	  9.91664e+06
1313.67	  9.90057e+06
1314.78	  9.88451e+06
1315.88	  9.86848e+06
1316.97	  9.85247e+06
1318.08	  9.83648e+06
1319.17	  9.82051e+06
1320.28	  9.80456e+06
1321.38	  9.78863e+06
1322.47	  9.77272e+06
1323.58	  9.75684e+06
1324.67	  9.74097e+06
1325.78	  9.72513e+06
1326.88	  9.70931e+06
1327.97	  9.6935e+06
1329.08	  9.67772e+06
1330.17	  9.66196e+06
1331.28	  9.64622e+06
1332.38	  9.63051e+06
1333.47	  9.61481e+06
1334.58	  9.59913e+06
1335.67	  9.58348e+06
1336.78	  9.56784e+06
1337.88	  9.55223e+06
1338.97	  9.53664e+06
1340.08	  9.52107e+06
1341.17	  9.50552e+06
1342.28	  9.48999e+06
1343.38	  9.47448e+06
1344.47	  9.45899e+06
1345.58	  9.44352e+06
1346.67	  9.42808e+06
1347.78	  9.41265e+06
1348.88	  9.39725e+06
1349.97	  9.38187e+06
1351.08	  9.36651e+06
1352.17	  9.35116e+06
1353.28	  9.33584e+06
1354.38	  9.32055e+06
1355.47	  9.30527e+06
1356.58	  9.29001e+06
1357.67	  9.27477e+06
1358.78	  9.25956e+06
1359.88	  9.24436e+06
1360.97	  9.22919e+06
1362.08	  9.21404e+06
1363.17	  9.1989e+06
1364.28	  9.18379e+06
1365.38	  9.1687e+06
1366.47	  9.15363e+06
1367.58	  9.13858e+06
1368.67	  9.12356e+06
1369.78	  9.10855e+06
1370.88	  9.09356e+06
1371.97	  9.0786e+06
1373.08	  9.06365e+06
1374.17	  9.04873e+06
1375.28	  9.03383e+06
1376.38	  9.01894e+06
1377.47	  9.00408e+06
1378.58	  8.98924e+06
1379.67	  8.97442e+06
1380.78	  8.95962e+06
1381.88	  8.94485e+06
1382.97	  8.93009e+06
1384.08	  8.91535e+06
1385.17	  8.90063e+06
1386.28	  8.88594e+06
1387.38	  8.87126e+06
1388.47	  8.85661e+06
1389.58	  8.84198e+06
1390.67	  8.82736e+06
1391.78	  8.81277e+06
1392.88	  8.7982e+06
1393.97	  8.78365e+06
1395.08	  8.76912e+06
1396.17	  8.75461e+06
1397.28	  8.74012e+06
1398.38	  8.72566e+06
1399.47	  8.71121e+06
1400.58	  8.69678e+06
1401.67	  8.68237e+06
1402.78	  8.66799e+06
1403.88	  8.65362e+06
1404.97	  8.63928e+06
1406.08	  8.62496e+06
1407.17	  8.61065e+06
1408.28	  8.59637e+06
1409.38	  8.58211e+06
1410.47	  8.56786e+06
1411.58	  8.55364e+06
1412.67	  8.53944e+06
1413.78	  8.52526e+06
1414.88	  8.5111e+06
1415.97	  8.49696e+06
1417.08	  8.48284e+06
1418.17	  8.46874e+06
1419.28	  8.45467e+06
1420.38	  8.44061e+06
1421.47	  8.42657e+06
1422.58	  8.41255e+06
1423.67	  8.39856e+06
1424.78	  8.38458e+06
1425.88	  8.37063e+06
1426.97	  8.35669e+06
1428.08	  8.34278e+06
1429.17	  8.32888e+06
1430.28	  8.31501e+06
1431.38	  8.30115e+06
1432.47	  8.28732e+06
1433.58	  8.2735e+06
1434.67	  8.25971e+06
1435.78	  8.24594e+06
1436.88	  8.23218e+06
1437.97	  8.21845e+06
1439.08	  8.20474e+06
1440.17	  8.19105e+06
1441.28	  8.17737e+06
1442.38	  8.16372e+06
1443.47	  8.15009e+06
1444.58	  8.13648e+06
1445.67	  8.12289e+06
1446.78	  8.10931e+06
1447.88	  8.09576e+06
1448.97	  8.08223e+06
1450.08	  8.06872e+06
1451.17	  8.05523e+06
1452.28	  8.04176e+06
1453.38	  8.02831e+06
1454.47	  8.01488e+06
1455.58	  8.00147e+06
1456.67	  7.98807e+06
1457.78	  7.9747e+06
1458.88	  6.29143e+06
1459.97	  6.28244e+06
1461.08	  6.27346e+06
1462.17	  6.26449e+06
1463.28	  6.25553e+06
1464.38	  6.24658e+06
1465.47	  6.23765e+06
1466.58	  6.22872e+06
1467.67	  6.21981e+06
1468.78	  6.2109e+06
1469.88	  6.20201e+06
1470.97	  6.19313e+06
1472.08	  6.18426e+06
1473.17	  6.1754e+06
1474.28	  6.16656e+06
1475.38	  6.15772e+06
1476.47	  6.14889e+06
1477.58	  6.14008e+06
1478.67	  6.13127e+06
1479.78	  6.12248e+06
1480.88	  6.1137e+06
1481.97	  6.10493e+06
1483.08	  6.09617e+06
1484.17	  6.08742e+06
1485.28	  6.07868e+06
1486.38	  6.06996e+06
1487.47	  6.06124e+06
1488.58	  6.05254e+06
1489.67	  6.04384e+06
1490.78	  6.03516e+06
1491.88	  6.02649e+06
1492.97	  6.01783e+06
1494.08	  6.00918e+06
1495.17	  6.00054e+06
1496.28	  5.99191e+06
1497.38	  5.9833e+06
1498.47	  5.97469e+06
1499.58	  5.96609e+06
1500.67	  5.95751e+06
1501.78	  5.94894e+06
1502.88	  5.94037e+06
1503.97	  5.93182e+06
1505.08	  5.92328e+06
1506.17	  5.91475e+06
1507.28	  5.90623e+06
1508.38	  5.89773e+06
1509.47	  5.88923e+06
1510.58	  5.88074e+06
1511.67	  5.87227e+06
1512.78	  5.8638e+06
1513.88	  5.85535e+06
1514.97	  5.84691e+06
1516.08	  5.83848e+06
1517.17	  5.83005e+06
1518.28	  5.82164e+06
1519.38	  5.81324e+06
1520.47	  5.80486e+06
1521.58	  5.79648e+06
1522.67	  5.78811e+06
1523.78	  5.77975e+06
1524.88	  5.77141e+06
1525.97	  5.76307e+06
1527.08	  5.75475e+06
1528.17	  5.74644e+06
1529.28	  5.73813e+06
1530.38	  5.72984e+06
1531.47	  5.72156e+06
1532.58	  5.71329e+06
1533.67	  5.70503e+06
1534.78	  5.69678e+06
1535.88	  5.68854e+06
1536.97	  5.68032e+06
1538.08	  5.6721e+06
1539.17	  5.66389e+06
1540.28	  5.6557e+06
1541.38	  5.64751e+06
1542.47	  5.63934e+06
1543.58	  5.63117e+06
1544.67	  5.62302e+06
1545.78	  5.61488e+06
1546.88	  5.60675e+06
1547.97	  5.59863e+06
1549.08	  5.59051e+06
1550.17	  5.58241e+06
1551.28	  5.57433e+06
1552.38	  5.56625e+06
1553.47	  5.55818e+06
1554.58	  5.55012e+06
1555.67	  5.54207e+06
1556.78	  5.53404e+06
1557.88	  5.52601e+06
1558.97	  5.518e+06
1560.08	  5.50999e+06
1561.17	  5.502e+06
1562.28	  5.49401e+06
1563.38	  5.48604e+06
1564.47	  5.47808e+06
1565.58	  5.47013e+06
1566.67	  5.46218e+06
1567.78	  5.45425e+06
1568.88	  5.44633e+06
1569.97	  5.43842e+06
1571.08	  5.43052e+06
1572.17	  5.42263e+06
1573.28	  5.41475e+06
1574.38	  5.40688e+06
1575.47	  5.39903e+06
1576.58	  5.39118e+06
1577.67	  5.38334e+06
1578.78	  5.37551e+06
1579.88	  5.3677e+06
1580.97	  5.35989e+06
1582.08	  5.3521e+06
1583.17	  5.34431e+06
1584.28	  5.33654e+06
1585.38	  5.32877e+06
1586.47	  5.32102e+06
1587.58	  5.31327e+06
1588.67	  5.30554e+06
1589.78	  5.29782e+06
1590.88	  5.2901e+06
1591.97	  5.2824e+06
1593.08	  5.27471e+06
1594.17	  5.26703e+06
1595.28	  5.25936e+06
1596.38	  5.2517e+06
1597.47	  5.24404e+06
1598.58	  5.2364e+06
1599.67	  5.22877e+06
1600.78	  5.22115e+06
1601.88	  5.21354e+06
1602.97	  5.20594e+06
1604.08	  5.19835e+06
1605.17	  5.19078e+06
1606.28	  5.18321e+06
1607.38	  5.17565e+06
1608.47	  5.1681e+06
1609.58	  5.16056e+06
1610.67	  5.15303e+06
1611.78	  5.14552e+06
1612.88	  5.13801e+06
1613.97	  5.13051e+06
1615.08	  5.12302e+06
1616.17	  5.11555e+06
1617.28	  5.10808e+06
1618.38	  5.10062e+06
1619.47	  5.09318e+06
1620.58	  5.08574e+06
1621.67	  5.07831e+06
1622.78	  5.0709e+06
1623.88	  5.06349e+06
1624.97	  5.0561e+06
1626.08	  5.04871e+06
1627.17	  5.04133e+06
1628.28	  5.03397e+06
1629.38	  5.02661e+06
1630.47	  5.01927e+06
1631.58	  5.01193e+06
1632.67	  5.00461e+06
1633.78	  4.9973e+06
1634.88	  4.98999e+06
1635.97	  4.9827e+06
1637.08	  4.97541e+06
1638.17	  4.96814e+06
1639.28	  4.96088e+06
1640.38	  4.95363e+06
1641.47	  4.94638e+06
1642.58	  4.93915e+06
1643.67	  4.93193e+06
1644.78	  4.92472e+06
1645.88	  4.91752e+06
1646.97	  4.91033e+06
1648.08	  4.90315e+06
1649.17	  4.89598e+06
1650.28	  4.88881e+06
1651.38	  4.88166e+06
1652.47	  4.87452e+06
1653.58	  4.86738e+06
1654.67	  4.86026e+06
1655.78	  4.85314e+06
1656.88	  4.84604e+06
1657.97	  4.83894e+06
1659.08	  4.83186e+06
1660.17	  4.82478e+06
1661.28	  4.81771e+06
1662.38	  4.81066e+06
1663.47	  4.80361e+06
1664.58	  4.79657e+06
1665.67	  4.78954e+06
1666.78	  4.78252e+06
1667.88	  4.77551e+06
1668.97	  4.76851e+06
1670.08	  4.76152e+06
1671.17	  4.75453e+06
1672.28	  4.74756e+06
1673.38	  4.7406e+06
1674.47	  4.73364e+06
1675.58	  4.7267e+06
1676.67	  4.71976e+06
1677.78	  4.71284e+06
1678.88	  4.70592e+06
1679.97	  4.69901e+06
1681.08	  4.69212e+06
1682.17	  4.68523e+06
1683.28	  4.67835e+06
1684.38	  4.67148e+06
1685.47	  4.66462e+06
1686.58	  4.65777e+06
1687.67	  4.65093e+06
1688.78	  4.64409e+06
1689.88	  4.63727e+06
1690.97	  4.63046e+06
1692.08	  4.62365e+06
1693.17	  4.61686e+06
1694.28	  4.61007e+06
1695.38	  4.60329e+06
1696.47	  4.59653e+06
1697.58	  4.58977e+06
1698.67	  4.58302e+06
1699.78	  4.57628e+06
1700.88	  4.56955e+06
1701.97	  4.56283e+06
1703.08	  4.55611e+06
1704.17	  4.54941e+06
1705.28	  4.54272e+06
1706.38	  4.53603e+06
1707.47	  4.52935e+06
1708.58	  4.52269e+06
1709.67	  4.51603e+06
1710.78	  4.50938e+06
1711.88	  4.50274e+06
1712.97	  4.49611e+06
1714.08	  4.48949e+06
1715.17	  4.48288e+06
1716.28	  4.47628e+06
1717.38	  4.46968e+06
1718.47	  4.4631e+06
1719.58	  4.45652e+06
1720.67	  4.44996e+06
1721.78	  4.4434e+06
1722.88	  4.43685e+06
1723.97	  4.43031e+06
1725.08	  4.42378e+06
1726.17	  4.41726e+06
1727.28	  4.41075e+06
1728.38	  4.40424e+06
1729.47	  4.39775e+06
1730.58	  4.39126e+06
1731.67	  4.38479e+06
1732.78	  4.37832e+06
1733.88	  4.37186e+06
1734.97	  4.36541e+06
1736.08	  4.35897e+06
1737.17	  4.35254e+06
1738.28	  4.34611e+06
1739.38	  4.3397e+06
1740.47	  4.33329e+06
1741.58	  4.3269e+06
1742.67	  4.32051e+06
1743.78	  4.31413e+06
1744.88	  4.30776e+06
1745.97	  4.3014e+06
1747.08	  4.29505e+06
1748.17	  4.28871e+06
1749.28	  4.28237e+06
1750.38	  4.27605e+06
1751.47	  4.26973e+06
1752.58	  4.26342e+06
1753.67	  4.25712e+06
1754.78	  4.25083e+06
1755.88	  4.24455e+06
1756.97	  4.23828e+06
1758.08	  4.23202e+06
1759.17	  4.22576e+06
1760.28	  4.21951e+06
1761.38	  4.21328e+06
1762.47	  4.20705e+06
1763.58	  4.20083e+06
1764.67	  4.19462e+06
1765.78	  4.18841e+06
1766.88	  4.18222e+06
1767.97	  4.17603e+06
1769.08	  4.16986e+06
1770.17	  4.16369e+06
1771.28	  4.15753e+06
1772.38	  4.15138e+06
1773.47	  4.14524e+06
1774.58	  4.1391e+06
1775.67	  4.13298e+06
1776.78	  4.12686e+06
1777.88	  4.12075e+06
1778.97	  4.11465e+06
1780.08	  4.10856e+06
1781.17	  4.10248e+06
1782.28	  4.09641e+06
1783.38	  4.09034e+06
1784.47	  4.08429e+06
1785.58	  4.07824e+06
1786.67	  4.0722e+06
1787.78	  4.06617e+06
1788.88	  4.06015e+06
1789.97	  4.05413e+06
1791.08	  4.04813e+06
1792.17	  4.04213e+06
1793.28	  4.03614e+06
1794.38	  4.03016e+06
1795.47	  4.02419e+06
1796.58	  4.01823e+06
1797.67	  4.01228e+06
1798.78	  4.00633e+06
1799.88	  4.00039e+06
1800.97	  3.99446e+06
1802.08	  3.98854e+06
1803.17	  3.98263e+06
1804.28	  3.97673e+06
1805.38	  3.97083e+06
1806.47	  3.96494e+06
1807.58	  3.95906e+06
1808.67	  3.95319e+06
1809.78	  3.94733e+06
1810.88	  3.94148e+06
1811.97	  3.93563e+06
1813.08	  3.9298e+06
1814.17	  3.92397e+06
1815.28	  3.91815e+06
1816.38	  3.91233e+06
1817.47	  3.90653e+06
1818.58	  3.90073e+06
1819.67	  3.89495e+06
1820.78	  3.88917e+06
1821.88	  3.8834e+06
1822.97	  3.87763e+06
1824.08	  3.87188e+06
1825.17	  3.86613e+06
1826.28	  3.8604e+06
1827.38	  3.85467e+06
1828.47	  3.84895e+06
1829.58	  3.84323e+06
1830.67	  3.83753e+06
1831.78	  3.83183e+06
1832.88	  3.82614e+06
1833.97	  3.82046e+06
1835.08	  3.81479e+06
1836.17	  3.80912e+06
1837.28	  3.80347e+06
1838.38	  3.79782e+06
1839.47	  3.79218e+06
1840.58	  3.78655e+06
1841.67	  3.78092e+06
1842.78	  3.77531e+06
1843.88	  3.7697e+06
1844.97	  3.7641e+06
1846.08	  3.75851e+06
1847.17	  3.75292e+06
1848.28	  3.74735e+06
1849.38	  3.74178e+06
1850.47	  3.73622e+06
1851.58	  3.73067e+06
1852.67	  3.72513e+06
1853.78	  3.71959e+06
1854.88	  3.71406e+06
1855.97	  3.70854e+06
1857.08	  3.70303e+06
1858.17	  3.69753e+06
1859.28	  3.69203e+06
1860.38	  3.68654e+06
1861.47	  3.68106e+06
1862.58	  3.67559e+06
1863.67	  3.67013e+06
1864.78	  3.66467e+06
1865.88	  3.65922e+06
1866.97	  3.65378e+06
1868.08	  3.64835e+06
1869.17	  3.64293e+06
1870.28	  3.63751e+06
1871.38	  3.6321e+06
1872.47	  3.6267e+06
1873.58	  3.62131e+06
1874.67	  3.61592e+06
1875.78	  3.61054e+06
1876.88	  3.60517e+06
1877.97	  3.59981e+06
1879.08	  3.59446e+06
1880.17	  3.58911e+06
1881.28	  3.58377e+06
1882.38	  3.57844e+06
1883.47	  3.57312e+06
1884.58	  3.5678e+06
1885.67	  3.56249e+06
1886.78	  3.55719e+06
1887.88	  3.5519e+06
1888.97	  3.54662e+06
1890.08	  3.54134e+06
1891.17	  3.53607e+06
1892.28	  3.53081e+06
1893.38	  3.52556e+06
1894.47	  3.52031e+06
1895.58	  3.51507e+06
1896.67	  3.50984e+06
1897.78	  3.50462e+06
1898.88	  3.4994e+06
1899.97	  3.49419e+06
1901.08	  3.48899e+06
1902.17	  3.4838e+06
1903.28	  3.47861e+06
1904.38	  3.47344e+06
1905.47	  3.46827e+06
1906.58	  3.4631e+06
1907.67	  3.45795e+06
1908.78	  3.4528e+06
1909.88	  3.44766e+06
1910.97	  3.44253e+06
1912.08	  3.4374e+06
1913.17	  3.43229e+06
1914.28	  3.42718e+06
1915.38	  3.42207e+06
1916.47	  3.41698e+06
1917.58	  3.41189e+06
1918.67	  3.40681e+06
1919.78	  3.40174e+06
1920.88	  3.39667e+06
1921.97	  3.39162e+06
1923.08	  3.38657e+06
1924.17	  3.38152e+06
1925.28	  3.37649e+06
1926.38	  3.37146e+06
1927.47	  3.36644e+06
1928.58	  3.36143e+06
1929.67	  3.35642e+06
1930.78	  3.35142e+06
1931.88	  3.34643e+06
1932.97	  3.34145e+06
1934.08	  3.33647e+06
1935.17	  3.3315e+06
1936.28	  3.32654e+06
1937.38	  3.32158e+06
1938.47	  3.31664e+06
1939.58	  3.3117e+06
1940.67	  3.30677e+06
1941.78	  3.30184e+06
1942.88	  3.29692e+06
1943.97	  3.29201e+06
1945.08	  3.28711e+06
1946.17	  3.28221e+06
1947.28	  3.27732e+06
1948.38	  3.27244e+06
1949.47	  3.26757e+06
1950.58	  3.2627e+06
1951.67	  3.25784e+06
1952.78	  3.25298e+06
1953.88	  3.24814e+06
1954.97	  3.2433e+06
1956.08	  3.23847e+06
1957.17	  3.23364e+06
1958.28	  3.22883e+06
1959.38	  3.22402e+06
1960.47	  3.21921e+06
1961.58	  3.21442e+06
1962.67	  3.20963e+06
1963.78	  3.20485e+06
1964.88	  3.20007e+06
1965.97	  3.1953e+06
1967.08	  3.19054e+06
1968.17	  3.18579e+06
1969.28	  3.18104e+06
1970.38	  3.17631e+06
1971.47	  3.17157e+06
1972.58	  3.16685e+06
1973.67	  3.16213e+06
1974.78	  3.15742e+06
1975.88	  3.15271e+06
1976.97	  3.14802e+06
1978.08	  3.14333e+06
1979.17	  3.13864e+06
1980.28	  3.13397e+06
1981.38	  3.1293e+06
1982.47	  3.12464e+06
1983.58	  3.11998e+06
1984.67	  3.11533e+06
1985.78	  3.11069e+06
1986.88	  3.10606e+06
1987.97	  3.10143e+06
1989.08	  3.09681e+06
1990.17	  3.09219e+06
1991.28	  3.08759e+06
1992.38	  3.08299e+06
1993.47	  3.07839e+06
1994.58	  3.07381e+06
1995.67	  3.06923e+06
1996.78	  3.06465e+06
1997.88	  3.06009e+06
1998.97	  3.05553e+06
2000.08	  3.05098e+06
2001.17	  3.04643e+06
2002.28	  3.04189e+06
2003.38	  3.03736e+06
2004.47	  3.03284e+06
2005.58	  3.02832e+06
2006.67	  3.02381e+06
2007.78	  3.0193e+06
2008.88	  3.0148e+06
2009.97	  3.01031e+06
2011.08	  3.00583e+06
2012.17	  3.00135e+06
2013.28	  2.99688e+06
2014.38	  2.99241e+06
2015.47	  2.98796e+06
2016.58	  2.98351e+06
2017.67	  2.97906e+06
2018.78	  2.97462e+06
2019.88	  2.97019e+06
2020.97	  2.96577e+06
2022.08	  2.96135e+06
2023.18	  2.95694e+06
2024.28	  2.95253e+06
2025.38	  2.94814e+06
2026.47	  2.94375e+06
2027.58	  2.93936e+06
2028.68	  2.93498e+06
2029.78	  2.93061e+06
2030.88	  2.92625e+06
2031.97	  2.92189e+06
2033.08	  2.91754e+06
2034.18	  2.91319e+06
2035.28	  2.90885e+06
2036.38	  2.90452e+06
2037.47	  2.90019e+06
2038.58	  2.89587e+06
2039.68	  2.89156e+06
2040.78	  2.88726e+06
2041.88	  2.88296e+06
2042.97	  2.87866e+06
2044.08	  2.87438e+06
2045.18	  2.8701e+06
2046.28	  2.86582e+06
2047.38	  2.86155e+06
2048.47	  2.85729e+06
2049.57	  2.85304e+06
2050.68	  2.84879e+06
2051.78	  2.84455e+06
2052.88	  2.84031e+06
2053.97	  2.83609e+06
2055.07	  2.83186e+06
2056.18	  2.82765e+06
2057.28	  2.82344e+06
2058.38	  2.81923e+06
2059.47	  2.81504e+06
2060.57	  2.81085e+06
2061.68	  2.80666e+06
2062.78	  2.80248e+06
2063.88	  2.79831e+06
2064.97	  2.79415e+06
2066.07	  2.78999e+06
2067.18	  2.78583e+06
2068.28	  2.78169e+06
2069.38	  2.77755e+06
2070.47	  2.77341e+06
2071.57	  2.76929e+06
2072.68	  2.76516e+06
2073.78	  2.76105e+06
2074.88	  2.75694e+06
2075.97	  2.75284e+06
2077.07	  2.74874e+06
2078.18	  2.74465e+06
2079.28	  2.74057e+06
2080.38	  2.73649e+06
2081.47	  2.73242e+06
2082.57	  2.72835e+06
2083.68	  2.72429e+06
2084.78	  2.72024e+06
2085.88	  2.71619e+06
2086.97	  2.71215e+06
2088.07	  2.70812e+06
2089.18	  2.70409e+06
2090.28	  2.70007e+06
2091.38	  2.69605e+06
2092.47	  2.69204e+06
2093.57	  2.68804e+06
2094.68	  2.68404e+06
2095.78	  2.68005e+06
2096.88	  2.67606e+06
2097.97	  2.67208e+06
2099.07	  2.66811e+06
2100.18	  2.66414e+06
2101.28	  2.66018e+06
2102.38	  2.65622e+06
2103.47	  2.65227e+06
2104.57	  2.64833e+06
2105.68	  2.64439e+06
2106.78	  2.64046e+06
2107.88	  2.63653e+06
2108.97	  2.63262e+06
2110.07	  2.6287e+06
2111.18	  2.62479e+06
2112.28	  2.62089e+06
2113.38	  2.617e+06
2114.47	  2.61311e+06
2115.57	  2.60922e+06
2116.68	  2.60534e+06
2117.78	  2.60147e+06
2118.88	  2.59761e+06
2119.97	  2.59375e+06
2121.07	  2.58989e+06
2122.18	  2.58604e+06
2123.28	  2.5822e+06
2124.38	  2.57837e+06
2125.47	  2.57453e+06
2126.57	  2.57071e+06
2127.68	  2.56689e+06
2128.78	  2.56308e+06
2129.88	  2.55927e+06
2130.97	  2.55547e+06
2132.07	  2.55167e+06
2133.18	  2.54788e+06
2134.28	  2.5441e+06
2135.38	  2.54032e+06
2136.47	  2.53655e+06
2137.57	  2.53278e+06
2138.68	  2.52902e+06
2139.78	  2.52526e+06
2140.88	  2.52152e+06
2141.97	  2.51777e+06
2143.07	  2.51403e+06
2144.18	  2.5103e+06
2145.28	  2.50658e+06
2146.38	  2.50285e+06
2147.47	  2.49914e+06
2148.57	  2.49543e+06
2149.68	  2.49173e+06
2150.78	  2.48803e+06
2151.88	  2.48434e+06
2152.97	  2.48065e+06
2154.07	  2.47697e+06
2155.18	  2.47329e+06
2156.28	  2.46962e+06
2157.38	  2.46596e+06
2158.47	  2.4623e+06
2159.57	  2.45865e+06
2160.68	  2.455e+06
2161.78	  2.45136e+06
2162.88	  2.44772e+06
2163.97	  2.44409e+06
2165.07	  2.44047e+06
2166.18	  2.43685e+06
2167.28	  2.43323e+06
2168.38	  2.42963e+06
2169.47	  2.42602e+06
2170.57	  2.42243e+06
2171.68	  2.41883e+06
2172.78	  2.41525e+06
2173.88	  2.41167e+06
2174.97	  2.40809e+06
2176.07	  2.40452e+06
2177.18	  2.40096e+06
2178.28	  2.3974e+06
2179.38	  2.39385e+06
2180.47	  2.3903e+06
2181.57	  2.38676e+06
2182.68	  2.38322e+06
2183.78	  2.37969e+06
2184.88	  2.37617e+06
2185.97	  2.37265e+06
2187.07	  2.36913e+06
2188.18	  2.36562e+06
2189.28	  2.36212e+06
2190.38	  2.35862e+06
2191.47	  2.35513e+06
2192.57	  2.35164e+06
2193.68	  2.34816e+06
2194.78	  2.34468e+06
2195.88	  2.34121e+06
2196.97	  2.33774e+06
2198.07	  2.33428e+06
2199.18	  2.33082e+06
2200.28	  2.32737e+06
2201.38	  2.32393e+06
2202.47	  2.32049e+06
2203.57	  2.31705e+06
2204.68	  2.31363e+06
2205.78	  2.3102e+06
2206.88	  2.30678e+06
2207.97	  2.30337e+06
2209.07	  2.29996e+06
2210.18	  2.29656e+06
2211.28	  2.29316e+06
2212.38	  2.28977e+06
2213.47	  2.28638e+06
2214.57	  2.283e+06
2215.68	  2.27963e+06
2216.78	  2.27626e+06
2217.88	  2.27289e+06
2218.97	  2.26953e+06
2220.07	  2.26617e+06
2221.18	  2.26282e+06
2222.28	  2.25948e+06
2223.38	  2.25614e+06
2224.47	  2.2528e+06
2225.57	  2.24947e+06
2226.68	  2.24615e+06
2227.78	  2.24283e+06
2228.88	  2.23952e+06
2229.97	  2.23621e+06
2231.07	  2.2329e+06
2232.18	  2.2296e+06
2233.28	  2.22631e+06
2234.38	  2.22302e+06
2235.47	  2.21974e+06
2236.57	  2.21646e+06
2237.68	  2.21319e+06
2238.78	  2.20992e+06
2239.88	  2.20666e+06
2240.97	  2.2034e+06
2242.07	  2.20015e+06
2243.18	  2.1969e+06
2244.28	  2.19366e+06
2245.38	  2.19042e+06
2246.47	  2.18718e+06
2247.57	  2.18396e+06
2248.68	  2.18073e+06
2249.78	  2.17752e+06
2250.88	  2.1743e+06
2251.97	  2.1711e+06
2253.07	  2.16789e+06
2254.18	  2.1647e+06
2255.28	  2.1615e+06
2256.38	  2.15832e+06
2257.47	  2.15513e+06
2258.57	  2.15195e+06
2259.68	  2.14878e+06
2260.78	  2.14561e+06
2261.88	  2.14245e+06
2262.97	  2.13929e+06
2264.07	  2.13614e+06
2265.18	  2.13299e+06
2266.28	  2.12985e+06
2267.38	  2.12671e+06
2268.47	  2.12358e+06
2269.57	  2.12045e+06
2270.68	  2.11732e+06
2271.78	  2.1142e+06
2272.88	  2.11109e+06
2273.97	  2.10798e+06
2275.07	  2.10488e+06
2276.18	  2.10178e+06
2277.28	  2.09868e+06
2278.38	  2.09559e+06
2279.47	  2.09251e+06
2280.57	  1.96456e+06
2281.68	  1.96185e+06
2282.78	  1.95915e+06
2283.88	  1.95644e+06
2284.97	  1.95375e+06
2286.07	  1.95105e+06
2287.18	  1.94836e+06
2288.28	  1.94567e+06
2289.38	  1.94299e+06
2290.47	  1.94031e+06
2291.57	  1.93764e+06
2292.68	  1.93497e+06
2293.78	  1.9323e+06
2294.88	  1.92963e+06
2295.97	  1.92697e+06
2297.07	  1.92432e+06
2298.18	  1.92167e+06
2299.28	  1.91902e+06
2300.38	  1.91637e+06
2301.47	  1.91373e+06
2302.57	  1.91109e+06
2303.68	  1.90846e+06
2304.78	  1.90583e+06
2305.88	  1.9032e+06
2306.97	  1.90058e+06
2308.07	  1.89796e+06
2309.18	  1.89535e+06
2310.28	  1.89274e+06
2311.38	  1.89013e+06
2312.47	  1.88753e+06
2313.57	  1.88493e+06
2314.68	  1.88233e+06
2315.78	  1.87974e+06
2316.88	  1.87715e+06
2317.97	  1.87456e+06
2319.07	  1.87198e+06
2320.18	  1.8694e+06
2321.28	  1.86683e+06
2322.38	  1.86426e+06
2323.47	  1.86169e+06
2324.57	  1.85913e+06
2325.68	  1.85657e+06
2326.78	  1.85401e+06
2327.88	  1.85146e+06
2328.97	  1.84891e+06
2330.07	  1.84637e+06
2331.18	  1.84383e+06
2332.28	  1.84129e+06
2333.38	  1.83876e+06
2334.47	  1.83623e+06
2335.57	  1.8337e+06
2336.68	  1.83118e+06
2337.78	  1.82866e+06
2338.88	  1.82614e+06
2339.97	  1.82363e+06
2341.07	  1.82112e+06
2342.18	  1.81861e+06
2343.28	  1.81611e+06
2344.38	  1.81362e+06
2345.47	  1.81112e+06
2346.57	  1.80863e+06
2347.68	  1.80614e+06
2348.78	  1.80366e+06
2349.88	  1.80118e+06
2350.97	  1.7987e+06
2352.07	  1.79623e+06
2353.18	  1.79376e+06
2354.28	  1.79129e+06
2355.38	  1.78883e+06
2356.47	  1.78637e+06
2357.57	  1.78392e+06
2358.68	  1.78147e+06
2359.78	  1.77902e+06
2360.88	  1.77657e+06
2361.97	  1.77413e+06
2363.07	  1.77169e+06
2364.18	  1.76926e+06
2365.28	  1.76683e+06
2366.38	  1.7644e+06
2367.47	  1.76198e+06
2368.57	  1.75956e+06
2369.68	  1.75714e+06
2370.78	  1.75473e+06
2371.88	  1.75232e+06
2372.97	  1.74991e+06
2374.07	  1.74751e+06
2375.18	  1.74511e+06
2376.28	  1.74271e+06
2377.38	  1.74032e+06
2378.47	  1.73793e+06
2379.57	  1.73555e+06
2380.68	  1.73316e+06
2381.78	  1.73079e+06
2382.88	  1.72841e+06
2383.97	  1.72604e+06
2385.07	  1.72367e+06
2386.18	  1.7213e+06
2387.28	  1.71894e+06
2388.38	  1.71658e+06
2389.47	  1.71423e+06
2390.57	  1.71188e+06
2391.68	  1.70953e+06
2392.78	  1.70718e+06
2393.88	  1.70484e+06
2394.97	  1.7025e+06
2396.07	  1.70017e+06
2397.18	  1.69784e+06
2398.28	  1.69551e+06
2399.38	  1.69319e+06
2400.47	  1.69086e+06
2401.57	  1.68855e+06
2402.68	  1.68623e+06
2403.78	  1.68392e+06
2404.88	  1.68161e+06
2405.97	  1.67931e+06
2407.07	  1.67701e+06
2408.18	  1.67471e+06
2409.28	  1.67241e+06
2410.38	  1.67012e+06
2411.47	  1.66783e+06
2412.57	  1.66555e+06
2413.68	  1.66327e+06
2414.78	  1.66099e+06
2415.88	  1.65871e+06
2416.97	  1.65644e+06
2418.07	  1.65417e+06
2419.18	  1.65191e+06
2420.28	  1.64965e+06
2421.38	  1.64739e+06
2422.47	  1.64513e+06
2423.57	  1.64288e+06
2424.68	  1.64063e+06
2425.78	  1.63839e+06
2426.88	  1.63614e+06
2427.97	  1.63391e+06
2429.07	  1.63167e+06
2430.18	  1.62944e+06
2431.28	  1.62721e+06
2432.38	  1.62498e+06
2433.47	  1.62276e+06
2434.57	  1.62054e+06
2435.68	  1.61832e+06
2436.78	  1.61611e+06
2437.88	  1.6139e+06
2438.97	  1.61169e+06
2440.07	  1.60949e+06
2441.18	  1.60729e+06
2442.28	  1.60509e+06
2443.38	  1.6029e+06
2444.47	  1.6007e+06
2445.57	  1.59852e+06
2446.68	  1.59633e+06
2447.78	  1.59415e+06
2448.88	  1.59197e+06
2449.97	  1.5898e+06
2451.07	  1.58762e+06
2452.18	  1.58546e+06
2453.28	  1.58329e+06
2454.38	  1.58113e+06
2455.47	  1.57897e+06
2456.57	  1.57681e+06
2457.68	  1.57466e+06
2458.78	  1.57251e+06
2459.88	  1.57036e+06
2460.97	  1.56822e+06
2462.07	  1.56608e+06
2463.18	  1.56394e+06
2464.28	  1.5618e+06
2465.38	  1.55967e+06
2466.47	  1.55754e+06
2467.57	  1.55542e+06
2468.68	  1.5533e+06
2469.78	  1.55118e+06
2470.88	  1.54906e+06
2471.97	  1.54695e+06
2473.07	  1.54484e+06
2474.18	  1.54273e+06
2475.28	  1.54063e+06
2476.38	  1.53852e+06
2477.47	  1.53643e+06
