Emission arising from a slab of Hydrogen (both H and H-).
   
Parameters of the slab:
n_e = 1e+12 cm-3
T_e = 7500 K
tau(lambda=300 nm) = 3
L = 7.51835e+11 cm
   
Wavelength (nm), Emission (erg s-1 cm-2 nm-1 sr-1)
50	  0.00837031
91.2	  1287.15
120	  106620
150	  1.49258e+06
175	  6.01616e+06
200	  1.56249e+07
225	  3.01897e+07
250	  4.74125e+07
270	  6.10022e+07
290	  7.29752e+07
300	  7.80933e+07
305	  8.04112e+07
310	  8.25645e+07
315	  8.45526e+07
320	  8.63762e+07
322.5	  8.72269e+07
325	  8.80375e+07
327	  8.86572e+07
329	  8.92518e+07
329.999	  8.95394e+07
330.266	  8.96152e+07
330.533	  8.96906e+07
330.8	  8.97655e+07
331.067	  8.984e+07
331.334	  8.99141e+07
331.601	  8.99877e+07
331.868	  9.00609e+07
332.135	  9.01336e+07
332.402	  9.02059e+07
332.669	  9.02778e+07
332.936	  9.03492e+07
333.203	  9.04202e+07
333.47	  9.04908e+07
333.737	  9.05609e+07
334.004	  9.06306e+07
334.271	  9.06999e+07
334.538	  9.07688e+07
334.805	  9.08372e+07
335.072	  9.09052e+07
335.339	  9.09727e+07
335.606	  9.10398e+07
335.873	  9.11065e+07
336.14	  9.11728e+07
336.407	  9.12387e+07
336.674	  9.13041e+07
336.941	  9.13691e+07
337.208	  9.14337e+07
337.475	  9.14978e+07
337.742	  9.15616e+07
338.009	  9.16249e+07
338.276	  9.16878e+07
338.543	  9.17503e+07
338.81	  9.18124e+07
339.077	  9.1874e+07
339.344	  9.19352e+07
339.611	  9.19961e+07
339.878	  9.20565e+07
340.145	  9.21164e+07
340.412	  9.2176e+07
340.679	  9.22352e+07
340.946	  9.22939e+07
341.213	  9.23523e+07
341.48	  9.24102e+07
341.747	  9.24678e+07
342.014	  9.25249e+07
342.281	  9.25816e+07
342.548	  9.26379e+07
342.815	  9.26938e+07
343.082	  9.27493e+07
343.349	  9.28044e+07
343.616	  9.28591e+07
343.883	  9.29134e+07
344.15	  9.29673e+07
344.417	  9.30208e+07
344.684	  9.30739e+07
344.951	  9.31266e+07
345.218	  9.31789e+07
345.485	  9.32309e+07
345.752	  9.32824e+07
346.019	  9.33335e+07
346.286	  9.33842e+07
346.553	  9.34346e+07
346.82	  9.34845e+07
347.087	  9.35341e+07
347.354	  9.35833e+07
347.621	  9.3632e+07
347.888	  9.36804e+07
348.155	  9.37284e+07
348.422	  9.37761e+07
348.689	  9.38233e+07
348.956	  9.38702e+07
349.223	  9.39166e+07
349.49	  9.39627e+07
349.757	  9.40084e+07
350.024	  9.40538e+07
350.291	  9.40987e+07
350.558	  9.41433e+07
350.825	  9.41875e+07
351.092	  9.42313e+07
351.359	  9.42748e+07
351.626	  9.43179e+07
351.893	  9.43606e+07
352.16	  9.44029e+07
352.427	  9.44449e+07
352.694	  9.44865e+07
352.961	  9.45277e+07
353.228	  9.45685e+07
353.495	  9.4609e+07
353.762	  9.46491e+07
354.029	  9.46889e+07
354.296	  9.47283e+07
354.563	  9.47673e+07
354.83	  9.4806e+07
355.097	  9.48443e+07
355.364	  9.48822e+07
355.631	  9.49198e+07
355.898	  9.49571e+07
356.165	  9.49939e+07
356.432	  9.50304e+07
356.699	  9.50666e+07
356.966	  9.51024e+07
357.233	  9.51379e+07
357.5	  9.5173e+07
357.767	  9.52077e+07
358.034	  9.52421e+07
358.301	  9.52761e+07
358.568	  9.53098e+07
358.835	  9.53432e+07
359.102	  9.53762e+07
359.369	  9.54088e+07
359.636	  9.54412e+07
359.903	  9.54731e+07
360.17	  9.55048e+07
360.437	  9.5536e+07
360.704	  9.5567e+07
360.971	  9.55976e+07
361.238	  9.56279e+07
361.505	  9.56578e+07
361.772	  9.56874e+07
362.039	  9.57166e+07
362.306	  9.57456e+07
362.573	  9.57741e+07
363	  9.58192e+07
363.027	  9.5822e+07
363.054	  9.58248e+07
363.08	  9.58275e+07
363.107	  9.58303e+07
363.134	  9.58331e+07
363.16	  9.58359e+07
363.187	  9.58386e+07
363.214	  9.58414e+07
363.24	  9.58441e+07
363.267	  9.58469e+07
363.294	  9.58497e+07
363.321	  9.58524e+07
363.347	  9.58552e+07
363.374	  9.58579e+07
363.401	  9.58606e+07
363.427	  9.58634e+07
363.454	  9.58661e+07
363.481	  9.58688e+07
363.508	  9.58716e+07
363.534	  9.58743e+07
363.561	  9.5877e+07
363.588	  9.58797e+07
363.614	  9.58824e+07
363.641	  9.58852e+07
363.668	  9.58879e+07
363.694	  9.58906e+07
363.721	  9.58933e+07
363.748	  9.5896e+07
363.774	  9.58987e+07
363.801	  9.59014e+07
363.828	  9.5904e+07
363.855	  9.59067e+07
363.881	  9.59094e+07
363.908	  9.59121e+07
363.935	  9.59148e+07
363.961	  9.59174e+07
363.988	  9.59201e+07
364.015	  9.59228e+07
364.041	  9.59254e+07
364.068	  9.59281e+07
364.095	  9.59307e+07
364.122	  9.59334e+07
364.148	  9.5936e+07
364.175	  9.59387e+07
364.202	  9.59413e+07
364.228	  9.5944e+07
364.255	  9.59466e+07
364.282	  9.59492e+07
364.308	  9.59519e+07
364.335	  9.59545e+07
364.362	  9.59571e+07
364.389	  9.59597e+07
364.415	  9.59623e+07
364.442	  9.5965e+07
364.469	  9.59676e+07
364.495	  9.59702e+07
364.522	  9.59728e+07
364.549	  9.59754e+07
364.575	  9.5978e+07
364.602	  9.59806e+07
364.629	  9.59832e+07
364.656	  9.59857e+07
364.682	  9.59883e+07
364.709	  9.59909e+07
364.736	  1.18816e+07
364.762	  1.18842e+07
364.789	  1.18867e+07
364.816	  1.18892e+07
364.842	  1.18918e+07
364.869	  1.18943e+07
364.896	  1.18968e+07
364.923	  1.18993e+07
364.949	  1.19019e+07
364.976	  1.19044e+07
365.003	  1.19069e+07
365.029	  1.19095e+07
365.056	  1.1912e+07
365.083	  1.19145e+07
365.11	  1.1917e+07
365.136	  1.19196e+07
365.163	  1.19221e+07
365.19	  1.19246e+07
365.216	  1.19272e+07
365.243	  1.19297e+07
365.27	  1.19322e+07
365.296	  1.19347e+07
365.323	  1.19373e+07
365.35	  1.19398e+07
365.377	  1.19423e+07
365.403	  1.19449e+07
365.43	  1.19474e+07
365.457	  1.19499e+07
365.483	  1.19524e+07
365.51	  1.1955e+07
365.537	  1.19575e+07
365.563	  1.196e+07
365.59	  1.19625e+07
365.617	  1.19651e+07
365.643	  1.19676e+07
365.67	  1.19701e+07
365.697	  1.19727e+07
365.724	  1.19752e+07
365.75	  1.19777e+07
365.777	  1.19802e+07
365.804	  1.19828e+07
365.83	  1.19853e+07
365.857	  1.19878e+07
365.884	  1.19904e+07
365.91	  1.19929e+07
365.937	  1.19954e+07
365.964	  1.19979e+07
365.991	  1.20005e+07
365.991	  1.20005e+07
366.258	  1.20257e+07
366.525	  1.2051e+07
366.792	  1.20763e+07
367.059	  1.21016e+07
367.326	  1.21268e+07
367.593	  1.21521e+07
367.86	  1.21774e+07
368.127	  1.22026e+07
368.394	  1.22279e+07
368.661	  1.22532e+07
368.928	  1.22784e+07
369.195	  1.23037e+07
369.462	  1.23289e+07
369.729	  1.23542e+07
369.996	  1.23794e+07
370.263	  1.24047e+07
370.53	  1.24299e+07
370.797	  1.24552e+07
371.064	  1.24804e+07
371.331	  1.25056e+07
371.598	  1.25309e+07
371.865	  1.25561e+07
372.132	  1.25813e+07
372.399	  1.26065e+07
372.666	  1.26317e+07
372.933	  1.2657e+07
373.2	  1.26822e+07
373.467	  1.27074e+07
373.734	  1.27326e+07
374.001	  1.27578e+07
374.268	  1.2783e+07
374.535	  1.28081e+07
374.802	  1.28333e+07
375.069	  1.28585e+07
375.336	  1.28837e+07
375.603	  1.29088e+07
375.87	  1.2934e+07
376.137	  1.29592e+07
376.404	  1.29843e+07
376.671	  1.30094e+07
376.938	  1.30346e+07
377.205	  1.30597e+07
377.472	  1.30849e+07
377.739	  1.311e+07
378.006	  1.31351e+07
378.273	  1.31602e+07
378.54	  1.31853e+07
378.807	  1.32104e+07
379.074	  1.32355e+07
379.341	  1.32606e+07
379.608	  1.32857e+07
379.875	  1.33107e+07
380.142	  1.33358e+07
380.409	  1.33609e+07
380.676	  1.33859e+07
380.943	  1.3411e+07
381.21	  1.3436e+07
381.477	  1.3461e+07
381.744	  1.34861e+07
382.011	  1.35111e+07
382.278	  1.35361e+07
382.545	  1.35611e+07
382.812	  1.35861e+07
383.079	  1.36111e+07
383.346	  1.36361e+07
383.613	  1.3661e+07
383.88	  1.3686e+07
384.147	  1.3711e+07
384.414	  1.37359e+07
384.681	  1.37608e+07
384.948	  1.37858e+07
385.215	  1.38107e+07
385.482	  1.38356e+07
385.749	  1.38605e+07
386.016	  1.38854e+07
386.283	  1.39103e+07
386.55	  1.39352e+07
386.817	  1.396e+07
387.084	  1.39849e+07
387.351	  1.40098e+07
387.618	  1.40346e+07
387.885	  1.40594e+07
388.152	  1.40843e+07
388.419	  1.41091e+07
388.686	  1.41339e+07
388.953	  1.41587e+07
389.22	  1.41835e+07
389.487	  1.42082e+07
389.754	  1.4233e+07
390.021	  1.42577e+07
390.288	  1.42825e+07
390.555	  1.43072e+07
390.822	  1.43319e+07
391.089	  1.43567e+07
391.356	  1.43814e+07
391.623	  1.44061e+07
391.89	  1.44307e+07
392.157	  1.44554e+07
392.424	  1.44801e+07
392.691	  1.45047e+07
392.958	  1.45293e+07
393.225	  1.4554e+07
393.492	  1.45786e+07
393.759	  1.46032e+07
394.026	  1.46278e+07
394.293	  1.46524e+07
394.56	  1.46769e+07
394.827	  1.47015e+07
395.094	  1.4726e+07
395.361	  1.47506e+07
395.628	  1.47751e+07
395.895	  1.47996e+07
396.162	  1.48241e+07
396.429	  1.48486e+07
396.696	  1.4873e+07
396.963	  1.48975e+07
397.23	  1.49219e+07
397.497	  1.49464e+07
397.764	  1.49708e+07
398.031	  1.49952e+07
398.298	  1.50196e+07
398.565	  1.5044e+07
398.832	  1.50684e+07
399.099	  1.50927e+07
399.366	  1.51171e+07
399.633	  1.51414e+07
399.9	  1.51657e+07
400.167	  1.519e+07
400.434	  1.52143e+07
400.701	  1.52386e+07
400.968	  1.52629e+07
401.235	  1.52871e+07
401.502	  1.53113e+07
401.769	  1.53356e+07
402.036	  1.53598e+07
402.303	  1.5384e+07
402.57	  1.54081e+07
402.837	  1.54323e+07
403.104	  1.54565e+07
403.371	  1.54806e+07
403.638	  1.55047e+07
403.905	  1.55288e+07
404.172	  1.55529e+07
404.439	  1.5577e+07
404.706	  1.56011e+07
404.973	  1.56251e+07
405.24	  1.56492e+07
405.507	  1.56732e+07
405.774	  1.56972e+07
406.041	  1.57212e+07
406.308	  1.57451e+07
406.575	  1.57691e+07
406.842	  1.5793e+07
407.109	  1.5817e+07
407.376	  1.58409e+07
407.643	  1.58648e+07
407.91	  1.58887e+07
408.177	  1.59125e+07
408.444	  1.59364e+07
408.711	  1.59602e+07
408.978	  1.5984e+07
409.245	  1.60078e+07
409.512	  1.60316e+07
409.779	  1.60554e+07
410.046	  1.60791e+07
410.313	  1.61029e+07
410.58	  1.61266e+07
410.847	  1.61503e+07
411.114	  1.6174e+07
411.381	  1.61977e+07
411.648	  1.62213e+07
411.915	  1.62449e+07
412.182	  1.62686e+07
412.449	  1.62922e+07
412.716	  1.63158e+07
412.983	  1.63393e+07
413.25	  1.63629e+07
413.517	  1.63864e+07
413.784	  1.64099e+07
414.051	  1.64334e+07
414.318	  1.64569e+07
414.585	  1.64804e+07
414.852	  1.65038e+07
415.119	  1.65273e+07
415.386	  1.65507e+07
415.653	  1.65741e+07
415.92	  1.65975e+07
416.187	  1.66208e+07
416.454	  1.66442e+07
416.721	  1.66675e+07
416.988	  1.66908e+07
417.255	  1.67141e+07
417.522	  1.67373e+07
417.789	  1.67606e+07
418.056	  1.67838e+07
418.323	  1.6807e+07
418.59	  1.68302e+07
418.857	  1.68534e+07
419.124	  1.68766e+07
419.391	  1.68997e+07
419.658	  1.69228e+07
419.925	  1.69459e+07
420.192	  1.6969e+07
420.459	  1.69921e+07
420.726	  1.70151e+07
420.993	  1.70382e+07
421.26	  1.70612e+07
421.527	  1.70842e+07
421.794	  1.71071e+07
422.061	  1.71301e+07
422.328	  1.7153e+07
422.595	  1.71759e+07
422.862	  1.71988e+07
423.129	  1.72217e+07
423.396	  1.72445e+07
423.663	  1.72674e+07
423.93	  1.72902e+07
424.197	  1.7313e+07
424.464	  1.73357e+07
424.731	  1.73585e+07
424.998	  1.73812e+07
425.265	  1.74039e+07
425.532	  1.74266e+07
425.799	  1.74493e+07
426.066	  1.7472e+07
426.333	  1.74946e+07
426.6	  1.75172e+07
426.867	  1.75398e+07
427.134	  1.75624e+07
427.401	  1.75849e+07
427.668	  1.76074e+07
427.935	  1.763e+07
428.202	  1.76524e+07
428.469	  1.76749e+07
428.736	  1.76974e+07
429.003	  1.77198e+07
429.27	  1.77422e+07
429.537	  1.77646e+07
429.804	  1.77869e+07
430.071	  1.78093e+07
430.338	  1.78316e+07
430.605	  1.78539e+07
430.872	  1.78762e+07
431.139	  1.78984e+07
431.406	  1.79207e+07
431.673	  1.79429e+07
431.94	  1.79651e+07
432.207	  1.79872e+07
432.474	  1.80094e+07
432.741	  1.80315e+07
433.008	  1.80536e+07
433.275	  1.80757e+07
433.542	  1.80978e+07
433.809	  1.81198e+07
434.076	  1.81418e+07
434.343	  1.81638e+07
434.61	  1.81858e+07
434.877	  1.82078e+07
435.144	  1.82297e+07
435.411	  1.82516e+07
435.678	  1.82735e+07
435.945	  1.82953e+07
436.212	  1.83172e+07
436.479	  1.8339e+07
436.746	  1.83608e+07
437.013	  1.83826e+07
437.28	  1.84043e+07
437.547	  1.84261e+07
437.814	  1.84478e+07
438.081	  1.84694e+07
438.348	  1.84911e+07
438.615	  1.85127e+07
438.882	  1.85344e+07
439.149	  1.8556e+07
439.416	  1.85775e+07
439.683	  1.85991e+07
439.95	  1.86206e+07
440.217	  1.86421e+07
440.484	  1.86636e+07
440.751	  1.8685e+07
441.018	  1.87065e+07
441.285	  1.87279e+07
441.552	  1.87492e+07
441.819	  1.87706e+07
442.086	  1.87919e+07
442.353	  1.88133e+07
442.62	  1.88345e+07
442.887	  1.88558e+07
443.154	  1.88771e+07
443.421	  1.88983e+07
443.688	  1.89195e+07
443.955	  1.89406e+07
444.222	  1.89618e+07
444.489	  1.89829e+07
444.756	  1.9004e+07
445.023	  1.90251e+07
445.29	  1.90461e+07
445.557	  1.90672e+07
445.824	  1.90882e+07
446.091	  1.91092e+07
446.358	  1.91301e+07
446.625	  1.9151e+07
446.892	  1.9172e+07
447.159	  1.91928e+07
447.426	  1.92137e+07
447.693	  1.92345e+07
447.96	  1.92553e+07
448.227	  1.92761e+07
448.494	  1.92969e+07
448.761	  1.93176e+07
449.028	  1.93383e+07
449.295	  1.9359e+07
449.562	  1.93797e+07
449.829	  1.94003e+07
450.096	  1.94209e+07
450.363	  1.94415e+07
450.63	  1.94621e+07
450.897	  1.94826e+07
451.164	  1.95031e+07
451.431	  1.95236e+07
451.698	  1.95441e+07
451.965	  1.95645e+07
452.232	  1.95849e+07
452.499	  1.96053e+07
452.766	  1.96257e+07
453.033	  1.9646e+07
453.3	  1.96663e+07
453.567	  1.96866e+07
453.834	  1.97069e+07
454.101	  1.97271e+07
454.368	  1.97473e+07
454.635	  1.97675e+07
454.902	  1.97877e+07
455.169	  1.98078e+07
455.436	  1.98279e+07
455.703	  1.9848e+07
455.97	  1.98681e+07
456.237	  1.98881e+07
456.504	  1.99081e+07
456.771	  1.99281e+07
457.038	  1.99481e+07
457.305	  1.9968e+07
457.572	  1.99879e+07
457.839	  2.00078e+07
458.106	  2.00276e+07
458.373	  2.00475e+07
458.64	  2.00673e+07
458.907	  2.0087e+07
459.174	  2.01068e+07
459.441	  2.01265e+07
459.708	  2.01462e+07
459.975	  2.01659e+07
460.242	  2.01855e+07
460.509	  2.02051e+07
460.776	  2.02247e+07
461.043	  2.02443e+07
461.31	  2.02638e+07
461.577	  2.02833e+07
461.844	  2.03028e+07
462.111	  2.03223e+07
462.378	  2.03417e+07
462.645	  2.03611e+07
462.912	  2.03805e+07
463.179	  2.03999e+07
463.446	  2.04192e+07
463.713	  2.04385e+07
463.98	  2.04578e+07
464.247	  2.0477e+07
464.514	  2.04962e+07
464.781	  2.05154e+07
465.048	  2.05346e+07
465.315	  2.05537e+07
465.582	  2.05729e+07
465.849	  2.05919e+07
466.116	  2.0611e+07
466.383	  2.063e+07
466.65	  2.0649e+07
466.917	  2.0668e+07
467.184	  2.0687e+07
467.451	  2.07059e+07
467.718	  2.07248e+07
467.985	  2.07437e+07
468.252	  2.07625e+07
468.519	  2.07813e+07
468.786	  2.08001e+07
469.053	  2.08189e+07
469.32	  2.08376e+07
469.587	  2.08563e+07
469.854	  2.0875e+07
470.121	  2.08937e+07
470.388	  2.09123e+07
470.655	  2.09309e+07
470.922	  2.09495e+07
471.189	  2.0968e+07
471.456	  2.09865e+07
471.723	  2.1005e+07
471.99	  2.10235e+07
472.257	  2.10419e+07
472.524	  2.10603e+07
472.791	  2.10787e+07
473.058	  2.1097e+07
473.325	  2.11154e+07
473.592	  2.11337e+07
473.859	  2.11519e+07
474.126	  2.11702e+07
474.393	  2.11884e+07
474.66	  2.12066e+07
474.927	  2.12247e+07
475.194	  2.12429e+07
475.461	  2.1261e+07
475.728	  2.1279e+07
475.995	  2.12971e+07
476.262	  2.13151e+07
476.529	  2.13331e+07
476.796	  2.13511e+07
477.063	  2.1369e+07
477.33	  2.13869e+07
477.597	  2.14048e+07
477.864	  2.14226e+07
478.131	  2.14405e+07
478.398	  2.14583e+07
478.665	  2.1476e+07
478.932	  2.14938e+07
479.199	  2.15115e+07
479.466	  2.15292e+07
479.733	  2.15468e+07
480	  2.15644e+07
480.267	  2.1582e+07
480.534	  2.15996e+07
480.801	  2.16172e+07
481.068	  2.16347e+07
481.335	  2.16522e+07
481.602	  2.16696e+07
481.869	  2.1687e+07
482.136	  2.17044e+07
482.403	  2.17218e+07
482.67	  2.17392e+07
482.937	  2.17565e+07
483.204	  2.17738e+07
483.471	  2.1791e+07
483.738	  2.18082e+07
484.005	  2.18254e+07
484.272	  2.18426e+07
484.539	  2.18598e+07
484.806	  2.18769e+07
485.073	  2.1894e+07
485.34	  2.1911e+07
485.607	  2.19281e+07
485.874	  2.19451e+07
486.141	  2.1962e+07
486.408	  2.1979e+07
486.675	  2.19959e+07
486.942	  2.20128e+07
487.209	  2.20296e+07
487.476	  2.20465e+07
487.743	  2.20633e+07
488.01	  2.208e+07
488.277	  2.20968e+07
488.544	  2.21135e+07
488.811	  2.21302e+07
489.078	  2.21468e+07
489.345	  2.21635e+07
489.612	  2.21801e+07
489.879	  2.21966e+07
490.146	  2.22132e+07
490.413	  2.22297e+07
490.68	  2.22462e+07
490.947	  2.22626e+07
491.214	  2.22791e+07
491.481	  2.22955e+07
491.748	  2.23118e+07
492.015	  2.23282e+07
492.282	  2.23445e+07
492.549	  2.23608e+07
492.816	  2.2377e+07
493.083	  2.23932e+07
493.35	  2.24094e+07
493.617	  2.24256e+07
493.884	  2.24417e+07
494.151	  2.24578e+07
494.418	  2.24739e+07
494.685	  2.249e+07
494.952	  2.2506e+07
495.219	  2.2522e+07
495.486	  2.25379e+07
495.753	  2.25539e+07
496.02	  2.25698e+07
496.287	  2.25857e+07
496.554	  2.26015e+07
496.821	  2.26173e+07
497.088	  2.26331e+07
497.355	  2.26489e+07
497.622	  2.26646e+07
497.889	  2.26803e+07
498.156	  2.2696e+07
498.423	  2.27116e+07
498.69	  2.27272e+07
498.957	  2.27428e+07
499.224	  2.27583e+07
499.491	  2.27739e+07
499.758	  2.27894e+07
500.025	  2.28048e+07
500.292	  2.28203e+07
500.559	  2.28357e+07
500.826	  2.28511e+07
501.093	  2.28664e+07
501.36	  2.28817e+07
501.627	  2.2897e+07
501.894	  2.29123e+07
502.161	  2.29275e+07
502.428	  2.29427e+07
502.695	  2.29579e+07
502.962	  2.2973e+07
503.229	  2.29881e+07
503.496	  2.30032e+07
503.763	  2.30183e+07
504.03	  2.30333e+07
504.297	  2.30483e+07
504.564	  2.30632e+07
504.831	  2.30782e+07
505.098	  2.30931e+07
505.365	  2.3108e+07
505.632	  2.31228e+07
505.899	  2.31376e+07
506.166	  2.31524e+07
506.433	  2.31672e+07
506.7	  2.31819e+07
506.967	  2.31966e+07
507.234	  2.32113e+07
507.501	  2.32259e+07
507.768	  2.32405e+07
508.035	  2.32551e+07
508.302	  2.32697e+07
508.569	  2.32842e+07
508.836	  2.32987e+07
509.103	  2.33131e+07
509.37	  2.33276e+07
509.637	  2.3342e+07
509.904	  2.33563e+07
510.171	  2.33707e+07
510.438	  2.3385e+07
510.705	  2.33993e+07
510.972	  2.34136e+07
511.239	  2.34278e+07
511.506	  2.3442e+07
511.773	  2.34561e+07
512.04	  2.34703e+07
512.307	  2.34844e+07
512.574	  2.34985e+07
512.841	  2.35125e+07
513.108	  2.35265e+07
513.375	  2.35405e+07
513.642	  2.35545e+07
513.909	  2.35684e+07
514.176	  2.35823e+07
514.443	  2.35962e+07
514.71	  2.361e+07
514.977	  2.36238e+07
515.244	  2.36376e+07
515.511	  2.36514e+07
515.778	  2.36651e+07
516.045	  2.36788e+07
516.312	  2.36925e+07
516.579	  2.37061e+07
516.846	  2.37197e+07
517.113	  2.37333e+07
517.38	  2.37468e+07
517.647	  2.37603e+07
517.914	  2.37738e+07
518.181	  2.37873e+07
518.448	  2.38007e+07
518.715	  2.38141e+07
518.982	  2.38275e+07
519.249	  2.38408e+07
519.516	  2.38541e+07
519.783	  2.38674e+07
520.05	  2.38806e+07
520.317	  2.38938e+07
520.584	  2.3907e+07
520.851	  2.39202e+07
521.118	  2.39333e+07
521.385	  2.39464e+07
521.652	  2.39595e+07
521.919	  2.39725e+07
522.186	  2.39855e+07
522.453	  2.39985e+07
522.72	  2.40115e+07
522.987	  2.40244e+07
523.254	  2.40373e+07
523.521	  2.40501e+07
523.788	  2.4063e+07
524.055	  2.40758e+07
524.322	  2.40886e+07
524.589	  2.41013e+07
524.856	  2.4114e+07
525.123	  2.41267e+07
525.39	  2.41393e+07
525.657	  2.4152e+07
525.924	  2.41646e+07
526.191	  2.41771e+07
526.458	  2.41897e+07
526.725	  2.42022e+07
526.992	  2.42146e+07
527.259	  2.42271e+07
527.526	  2.42395e+07
527.793	  2.42519e+07
528.06	  2.42643e+07
528.327	  2.42766e+07
528.594	  2.42889e+07
528.861	  2.43011e+07
529.128	  2.43134e+07
529.395	  2.43256e+07
529.662	  2.43378e+07
529.929	  2.43499e+07
530.196	  2.4362e+07
530.463	  2.43741e+07
530.73	  2.43862e+07
530.997	  2.43982e+07
531.264	  2.44102e+07
531.531	  2.44222e+07
531.798	  2.44341e+07
532.065	  2.44461e+07
532.332	  2.44579e+07
532.599	  2.44698e+07
532.866	  2.44816e+07
533.133	  2.44934e+07
533.4	  2.45052e+07
533.667	  2.45169e+07
533.934	  2.45286e+07
534.201	  2.45403e+07
534.468	  2.45519e+07
534.735	  2.45636e+07
535.002	  2.45751e+07
535.269	  2.45867e+07
535.536	  2.45982e+07
535.803	  2.46097e+07
536.07	  2.46212e+07
536.337	  2.46326e+07
536.604	  2.46441e+07
536.871	  2.46554e+07
537.138	  2.46668e+07
537.405	  2.46781e+07
537.672	  2.46894e+07
537.939	  2.47007e+07
538.206	  2.47119e+07
538.473	  2.47231e+07
538.74	  2.47343e+07
539.007	  2.47454e+07
539.274	  2.47565e+07
539.541	  2.47676e+07
539.808	  2.47787e+07
540.075	  2.47897e+07
540.342	  2.48007e+07
540.609	  2.48117e+07
540.876	  2.48226e+07
541.143	  2.48335e+07
541.41	  2.48444e+07
541.677	  2.48553e+07
541.944	  2.48661e+07
542.211	  2.48769e+07
542.478	  2.48876e+07
542.745	  2.48984e+07
543.012	  2.49091e+07
543.279	  2.49197e+07
543.546	  2.49304e+07
543.813	  2.4941e+07
544.08	  2.49516e+07
544.347	  2.49622e+07
544.614	  2.49727e+07
544.881	  2.49832e+07
545.148	  2.49936e+07
545.415	  2.50041e+07
545.682	  2.50145e+07
545.949	  2.50249e+07
546.216	  2.50352e+07
546.483	  2.50456e+07
546.75	  2.50559e+07
547.017	  2.50661e+07
547.284	  2.50764e+07
547.551	  2.50866e+07
547.818	  2.50967e+07
548.085	  2.51069e+07
548.352	  2.5117e+07
548.619	  2.51271e+07
548.886	  2.51372e+07
549.153	  2.51472e+07
549.42	  2.51572e+07
549.687	  2.51672e+07
549.954	  2.51771e+07
550.221	  2.5187e+07
550.488	  2.51969e+07
550.755	  2.52068e+07
551.022	  2.52166e+07
551.289	  2.52264e+07
551.556	  2.52362e+07
551.823	  2.52459e+07
552.09	  2.52556e+07
552.357	  2.52653e+07
552.624	  2.5275e+07
552.891	  2.52846e+07
553.158	  2.52942e+07
553.425	  2.53037e+07
553.692	  2.53133e+07
553.959	  2.53228e+07
554.226	  2.53323e+07
554.493	  2.53417e+07
554.76	  2.53511e+07
555.027	  2.53605e+07
555.294	  2.53699e+07
555.561	  2.53792e+07
555.828	  2.53885e+07
556.095	  2.53978e+07
556.362	  2.54071e+07
556.629	  2.54163e+07
556.896	  2.54255e+07
557.163	  2.54346e+07
557.43	  2.54438e+07
557.697	  2.54529e+07
557.964	  2.5462e+07
558.231	  2.5471e+07
558.498	  2.548e+07
558.765	  2.5489e+07
559.032	  2.5498e+07
559.299	  2.55069e+07
559.566	  2.55158e+07
560.009	  2.55305e+07
560.296	  2.554e+07
560.583	  2.55495e+07
560.87	  2.55589e+07
561.157	  2.55683e+07
561.444	  2.55776e+07
561.731	  2.5587e+07
562.018	  2.55963e+07
562.305	  2.56055e+07
562.592	  2.56147e+07
562.879	  2.56239e+07
563.166	  2.56331e+07
563.453	  2.56422e+07
563.74	  2.56513e+07
564.027	  2.56604e+07
564.314	  2.56694e+07
564.601	  2.56784e+07
564.888	  2.56873e+07
565.175	  2.56963e+07
565.462	  2.57052e+07
565.749	  2.5714e+07
566.036	  2.57229e+07
566.323	  2.57316e+07
566.61	  2.57404e+07
566.897	  2.57491e+07
567.184	  2.57578e+07
567.471	  2.57665e+07
567.758	  2.57751e+07
568.045	  2.57837e+07
568.332	  2.57923e+07
568.619	  2.58008e+07
568.906	  2.58093e+07
569.193	  2.58178e+07
569.48	  2.58263e+07
569.767	  2.58347e+07
570.054	  2.5843e+07
570.341	  2.58514e+07
570.628	  2.58597e+07
570.915	  2.5868e+07
571.202	  2.58762e+07
571.489	  2.58844e+07
571.776	  2.58926e+07
572.063	  2.59007e+07
572.35	  2.59089e+07
572.637	  2.59169e+07
572.924	  2.5925e+07
573.211	  2.5933e+07
573.498	  2.5941e+07
573.785	  2.59489e+07
574.072	  2.59569e+07
574.359	  2.59647e+07
574.646	  2.59726e+07
574.933	  2.59804e+07
575.22	  2.59882e+07
575.507	  2.5996e+07
575.794	  2.60037e+07
576.081	  2.60114e+07
576.368	  2.60191e+07
576.655	  2.60267e+07
576.942	  2.60343e+07
577.229	  2.60419e+07
577.516	  2.60494e+07
577.803	  2.60569e+07
578.09	  2.60644e+07
578.377	  2.60718e+07
578.664	  2.60792e+07
578.951	  2.60866e+07
579.238	  2.60939e+07
579.525	  2.61012e+07
579.812	  2.61085e+07
580.099	  2.61158e+07
580.386	  2.6123e+07
580.673	  2.61302e+07
580.96	  2.61373e+07
581.247	  2.61445e+07
581.534	  2.61515e+07
581.821	  2.61586e+07
582.108	  2.61656e+07
582.395	  2.61726e+07
582.682	  2.61796e+07
582.969	  2.61865e+07
583.256	  2.61934e+07
583.543	  2.62003e+07
583.83	  2.62071e+07
584.117	  2.62139e+07
584.404	  2.62207e+07
584.691	  2.62275e+07
584.978	  2.62342e+07
585.265	  2.62408e+07
585.552	  2.62475e+07
585.839	  2.62541e+07
586.126	  2.62607e+07
586.413	  2.62673e+07
586.7	  2.62738e+07
586.987	  2.62803e+07
587.274	  2.62867e+07
587.561	  2.62932e+07
587.848	  2.62996e+07
588.135	  2.63059e+07
588.422	  2.63123e+07
588.709	  2.63186e+07
588.996	  2.63249e+07
589.283	  2.63311e+07
589.57	  2.63373e+07
589.857	  2.63435e+07
590.144	  2.63496e+07
590.431	  2.63558e+07
590.718	  2.63619e+07
591.005	  2.63679e+07
591.292	  2.63739e+07
591.579	  2.63799e+07
591.866	  2.63859e+07
592.153	  2.63918e+07
592.44	  2.63977e+07
592.727	  2.64036e+07
593.014	  2.64095e+07
593.301	  2.64153e+07
593.588	  2.64211e+07
593.875	  2.64268e+07
594.162	  2.64325e+07
594.449	  2.64382e+07
594.736	  2.64439e+07
595.023	  2.64495e+07
595.31	  2.64551e+07
595.597	  2.64607e+07
595.884	  2.64662e+07
596.171	  2.64717e+07
596.458	  2.64772e+07
596.745	  2.64826e+07
597.032	  2.64881e+07
597.319	  2.64935e+07
597.606	  2.64988e+07
597.893	  2.65041e+07
598.18	  2.65094e+07
598.467	  2.65147e+07
598.754	  2.65199e+07
599.041	  2.65251e+07
599.328	  2.65303e+07
599.615	  2.65355e+07
599.902	  2.65406e+07
600.189	  2.65457e+07
600.476	  2.65507e+07
600.763	  2.65557e+07
601.05	  2.65607e+07
601.337	  2.65657e+07
601.624	  2.65706e+07
601.911	  2.65755e+07
602.198	  2.65804e+07
602.485	  2.65852e+07
602.772	  2.65901e+07
603.059	  2.65948e+07
603.346	  2.65996e+07
603.633	  2.66043e+07
603.92	  2.6609e+07
604.207	  2.66137e+07
604.494	  2.66183e+07
604.781	  2.66229e+07
605.068	  2.66275e+07
605.355	  2.66321e+07
605.642	  2.66366e+07
605.929	  2.66411e+07
606.216	  2.66455e+07
606.503	  2.665e+07
606.79	  2.66544e+07
607.077	  2.66587e+07
607.364	  2.66631e+07
607.651	  2.66674e+07
607.938	  2.66717e+07
608.225	  2.66759e+07
608.512	  2.66801e+07
608.799	  2.66843e+07
609.086	  2.66885e+07
609.373	  2.66926e+07
609.66	  2.66968e+07
609.947	  2.67008e+07
610.234	  2.67049e+07
610.521	  2.67089e+07
610.808	  2.67129e+07
611.095	  2.67169e+07
611.382	  2.67208e+07
611.669	  2.67247e+07
611.956	  2.67286e+07
612.243	  2.67324e+07
612.53	  2.67362e+07
612.817	  2.674e+07
613.104	  2.67438e+07
613.391	  2.67475e+07
613.678	  2.67512e+07
613.965	  2.67549e+07
614.252	  2.67585e+07
614.539	  2.67622e+07
614.826	  2.67657e+07
615.113	  2.67693e+07
615.4	  2.67728e+07
615.687	  2.67763e+07
615.974	  2.67798e+07
616.261	  2.67833e+07
616.548	  2.67867e+07
616.835	  2.67901e+07
617.122	  2.67934e+07
617.409	  2.67968e+07
617.696	  2.68001e+07
617.983	  2.68033e+07
618.27	  2.68066e+07
618.557	  2.68098e+07
618.844	  2.6813e+07
619.131	  2.68162e+07
619.418	  2.68193e+07
619.705	  2.68224e+07
619.992	  2.68255e+07
620.279	  2.68285e+07
620.566	  2.68315e+07
620.853	  2.68345e+07
621.14	  2.68375e+07
621.427	  2.68404e+07
621.714	  2.68433e+07
622.001	  2.68462e+07
622.288	  2.68491e+07
622.575	  2.68519e+07
622.862	  2.68547e+07
623.149	  2.68575e+07
623.436	  2.68602e+07
623.723	  2.68629e+07
624.01	  2.68656e+07
624.297	  2.68683e+07
624.584	  2.68709e+07
624.871	  2.68735e+07
625.158	  2.68761e+07
625.445	  2.68786e+07
625.732	  2.68812e+07
626.019	  2.68837e+07
626.306	  2.68861e+07
626.593	  2.68886e+07
626.88	  2.6891e+07
627.167	  2.68934e+07
627.454	  2.68957e+07
627.741	  2.68981e+07
628.028	  2.69004e+07
628.315	  2.69026e+07
628.602	  2.69049e+07
628.889	  2.69071e+07
629.176	  2.69093e+07
629.463	  2.69115e+07
629.75	  2.69136e+07
630.037	  2.69157e+07
630.324	  2.69178e+07
630.611	  2.69199e+07
630.898	  2.69219e+07
631.185	  2.69239e+07
631.472	  2.69259e+07
631.759	  2.69278e+07
632.046	  2.69297e+07
632.333	  2.69316e+07
632.62	  2.69335e+07
632.907	  2.69354e+07
633.194	  2.69372e+07
633.481	  2.6939e+07
633.768	  2.69407e+07
634.055	  2.69425e+07
634.342	  2.69442e+07
634.629	  2.69459e+07
634.916	  2.69475e+07
635.203	  2.69492e+07
635.49	  2.69508e+07
635.777	  2.69523e+07
636.064	  2.69539e+07
636.351	  2.69554e+07
636.638	  2.69569e+07
636.925	  2.69584e+07
637.212	  2.69598e+07
637.499	  2.69612e+07
637.786	  2.69626e+07
638.073	  2.6964e+07
638.36	  2.69653e+07
638.647	  2.69667e+07
638.934	  2.6968e+07
639.221	  2.69692e+07
639.508	  2.69705e+07
639.795	  2.69717e+07
640.082	  2.69729e+07
640.369	  2.6974e+07
640.656	  2.69751e+07
640.943	  2.69763e+07
641.23	  2.69773e+07
641.517	  2.69784e+07
641.804	  2.69794e+07
642.091	  2.69804e+07
642.378	  2.69814e+07
642.665	  2.69824e+07
642.952	  2.69833e+07
643.239	  2.69842e+07
643.526	  2.69851e+07
643.813	  2.69859e+07
644.1	  2.69867e+07
644.387	  2.69875e+07
644.674	  2.69883e+07
644.961	  2.69891e+07
645.248	  2.69898e+07
645.535	  2.69905e+07
645.822	  2.69911e+07
646.109	  2.69918e+07
646.396	  2.69924e+07
646.683	  2.6993e+07
646.97	  2.69936e+07
647.257	  2.69941e+07
647.544	  2.69947e+07
647.831	  2.69951e+07
648.118	  2.69956e+07
648.405	  2.69961e+07
648.692	  2.69965e+07
648.979	  2.69969e+07
649.266	  2.69972e+07
649.553	  2.69976e+07
649.84	  2.69979e+07
650.127	  2.69982e+07
650.414	  2.69985e+07
650.701	  2.69987e+07
650.988	  2.6999e+07
651.275	  2.69991e+07
651.562	  2.69993e+07
651.849	  2.69995e+07
652.136	  2.69996e+07
652.423	  2.69997e+07
652.71	  2.69998e+07
652.997	  2.69998e+07
653.284	  2.69998e+07
653.571	  2.69998e+07
653.858	  2.69998e+07
654.145	  2.69998e+07
654.432	  2.69997e+07
654.719	  2.69996e+07
655.006	  2.69995e+07
655.293	  2.69993e+07
655.58	  2.69992e+07
655.867	  2.6999e+07
656.154	  2.69987e+07
656.441	  2.69985e+07
656.728	  2.69982e+07
657.015	  2.69979e+07
657.302	  2.69976e+07
657.589	  2.69973e+07
657.876	  2.69969e+07
658.163	  2.69965e+07
658.45	  2.69961e+07
658.737	  2.69957e+07
659.024	  2.69952e+07
659.311	  2.69948e+07
659.598	  2.69942e+07
659.885	  2.69937e+07
660.172	  2.69932e+07
660.459	  2.69926e+07
660.746	  2.6992e+07
661.033	  2.69914e+07
661.32	  2.69907e+07
661.607	  2.699e+07
661.894	  2.69893e+07
662.181	  2.69886e+07
662.468	  2.69879e+07
662.755	  2.69871e+07
663.042	  2.69863e+07
663.329	  2.69855e+07
663.616	  2.69847e+07
663.903	  2.69838e+07
664.19	  2.69829e+07
664.477	  2.6982e+07
664.764	  2.69811e+07
665.051	  2.69801e+07
665.338	  2.69792e+07
665.625	  2.69782e+07
665.912	  2.69772e+07
666.199	  2.69761e+07
666.486	  2.6975e+07
666.773	  2.69739e+07
667.06	  2.69728e+07
667.347	  2.69717e+07
667.634	  2.69705e+07
667.921	  2.69694e+07
668.208	  2.69682e+07
668.495	  2.69669e+07
668.782	  2.69657e+07
669.069	  2.69644e+07
669.356	  2.69631e+07
669.643	  2.69618e+07
669.93	  2.69604e+07
670.217	  2.69591e+07
670.504	  2.69577e+07
670.791	  2.69563e+07
671.078	  2.69549e+07
671.365	  2.69534e+07
671.652	  2.69519e+07
671.939	  2.69504e+07
672.226	  2.69489e+07
672.513	  2.69474e+07
672.8	  2.69458e+07
673.087	  2.69442e+07
673.374	  2.69426e+07
673.661	  2.6941e+07
673.948	  2.69393e+07
674.235	  2.69376e+07
674.522	  2.69359e+07
674.809	  2.69342e+07
675.096	  2.69325e+07
675.383	  2.69307e+07
675.67	  2.69289e+07
675.957	  2.69271e+07
676.244	  2.69253e+07
676.531	  2.69234e+07
676.818	  2.69215e+07
677.105	  2.69197e+07
677.392	  2.69177e+07
677.679	  2.69158e+07
677.966	  2.69138e+07
678.253	  2.69119e+07
678.54	  2.69098e+07
678.827	  2.69078e+07
679.114	  2.69058e+07
679.401	  2.69037e+07
679.688	  2.69016e+07
679.975	  2.68995e+07
680.262	  2.68974e+07
680.549	  2.68952e+07
680.836	  2.6893e+07
681.123	  2.68908e+07
681.41	  2.68886e+07
681.697	  2.68864e+07
681.984	  2.68841e+07
682.271	  2.68818e+07
682.558	  2.68795e+07
682.845	  2.68772e+07
683.132	  2.68749e+07
683.419	  2.68725e+07
683.706	  2.68701e+07
683.993	  2.68677e+07
684.28	  2.68653e+07
684.567	  2.68628e+07
684.854	  2.68603e+07
685.141	  2.68578e+07
685.428	  2.68553e+07
685.715	  2.68528e+07
686.002	  2.68502e+07
686.289	  2.68477e+07
686.576	  2.68451e+07
686.863	  2.68424e+07
687.15	  2.68398e+07
687.437	  2.68371e+07
687.724	  2.68345e+07
688.011	  2.68318e+07
688.298	  2.6829e+07
688.585	  2.68263e+07
688.872	  2.68235e+07
689.159	  2.68208e+07
689.446	  2.6818e+07
689.733	  2.68151e+07
690.02	  2.68123e+07
690.307	  2.68094e+07
690.594	  2.68065e+07
690.881	  2.68036e+07
691.168	  2.68007e+07
691.455	  2.67978e+07
691.742	  2.67948e+07
692.029	  2.67918e+07
692.316	  2.67888e+07
692.603	  2.67858e+07
692.89	  2.67827e+07
693.177	  2.67797e+07
693.464	  2.67766e+07
693.751	  2.67735e+07
694.038	  2.67704e+07
694.325	  2.67672e+07
694.612	  2.6764e+07
694.899	  2.67609e+07
695.186	  2.67577e+07
695.473	  2.67544e+07
695.76	  2.67512e+07
696.047	  2.67479e+07
696.334	  2.67446e+07
696.621	  2.67413e+07
696.908	  2.6738e+07
697.195	  2.67347e+07
697.482	  2.67313e+07
697.769	  2.67279e+07
698.056	  2.67245e+07
698.343	  2.67211e+07
698.63	  2.67177e+07
698.917	  2.67142e+07
699.204	  2.67107e+07
699.491	  2.67072e+07
699.778	  2.67037e+07
700.065	  2.67002e+07
700.352	  2.66966e+07
700.639	  2.66931e+07
700.926	  2.66895e+07
701.213	  2.66859e+07
701.5	  2.66822e+07
701.787	  2.66786e+07
702.074	  2.66749e+07
702.361	  2.66712e+07
702.648	  2.66675e+07
702.935	  2.66638e+07
703.222	  2.66601e+07
703.509	  2.66563e+07
703.796	  2.66525e+07
704.083	  2.66487e+07
704.37	  2.66449e+07
704.657	  2.66411e+07
704.944	  2.66372e+07
705.231	  2.66333e+07
705.518	  2.66294e+07
705.805	  2.66255e+07
706.092	  2.66216e+07
706.379	  2.66176e+07
706.666	  2.66137e+07
706.953	  2.66097e+07
707.24	  2.66057e+07
707.527	  2.66017e+07
707.814	  2.65976e+07
708.101	  2.65936e+07
708.388	  2.65895e+07
708.675	  2.65854e+07
708.962	  2.65813e+07
709.249	  2.65771e+07
709.536	  2.6573e+07
709.823	  2.65688e+07
710.11	  2.65646e+07
710.397	  2.65604e+07
710.684	  2.65562e+07
710.971	  2.6552e+07
711.258	  2.65477e+07
711.545	  2.65434e+07
711.832	  2.65391e+07
712.119	  2.65348e+07
712.406	  2.65305e+07
712.693	  2.65262e+07
712.98	  2.65218e+07
713.267	  2.65174e+07
713.554	  2.6513e+07
713.841	  2.65086e+07
714.128	  2.65042e+07
714.415	  2.64997e+07
714.702	  2.64952e+07
714.989	  2.64907e+07
715.276	  2.64862e+07
715.563	  2.64817e+07
715.85	  2.64772e+07
716.137	  2.64726e+07
716.424	  2.6468e+07
716.711	  2.64634e+07
716.998	  2.64588e+07
717.285	  2.64542e+07
717.572	  2.64496e+07
717.859	  2.64449e+07
718.146	  2.64402e+07
718.433	  2.64355e+07
718.72	  2.64308e+07
719.007	  2.64261e+07
719.294	  2.64213e+07
719.581	  2.64166e+07
719.868	  2.64118e+07
720.155	  2.6407e+07
720.442	  2.64022e+07
720.729	  2.63973e+07
721.016	  2.63925e+07
721.303	  2.63876e+07
721.59	  2.63827e+07
721.877	  2.63778e+07
722.164	  2.63729e+07
722.451	  2.6368e+07
722.738	  2.6363e+07
723.025	  2.63581e+07
723.312	  2.63531e+07
723.599	  2.63481e+07
723.886	  2.63431e+07
724.173	  2.6338e+07
724.46	  2.6333e+07
724.747	  2.63279e+07
725.034	  2.63228e+07
725.321	  2.63178e+07
725.608	  2.63126e+07
725.895	  2.63075e+07
726.182	  2.63024e+07
726.469	  2.62972e+07
726.756	  2.6292e+07
727.043	  2.62868e+07
727.33	  2.62816e+07
727.617	  2.62764e+07
727.904	  2.62711e+07
728.191	  2.62659e+07
728.478	  2.62606e+07
728.765	  2.62553e+07
729.052	  2.625e+07
729.339	  2.62447e+07
729.626	  2.62393e+07
729.913	  2.6234e+07
730.2	  2.62286e+07
730.487	  2.62232e+07
730.774	  2.62178e+07
731.061	  2.62124e+07
731.348	  2.6207e+07
731.635	  2.62015e+07
731.922	  2.6196e+07
732.209	  2.61906e+07
732.496	  2.61851e+07
732.783	  2.61795e+07
733.07	  2.6174e+07
733.357	  2.61685e+07
733.644	  2.61629e+07
733.931	  2.61573e+07
734.218	  2.61517e+07
734.505	  2.61461e+07
734.792	  2.61405e+07
735.079	  2.61349e+07
735.366	  2.61292e+07
735.653	  2.61236e+07
735.94	  2.61179e+07
736.227	  2.61122e+07
736.514	  2.61065e+07
736.801	  2.61007e+07
737.088	  2.6095e+07
737.375	  2.60892e+07
737.662	  2.60835e+07
737.949	  2.60777e+07
738.236	  2.60719e+07
738.523	  2.60661e+07
738.81	  2.60602e+07
739.097	  2.60544e+07
739.384	  2.60485e+07
739.671	  2.60426e+07
739.958	  2.60367e+07
740.245	  2.60308e+07
740.532	  2.60249e+07
740.819	  2.6019e+07
741.106	  2.6013e+07
741.393	  2.60071e+07
741.68	  2.60011e+07
741.967	  2.59951e+07
742.254	  2.59891e+07
742.541	  2.5983e+07
742.828	  2.5977e+07
743.115	  2.59709e+07
743.402	  2.59649e+07
743.689	  2.59588e+07
743.976	  2.59527e+07
744.263	  2.59466e+07
744.55	  2.59405e+07
744.837	  2.59343e+07
745.124	  2.59282e+07
745.411	  2.5922e+07
745.698	  2.59158e+07
745.985	  2.59096e+07
746.272	  2.59034e+07
746.559	  2.58972e+07
746.846	  2.58909e+07
747.133	  2.58847e+07
747.42	  2.58784e+07
747.707	  2.58721e+07
747.994	  2.58658e+07
748.281	  2.58595e+07
748.568	  2.58532e+07
748.855	  2.58469e+07
749.142	  2.58405e+07
749.429	  2.58342e+07
749.716	  2.58278e+07
750.003	  2.58214e+07
750.29	  2.5815e+07
750.577	  2.58086e+07
750.864	  2.58021e+07
751.151	  2.57957e+07
751.438	  2.57892e+07
751.725	  2.57828e+07
752.012	  2.57763e+07
752.299	  2.57698e+07
752.586	  2.57632e+07
752.873	  2.57567e+07
753.16	  2.57502e+07
753.447	  2.57436e+07
753.734	  2.57371e+07
754.021	  2.57305e+07
754.308	  2.57239e+07
754.595	  2.57173e+07
754.882	  2.57106e+07
755.169	  2.5704e+07
755.456	  2.56974e+07
755.743	  2.56907e+07
756.03	  2.5684e+07
756.317	  2.56773e+07
756.604	  2.56706e+07
756.891	  2.56639e+07
757.178	  2.56572e+07
757.465	  2.56505e+07
757.752	  2.56437e+07
758.039	  2.56369e+07
758.326	  2.56302e+07
758.613	  2.56234e+07
758.9	  2.56166e+07
759.187	  2.56098e+07
759.474	  2.56029e+07
759.761	  2.55961e+07
760.048	  2.55892e+07
760.335	  2.55824e+07
760.622	  2.55755e+07
760.909	  2.55686e+07
761.196	  2.55617e+07
761.483	  2.55548e+07
761.77	  2.55478e+07
762.057	  2.55409e+07
762.344	  2.55339e+07
762.631	  2.5527e+07
762.918	  2.552e+07
763.205	  2.5513e+07
763.492	  2.5506e+07
763.779	  2.5499e+07
764.066	  2.54919e+07
764.353	  2.54849e+07
764.64	  2.54778e+07
764.927	  2.54708e+07
765.214	  2.54637e+07
765.501	  2.54566e+07
765.788	  2.54495e+07
766.075	  2.54424e+07
766.362	  2.54352e+07
766.649	  2.54281e+07
766.936	  2.5421e+07
767.223	  2.54138e+07
767.51	  2.54066e+07
767.797	  2.53994e+07
768.084	  2.53922e+07
768.371	  2.5385e+07
768.658	  2.53778e+07
768.945	  2.53706e+07
769.232	  2.53633e+07
769.519	  2.5356e+07
769.806	  2.53488e+07
770.093	  2.53415e+07
770.38	  2.53342e+07
770.667	  2.53269e+07
770.954	  2.53196e+07
771.241	  2.53122e+07
771.528	  2.53049e+07
771.815	  2.52975e+07
772.102	  2.52902e+07
772.389	  2.52828e+07
772.676	  2.52754e+07
772.963	  2.5268e+07
773.25	  2.52606e+07
773.537	  2.52532e+07
773.824	  2.52458e+07
774.111	  2.52383e+07
774.398	  2.52309e+07
774.685	  2.52234e+07
774.972	  2.52159e+07
775.259	  2.52084e+07
775.546	  2.52009e+07
775.833	  2.51934e+07
776.12	  2.51859e+07
776.407	  2.51784e+07
776.694	  2.51708e+07
776.981	  2.51633e+07
777.268	  2.51557e+07
777.555	  2.51481e+07
777.842	  2.51405e+07
778.129	  2.51329e+07
778.416	  2.51253e+07
778.703	  2.51177e+07
778.99	  2.51101e+07
779.277	  2.51024e+07
779.564	  2.50948e+07
779.851	  2.50871e+07
780.138	  2.50794e+07
780.425	  2.50717e+07
780.712	  2.5064e+07
780.999	  2.50563e+07
781.286	  2.50486e+07
781.573	  2.50409e+07
781.86	  2.50331e+07
782.147	  2.50254e+07
782.434	  2.50176e+07
782.721	  2.50098e+07
783.008	  2.50021e+07
783.295	  2.49943e+07
783.582	  2.49865e+07
783.869	  2.49787e+07
784.156	  2.49708e+07
784.443	  2.4963e+07
784.73	  2.49551e+07
785.017	  2.49473e+07
785.304	  2.49394e+07
785.591	  2.49316e+07
785.878	  2.49237e+07
786.165	  2.49158e+07
786.452	  2.49079e+07
786.739	  2.48999e+07
787.026	  2.4892e+07
787.313	  2.48841e+07
787.6	  2.48761e+07
787.887	  2.48682e+07
788.174	  2.48602e+07
788.461	  2.48522e+07
788.748	  2.48443e+07
789.035	  2.48363e+07
789.322	  2.48282e+07
789.609	  2.48202e+07
789.896	  2.48122e+07
790.183	  2.48042e+07
790.47	  2.47961e+07
790.757	  2.47881e+07
791.044	  2.478e+07
791.331	  2.47719e+07
791.618	  2.47638e+07
791.905	  2.47557e+07
792.192	  2.47476e+07
792.479	  2.47395e+07
792.766	  2.47314e+07
793.053	  2.47233e+07
793.34	  2.47151e+07
793.627	  2.4707e+07
793.914	  2.46988e+07
794.201	  2.46906e+07
794.488	  2.46825e+07
794.775	  2.46743e+07
795.062	  2.46661e+07
795.349	  2.46579e+07
795.636	  2.46497e+07
795.923	  2.46414e+07
796.21	  2.46332e+07
796.497	  2.46249e+07
796.784	  2.46167e+07
797.071	  2.46084e+07
797.358	  2.46001e+07
797.645	  2.45919e+07
797.932	  2.45836e+07
798.219	  2.45753e+07
798.506	  2.4567e+07
798.793	  2.45586e+07
799.08	  2.45503e+07
799.367	  2.4542e+07
799.654	  2.45336e+07
799.941	  2.45253e+07
800.228	  2.45169e+07
800.515	  2.45085e+07
800.802	  2.45002e+07
801.089	  2.44918e+07
801.376	  2.44834e+07
801.663	  2.4475e+07
801.95	  2.44665e+07
802.237	  2.44581e+07
802.524	  2.44497e+07
802.811	  2.44412e+07
803.098	  2.44328e+07
803.385	  2.44243e+07
803.672	  2.44159e+07
803.959	  2.44074e+07
804.246	  2.43989e+07
804.533	  2.43904e+07
804.82	  2.43819e+07
805.107	  2.43734e+07
805.394	  2.43649e+07
805.681	  2.43563e+07
805.968	  2.43478e+07
806.255	  2.43393e+07
806.542	  2.43307e+07
806.829	  2.43221e+07
807.116	  2.43136e+07
807.403	  2.4305e+07
807.69	  2.42964e+07
807.977	  2.42878e+07
808.264	  2.42792e+07
808.551	  2.42706e+07
808.838	  2.4262e+07
809.125	  2.42534e+07
809.412	  2.42447e+07
809.699	  2.42361e+07
809.986	  2.42274e+07
810.273	  2.42188e+07
810.56	  2.42101e+07
810.847	  2.42014e+07
811.134	  2.41927e+07
811.421	  2.4184e+07
811.708	  2.41753e+07
811.995	  2.41666e+07
812.282	  2.41579e+07
812.569	  2.41492e+07
812.856	  2.41405e+07
813.143	  2.41317e+07
813.43	  2.4123e+07
813.717	  2.41142e+07
814.004	  2.41055e+07
814.291	  2.40967e+07
814.578	  2.40879e+07
814.865	  2.40791e+07
815.152	  2.40703e+07
815.439	  2.40615e+07
815.726	  2.40527e+07
816.013	  2.40439e+07
816.3	  2.40351e+07
816.587	  2.40262e+07
816.874	  2.40174e+07
817.161	  2.40086e+07
817.448	  2.39997e+07
817.735	  2.39908e+07
818.022	  2.3982e+07
818.309	  2.39731e+07
818.596	  2.39642e+07
818.883	  2.39553e+07
819.17	  2.39464e+07
819.457	  2.39375e+07
820.002	  2.39206e+07
820.031	  2.39197e+07
820.059	  2.39188e+07
820.088	  2.39179e+07
820.117	  2.3917e+07
820.146	  2.39161e+07
820.174	  2.39152e+07
820.203	  2.39143e+07
820.232	  2.39134e+07
820.26	  2.39125e+07
820.289	  2.39117e+07
820.318	  2.39108e+07
820.346	  2.39099e+07
820.375	  2.3909e+07
820.404	  2.39081e+07
820.433	  2.39072e+07
820.461	  2.39063e+07
820.49	  2.39054e+07
820.519	  2.39045e+07
820.547	  2.39036e+07
820.576	  2.39027e+07
820.605	  2.39018e+07
820.633	  9.66488e+06
820.662	  9.6648e+06
820.691	  9.66473e+06
820.72	  9.66465e+06
820.748	  9.66457e+06
820.777	  9.6645e+06
820.806	  9.66442e+06
820.834	  9.66434e+06
820.863	  9.66426e+06
820.892	  9.66419e+06
820.92	  9.66411e+06
820.949	  9.66403e+06
820.978	  9.66396e+06
821.007	  9.66388e+06
821.035	  9.6638e+06
821.064	  9.66372e+06
821.093	  9.66365e+06
821.121	  9.66357e+06
821.15	  9.66349e+06
821.179	  9.66341e+06
821.207	  9.66334e+06
821.236	  9.66326e+06
821.265	  9.66318e+06
821.294	  9.6631e+06
821.322	  9.66302e+06
821.351	  9.66295e+06
821.38	  9.66287e+06
821.408	  9.66279e+06
821.437	  9.66271e+06
821.466	  9.66264e+06
821.494	  9.66256e+06
821.523	  9.66248e+06
821.552	  9.6624e+06
821.581	  9.66232e+06
821.609	  9.66224e+06
821.638	  9.66217e+06
821.667	  9.66209e+06
821.695	  9.66201e+06
821.724	  9.66193e+06
821.753	  9.66185e+06
821.781	  9.66178e+06
821.81	  9.6617e+06
821.839	  9.66162e+06
821.868	  9.66154e+06
821.896	  9.66146e+06
821.925	  9.66138e+06
821.954	  9.66131e+06
821.982	  9.66123e+06
822.011	  9.66115e+06
822.011	  9.66115e+06
822.298	  9.66036e+06
822.585	  9.65957e+06
822.872	  9.65878e+06
823.159	  9.65798e+06
823.446	  9.65718e+06
823.733	  9.65637e+06
824.02	  9.65557e+06
824.307	  9.65476e+06
824.594	  9.65394e+06
824.881	  9.65312e+06
825.168	  9.6523e+06
825.455	  9.65148e+06
825.742	  9.65065e+06
826.029	  9.64982e+06
826.316	  9.64899e+06
826.603	  9.64815e+06
826.89	  9.64731e+06
827.177	  9.64647e+06
827.464	  9.64562e+06
827.751	  9.64477e+06
828.038	  9.64392e+06
828.325	  9.64306e+06
828.612	  9.6422e+06
828.899	  9.64133e+06
829.186	  9.64047e+06
829.473	  9.6396e+06
829.76	  9.63873e+06
830.047	  9.63785e+06
830.334	  9.63697e+06
830.621	  9.63609e+06
830.908	  9.6352e+06
831.195	  9.63431e+06
831.482	  9.63342e+06
831.769	  9.63252e+06
832.056	  9.63163e+06
832.343	  9.63072e+06
832.63	  9.62982e+06
832.917	  9.62891e+06
833.204	  9.628e+06
833.491	  9.62708e+06
833.778	  9.62617e+06
834.065	  9.62525e+06
834.352	  9.62432e+06
834.639	  9.62339e+06
834.926	  9.62246e+06
835.213	  9.62153e+06
835.5	  9.62059e+06
835.787	  9.61965e+06
836.074	  9.61871e+06
836.361	  9.61776e+06
836.648	  9.61682e+06
836.935	  9.61586e+06
837.222	  9.61491e+06
837.509	  9.61395e+06
837.796	  9.61299e+06
838.083	  9.61202e+06
838.37	  9.61105e+06
838.657	  9.61008e+06
838.944	  9.60911e+06
839.231	  9.60813e+06
839.518	  9.60715e+06
839.805	  9.60617e+06
840.092	  9.60518e+06
840.379	  9.60419e+06
840.666	  9.6032e+06
840.953	  9.6022e+06
841.24	  9.60121e+06
841.527	  9.6002e+06
841.814	  9.5992e+06
842.101	  9.59819e+06
842.388	  9.59718e+06
842.675	  9.59617e+06
842.962	  9.59515e+06
843.249	  9.59413e+06
843.536	  9.59311e+06
843.823	  9.59208e+06
844.11	  9.59105e+06
844.397	  9.59002e+06
844.684	  9.58898e+06
844.971	  9.58795e+06
845.258	  9.5869e+06
845.545	  9.58586e+06
845.832	  9.58481e+06
846.119	  9.58376e+06
846.406	  9.58271e+06
846.693	  9.58165e+06
846.98	  9.5806e+06
847.267	  9.57953e+06
847.554	  9.57847e+06
847.841	  9.5774e+06
848.128	  9.57633e+06
848.415	  9.57526e+06
848.702	  9.57418e+06
848.989	  9.5731e+06
849.276	  9.57202e+06
849.563	  9.57093e+06
849.85	  9.56984e+06
850.137	  9.56875e+06
850.424	  9.56766e+06
850.711	  9.56656e+06
850.998	  9.56546e+06
851.285	  9.56436e+06
851.572	  9.56325e+06
851.859	  9.56214e+06
852.146	  9.56103e+06
852.433	  9.55992e+06
852.72	  9.5588e+06
853.007	  9.55768e+06
853.294	  9.55656e+06
853.581	  9.55543e+06
853.868	  9.5543e+06
854.155	  9.55317e+06
854.442	  9.55204e+06
854.729	  9.5509e+06
855.016	  9.54976e+06
855.303	  9.54861e+06
855.59	  9.54747e+06
855.877	  9.54632e+06
856.164	  9.54517e+06
856.451	  9.54401e+06
856.738	  9.54286e+06
857.025	  9.5417e+06
857.312	  9.54053e+06
857.599	  9.53937e+06
857.886	  9.5382e+06
858.173	  9.53703e+06
858.46	  9.53585e+06
858.747	  9.53468e+06
859.034	  9.5335e+06
859.321	  9.53231e+06
859.608	  9.53113e+06
859.895	  9.52994e+06
860.182	  9.52875e+06
860.469	  9.52755e+06
860.756	  9.52636e+06
861.043	  9.52516e+06
861.33	  9.52396e+06
861.617	  9.52275e+06
861.904	  9.52154e+06
862.191	  9.52033e+06
862.478	  9.51912e+06
862.765	  9.51791e+06
863.052	  9.51669e+06
863.339	  9.51547e+06
863.626	  9.51424e+06
863.913	  9.51302e+06
864.2	  9.51179e+06
864.487	  9.51055e+06
864.774	  9.50932e+06
865.061	  9.50808e+06
865.348	  9.50684e+06
865.635	  9.5056e+06
865.922	  9.50435e+06
866.209	  9.5031e+06
866.496	  9.50185e+06
866.783	  9.5006e+06
867.07	  9.49934e+06
867.357	  9.49808e+06
867.644	  9.49682e+06
867.931	  9.49556e+06
868.218	  9.49429e+06
868.505	  9.49302e+06
868.792	  9.49175e+06
869.079	  9.49047e+06
869.366	  9.4892e+06
869.653	  9.48792e+06
869.94	  9.48663e+06
870.227	  9.48535e+06
870.514	  9.48406e+06
870.801	  9.48277e+06
871.088	  9.48148e+06
871.375	  9.48018e+06
871.662	  9.47888e+06
871.949	  9.47758e+06
872.236	  9.47628e+06
872.523	  9.47497e+06
872.81	  9.47366e+06
873.097	  9.47235e+06
873.384	  9.47103e+06
873.671	  9.46972e+06
873.958	  9.4684e+06
874.245	  9.46708e+06
874.532	  9.46575e+06
874.819	  9.46442e+06
875.106	  9.46309e+06
875.393	  9.46176e+06
875.68	  9.46043e+06
875.967	  9.45909e+06
876.254	  9.45775e+06
876.541	  9.45641e+06
876.828	  9.45506e+06
877.115	  9.45372e+06
877.402	  9.45237e+06
877.689	  9.45101e+06
877.976	  9.44966e+06
878.263	  9.4483e+06
878.55	  9.44694e+06
878.837	  9.44558e+06
879.124	  9.44421e+06
879.411	  9.44284e+06
879.698	  9.44147e+06
879.985	  9.4401e+06
880.272	  9.43873e+06
880.559	  9.43735e+06
880.846	  9.43597e+06
881.133	  9.43459e+06
881.42	  9.4332e+06
881.707	  9.43181e+06
881.994	  9.43042e+06
882.281	  9.42903e+06
882.568	  9.42763e+06
882.855	  9.42624e+06
883.142	  9.42484e+06
883.429	  9.42343e+06
883.716	  9.42203e+06
884.003	  9.42062e+06
884.29	  9.41921e+06
884.577	  9.4178e+06
884.864	  9.41639e+06
885.151	  9.41497e+06
885.438	  9.41355e+06
885.725	  9.41213e+06
886.012	  9.4107e+06
886.299	  9.40928e+06
886.586	  9.40785e+06
886.873	  9.40642e+06
887.16	  9.40498e+06
887.447	  9.40355e+06
887.734	  9.40211e+06
888.021	  9.40067e+06
888.308	  9.39922e+06
888.595	  9.39778e+06
888.882	  9.39633e+06
889.169	  9.39488e+06
889.456	  9.39342e+06
889.743	  9.39197e+06
890.03	  9.39051e+06
890.317	  9.38905e+06
890.604	  9.38759e+06
890.891	  9.38612e+06
891.178	  9.38466e+06
891.465	  9.38319e+06
891.752	  9.38172e+06
892.039	  9.38024e+06
892.326	  9.37877e+06
892.613	  9.37729e+06
892.9	  9.37581e+06
893.187	  9.37432e+06
893.474	  9.37284e+06
893.761	  9.37135e+06
894.048	  9.36986e+06
894.335	  9.36836e+06
894.622	  9.36687e+06
894.909	  9.36537e+06
895.196	  9.36387e+06
895.483	  9.36237e+06
895.77	  9.36087e+06
896.057	  9.35936e+06
896.344	  9.35785e+06
896.631	  9.35634e+06
896.918	  9.35483e+06
897.205	  9.35331e+06
897.492	  9.35179e+06
897.779	  9.35027e+06
898.066	  9.34875e+06
898.353	  9.34723e+06
898.64	  9.3457e+06
898.927	  9.34417e+06
899.214	  9.34264e+06
899.501	  9.3411e+06
899.788	  9.33957e+06
900.075	  9.33803e+06
900.362	  9.33649e+06
900.649	  9.33495e+06
900.936	  9.3334e+06
901.223	  9.33186e+06
901.51	  9.33031e+06
901.797	  9.32875e+06
902.084	  9.3272e+06
902.371	  9.32565e+06
902.658	  9.32409e+06
902.945	  9.32253e+06
903.232	  9.32096e+06
903.519	  9.3194e+06
903.806	  9.31783e+06
904.093	  9.31626e+06
904.38	  9.31469e+06
904.667	  9.31312e+06
904.954	  9.31154e+06
905.241	  9.30997e+06
905.528	  9.30839e+06
905.815	  9.3068e+06
906.102	  9.30522e+06
906.389	  9.30363e+06
906.676	  9.30204e+06
906.963	  9.30045e+06
907.25	  9.29886e+06
907.537	  9.29727e+06
907.824	  9.29567e+06
908.111	  9.29407e+06
908.398	  9.29247e+06
908.685	  9.29087e+06
908.972	  9.28926e+06
909.259	  9.28765e+06
909.546	  9.28604e+06
909.833	  9.28443e+06
910.12	  9.28282e+06
910.407	  9.2812e+06
910.694	  9.27958e+06
910.981	  9.27796e+06
911.268	  9.27634e+06
911.555	  9.27471e+06
911.842	  9.27309e+06
912.129	  9.27146e+06
912.416	  9.26983e+06
912.703	  9.2682e+06
912.99	  9.26656e+06
913.277	  9.26492e+06
913.564	  9.26328e+06
913.851	  9.26164e+06
914.138	  9.26e+06
914.425	  9.25835e+06
914.712	  9.25671e+06
914.999	  9.25506e+06
915.286	  9.25341e+06
915.573	  9.25175e+06
915.86	  9.2501e+06
916.147	  9.24844e+06
916.434	  9.24678e+06
916.721	  9.24512e+06
917.008	  9.24346e+06
917.295	  9.24179e+06
917.582	  9.24012e+06
917.869	  9.23845e+06
918.156	  9.23678e+06
918.443	  9.23511e+06
918.73	  9.23343e+06
919.017	  9.23175e+06
919.304	  9.23007e+06
919.591	  9.22839e+06
919.878	  9.22671e+06
920.165	  9.22502e+06
920.452	  9.22334e+06
920.739	  9.22165e+06
921.026	  9.21995e+06
921.313	  9.21826e+06
921.6	  9.21657e+06
921.887	  9.21487e+06
922.174	  9.21317e+06
922.461	  9.21147e+06
922.748	  9.20976e+06
923.035	  9.20806e+06
923.322	  9.20635e+06
923.609	  9.20464e+06
923.896	  9.20293e+06
924.183	  9.20122e+06
924.47	  9.1995e+06
924.757	  9.19779e+06
925.044	  9.19607e+06
925.331	  9.19435e+06
925.618	  9.19262e+06
925.905	  9.1909e+06
926.192	  9.18917e+06
926.479	  9.18744e+06
926.766	  9.18571e+06
927.053	  9.18398e+06
927.34	  9.18225e+06
927.627	  9.18051e+06
927.914	  9.17877e+06
928.201	  9.17703e+06
928.488	  9.17529e+06
928.775	  9.17355e+06
929.062	  9.1718e+06
929.349	  9.17005e+06
929.636	  9.16831e+06
929.923	  9.16655e+06
930.21	  9.1648e+06
930.497	  9.16305e+06
930.784	  9.16129e+06
931.071	  9.15953e+06
931.358	  9.15777e+06
931.645	  9.15601e+06
931.932	  9.15424e+06
932.219	  9.15248e+06
932.506	  9.15071e+06
932.793	  9.14894e+06
933.08	  9.14717e+06
933.367	  9.1454e+06
933.654	  9.14362e+06
933.941	  9.14184e+06
934.228	  9.14006e+06
934.515	  9.13828e+06
934.802	  9.1365e+06
935.089	  9.13472e+06
935.376	  9.13293e+06
935.663	  9.13114e+06
935.95	  9.12935e+06
936.237	  9.12756e+06
936.524	  9.12577e+06
936.811	  9.12397e+06
937.098	  9.12218e+06
937.385	  9.12038e+06
937.672	  9.11858e+06
937.959	  9.11678e+06
938.246	  9.11497e+06
938.533	  9.11317e+06
938.82	  9.11136e+06
939.107	  9.10955e+06
939.394	  9.10774e+06
939.681	  9.10593e+06
939.968	  9.10411e+06
940.255	  9.10229e+06
940.542	  9.10048e+06
940.829	  9.09866e+06
941.116	  9.09684e+06
941.403	  9.09501e+06
941.69	  9.09319e+06
941.977	  9.09136e+06
942.264	  9.08953e+06
942.551	  9.0877e+06
942.838	  9.08587e+06
943.125	  9.08404e+06
943.412	  9.0822e+06
943.699	  9.08036e+06
943.986	  9.07852e+06
944.273	  9.07668e+06
944.56	  9.07484e+06
944.847	  9.073e+06
945.134	  9.07115e+06
945.421	  9.0693e+06
945.708	  9.06746e+06
945.995	  9.0656e+06
946.282	  9.06375e+06
946.569	  9.0619e+06
946.856	  9.06004e+06
947.143	  9.05818e+06
947.43	  9.05633e+06
947.717	  9.05446e+06
948.004	  9.0526e+06
948.291	  9.05074e+06
948.578	  9.04887e+06
948.865	  9.047e+06
949.152	  9.04514e+06
949.439	  9.04327e+06
949.726	  9.04139e+06
950.013	  9.03952e+06
950.3	  9.03764e+06
950.587	  9.03577e+06
950.874	  9.03389e+06
951.161	  9.03201e+06
951.448	  9.03012e+06
951.735	  9.02824e+06
952.022	  9.02635e+06
952.309	  9.02447e+06
952.596	  9.02258e+06
952.883	  9.02069e+06
953.17	  9.0188e+06
953.457	  9.0169e+06
953.744	  9.01501e+06
954.031	  9.01311e+06
954.318	  9.01121e+06
954.605	  9.00931e+06
954.892	  9.00741e+06
955.179	  9.00551e+06
955.466	  9.0036e+06
955.753	  9.0017e+06
956.04	  8.99979e+06
956.327	  8.99788e+06
956.614	  8.99597e+06
956.901	  8.99405e+06
957.188	  8.99214e+06
957.475	  8.99022e+06
957.762	  8.98831e+06
958.049	  8.98639e+06
958.336	  8.98447e+06
958.623	  8.98255e+06
958.91	  8.98062e+06
959.197	  8.9787e+06
959.484	  8.97677e+06
959.771	  8.97484e+06
960.058	  8.97291e+06
960.345	  8.97098e+06
960.632	  8.96905e+06
960.919	  8.96711e+06
961.206	  8.96518e+06
961.493	  8.96324e+06
961.78	  8.9613e+06
962.067	  8.95936e+06
962.354	  8.95742e+06
962.641	  8.95548e+06
962.928	  8.95353e+06
963.215	  8.95158e+06
963.502	  8.94964e+06
963.789	  8.94769e+06
964.076	  8.94574e+06
964.363	  8.94378e+06
964.65	  8.94183e+06
964.937	  8.93987e+06
965.224	  8.93792e+06
965.511	  8.93596e+06
965.798	  8.934e+06
966.085	  8.93204e+06
966.372	  8.93007e+06
966.659	  8.92811e+06
966.946	  8.92614e+06
967.233	  8.92418e+06
967.52	  8.92221e+06
967.807	  8.92024e+06
968.094	  8.91827e+06
968.381	  8.91629e+06
968.668	  8.91432e+06
968.955	  8.91234e+06
969.242	  8.91036e+06
969.529	  8.90838e+06
969.816	  8.9064e+06
970.103	  8.90442e+06
970.39	  8.90244e+06
970.677	  8.90045e+06
970.964	  8.89847e+06
971.251	  8.89648e+06
971.538	  8.89449e+06
971.825	  8.8925e+06
972.112	  8.89051e+06
972.399	  8.88852e+06
972.686	  8.88652e+06
972.973	  8.88453e+06
973.26	  8.88253e+06
973.547	  8.88053e+06
973.834	  8.87853e+06
974.121	  8.87653e+06
974.408	  8.87452e+06
974.695	  8.87252e+06
974.982	  8.87051e+06
975.269	  8.86851e+06
975.556	  8.8665e+06
975.843	  8.86449e+06
976.13	  8.86248e+06
976.417	  8.86046e+06
976.704	  8.85845e+06
976.991	  8.85644e+06
977.278	  8.85442e+06
977.565	  8.8524e+06
977.852	  8.85038e+06
978.139	  8.84836e+06
978.426	  8.84634e+06
978.713	  8.84431e+06
979	  8.84229e+06
979.287	  8.84026e+06
979.574	  8.83823e+06
979.861	  8.83621e+06
980.148	  8.83418e+06
980.435	  8.83214e+06
980.722	  8.83011e+06
981.009	  8.82808e+06
981.296	  8.82604e+06
981.583	  8.824e+06
981.87	  8.82197e+06
982.157	  8.81993e+06
982.444	  8.81788e+06
982.731	  8.81584e+06
983.018	  8.8138e+06
983.305	  8.81175e+06
983.592	  8.80971e+06
983.879	  8.80766e+06
984.166	  8.80561e+06
984.453	  8.80356e+06
984.74	  8.80151e+06
985.027	  8.79946e+06
985.314	  8.7974e+06
985.601	  8.79535e+06
985.888	  8.79329e+06
986.175	  8.79123e+06
986.462	  8.78917e+06
986.749	  8.78711e+06
987.036	  8.78505e+06
987.323	  8.78299e+06
987.61	  8.78093e+06
987.897	  8.77886e+06
988.184	  8.77679e+06
988.471	  8.77473e+06
988.758	  8.77266e+06
989.045	  8.77059e+06
989.332	  8.76851e+06
989.619	  8.76644e+06
989.906	  8.76437e+06
990.193	  8.76229e+06
990.48	  8.76021e+06
990.767	  8.75814e+06
991.054	  8.75606e+06
991.341	  8.75398e+06
991.628	  8.7519e+06
991.915	  8.74981e+06
992.202	  8.74773e+06
992.489	  8.74564e+06
992.776	  8.74356e+06
993.063	  8.74147e+06
993.35	  8.73938e+06
993.637	  8.73729e+06
993.924	  8.7352e+06
994.211	  8.73311e+06
994.498	  8.73101e+06
994.785	  8.72892e+06
995.072	  8.72682e+06
995.359	  8.72472e+06
995.646	  8.72263e+06
995.933	  8.72053e+06
996.22	  8.71842e+06
996.507	  8.71632e+06
996.794	  8.71422e+06
997.081	  8.71211e+06
997.368	  8.71001e+06
997.655	  8.7079e+06
997.942	  8.70579e+06
998.229	  8.70369e+06
998.516	  8.70157e+06
998.803	  8.69946e+06
999.09	  8.69735e+06
999.377	  8.69524e+06
999.664	  8.69312e+06
999.951	  8.69101e+06
1000.24	  8.68889e+06
1000.52	  8.68677e+06
1000.81	  8.68465e+06
1001.1	  8.68253e+06
1001.39	  8.68041e+06
1001.67	  8.67828e+06
1001.96	  8.67616e+06
1002.25	  8.67404e+06
1002.53	  8.67191e+06
1002.82	  8.66978e+06
1003.11	  8.66765e+06
1003.39	  8.66552e+06
1003.68	  8.66339e+06
1003.97	  8.66126e+06
1004.26	  8.65913e+06
1004.54	  8.65699e+06
1004.83	  8.65486e+06
1005.12	  8.65272e+06
1005.4	  8.65058e+06
1005.69	  8.64844e+06
1005.98	  8.64631e+06
1006.26	  8.64416e+06
1006.55	  8.64202e+06
1006.84	  8.63988e+06
1007.13	  8.63774e+06
1007.41	  8.63559e+06
1007.7	  8.63344e+06
1007.99	  8.6313e+06
1008.27	  8.62915e+06
1008.56	  8.627e+06
1008.85	  8.62485e+06
1009.13	  8.6227e+06
1009.42	  8.62054e+06
1009.71	  8.61839e+06
1010	  8.61623e+06
1010.28	  8.61408e+06
1010.57	  8.61192e+06
1010.86	  8.60976e+06
1011.14	  8.6076e+06
1011.43	  8.60544e+06
1011.72	  8.60328e+06
1012	  8.60112e+06
1012.29	  8.59896e+06
1012.58	  8.59679e+06
1012.87	  8.59463e+06
1013.15	  8.59246e+06
1013.44	  8.59029e+06
1013.73	  8.58813e+06
1014.01	  8.58596e+06
1014.3	  8.58379e+06
1014.59	  8.58161e+06
1014.88	  8.57944e+06
1015.16	  8.57727e+06
1015.45	  8.57509e+06
1015.74	  8.57292e+06
1016.02	  8.57074e+06
1016.31	  8.56856e+06
1016.6	  8.56638e+06
1016.88	  8.5642e+06
1017.17	  8.56202e+06
1017.46	  8.55984e+06
1017.75	  8.55766e+06
1018.03	  8.55548e+06
1018.32	  8.55329e+06
1018.61	  8.5511e+06
1018.89	  8.54892e+06
1019.18	  8.54673e+06
1019.47	  8.54454e+06
1019.98	  8.54067e+06
1021.08	  8.53226e+06
1022.17	  8.52384e+06
1023.27	  8.51541e+06
1024.38	  8.50696e+06
1025.47	  8.4985e+06
1026.58	  8.49003e+06
1027.67	  8.48154e+06
1028.78	  8.47304e+06
1029.88	  8.46453e+06
1030.97	  8.456e+06
1032.08	  8.44746e+06
1033.17	  8.43891e+06
1034.28	  8.43034e+06
1035.38	  8.42176e+06
1036.47	  8.41317e+06
1037.58	  8.40457e+06
1038.67	  8.39595e+06
1039.78	  8.38732e+06
1040.88	  8.37868e+06
1041.97	  8.37003e+06
1043.08	  8.36137e+06
1044.17	  8.35269e+06
1045.28	  8.344e+06
1046.38	  8.3353e+06
1047.47	  8.32659e+06
1048.58	  8.31787e+06
1049.67	  8.30914e+06
1050.78	  8.3004e+06
1051.88	  8.29165e+06
1052.97	  8.28288e+06
1054.08	  8.27411e+06
1055.17	  8.26532e+06
1056.28	  8.25653e+06
1057.38	  8.24772e+06
1058.47	  8.2389e+06
1059.58	  8.23008e+06
1060.67	  8.22124e+06
1061.78	  8.2124e+06
1062.88	  8.20354e+06
1063.97	  8.19468e+06
1065.08	  8.1858e+06
1066.17	  8.17692e+06
1067.28	  8.16803e+06
1068.38	  8.15912e+06
1069.47	  8.15021e+06
1070.58	  8.14129e+06
1071.67	  8.13237e+06
1072.78	  8.12343e+06
1073.88	  8.11448e+06
1074.97	  8.10553e+06
1076.08	  8.09657e+06
1077.17	  8.0876e+06
1078.28	  8.07862e+06
1079.38	  8.06963e+06
1080.47	  8.06064e+06
1081.58	  8.05164e+06
1082.67	  8.04263e+06
1083.78	  8.03361e+06
1084.88	  8.02458e+06
1085.97	  8.01555e+06
1087.08	  8.00651e+06
1088.17	  7.99747e+06
1089.28	  7.98841e+06
1090.38	  7.97935e+06
1091.47	  7.97029e+06
1092.58	  7.96121e+06
1093.67	  7.95213e+06
1094.78	  7.94304e+06
1095.88	  7.93395e+06
1096.97	  7.92485e+06
1098.08	  7.91575e+06
1099.17	  7.90663e+06
1100.28	  7.89751e+06
1101.38	  7.88839e+06
1102.47	  7.87926e+06
1103.58	  7.87012e+06
1104.67	  7.86098e+06
1105.78	  7.85184e+06
1106.88	  7.84268e+06
1107.97	  7.83353e+06
1109.08	  7.82436e+06
1110.17	  7.81519e+06
1111.28	  7.80602e+06
1112.38	  7.79684e+06
1113.47	  7.78766e+06
1114.58	  7.77847e+06
1115.67	  7.76928e+06
1116.78	  7.76008e+06
1117.88	  7.75088e+06
1118.97	  7.74167e+06
1120.08	  7.73246e+06
1121.17	  7.72325e+06
1122.28	  7.71403e+06
1123.38	  7.7048e+06
1124.47	  7.69558e+06
1125.58	  7.68635e+06
1126.67	  7.67711e+06
1127.78	  7.66787e+06
1128.88	  7.65863e+06
1129.97	  7.64938e+06
1131.08	  7.64014e+06
1132.17	  7.63088e+06
1133.28	  7.62163e+06
1134.38	  7.61237e+06
1135.47	  7.6031e+06
1136.58	  7.59384e+06
1137.67	  7.58457e+06
1138.78	  7.5753e+06
1139.88	  7.56603e+06
1140.97	  7.55675e+06
1142.08	  7.54747e+06
1143.17	  7.53819e+06
1144.28	  7.5289e+06
1145.38	  7.51962e+06
1146.47	  7.51033e+06
1147.58	  7.50104e+06
1148.67	  7.49174e+06
1149.78	  7.48245e+06
1150.88	  7.47315e+06
1151.97	  7.46385e+06
1153.08	  7.45455e+06
1154.17	  7.44524e+06
1155.28	  7.43594e+06
1156.38	  7.42663e+06
1157.47	  7.41732e+06
1158.58	  7.40801e+06
1159.67	  7.3987e+06
1160.78	  7.38939e+06
1161.88	  7.38008e+06
1162.97	  7.37076e+06
1164.08	  7.36145e+06
1165.17	  7.35213e+06
1166.28	  7.34281e+06
1167.38	  7.3335e+06
1168.47	  7.32418e+06
1169.58	  7.31486e+06
1170.67	  7.30553e+06
1171.78	  7.29621e+06
1172.88	  7.28689e+06
1173.97	  7.27757e+06
1175.08	  7.26825e+06
1176.17	  7.25892e+06
1177.28	  7.2496e+06
1178.38	  7.24028e+06
1179.47	  7.23095e+06
1180.58	  7.22163e+06
1181.67	  7.21231e+06
1182.78	  7.20298e+06
1183.88	  7.19366e+06
1184.97	  7.18434e+06
1186.08	  7.17502e+06
1187.17	  7.16569e+06
1188.28	  7.15637e+06
1189.38	  7.14705e+06
1190.47	  7.13773e+06
1191.58	  7.12841e+06
1192.67	  7.11909e+06
1193.78	  7.10977e+06
1194.88	  7.10046e+06
1195.97	  7.09114e+06
1197.08	  7.08182e+06
1198.17	  7.07251e+06
1199.28	  7.06319e+06
1200.38	  7.05388e+06
1201.47	  7.04457e+06
1202.58	  7.03526e+06
1203.67	  7.02595e+06
1204.78	  7.01665e+06
1205.88	  7.00734e+06
1206.97	  6.99804e+06
1208.08	  6.98873e+06
1209.17	  6.97943e+06
1210.28	  6.97013e+06
1211.38	  6.96083e+06
1212.47	  6.95154e+06
1213.58	  6.94224e+06
1214.67	  6.93295e+06
1215.78	  6.92366e+06
1216.88	  6.91437e+06
1217.97	  6.90509e+06
1219.08	  6.89581e+06
1220.17	  6.88652e+06
1221.28	  6.87724e+06
1222.38	  6.86797e+06
1223.47	  6.85869e+06
1224.58	  6.84942e+06
1225.67	  6.84015e+06
1226.78	  6.83088e+06
1227.88	  6.82162e+06
1228.97	  6.81236e+06
1230.08	  6.8031e+06
1231.17	  6.79384e+06
1232.28	  6.78459e+06
1233.38	  6.77534e+06
1234.47	  6.76609e+06
1235.58	  6.75685e+06
1236.67	  6.74761e+06
1237.78	  6.73837e+06
1238.88	  6.72913e+06
1239.97	  6.7199e+06
1241.08	  6.71067e+06
1242.17	  6.70144e+06
1243.28	  6.69222e+06
1244.38	  6.683e+06
1245.47	  6.67379e+06
1246.58	  6.66458e+06
1247.67	  6.65537e+06
1248.78	  6.64616e+06
1249.88	  6.63696e+06
1250.97	  6.62776e+06
1252.08	  6.61857e+06
1253.17	  6.60938e+06
1254.28	  6.60019e+06
1255.38	  6.59101e+06
1256.47	  6.58183e+06
1257.58	  6.57266e+06
1258.67	  6.56349e+06
1259.78	  6.55432e+06
1260.88	  6.54516e+06
1261.97	  6.536e+06
1263.08	  6.52684e+06
1264.17	  6.51769e+06
1265.28	  6.50855e+06
1266.38	  6.49941e+06
1267.47	  6.49027e+06
1268.58	  6.48114e+06
1269.67	  6.47201e+06
1270.78	  6.46289e+06
1271.88	  6.45377e+06
1272.97	  6.44465e+06
1274.08	  6.43554e+06
1275.17	  6.42644e+06
1276.28	  6.41734e+06
1277.38	  6.40824e+06
1278.47	  6.39915e+06
1279.58	  6.39007e+06
1280.67	  6.38098e+06
1281.78	  6.37191e+06
1282.88	  6.36284e+06
1283.97	  6.35377e+06
1285.08	  6.34471e+06
1286.17	  6.33565e+06
1287.28	  6.3266e+06
1288.38	  6.31756e+06
1289.47	  6.30852e+06
1290.58	  6.29948e+06
1291.67	  6.29045e+06
1292.78	  6.28143e+06
1293.88	  6.27241e+06
1294.97	  6.26339e+06
1296.08	  6.25438e+06
1297.17	  6.24538e+06
1298.28	  6.23638e+06
1299.38	  6.22739e+06
1300.47	  6.2184e+06
1301.58	  6.20942e+06
1302.67	  6.20045e+06
1303.78	  6.19148e+06
1304.88	  6.18251e+06
1305.97	  6.17356e+06
1307.08	  6.1646e+06
1308.17	  6.15566e+06
1309.28	  6.14672e+06
1310.38	  6.13778e+06
1311.47	  6.12885e+06
1312.58	  6.11993e+06
1313.67	  6.11101e+06
1314.78	  6.1021e+06
1315.88	  6.0932e+06
1316.97	  6.0843e+06
1318.08	  6.07541e+06
1319.17	  6.06652e+06
1320.28	  6.05764e+06
1321.38	  6.04877e+06
1322.47	  6.0399e+06
1323.58	  6.03104e+06
1324.67	  6.02218e+06
1325.78	  6.01333e+06
1326.88	  6.00449e+06
1327.97	  5.99565e+06
1329.08	  5.98683e+06
1330.17	  5.978e+06
1331.28	  5.96919e+06
1332.38	  5.96038e+06
1333.47	  5.95157e+06
1334.58	  5.94278e+06
1335.67	  5.93399e+06
1336.78	  5.9252e+06
1337.88	  5.91643e+06
1338.97	  5.90766e+06
1340.08	  5.89889e+06
1341.17	  5.89014e+06
1342.28	  5.88139e+06
1343.38	  5.87264e+06
1344.47	  5.86391e+06
1345.58	  5.85518e+06
1346.67	  5.84646e+06
1347.78	  5.83774e+06
1348.88	  5.82903e+06
1349.97	  5.82033e+06
1351.08	  5.81164e+06
1352.17	  5.80295e+06
1353.28	  5.79427e+06
1354.38	  5.7856e+06
1355.47	  5.77693e+06
1356.58	  5.76827e+06
1357.67	  5.75962e+06
1358.78	  5.75098e+06
1359.88	  5.74234e+06
1360.97	  5.73371e+06
1362.08	  5.72509e+06
1363.17	  5.71647e+06
1364.28	  5.70787e+06
1365.38	  5.69926e+06
1366.47	  5.69067e+06
1367.58	  5.68209e+06
1368.67	  5.67351e+06
1369.78	  5.66494e+06
1370.88	  5.65637e+06
1371.97	  5.64782e+06
1373.08	  5.63927e+06
1374.17	  5.63073e+06
1375.28	  5.6222e+06
1376.38	  5.61367e+06
1377.47	  5.60515e+06
1378.58	  5.59664e+06
1379.67	  5.58814e+06
1380.78	  5.57964e+06
1381.88	  5.57116e+06
1382.97	  5.56268e+06
1384.08	  5.55421e+06
1385.17	  5.54574e+06
1386.28	  5.53729e+06
1387.38	  5.52884e+06
1388.47	  5.5204e+06
1389.58	  5.51196e+06
1390.67	  5.50354e+06
1391.78	  5.49512e+06
1392.88	  5.48671e+06
1393.97	  5.47831e+06
1395.08	  5.46992e+06
1396.17	  5.46153e+06
1397.28	  5.45316e+06
1398.38	  5.44479e+06
1399.47	  5.43643e+06
1400.58	  5.42807e+06
1401.67	  5.41973e+06
1402.78	  5.41139e+06
1403.88	  5.40306e+06
1404.97	  5.39474e+06
1406.08	  5.38643e+06
1407.17	  5.37812e+06
1408.28	  5.36983e+06
1409.38	  5.36154e+06
1410.47	  5.35326e+06
1411.58	  5.34499e+06
1412.67	  5.33673e+06
1413.78	  5.32847e+06
1414.88	  5.32022e+06
1415.97	  5.31198e+06
1417.08	  5.30375e+06
1418.17	  5.29553e+06
1419.28	  5.28732e+06
1420.38	  5.27911e+06
1421.47	  5.27092e+06
1422.58	  5.26273e+06
1423.67	  5.25455e+06
1424.78	  5.24638e+06
1425.88	  5.23821e+06
1426.97	  5.23006e+06
1428.08	  5.22191e+06
1429.17	  5.21378e+06
1430.28	  5.20565e+06
1431.38	  5.19753e+06
1432.47	  5.18941e+06
1433.58	  5.18131e+06
1434.67	  5.17321e+06
1435.78	  5.16513e+06
1436.88	  5.15705e+06
1437.97	  5.14898e+06
1439.08	  5.14092e+06
1440.17	  5.13287e+06
1441.28	  5.12482e+06
1442.38	  5.11679e+06
1443.47	  5.10876e+06
1444.58	  5.10075e+06
1445.67	  5.09274e+06
1446.78	  5.08474e+06
1447.88	  5.07675e+06
1448.97	  5.06876e+06
1450.08	  5.06079e+06
1451.17	  5.05282e+06
1452.28	  5.04487e+06
1453.38	  5.03692e+06
1454.47	  5.02898e+06
1455.58	  5.02105e+06
1456.67	  5.01313e+06
1457.78	  5.00522e+06
1458.88	  3.63442e+06
1459.97	  3.63003e+06
1461.08	  3.62565e+06
1462.17	  3.62126e+06
1463.28	  3.61689e+06
1464.38	  3.61251e+06
1465.47	  3.60814e+06
1466.58	  3.60377e+06
1467.67	  3.5994e+06
1468.78	  3.59504e+06
1469.88	  3.59067e+06
1470.97	  3.58632e+06
1472.08	  3.58196e+06
1473.17	  3.57761e+06
1474.28	  3.57326e+06
1475.38	  3.56891e+06
1476.47	  3.56457e+06
1477.58	  3.56023e+06
1478.67	  3.55589e+06
1479.78	  3.55156e+06
1480.88	  3.54722e+06
1481.97	  3.54289e+06
1483.08	  3.53857e+06
1484.17	  3.53425e+06
1485.28	  3.52993e+06
1486.38	  3.52561e+06
1487.47	  3.5213e+06
1488.58	  3.51699e+06
1489.67	  3.51268e+06
1490.78	  3.50837e+06
1491.88	  3.50407e+06
1492.97	  3.49977e+06
1494.08	  3.49548e+06
1495.17	  3.49119e+06
1496.28	  3.4869e+06
1497.38	  3.48261e+06
1498.47	  3.47833e+06
1499.58	  3.47405e+06
1500.67	  3.46977e+06
1501.78	  3.4655e+06
1502.88	  3.46123e+06
1503.97	  3.45696e+06
1505.08	  3.4527e+06
1506.17	  3.44844e+06
1507.28	  3.44418e+06
1508.38	  3.43993e+06
1509.47	  3.43568e+06
1510.58	  3.43143e+06
1511.67	  3.42718e+06
1512.78	  3.42294e+06
1513.88	  3.4187e+06
1514.97	  3.41447e+06
1516.08	  3.41024e+06
1517.17	  3.40601e+06
1518.28	  3.40178e+06
1519.38	  3.39756e+06
1520.47	  3.39334e+06
1521.58	  3.38913e+06
1522.67	  3.38491e+06
1523.78	  3.3807e+06
1524.88	  3.3765e+06
1525.97	  3.3723e+06
1527.08	  3.3681e+06
1528.17	  3.3639e+06
1529.28	  3.35971e+06
1530.38	  3.35552e+06
1531.47	  3.35133e+06
1532.58	  3.34715e+06
1533.67	  3.34297e+06
1534.78	  3.33879e+06
1535.88	  3.33462e+06
1536.97	  3.33045e+06
1538.08	  3.32629e+06
1539.17	  3.32212e+06
1540.28	  3.31796e+06
1541.38	  3.31381e+06
1542.47	  3.30966e+06
1543.58	  3.30551e+06
1544.67	  3.30136e+06
1545.78	  3.29722e+06
1546.88	  3.29308e+06
1547.97	  3.28894e+06
1549.08	  3.28481e+06
1550.17	  3.28068e+06
1551.28	  3.27656e+06
1552.38	  3.27244e+06
1553.47	  3.26832e+06
1554.58	  3.2642e+06
1555.67	  3.26009e+06
1556.78	  3.25598e+06
1557.88	  3.25188e+06
1558.97	  3.24778e+06
1560.08	  3.24368e+06
1561.17	  3.23958e+06
1562.28	  3.23549e+06
1563.38	  3.23141e+06
1564.47	  3.22732e+06
1565.58	  3.22324e+06
1566.67	  3.21917e+06
1567.78	  3.21509e+06
1568.88	  3.21102e+06
1569.97	  3.20696e+06
1571.08	  3.20289e+06
1572.17	  3.19883e+06
1573.28	  3.19478e+06
1574.38	  3.19073e+06
1575.47	  3.18668e+06
1576.58	  3.18263e+06
1577.67	  3.17859e+06
1578.78	  3.17455e+06
1579.88	  3.17052e+06
1580.97	  3.16649e+06
1582.08	  3.16246e+06
1583.17	  3.15843e+06
1584.28	  3.15441e+06
1585.38	  3.1504e+06
1586.47	  3.14638e+06
1587.58	  3.14238e+06
1588.67	  3.13837e+06
1589.78	  3.13437e+06
1590.88	  3.13037e+06
1591.97	  3.12637e+06
1593.08	  3.12238e+06
1594.17	  3.11839e+06
1595.28	  3.11441e+06
1596.38	  3.11043e+06
1597.47	  3.10645e+06
1598.58	  3.10248e+06
1599.67	  3.09851e+06
1600.78	  3.09454e+06
1601.88	  3.09058e+06
1602.97	  3.08662e+06
1604.08	  3.08267e+06
1605.17	  3.07872e+06
1606.28	  3.07477e+06
1607.38	  3.07082e+06
1608.47	  3.06688e+06
1609.58	  3.06295e+06
1610.67	  3.05901e+06
1611.78	  3.05508e+06
1612.88	  3.05116e+06
1613.97	  3.04724e+06
1615.08	  3.04332e+06
1616.17	  3.03941e+06
1617.28	  3.03549e+06
1618.38	  3.03159e+06
1619.47	  3.02769e+06
1620.58	  3.02379e+06
1621.67	  3.01989e+06
1622.78	  3.016e+06
1623.88	  3.01211e+06
1624.97	  3.00823e+06
1626.08	  3.00435e+06
1627.17	  3.00047e+06
1628.28	  2.9966e+06
1629.38	  2.99273e+06
1630.47	  2.98887e+06
1631.58	  2.985e+06
1632.67	  2.98115e+06
1633.78	  2.9773e+06
1634.88	  2.97345e+06
1635.97	  2.9696e+06
1637.08	  2.96576e+06
1638.17	  2.96192e+06
1639.28	  2.95809e+06
1640.38	  2.95426e+06
1641.47	  2.95044e+06
1642.58	  2.94662e+06
1643.67	  2.94281e+06
1644.78	  2.939e+06
1645.88	  2.93519e+06
1646.97	  2.93139e+06
1648.08	  2.92759e+06
1649.17	  2.92379e+06
1650.28	  2.92e+06
1651.38	  2.91621e+06
1652.47	  2.91243e+06
1653.58	  2.90864e+06
1654.67	  2.90486e+06
1655.78	  2.90109e+06
1656.88	  2.89732e+06
1657.97	  2.89355e+06
1659.08	  2.88978e+06
1660.17	  2.88602e+06
1661.28	  2.88226e+06
1662.38	  2.87851e+06
1663.47	  2.87475e+06
1664.58	  2.87101e+06
1665.67	  2.86726e+06
1666.78	  2.86352e+06
1667.88	  2.85978e+06
1668.97	  2.85605e+06
1670.08	  2.85232e+06
1671.17	  2.84859e+06
1672.28	  2.84487e+06
1673.38	  2.84115e+06
1674.47	  2.83743e+06
1675.58	  2.83371e+06
1676.67	  2.83e+06
1677.78	  2.8263e+06
1678.88	  2.8226e+06
1679.97	  2.8189e+06
1681.08	  2.8152e+06
1682.17	  2.81151e+06
1683.28	  2.80782e+06
1684.38	  2.80413e+06
1685.47	  2.80045e+06
1686.58	  2.79677e+06
1687.67	  2.7931e+06
1688.78	  2.78943e+06
1689.88	  2.78576e+06
1690.97	  2.7821e+06
1692.08	  2.77843e+06
1693.17	  2.77478e+06
1694.28	  2.77112e+06
1695.38	  2.76747e+06
1696.47	  2.76383e+06
1697.58	  2.76018e+06
1698.67	  2.75654e+06
1699.78	  2.75291e+06
1700.88	  2.74928e+06
1701.97	  2.74565e+06
1703.08	  2.74202e+06
1704.17	  2.7384e+06
1705.28	  2.73478e+06
1706.38	  2.73117e+06
1707.47	  2.72756e+06
1708.58	  2.72395e+06
1709.67	  2.72035e+06
1710.78	  2.71674e+06
1711.88	  2.71315e+06
1712.97	  2.70955e+06
1714.08	  2.70597e+06
1715.17	  2.70238e+06
1716.28	  2.6988e+06
1717.38	  2.69522e+06
1718.47	  2.69164e+06
1719.58	  2.68807e+06
1720.67	  2.6845e+06
1721.78	  2.68094e+06
1722.88	  2.67738e+06
1723.97	  2.67382e+06
1725.08	  2.67027e+06
1726.17	  2.66672e+06
1727.28	  2.66317e+06
1728.38	  2.65963e+06
1729.47	  2.65609e+06
1730.58	  2.65255e+06
1731.67	  2.64902e+06
1732.78	  2.64549e+06
1733.88	  2.64197e+06
1734.97	  2.63844e+06
1736.08	  2.63493e+06
1737.17	  2.63141e+06
1738.28	  2.6279e+06
1739.38	  2.62439e+06
1740.47	  2.62089e+06
1741.58	  2.61739e+06
1742.67	  2.6139e+06
1743.78	  2.6104e+06
1744.88	  2.60691e+06
1745.97	  2.60343e+06
1747.08	  2.59995e+06
1748.17	  2.59647e+06
1749.28	  2.593e+06
1750.38	  2.58952e+06
1751.47	  2.58606e+06
1752.58	  2.58259e+06
1753.67	  2.57913e+06
1754.78	  2.57568e+06
1755.88	  2.57223e+06
1756.97	  2.56878e+06
1758.08	  2.56533e+06
1759.17	  2.56189e+06
1760.28	  2.55845e+06
1761.38	  2.55502e+06
1762.47	  2.55159e+06
1763.58	  2.54816e+06
1764.67	  2.54474e+06
1765.78	  2.54132e+06
1766.88	  2.5379e+06
1767.97	  2.53449e+06
1769.08	  2.53108e+06
1770.17	  2.52767e+06
1771.28	  2.52427e+06
1772.38	  2.52087e+06
1773.47	  2.51748e+06
1774.58	  2.51409e+06
1775.67	  2.5107e+06
1776.78	  2.50732e+06
1777.88	  2.50394e+06
1778.97	  2.50056e+06
1780.08	  2.49719e+06
1781.17	  2.49382e+06
1782.28	  2.49045e+06
1783.38	  2.48709e+06
1784.47	  2.48373e+06
1785.58	  2.48038e+06
1786.67	  2.47703e+06
1787.78	  2.47368e+06
1788.88	  2.47034e+06
1789.97	  2.467e+06
1791.08	  2.46366e+06
1792.17	  2.46033e+06
1793.28	  2.457e+06
1794.38	  2.45368e+06
1795.47	  2.45035e+06
1796.58	  2.44704e+06
1797.67	  2.44372e+06
1798.78	  2.44041e+06
1799.88	  2.4371e+06
1800.97	  2.4338e+06
1802.08	  2.4305e+06
1803.17	  2.42721e+06
1804.28	  2.42391e+06
1805.38	  2.42062e+06
1806.47	  2.41734e+06
1807.58	  2.41406e+06
1808.67	  2.41078e+06
1809.78	  2.40751e+06
1810.88	  2.40424e+06
1811.97	  2.40097e+06
1813.08	  2.39771e+06
1814.17	  2.39445e+06
1815.28	  2.39119e+06
1816.38	  2.38794e+06
1817.47	  2.38469e+06
1818.58	  2.38144e+06
1819.67	  2.3782e+06
1820.78	  2.37497e+06
1821.88	  2.37173e+06
1822.97	  2.3685e+06
1824.08	  2.36527e+06
1825.17	  2.36205e+06
1826.28	  2.35883e+06
1827.38	  2.35562e+06
1828.47	  2.3524e+06
1829.58	  2.3492e+06
1830.67	  2.34599e+06
1831.78	  2.34279e+06
1832.88	  2.33959e+06
1833.97	  2.3364e+06
1835.08	  2.33321e+06
1836.17	  2.33002e+06
1837.28	  2.32684e+06
1838.38	  2.32366e+06
1839.47	  2.32048e+06
1840.58	  2.31731e+06
1841.67	  2.31414e+06
1842.78	  2.31098e+06
1843.88	  2.30782e+06
1844.97	  2.30466e+06
1846.08	  2.3015e+06
1847.17	  2.29835e+06
1848.28	  2.29521e+06
1849.38	  2.29206e+06
1850.47	  2.28893e+06
1851.58	  2.28579e+06
1852.67	  2.28266e+06
1853.78	  2.27953e+06
1854.88	  2.2764e+06
1855.97	  2.27328e+06
1857.08	  2.27017e+06
1858.17	  2.26705e+06
1859.28	  2.26394e+06
1860.38	  2.26083e+06
1861.47	  2.25773e+06
1862.58	  2.25463e+06
1863.67	  2.25154e+06
1864.78	  2.24844e+06
1865.88	  2.24536e+06
1866.97	  2.24227e+06
1868.08	  2.23919e+06
1869.17	  2.23611e+06
1870.28	  2.23304e+06
1871.38	  2.22997e+06
1872.47	  2.2269e+06
1873.58	  2.22384e+06
1874.67	  2.22078e+06
1875.78	  2.21772e+06
1876.88	  2.21467e+06
1877.97	  2.21162e+06
1879.08	  2.20857e+06
1880.17	  2.20553e+06
1881.28	  2.2025e+06
1882.38	  2.19946e+06
1883.47	  2.19643e+06
1884.58	  2.1934e+06
1885.67	  2.19038e+06
1886.78	  2.18736e+06
1887.88	  2.18434e+06
1888.97	  2.18133e+06
1890.08	  2.17832e+06
1891.17	  2.17532e+06
1892.28	  2.17231e+06
1893.38	  2.16932e+06
1894.47	  2.16632e+06
1895.58	  2.16333e+06
1896.67	  2.16034e+06
1897.78	  2.15736e+06
1898.88	  2.15438e+06
1899.97	  2.1514e+06
1901.08	  2.14843e+06
1902.17	  2.14546e+06
1903.28	  2.14249e+06
1904.38	  2.13953e+06
1905.47	  2.13657e+06
1906.58	  2.13361e+06
1907.67	  2.13066e+06
1908.78	  2.12771e+06
1909.88	  2.12477e+06
1910.97	  2.12183e+06
1912.08	  2.11889e+06
1913.17	  2.11596e+06
1914.28	  2.11303e+06
1915.38	  2.1101e+06
1916.47	  2.10718e+06
1917.58	  2.10426e+06
1918.67	  2.10134e+06
1919.78	  2.09843e+06
1920.88	  2.09552e+06
1921.97	  2.09261e+06
1923.08	  2.08971e+06
1924.17	  2.08681e+06
1925.28	  2.08392e+06
1926.38	  2.08103e+06
1927.47	  2.07814e+06
1928.58	  2.07526e+06
1929.67	  2.07238e+06
1930.78	  2.0695e+06
1931.88	  2.06663e+06
1932.97	  2.06376e+06
1934.08	  2.06089e+06
1935.17	  2.05803e+06
1936.28	  2.05517e+06
1937.38	  2.05231e+06
1938.47	  2.04946e+06
1939.58	  2.04661e+06
1940.67	  2.04377e+06
1941.78	  2.04092e+06
1942.88	  2.03809e+06
1943.97	  2.03525e+06
1945.08	  2.03242e+06
1946.17	  2.02959e+06
1947.28	  2.02677e+06
1948.38	  2.02395e+06
1949.47	  2.02113e+06
1950.58	  2.01832e+06
1951.67	  2.01551e+06
1952.78	  2.0127e+06
1953.88	  2.0099e+06
1954.97	  2.0071e+06
1956.08	  2.0043e+06
1957.17	  2.00151e+06
1958.28	  1.99872e+06
1959.38	  1.99594e+06
1960.47	  1.99315e+06
1961.58	  1.99038e+06
1962.67	  1.9876e+06
1963.78	  1.98483e+06
1964.88	  1.98206e+06
1965.97	  1.9793e+06
1967.08	  1.97654e+06
1968.17	  1.97378e+06
1969.28	  1.97102e+06
1970.38	  1.96827e+06
1971.47	  1.96553e+06
1972.58	  1.96278e+06
1973.67	  1.96004e+06
1974.78	  1.95731e+06
1975.88	  1.95457e+06
1976.97	  1.95184e+06
1978.08	  1.94912e+06
1979.17	  1.94639e+06
1980.28	  1.94367e+06
1981.38	  1.94096e+06
1982.47	  1.93825e+06
1983.58	  1.93554e+06
1984.67	  1.93283e+06
1985.78	  1.93013e+06
1986.88	  1.92743e+06
1987.97	  1.92474e+06
1989.08	  1.92204e+06
1990.17	  1.91936e+06
1991.28	  1.91667e+06
1992.38	  1.91399e+06
1993.47	  1.91131e+06
1994.58	  1.90864e+06
1995.67	  1.90596e+06
1996.78	  1.9033e+06
1997.88	  1.90063e+06
1998.97	  1.89797e+06
2000.08	  1.89531e+06
2001.17	  1.89266e+06
2002.28	  1.89001e+06
2003.38	  1.88736e+06
2004.47	  1.88472e+06
2005.58	  1.88208e+06
2006.67	  1.87944e+06
2007.78	  1.87681e+06
2008.88	  1.87418e+06
2009.97	  1.87155e+06
2011.08	  1.86893e+06
2012.17	  1.86631e+06
2013.28	  1.86369e+06
2014.38	  1.86108e+06
2015.47	  1.85847e+06
2016.58	  1.85586e+06
2017.67	  1.85326e+06
2018.78	  1.85066e+06
2019.88	  1.84806e+06
2020.97	  1.84547e+06
2022.08	  1.84288e+06
2023.18	  1.84029e+06
2024.28	  1.83771e+06
2025.38	  1.83513e+06
2026.47	  1.83256e+06
2027.58	  1.82998e+06
2028.68	  1.82741e+06
2029.78	  1.82485e+06
2030.88	  1.82228e+06
2031.97	  1.81973e+06
2033.08	  1.81717e+06
2034.18	  1.81462e+06
2035.28	  1.81207e+06
2036.38	  1.80952e+06
2037.47	  1.80698e+06
2038.58	  1.80444e+06
2039.68	  1.8019e+06
2040.78	  1.79937e+06
2041.88	  1.79684e+06
2042.97	  1.79432e+06
2044.08	  1.79179e+06
2045.18	  1.78927e+06
2046.28	  1.78676e+06
2047.38	  1.78425e+06
2048.47	  1.78174e+06
2049.57	  1.77923e+06
2050.68	  1.77673e+06
2051.78	  1.77423e+06
2052.88	  1.77173e+06
2053.97	  1.76924e+06
2055.07	  1.76675e+06
2056.18	  1.76426e+06
2057.28	  1.76178e+06
2058.38	  1.7593e+06
2059.47	  1.75682e+06
2060.57	  1.75435e+06
2061.68	  1.75188e+06
2062.78	  1.74942e+06
2063.88	  1.74695e+06
2064.97	  1.74449e+06
2066.07	  1.74204e+06
2067.18	  1.73958e+06
2068.28	  1.73713e+06
2069.38	  1.73469e+06
2070.47	  1.73224e+06
2071.57	  1.7298e+06
2072.68	  1.72736e+06
2073.78	  1.72493e+06
2074.88	  1.7225e+06
2075.97	  1.72007e+06
2077.07	  1.71765e+06
2078.18	  1.71523e+06
2079.28	  1.71281e+06
2080.38	  1.7104e+06
2081.47	  1.70799e+06
2082.57	  1.70558e+06
2083.68	  1.70317e+06
2084.78	  1.70077e+06
2085.88	  1.69837e+06
2086.97	  1.69598e+06
2088.07	  1.69359e+06
2089.18	  1.6912e+06
2090.28	  1.68881e+06
2091.38	  1.68643e+06
2092.47	  1.68405e+06
2093.57	  1.68168e+06
2094.68	  1.6793e+06
2095.78	  1.67693e+06
2096.88	  1.67457e+06
2097.97	  1.67221e+06
2099.07	  1.66985e+06
2100.18	  1.66749e+06
2101.28	  1.66514e+06
2102.38	  1.66279e+06
2103.47	  1.66044e+06
2104.57	  1.6581e+06
2105.68	  1.65575e+06
2106.78	  1.65342e+06
2107.88	  1.65108e+06
2108.97	  1.64875e+06
2110.07	  1.64642e+06
2111.18	  1.6441e+06
2112.28	  1.64178e+06
2113.38	  1.63946e+06
2114.47	  1.63714e+06
2115.57	  1.63483e+06
2116.68	  1.63252e+06
2117.78	  1.63022e+06
2118.88	  1.62791e+06
2119.97	  1.62562e+06
2121.07	  1.62332e+06
2122.18	  1.62103e+06
2123.28	  1.61874e+06
2124.38	  1.61645e+06
2125.47	  1.61416e+06
2126.57	  1.61188e+06
2127.68	  1.60961e+06
2128.78	  1.60733e+06
2129.88	  1.60506e+06
2130.97	  1.60279e+06
2132.07	  1.60053e+06
2133.18	  1.59826e+06
2134.28	  1.59601e+06
2135.38	  1.59375e+06
2136.47	  1.5915e+06
2137.57	  1.58925e+06
2138.68	  1.587e+06
2139.78	  1.58476e+06
2140.88	  1.58252e+06
2141.97	  1.58028e+06
2143.07	  1.57804e+06
2144.18	  1.57581e+06
2145.28	  1.57359e+06
2146.38	  1.57136e+06
2147.47	  1.56914e+06
2148.57	  1.56692e+06
2149.68	  1.5647e+06
2150.78	  1.56249e+06
2151.88	  1.56028e+06
2152.97	  1.55807e+06
2154.07	  1.55587e+06
2155.18	  1.55367e+06
2156.28	  1.55147e+06
2157.38	  1.54928e+06
2158.47	  1.54709e+06
2159.57	  1.5449e+06
2160.68	  1.54271e+06
2161.78	  1.54053e+06
2162.88	  1.53835e+06
2163.97	  1.53617e+06
2165.07	  1.534e+06
2166.18	  1.53183e+06
2167.28	  1.52966e+06
2168.38	  1.5275e+06
2169.47	  1.52534e+06
2170.57	  1.52318e+06
2171.68	  1.52102e+06
2172.78	  1.51887e+06
2173.88	  1.51672e+06
2174.97	  1.51458e+06
2176.07	  1.51243e+06
2177.18	  1.51029e+06
2178.28	  1.50816e+06
2179.38	  1.50602e+06
2180.47	  1.50389e+06
2181.57	  1.50176e+06
2182.68	  1.49964e+06
2183.78	  1.49751e+06
2184.88	  1.49539e+06
2185.97	  1.49328e+06
2187.07	  1.49116e+06
2188.18	  1.48905e+06
2189.28	  1.48695e+06
2190.38	  1.48484e+06
2191.47	  1.48274e+06
2192.57	  1.48064e+06
2193.68	  1.47855e+06
2194.78	  1.47645e+06
2195.88	  1.47436e+06
2196.97	  1.47228e+06
2198.07	  1.47019e+06
2199.18	  1.46811e+06
2200.28	  1.46603e+06
2201.38	  1.46396e+06
2202.47	  1.46188e+06
2203.57	  1.45981e+06
2204.68	  1.45775e+06
2205.78	  1.45568e+06
2206.88	  1.45362e+06
2207.97	  1.45157e+06
2209.07	  1.44951e+06
2210.18	  1.44746e+06
2211.28	  1.44541e+06
2212.38	  1.44336e+06
2213.47	  1.44132e+06
2214.57	  1.43928e+06
2215.68	  1.43724e+06
2216.78	  1.43521e+06
2217.88	  1.43318e+06
2218.97	  1.43115e+06
2220.07	  1.42912e+06
2221.18	  1.4271e+06
2222.28	  1.42508e+06
2223.38	  1.42306e+06
2224.47	  1.42104e+06
2225.57	  1.41903e+06
2226.68	  1.41702e+06
2227.78	  1.41502e+06
2228.88	  1.41301e+06
2229.97	  1.41101e+06
2231.07	  1.40902e+06
2232.18	  1.40702e+06
2233.28	  1.40503e+06
2234.38	  1.40304e+06
2235.47	  1.40105e+06
2236.57	  1.39907e+06
2237.68	  1.39709e+06
2238.78	  1.39511e+06
2239.88	  1.39314e+06
2240.97	  1.39116e+06
2242.07	  1.3892e+06
2243.18	  1.38723e+06
2244.28	  1.38526e+06
2245.38	  1.3833e+06
2246.47	  1.38135e+06
2247.57	  1.37939e+06
2248.68	  1.37744e+06
2249.78	  1.37549e+06
2250.88	  1.37354e+06
2251.97	  1.3716e+06
2253.07	  1.36966e+06
2254.18	  1.36772e+06
2255.28	  1.36578e+06
2256.38	  1.36385e+06
2257.47	  1.36192e+06
2258.57	  1.35999e+06
2259.68	  1.35806e+06
2260.78	  1.35614e+06
2261.88	  1.35422e+06
2262.97	  1.35231e+06
2264.07	  1.35039e+06
2265.18	  1.34848e+06
2266.28	  1.34657e+06
2267.38	  1.34467e+06
2268.47	  1.34276e+06
2269.57	  1.34086e+06
2270.68	  1.33897e+06
2271.78	  1.33707e+06
2272.88	  1.33518e+06
2273.97	  1.33329e+06
2275.07	  1.3314e+06
2276.18	  1.32952e+06
2277.28	  1.32764e+06
2278.38	  1.32576e+06
2279.47	  1.32389e+06
2280.57	  1.20891e+06
2281.68	  1.20737e+06
2282.78	  1.20583e+06
2283.88	  1.20429e+06
2284.97	  1.20275e+06
2286.07	  1.20121e+06
2287.18	  1.19968e+06
2288.28	  1.19814e+06
2289.38	  1.19661e+06
2290.47	  1.19508e+06
2291.57	  1.19356e+06
2292.68	  1.19203e+06
2293.78	  1.19051e+06
2294.88	  1.18899e+06
2295.97	  1.18747e+06
2297.07	  1.18595e+06
2298.18	  1.18443e+06
2299.28	  1.18292e+06
2300.38	  1.18141e+06
2301.47	  1.1799e+06
2302.57	  1.17839e+06
2303.68	  1.17688e+06
2304.78	  1.17538e+06
2305.88	  1.17388e+06
2306.97	  1.17238e+06
2308.07	  1.17088e+06
2309.18	  1.16938e+06
2310.28	  1.16788e+06
2311.38	  1.16639e+06
2312.47	  1.1649e+06
2313.57	  1.16341e+06
2314.68	  1.16192e+06
2315.78	  1.16043e+06
2316.88	  1.15895e+06
2317.97	  1.15747e+06
2319.07	  1.15599e+06
2320.18	  1.15451e+06
2321.28	  1.15303e+06
2322.38	  1.15156e+06
2323.47	  1.15008e+06
2324.57	  1.14861e+06
2325.68	  1.14714e+06
2326.78	  1.14567e+06
2327.88	  1.14421e+06
2328.97	  1.14274e+06
2330.07	  1.14128e+06
2331.18	  1.13982e+06
2332.28	  1.13836e+06
2333.38	  1.13691e+06
2334.47	  1.13545e+06
2335.57	  1.134e+06
2336.68	  1.13255e+06
2337.78	  1.1311e+06
2338.88	  1.12965e+06
2339.97	  1.1282e+06
2341.07	  1.12676e+06
2342.18	  1.12532e+06
2343.28	  1.12388e+06
2344.38	  1.12244e+06
2345.47	  1.121e+06
2346.57	  1.11956e+06
2347.68	  1.11813e+06
2348.78	  1.1167e+06
2349.88	  1.11527e+06
2350.97	  1.11384e+06
2352.07	  1.11242e+06
2353.18	  1.11099e+06
2354.28	  1.10957e+06
2355.38	  1.10815e+06
2356.47	  1.10673e+06
2357.57	  1.10531e+06
2358.68	  1.1039e+06
2359.78	  1.10248e+06
2360.88	  1.10107e+06
2361.97	  1.09966e+06
2363.07	  1.09825e+06
2364.18	  1.09684e+06
2365.28	  1.09544e+06
2366.38	  1.09404e+06
2367.47	  1.09264e+06
2368.57	  1.09124e+06
2369.68	  1.08984e+06
2370.78	  1.08844e+06
2371.88	  1.08705e+06
2372.97	  1.08565e+06
2374.07	  1.08426e+06
2375.18	  1.08287e+06
2376.28	  1.08149e+06
2377.38	  1.0801e+06
2378.47	  1.07872e+06
2379.57	  1.07734e+06
2380.68	  1.07596e+06
2381.78	  1.07458e+06
2382.88	  1.0732e+06
2383.97	  1.07183e+06
2385.07	  1.07045e+06
2386.18	  1.06908e+06
2387.28	  1.06771e+06
2388.38	  1.06634e+06
2389.47	  1.06498e+06
2390.57	  1.06361e+06
2391.68	  1.06225e+06
2392.78	  1.06089e+06
2393.88	  1.05953e+06
2394.97	  1.05817e+06
2396.07	  1.05681e+06
2397.18	  1.05546e+06
2398.28	  1.05411e+06
2399.38	  1.05276e+06
2400.47	  1.05141e+06
2401.57	  1.05006e+06
2402.68	  1.04871e+06
2403.78	  1.04737e+06
2404.88	  1.04603e+06
2405.97	  1.04469e+06
2407.07	  1.04335e+06
2408.18	  1.04201e+06
2409.28	  1.04068e+06
2410.38	  1.03934e+06
2411.47	  1.03801e+06
2412.57	  1.03668e+06
2413.68	  1.03535e+06
2414.78	  1.03402e+06
2415.88	  1.0327e+06
2416.97	  1.03138e+06
2418.07	  1.03005e+06
2419.18	  1.02873e+06
2420.28	  1.02741e+06
2421.38	  1.0261e+06
2422.47	  1.02478e+06
2423.57	  1.02347e+06
2424.68	  1.02216e+06
2425.78	  1.02085e+06
2426.88	  1.01954e+06
2427.97	  1.01823e+06
2429.07	  1.01693e+06
2430.18	  1.01562e+06
2431.28	  1.01432e+06
2432.38	  1.01302e+06
2433.47	  1.01172e+06
2434.57	  1.01043e+06
2435.68	  1.00913e+06
2436.78	  1.00784e+06
2437.88	  1.00655e+06
2438.97	  1.00526e+06
2440.07	  1.00397e+06
2441.18	  1.00268e+06
2442.28	  1.0014e+06
2443.38	  1.00011e+06
2444.47	  998830
2445.57	  997550
2446.68	  996271
2447.78	  994994
2448.88	  993719
2449.97	  992446
2451.07	  991174
2452.18	  989903
2453.28	  988634
2454.38	  987367
2455.47	  986102
2456.57	  984838
2457.68	  983576
2458.78	  982315
2459.88	  981056
2460.97	  979799
2462.07	  978543
2463.18	  977289
2464.28	  976037
2465.38	  974786
2466.47	  973537
2467.57	  972289
2468.68	  971043
2469.78	  969799
2470.88	  968556
2471.97	  967315
2473.07	  966075
2474.18	  964837
2475.28	  963601
2476.38	  962366
2477.47	  961133
