Emission arising from a slab of Hydrogen (both H and H-).
   
Parameters of the slab:
n_e = 1e+15 cm-3
T_e = 9500 K
tau(lambda=300 nm) = 0.75
L = 794674 cm
   
Wavelength (nm), Emission (erg s-1 cm-2 nm-1 sr-1)
50	  26.9004
91.2	  28003.1
120	  837201
150	  6.99643e+06
175	  2.03174e+07
200	  4.31138e+07
225	  7.34197e+07
250	  1.07709e+08
270	  1.35113e+08
290	  1.60346e+08
300	  1.71665e+08
305	  1.76936e+08
310	  1.81929e+08
315	  1.86634e+08
320	  1.91042e+08
322.5	  1.93133e+08
325	  1.95146e+08
327	  1.96702e+08
329	  1.98207e+08
329.999	  1.98941e+08
330.266	  1.99134e+08
330.533	  1.99327e+08
330.8	  1.9952e+08
331.067	  1.99711e+08
331.334	  1.99901e+08
331.601	  2.00091e+08
331.868	  2.00279e+08
332.135	  2.00467e+08
332.402	  2.00654e+08
332.669	  2.00839e+08
332.936	  2.01024e+08
333.203	  2.01208e+08
333.47	  2.01392e+08
333.737	  2.01574e+08
334.004	  2.01755e+08
334.271	  2.01936e+08
334.538	  2.02116e+08
334.805	  2.02294e+08
335.072	  2.02472e+08
335.339	  2.02649e+08
335.606	  2.02825e+08
335.873	  2.03e+08
336.14	  2.03175e+08
336.407	  2.03348e+08
336.674	  2.0352e+08
336.941	  2.03692e+08
337.208	  2.03863e+08
337.475	  2.04033e+08
337.742	  2.04201e+08
338.009	  2.04369e+08
338.276	  2.04537e+08
338.543	  2.04703e+08
338.81	  2.04868e+08
339.077	  2.05033e+08
339.344	  2.05196e+08
339.611	  2.05359e+08
339.878	  2.0552e+08
340.145	  2.05681e+08
340.412	  2.05841e+08
340.679	  2.06e+08
340.946	  2.06159e+08
341.213	  2.06316e+08
341.48	  2.06472e+08
341.747	  2.06628e+08
342.014	  2.06782e+08
342.281	  2.06936e+08
342.548	  2.07089e+08
342.815	  2.07241e+08
343.082	  2.07392e+08
343.349	  2.07542e+08
343.616	  2.07692e+08
343.883	  2.0784e+08
344.15	  2.07987e+08
344.417	  2.08134e+08
344.684	  2.0828e+08
344.951	  2.08425e+08
345.218	  2.08569e+08
345.485	  2.08712e+08
345.752	  2.08854e+08
346.019	  2.08995e+08
346.286	  2.09136e+08
346.553	  2.09275e+08
346.82	  2.09414e+08
347.087	  2.09552e+08
347.354	  2.09688e+08
347.621	  2.09824e+08
347.888	  2.0996e+08
348.155	  2.10094e+08
348.422	  2.10227e+08
348.689	  2.1036e+08
348.956	  2.10491e+08
349.223	  2.10622e+08
349.49	  2.10752e+08
349.757	  2.10881e+08
350.024	  2.11009e+08
350.291	  2.11136e+08
350.558	  2.11262e+08
350.825	  2.11388e+08
351.092	  2.11512e+08
351.359	  2.11636e+08
351.626	  2.11759e+08
351.893	  2.11881e+08
352.16	  2.12002e+08
352.427	  2.12122e+08
352.694	  2.12242e+08
352.961	  2.1236e+08
353.228	  2.12478e+08
353.495	  2.12594e+08
353.762	  2.1271e+08
354.029	  2.12825e+08
354.296	  2.12939e+08
354.563	  2.13053e+08
354.83	  2.13165e+08
355.097	  2.13276e+08
355.364	  2.13387e+08
355.631	  2.13497e+08
355.898	  2.13606e+08
356.165	  2.13714e+08
356.432	  2.13821e+08
356.699	  2.13928e+08
356.966	  2.14033e+08
357.233	  2.14138e+08
357.5	  2.14241e+08
357.767	  2.14344e+08
358.034	  2.14447e+08
358.301	  2.14548e+08
358.568	  2.14648e+08
358.835	  2.14748e+08
359.102	  2.14846e+08
359.369	  2.14944e+08
359.636	  2.15041e+08
359.903	  2.15137e+08
360.17	  2.15232e+08
360.437	  2.15327e+08
360.704	  2.1542e+08
360.971	  2.15513e+08
361.238	  2.15605e+08
361.505	  2.15696e+08
361.772	  2.15786e+08
362.039	  2.15876e+08
362.306	  2.15964e+08
362.573	  2.16052e+08
363	  2.1619e+08
363.027	  2.16199e+08
363.054	  2.16208e+08
363.08	  2.16216e+08
363.107	  2.16225e+08
363.134	  2.16233e+08
363.16	  2.16242e+08
363.187	  2.1625e+08
363.214	  2.16259e+08
363.24	  2.16267e+08
363.267	  2.16276e+08
363.294	  2.16284e+08
363.321	  2.16293e+08
363.347	  2.16301e+08
363.374	  2.1631e+08
363.401	  2.16318e+08
363.427	  2.16327e+08
363.454	  2.16335e+08
363.481	  2.16344e+08
363.508	  2.16352e+08
363.534	  2.16361e+08
363.561	  2.16369e+08
363.588	  2.16377e+08
363.614	  2.16386e+08
363.641	  2.16394e+08
363.668	  2.16403e+08
363.694	  2.16411e+08
363.721	  2.16419e+08
363.748	  2.16428e+08
363.774	  2.16436e+08
363.801	  2.16444e+08
363.828	  2.16453e+08
363.855	  2.16461e+08
363.881	  2.16469e+08
363.908	  2.16478e+08
363.935	  2.16486e+08
363.961	  2.16494e+08
363.988	  2.16503e+08
364.015	  2.16511e+08
364.041	  2.16519e+08
364.068	  2.16527e+08
364.095	  2.16536e+08
364.122	  2.16544e+08
364.148	  2.16552e+08
364.175	  2.1656e+08
364.202	  2.16569e+08
364.228	  2.16577e+08
364.255	  2.16585e+08
364.282	  2.16593e+08
364.308	  2.16601e+08
364.335	  2.1661e+08
364.362	  2.16618e+08
364.389	  2.16626e+08
364.415	  2.16634e+08
364.442	  2.16642e+08
364.469	  2.1665e+08
364.495	  2.16659e+08
364.522	  2.16667e+08
364.549	  2.16675e+08
364.575	  2.16683e+08
364.602	  2.16691e+08
364.629	  2.16699e+08
364.656	  2.16707e+08
364.682	  2.16715e+08
364.709	  2.16723e+08
364.736	  2.80664e+07
364.762	  2.80691e+07
364.789	  2.80719e+07
364.816	  2.80747e+07
364.842	  2.80774e+07
364.869	  2.80802e+07
364.896	  2.8083e+07
364.923	  2.80858e+07
364.949	  2.80885e+07
364.976	  2.80913e+07
365.003	  2.80941e+07
365.029	  2.80968e+07
365.056	  2.80996e+07
365.083	  2.81024e+07
365.11	  2.81051e+07
365.136	  2.81079e+07
365.163	  2.81107e+07
365.19	  2.81134e+07
365.216	  2.81162e+07
365.243	  2.8119e+07
365.27	  2.81217e+07
365.296	  2.81245e+07
365.323	  2.81272e+07
365.35	  2.813e+07
365.377	  2.81328e+07
365.403	  2.81355e+07
365.43	  2.81383e+07
365.457	  2.81411e+07
365.483	  2.81438e+07
365.51	  2.81466e+07
365.537	  2.81493e+07
365.563	  2.81521e+07
365.59	  2.81548e+07
365.617	  2.81576e+07
365.643	  2.81604e+07
365.67	  2.81631e+07
365.697	  2.81659e+07
365.724	  2.81686e+07
365.75	  2.81714e+07
365.777	  2.81741e+07
365.804	  2.81769e+07
365.83	  2.81796e+07
365.857	  2.81824e+07
365.884	  2.81851e+07
365.91	  2.81879e+07
365.937	  2.81906e+07
365.964	  2.81934e+07
365.991	  2.81961e+07
365.991	  2.81961e+07
366.258	  2.82236e+07
366.525	  2.8251e+07
366.792	  2.82784e+07
367.059	  2.83057e+07
367.326	  2.8333e+07
367.593	  2.83602e+07
367.86	  2.83873e+07
368.127	  2.84145e+07
368.394	  2.84415e+07
368.661	  2.84685e+07
368.928	  2.84955e+07
369.195	  2.85224e+07
369.462	  2.85492e+07
369.729	  2.8576e+07
369.996	  2.86028e+07
370.263	  2.86295e+07
370.53	  2.86561e+07
370.797	  2.86827e+07
371.064	  2.87092e+07
371.331	  2.87357e+07
371.598	  2.87622e+07
371.865	  2.87886e+07
372.132	  2.88149e+07
372.399	  2.88412e+07
372.666	  2.88674e+07
372.933	  2.88936e+07
373.2	  2.89197e+07
373.467	  2.89458e+07
373.734	  2.89718e+07
374.001	  2.89978e+07
374.268	  2.90237e+07
374.535	  2.90496e+07
374.802	  2.90754e+07
375.069	  2.91012e+07
375.336	  2.91269e+07
375.603	  2.91525e+07
375.87	  2.91782e+07
376.137	  2.92037e+07
376.404	  2.92292e+07
376.671	  2.92547e+07
376.938	  2.92801e+07
377.205	  2.93054e+07
377.472	  2.93307e+07
377.739	  2.9356e+07
378.006	  2.93812e+07
378.273	  2.94063e+07
378.54	  2.94314e+07
378.807	  2.94565e+07
379.074	  2.94815e+07
379.341	  2.95064e+07
379.608	  2.95313e+07
379.875	  2.95561e+07
380.142	  2.95809e+07
380.409	  2.96056e+07
380.676	  2.96303e+07
380.943	  2.96549e+07
381.21	  2.96795e+07
381.477	  2.9704e+07
381.744	  2.97285e+07
382.011	  2.97529e+07
382.278	  2.97773e+07
382.545	  2.98016e+07
382.812	  2.98259e+07
383.079	  2.98501e+07
383.346	  2.98743e+07
383.613	  2.98984e+07
383.88	  2.99224e+07
384.147	  2.99465e+07
384.414	  2.99704e+07
384.681	  2.99943e+07
384.948	  3.00182e+07
385.215	  3.0042e+07
385.482	  3.00657e+07
385.749	  3.00894e+07
386.016	  3.01131e+07
386.283	  3.01367e+07
386.55	  3.01602e+07
386.817	  3.01837e+07
387.084	  3.02072e+07
387.351	  3.02305e+07
387.618	  3.02539e+07
387.885	  3.02772e+07
388.152	  3.03004e+07
388.419	  3.03236e+07
388.686	  3.03467e+07
388.953	  3.03698e+07
389.22	  3.03928e+07
389.487	  3.04158e+07
389.754	  3.04388e+07
390.021	  3.04616e+07
390.288	  3.04845e+07
390.555	  3.05072e+07
390.822	  3.053e+07
391.089	  3.05526e+07
391.356	  3.05752e+07
391.623	  3.05978e+07
391.89	  3.06203e+07
392.157	  3.06428e+07
392.424	  3.06652e+07
392.691	  3.06876e+07
392.958	  3.07099e+07
393.225	  3.07322e+07
393.492	  3.07544e+07
393.759	  3.07765e+07
394.026	  3.07986e+07
394.293	  3.08207e+07
394.56	  3.08427e+07
394.827	  3.08647e+07
395.094	  3.08866e+07
395.361	  3.09084e+07
395.628	  3.09302e+07
395.895	  3.0952e+07
396.162	  3.09737e+07
396.429	  3.09953e+07
396.696	  3.10169e+07
396.963	  3.10385e+07
397.23	  3.106e+07
397.497	  3.10814e+07
397.764	  3.11028e+07
398.031	  3.11242e+07
398.298	  3.11455e+07
398.565	  3.11667e+07
398.832	  3.11879e+07
399.099	  3.12091e+07
399.366	  3.12301e+07
399.633	  3.12512e+07
399.9	  3.12722e+07
400.167	  3.12931e+07
400.434	  3.1314e+07
400.701	  3.13349e+07
400.968	  3.13556e+07
401.235	  3.13764e+07
401.502	  3.13971e+07
401.769	  3.14177e+07
402.036	  3.14383e+07
402.303	  3.14588e+07
402.57	  3.14793e+07
402.837	  3.14998e+07
403.104	  3.15201e+07
403.371	  3.15405e+07
403.638	  3.15608e+07
403.905	  3.1581e+07
404.172	  3.16012e+07
404.439	  3.16213e+07
404.706	  3.16414e+07
404.973	  3.16614e+07
405.24	  3.16814e+07
405.507	  3.17014e+07
405.774	  3.17213e+07
406.041	  3.17411e+07
406.308	  3.17609e+07
406.575	  3.17806e+07
406.842	  3.18003e+07
407.109	  3.18199e+07
407.376	  3.18395e+07
407.643	  3.18591e+07
407.91	  3.18785e+07
408.177	  3.1898e+07
408.444	  3.19174e+07
408.711	  3.19367e+07
408.978	  3.1956e+07
409.245	  3.19752e+07
409.512	  3.19944e+07
409.779	  3.20136e+07
410.046	  3.20327e+07
410.313	  3.20517e+07
410.58	  3.20707e+07
410.847	  3.20896e+07
411.114	  3.21085e+07
411.381	  3.21274e+07
411.648	  3.21462e+07
411.915	  3.21649e+07
412.182	  3.21836e+07
412.449	  3.22022e+07
412.716	  3.22208e+07
412.983	  3.22394e+07
413.25	  3.22579e+07
413.517	  3.22763e+07
413.784	  3.22947e+07
414.051	  3.23131e+07
414.318	  3.23314e+07
414.585	  3.23496e+07
414.852	  3.23679e+07
415.119	  3.2386e+07
415.386	  3.24041e+07
415.653	  3.24222e+07
415.92	  3.24402e+07
416.187	  3.24581e+07
416.454	  3.24761e+07
416.721	  3.24939e+07
416.988	  3.25117e+07
417.255	  3.25295e+07
417.522	  3.25472e+07
417.789	  3.25649e+07
418.056	  3.25825e+07
418.323	  3.26001e+07
418.59	  3.26176e+07
418.857	  3.26351e+07
419.124	  3.26525e+07
419.391	  3.26699e+07
419.658	  3.26872e+07
419.925	  3.27045e+07
420.192	  3.27217e+07
420.459	  3.27389e+07
420.726	  3.27561e+07
420.993	  3.27732e+07
421.26	  3.27902e+07
421.527	  3.28072e+07
421.794	  3.28241e+07
422.061	  3.2841e+07
422.328	  3.28579e+07
422.595	  3.28747e+07
422.862	  3.28914e+07
423.129	  3.29082e+07
423.396	  3.29248e+07
423.663	  3.29414e+07
423.93	  3.2958e+07
424.197	  3.29745e+07
424.464	  3.2991e+07
424.731	  3.30074e+07
424.998	  3.30238e+07
425.265	  3.30401e+07
425.532	  3.30564e+07
425.799	  3.30726e+07
426.066	  3.30888e+07
426.333	  3.31049e+07
426.6	  3.3121e+07
426.867	  3.31371e+07
427.134	  3.31531e+07
427.401	  3.3169e+07
427.668	  3.31849e+07
427.935	  3.32008e+07
428.202	  3.32166e+07
428.469	  3.32323e+07
428.736	  3.32481e+07
429.003	  3.32637e+07
429.27	  3.32793e+07
429.537	  3.32949e+07
429.804	  3.33104e+07
430.071	  3.33259e+07
430.338	  3.33414e+07
430.605	  3.33568e+07
430.872	  3.33721e+07
431.139	  3.33874e+07
431.406	  3.34026e+07
431.673	  3.34178e+07
431.94	  3.3433e+07
432.207	  3.34481e+07
432.474	  3.34632e+07
432.741	  3.34782e+07
433.008	  3.34932e+07
433.275	  3.35081e+07
433.542	  3.3523e+07
433.809	  3.35378e+07
434.076	  3.35526e+07
434.343	  3.35673e+07
434.61	  3.3582e+07
434.877	  3.35967e+07
435.144	  3.36113e+07
435.411	  3.36258e+07
435.678	  3.36403e+07
435.945	  3.36548e+07
436.212	  3.36692e+07
436.479	  3.36836e+07
436.746	  3.36979e+07
437.013	  3.37122e+07
437.28	  3.37264e+07
437.547	  3.37406e+07
437.814	  3.37548e+07
438.081	  3.37689e+07
438.348	  3.37829e+07
438.615	  3.37969e+07
438.882	  3.38109e+07
439.149	  3.38248e+07
439.416	  3.38387e+07
439.683	  3.38525e+07
439.95	  3.38663e+07
440.217	  3.388e+07
440.484	  3.38937e+07
440.751	  3.39074e+07
441.018	  3.3921e+07
441.285	  3.39346e+07
441.552	  3.39481e+07
441.819	  3.39615e+07
442.086	  3.3975e+07
442.353	  3.39883e+07
442.62	  3.40017e+07
442.887	  3.4015e+07
443.154	  3.40282e+07
443.421	  3.40414e+07
443.688	  3.40546e+07
443.955	  3.40677e+07
444.222	  3.40808e+07
444.489	  3.40938e+07
444.756	  3.41068e+07
445.023	  3.41197e+07
445.29	  3.41326e+07
445.557	  3.41455e+07
445.824	  3.41583e+07
446.091	  3.4171e+07
446.358	  3.41837e+07
446.625	  3.41964e+07
446.892	  3.4209e+07
447.159	  3.42216e+07
447.426	  3.42342e+07
447.693	  3.42467e+07
447.96	  3.42591e+07
448.227	  3.42715e+07
448.494	  3.42839e+07
448.761	  3.42962e+07
449.028	  3.43085e+07
449.295	  3.43207e+07
449.562	  3.43329e+07
449.829	  3.43451e+07
450.096	  3.43572e+07
450.363	  3.43693e+07
450.63	  3.43813e+07
450.897	  3.43933e+07
451.164	  3.44052e+07
451.431	  3.44171e+07
451.698	  3.44289e+07
451.965	  3.44407e+07
452.232	  3.44525e+07
452.499	  3.44642e+07
452.766	  3.44759e+07
453.033	  3.44875e+07
453.3	  3.44991e+07
453.567	  3.45107e+07
453.834	  3.45222e+07
454.101	  3.45336e+07
454.368	  3.45451e+07
454.635	  3.45564e+07
454.902	  3.45678e+07
455.169	  3.45791e+07
455.436	  3.45903e+07
455.703	  3.46015e+07
455.97	  3.46127e+07
456.237	  3.46238e+07
456.504	  3.46349e+07
456.771	  3.4646e+07
457.038	  3.4657e+07
457.305	  3.46679e+07
457.572	  3.46788e+07
457.839	  3.46897e+07
458.106	  3.47005e+07
458.373	  3.47113e+07
458.64	  3.47221e+07
458.907	  3.47328e+07
459.174	  3.47434e+07
459.441	  3.47541e+07
459.708	  3.47647e+07
459.975	  3.47752e+07
460.242	  3.47857e+07
460.509	  3.47961e+07
460.776	  3.48066e+07
461.043	  3.48169e+07
461.31	  3.48273e+07
461.577	  3.48376e+07
461.844	  3.48478e+07
462.111	  3.4858e+07
462.378	  3.48682e+07
462.645	  3.48783e+07
462.912	  3.48884e+07
463.179	  3.48985e+07
463.446	  3.49085e+07
463.713	  3.49184e+07
463.98	  3.49284e+07
464.247	  3.49382e+07
464.514	  3.49481e+07
464.781	  3.49579e+07
465.048	  3.49677e+07
465.315	  3.49774e+07
465.582	  3.49871e+07
465.849	  3.49967e+07
466.116	  3.50063e+07
466.383	  3.50159e+07
466.65	  3.50254e+07
466.917	  3.50349e+07
467.184	  3.50443e+07
467.451	  3.50537e+07
467.718	  3.50631e+07
467.985	  3.50724e+07
468.252	  3.50817e+07
468.519	  3.50909e+07
468.786	  3.51001e+07
469.053	  3.51093e+07
469.32	  3.51184e+07
469.587	  3.51275e+07
469.854	  3.51365e+07
470.121	  3.51455e+07
470.388	  3.51545e+07
470.655	  3.51634e+07
470.922	  3.51723e+07
471.189	  3.51811e+07
471.456	  3.51899e+07
471.723	  3.51987e+07
471.99	  3.52074e+07
472.257	  3.52161e+07
472.524	  3.52247e+07
472.791	  3.52333e+07
473.058	  3.52419e+07
473.325	  3.52504e+07
473.592	  3.52589e+07
473.859	  3.52674e+07
474.126	  3.52758e+07
474.393	  3.52842e+07
474.66	  3.52925e+07
474.927	  3.53008e+07
475.194	  3.53091e+07
475.461	  3.53173e+07
475.728	  3.53255e+07
475.995	  3.53336e+07
476.262	  3.53417e+07
476.529	  3.53498e+07
476.796	  3.53578e+07
477.063	  3.53658e+07
477.33	  3.53738e+07
477.597	  3.53817e+07
477.864	  3.53896e+07
478.131	  3.53974e+07
478.398	  3.54052e+07
478.665	  3.5413e+07
478.932	  3.54207e+07
479.199	  3.54284e+07
479.466	  3.5436e+07
479.733	  3.54436e+07
480	  3.54512e+07
480.267	  3.54587e+07
480.534	  3.54662e+07
480.801	  3.54737e+07
481.068	  3.54811e+07
481.335	  3.54885e+07
481.602	  3.54958e+07
481.869	  3.55032e+07
482.136	  3.55104e+07
482.403	  3.55177e+07
482.67	  3.55249e+07
482.937	  3.5532e+07
483.204	  3.55392e+07
483.471	  3.55462e+07
483.738	  3.55533e+07
484.005	  3.55603e+07
484.272	  3.55673e+07
484.539	  3.55742e+07
484.806	  3.55811e+07
485.073	  3.5588e+07
485.34	  3.55948e+07
485.607	  3.56016e+07
485.874	  3.56084e+07
486.141	  3.56151e+07
486.408	  3.56218e+07
486.675	  3.56284e+07
486.942	  3.5635e+07
487.209	  3.56416e+07
487.476	  3.56481e+07
487.743	  3.56546e+07
488.01	  3.56611e+07
488.277	  3.56675e+07
488.544	  3.56739e+07
488.811	  3.56803e+07
489.078	  3.56866e+07
489.345	  3.56929e+07
489.612	  3.56991e+07
489.879	  3.57053e+07
490.146	  3.57115e+07
490.413	  3.57177e+07
490.68	  3.57238e+07
490.947	  3.57298e+07
491.214	  3.57359e+07
491.481	  3.57419e+07
491.748	  3.57478e+07
492.015	  3.57538e+07
492.282	  3.57597e+07
492.549	  3.57655e+07
492.816	  3.57713e+07
493.083	  3.57771e+07
493.35	  3.57829e+07
493.617	  3.57886e+07
493.884	  3.57943e+07
494.151	  3.57999e+07
494.418	  3.58055e+07
494.685	  3.58111e+07
494.952	  3.58166e+07
495.219	  3.58222e+07
495.486	  3.58276e+07
495.753	  3.58331e+07
496.02	  3.58385e+07
496.287	  3.58438e+07
496.554	  3.58492e+07
496.821	  3.58545e+07
497.088	  3.58597e+07
497.355	  3.5865e+07
497.622	  3.58702e+07
497.889	  3.58753e+07
498.156	  3.58804e+07
498.423	  3.58855e+07
498.69	  3.58906e+07
498.957	  3.58956e+07
499.224	  3.59006e+07
499.491	  3.59056e+07
499.758	  3.59105e+07
500.025	  3.59154e+07
500.292	  3.59202e+07
500.559	  3.5925e+07
500.826	  3.59298e+07
501.093	  3.59346e+07
501.36	  3.59393e+07
501.627	  3.5944e+07
501.894	  3.59486e+07
502.161	  3.59533e+07
502.428	  3.59578e+07
502.695	  3.59624e+07
502.962	  3.59669e+07
503.229	  3.59714e+07
503.496	  3.59758e+07
503.763	  3.59803e+07
504.03	  3.59846e+07
504.297	  3.5989e+07
504.564	  3.59933e+07
504.831	  3.59976e+07
505.098	  3.60019e+07
505.365	  3.60061e+07
505.632	  3.60103e+07
505.899	  3.60144e+07
506.166	  3.60185e+07
506.433	  3.60226e+07
506.7	  3.60267e+07
506.967	  3.60307e+07
507.234	  3.60347e+07
507.501	  3.60386e+07
507.768	  3.60426e+07
508.035	  3.60465e+07
508.302	  3.60503e+07
508.569	  3.60541e+07
508.836	  3.60579e+07
509.103	  3.60617e+07
509.37	  3.60654e+07
509.637	  3.60691e+07
509.904	  3.60728e+07
510.171	  3.60764e+07
510.438	  3.608e+07
510.705	  3.60836e+07
510.972	  3.60871e+07
511.239	  3.60907e+07
511.506	  3.60941e+07
511.773	  3.60976e+07
512.04	  3.6101e+07
512.307	  3.61044e+07
512.574	  3.61077e+07
512.841	  3.6111e+07
513.108	  3.61143e+07
513.375	  3.61176e+07
513.642	  3.61208e+07
513.909	  3.6124e+07
514.176	  3.61271e+07
514.443	  3.61303e+07
514.71	  3.61334e+07
514.977	  3.61364e+07
515.244	  3.61395e+07
515.511	  3.61425e+07
515.778	  3.61454e+07
516.045	  3.61484e+07
516.312	  3.61513e+07
516.579	  3.61542e+07
516.846	  3.6157e+07
517.113	  3.61598e+07
517.38	  3.61626e+07
517.647	  3.61654e+07
517.914	  3.61681e+07
518.181	  3.61708e+07
518.448	  3.61734e+07
518.715	  3.61761e+07
518.982	  3.61787e+07
519.249	  3.61813e+07
519.516	  3.61838e+07
519.783	  3.61863e+07
520.05	  3.61888e+07
520.317	  3.61912e+07
520.584	  3.61937e+07
520.851	  3.6196e+07
521.118	  3.61984e+07
521.385	  3.62007e+07
521.652	  3.6203e+07
521.919	  3.62053e+07
522.186	  3.62075e+07
522.453	  3.62098e+07
522.72	  3.62119e+07
522.987	  3.62141e+07
523.254	  3.62162e+07
523.521	  3.62183e+07
523.788	  3.62204e+07
524.055	  3.62224e+07
524.322	  3.62244e+07
524.589	  3.62264e+07
524.856	  3.62283e+07
525.123	  3.62302e+07
525.39	  3.62321e+07
525.657	  3.6234e+07
525.924	  3.62358e+07
526.191	  3.62376e+07
526.458	  3.62394e+07
526.725	  3.62411e+07
526.992	  3.62428e+07
527.259	  3.62445e+07
527.526	  3.62461e+07
527.793	  3.62478e+07
528.06	  3.62494e+07
528.327	  3.62509e+07
528.594	  3.62525e+07
528.861	  3.6254e+07
529.128	  3.62555e+07
529.395	  3.62569e+07
529.662	  3.62583e+07
529.929	  3.62597e+07
530.196	  3.62611e+07
530.463	  3.62624e+07
530.73	  3.62637e+07
530.997	  3.6265e+07
531.264	  3.62663e+07
531.531	  3.62675e+07
531.798	  3.62687e+07
532.065	  3.62698e+07
532.332	  3.6271e+07
532.599	  3.62721e+07
532.866	  3.62732e+07
533.133	  3.62742e+07
533.4	  3.62752e+07
533.667	  3.62762e+07
533.934	  3.62772e+07
534.201	  3.62782e+07
534.468	  3.62791e+07
534.735	  3.628e+07
535.002	  3.62808e+07
535.269	  3.62817e+07
535.536	  3.62825e+07
535.803	  3.62832e+07
536.07	  3.6284e+07
536.337	  3.62847e+07
536.604	  3.62854e+07
536.871	  3.62861e+07
537.138	  3.62867e+07
537.405	  3.62873e+07
537.672	  3.62879e+07
537.939	  3.62885e+07
538.206	  3.6289e+07
538.473	  3.62895e+07
538.74	  3.629e+07
539.007	  3.62904e+07
539.274	  3.62908e+07
539.541	  3.62912e+07
539.808	  3.62916e+07
540.075	  3.62919e+07
540.342	  3.62923e+07
540.609	  3.62926e+07
540.876	  3.62928e+07
541.143	  3.6293e+07
541.41	  3.62933e+07
541.677	  3.62934e+07
541.944	  3.62936e+07
542.211	  3.62937e+07
542.478	  3.62938e+07
542.745	  3.62939e+07
543.012	  3.62939e+07
543.279	  3.6294e+07
543.546	  3.6294e+07
543.813	  3.62939e+07
544.08	  3.62939e+07
544.347	  3.62938e+07
544.614	  3.62937e+07
544.881	  3.62936e+07
545.148	  3.62934e+07
545.415	  3.62932e+07
545.682	  3.6293e+07
545.949	  3.62928e+07
546.216	  3.62925e+07
546.483	  3.62922e+07
546.75	  3.62919e+07
547.017	  3.62916e+07
547.284	  3.62912e+07
547.551	  3.62908e+07
547.818	  3.62904e+07
548.085	  3.62899e+07
548.352	  3.62895e+07
548.619	  3.6289e+07
548.886	  3.62885e+07
549.153	  3.62879e+07
549.42	  3.62874e+07
549.687	  3.62868e+07
549.954	  3.62861e+07
550.221	  3.62855e+07
550.488	  3.62848e+07
550.755	  3.62841e+07
551.022	  3.62834e+07
551.289	  3.62827e+07
551.556	  3.62819e+07
551.823	  3.62811e+07
552.09	  3.62803e+07
552.357	  3.62794e+07
552.624	  3.62786e+07
552.891	  3.62777e+07
553.158	  3.62768e+07
553.425	  3.62758e+07
553.692	  3.62748e+07
553.959	  3.62739e+07
554.226	  3.62728e+07
554.493	  3.62718e+07
554.76	  3.62707e+07
555.027	  3.62696e+07
555.294	  3.62685e+07
555.561	  3.62674e+07
555.828	  3.62662e+07
556.095	  3.6265e+07
556.362	  3.62638e+07
556.629	  3.62626e+07
556.896	  3.62613e+07
557.163	  3.626e+07
557.43	  3.62587e+07
557.697	  3.62574e+07
557.964	  3.62561e+07
558.231	  3.62547e+07
558.498	  3.62533e+07
558.765	  3.62518e+07
559.032	  3.62504e+07
559.299	  3.62489e+07
559.566	  3.62474e+07
560.009	  3.62449e+07
560.296	  3.62432e+07
560.583	  3.62415e+07
560.87	  3.62398e+07
561.157	  3.6238e+07
561.444	  3.62362e+07
561.731	  3.62344e+07
562.018	  3.62326e+07
562.305	  3.62307e+07
562.592	  3.62288e+07
562.879	  3.62269e+07
563.166	  3.62249e+07
563.453	  3.6223e+07
563.74	  3.6221e+07
564.027	  3.62189e+07
564.314	  3.62169e+07
564.601	  3.62148e+07
564.888	  3.62127e+07
565.175	  3.62106e+07
565.462	  3.62084e+07
565.749	  3.62062e+07
566.036	  3.6204e+07
566.323	  3.62018e+07
566.61	  3.61995e+07
566.897	  3.61972e+07
567.184	  3.61949e+07
567.471	  3.61925e+07
567.758	  3.61902e+07
568.045	  3.61878e+07
568.332	  3.61854e+07
568.619	  3.61829e+07
568.906	  3.61804e+07
569.193	  3.61779e+07
569.48	  3.61754e+07
569.767	  3.61729e+07
570.054	  3.61703e+07
570.341	  3.61677e+07
570.628	  3.61651e+07
570.915	  3.61624e+07
571.202	  3.61598e+07
571.489	  3.61571e+07
571.776	  3.61543e+07
572.063	  3.61516e+07
572.35	  3.61488e+07
572.637	  3.6146e+07
572.924	  3.61432e+07
573.211	  3.61403e+07
573.498	  3.61375e+07
573.785	  3.61346e+07
574.072	  3.61316e+07
574.359	  3.61287e+07
574.646	  3.61257e+07
574.933	  3.61227e+07
575.22	  3.61197e+07
575.507	  3.61166e+07
575.794	  3.61136e+07
576.081	  3.61105e+07
576.368	  3.61073e+07
576.655	  3.61042e+07
576.942	  3.6101e+07
577.229	  3.60978e+07
577.516	  3.60946e+07
577.803	  3.60914e+07
578.09	  3.60881e+07
578.377	  3.60848e+07
578.664	  3.60815e+07
578.951	  3.60782e+07
579.238	  3.60748e+07
579.525	  3.60714e+07
579.812	  3.6068e+07
580.099	  3.60646e+07
580.386	  3.60611e+07
580.673	  3.60576e+07
580.96	  3.60541e+07
581.247	  3.60506e+07
581.534	  3.6047e+07
581.821	  3.60435e+07
582.108	  3.60399e+07
582.395	  3.60363e+07
582.682	  3.60326e+07
582.969	  3.60289e+07
583.256	  3.60252e+07
583.543	  3.60215e+07
583.83	  3.60178e+07
584.117	  3.6014e+07
584.404	  3.60102e+07
584.691	  3.60064e+07
584.978	  3.60026e+07
585.265	  3.59988e+07
585.552	  3.59949e+07
585.839	  3.5991e+07
586.126	  3.59871e+07
586.413	  3.59831e+07
586.7	  3.59791e+07
586.987	  3.59751e+07
587.274	  3.59711e+07
587.561	  3.59671e+07
587.848	  3.5963e+07
588.135	  3.5959e+07
588.422	  3.59549e+07
588.709	  3.59507e+07
588.996	  3.59466e+07
589.283	  3.59424e+07
589.57	  3.59382e+07
589.857	  3.5934e+07
590.144	  3.59298e+07
590.431	  3.59255e+07
590.718	  3.59212e+07
591.005	  3.59169e+07
591.292	  3.59126e+07
591.579	  3.59083e+07
591.866	  3.59039e+07
592.153	  3.58995e+07
592.44	  3.58951e+07
592.727	  3.58907e+07
593.014	  3.58862e+07
593.301	  3.58817e+07
593.588	  3.58772e+07
593.875	  3.58727e+07
594.162	  3.58682e+07
594.449	  3.58636e+07
594.736	  3.5859e+07
595.023	  3.58544e+07
595.31	  3.58498e+07
595.597	  3.58451e+07
595.884	  3.58405e+07
596.171	  3.58358e+07
596.458	  3.58311e+07
596.745	  3.58263e+07
597.032	  3.58216e+07
597.319	  3.58168e+07
597.606	  3.5812e+07
597.893	  3.58072e+07
598.18	  3.58024e+07
598.467	  3.57975e+07
598.754	  3.57926e+07
599.041	  3.57877e+07
599.328	  3.57828e+07
599.615	  3.57779e+07
599.902	  3.57729e+07
600.189	  3.57679e+07
600.476	  3.57629e+07
600.763	  3.57579e+07
601.05	  3.57528e+07
601.337	  3.57478e+07
601.624	  3.57427e+07
601.911	  3.57376e+07
602.198	  3.57325e+07
602.485	  3.57273e+07
602.772	  3.57221e+07
603.059	  3.5717e+07
603.346	  3.57118e+07
603.633	  3.57065e+07
603.92	  3.57013e+07
604.207	  3.5696e+07
604.494	  3.56907e+07
604.781	  3.56854e+07
605.068	  3.56801e+07
605.355	  3.56748e+07
605.642	  3.56694e+07
605.929	  3.5664e+07
606.216	  3.56586e+07
606.503	  3.56532e+07
606.79	  3.56477e+07
607.077	  3.56423e+07
607.364	  3.56368e+07
607.651	  3.56313e+07
607.938	  3.56258e+07
608.225	  3.56202e+07
608.512	  3.56147e+07
608.799	  3.56091e+07
609.086	  3.56035e+07
609.373	  3.55979e+07
609.66	  3.55922e+07
609.947	  3.55866e+07
610.234	  3.55809e+07
610.521	  3.55752e+07
610.808	  3.55695e+07
611.095	  3.55638e+07
611.382	  3.5558e+07
611.669	  3.55522e+07
611.956	  3.55464e+07
612.243	  3.55406e+07
612.53	  3.55348e+07
612.817	  3.5529e+07
613.104	  3.55231e+07
613.391	  3.55172e+07
613.678	  3.55113e+07
613.965	  3.55054e+07
614.252	  3.54995e+07
614.539	  3.54935e+07
614.826	  3.54875e+07
615.113	  3.54815e+07
615.4	  3.54755e+07
615.687	  3.54695e+07
615.974	  3.54634e+07
616.261	  3.54574e+07
616.548	  3.54513e+07
616.835	  3.54452e+07
617.122	  3.54391e+07
617.409	  3.54329e+07
617.696	  3.54268e+07
617.983	  3.54206e+07
618.27	  3.54144e+07
618.557	  3.54082e+07
618.844	  3.5402e+07
619.131	  3.53957e+07
619.418	  3.53894e+07
619.705	  3.53832e+07
619.992	  3.53769e+07
620.279	  3.53705e+07
620.566	  3.53642e+07
620.853	  3.53579e+07
621.14	  3.53515e+07
621.427	  3.53451e+07
621.714	  3.53387e+07
622.001	  3.53323e+07
622.288	  3.53258e+07
622.575	  3.53194e+07
622.862	  3.53129e+07
623.149	  3.53064e+07
623.436	  3.52999e+07
623.723	  3.52934e+07
624.01	  3.52868e+07
624.297	  3.52803e+07
624.584	  3.52737e+07
624.871	  3.52671e+07
625.158	  3.52605e+07
625.445	  3.52539e+07
625.732	  3.52472e+07
626.019	  3.52406e+07
626.306	  3.52339e+07
626.593	  3.52272e+07
626.88	  3.52205e+07
627.167	  3.52137e+07
627.454	  3.5207e+07
627.741	  3.52002e+07
628.028	  3.51934e+07
628.315	  3.51866e+07
628.602	  3.51798e+07
628.889	  3.5173e+07
629.176	  3.51662e+07
629.463	  3.51593e+07
629.75	  3.51524e+07
630.037	  3.51455e+07
630.324	  3.51386e+07
630.611	  3.51317e+07
630.898	  3.51247e+07
631.185	  3.51178e+07
631.472	  3.51108e+07
631.759	  3.51038e+07
632.046	  3.50968e+07
632.333	  3.50898e+07
632.62	  3.50827e+07
632.907	  3.50757e+07
633.194	  3.50686e+07
633.481	  3.50615e+07
633.768	  3.50544e+07
634.055	  3.50473e+07
634.342	  3.50402e+07
634.629	  3.5033e+07
634.916	  3.50259e+07
635.203	  3.50187e+07
635.49	  3.50115e+07
635.777	  3.50043e+07
636.064	  3.4997e+07
636.351	  3.49898e+07
636.638	  3.49825e+07
636.925	  3.49753e+07
637.212	  3.4968e+07
637.499	  3.49607e+07
637.786	  3.49533e+07
638.073	  3.4946e+07
638.36	  3.49386e+07
638.647	  3.49313e+07
638.934	  3.49239e+07
639.221	  3.49165e+07
639.508	  3.49091e+07
639.795	  3.49017e+07
640.082	  3.48942e+07
640.369	  3.48868e+07
640.656	  3.48793e+07
640.943	  3.48718e+07
641.23	  3.48643e+07
641.517	  3.48568e+07
641.804	  3.48492e+07
642.091	  3.48417e+07
642.378	  3.48341e+07
642.665	  3.48265e+07
642.952	  3.4819e+07
643.239	  3.48114e+07
643.526	  3.48037e+07
643.813	  3.47961e+07
644.1	  3.47884e+07
644.387	  3.47808e+07
644.674	  3.47731e+07
644.961	  3.47654e+07
645.248	  3.47577e+07
645.535	  3.475e+07
645.822	  3.47422e+07
646.109	  3.47345e+07
646.396	  3.47267e+07
646.683	  3.47189e+07
646.97	  3.47111e+07
647.257	  3.47033e+07
647.544	  3.46955e+07
647.831	  3.46877e+07
648.118	  3.46798e+07
648.405	  3.4672e+07
648.692	  3.46641e+07
648.979	  3.46562e+07
649.266	  3.46483e+07
649.553	  3.46404e+07
649.84	  3.46324e+07
650.127	  3.46245e+07
650.414	  3.46165e+07
650.701	  3.46085e+07
650.988	  3.46006e+07
651.275	  3.45926e+07
651.562	  3.45845e+07
651.849	  3.45765e+07
652.136	  3.45685e+07
652.423	  3.45604e+07
652.71	  3.45523e+07
652.997	  3.45443e+07
653.284	  3.45362e+07
653.571	  3.4528e+07
653.858	  3.45199e+07
654.145	  3.45118e+07
654.432	  3.45036e+07
654.719	  3.44955e+07
655.006	  3.44873e+07
655.293	  3.44791e+07
655.58	  3.44709e+07
655.867	  3.44627e+07
656.154	  3.44544e+07
656.441	  3.44462e+07
656.728	  3.44379e+07
657.015	  3.44297e+07
657.302	  3.44214e+07
657.589	  3.44131e+07
657.876	  3.44048e+07
658.163	  3.43965e+07
658.45	  3.43881e+07
658.737	  3.43798e+07
659.024	  3.43714e+07
659.311	  3.4363e+07
659.598	  3.43547e+07
659.885	  3.43463e+07
660.172	  3.43378e+07
660.459	  3.43294e+07
660.746	  3.4321e+07
661.033	  3.43125e+07
661.32	  3.43041e+07
661.607	  3.42956e+07
661.894	  3.42871e+07
662.181	  3.42786e+07
662.468	  3.42701e+07
662.755	  3.42616e+07
663.042	  3.4253e+07
663.329	  3.42445e+07
663.616	  3.42359e+07
663.903	  3.42274e+07
664.19	  3.42188e+07
664.477	  3.42102e+07
664.764	  3.42016e+07
665.051	  3.4193e+07
665.338	  3.41843e+07
665.625	  3.41757e+07
665.912	  3.4167e+07
666.199	  3.41583e+07
666.486	  3.41497e+07
666.773	  3.4141e+07
667.06	  3.41323e+07
667.347	  3.41235e+07
667.634	  3.41148e+07
667.921	  3.41061e+07
668.208	  3.40973e+07
668.495	  3.40886e+07
668.782	  3.40798e+07
669.069	  3.4071e+07
669.356	  3.40622e+07
669.643	  3.40534e+07
669.93	  3.40446e+07
670.217	  3.40357e+07
670.504	  3.40269e+07
670.791	  3.4018e+07
671.078	  3.40091e+07
671.365	  3.40003e+07
671.652	  3.39914e+07
671.939	  3.39825e+07
672.226	  3.39736e+07
672.513	  3.39646e+07
672.8	  3.39557e+07
673.087	  3.39467e+07
673.374	  3.39378e+07
673.661	  3.39288e+07
673.948	  3.39198e+07
674.235	  3.39108e+07
674.522	  3.39018e+07
674.809	  3.38928e+07
675.096	  3.38838e+07
675.383	  3.38747e+07
675.67	  3.38657e+07
675.957	  3.38566e+07
676.244	  3.38476e+07
676.531	  3.38385e+07
676.818	  3.38294e+07
677.105	  3.38203e+07
677.392	  3.38112e+07
677.679	  3.3802e+07
677.966	  3.37929e+07
678.253	  3.37838e+07
678.54	  3.37746e+07
678.827	  3.37654e+07
679.114	  3.37563e+07
679.401	  3.37471e+07
679.688	  3.37379e+07
679.975	  3.37287e+07
680.262	  3.37194e+07
680.549	  3.37102e+07
680.836	  3.3701e+07
681.123	  3.36917e+07
681.41	  3.36824e+07
681.697	  3.36732e+07
681.984	  3.36639e+07
682.271	  3.36546e+07
682.558	  3.36453e+07
682.845	  3.3636e+07
683.132	  3.36266e+07
683.419	  3.36173e+07
683.706	  3.3608e+07
683.993	  3.35986e+07
684.28	  3.35892e+07
684.567	  3.35799e+07
684.854	  3.35705e+07
685.141	  3.35611e+07
685.428	  3.35517e+07
685.715	  3.35423e+07
686.002	  3.35328e+07
686.289	  3.35234e+07
686.576	  3.3514e+07
686.863	  3.35045e+07
687.15	  3.3495e+07
687.437	  3.34856e+07
687.724	  3.34761e+07
688.011	  3.34666e+07
688.298	  3.34571e+07
688.585	  3.34476e+07
688.872	  3.3438e+07
689.159	  3.34285e+07
689.446	  3.3419e+07
689.733	  3.34094e+07
690.02	  3.33998e+07
690.307	  3.33903e+07
690.594	  3.33807e+07
690.881	  3.33711e+07
691.168	  3.33615e+07
691.455	  3.33519e+07
691.742	  3.33423e+07
692.029	  3.33326e+07
692.316	  3.3323e+07
692.603	  3.33133e+07
692.89	  3.33037e+07
693.177	  3.3294e+07
693.464	  3.32843e+07
693.751	  3.32747e+07
694.038	  3.3265e+07
694.325	  3.32553e+07
694.612	  3.32455e+07
694.899	  3.32358e+07
695.186	  3.32261e+07
695.473	  3.32163e+07
695.76	  3.32066e+07
696.047	  3.31968e+07
696.334	  3.31871e+07
696.621	  3.31773e+07
696.908	  3.31675e+07
697.195	  3.31577e+07
697.482	  3.31479e+07
697.769	  3.31381e+07
698.056	  3.31283e+07
698.343	  3.31185e+07
698.63	  3.31086e+07
698.917	  3.30988e+07
699.204	  3.30889e+07
699.491	  3.3079e+07
699.778	  3.30692e+07
700.065	  3.30593e+07
700.352	  3.30494e+07
700.639	  3.30395e+07
700.926	  3.30296e+07
701.213	  3.30197e+07
701.5	  3.30098e+07
701.787	  3.29998e+07
702.074	  3.29899e+07
702.361	  3.29799e+07
702.648	  3.297e+07
702.935	  3.296e+07
703.222	  3.295e+07
703.509	  3.294e+07
703.796	  3.29301e+07
704.083	  3.29201e+07
704.37	  3.291e+07
704.657	  3.29e+07
704.944	  3.289e+07
705.231	  3.288e+07
705.518	  3.28699e+07
705.805	  3.28599e+07
706.092	  3.28498e+07
706.379	  3.28398e+07
706.666	  3.28297e+07
706.953	  3.28196e+07
707.24	  3.28095e+07
707.527	  3.27994e+07
707.814	  3.27893e+07
708.101	  3.27792e+07
708.388	  3.27691e+07
708.675	  3.27589e+07
708.962	  3.27488e+07
709.249	  3.27387e+07
709.536	  3.27285e+07
709.823	  3.27183e+07
710.11	  3.27082e+07
710.397	  3.2698e+07
710.684	  3.26878e+07
710.971	  3.26776e+07
711.258	  3.26674e+07
711.545	  3.26572e+07
711.832	  3.2647e+07
712.119	  3.26368e+07
712.406	  3.26265e+07
712.693	  3.26163e+07
712.98	  3.26061e+07
713.267	  3.25958e+07
713.554	  3.25855e+07
713.841	  3.25753e+07
714.128	  3.2565e+07
714.415	  3.25547e+07
714.702	  3.25444e+07
714.989	  3.25341e+07
715.276	  3.25238e+07
715.563	  3.25135e+07
715.85	  3.25032e+07
716.137	  3.24929e+07
716.424	  3.24825e+07
716.711	  3.24722e+07
716.998	  3.24618e+07
717.285	  3.24515e+07
717.572	  3.24411e+07
717.859	  3.24308e+07
718.146	  3.24204e+07
718.433	  3.241e+07
718.72	  3.23996e+07
719.007	  3.23892e+07
719.294	  3.23788e+07
719.581	  3.23684e+07
719.868	  3.2358e+07
720.155	  3.23475e+07
720.442	  3.23371e+07
720.729	  3.23267e+07
721.016	  3.23162e+07
721.303	  3.23058e+07
721.59	  3.22953e+07
721.877	  3.22848e+07
722.164	  3.22744e+07
722.451	  3.22639e+07
722.738	  3.22534e+07
723.025	  3.22429e+07
723.312	  3.22324e+07
723.599	  3.22219e+07
723.886	  3.22114e+07
724.173	  3.22009e+07
724.46	  3.21903e+07
724.747	  3.21798e+07
725.034	  3.21692e+07
725.321	  3.21587e+07
725.608	  3.21481e+07
725.895	  3.21376e+07
726.182	  3.2127e+07
726.469	  3.21164e+07
726.756	  3.21059e+07
727.043	  3.20953e+07
727.33	  3.20847e+07
727.617	  3.20741e+07
727.904	  3.20635e+07
728.191	  3.20529e+07
728.478	  3.20422e+07
728.765	  3.20316e+07
729.052	  3.2021e+07
729.339	  3.20104e+07
729.626	  3.19997e+07
729.913	  3.19891e+07
730.2	  3.19784e+07
730.487	  3.19677e+07
730.774	  3.19571e+07
731.061	  3.19464e+07
731.348	  3.19357e+07
731.635	  3.1925e+07
731.922	  3.19143e+07
732.209	  3.19036e+07
732.496	  3.18929e+07
732.783	  3.18822e+07
733.07	  3.18715e+07
733.357	  3.18608e+07
733.644	  3.18501e+07
733.931	  3.18393e+07
734.218	  3.18286e+07
734.505	  3.18178e+07
734.792	  3.18071e+07
735.079	  3.17963e+07
735.366	  3.17856e+07
735.653	  3.17748e+07
735.94	  3.1764e+07
736.227	  3.17532e+07
736.514	  3.17425e+07
736.801	  3.17317e+07
737.088	  3.17209e+07
737.375	  3.17101e+07
737.662	  3.16993e+07
737.949	  3.16884e+07
738.236	  3.16776e+07
738.523	  3.16668e+07
738.81	  3.1656e+07
739.097	  3.16451e+07
739.384	  3.16343e+07
739.671	  3.16234e+07
739.958	  3.16126e+07
740.245	  3.16017e+07
740.532	  3.15909e+07
740.819	  3.158e+07
741.106	  3.15691e+07
741.393	  3.15582e+07
741.68	  3.15473e+07
741.967	  3.15365e+07
742.254	  3.15256e+07
742.541	  3.15147e+07
742.828	  3.15037e+07
743.115	  3.14928e+07
743.402	  3.14819e+07
743.689	  3.1471e+07
743.976	  3.14601e+07
744.263	  3.14491e+07
744.55	  3.14382e+07
744.837	  3.14273e+07
745.124	  3.14163e+07
745.411	  3.14054e+07
745.698	  3.13944e+07
745.985	  3.13834e+07
746.272	  3.13725e+07
746.559	  3.13615e+07
746.846	  3.13505e+07
747.133	  3.13395e+07
747.42	  3.13285e+07
747.707	  3.13175e+07
747.994	  3.13065e+07
748.281	  3.12955e+07
748.568	  3.12845e+07
748.855	  3.12735e+07
749.142	  3.12625e+07
749.429	  3.12515e+07
749.716	  3.12405e+07
750.003	  3.12294e+07
750.29	  3.12184e+07
750.577	  3.12073e+07
750.864	  3.11963e+07
751.151	  3.11852e+07
751.438	  3.11742e+07
751.725	  3.11631e+07
752.012	  3.11521e+07
752.299	  3.1141e+07
752.586	  3.11299e+07
752.873	  3.11188e+07
753.16	  3.11078e+07
753.447	  3.10967e+07
753.734	  3.10856e+07
754.021	  3.10745e+07
754.308	  3.10634e+07
754.595	  3.10523e+07
754.882	  3.10412e+07
755.169	  3.103e+07
755.456	  3.10189e+07
755.743	  3.10078e+07
756.03	  3.09967e+07
756.317	  3.09855e+07
756.604	  3.09744e+07
756.891	  3.09633e+07
757.178	  3.09521e+07
757.465	  3.0941e+07
757.752	  3.09298e+07
758.039	  3.09187e+07
758.326	  3.09075e+07
758.613	  3.08963e+07
758.9	  3.08852e+07
759.187	  3.0874e+07
759.474	  3.08628e+07
759.761	  3.08516e+07
760.048	  3.08404e+07
760.335	  3.08292e+07
760.622	  3.0818e+07
760.909	  3.08068e+07
761.196	  3.07956e+07
761.483	  3.07844e+07
761.77	  3.07732e+07
762.057	  3.0762e+07
762.344	  3.07508e+07
762.631	  3.07396e+07
762.918	  3.07283e+07
763.205	  3.07171e+07
763.492	  3.07059e+07
763.779	  3.06946e+07
764.066	  3.06834e+07
764.353	  3.06721e+07
764.64	  3.06609e+07
764.927	  3.06496e+07
765.214	  3.06384e+07
765.501	  3.06271e+07
765.788	  3.06158e+07
766.075	  3.06046e+07
766.362	  3.05933e+07
766.649	  3.0582e+07
766.936	  3.05707e+07
767.223	  3.05595e+07
767.51	  3.05482e+07
767.797	  3.05369e+07
768.084	  3.05256e+07
768.371	  3.05143e+07
768.658	  3.0503e+07
768.945	  3.04917e+07
769.232	  3.04804e+07
769.519	  3.0469e+07
769.806	  3.04577e+07
770.093	  3.04464e+07
770.38	  3.04351e+07
770.667	  3.04238e+07
770.954	  3.04124e+07
771.241	  3.04011e+07
771.528	  3.03898e+07
771.815	  3.03784e+07
772.102	  3.03671e+07
772.389	  3.03557e+07
772.676	  3.03444e+07
772.963	  3.0333e+07
773.25	  3.03217e+07
773.537	  3.03103e+07
773.824	  3.02989e+07
774.111	  3.02876e+07
774.398	  3.02762e+07
774.685	  3.02648e+07
774.972	  3.02534e+07
775.259	  3.02421e+07
775.546	  3.02307e+07
775.833	  3.02193e+07
776.12	  3.02079e+07
776.407	  3.01965e+07
776.694	  3.01851e+07
776.981	  3.01737e+07
777.268	  3.01623e+07
777.555	  3.01509e+07
777.842	  3.01395e+07
778.129	  3.01281e+07
778.416	  3.01166e+07
778.703	  3.01052e+07
778.99	  3.00938e+07
779.277	  3.00824e+07
779.564	  3.0071e+07
779.851	  3.00595e+07
780.138	  3.00481e+07
780.425	  3.00367e+07
780.712	  3.00252e+07
780.999	  3.00138e+07
781.286	  3.00023e+07
781.573	  2.99909e+07
781.86	  2.99794e+07
782.147	  2.9968e+07
782.434	  2.99565e+07
782.721	  2.99451e+07
783.008	  2.99336e+07
783.295	  2.99221e+07
783.582	  2.99107e+07
783.869	  2.98992e+07
784.156	  2.98877e+07
784.443	  2.98762e+07
784.73	  2.98648e+07
785.017	  2.98533e+07
785.304	  2.98418e+07
785.591	  2.98303e+07
785.878	  2.98188e+07
786.165	  2.98073e+07
786.452	  2.97958e+07
786.739	  2.97843e+07
787.026	  2.97728e+07
787.313	  2.97613e+07
787.6	  2.97498e+07
787.887	  2.97383e+07
788.174	  2.97268e+07
788.461	  2.97153e+07
788.748	  2.97038e+07
789.035	  2.96923e+07
789.322	  2.96808e+07
789.609	  2.96692e+07
789.896	  2.96577e+07
790.183	  2.96462e+07
790.47	  2.96347e+07
790.757	  2.96231e+07
791.044	  2.96116e+07
791.331	  2.96001e+07
791.618	  2.95885e+07
791.905	  2.9577e+07
792.192	  2.95654e+07
792.479	  2.95539e+07
792.766	  2.95423e+07
793.053	  2.95308e+07
793.34	  2.95192e+07
793.627	  2.95077e+07
793.914	  2.94961e+07
794.201	  2.94846e+07
794.488	  2.9473e+07
794.775	  2.94615e+07
795.062	  2.94499e+07
795.349	  2.94383e+07
795.636	  2.94267e+07
795.923	  2.94152e+07
796.21	  2.94036e+07
796.497	  2.9392e+07
796.784	  2.93804e+07
797.071	  2.93689e+07
797.358	  2.93573e+07
797.645	  2.93457e+07
797.932	  2.93341e+07
798.219	  2.93225e+07
798.506	  2.93109e+07
798.793	  2.92993e+07
799.08	  2.92878e+07
799.367	  2.92762e+07
799.654	  2.92646e+07
799.941	  2.9253e+07
800.228	  2.92414e+07
800.515	  2.92298e+07
800.802	  2.92182e+07
801.089	  2.92065e+07
801.376	  2.91949e+07
801.663	  2.91833e+07
801.95	  2.91717e+07
802.237	  2.91601e+07
802.524	  2.91485e+07
802.811	  2.91369e+07
803.098	  2.91252e+07
803.385	  2.91136e+07
803.672	  2.9102e+07
803.959	  2.90904e+07
804.246	  2.90787e+07
804.533	  2.90671e+07
804.82	  2.90555e+07
805.107	  2.90439e+07
805.394	  2.90322e+07
805.681	  2.90206e+07
805.968	  2.9009e+07
806.255	  2.89973e+07
806.542	  2.89857e+07
806.829	  2.8974e+07
807.116	  2.89624e+07
807.403	  2.89507e+07
807.69	  2.89391e+07
807.977	  2.89275e+07
808.264	  2.89158e+07
808.551	  2.89042e+07
808.838	  2.88925e+07
809.125	  2.88808e+07
809.412	  2.88692e+07
809.699	  2.88575e+07
809.986	  2.88459e+07
810.273	  2.88342e+07
810.56	  2.88226e+07
810.847	  2.88109e+07
811.134	  2.87992e+07
811.421	  2.87876e+07
811.708	  2.87759e+07
811.995	  2.87642e+07
812.282	  2.87526e+07
812.569	  2.87409e+07
812.856	  2.87292e+07
813.143	  2.87175e+07
813.43	  2.87059e+07
813.717	  2.86942e+07
814.004	  2.86825e+07
814.291	  2.86708e+07
814.578	  2.86592e+07
814.865	  2.86475e+07
815.152	  2.86358e+07
815.439	  2.86241e+07
815.726	  2.86124e+07
816.013	  2.86007e+07
816.3	  2.85891e+07
816.587	  2.85774e+07
816.874	  2.85657e+07
817.161	  2.8554e+07
817.448	  2.85423e+07
817.735	  2.85306e+07
818.022	  2.85189e+07
818.309	  2.85072e+07
818.596	  2.84955e+07
818.883	  2.84838e+07
819.17	  2.84721e+07
819.457	  2.84604e+07
820.002	  2.84382e+07
820.031	  2.8437e+07
820.059	  2.84359e+07
820.088	  2.84347e+07
820.117	  2.84335e+07
820.146	  2.84324e+07
820.174	  2.84312e+07
820.203	  2.843e+07
820.232	  2.84288e+07
820.26	  2.84277e+07
820.289	  2.84265e+07
820.318	  2.84253e+07
820.346	  2.84242e+07
820.375	  2.8423e+07
820.404	  2.84218e+07
820.433	  2.84207e+07
820.461	  2.84195e+07
820.49	  2.84183e+07
820.519	  2.84171e+07
820.547	  2.8416e+07
820.576	  2.84148e+07
820.605	  2.84136e+07
820.633	  1.44181e+07
820.662	  1.44176e+07
820.691	  1.4417e+07
820.72	  1.44165e+07
820.748	  1.44159e+07
820.777	  1.44154e+07
820.806	  1.44149e+07
820.834	  1.44143e+07
820.863	  1.44138e+07
820.892	  1.44132e+07
820.92	  1.44127e+07
820.949	  1.44122e+07
820.978	  1.44116e+07
821.007	  1.44111e+07
821.035	  1.44105e+07
821.064	  1.441e+07
821.093	  1.44095e+07
821.121	  1.44089e+07
821.15	  1.44084e+07
821.179	  1.44078e+07
821.207	  1.44073e+07
821.236	  1.44068e+07
821.265	  1.44062e+07
821.294	  1.44057e+07
821.322	  1.44051e+07
821.351	  1.44046e+07
821.38	  1.44041e+07
821.408	  1.44035e+07
821.437	  1.4403e+07
821.466	  1.44024e+07
821.494	  1.44019e+07
821.523	  1.44014e+07
821.552	  1.44008e+07
821.581	  1.44003e+07
821.609	  1.43997e+07
821.638	  1.43992e+07
821.667	  1.43987e+07
821.695	  1.43981e+07
821.724	  1.43976e+07
821.753	  1.4397e+07
821.781	  1.43965e+07
821.81	  1.43959e+07
821.839	  1.43954e+07
821.868	  1.43949e+07
821.896	  1.43943e+07
821.925	  1.43938e+07
821.954	  1.43932e+07
821.982	  1.43927e+07
822.011	  1.43922e+07
822.011	  1.43922e+07
822.298	  1.43868e+07
822.585	  1.43814e+07
822.872	  1.4376e+07
823.159	  1.43706e+07
823.446	  1.43652e+07
823.733	  1.43598e+07
824.02	  1.43544e+07
824.307	  1.4349e+07
824.594	  1.43436e+07
824.881	  1.43382e+07
825.168	  1.43328e+07
825.455	  1.43274e+07
825.742	  1.4322e+07
826.029	  1.43166e+07
826.316	  1.43112e+07
826.603	  1.43059e+07
826.89	  1.43005e+07
827.177	  1.42951e+07
827.464	  1.42897e+07
827.751	  1.42843e+07
828.038	  1.42789e+07
828.325	  1.42735e+07
828.612	  1.42682e+07
828.899	  1.42628e+07
829.186	  1.42574e+07
829.473	  1.4252e+07
829.76	  1.42467e+07
830.047	  1.42413e+07
830.334	  1.42359e+07
830.621	  1.42305e+07
830.908	  1.42252e+07
831.195	  1.42198e+07
831.482	  1.42144e+07
831.769	  1.4209e+07
832.056	  1.42037e+07
832.343	  1.41983e+07
832.63	  1.41929e+07
832.917	  1.41876e+07
833.204	  1.41822e+07
833.491	  1.41769e+07
833.778	  1.41715e+07
834.065	  1.41661e+07
834.352	  1.41608e+07
834.639	  1.41554e+07
834.926	  1.41501e+07
835.213	  1.41447e+07
835.5	  1.41393e+07
835.787	  1.4134e+07
836.074	  1.41286e+07
836.361	  1.41233e+07
836.648	  1.41179e+07
836.935	  1.41126e+07
837.222	  1.41072e+07
837.509	  1.41019e+07
837.796	  1.40965e+07
838.083	  1.40912e+07
838.37	  1.40858e+07
838.657	  1.40805e+07
838.944	  1.40752e+07
839.231	  1.40698e+07
839.518	  1.40645e+07
839.805	  1.40591e+07
840.092	  1.40538e+07
840.379	  1.40485e+07
840.666	  1.40431e+07
840.953	  1.40378e+07
841.24	  1.40325e+07
841.527	  1.40271e+07
841.814	  1.40218e+07
842.101	  1.40165e+07
842.388	  1.40111e+07
842.675	  1.40058e+07
842.962	  1.40005e+07
843.249	  1.39952e+07
843.536	  1.39898e+07
843.823	  1.39845e+07
844.11	  1.39792e+07
844.397	  1.39739e+07
844.684	  1.39685e+07
844.971	  1.39632e+07
845.258	  1.39579e+07
845.545	  1.39526e+07
845.832	  1.39473e+07
846.119	  1.3942e+07
846.406	  1.39366e+07
846.693	  1.39313e+07
846.98	  1.3926e+07
847.267	  1.39207e+07
847.554	  1.39154e+07
847.841	  1.39101e+07
848.128	  1.39048e+07
848.415	  1.38995e+07
848.702	  1.38942e+07
848.989	  1.38889e+07
849.276	  1.38836e+07
849.563	  1.38783e+07
849.85	  1.3873e+07
850.137	  1.38677e+07
850.424	  1.38624e+07
850.711	  1.38571e+07
850.998	  1.38518e+07
851.285	  1.38465e+07
851.572	  1.38412e+07
851.859	  1.38359e+07
852.146	  1.38306e+07
852.433	  1.38253e+07
852.72	  1.382e+07
853.007	  1.38148e+07
853.294	  1.38095e+07
853.581	  1.38042e+07
853.868	  1.37989e+07
854.155	  1.37936e+07
854.442	  1.37883e+07
854.729	  1.37831e+07
855.016	  1.37778e+07
855.303	  1.37725e+07
855.59	  1.37672e+07
855.877	  1.3762e+07
856.164	  1.37567e+07
856.451	  1.37514e+07
856.738	  1.37461e+07
857.025	  1.37409e+07
857.312	  1.37356e+07
857.599	  1.37303e+07
857.886	  1.37251e+07
858.173	  1.37198e+07
858.46	  1.37145e+07
858.747	  1.37093e+07
859.034	  1.3704e+07
859.321	  1.36988e+07
859.608	  1.36935e+07
859.895	  1.36882e+07
860.182	  1.3683e+07
860.469	  1.36777e+07
860.756	  1.36725e+07
861.043	  1.36672e+07
861.33	  1.3662e+07
861.617	  1.36567e+07
861.904	  1.36515e+07
862.191	  1.36462e+07
862.478	  1.3641e+07
862.765	  1.36357e+07
863.052	  1.36305e+07
863.339	  1.36253e+07
863.626	  1.362e+07
863.913	  1.36148e+07
864.2	  1.36095e+07
864.487	  1.36043e+07
864.774	  1.35991e+07
865.061	  1.35938e+07
865.348	  1.35886e+07
865.635	  1.35834e+07
865.922	  1.35781e+07
866.209	  1.35729e+07
866.496	  1.35677e+07
866.783	  1.35625e+07
867.07	  1.35572e+07
867.357	  1.3552e+07
867.644	  1.35468e+07
867.931	  1.35416e+07
868.218	  1.35363e+07
868.505	  1.35311e+07
868.792	  1.35259e+07
869.079	  1.35207e+07
869.366	  1.35155e+07
869.653	  1.35103e+07
869.94	  1.3505e+07
870.227	  1.34998e+07
870.514	  1.34946e+07
870.801	  1.34894e+07
871.088	  1.34842e+07
871.375	  1.3479e+07
871.662	  1.34738e+07
871.949	  1.34686e+07
872.236	  1.34634e+07
872.523	  1.34582e+07
872.81	  1.3453e+07
873.097	  1.34478e+07
873.384	  1.34426e+07
873.671	  1.34374e+07
873.958	  1.34322e+07
874.245	  1.3427e+07
874.532	  1.34218e+07
874.819	  1.34166e+07
875.106	  1.34114e+07
875.393	  1.34063e+07
875.68	  1.34011e+07
875.967	  1.33959e+07
876.254	  1.33907e+07
876.541	  1.33855e+07
876.828	  1.33803e+07
877.115	  1.33752e+07
877.402	  1.337e+07
877.689	  1.33648e+07
877.976	  1.33596e+07
878.263	  1.33545e+07
878.55	  1.33493e+07
878.837	  1.33441e+07
879.124	  1.33389e+07
879.411	  1.33338e+07
879.698	  1.33286e+07
879.985	  1.33234e+07
880.272	  1.33183e+07
880.559	  1.33131e+07
880.846	  1.3308e+07
881.133	  1.33028e+07
881.42	  1.32976e+07
881.707	  1.32925e+07
881.994	  1.32873e+07
882.281	  1.32822e+07
882.568	  1.3277e+07
882.855	  1.32719e+07
883.142	  1.32667e+07
883.429	  1.32616e+07
883.716	  1.32564e+07
884.003	  1.32513e+07
884.29	  1.32461e+07
884.577	  1.3241e+07
884.864	  1.32358e+07
885.151	  1.32307e+07
885.438	  1.32256e+07
885.725	  1.32204e+07
886.012	  1.32153e+07
886.299	  1.32101e+07
886.586	  1.3205e+07
886.873	  1.31999e+07
887.16	  1.31947e+07
887.447	  1.31896e+07
887.734	  1.31845e+07
888.021	  1.31794e+07
888.308	  1.31742e+07
888.595	  1.31691e+07
888.882	  1.3164e+07
889.169	  1.31589e+07
889.456	  1.31537e+07
889.743	  1.31486e+07
890.03	  1.31435e+07
890.317	  1.31384e+07
890.604	  1.31333e+07
890.891	  1.31282e+07
891.178	  1.3123e+07
891.465	  1.31179e+07
891.752	  1.31128e+07
892.039	  1.31077e+07
892.326	  1.31026e+07
892.613	  1.30975e+07
892.9	  1.30924e+07
893.187	  1.30873e+07
893.474	  1.30822e+07
893.761	  1.30771e+07
894.048	  1.3072e+07
894.335	  1.30669e+07
894.622	  1.30618e+07
894.909	  1.30567e+07
895.196	  1.30516e+07
895.483	  1.30465e+07
895.77	  1.30415e+07
896.057	  1.30364e+07
896.344	  1.30313e+07
896.631	  1.30262e+07
896.918	  1.30211e+07
897.205	  1.3016e+07
897.492	  1.30109e+07
897.779	  1.30059e+07
898.066	  1.30008e+07
898.353	  1.29957e+07
898.64	  1.29906e+07
898.927	  1.29856e+07
899.214	  1.29805e+07
899.501	  1.29754e+07
899.788	  1.29704e+07
900.075	  1.29653e+07
900.362	  1.29602e+07
900.649	  1.29552e+07
900.936	  1.29501e+07
901.223	  1.2945e+07
901.51	  1.294e+07
901.797	  1.29349e+07
902.084	  1.29299e+07
902.371	  1.29248e+07
902.658	  1.29197e+07
902.945	  1.29147e+07
903.232	  1.29096e+07
903.519	  1.29046e+07
903.806	  1.28995e+07
904.093	  1.28945e+07
904.38	  1.28894e+07
904.667	  1.28844e+07
904.954	  1.28794e+07
905.241	  1.28743e+07
905.528	  1.28693e+07
905.815	  1.28642e+07
906.102	  1.28592e+07
906.389	  1.28542e+07
906.676	  1.28491e+07
906.963	  1.28441e+07
907.25	  1.28391e+07
907.537	  1.2834e+07
907.824	  1.2829e+07
908.111	  1.2824e+07
908.398	  1.2819e+07
908.685	  1.28139e+07
908.972	  1.28089e+07
909.259	  1.28039e+07
909.546	  1.27989e+07
909.833	  1.27939e+07
910.12	  1.27888e+07
910.407	  1.27838e+07
910.694	  1.27788e+07
910.981	  1.27738e+07
911.268	  1.27688e+07
911.555	  1.27638e+07
911.842	  1.27588e+07
912.129	  1.27538e+07
912.416	  1.27488e+07
912.703	  1.27438e+07
912.99	  1.27388e+07
913.277	  1.27338e+07
913.564	  1.27288e+07
913.851	  1.27238e+07
914.138	  1.27188e+07
914.425	  1.27138e+07
914.712	  1.27088e+07
914.999	  1.27038e+07
915.286	  1.26988e+07
915.573	  1.26938e+07
915.86	  1.26888e+07
916.147	  1.26838e+07
916.434	  1.26788e+07
916.721	  1.26739e+07
917.008	  1.26689e+07
917.295	  1.26639e+07
917.582	  1.26589e+07
917.869	  1.2654e+07
918.156	  1.2649e+07
918.443	  1.2644e+07
918.73	  1.2639e+07
919.017	  1.26341e+07
919.304	  1.26291e+07
919.591	  1.26241e+07
919.878	  1.26192e+07
920.165	  1.26142e+07
920.452	  1.26092e+07
920.739	  1.26043e+07
921.026	  1.25993e+07
921.313	  1.25944e+07
921.6	  1.25894e+07
921.887	  1.25844e+07
922.174	  1.25795e+07
922.461	  1.25745e+07
922.748	  1.25696e+07
923.035	  1.25646e+07
923.322	  1.25597e+07
923.609	  1.25547e+07
923.896	  1.25498e+07
924.183	  1.25449e+07
924.47	  1.25399e+07
924.757	  1.2535e+07
925.044	  1.253e+07
925.331	  1.25251e+07
925.618	  1.25202e+07
925.905	  1.25152e+07
926.192	  1.25103e+07
926.479	  1.25054e+07
926.766	  1.25004e+07
927.053	  1.24955e+07
927.34	  1.24906e+07
927.627	  1.24857e+07
927.914	  1.24807e+07
928.201	  1.24758e+07
928.488	  1.24709e+07
928.775	  1.2466e+07
929.062	  1.24611e+07
929.349	  1.24561e+07
929.636	  1.24512e+07
929.923	  1.24463e+07
930.21	  1.24414e+07
930.497	  1.24365e+07
930.784	  1.24316e+07
931.071	  1.24267e+07
931.358	  1.24218e+07
931.645	  1.24169e+07
931.932	  1.2412e+07
932.219	  1.24071e+07
932.506	  1.24022e+07
932.793	  1.23973e+07
933.08	  1.23924e+07
933.367	  1.23875e+07
933.654	  1.23826e+07
933.941	  1.23777e+07
934.228	  1.23728e+07
934.515	  1.23679e+07
934.802	  1.2363e+07
935.089	  1.23582e+07
935.376	  1.23533e+07
935.663	  1.23484e+07
935.95	  1.23435e+07
936.237	  1.23386e+07
936.524	  1.23338e+07
936.811	  1.23289e+07
937.098	  1.2324e+07
937.385	  1.23191e+07
937.672	  1.23143e+07
937.959	  1.23094e+07
938.246	  1.23045e+07
938.533	  1.22997e+07
938.82	  1.22948e+07
939.107	  1.22899e+07
939.394	  1.22851e+07
939.681	  1.22802e+07
939.968	  1.22753e+07
940.255	  1.22705e+07
940.542	  1.22656e+07
940.829	  1.22608e+07
941.116	  1.22559e+07
941.403	  1.22511e+07
941.69	  1.22462e+07
941.977	  1.22414e+07
942.264	  1.22365e+07
942.551	  1.22317e+07
942.838	  1.22268e+07
943.125	  1.2222e+07
943.412	  1.22172e+07
943.699	  1.22123e+07
943.986	  1.22075e+07
944.273	  1.22027e+07
944.56	  1.21978e+07
944.847	  1.2193e+07
945.134	  1.21882e+07
945.421	  1.21833e+07
945.708	  1.21785e+07
945.995	  1.21737e+07
946.282	  1.21689e+07
946.569	  1.2164e+07
946.856	  1.21592e+07
947.143	  1.21544e+07
947.43	  1.21496e+07
947.717	  1.21448e+07
948.004	  1.21399e+07
948.291	  1.21351e+07
948.578	  1.21303e+07
948.865	  1.21255e+07
949.152	  1.21207e+07
949.439	  1.21159e+07
949.726	  1.21111e+07
950.013	  1.21063e+07
950.3	  1.21015e+07
950.587	  1.20967e+07
950.874	  1.20919e+07
951.161	  1.20871e+07
951.448	  1.20823e+07
951.735	  1.20775e+07
952.022	  1.20727e+07
952.309	  1.20679e+07
952.596	  1.20631e+07
952.883	  1.20583e+07
953.17	  1.20535e+07
953.457	  1.20488e+07
953.744	  1.2044e+07
954.031	  1.20392e+07
954.318	  1.20344e+07
954.605	  1.20296e+07
954.892	  1.20249e+07
955.179	  1.20201e+07
955.466	  1.20153e+07
955.753	  1.20105e+07
956.04	  1.20058e+07
956.327	  1.2001e+07
956.614	  1.19962e+07
956.901	  1.19915e+07
957.188	  1.19867e+07
957.475	  1.19819e+07
957.762	  1.19772e+07
958.049	  1.19724e+07
958.336	  1.19677e+07
958.623	  1.19629e+07
958.91	  1.19581e+07
959.197	  1.19534e+07
959.484	  1.19486e+07
959.771	  1.19439e+07
960.058	  1.19391e+07
960.345	  1.19344e+07
960.632	  1.19297e+07
960.919	  1.19249e+07
961.206	  1.19202e+07
961.493	  1.19154e+07
961.78	  1.19107e+07
962.067	  1.1906e+07
962.354	  1.19012e+07
962.641	  1.18965e+07
962.928	  1.18917e+07
963.215	  1.1887e+07
963.502	  1.18823e+07
963.789	  1.18776e+07
964.076	  1.18728e+07
964.363	  1.18681e+07
964.65	  1.18634e+07
964.937	  1.18587e+07
965.224	  1.18539e+07
965.511	  1.18492e+07
965.798	  1.18445e+07
966.085	  1.18398e+07
966.372	  1.18351e+07
966.659	  1.18304e+07
966.946	  1.18257e+07
967.233	  1.18209e+07
967.52	  1.18162e+07
967.807	  1.18115e+07
968.094	  1.18068e+07
968.381	  1.18021e+07
968.668	  1.17974e+07
968.955	  1.17927e+07
969.242	  1.1788e+07
969.529	  1.17833e+07
969.816	  1.17786e+07
970.103	  1.17739e+07
970.39	  1.17693e+07
970.677	  1.17646e+07
970.964	  1.17599e+07
971.251	  1.17552e+07
971.538	  1.17505e+07
971.825	  1.17458e+07
972.112	  1.17411e+07
972.399	  1.17365e+07
972.686	  1.17318e+07
972.973	  1.17271e+07
973.26	  1.17224e+07
973.547	  1.17178e+07
973.834	  1.17131e+07
974.121	  1.17084e+07
974.408	  1.17037e+07
974.695	  1.16991e+07
974.982	  1.16944e+07
975.269	  1.16898e+07
975.556	  1.16851e+07
975.843	  1.16804e+07
976.13	  1.16758e+07
976.417	  1.16711e+07
976.704	  1.16665e+07
976.991	  1.16618e+07
977.278	  1.16571e+07
977.565	  1.16525e+07
977.852	  1.16478e+07
978.139	  1.16432e+07
978.426	  1.16386e+07
978.713	  1.16339e+07
979	  1.16293e+07
979.287	  1.16246e+07
979.574	  1.162e+07
979.861	  1.16153e+07
980.148	  1.16107e+07
980.435	  1.16061e+07
980.722	  1.16014e+07
981.009	  1.15968e+07
981.296	  1.15922e+07
981.583	  1.15875e+07
981.87	  1.15829e+07
982.157	  1.15783e+07
982.444	  1.15737e+07
982.731	  1.1569e+07
983.018	  1.15644e+07
983.305	  1.15598e+07
983.592	  1.15552e+07
983.879	  1.15506e+07
984.166	  1.1546e+07
984.453	  1.15413e+07
984.74	  1.15367e+07
985.027	  1.15321e+07
985.314	  1.15275e+07
985.601	  1.15229e+07
985.888	  1.15183e+07
986.175	  1.15137e+07
986.462	  1.15091e+07
986.749	  1.15045e+07
987.036	  1.14999e+07
987.323	  1.14953e+07
987.61	  1.14907e+07
987.897	  1.14861e+07
988.184	  1.14815e+07
988.471	  1.14769e+07
988.758	  1.14723e+07
989.045	  1.14678e+07
989.332	  1.14632e+07
989.619	  1.14586e+07
989.906	  1.1454e+07
990.193	  1.14494e+07
990.48	  1.14448e+07
990.767	  1.14403e+07
991.054	  1.14357e+07
991.341	  1.14311e+07
991.628	  1.14265e+07
991.915	  1.1422e+07
992.202	  1.14174e+07
992.489	  1.14128e+07
992.776	  1.14083e+07
993.063	  1.14037e+07
993.35	  1.13991e+07
993.637	  1.13946e+07
993.924	  1.139e+07
994.211	  1.13855e+07
994.498	  1.13809e+07
994.785	  1.13764e+07
995.072	  1.13718e+07
995.359	  1.13673e+07
995.646	  1.13627e+07
995.933	  1.13582e+07
996.22	  1.13536e+07
996.507	  1.13491e+07
996.794	  1.13445e+07
997.081	  1.134e+07
997.368	  1.13354e+07
997.655	  1.13309e+07
997.942	  1.13264e+07
998.229	  1.13218e+07
998.516	  1.13173e+07
998.803	  1.13128e+07
999.09	  1.13082e+07
999.377	  1.13037e+07
999.664	  1.12992e+07
999.951	  1.12946e+07
1000.24	  1.12901e+07
1000.52	  1.12856e+07
1000.81	  1.12811e+07
1001.1	  1.12766e+07
1001.39	  1.1272e+07
1001.67	  1.12675e+07
1001.96	  1.1263e+07
1002.25	  1.12585e+07
1002.53	  1.1254e+07
1002.82	  1.12495e+07
1003.11	  1.1245e+07
1003.39	  1.12405e+07
1003.68	  1.1236e+07
1003.97	  1.12315e+07
1004.26	  1.12269e+07
1004.54	  1.12224e+07
1004.83	  1.1218e+07
1005.12	  1.12135e+07
1005.4	  1.1209e+07
1005.69	  1.12045e+07
1005.98	  1.12e+07
1006.26	  1.11955e+07
1006.55	  1.1191e+07
1006.84	  1.11865e+07
1007.13	  1.1182e+07
1007.41	  1.11775e+07
1007.7	  1.11731e+07
1007.99	  1.11686e+07
1008.27	  1.11641e+07
1008.56	  1.11596e+07
1008.85	  1.11551e+07
1009.13	  1.11507e+07
1009.42	  1.11462e+07
1009.71	  1.11417e+07
1010	  1.11373e+07
1010.28	  1.11328e+07
1010.57	  1.11283e+07
1010.86	  1.11239e+07
1011.14	  1.11194e+07
1011.43	  1.11149e+07
1011.72	  1.11105e+07
1012	  1.1106e+07
1012.29	  1.11016e+07
1012.58	  1.10971e+07
1012.87	  1.10926e+07
1013.15	  1.10882e+07
1013.44	  1.10837e+07
1013.73	  1.10793e+07
1014.01	  1.10748e+07
1014.3	  1.10704e+07
1014.59	  1.1066e+07
1014.88	  1.10615e+07
1015.16	  1.10571e+07
1015.45	  1.10526e+07
1015.74	  1.10482e+07
1016.02	  1.10438e+07
1016.31	  1.10393e+07
1016.6	  1.10349e+07
1016.88	  1.10305e+07
1017.17	  1.1026e+07
1017.46	  1.10216e+07
1017.75	  1.10172e+07
1018.03	  1.10128e+07
1018.32	  1.10083e+07
1018.61	  1.10039e+07
1018.89	  1.09995e+07
1019.18	  1.09951e+07
1019.47	  1.09907e+07
1019.98	  1.09828e+07
1021.08	  1.09659e+07
1022.17	  1.09491e+07
1023.27	  1.09322e+07
1024.38	  1.09154e+07
1025.47	  1.08986e+07
1026.58	  1.08818e+07
1027.67	  1.0865e+07
1028.78	  1.08483e+07
1029.88	  1.08316e+07
1030.97	  1.08149e+07
1032.08	  1.07982e+07
1033.17	  1.07816e+07
1034.28	  1.0765e+07
1035.38	  1.07484e+07
1036.47	  1.07318e+07
1037.58	  1.07153e+07
1038.67	  1.06987e+07
1039.78	  1.06822e+07
1040.88	  1.06658e+07
1041.97	  1.06493e+07
1043.08	  1.06329e+07
1044.17	  1.06165e+07
1045.28	  1.06001e+07
1046.38	  1.05837e+07
1047.47	  1.05674e+07
1048.58	  1.05511e+07
1049.67	  1.05348e+07
1050.78	  1.05185e+07
1051.88	  1.05023e+07
1052.97	  1.04861e+07
1054.08	  1.04699e+07
1055.17	  1.04537e+07
1056.28	  1.04376e+07
1057.38	  1.04214e+07
1058.47	  1.04053e+07
1059.58	  1.03893e+07
1060.67	  1.03732e+07
1061.78	  1.03572e+07
1062.88	  1.03412e+07
1063.97	  1.03252e+07
1065.08	  1.03092e+07
1066.17	  1.02933e+07
1067.28	  1.02774e+07
1068.38	  1.02615e+07
1069.47	  1.02456e+07
1070.58	  1.02298e+07
1071.67	  1.02139e+07
1072.78	  1.01981e+07
1073.88	  1.01824e+07
1074.97	  1.01666e+07
1076.08	  1.01509e+07
1077.17	  1.01352e+07
1078.28	  1.01195e+07
1079.38	  1.01038e+07
1080.47	  1.00882e+07
1081.58	  1.00726e+07
1082.67	  1.0057e+07
1083.78	  1.00414e+07
1084.88	  1.00259e+07
1085.97	  1.00104e+07
1087.08	  9.99486e+06
1088.17	  9.97938e+06
1089.28	  9.96393e+06
1090.38	  9.9485e+06
1091.47	  9.93309e+06
1092.58	  9.91771e+06
1093.67	  9.90235e+06
1094.78	  9.88701e+06
1095.88	  9.87169e+06
1096.97	  9.8564e+06
1098.08	  9.84113e+06
1099.17	  9.82588e+06
1100.28	  9.81065e+06
1101.38	  9.79545e+06
1102.47	  9.78027e+06
1103.58	  9.76511e+06
1104.67	  9.74998e+06
1105.78	  9.73487e+06
1106.88	  9.71978e+06
1107.97	  9.70471e+06
1109.08	  9.68967e+06
1110.17	  9.67464e+06
1111.28	  9.65964e+06
1112.38	  9.64467e+06
1113.47	  9.62971e+06
1114.58	  9.61478e+06
1115.67	  9.59987e+06
1116.78	  9.58499e+06
1117.88	  9.57012e+06
1118.97	  9.55528e+06
1120.08	  9.54046e+06
1121.17	  9.52566e+06
1122.28	  9.51089e+06
1123.38	  9.49613e+06
1124.47	  9.4814e+06
1125.58	  9.46669e+06
1126.67	  9.45201e+06
1127.78	  9.43734e+06
1128.88	  9.4227e+06
1129.97	  9.40808e+06
1131.08	  9.39348e+06
1132.17	  9.37891e+06
1133.28	  9.36436e+06
1134.38	  9.34982e+06
1135.47	  9.33531e+06
1136.58	  9.32083e+06
1137.67	  9.30636e+06
1138.78	  9.29192e+06
1139.88	  9.2775e+06
1140.97	  9.2631e+06
1142.08	  9.24872e+06
1143.17	  9.23436e+06
1144.28	  9.22003e+06
1145.38	  9.20572e+06
1146.47	  9.19143e+06
1147.58	  9.17716e+06
1148.67	  9.16291e+06
1149.78	  9.14869e+06
1150.88	  9.13448e+06
1151.97	  9.1203e+06
1153.08	  9.10614e+06
1154.17	  9.092e+06
1155.28	  9.07789e+06
1156.38	  9.06379e+06
1157.47	  9.04972e+06
1158.58	  9.03566e+06
1159.67	  9.02163e+06
1160.78	  9.00762e+06
1161.88	  8.99364e+06
1162.97	  8.97967e+06
1164.08	  8.96573e+06
1165.17	  8.9518e+06
1166.28	  8.9379e+06
1167.38	  8.92402e+06
1168.47	  8.91016e+06
1169.58	  8.89632e+06
1170.67	  8.8825e+06
1171.78	  8.86871e+06
1172.88	  8.85493e+06
1173.97	  8.84118e+06
1175.08	  8.82745e+06
1176.17	  8.81374e+06
1177.28	  8.80005e+06
1178.38	  8.78638e+06
1179.47	  8.77273e+06
1180.58	  8.7591e+06
1181.67	  8.7455e+06
1182.78	  8.73191e+06
1183.88	  8.71835e+06
1184.97	  8.7048e+06
1186.08	  8.69128e+06
1187.17	  8.67778e+06
1188.28	  8.6643e+06
1189.38	  8.65084e+06
1190.47	  8.6374e+06
1191.58	  8.62398e+06
1192.67	  8.61059e+06
1193.78	  8.59721e+06
1194.88	  8.58385e+06
1195.97	  8.57052e+06
1197.08	  8.5572e+06
1198.17	  8.54391e+06
1199.28	  8.53064e+06
1200.38	  8.51738e+06
1201.47	  8.50415e+06
1202.58	  8.49094e+06
1203.67	  8.47775e+06
1204.78	  8.46458e+06
1205.88	  8.45143e+06
1206.97	  8.43829e+06
1208.08	  8.42518e+06
1209.17	  8.4121e+06
1210.28	  8.39903e+06
1211.38	  8.38598e+06
1212.47	  8.37295e+06
1213.58	  8.35994e+06
1214.67	  8.34695e+06
1215.78	  8.33398e+06
1216.88	  8.32104e+06
1217.97	  8.30811e+06
1219.08	  8.2952e+06
1220.17	  8.28231e+06
1221.28	  8.26945e+06
1222.38	  8.2566e+06
1223.47	  8.24377e+06
1224.58	  8.23096e+06
1225.67	  8.21817e+06
1226.78	  8.20541e+06
1227.88	  8.19266e+06
1228.97	  8.17993e+06
1230.08	  8.16722e+06
1231.17	  8.15453e+06
1232.28	  8.14187e+06
1233.38	  8.12922e+06
1234.47	  8.11659e+06
1235.58	  8.10398e+06
1236.67	  8.09139e+06
1237.78	  8.07882e+06
1238.88	  8.06627e+06
1239.97	  8.05374e+06
1241.08	  8.04123e+06
1242.17	  8.02873e+06
1243.28	  8.01626e+06
1244.38	  8.00381e+06
1245.47	  7.99138e+06
1246.58	  7.97896e+06
1247.67	  7.96657e+06
1248.78	  7.95419e+06
1249.88	  7.94184e+06
1250.97	  7.9295e+06
1252.08	  7.91718e+06
1253.17	  7.90488e+06
1254.28	  7.89261e+06
1255.38	  7.88035e+06
1256.47	  7.86811e+06
1257.58	  7.85589e+06
1258.67	  7.84368e+06
1259.78	  7.8315e+06
1260.88	  7.81934e+06
1261.97	  7.80719e+06
1263.08	  7.79507e+06
1264.17	  7.78296e+06
1265.28	  7.77087e+06
1266.38	  7.7588e+06
1267.47	  7.74675e+06
1268.58	  7.73472e+06
1269.67	  7.72271e+06
1270.78	  7.71072e+06
1271.88	  7.69874e+06
1272.97	  7.68679e+06
1274.08	  7.67485e+06
1275.17	  7.66293e+06
1276.28	  7.65103e+06
1277.38	  7.63915e+06
1278.47	  7.62729e+06
1279.58	  7.61544e+06
1280.67	  7.60362e+06
1281.78	  7.59181e+06
1282.88	  7.58002e+06
1283.97	  7.56826e+06
1285.08	  7.5565e+06
1286.17	  7.54477e+06
1287.28	  7.53306e+06
1288.38	  7.52136e+06
1289.47	  7.50968e+06
1290.58	  7.49803e+06
1291.67	  7.48639e+06
1292.78	  7.47476e+06
1293.88	  7.46316e+06
1294.97	  7.45157e+06
1296.08	  7.44001e+06
1297.17	  7.42846e+06
1298.28	  7.41692e+06
1299.38	  7.40541e+06
1300.47	  7.39392e+06
1301.58	  7.38244e+06
1302.67	  7.37098e+06
1303.78	  7.35954e+06
1304.88	  7.34812e+06
1305.97	  7.33671e+06
1307.08	  7.32533e+06
1308.17	  7.31396e+06
1309.28	  7.30261e+06
1310.38	  7.29127e+06
1311.47	  7.27996e+06
1312.58	  7.26866e+06
1313.67	  7.25738e+06
1314.78	  7.24612e+06
1315.88	  7.23487e+06
1316.97	  7.22365e+06
1318.08	  7.21244e+06
1319.17	  7.20125e+06
1320.28	  7.19007e+06
1321.38	  7.17892e+06
1322.47	  7.16778e+06
1323.58	  7.15666e+06
1324.67	  7.14556e+06
1325.78	  7.13447e+06
1326.88	  7.1234e+06
1327.97	  7.11235e+06
1329.08	  7.10132e+06
1330.17	  7.0903e+06
1331.28	  7.0793e+06
1332.38	  7.06832e+06
1333.47	  7.05736e+06
1334.58	  7.04641e+06
1335.67	  7.03548e+06
1336.78	  7.02457e+06
1337.88	  7.01368e+06
1338.97	  7.0028e+06
1340.08	  6.99194e+06
1341.17	  6.9811e+06
1342.28	  6.97027e+06
1343.38	  6.95946e+06
1344.47	  6.94867e+06
1345.58	  6.93789e+06
1346.67	  6.92713e+06
1347.78	  6.91639e+06
1348.88	  6.90567e+06
1349.97	  6.89496e+06
1351.08	  6.88427e+06
1352.17	  6.8736e+06
1353.28	  6.86294e+06
1354.38	  6.8523e+06
1355.47	  6.84168e+06
1356.58	  6.83107e+06
1357.67	  6.82049e+06
1358.78	  6.80991e+06
1359.88	  6.79936e+06
1360.97	  6.78882e+06
1362.08	  6.7783e+06
1363.17	  6.76779e+06
1364.28	  6.7573e+06
1365.38	  6.74683e+06
1366.47	  6.73637e+06
1367.58	  6.72593e+06
1368.67	  6.71551e+06
1369.78	  6.7051e+06
1370.88	  6.69471e+06
1371.97	  6.68434e+06
1373.08	  6.67398e+06
1374.17	  6.66364e+06
1375.28	  6.65332e+06
1376.38	  6.64301e+06
1377.47	  6.63272e+06
1378.58	  6.62244e+06
1379.67	  6.61218e+06
1380.78	  6.60194e+06
1381.88	  6.59171e+06
1382.97	  6.5815e+06
1384.08	  6.57131e+06
1385.17	  6.56113e+06
1386.28	  6.55096e+06
1387.38	  6.54082e+06
1388.47	  6.53069e+06
1389.58	  6.52057e+06
1390.67	  6.51048e+06
1391.78	  6.50039e+06
1392.88	  6.49033e+06
1393.97	  6.48028e+06
1395.08	  6.47024e+06
1396.17	  6.46022e+06
1397.28	  6.45022e+06
1398.38	  6.44024e+06
1399.47	  6.43026e+06
1400.58	  6.42031e+06
1401.67	  6.41037e+06
1402.78	  6.40045e+06
1403.88	  6.39054e+06
1404.97	  6.38065e+06
1406.08	  6.37077e+06
1407.17	  6.36091e+06
1408.28	  6.35106e+06
1409.38	  6.34123e+06
1410.47	  6.33142e+06
1411.58	  6.32162e+06
1412.67	  6.31184e+06
1413.78	  6.30207e+06
1414.88	  6.29232e+06
1415.97	  6.28258e+06
1417.08	  6.27286e+06
1418.17	  6.26316e+06
1419.28	  6.25347e+06
1420.38	  6.24379e+06
1421.47	  6.23413e+06
1422.58	  6.22449e+06
1423.67	  6.21486e+06
1424.78	  6.20524e+06
1425.88	  6.19565e+06
1426.97	  6.18606e+06
1428.08	  6.17649e+06
1429.17	  6.16694e+06
1430.28	  6.1574e+06
1431.38	  6.14788e+06
1432.47	  6.13837e+06
1433.58	  6.12888e+06
1434.67	  6.1194e+06
1435.78	  6.10994e+06
1436.88	  6.1005e+06
1437.97	  6.09106e+06
1439.08	  6.08165e+06
1440.17	  6.07224e+06
1441.28	  6.06286e+06
1442.38	  6.05348e+06
1443.47	  6.04413e+06
1444.58	  6.03478e+06
1445.67	  6.02545e+06
1446.78	  6.01614e+06
1447.88	  6.00684e+06
1448.97	  5.99756e+06
1450.08	  5.98829e+06
1451.17	  5.97904e+06
1452.28	  5.9698e+06
1453.38	  5.96057e+06
1454.47	  5.95136e+06
1455.58	  5.94217e+06
1456.67	  5.93299e+06
1457.78	  5.92382e+06
1458.88	  4.50977e+06
1459.97	  4.50351e+06
1461.08	  4.49727e+06
1462.17	  4.49103e+06
1463.28	  4.4848e+06
1464.38	  4.47858e+06
1465.47	  4.47237e+06
1466.58	  4.46618e+06
1467.67	  4.45999e+06
1468.78	  4.45382e+06
1469.88	  4.44765e+06
1470.97	  4.4415e+06
1472.08	  4.43535e+06
1473.17	  4.42922e+06
1474.28	  4.42309e+06
1475.38	  4.41698e+06
1476.47	  4.41088e+06
1477.58	  4.40478e+06
1478.67	  4.3987e+06
1479.78	  4.39263e+06
1480.88	  4.38656e+06
1481.97	  4.38051e+06
1483.08	  4.37447e+06
1484.17	  4.36844e+06
1485.28	  4.36242e+06
1486.38	  4.3564e+06
1487.47	  4.3504e+06
1488.58	  4.34441e+06
1489.67	  4.33843e+06
1490.78	  4.33246e+06
1491.88	  4.3265e+06
1492.97	  4.32054e+06
1494.08	  4.3146e+06
1495.17	  4.30867e+06
1496.28	  4.30275e+06
1497.38	  4.29684e+06
1498.47	  4.29094e+06
1499.58	  4.28504e+06
1500.67	  4.27916e+06
1501.78	  4.27329e+06
1502.88	  4.26743e+06
1503.97	  4.26157e+06
1505.08	  4.25573e+06
1506.17	  4.2499e+06
1507.28	  4.24407e+06
1508.38	  4.23826e+06
1509.47	  4.23246e+06
1510.58	  4.22666e+06
1511.67	  4.22088e+06
1512.78	  4.2151e+06
1513.88	  4.20934e+06
1514.97	  4.20358e+06
1516.08	  4.19783e+06
1517.17	  4.1921e+06
1518.28	  4.18637e+06
1519.38	  4.18065e+06
1520.47	  4.17495e+06
1521.58	  4.16925e+06
1522.67	  4.16356e+06
1523.78	  4.15788e+06
1524.88	  4.15221e+06
1525.97	  4.14655e+06
1527.08	  4.1409e+06
1528.17	  4.13526e+06
1529.28	  4.12962e+06
1530.38	  4.124e+06
1531.47	  4.11839e+06
1532.58	  4.11278e+06
1533.67	  4.10719e+06
1534.78	  4.1016e+06
1535.88	  4.09603e+06
1536.97	  4.09046e+06
1538.08	  4.0849e+06
1539.17	  4.07936e+06
1540.28	  4.07382e+06
1541.38	  4.06829e+06
1542.47	  4.06277e+06
1543.58	  4.05726e+06
1544.67	  4.05175e+06
1545.78	  4.04626e+06
1546.88	  4.04078e+06
1547.97	  4.0353e+06
1549.08	  4.02984e+06
1550.17	  4.02438e+06
1551.28	  4.01893e+06
1552.38	  4.0135e+06
1553.47	  4.00807e+06
1554.58	  4.00265e+06
1555.67	  3.99724e+06
1556.78	  3.99184e+06
1557.88	  3.98644e+06
1558.97	  3.98106e+06
1560.08	  3.97569e+06
1561.17	  3.97032e+06
1562.28	  3.96496e+06
1563.38	  3.95962e+06
1564.47	  3.95428e+06
1565.58	  3.94895e+06
1566.67	  3.94363e+06
1567.78	  3.93832e+06
1568.88	  3.93301e+06
1569.97	  3.92772e+06
1571.08	  3.92243e+06
1572.17	  3.91716e+06
1573.28	  3.91189e+06
1574.38	  3.90663e+06
1575.47	  3.90138e+06
1576.58	  3.89614e+06
1577.67	  3.89091e+06
1578.78	  3.88569e+06
1579.88	  3.88047e+06
1580.97	  3.87527e+06
1582.08	  3.87007e+06
1583.17	  3.86489e+06
1584.28	  3.85971e+06
1585.38	  3.85454e+06
1586.47	  3.84938e+06
1587.58	  3.84422e+06
1588.67	  3.83908e+06
1589.78	  3.83395e+06
1590.88	  3.82882e+06
1591.97	  3.8237e+06
1593.08	  3.81859e+06
1594.17	  3.81349e+06
1595.28	  3.8084e+06
1596.38	  3.80332e+06
1597.47	  3.79825e+06
1598.58	  3.79318e+06
1599.67	  3.78813e+06
1600.78	  3.78308e+06
1601.88	  3.77804e+06
1602.97	  3.77301e+06
1604.08	  3.76799e+06
1605.17	  3.76298e+06
1606.28	  3.75798e+06
1607.38	  3.75299e+06
1608.47	  3.748e+06
1609.58	  3.74302e+06
1610.67	  3.73806e+06
1611.78	  3.7331e+06
1612.88	  3.72815e+06
1613.97	  3.72321e+06
1615.08	  3.71828e+06
1616.17	  3.71335e+06
1617.28	  3.70844e+06
1618.38	  3.70353e+06
1619.47	  3.69864e+06
1620.58	  3.69375e+06
1621.67	  3.68887e+06
1622.78	  3.684e+06
1623.88	  3.67915e+06
1624.97	  3.6743e+06
1626.08	  3.66946e+06
1627.17	  3.66462e+06
1628.28	  3.6598e+06
1629.38	  3.65499e+06
1630.47	  3.65019e+06
1631.58	  3.6454e+06
1632.67	  3.64061e+06
1633.78	  3.63584e+06
1634.88	  3.63108e+06
1635.97	  3.62633e+06
1637.08	  3.62159e+06
1638.17	  3.61686e+06
1639.28	  3.61215e+06
1640.38	  3.60745e+06
1641.47	  3.60276e+06
1642.58	  3.5981e+06
1643.67	  3.59345e+06
1644.78	  3.5888e+06
1645.88	  3.58416e+06
1646.97	  3.57953e+06
1648.08	  3.5749e+06
1649.17	  3.57027e+06
1650.28	  3.56565e+06
1651.38	  3.56104e+06
1652.47	  3.55643e+06
1653.58	  3.55182e+06
1654.67	  3.54722e+06
1655.78	  3.54263e+06
1656.88	  3.53804e+06
1657.97	  3.53346e+06
1659.08	  3.52888e+06
1660.17	  3.52431e+06
1661.28	  3.51974e+06
1662.38	  3.51518e+06
1663.47	  3.51062e+06
1664.58	  3.50607e+06
1665.67	  3.50153e+06
1666.78	  3.49698e+06
1667.88	  3.49245e+06
1668.97	  3.48792e+06
1670.08	  3.48339e+06
1671.17	  3.47887e+06
1672.28	  3.47436e+06
1673.38	  3.46985e+06
1674.47	  3.46534e+06
1675.58	  3.46084e+06
1676.67	  3.45635e+06
1677.78	  3.45186e+06
1678.88	  3.44738e+06
1679.97	  3.4429e+06
1681.08	  3.43843e+06
1682.17	  3.43396e+06
1683.28	  3.42949e+06
1684.38	  3.42504e+06
1685.47	  3.42058e+06
1686.58	  3.41614e+06
1687.67	  3.41169e+06
1688.78	  3.40726e+06
1689.88	  3.40283e+06
1690.97	  3.3984e+06
1692.08	  3.39398e+06
1693.17	  3.38956e+06
1694.28	  3.38515e+06
1695.38	  3.38074e+06
1696.47	  3.37634e+06
1697.58	  3.37195e+06
1698.67	  3.36756e+06
1699.78	  3.36317e+06
1700.88	  3.35879e+06
1701.97	  3.35441e+06
1703.08	  3.35004e+06
1704.17	  3.34568e+06
1705.28	  3.34132e+06
1706.38	  3.33696e+06
1707.47	  3.33261e+06
1708.58	  3.32827e+06
1709.67	  3.32393e+06
1710.78	  3.3196e+06
1711.88	  3.31527e+06
1712.97	  3.31094e+06
1714.08	  3.30662e+06
1715.17	  3.30231e+06
1716.28	  3.298e+06
1717.38	  3.2937e+06
1718.47	  3.2894e+06
1719.58	  3.2851e+06
1720.67	  3.28082e+06
1721.78	  3.27653e+06
1722.88	  3.27225e+06
1723.97	  3.26798e+06
1725.08	  3.26371e+06
1726.17	  3.25945e+06
1727.28	  3.25519e+06
1728.38	  3.25094e+06
1729.47	  3.24669e+06
1730.58	  3.24245e+06
1731.67	  3.23821e+06
1732.78	  3.23397e+06
1733.88	  3.22975e+06
1734.97	  3.22552e+06
1736.08	  3.22131e+06
1737.17	  3.21709e+06
1738.28	  3.21289e+06
1739.38	  3.20868e+06
1740.47	  3.20448e+06
1741.58	  3.20029e+06
1742.67	  3.1961e+06
1743.78	  3.19192e+06
1744.88	  3.18774e+06
1745.97	  3.18357e+06
1747.08	  3.1794e+06
1748.17	  3.17524e+06
1749.28	  3.17108e+06
1750.38	  3.16693e+06
1751.47	  3.16278e+06
1752.58	  3.15864e+06
1753.67	  3.1545e+06
1754.78	  3.15037e+06
1755.88	  3.14624e+06
1756.97	  3.14211e+06
1758.08	  3.138e+06
1759.17	  3.13388e+06
1760.28	  3.12977e+06
1761.38	  3.12567e+06
1762.47	  3.12157e+06
1763.58	  3.11748e+06
1764.67	  3.11339e+06
1765.78	  3.10931e+06
1766.88	  3.10523e+06
1767.97	  3.10115e+06
1769.08	  3.09709e+06
1770.17	  3.09302e+06
1771.28	  3.08896e+06
1772.38	  3.08491e+06
1773.47	  3.08086e+06
1774.58	  3.07681e+06
1775.67	  3.07277e+06
1776.78	  3.06874e+06
1777.88	  3.06471e+06
1778.97	  3.06069e+06
1780.08	  3.05667e+06
1781.17	  3.05265e+06
1782.28	  3.04864e+06
1783.38	  3.04463e+06
1784.47	  3.04063e+06
1785.58	  3.03664e+06
1786.67	  3.03265e+06
1787.78	  3.02866e+06
1788.88	  3.02468e+06
1789.97	  3.0207e+06
1791.08	  3.01673e+06
1792.17	  3.01277e+06
1793.28	  3.0088e+06
1794.38	  3.00485e+06
1795.47	  3.00089e+06
1796.58	  2.99695e+06
1797.67	  2.993e+06
1798.78	  2.98907e+06
1799.88	  2.98513e+06
1800.97	  2.98121e+06
1802.08	  2.97728e+06
1803.17	  2.97336e+06
1804.28	  2.96945e+06
1805.38	  2.96554e+06
1806.47	  2.96164e+06
1807.58	  2.95774e+06
1808.67	  2.95384e+06
1809.78	  2.94995e+06
1810.88	  2.94607e+06
1811.97	  2.94219e+06
1813.08	  2.93831e+06
1814.17	  2.93444e+06
1815.28	  2.93058e+06
1816.38	  2.92672e+06
1817.47	  2.92286e+06
1818.58	  2.91901e+06
1819.67	  2.91516e+06
1820.78	  2.91132e+06
1821.88	  2.90748e+06
1822.97	  2.90365e+06
1824.08	  2.89982e+06
1825.17	  2.896e+06
1826.28	  2.89218e+06
1827.38	  2.88836e+06
1828.47	  2.88455e+06
1829.58	  2.88075e+06
1830.67	  2.87695e+06
1831.78	  2.87315e+06
1832.88	  2.86936e+06
1833.97	  2.86558e+06
1835.08	  2.8618e+06
1836.17	  2.85802e+06
1837.28	  2.85425e+06
1838.38	  2.85048e+06
1839.47	  2.84672e+06
1840.58	  2.84296e+06
1841.67	  2.83921e+06
1842.78	  2.83546e+06
1843.88	  2.83171e+06
1844.97	  2.82798e+06
1846.08	  2.82424e+06
1847.17	  2.82051e+06
1848.28	  2.81679e+06
1849.38	  2.81306e+06
1850.47	  2.80935e+06
1851.58	  2.80564e+06
1852.67	  2.80193e+06
1853.78	  2.79823e+06
1854.88	  2.79453e+06
1855.97	  2.79084e+06
1857.08	  2.78715e+06
1858.17	  2.78347e+06
1859.28	  2.77979e+06
1860.38	  2.77611e+06
1861.47	  2.77244e+06
1862.58	  2.76878e+06
1863.67	  2.76511e+06
1864.78	  2.76146e+06
1865.88	  2.75781e+06
1866.97	  2.75416e+06
1868.08	  2.75052e+06
1869.17	  2.74688e+06
1870.28	  2.74324e+06
1871.38	  2.73962e+06
1872.47	  2.73599e+06
1873.58	  2.73237e+06
1874.67	  2.72876e+06
1875.78	  2.72515e+06
1876.88	  2.72154e+06
1877.97	  2.71794e+06
1879.08	  2.71434e+06
1880.17	  2.71075e+06
1881.28	  2.70716e+06
1882.38	  2.70357e+06
1883.47	  2.7e+06
1884.58	  2.69642e+06
1885.67	  2.69285e+06
1886.78	  2.68928e+06
1887.88	  2.68572e+06
1888.97	  2.68217e+06
1890.08	  2.67861e+06
1891.17	  2.67507e+06
1892.28	  2.67152e+06
1893.38	  2.66798e+06
1894.47	  2.66445e+06
1895.58	  2.66092e+06
1896.67	  2.65739e+06
1897.78	  2.65387e+06
1898.88	  2.65036e+06
1899.97	  2.64684e+06
1901.08	  2.64333e+06
1902.17	  2.63983e+06
1903.28	  2.63633e+06
1904.38	  2.63284e+06
1905.47	  2.62935e+06
1906.58	  2.62586e+06
1907.67	  2.62238e+06
1908.78	  2.6189e+06
1909.88	  2.61543e+06
1910.97	  2.61196e+06
1912.08	  2.6085e+06
1913.17	  2.60504e+06
1914.28	  2.60158e+06
1915.38	  2.59813e+06
1916.47	  2.59469e+06
1917.58	  2.59125e+06
1918.67	  2.58781e+06
1919.78	  2.58437e+06
1920.88	  2.58095e+06
1921.97	  2.57752e+06
1923.08	  2.5741e+06
1924.17	  2.57069e+06
1925.28	  2.56727e+06
1926.38	  2.56387e+06
1927.47	  2.56046e+06
1928.58	  2.55707e+06
1929.67	  2.55367e+06
1930.78	  2.55028e+06
1931.88	  2.5469e+06
1932.97	  2.54352e+06
1934.08	  2.54014e+06
1935.17	  2.53677e+06
1936.28	  2.5334e+06
1937.38	  2.53003e+06
1938.47	  2.52667e+06
1939.58	  2.52332e+06
1940.67	  2.51997e+06
1941.78	  2.51662e+06
1942.88	  2.51328e+06
1943.97	  2.50994e+06
1945.08	  2.50661e+06
1946.17	  2.50328e+06
1947.28	  2.49995e+06
1948.38	  2.49663e+06
1949.47	  2.49331e+06
1950.58	  2.49e+06
1951.67	  2.48669e+06
1952.78	  2.48339e+06
1953.88	  2.48009e+06
1954.97	  2.47679e+06
1956.08	  2.4735e+06
1957.17	  2.47021e+06
1958.28	  2.46693e+06
1959.38	  2.46365e+06
1960.47	  2.46037e+06
1961.58	  2.4571e+06
1962.67	  2.45384e+06
1963.78	  2.45058e+06
1964.88	  2.44732e+06
1965.97	  2.44406e+06
1967.08	  2.44081e+06
1968.17	  2.43757e+06
1969.28	  2.43433e+06
1970.38	  2.43109e+06
1971.47	  2.42786e+06
1972.58	  2.42463e+06
1973.67	  2.4214e+06
1974.78	  2.41818e+06
1975.88	  2.41497e+06
1976.97	  2.41176e+06
1978.08	  2.40855e+06
1979.17	  2.40534e+06
1980.28	  2.40214e+06
1981.38	  2.39895e+06
1982.47	  2.39576e+06
1983.58	  2.39257e+06
1984.67	  2.38939e+06
1985.78	  2.38621e+06
1986.88	  2.38303e+06
1987.97	  2.37986e+06
1989.08	  2.37669e+06
1990.17	  2.37353e+06
1991.28	  2.37037e+06
1992.38	  2.36722e+06
1993.47	  2.36407e+06
1994.58	  2.36092e+06
1995.67	  2.35778e+06
1996.78	  2.35464e+06
1997.88	  2.35151e+06
1998.97	  2.34837e+06
2000.08	  2.34525e+06
2001.17	  2.34213e+06
2002.28	  2.33901e+06
2003.38	  2.33589e+06
2004.47	  2.33278e+06
2005.58	  2.32968e+06
2006.67	  2.32658e+06
2007.78	  2.32348e+06
2008.88	  2.32038e+06
2009.97	  2.3173e+06
2011.08	  2.31421e+06
2012.17	  2.31113e+06
2013.28	  2.30805e+06
2014.38	  2.30498e+06
2015.47	  2.30191e+06
2016.58	  2.29884e+06
2017.67	  2.29578e+06
2018.78	  2.29272e+06
2019.88	  2.28967e+06
2020.97	  2.28662e+06
2022.08	  2.28357e+06
2023.18	  2.28053e+06
2024.28	  2.27749e+06
2025.38	  2.27446e+06
2026.47	  2.27143e+06
2027.58	  2.2684e+06
2028.68	  2.26538e+06
2029.78	  2.26236e+06
2030.88	  2.25935e+06
2031.97	  2.25633e+06
2033.08	  2.25333e+06
2034.18	  2.25033e+06
2035.28	  2.24733e+06
2036.38	  2.24433e+06
2037.47	  2.24134e+06
2038.58	  2.23835e+06
2039.68	  2.23537e+06
2040.78	  2.23239e+06
2041.88	  2.22942e+06
2042.97	  2.22645e+06
2044.08	  2.22348e+06
2045.18	  2.22051e+06
2046.28	  2.21756e+06
2047.38	  2.2146e+06
2048.47	  2.21165e+06
2049.57	  2.2087e+06
2050.68	  2.20575e+06
2051.78	  2.20281e+06
2052.88	  2.19988e+06
2053.97	  2.19695e+06
2055.07	  2.19402e+06
2056.18	  2.19109e+06
2057.28	  2.18817e+06
2058.38	  2.18525e+06
2059.47	  2.18234e+06
2060.57	  2.17943e+06
2061.68	  2.17652e+06
2062.78	  2.17362e+06
2063.88	  2.17072e+06
2064.97	  2.16783e+06
2066.07	  2.16494e+06
2067.18	  2.16205e+06
2068.28	  2.15917e+06
2069.38	  2.15629e+06
2070.47	  2.15341e+06
2071.57	  2.15054e+06
2072.68	  2.14768e+06
2073.78	  2.14481e+06
2074.88	  2.14195e+06
2075.97	  2.13909e+06
2077.07	  2.13624e+06
2078.18	  2.13339e+06
2079.28	  2.13055e+06
2080.38	  2.12771e+06
2081.47	  2.12487e+06
2082.57	  2.12203e+06
2083.68	  2.1192e+06
2084.78	  2.11638e+06
2085.88	  2.11355e+06
2086.97	  2.11074e+06
2088.07	  2.10792e+06
2089.18	  2.10511e+06
2090.28	  2.1023e+06
2091.38	  2.0995e+06
2092.47	  2.0967e+06
2093.57	  2.0939e+06
2094.68	  2.09111e+06
2095.78	  2.08832e+06
2096.88	  2.08553e+06
2097.97	  2.08275e+06
2099.07	  2.07997e+06
2100.18	  2.07719e+06
2101.28	  2.07442e+06
2102.38	  2.07166e+06
2103.47	  2.06889e+06
2104.57	  2.06613e+06
2105.68	  2.06338e+06
2106.78	  2.06062e+06
2107.88	  2.05787e+06
2108.97	  2.05513e+06
2110.07	  2.05239e+06
2111.18	  2.04965e+06
2112.28	  2.04691e+06
2113.38	  2.04418e+06
2114.47	  2.04146e+06
2115.57	  2.03873e+06
2116.68	  2.03601e+06
2117.78	  2.0333e+06
2118.88	  2.03058e+06
2119.97	  2.02787e+06
2121.07	  2.02517e+06
2122.18	  2.02247e+06
2123.28	  2.01977e+06
2124.38	  2.01707e+06
2125.47	  2.01438e+06
2126.57	  2.01169e+06
2127.68	  2.00901e+06
2128.78	  2.00633e+06
2129.88	  2.00365e+06
2130.97	  2.00098e+06
2132.07	  1.99831e+06
2133.18	  1.99564e+06
2134.28	  1.99298e+06
2135.38	  1.99032e+06
2136.47	  1.98766e+06
2137.57	  1.98501e+06
2138.68	  1.98236e+06
2139.78	  1.97972e+06
2140.88	  1.97708e+06
2141.97	  1.97444e+06
2143.07	  1.9718e+06
2144.18	  1.96917e+06
2145.28	  1.96655e+06
2146.38	  1.96392e+06
2147.47	  1.9613e+06
2148.57	  1.95868e+06
2149.68	  1.95607e+06
2150.78	  1.95346e+06
2151.88	  1.95085e+06
2152.97	  1.94825e+06
2154.07	  1.94565e+06
2155.18	  1.94305e+06
2156.28	  1.94046e+06
2157.38	  1.93787e+06
2158.47	  1.93529e+06
2159.57	  1.93271e+06
2160.68	  1.93013e+06
2161.78	  1.92755e+06
2162.88	  1.92498e+06
2163.97	  1.92241e+06
2165.07	  1.91985e+06
2166.18	  1.91728e+06
2167.28	  1.91473e+06
2168.38	  1.91217e+06
2169.47	  1.90962e+06
2170.57	  1.90707e+06
2171.68	  1.90453e+06
2172.78	  1.90199e+06
2173.88	  1.89945e+06
2174.97	  1.89691e+06
2176.07	  1.89438e+06
2177.18	  1.89186e+06
2178.28	  1.88933e+06
2179.38	  1.88681e+06
2180.47	  1.88429e+06
2181.57	  1.88178e+06
2182.68	  1.87927e+06
2183.78	  1.87676e+06
2184.88	  1.87426e+06
2185.97	  1.87176e+06
2187.07	  1.86926e+06
2188.18	  1.86677e+06
2189.28	  1.86428e+06
2190.38	  1.86179e+06
2191.47	  1.85931e+06
2192.57	  1.85682e+06
2193.68	  1.85435e+06
2194.78	  1.85187e+06
2195.88	  1.8494e+06
2196.97	  1.84694e+06
2198.07	  1.84447e+06
2199.18	  1.84201e+06
2200.28	  1.83956e+06
2201.38	  1.8371e+06
2202.47	  1.83465e+06
2203.57	  1.8322e+06
2204.68	  1.82976e+06
2205.78	  1.82732e+06
2206.88	  1.82488e+06
2207.97	  1.82245e+06
2209.07	  1.82002e+06
2210.18	  1.81759e+06
2211.28	  1.81517e+06
2212.38	  1.81274e+06
2213.47	  1.81033e+06
2214.57	  1.80791e+06
2215.68	  1.8055e+06
2216.78	  1.80309e+06
2217.88	  1.80069e+06
2218.97	  1.79829e+06
2220.07	  1.79589e+06
2221.18	  1.79349e+06
2222.28	  1.7911e+06
2223.38	  1.78871e+06
2224.47	  1.78633e+06
2225.57	  1.78395e+06
2226.68	  1.78157e+06
2227.78	  1.77919e+06
2228.88	  1.77682e+06
2229.97	  1.77445e+06
2231.07	  1.77208e+06
2232.18	  1.76972e+06
2233.28	  1.76736e+06
2234.38	  1.76501e+06
2235.47	  1.76265e+06
2236.57	  1.7603e+06
2237.68	  1.75796e+06
2238.78	  1.75561e+06
2239.88	  1.75327e+06
2240.97	  1.75093e+06
2242.07	  1.7486e+06
2243.18	  1.74627e+06
2244.28	  1.74394e+06
2245.38	  1.74162e+06
2246.47	  1.7393e+06
2247.57	  1.73698e+06
2248.68	  1.73466e+06
2249.78	  1.73235e+06
2250.88	  1.73004e+06
2251.97	  1.72773e+06
2253.07	  1.72543e+06
2254.18	  1.72313e+06
2255.28	  1.72084e+06
2256.38	  1.71854e+06
2257.47	  1.71625e+06
2258.57	  1.71397e+06
2259.68	  1.71168e+06
2260.78	  1.7094e+06
2261.88	  1.70712e+06
2262.97	  1.70485e+06
2264.07	  1.70258e+06
2265.18	  1.70031e+06
2266.28	  1.69804e+06
2267.38	  1.69578e+06
2268.47	  1.69352e+06
2269.57	  1.69126e+06
2270.68	  1.68901e+06
2271.78	  1.68676e+06
2272.88	  1.68451e+06
2273.97	  1.68227e+06
2275.07	  1.68003e+06
2276.18	  1.67779e+06
2277.28	  1.67556e+06
2278.38	  1.67332e+06
2279.47	  1.6711e+06
2280.57	  1.53077e+06
2281.68	  1.52887e+06
2282.78	  1.52698e+06
2283.88	  1.52509e+06
2284.97	  1.5232e+06
2286.07	  1.52131e+06
2287.18	  1.51942e+06
2288.28	  1.51754e+06
2289.38	  1.51566e+06
2290.47	  1.51378e+06
2291.57	  1.51191e+06
2292.68	  1.51004e+06
2293.78	  1.50817e+06
2294.88	  1.5063e+06
2295.97	  1.50443e+06
2297.07	  1.50257e+06
2298.18	  1.50071e+06
2299.28	  1.49885e+06
2300.38	  1.49699e+06
2301.47	  1.49514e+06
2302.57	  1.49328e+06
2303.68	  1.49143e+06
2304.78	  1.48959e+06
2305.88	  1.48774e+06
2306.97	  1.4859e+06
2308.07	  1.48406e+06
2309.18	  1.48222e+06
2310.28	  1.48038e+06
2311.38	  1.47855e+06
2312.47	  1.47672e+06
2313.57	  1.47489e+06
2314.68	  1.47306e+06
2315.78	  1.47124e+06
2316.88	  1.46941e+06
2317.97	  1.46759e+06
2319.07	  1.46578e+06
2320.18	  1.46396e+06
2321.28	  1.46215e+06
2322.38	  1.46034e+06
2323.47	  1.45853e+06
2324.57	  1.45672e+06
2325.68	  1.45492e+06
2326.78	  1.45312e+06
2327.88	  1.45132e+06
2328.97	  1.44952e+06
2330.07	  1.44772e+06
2331.18	  1.44593e+06
2332.28	  1.44414e+06
2333.38	  1.44235e+06
2334.47	  1.44057e+06
2335.57	  1.43878e+06
2336.68	  1.437e+06
2337.78	  1.43522e+06
2338.88	  1.43345e+06
2339.97	  1.43167e+06
2341.07	  1.4299e+06
2342.18	  1.42813e+06
2343.28	  1.42636e+06
2344.38	  1.42459e+06
2345.47	  1.42283e+06
2346.57	  1.42107e+06
2347.68	  1.41931e+06
2348.78	  1.41755e+06
2349.88	  1.4158e+06
2350.97	  1.41404e+06
2352.07	  1.41229e+06
2353.18	  1.41054e+06
2354.28	  1.4088e+06
2355.38	  1.40705e+06
2356.47	  1.40531e+06
2357.57	  1.40357e+06
2358.68	  1.40184e+06
2359.78	  1.4001e+06
2360.88	  1.39837e+06
2361.97	  1.39664e+06
2363.07	  1.39491e+06
2364.18	  1.39318e+06
2365.28	  1.39146e+06
2366.38	  1.38974e+06
2367.47	  1.38802e+06
2368.57	  1.3863e+06
2369.68	  1.38458e+06
2370.78	  1.38287e+06
2371.88	  1.38116e+06
2372.97	  1.37945e+06
2374.07	  1.37774e+06
2375.18	  1.37604e+06
2376.28	  1.37433e+06
2377.38	  1.37263e+06
2378.47	  1.37093e+06
2379.57	  1.36924e+06
2380.68	  1.36754e+06
2381.78	  1.36585e+06
2382.88	  1.36416e+06
2383.97	  1.36247e+06
2385.07	  1.36079e+06
2386.18	  1.35911e+06
2387.28	  1.35742e+06
2388.38	  1.35575e+06
2389.47	  1.35407e+06
2390.57	  1.35239e+06
2391.68	  1.35072e+06
2392.78	  1.34905e+06
2393.88	  1.34738e+06
2394.97	  1.34571e+06
2396.07	  1.34405e+06
2397.18	  1.34239e+06
2398.28	  1.34073e+06
2399.38	  1.33907e+06
2400.47	  1.33741e+06
2401.57	  1.33576e+06
2402.68	  1.33411e+06
2403.78	  1.33246e+06
2404.88	  1.33081e+06
2405.97	  1.32916e+06
2407.07	  1.32752e+06
2408.18	  1.32588e+06
2409.28	  1.32424e+06
2410.38	  1.3226e+06
2411.47	  1.32097e+06
2412.57	  1.31933e+06
2413.68	  1.3177e+06
2414.78	  1.31607e+06
2415.88	  1.31445e+06
2416.97	  1.31282e+06
2418.07	  1.3112e+06
2419.18	  1.30958e+06
2420.28	  1.30796e+06
2421.38	  1.30634e+06
2422.47	  1.30473e+06
2423.57	  1.30312e+06
2424.68	  1.3015e+06
2425.78	  1.2999e+06
2426.88	  1.29829e+06
2427.97	  1.29668e+06
2429.07	  1.29508e+06
2430.18	  1.29348e+06
2431.28	  1.29188e+06
2432.38	  1.29029e+06
2433.47	  1.28869e+06
2434.57	  1.2871e+06
2435.68	  1.28551e+06
2436.78	  1.28392e+06
2437.88	  1.28234e+06
2438.97	  1.28075e+06
2440.07	  1.27917e+06
2441.18	  1.27759e+06
2442.28	  1.27601e+06
2443.38	  1.27443e+06
2444.47	  1.27286e+06
2445.57	  1.27129e+06
2446.68	  1.26972e+06
2447.78	  1.26815e+06
2448.88	  1.26658e+06
2449.97	  1.26502e+06
2451.07	  1.26346e+06
2452.18	  1.2619e+06
2453.28	  1.26034e+06
2454.38	  1.25878e+06
2455.47	  1.25723e+06
2456.57	  1.25567e+06
2457.68	  1.25412e+06
2458.78	  1.25258e+06
2459.88	  1.25103e+06
2460.97	  1.24948e+06
2462.07	  1.24794e+06
2463.18	  1.2464e+06
2464.28	  1.24486e+06
2465.38	  1.24333e+06
2466.47	  1.24179e+06
2467.57	  1.24026e+06
2468.68	  1.23873e+06
2469.78	  1.2372e+06
2470.88	  1.23567e+06
2471.97	  1.23415e+06
2473.07	  1.23262e+06
2474.18	  1.2311e+06
2475.28	  1.22958e+06
2476.38	  1.22807e+06
2477.47	  1.22655e+06
