Emission arising from a slab of Hydrogen (both H and H-).
   
Parameters of the slab:
n_e = 3e+13 cm-3
T_e = 7000 K
tau(lambda=300 nm) = 0.75
L = 1.29907e+08 cm
   
Wavelength (nm), Emission (erg s-1 cm-2 nm-1 sr-1)
50	  0.000540581
91.2	  74.263
120	  9210.53
150	  267104
175	  1.20877e+06
200	  3.60422e+06
225	  7.95141e+06
250	  1.43389e+07
270	  2.06288e+07
290	  2.754e+07
300	  3.10839e+07
305	  3.28524e+07
310	  3.46092e+07
315	  3.63477e+07
320	  3.80614e+07
322.5	  3.89071e+07
325	  3.97443e+07
327	  4.04076e+07
329	  4.10647e+07
329.999	  4.13904e+07
330.266	  4.14772e+07
330.533	  4.15639e+07
330.8	  4.16505e+07
331.067	  4.17369e+07
331.334	  4.18232e+07
331.601	  4.19094e+07
331.868	  4.19954e+07
332.135	  4.20814e+07
332.402	  4.21672e+07
332.669	  4.22529e+07
332.936	  4.23384e+07
333.203	  4.24239e+07
333.47	  4.25092e+07
333.737	  4.25943e+07
334.004	  4.26794e+07
334.271	  4.27643e+07
334.538	  4.28491e+07
334.805	  4.29337e+07
335.072	  4.30182e+07
335.339	  4.31026e+07
335.606	  4.31869e+07
335.873	  4.3271e+07
336.14	  4.3355e+07
336.407	  4.34388e+07
336.674	  4.35225e+07
336.941	  4.36061e+07
337.208	  4.36895e+07
337.475	  4.37728e+07
337.742	  4.3856e+07
338.009	  4.3939e+07
338.276	  4.40219e+07
338.543	  4.41046e+07
338.81	  4.41872e+07
339.077	  4.42696e+07
339.344	  4.43519e+07
339.611	  4.44341e+07
339.878	  4.45161e+07
340.145	  4.4598e+07
340.412	  4.46797e+07
340.679	  4.47613e+07
340.946	  4.48427e+07
341.213	  4.4924e+07
341.48	  4.50051e+07
341.747	  4.50861e+07
342.014	  4.5167e+07
342.281	  4.52477e+07
342.548	  4.53282e+07
342.815	  4.54086e+07
343.082	  4.54888e+07
343.349	  4.55689e+07
343.616	  4.56488e+07
343.883	  4.57286e+07
344.15	  4.58082e+07
344.417	  4.58877e+07
344.684	  4.5967e+07
344.951	  4.60461e+07
345.218	  4.61251e+07
345.485	  4.62039e+07
345.752	  4.62826e+07
346.019	  4.63611e+07
346.286	  4.64395e+07
346.553	  4.65177e+07
346.82	  4.65957e+07
347.087	  4.66736e+07
347.354	  4.67513e+07
347.621	  4.68289e+07
347.888	  4.69063e+07
348.155	  4.69835e+07
348.422	  4.70606e+07
348.689	  4.71375e+07
348.956	  4.72142e+07
349.223	  4.72908e+07
349.49	  4.73672e+07
349.757	  4.74435e+07
350.024	  4.75196e+07
350.291	  4.75955e+07
350.558	  4.76712e+07
350.825	  4.77468e+07
351.092	  4.78222e+07
351.359	  4.78974e+07
351.626	  4.79725e+07
351.893	  4.80474e+07
352.16	  4.81222e+07
352.427	  4.81967e+07
352.694	  4.82711e+07
352.961	  4.83453e+07
353.228	  4.84194e+07
353.495	  4.84932e+07
353.762	  4.85669e+07
354.029	  4.86405e+07
354.296	  4.87138e+07
354.563	  4.8787e+07
354.83	  4.886e+07
355.097	  4.89328e+07
355.364	  4.90055e+07
355.631	  4.90779e+07
355.898	  4.91502e+07
356.165	  4.92224e+07
356.432	  4.92943e+07
356.699	  4.93661e+07
356.966	  4.94377e+07
357.233	  4.95091e+07
357.5	  4.95803e+07
357.767	  4.96514e+07
358.034	  4.97222e+07
358.301	  4.97929e+07
358.568	  4.98634e+07
358.835	  4.99338e+07
359.102	  5.00039e+07
359.369	  5.00739e+07
359.636	  5.01437e+07
359.903	  5.02133e+07
360.17	  5.02827e+07
360.437	  5.03519e+07
360.704	  5.0421e+07
360.971	  5.04898e+07
361.238	  5.05585e+07
361.505	  5.0627e+07
361.772	  5.06953e+07
362.039	  5.07635e+07
362.306	  5.08314e+07
362.573	  5.08992e+07
363	  5.10072e+07
363.027	  5.10139e+07
363.054	  5.10207e+07
363.08	  5.10274e+07
363.107	  5.10341e+07
363.134	  5.10408e+07
363.16	  5.10476e+07
363.187	  5.10543e+07
363.214	  5.1061e+07
363.24	  5.10677e+07
363.267	  5.10745e+07
363.294	  5.10812e+07
363.321	  5.10879e+07
363.347	  5.10946e+07
363.374	  5.11013e+07
363.401	  5.1108e+07
363.427	  5.11147e+07
363.454	  5.11214e+07
363.481	  5.11281e+07
363.508	  5.11349e+07
363.534	  5.11415e+07
363.561	  5.11482e+07
363.588	  5.11549e+07
363.614	  5.11616e+07
363.641	  5.11683e+07
363.668	  5.1175e+07
363.694	  5.11817e+07
363.721	  5.11884e+07
363.748	  5.11951e+07
363.774	  5.12018e+07
363.801	  5.12084e+07
363.828	  5.12151e+07
363.855	  5.12218e+07
363.881	  5.12285e+07
363.908	  5.12352e+07
363.935	  5.12418e+07
363.961	  5.12485e+07
363.988	  5.12552e+07
364.015	  5.12618e+07
364.041	  5.12685e+07
364.068	  5.12752e+07
364.095	  5.12818e+07
364.122	  5.12885e+07
364.148	  5.12951e+07
364.175	  5.13018e+07
364.202	  5.13084e+07
364.228	  5.13151e+07
364.255	  5.13217e+07
364.282	  5.13284e+07
364.308	  5.1335e+07
364.335	  5.13417e+07
364.362	  5.13483e+07
364.389	  5.1355e+07
364.415	  5.13616e+07
364.442	  5.13682e+07
364.469	  5.13749e+07
364.495	  5.13815e+07
364.522	  5.13887e+07
364.549	  5.13953e+07
364.575	  5.14019e+07
364.602	  5.14086e+07
364.629	  5.14152e+07
364.656	  5.14218e+07
364.682	  5.14284e+07
364.709	  5.1435e+07
364.736	  1.35989e+07
364.762	  1.36008e+07
364.789	  1.36027e+07
364.816	  1.36046e+07
364.842	  1.36065e+07
364.869	  1.36083e+07
364.896	  1.36102e+07
364.923	  1.36121e+07
364.949	  1.3614e+07
364.976	  1.36159e+07
365.003	  1.36177e+07
365.029	  1.36196e+07
365.056	  1.36215e+07
365.083	  1.36234e+07
365.11	  1.36252e+07
365.136	  1.36271e+07
365.163	  1.3629e+07
365.19	  1.36309e+07
365.216	  1.36327e+07
365.243	  1.36346e+07
365.27	  1.36365e+07
365.296	  1.36384e+07
365.323	  1.36402e+07
365.35	  1.36421e+07
365.377	  1.3644e+07
365.403	  1.36459e+07
365.43	  1.36477e+07
365.457	  1.36496e+07
365.483	  1.36515e+07
365.51	  1.36533e+07
365.537	  1.36552e+07
365.563	  1.36571e+07
365.59	  1.3659e+07
365.617	  1.36608e+07
365.643	  1.36627e+07
365.67	  1.36646e+07
365.697	  1.36664e+07
365.724	  1.36683e+07
365.75	  1.36702e+07
365.777	  1.3672e+07
365.804	  1.36739e+07
365.83	  1.36758e+07
365.857	  1.36776e+07
365.884	  1.36795e+07
365.91	  1.36814e+07
365.937	  1.36832e+07
365.964	  1.36851e+07
365.991	  1.3687e+07
365.991	  1.3687e+07
366.258	  1.37056e+07
366.525	  1.37242e+07
366.792	  1.37428e+07
367.059	  1.37613e+07
367.326	  1.37799e+07
367.593	  1.37983e+07
367.86	  1.38168e+07
368.127	  1.38352e+07
368.394	  1.38536e+07
368.661	  1.3872e+07
368.928	  1.38903e+07
369.195	  1.39086e+07
369.462	  1.39269e+07
369.729	  1.39451e+07
369.996	  1.39633e+07
370.263	  1.39815e+07
370.53	  1.39996e+07
370.797	  1.40177e+07
371.064	  1.40358e+07
371.331	  1.40538e+07
371.598	  1.40718e+07
371.865	  1.40898e+07
372.132	  1.41077e+07
372.399	  1.41256e+07
372.666	  1.41435e+07
372.933	  1.41614e+07
373.2	  1.41792e+07
373.467	  1.4197e+07
373.734	  1.42147e+07
374.001	  1.42324e+07
374.268	  1.42501e+07
374.535	  1.42678e+07
374.802	  1.42854e+07
375.069	  1.4303e+07
375.336	  1.43205e+07
375.603	  1.4338e+07
375.87	  1.43555e+07
376.137	  1.4373e+07
376.404	  1.43904e+07
376.671	  1.44078e+07
376.938	  1.44251e+07
377.205	  1.44425e+07
377.472	  1.44598e+07
377.739	  1.4477e+07
378.006	  1.44942e+07
378.273	  1.45114e+07
378.54	  1.45286e+07
378.807	  1.45457e+07
379.074	  1.45628e+07
379.341	  1.45799e+07
379.608	  1.45969e+07
379.875	  1.46139e+07
380.142	  1.46308e+07
380.409	  1.46477e+07
380.676	  1.46646e+07
380.943	  1.46815e+07
381.21	  1.46983e+07
381.477	  1.47151e+07
381.744	  1.47319e+07
382.011	  1.47486e+07
382.278	  1.47653e+07
382.545	  1.47819e+07
382.812	  1.47985e+07
383.079	  1.48151e+07
383.346	  1.48317e+07
383.613	  1.48482e+07
383.88	  1.48647e+07
384.147	  1.48811e+07
384.414	  1.48975e+07
384.681	  1.49139e+07
384.948	  1.49303e+07
385.215	  1.49466e+07
385.482	  1.49629e+07
385.749	  1.49791e+07
386.016	  1.49953e+07
386.283	  1.50115e+07
386.55	  1.50276e+07
386.817	  1.50438e+07
387.084	  1.50598e+07
387.351	  1.50759e+07
387.618	  1.50919e+07
387.885	  1.51079e+07
388.152	  1.51238e+07
388.419	  1.51397e+07
388.686	  1.51556e+07
388.953	  1.51714e+07
389.22	  1.51872e+07
389.487	  1.5203e+07
389.754	  1.52187e+07
390.021	  1.52344e+07
390.288	  1.52501e+07
390.555	  1.52657e+07
390.822	  1.52813e+07
391.089	  1.52968e+07
391.356	  1.53124e+07
391.623	  1.53278e+07
391.89	  1.53433e+07
392.157	  1.53587e+07
392.424	  1.53741e+07
392.691	  1.53894e+07
392.958	  1.54048e+07
393.225	  1.542e+07
393.492	  1.54353e+07
393.759	  1.54505e+07
394.026	  1.54657e+07
394.293	  1.54808e+07
394.56	  1.54959e+07
394.827	  1.5511e+07
395.094	  1.5526e+07
395.361	  1.5541e+07
395.628	  1.5556e+07
395.895	  1.55709e+07
396.162	  1.55858e+07
396.429	  1.56007e+07
396.696	  1.56155e+07
396.963	  1.56303e+07
397.23	  1.56451e+07
397.497	  1.56598e+07
397.764	  1.56745e+07
398.031	  1.56891e+07
398.298	  1.57038e+07
398.565	  1.57183e+07
398.832	  1.57329e+07
399.099	  1.57474e+07
399.366	  1.57619e+07
399.633	  1.57763e+07
399.9	  1.57907e+07
400.167	  1.58051e+07
400.434	  1.58194e+07
400.701	  1.58337e+07
400.968	  1.5848e+07
401.235	  1.58622e+07
401.502	  1.58764e+07
401.769	  1.58906e+07
402.036	  1.59047e+07
402.303	  1.59188e+07
402.57	  1.59329e+07
402.837	  1.59469e+07
403.104	  1.59609e+07
403.371	  1.59748e+07
403.638	  1.59888e+07
403.905	  1.60026e+07
404.172	  1.60165e+07
404.439	  1.60303e+07
404.706	  1.60441e+07
404.973	  1.60578e+07
405.24	  1.60715e+07
405.507	  1.60852e+07
405.774	  1.60988e+07
406.041	  1.61124e+07
406.308	  1.6126e+07
406.575	  1.61395e+07
406.842	  1.6153e+07
407.109	  1.61665e+07
407.376	  1.61799e+07
407.643	  1.61933e+07
407.91	  1.62066e+07
408.177	  1.622e+07
408.444	  1.62332e+07
408.711	  1.62465e+07
408.978	  1.62597e+07
409.245	  1.62729e+07
409.512	  1.6286e+07
409.779	  1.62991e+07
410.046	  1.63122e+07
410.313	  1.63252e+07
410.58	  1.63383e+07
410.847	  1.63512e+07
411.114	  1.63642e+07
411.381	  1.6377e+07
411.648	  1.63899e+07
411.915	  1.64027e+07
412.182	  1.64155e+07
412.449	  1.64283e+07
412.716	  1.6441e+07
412.983	  1.64537e+07
413.25	  1.64663e+07
413.517	  1.6479e+07
413.784	  1.64915e+07
414.051	  1.65041e+07
414.318	  1.65166e+07
414.585	  1.65291e+07
414.852	  1.65415e+07
415.119	  1.65539e+07
415.386	  1.65663e+07
415.653	  1.65786e+07
415.92	  1.65909e+07
416.187	  1.66032e+07
416.454	  1.66154e+07
416.721	  1.66276e+07
416.988	  1.66398e+07
417.255	  1.66519e+07
417.522	  1.6664e+07
417.789	  1.66761e+07
418.056	  1.66881e+07
418.323	  1.67001e+07
418.59	  1.6712e+07
418.857	  1.67239e+07
419.124	  1.67358e+07
419.391	  1.67477e+07
419.658	  1.67595e+07
419.925	  1.67713e+07
420.192	  1.6783e+07
420.459	  1.67947e+07
420.726	  1.68064e+07
420.993	  1.6818e+07
421.26	  1.68296e+07
421.527	  1.68412e+07
421.794	  1.68527e+07
422.061	  1.68642e+07
422.328	  1.68757e+07
422.595	  1.68871e+07
422.862	  1.68985e+07
423.129	  1.69099e+07
423.396	  1.69212e+07
423.663	  1.69325e+07
423.93	  1.69437e+07
424.197	  1.6955e+07
424.464	  1.69662e+07
424.731	  1.69773e+07
424.998	  1.69884e+07
425.265	  1.69995e+07
425.532	  1.70106e+07
425.799	  1.70216e+07
426.066	  1.70326e+07
426.333	  1.70435e+07
426.6	  1.70544e+07
426.867	  1.70653e+07
427.134	  1.70761e+07
427.401	  1.70869e+07
427.668	  1.70977e+07
427.935	  1.71084e+07
428.202	  1.71191e+07
428.469	  1.71298e+07
428.736	  1.71405e+07
429.003	  1.71511e+07
429.27	  1.71616e+07
429.537	  1.71722e+07
429.804	  1.71827e+07
430.071	  1.71931e+07
430.338	  1.72035e+07
430.605	  1.72139e+07
430.872	  1.72243e+07
431.139	  1.72346e+07
431.406	  1.72449e+07
431.673	  1.72552e+07
431.94	  1.72654e+07
432.207	  1.72756e+07
432.474	  1.72858e+07
432.741	  1.72959e+07
433.008	  1.7306e+07
433.275	  1.7316e+07
433.542	  1.7326e+07
433.809	  1.7336e+07
434.076	  1.7346e+07
434.343	  1.73559e+07
434.61	  1.73658e+07
434.877	  1.73756e+07
435.144	  1.73855e+07
435.411	  1.73952e+07
435.678	  1.7405e+07
435.945	  1.74147e+07
436.212	  1.74244e+07
436.479	  1.7434e+07
436.746	  1.74437e+07
437.013	  1.74532e+07
437.28	  1.74628e+07
437.547	  1.74723e+07
437.814	  1.74818e+07
438.081	  1.74912e+07
438.348	  1.75006e+07
438.615	  1.751e+07
438.882	  1.75194e+07
439.149	  1.75287e+07
439.416	  1.7538e+07
439.683	  1.75472e+07
439.95	  1.75564e+07
440.217	  1.75656e+07
440.484	  1.75747e+07
440.751	  1.75839e+07
441.018	  1.75929e+07
441.285	  1.7602e+07
441.552	  1.7611e+07
441.819	  1.762e+07
442.086	  1.76289e+07
442.353	  1.76378e+07
442.62	  1.76467e+07
442.887	  1.76556e+07
443.154	  1.76644e+07
443.421	  1.76732e+07
443.688	  1.76819e+07
443.955	  1.76906e+07
444.222	  1.76993e+07
444.489	  1.7708e+07
444.756	  1.77166e+07
445.023	  1.77252e+07
445.29	  1.77337e+07
445.557	  1.77422e+07
445.824	  1.77507e+07
446.091	  1.77592e+07
446.358	  1.77676e+07
446.625	  1.7776e+07
446.892	  1.77843e+07
447.159	  1.77927e+07
447.426	  1.7801e+07
447.693	  1.78092e+07
447.96	  1.78174e+07
448.227	  1.78256e+07
448.494	  1.78338e+07
448.761	  1.78419e+07
449.028	  1.785e+07
449.295	  1.78581e+07
449.562	  1.78661e+07
449.829	  1.78741e+07
450.096	  1.78821e+07
450.363	  1.789e+07
450.63	  1.78979e+07
450.897	  1.79058e+07
451.164	  1.79136e+07
451.431	  1.79214e+07
451.698	  1.79292e+07
451.965	  1.79369e+07
452.232	  1.79446e+07
452.499	  1.79523e+07
452.766	  1.796e+07
453.033	  1.79676e+07
453.3	  1.79752e+07
453.567	  1.79827e+07
453.834	  1.79902e+07
454.101	  1.79977e+07
454.368	  1.80052e+07
454.635	  1.80126e+07
454.902	  1.802e+07
455.169	  1.80273e+07
455.436	  1.80347e+07
455.703	  1.8042e+07
455.97	  1.80492e+07
456.237	  1.80564e+07
456.504	  1.80636e+07
456.771	  1.80708e+07
457.038	  1.8078e+07
457.305	  1.80851e+07
457.572	  1.80921e+07
457.839	  1.80992e+07
458.106	  1.81062e+07
458.373	  1.81132e+07
458.64	  1.81201e+07
458.907	  1.8127e+07
459.174	  1.81339e+07
459.441	  1.81408e+07
459.708	  1.81476e+07
459.975	  1.81544e+07
460.242	  1.81612e+07
460.509	  1.81679e+07
460.776	  1.81746e+07
461.043	  1.81813e+07
461.31	  1.81879e+07
461.577	  1.81945e+07
461.844	  1.82011e+07
462.111	  1.82077e+07
462.378	  1.82142e+07
462.645	  1.82207e+07
462.912	  1.82271e+07
463.179	  1.82335e+07
463.446	  1.82399e+07
463.713	  1.82463e+07
463.98	  1.82526e+07
464.247	  1.82589e+07
464.514	  1.82652e+07
464.781	  1.82714e+07
465.048	  1.82777e+07
465.315	  1.82838e+07
465.582	  1.829e+07
465.849	  1.82961e+07
466.116	  1.83022e+07
466.383	  1.83083e+07
466.65	  1.83143e+07
466.917	  1.83203e+07
467.184	  1.83263e+07
467.451	  1.83322e+07
467.718	  1.83381e+07
467.985	  1.8344e+07
468.252	  1.83498e+07
468.519	  1.83557e+07
468.786	  1.83615e+07
469.053	  1.83672e+07
469.32	  1.8373e+07
469.587	  1.83787e+07
469.854	  1.83843e+07
470.121	  1.839e+07
470.388	  1.83956e+07
470.655	  1.84012e+07
470.922	  1.84067e+07
471.189	  1.84122e+07
471.456	  1.84177e+07
471.723	  1.84232e+07
471.99	  1.84286e+07
472.257	  1.8434e+07
472.524	  1.84394e+07
472.791	  1.84448e+07
473.058	  1.84501e+07
473.325	  1.84554e+07
473.592	  1.84606e+07
473.859	  1.84659e+07
474.126	  1.84711e+07
474.393	  1.84762e+07
474.66	  1.84814e+07
474.927	  1.84865e+07
475.194	  1.84916e+07
475.461	  1.84966e+07
475.728	  1.85017e+07
475.995	  1.85067e+07
476.262	  1.85116e+07
476.529	  1.85166e+07
476.796	  1.85215e+07
477.063	  1.85264e+07
477.33	  1.85312e+07
477.597	  1.85361e+07
477.864	  1.85409e+07
478.131	  1.85456e+07
478.398	  1.85504e+07
478.665	  1.85551e+07
478.932	  1.85598e+07
479.199	  1.85644e+07
479.466	  1.85691e+07
479.733	  1.85737e+07
480	  1.85782e+07
480.267	  1.85828e+07
480.534	  1.85873e+07
480.801	  1.85918e+07
481.068	  1.85962e+07
481.335	  1.86007e+07
481.602	  1.86051e+07
481.869	  1.86095e+07
482.136	  1.86138e+07
482.403	  1.86181e+07
482.67	  1.86224e+07
482.937	  1.86267e+07
483.204	  1.86309e+07
483.471	  1.86351e+07
483.738	  1.86393e+07
484.005	  1.86435e+07
484.272	  1.86476e+07
484.539	  1.86517e+07
484.806	  1.86558e+07
485.073	  1.86598e+07
485.34	  1.86638e+07
485.607	  1.86678e+07
485.874	  1.86718e+07
486.141	  1.86757e+07
486.408	  1.86796e+07
486.675	  1.86835e+07
486.942	  1.86873e+07
487.209	  1.86912e+07
487.476	  1.8695e+07
487.743	  1.86987e+07
488.01	  1.87025e+07
488.277	  1.87062e+07
488.544	  1.87099e+07
488.811	  1.87136e+07
489.078	  1.87172e+07
489.345	  1.87208e+07
489.612	  1.87244e+07
489.879	  1.87279e+07
490.146	  1.87315e+07
490.413	  1.8735e+07
490.68	  1.87385e+07
490.947	  1.87419e+07
491.214	  1.87453e+07
491.481	  1.87487e+07
491.748	  1.87521e+07
492.015	  1.87554e+07
492.282	  1.87588e+07
492.549	  1.87621e+07
492.816	  1.87653e+07
493.083	  1.87686e+07
493.35	  1.87718e+07
493.617	  1.8775e+07
493.884	  1.87781e+07
494.151	  1.87813e+07
494.418	  1.87844e+07
494.685	  1.87875e+07
494.952	  1.87905e+07
495.219	  1.87935e+07
495.486	  1.87965e+07
495.753	  1.87995e+07
496.02	  1.88025e+07
496.287	  1.88054e+07
496.554	  1.88083e+07
496.821	  1.88112e+07
497.088	  1.8814e+07
497.355	  1.88169e+07
497.622	  1.88197e+07
497.889	  1.88224e+07
498.156	  1.88252e+07
498.423	  1.88279e+07
498.69	  1.88306e+07
498.957	  1.88333e+07
499.224	  1.88359e+07
499.491	  1.88386e+07
499.758	  1.88412e+07
500.025	  1.88437e+07
500.292	  1.88463e+07
500.559	  1.88488e+07
500.826	  1.88513e+07
501.093	  1.88538e+07
501.36	  1.88562e+07
501.627	  1.88586e+07
501.894	  1.8861e+07
502.161	  1.88634e+07
502.428	  1.88658e+07
502.695	  1.88681e+07
502.962	  1.88704e+07
503.229	  1.88727e+07
503.496	  1.88749e+07
503.763	  1.88771e+07
504.03	  1.88793e+07
504.297	  1.88815e+07
504.564	  1.88837e+07
504.831	  1.88858e+07
505.098	  1.88879e+07
505.365	  1.889e+07
505.632	  1.8892e+07
505.899	  1.88941e+07
506.166	  1.88961e+07
506.433	  1.88981e+07
506.7	  1.89e+07
506.967	  1.8902e+07
507.234	  1.89039e+07
507.501	  1.89057e+07
507.768	  1.89076e+07
508.035	  1.89094e+07
508.302	  1.89113e+07
508.569	  1.89131e+07
508.836	  1.89148e+07
509.103	  1.89166e+07
509.37	  1.89183e+07
509.637	  1.892e+07
509.904	  1.89217e+07
510.171	  1.89233e+07
510.438	  1.89249e+07
510.705	  1.89265e+07
510.972	  1.89281e+07
511.239	  1.89297e+07
511.506	  1.89312e+07
511.773	  1.89327e+07
512.04	  1.89342e+07
512.307	  1.89357e+07
512.574	  1.89371e+07
512.841	  1.89385e+07
513.108	  1.89399e+07
513.375	  1.89413e+07
513.642	  1.89426e+07
513.909	  1.89439e+07
514.176	  1.89452e+07
514.443	  1.89465e+07
514.71	  1.89478e+07
514.977	  1.8949e+07
515.244	  1.89502e+07
515.511	  1.89514e+07
515.778	  1.89526e+07
516.045	  1.89537e+07
516.312	  1.89548e+07
516.579	  1.89559e+07
516.846	  1.8957e+07
517.113	  1.89581e+07
517.38	  1.89591e+07
517.647	  1.89601e+07
517.914	  1.89611e+07
518.181	  1.8962e+07
518.448	  1.8963e+07
518.715	  1.89639e+07
518.982	  1.89648e+07
519.249	  1.89657e+07
519.516	  1.89665e+07
519.783	  1.89674e+07
520.05	  1.89682e+07
520.317	  1.89689e+07
520.584	  1.89697e+07
520.851	  1.89705e+07
521.118	  1.89712e+07
521.385	  1.89719e+07
521.652	  1.89725e+07
521.919	  1.89732e+07
522.186	  1.89738e+07
522.453	  1.89744e+07
522.72	  1.8975e+07
522.987	  1.89756e+07
523.254	  1.89762e+07
523.521	  1.89767e+07
523.788	  1.89772e+07
524.055	  1.89777e+07
524.322	  1.89781e+07
524.589	  1.89786e+07
524.856	  1.8979e+07
525.123	  1.89794e+07
525.39	  1.89798e+07
525.657	  1.89801e+07
525.924	  1.89804e+07
526.191	  1.89808e+07
526.458	  1.89811e+07
526.725	  1.89813e+07
526.992	  1.89816e+07
527.259	  1.89818e+07
527.526	  1.8982e+07
527.793	  1.89822e+07
528.06	  1.89824e+07
528.327	  1.89825e+07
528.594	  1.89826e+07
528.861	  1.89827e+07
529.128	  1.89828e+07
529.395	  1.89829e+07
529.662	  1.89829e+07
529.929	  1.8983e+07
530.196	  1.8983e+07
530.463	  1.89829e+07
530.73	  1.89829e+07
530.997	  1.89828e+07
531.264	  1.89828e+07
531.531	  1.89827e+07
531.798	  1.89825e+07
532.065	  1.89824e+07
532.332	  1.89822e+07
532.599	  1.89821e+07
532.866	  1.89819e+07
533.133	  1.89816e+07
533.4	  1.89814e+07
533.667	  1.89811e+07
533.934	  1.89809e+07
534.201	  1.89806e+07
534.468	  1.89803e+07
534.735	  1.89799e+07
535.002	  1.89796e+07
535.269	  1.89792e+07
535.536	  1.89788e+07
535.803	  1.89784e+07
536.07	  1.89779e+07
536.337	  1.89775e+07
536.604	  1.8977e+07
536.871	  1.89765e+07
537.138	  1.8976e+07
537.405	  1.89754e+07
537.672	  1.89749e+07
537.939	  1.89743e+07
538.206	  1.89737e+07
538.473	  1.89731e+07
538.74	  1.89725e+07
539.007	  1.89718e+07
539.274	  1.89712e+07
539.541	  1.89705e+07
539.808	  1.89698e+07
540.075	  1.8969e+07
540.342	  1.89683e+07
540.609	  1.89675e+07
540.876	  1.89668e+07
541.143	  1.8966e+07
541.41	  1.89651e+07
541.677	  1.89643e+07
541.944	  1.89634e+07
542.211	  1.89626e+07
542.478	  1.89617e+07
542.745	  1.89608e+07
543.012	  1.89598e+07
543.279	  1.89589e+07
543.546	  1.89579e+07
543.813	  1.89569e+07
544.08	  1.89559e+07
544.347	  1.89549e+07
544.614	  1.89539e+07
544.881	  1.89528e+07
545.148	  1.89517e+07
545.415	  1.89506e+07
545.682	  1.89495e+07
545.949	  1.89484e+07
546.216	  1.89472e+07
546.483	  1.89461e+07
546.75	  1.89449e+07
547.017	  1.89437e+07
547.284	  1.89424e+07
547.551	  1.89412e+07
547.818	  1.89399e+07
548.085	  1.89387e+07
548.352	  1.89374e+07
548.619	  1.89361e+07
548.886	  1.89347e+07
549.153	  1.89334e+07
549.42	  1.8932e+07
549.687	  1.89306e+07
549.954	  1.89292e+07
550.221	  1.89278e+07
550.488	  1.89264e+07
550.755	  1.89249e+07
551.022	  1.89235e+07
551.289	  1.8922e+07
551.556	  1.89205e+07
551.823	  1.8919e+07
552.09	  1.89174e+07
552.357	  1.89159e+07
552.624	  1.89143e+07
552.891	  1.89127e+07
553.158	  1.89111e+07
553.425	  1.89095e+07
553.692	  1.89078e+07
553.959	  1.89062e+07
554.226	  1.89045e+07
554.493	  1.89028e+07
554.76	  1.89011e+07
555.027	  1.88994e+07
555.294	  1.88977e+07
555.561	  1.88959e+07
555.828	  1.88941e+07
556.095	  1.88923e+07
556.362	  1.88905e+07
556.629	  1.88887e+07
556.896	  1.88869e+07
557.163	  1.8885e+07
557.43	  1.88831e+07
557.697	  1.88812e+07
557.964	  1.88793e+07
558.231	  1.88774e+07
558.498	  1.88755e+07
558.765	  1.88735e+07
559.032	  1.88715e+07
559.299	  1.88696e+07
559.566	  1.88676e+07
560.009	  1.88642e+07
560.296	  1.8862e+07
560.583	  1.88598e+07
560.87	  1.88575e+07
561.157	  1.88553e+07
561.444	  1.8853e+07
561.731	  1.88507e+07
562.018	  1.88484e+07
562.305	  1.88461e+07
562.592	  1.88437e+07
562.879	  1.88414e+07
563.166	  1.8839e+07
563.453	  1.88366e+07
563.74	  1.88342e+07
564.027	  1.88317e+07
564.314	  1.88293e+07
564.601	  1.88268e+07
564.888	  1.88243e+07
565.175	  1.88218e+07
565.462	  1.88193e+07
565.749	  1.88167e+07
566.036	  1.88142e+07
566.323	  1.88116e+07
566.61	  1.8809e+07
566.897	  1.88064e+07
567.184	  1.88037e+07
567.471	  1.88011e+07
567.758	  1.87984e+07
568.045	  1.87957e+07
568.332	  1.8793e+07
568.619	  1.87903e+07
568.906	  1.87876e+07
569.193	  1.87848e+07
569.48	  1.87821e+07
569.767	  1.87793e+07
570.054	  1.87765e+07
570.341	  1.87737e+07
570.628	  1.87708e+07
570.915	  1.8768e+07
571.202	  1.87651e+07
571.489	  1.87622e+07
571.776	  1.87593e+07
572.063	  1.87564e+07
572.35	  1.87534e+07
572.637	  1.87505e+07
572.924	  1.87475e+07
573.211	  1.87445e+07
573.498	  1.87415e+07
573.785	  1.87385e+07
574.072	  1.87355e+07
574.359	  1.87324e+07
574.646	  1.87293e+07
574.933	  1.87262e+07
575.22	  1.87231e+07
575.507	  1.872e+07
575.794	  1.87169e+07
576.081	  1.87137e+07
576.368	  1.87106e+07
576.655	  1.87074e+07
576.942	  1.87042e+07
577.229	  1.8701e+07
577.516	  1.86977e+07
577.803	  1.86945e+07
578.09	  1.86912e+07
578.377	  1.8688e+07
578.664	  1.86847e+07
578.951	  1.86814e+07
579.238	  1.8678e+07
579.525	  1.86747e+07
579.812	  1.86713e+07
580.099	  1.8668e+07
580.386	  1.86646e+07
580.673	  1.86612e+07
580.96	  1.86578e+07
581.247	  1.86543e+07
581.534	  1.86509e+07
581.821	  1.86474e+07
582.108	  1.86439e+07
582.395	  1.86404e+07
582.682	  1.86369e+07
582.969	  1.86334e+07
583.256	  1.86299e+07
583.543	  1.86263e+07
583.83	  1.86227e+07
584.117	  1.86192e+07
584.404	  1.86156e+07
584.691	  1.86119e+07
584.978	  1.86083e+07
585.265	  1.86047e+07
585.552	  1.8601e+07
585.839	  1.85973e+07
586.126	  1.85937e+07
586.413	  1.859e+07
586.7	  1.85862e+07
586.987	  1.85825e+07
587.274	  1.85788e+07
587.561	  1.8575e+07
587.848	  1.85712e+07
588.135	  1.85674e+07
588.422	  1.85636e+07
588.709	  1.85598e+07
588.996	  1.8556e+07
589.283	  1.85521e+07
589.57	  1.85483e+07
589.857	  1.85444e+07
590.144	  1.85405e+07
590.431	  1.85366e+07
590.718	  1.85327e+07
591.005	  1.85288e+07
591.292	  1.85248e+07
591.579	  1.85209e+07
591.866	  1.85169e+07
592.153	  1.85129e+07
592.44	  1.85089e+07
592.727	  1.85049e+07
593.014	  1.85009e+07
593.301	  1.84968e+07
593.588	  1.84928e+07
593.875	  1.84887e+07
594.162	  1.84846e+07
594.449	  1.84805e+07
594.736	  1.84764e+07
595.023	  1.84723e+07
595.31	  1.84682e+07
595.597	  1.8464e+07
595.884	  1.84599e+07
596.171	  1.84557e+07
596.458	  1.84515e+07
596.745	  1.84473e+07
597.032	  1.84431e+07
597.319	  1.84389e+07
597.606	  1.84346e+07
597.893	  1.84304e+07
598.18	  1.84261e+07
598.467	  1.84218e+07
598.754	  1.84175e+07
599.041	  1.84132e+07
599.328	  1.84089e+07
599.615	  1.84046e+07
599.902	  1.84002e+07
600.189	  1.83959e+07
600.476	  1.83915e+07
600.763	  1.83871e+07
601.05	  1.83827e+07
601.337	  1.83783e+07
601.624	  1.83739e+07
601.911	  1.83695e+07
602.198	  1.8365e+07
602.485	  1.83606e+07
602.772	  1.83561e+07
603.059	  1.83516e+07
603.346	  1.83471e+07
603.633	  1.83426e+07
603.92	  1.83381e+07
604.207	  1.83336e+07
604.494	  1.8329e+07
604.781	  1.83245e+07
605.068	  1.83199e+07
605.355	  1.83153e+07
605.642	  1.83108e+07
605.929	  1.83062e+07
606.216	  1.83015e+07
606.503	  1.82969e+07
606.79	  1.82923e+07
607.077	  1.82876e+07
607.364	  1.8283e+07
607.651	  1.82783e+07
607.938	  1.82736e+07
608.225	  1.82689e+07
608.512	  1.82642e+07
608.799	  1.82595e+07
609.086	  1.82548e+07
609.373	  1.825e+07
609.66	  1.82453e+07
609.947	  1.82405e+07
610.234	  1.82357e+07
610.521	  1.82309e+07
610.808	  1.82261e+07
611.095	  1.82213e+07
611.382	  1.82165e+07
611.669	  1.82117e+07
611.956	  1.82068e+07
612.243	  1.8202e+07
612.53	  1.81971e+07
612.817	  1.81922e+07
613.104	  1.81873e+07
613.391	  1.81824e+07
613.678	  1.81775e+07
613.965	  1.81726e+07
614.252	  1.81677e+07
614.539	  1.81627e+07
614.826	  1.81578e+07
615.113	  1.81528e+07
615.4	  1.81478e+07
615.687	  1.81428e+07
615.974	  1.81378e+07
616.261	  1.81328e+07
616.548	  1.81278e+07
616.835	  1.81228e+07
617.122	  1.81177e+07
617.409	  1.81127e+07
617.696	  1.81076e+07
617.983	  1.81025e+07
618.27	  1.80975e+07
618.557	  1.80924e+07
618.844	  1.80873e+07
619.131	  1.80822e+07
619.418	  1.8077e+07
619.705	  1.80719e+07
619.992	  1.80667e+07
620.279	  1.80616e+07
620.566	  1.80564e+07
620.853	  1.80513e+07
621.14	  1.80461e+07
621.427	  1.80409e+07
621.714	  1.80357e+07
622.001	  1.80305e+07
622.288	  1.80252e+07
622.575	  1.802e+07
622.862	  1.80147e+07
623.149	  1.80095e+07
623.436	  1.80042e+07
623.723	  1.7999e+07
624.01	  1.79937e+07
624.297	  1.79884e+07
624.584	  1.79831e+07
624.871	  1.79778e+07
625.158	  1.79724e+07
625.445	  1.79671e+07
625.732	  1.79618e+07
626.019	  1.79564e+07
626.306	  1.7951e+07
626.593	  1.79457e+07
626.88	  1.79403e+07
627.167	  1.79349e+07
627.454	  1.79295e+07
627.741	  1.79241e+07
628.028	  1.79187e+07
628.315	  1.79133e+07
628.602	  1.79078e+07
628.889	  1.79024e+07
629.176	  1.78969e+07
629.463	  1.78915e+07
629.75	  1.7886e+07
630.037	  1.78805e+07
630.324	  1.7875e+07
630.611	  1.78695e+07
630.898	  1.7864e+07
631.185	  1.78585e+07
631.472	  1.78529e+07
631.759	  1.78474e+07
632.046	  1.78419e+07
632.333	  1.78363e+07
632.62	  1.78308e+07
632.907	  1.78252e+07
633.194	  1.78196e+07
633.481	  1.7814e+07
633.768	  1.78084e+07
634.055	  1.78028e+07
634.342	  1.77972e+07
634.629	  1.77916e+07
634.916	  1.77859e+07
635.203	  1.77803e+07
635.49	  1.77746e+07
635.777	  1.7769e+07
636.064	  1.77633e+07
636.351	  1.77576e+07
636.638	  1.7752e+07
636.925	  1.77463e+07
637.212	  1.77406e+07
637.499	  1.77349e+07
637.786	  1.77291e+07
638.073	  1.77234e+07
638.36	  1.77177e+07
638.647	  1.7712e+07
638.934	  1.77062e+07
639.221	  1.77004e+07
639.508	  1.76947e+07
639.795	  1.76889e+07
640.082	  1.76831e+07
640.369	  1.76773e+07
640.656	  1.76715e+07
640.943	  1.76657e+07
641.23	  1.76599e+07
641.517	  1.76541e+07
641.804	  1.76483e+07
642.091	  1.76424e+07
642.378	  1.76366e+07
642.665	  1.76307e+07
642.952	  1.76249e+07
643.239	  1.7619e+07
643.526	  1.76131e+07
643.813	  1.76072e+07
644.1	  1.76014e+07
644.387	  1.75955e+07
644.674	  1.75896e+07
644.961	  1.75836e+07
645.248	  1.75777e+07
645.535	  1.75718e+07
645.822	  1.75659e+07
646.109	  1.75599e+07
646.396	  1.7554e+07
646.683	  1.7548e+07
646.97	  1.7542e+07
647.257	  1.75361e+07
647.544	  1.75301e+07
647.831	  1.75241e+07
648.118	  1.75181e+07
648.405	  1.75121e+07
648.692	  1.75061e+07
648.979	  1.75001e+07
649.266	  1.74941e+07
649.553	  1.7488e+07
649.84	  1.7482e+07
650.127	  1.74759e+07
650.414	  1.74699e+07
650.701	  1.74638e+07
650.988	  1.74578e+07
651.275	  1.74517e+07
651.562	  1.74456e+07
651.849	  1.74395e+07
652.136	  1.74334e+07
652.423	  1.74273e+07
652.71	  1.74212e+07
652.997	  1.74151e+07
653.284	  1.7409e+07
653.571	  1.74029e+07
653.858	  1.73967e+07
654.145	  1.73906e+07
654.432	  1.73844e+07
654.719	  1.73783e+07
655.006	  1.73721e+07
655.293	  1.7366e+07
655.58	  1.73598e+07
655.867	  1.73536e+07
656.154	  1.73474e+07
656.441	  1.73412e+07
656.728	  1.7335e+07
657.015	  1.73288e+07
657.302	  1.73226e+07
657.589	  1.73164e+07
657.876	  1.73102e+07
658.163	  1.73039e+07
658.45	  1.72977e+07
658.737	  1.72915e+07
659.024	  1.72852e+07
659.311	  1.7279e+07
659.598	  1.72727e+07
659.885	  1.72664e+07
660.172	  1.72602e+07
660.459	  1.72539e+07
660.746	  1.72476e+07
661.033	  1.72413e+07
661.32	  1.7235e+07
661.607	  1.72287e+07
661.894	  1.72224e+07
662.181	  1.72161e+07
662.468	  1.72097e+07
662.755	  1.72034e+07
663.042	  1.71971e+07
663.329	  1.71907e+07
663.616	  1.71844e+07
663.903	  1.71781e+07
664.19	  1.71717e+07
664.477	  1.71653e+07
664.764	  1.7159e+07
665.051	  1.71526e+07
665.338	  1.71462e+07
665.625	  1.71398e+07
665.912	  1.71334e+07
666.199	  1.7127e+07
666.486	  1.71206e+07
666.773	  1.71142e+07
667.06	  1.71078e+07
667.347	  1.71014e+07
667.634	  1.7095e+07
667.921	  1.70885e+07
668.208	  1.70821e+07
668.495	  1.70757e+07
668.782	  1.70692e+07
669.069	  1.70628e+07
669.356	  1.70563e+07
669.643	  1.70499e+07
669.93	  1.70434e+07
670.217	  1.70369e+07
670.504	  1.70304e+07
670.791	  1.7024e+07
671.078	  1.70175e+07
671.365	  1.7011e+07
671.652	  1.70045e+07
671.939	  1.6998e+07
672.226	  1.69915e+07
672.513	  1.6985e+07
672.8	  1.69784e+07
673.087	  1.69719e+07
673.374	  1.69654e+07
673.661	  1.69589e+07
673.948	  1.69523e+07
674.235	  1.69458e+07
674.522	  1.69392e+07
674.809	  1.69327e+07
675.096	  1.69261e+07
675.383	  1.69196e+07
675.67	  1.6913e+07
675.957	  1.69064e+07
676.244	  1.68998e+07
676.531	  1.68933e+07
676.818	  1.68867e+07
677.105	  1.68801e+07
677.392	  1.68735e+07
677.679	  1.68669e+07
677.966	  1.68603e+07
678.253	  1.68537e+07
678.54	  1.68471e+07
678.827	  1.68404e+07
679.114	  1.68338e+07
679.401	  1.68272e+07
679.688	  1.68205e+07
679.975	  1.68139e+07
680.262	  1.68073e+07
680.549	  1.68006e+07
680.836	  1.6794e+07
681.123	  1.67873e+07
681.41	  1.67807e+07
681.697	  1.6774e+07
681.984	  1.67673e+07
682.271	  1.67607e+07
682.558	  1.6754e+07
682.845	  1.67473e+07
683.132	  1.67406e+07
683.419	  1.67339e+07
683.706	  1.67272e+07
683.993	  1.67205e+07
684.28	  1.67138e+07
684.567	  1.67071e+07
684.854	  1.67004e+07
685.141	  1.66937e+07
685.428	  1.6687e+07
685.715	  1.66803e+07
686.002	  1.66736e+07
686.289	  1.66668e+07
686.576	  1.66601e+07
686.863	  1.66534e+07
687.15	  1.66466e+07
687.437	  1.66399e+07
687.724	  1.66331e+07
688.011	  1.66264e+07
688.298	  1.66196e+07
688.585	  1.66128e+07
688.872	  1.66061e+07
689.159	  1.65993e+07
689.446	  1.65925e+07
689.733	  1.65858e+07
690.02	  1.6579e+07
690.307	  1.65722e+07
690.594	  1.65654e+07
690.881	  1.65586e+07
691.168	  1.65518e+07
691.455	  1.6545e+07
691.742	  1.65382e+07
692.029	  1.65314e+07
692.316	  1.65246e+07
692.603	  1.65178e+07
692.89	  1.6511e+07
693.177	  1.65042e+07
693.464	  1.64974e+07
693.751	  1.64905e+07
694.038	  1.64837e+07
694.325	  1.64769e+07
694.612	  1.647e+07
694.899	  1.64632e+07
695.186	  1.64563e+07
695.473	  1.64495e+07
695.76	  1.64426e+07
696.047	  1.64358e+07
696.334	  1.64289e+07
696.621	  1.64221e+07
696.908	  1.64152e+07
697.195	  1.64084e+07
697.482	  1.64015e+07
697.769	  1.63946e+07
698.056	  1.63877e+07
698.343	  1.63809e+07
698.63	  1.6374e+07
698.917	  1.63671e+07
699.204	  1.63602e+07
699.491	  1.63533e+07
699.778	  1.63464e+07
700.065	  1.63395e+07
700.352	  1.63326e+07
700.639	  1.63257e+07
700.926	  1.63188e+07
701.213	  1.63119e+07
701.5	  1.6305e+07
701.787	  1.62981e+07
702.074	  1.62912e+07
702.361	  1.62842e+07
702.648	  1.62773e+07
702.935	  1.62704e+07
703.222	  1.62635e+07
703.509	  1.62565e+07
703.796	  1.62496e+07
704.083	  1.62426e+07
704.37	  1.62357e+07
704.657	  1.62288e+07
704.944	  1.62218e+07
705.231	  1.62149e+07
705.518	  1.62079e+07
705.805	  1.6201e+07
706.092	  1.6194e+07
706.379	  1.6187e+07
706.666	  1.61801e+07
706.953	  1.61731e+07
707.24	  1.61662e+07
707.527	  1.61592e+07
707.814	  1.61522e+07
708.101	  1.61452e+07
708.388	  1.61383e+07
708.675	  1.61313e+07
708.962	  1.61243e+07
709.249	  1.61173e+07
709.536	  1.61103e+07
709.823	  1.61033e+07
710.11	  1.60963e+07
710.397	  1.60893e+07
710.684	  1.60824e+07
710.971	  1.60754e+07
711.258	  1.60684e+07
711.545	  1.60613e+07
711.832	  1.60543e+07
712.119	  1.60473e+07
712.406	  1.60403e+07
712.693	  1.60333e+07
712.98	  1.60263e+07
713.267	  1.60193e+07
713.554	  1.60123e+07
713.841	  1.60052e+07
714.128	  1.59982e+07
714.415	  1.59912e+07
714.702	  1.59842e+07
714.989	  1.59771e+07
715.276	  1.59701e+07
715.563	  1.59631e+07
715.85	  1.5956e+07
716.137	  1.5949e+07
716.424	  1.59419e+07
716.711	  1.59349e+07
716.998	  1.59279e+07
717.285	  1.59208e+07
717.572	  1.59138e+07
717.859	  1.59067e+07
718.146	  1.58997e+07
718.433	  1.58926e+07
718.72	  1.58855e+07
719.007	  1.58785e+07
719.294	  1.58714e+07
719.581	  1.58644e+07
719.868	  1.58573e+07
720.155	  1.58502e+07
720.442	  1.58432e+07
720.729	  1.58361e+07
721.016	  1.5829e+07
721.303	  1.5822e+07
721.59	  1.58149e+07
721.877	  1.58078e+07
722.164	  1.58007e+07
722.451	  1.57936e+07
722.738	  1.57866e+07
723.025	  1.57795e+07
723.312	  1.57724e+07
723.599	  1.57653e+07
723.886	  1.57582e+07
724.173	  1.57511e+07
724.46	  1.5744e+07
724.747	  1.5737e+07
725.034	  1.57299e+07
725.321	  1.57228e+07
725.608	  1.57157e+07
725.895	  1.57086e+07
726.182	  1.57015e+07
726.469	  1.56944e+07
726.756	  1.56873e+07
727.043	  1.56802e+07
727.33	  1.5673e+07
727.617	  1.56659e+07
727.904	  1.56588e+07
728.191	  1.56517e+07
728.478	  1.56446e+07
728.765	  1.56375e+07
729.052	  1.56304e+07
729.339	  1.56233e+07
729.626	  1.56161e+07
729.913	  1.5609e+07
730.2	  1.56019e+07
730.487	  1.55948e+07
730.774	  1.55877e+07
731.061	  1.55805e+07
731.348	  1.55734e+07
731.635	  1.55663e+07
731.922	  1.55592e+07
732.209	  1.5552e+07
732.496	  1.55449e+07
732.783	  1.55378e+07
733.07	  1.55306e+07
733.357	  1.55235e+07
733.644	  1.55164e+07
733.931	  1.55092e+07
734.218	  1.55021e+07
734.505	  1.5495e+07
734.792	  1.54878e+07
735.079	  1.54807e+07
735.366	  1.54735e+07
735.653	  1.54664e+07
735.94	  1.54593e+07
736.227	  1.54521e+07
736.514	  1.5445e+07
736.801	  1.54378e+07
737.088	  1.54307e+07
737.375	  1.54235e+07
737.662	  1.54164e+07
737.949	  1.54092e+07
738.236	  1.54021e+07
738.523	  1.53949e+07
738.81	  1.53878e+07
739.097	  1.53806e+07
739.384	  1.53735e+07
739.671	  1.53663e+07
739.958	  1.53592e+07
740.245	  1.5352e+07
740.532	  1.53449e+07
740.819	  1.53377e+07
741.106	  1.53305e+07
741.393	  1.53234e+07
741.68	  1.53162e+07
741.967	  1.53091e+07
742.254	  1.53019e+07
742.541	  1.52947e+07
742.828	  1.52876e+07
743.115	  1.52804e+07
743.402	  1.52732e+07
743.689	  1.52661e+07
743.976	  1.52589e+07
744.263	  1.52517e+07
744.55	  1.52446e+07
744.837	  1.52374e+07
745.124	  1.52302e+07
745.411	  1.52231e+07
745.698	  1.52159e+07
745.985	  1.52087e+07
746.272	  1.52016e+07
746.559	  1.51944e+07
746.846	  1.51872e+07
747.133	  1.51801e+07
747.42	  1.51729e+07
747.707	  1.51657e+07
747.994	  1.51585e+07
748.281	  1.51514e+07
748.568	  1.51442e+07
748.855	  1.5137e+07
749.142	  1.51298e+07
749.429	  1.51227e+07
749.716	  1.51155e+07
750.003	  1.51083e+07
750.29	  1.51011e+07
750.577	  1.5094e+07
750.864	  1.50868e+07
751.151	  1.50796e+07
751.438	  1.50724e+07
751.725	  1.50652e+07
752.012	  1.50581e+07
752.299	  1.50509e+07
752.586	  1.50437e+07
752.873	  1.50365e+07
753.16	  1.50294e+07
753.447	  1.50222e+07
753.734	  1.5015e+07
754.021	  1.50078e+07
754.308	  1.50006e+07
754.595	  1.49935e+07
754.882	  1.49863e+07
755.169	  1.49791e+07
755.456	  1.49719e+07
755.743	  1.49647e+07
756.03	  1.49575e+07
756.317	  1.49504e+07
756.604	  1.49432e+07
756.891	  1.4936e+07
757.178	  1.49288e+07
757.465	  1.49216e+07
757.752	  1.49145e+07
758.039	  1.49073e+07
758.326	  1.49001e+07
758.613	  1.48929e+07
758.9	  1.48857e+07
759.187	  1.48786e+07
759.474	  1.48714e+07
759.761	  1.48642e+07
760.048	  1.4857e+07
760.335	  1.48498e+07
760.622	  1.48426e+07
760.909	  1.48355e+07
761.196	  1.48283e+07
761.483	  1.48211e+07
761.77	  1.48139e+07
762.057	  1.48067e+07
762.344	  1.47996e+07
762.631	  1.47924e+07
762.918	  1.47852e+07
763.205	  1.4778e+07
763.492	  1.47708e+07
763.779	  1.47637e+07
764.066	  1.47565e+07
764.353	  1.47493e+07
764.64	  1.47421e+07
764.927	  1.47349e+07
765.214	  1.47278e+07
765.501	  1.47206e+07
765.788	  1.47134e+07
766.075	  1.47062e+07
766.362	  1.4699e+07
766.649	  1.46919e+07
766.936	  1.46847e+07
767.223	  1.46775e+07
767.51	  1.46703e+07
767.797	  1.46632e+07
768.084	  1.4656e+07
768.371	  1.46488e+07
768.658	  1.46416e+07
768.945	  1.46344e+07
769.232	  1.46273e+07
769.519	  1.46201e+07
769.806	  1.46129e+07
770.093	  1.46058e+07
770.38	  1.45986e+07
770.667	  1.45914e+07
770.954	  1.45842e+07
771.241	  1.45771e+07
771.528	  1.45699e+07
771.815	  1.45627e+07
772.102	  1.45555e+07
772.389	  1.45484e+07
772.676	  1.45412e+07
772.963	  1.4534e+07
773.25	  1.45269e+07
773.537	  1.45197e+07
773.824	  1.45125e+07
774.111	  1.45054e+07
774.398	  1.44982e+07
774.685	  1.4491e+07
774.972	  1.44839e+07
775.259	  1.44767e+07
775.546	  1.44695e+07
775.833	  1.44624e+07
776.12	  1.44552e+07
776.407	  1.44481e+07
776.694	  1.44409e+07
776.981	  1.44337e+07
777.268	  1.44266e+07
777.555	  1.44194e+07
777.842	  1.44122e+07
778.129	  1.44051e+07
778.416	  1.43979e+07
778.703	  1.43908e+07
778.99	  1.43836e+07
779.277	  1.43765e+07
779.564	  1.43693e+07
779.851	  1.43622e+07
780.138	  1.4355e+07
780.425	  1.43478e+07
780.712	  1.43407e+07
780.999	  1.43335e+07
781.286	  1.43264e+07
781.573	  1.43192e+07
781.86	  1.43121e+07
782.147	  1.43049e+07
782.434	  1.42978e+07
782.721	  1.42907e+07
783.008	  1.42835e+07
783.295	  1.42764e+07
783.582	  1.42692e+07
783.869	  1.42621e+07
784.156	  1.42549e+07
784.443	  1.42478e+07
784.73	  1.42406e+07
785.017	  1.42335e+07
785.304	  1.42264e+07
785.591	  1.42192e+07
785.878	  1.42121e+07
786.165	  1.4205e+07
786.452	  1.41978e+07
786.739	  1.41907e+07
787.026	  1.41836e+07
787.313	  1.41764e+07
787.6	  1.41693e+07
787.887	  1.41622e+07
788.174	  1.4155e+07
788.461	  1.41479e+07
788.748	  1.41408e+07
789.035	  1.41337e+07
789.322	  1.41265e+07
789.609	  1.41194e+07
789.896	  1.41123e+07
790.183	  1.41052e+07
790.47	  1.4098e+07
790.757	  1.40909e+07
791.044	  1.40838e+07
791.331	  1.40767e+07
791.618	  1.40696e+07
791.905	  1.40624e+07
792.192	  1.40553e+07
792.479	  1.40482e+07
792.766	  1.40411e+07
793.053	  1.4034e+07
793.34	  1.40269e+07
793.627	  1.40198e+07
793.914	  1.40127e+07
794.201	  1.40056e+07
794.488	  1.39984e+07
794.775	  1.39913e+07
795.062	  1.39842e+07
795.349	  1.39771e+07
795.636	  1.397e+07
795.923	  1.39629e+07
796.21	  1.39558e+07
796.497	  1.39487e+07
796.784	  1.39416e+07
797.071	  1.39346e+07
797.358	  1.39275e+07
797.645	  1.39204e+07
797.932	  1.39133e+07
798.219	  1.39062e+07
798.506	  1.38991e+07
798.793	  1.3892e+07
799.08	  1.38849e+07
799.367	  1.38778e+07
799.654	  1.38708e+07
799.941	  1.38637e+07
800.228	  1.38566e+07
800.515	  1.38495e+07
800.802	  1.38424e+07
801.089	  1.38354e+07
801.376	  1.38283e+07
801.663	  1.38212e+07
801.95	  1.38141e+07
802.237	  1.38071e+07
802.524	  1.38e+07
802.811	  1.37929e+07
803.098	  1.37859e+07
803.385	  1.37788e+07
803.672	  1.37717e+07
803.959	  1.37647e+07
804.246	  1.37576e+07
804.533	  1.37505e+07
804.82	  1.37435e+07
805.107	  1.37364e+07
805.394	  1.37294e+07
805.681	  1.37223e+07
805.968	  1.37153e+07
806.255	  1.37082e+07
806.542	  1.37012e+07
806.829	  1.36941e+07
807.116	  1.36871e+07
807.403	  1.368e+07
807.69	  1.3673e+07
807.977	  1.36659e+07
808.264	  1.36589e+07
808.551	  1.36518e+07
808.838	  1.36448e+07
809.125	  1.36378e+07
809.412	  1.36307e+07
809.699	  1.36237e+07
809.986	  1.36167e+07
810.273	  1.36096e+07
810.56	  1.36026e+07
810.847	  1.35956e+07
811.134	  1.35885e+07
811.421	  1.35815e+07
811.708	  1.35745e+07
811.995	  1.35675e+07
812.282	  1.35605e+07
812.569	  1.35534e+07
812.856	  1.35464e+07
813.143	  1.35394e+07
813.43	  1.35324e+07
813.717	  1.35254e+07
814.004	  1.35184e+07
814.291	  1.35114e+07
814.578	  1.35044e+07
814.865	  1.34974e+07
815.152	  1.34904e+07
815.439	  1.34834e+07
815.726	  1.34764e+07
816.013	  1.34694e+07
816.3	  1.34624e+07
816.587	  1.34554e+07
816.874	  1.34484e+07
817.161	  1.34414e+07
817.448	  1.34344e+07
817.735	  1.34274e+07
818.022	  1.34204e+07
818.309	  1.34134e+07
818.596	  1.34064e+07
818.883	  1.33995e+07
819.17	  1.33925e+07
819.457	  1.33855e+07
820.002	  1.33723e+07
820.031	  1.33716e+07
820.059	  1.33709e+07
820.088	  1.33702e+07
820.117	  1.33695e+07
820.146	  1.33688e+07
820.174	  1.33681e+07
820.203	  1.33674e+07
820.232	  1.33667e+07
820.26	  1.3366e+07
820.289	  1.33653e+07
820.318	  1.33646e+07
820.346	  1.33639e+07
820.375	  1.33632e+07
820.404	  1.33625e+07
820.433	  1.33618e+07
820.461	  1.33611e+07
820.49	  1.33604e+07
820.519	  1.33597e+07
820.547	  1.3359e+07
820.576	  1.33583e+07
820.605	  1.33576e+07
820.633	  1.03801e+07
820.662	  1.03794e+07
820.691	  1.03787e+07
820.72	  1.0378e+07
820.748	  1.03774e+07
820.777	  1.03767e+07
820.806	  1.0376e+07
820.834	  1.03753e+07
820.863	  1.03746e+07
820.892	  1.03739e+07
820.92	  1.03732e+07
820.949	  1.03725e+07
820.978	  1.03719e+07
821.007	  1.03712e+07
821.035	  1.03705e+07
821.064	  1.03698e+07
821.093	  1.03691e+07
821.121	  1.03684e+07
821.15	  1.03677e+07
821.179	  1.03671e+07
821.207	  1.03664e+07
821.236	  1.03657e+07
821.265	  1.0365e+07
821.294	  1.03643e+07
821.322	  1.03636e+07
821.351	  1.03629e+07
821.38	  1.03622e+07
821.408	  1.03616e+07
821.437	  1.03609e+07
821.466	  1.03602e+07
821.494	  1.03595e+07
821.523	  1.03588e+07
821.552	  1.03581e+07
821.581	  1.03574e+07
821.609	  1.03568e+07
821.638	  1.03561e+07
821.667	  1.03554e+07
821.695	  1.03547e+07
821.724	  1.0354e+07
821.753	  1.03533e+07
821.781	  1.03526e+07
821.81	  1.0352e+07
821.839	  1.03513e+07
821.868	  1.03506e+07
821.896	  1.03499e+07
821.925	  1.03492e+07
821.954	  1.03485e+07
821.982	  1.03478e+07
822.011	  1.03472e+07
822.011	  1.03472e+07
822.298	  1.03403e+07
822.585	  1.03334e+07
822.872	  1.03266e+07
823.159	  1.03197e+07
823.446	  1.03129e+07
823.733	  1.03061e+07
824.02	  1.02992e+07
824.307	  1.02924e+07
824.594	  1.02855e+07
824.881	  1.02787e+07
825.168	  1.02719e+07
825.455	  1.02651e+07
825.742	  1.02582e+07
826.029	  1.02514e+07
826.316	  1.02446e+07
826.603	  1.02378e+07
826.89	  1.0231e+07
827.177	  1.02242e+07
827.464	  1.02174e+07
827.751	  1.02106e+07
828.038	  1.02038e+07
828.325	  1.0197e+07
828.612	  1.01902e+07
828.899	  1.01834e+07
829.186	  1.01766e+07
829.473	  1.01698e+07
829.76	  1.0163e+07
830.047	  1.01562e+07
830.334	  1.01494e+07
830.621	  1.01427e+07
830.908	  1.01359e+07
831.195	  1.01291e+07
831.482	  1.01224e+07
831.769	  1.01156e+07
832.056	  1.01088e+07
832.343	  1.01021e+07
832.63	  1.00953e+07
832.917	  1.00886e+07
833.204	  1.00818e+07
833.491	  1.00751e+07
833.778	  1.00683e+07
834.065	  1.00616e+07
834.352	  1.00548e+07
834.639	  1.00481e+07
834.926	  1.00414e+07
835.213	  1.00347e+07
835.5	  1.00279e+07
835.787	  1.00212e+07
836.074	  1.00145e+07
836.361	  1.00078e+07
836.648	  1.0001e+07
836.935	  9.99433e+06
837.222	  9.98762e+06
837.509	  9.98092e+06
837.796	  9.97421e+06
838.083	  9.96751e+06
838.37	  9.96081e+06
838.657	  9.95412e+06
838.944	  9.94743e+06
839.231	  9.94074e+06
839.518	  9.93405e+06
839.805	  9.92737e+06
840.092	  9.92069e+06
840.379	  9.91401e+06
840.666	  9.90733e+06
840.953	  9.90066e+06
841.24	  9.89399e+06
841.527	  9.88733e+06
841.814	  9.88067e+06
842.101	  9.87401e+06
842.388	  9.86735e+06
842.675	  9.8607e+06
842.962	  9.85404e+06
843.249	  9.8474e+06
843.536	  9.84075e+06
843.823	  9.83411e+06
844.11	  9.82747e+06
844.397	  9.82084e+06
844.684	  9.8142e+06
844.971	  9.80757e+06
845.258	  9.80095e+06
845.545	  9.79432e+06
845.832	  9.7877e+06
846.119	  9.78108e+06
846.406	  9.77447e+06
846.693	  9.76786e+06
846.98	  9.76125e+06
847.267	  9.75464e+06
847.554	  9.74804e+06
847.841	  9.74144e+06
848.128	  9.73484e+06
848.415	  9.72825e+06
848.702	  9.72166e+06
848.989	  9.71507e+06
849.276	  9.70849e+06
849.563	  9.7019e+06
849.85	  9.69532e+06
850.137	  9.68875e+06
850.424	  9.68218e+06
850.711	  9.67561e+06
850.998	  9.66904e+06
851.285	  9.66248e+06
851.572	  9.65592e+06
851.859	  9.64936e+06
852.146	  9.64281e+06
852.433	  9.63626e+06
852.72	  9.62971e+06
853.007	  9.62316e+06
853.294	  9.61662e+06
853.581	  9.61008e+06
853.868	  9.60355e+06
854.155	  9.59701e+06
854.442	  9.59048e+06
854.729	  9.58396e+06
855.016	  9.57743e+06
855.303	  9.57091e+06
855.59	  9.5644e+06
855.877	  9.55788e+06
856.164	  9.55137e+06
856.451	  9.54486e+06
856.738	  9.53836e+06
857.025	  9.53186e+06
857.312	  9.52536e+06
857.599	  9.51887e+06
857.886	  9.51237e+06
858.173	  9.50588e+06
858.46	  9.4994e+06
858.747	  9.49291e+06
859.034	  9.48644e+06
859.321	  9.47996e+06
859.608	  9.47349e+06
859.895	  9.46701e+06
860.182	  9.46055e+06
860.469	  9.45408e+06
860.756	  9.44762e+06
861.043	  9.44117e+06
861.33	  9.43471e+06
861.617	  9.42826e+06
861.904	  9.42181e+06
862.191	  9.41537e+06
862.478	  9.40892e+06
862.765	  9.40248e+06
863.052	  9.39605e+06
863.339	  9.38962e+06
863.626	  9.38319e+06
863.913	  9.37676e+06
864.2	  9.37034e+06
864.487	  9.36392e+06
864.774	  9.3575e+06
865.061	  9.35109e+06
865.348	  9.34468e+06
865.635	  9.33827e+06
865.922	  9.33187e+06
866.209	  9.32547e+06
866.496	  9.31907e+06
866.783	  9.31267e+06
867.07	  9.30628e+06
867.357	  9.2999e+06
867.644	  9.29351e+06
867.931	  9.28713e+06
868.218	  9.28075e+06
868.505	  9.27437e+06
868.792	  9.268e+06
869.079	  9.26163e+06
869.366	  9.25527e+06
869.653	  9.24891e+06
869.94	  9.24255e+06
870.227	  9.23619e+06
870.514	  9.22984e+06
870.801	  9.22349e+06
871.088	  9.21714e+06
871.375	  9.2108e+06
871.662	  9.20446e+06
871.949	  9.19812e+06
872.236	  9.19179e+06
872.523	  9.18546e+06
872.81	  9.17913e+06
873.097	  9.17281e+06
873.384	  9.16649e+06
873.671	  9.16017e+06
873.958	  9.15386e+06
874.245	  9.14755e+06
874.532	  9.14124e+06
874.819	  9.13493e+06
875.106	  9.12863e+06
875.393	  9.12234e+06
875.68	  9.11604e+06
875.967	  9.10975e+06
876.254	  9.10346e+06
876.541	  9.09718e+06
876.828	  9.0909e+06
877.115	  9.08462e+06
877.402	  9.07834e+06
877.689	  9.07207e+06
877.976	  9.0658e+06
878.263	  9.05954e+06
878.55	  9.05327e+06
878.837	  9.04702e+06
879.124	  9.04076e+06
879.411	  9.03451e+06
879.698	  9.02826e+06
879.985	  9.02201e+06
880.272	  9.01577e+06
880.559	  9.00953e+06
880.846	  9.0033e+06
881.133	  8.99706e+06
881.42	  8.99083e+06
881.707	  8.98461e+06
881.994	  8.97839e+06
882.281	  8.97217e+06
882.568	  8.96595e+06
882.855	  8.95974e+06
883.142	  8.95353e+06
883.429	  8.94732e+06
883.716	  8.94112e+06
884.003	  8.93492e+06
884.29	  8.92872e+06
884.577	  8.92253e+06
884.864	  8.91634e+06
885.151	  8.91015e+06
885.438	  8.90397e+06
885.725	  8.89779e+06
886.012	  8.89161e+06
886.299	  8.88544e+06
886.586	  8.87927e+06
886.873	  8.8731e+06
887.16	  8.86694e+06
887.447	  8.86078e+06
887.734	  8.85462e+06
888.021	  8.84847e+06
888.308	  8.84232e+06
888.595	  8.83617e+06
888.882	  8.83003e+06
889.169	  8.82389e+06
889.456	  8.81775e+06
889.743	  8.81162e+06
890.03	  8.80549e+06
890.317	  8.79936e+06
890.604	  8.79324e+06
890.891	  8.78712e+06
891.178	  8.781e+06
891.465	  8.77489e+06
891.752	  8.76878e+06
892.039	  8.76267e+06
892.326	  8.75657e+06
892.613	  8.75047e+06
892.9	  8.74437e+06
893.187	  8.73828e+06
893.474	  8.73219e+06
893.761	  8.7261e+06
894.048	  8.72002e+06
894.335	  8.71393e+06
894.622	  8.70786e+06
894.909	  8.70179e+06
895.196	  8.69571e+06
895.483	  8.68965e+06
895.77	  8.68358e+06
896.057	  8.67752e+06
896.344	  8.67147e+06
896.631	  8.66541e+06
896.918	  8.65936e+06
897.205	  8.65332e+06
897.492	  8.64727e+06
897.779	  8.64123e+06
898.066	  8.6352e+06
898.353	  8.62916e+06
898.64	  8.62313e+06
898.927	  8.61711e+06
899.214	  8.61108e+06
899.501	  8.60506e+06
899.788	  8.59905e+06
900.075	  8.59303e+06
900.362	  8.58702e+06
900.649	  8.58102e+06
900.936	  8.57501e+06
901.223	  8.56901e+06
901.51	  8.56302e+06
901.797	  8.55702e+06
902.084	  8.55103e+06
902.371	  8.54505e+06
902.658	  8.53906e+06
902.945	  8.53308e+06
903.232	  8.52711e+06
903.519	  8.52113e+06
903.806	  8.51517e+06
904.093	  8.5092e+06
904.38	  8.50324e+06
904.667	  8.49728e+06
904.954	  8.49132e+06
905.241	  8.48537e+06
905.528	  8.47942e+06
905.815	  8.47347e+06
906.102	  8.46753e+06
906.389	  8.46159e+06
906.676	  8.45565e+06
906.963	  8.44972e+06
907.25	  8.44379e+06
907.537	  8.43787e+06
907.824	  8.43194e+06
908.111	  8.42603e+06
908.398	  8.42011e+06
908.685	  8.4142e+06
908.972	  8.40829e+06
909.259	  8.40238e+06
909.546	  8.39648e+06
909.833	  8.39058e+06
910.12	  8.38469e+06
910.407	  8.3788e+06
910.694	  8.37291e+06
910.981	  8.36702e+06
911.268	  8.36114e+06
911.555	  8.35526e+06
911.842	  8.34939e+06
912.129	  8.34352e+06
912.416	  8.33765e+06
912.703	  8.33178e+06
912.99	  8.32592e+06
913.277	  8.32006e+06
913.564	  8.31421e+06
913.851	  8.30836e+06
914.138	  8.30251e+06
914.425	  8.29666e+06
914.712	  8.29082e+06
914.999	  8.28498e+06
915.286	  8.27915e+06
915.573	  8.27332e+06
915.86	  8.26749e+06
916.147	  8.26167e+06
916.434	  8.25585e+06
916.721	  8.25003e+06
917.008	  8.24422e+06
917.295	  8.23841e+06
917.582	  8.2326e+06
917.869	  8.22679e+06
918.156	  8.22099e+06
918.443	  8.2152e+06
918.73	  8.2094e+06
919.017	  8.20361e+06
919.304	  8.19783e+06
919.591	  8.19204e+06
919.878	  8.18626e+06
920.165	  8.18049e+06
920.452	  8.17471e+06
920.739	  8.16894e+06
921.026	  8.16318e+06
921.313	  8.15741e+06
921.6	  8.15165e+06
921.887	  8.1459e+06
922.174	  8.14015e+06
922.461	  8.1344e+06
922.748	  8.12865e+06
923.035	  8.12291e+06
923.322	  8.11717e+06
923.609	  8.11143e+06
923.896	  8.1057e+06
924.183	  8.09997e+06
924.47	  8.09425e+06
924.757	  8.08852e+06
925.044	  8.0828e+06
925.331	  8.07709e+06
925.618	  8.07138e+06
925.905	  8.06567e+06
926.192	  8.05996e+06
926.479	  8.05426e+06
926.766	  8.04856e+06
927.053	  8.04287e+06
927.34	  8.03718e+06
927.627	  8.03149e+06
927.914	  8.0258e+06
928.201	  8.02012e+06
928.488	  8.01444e+06
928.775	  8.00877e+06
929.062	  8.0031e+06
929.349	  7.99743e+06
929.636	  7.99177e+06
929.923	  7.98611e+06
930.21	  7.98045e+06
930.497	  7.97479e+06
930.784	  7.96914e+06
931.071	  7.9635e+06
931.358	  7.95785e+06
931.645	  7.95221e+06
931.932	  7.94657e+06
932.219	  7.94094e+06
932.506	  7.93531e+06
932.793	  7.92968e+06
933.08	  7.92406e+06
933.367	  7.91844e+06
933.654	  7.91282e+06
933.941	  7.90721e+06
934.228	  7.9016e+06
934.515	  7.89599e+06
934.802	  7.89039e+06
935.089	  7.88479e+06
935.376	  7.87919e+06
935.663	  7.8736e+06
935.95	  7.86801e+06
936.237	  7.86243e+06
936.524	  7.85684e+06
936.811	  7.85127e+06
937.098	  7.84569e+06
937.385	  7.84012e+06
937.672	  7.83455e+06
937.959	  7.82898e+06
938.246	  7.82342e+06
938.533	  7.81786e+06
938.82	  7.81231e+06
939.107	  7.80675e+06
939.394	  7.80121e+06
939.681	  7.79566e+06
939.968	  7.79012e+06
940.255	  7.78458e+06
940.542	  7.77905e+06
940.829	  7.77351e+06
941.116	  7.76799e+06
941.403	  7.76246e+06
941.69	  7.75694e+06
941.977	  7.75142e+06
942.264	  7.74591e+06
942.551	  7.7404e+06
942.838	  7.73489e+06
943.125	  7.72939e+06
943.412	  7.72388e+06
943.699	  7.71839e+06
943.986	  7.71289e+06
944.273	  7.7074e+06
944.56	  7.70192e+06
944.847	  7.69643e+06
945.134	  7.69095e+06
945.421	  7.68547e+06
945.708	  7.68e+06
945.995	  7.67453e+06
946.282	  7.66906e+06
946.569	  7.6636e+06
946.856	  7.65814e+06
947.143	  7.65268e+06
947.43	  7.64723e+06
947.717	  7.64178e+06
948.004	  7.63633e+06
948.291	  7.63089e+06
948.578	  7.62545e+06
948.865	  7.62002e+06
949.152	  7.61458e+06
949.439	  7.60915e+06
949.726	  7.60373e+06
950.013	  7.5983e+06
950.3	  7.59289e+06
950.587	  7.58747e+06
950.874	  7.58206e+06
951.161	  7.57665e+06
951.448	  7.57124e+06
951.735	  7.56584e+06
952.022	  7.56044e+06
952.309	  7.55505e+06
952.596	  7.54965e+06
952.883	  7.54427e+06
953.17	  7.53888e+06
953.457	  7.5335e+06
953.744	  7.52812e+06
954.031	  7.52274e+06
954.318	  7.51737e+06
954.605	  7.512e+06
954.892	  7.50664e+06
955.179	  7.50128e+06
955.466	  7.49592e+06
955.753	  7.49057e+06
956.04	  7.48521e+06
956.327	  7.47987e+06
956.614	  7.47452e+06
956.901	  7.46918e+06
957.188	  7.46384e+06
957.475	  7.45851e+06
957.762	  7.45318e+06
958.049	  7.44785e+06
958.336	  7.44253e+06
958.623	  7.4372e+06
958.91	  7.43189e+06
959.197	  7.42657e+06
959.484	  7.42126e+06
959.771	  7.41596e+06
960.058	  7.41065e+06
960.345	  7.40535e+06
960.632	  7.40005e+06
960.919	  7.39476e+06
961.206	  7.38947e+06
961.493	  7.38418e+06
961.78	  7.3789e+06
962.067	  7.37362e+06
962.354	  7.36834e+06
962.641	  7.36307e+06
962.928	  7.3578e+06
963.215	  7.35253e+06
963.502	  7.34727e+06
963.789	  7.34201e+06
964.076	  7.33675e+06
964.363	  7.3315e+06
964.65	  7.32625e+06
964.937	  7.321e+06
965.224	  7.31576e+06
965.511	  7.31052e+06
965.798	  7.30528e+06
966.085	  7.30005e+06
966.372	  7.29482e+06
966.659	  7.2896e+06
966.946	  7.28437e+06
967.233	  7.27915e+06
967.52	  7.27394e+06
967.807	  7.26872e+06
968.094	  7.26352e+06
968.381	  7.25831e+06
968.668	  7.25311e+06
968.955	  7.24791e+06
969.242	  7.24271e+06
969.529	  7.23752e+06
969.816	  7.23233e+06
970.103	  7.22714e+06
970.39	  7.22196e+06
970.677	  7.21678e+06
970.964	  7.21161e+06
971.251	  7.20644e+06
971.538	  7.20127e+06
971.825	  7.1961e+06
972.112	  7.19094e+06
972.399	  7.18578e+06
972.686	  7.18062e+06
972.973	  7.17547e+06
973.26	  7.17032e+06
973.547	  7.16518e+06
973.834	  7.16004e+06
974.121	  7.1549e+06
974.408	  7.14976e+06
974.695	  7.14463e+06
974.982	  7.1395e+06
975.269	  7.13438e+06
975.556	  7.12925e+06
975.843	  7.12414e+06
976.13	  7.11902e+06
976.417	  7.11391e+06
976.704	  7.1088e+06
976.991	  7.10369e+06
977.278	  7.09859e+06
977.565	  7.09349e+06
977.852	  7.0884e+06
978.139	  7.08331e+06
978.426	  7.07822e+06
978.713	  7.07313e+06
979	  7.06805e+06
979.287	  7.06297e+06
979.574	  7.0579e+06
979.861	  7.05283e+06
980.148	  7.04776e+06
980.435	  7.04269e+06
980.722	  7.03763e+06
981.009	  7.03257e+06
981.296	  7.02752e+06
981.583	  7.02247e+06
981.87	  7.01742e+06
982.157	  7.01237e+06
982.444	  7.00733e+06
982.731	  7.00229e+06
983.018	  6.99726e+06
983.305	  6.99223e+06
983.592	  6.9872e+06
983.879	  6.98217e+06
984.166	  6.97715e+06
984.453	  6.97213e+06
984.74	  6.96712e+06
985.027	  6.96211e+06
985.314	  6.9571e+06
985.601	  6.95209e+06
985.888	  6.94709e+06
986.175	  6.94209e+06
986.462	  6.9371e+06
986.749	  6.93211e+06
987.036	  6.92712e+06
987.323	  6.92213e+06
987.61	  6.91715e+06
987.897	  6.91217e+06
988.184	  6.9072e+06
988.471	  6.90223e+06
988.758	  6.89726e+06
989.045	  6.89229e+06
989.332	  6.88733e+06
989.619	  6.88237e+06
989.906	  6.87742e+06
990.193	  6.87246e+06
990.48	  6.86752e+06
990.767	  6.86257e+06
991.054	  6.85763e+06
991.341	  6.85269e+06
991.628	  6.84775e+06
991.915	  6.84282e+06
992.202	  6.83789e+06
992.489	  6.83297e+06
992.776	  6.82805e+06
993.063	  6.82313e+06
993.35	  6.81821e+06
993.637	  6.8133e+06
993.924	  6.80839e+06
994.211	  6.80349e+06
994.498	  6.79858e+06
994.785	  6.79368e+06
995.072	  6.78879e+06
995.359	  6.7839e+06
995.646	  6.77901e+06
995.933	  6.77412e+06
996.22	  6.76924e+06
996.507	  6.76436e+06
996.794	  6.75948e+06
997.081	  6.75461e+06
997.368	  6.74974e+06
997.655	  6.74487e+06
997.942	  6.74001e+06
998.229	  6.73515e+06
998.516	  6.7303e+06
998.803	  6.72544e+06
999.09	  6.72059e+06
999.377	  6.71575e+06
999.664	  6.7109e+06
999.951	  6.70606e+06
1000.24	  6.70123e+06
1000.52	  6.69639e+06
1000.81	  6.69156e+06
1001.1	  6.68674e+06
1001.39	  6.68191e+06
1001.67	  6.67709e+06
1001.96	  6.67228e+06
1002.25	  6.66746e+06
1002.53	  6.66265e+06
1002.82	  6.65785e+06
1003.11	  6.65304e+06
1003.39	  6.64824e+06
1003.68	  6.64344e+06
1003.97	  6.63865e+06
1004.26	  6.63386e+06
1004.54	  6.62907e+06
1004.83	  6.62429e+06
1005.12	  6.61951e+06
1005.4	  6.61473e+06
1005.69	  6.60995e+06
1005.98	  6.60518e+06
1006.26	  6.60041e+06
1006.55	  6.59565e+06
1006.84	  6.59089e+06
1007.13	  6.58613e+06
1007.41	  6.58138e+06
1007.7	  6.57662e+06
1007.99	  6.57188e+06
1008.27	  6.56713e+06
1008.56	  6.56239e+06
1008.85	  6.55765e+06
1009.13	  6.55291e+06
1009.42	  6.54818e+06
1009.71	  6.54345e+06
1010	  6.53873e+06
1010.28	  6.53401e+06
1010.57	  6.52929e+06
1010.86	  6.52457e+06
1011.14	  6.51986e+06
1011.43	  6.51515e+06
1011.72	  6.51044e+06
1012	  6.50574e+06
1012.29	  6.50104e+06
1012.58	  6.49634e+06
1012.87	  6.49165e+06
1013.15	  6.48696e+06
1013.44	  6.48227e+06
1013.73	  6.47759e+06
1014.01	  6.47291e+06
1014.3	  6.46823e+06
1014.59	  6.46356e+06
1014.88	  6.45889e+06
1015.16	  6.45422e+06
1015.45	  6.44955e+06
1015.74	  6.44489e+06
1016.02	  6.44024e+06
1016.31	  6.43558e+06
1016.6	  6.43093e+06
1016.88	  6.42628e+06
1017.17	  6.42164e+06
1017.46	  6.417e+06
1017.75	  6.41236e+06
1018.03	  6.40772e+06
1018.32	  6.40309e+06
1018.61	  6.39846e+06
1018.89	  6.39383e+06
1019.18	  6.38921e+06
1019.47	  6.38459e+06
1019.98	  6.37642e+06
1021.08	  6.35877e+06
1022.17	  6.34117e+06
1023.27	  6.32361e+06
1024.38	  6.30609e+06
1025.47	  6.28863e+06
1026.58	  6.27121e+06
1027.67	  6.25384e+06
1028.78	  6.23651e+06
1029.88	  6.21923e+06
1030.97	  6.202e+06
1032.08	  6.18482e+06
1033.17	  6.16768e+06
1034.28	  6.15058e+06
1035.38	  6.13354e+06
1036.47	  6.11654e+06
1037.58	  6.09958e+06
1038.67	  6.08267e+06
1039.78	  6.06581e+06
1040.88	  6.04899e+06
1041.97	  6.03222e+06
1043.08	  6.01549e+06
1044.17	  5.99881e+06
1045.28	  5.98218e+06
1046.38	  5.96559e+06
1047.47	  5.94905e+06
1048.58	  5.93255e+06
1049.67	  5.91609e+06
1050.78	  5.89969e+06
1051.88	  5.88332e+06
1052.97	  5.867e+06
1054.08	  5.85073e+06
1055.17	  5.8345e+06
1056.28	  5.81832e+06
1057.38	  5.80218e+06
1058.47	  5.78609e+06
1059.58	  5.77004e+06
1060.67	  5.75403e+06
1061.78	  5.73807e+06
1062.88	  5.72215e+06
1063.97	  5.70628e+06
1065.08	  5.69045e+06
1066.17	  5.67467e+06
1067.28	  5.65893e+06
1068.38	  5.64323e+06
1069.47	  5.62758e+06
1070.58	  5.61197e+06
1071.67	  5.59641e+06
1072.78	  5.58089e+06
1073.88	  5.56541e+06
1074.97	  5.54998e+06
1076.08	  5.53459e+06
1077.17	  5.51924e+06
1078.28	  5.50393e+06
1079.38	  5.48867e+06
1080.47	  5.47345e+06
1081.58	  5.45828e+06
1082.67	  5.44315e+06
1083.78	  5.42806e+06
1084.88	  5.41301e+06
1085.97	  5.39801e+06
1087.08	  5.38304e+06
1088.17	  5.36812e+06
1089.28	  5.35325e+06
1090.38	  5.33841e+06
1091.47	  5.32362e+06
1092.58	  5.30887e+06
1093.67	  5.29416e+06
1094.78	  5.2795e+06
1095.88	  5.26487e+06
1096.97	  5.25029e+06
1098.08	  5.23575e+06
1099.17	  5.22125e+06
1100.28	  5.20679e+06
1101.38	  5.19238e+06
1102.47	  5.178e+06
1103.58	  5.16367e+06
1104.67	  5.14938e+06
1105.78	  5.13512e+06
1106.88	  5.12091e+06
1107.97	  5.10675e+06
1109.08	  5.09262e+06
1110.17	  5.07853e+06
1111.28	  5.06448e+06
1112.38	  5.05048e+06
1113.47	  5.03651e+06
1114.58	  5.02259e+06
1115.67	  5.0087e+06
1116.78	  4.99486e+06
1117.88	  4.98105e+06
1118.97	  4.96729e+06
1120.08	  4.95357e+06
1121.17	  4.93988e+06
1122.28	  4.92624e+06
1123.38	  4.91263e+06
1124.47	  4.89907e+06
1125.58	  4.88554e+06
1126.67	  4.87206e+06
1127.78	  4.85861e+06
1128.88	  4.8452e+06
1129.97	  4.83184e+06
1131.08	  4.81851e+06
1132.17	  4.80522e+06
1133.28	  4.79197e+06
1134.38	  4.77876e+06
1135.47	  4.76559e+06
1136.58	  4.75245e+06
1137.67	  4.73936e+06
1138.78	  4.7263e+06
1139.88	  4.71328e+06
1140.97	  4.7003e+06
1142.08	  4.68736e+06
1143.17	  4.67446e+06
1144.28	  4.6616e+06
1145.38	  4.64877e+06
1146.47	  4.63598e+06
1147.58	  4.62323e+06
1148.67	  4.61052e+06
1149.78	  4.59784e+06
1150.88	  4.58521e+06
1151.97	  4.57261e+06
1153.08	  4.56004e+06
1154.17	  4.54752e+06
1155.28	  4.53503e+06
1156.38	  4.52258e+06
1157.47	  4.51017e+06
1158.58	  4.49779e+06
1159.67	  4.48545e+06
1160.78	  4.47315e+06
1161.88	  4.46089e+06
1162.97	  4.44866e+06
1164.08	  4.43647e+06
1165.17	  4.42431e+06
1166.28	  4.41219e+06
1167.38	  4.40011e+06
1168.47	  4.38807e+06
1169.58	  4.37606e+06
1170.67	  4.36408e+06
1171.78	  4.35214e+06
1172.88	  4.34024e+06
1173.97	  4.32838e+06
1175.08	  4.31655e+06
1176.17	  4.30475e+06
1177.28	  4.293e+06
1178.38	  4.28127e+06
1179.47	  4.26959e+06
1180.58	  4.25793e+06
1181.67	  4.24632e+06
1182.78	  4.23474e+06
1183.88	  4.22319e+06
1184.97	  4.21168e+06
1186.08	  4.2002e+06
1187.17	  4.18876e+06
1188.28	  4.17736e+06
1189.38	  4.16599e+06
1190.47	  4.15465e+06
1191.58	  4.14335e+06
1192.67	  4.13208e+06
1193.78	  4.12085e+06
1194.88	  4.10965e+06
1195.97	  4.09848e+06
1197.08	  4.08735e+06
1198.17	  4.07626e+06
1199.28	  4.06519e+06
1200.38	  4.05417e+06
1201.47	  4.04317e+06
1202.58	  4.03221e+06
1203.67	  4.02128e+06
1204.78	  4.01039e+06
1205.88	  3.99953e+06
1206.97	  3.9887e+06
1208.08	  3.97791e+06
1209.17	  3.96715e+06
1210.28	  3.95643e+06
1211.38	  3.94573e+06
1212.47	  3.93507e+06
1213.58	  3.92445e+06
1214.67	  3.91385e+06
1215.78	  3.90329e+06
1216.88	  3.89276e+06
1217.97	  3.88226e+06
1219.08	  3.8718e+06
1220.17	  3.86137e+06
1221.28	  3.85097e+06
1222.38	  3.84061e+06
1223.47	  3.83027e+06
1224.58	  3.81997e+06
1225.67	  3.8097e+06
1226.78	  3.79946e+06
1227.88	  3.78926e+06
1228.97	  3.77908e+06
1230.08	  3.76894e+06
1231.17	  3.75883e+06
1232.28	  3.74875e+06
1233.38	  3.73871e+06
1234.47	  3.72869e+06
1235.58	  3.71871e+06
1236.67	  3.70876e+06
1237.78	  3.69883e+06
1238.88	  3.68894e+06
1239.97	  3.67908e+06
1241.08	  3.66926e+06
1242.17	  3.65946e+06
1243.28	  3.64969e+06
1244.38	  3.63996e+06
1245.47	  3.63025e+06
1246.58	  3.62058e+06
1247.67	  3.61094e+06
1248.78	  3.60132e+06
1249.88	  3.59174e+06
1250.97	  3.58219e+06
1252.08	  3.57267e+06
1253.17	  3.56318e+06
1254.28	  3.55371e+06
1255.38	  3.54428e+06
1256.47	  3.53488e+06
1257.58	  3.52551e+06
1258.67	  3.51617e+06
1259.78	  3.50686e+06
1260.88	  3.49757e+06
1261.97	  3.48832e+06
1263.08	  3.4791e+06
1264.17	  3.46991e+06
1265.28	  3.46074e+06
1266.38	  3.45161e+06
1267.47	  3.4425e+06
1268.58	  3.43343e+06
1269.67	  3.42438e+06
1270.78	  3.41536e+06
1271.88	  3.40637e+06
1272.97	  3.39741e+06
1274.08	  3.38848e+06
1275.17	  3.37958e+06
1276.28	  3.3707e+06
1277.38	  3.36186e+06
1278.47	  3.35304e+06
1279.58	  3.34425e+06
1280.67	  3.33549e+06
1281.78	  3.32676e+06
1282.88	  3.31806e+06
1283.97	  3.30938e+06
1285.08	  3.30073e+06
1286.17	  3.29211e+06
1287.28	  3.28352e+06
1288.38	  3.27496e+06
1289.47	  3.26642e+06
1290.58	  3.25792e+06
1291.67	  3.24944e+06
1292.78	  3.24099e+06
1293.88	  3.23256e+06
1294.97	  3.22416e+06
1296.08	  3.21579e+06
1297.17	  3.20745e+06
1298.28	  3.19914e+06
1299.38	  3.19085e+06
1300.47	  3.18259e+06
1301.58	  3.17435e+06
1302.67	  3.16615e+06
1303.78	  3.15797e+06
1304.88	  3.14981e+06
1305.97	  3.14169e+06
1307.08	  3.13359e+06
1308.17	  3.12552e+06
1309.28	  3.11747e+06
1310.38	  3.10945e+06
1311.47	  3.10146e+06
1312.58	  3.09349e+06
1313.67	  3.08555e+06
1314.78	  3.07764e+06
1315.88	  3.06975e+06
1316.97	  3.06189e+06
1318.08	  3.05405e+06
1319.17	  3.04624e+06
1320.28	  3.03846e+06
1321.38	  3.0307e+06
1322.47	  3.02297e+06
1323.58	  3.01526e+06
1324.67	  3.00758e+06
1325.78	  2.99993e+06
1326.88	  2.9923e+06
1327.97	  2.98469e+06
1329.08	  2.97712e+06
1330.17	  2.96956e+06
1331.28	  2.96204e+06
1332.38	  2.95453e+06
1333.47	  2.94706e+06
1334.58	  2.9396e+06
1335.67	  2.93218e+06
1336.78	  2.92478e+06
1337.88	  2.9174e+06
1338.97	  2.91005e+06
1340.08	  2.90272e+06
1341.17	  2.89542e+06
1342.28	  2.88814e+06
1343.38	  2.88089e+06
1344.47	  2.87366e+06
1345.58	  2.86645e+06
1346.67	  2.85927e+06
1347.78	  2.85212e+06
1348.88	  2.84499e+06
1349.97	  2.83788e+06
1351.08	  2.8308e+06
1352.17	  2.82374e+06
1353.28	  2.81671e+06
1354.38	  2.8097e+06
1355.47	  2.80271e+06
1356.58	  2.79575e+06
1357.67	  2.78881e+06
1358.78	  2.78189e+06
1359.88	  2.775e+06
1360.97	  2.76814e+06
1362.08	  2.76129e+06
1363.17	  2.75447e+06
1364.28	  2.74767e+06
1365.38	  2.7409e+06
1366.47	  2.73415e+06
1367.58	  2.72743e+06
1368.67	  2.72072e+06
1369.78	  2.71404e+06
1370.88	  2.70739e+06
1371.97	  2.70075e+06
1373.08	  2.69414e+06
1374.17	  2.68755e+06
1375.28	  2.68099e+06
1376.38	  2.67445e+06
1377.47	  2.66793e+06
1378.58	  2.66143e+06
1379.67	  2.65496e+06
1380.78	  2.64851e+06
1381.88	  2.64208e+06
1382.97	  2.63567e+06
1384.08	  2.62929e+06
1385.17	  2.62293e+06
1386.28	  2.61659e+06
1387.38	  2.61027e+06
1388.47	  2.60398e+06
1389.58	  2.59771e+06
1390.67	  2.59146e+06
1391.78	  2.58523e+06
1392.88	  2.57902e+06
1393.97	  2.57284e+06
1395.08	  2.56668e+06
1396.17	  2.56054e+06
1397.28	  2.55442e+06
1398.38	  2.54833e+06
1399.47	  2.54225e+06
1400.58	  2.5362e+06
1401.67	  2.53017e+06
1402.78	  2.52416e+06
1403.88	  2.51817e+06
1404.97	  2.5122e+06
1406.08	  2.50626e+06
1407.17	  2.50034e+06
1408.28	  2.49443e+06
1409.38	  2.48855e+06
1410.47	  2.48269e+06
1411.58	  2.47685e+06
1412.67	  2.47104e+06
1413.78	  2.46524e+06
1414.88	  2.45946e+06
1415.97	  2.45371e+06
1417.08	  2.44798e+06
1418.17	  2.44226e+06
1419.28	  2.43657e+06
1420.38	  2.4309e+06
1421.47	  2.42525e+06
1422.58	  2.41962e+06
1423.67	  2.41401e+06
1424.78	  2.40842e+06
1425.88	  2.40286e+06
1426.97	  2.39731e+06
1428.08	  2.39178e+06
1429.17	  2.38627e+06
1430.28	  2.38079e+06
1431.38	  2.37532e+06
1432.47	  2.36988e+06
1433.58	  2.36445e+06
1434.67	  2.35904e+06
1435.78	  2.35366e+06
1436.88	  2.34829e+06
1437.97	  2.34295e+06
1439.08	  2.33762e+06
1440.17	  2.33232e+06
1441.28	  2.32703e+06
1442.38	  2.32177e+06
1443.47	  2.31652e+06
1444.58	  2.31129e+06
1445.67	  2.30609e+06
1446.78	  2.3009e+06
1447.88	  2.29573e+06
1448.97	  2.29059e+06
1450.08	  2.28546e+06
1451.17	  2.28035e+06
1452.28	  2.27526e+06
1453.38	  2.27019e+06
1454.47	  2.26514e+06
1455.58	  2.26011e+06
1456.67	  2.2551e+06
1457.78	  2.2501e+06
1458.88	  1.79007e+06
1459.97	  1.78536e+06
1461.08	  1.78066e+06
1462.17	  1.77598e+06
1463.28	  1.77133e+06
1464.38	  1.76669e+06
1465.47	  1.76208e+06
1466.58	  1.75748e+06
1467.67	  1.7529e+06
1468.78	  1.74834e+06
1469.88	  1.7438e+06
1470.97	  1.73929e+06
1472.08	  1.73479e+06
1473.17	  1.73031e+06
1474.28	  1.72585e+06
1475.38	  1.7214e+06
1476.47	  1.71698e+06
1477.58	  1.71258e+06
1478.67	  1.7082e+06
1479.78	  1.70383e+06
1480.88	  1.69949e+06
1481.97	  1.69516e+06
1483.08	  1.69085e+06
1484.17	  1.68657e+06
1485.28	  1.6823e+06
1486.38	  1.67805e+06
1487.47	  1.67382e+06
1488.58	  1.66961e+06
1489.67	  1.66541e+06
1490.78	  1.66124e+06
1491.88	  1.65708e+06
1492.97	  1.65295e+06
1494.08	  1.64883e+06
1495.17	  1.64473e+06
1496.28	  1.64065e+06
1497.38	  1.63659e+06
1498.47	  1.63255e+06
1499.58	  1.62852e+06
1500.67	  1.62452e+06
1501.78	  1.62053e+06
1502.88	  1.61656e+06
1503.97	  1.61262e+06
1505.08	  1.60868e+06
1506.17	  1.60477e+06
1507.28	  1.60088e+06
1508.38	  1.597e+06
1509.47	  1.59314e+06
1510.58	  1.58931e+06
1511.67	  1.58549e+06
1512.78	  1.58168e+06
1513.88	  1.5779e+06
1514.97	  1.57413e+06
1516.08	  1.57039e+06
1517.17	  1.56666e+06
1518.28	  1.56295e+06
1519.38	  1.55925e+06
1520.47	  1.55558e+06
1521.58	  1.55192e+06
1522.67	  1.54829e+06
1523.78	  1.54467e+06
1524.88	  1.54106e+06
1525.97	  1.53748e+06
1527.08	  1.53391e+06
1528.17	  1.53037e+06
1529.28	  1.52684e+06
1530.38	  1.52332e+06
1531.47	  1.51983e+06
1532.58	  1.51635e+06
1533.67	  1.5129e+06
1534.78	  1.50946e+06
1535.88	  1.50604e+06
1536.97	  1.50263e+06
1538.08	  1.49924e+06
1539.17	  1.49588e+06
1540.28	  1.49253e+06
1541.38	  1.48919e+06
1542.47	  1.48588e+06
1543.58	  1.48258e+06
1544.67	  1.4793e+06
1545.78	  1.47604e+06
1546.88	  1.4728e+06
1547.97	  1.46957e+06
1549.08	  1.46637e+06
1550.17	  1.46318e+06
1551.28	  1.46e+06
1552.38	  1.45685e+06
1553.47	  1.45371e+06
1554.58	  1.45059e+06
1555.67	  1.44749e+06
1556.78	  1.44441e+06
1557.88	  1.44134e+06
1558.97	  1.4383e+06
1560.08	  1.43527e+06
1561.17	  1.43225e+06
1562.28	  1.42926e+06
1563.38	  1.42628e+06
1564.47	  1.42332e+06
1565.58	  1.42038e+06
1566.67	  1.41746e+06
1567.78	  1.41456e+06
1568.88	  1.41167e+06
1569.97	  1.4088e+06
1571.08	  1.40595e+06
1572.17	  1.40311e+06
1573.28	  1.4003e+06
1574.38	  1.3975e+06
1575.47	  1.39472e+06
1576.58	  1.39196e+06
1577.67	  1.38921e+06
1578.78	  1.38649e+06
1579.88	  1.38378e+06
1580.97	  1.38109e+06
1582.08	  1.37842e+06
1583.17	  1.37577e+06
1584.28	  1.37313e+06
1585.38	  1.37051e+06
1586.47	  1.36791e+06
1587.58	  1.36533e+06
1588.67	  1.36277e+06
1589.78	  1.36023e+06
1590.88	  1.3577e+06
1591.97	  1.3552e+06
1593.08	  1.35271e+06
1594.17	  1.35024e+06
1595.28	  1.34779e+06
1596.38	  1.34536e+06
1597.47	  1.34294e+06
1598.58	  1.34055e+06
1599.67	  1.33817e+06
1600.78	  1.33582e+06
1601.88	  1.33348e+06
1602.97	  1.33116e+06
1604.08	  1.32887e+06
1605.17	  1.32659e+06
1606.28	  1.32433e+06
1607.38	  1.32209e+06
1608.47	  1.31987e+06
1609.58	  1.31767e+06
1610.67	  1.3155e+06
1611.78	  1.31334e+06
1612.88	  1.3112e+06
1613.97	  1.30908e+06
1615.08	  1.30699e+06
1616.17	  1.30491e+06
1617.28	  1.30286e+06
1618.38	  1.30083e+06
1619.47	  1.29882e+06
1620.58	  1.29684e+06
1621.67	  1.29487e+06
1622.78	  1.29293e+06
1623.88	  1.29102e+06
1624.97	  1.28913e+06
1626.08	  1.28726e+06
1627.17	  1.28542e+06
1628.28	  1.2836e+06
1629.38	  1.28181e+06
1630.47	  1.28005e+06
1631.58	  1.27831e+06
1632.67	  1.27661e+06
1633.78	  1.27493e+06
1634.88	  1.27329e+06
1635.97	  1.27168e+06
1637.08	  1.27011e+06
1638.17	  1.26858e+06
1639.28	  1.2671e+06
1640.38	  1.26567e+06
1641.47	  1.26431e+06
1642.58	  1.26307e+06
1643.67	  1.26185e+06
1644.78	  1.26064e+06
1645.88	  1.25942e+06
1646.97	  1.25821e+06
1648.08	  1.257e+06
1649.17	  1.25579e+06
1650.28	  1.25458e+06
1651.38	  1.25338e+06
1652.47	  1.25217e+06
1653.58	  1.25096e+06
1654.67	  1.24976e+06
1655.78	  1.24856e+06
1656.88	  1.24735e+06
1657.97	  1.24615e+06
1659.08	  1.24495e+06
1660.17	  1.24375e+06
1661.28	  1.24255e+06
1662.38	  1.24136e+06
1663.47	  1.24016e+06
1664.58	  1.23896e+06
1665.67	  1.23777e+06
1666.78	  1.23658e+06
1667.88	  1.23538e+06
1668.97	  1.23419e+06
1670.08	  1.233e+06
1671.17	  1.23181e+06
1672.28	  1.23062e+06
1673.38	  1.22943e+06
1674.47	  1.22825e+06
1675.58	  1.22706e+06
1676.67	  1.22588e+06
1677.78	  1.22469e+06
1678.88	  1.22351e+06
1679.97	  1.22233e+06
1681.08	  1.22115e+06
1682.17	  1.21997e+06
1683.28	  1.21879e+06
1684.38	  1.21761e+06
1685.47	  1.21644e+06
1686.58	  1.21526e+06
1687.67	  1.21409e+06
1688.78	  1.21291e+06
1689.88	  1.21174e+06
1690.97	  1.21057e+06
1692.08	  1.2094e+06
1693.17	  1.20823e+06
1694.28	  1.20706e+06
1695.38	  1.20589e+06
1696.47	  1.20472e+06
1697.58	  1.20356e+06
1698.67	  1.20239e+06
1699.78	  1.20123e+06
1700.88	  1.20007e+06
1701.97	  1.1989e+06
1703.08	  1.19774e+06
1704.17	  1.19658e+06
1705.28	  1.19542e+06
1706.38	  1.19427e+06
1707.47	  1.19311e+06
1708.58	  1.19195e+06
1709.67	  1.1908e+06
1710.78	  1.18964e+06
1711.88	  1.18849e+06
1712.97	  1.18734e+06
1714.08	  1.18619e+06
1715.17	  1.18504e+06
1716.28	  1.18389e+06
1717.38	  1.18274e+06
1718.47	  1.18159e+06
1719.58	  1.18045e+06
1720.67	  1.1793e+06
1721.78	  1.17816e+06
1722.88	  1.17702e+06
1723.97	  1.17587e+06
1725.08	  1.17473e+06
1726.17	  1.17359e+06
1727.28	  1.17245e+06
1728.38	  1.17132e+06
1729.47	  1.17018e+06
1730.58	  1.16904e+06
1731.67	  1.16791e+06
1732.78	  1.16677e+06
1733.88	  1.16564e+06
1734.97	  1.16451e+06
1736.08	  1.16338e+06
1737.17	  1.16225e+06
1738.28	  1.16112e+06
1739.38	  1.15999e+06
1740.47	  1.15886e+06
1741.58	  1.15774e+06
1742.67	  1.15661e+06
1743.78	  1.15549e+06
1744.88	  1.15436e+06
1745.97	  1.15324e+06
1747.08	  1.15212e+06
1748.17	  1.151e+06
1749.28	  1.14988e+06
1750.38	  1.14876e+06
1751.47	  1.14764e+06
1752.58	  1.14653e+06
1753.67	  1.14541e+06
1754.78	  1.1443e+06
1755.88	  1.14318e+06
1756.97	  1.14207e+06
1758.08	  1.14096e+06
1759.17	  1.13985e+06
1760.28	  1.13874e+06
1761.38	  1.13763e+06
1762.47	  1.13652e+06
1763.58	  1.13542e+06
1764.67	  1.13431e+06
1765.78	  1.13321e+06
1766.88	  1.1321e+06
1767.97	  1.131e+06
1769.08	  1.1299e+06
1770.17	  1.1288e+06
1771.28	  1.1277e+06
1772.38	  1.1266e+06
1773.47	  1.1255e+06
1774.58	  1.1244e+06
1775.67	  1.12331e+06
1776.78	  1.12221e+06
1777.88	  1.12112e+06
1778.97	  1.12003e+06
1780.08	  1.11893e+06
1781.17	  1.11784e+06
1782.28	  1.11675e+06
1783.38	  1.11566e+06
1784.47	  1.11457e+06
1785.58	  1.11349e+06
1786.67	  1.1124e+06
1787.78	  1.11132e+06
1788.88	  1.11023e+06
1789.97	  1.10915e+06
1791.08	  1.10807e+06
1792.17	  1.10698e+06
1793.28	  1.1059e+06
1794.38	  1.10483e+06
1795.47	  1.10375e+06
1796.58	  1.10267e+06
1797.67	  1.10159e+06
1798.78	  1.10052e+06
1799.88	  1.09944e+06
1800.97	  1.09837e+06
1802.08	  1.0973e+06
1803.17	  1.09622e+06
1804.28	  1.09515e+06
1805.38	  1.09408e+06
1806.47	  1.09302e+06
1807.58	  1.09195e+06
1808.67	  1.09088e+06
1809.78	  1.08982e+06
1810.88	  1.08875e+06
1811.97	  1.08769e+06
1813.08	  1.08662e+06
1814.17	  1.08556e+06
1815.28	  1.0845e+06
1816.38	  1.08344e+06
1817.47	  1.08238e+06
1818.58	  1.08132e+06
1819.67	  1.08027e+06
1820.78	  1.07921e+06
1821.88	  1.07815e+06
1822.97	  1.0771e+06
1824.08	  1.07605e+06
1825.17	  1.07499e+06
1826.28	  1.07394e+06
1827.38	  1.07289e+06
1828.47	  1.07184e+06
1829.58	  1.07079e+06
1830.67	  1.06975e+06
1831.78	  1.0687e+06
1832.88	  1.06765e+06
1833.97	  1.06661e+06
1835.08	  1.06556e+06
1836.17	  1.06452e+06
1837.28	  1.06348e+06
1838.38	  1.06244e+06
1839.47	  1.0614e+06
1840.58	  1.06036e+06
1841.67	  1.05932e+06
1842.78	  1.05828e+06
1843.88	  1.05725e+06
1844.97	  1.05621e+06
1846.08	  1.05518e+06
1847.17	  1.05415e+06
1848.28	  1.05311e+06
1849.38	  1.05208e+06
1850.47	  1.05105e+06
1851.58	  1.05002e+06
1852.67	  1.04899e+06
1853.78	  1.04796e+06
1854.88	  1.04694e+06
1855.97	  1.04591e+06
1857.08	  1.04489e+06
1858.17	  1.04386e+06
1859.28	  1.04284e+06
1860.38	  1.04182e+06
1861.47	  1.0408e+06
1862.58	  1.03978e+06
1863.67	  1.03876e+06
1864.78	  1.03774e+06
1865.88	  1.03672e+06
1866.97	  1.03571e+06
1868.08	  1.03469e+06
1869.17	  1.03368e+06
1870.28	  1.03266e+06
1871.38	  1.03165e+06
1872.47	  1.03064e+06
1873.58	  1.02963e+06
1874.67	  1.02862e+06
1875.78	  1.02761e+06
1876.88	  1.0266e+06
1877.97	  1.02559e+06
1879.08	  1.02459e+06
1880.17	  1.02358e+06
1881.28	  1.02258e+06
1882.38	  1.02157e+06
1883.47	  1.02057e+06
1884.58	  1.01957e+06
1885.67	  1.01857e+06
1886.78	  1.01757e+06
1887.88	  1.01657e+06
1888.97	  1.01557e+06
1890.08	  1.01458e+06
1891.17	  1.01358e+06
1892.28	  1.01259e+06
1893.38	  1.01159e+06
1894.47	  1.0106e+06
1895.58	  1.00961e+06
1896.67	  1.00862e+06
1897.78	  1.00762e+06
1898.88	  1.00664e+06
1899.97	  1.00565e+06
1901.08	  1.00466e+06
1902.17	  1.00367e+06
1903.28	  1.00269e+06
1904.38	  1.0017e+06
1905.47	  1.00072e+06
1906.58	  999735
1907.67	  998753
1908.78	  997772
1909.88	  996792
1910.97	  995812
1912.08	  994834
1913.17	  993856
1914.28	  992880
1915.38	  991904
1916.47	  990930
1917.58	  989956
1918.67	  988983
1919.78	  988011
1920.88	  987040
1921.97	  986069
1923.08	  985100
1924.17	  984132
1925.28	  983164
1926.38	  982198
1927.47	  981232
1928.58	  980268
1929.67	  979304
1930.78	  978341
1931.88	  977379
1932.97	  976418
1934.08	  975458
1935.17	  974498
1936.28	  973540
1937.38	  972582
1938.47	  971626
1939.58	  970670
1940.67	  969715
1941.78	  968761
1942.88	  967808
1943.97	  966856
1945.08	  965905
1946.17	  964955
1947.28	  964006
1948.38	  963057
1949.47	  962109
1950.58	  961163
1951.67	  960217
1952.78	  959272
1953.88	  958328
1954.97	  957385
1956.08	  956443
1957.17	  955501
1958.28	  954561
1959.38	  953621
1960.47	  952683
1961.58	  951745
1962.67	  950808
1963.78	  949872
1964.88	  948937
1965.97	  948003
1967.08	  947069
1968.17	  946137
1969.28	  945205
1970.38	  944275
1971.47	  943345
1972.58	  942416
1973.67	  941488
1974.78	  940561
1975.88	  939635
1976.97	  938709
1978.08	  937785
1979.17	  936861
1980.28	  935939
1981.38	  935017
1982.47	  934096
1983.58	  933176
1984.67	  932256
1985.78	  931338
1986.88	  930421
1987.97	  929504
1989.08	  928588
1990.17	  927673
1991.28	  926759
1992.38	  925846
1993.47	  924934
1994.58	  924023
1995.67	  923112
1996.78	  922203
1997.88	  921294
1998.97	  920386
2000.08	  919479
2001.17	  918573
2002.28	  917668
2003.38	  916763
2004.47	  915860
2005.58	  914957
2006.67	  914055
2007.78	  913154
2008.88	  912254
2009.97	  911355
2011.08	  910457
2012.17	  909559
2013.28	  908662
2014.38	  907767
2015.47	  906872
2016.58	  905978
2017.67	  905084
2018.78	  904192
2019.88	  903301
2020.97	  902410
2022.08	  901520
2023.18	  900631
2024.28	  899743
2025.38	  898856
2026.47	  897970
2027.58	  897084
2028.68	  896199
2029.78	  895316
2030.88	  894433
2031.97	  893551
2033.08	  892669
2034.18	  891789
2035.28	  890909
2036.38	  890031
2037.47	  889153
2038.58	  888276
2039.68	  887399
2040.78	  886524
2041.88	  885650
2042.97	  884776
2044.08	  883903
2045.18	  883031
2046.28	  882160
2047.38	  881290
2048.47	  880420
2049.57	  879552
2050.68	  878684
2051.78	  877817
2052.88	  876951
2053.97	  876086
2055.07	  875221
2056.18	  874358
2057.28	  873495
2058.38	  872633
2059.47	  871772
2060.57	  870912
2061.68	  870052
2062.78	  869194
2063.88	  868336
2064.97	  867479
2066.07	  866623
2067.18	  865768
2068.28	  864913
2069.38	  864060
2070.47	  863207
2071.57	  862355
2072.68	  861504
2073.78	  860654
2074.88	  859804
2075.97	  858956
2077.07	  858108
2078.18	  857261
2079.28	  856415
2080.38	  855569
2081.47	  854725
2082.57	  853881
2083.68	  853038
2084.78	  852196
2085.88	  851355
2086.97	  850514
2088.07	  849675
2089.18	  848836
2090.28	  847998
2091.38	  847161
2092.47	  846324
2093.57	  845489
2094.68	  844654
2095.78	  843820
2096.88	  842987
2097.97	  842155
2099.07	  841323
2100.18	  840492
2101.28	  839663
2102.38	  838834
2103.47	  838005
2104.57	  837178
2105.68	  836351
2106.78	  835525
2107.88	  834700
2108.97	  833876
2110.07	  833053
2111.18	  832230
2112.28	  831408
2113.38	  830587
2114.47	  829767
2115.57	  828948
2116.68	  828129
2117.78	  827311
2118.88	  826494
2119.97	  825678
2121.07	  824862
2122.18	  824048
2123.28	  823234
2124.38	  822421
2125.47	  821609
2126.57	  820797
2127.68	  819986
2128.78	  819177
2129.88	  818368
2130.97	  817559
2132.07	  816752
2133.18	  815945
2134.28	  815139
2135.38	  814334
2136.47	  813530
2137.57	  812726
2138.68	  811923
2139.78	  811121
2140.88	  810320
2141.97	  809520
2143.07	  808720
2144.18	  807921
2145.28	  807123
2146.38	  806326
2147.47	  805529
2148.57	  804734
2149.68	  803939
2150.78	  803145
2151.88	  802351
2152.97	  801559
2154.07	  800767
2155.18	  799976
2156.28	  799186
2157.38	  798396
2158.47	  797607
2159.57	  796819
2160.68	  796032
2161.78	  795246
2162.88	  794460
2163.97	  793675
2165.07	  792891
2166.18	  792108
2167.28	  791325
2168.38	  790544
2169.47	  789763
2170.57	  788982
2171.68	  788203
2172.78	  787424
2173.88	  786646
2174.97	  785869
2176.07	  785093
2177.18	  784317
2178.28	  783542
2179.38	  782768
2180.47	  781995
2181.57	  781222
2182.68	  780450
2183.78	  779679
2184.88	  778909
2185.97	  778139
2187.07	  777370
2188.18	  776602
2189.28	  775835
2190.38	  775068
2191.47	  774303
2192.57	  773538
2193.68	  772773
2194.78	  772010
2195.88	  771247
2196.97	  770485
2198.07	  769724
2199.18	  768963
2200.28	  768203
2201.38	  767444
2202.47	  766686
2203.57	  765929
2204.68	  765172
2205.78	  764416
2206.88	  763661
2207.97	  762906
2209.07	  762152
2210.18	  761399
2211.28	  760647
2212.38	  759895
2213.47	  759145
2214.57	  758394
2215.68	  757645
2216.78	  756897
2217.88	  756149
2218.97	  755402
2220.07	  754655
2221.18	  753910
2222.28	  753165
2223.38	  752421
2224.47	  751677
2225.57	  750934
2226.68	  750192
2227.78	  749451
2228.88	  748711
2229.97	  747971
2231.07	  747232
2232.18	  746494
2233.28	  745756
2234.38	  745019
2235.47	  744283
2236.57	  743548
2237.68	  742813
2238.78	  742079
2239.88	  741346
2240.97	  740613
2242.07	  739882
2243.18	  739151
2244.28	  738420
2245.38	  737691
2246.47	  736962
2247.57	  736234
2248.68	  735506
2249.78	  734780
2250.88	  734054
2251.97	  733329
2253.07	  732604
2254.18	  731880
2255.28	  731157
2256.38	  730435
2257.47	  729713
2258.57	  728992
2259.68	  728272
2260.78	  727552
2261.88	  726834
2262.97	  726115
2264.07	  725398
2265.18	  724681
2266.28	  723966
2267.38	  723250
2268.47	  722536
2269.57	  721822
2270.68	  721109
2271.78	  720396
2272.88	  719685
2273.97	  718974
2275.07	  718263
2276.18	  717554
2277.28	  716845
2278.38	  716137
2279.47	  715429
2280.57	  642981
2281.68	  642371
2282.78	  641761
2283.88	  641152
2284.97	  640543
2286.07	  639935
2287.18	  639328
2288.28	  638721
2289.38	  638115
2290.47	  637509
2291.57	  636904
2292.68	  636300
2293.78	  635696
2294.88	  635093
2295.97	  634490
2297.07	  633888
2298.18	  633286
2299.28	  632686
2300.38	  632085
2301.47	  631486
2302.57	  630887
2303.68	  630288
2304.78	  629690
2305.88	  629093
2306.97	  628496
2308.07	  627900
2309.18	  627304
2310.28	  626709
2311.38	  626115
2312.47	  625521
2313.57	  624928
2314.68	  624335
2315.78	  623743
2316.88	  623151
2317.97	  622561
2319.07	  621970
2320.18	  621380
2321.28	  620791
2322.38	  620203
2323.47	  619615
2324.57	  619027
2325.68	  618440
2326.78	  617854
2327.88	  617268
2328.97	  616683
2330.07	  616099
2331.18	  615515
2332.28	  614931
2333.38	  614348
2334.47	  613766
2335.57	  613184
2336.68	  612603
2337.78	  612023
2338.88	  611443
2339.97	  610863
2341.07	  610285
2342.18	  609706
2343.28	  609129
2344.38	  608551
2345.47	  607975
2346.57	  607399
2347.68	  606823
2348.78	  606249
2349.88	  605674
2350.97	  605101
2352.07	  604527
2353.18	  603955
2354.28	  603383
2355.38	  602811
2356.47	  602240
2357.57	  601670
2358.68	  601100
2359.78	  600531
2360.88	  599962
2361.97	  599394
2363.07	  598826
2364.18	  598259
2365.28	  597693
2366.38	  597127
2367.47	  596562
2368.57	  595997
2369.68	  595433
2370.78	  594869
2371.88	  594306
2372.97	  593743
2374.07	  593181
2375.18	  592620
2376.28	  592059
2377.38	  591499
2378.47	  590939
2379.57	  590380
2380.68	  589821
2381.78	  589263
2382.88	  588705
2383.97	  588148
2385.07	  587592
2386.18	  587036
2387.28	  586480
2388.38	  585925
2389.47	  585371
2390.57	  584817
2391.68	  584264
2392.78	  583711
2393.88	  583159
2394.97	  582608
2396.07	  582057
2397.18	  581506
2398.28	  580956
2399.38	  580407
2400.47	  579858
2401.57	  579309
2402.68	  578761
2403.78	  578214
2404.88	  577667
2405.97	  577121
2407.07	  576576
2408.18	  576030
2409.28	  575486
2410.38	  574942
2411.47	  574398
2412.57	  573855
2413.68	  573313
2414.78	  572771
2415.88	  572230
2416.97	  571689
2418.07	  571148
2419.18	  570609
2420.28	  570069
2421.38	  569531
2422.47	  568992
2423.57	  568455
2424.68	  567918
2425.78	  567381
2426.88	  566845
2427.97	  566309
2429.07	  565774
2430.18	  565240
2431.28	  564706
2432.38	  564172
2433.47	  563639
2434.57	  563107
2435.68	  562575
2436.78	  562044
2437.88	  561513
2438.97	  560983
2440.07	  560453
2441.18	  559924
2442.28	  559395
2443.38	  558867
2444.47	  558339
2445.57	  557812
2446.68	  557285
2447.78	  556759
2448.88	  556233
2449.97	  555708
2451.07	  555183
2452.18	  554659
2453.28	  554136
2454.38	  553613
2455.47	  553090
2456.57	  552568
2457.68	  552047
2458.78	  551526
2459.88	  551005
2460.97	  550485
2462.07	  549966
2463.18	  549447
2464.28	  548928
2465.38	  548410
2466.47	  547893
2467.57	  547376
2468.68	  546860
2469.78	  546344
2470.88	  545828
2471.97	  545313
2473.07	  544799
2474.18	  544285
2475.28	  543772
2476.38	  543259
2477.47	  542747
