Emission arising from a slab of Hydrogen (both H and H-).
   
Parameters of the slab:
n_e = 5e+13 cm-3
T_e = 11000 K
tau(lambda=300 nm) = 0.05
L = 4.5759e+07 cm
   
Wavelength (nm), Emission (erg s-1 cm-2 nm-1 sr-1)
50	  1671.55
91.2	  18250.9
120	  321417
150	  1.77802e+06
175	  4.4533e+06
200	  8.51641e+06
225	  1.36563e+07
250	  1.94097e+07
270	  2.41423e+07
290	  2.87736e+07
300	  3.10019e+07
305	  3.20873e+07
310	  3.31513e+07
315	  3.41925e+07
320	  3.52097e+07
322.5	  3.5709e+07
325	  3.62018e+07
327	  3.65913e+07
329	  3.69766e+07
329.999	  3.71675e+07
330.266	  3.72183e+07
330.533	  3.72691e+07
330.8	  3.73197e+07
331.067	  3.73703e+07
331.334	  3.74208e+07
331.601	  3.74713e+07
331.868	  3.75216e+07
332.135	  3.75719e+07
332.402	  3.76221e+07
332.669	  3.76723e+07
332.936	  3.77223e+07
333.203	  3.77723e+07
333.47	  3.78222e+07
333.737	  3.7872e+07
334.004	  3.79217e+07
334.271	  3.79714e+07
334.538	  3.8021e+07
334.805	  3.80705e+07
335.072	  3.81199e+07
335.339	  3.81692e+07
335.606	  3.82185e+07
335.873	  3.82677e+07
336.14	  3.83168e+07
336.407	  3.83658e+07
336.674	  3.84147e+07
336.941	  3.84636e+07
337.208	  3.85124e+07
337.475	  3.85611e+07
337.742	  3.86097e+07
338.009	  3.86583e+07
338.276	  3.87067e+07
338.543	  3.87551e+07
338.81	  3.88034e+07
339.077	  3.88516e+07
339.344	  3.88998e+07
339.611	  3.89478e+07
339.878	  3.89958e+07
340.145	  3.90437e+07
340.412	  3.90915e+07
340.679	  3.91393e+07
340.946	  3.91869e+07
341.213	  3.92345e+07
341.48	  3.9282e+07
341.747	  3.93294e+07
342.014	  3.93768e+07
342.281	  3.9424e+07
342.548	  3.94712e+07
342.815	  3.95183e+07
343.082	  3.95653e+07
343.349	  3.96122e+07
343.616	  3.9659e+07
343.883	  3.97058e+07
344.15	  3.97525e+07
344.417	  3.97991e+07
344.684	  3.98456e+07
344.951	  3.9892e+07
345.218	  3.99384e+07
345.485	  3.99846e+07
345.752	  4.00308e+07
346.019	  4.00769e+07
346.286	  4.0123e+07
346.553	  4.01689e+07
346.82	  4.02148e+07
347.087	  4.02605e+07
347.354	  4.03062e+07
347.621	  4.03518e+07
347.888	  4.03974e+07
348.155	  4.04428e+07
348.422	  4.04882e+07
348.689	  4.05334e+07
348.956	  4.05786e+07
349.223	  4.06237e+07
349.49	  4.06688e+07
349.757	  4.07137e+07
350.024	  4.07586e+07
350.291	  4.08033e+07
350.558	  4.0848e+07
350.825	  4.08926e+07
351.092	  4.09372e+07
351.359	  4.09816e+07
351.626	  4.1026e+07
351.893	  4.10703e+07
352.16	  4.11144e+07
352.427	  4.11586e+07
352.694	  4.12026e+07
352.961	  4.12465e+07
353.228	  4.12904e+07
353.495	  4.13341e+07
353.762	  4.13778e+07
354.029	  4.14214e+07
354.296	  4.1465e+07
354.563	  4.15084e+07
354.83	  4.15517e+07
355.097	  4.1595e+07
355.364	  4.16382e+07
355.631	  4.16813e+07
355.898	  4.17243e+07
356.165	  4.17672e+07
356.432	  4.18101e+07
356.699	  4.18529e+07
356.966	  4.18955e+07
357.233	  4.19381e+07
357.5	  4.19806e+07
357.767	  4.20231e+07
358.034	  4.20654e+07
358.301	  4.21077e+07
358.568	  4.21498e+07
358.835	  4.21919e+07
359.102	  4.22339e+07
359.369	  4.22758e+07
359.636	  4.23177e+07
359.903	  4.23594e+07
360.17	  4.24011e+07
360.437	  4.24427e+07
360.704	  4.24841e+07
360.971	  4.25256e+07
361.238	  4.25669e+07
361.505	  4.26081e+07
361.772	  4.26493e+07
362.039	  4.26903e+07
362.306	  4.27313e+07
362.573	  4.27722e+07
363	  4.28375e+07
363.027	  4.28416e+07
363.054	  4.28456e+07
363.08	  4.28497e+07
363.107	  4.28538e+07
363.134	  4.28578e+07
363.16	  4.28619e+07
363.187	  4.2866e+07
363.214	  4.287e+07
363.24	  4.28741e+07
363.267	  4.28782e+07
363.294	  4.28822e+07
363.321	  4.28863e+07
363.347	  4.28904e+07
363.374	  4.28944e+07
363.401	  4.28985e+07
363.427	  4.29025e+07
363.454	  4.29066e+07
363.481	  4.29106e+07
363.508	  4.29147e+07
363.534	  4.29188e+07
363.561	  4.29228e+07
363.588	  4.29269e+07
363.614	  4.29309e+07
363.641	  4.2935e+07
363.668	  4.2939e+07
363.694	  4.29431e+07
363.721	  4.29471e+07
363.748	  4.29512e+07
363.774	  4.29552e+07
363.801	  4.29593e+07
363.828	  4.29633e+07
363.855	  4.29674e+07
363.881	  4.29714e+07
363.908	  4.29754e+07
363.935	  4.29795e+07
363.961	  4.29835e+07
363.988	  4.29876e+07
364.015	  4.29916e+07
364.041	  4.29957e+07
364.068	  4.29997e+07
364.095	  4.30037e+07
364.122	  4.30078e+07
364.148	  4.30118e+07
364.175	  4.30158e+07
364.202	  4.30199e+07
364.228	  4.30239e+07
364.255	  4.30279e+07
364.282	  4.3032e+07
364.308	  4.3036e+07
364.335	  4.304e+07
364.362	  4.30441e+07
364.389	  4.30481e+07
364.415	  4.30521e+07
364.442	  4.30561e+07
364.469	  4.30602e+07
364.495	  4.30642e+07
364.522	  4.30682e+07
364.549	  4.30722e+07
364.575	  4.30763e+07
364.602	  4.30803e+07
364.629	  4.30843e+07
364.656	  4.30883e+07
364.682	  4.30923e+07
364.709	  4.30964e+07
364.736	  3.17164e+06
364.762	  3.17199e+06
364.789	  3.17234e+06
364.816	  3.17269e+06
364.842	  3.17304e+06
364.869	  3.17339e+06
364.896	  3.17373e+06
364.923	  3.17408e+06
364.949	  3.17443e+06
364.976	  3.17478e+06
365.003	  3.17513e+06
365.029	  3.17548e+06
365.056	  3.17583e+06
365.083	  3.17618e+06
365.11	  3.17653e+06
365.136	  3.17688e+06
365.163	  3.17723e+06
365.19	  3.17758e+06
365.216	  3.17793e+06
365.243	  3.17828e+06
365.27	  3.17862e+06
365.296	  3.17897e+06
365.323	  3.17932e+06
365.35	  3.17967e+06
365.377	  3.18002e+06
365.403	  3.18037e+06
365.43	  3.18072e+06
365.457	  3.18107e+06
365.483	  3.18141e+06
365.51	  3.18176e+06
365.537	  3.18211e+06
365.563	  3.18246e+06
365.59	  3.18281e+06
365.617	  3.18316e+06
365.643	  3.1835e+06
365.67	  3.18385e+06
365.697	  3.1842e+06
365.724	  3.18455e+06
365.75	  3.1849e+06
365.777	  3.18525e+06
365.804	  3.18559e+06
365.83	  3.18594e+06
365.857	  3.18629e+06
365.884	  3.18664e+06
365.91	  3.18698e+06
365.937	  3.18733e+06
365.964	  3.18768e+06
365.991	  3.18803e+06
365.991	  3.18803e+06
366.258	  3.1915e+06
366.525	  3.19497e+06
366.792	  3.19843e+06
367.059	  3.20189e+06
367.326	  3.20535e+06
367.593	  3.2088e+06
367.86	  3.21224e+06
368.127	  3.21568e+06
368.394	  3.21912e+06
368.661	  3.22254e+06
368.928	  3.22597e+06
369.195	  3.22939e+06
369.462	  3.2328e+06
369.729	  3.23621e+06
369.996	  3.23962e+06
370.263	  3.24302e+06
370.53	  3.24641e+06
370.797	  3.24981e+06
371.064	  3.25319e+06
371.331	  3.25657e+06
371.598	  3.25995e+06
371.865	  3.26332e+06
372.132	  3.26668e+06
372.399	  3.27004e+06
372.666	  3.2734e+06
372.933	  3.27675e+06
373.2	  3.28009e+06
373.467	  3.28344e+06
373.734	  3.28677e+06
374.001	  3.2901e+06
374.268	  3.29343e+06
374.535	  3.29675e+06
374.802	  3.30007e+06
375.069	  3.30338e+06
375.336	  3.30668e+06
375.603	  3.30998e+06
375.87	  3.31328e+06
376.137	  3.31657e+06
376.404	  3.31986e+06
376.671	  3.32314e+06
376.938	  3.32642e+06
377.205	  3.32969e+06
377.472	  3.33295e+06
377.739	  3.33621e+06
378.006	  3.33947e+06
378.273	  3.34272e+06
378.54	  3.34597e+06
378.807	  3.34921e+06
379.074	  3.35245e+06
379.341	  3.35568e+06
379.608	  3.3589e+06
379.875	  3.36213e+06
380.142	  3.36534e+06
380.409	  3.36855e+06
380.676	  3.37176e+06
380.943	  3.37496e+06
381.21	  3.37816e+06
381.477	  3.38135e+06
381.744	  3.38454e+06
382.011	  3.38772e+06
382.278	  3.3909e+06
382.545	  3.39407e+06
382.812	  3.39723e+06
383.079	  3.4004e+06
383.346	  3.40355e+06
383.613	  3.4067e+06
383.88	  3.40985e+06
384.147	  3.41299e+06
384.414	  3.41613e+06
384.681	  3.41926e+06
384.948	  3.42239e+06
385.215	  3.42551e+06
385.482	  3.42863e+06
385.749	  3.43174e+06
386.016	  3.43485e+06
386.283	  3.43795e+06
386.55	  3.44104e+06
386.817	  3.44414e+06
387.084	  3.44722e+06
387.351	  3.4503e+06
387.618	  3.45338e+06
387.885	  3.45645e+06
388.152	  3.45952e+06
388.419	  3.46258e+06
388.686	  3.46564e+06
388.953	  3.46869e+06
389.22	  3.47174e+06
389.487	  3.47478e+06
389.754	  3.47782e+06
390.021	  3.48085e+06
390.288	  3.48387e+06
390.555	  3.4869e+06
390.822	  3.48991e+06
391.089	  3.49292e+06
391.356	  3.49593e+06
391.623	  3.49893e+06
391.89	  3.50193e+06
392.157	  3.50492e+06
392.424	  3.50791e+06
392.691	  3.51089e+06
392.958	  3.51387e+06
393.225	  3.51684e+06
393.492	  3.51981e+06
393.759	  3.52277e+06
394.026	  3.52572e+06
394.293	  3.52868e+06
394.56	  3.53162e+06
394.827	  3.53457e+06
395.094	  3.5375e+06
395.361	  3.54043e+06
395.628	  3.54336e+06
395.895	  3.54628e+06
396.162	  3.5492e+06
396.429	  3.55211e+06
396.696	  3.55502e+06
396.963	  3.55792e+06
397.23	  3.56082e+06
397.497	  3.56371e+06
397.764	  3.5666e+06
398.031	  3.56948e+06
398.298	  3.57236e+06
398.565	  3.57523e+06
398.832	  3.5781e+06
399.099	  3.58096e+06
399.366	  3.58382e+06
399.633	  3.58667e+06
399.9	  3.58952e+06
400.167	  3.59236e+06
400.434	  3.5952e+06
400.701	  3.59803e+06
400.968	  3.60086e+06
401.235	  3.60368e+06
401.502	  3.6065e+06
401.769	  3.60931e+06
402.036	  3.61212e+06
402.303	  3.61492e+06
402.57	  3.61772e+06
402.837	  3.62051e+06
403.104	  3.6233e+06
403.371	  3.62608e+06
403.638	  3.62886e+06
403.905	  3.63163e+06
404.172	  3.6344e+06
404.439	  3.63716e+06
404.706	  3.63992e+06
404.973	  3.64267e+06
405.24	  3.64542e+06
405.507	  3.64816e+06
405.774	  3.6509e+06
406.041	  3.65364e+06
406.308	  3.65636e+06
406.575	  3.65909e+06
406.842	  3.66181e+06
407.109	  3.66452e+06
407.376	  3.66723e+06
407.643	  3.66993e+06
407.91	  3.67263e+06
408.177	  3.67532e+06
408.444	  3.67801e+06
408.711	  3.6807e+06
408.978	  3.68338e+06
409.245	  3.68605e+06
409.512	  3.68872e+06
409.779	  3.69139e+06
410.046	  3.69404e+06
410.313	  3.6967e+06
410.58	  3.69935e+06
410.847	  3.70199e+06
411.114	  3.70463e+06
411.381	  3.70727e+06
411.648	  3.7099e+06
411.915	  3.71252e+06
412.182	  3.71514e+06
412.449	  3.71776e+06
412.716	  3.72037e+06
412.983	  3.72298e+06
413.25	  3.72558e+06
413.517	  3.72817e+06
413.784	  3.73076e+06
414.051	  3.73335e+06
414.318	  3.73593e+06
414.585	  3.73851e+06
414.852	  3.74108e+06
415.119	  3.74365e+06
415.386	  3.74621e+06
415.653	  3.74876e+06
415.92	  3.75132e+06
416.187	  3.75386e+06
416.454	  3.75641e+06
416.721	  3.75894e+06
416.988	  3.76148e+06
417.255	  3.764e+06
417.522	  3.76653e+06
417.789	  3.76904e+06
418.056	  3.77156e+06
418.323	  3.77407e+06
418.59	  3.77657e+06
418.857	  3.77907e+06
419.124	  3.78156e+06
419.391	  3.78405e+06
419.658	  3.78654e+06
419.925	  3.78901e+06
420.192	  3.79149e+06
420.459	  3.79396e+06
420.726	  3.79642e+06
420.993	  3.79888e+06
421.26	  3.80134e+06
421.527	  3.80379e+06
421.794	  3.80624e+06
422.061	  3.80868e+06
422.328	  3.81111e+06
422.595	  3.81354e+06
422.862	  3.81597e+06
423.129	  3.81839e+06
423.396	  3.82081e+06
423.663	  3.82322e+06
423.93	  3.82563e+06
424.197	  3.82803e+06
424.464	  3.83043e+06
424.731	  3.83282e+06
424.998	  3.83521e+06
425.265	  3.83759e+06
425.532	  3.83997e+06
425.799	  3.84235e+06
426.066	  3.84471e+06
426.333	  3.84708e+06
426.6	  3.84944e+06
426.867	  3.85179e+06
427.134	  3.85414e+06
427.401	  3.85649e+06
427.668	  3.85883e+06
427.935	  3.86117e+06
428.202	  3.8635e+06
428.469	  3.86582e+06
428.736	  3.86815e+06
429.003	  3.87046e+06
429.27	  3.87277e+06
429.537	  3.87508e+06
429.804	  3.87738e+06
430.071	  3.87968e+06
430.338	  3.88198e+06
430.605	  3.88426e+06
430.872	  3.88655e+06
431.139	  3.88883e+06
431.406	  3.8911e+06
431.673	  3.89337e+06
431.94	  3.89564e+06
432.207	  3.8979e+06
432.474	  3.90015e+06
432.741	  3.90241e+06
433.008	  3.90465e+06
433.275	  3.90689e+06
433.542	  3.90913e+06
433.809	  3.91136e+06
434.076	  3.91359e+06
434.343	  3.91581e+06
434.61	  3.91803e+06
434.877	  3.92025e+06
435.144	  3.92245e+06
435.411	  3.92466e+06
435.678	  3.92686e+06
435.945	  3.92905e+06
436.212	  3.93124e+06
436.479	  3.93343e+06
436.746	  3.93561e+06
437.013	  3.93779e+06
437.28	  3.93996e+06
437.547	  3.94213e+06
437.814	  3.94429e+06
438.081	  3.94645e+06
438.348	  3.9486e+06
438.615	  3.95075e+06
438.882	  3.9529e+06
439.149	  3.95504e+06
439.416	  3.95717e+06
439.683	  3.9593e+06
439.95	  3.96143e+06
440.217	  3.96355e+06
440.484	  3.96566e+06
440.751	  3.96778e+06
441.018	  3.96988e+06
441.285	  3.97199e+06
441.552	  3.97409e+06
441.819	  3.97618e+06
442.086	  3.97827e+06
442.353	  3.98035e+06
442.62	  3.98243e+06
442.887	  3.98451e+06
443.154	  3.98658e+06
443.421	  3.98865e+06
443.688	  3.99071e+06
443.955	  3.99277e+06
444.222	  3.99482e+06
444.489	  3.99687e+06
444.756	  3.99891e+06
445.023	  4.00095e+06
445.29	  4.00299e+06
445.557	  4.00502e+06
445.824	  4.00704e+06
446.091	  4.00906e+06
446.358	  4.01108e+06
446.625	  4.01309e+06
446.892	  4.0151e+06
447.159	  4.0171e+06
447.426	  4.0191e+06
447.693	  4.0211e+06
447.96	  4.02309e+06
448.227	  4.02507e+06
448.494	  4.02705e+06
448.761	  4.02903e+06
449.028	  4.031e+06
449.295	  4.03297e+06
449.562	  4.03493e+06
449.829	  4.03689e+06
450.096	  4.03885e+06
450.363	  4.0408e+06
450.63	  4.04274e+06
450.897	  4.04468e+06
451.164	  4.04662e+06
451.431	  4.04855e+06
451.698	  4.05048e+06
451.965	  4.0524e+06
452.232	  4.05432e+06
452.499	  4.05623e+06
452.766	  4.05814e+06
453.033	  4.06005e+06
453.3	  4.06195e+06
453.567	  4.06385e+06
453.834	  4.06574e+06
454.101	  4.06763e+06
454.368	  4.06951e+06
454.635	  4.07139e+06
454.902	  4.07326e+06
455.169	  4.07513e+06
455.436	  4.077e+06
455.703	  4.07886e+06
455.97	  4.08072e+06
456.237	  4.08257e+06
456.504	  4.08442e+06
456.771	  4.08627e+06
457.038	  4.0881e+06
457.305	  4.08994e+06
457.572	  4.09177e+06
457.839	  4.0936e+06
458.106	  4.09542e+06
458.373	  4.09724e+06
458.64	  4.09905e+06
458.907	  4.10086e+06
459.174	  4.10267e+06
459.441	  4.10447e+06
459.708	  4.10627e+06
459.975	  4.10806e+06
460.242	  4.10985e+06
460.509	  4.11163e+06
460.776	  4.11341e+06
461.043	  4.11518e+06
461.31	  4.11695e+06
461.577	  4.11872e+06
461.844	  4.12048e+06
462.111	  4.12224e+06
462.378	  4.124e+06
462.645	  4.12574e+06
462.912	  4.12749e+06
463.179	  4.12923e+06
463.446	  4.13097e+06
463.713	  4.1327e+06
463.98	  4.13443e+06
464.247	  4.13615e+06
464.514	  4.13787e+06
464.781	  4.13959e+06
465.048	  4.1413e+06
465.315	  4.14301e+06
465.582	  4.14471e+06
465.849	  4.14641e+06
466.116	  4.1481e+06
466.383	  4.14979e+06
466.65	  4.15148e+06
466.917	  4.15316e+06
467.184	  4.15484e+06
467.451	  4.15651e+06
467.718	  4.15818e+06
467.985	  4.15985e+06
468.252	  4.16151e+06
468.519	  4.16316e+06
468.786	  4.16482e+06
469.053	  4.16647e+06
469.32	  4.16811e+06
469.587	  4.16975e+06
469.854	  4.17139e+06
470.121	  4.17302e+06
470.388	  4.17465e+06
470.655	  4.17627e+06
470.922	  4.17789e+06
471.189	  4.1795e+06
471.456	  4.18112e+06
471.723	  4.18272e+06
471.99	  4.18433e+06
472.257	  4.18592e+06
472.524	  4.18752e+06
472.791	  4.18911e+06
473.058	  4.1907e+06
473.325	  4.19228e+06
473.592	  4.19386e+06
473.859	  4.19543e+06
474.126	  4.197e+06
474.393	  4.19857e+06
474.66	  4.20013e+06
474.927	  4.20169e+06
475.194	  4.20324e+06
475.461	  4.20479e+06
475.728	  4.20634e+06
475.995	  4.20788e+06
476.262	  4.20942e+06
476.529	  4.21095e+06
476.796	  4.21248e+06
477.063	  4.21401e+06
477.33	  4.21553e+06
477.597	  4.21705e+06
477.864	  4.21856e+06
478.131	  4.22007e+06
478.398	  4.22158e+06
478.665	  4.22308e+06
478.932	  4.22457e+06
479.199	  4.22607e+06
479.466	  4.22756e+06
479.733	  4.22904e+06
480	  4.23052e+06
480.267	  4.232e+06
480.534	  4.23348e+06
480.801	  4.23495e+06
481.068	  4.23641e+06
481.335	  4.23787e+06
481.602	  4.23933e+06
481.869	  4.24079e+06
482.136	  4.24224e+06
482.403	  4.24368e+06
482.67	  4.24512e+06
482.937	  4.24656e+06
483.204	  4.248e+06
483.471	  4.24943e+06
483.738	  4.25085e+06
484.005	  4.25227e+06
484.272	  4.25369e+06
484.539	  4.25511e+06
484.806	  4.25652e+06
485.073	  4.25793e+06
485.34	  4.25933e+06
485.607	  4.26073e+06
485.874	  4.26212e+06
486.141	  4.26351e+06
486.408	  4.2649e+06
486.675	  4.26628e+06
486.942	  4.26766e+06
487.209	  4.26904e+06
487.476	  4.27041e+06
487.743	  4.27178e+06
488.01	  4.27314e+06
488.277	  4.27451e+06
488.544	  4.27586e+06
488.811	  4.27721e+06
489.078	  4.27856e+06
489.345	  4.27991e+06
489.612	  4.28125e+06
489.879	  4.28259e+06
490.146	  4.28392e+06
490.413	  4.28525e+06
490.68	  4.28658e+06
490.947	  4.2879e+06
491.214	  4.28922e+06
491.481	  4.29053e+06
491.748	  4.29184e+06
492.015	  4.29315e+06
492.282	  4.29445e+06
492.549	  4.29575e+06
492.816	  4.29705e+06
493.083	  4.29834e+06
493.35	  4.29963e+06
493.617	  4.30091e+06
493.884	  4.30219e+06
494.151	  4.30347e+06
494.418	  4.30474e+06
494.685	  4.30601e+06
494.952	  4.30728e+06
495.219	  4.30854e+06
495.486	  4.3098e+06
495.753	  4.31105e+06
496.02	  4.3123e+06
496.287	  4.31355e+06
496.554	  4.31479e+06
496.821	  4.31603e+06
497.088	  4.31727e+06
497.355	  4.3185e+06
497.622	  4.31973e+06
497.889	  4.32095e+06
498.156	  4.32218e+06
498.423	  4.32339e+06
498.69	  4.32461e+06
498.957	  4.32582e+06
499.224	  4.32702e+06
499.491	  4.32823e+06
499.758	  4.32943e+06
500.025	  4.33062e+06
500.292	  4.33181e+06
500.559	  4.333e+06
500.826	  4.33419e+06
501.093	  4.33537e+06
501.36	  4.33654e+06
501.627	  4.33772e+06
501.894	  4.33889e+06
502.161	  4.34006e+06
502.428	  4.34122e+06
502.695	  4.34238e+06
502.962	  4.34353e+06
503.229	  4.34469e+06
503.496	  4.34583e+06
503.763	  4.34698e+06
504.03	  4.34812e+06
504.297	  4.34926e+06
504.564	  4.35039e+06
504.831	  4.35152e+06
505.098	  4.35265e+06
505.365	  4.35377e+06
505.632	  4.35489e+06
505.899	  4.35601e+06
506.166	  4.35712e+06
506.433	  4.35823e+06
506.7	  4.35934e+06
506.967	  4.36044e+06
507.234	  4.36154e+06
507.501	  4.36263e+06
507.768	  4.36373e+06
508.035	  4.36481e+06
508.302	  4.3659e+06
508.569	  4.36698e+06
508.836	  4.36806e+06
509.103	  4.36913e+06
509.37	  4.3702e+06
509.637	  4.37127e+06
509.904	  4.37233e+06
510.171	  4.37339e+06
510.438	  4.37445e+06
510.705	  4.3755e+06
510.972	  4.37655e+06
511.239	  4.3776e+06
511.506	  4.37864e+06
511.773	  4.37968e+06
512.04	  4.38072e+06
512.307	  4.38175e+06
512.574	  4.38278e+06
512.841	  4.3838e+06
513.108	  4.38483e+06
513.375	  4.38584e+06
513.642	  4.38686e+06
513.909	  4.38787e+06
514.176	  4.38888e+06
514.443	  4.38988e+06
514.71	  4.39089e+06
514.977	  4.39188e+06
515.244	  4.39288e+06
515.511	  4.39387e+06
515.778	  4.39486e+06
516.045	  4.39584e+06
516.312	  4.39682e+06
516.579	  4.3978e+06
516.846	  4.39878e+06
517.113	  4.39975e+06
517.38	  4.40072e+06
517.647	  4.40168e+06
517.914	  4.40264e+06
518.181	  4.4036e+06
518.448	  4.40455e+06
518.715	  4.40551e+06
518.982	  4.40645e+06
519.249	  4.4074e+06
519.516	  4.40834e+06
519.783	  4.40928e+06
520.05	  4.41021e+06
520.317	  4.41114e+06
520.584	  4.41207e+06
520.851	  4.41299e+06
521.118	  4.41391e+06
521.385	  4.41483e+06
521.652	  4.41575e+06
521.919	  4.41666e+06
522.186	  4.41757e+06
522.453	  4.41847e+06
522.72	  4.41937e+06
522.987	  4.42027e+06
523.254	  4.42117e+06
523.521	  4.42206e+06
523.788	  4.42295e+06
524.055	  4.42383e+06
524.322	  4.42471e+06
524.589	  4.42559e+06
524.856	  4.42647e+06
525.123	  4.42734e+06
525.39	  4.42821e+06
525.657	  4.42907e+06
525.924	  4.42994e+06
526.191	  4.4308e+06
526.458	  4.43165e+06
526.725	  4.43251e+06
526.992	  4.43335e+06
527.259	  4.4342e+06
527.526	  4.43504e+06
527.793	  4.43588e+06
528.06	  4.43672e+06
528.327	  4.43756e+06
528.594	  4.43839e+06
528.861	  4.43921e+06
529.128	  4.44004e+06
529.395	  4.44086e+06
529.662	  4.44168e+06
529.929	  4.44249e+06
530.196	  4.4433e+06
530.463	  4.44411e+06
530.73	  4.44492e+06
530.997	  4.44572e+06
531.264	  4.44652e+06
531.531	  4.44731e+06
531.798	  4.44811e+06
532.065	  4.4489e+06
532.332	  4.44968e+06
532.599	  4.45047e+06
532.866	  4.45125e+06
533.133	  4.45202e+06
533.4	  4.4528e+06
533.667	  4.45357e+06
533.934	  4.45434e+06
534.201	  4.4551e+06
534.468	  4.45586e+06
534.735	  4.45662e+06
535.002	  4.45738e+06
535.269	  4.45813e+06
535.536	  4.45888e+06
535.803	  4.45962e+06
536.07	  4.46037e+06
536.337	  4.46111e+06
536.604	  4.46184e+06
536.871	  4.46258e+06
537.138	  4.46331e+06
537.405	  4.46404e+06
537.672	  4.46476e+06
537.939	  4.46548e+06
538.206	  4.4662e+06
538.473	  4.46692e+06
538.74	  4.46763e+06
539.007	  4.46834e+06
539.274	  4.46905e+06
539.541	  4.46975e+06
539.808	  4.47045e+06
540.075	  4.47115e+06
540.342	  4.47185e+06
540.609	  4.47254e+06
540.876	  4.47323e+06
541.143	  4.47391e+06
541.41	  4.4746e+06
541.677	  4.47528e+06
541.944	  4.47595e+06
542.211	  4.47663e+06
542.478	  4.4773e+06
542.745	  4.47797e+06
543.012	  4.47863e+06
543.279	  4.47929e+06
543.546	  4.47995e+06
543.813	  4.48061e+06
544.08	  4.48126e+06
544.347	  4.48191e+06
544.614	  4.48256e+06
544.881	  4.48321e+06
545.148	  4.48385e+06
545.415	  4.48449e+06
545.682	  4.48512e+06
545.949	  4.48576e+06
546.216	  4.48639e+06
546.483	  4.48701e+06
546.75	  4.48764e+06
547.017	  4.48826e+06
547.284	  4.48888e+06
547.551	  4.48949e+06
547.818	  4.49011e+06
548.085	  4.49072e+06
548.352	  4.49132e+06
548.619	  4.49193e+06
548.886	  4.49253e+06
549.153	  4.49313e+06
549.42	  4.49372e+06
549.687	  4.49431e+06
549.954	  4.4949e+06
550.221	  4.49549e+06
550.488	  4.49608e+06
550.755	  4.49666e+06
551.022	  4.49724e+06
551.289	  4.49781e+06
551.556	  4.49838e+06
551.823	  4.49896e+06
552.09	  4.49952e+06
552.357	  4.50009e+06
552.624	  4.50065e+06
552.891	  4.50121e+06
553.158	  4.50176e+06
553.425	  4.50232e+06
553.692	  4.50287e+06
553.959	  4.50342e+06
554.226	  4.50396e+06
554.493	  4.5045e+06
554.76	  4.50504e+06
555.027	  4.50558e+06
555.294	  4.50611e+06
555.561	  4.50664e+06
555.828	  4.50717e+06
556.095	  4.5077e+06
556.362	  4.50822e+06
556.629	  4.50874e+06
556.896	  4.50926e+06
557.163	  4.50977e+06
557.43	  4.51029e+06
557.697	  4.51079e+06
557.964	  4.5113e+06
558.231	  4.51181e+06
558.498	  4.51231e+06
558.765	  4.5128e+06
559.032	  4.5133e+06
559.299	  4.51379e+06
559.566	  4.51428e+06
560.009	  4.51509e+06
560.296	  4.51561e+06
560.583	  4.51613e+06
560.87	  4.51664e+06
561.157	  4.51715e+06
561.444	  4.51766e+06
561.731	  4.51816e+06
562.018	  4.51866e+06
562.305	  4.51916e+06
562.592	  4.51965e+06
562.879	  4.52015e+06
563.166	  4.52063e+06
563.453	  4.52112e+06
563.74	  4.5216e+06
564.027	  4.52208e+06
564.314	  4.52256e+06
564.601	  4.52303e+06
564.888	  4.5235e+06
565.175	  4.52397e+06
565.462	  4.52443e+06
565.749	  4.52489e+06
566.036	  4.52535e+06
566.323	  4.52581e+06
566.61	  4.52626e+06
566.897	  4.52671e+06
567.184	  4.52715e+06
567.471	  4.5276e+06
567.758	  4.52804e+06
568.045	  4.52848e+06
568.332	  4.52891e+06
568.619	  4.52934e+06
568.906	  4.52977e+06
569.193	  4.53019e+06
569.48	  4.53062e+06
569.767	  4.53104e+06
570.054	  4.53145e+06
570.341	  4.53187e+06
570.628	  4.53228e+06
570.915	  4.53269e+06
571.202	  4.53309e+06
571.489	  4.53349e+06
571.776	  4.53389e+06
572.063	  4.53429e+06
572.35	  4.53468e+06
572.637	  4.53507e+06
572.924	  4.53546e+06
573.211	  4.53584e+06
573.498	  4.53623e+06
573.785	  4.5366e+06
574.072	  4.53698e+06
574.359	  4.53735e+06
574.646	  4.53772e+06
574.933	  4.53809e+06
575.22	  4.53846e+06
575.507	  4.53882e+06
575.794	  4.53918e+06
576.081	  4.53953e+06
576.368	  4.53989e+06
576.655	  4.54024e+06
576.942	  4.54058e+06
577.229	  4.54093e+06
577.516	  4.54127e+06
577.803	  4.54161e+06
578.09	  4.54195e+06
578.377	  4.54228e+06
578.664	  4.54261e+06
578.951	  4.54294e+06
579.238	  4.54326e+06
579.525	  4.54358e+06
579.812	  4.5439e+06
580.099	  4.54422e+06
580.386	  4.54453e+06
580.673	  4.54485e+06
580.96	  4.54515e+06
581.247	  4.54546e+06
581.534	  4.54576e+06
581.821	  4.54606e+06
582.108	  4.54636e+06
582.395	  4.54666e+06
582.682	  4.54695e+06
582.969	  4.54724e+06
583.256	  4.54752e+06
583.543	  4.54781e+06
583.83	  4.54809e+06
584.117	  4.54837e+06
584.404	  4.54864e+06
584.691	  4.54892e+06
584.978	  4.54919e+06
585.265	  4.54945e+06
585.552	  4.54972e+06
585.839	  4.54998e+06
586.126	  4.55024e+06
586.413	  4.5505e+06
586.7	  4.55075e+06
586.987	  4.551e+06
587.274	  4.55125e+06
587.561	  4.5515e+06
587.848	  4.55174e+06
588.135	  4.55198e+06
588.422	  4.55222e+06
588.709	  4.55246e+06
588.996	  4.55269e+06
589.283	  4.55292e+06
589.57	  4.55315e+06
589.857	  4.55337e+06
590.144	  4.5536e+06
590.431	  4.55382e+06
590.718	  4.55403e+06
591.005	  4.55425e+06
591.292	  4.55446e+06
591.579	  4.55467e+06
591.866	  4.55488e+06
592.153	  4.55508e+06
592.44	  4.55528e+06
592.727	  4.55548e+06
593.014	  4.55568e+06
593.301	  4.55587e+06
593.588	  4.55606e+06
593.875	  4.55625e+06
594.162	  4.55644e+06
594.449	  4.55662e+06
594.736	  4.5568e+06
595.023	  4.55698e+06
595.31	  4.55716e+06
595.597	  4.55733e+06
595.884	  4.5575e+06
596.171	  4.55767e+06
596.458	  4.55784e+06
596.745	  4.558e+06
597.032	  4.55816e+06
597.319	  4.55832e+06
597.606	  4.55848e+06
597.893	  4.55863e+06
598.18	  4.55878e+06
598.467	  4.55893e+06
598.754	  4.55908e+06
599.041	  4.55922e+06
599.328	  4.55936e+06
599.615	  4.5595e+06
599.902	  4.55964e+06
600.189	  4.55977e+06
600.476	  4.5599e+06
600.763	  4.56003e+06
601.05	  4.56016e+06
601.337	  4.56028e+06
601.624	  4.5604e+06
601.911	  4.56052e+06
602.198	  4.56064e+06
602.485	  4.56075e+06
602.772	  4.56086e+06
603.059	  4.56097e+06
603.346	  4.56108e+06
603.633	  4.56119e+06
603.92	  4.56129e+06
604.207	  4.56139e+06
604.494	  4.56148e+06
604.781	  4.56158e+06
605.068	  4.56167e+06
605.355	  4.56176e+06
605.642	  4.56185e+06
605.929	  4.56194e+06
606.216	  4.56202e+06
606.503	  4.5621e+06
606.79	  4.56218e+06
607.077	  4.56225e+06
607.364	  4.56233e+06
607.651	  4.5624e+06
607.938	  4.56247e+06
608.225	  4.56253e+06
608.512	  4.5626e+06
608.799	  4.56266e+06
609.086	  4.56272e+06
609.373	  4.56278e+06
609.66	  4.56283e+06
609.947	  4.56288e+06
610.234	  4.56293e+06
610.521	  4.56298e+06
610.808	  4.56303e+06
611.095	  4.56307e+06
611.382	  4.56311e+06
611.669	  4.56315e+06
611.956	  4.56319e+06
612.243	  4.56322e+06
612.53	  4.56325e+06
612.817	  4.56328e+06
613.104	  4.56331e+06
613.391	  4.56333e+06
613.678	  4.56336e+06
613.965	  4.56338e+06
614.252	  4.5634e+06
614.539	  4.56341e+06
614.826	  4.56343e+06
615.113	  4.56344e+06
615.4	  4.56345e+06
615.687	  4.56345e+06
615.974	  4.56346e+06
616.261	  4.56346e+06
616.548	  4.56346e+06
616.835	  4.56346e+06
617.122	  4.56346e+06
617.409	  4.56345e+06
617.696	  4.56344e+06
617.983	  4.56343e+06
618.27	  4.56342e+06
618.557	  4.5634e+06
618.844	  4.56338e+06
619.131	  4.56336e+06
619.418	  4.56334e+06
619.705	  4.56332e+06
619.992	  4.56329e+06
620.279	  4.56326e+06
620.566	  4.56323e+06
620.853	  4.5632e+06
621.14	  4.56317e+06
621.427	  4.56313e+06
621.714	  4.56309e+06
622.001	  4.56305e+06
622.288	  4.56301e+06
622.575	  4.56296e+06
622.862	  4.56291e+06
623.149	  4.56286e+06
623.436	  4.56281e+06
623.723	  4.56276e+06
624.01	  4.5627e+06
624.297	  4.56264e+06
624.584	  4.56258e+06
624.871	  4.56252e+06
625.158	  4.56245e+06
625.445	  4.56239e+06
625.732	  4.56232e+06
626.019	  4.56225e+06
626.306	  4.56217e+06
626.593	  4.5621e+06
626.88	  4.56202e+06
627.167	  4.56194e+06
627.454	  4.56186e+06
627.741	  4.56178e+06
628.028	  4.56169e+06
628.315	  4.5616e+06
628.602	  4.56151e+06
628.889	  4.56142e+06
629.176	  4.56133e+06
629.463	  4.56123e+06
629.75	  4.56113e+06
630.037	  4.56103e+06
630.324	  4.56093e+06
630.611	  4.56083e+06
630.898	  4.56072e+06
631.185	  4.56061e+06
631.472	  4.5605e+06
631.759	  4.56039e+06
632.046	  4.56028e+06
632.333	  4.56016e+06
632.62	  4.56004e+06
632.907	  4.55992e+06
633.194	  4.5598e+06
633.481	  4.55968e+06
633.768	  4.55955e+06
634.055	  4.55942e+06
634.342	  4.55929e+06
634.629	  4.55916e+06
634.916	  4.55902e+06
635.203	  4.55889e+06
635.49	  4.55875e+06
635.777	  4.55861e+06
636.064	  4.55847e+06
636.351	  4.55832e+06
636.638	  4.55818e+06
636.925	  4.55803e+06
637.212	  4.55788e+06
637.499	  4.55773e+06
637.786	  4.55757e+06
638.073	  4.55742e+06
638.36	  4.55726e+06
638.647	  4.5571e+06
638.934	  4.55694e+06
639.221	  4.55678e+06
639.508	  4.55661e+06
639.795	  4.55644e+06
640.082	  4.55627e+06
640.369	  4.5561e+06
640.656	  4.55593e+06
640.943	  4.55575e+06
641.23	  4.55558e+06
641.517	  4.5554e+06
641.804	  4.55522e+06
642.091	  4.55503e+06
642.378	  4.55485e+06
642.665	  4.55466e+06
642.952	  4.55448e+06
643.239	  4.55429e+06
643.526	  4.55409e+06
643.813	  4.5539e+06
644.1	  4.5537e+06
644.387	  4.55351e+06
644.674	  4.55331e+06
644.961	  4.55311e+06
645.248	  4.5529e+06
645.535	  4.5527e+06
645.822	  4.55249e+06
646.109	  4.55228e+06
646.396	  4.55207e+06
646.683	  4.55186e+06
646.97	  4.55164e+06
647.257	  4.55143e+06
647.544	  4.55121e+06
647.831	  4.55099e+06
648.118	  4.55077e+06
648.405	  4.55055e+06
648.692	  4.55032e+06
648.979	  4.55009e+06
649.266	  4.54986e+06
649.553	  4.54963e+06
649.84	  4.5494e+06
650.127	  4.54917e+06
650.414	  4.54893e+06
650.701	  4.54869e+06
650.988	  4.54845e+06
651.275	  4.54821e+06
651.562	  4.54797e+06
651.849	  4.54772e+06
652.136	  4.54748e+06
652.423	  4.54723e+06
652.71	  4.54698e+06
652.997	  4.54673e+06
653.284	  4.54647e+06
653.571	  4.54622e+06
653.858	  4.54596e+06
654.145	  4.5457e+06
654.432	  4.54544e+06
654.719	  4.54518e+06
655.006	  4.54491e+06
655.293	  4.54465e+06
655.58	  4.54438e+06
655.867	  4.54411e+06
656.154	  4.54384e+06
656.441	  4.54357e+06
656.728	  4.54329e+06
657.015	  4.54302e+06
657.302	  4.54274e+06
657.589	  4.54246e+06
657.876	  4.54218e+06
658.163	  4.54189e+06
658.45	  4.54161e+06
658.737	  4.54132e+06
659.024	  4.54103e+06
659.311	  4.54074e+06
659.598	  4.54045e+06
659.885	  4.54016e+06
660.172	  4.53986e+06
660.459	  4.53957e+06
660.746	  4.53927e+06
661.033	  4.53897e+06
661.32	  4.53867e+06
661.607	  4.53836e+06
661.894	  4.53806e+06
662.181	  4.53775e+06
662.468	  4.53745e+06
662.755	  4.53714e+06
663.042	  4.53682e+06
663.329	  4.53651e+06
663.616	  4.5362e+06
663.903	  4.53588e+06
664.19	  4.53556e+06
664.477	  4.53524e+06
664.764	  4.53492e+06
665.051	  4.5346e+06
665.338	  4.53427e+06
665.625	  4.53395e+06
665.912	  4.53362e+06
666.199	  4.53329e+06
666.486	  4.53296e+06
666.773	  4.53262e+06
667.06	  4.53229e+06
667.347	  4.53195e+06
667.634	  4.53162e+06
667.921	  4.53128e+06
668.208	  4.53094e+06
668.495	  4.5306e+06
668.782	  4.53025e+06
669.069	  4.52991e+06
669.356	  4.52956e+06
669.643	  4.52921e+06
669.93	  4.52886e+06
670.217	  4.52851e+06
670.504	  4.52816e+06
670.791	  4.5278e+06
671.078	  4.52744e+06
671.365	  4.52709e+06
671.652	  4.52673e+06
671.939	  4.52637e+06
672.226	  4.526e+06
672.513	  4.52564e+06
672.8	  4.52527e+06
673.087	  4.52491e+06
673.374	  4.52454e+06
673.661	  4.52417e+06
673.948	  4.52379e+06
674.235	  4.52342e+06
674.522	  4.52305e+06
674.809	  4.52267e+06
675.096	  4.52229e+06
675.383	  4.52191e+06
675.67	  4.52153e+06
675.957	  4.52115e+06
676.244	  4.52077e+06
676.531	  4.52038e+06
676.818	  4.51999e+06
677.105	  4.5196e+06
677.392	  4.51921e+06
677.679	  4.51882e+06
677.966	  4.51843e+06
678.253	  4.51804e+06
678.54	  4.51764e+06
678.827	  4.51724e+06
679.114	  4.51684e+06
679.401	  4.51644e+06
679.688	  4.51604e+06
679.975	  4.51564e+06
680.262	  4.51523e+06
680.549	  4.51483e+06
680.836	  4.51442e+06
681.123	  4.51401e+06
681.41	  4.5136e+06
681.697	  4.51319e+06
681.984	  4.51278e+06
682.271	  4.51236e+06
682.558	  4.51194e+06
682.845	  4.51153e+06
683.132	  4.51111e+06
683.419	  4.51069e+06
683.706	  4.51026e+06
683.993	  4.50984e+06
684.28	  4.50942e+06
684.567	  4.50899e+06
684.854	  4.50856e+06
685.141	  4.50813e+06
685.428	  4.5077e+06
685.715	  4.50727e+06
686.002	  4.50684e+06
686.289	  4.5064e+06
686.576	  4.50597e+06
686.863	  4.50553e+06
687.15	  4.50509e+06
687.437	  4.50465e+06
687.724	  4.50421e+06
688.011	  4.50376e+06
688.298	  4.50332e+06
688.585	  4.50287e+06
688.872	  4.50243e+06
689.159	  4.50198e+06
689.446	  4.50153e+06
689.733	  4.50108e+06
690.02	  4.50062e+06
690.307	  4.50017e+06
690.594	  4.49971e+06
690.881	  4.49926e+06
691.168	  4.4988e+06
691.455	  4.49834e+06
691.742	  4.49788e+06
692.029	  4.49742e+06
692.316	  4.49695e+06
692.603	  4.49649e+06
692.89	  4.49602e+06
693.177	  4.49555e+06
693.464	  4.49509e+06
693.751	  4.49462e+06
694.038	  4.49414e+06
694.325	  4.49367e+06
694.612	  4.4932e+06
694.899	  4.49272e+06
695.186	  4.49224e+06
695.473	  4.49177e+06
695.76	  4.49129e+06
696.047	  4.49081e+06
696.334	  4.49032e+06
696.621	  4.48984e+06
696.908	  4.48936e+06
697.195	  4.48887e+06
697.482	  4.48838e+06
697.769	  4.48789e+06
698.056	  4.4874e+06
698.343	  4.48691e+06
698.63	  4.48642e+06
698.917	  4.48593e+06
699.204	  4.48543e+06
699.491	  4.48494e+06
699.778	  4.48444e+06
700.065	  4.48394e+06
700.352	  4.48344e+06
700.639	  4.48294e+06
700.926	  4.48243e+06
701.213	  4.48193e+06
701.5	  4.48143e+06
701.787	  4.48092e+06
702.074	  4.48041e+06
702.361	  4.4799e+06
702.648	  4.47939e+06
702.935	  4.47888e+06
703.222	  4.47837e+06
703.509	  4.47785e+06
703.796	  4.47734e+06
704.083	  4.47682e+06
704.37	  4.47631e+06
704.657	  4.47579e+06
704.944	  4.47527e+06
705.231	  4.47475e+06
705.518	  4.47422e+06
705.805	  4.4737e+06
706.092	  4.47317e+06
706.379	  4.47265e+06
706.666	  4.47212e+06
706.953	  4.47159e+06
707.24	  4.47106e+06
707.527	  4.47053e+06
707.814	  4.47e+06
708.101	  4.46947e+06
708.388	  4.46893e+06
708.675	  4.4684e+06
708.962	  4.46786e+06
709.249	  4.46732e+06
709.536	  4.46678e+06
709.823	  4.46624e+06
710.11	  4.4657e+06
710.397	  4.46516e+06
710.684	  4.46461e+06
710.971	  4.46407e+06
711.258	  4.46352e+06
711.545	  4.46297e+06
711.832	  4.46242e+06
712.119	  4.46187e+06
712.406	  4.46132e+06
712.693	  4.46077e+06
712.98	  4.46022e+06
713.267	  4.45966e+06
713.554	  4.45911e+06
713.841	  4.45855e+06
714.128	  4.45799e+06
714.415	  4.45743e+06
714.702	  4.45687e+06
714.989	  4.45631e+06
715.276	  4.45575e+06
715.563	  4.45519e+06
715.85	  4.45462e+06
716.137	  4.45406e+06
716.424	  4.45349e+06
716.711	  4.45292e+06
716.998	  4.45235e+06
717.285	  4.45178e+06
717.572	  4.45121e+06
717.859	  4.45064e+06
718.146	  4.45006e+06
718.433	  4.44949e+06
718.72	  4.44891e+06
719.007	  4.44833e+06
719.294	  4.44776e+06
719.581	  4.44718e+06
719.868	  4.4466e+06
720.155	  4.44602e+06
720.442	  4.44543e+06
720.729	  4.44485e+06
721.016	  4.44426e+06
721.303	  4.44368e+06
721.59	  4.44309e+06
721.877	  4.4425e+06
722.164	  4.44191e+06
722.451	  4.44132e+06
722.738	  4.44073e+06
723.025	  4.44014e+06
723.312	  4.43955e+06
723.599	  4.43895e+06
723.886	  4.43836e+06
724.173	  4.43776e+06
724.46	  4.43716e+06
724.747	  4.43656e+06
725.034	  4.43596e+06
725.321	  4.43536e+06
725.608	  4.43476e+06
725.895	  4.43416e+06
726.182	  4.43356e+06
726.469	  4.43295e+06
726.756	  4.43234e+06
727.043	  4.43174e+06
727.33	  4.43113e+06
727.617	  4.43052e+06
727.904	  4.42991e+06
728.191	  4.4293e+06
728.478	  4.42869e+06
728.765	  4.42807e+06
729.052	  4.42746e+06
729.339	  4.42684e+06
729.626	  4.42623e+06
729.913	  4.42561e+06
730.2	  4.42499e+06
730.487	  4.42437e+06
730.774	  4.42375e+06
731.061	  4.42313e+06
731.348	  4.42251e+06
731.635	  4.42188e+06
731.922	  4.42126e+06
732.209	  4.42063e+06
732.496	  4.42001e+06
732.783	  4.41938e+06
733.07	  4.41875e+06
733.357	  4.41812e+06
733.644	  4.41749e+06
733.931	  4.41686e+06
734.218	  4.41623e+06
734.505	  4.4156e+06
734.792	  4.41496e+06
735.079	  4.41433e+06
735.366	  4.41369e+06
735.653	  4.41305e+06
735.94	  4.41241e+06
736.227	  4.41177e+06
736.514	  4.41113e+06
736.801	  4.41049e+06
737.088	  4.40985e+06
737.375	  4.40921e+06
737.662	  4.40856e+06
737.949	  4.40792e+06
738.236	  4.40727e+06
738.523	  4.40663e+06
738.81	  4.40598e+06
739.097	  4.40533e+06
739.384	  4.40468e+06
739.671	  4.40403e+06
739.958	  4.40338e+06
740.245	  4.40273e+06
740.532	  4.40207e+06
740.819	  4.40142e+06
741.106	  4.40076e+06
741.393	  4.40011e+06
741.68	  4.39945e+06
741.967	  4.39879e+06
742.254	  4.39813e+06
742.541	  4.39747e+06
742.828	  4.39681e+06
743.115	  4.39615e+06
743.402	  4.39549e+06
743.689	  4.39482e+06
743.976	  4.39416e+06
744.263	  4.39349e+06
744.55	  4.39283e+06
744.837	  4.39216e+06
745.124	  4.39149e+06
745.411	  4.39082e+06
745.698	  4.39015e+06
745.985	  4.38948e+06
746.272	  4.38881e+06
746.559	  4.38814e+06
746.846	  4.38746e+06
747.133	  4.38679e+06
747.42	  4.38611e+06
747.707	  4.38544e+06
747.994	  4.38476e+06
748.281	  4.38408e+06
748.568	  4.3834e+06
748.855	  4.38272e+06
749.142	  4.38204e+06
749.429	  4.38136e+06
749.716	  4.38068e+06
750.003	  4.38e+06
750.29	  4.37931e+06
750.577	  4.37863e+06
750.864	  4.37794e+06
751.151	  4.37726e+06
751.438	  4.37657e+06
751.725	  4.37588e+06
752.012	  4.37519e+06
752.299	  4.3745e+06
752.586	  4.37381e+06
752.873	  4.37312e+06
753.16	  4.37243e+06
753.447	  4.37173e+06
753.734	  4.37104e+06
754.021	  4.37034e+06
754.308	  4.36965e+06
754.595	  4.36895e+06
754.882	  4.36825e+06
755.169	  4.36755e+06
755.456	  4.36685e+06
755.743	  4.36615e+06
756.03	  4.36545e+06
756.317	  4.36475e+06
756.604	  4.36405e+06
756.891	  4.36334e+06
757.178	  4.36264e+06
757.465	  4.36194e+06
757.752	  4.36123e+06
758.039	  4.36052e+06
758.326	  4.35982e+06
758.613	  4.35911e+06
758.9	  4.3584e+06
759.187	  4.35769e+06
759.474	  4.35698e+06
759.761	  4.35627e+06
760.048	  4.35555e+06
760.335	  4.35484e+06
760.622	  4.35413e+06
760.909	  4.35341e+06
761.196	  4.3527e+06
761.483	  4.35198e+06
761.77	  4.35126e+06
762.057	  4.35054e+06
762.344	  4.34983e+06
762.631	  4.34911e+06
762.918	  4.34839e+06
763.205	  4.34767e+06
763.492	  4.34694e+06
763.779	  4.34622e+06
764.066	  4.3455e+06
764.353	  4.34477e+06
764.64	  4.34405e+06
764.927	  4.34332e+06
765.214	  4.3426e+06
765.501	  4.34187e+06
765.788	  4.34114e+06
766.075	  4.34041e+06
766.362	  4.33968e+06
766.649	  4.33895e+06
766.936	  4.33822e+06
767.223	  4.33749e+06
767.51	  4.33676e+06
767.797	  4.33602e+06
768.084	  4.33529e+06
768.371	  4.33456e+06
768.658	  4.33382e+06
768.945	  4.33308e+06
769.232	  4.33235e+06
769.519	  4.33161e+06
769.806	  4.33087e+06
770.093	  4.33013e+06
770.38	  4.32939e+06
770.667	  4.32865e+06
770.954	  4.32791e+06
771.241	  4.32717e+06
771.528	  4.32642e+06
771.815	  4.32568e+06
772.102	  4.32494e+06
772.389	  4.32419e+06
772.676	  4.32345e+06
772.963	  4.3227e+06
773.25	  4.32195e+06
773.537	  4.3212e+06
773.824	  4.32046e+06
774.111	  4.31971e+06
774.398	  4.31896e+06
774.685	  4.31821e+06
774.972	  4.31745e+06
775.259	  4.3167e+06
775.546	  4.31595e+06
775.833	  4.3152e+06
776.12	  4.31444e+06
776.407	  4.31369e+06
776.694	  4.31293e+06
776.981	  4.31218e+06
777.268	  4.31142e+06
777.555	  4.31066e+06
777.842	  4.3099e+06
778.129	  4.30914e+06
778.416	  4.30838e+06
778.703	  4.30762e+06
778.99	  4.30686e+06
779.277	  4.3061e+06
779.564	  4.30534e+06
779.851	  4.30457e+06
780.138	  4.30381e+06
780.425	  4.30305e+06
780.712	  4.30228e+06
780.999	  4.30151e+06
781.286	  4.30075e+06
781.573	  4.29998e+06
781.86	  4.29921e+06
782.147	  4.29844e+06
782.434	  4.29768e+06
782.721	  4.29691e+06
783.008	  4.29614e+06
783.295	  4.29536e+06
783.582	  4.29459e+06
783.869	  4.29382e+06
784.156	  4.29305e+06
784.443	  4.29227e+06
784.73	  4.2915e+06
785.017	  4.29072e+06
785.304	  4.28995e+06
785.591	  4.28917e+06
785.878	  4.28839e+06
786.165	  4.28762e+06
786.452	  4.28684e+06
786.739	  4.28606e+06
787.026	  4.28528e+06
787.313	  4.2845e+06
787.6	  4.28372e+06
787.887	  4.28294e+06
788.174	  4.28216e+06
788.461	  4.28137e+06
788.748	  4.28059e+06
789.035	  4.27981e+06
789.322	  4.27902e+06
789.609	  4.27824e+06
789.896	  4.27745e+06
790.183	  4.27666e+06
790.47	  4.27588e+06
790.757	  4.27509e+06
791.044	  4.2743e+06
791.331	  4.27351e+06
791.618	  4.27272e+06
791.905	  4.27193e+06
792.192	  4.27114e+06
792.479	  4.27035e+06
792.766	  4.26956e+06
793.053	  4.26877e+06
793.34	  4.26797e+06
793.627	  4.26718e+06
793.914	  4.26639e+06
794.201	  4.26559e+06
794.488	  4.2648e+06
794.775	  4.264e+06
795.062	  4.2632e+06
795.349	  4.26241e+06
795.636	  4.26161e+06
795.923	  4.26081e+06
796.21	  4.26001e+06
796.497	  4.25921e+06
796.784	  4.25841e+06
797.071	  4.25761e+06
797.358	  4.25681e+06
797.645	  4.25601e+06
797.932	  4.2552e+06
798.219	  4.2544e+06
798.506	  4.2536e+06
798.793	  4.25279e+06
799.08	  4.25199e+06
799.367	  4.25118e+06
799.654	  4.25038e+06
799.941	  4.24957e+06
800.228	  4.24876e+06
800.515	  4.24796e+06
800.802	  4.24715e+06
801.089	  4.24634e+06
801.376	  4.24553e+06
801.663	  4.24472e+06
801.95	  4.24391e+06
802.237	  4.2431e+06
802.524	  4.24229e+06
802.811	  4.24148e+06
803.098	  4.24066e+06
803.385	  4.23985e+06
803.672	  4.23904e+06
803.959	  4.23822e+06
804.246	  4.23741e+06
804.533	  4.23659e+06
804.82	  4.23578e+06
805.107	  4.23496e+06
805.394	  4.23414e+06
805.681	  4.23333e+06
805.968	  4.23251e+06
806.255	  4.23169e+06
806.542	  4.23087e+06
806.829	  4.23005e+06
807.116	  4.22923e+06
807.403	  4.22841e+06
807.69	  4.22759e+06
807.977	  4.22677e+06
808.264	  4.22595e+06
808.551	  4.22512e+06
808.838	  4.2243e+06
809.125	  4.22348e+06
809.412	  4.22265e+06
809.699	  4.22183e+06
809.986	  4.221e+06
810.273	  4.22018e+06
810.56	  4.21935e+06
810.847	  4.21852e+06
811.134	  4.2177e+06
811.421	  4.21687e+06
811.708	  4.21604e+06
811.995	  4.21521e+06
812.282	  4.21438e+06
812.569	  4.21355e+06
812.856	  4.21272e+06
813.143	  4.21189e+06
813.43	  4.21106e+06
813.717	  4.21023e+06
814.004	  4.20939e+06
814.291	  4.20856e+06
814.578	  4.20773e+06
814.865	  4.20689e+06
815.152	  4.20606e+06
815.439	  4.20523e+06
815.726	  4.20439e+06
816.013	  4.20355e+06
816.3	  4.20272e+06
816.587	  4.20188e+06
816.874	  4.20104e+06
817.161	  4.20021e+06
817.448	  4.19937e+06
817.735	  4.19853e+06
818.022	  4.19769e+06
818.309	  4.19685e+06
818.596	  4.19601e+06
818.883	  4.19517e+06
819.17	  4.19433e+06
819.457	  4.19349e+06
820.002	  4.19189e+06
820.031	  4.1918e+06
820.059	  4.19172e+06
820.088	  4.19164e+06
820.117	  4.19155e+06
820.146	  4.19147e+06
820.174	  4.19138e+06
820.203	  4.1913e+06
820.232	  4.19121e+06
820.26	  4.19113e+06
820.289	  4.19105e+06
820.318	  4.19096e+06
820.346	  4.19088e+06
820.375	  4.19079e+06
820.404	  4.19071e+06
820.433	  4.19062e+06
820.461	  4.19054e+06
820.49	  4.19046e+06
820.519	  4.19037e+06
820.547	  4.19029e+06
820.576	  4.1902e+06
820.605	  4.19012e+06
820.633	  1.74167e+06
820.662	  1.74165e+06
820.691	  1.74162e+06
820.72	  1.74159e+06
820.748	  1.74156e+06
820.777	  1.74153e+06
820.806	  1.7415e+06
820.834	  1.74147e+06
820.863	  1.74145e+06
820.892	  1.74142e+06
820.92	  1.74139e+06
820.949	  1.74136e+06
820.978	  1.74133e+06
821.007	  1.7413e+06
821.035	  1.74127e+06
821.064	  1.74125e+06
821.093	  1.74122e+06
821.121	  1.74119e+06
821.15	  1.74116e+06
821.179	  1.74113e+06
821.207	  1.7411e+06
821.236	  1.74107e+06
821.265	  1.74105e+06
821.294	  1.74102e+06
821.322	  1.74099e+06
821.351	  1.74096e+06
821.38	  1.74093e+06
821.408	  1.7409e+06
821.437	  1.74088e+06
821.466	  1.74085e+06
821.494	  1.74082e+06
821.523	  1.74079e+06
821.552	  1.74076e+06
821.581	  1.74073e+06
821.609	  1.7407e+06
821.638	  1.74068e+06
821.667	  1.74065e+06
821.695	  1.74062e+06
821.724	  1.74059e+06
821.753	  1.74056e+06
821.781	  1.74053e+06
821.81	  1.7405e+06
821.839	  1.74048e+06
821.868	  1.74045e+06
821.896	  1.74042e+06
821.925	  1.74039e+06
821.954	  1.74036e+06
821.982	  1.74033e+06
822.011	  1.7403e+06
822.011	  1.7403e+06
822.298	  1.74002e+06
822.585	  1.73973e+06
822.872	  1.73945e+06
823.159	  1.73916e+06
823.446	  1.73887e+06
823.733	  1.73858e+06
824.02	  1.7383e+06
824.307	  1.73801e+06
824.594	  1.73772e+06
824.881	  1.73743e+06
825.168	  1.73715e+06
825.455	  1.73686e+06
825.742	  1.73657e+06
826.029	  1.73628e+06
826.316	  1.73599e+06
826.603	  1.7357e+06
826.89	  1.73541e+06
827.177	  1.73513e+06
827.464	  1.73484e+06
827.751	  1.73455e+06
828.038	  1.73426e+06
828.325	  1.73397e+06
828.612	  1.73368e+06
828.899	  1.73339e+06
829.186	  1.73309e+06
829.473	  1.7328e+06
829.76	  1.73251e+06
830.047	  1.73222e+06
830.334	  1.73193e+06
830.621	  1.73164e+06
830.908	  1.73135e+06
831.195	  1.73105e+06
831.482	  1.73076e+06
831.769	  1.73047e+06
832.056	  1.73018e+06
832.343	  1.72988e+06
832.63	  1.72959e+06
832.917	  1.7293e+06
833.204	  1.729e+06
833.491	  1.72871e+06
833.778	  1.72842e+06
834.065	  1.72812e+06
834.352	  1.72783e+06
834.639	  1.72753e+06
834.926	  1.72724e+06
835.213	  1.72695e+06
835.5	  1.72665e+06
835.787	  1.72636e+06
836.074	  1.72606e+06
836.361	  1.72577e+06
836.648	  1.72547e+06
836.935	  1.72517e+06
837.222	  1.72488e+06
837.509	  1.72458e+06
837.796	  1.72429e+06
838.083	  1.72399e+06
838.37	  1.72369e+06
838.657	  1.7234e+06
838.944	  1.7231e+06
839.231	  1.7228e+06
839.518	  1.7225e+06
839.805	  1.72221e+06
840.092	  1.72191e+06
840.379	  1.72161e+06
840.666	  1.72131e+06
840.953	  1.72101e+06
841.24	  1.72072e+06
841.527	  1.72042e+06
841.814	  1.72012e+06
842.101	  1.71982e+06
842.388	  1.71952e+06
842.675	  1.71922e+06
842.962	  1.71892e+06
843.249	  1.71862e+06
843.536	  1.71832e+06
843.823	  1.71802e+06
844.11	  1.71772e+06
844.397	  1.71742e+06
844.684	  1.71712e+06
844.971	  1.71682e+06
845.258	  1.71652e+06
845.545	  1.71622e+06
845.832	  1.71592e+06
846.119	  1.71562e+06
846.406	  1.71532e+06
846.693	  1.71501e+06
846.98	  1.71471e+06
847.267	  1.71441e+06
847.554	  1.71411e+06
847.841	  1.71381e+06
848.128	  1.7135e+06
848.415	  1.7132e+06
848.702	  1.7129e+06
848.989	  1.7126e+06
849.276	  1.71229e+06
849.563	  1.71199e+06
849.85	  1.71169e+06
850.137	  1.71138e+06
850.424	  1.71108e+06
850.711	  1.71078e+06
850.998	  1.71047e+06
851.285	  1.71017e+06
851.572	  1.70986e+06
851.859	  1.70956e+06
852.146	  1.70925e+06
852.433	  1.70895e+06
852.72	  1.70864e+06
853.007	  1.70834e+06
853.294	  1.70803e+06
853.581	  1.70773e+06
853.868	  1.70742e+06
854.155	  1.70712e+06
854.442	  1.70681e+06
854.729	  1.70651e+06
855.016	  1.7062e+06
855.303	  1.70589e+06
855.59	  1.70559e+06
855.877	  1.70528e+06
856.164	  1.70497e+06
856.451	  1.70467e+06
856.738	  1.70436e+06
857.025	  1.70405e+06
857.312	  1.70375e+06
857.599	  1.70344e+06
857.886	  1.70313e+06
858.173	  1.70282e+06
858.46	  1.70251e+06
858.747	  1.70221e+06
859.034	  1.7019e+06
859.321	  1.70159e+06
859.608	  1.70128e+06
859.895	  1.70097e+06
860.182	  1.70066e+06
860.469	  1.70036e+06
860.756	  1.70005e+06
861.043	  1.69974e+06
861.33	  1.69943e+06
861.617	  1.69912e+06
861.904	  1.69881e+06
862.191	  1.6985e+06
862.478	  1.69819e+06
862.765	  1.69788e+06
863.052	  1.69757e+06
863.339	  1.69726e+06
863.626	  1.69695e+06
863.913	  1.69664e+06
864.2	  1.69633e+06
864.487	  1.69602e+06
864.774	  1.6957e+06
865.061	  1.69539e+06
865.348	  1.69508e+06
865.635	  1.69477e+06
865.922	  1.69446e+06
866.209	  1.69415e+06
866.496	  1.69384e+06
866.783	  1.69352e+06
867.07	  1.69321e+06
867.357	  1.6929e+06
867.644	  1.69259e+06
867.931	  1.69227e+06
868.218	  1.69196e+06
868.505	  1.69165e+06
868.792	  1.69134e+06
869.079	  1.69102e+06
869.366	  1.69071e+06
869.653	  1.6904e+06
869.94	  1.69008e+06
870.227	  1.68977e+06
870.514	  1.68946e+06
870.801	  1.68914e+06
871.088	  1.68883e+06
871.375	  1.68851e+06
871.662	  1.6882e+06
871.949	  1.68789e+06
872.236	  1.68757e+06
872.523	  1.68726e+06
872.81	  1.68694e+06
873.097	  1.68663e+06
873.384	  1.68631e+06
873.671	  1.686e+06
873.958	  1.68568e+06
874.245	  1.68537e+06
874.532	  1.68505e+06
874.819	  1.68474e+06
875.106	  1.68442e+06
875.393	  1.6841e+06
875.68	  1.68379e+06
875.967	  1.68347e+06
876.254	  1.68316e+06
876.541	  1.68284e+06
876.828	  1.68252e+06
877.115	  1.68221e+06
877.402	  1.68189e+06
877.689	  1.68157e+06
877.976	  1.68126e+06
878.263	  1.68094e+06
878.55	  1.68062e+06
878.837	  1.68031e+06
879.124	  1.67999e+06
879.411	  1.67967e+06
879.698	  1.67935e+06
879.985	  1.67904e+06
880.272	  1.67872e+06
880.559	  1.6784e+06
880.846	  1.67808e+06
881.133	  1.67776e+06
881.42	  1.67745e+06
881.707	  1.67713e+06
881.994	  1.67681e+06
882.281	  1.67649e+06
882.568	  1.67617e+06
882.855	  1.67585e+06
883.142	  1.67553e+06
883.429	  1.67521e+06
883.716	  1.6749e+06
884.003	  1.67458e+06
884.29	  1.67426e+06
884.577	  1.67394e+06
884.864	  1.67362e+06
885.151	  1.6733e+06
885.438	  1.67298e+06
885.725	  1.67266e+06
886.012	  1.67234e+06
886.299	  1.67202e+06
886.586	  1.6717e+06
886.873	  1.67138e+06
887.16	  1.67106e+06
887.447	  1.67074e+06
887.734	  1.67042e+06
888.021	  1.67009e+06
888.308	  1.66977e+06
888.595	  1.66945e+06
888.882	  1.66913e+06
889.169	  1.66881e+06
889.456	  1.66849e+06
889.743	  1.66817e+06
890.03	  1.66785e+06
890.317	  1.66752e+06
890.604	  1.6672e+06
890.891	  1.66688e+06
891.178	  1.66656e+06
891.465	  1.66624e+06
891.752	  1.66591e+06
892.039	  1.66559e+06
892.326	  1.66527e+06
892.613	  1.66495e+06
892.9	  1.66463e+06
893.187	  1.6643e+06
893.474	  1.66398e+06
893.761	  1.66366e+06
894.048	  1.66333e+06
894.335	  1.66301e+06
894.622	  1.66269e+06
894.909	  1.66236e+06
895.196	  1.66204e+06
895.483	  1.66172e+06
895.77	  1.66139e+06
896.057	  1.66107e+06
896.344	  1.66075e+06
896.631	  1.66042e+06
896.918	  1.6601e+06
897.205	  1.65978e+06
897.492	  1.65945e+06
897.779	  1.65913e+06
898.066	  1.6588e+06
898.353	  1.65848e+06
898.64	  1.65815e+06
898.927	  1.65783e+06
899.214	  1.6575e+06
899.501	  1.65718e+06
899.788	  1.65686e+06
900.075	  1.65653e+06
900.362	  1.65621e+06
900.649	  1.65588e+06
900.936	  1.65555e+06
901.223	  1.65523e+06
901.51	  1.6549e+06
901.797	  1.65458e+06
902.084	  1.65425e+06
902.371	  1.65393e+06
902.658	  1.6536e+06
902.945	  1.65328e+06
903.232	  1.65295e+06
903.519	  1.65262e+06
903.806	  1.6523e+06
904.093	  1.65197e+06
904.38	  1.65165e+06
904.667	  1.65132e+06
904.954	  1.65099e+06
905.241	  1.65067e+06
905.528	  1.65034e+06
905.815	  1.65001e+06
906.102	  1.64969e+06
906.389	  1.64936e+06
906.676	  1.64903e+06
906.963	  1.6487e+06
907.25	  1.64838e+06
907.537	  1.64805e+06
907.824	  1.64772e+06
908.111	  1.6474e+06
908.398	  1.64707e+06
908.685	  1.64674e+06
908.972	  1.64641e+06
909.259	  1.64609e+06
909.546	  1.64576e+06
909.833	  1.64543e+06
910.12	  1.6451e+06
910.407	  1.64477e+06
910.694	  1.64445e+06
910.981	  1.64412e+06
911.268	  1.64379e+06
911.555	  1.64346e+06
911.842	  1.64313e+06
912.129	  1.6428e+06
912.416	  1.64248e+06
912.703	  1.64215e+06
912.99	  1.64182e+06
913.277	  1.64149e+06
913.564	  1.64116e+06
913.851	  1.64083e+06
914.138	  1.6405e+06
914.425	  1.64017e+06
914.712	  1.63984e+06
914.999	  1.63951e+06
915.286	  1.63919e+06
915.573	  1.63886e+06
915.86	  1.63853e+06
916.147	  1.6382e+06
916.434	  1.63787e+06
916.721	  1.63754e+06
917.008	  1.63721e+06
917.295	  1.63688e+06
917.582	  1.63655e+06
917.869	  1.63622e+06
918.156	  1.63589e+06
918.443	  1.63556e+06
918.73	  1.63523e+06
919.017	  1.6349e+06
919.304	  1.63457e+06
919.591	  1.63424e+06
919.878	  1.63391e+06
920.165	  1.63358e+06
920.452	  1.63324e+06
920.739	  1.63291e+06
921.026	  1.63258e+06
921.313	  1.63225e+06
921.6	  1.63192e+06
921.887	  1.63159e+06
922.174	  1.63126e+06
922.461	  1.63093e+06
922.748	  1.6306e+06
923.035	  1.63027e+06
923.322	  1.62993e+06
923.609	  1.6296e+06
923.896	  1.62927e+06
924.183	  1.62894e+06
924.47	  1.62861e+06
924.757	  1.62828e+06
925.044	  1.62794e+06
925.331	  1.62761e+06
925.618	  1.62728e+06
925.905	  1.62695e+06
926.192	  1.62662e+06
926.479	  1.62629e+06
926.766	  1.62595e+06
927.053	  1.62562e+06
927.34	  1.62529e+06
927.627	  1.62496e+06
927.914	  1.62462e+06
928.201	  1.62429e+06
928.488	  1.62396e+06
928.775	  1.62363e+06
929.062	  1.62329e+06
929.349	  1.62296e+06
929.636	  1.62263e+06
929.923	  1.6223e+06
930.21	  1.62196e+06
930.497	  1.62163e+06
930.784	  1.6213e+06
931.071	  1.62096e+06
931.358	  1.62063e+06
931.645	  1.6203e+06
931.932	  1.61996e+06
932.219	  1.61963e+06
932.506	  1.6193e+06
932.793	  1.61896e+06
933.08	  1.61863e+06
933.367	  1.6183e+06
933.654	  1.61796e+06
933.941	  1.61763e+06
934.228	  1.6173e+06
934.515	  1.61696e+06
934.802	  1.61663e+06
935.089	  1.6163e+06
935.376	  1.61596e+06
935.663	  1.61563e+06
935.95	  1.61529e+06
936.237	  1.61496e+06
936.524	  1.61463e+06
936.811	  1.61429e+06
937.098	  1.61396e+06
937.385	  1.61362e+06
937.672	  1.61329e+06
937.959	  1.61295e+06
938.246	  1.61262e+06
938.533	  1.61229e+06
938.82	  1.61195e+06
939.107	  1.61162e+06
939.394	  1.61128e+06
939.681	  1.61095e+06
939.968	  1.61061e+06
940.255	  1.61028e+06
940.542	  1.60994e+06
940.829	  1.60961e+06
941.116	  1.60927e+06
941.403	  1.60894e+06
941.69	  1.6086e+06
941.977	  1.60827e+06
942.264	  1.60793e+06
942.551	  1.6076e+06
942.838	  1.60726e+06
943.125	  1.60693e+06
943.412	  1.60659e+06
943.699	  1.60626e+06
943.986	  1.60592e+06
944.273	  1.60559e+06
944.56	  1.60525e+06
944.847	  1.60491e+06
945.134	  1.60458e+06
945.421	  1.60424e+06
945.708	  1.60391e+06
945.995	  1.60357e+06
946.282	  1.60324e+06
946.569	  1.6029e+06
946.856	  1.60256e+06
947.143	  1.60223e+06
947.43	  1.60189e+06
947.717	  1.60156e+06
948.004	  1.60122e+06
948.291	  1.60088e+06
948.578	  1.60055e+06
948.865	  1.60021e+06
949.152	  1.59987e+06
949.439	  1.59954e+06
949.726	  1.5992e+06
950.013	  1.59887e+06
950.3	  1.59853e+06
950.587	  1.59819e+06
950.874	  1.59786e+06
951.161	  1.59752e+06
951.448	  1.59718e+06
951.735	  1.59685e+06
952.022	  1.59651e+06
952.309	  1.59617e+06
952.596	  1.59584e+06
952.883	  1.5955e+06
953.17	  1.59516e+06
953.457	  1.59483e+06
953.744	  1.59449e+06
954.031	  1.59415e+06
954.318	  1.59382e+06
954.605	  1.59348e+06
954.892	  1.59314e+06
955.179	  1.5928e+06
955.466	  1.59247e+06
955.753	  1.59213e+06
956.04	  1.59179e+06
956.327	  1.59146e+06
956.614	  1.59112e+06
956.901	  1.59078e+06
957.188	  1.59044e+06
957.475	  1.59011e+06
957.762	  1.58977e+06
958.049	  1.58943e+06
958.336	  1.58909e+06
958.623	  1.58876e+06
958.91	  1.58842e+06
959.197	  1.58808e+06
959.484	  1.58774e+06
959.771	  1.58741e+06
960.058	  1.58707e+06
960.345	  1.58673e+06
960.632	  1.58639e+06
960.919	  1.58605e+06
961.206	  1.58572e+06
961.493	  1.58538e+06
961.78	  1.58504e+06
962.067	  1.5847e+06
962.354	  1.58436e+06
962.641	  1.58403e+06
962.928	  1.58369e+06
963.215	  1.58335e+06
963.502	  1.58301e+06
963.789	  1.58267e+06
964.076	  1.58234e+06
964.363	  1.582e+06
964.65	  1.58166e+06
964.937	  1.58132e+06
965.224	  1.58098e+06
965.511	  1.58065e+06
965.798	  1.58031e+06
966.085	  1.57997e+06
966.372	  1.57963e+06
966.659	  1.57929e+06
966.946	  1.57895e+06
967.233	  1.57861e+06
967.52	  1.57828e+06
967.807	  1.57794e+06
968.094	  1.5776e+06
968.381	  1.57726e+06
968.668	  1.57692e+06
968.955	  1.57658e+06
969.242	  1.57624e+06
969.529	  1.57591e+06
969.816	  1.57557e+06
970.103	  1.57523e+06
970.39	  1.57489e+06
970.677	  1.57455e+06
970.964	  1.57421e+06
971.251	  1.57387e+06
971.538	  1.57353e+06
971.825	  1.57319e+06
972.112	  1.57286e+06
972.399	  1.57252e+06
972.686	  1.57218e+06
972.973	  1.57184e+06
973.26	  1.5715e+06
973.547	  1.57116e+06
973.834	  1.57082e+06
974.121	  1.57048e+06
974.408	  1.57014e+06
974.695	  1.5698e+06
974.982	  1.56947e+06
975.269	  1.56913e+06
975.556	  1.56879e+06
975.843	  1.56845e+06
976.13	  1.56811e+06
976.417	  1.56777e+06
976.704	  1.56743e+06
976.991	  1.56709e+06
977.278	  1.56675e+06
977.565	  1.56641e+06
977.852	  1.56607e+06
978.139	  1.56573e+06
978.426	  1.56539e+06
978.713	  1.56505e+06
979	  1.56471e+06
979.287	  1.56437e+06
979.574	  1.56403e+06
979.861	  1.5637e+06
980.148	  1.56336e+06
980.435	  1.56302e+06
980.722	  1.56268e+06
981.009	  1.56234e+06
981.296	  1.562e+06
981.583	  1.56166e+06
981.87	  1.56132e+06
982.157	  1.56098e+06
982.444	  1.56064e+06
982.731	  1.5603e+06
983.018	  1.55996e+06
983.305	  1.55962e+06
983.592	  1.55928e+06
983.879	  1.55894e+06
984.166	  1.5586e+06
984.453	  1.55826e+06
984.74	  1.55792e+06
985.027	  1.55758e+06
985.314	  1.55724e+06
985.601	  1.5569e+06
985.888	  1.55656e+06
986.175	  1.55622e+06
986.462	  1.55588e+06
986.749	  1.55554e+06
987.036	  1.5552e+06
987.323	  1.55486e+06
987.61	  1.55452e+06
987.897	  1.55418e+06
988.184	  1.55384e+06
988.471	  1.5535e+06
988.758	  1.55316e+06
989.045	  1.55282e+06
989.332	  1.55248e+06
989.619	  1.55214e+06
989.906	  1.5518e+06
990.193	  1.55146e+06
990.48	  1.55112e+06
990.767	  1.55078e+06
991.054	  1.55044e+06
991.341	  1.5501e+06
991.628	  1.54976e+06
991.915	  1.54942e+06
992.202	  1.54908e+06
992.489	  1.54874e+06
992.776	  1.5484e+06
993.063	  1.54806e+06
993.35	  1.54772e+06
993.637	  1.54738e+06
993.924	  1.54704e+06
994.211	  1.5467e+06
994.498	  1.54636e+06
994.785	  1.54602e+06
995.072	  1.54568e+06
995.359	  1.54534e+06
995.646	  1.545e+06
995.933	  1.54465e+06
996.22	  1.54431e+06
996.507	  1.54397e+06
996.794	  1.54363e+06
997.081	  1.54329e+06
997.368	  1.54295e+06
997.655	  1.54261e+06
997.942	  1.54227e+06
998.229	  1.54193e+06
998.516	  1.54159e+06
998.803	  1.54125e+06
999.09	  1.54091e+06
999.377	  1.54057e+06
999.664	  1.54023e+06
999.951	  1.53989e+06
1000.24	  1.53955e+06
1000.52	  1.53921e+06
1000.81	  1.53887e+06
1001.1	  1.53853e+06
1001.39	  1.53819e+06
1001.67	  1.53785e+06
1001.96	  1.53751e+06
1002.25	  1.53717e+06
1002.53	  1.53682e+06
1002.82	  1.53648e+06
1003.11	  1.53614e+06
1003.39	  1.5358e+06
1003.68	  1.53546e+06
1003.97	  1.53512e+06
1004.26	  1.53478e+06
1004.54	  1.53444e+06
1004.83	  1.5341e+06
1005.12	  1.53376e+06
1005.4	  1.53342e+06
1005.69	  1.53308e+06
1005.98	  1.53274e+06
1006.26	  1.5324e+06
1006.55	  1.53206e+06
1006.84	  1.53172e+06
1007.13	  1.53138e+06
1007.41	  1.53104e+06
1007.7	  1.5307e+06
1007.99	  1.53035e+06
1008.27	  1.53001e+06
1008.56	  1.52967e+06
1008.85	  1.52933e+06
1009.13	  1.52899e+06
1009.42	  1.52865e+06
1009.71	  1.52831e+06
1010	  1.52797e+06
1010.28	  1.52763e+06
1010.57	  1.52729e+06
1010.86	  1.52695e+06
1011.14	  1.52661e+06
1011.43	  1.52627e+06
1011.72	  1.52593e+06
1012	  1.52559e+06
1012.29	  1.52525e+06
1012.58	  1.52491e+06
1012.87	  1.52456e+06
1013.15	  1.52422e+06
1013.44	  1.52388e+06
1013.73	  1.52354e+06
1014.01	  1.5232e+06
1014.3	  1.52286e+06
1014.59	  1.52252e+06
1014.88	  1.52218e+06
1015.16	  1.52184e+06
1015.45	  1.5215e+06
1015.74	  1.52116e+06
1016.02	  1.52082e+06
1016.31	  1.52048e+06
1016.6	  1.52014e+06
1016.88	  1.5198e+06
1017.17	  1.51946e+06
1017.46	  1.51912e+06
1017.75	  1.51878e+06
1018.03	  1.51843e+06
1018.32	  1.51809e+06
1018.61	  1.51775e+06
1018.89	  1.51741e+06
1019.18	  1.51707e+06
1019.47	  1.51673e+06
1019.98	  1.51613e+06
1021.08	  1.51482e+06
1022.17	  1.51352e+06
1023.27	  1.51221e+06
1024.38	  1.51091e+06
1025.47	  1.50961e+06
1026.58	  1.5083e+06
1027.67	  1.507e+06
1028.78	  1.50569e+06
1029.88	  1.50439e+06
1030.97	  1.50308e+06
1032.08	  1.50178e+06
1033.17	  1.50048e+06
1034.28	  1.49917e+06
1035.38	  1.49787e+06
1036.47	  1.49657e+06
1037.58	  1.49526e+06
1038.67	  1.49396e+06
1039.78	  1.49266e+06
1040.88	  1.49136e+06
1041.97	  1.49005e+06
1043.08	  1.48875e+06
1044.17	  1.48745e+06
1045.28	  1.48615e+06
1046.38	  1.48485e+06
1047.47	  1.48355e+06
1048.58	  1.48225e+06
1049.67	  1.48095e+06
1050.78	  1.47965e+06
1051.88	  1.47835e+06
1052.97	  1.47705e+06
1054.08	  1.47575e+06
1055.17	  1.47445e+06
1056.28	  1.47315e+06
1057.38	  1.47185e+06
1058.47	  1.47056e+06
1059.58	  1.46926e+06
1060.67	  1.46796e+06
1061.78	  1.46667e+06
1062.88	  1.46537e+06
1063.97	  1.46407e+06
1065.08	  1.46278e+06
1066.17	  1.46148e+06
1067.28	  1.46019e+06
1068.38	  1.45889e+06
1069.47	  1.4576e+06
1070.58	  1.45631e+06
1071.67	  1.45501e+06
1072.78	  1.45372e+06
1073.88	  1.45243e+06
1074.97	  1.45114e+06
1076.08	  1.44984e+06
1077.17	  1.44855e+06
1078.28	  1.44726e+06
1079.38	  1.44597e+06
1080.47	  1.44468e+06
1081.58	  1.44339e+06
1082.67	  1.4421e+06
1083.78	  1.44082e+06
1084.88	  1.43953e+06
1085.97	  1.43824e+06
1087.08	  1.43695e+06
1088.17	  1.43567e+06
1089.28	  1.43438e+06
1090.38	  1.4331e+06
1091.47	  1.43181e+06
1092.58	  1.43053e+06
1093.67	  1.42924e+06
1094.78	  1.42796e+06
1095.88	  1.42668e+06
1096.97	  1.4254e+06
1098.08	  1.42411e+06
1099.17	  1.42283e+06
1100.28	  1.42155e+06
1101.38	  1.42027e+06
1102.47	  1.41899e+06
1103.58	  1.41771e+06
1104.67	  1.41644e+06
1105.78	  1.41516e+06
1106.88	  1.41388e+06
1107.97	  1.4126e+06
1109.08	  1.41133e+06
1110.17	  1.41005e+06
1111.28	  1.40878e+06
1112.38	  1.4075e+06
1113.47	  1.40623e+06
1114.58	  1.40496e+06
1115.67	  1.40369e+06
1116.78	  1.40241e+06
1117.88	  1.40114e+06
1118.97	  1.39987e+06
1120.08	  1.3986e+06
1121.17	  1.39733e+06
1122.28	  1.39606e+06
1123.38	  1.3948e+06
1124.47	  1.39353e+06
1125.58	  1.39226e+06
1126.67	  1.391e+06
1127.78	  1.38973e+06
1128.88	  1.38847e+06
1129.97	  1.3872e+06
1131.08	  1.38594e+06
1132.17	  1.38468e+06
1133.28	  1.38342e+06
1134.38	  1.38216e+06
1135.47	  1.38089e+06
1136.58	  1.37963e+06
1137.67	  1.37838e+06
1138.78	  1.37712e+06
1139.88	  1.37586e+06
1140.97	  1.3746e+06
1142.08	  1.37335e+06
1143.17	  1.37209e+06
1144.28	  1.37084e+06
1145.38	  1.36958e+06
1146.47	  1.36833e+06
1147.58	  1.36708e+06
1148.67	  1.36582e+06
1149.78	  1.36457e+06
1150.88	  1.36332e+06
1151.97	  1.36207e+06
1153.08	  1.36083e+06
1154.17	  1.35958e+06
1155.28	  1.35833e+06
1156.38	  1.35708e+06
1157.47	  1.35584e+06
1158.58	  1.35459e+06
1159.67	  1.35335e+06
1160.78	  1.3521e+06
1161.88	  1.35086e+06
1162.97	  1.34962e+06
1164.08	  1.34838e+06
1165.17	  1.34714e+06
1166.28	  1.3459e+06
1167.38	  1.34466e+06
1168.47	  1.34342e+06
1169.58	  1.34218e+06
1170.67	  1.34095e+06
1171.78	  1.33971e+06
1172.88	  1.33848e+06
1173.97	  1.33724e+06
1175.08	  1.33601e+06
1176.17	  1.33478e+06
1177.28	  1.33355e+06
1178.38	  1.33232e+06
1179.47	  1.33109e+06
1180.58	  1.32986e+06
1181.67	  1.32863e+06
1182.78	  1.3274e+06
1183.88	  1.32617e+06
1184.97	  1.32495e+06
1186.08	  1.32372e+06
1187.17	  1.3225e+06
1188.28	  1.32128e+06
1189.38	  1.32005e+06
1190.47	  1.31883e+06
1191.58	  1.31761e+06
1192.67	  1.31639e+06
1193.78	  1.31517e+06
1194.88	  1.31395e+06
1195.97	  1.31274e+06
1197.08	  1.31152e+06
1198.17	  1.31031e+06
1199.28	  1.30909e+06
1200.38	  1.30788e+06
1201.47	  1.30666e+06
1202.58	  1.30545e+06
1203.67	  1.30424e+06
1204.78	  1.30303e+06
1205.88	  1.30182e+06
1206.97	  1.30061e+06
1208.08	  1.2994e+06
1209.17	  1.2982e+06
1210.28	  1.29699e+06
1211.38	  1.29579e+06
1212.47	  1.29458e+06
1213.58	  1.29338e+06
1214.67	  1.29218e+06
1215.78	  1.29098e+06
1216.88	  1.28977e+06
1217.97	  1.28857e+06
1219.08	  1.28738e+06
1220.17	  1.28618e+06
1221.28	  1.28498e+06
1222.38	  1.28378e+06
1223.47	  1.28259e+06
1224.58	  1.2814e+06
1225.67	  1.2802e+06
1226.78	  1.27901e+06
1227.88	  1.27782e+06
1228.97	  1.27663e+06
1230.08	  1.27544e+06
1231.17	  1.27425e+06
1232.28	  1.27306e+06
1233.38	  1.27187e+06
1234.47	  1.27069e+06
1235.58	  1.2695e+06
1236.67	  1.26832e+06
1237.78	  1.26714e+06
1238.88	  1.26595e+06
1239.97	  1.26477e+06
1241.08	  1.26359e+06
1242.17	  1.26241e+06
1243.28	  1.26123e+06
1244.38	  1.26006e+06
1245.47	  1.25888e+06
1246.58	  1.2577e+06
1247.67	  1.25653e+06
1248.78	  1.25535e+06
1249.88	  1.25418e+06
1250.97	  1.25301e+06
1252.08	  1.25184e+06
1253.17	  1.25067e+06
1254.28	  1.2495e+06
1255.38	  1.24833e+06
1256.47	  1.24716e+06
1257.58	  1.246e+06
1258.67	  1.24483e+06
1259.78	  1.24367e+06
1260.88	  1.24251e+06
1261.97	  1.24134e+06
1263.08	  1.24018e+06
1264.17	  1.23902e+06
1265.28	  1.23786e+06
1266.38	  1.2367e+06
1267.47	  1.23554e+06
1268.58	  1.23439e+06
1269.67	  1.23323e+06
1270.78	  1.23208e+06
1271.88	  1.23092e+06
1272.97	  1.22977e+06
1274.08	  1.22862e+06
1275.17	  1.22747e+06
1276.28	  1.22632e+06
1277.38	  1.22517e+06
1278.47	  1.22402e+06
1279.58	  1.22287e+06
1280.67	  1.22173e+06
1281.78	  1.22058e+06
1282.88	  1.21944e+06
1283.97	  1.2183e+06
1285.08	  1.21715e+06
1286.17	  1.21601e+06
1287.28	  1.21487e+06
1288.38	  1.21373e+06
1289.47	  1.2126e+06
1290.58	  1.21146e+06
1291.67	  1.21032e+06
1292.78	  1.20919e+06
1293.88	  1.20805e+06
1294.97	  1.20692e+06
1296.08	  1.20579e+06
1297.17	  1.20466e+06
1298.28	  1.20353e+06
1299.38	  1.2024e+06
1300.47	  1.20127e+06
1301.58	  1.20014e+06
1302.67	  1.19901e+06
1303.78	  1.19789e+06
1304.88	  1.19676e+06
1305.97	  1.19564e+06
1307.08	  1.19452e+06
1308.17	  1.1934e+06
1309.28	  1.19228e+06
1310.38	  1.19116e+06
1311.47	  1.19004e+06
1312.58	  1.18892e+06
1313.67	  1.18781e+06
1314.78	  1.18669e+06
1315.88	  1.18558e+06
1316.97	  1.18446e+06
1318.08	  1.18335e+06
1319.17	  1.18224e+06
1320.28	  1.18113e+06
1321.38	  1.18002e+06
1322.47	  1.17891e+06
1323.58	  1.1778e+06
1324.67	  1.1767e+06
1325.78	  1.17559e+06
1326.88	  1.17449e+06
1327.97	  1.17338e+06
1329.08	  1.17228e+06
1330.17	  1.17118e+06
1331.28	  1.17008e+06
1332.38	  1.16898e+06
1333.47	  1.16788e+06
1334.58	  1.16678e+06
1335.67	  1.16569e+06
1336.78	  1.16459e+06
1337.88	  1.1635e+06
1338.97	  1.1624e+06
1340.08	  1.16131e+06
1341.17	  1.16022e+06
1342.28	  1.15913e+06
1343.38	  1.15804e+06
1344.47	  1.15695e+06
1345.58	  1.15587e+06
1346.67	  1.15478e+06
1347.78	  1.15369e+06
1348.88	  1.15261e+06
1349.97	  1.15153e+06
1351.08	  1.15044e+06
1352.17	  1.14936e+06
1353.28	  1.14828e+06
1354.38	  1.1472e+06
1355.47	  1.14612e+06
1356.58	  1.14505e+06
1357.67	  1.14397e+06
1358.78	  1.1429e+06
1359.88	  1.14182e+06
1360.97	  1.14075e+06
1362.08	  1.13968e+06
1363.17	  1.1386e+06
1364.28	  1.13753e+06
1365.38	  1.13647e+06
1366.47	  1.1354e+06
1367.58	  1.13433e+06
1368.67	  1.13326e+06
1369.78	  1.1322e+06
1370.88	  1.13113e+06
1371.97	  1.13007e+06
1373.08	  1.12901e+06
1374.17	  1.12795e+06
1375.28	  1.12689e+06
1376.38	  1.12583e+06
1377.47	  1.12477e+06
1378.58	  1.12371e+06
1379.67	  1.12266e+06
1380.78	  1.1216e+06
1381.88	  1.12055e+06
1382.97	  1.1195e+06
1384.08	  1.11844e+06
1385.17	  1.11739e+06
1386.28	  1.11634e+06
1387.38	  1.11529e+06
1388.47	  1.11424e+06
1389.58	  1.1132e+06
1390.67	  1.11215e+06
1391.78	  1.11111e+06
1392.88	  1.11006e+06
1393.97	  1.10902e+06
1395.08	  1.10798e+06
1396.17	  1.10694e+06
1397.28	  1.1059e+06
1398.38	  1.10486e+06
1399.47	  1.10382e+06
1400.58	  1.10278e+06
1401.67	  1.10175e+06
1402.78	  1.10071e+06
1403.88	  1.09968e+06
1404.97	  1.09865e+06
1406.08	  1.09761e+06
1407.17	  1.09658e+06
1408.28	  1.09555e+06
1409.38	  1.09452e+06
1410.47	  1.0935e+06
1411.58	  1.09247e+06
1412.67	  1.09144e+06
1413.78	  1.09042e+06
1414.88	  1.08939e+06
1415.97	  1.08837e+06
1417.08	  1.08735e+06
1418.17	  1.08633e+06
1419.28	  1.08531e+06
1420.38	  1.08429e+06
1421.47	  1.08327e+06
1422.58	  1.08226e+06
1423.67	  1.08124e+06
1424.78	  1.08022e+06
1425.88	  1.07921e+06
1426.97	  1.0782e+06
1428.08	  1.07719e+06
1429.17	  1.07618e+06
1430.28	  1.07517e+06
1431.38	  1.07416e+06
1432.47	  1.07315e+06
1433.58	  1.07214e+06
1434.67	  1.07114e+06
1435.78	  1.07013e+06
1436.88	  1.06913e+06
1437.97	  1.06812e+06
1439.08	  1.06712e+06
1440.17	  1.06612e+06
1441.28	  1.06512e+06
1442.38	  1.06412e+06
1443.47	  1.06313e+06
1444.58	  1.06213e+06
1445.67	  1.06113e+06
1446.78	  1.06014e+06
1447.88	  1.05914e+06
1448.97	  1.05815e+06
1450.08	  1.05716e+06
1451.17	  1.05617e+06
1452.28	  1.05518e+06
1453.38	  1.05419e+06
1454.47	  1.0532e+06
1455.58	  1.05221e+06
1456.67	  1.05123e+06
1457.78	  1.05024e+06
1458.88	  728057
1459.97	  727414
1461.08	  726771
1462.17	  726129
1463.28	  725487
1464.38	  724846
1465.47	  724206
1466.58	  723566
1467.67	  722927
1468.78	  722288
1469.88	  721651
1470.97	  721013
1472.08	  720377
1473.17	  719741
1474.28	  719105
1475.38	  718471
1476.47	  717837
1477.58	  717203
1478.67	  716570
1479.78	  715938
1480.88	  715306
1481.97	  714675
1483.08	  714045
1484.17	  713415
1485.28	  712786
1486.38	  712158
1487.47	  711530
1488.58	  710902
1489.67	  710276
1490.78	  709650
1491.88	  709024
1492.97	  708399
1494.08	  707775
1495.17	  707151
1496.28	  706528
1497.38	  705906
1498.47	  705284
1499.58	  704663
1500.67	  704043
1501.78	  703423
1502.88	  702803
1503.97	  702185
1505.08	  701567
1506.17	  700949
1507.28	  700332
1508.38	  699716
1509.47	  699101
1510.58	  698486
1511.67	  697871
1512.78	  697257
1513.88	  696644
1514.97	  696032
1516.08	  695420
1517.17	  694808
1518.28	  694198
1519.38	  693587
1520.47	  692978
1521.58	  692369
1522.67	  691761
1523.78	  691153
1524.88	  690546
1525.97	  689939
1527.08	  689333
1528.17	  688728
1529.28	  688123
1530.38	  687519
1531.47	  686916
1532.58	  686313
1533.67	  685711
1534.78	  685109
1535.88	  684508
1536.97	  683908
1538.08	  683308
1539.17	  682709
1540.28	  682110
1541.38	  681512
1542.47	  680914
1543.58	  680318
1544.67	  679721
1545.78	  679126
1546.88	  678531
1547.97	  677936
1549.08	  677342
1550.17	  676749
1551.28	  676156
1552.38	  675564
1553.47	  674973
1554.58	  674382
1555.67	  673792
1556.78	  673202
1557.88	  672613
1558.97	  672024
1560.08	  671437
1561.17	  670849
1562.28	  670263
1563.38	  669676
1564.47	  669091
1565.58	  668506
1566.67	  667922
1567.78	  667338
1568.88	  666755
1569.97	  666172
1571.08	  665590
1572.17	  665009
1573.28	  664428
1574.38	  663848
1575.47	  663268
1576.58	  662689
1577.67	  662111
1578.78	  661533
1579.88	  660956
1580.97	  660379
1582.08	  659803
1583.17	  659227
1584.28	  658652
1585.38	  658078
1586.47	  657504
1587.58	  656931
1588.67	  656358
1589.78	  655786
1590.88	  655215
1591.97	  654644
1593.08	  654074
1594.17	  653504
1595.28	  652935
1596.38	  652366
1597.47	  651798
1598.58	  651231
1599.67	  650664
1600.78	  650098
1601.88	  649532
1602.97	  648967
1604.08	  648403
1605.17	  647839
1606.28	  647276
1607.38	  646713
1608.47	  646151
1609.58	  645589
1610.67	  645028
1611.78	  644468
1612.88	  643908
1613.97	  643348
1615.08	  642790
1616.17	  642231
1617.28	  641674
1618.38	  641117
1619.47	  640560
1620.58	  640004
1621.67	  639449
1622.78	  638894
1623.88	  638340
1624.97	  637786
1626.08	  637233
1627.17	  636681
1628.28	  636129
1629.38	  635578
1630.47	  635027
1631.58	  634477
1632.67	  633927
1633.78	  633378
1634.88	  632829
1635.97	  632281
1637.08	  631734
1638.17	  631187
1639.28	  630641
1640.38	  630095
1641.47	  629550
1642.58	  629006
1643.67	  628462
1644.78	  627918
1645.88	  627375
1646.97	  626833
1648.08	  626291
1649.17	  625750
1650.28	  625209
1651.38	  624669
1652.47	  624130
1653.58	  623591
1654.67	  623052
1655.78	  622514
1656.88	  621977
1657.97	  621440
1659.08	  620904
1660.17	  620368
1661.28	  619833
1662.38	  619298
1663.47	  618764
1664.58	  618231
1665.67	  617698
1666.78	  617165
1667.88	  616634
1668.97	  616102
1670.08	  615571
1671.17	  615041
1672.28	  614512
1673.38	  613982
1674.47	  613454
1675.58	  612926
1676.67	  612398
1677.78	  611871
1678.88	  611345
1679.97	  610819
1681.08	  610294
1682.17	  609769
1683.28	  609244
1684.38	  608721
1685.47	  608197
1686.58	  607675
1687.67	  607153
1688.78	  606631
1689.88	  606110
1690.97	  605589
1692.08	  605069
1693.17	  604550
1694.28	  604031
1695.38	  603513
1696.47	  602995
1697.58	  602477
1698.67	  601961
1699.78	  601444
1700.88	  600929
1701.97	  600413
1703.08	  599899
1704.17	  599385
1705.28	  598871
1706.38	  598358
1707.47	  597845
1708.58	  597333
1709.67	  596822
1710.78	  596311
1711.88	  595800
1712.97	  595290
1714.08	  594781
1715.17	  594272
1716.28	  593764
1717.38	  593256
1718.47	  592749
1719.58	  592242
1720.67	  591736
1721.78	  591230
1722.88	  590725
1723.97	  590220
1725.08	  589716
1726.17	  589212
1727.28	  588709
1728.38	  588206
1729.47	  587704
1730.58	  587202
1731.67	  586701
1732.78	  586201
1733.88	  585701
1734.97	  585201
1736.08	  584702
1737.17	  584204
1738.28	  583706
1739.38	  583208
1740.47	  582711
1741.58	  582215
1742.67	  581719
1743.78	  581223
1744.88	  580728
1745.97	  580234
1747.08	  579740
1748.17	  579247
1749.28	  578754
1750.38	  578261
1751.47	  577769
1752.58	  577278
1753.67	  576787
1754.78	  576297
1755.88	  575807
1756.97	  575318
1758.08	  574829
1759.17	  574340
1760.28	  573853
1761.38	  573365
1762.47	  572878
1763.58	  572392
1764.67	  571906
1765.78	  571421
1766.88	  570936
1767.97	  570452
1769.08	  569968
1770.17	  569484
1771.28	  569002
1772.38	  568519
1773.47	  568037
1774.58	  567556
1775.67	  567075
1776.78	  566595
1777.88	  566115
1778.97	  565636
1780.08	  565157
1781.17	  564678
1782.28	  564200
1783.38	  563723
1784.47	  563246
1785.58	  562770
1786.67	  562294
1787.78	  561818
1788.88	  561343
1789.97	  560869
1791.08	  560395
1792.17	  559921
1793.28	  559448
1794.38	  558976
1795.47	  558504
1796.58	  558032
1797.67	  557561
1798.78	  557091
1799.88	  556621
1800.97	  556151
1802.08	  555682
1803.17	  555213
1804.28	  554745
1805.38	  554277
1806.47	  553810
1807.58	  553343
1808.67	  552877
1809.78	  552411
1810.88	  551946
1811.97	  551481
1813.08	  551017
1814.17	  550553
1815.28	  550090
1816.38	  549627
1817.47	  549165
1818.58	  548703
1819.67	  548241
1820.78	  547780
1821.88	  547320
1822.97	  546860
1824.08	  546400
1825.17	  545941
1826.28	  545482
1827.38	  545024
1828.47	  544566
1829.58	  544109
1830.67	  543653
1831.78	  543196
1832.88	  542740
1833.97	  542285
1835.08	  541830
1836.17	  541376
1837.28	  540922
1838.38	  540468
1839.47	  540015
1840.58	  539563
1841.67	  539111
1842.78	  538659
1843.88	  538208
1844.97	  537757
1846.08	  537307
1847.17	  536858
1848.28	  536408
1849.38	  535959
1850.47	  535511
1851.58	  535063
1852.67	  534616
1853.78	  534169
1854.88	  533722
1855.97	  533276
1857.08	  532831
1858.17	  532385
1859.28	  531941
1860.38	  531496
1861.47	  531053
1862.58	  530609
1863.67	  530166
1864.78	  529724
1865.88	  529282
1866.97	  528841
1868.08	  528400
1869.17	  527959
1870.28	  527519
1871.38	  527079
1872.47	  526640
1873.58	  526201
1874.67	  525763
1875.78	  525325
1876.88	  524887
1877.97	  524450
1879.08	  524014
1880.17	  523578
1881.28	  523142
1882.38	  522707
1883.47	  522272
1884.58	  521838
1885.67	  521404
1886.78	  520970
1887.88	  520537
1888.97	  520105
1890.08	  519673
1891.17	  519241
1892.28	  518810
1893.38	  518379
1894.47	  517949
1895.58	  517519
1896.67	  517089
1897.78	  516660
1898.88	  516232
1899.97	  515804
1901.08	  515376
1902.17	  514949
1903.28	  514522
1904.38	  514095
1905.47	  513669
1906.58	  513244
1907.67	  512819
1908.78	  512394
1909.88	  511970
1910.97	  511546
1912.08	  511123
1913.17	  510700
1914.28	  510278
1915.38	  509855
1916.47	  509434
1917.58	  509013
1918.67	  508592
1919.78	  508172
1920.88	  507752
1921.97	  507332
1923.08	  506913
1924.17	  506495
1925.28	  506076
1926.38	  505659
1927.47	  505241
1928.58	  504824
1929.67	  504408
1930.78	  503992
1931.88	  503576
1932.97	  503161
1934.08	  502746
1935.17	  502332
1936.28	  501918
1937.38	  501504
1938.47	  501091
1939.58	  500679
1940.67	  500266
1941.78	  499855
1942.88	  499443
1943.97	  499032
1945.08	  498622
1946.17	  498211
1947.28	  497802
1948.38	  497392
1949.47	  496983
1950.58	  496575
1951.67	  496167
1952.78	  495759
1953.88	  495352
1954.97	  494945
1956.08	  494539
1957.17	  494133
1958.28	  493727
1959.38	  493322
1960.47	  492917
1961.58	  492513
1962.67	  492109
1963.78	  491705
1964.88	  491302
1965.97	  490900
1967.08	  490497
1968.17	  490095
1969.28	  489694
1970.38	  489293
1971.47	  488892
1972.58	  488492
1973.67	  488092
1974.78	  487693
1975.88	  487294
1976.97	  486895
1978.08	  486497
1979.17	  486099
1980.28	  485701
1981.38	  485304
1982.47	  484908
1983.58	  484512
1984.67	  484116
1985.78	  483720
1986.88	  483325
1987.97	  482931
1989.08	  482537
1990.17	  482143
1991.28	  481749
1992.38	  481356
1993.47	  480964
1994.58	  480571
1995.67	  480180
1996.78	  479788
1997.88	  479397
1998.97	  479007
2000.08	  478616
2001.17	  478227
2002.28	  477837
2003.38	  477448
2004.47	  477059
2005.58	  476671
2006.67	  476283
2007.78	  475896
2008.88	  475509
2009.97	  475122
2011.08	  474736
2012.17	  474350
2013.28	  473964
2014.38	  473579
2015.47	  473194
2016.58	  472810
2017.67	  472426
2018.78	  472042
2019.88	  471659
2020.97	  471276
2022.08	  470894
2023.18	  470512
2024.28	  470130
2025.38	  469749
2026.47	  469368
2027.58	  468988
2028.68	  468608
2029.78	  468228
2030.88	  467849
2031.97	  467470
2033.08	  467091
2034.18	  466713
2035.28	  466335
2036.38	  465958
2037.47	  465581
2038.58	  465204
2039.68	  464828
2040.78	  464452
2041.88	  464076
2042.97	  463701
2044.08	  463326
2045.18	  462952
2046.28	  462578
2047.38	  462204
2048.47	  461831
2049.57	  461458
2050.68	  461085
2051.78	  460713
2052.88	  460341
2053.97	  459970
2055.07	  459599
2056.18	  459228
2057.28	  458858
2058.38	  458488
2059.47	  458119
2060.57	  457750
2061.68	  457381
2062.78	  457012
2063.88	  456644
2064.97	  456277
2066.07	  455909
2067.18	  455542
2068.28	  455176
2069.38	  454809
2070.47	  454444
2071.57	  454078
2072.68	  453713
2073.78	  453348
2074.88	  452984
2075.97	  452620
2077.07	  452256
2078.18	  451893
2079.28	  451530
2080.38	  451167
2081.47	  450805
2082.57	  450443
2083.68	  450082
2084.78	  449721
2085.88	  449360
2086.97	  449000
2088.07	  448640
2089.18	  448280
2090.28	  447921
2091.38	  447562
2092.47	  447203
2093.57	  446845
2094.68	  446487
2095.78	  446130
2096.88	  445772
2097.97	  445416
2099.07	  445059
2100.18	  444703
2101.28	  444347
2102.38	  443992
2103.47	  443637
2104.57	  443282
2105.68	  442928
2106.78	  442574
2107.88	  442220
2108.97	  441867
2110.07	  441514
2111.18	  441162
2112.28	  440809
2113.38	  440458
2114.47	  440106
2115.57	  439755
2116.68	  439404
2117.78	  439054
2118.88	  438704
2119.97	  438354
2121.07	  438004
2122.18	  437655
2123.28	  437307
2124.38	  436958
2125.47	  436610
2126.57	  436263
2127.68	  435915
2128.78	  435568
2129.88	  435222
2130.97	  434875
2132.07	  434529
2133.18	  434184
2134.28	  433839
2135.38	  433494
2136.47	  433149
2137.57	  432805
2138.68	  432461
2139.78	  432117
2140.88	  431774
2141.97	  431431
2143.07	  431089
2144.18	  430747
2145.28	  430405
2146.38	  430063
2147.47	  429722
2148.57	  429381
2149.68	  429041
2150.78	  428701
2151.88	  428361
2152.97	  428021
2154.07	  427682
2155.18	  427343
2156.28	  427005
2157.38	  426667
2158.47	  426329
2159.57	  425991
2160.68	  425654
2161.78	  425317
2162.88	  424981
2163.97	  424645
2165.07	  424309
2166.18	  423974
2167.28	  423638
2168.38	  423304
2169.47	  422969
2170.57	  422635
2171.68	  422301
2172.78	  421968
2173.88	  421635
2174.97	  421302
2176.07	  420969
2177.18	  420637
2178.28	  420305
2179.38	  419974
2180.47	  419642
2181.57	  419312
2182.68	  418981
2183.78	  418651
2184.88	  418321
2185.97	  417991
2187.07	  417662
2188.18	  417333
2189.28	  417005
2190.38	  416676
2191.47	  416348
2192.57	  416021
2193.68	  415693
2194.78	  415366
2195.88	  415040
2196.97	  414713
2198.07	  414387
2199.18	  414062
2200.28	  413736
2201.38	  413411
2202.47	  413087
2203.57	  412762
2204.68	  412438
2205.78	  412114
2206.88	  411791
2207.97	  411468
2209.07	  411145
2210.18	  410822
2211.28	  410500
2212.38	  410178
2213.47	  409857
2214.57	  409535
2215.68	  409214
2216.78	  408894
2217.88	  408573
2218.97	  408253
2220.07	  407934
2221.18	  407614
2222.28	  407295
2223.38	  406977
2224.47	  406658
2225.57	  406340
2226.68	  406022
2227.78	  405705
2228.88	  405388
2229.97	  405071
2231.07	  404754
2232.18	  404438
2233.28	  404122
2234.38	  403806
2235.47	  403491
2236.57	  403176
2237.68	  402861
2238.78	  402547
2239.88	  402233
2240.97	  401919
2242.07	  401605
2243.18	  401292
2244.28	  400979
2245.38	  400667
2246.47	  400354
2247.57	  400042
2248.68	  399731
2249.78	  399419
2250.88	  399108
2251.97	  398798
2253.07	  398487
2254.18	  398177
2255.28	  397867
2256.38	  397558
2257.47	  397248
2258.57	  396939
2259.68	  396631
2260.78	  396322
2261.88	  396014
2262.97	  395707
2264.07	  395399
2265.18	  395092
2266.28	  394785
2267.38	  394479
2268.47	  394172
2269.57	  393866
2270.68	  393561
2271.78	  393255
2272.88	  392950
2273.97	  392646
2275.07	  392341
2276.18	  392037
2277.28	  391733
2278.38	  391430
2279.47	  391126
2280.57	  328004
2281.68	  327759
2282.78	  327513
2283.88	  327268
2284.97	  327023
2286.07	  326779
2287.18	  326534
2288.28	  326290
2289.38	  326046
2290.47	  325803
2291.57	  325559
2292.68	  325316
2293.78	  325073
2294.88	  324830
2295.97	  324587
2297.07	  324345
2298.18	  324103
2299.28	  323861
2300.38	  323620
2301.47	  323378
2302.57	  323137
2303.68	  322896
2304.78	  322655
2305.88	  322415
2306.97	  322175
2308.07	  321935
2309.18	  321695
2310.28	  321455
2311.38	  321216
2312.47	  320977
2313.57	  320738
2314.68	  320499
2315.78	  320261
2316.88	  320023
2317.97	  319785
2319.07	  319547
2320.18	  319309
2321.28	  319072
2322.38	  318835
2323.47	  318598
2324.57	  318362
2325.68	  318125
2326.78	  317889
2327.88	  317653
2328.97	  317417
2330.07	  317182
2331.18	  316946
2332.28	  316711
2333.38	  316477
2334.47	  316242
2335.57	  316007
2336.68	  315773
2337.78	  315539
2338.88	  315306
2339.97	  315072
2341.07	  314839
2342.18	  314606
2343.28	  314373
2344.38	  314140
2345.47	  313908
2346.57	  313676
2347.68	  313444
2348.78	  313212
2349.88	  312980
2350.97	  312749
2352.07	  312518
2353.18	  312287
2354.28	  312056
2355.38	  311826
2356.47	  311596
2357.57	  311366
2358.68	  311136
2359.78	  310906
2360.88	  310677
2361.97	  310448
2363.07	  310219
2364.18	  309990
2365.28	  309761
2366.38	  309533
2367.47	  309305
2368.57	  309077
2369.68	  308850
2370.78	  308622
2371.88	  308395
2372.97	  308168
2374.07	  307941
2375.18	  307715
2376.28	  307488
2377.38	  307262
2378.47	  307036
2379.57	  306810
2380.68	  306585
2381.78	  306359
2382.88	  306134
2383.97	  305909
2385.07	  305685
2386.18	  305460
2387.28	  305236
2388.38	  305012
2389.47	  304788
2390.57	  304564
2391.68	  304341
2392.78	  304118
2393.88	  303895
2394.97	  303672
2396.07	  303449
2397.18	  303227
2398.28	  303005
2399.38	  302783
2400.47	  302561
2401.57	  302340
2402.68	  302118
2403.78	  301897
2404.88	  301676
2405.97	  301455
2407.07	  301235
2408.18	  301015
2409.28	  300794
2410.38	  300575
2411.47	  300355
2412.57	  300135
2413.68	  299916
2414.78	  299697
2415.88	  299478
2416.97	  299259
2418.07	  299041
2419.18	  298823
2420.28	  298605
2421.38	  298387
2422.47	  298169
2423.57	  297952
2424.68	  297734
2425.78	  297517
2426.88	  297300
2427.97	  297084
2429.07	  296867
2430.18	  296651
2431.28	  296435
2432.38	  296219
2433.47	  296003
2434.57	  295788
2435.68	  295573
2436.78	  295358
2437.88	  295143
2438.97	  294928
2440.07	  294714
2441.18	  294499
2442.28	  294285
2443.38	  294071
2444.47	  293858
2445.57	  293644
2446.68	  293431
2447.78	  293218
2448.88	  293005
2449.97	  292792
2451.07	  292580
2452.18	  292368
2453.28	  292155
2454.38	  291944
2455.47	  291732
2456.57	  291520
2457.68	  291309
2458.78	  291098
2459.88	  290887
2460.97	  290676
2462.07	  290466
2463.18	  290255
2464.28	  290045
2465.38	  289835
2466.47	  289626
2467.57	  289416
2468.68	  289207
2469.78	  288997
2470.88	  288788
2471.97	  288580
2473.07	  288371
2474.18	  288163
2475.28	  287954
2476.38	  287746
2477.47	  287538
