Emission arising from a slab of Hydrogen (both H and H-).
   
Parameters of the slab:
n_e = 5e+13 cm-3
T_e = 10500 K
tau(lambda=300 nm) = 0.5
L = 3.61733e+08 cm
   
Wavelength (nm), Emission (erg s-1 cm-2 nm-1 sr-1)
50	  481.132
91.2	  91368.2
120	  1.87853e+06
150	  1.13645e+07
175	  2.96813e+07
200	  5.8032e+07
225	  9.36948e+07
250	  1.32414e+08
270	  1.62679e+08
290	  1.90324e+08
300	  2.02735e+08
305	  2.08532e+08
310	  2.14042e+08
315	  2.19254e+08
320	  2.24162e+08
322.5	  2.265e+08
325	  2.28759e+08
327	  2.3051e+08
329	  2.32211e+08
329.999	  2.33041e+08
330.266	  2.33261e+08
330.533	  2.3348e+08
330.8	  2.33698e+08
331.067	  2.33915e+08
331.334	  2.34131e+08
331.601	  2.34346e+08
331.868	  2.3456e+08
332.135	  2.34774e+08
332.402	  2.34986e+08
332.669	  2.35198e+08
332.936	  2.35409e+08
333.203	  2.35619e+08
333.47	  2.35828e+08
333.737	  2.36036e+08
334.004	  2.36243e+08
334.271	  2.36449e+08
334.538	  2.36654e+08
334.805	  2.36859e+08
335.072	  2.37062e+08
335.339	  2.37265e+08
335.606	  2.37466e+08
335.873	  2.37667e+08
336.14	  2.37867e+08
336.407	  2.38066e+08
336.674	  2.38264e+08
336.941	  2.38461e+08
337.208	  2.38657e+08
337.475	  2.38852e+08
337.742	  2.39047e+08
338.009	  2.3924e+08
338.276	  2.39433e+08
338.543	  2.39624e+08
338.81	  2.39815e+08
339.077	  2.40005e+08
339.344	  2.40194e+08
339.611	  2.40382e+08
339.878	  2.40569e+08
340.145	  2.40755e+08
340.412	  2.40941e+08
340.679	  2.41125e+08
340.946	  2.41309e+08
341.213	  2.41491e+08
341.48	  2.41673e+08
341.747	  2.41854e+08
342.014	  2.42033e+08
342.281	  2.42212e+08
342.548	  2.42391e+08
342.815	  2.42568e+08
343.082	  2.42744e+08
343.349	  2.42919e+08
343.616	  2.43094e+08
343.883	  2.43267e+08
344.15	  2.4344e+08
344.417	  2.43612e+08
344.684	  2.43782e+08
344.951	  2.43952e+08
345.218	  2.44121e+08
345.485	  2.44289e+08
345.752	  2.44457e+08
346.019	  2.44623e+08
346.286	  2.44788e+08
346.553	  2.44953e+08
346.82	  2.45116e+08
347.087	  2.45279e+08
347.354	  2.45441e+08
347.621	  2.45602e+08
347.888	  2.45762e+08
348.155	  2.45921e+08
348.422	  2.46079e+08
348.689	  2.46237e+08
348.956	  2.46393e+08
349.223	  2.46548e+08
349.49	  2.46703e+08
349.757	  2.46857e+08
350.024	  2.4701e+08
350.291	  2.47162e+08
350.558	  2.47313e+08
350.825	  2.47463e+08
351.092	  2.47612e+08
351.359	  2.4776e+08
351.626	  2.47908e+08
351.893	  2.48054e+08
352.16	  2.482e+08
352.427	  2.48345e+08
352.694	  2.48489e+08
352.961	  2.48632e+08
353.228	  2.48774e+08
353.495	  2.48915e+08
353.762	  2.49056e+08
354.029	  2.49195e+08
354.296	  2.49334e+08
354.563	  2.49471e+08
354.83	  2.49608e+08
355.097	  2.49744e+08
355.364	  2.49879e+08
355.631	  2.50013e+08
355.898	  2.50146e+08
356.165	  2.50279e+08
356.432	  2.5041e+08
356.699	  2.50541e+08
356.966	  2.50671e+08
357.233	  2.508e+08
357.5	  2.50928e+08
357.767	  2.51055e+08
358.034	  2.51181e+08
358.301	  2.51306e+08
358.568	  2.51431e+08
358.835	  2.51554e+08
359.102	  2.51677e+08
359.369	  2.51799e+08
359.636	  2.5192e+08
359.903	  2.5204e+08
360.17	  2.52159e+08
360.437	  2.52278e+08
360.704	  2.52395e+08
360.971	  2.52512e+08
361.238	  2.52628e+08
361.505	  2.52743e+08
361.772	  2.52857e+08
362.039	  2.5297e+08
362.306	  2.53082e+08
362.573	  2.53194e+08
363	  2.5337e+08
363.027	  2.53381e+08
363.054	  2.53392e+08
363.08	  2.53403e+08
363.107	  2.53414e+08
363.134	  2.53425e+08
363.16	  2.53436e+08
363.187	  2.53447e+08
363.214	  2.53457e+08
363.24	  2.53468e+08
363.267	  2.53479e+08
363.294	  2.5349e+08
363.321	  2.53501e+08
363.347	  2.53512e+08
363.374	  2.53523e+08
363.401	  2.53534e+08
363.427	  2.53544e+08
363.454	  2.53555e+08
363.481	  2.53566e+08
363.508	  2.53577e+08
363.534	  2.53588e+08
363.561	  2.53598e+08
363.588	  2.53609e+08
363.614	  2.5362e+08
363.641	  2.53631e+08
363.668	  2.53641e+08
363.694	  2.53652e+08
363.721	  2.53663e+08
363.748	  2.53674e+08
363.774	  2.53684e+08
363.801	  2.53695e+08
363.828	  2.53706e+08
363.855	  2.53716e+08
363.881	  2.53727e+08
363.908	  2.53738e+08
363.935	  2.53749e+08
363.961	  2.53759e+08
363.988	  2.5377e+08
364.015	  2.5378e+08
364.041	  2.53791e+08
364.068	  2.53802e+08
364.095	  2.53812e+08
364.122	  2.53823e+08
364.148	  2.53834e+08
364.175	  2.53844e+08
364.202	  2.53855e+08
364.228	  2.53865e+08
364.255	  2.53876e+08
364.282	  2.53886e+08
364.308	  2.53897e+08
364.335	  2.53908e+08
364.362	  2.53918e+08
364.389	  2.53929e+08
364.415	  2.53939e+08
364.442	  2.5395e+08
364.469	  2.5396e+08
364.495	  2.53971e+08
364.522	  2.53981e+08
364.549	  2.53991e+08
364.575	  2.54002e+08
364.602	  2.54012e+08
364.629	  2.54023e+08
364.656	  2.54033e+08
364.682	  2.54044e+08
364.709	  2.54054e+08
364.736	  2.32961e+07
364.762	  2.32988e+07
364.789	  2.33016e+07
364.816	  2.33043e+07
364.842	  2.33071e+07
364.869	  2.33098e+07
364.896	  2.33125e+07
364.923	  2.33153e+07
364.949	  2.3318e+07
364.976	  2.33207e+07
365.003	  2.33234e+07
365.029	  2.33262e+07
365.056	  2.33289e+07
365.083	  2.33316e+07
365.11	  2.33344e+07
365.136	  2.33371e+07
365.163	  2.33398e+07
365.19	  2.33426e+07
365.216	  2.33453e+07
365.243	  2.3348e+07
365.27	  2.33507e+07
365.296	  2.33535e+07
365.323	  2.33562e+07
365.35	  2.33589e+07
365.377	  2.33617e+07
365.403	  2.33644e+07
365.43	  2.33671e+07
365.457	  2.33698e+07
365.483	  2.33725e+07
365.51	  2.33753e+07
365.537	  2.3378e+07
365.563	  2.33807e+07
365.59	  2.33834e+07
365.617	  2.33862e+07
365.643	  2.33889e+07
365.67	  2.33916e+07
365.697	  2.33943e+07
365.724	  2.33971e+07
365.75	  2.33998e+07
365.777	  2.34025e+07
365.804	  2.34052e+07
365.83	  2.34079e+07
365.857	  2.34107e+07
365.884	  2.34134e+07
365.91	  2.34161e+07
365.937	  2.34188e+07
365.964	  2.34215e+07
365.991	  2.34243e+07
365.991	  2.34243e+07
366.258	  2.34514e+07
366.525	  2.34785e+07
366.792	  2.35056e+07
367.059	  2.35326e+07
367.326	  2.35597e+07
367.593	  2.35866e+07
367.86	  2.36135e+07
368.127	  2.36404e+07
368.394	  2.36673e+07
368.661	  2.36941e+07
368.928	  2.37209e+07
369.195	  2.37476e+07
369.462	  2.37743e+07
369.729	  2.3801e+07
369.996	  2.38276e+07
370.263	  2.38542e+07
370.53	  2.38807e+07
370.797	  2.39072e+07
371.064	  2.39337e+07
371.331	  2.39601e+07
371.598	  2.39865e+07
371.865	  2.40129e+07
372.132	  2.40392e+07
372.399	  2.40655e+07
372.666	  2.40917e+07
372.933	  2.41179e+07
373.2	  2.41441e+07
373.467	  2.41702e+07
373.734	  2.41963e+07
374.001	  2.42223e+07
374.268	  2.42483e+07
374.535	  2.42743e+07
374.802	  2.43002e+07
375.069	  2.43261e+07
375.336	  2.4352e+07
375.603	  2.43778e+07
375.87	  2.44036e+07
376.137	  2.44293e+07
376.404	  2.4455e+07
376.671	  2.44806e+07
376.938	  2.45063e+07
377.205	  2.45318e+07
377.472	  2.45574e+07
377.739	  2.45829e+07
378.006	  2.46083e+07
378.273	  2.46337e+07
378.54	  2.46591e+07
378.807	  2.46845e+07
379.074	  2.47098e+07
379.341	  2.4735e+07
379.608	  2.47603e+07
379.875	  2.47854e+07
380.142	  2.48106e+07
380.409	  2.48357e+07
380.676	  2.48608e+07
380.943	  2.48858e+07
381.21	  2.49108e+07
381.477	  2.49357e+07
381.744	  2.49606e+07
382.011	  2.49855e+07
382.278	  2.50103e+07
382.545	  2.50351e+07
382.812	  2.50599e+07
383.079	  2.50846e+07
383.346	  2.51093e+07
383.613	  2.51339e+07
383.88	  2.51585e+07
384.147	  2.5183e+07
384.414	  2.52076e+07
384.681	  2.5232e+07
384.948	  2.52565e+07
385.215	  2.52809e+07
385.482	  2.53052e+07
385.749	  2.53295e+07
386.016	  2.53538e+07
386.283	  2.5378e+07
386.55	  2.54022e+07
386.817	  2.54264e+07
387.084	  2.54505e+07
387.351	  2.54746e+07
387.618	  2.54986e+07
387.885	  2.55226e+07
388.152	  2.55466e+07
388.419	  2.55705e+07
388.686	  2.55944e+07
388.953	  2.56182e+07
389.22	  2.5642e+07
389.487	  2.56658e+07
389.754	  2.56895e+07
390.021	  2.57132e+07
390.288	  2.57368e+07
390.555	  2.57604e+07
390.822	  2.5784e+07
391.089	  2.58075e+07
391.356	  2.58309e+07
391.623	  2.58544e+07
391.89	  2.58778e+07
392.157	  2.59011e+07
392.424	  2.59245e+07
392.691	  2.59477e+07
392.958	  2.5971e+07
393.225	  2.59942e+07
393.492	  2.60173e+07
393.759	  2.60404e+07
394.026	  2.60635e+07
394.293	  2.60866e+07
394.56	  2.61096e+07
394.827	  2.61325e+07
395.094	  2.61554e+07
395.361	  2.61783e+07
395.628	  2.62011e+07
395.895	  2.62239e+07
396.162	  2.62467e+07
396.429	  2.62694e+07
396.696	  2.62921e+07
396.963	  2.63147e+07
397.23	  2.63373e+07
397.497	  2.63599e+07
397.764	  2.63824e+07
398.031	  2.64049e+07
398.298	  2.64273e+07
398.565	  2.64497e+07
398.832	  2.6472e+07
399.099	  2.64944e+07
399.366	  2.65166e+07
399.633	  2.65389e+07
399.9	  2.65611e+07
400.167	  2.65832e+07
400.434	  2.66053e+07
400.701	  2.66274e+07
400.968	  2.66494e+07
401.235	  2.66714e+07
401.502	  2.66934e+07
401.769	  2.67153e+07
402.036	  2.67372e+07
402.303	  2.6759e+07
402.57	  2.67808e+07
402.837	  2.68025e+07
403.104	  2.68242e+07
403.371	  2.68459e+07
403.638	  2.68675e+07
403.905	  2.68891e+07
404.172	  2.69107e+07
404.439	  2.69322e+07
404.706	  2.69537e+07
404.973	  2.69751e+07
405.24	  2.69965e+07
405.507	  2.70178e+07
405.774	  2.70391e+07
406.041	  2.70604e+07
406.308	  2.70816e+07
406.575	  2.71028e+07
406.842	  2.7124e+07
407.109	  2.71451e+07
407.376	  2.71661e+07
407.643	  2.71872e+07
407.91	  2.72082e+07
408.177	  2.72291e+07
408.444	  2.725e+07
408.711	  2.72709e+07
408.978	  2.72917e+07
409.245	  2.73125e+07
409.512	  2.73332e+07
409.779	  2.73539e+07
410.046	  2.73746e+07
410.313	  2.73952e+07
410.58	  2.74158e+07
410.847	  2.74364e+07
411.114	  2.74569e+07
411.381	  2.74773e+07
411.648	  2.74978e+07
411.915	  2.75181e+07
412.182	  2.75385e+07
412.449	  2.75588e+07
412.716	  2.75791e+07
412.983	  2.75993e+07
413.25	  2.76195e+07
413.517	  2.76396e+07
413.784	  2.76597e+07
414.051	  2.76798e+07
414.318	  2.76998e+07
414.585	  2.77198e+07
414.852	  2.77397e+07
415.119	  2.77596e+07
415.386	  2.77795e+07
415.653	  2.77993e+07
415.92	  2.78191e+07
416.187	  2.78389e+07
416.454	  2.78586e+07
416.721	  2.78782e+07
416.988	  2.78979e+07
417.255	  2.79174e+07
417.522	  2.7937e+07
417.789	  2.79565e+07
418.056	  2.7976e+07
418.323	  2.79954e+07
418.59	  2.80148e+07
418.857	  2.80341e+07
419.124	  2.80534e+07
419.391	  2.80727e+07
419.658	  2.80919e+07
419.925	  2.81111e+07
420.192	  2.81302e+07
420.459	  2.81493e+07
420.726	  2.81684e+07
420.993	  2.81874e+07
421.26	  2.82064e+07
421.527	  2.82254e+07
421.794	  2.82443e+07
422.061	  2.82632e+07
422.328	  2.8282e+07
422.595	  2.83008e+07
422.862	  2.83195e+07
423.129	  2.83382e+07
423.396	  2.83569e+07
423.663	  2.83755e+07
423.93	  2.83941e+07
424.197	  2.84127e+07
424.464	  2.84312e+07
424.731	  2.84496e+07
424.998	  2.84681e+07
425.265	  2.84865e+07
425.532	  2.85048e+07
425.799	  2.85231e+07
426.066	  2.85414e+07
426.333	  2.85596e+07
426.6	  2.85778e+07
426.867	  2.8596e+07
427.134	  2.86141e+07
427.401	  2.86322e+07
427.668	  2.86502e+07
427.935	  2.86682e+07
428.202	  2.86862e+07
428.469	  2.87041e+07
428.736	  2.8722e+07
429.003	  2.87398e+07
429.27	  2.87576e+07
429.537	  2.87754e+07
429.804	  2.87931e+07
430.071	  2.88108e+07
430.338	  2.88284e+07
430.605	  2.8846e+07
430.872	  2.88636e+07
431.139	  2.88811e+07
431.406	  2.88986e+07
431.673	  2.89161e+07
431.94	  2.89335e+07
432.207	  2.89508e+07
432.474	  2.89682e+07
432.741	  2.89855e+07
433.008	  2.90027e+07
433.275	  2.90199e+07
433.542	  2.90371e+07
433.809	  2.90542e+07
434.076	  2.90713e+07
434.343	  2.90884e+07
434.61	  2.91054e+07
434.877	  2.91224e+07
435.144	  2.91393e+07
435.411	  2.91562e+07
435.678	  2.91731e+07
435.945	  2.91899e+07
436.212	  2.92067e+07
436.479	  2.92235e+07
436.746	  2.92402e+07
437.013	  2.92568e+07
437.28	  2.92735e+07
437.547	  2.92901e+07
437.814	  2.93066e+07
438.081	  2.93231e+07
438.348	  2.93396e+07
438.615	  2.9356e+07
438.882	  2.93724e+07
439.149	  2.93888e+07
439.416	  2.94051e+07
439.683	  2.94214e+07
439.95	  2.94376e+07
440.217	  2.94538e+07
440.484	  2.947e+07
440.751	  2.94861e+07
441.018	  2.95022e+07
441.285	  2.95183e+07
441.552	  2.95343e+07
441.819	  2.95503e+07
442.086	  2.95662e+07
442.353	  2.95821e+07
442.62	  2.9598e+07
442.887	  2.96138e+07
443.154	  2.96296e+07
443.421	  2.96453e+07
443.688	  2.9661e+07
443.955	  2.96767e+07
444.222	  2.96923e+07
444.489	  2.97079e+07
444.756	  2.97235e+07
445.023	  2.9739e+07
445.29	  2.97545e+07
445.557	  2.97699e+07
445.824	  2.97853e+07
446.091	  2.98007e+07
446.358	  2.9816e+07
446.625	  2.98313e+07
446.892	  2.98465e+07
447.159	  2.98617e+07
447.426	  2.98769e+07
447.693	  2.98921e+07
447.96	  2.99071e+07
448.227	  2.99222e+07
448.494	  2.99372e+07
448.761	  2.99522e+07
449.028	  2.99672e+07
449.295	  2.99821e+07
449.562	  2.99969e+07
449.829	  3.00118e+07
450.096	  3.00266e+07
450.363	  3.00413e+07
450.63	  3.00561e+07
450.897	  3.00707e+07
451.164	  3.00854e+07
451.431	  3.01e+07
451.698	  3.01146e+07
451.965	  3.01291e+07
452.232	  3.01436e+07
452.499	  3.01581e+07
452.766	  3.01725e+07
453.033	  3.01869e+07
453.3	  3.02012e+07
453.567	  3.02155e+07
453.834	  3.02298e+07
454.101	  3.0244e+07
454.368	  3.02582e+07
454.635	  3.02724e+07
454.902	  3.02865e+07
455.169	  3.03006e+07
455.436	  3.03147e+07
455.703	  3.03287e+07
455.97	  3.03426e+07
456.237	  3.03566e+07
456.504	  3.03705e+07
456.771	  3.03843e+07
457.038	  3.03982e+07
457.305	  3.0412e+07
457.572	  3.04257e+07
457.839	  3.04394e+07
458.106	  3.04531e+07
458.373	  3.04668e+07
458.64	  3.04804e+07
458.907	  3.04939e+07
459.174	  3.05075e+07
459.441	  3.0521e+07
459.708	  3.05344e+07
459.975	  3.05479e+07
460.242	  3.05612e+07
460.509	  3.05746e+07
460.776	  3.05879e+07
461.043	  3.06012e+07
461.31	  3.06144e+07
461.577	  3.06276e+07
461.844	  3.06408e+07
462.111	  3.06539e+07
462.378	  3.0667e+07
462.645	  3.06801e+07
462.912	  3.06931e+07
463.179	  3.07061e+07
463.446	  3.0719e+07
463.713	  3.07319e+07
463.98	  3.07448e+07
464.247	  3.07577e+07
464.514	  3.07705e+07
464.781	  3.07832e+07
465.048	  3.0796e+07
465.315	  3.08087e+07
465.582	  3.08213e+07
465.849	  3.0834e+07
466.116	  3.08465e+07
466.383	  3.08591e+07
466.65	  3.08716e+07
466.917	  3.08841e+07
467.184	  3.08965e+07
467.451	  3.0909e+07
467.718	  3.09213e+07
467.985	  3.09337e+07
468.252	  3.0946e+07
468.519	  3.09582e+07
468.786	  3.09705e+07
469.053	  3.09827e+07
469.32	  3.09948e+07
469.587	  3.10069e+07
469.854	  3.1019e+07
470.121	  3.10311e+07
470.388	  3.10431e+07
470.655	  3.10551e+07
470.922	  3.1067e+07
471.189	  3.10789e+07
471.456	  3.10908e+07
471.723	  3.11027e+07
471.99	  3.11145e+07
472.257	  3.11262e+07
472.524	  3.1138e+07
472.791	  3.11497e+07
473.058	  3.11613e+07
473.325	  3.1173e+07
473.592	  3.11846e+07
473.859	  3.11961e+07
474.126	  3.12077e+07
474.393	  3.12191e+07
474.66	  3.12306e+07
474.927	  3.1242e+07
475.194	  3.12534e+07
475.461	  3.12647e+07
475.728	  3.12761e+07
475.995	  3.12873e+07
476.262	  3.12986e+07
476.529	  3.13098e+07
476.796	  3.1321e+07
477.063	  3.13321e+07
477.33	  3.13432e+07
477.597	  3.13543e+07
477.864	  3.13653e+07
478.131	  3.13763e+07
478.398	  3.13873e+07
478.665	  3.13982e+07
478.932	  3.14091e+07
479.199	  3.142e+07
479.466	  3.14308e+07
479.733	  3.14416e+07
480	  3.14524e+07
480.267	  3.14631e+07
480.534	  3.14738e+07
480.801	  3.14845e+07
481.068	  3.14951e+07
481.335	  3.15057e+07
481.602	  3.15163e+07
481.869	  3.15268e+07
482.136	  3.15373e+07
482.403	  3.15477e+07
482.67	  3.15581e+07
482.937	  3.15685e+07
483.204	  3.15789e+07
483.471	  3.15892e+07
483.738	  3.15995e+07
484.005	  3.16097e+07
484.272	  3.162e+07
484.539	  3.16301e+07
484.806	  3.16403e+07
485.073	  3.16504e+07
485.34	  3.16605e+07
485.607	  3.16705e+07
485.874	  3.16806e+07
486.141	  3.16905e+07
486.408	  3.17005e+07
486.675	  3.17104e+07
486.942	  3.17203e+07
487.209	  3.17301e+07
487.476	  3.17399e+07
487.743	  3.17497e+07
488.01	  3.17595e+07
488.277	  3.17692e+07
488.544	  3.17789e+07
488.811	  3.17885e+07
489.078	  3.17981e+07
489.345	  3.18077e+07
489.612	  3.18173e+07
489.879	  3.18268e+07
490.146	  3.18363e+07
490.413	  3.18457e+07
490.68	  3.18551e+07
490.947	  3.18645e+07
491.214	  3.18739e+07
491.481	  3.18832e+07
491.748	  3.18925e+07
492.015	  3.19017e+07
492.282	  3.19109e+07
492.549	  3.19201e+07
492.816	  3.19293e+07
493.083	  3.19384e+07
493.35	  3.19475e+07
493.617	  3.19565e+07
493.884	  3.19656e+07
494.151	  3.19746e+07
494.418	  3.19835e+07
494.685	  3.19924e+07
494.952	  3.20013e+07
495.219	  3.20102e+07
495.486	  3.2019e+07
495.753	  3.20278e+07
496.02	  3.20366e+07
496.287	  3.20453e+07
496.554	  3.2054e+07
496.821	  3.20627e+07
497.088	  3.20713e+07
497.355	  3.20799e+07
497.622	  3.20885e+07
497.889	  3.2097e+07
498.156	  3.21055e+07
498.423	  3.2114e+07
498.69	  3.21225e+07
498.957	  3.21309e+07
499.224	  3.21392e+07
499.491	  3.21476e+07
499.758	  3.21559e+07
500.025	  3.21642e+07
500.292	  3.21724e+07
500.559	  3.21807e+07
500.826	  3.21888e+07
501.093	  3.2197e+07
501.36	  3.22051e+07
501.627	  3.22132e+07
501.894	  3.22213e+07
502.161	  3.22293e+07
502.428	  3.22373e+07
502.695	  3.22453e+07
502.962	  3.22532e+07
503.229	  3.22611e+07
503.496	  3.2269e+07
503.763	  3.22768e+07
504.03	  3.22847e+07
504.297	  3.22924e+07
504.564	  3.23002e+07
504.831	  3.23079e+07
505.098	  3.23156e+07
505.365	  3.23232e+07
505.632	  3.23309e+07
505.899	  3.23385e+07
506.166	  3.2346e+07
506.433	  3.23535e+07
506.7	  3.2361e+07
506.967	  3.23685e+07
507.234	  3.2376e+07
507.501	  3.23834e+07
507.768	  3.23907e+07
508.035	  3.23981e+07
508.302	  3.24054e+07
508.569	  3.24127e+07
508.836	  3.24199e+07
509.103	  3.24272e+07
509.37	  3.24344e+07
509.637	  3.24415e+07
509.904	  3.24487e+07
510.171	  3.24558e+07
510.438	  3.24628e+07
510.705	  3.24699e+07
510.972	  3.24769e+07
511.239	  3.24839e+07
511.506	  3.24908e+07
511.773	  3.24977e+07
512.04	  3.25046e+07
512.307	  3.25115e+07
512.574	  3.25183e+07
512.841	  3.25251e+07
513.108	  3.25319e+07
513.375	  3.25386e+07
513.642	  3.25453e+07
513.909	  3.2552e+07
514.176	  3.25586e+07
514.443	  3.25653e+07
514.71	  3.25719e+07
514.977	  3.25784e+07
515.244	  3.25849e+07
515.511	  3.25914e+07
515.778	  3.25979e+07
516.045	  3.26044e+07
516.312	  3.26108e+07
516.579	  3.26171e+07
516.846	  3.26235e+07
517.113	  3.26298e+07
517.38	  3.26361e+07
517.647	  3.26424e+07
517.914	  3.26486e+07
518.181	  3.26548e+07
518.448	  3.2661e+07
518.715	  3.26671e+07
518.982	  3.26732e+07
519.249	  3.26793e+07
519.516	  3.26854e+07
519.783	  3.26914e+07
520.05	  3.26974e+07
520.317	  3.27034e+07
520.584	  3.27093e+07
520.851	  3.27152e+07
521.118	  3.27211e+07
521.385	  3.2727e+07
521.652	  3.27328e+07
521.919	  3.27386e+07
522.186	  3.27444e+07
522.453	  3.27501e+07
522.72	  3.27558e+07
522.987	  3.27615e+07
523.254	  3.27672e+07
523.521	  3.27728e+07
523.788	  3.27784e+07
524.055	  3.27839e+07
524.322	  3.27895e+07
524.589	  3.2795e+07
524.856	  3.28005e+07
525.123	  3.28059e+07
525.39	  3.28113e+07
525.657	  3.28167e+07
525.924	  3.28221e+07
526.191	  3.28274e+07
526.458	  3.28327e+07
526.725	  3.2838e+07
526.992	  3.28433e+07
527.259	  3.28485e+07
527.526	  3.28537e+07
527.793	  3.28589e+07
528.06	  3.2864e+07
528.327	  3.28691e+07
528.594	  3.28742e+07
528.861	  3.28793e+07
529.128	  3.28843e+07
529.395	  3.28893e+07
529.662	  3.28943e+07
529.929	  3.28992e+07
530.196	  3.29041e+07
530.463	  3.2909e+07
530.73	  3.29139e+07
530.997	  3.29187e+07
531.264	  3.29235e+07
531.531	  3.29283e+07
531.798	  3.29331e+07
532.065	  3.29378e+07
532.332	  3.29425e+07
532.599	  3.29472e+07
532.866	  3.29518e+07
533.133	  3.29564e+07
533.4	  3.2961e+07
533.667	  3.29656e+07
533.934	  3.29701e+07
534.201	  3.29746e+07
534.468	  3.29791e+07
534.735	  3.29835e+07
535.002	  3.29879e+07
535.269	  3.29923e+07
535.536	  3.29967e+07
535.803	  3.3001e+07
536.07	  3.30054e+07
536.337	  3.30097e+07
536.604	  3.30139e+07
536.871	  3.30181e+07
537.138	  3.30224e+07
537.405	  3.30265e+07
537.672	  3.30307e+07
537.939	  3.30348e+07
538.206	  3.30389e+07
538.473	  3.3043e+07
538.74	  3.3047e+07
539.007	  3.3051e+07
539.274	  3.3055e+07
539.541	  3.3059e+07
539.808	  3.30629e+07
540.075	  3.30669e+07
540.342	  3.30707e+07
540.609	  3.30746e+07
540.876	  3.30784e+07
541.143	  3.30823e+07
541.41	  3.3086e+07
541.677	  3.30898e+07
541.944	  3.30935e+07
542.211	  3.30972e+07
542.478	  3.31009e+07
542.745	  3.31045e+07
543.012	  3.31082e+07
543.279	  3.31118e+07
543.546	  3.31153e+07
543.813	  3.31189e+07
544.08	  3.31224e+07
544.347	  3.31259e+07
544.614	  3.31294e+07
544.881	  3.31328e+07
545.148	  3.31362e+07
545.415	  3.31396e+07
545.682	  3.3143e+07
545.949	  3.31463e+07
546.216	  3.31496e+07
546.483	  3.31529e+07
546.75	  3.31562e+07
547.017	  3.31594e+07
547.284	  3.31626e+07
547.551	  3.31658e+07
547.818	  3.3169e+07
548.085	  3.31721e+07
548.352	  3.31752e+07
548.619	  3.31783e+07
548.886	  3.31814e+07
549.153	  3.31844e+07
549.42	  3.31874e+07
549.687	  3.31904e+07
549.954	  3.31933e+07
550.221	  3.31963e+07
550.488	  3.31992e+07
550.755	  3.32021e+07
551.022	  3.32049e+07
551.289	  3.32077e+07
551.556	  3.32105e+07
551.823	  3.32133e+07
552.09	  3.32161e+07
552.357	  3.32188e+07
552.624	  3.32215e+07
552.891	  3.32242e+07
553.158	  3.32269e+07
553.425	  3.32295e+07
553.692	  3.32321e+07
553.959	  3.32347e+07
554.226	  3.32372e+07
554.493	  3.32398e+07
554.76	  3.32423e+07
555.027	  3.32448e+07
555.294	  3.32472e+07
555.561	  3.32497e+07
555.828	  3.32521e+07
556.095	  3.32545e+07
556.362	  3.32568e+07
556.629	  3.32592e+07
556.896	  3.32615e+07
557.163	  3.32638e+07
557.43	  3.3266e+07
557.697	  3.32683e+07
557.964	  3.32705e+07
558.231	  3.32727e+07
558.498	  3.32748e+07
558.765	  3.3277e+07
559.032	  3.32791e+07
559.299	  3.32812e+07
559.566	  3.32833e+07
560.009	  3.32867e+07
560.296	  3.32888e+07
560.583	  3.32909e+07
560.87	  3.3293e+07
561.157	  3.32951e+07
561.444	  3.32972e+07
561.731	  3.32992e+07
562.018	  3.33012e+07
562.305	  3.33031e+07
562.592	  3.33051e+07
562.879	  3.3307e+07
563.166	  3.33089e+07
563.453	  3.33107e+07
563.74	  3.33126e+07
564.027	  3.33144e+07
564.314	  3.33161e+07
564.601	  3.33179e+07
564.888	  3.33196e+07
565.175	  3.33213e+07
565.462	  3.3323e+07
565.749	  3.33246e+07
566.036	  3.33262e+07
566.323	  3.33278e+07
566.61	  3.33294e+07
566.897	  3.33309e+07
567.184	  3.33324e+07
567.471	  3.33339e+07
567.758	  3.33353e+07
568.045	  3.33368e+07
568.332	  3.33382e+07
568.619	  3.33395e+07
568.906	  3.33409e+07
569.193	  3.33422e+07
569.48	  3.33435e+07
569.767	  3.33448e+07
570.054	  3.3346e+07
570.341	  3.33472e+07
570.628	  3.33484e+07
570.915	  3.33496e+07
571.202	  3.33507e+07
571.489	  3.33518e+07
571.776	  3.33529e+07
572.063	  3.3354e+07
572.35	  3.3355e+07
572.637	  3.3356e+07
572.924	  3.3357e+07
573.211	  3.3358e+07
573.498	  3.33589e+07
573.785	  3.33598e+07
574.072	  3.33607e+07
574.359	  3.33615e+07
574.646	  3.33624e+07
574.933	  3.33632e+07
575.22	  3.3364e+07
575.507	  3.33647e+07
575.794	  3.33654e+07
576.081	  3.33661e+07
576.368	  3.33668e+07
576.655	  3.33675e+07
576.942	  3.33681e+07
577.229	  3.33687e+07
577.516	  3.33693e+07
577.803	  3.33698e+07
578.09	  3.33703e+07
578.377	  3.33708e+07
578.664	  3.33713e+07
578.951	  3.33718e+07
579.238	  3.33722e+07
579.525	  3.33726e+07
579.812	  3.3373e+07
580.099	  3.33733e+07
580.386	  3.33737e+07
580.673	  3.3374e+07
580.96	  3.33742e+07
581.247	  3.33745e+07
581.534	  3.33747e+07
581.821	  3.33749e+07
582.108	  3.33751e+07
582.395	  3.33753e+07
582.682	  3.33754e+07
582.969	  3.33755e+07
583.256	  3.33756e+07
583.543	  3.33756e+07
583.83	  3.33757e+07
584.117	  3.33757e+07
584.404	  3.33757e+07
584.691	  3.33756e+07
584.978	  3.33756e+07
585.265	  3.33755e+07
585.552	  3.33754e+07
585.839	  3.33752e+07
586.126	  3.33751e+07
586.413	  3.33749e+07
586.7	  3.33747e+07
586.987	  3.33744e+07
587.274	  3.33742e+07
587.561	  3.33739e+07
587.848	  3.33736e+07
588.135	  3.33733e+07
588.422	  3.33729e+07
588.709	  3.33725e+07
588.996	  3.33722e+07
589.283	  3.33717e+07
589.57	  3.33713e+07
589.857	  3.33708e+07
590.144	  3.33703e+07
590.431	  3.33698e+07
590.718	  3.33693e+07
591.005	  3.33687e+07
591.292	  3.33681e+07
591.579	  3.33675e+07
591.866	  3.33669e+07
592.153	  3.33662e+07
592.44	  3.33656e+07
592.727	  3.33649e+07
593.014	  3.33641e+07
593.301	  3.33634e+07
593.588	  3.33626e+07
593.875	  3.33618e+07
594.162	  3.3361e+07
594.449	  3.33602e+07
594.736	  3.33593e+07
595.023	  3.33584e+07
595.31	  3.33575e+07
595.597	  3.33566e+07
595.884	  3.33557e+07
596.171	  3.33547e+07
596.458	  3.33537e+07
596.745	  3.33527e+07
597.032	  3.33516e+07
597.319	  3.33506e+07
597.606	  3.33495e+07
597.893	  3.33484e+07
598.18	  3.33472e+07
598.467	  3.33461e+07
598.754	  3.33449e+07
599.041	  3.33437e+07
599.328	  3.33425e+07
599.615	  3.33413e+07
599.902	  3.334e+07
600.189	  3.33387e+07
600.476	  3.33374e+07
600.763	  3.33361e+07
601.05	  3.33347e+07
601.337	  3.33333e+07
601.624	  3.33319e+07
601.911	  3.33305e+07
602.198	  3.33291e+07
602.485	  3.33276e+07
602.772	  3.33262e+07
603.059	  3.33246e+07
603.346	  3.33231e+07
603.633	  3.33216e+07
603.92	  3.332e+07
604.207	  3.33184e+07
604.494	  3.33168e+07
604.781	  3.33152e+07
605.068	  3.33135e+07
605.355	  3.33118e+07
605.642	  3.33101e+07
605.929	  3.33084e+07
606.216	  3.33067e+07
606.503	  3.33049e+07
606.79	  3.33031e+07
607.077	  3.33013e+07
607.364	  3.32995e+07
607.651	  3.32977e+07
607.938	  3.32958e+07
608.225	  3.32939e+07
608.512	  3.3292e+07
608.799	  3.32901e+07
609.086	  3.32881e+07
609.373	  3.32862e+07
609.66	  3.32842e+07
609.947	  3.32821e+07
610.234	  3.32801e+07
610.521	  3.32781e+07
610.808	  3.3276e+07
611.095	  3.32739e+07
611.382	  3.32718e+07
611.669	  3.32696e+07
611.956	  3.32675e+07
612.243	  3.32653e+07
612.53	  3.32631e+07
612.817	  3.32609e+07
613.104	  3.32586e+07
613.391	  3.32564e+07
613.678	  3.32541e+07
613.965	  3.32518e+07
614.252	  3.32495e+07
614.539	  3.32471e+07
614.826	  3.32448e+07
615.113	  3.32424e+07
615.4	  3.324e+07
615.687	  3.32376e+07
615.974	  3.32351e+07
616.261	  3.32327e+07
616.548	  3.32302e+07
616.835	  3.32277e+07
617.122	  3.32252e+07
617.409	  3.32226e+07
617.696	  3.32201e+07
617.983	  3.32175e+07
618.27	  3.32149e+07
618.557	  3.32123e+07
618.844	  3.32096e+07
619.131	  3.3207e+07
619.418	  3.32043e+07
619.705	  3.32016e+07
619.992	  3.31989e+07
620.279	  3.31961e+07
620.566	  3.31934e+07
620.853	  3.31906e+07
621.14	  3.31878e+07
621.427	  3.3185e+07
621.714	  3.31822e+07
622.001	  3.31793e+07
622.288	  3.31764e+07
622.575	  3.31735e+07
622.862	  3.31706e+07
623.149	  3.31677e+07
623.436	  3.31648e+07
623.723	  3.31618e+07
624.01	  3.31588e+07
624.297	  3.31558e+07
624.584	  3.31528e+07
624.871	  3.31497e+07
625.158	  3.31467e+07
625.445	  3.31436e+07
625.732	  3.31405e+07
626.019	  3.31374e+07
626.306	  3.31342e+07
626.593	  3.31311e+07
626.88	  3.31279e+07
627.167	  3.31247e+07
627.454	  3.31215e+07
627.741	  3.31182e+07
628.028	  3.3115e+07
628.315	  3.31117e+07
628.602	  3.31084e+07
628.889	  3.31051e+07
629.176	  3.31018e+07
629.463	  3.30985e+07
629.75	  3.30951e+07
630.037	  3.30917e+07
630.324	  3.30883e+07
630.611	  3.30849e+07
630.898	  3.30815e+07
631.185	  3.3078e+07
631.472	  3.30746e+07
631.759	  3.30711e+07
632.046	  3.30676e+07
632.333	  3.3064e+07
632.62	  3.30605e+07
632.907	  3.30569e+07
633.194	  3.30533e+07
633.481	  3.30498e+07
633.768	  3.30461e+07
634.055	  3.30425e+07
634.342	  3.30389e+07
634.629	  3.30352e+07
634.916	  3.30315e+07
635.203	  3.30278e+07
635.49	  3.30241e+07
635.777	  3.30203e+07
636.064	  3.30166e+07
636.351	  3.30128e+07
636.638	  3.3009e+07
636.925	  3.30052e+07
637.212	  3.30014e+07
637.499	  3.29975e+07
637.786	  3.29937e+07
638.073	  3.29898e+07
638.36	  3.29859e+07
638.647	  3.2982e+07
638.934	  3.29781e+07
639.221	  3.29741e+07
639.508	  3.29701e+07
639.795	  3.29662e+07
640.082	  3.29622e+07
640.369	  3.29582e+07
640.656	  3.29541e+07
640.943	  3.29501e+07
641.23	  3.2946e+07
641.517	  3.29419e+07
641.804	  3.29378e+07
642.091	  3.29337e+07
642.378	  3.29296e+07
642.665	  3.29254e+07
642.952	  3.29212e+07
643.239	  3.29171e+07
643.526	  3.29129e+07
643.813	  3.29086e+07
644.1	  3.29044e+07
644.387	  3.29001e+07
644.674	  3.28959e+07
644.961	  3.28916e+07
645.248	  3.28873e+07
645.535	  3.2883e+07
645.822	  3.28786e+07
646.109	  3.28743e+07
646.396	  3.28699e+07
646.683	  3.28655e+07
646.97	  3.28611e+07
647.257	  3.28567e+07
647.544	  3.28523e+07
647.831	  3.28478e+07
648.118	  3.28434e+07
648.405	  3.28389e+07
648.692	  3.28344e+07
648.979	  3.28299e+07
649.266	  3.28253e+07
649.553	  3.28208e+07
649.84	  3.28162e+07
650.127	  3.28116e+07
650.414	  3.28071e+07
650.701	  3.28024e+07
650.988	  3.27978e+07
651.275	  3.27932e+07
651.562	  3.27885e+07
651.849	  3.27838e+07
652.136	  3.27791e+07
652.423	  3.27744e+07
652.71	  3.27697e+07
652.997	  3.2765e+07
653.284	  3.27602e+07
653.571	  3.27555e+07
653.858	  3.27507e+07
654.145	  3.27459e+07
654.432	  3.27411e+07
654.719	  3.27362e+07
655.006	  3.27314e+07
655.293	  3.27265e+07
655.58	  3.27216e+07
655.867	  3.27167e+07
656.154	  3.27118e+07
656.441	  3.27069e+07
656.728	  3.2702e+07
657.015	  3.2697e+07
657.302	  3.26921e+07
657.589	  3.26871e+07
657.876	  3.26821e+07
658.163	  3.26771e+07
658.45	  3.2672e+07
658.737	  3.2667e+07
659.024	  3.26619e+07
659.311	  3.26568e+07
659.598	  3.26518e+07
659.885	  3.26466e+07
660.172	  3.26415e+07
660.459	  3.26364e+07
660.746	  3.26312e+07
661.033	  3.26261e+07
661.32	  3.26209e+07
661.607	  3.26157e+07
661.894	  3.26105e+07
662.181	  3.26053e+07
662.468	  3.26e+07
662.755	  3.25948e+07
663.042	  3.25895e+07
663.329	  3.25842e+07
663.616	  3.25789e+07
663.903	  3.25736e+07
664.19	  3.25683e+07
664.477	  3.2563e+07
664.764	  3.25576e+07
665.051	  3.25522e+07
665.338	  3.25468e+07
665.625	  3.25414e+07
665.912	  3.2536e+07
666.199	  3.25306e+07
666.486	  3.25252e+07
666.773	  3.25197e+07
667.06	  3.25142e+07
667.347	  3.25088e+07
667.634	  3.25033e+07
667.921	  3.24977e+07
668.208	  3.24922e+07
668.495	  3.24867e+07
668.782	  3.24811e+07
669.069	  3.24755e+07
669.356	  3.247e+07
669.643	  3.24644e+07
669.93	  3.24588e+07
670.217	  3.24531e+07
670.504	  3.24475e+07
670.791	  3.24418e+07
671.078	  3.24362e+07
671.365	  3.24305e+07
671.652	  3.24248e+07
671.939	  3.24191e+07
672.226	  3.24134e+07
672.513	  3.24076e+07
672.8	  3.24019e+07
673.087	  3.23961e+07
673.374	  3.23904e+07
673.661	  3.23846e+07
673.948	  3.23788e+07
674.235	  3.23729e+07
674.522	  3.23671e+07
674.809	  3.23613e+07
675.096	  3.23554e+07
675.383	  3.23495e+07
675.67	  3.23437e+07
675.957	  3.23378e+07
676.244	  3.23319e+07
676.531	  3.23259e+07
676.818	  3.232e+07
677.105	  3.2314e+07
677.392	  3.23081e+07
677.679	  3.23021e+07
677.966	  3.22961e+07
678.253	  3.22901e+07
678.54	  3.22841e+07
678.827	  3.22781e+07
679.114	  3.2272e+07
679.401	  3.2266e+07
679.688	  3.22599e+07
679.975	  3.22538e+07
680.262	  3.22477e+07
680.549	  3.22416e+07
680.836	  3.22355e+07
681.123	  3.22294e+07
681.41	  3.22232e+07
681.697	  3.22171e+07
681.984	  3.22109e+07
682.271	  3.22047e+07
682.558	  3.21985e+07
682.845	  3.21923e+07
683.132	  3.21861e+07
683.419	  3.21798e+07
683.706	  3.21736e+07
683.993	  3.21673e+07
684.28	  3.21611e+07
684.567	  3.21548e+07
684.854	  3.21485e+07
685.141	  3.21422e+07
685.428	  3.21359e+07
685.715	  3.21295e+07
686.002	  3.21232e+07
686.289	  3.21168e+07
686.576	  3.21104e+07
686.863	  3.21041e+07
687.15	  3.20977e+07
687.437	  3.20913e+07
687.724	  3.20848e+07
688.011	  3.20784e+07
688.298	  3.2072e+07
688.585	  3.20655e+07
688.872	  3.2059e+07
689.159	  3.20526e+07
689.446	  3.20461e+07
689.733	  3.20396e+07
690.02	  3.2033e+07
690.307	  3.20265e+07
690.594	  3.202e+07
690.881	  3.20134e+07
691.168	  3.20068e+07
691.455	  3.20003e+07
691.742	  3.19937e+07
692.029	  3.19871e+07
692.316	  3.19805e+07
692.603	  3.19738e+07
692.89	  3.19672e+07
693.177	  3.19606e+07
693.464	  3.19539e+07
693.751	  3.19472e+07
694.038	  3.19406e+07
694.325	  3.19339e+07
694.612	  3.19272e+07
694.899	  3.19204e+07
695.186	  3.19137e+07
695.473	  3.1907e+07
695.76	  3.19002e+07
696.047	  3.18934e+07
696.334	  3.18867e+07
696.621	  3.18799e+07
696.908	  3.18731e+07
697.195	  3.18663e+07
697.482	  3.18595e+07
697.769	  3.18526e+07
698.056	  3.18458e+07
698.343	  3.18389e+07
698.63	  3.18321e+07
698.917	  3.18252e+07
699.204	  3.18183e+07
699.491	  3.18114e+07
699.778	  3.18045e+07
700.065	  3.17976e+07
700.352	  3.17906e+07
700.639	  3.17837e+07
700.926	  3.17767e+07
701.213	  3.17698e+07
701.5	  3.17628e+07
701.787	  3.17558e+07
702.074	  3.17488e+07
702.361	  3.17418e+07
702.648	  3.17348e+07
702.935	  3.17278e+07
703.222	  3.17207e+07
703.509	  3.17137e+07
703.796	  3.17066e+07
704.083	  3.16995e+07
704.37	  3.16924e+07
704.657	  3.16853e+07
704.944	  3.16782e+07
705.231	  3.16711e+07
705.518	  3.1664e+07
705.805	  3.16569e+07
706.092	  3.16497e+07
706.379	  3.16425e+07
706.666	  3.16354e+07
706.953	  3.16282e+07
707.24	  3.1621e+07
707.527	  3.16138e+07
707.814	  3.16066e+07
708.101	  3.15994e+07
708.388	  3.15921e+07
708.675	  3.15849e+07
708.962	  3.15776e+07
709.249	  3.15704e+07
709.536	  3.15631e+07
709.823	  3.15558e+07
710.11	  3.15485e+07
710.397	  3.15412e+07
710.684	  3.15339e+07
710.971	  3.15266e+07
711.258	  3.15192e+07
711.545	  3.15119e+07
711.832	  3.15045e+07
712.119	  3.14972e+07
712.406	  3.14898e+07
712.693	  3.14824e+07
712.98	  3.1475e+07
713.267	  3.14676e+07
713.554	  3.14602e+07
713.841	  3.14528e+07
714.128	  3.14453e+07
714.415	  3.14379e+07
714.702	  3.14304e+07
714.989	  3.1423e+07
715.276	  3.14155e+07
715.563	  3.1408e+07
715.85	  3.14005e+07
716.137	  3.1393e+07
716.424	  3.13855e+07
716.711	  3.1378e+07
716.998	  3.13704e+07
717.285	  3.13629e+07
717.572	  3.13553e+07
717.859	  3.13478e+07
718.146	  3.13402e+07
718.433	  3.13326e+07
718.72	  3.1325e+07
719.007	  3.13174e+07
719.294	  3.13098e+07
719.581	  3.13022e+07
719.868	  3.12946e+07
720.155	  3.12869e+07
720.442	  3.12793e+07
720.729	  3.12716e+07
721.016	  3.1264e+07
721.303	  3.12563e+07
721.59	  3.12486e+07
721.877	  3.12409e+07
722.164	  3.12332e+07
722.451	  3.12255e+07
722.738	  3.12178e+07
723.025	  3.121e+07
723.312	  3.12023e+07
723.599	  3.11946e+07
723.886	  3.11868e+07
724.173	  3.1179e+07
724.46	  3.11713e+07
724.747	  3.11635e+07
725.034	  3.11557e+07
725.321	  3.11479e+07
725.608	  3.11401e+07
725.895	  3.11322e+07
726.182	  3.11244e+07
726.469	  3.11166e+07
726.756	  3.11087e+07
727.043	  3.11009e+07
727.33	  3.1093e+07
727.617	  3.10851e+07
727.904	  3.10772e+07
728.191	  3.10693e+07
728.478	  3.10614e+07
728.765	  3.10535e+07
729.052	  3.10456e+07
729.339	  3.10377e+07
729.626	  3.10297e+07
729.913	  3.10218e+07
730.2	  3.10138e+07
730.487	  3.10059e+07
730.774	  3.09979e+07
731.061	  3.09899e+07
731.348	  3.09819e+07
731.635	  3.09739e+07
731.922	  3.09659e+07
732.209	  3.09579e+07
732.496	  3.09499e+07
732.783	  3.09419e+07
733.07	  3.09338e+07
733.357	  3.09258e+07
733.644	  3.09177e+07
733.931	  3.09097e+07
734.218	  3.09016e+07
734.505	  3.08935e+07
734.792	  3.08854e+07
735.079	  3.08773e+07
735.366	  3.08692e+07
735.653	  3.08611e+07
735.94	  3.0853e+07
736.227	  3.08448e+07
736.514	  3.08367e+07
736.801	  3.08286e+07
737.088	  3.08204e+07
737.375	  3.08122e+07
737.662	  3.08041e+07
737.949	  3.07959e+07
738.236	  3.07877e+07
738.523	  3.07795e+07
738.81	  3.07713e+07
739.097	  3.07631e+07
739.384	  3.07549e+07
739.671	  3.07466e+07
739.958	  3.07384e+07
740.245	  3.07302e+07
740.532	  3.07219e+07
740.819	  3.07137e+07
741.106	  3.07054e+07
741.393	  3.06971e+07
741.68	  3.06888e+07
741.967	  3.06805e+07
742.254	  3.06722e+07
742.541	  3.06639e+07
742.828	  3.06556e+07
743.115	  3.06473e+07
743.402	  3.0639e+07
743.689	  3.06306e+07
743.976	  3.06223e+07
744.263	  3.06139e+07
744.55	  3.06056e+07
744.837	  3.05972e+07
745.124	  3.05888e+07
745.411	  3.05805e+07
745.698	  3.05721e+07
745.985	  3.05637e+07
746.272	  3.05553e+07
746.559	  3.05468e+07
746.846	  3.05384e+07
747.133	  3.053e+07
747.42	  3.05216e+07
747.707	  3.05131e+07
747.994	  3.05047e+07
748.281	  3.04962e+07
748.568	  3.04878e+07
748.855	  3.04793e+07
749.142	  3.04708e+07
749.429	  3.04623e+07
749.716	  3.04538e+07
750.003	  3.04453e+07
750.29	  3.04368e+07
750.577	  3.04283e+07
750.864	  3.04198e+07
751.151	  3.04113e+07
751.438	  3.04027e+07
751.725	  3.03942e+07
752.012	  3.03856e+07
752.299	  3.03771e+07
752.586	  3.03685e+07
752.873	  3.03599e+07
753.16	  3.03514e+07
753.447	  3.03428e+07
753.734	  3.03342e+07
754.021	  3.03256e+07
754.308	  3.0317e+07
754.595	  3.03084e+07
754.882	  3.02997e+07
755.169	  3.02911e+07
755.456	  3.02825e+07
755.743	  3.02738e+07
756.03	  3.02652e+07
756.317	  3.02565e+07
756.604	  3.02479e+07
756.891	  3.02392e+07
757.178	  3.02305e+07
757.465	  3.02219e+07
757.752	  3.02132e+07
758.039	  3.02045e+07
758.326	  3.01958e+07
758.613	  3.01871e+07
758.9	  3.01783e+07
759.187	  3.01696e+07
759.474	  3.01609e+07
759.761	  3.01522e+07
760.048	  3.01434e+07
760.335	  3.01347e+07
760.622	  3.01259e+07
760.909	  3.01172e+07
761.196	  3.01084e+07
761.483	  3.00996e+07
761.77	  3.00908e+07
762.057	  3.00821e+07
762.344	  3.00733e+07
762.631	  3.00645e+07
762.918	  3.00557e+07
763.205	  3.00468e+07
763.492	  3.0038e+07
763.779	  3.00292e+07
764.066	  3.00204e+07
764.353	  3.00115e+07
764.64	  3.00027e+07
764.927	  2.99938e+07
765.214	  2.9985e+07
765.501	  2.99761e+07
765.788	  2.99673e+07
766.075	  2.99584e+07
766.362	  2.99495e+07
766.649	  2.99406e+07
766.936	  2.99317e+07
767.223	  2.99228e+07
767.51	  2.99139e+07
767.797	  2.9905e+07
768.084	  2.98961e+07
768.371	  2.98872e+07
768.658	  2.98782e+07
768.945	  2.98693e+07
769.232	  2.98604e+07
769.519	  2.98514e+07
769.806	  2.98425e+07
770.093	  2.98335e+07
770.38	  2.98245e+07
770.667	  2.98156e+07
770.954	  2.98066e+07
771.241	  2.97976e+07
771.528	  2.97886e+07
771.815	  2.97796e+07
772.102	  2.97706e+07
772.389	  2.97616e+07
772.676	  2.97526e+07
772.963	  2.97436e+07
773.25	  2.97346e+07
773.537	  2.97256e+07
773.824	  2.97165e+07
774.111	  2.97075e+07
774.398	  2.96984e+07
774.685	  2.96894e+07
774.972	  2.96803e+07
775.259	  2.96713e+07
775.546	  2.96622e+07
775.833	  2.96531e+07
776.12	  2.9644e+07
776.407	  2.9635e+07
776.694	  2.96259e+07
776.981	  2.96168e+07
777.268	  2.96077e+07
777.555	  2.95986e+07
777.842	  2.95895e+07
778.129	  2.95803e+07
778.416	  2.95712e+07
778.703	  2.95621e+07
778.99	  2.9553e+07
779.277	  2.95438e+07
779.564	  2.95347e+07
779.851	  2.95255e+07
780.138	  2.95164e+07
780.425	  2.95072e+07
780.712	  2.9498e+07
780.999	  2.94889e+07
781.286	  2.94797e+07
781.573	  2.94705e+07
781.86	  2.94613e+07
782.147	  2.94521e+07
782.434	  2.94429e+07
782.721	  2.94337e+07
783.008	  2.94245e+07
783.295	  2.94153e+07
783.582	  2.94061e+07
783.869	  2.93969e+07
784.156	  2.93877e+07
784.443	  2.93784e+07
784.73	  2.93692e+07
785.017	  2.93599e+07
785.304	  2.93507e+07
785.591	  2.93414e+07
785.878	  2.93322e+07
786.165	  2.93229e+07
786.452	  2.93137e+07
786.739	  2.93044e+07
787.026	  2.92951e+07
787.313	  2.92858e+07
787.6	  2.92765e+07
787.887	  2.92672e+07
788.174	  2.92579e+07
788.461	  2.92486e+07
788.748	  2.92393e+07
789.035	  2.923e+07
789.322	  2.92207e+07
789.609	  2.92114e+07
789.896	  2.92021e+07
790.183	  2.91927e+07
790.47	  2.91834e+07
790.757	  2.91741e+07
791.044	  2.91647e+07
791.331	  2.91554e+07
791.618	  2.9146e+07
791.905	  2.91367e+07
792.192	  2.91273e+07
792.479	  2.91179e+07
792.766	  2.91086e+07
793.053	  2.90992e+07
793.34	  2.90898e+07
793.627	  2.90804e+07
793.914	  2.9071e+07
794.201	  2.90616e+07
794.488	  2.90522e+07
794.775	  2.90428e+07
795.062	  2.90334e+07
795.349	  2.9024e+07
795.636	  2.90146e+07
795.923	  2.90052e+07
796.21	  2.89957e+07
796.497	  2.89863e+07
796.784	  2.89769e+07
797.071	  2.89674e+07
797.358	  2.8958e+07
797.645	  2.89485e+07
797.932	  2.89391e+07
798.219	  2.89296e+07
798.506	  2.89202e+07
798.793	  2.89107e+07
799.08	  2.89012e+07
799.367	  2.88918e+07
799.654	  2.88823e+07
799.941	  2.88728e+07
800.228	  2.88633e+07
800.515	  2.88538e+07
800.802	  2.88443e+07
801.089	  2.88348e+07
801.376	  2.88253e+07
801.663	  2.88158e+07
801.95	  2.88063e+07
802.237	  2.87968e+07
802.524	  2.87873e+07
802.811	  2.87778e+07
803.098	  2.87682e+07
803.385	  2.87587e+07
803.672	  2.87492e+07
803.959	  2.87396e+07
804.246	  2.87301e+07
804.533	  2.87205e+07
804.82	  2.8711e+07
805.107	  2.87014e+07
805.394	  2.86919e+07
805.681	  2.86823e+07
805.968	  2.86727e+07
806.255	  2.86632e+07
806.542	  2.86536e+07
806.829	  2.8644e+07
807.116	  2.86344e+07
807.403	  2.86248e+07
807.69	  2.86152e+07
807.977	  2.86057e+07
808.264	  2.85961e+07
808.551	  2.85865e+07
808.838	  2.85768e+07
809.125	  2.85672e+07
809.412	  2.85576e+07
809.699	  2.8548e+07
809.986	  2.85384e+07
810.273	  2.85288e+07
810.56	  2.85191e+07
810.847	  2.85095e+07
811.134	  2.84999e+07
811.421	  2.84902e+07
811.708	  2.84806e+07
811.995	  2.84709e+07
812.282	  2.84613e+07
812.569	  2.84516e+07
812.856	  2.8442e+07
813.143	  2.84323e+07
813.43	  2.84227e+07
813.717	  2.8413e+07
814.004	  2.84033e+07
814.291	  2.83936e+07
814.578	  2.8384e+07
814.865	  2.83743e+07
815.152	  2.83646e+07
815.439	  2.83549e+07
815.726	  2.83452e+07
816.013	  2.83355e+07
816.3	  2.83258e+07
816.587	  2.83161e+07
816.874	  2.83064e+07
817.161	  2.82967e+07
817.448	  2.8287e+07
817.735	  2.82773e+07
818.022	  2.82676e+07
818.309	  2.82579e+07
818.596	  2.82481e+07
818.883	  2.82384e+07
819.17	  2.82287e+07
819.457	  2.82189e+07
820.002	  2.82004e+07
820.031	  2.81995e+07
820.059	  2.81985e+07
820.088	  2.81975e+07
820.117	  2.81965e+07
820.146	  2.81956e+07
820.174	  2.81946e+07
820.203	  2.81936e+07
820.232	  2.81926e+07
820.26	  2.81917e+07
820.289	  2.81907e+07
820.318	  2.81897e+07
820.346	  2.81887e+07
820.375	  2.81878e+07
820.404	  2.81868e+07
820.433	  2.81858e+07
820.461	  2.81848e+07
820.49	  2.81839e+07
820.519	  2.81829e+07
820.547	  2.81819e+07
820.576	  2.81809e+07
820.605	  2.818e+07
820.633	  1.26726e+07
820.662	  1.26723e+07
820.691	  1.2672e+07
820.72	  1.26718e+07
820.748	  1.26715e+07
820.777	  1.26712e+07
820.806	  1.2671e+07
820.834	  1.26707e+07
820.863	  1.26704e+07
820.892	  1.26702e+07
820.92	  1.26699e+07
820.949	  1.26696e+07
820.978	  1.26694e+07
821.007	  1.26691e+07
821.035	  1.26688e+07
821.064	  1.26686e+07
821.093	  1.26683e+07
821.121	  1.2668e+07
821.15	  1.26678e+07
821.179	  1.26675e+07
821.207	  1.26672e+07
821.236	  1.2667e+07
821.265	  1.26667e+07
821.294	  1.26664e+07
821.322	  1.26661e+07
821.351	  1.26659e+07
821.38	  1.26656e+07
821.408	  1.26653e+07
821.437	  1.26651e+07
821.466	  1.26648e+07
821.494	  1.26645e+07
821.523	  1.26643e+07
821.552	  1.2664e+07
821.581	  1.26637e+07
821.609	  1.26635e+07
821.638	  1.26632e+07
821.667	  1.26629e+07
821.695	  1.26627e+07
821.724	  1.26624e+07
821.753	  1.26621e+07
821.781	  1.26619e+07
821.81	  1.26616e+07
821.839	  1.26613e+07
821.868	  1.26611e+07
821.896	  1.26608e+07
821.925	  1.26605e+07
821.954	  1.26602e+07
821.982	  1.266e+07
822.011	  1.26597e+07
822.011	  1.26597e+07
822.298	  1.2657e+07
822.585	  1.26543e+07
822.872	  1.26516e+07
823.159	  1.2649e+07
823.446	  1.26463e+07
823.733	  1.26436e+07
824.02	  1.26409e+07
824.307	  1.26382e+07
824.594	  1.26355e+07
824.881	  1.26328e+07
825.168	  1.26301e+07
825.455	  1.26273e+07
825.742	  1.26246e+07
826.029	  1.26219e+07
826.316	  1.26192e+07
826.603	  1.26165e+07
826.89	  1.26138e+07
827.177	  1.26111e+07
827.464	  1.26083e+07
827.751	  1.26056e+07
828.038	  1.26029e+07
828.325	  1.26002e+07
828.612	  1.25974e+07
828.899	  1.25947e+07
829.186	  1.2592e+07
829.473	  1.25893e+07
829.76	  1.25865e+07
830.047	  1.25838e+07
830.334	  1.2581e+07
830.621	  1.25783e+07
830.908	  1.25756e+07
831.195	  1.25728e+07
831.482	  1.25701e+07
831.769	  1.25673e+07
832.056	  1.25646e+07
832.343	  1.25618e+07
832.63	  1.25591e+07
832.917	  1.25563e+07
833.204	  1.25536e+07
833.491	  1.25508e+07
833.778	  1.2548e+07
834.065	  1.25453e+07
834.352	  1.25425e+07
834.639	  1.25398e+07
834.926	  1.2537e+07
835.213	  1.25342e+07
835.5	  1.25315e+07
835.787	  1.25287e+07
836.074	  1.25259e+07
836.361	  1.25231e+07
836.648	  1.25204e+07
836.935	  1.25176e+07
837.222	  1.25148e+07
837.509	  1.2512e+07
837.796	  1.25092e+07
838.083	  1.25065e+07
838.37	  1.25037e+07
838.657	  1.25009e+07
838.944	  1.24981e+07
839.231	  1.24953e+07
839.518	  1.24925e+07
839.805	  1.24897e+07
840.092	  1.24869e+07
840.379	  1.24841e+07
840.666	  1.24813e+07
840.953	  1.24785e+07
841.24	  1.24757e+07
841.527	  1.24729e+07
841.814	  1.24701e+07
842.101	  1.24673e+07
842.388	  1.24645e+07
842.675	  1.24617e+07
842.962	  1.24589e+07
843.249	  1.24561e+07
843.536	  1.24533e+07
843.823	  1.24504e+07
844.11	  1.24476e+07
844.397	  1.24448e+07
844.684	  1.2442e+07
844.971	  1.24392e+07
845.258	  1.24363e+07
845.545	  1.24335e+07
845.832	  1.24307e+07
846.119	  1.24278e+07
846.406	  1.2425e+07
846.693	  1.24222e+07
846.98	  1.24194e+07
847.267	  1.24165e+07
847.554	  1.24137e+07
847.841	  1.24108e+07
848.128	  1.2408e+07
848.415	  1.24052e+07
848.702	  1.24023e+07
848.989	  1.23995e+07
849.276	  1.23966e+07
849.563	  1.23938e+07
849.85	  1.23909e+07
850.137	  1.23881e+07
850.424	  1.23852e+07
850.711	  1.23824e+07
850.998	  1.23795e+07
851.285	  1.23767e+07
851.572	  1.23738e+07
851.859	  1.2371e+07
852.146	  1.23681e+07
852.433	  1.23652e+07
852.72	  1.23624e+07
853.007	  1.23595e+07
853.294	  1.23566e+07
853.581	  1.23538e+07
853.868	  1.23509e+07
854.155	  1.2348e+07
854.442	  1.23452e+07
854.729	  1.23423e+07
855.016	  1.23394e+07
855.303	  1.23365e+07
855.59	  1.23337e+07
855.877	  1.23308e+07
856.164	  1.23279e+07
856.451	  1.2325e+07
856.738	  1.23221e+07
857.025	  1.23192e+07
857.312	  1.23164e+07
857.599	  1.23135e+07
857.886	  1.23106e+07
858.173	  1.23077e+07
858.46	  1.23048e+07
858.747	  1.23019e+07
859.034	  1.2299e+07
859.321	  1.22961e+07
859.608	  1.22932e+07
859.895	  1.22903e+07
860.182	  1.22874e+07
860.469	  1.22845e+07
860.756	  1.22816e+07
861.043	  1.22787e+07
861.33	  1.22758e+07
861.617	  1.22729e+07
861.904	  1.227e+07
862.191	  1.22671e+07
862.478	  1.22642e+07
862.765	  1.22613e+07
863.052	  1.22584e+07
863.339	  1.22554e+07
863.626	  1.22525e+07
863.913	  1.22496e+07
864.2	  1.22467e+07
864.487	  1.22438e+07
864.774	  1.22409e+07
865.061	  1.22379e+07
865.348	  1.2235e+07
865.635	  1.22321e+07
865.922	  1.22292e+07
866.209	  1.22262e+07
866.496	  1.22233e+07
866.783	  1.22204e+07
867.07	  1.22174e+07
867.357	  1.22145e+07
867.644	  1.22116e+07
867.931	  1.22086e+07
868.218	  1.22057e+07
868.505	  1.22028e+07
868.792	  1.21998e+07
869.079	  1.21969e+07
869.366	  1.2194e+07
869.653	  1.2191e+07
869.94	  1.21881e+07
870.227	  1.21851e+07
870.514	  1.21822e+07
870.801	  1.21792e+07
871.088	  1.21763e+07
871.375	  1.21733e+07
871.662	  1.21704e+07
871.949	  1.21674e+07
872.236	  1.21645e+07
872.523	  1.21615e+07
872.81	  1.21586e+07
873.097	  1.21556e+07
873.384	  1.21527e+07
873.671	  1.21497e+07
873.958	  1.21467e+07
874.245	  1.21438e+07
874.532	  1.21408e+07
874.819	  1.21379e+07
875.106	  1.21349e+07
875.393	  1.21319e+07
875.68	  1.2129e+07
875.967	  1.2126e+07
876.254	  1.2123e+07
876.541	  1.21201e+07
876.828	  1.21171e+07
877.115	  1.21141e+07
877.402	  1.21111e+07
877.689	  1.21082e+07
877.976	  1.21052e+07
878.263	  1.21022e+07
878.55	  1.20992e+07
878.837	  1.20963e+07
879.124	  1.20933e+07
879.411	  1.20903e+07
879.698	  1.20873e+07
879.985	  1.20843e+07
880.272	  1.20813e+07
880.559	  1.20784e+07
880.846	  1.20754e+07
881.133	  1.20724e+07
881.42	  1.20694e+07
881.707	  1.20664e+07
881.994	  1.20634e+07
882.281	  1.20604e+07
882.568	  1.20574e+07
882.855	  1.20544e+07
883.142	  1.20514e+07
883.429	  1.20484e+07
883.716	  1.20454e+07
884.003	  1.20424e+07
884.29	  1.20394e+07
884.577	  1.20364e+07
884.864	  1.20334e+07
885.151	  1.20304e+07
885.438	  1.20274e+07
885.725	  1.20244e+07
886.012	  1.20214e+07
886.299	  1.20184e+07
886.586	  1.20154e+07
886.873	  1.20124e+07
887.16	  1.20094e+07
887.447	  1.20064e+07
887.734	  1.20034e+07
888.021	  1.20004e+07
888.308	  1.19973e+07
888.595	  1.19943e+07
888.882	  1.19913e+07
889.169	  1.19883e+07
889.456	  1.19853e+07
889.743	  1.19823e+07
890.03	  1.19792e+07
890.317	  1.19762e+07
890.604	  1.19732e+07
890.891	  1.19702e+07
891.178	  1.19672e+07
891.465	  1.19641e+07
891.752	  1.19611e+07
892.039	  1.19581e+07
892.326	  1.1955e+07
892.613	  1.1952e+07
892.9	  1.1949e+07
893.187	  1.1946e+07
893.474	  1.19429e+07
893.761	  1.19399e+07
894.048	  1.19369e+07
894.335	  1.19338e+07
894.622	  1.19308e+07
894.909	  1.19278e+07
895.196	  1.19247e+07
895.483	  1.19217e+07
895.77	  1.19186e+07
896.057	  1.19156e+07
896.344	  1.19126e+07
896.631	  1.19095e+07
896.918	  1.19065e+07
897.205	  1.19034e+07
897.492	  1.19004e+07
897.779	  1.18973e+07
898.066	  1.18943e+07
898.353	  1.18913e+07
898.64	  1.18882e+07
898.927	  1.18852e+07
899.214	  1.18821e+07
899.501	  1.18791e+07
899.788	  1.1876e+07
900.075	  1.1873e+07
900.362	  1.18699e+07
900.649	  1.18668e+07
900.936	  1.18638e+07
901.223	  1.18607e+07
901.51	  1.18577e+07
901.797	  1.18546e+07
902.084	  1.18516e+07
902.371	  1.18485e+07
902.658	  1.18454e+07
902.945	  1.18424e+07
903.232	  1.18393e+07
903.519	  1.18363e+07
903.806	  1.18332e+07
904.093	  1.18301e+07
904.38	  1.18271e+07
904.667	  1.1824e+07
904.954	  1.18209e+07
905.241	  1.18179e+07
905.528	  1.18148e+07
905.815	  1.18117e+07
906.102	  1.18087e+07
906.389	  1.18056e+07
906.676	  1.18025e+07
906.963	  1.17994e+07
907.25	  1.17964e+07
907.537	  1.17933e+07
907.824	  1.17902e+07
908.111	  1.17872e+07
908.398	  1.17841e+07
908.685	  1.1781e+07
908.972	  1.17779e+07
909.259	  1.17748e+07
909.546	  1.17718e+07
909.833	  1.17687e+07
910.12	  1.17656e+07
910.407	  1.17625e+07
910.694	  1.17594e+07
910.981	  1.17564e+07
911.268	  1.17533e+07
911.555	  1.17502e+07
911.842	  1.17471e+07
912.129	  1.1744e+07
912.416	  1.17409e+07
912.703	  1.17378e+07
912.99	  1.17348e+07
913.277	  1.17317e+07
913.564	  1.17286e+07
913.851	  1.17255e+07
914.138	  1.17224e+07
914.425	  1.17193e+07
914.712	  1.17162e+07
914.999	  1.17131e+07
915.286	  1.171e+07
915.573	  1.17069e+07
915.86	  1.17038e+07
916.147	  1.17007e+07
916.434	  1.16976e+07
916.721	  1.16945e+07
917.008	  1.16914e+07
917.295	  1.16883e+07
917.582	  1.16852e+07
917.869	  1.16821e+07
918.156	  1.1679e+07
918.443	  1.16759e+07
918.73	  1.16728e+07
919.017	  1.16697e+07
919.304	  1.16666e+07
919.591	  1.16635e+07
919.878	  1.16604e+07
920.165	  1.16573e+07
920.452	  1.16542e+07
920.739	  1.16511e+07
921.026	  1.1648e+07
921.313	  1.16449e+07
921.6	  1.16418e+07
921.887	  1.16387e+07
922.174	  1.16356e+07
922.461	  1.16324e+07
922.748	  1.16293e+07
923.035	  1.16262e+07
923.322	  1.16231e+07
923.609	  1.162e+07
923.896	  1.16169e+07
924.183	  1.16138e+07
924.47	  1.16106e+07
924.757	  1.16075e+07
925.044	  1.16044e+07
925.331	  1.16013e+07
925.618	  1.15982e+07
925.905	  1.15951e+07
926.192	  1.15919e+07
926.479	  1.15888e+07
926.766	  1.15857e+07
927.053	  1.15826e+07
927.34	  1.15795e+07
927.627	  1.15763e+07
927.914	  1.15732e+07
928.201	  1.15701e+07
928.488	  1.1567e+07
928.775	  1.15638e+07
929.062	  1.15607e+07
929.349	  1.15576e+07
929.636	  1.15545e+07
929.923	  1.15513e+07
930.21	  1.15482e+07
930.497	  1.15451e+07
930.784	  1.15419e+07
931.071	  1.15388e+07
931.358	  1.15357e+07
931.645	  1.15326e+07
931.932	  1.15294e+07
932.219	  1.15263e+07
932.506	  1.15232e+07
932.793	  1.152e+07
933.08	  1.15169e+07
933.367	  1.15138e+07
933.654	  1.15106e+07
933.941	  1.15075e+07
934.228	  1.15044e+07
934.515	  1.15012e+07
934.802	  1.14981e+07
935.089	  1.14949e+07
935.376	  1.14918e+07
935.663	  1.14887e+07
935.95	  1.14855e+07
936.237	  1.14824e+07
936.524	  1.14793e+07
936.811	  1.14761e+07
937.098	  1.1473e+07
937.385	  1.14698e+07
937.672	  1.14667e+07
937.959	  1.14635e+07
938.246	  1.14604e+07
938.533	  1.14573e+07
938.82	  1.14541e+07
939.107	  1.1451e+07
939.394	  1.14478e+07
939.681	  1.14447e+07
939.968	  1.14415e+07
940.255	  1.14384e+07
940.542	  1.14352e+07
940.829	  1.14321e+07
941.116	  1.14289e+07
941.403	  1.14258e+07
941.69	  1.14227e+07
941.977	  1.14195e+07
942.264	  1.14164e+07
942.551	  1.14132e+07
942.838	  1.14101e+07
943.125	  1.14069e+07
943.412	  1.14038e+07
943.699	  1.14006e+07
943.986	  1.13974e+07
944.273	  1.13943e+07
944.56	  1.13911e+07
944.847	  1.1388e+07
945.134	  1.13848e+07
945.421	  1.13817e+07
945.708	  1.13785e+07
945.995	  1.13754e+07
946.282	  1.13722e+07
946.569	  1.13691e+07
946.856	  1.13659e+07
947.143	  1.13627e+07
947.43	  1.13596e+07
947.717	  1.13564e+07
948.004	  1.13533e+07
948.291	  1.13501e+07
948.578	  1.13469e+07
948.865	  1.13438e+07
949.152	  1.13406e+07
949.439	  1.13375e+07
949.726	  1.13343e+07
950.013	  1.13311e+07
950.3	  1.1328e+07
950.587	  1.13248e+07
950.874	  1.13217e+07
951.161	  1.13185e+07
951.448	  1.13153e+07
951.735	  1.13122e+07
952.022	  1.1309e+07
952.309	  1.13058e+07
952.596	  1.13027e+07
952.883	  1.12995e+07
953.17	  1.12963e+07
953.457	  1.12932e+07
953.744	  1.129e+07
954.031	  1.12868e+07
954.318	  1.12837e+07
954.605	  1.12805e+07
954.892	  1.12773e+07
955.179	  1.12742e+07
955.466	  1.1271e+07
955.753	  1.12678e+07
956.04	  1.12647e+07
956.327	  1.12615e+07
956.614	  1.12583e+07
956.901	  1.12551e+07
957.188	  1.1252e+07
957.475	  1.12488e+07
957.762	  1.12456e+07
958.049	  1.12425e+07
958.336	  1.12393e+07
958.623	  1.12361e+07
958.91	  1.12329e+07
959.197	  1.12298e+07
959.484	  1.12266e+07
959.771	  1.12234e+07
960.058	  1.12202e+07
960.345	  1.12171e+07
960.632	  1.12139e+07
960.919	  1.12107e+07
961.206	  1.12075e+07
961.493	  1.12044e+07
961.78	  1.12012e+07
962.067	  1.1198e+07
962.354	  1.11948e+07
962.641	  1.11917e+07
962.928	  1.11885e+07
963.215	  1.11853e+07
963.502	  1.11821e+07
963.789	  1.11789e+07
964.076	  1.11758e+07
964.363	  1.11726e+07
964.65	  1.11694e+07
964.937	  1.11662e+07
965.224	  1.11631e+07
965.511	  1.11599e+07
965.798	  1.11567e+07
966.085	  1.11535e+07
966.372	  1.11503e+07
966.659	  1.11471e+07
966.946	  1.1144e+07
967.233	  1.11408e+07
967.52	  1.11376e+07
967.807	  1.11344e+07
968.094	  1.11312e+07
968.381	  1.11281e+07
968.668	  1.11249e+07
968.955	  1.11217e+07
969.242	  1.11185e+07
969.529	  1.11153e+07
969.816	  1.11121e+07
970.103	  1.11089e+07
970.39	  1.11058e+07
970.677	  1.11026e+07
970.964	  1.10994e+07
971.251	  1.10962e+07
971.538	  1.1093e+07
971.825	  1.10898e+07
972.112	  1.10866e+07
972.399	  1.10835e+07
972.686	  1.10803e+07
972.973	  1.10771e+07
973.26	  1.10739e+07
973.547	  1.10707e+07
973.834	  1.10675e+07
974.121	  1.10643e+07
974.408	  1.10611e+07
974.695	  1.1058e+07
974.982	  1.10548e+07
975.269	  1.10516e+07
975.556	  1.10484e+07
975.843	  1.10452e+07
976.13	  1.1042e+07
976.417	  1.10388e+07
976.704	  1.10356e+07
976.991	  1.10324e+07
977.278	  1.10292e+07
977.565	  1.10261e+07
977.852	  1.10229e+07
978.139	  1.10197e+07
978.426	  1.10165e+07
978.713	  1.10133e+07
979	  1.10101e+07
979.287	  1.10069e+07
979.574	  1.10037e+07
979.861	  1.10005e+07
980.148	  1.09973e+07
980.435	  1.09941e+07
980.722	  1.09909e+07
981.009	  1.09878e+07
981.296	  1.09846e+07
981.583	  1.09814e+07
981.87	  1.09782e+07
982.157	  1.0975e+07
982.444	  1.09718e+07
982.731	  1.09686e+07
983.018	  1.09654e+07
983.305	  1.09622e+07
983.592	  1.0959e+07
983.879	  1.09558e+07
984.166	  1.09526e+07
984.453	  1.09494e+07
984.74	  1.09462e+07
985.027	  1.0943e+07
985.314	  1.09398e+07
985.601	  1.09366e+07
985.888	  1.09334e+07
986.175	  1.09302e+07
986.462	  1.09271e+07
986.749	  1.09239e+07
987.036	  1.09207e+07
987.323	  1.09175e+07
987.61	  1.09143e+07
987.897	  1.09111e+07
988.184	  1.09079e+07
988.471	  1.09047e+07
988.758	  1.09015e+07
989.045	  1.08983e+07
989.332	  1.08951e+07
989.619	  1.08919e+07
989.906	  1.08887e+07
990.193	  1.08855e+07
990.48	  1.08823e+07
990.767	  1.08791e+07
991.054	  1.08759e+07
991.341	  1.08727e+07
991.628	  1.08695e+07
991.915	  1.08663e+07
992.202	  1.08631e+07
992.489	  1.08599e+07
992.776	  1.08567e+07
993.063	  1.08535e+07
993.35	  1.08503e+07
993.637	  1.08471e+07
993.924	  1.08439e+07
994.211	  1.08407e+07
994.498	  1.08375e+07
994.785	  1.08343e+07
995.072	  1.08311e+07
995.359	  1.08279e+07
995.646	  1.08247e+07
995.933	  1.08215e+07
996.22	  1.08183e+07
996.507	  1.08151e+07
996.794	  1.08119e+07
997.081	  1.08087e+07
997.368	  1.08055e+07
997.655	  1.08023e+07
997.942	  1.07991e+07
998.229	  1.07959e+07
998.516	  1.07927e+07
998.803	  1.07895e+07
999.09	  1.07863e+07
999.377	  1.07831e+07
999.664	  1.07799e+07
999.951	  1.07767e+07
1000.24	  1.07735e+07
1000.52	  1.07703e+07
1000.81	  1.07671e+07
1001.1	  1.07639e+07
1001.39	  1.07607e+07
1001.67	  1.07575e+07
1001.96	  1.07543e+07
1002.25	  1.07511e+07
1002.53	  1.07479e+07
1002.82	  1.07447e+07
1003.11	  1.07415e+07
1003.39	  1.07383e+07
1003.68	  1.07351e+07
1003.97	  1.07319e+07
1004.26	  1.07287e+07
1004.54	  1.07255e+07
1004.83	  1.07223e+07
1005.12	  1.07191e+07
1005.4	  1.07159e+07
1005.69	  1.07127e+07
1005.98	  1.07095e+07
1006.26	  1.07063e+07
1006.55	  1.07031e+07
1006.84	  1.06999e+07
1007.13	  1.06967e+07
1007.41	  1.06935e+07
1007.7	  1.06902e+07
1007.99	  1.0687e+07
1008.27	  1.06838e+07
1008.56	  1.06806e+07
1008.85	  1.06774e+07
1009.13	  1.06742e+07
1009.42	  1.0671e+07
1009.71	  1.06678e+07
1010	  1.06646e+07
1010.28	  1.06614e+07
1010.57	  1.06582e+07
1010.86	  1.0655e+07
1011.14	  1.06518e+07
1011.43	  1.06486e+07
1011.72	  1.06454e+07
1012	  1.06422e+07
1012.29	  1.0639e+07
1012.58	  1.06358e+07
1012.87	  1.06326e+07
1013.15	  1.06294e+07
1013.44	  1.06262e+07
1013.73	  1.0623e+07
1014.01	  1.06198e+07
1014.3	  1.06166e+07
1014.59	  1.06134e+07
1014.88	  1.06102e+07
1015.16	  1.0607e+07
1015.45	  1.06038e+07
1015.74	  1.06006e+07
1016.02	  1.05974e+07
1016.31	  1.05942e+07
1016.6	  1.0591e+07
1016.88	  1.05878e+07
1017.17	  1.05846e+07
1017.46	  1.05814e+07
1017.75	  1.05782e+07
1018.03	  1.0575e+07
1018.32	  1.05718e+07
1018.61	  1.05686e+07
1018.89	  1.05654e+07
1019.18	  1.05622e+07
1019.47	  1.0559e+07
1019.98	  1.05533e+07
1021.08	  1.0541e+07
1022.17	  1.05288e+07
1023.27	  1.05165e+07
1024.38	  1.05042e+07
1025.47	  1.0492e+07
1026.58	  1.04797e+07
1027.67	  1.04674e+07
1028.78	  1.04552e+07
1029.88	  1.04429e+07
1030.97	  1.04306e+07
1032.08	  1.04184e+07
1033.17	  1.04061e+07
1034.28	  1.03939e+07
1035.38	  1.03816e+07
1036.47	  1.03694e+07
1037.58	  1.03571e+07
1038.67	  1.03449e+07
1039.78	  1.03326e+07
1040.88	  1.03204e+07
1041.97	  1.03082e+07
1043.08	  1.02959e+07
1044.17	  1.02837e+07
1045.28	  1.02715e+07
1046.38	  1.02592e+07
1047.47	  1.0247e+07
1048.58	  1.02348e+07
1049.67	  1.02225e+07
1050.78	  1.02103e+07
1051.88	  1.01981e+07
1052.97	  1.01859e+07
1054.08	  1.01737e+07
1055.17	  1.01615e+07
1056.28	  1.01493e+07
1057.38	  1.01371e+07
1058.47	  1.01249e+07
1059.58	  1.01127e+07
1060.67	  1.01005e+07
1061.78	  1.00883e+07
1062.88	  1.00761e+07
1063.97	  1.00639e+07
1065.08	  1.00518e+07
1066.17	  1.00396e+07
1067.28	  1.00274e+07
1068.38	  1.00153e+07
1069.47	  1.00031e+07
1070.58	  9.99095e+06
1071.67	  9.9788e+06
1072.78	  9.96665e+06
1073.88	  9.95451e+06
1074.97	  9.94237e+06
1076.08	  9.93024e+06
1077.17	  9.91811e+06
1078.28	  9.90598e+06
1079.38	  9.89386e+06
1080.47	  9.88174e+06
1081.58	  9.86963e+06
1082.67	  9.85752e+06
1083.78	  9.84542e+06
1084.88	  9.83332e+06
1085.97	  9.82123e+06
1087.08	  9.80914e+06
1088.17	  9.79706e+06
1089.28	  9.78498e+06
1090.38	  9.77291e+06
1091.47	  9.76084e+06
1092.58	  9.74878e+06
1093.67	  9.73672e+06
1094.78	  9.72467e+06
1095.88	  9.71263e+06
1096.97	  9.70059e+06
1098.08	  9.68855e+06
1099.17	  9.67652e+06
1100.28	  9.6645e+06
1101.38	  9.65248e+06
1102.47	  9.64047e+06
1103.58	  9.62846e+06
1104.67	  9.61646e+06
1105.78	  9.60447e+06
1106.88	  9.59248e+06
1107.97	  9.58049e+06
1109.08	  9.56852e+06
1110.17	  9.55655e+06
1111.28	  9.54458e+06
1112.38	  9.53262e+06
1113.47	  9.52067e+06
1114.58	  9.50872e+06
1115.67	  9.49678e+06
1116.78	  9.48485e+06
1117.88	  9.47292e+06
1118.97	  9.461e+06
1120.08	  9.44909e+06
1121.17	  9.43718e+06
1122.28	  9.42528e+06
1123.38	  9.41338e+06
1124.47	  9.40149e+06
1125.58	  9.38961e+06
1126.67	  9.37774e+06
1127.78	  9.36587e+06
1128.88	  9.35401e+06
1129.97	  9.34216e+06
1131.08	  9.33031e+06
1132.17	  9.31847e+06
1133.28	  9.30663e+06
1134.38	  9.29481e+06
1135.47	  9.28299e+06
1136.58	  9.27118e+06
1137.67	  9.25937e+06
1138.78	  9.24757e+06
1139.88	  9.23578e+06
1140.97	  9.224e+06
1142.08	  9.21223e+06
1143.17	  9.20046e+06
1144.28	  9.1887e+06
1145.38	  9.17694e+06
1146.47	  9.1652e+06
1147.58	  9.15346e+06
1148.67	  9.14173e+06
1149.78	  9.13e+06
1150.88	  9.11829e+06
1151.97	  9.10658e+06
1153.08	  9.09488e+06
1154.17	  9.08319e+06
1155.28	  9.0715e+06
1156.38	  9.05982e+06
1157.47	  9.04815e+06
1158.58	  9.03649e+06
1159.67	  9.02484e+06
1160.78	  9.01319e+06
1161.88	  9.00156e+06
1162.97	  8.98993e+06
1164.08	  8.9783e+06
1165.17	  8.96669e+06
1166.28	  8.95509e+06
1167.38	  8.94349e+06
1168.47	  8.9319e+06
1169.58	  8.92032e+06
1170.67	  8.90875e+06
1171.78	  8.89718e+06
1172.88	  8.88563e+06
1173.97	  8.87408e+06
1175.08	  8.86254e+06
1176.17	  8.85101e+06
1177.28	  8.83948e+06
1178.38	  8.82797e+06
1179.47	  8.81646e+06
1180.58	  8.80497e+06
1181.67	  8.79348e+06
1182.78	  8.782e+06
1183.88	  8.77053e+06
1184.97	  8.75906e+06
1186.08	  8.74761e+06
1187.17	  8.73616e+06
1188.28	  8.72473e+06
1189.38	  8.7133e+06
1190.47	  8.70188e+06
1191.58	  8.69047e+06
1192.67	  8.67907e+06
1193.78	  8.66767e+06
1194.88	  8.65629e+06
1195.97	  8.64491e+06
1197.08	  8.63355e+06
1198.17	  8.62219e+06
1199.28	  8.61084e+06
1200.38	  8.5995e+06
1201.47	  8.58817e+06
1202.58	  8.57685e+06
1203.67	  8.56554e+06
1204.78	  8.55424e+06
1205.88	  8.54294e+06
1206.97	  8.53166e+06
1208.08	  8.52038e+06
1209.17	  8.50911e+06
1210.28	  8.49786e+06
1211.38	  8.48661e+06
1212.47	  8.47537e+06
1213.58	  8.46414e+06
1214.67	  8.45292e+06
1215.78	  8.44171e+06
1216.88	  8.43051e+06
1217.97	  8.41932e+06
1219.08	  8.40813e+06
1220.17	  8.39696e+06
1221.28	  8.38579e+06
1222.38	  8.37464e+06
1223.47	  8.3635e+06
1224.58	  8.35236e+06
1225.67	  8.34123e+06
1226.78	  8.33012e+06
1227.88	  8.31901e+06
1228.97	  8.30791e+06
1230.08	  8.29682e+06
1231.17	  8.28575e+06
1232.28	  8.27468e+06
1233.38	  8.26362e+06
1234.47	  8.25257e+06
1235.58	  8.24153e+06
1236.67	  8.2305e+06
1237.78	  8.21948e+06
1238.88	  8.20847e+06
1239.97	  8.19747e+06
1241.08	  8.18648e+06
1242.17	  8.1755e+06
1243.28	  8.16452e+06
1244.38	  8.15356e+06
1245.47	  8.14261e+06
1246.58	  8.13167e+06
1247.67	  8.12074e+06
1248.78	  8.10982e+06
1249.88	  8.0989e+06
1250.97	  8.088e+06
1252.08	  8.07711e+06
1253.17	  8.06623e+06
1254.28	  8.05535e+06
1255.38	  8.04449e+06
1256.47	  8.03364e+06
1257.58	  8.0228e+06
1258.67	  8.01196e+06
1259.78	  8.00114e+06
1260.88	  7.99033e+06
1261.97	  7.97953e+06
1263.08	  7.96874e+06
1264.17	  7.95795e+06
1265.28	  7.94718e+06
1266.38	  7.93642e+06
1267.47	  7.92567e+06
1268.58	  7.91493e+06
1269.67	  7.9042e+06
1270.78	  7.89348e+06
1271.88	  7.88277e+06
1272.97	  7.87206e+06
1274.08	  7.86137e+06
1275.17	  7.85069e+06
1276.28	  7.84002e+06
1277.38	  7.82936e+06
1278.47	  7.81872e+06
1279.58	  7.80808e+06
1280.67	  7.79745e+06
1281.78	  7.78683e+06
1282.88	  7.77622e+06
1283.97	  7.76562e+06
1285.08	  7.75504e+06
1286.17	  7.74446e+06
1287.28	  7.73389e+06
1288.38	  7.72334e+06
1289.47	  7.71279e+06
1290.58	  7.70225e+06
1291.67	  7.69173e+06
1292.78	  7.68121e+06
1293.88	  7.67071e+06
1294.97	  7.66022e+06
1296.08	  7.64973e+06
1297.17	  7.63926e+06
1298.28	  7.6288e+06
1299.38	  7.61835e+06
1300.47	  7.6079e+06
1301.58	  7.59747e+06
1302.67	  7.58705e+06
1303.78	  7.57664e+06
1304.88	  7.56624e+06
1305.97	  7.55585e+06
1307.08	  7.54548e+06
1308.17	  7.53511e+06
1309.28	  7.52475e+06
1310.38	  7.5144e+06
1311.47	  7.50407e+06
1312.58	  7.49374e+06
1313.67	  7.48343e+06
1314.78	  7.47312e+06
1315.88	  7.46283e+06
1316.97	  7.45255e+06
1318.08	  7.44227e+06
1319.17	  7.43201e+06
1320.28	  7.42176e+06
1321.38	  7.41152e+06
1322.47	  7.40129e+06
1323.58	  7.39107e+06
1324.67	  7.38086e+06
1325.78	  7.37066e+06
1326.88	  7.36048e+06
1327.97	  7.3503e+06
1329.08	  7.34013e+06
1330.17	  7.32998e+06
1331.28	  7.31983e+06
1332.38	  7.3097e+06
1333.47	  7.29958e+06
1334.58	  7.28946e+06
1335.67	  7.27936e+06
1336.78	  7.26927e+06
1337.88	  7.25919e+06
1338.97	  7.24912e+06
1340.08	  7.23906e+06
1341.17	  7.22901e+06
1342.28	  7.21898e+06
1343.38	  7.20895e+06
1344.47	  7.19893e+06
1345.58	  7.18893e+06
1346.67	  7.17893e+06
1347.78	  7.16895e+06
1348.88	  7.15898e+06
1349.97	  7.14902e+06
1351.08	  7.13907e+06
1352.17	  7.12912e+06
1353.28	  7.1192e+06
1354.38	  7.10928e+06
1355.47	  7.09937e+06
1356.58	  7.08947e+06
1357.67	  7.07958e+06
1358.78	  7.06971e+06
1359.88	  7.05984e+06
1360.97	  7.04999e+06
1362.08	  7.04015e+06
1363.17	  7.03032e+06
1364.28	  7.02049e+06
1365.38	  7.01068e+06
1366.47	  7.00088e+06
1367.58	  6.99109e+06
1368.67	  6.98132e+06
1369.78	  6.97155e+06
1370.88	  6.96179e+06
1371.97	  6.95205e+06
1373.08	  6.94231e+06
1374.17	  6.93259e+06
1375.28	  6.92288e+06
1376.38	  6.91317e+06
1377.47	  6.90348e+06
1378.58	  6.8938e+06
1379.67	  6.88413e+06
1380.78	  6.87447e+06
1381.88	  6.86483e+06
1382.97	  6.85519e+06
1384.08	  6.84556e+06
1385.17	  6.83595e+06
1386.28	  6.82634e+06
1387.38	  6.81675e+06
1388.47	  6.80717e+06
1389.58	  6.7976e+06
1390.67	  6.78803e+06
1391.78	  6.77848e+06
1392.88	  6.76895e+06
1393.97	  6.75942e+06
1395.08	  6.7499e+06
1396.17	  6.74039e+06
1397.28	  6.7309e+06
1398.38	  6.72141e+06
1399.47	  6.71194e+06
1400.58	  6.70248e+06
1401.67	  6.69302e+06
1402.78	  6.68358e+06
1403.88	  6.67415e+06
1404.97	  6.66473e+06
1406.08	  6.65532e+06
1407.17	  6.64593e+06
1408.28	  6.63654e+06
1409.38	  6.62716e+06
1410.47	  6.6178e+06
1411.58	  6.60844e+06
1412.67	  6.5991e+06
1413.78	  6.58977e+06
1414.88	  6.58045e+06
1415.97	  6.57114e+06
1417.08	  6.56184e+06
1418.17	  6.55255e+06
1419.28	  6.54327e+06
1420.38	  6.534e+06
1421.47	  6.52474e+06
1422.58	  6.5155e+06
1423.67	  6.50626e+06
1424.78	  6.49704e+06
1425.88	  6.48783e+06
1426.97	  6.47863e+06
1428.08	  6.46943e+06
1429.17	  6.46025e+06
1430.28	  6.45108e+06
1431.38	  6.44193e+06
1432.47	  6.43278e+06
1433.58	  6.42364e+06
1434.67	  6.41451e+06
1435.78	  6.4054e+06
1436.88	  6.39629e+06
1437.97	  6.3872e+06
1439.08	  6.37812e+06
1440.17	  6.36905e+06
1441.28	  6.35999e+06
1442.38	  6.35093e+06
1443.47	  6.3419e+06
1444.58	  6.33287e+06
1445.67	  6.32385e+06
1446.78	  6.31484e+06
1447.88	  6.30585e+06
1448.97	  6.29686e+06
1450.08	  6.28789e+06
1451.17	  6.27892e+06
1452.28	  6.26997e+06
1453.38	  6.26103e+06
1454.47	  6.2521e+06
1455.58	  6.24318e+06
1456.67	  6.23427e+06
1457.78	  6.22537e+06
1458.88	  4.67177e+06
1459.97	  4.66603e+06
1461.08	  4.6603e+06
1462.17	  4.65458e+06
1463.28	  4.64886e+06
1464.38	  4.64315e+06
1465.47	  4.63744e+06
1466.58	  4.63174e+06
1467.67	  4.62604e+06
1468.78	  4.62035e+06
1469.88	  4.61467e+06
1470.97	  4.60899e+06
1472.08	  4.60332e+06
1473.17	  4.59765e+06
1474.28	  4.59199e+06
1475.38	  4.58634e+06
1476.47	  4.58069e+06
1477.58	  4.57505e+06
1478.67	  4.56941e+06
1479.78	  4.56378e+06
1480.88	  4.55815e+06
1481.97	  4.55254e+06
1483.08	  4.54692e+06
1484.17	  4.54131e+06
1485.28	  4.53571e+06
1486.38	  4.53012e+06
1487.47	  4.52453e+06
1488.58	  4.51894e+06
1489.67	  4.51336e+06
1490.78	  4.50779e+06
1491.88	  4.50223e+06
1492.97	  4.49666e+06
1494.08	  4.49111e+06
1495.17	  4.48556e+06
1496.28	  4.48002e+06
1497.38	  4.47448e+06
1498.47	  4.46895e+06
1499.58	  4.46342e+06
1500.67	  4.4579e+06
1501.78	  4.45239e+06
1502.88	  4.44688e+06
1503.97	  4.44138e+06
1505.08	  4.43588e+06
1506.17	  4.43039e+06
1507.28	  4.42491e+06
1508.38	  4.41943e+06
1509.47	  4.41395e+06
1510.58	  4.40849e+06
1511.67	  4.40303e+06
1512.78	  4.39757e+06
1513.88	  4.39212e+06
1514.97	  4.38668e+06
1516.08	  4.38124e+06
1517.17	  4.3758e+06
1518.28	  4.37038e+06
1519.38	  4.36496e+06
1520.47	  4.35954e+06
1521.58	  4.35413e+06
1522.67	  4.34873e+06
1523.78	  4.34333e+06
1524.88	  4.33794e+06
1525.97	  4.33255e+06
1527.08	  4.32717e+06
1528.17	  4.3218e+06
1529.28	  4.31643e+06
1530.38	  4.31107e+06
1531.47	  4.30571e+06
1532.58	  4.30036e+06
1533.67	  4.29501e+06
1534.78	  4.28967e+06
1535.88	  4.28434e+06
1536.97	  4.27901e+06
1538.08	  4.27369e+06
1539.17	  4.26837e+06
1540.28	  4.26306e+06
1541.38	  4.25776e+06
1542.47	  4.25246e+06
1543.58	  4.24716e+06
1544.67	  4.24188e+06
1545.78	  4.23659e+06
1546.88	  4.23132e+06
1547.97	  4.22605e+06
1549.08	  4.22078e+06
1550.17	  4.21552e+06
1551.28	  4.21027e+06
1552.38	  4.20502e+06
1553.47	  4.19978e+06
1554.58	  4.19455e+06
1555.67	  4.18932e+06
1556.78	  4.18409e+06
1557.88	  4.17887e+06
1558.97	  4.17366e+06
1560.08	  4.16845e+06
1561.17	  4.16325e+06
1562.28	  4.15805e+06
1563.38	  4.15286e+06
1564.47	  4.14768e+06
1565.58	  4.1425e+06
1566.67	  4.13733e+06
1567.78	  4.13216e+06
1568.88	  4.127e+06
1569.97	  4.12184e+06
1571.08	  4.11669e+06
1572.17	  4.11155e+06
1573.28	  4.10641e+06
1574.38	  4.10128e+06
1575.47	  4.09615e+06
1576.58	  4.09103e+06
1577.67	  4.08591e+06
1578.78	  4.0808e+06
1579.88	  4.0757e+06
1580.97	  4.0706e+06
1582.08	  4.0655e+06
1583.17	  4.06042e+06
1584.28	  4.05533e+06
1585.38	  4.05026e+06
1586.47	  4.04519e+06
1587.58	  4.04012e+06
1588.67	  4.03506e+06
1589.78	  4.03001e+06
1590.88	  4.02496e+06
1591.97	  4.01992e+06
1593.08	  4.01488e+06
1594.17	  4.00985e+06
1595.28	  4.00482e+06
1596.38	  3.9998e+06
1597.47	  3.99479e+06
1598.58	  3.98978e+06
1599.67	  3.98478e+06
1600.78	  3.97978e+06
1601.88	  3.97479e+06
1602.97	  3.9698e+06
1604.08	  3.96482e+06
1605.17	  3.95985e+06
1606.28	  3.95488e+06
1607.38	  3.94991e+06
1608.47	  3.94496e+06
1609.58	  3.94e+06
1610.67	  3.93506e+06
1611.78	  3.93012e+06
1612.88	  3.92518e+06
1613.97	  3.92025e+06
1615.08	  3.91533e+06
1616.17	  3.91041e+06
1617.28	  3.90549e+06
1618.38	  3.90059e+06
1619.47	  3.89568e+06
1620.58	  3.89079e+06
1621.67	  3.8859e+06
1622.78	  3.88101e+06
1623.88	  3.87613e+06
1624.97	  3.87126e+06
1626.08	  3.86639e+06
1627.17	  3.86152e+06
1628.28	  3.85667e+06
1629.38	  3.85181e+06
1630.47	  3.84697e+06
1631.58	  3.84213e+06
1632.67	  3.83729e+06
1633.78	  3.83246e+06
1634.88	  3.82764e+06
1635.97	  3.82282e+06
1637.08	  3.818e+06
1638.17	  3.8132e+06
1639.28	  3.80839e+06
1640.38	  3.8036e+06
1641.47	  3.79881e+06
1642.58	  3.79402e+06
1643.67	  3.78924e+06
1644.78	  3.78447e+06
1645.88	  3.7797e+06
1646.97	  3.77493e+06
1648.08	  3.77018e+06
1649.17	  3.76542e+06
1650.28	  3.76068e+06
1651.38	  3.75593e+06
1652.47	  3.7512e+06
1653.58	  3.74647e+06
1654.67	  3.74174e+06
1655.78	  3.73702e+06
1656.88	  3.73231e+06
1657.97	  3.7276e+06
1659.08	  3.72289e+06
1660.17	  3.71819e+06
1661.28	  3.7135e+06
1662.38	  3.70881e+06
1663.47	  3.70413e+06
1664.58	  3.69945e+06
1665.67	  3.69478e+06
1666.78	  3.69012e+06
1667.88	  3.68546e+06
1668.97	  3.6808e+06
1670.08	  3.67615e+06
1671.17	  3.67151e+06
1672.28	  3.66687e+06
1673.38	  3.66223e+06
1674.47	  3.65761e+06
1675.58	  3.65298e+06
1676.67	  3.64836e+06
1677.78	  3.64375e+06
1678.88	  3.63914e+06
1679.97	  3.63454e+06
1681.08	  3.62995e+06
1682.17	  3.62536e+06
1683.28	  3.62077e+06
1684.38	  3.61619e+06
1685.47	  3.61161e+06
1686.58	  3.60704e+06
1687.67	  3.60248e+06
1688.78	  3.59792e+06
1689.88	  3.59337e+06
1690.97	  3.58882e+06
1692.08	  3.58428e+06
1693.17	  3.57974e+06
1694.28	  3.5752e+06
1695.38	  3.57068e+06
1696.47	  3.56616e+06
1697.58	  3.56164e+06
1698.67	  3.55713e+06
1699.78	  3.55262e+06
1700.88	  3.54812e+06
1701.97	  3.54362e+06
1703.08	  3.53913e+06
1704.17	  3.53465e+06
1705.28	  3.53017e+06
1706.38	  3.52569e+06
1707.47	  3.52122e+06
1708.58	  3.51676e+06
1709.67	  3.5123e+06
1710.78	  3.50785e+06
1711.88	  3.5034e+06
1712.97	  3.49896e+06
1714.08	  3.49452e+06
1715.17	  3.49008e+06
1716.28	  3.48566e+06
1717.38	  3.48123e+06
1718.47	  3.47682e+06
1719.58	  3.4724e+06
1720.67	  3.468e+06
1721.78	  3.4636e+06
1722.88	  3.4592e+06
1723.97	  3.45481e+06
1725.08	  3.45042e+06
1726.17	  3.44604e+06
1727.28	  3.44167e+06
1728.38	  3.43729e+06
1729.47	  3.43293e+06
1730.58	  3.42857e+06
1731.67	  3.42421e+06
1732.78	  3.41986e+06
1733.88	  3.41552e+06
1734.97	  3.41118e+06
1736.08	  3.40684e+06
1737.17	  3.40252e+06
1738.28	  3.39819e+06
1739.38	  3.39387e+06
1740.47	  3.38956e+06
1741.58	  3.38525e+06
1742.67	  3.38094e+06
1743.78	  3.37665e+06
1744.88	  3.37235e+06
1745.97	  3.36806e+06
1747.08	  3.36378e+06
1748.17	  3.3595e+06
1749.28	  3.35523e+06
1750.38	  3.35096e+06
1751.47	  3.3467e+06
1752.58	  3.34244e+06
1753.67	  3.33819e+06
1754.78	  3.33394e+06
1755.88	  3.3297e+06
1756.97	  3.32546e+06
1758.08	  3.32123e+06
1759.17	  3.317e+06
1760.28	  3.31277e+06
1761.38	  3.30856e+06
1762.47	  3.30434e+06
1763.58	  3.30014e+06
1764.67	  3.29593e+06
1765.78	  3.29174e+06
1766.88	  3.28754e+06
1767.97	  3.28336e+06
1769.08	  3.27917e+06
1770.17	  3.275e+06
1771.28	  3.27082e+06
1772.38	  3.26666e+06
1773.47	  3.2625e+06
1774.58	  3.25834e+06
1775.67	  3.25419e+06
1776.78	  3.25004e+06
1777.88	  3.2459e+06
1778.97	  3.24176e+06
1780.08	  3.23762e+06
1781.17	  3.2335e+06
1782.28	  3.22937e+06
1783.38	  3.22526e+06
1784.47	  3.22114e+06
1785.58	  3.21704e+06
1786.67	  3.21293e+06
1787.78	  3.20884e+06
1788.88	  3.20474e+06
1789.97	  3.20065e+06
1791.08	  3.19657e+06
1792.17	  3.19249e+06
1793.28	  3.18842e+06
1794.38	  3.18435e+06
1795.47	  3.18029e+06
1796.58	  3.17623e+06
1797.67	  3.17218e+06
1798.78	  3.16813e+06
1799.88	  3.16408e+06
1800.97	  3.16004e+06
1802.08	  3.15601e+06
1803.17	  3.15198e+06
1804.28	  3.14796e+06
1805.38	  3.14394e+06
1806.47	  3.13992e+06
1807.58	  3.13591e+06
1808.67	  3.13191e+06
1809.78	  3.12791e+06
1810.88	  3.12391e+06
1811.97	  3.11992e+06
1813.08	  3.11594e+06
1814.17	  3.11195e+06
1815.28	  3.10798e+06
1816.38	  3.10401e+06
1817.47	  3.10004e+06
1818.58	  3.09608e+06
1819.67	  3.09212e+06
1820.78	  3.08817e+06
1821.88	  3.08422e+06
1822.97	  3.08028e+06
1824.08	  3.07634e+06
1825.17	  3.07241e+06
1826.28	  3.06848e+06
1827.38	  3.06456e+06
1828.47	  3.06064e+06
1829.58	  3.05673e+06
1830.67	  3.05282e+06
1831.78	  3.04892e+06
1832.88	  3.04502e+06
1833.97	  3.04112e+06
1835.08	  3.03723e+06
1836.17	  3.03335e+06
1837.28	  3.02947e+06
1838.38	  3.02559e+06
1839.47	  3.02172e+06
1840.58	  3.01785e+06
1841.67	  3.01399e+06
1842.78	  3.01014e+06
1843.88	  3.00628e+06
1844.97	  3.00244e+06
1846.08	  2.99859e+06
1847.17	  2.99476e+06
1848.28	  2.99092e+06
1849.38	  2.98709e+06
1850.47	  2.98327e+06
1851.58	  2.97945e+06
1852.67	  2.97564e+06
1853.78	  2.97183e+06
1854.88	  2.96802e+06
1855.97	  2.96422e+06
1857.08	  2.96042e+06
1858.17	  2.95663e+06
1859.28	  2.95285e+06
1860.38	  2.94907e+06
1861.47	  2.94529e+06
1862.58	  2.94152e+06
1863.67	  2.93775e+06
1864.78	  2.93398e+06
1865.88	  2.93023e+06
1866.97	  2.92647e+06
1868.08	  2.92272e+06
1869.17	  2.91898e+06
1870.28	  2.91524e+06
1871.38	  2.9115e+06
1872.47	  2.90777e+06
1873.58	  2.90404e+06
1874.67	  2.90032e+06
1875.78	  2.8966e+06
1876.88	  2.89289e+06
1877.97	  2.88918e+06
1879.08	  2.88548e+06
1880.17	  2.88178e+06
1881.28	  2.87809e+06
1882.38	  2.8744e+06
1883.47	  2.87071e+06
1884.58	  2.86703e+06
1885.67	  2.86335e+06
1886.78	  2.85968e+06
1887.88	  2.85601e+06
1888.97	  2.85235e+06
1890.08	  2.84869e+06
1891.17	  2.84504e+06
1892.28	  2.84139e+06
1893.38	  2.83775e+06
1894.47	  2.83411e+06
1895.58	  2.83047e+06
1896.67	  2.82684e+06
1897.78	  2.82321e+06
1898.88	  2.81959e+06
1899.97	  2.81597e+06
1901.08	  2.81236e+06
1902.17	  2.80875e+06
1903.28	  2.80515e+06
1904.38	  2.80155e+06
1905.47	  2.79795e+06
1906.58	  2.79436e+06
1907.67	  2.79078e+06
1908.78	  2.78719e+06
1909.88	  2.78362e+06
1910.97	  2.78004e+06
1912.08	  2.77647e+06
1913.17	  2.77291e+06
1914.28	  2.76935e+06
1915.38	  2.76579e+06
1916.47	  2.76224e+06
1917.58	  2.7587e+06
1918.67	  2.75516e+06
1919.78	  2.75162e+06
1920.88	  2.74808e+06
1921.97	  2.74456e+06
1923.08	  2.74103e+06
1924.17	  2.73751e+06
1925.28	  2.734e+06
1926.38	  2.73048e+06
1927.47	  2.72698e+06
1928.58	  2.72347e+06
1929.67	  2.71998e+06
1930.78	  2.71648e+06
1931.88	  2.71299e+06
1932.97	  2.70951e+06
1934.08	  2.70603e+06
1935.17	  2.70255e+06
1936.28	  2.69908e+06
1937.38	  2.69561e+06
1938.47	  2.69215e+06
1939.58	  2.68869e+06
1940.67	  2.68523e+06
1941.78	  2.68178e+06
1942.88	  2.67834e+06
1943.97	  2.67489e+06
1945.08	  2.67146e+06
1946.17	  2.66802e+06
1947.28	  2.66459e+06
1948.38	  2.66117e+06
1949.47	  2.65775e+06
1950.58	  2.65433e+06
1951.67	  2.65092e+06
1952.78	  2.64751e+06
1953.88	  2.64411e+06
1954.97	  2.64071e+06
1956.08	  2.63732e+06
1957.17	  2.63393e+06
1958.28	  2.63054e+06
1959.38	  2.62716e+06
1960.47	  2.62378e+06
1961.58	  2.62041e+06
1962.67	  2.61704e+06
1963.78	  2.61367e+06
1964.88	  2.61031e+06
1965.97	  2.60695e+06
1967.08	  2.6036e+06
1968.17	  2.60025e+06
1969.28	  2.59691e+06
1970.38	  2.59357e+06
1971.47	  2.59023e+06
1972.58	  2.5869e+06
1973.67	  2.58357e+06
1974.78	  2.58025e+06
1975.88	  2.57693e+06
1976.97	  2.57362e+06
1978.08	  2.57031e+06
1979.17	  2.567e+06
1980.28	  2.5637e+06
1981.38	  2.5604e+06
1982.47	  2.55711e+06
1983.58	  2.55382e+06
1984.67	  2.55053e+06
1985.78	  2.54725e+06
1986.88	  2.54397e+06
1987.97	  2.5407e+06
1989.08	  2.53743e+06
1990.17	  2.53416e+06
1991.28	  2.5309e+06
1992.38	  2.52765e+06
1993.47	  2.52439e+06
1994.58	  2.52115e+06
1995.67	  2.5179e+06
1996.78	  2.51466e+06
1997.88	  2.51142e+06
1998.97	  2.50819e+06
2000.08	  2.50496e+06
2001.17	  2.50174e+06
2002.28	  2.49852e+06
2003.38	  2.4953e+06
2004.47	  2.49209e+06
2005.58	  2.48888e+06
2006.67	  2.48568e+06
2007.78	  2.48248e+06
2008.88	  2.47929e+06
2009.97	  2.47609e+06
2011.08	  2.47291e+06
2012.17	  2.46972e+06
2013.28	  2.46654e+06
2014.38	  2.46337e+06
2015.47	  2.4602e+06
2016.58	  2.45703e+06
2017.67	  2.45387e+06
2018.78	  2.45071e+06
2019.88	  2.44755e+06
2020.97	  2.4444e+06
2022.08	  2.44125e+06
2023.18	  2.43811e+06
2024.28	  2.43497e+06
2025.38	  2.43183e+06
2026.47	  2.4287e+06
2027.58	  2.42558e+06
2028.68	  2.42245e+06
2029.78	  2.41933e+06
2030.88	  2.41622e+06
2031.97	  2.4131e+06
2033.08	  2.41e+06
2034.18	  2.40689e+06
2035.28	  2.40379e+06
2036.38	  2.4007e+06
2037.47	  2.39761e+06
2038.58	  2.39452e+06
2039.68	  2.39143e+06
2040.78	  2.38835e+06
2041.88	  2.38528e+06
2042.97	  2.38221e+06
2044.08	  2.37914e+06
2045.18	  2.37607e+06
2046.28	  2.37301e+06
2047.38	  2.36996e+06
2048.47	  2.3669e+06
2049.57	  2.36385e+06
2050.68	  2.36081e+06
2051.78	  2.35777e+06
2052.88	  2.35473e+06
2053.97	  2.3517e+06
2055.07	  2.34867e+06
2056.18	  2.34564e+06
2057.28	  2.34262e+06
2058.38	  2.3396e+06
2059.47	  2.33659e+06
2060.57	  2.33358e+06
2061.68	  2.33057e+06
2062.78	  2.32757e+06
2063.88	  2.32457e+06
2064.97	  2.32157e+06
2066.07	  2.31858e+06
2067.18	  2.3156e+06
2068.28	  2.31261e+06
2069.38	  2.30963e+06
2070.47	  2.30666e+06
2071.57	  2.30369e+06
2072.68	  2.30072e+06
2073.78	  2.29775e+06
2074.88	  2.29479e+06
2075.97	  2.29184e+06
2077.07	  2.28888e+06
2078.18	  2.28593e+06
2079.28	  2.28299e+06
2080.38	  2.28005e+06
2081.47	  2.27711e+06
2082.57	  2.27417e+06
2083.68	  2.27124e+06
2084.78	  2.26832e+06
2085.88	  2.26539e+06
2086.97	  2.26247e+06
2088.07	  2.25956e+06
2089.18	  2.25665e+06
2090.28	  2.25374e+06
2091.38	  2.25083e+06
2092.47	  2.24793e+06
2093.57	  2.24504e+06
2094.68	  2.24214e+06
2095.78	  2.23925e+06
2096.88	  2.23637e+06
2097.97	  2.23349e+06
2099.07	  2.23061e+06
2100.18	  2.22773e+06
2101.28	  2.22486e+06
2102.38	  2.222e+06
2103.47	  2.21913e+06
2104.57	  2.21627e+06
2105.68	  2.21342e+06
2106.78	  2.21056e+06
2107.88	  2.20771e+06
2108.97	  2.20487e+06
2110.07	  2.20203e+06
2111.18	  2.19919e+06
2112.28	  2.19636e+06
2113.38	  2.19352e+06
2114.47	  2.1907e+06
2115.57	  2.18787e+06
2116.68	  2.18505e+06
2117.78	  2.18224e+06
2118.88	  2.17943e+06
2119.97	  2.17662e+06
2121.07	  2.17381e+06
2122.18	  2.17101e+06
2123.28	  2.16821e+06
2124.38	  2.16542e+06
2125.47	  2.16263e+06
2126.57	  2.15984e+06
2127.68	  2.15706e+06
2128.78	  2.15428e+06
2129.88	  2.1515e+06
2130.97	  2.14873e+06
2132.07	  2.14596e+06
2133.18	  2.14319e+06
2134.28	  2.14043e+06
2135.38	  2.13767e+06
2136.47	  2.13492e+06
2137.57	  2.13217e+06
2138.68	  2.12942e+06
2139.78	  2.12667e+06
2140.88	  2.12393e+06
2141.97	  2.1212e+06
2143.07	  2.11846e+06
2144.18	  2.11573e+06
2145.28	  2.113e+06
2146.38	  2.11028e+06
2147.47	  2.10756e+06
2148.57	  2.10485e+06
2149.68	  2.10213e+06
2150.78	  2.09942e+06
2151.88	  2.09672e+06
2152.97	  2.09402e+06
2154.07	  2.09132e+06
2155.18	  2.08862e+06
2156.28	  2.08593e+06
2157.38	  2.08324e+06
2158.47	  2.08056e+06
2159.57	  2.07788e+06
2160.68	  2.0752e+06
2161.78	  2.07252e+06
2162.88	  2.06985e+06
2163.97	  2.06719e+06
2165.07	  2.06452e+06
2166.18	  2.06186e+06
2167.28	  2.0592e+06
2168.38	  2.05655e+06
2169.47	  2.0539e+06
2170.57	  2.05125e+06
2171.68	  2.04861e+06
2172.78	  2.04597e+06
2173.88	  2.04333e+06
2174.97	  2.0407e+06
2176.07	  2.03807e+06
2177.18	  2.03545e+06
2178.28	  2.03282e+06
2179.38	  2.0302e+06
2180.47	  2.02759e+06
2181.57	  2.02498e+06
2182.68	  2.02237e+06
2183.78	  2.01976e+06
2184.88	  2.01716e+06
2185.97	  2.01456e+06
2187.07	  2.01196e+06
2188.18	  2.00937e+06
2189.28	  2.00678e+06
2190.38	  2.0042e+06
2191.47	  2.00161e+06
2192.57	  1.99904e+06
2193.68	  1.99646e+06
2194.78	  1.99389e+06
2195.88	  1.99132e+06
2196.97	  1.98875e+06
2198.07	  1.98619e+06
2199.18	  1.98363e+06
2200.28	  1.98108e+06
2201.38	  1.97853e+06
2202.47	  1.97598e+06
2203.57	  1.97343e+06
2204.68	  1.97089e+06
2205.78	  1.96835e+06
2206.88	  1.96581e+06
2207.97	  1.96328e+06
2209.07	  1.96075e+06
2210.18	  1.95823e+06
2211.28	  1.95571e+06
2212.38	  1.95319e+06
2213.47	  1.95067e+06
2214.57	  1.94816e+06
2215.68	  1.94565e+06
2216.78	  1.94314e+06
2217.88	  1.94064e+06
2218.97	  1.93814e+06
2220.07	  1.93564e+06
2221.18	  1.93315e+06
2222.28	  1.93066e+06
2223.38	  1.92817e+06
2224.47	  1.92569e+06
2225.57	  1.92321e+06
2226.68	  1.92073e+06
2227.78	  1.91826e+06
2228.88	  1.91579e+06
2229.97	  1.91332e+06
2231.07	  1.91086e+06
2232.18	  1.9084e+06
2233.28	  1.90594e+06
2234.38	  1.90349e+06
2235.47	  1.90104e+06
2236.57	  1.89859e+06
2237.68	  1.89614e+06
2238.78	  1.8937e+06
2239.88	  1.89127e+06
2240.97	  1.88883e+06
2242.07	  1.8864e+06
2243.18	  1.88397e+06
2244.28	  1.88154e+06
2245.38	  1.87912e+06
2246.47	  1.8767e+06
2247.57	  1.87429e+06
2248.68	  1.87187e+06
2249.78	  1.86946e+06
2250.88	  1.86706e+06
2251.97	  1.86465e+06
2253.07	  1.86225e+06
2254.18	  1.85986e+06
2255.28	  1.85746e+06
2256.38	  1.85507e+06
2257.47	  1.85268e+06
2258.57	  1.8503e+06
2259.68	  1.84792e+06
2260.78	  1.84554e+06
2261.88	  1.84317e+06
2262.97	  1.84079e+06
2264.07	  1.83842e+06
2265.18	  1.83606e+06
2266.28	  1.8337e+06
2267.38	  1.83134e+06
2268.47	  1.82898e+06
2269.57	  1.82663e+06
2270.68	  1.82428e+06
2271.78	  1.82193e+06
2272.88	  1.81958e+06
2273.97	  1.81724e+06
2275.07	  1.8149e+06
2276.18	  1.81257e+06
2277.28	  1.81024e+06
2278.38	  1.80791e+06
2279.47	  1.80558e+06
2280.57	  1.63868e+06
2281.68	  1.63672e+06
2282.78	  1.63476e+06
2283.88	  1.63281e+06
2284.97	  1.63086e+06
2286.07	  1.62891e+06
2287.18	  1.62696e+06
2288.28	  1.62501e+06
2289.38	  1.62307e+06
2290.47	  1.62113e+06
2291.57	  1.61919e+06
2292.68	  1.61725e+06
2293.78	  1.61532e+06
2294.88	  1.61339e+06
2295.97	  1.61146e+06
2297.07	  1.60953e+06
2298.18	  1.6076e+06
2299.28	  1.60568e+06
2300.38	  1.60376e+06
2301.47	  1.60184e+06
2302.57	  1.59993e+06
2303.68	  1.59802e+06
2304.78	  1.59611e+06
2305.88	  1.5942e+06
2306.97	  1.59229e+06
2308.07	  1.59039e+06
2309.18	  1.58848e+06
2310.28	  1.58659e+06
2311.38	  1.58469e+06
2312.47	  1.58279e+06
2313.57	  1.5809e+06
2314.68	  1.57901e+06
2315.78	  1.57712e+06
2316.88	  1.57524e+06
2317.97	  1.57335e+06
2319.07	  1.57147e+06
2320.18	  1.56959e+06
2321.28	  1.56772e+06
2322.38	  1.56584e+06
2323.47	  1.56397e+06
2324.57	  1.5621e+06
2325.68	  1.56024e+06
2326.78	  1.55837e+06
2327.88	  1.55651e+06
2328.97	  1.55465e+06
2330.07	  1.55279e+06
2331.18	  1.55093e+06
2332.28	  1.54908e+06
2333.38	  1.54723e+06
2334.47	  1.54538e+06
2335.57	  1.54353e+06
2336.68	  1.54168e+06
2337.78	  1.53984e+06
2338.88	  1.538e+06
2339.97	  1.53616e+06
2341.07	  1.53433e+06
2342.18	  1.53249e+06
2343.28	  1.53066e+06
2344.38	  1.52883e+06
2345.47	  1.52701e+06
2346.57	  1.52518e+06
2347.68	  1.52336e+06
2348.78	  1.52154e+06
2349.88	  1.51972e+06
2350.97	  1.5179e+06
2352.07	  1.51609e+06
2353.18	  1.51428e+06
2354.28	  1.51247e+06
2355.38	  1.51066e+06
2356.47	  1.50886e+06
2357.57	  1.50705e+06
2358.68	  1.50525e+06
2359.78	  1.50345e+06
2360.88	  1.50166e+06
2361.97	  1.49986e+06
2363.07	  1.49807e+06
2364.18	  1.49628e+06
2365.28	  1.49449e+06
2366.38	  1.49271e+06
2367.47	  1.49093e+06
2368.57	  1.48914e+06
2369.68	  1.48737e+06
2370.78	  1.48559e+06
2371.88	  1.48381e+06
2372.97	  1.48204e+06
2374.07	  1.48027e+06
2375.18	  1.4785e+06
2376.28	  1.47674e+06
2377.38	  1.47497e+06
2378.47	  1.47321e+06
2379.57	  1.47145e+06
2380.68	  1.46969e+06
2381.78	  1.46794e+06
2382.88	  1.46619e+06
2383.97	  1.46444e+06
2385.07	  1.46269e+06
2386.18	  1.46094e+06
2387.28	  1.45919e+06
2388.38	  1.45745e+06
2389.47	  1.45571e+06
2390.57	  1.45397e+06
2391.68	  1.45224e+06
2392.78	  1.4505e+06
2393.88	  1.44877e+06
2394.97	  1.44704e+06
2396.07	  1.44531e+06
2397.18	  1.44359e+06
2398.28	  1.44186e+06
2399.38	  1.44014e+06
2400.47	  1.43842e+06
2401.57	  1.43671e+06
2402.68	  1.43499e+06
2403.78	  1.43328e+06
2404.88	  1.43157e+06
2405.97	  1.42986e+06
2407.07	  1.42815e+06
2408.18	  1.42645e+06
2409.28	  1.42474e+06
2410.38	  1.42304e+06
2411.47	  1.42135e+06
2412.57	  1.41965e+06
2413.68	  1.41795e+06
2414.78	  1.41626e+06
2415.88	  1.41457e+06
2416.97	  1.41288e+06
2418.07	  1.4112e+06
2419.18	  1.40951e+06
2420.28	  1.40783e+06
2421.38	  1.40615e+06
2422.47	  1.40447e+06
2423.57	  1.4028e+06
2424.68	  1.40112e+06
2425.78	  1.39945e+06
2426.88	  1.39778e+06
2427.97	  1.39611e+06
2429.07	  1.39445e+06
2430.18	  1.39278e+06
2431.28	  1.39112e+06
2432.38	  1.38946e+06
2433.47	  1.38781e+06
2434.57	  1.38615e+06
2435.68	  1.3845e+06
2436.78	  1.38285e+06
2437.88	  1.3812e+06
2438.97	  1.37955e+06
2440.07	  1.3779e+06
2441.18	  1.37626e+06
2442.28	  1.37462e+06
2443.38	  1.37298e+06
2444.47	  1.37134e+06
2445.57	  1.36971e+06
2446.68	  1.36807e+06
2447.78	  1.36644e+06
2448.88	  1.36481e+06
2449.97	  1.36318e+06
2451.07	  1.36156e+06
2452.18	  1.35994e+06
2453.28	  1.35831e+06
2454.38	  1.35669e+06
2455.47	  1.35508e+06
2456.57	  1.35346e+06
2457.68	  1.35185e+06
2458.78	  1.35024e+06
2459.88	  1.34863e+06
2460.97	  1.34702e+06
2462.07	  1.34541e+06
2463.18	  1.34381e+06
2464.28	  1.34221e+06
2465.38	  1.34061e+06
2466.47	  1.33901e+06
2467.57	  1.33741e+06
2468.68	  1.33582e+06
2469.78	  1.33423e+06
2470.88	  1.33264e+06
2471.97	  1.33105e+06
2473.07	  1.32946e+06
2474.18	  1.32788e+06
2475.28	  1.3263e+06
2476.38	  1.32472e+06
2477.47	  1.32314e+06
