Emission arising from a slab of Hydrogen (both H and H-).
   
Parameters of the slab:
n_e = 5e+14 cm-3
T_e = 7500 K
tau(lambda=300 nm) = 0.75
L = 751835 cm
   
Wavelength (nm), Emission (erg s-1 cm-2 nm-1 sr-1)
50	  0.00837031
91.2	  333.603
120	  28853.7
150	  1.37654e+06
175	  4.89788e+06
200	  1.2238e+07
225	  2.29965e+07
250	  3.62179e+07
270	  4.74315e+07
290	  5.82648e+07
300	  6.33093e+07
305	  6.57065e+07
310	  6.80107e+07
315	  7.02158e+07
320	  7.23167e+07
322.5	  7.33267e+07
325	  7.4309e+07
327	  7.50748e+07
329	  7.58224e+07
329.999	  7.6189e+07
330.266	  7.62862e+07
330.533	  7.63831e+07
330.8	  7.64797e+07
331.067	  7.65759e+07
331.334	  7.66718e+07
331.601	  7.67674e+07
331.868	  7.68626e+07
332.135	  7.69575e+07
332.402	  7.70521e+07
332.669	  7.71464e+07
332.936	  7.72403e+07
333.203	  7.73339e+07
333.47	  7.74272e+07
333.737	  7.75201e+07
334.004	  7.76127e+07
334.271	  7.7705e+07
334.538	  7.77969e+07
334.805	  7.78885e+07
335.072	  7.79798e+07
335.339	  7.80708e+07
335.606	  7.81614e+07
335.873	  7.82517e+07
336.14	  7.83416e+07
336.407	  7.84312e+07
336.674	  7.85205e+07
336.941	  7.86095e+07
337.208	  7.86981e+07
337.475	  7.87864e+07
337.742	  7.88743e+07
338.009	  7.8962e+07
338.276	  7.90492e+07
338.543	  7.91362e+07
338.81	  7.92228e+07
339.077	  7.93091e+07
339.344	  7.9395e+07
339.611	  7.94807e+07
339.878	  7.95659e+07
340.145	  7.96509e+07
340.412	  7.97355e+07
340.679	  7.98198e+07
340.946	  7.99037e+07
341.213	  7.99873e+07
341.48	  8.00706e+07
341.747	  8.01535e+07
342.014	  8.02361e+07
342.281	  8.03184e+07
342.548	  8.04003e+07
342.815	  8.04819e+07
343.082	  8.05631e+07
343.349	  8.06441e+07
343.616	  8.07246e+07
343.883	  8.08049e+07
344.15	  8.08848e+07
344.417	  8.09644e+07
344.684	  8.10436e+07
344.951	  8.11225e+07
345.218	  8.12011e+07
345.485	  8.12793e+07
345.752	  8.13572e+07
346.019	  8.14348e+07
346.286	  8.1512e+07
346.553	  8.15889e+07
346.82	  8.16654e+07
347.087	  8.17417e+07
347.354	  8.18175e+07
347.621	  8.18931e+07
347.888	  8.19683e+07
348.155	  8.20432e+07
348.422	  8.21177e+07
348.689	  8.21919e+07
348.956	  8.22658e+07
349.223	  8.23393e+07
349.49	  8.24125e+07
349.757	  8.24854e+07
350.024	  8.25579e+07
350.291	  8.26301e+07
350.558	  8.27019e+07
350.825	  8.27735e+07
351.092	  8.28446e+07
351.359	  8.29155e+07
351.626	  8.2986e+07
351.893	  8.30562e+07
352.16	  8.3126e+07
352.427	  8.31956e+07
352.694	  8.32647e+07
352.961	  8.33336e+07
353.228	  8.34021e+07
353.495	  8.34703e+07
353.762	  8.35381e+07
354.029	  8.36056e+07
354.296	  8.36728e+07
354.563	  8.37396e+07
354.83	  8.38061e+07
355.097	  8.38723e+07
355.364	  8.39382e+07
355.631	  8.40037e+07
355.898	  8.40688e+07
356.165	  8.41337e+07
356.432	  8.41982e+07
356.699	  8.42624e+07
356.966	  8.43262e+07
357.233	  8.43898e+07
357.5	  8.44529e+07
357.767	  8.45158e+07
358.034	  8.45783e+07
358.301	  8.46405e+07
358.568	  8.47024e+07
358.835	  8.47639e+07
359.102	  8.48251e+07
359.369	  8.4886e+07
359.636	  8.49465e+07
359.903	  8.50068e+07
360.17	  8.50666e+07
360.437	  8.51262e+07
360.704	  8.51854e+07
360.971	  8.52443e+07
361.238	  8.53029e+07
361.505	  8.53612e+07
361.772	  8.54191e+07
362.039	  8.54767e+07
362.306	  8.55339e+07
362.573	  8.55909e+07
363	  8.56813e+07
363.027	  8.56869e+07
363.054	  8.56925e+07
363.08	  8.56981e+07
363.107	  8.57038e+07
363.134	  8.57094e+07
363.16	  8.5715e+07
363.187	  8.57206e+07
363.214	  8.57262e+07
363.24	  8.57318e+07
363.267	  8.57374e+07
363.294	  8.5743e+07
363.321	  8.57485e+07
363.347	  8.57541e+07
363.374	  8.57597e+07
363.401	  8.57653e+07
363.427	  8.57709e+07
363.454	  8.57764e+07
363.481	  8.5782e+07
363.508	  8.57876e+07
363.534	  8.57931e+07
363.561	  8.57987e+07
363.588	  8.58042e+07
363.614	  8.58098e+07
363.641	  8.58153e+07
363.668	  8.58209e+07
363.694	  8.58264e+07
363.721	  8.5832e+07
363.748	  8.58375e+07
363.774	  8.5843e+07
363.801	  8.58486e+07
363.828	  8.58541e+07
363.855	  8.58596e+07
363.881	  8.58651e+07
363.908	  8.58707e+07
363.935	  8.58762e+07
363.961	  8.58817e+07
363.988	  8.58872e+07
364.015	  8.58927e+07
364.041	  8.58982e+07
364.068	  8.59037e+07
364.095	  8.59092e+07
364.122	  8.59147e+07
364.148	  8.59202e+07
364.175	  8.59256e+07
364.202	  8.59311e+07
364.228	  8.59366e+07
364.255	  8.59421e+07
364.282	  8.59475e+07
364.308	  8.5953e+07
364.335	  8.59585e+07
364.362	  8.59639e+07
364.389	  8.59694e+07
364.415	  8.59748e+07
364.442	  8.59803e+07
364.469	  8.59857e+07
364.495	  8.59912e+07
364.522	  8.59987e+07
364.549	  8.60041e+07
364.575	  8.60095e+07
364.602	  8.60149e+07
364.629	  8.60204e+07
364.656	  8.60258e+07
364.682	  8.60312e+07
364.709	  8.60366e+07
364.736	  5.94195e+07
364.762	  5.9424e+07
364.789	  5.94285e+07
364.816	  5.9433e+07
364.842	  5.94375e+07
364.869	  5.9442e+07
364.896	  5.94466e+07
364.923	  5.94511e+07
364.949	  5.94556e+07
364.976	  5.94601e+07
365.003	  5.94646e+07
365.029	  5.94691e+07
365.056	  5.94736e+07
365.083	  5.94781e+07
365.11	  5.94826e+07
365.136	  5.94871e+07
365.163	  5.94916e+07
365.19	  5.94961e+07
365.216	  5.95006e+07
365.243	  5.9505e+07
365.27	  5.95095e+07
365.296	  5.9514e+07
365.323	  5.95185e+07
365.35	  5.9523e+07
365.377	  5.95274e+07
365.403	  5.95319e+07
365.43	  5.95364e+07
365.457	  5.95409e+07
365.483	  5.95453e+07
365.51	  5.95498e+07
365.537	  5.95543e+07
365.563	  5.95587e+07
365.59	  5.95632e+07
365.617	  5.95677e+07
365.643	  5.95721e+07
365.67	  5.95766e+07
365.697	  5.9581e+07
365.724	  5.95855e+07
365.75	  5.95899e+07
365.777	  5.95944e+07
365.804	  5.95988e+07
365.83	  5.96033e+07
365.857	  5.96077e+07
365.884	  5.96122e+07
365.91	  5.96166e+07
365.937	  5.96211e+07
365.964	  5.96255e+07
365.991	  5.96299e+07
365.991	  5.96299e+07
366.258	  5.96742e+07
366.525	  5.97182e+07
366.792	  5.97621e+07
367.059	  5.98058e+07
367.326	  5.98493e+07
367.593	  5.98926e+07
367.86	  5.99358e+07
368.127	  5.99787e+07
368.394	  6.00215e+07
368.661	  6.00641e+07
368.928	  6.01065e+07
369.195	  6.01487e+07
369.462	  6.01907e+07
369.729	  6.02325e+07
369.996	  6.02742e+07
370.263	  6.03156e+07
370.53	  6.03569e+07
370.797	  6.0398e+07
371.064	  6.0439e+07
371.331	  6.04797e+07
371.598	  6.05202e+07
371.865	  6.05606e+07
372.132	  6.06008e+07
372.399	  6.06408e+07
372.666	  6.06806e+07
372.933	  6.07202e+07
373.2	  6.07597e+07
373.467	  6.07989e+07
373.734	  6.0838e+07
374.001	  6.08769e+07
374.268	  6.09156e+07
374.535	  6.09542e+07
374.802	  6.09925e+07
375.069	  6.10307e+07
375.336	  6.10687e+07
375.603	  6.11065e+07
375.87	  6.11441e+07
376.137	  6.11816e+07
376.404	  6.12188e+07
376.671	  6.12559e+07
376.938	  6.12928e+07
377.205	  6.13295e+07
377.472	  6.13661e+07
377.739	  6.14024e+07
378.006	  6.14386e+07
378.273	  6.14746e+07
378.54	  6.15104e+07
378.807	  6.1546e+07
379.074	  6.15815e+07
379.341	  6.16168e+07
379.608	  6.16519e+07
379.875	  6.16868e+07
380.142	  6.17215e+07
380.409	  6.17561e+07
380.676	  6.17905e+07
380.943	  6.18247e+07
381.21	  6.18587e+07
381.477	  6.18926e+07
381.744	  6.19262e+07
382.011	  6.19597e+07
382.278	  6.1993e+07
382.545	  6.20262e+07
382.812	  6.20591e+07
383.079	  6.20919e+07
383.346	  6.21245e+07
383.613	  6.2157e+07
383.88	  6.21892e+07
384.147	  6.22213e+07
384.414	  6.22532e+07
384.681	  6.22849e+07
384.948	  6.23165e+07
385.215	  6.23479e+07
385.482	  6.23791e+07
385.749	  6.24101e+07
386.016	  6.24409e+07
386.283	  6.24716e+07
386.55	  6.25021e+07
386.817	  6.25325e+07
387.084	  6.25626e+07
387.351	  6.25926e+07
387.618	  6.26224e+07
387.885	  6.2652e+07
388.152	  6.26815e+07
388.419	  6.27108e+07
388.686	  6.27399e+07
388.953	  6.27688e+07
389.22	  6.27976e+07
389.487	  6.28262e+07
389.754	  6.28546e+07
390.021	  6.28829e+07
390.288	  6.2911e+07
390.555	  6.29389e+07
390.822	  6.29666e+07
391.089	  6.29942e+07
391.356	  6.30216e+07
391.623	  6.30488e+07
391.89	  6.30759e+07
392.157	  6.31028e+07
392.424	  6.31295e+07
392.691	  6.31561e+07
392.958	  6.31824e+07
393.225	  6.32087e+07
393.492	  6.32347e+07
393.759	  6.32606e+07
394.026	  6.32863e+07
394.293	  6.33118e+07
394.56	  6.33372e+07
394.827	  6.33624e+07
395.094	  6.33874e+07
395.361	  6.34123e+07
395.628	  6.3437e+07
395.895	  6.34616e+07
396.162	  6.34859e+07
396.429	  6.35101e+07
396.696	  6.35342e+07
396.963	  6.3558e+07
397.23	  6.35817e+07
397.497	  6.36053e+07
397.764	  6.36287e+07
398.031	  6.36519e+07
398.298	  6.36749e+07
398.565	  6.36978e+07
398.832	  6.37205e+07
399.099	  6.37431e+07
399.366	  6.37655e+07
399.633	  6.37877e+07
399.9	  6.38098e+07
400.167	  6.38317e+07
400.434	  6.38534e+07
400.701	  6.3875e+07
400.968	  6.38964e+07
401.235	  6.39177e+07
401.502	  6.39388e+07
401.769	  6.39597e+07
402.036	  6.39805e+07
402.303	  6.40011e+07
402.57	  6.40216e+07
402.837	  6.40419e+07
403.104	  6.4062e+07
403.371	  6.4082e+07
403.638	  6.41018e+07
403.905	  6.41214e+07
404.172	  6.41409e+07
404.439	  6.41603e+07
404.706	  6.41794e+07
404.973	  6.41985e+07
405.24	  6.42173e+07
405.507	  6.4236e+07
405.774	  6.42546e+07
406.041	  6.4273e+07
406.308	  6.42912e+07
406.575	  6.43093e+07
406.842	  6.43272e+07
407.109	  6.4345e+07
407.376	  6.43626e+07
407.643	  6.438e+07
407.91	  6.43973e+07
408.177	  6.44145e+07
408.444	  6.44315e+07
408.711	  6.44483e+07
408.978	  6.4465e+07
409.245	  6.44815e+07
409.512	  6.44979e+07
409.779	  6.45141e+07
410.046	  6.45302e+07
410.313	  6.45461e+07
410.58	  6.45618e+07
410.847	  6.45775e+07
411.114	  6.45929e+07
411.381	  6.46082e+07
411.648	  6.46234e+07
411.915	  6.46384e+07
412.182	  6.46532e+07
412.449	  6.46679e+07
412.716	  6.46825e+07
412.983	  6.46969e+07
413.25	  6.47111e+07
413.517	  6.47252e+07
413.784	  6.47392e+07
414.051	  6.4753e+07
414.318	  6.47666e+07
414.585	  6.47802e+07
414.852	  6.47935e+07
415.119	  6.48067e+07
415.386	  6.48198e+07
415.653	  6.48327e+07
415.92	  6.48455e+07
416.187	  6.48581e+07
416.454	  6.48706e+07
416.721	  6.48829e+07
416.988	  6.48951e+07
417.255	  6.49071e+07
417.522	  6.4919e+07
417.789	  6.49308e+07
418.056	  6.49424e+07
418.323	  6.49538e+07
418.59	  6.49651e+07
418.857	  6.49763e+07
419.124	  6.49873e+07
419.391	  6.49982e+07
419.658	  6.5009e+07
419.925	  6.50196e+07
420.192	  6.503e+07
420.459	  6.50403e+07
420.726	  6.50505e+07
420.993	  6.50605e+07
421.26	  6.50704e+07
421.527	  6.50802e+07
421.794	  6.50898e+07
422.061	  6.50992e+07
422.328	  6.51085e+07
422.595	  6.51177e+07
422.862	  6.51268e+07
423.129	  6.51357e+07
423.396	  6.51445e+07
423.663	  6.51531e+07
423.93	  6.51616e+07
424.197	  6.51699e+07
424.464	  6.51781e+07
424.731	  6.51862e+07
424.998	  6.51941e+07
425.265	  6.52019e+07
425.532	  6.52096e+07
425.799	  6.52171e+07
426.066	  6.52245e+07
426.333	  6.52318e+07
426.6	  6.52389e+07
426.867	  6.52459e+07
427.134	  6.52527e+07
427.401	  6.52594e+07
427.668	  6.5266e+07
427.935	  6.52725e+07
428.202	  6.52788e+07
428.469	  6.52849e+07
428.736	  6.5291e+07
429.003	  6.52969e+07
429.27	  6.53027e+07
429.537	  6.53083e+07
429.804	  6.53138e+07
430.071	  6.53192e+07
430.338	  6.53245e+07
430.605	  6.53296e+07
430.872	  6.53346e+07
431.139	  6.53394e+07
431.406	  6.53441e+07
431.673	  6.53487e+07
431.94	  6.53532e+07
432.207	  6.53575e+07
432.474	  6.53617e+07
432.741	  6.53658e+07
433.008	  6.53698e+07
433.275	  6.53736e+07
433.542	  6.53773e+07
433.809	  6.53808e+07
434.076	  6.53843e+07
434.343	  6.53876e+07
434.61	  6.53908e+07
434.877	  6.53938e+07
435.144	  6.53967e+07
435.411	  6.53995e+07
435.678	  6.54022e+07
435.945	  6.54048e+07
436.212	  6.54072e+07
436.479	  6.54095e+07
436.746	  6.54117e+07
437.013	  6.54137e+07
437.28	  6.54156e+07
437.547	  6.54174e+07
437.814	  6.54191e+07
438.081	  6.54207e+07
438.348	  6.54221e+07
438.615	  6.54234e+07
438.882	  6.54246e+07
439.149	  6.54256e+07
439.416	  6.54266e+07
439.683	  6.54274e+07
439.95	  6.54281e+07
440.217	  6.54287e+07
440.484	  6.54291e+07
440.751	  6.54295e+07
441.018	  6.54297e+07
441.285	  6.54298e+07
441.552	  6.54298e+07
441.819	  6.54296e+07
442.086	  6.54294e+07
442.353	  6.5429e+07
442.62	  6.54285e+07
442.887	  6.54279e+07
443.154	  6.54271e+07
443.421	  6.54263e+07
443.688	  6.54253e+07
443.955	  6.54242e+07
444.222	  6.5423e+07
444.489	  6.54217e+07
444.756	  6.54202e+07
445.023	  6.54187e+07
445.29	  6.5417e+07
445.557	  6.54152e+07
445.824	  6.54133e+07
446.091	  6.54113e+07
446.358	  6.54092e+07
446.625	  6.5407e+07
446.892	  6.54046e+07
447.159	  6.54021e+07
447.426	  6.53995e+07
447.693	  6.53968e+07
447.96	  6.5394e+07
448.227	  6.53911e+07
448.494	  6.53881e+07
448.761	  6.53849e+07
449.028	  6.53817e+07
449.295	  6.53783e+07
449.562	  6.53748e+07
449.829	  6.53712e+07
450.096	  6.53675e+07
450.363	  6.53637e+07
450.63	  6.53598e+07
450.897	  6.53558e+07
451.164	  6.53516e+07
451.431	  6.53474e+07
451.698	  6.5343e+07
451.965	  6.53385e+07
452.232	  6.5334e+07
452.499	  6.53293e+07
452.766	  6.53245e+07
453.033	  6.53196e+07
453.3	  6.53146e+07
453.567	  6.53095e+07
453.834	  6.53042e+07
454.101	  6.52989e+07
454.368	  6.52935e+07
454.635	  6.52879e+07
454.902	  6.52823e+07
455.169	  6.52766e+07
455.436	  6.52707e+07
455.703	  6.52647e+07
455.97	  6.52587e+07
456.237	  6.52525e+07
456.504	  6.52462e+07
456.771	  6.52399e+07
457.038	  6.52334e+07
457.305	  6.52268e+07
457.572	  6.52201e+07
457.839	  6.52133e+07
458.106	  6.52065e+07
458.373	  6.51995e+07
458.64	  6.51924e+07
458.907	  6.51852e+07
459.174	  6.51779e+07
459.441	  6.51705e+07
459.708	  6.5163e+07
459.975	  6.51554e+07
460.242	  6.51477e+07
460.509	  6.51399e+07
460.776	  6.5132e+07
461.043	  6.5124e+07
461.31	  6.51159e+07
461.577	  6.51077e+07
461.844	  6.50994e+07
462.111	  6.50911e+07
462.378	  6.50826e+07
462.645	  6.5074e+07
462.912	  6.50653e+07
463.179	  6.50565e+07
463.446	  6.50477e+07
463.713	  6.50387e+07
463.98	  6.50296e+07
464.247	  6.50205e+07
464.514	  6.50112e+07
464.781	  6.50018e+07
465.048	  6.49924e+07
465.315	  6.49829e+07
465.582	  6.49732e+07
465.849	  6.49635e+07
466.116	  6.49537e+07
466.383	  6.49437e+07
466.65	  6.49337e+07
466.917	  6.49236e+07
467.184	  6.49134e+07
467.451	  6.49031e+07
467.718	  6.48927e+07
467.985	  6.48823e+07
468.252	  6.48717e+07
468.519	  6.4861e+07
468.786	  6.48503e+07
469.053	  6.48394e+07
469.32	  6.48285e+07
469.587	  6.48175e+07
469.854	  6.48064e+07
470.121	  6.47952e+07
470.388	  6.47839e+07
470.655	  6.47725e+07
470.922	  6.4761e+07
471.189	  6.47495e+07
471.456	  6.47378e+07
471.723	  6.47261e+07
471.99	  6.47143e+07
472.257	  6.47023e+07
472.524	  6.46903e+07
472.791	  6.46782e+07
473.058	  6.46661e+07
473.325	  6.46538e+07
473.592	  6.46415e+07
473.859	  6.4629e+07
474.126	  6.46165e+07
474.393	  6.46039e+07
474.66	  6.45912e+07
474.927	  6.45784e+07
475.194	  6.45655e+07
475.461	  6.45526e+07
475.728	  6.45396e+07
475.995	  6.45264e+07
476.262	  6.45132e+07
476.529	  6.45e+07
476.796	  6.44866e+07
477.063	  6.44731e+07
477.33	  6.44596e+07
477.597	  6.4446e+07
477.864	  6.44323e+07
478.131	  6.44185e+07
478.398	  6.44046e+07
478.665	  6.43907e+07
478.932	  6.43767e+07
479.199	  6.43625e+07
479.466	  6.43484e+07
479.733	  6.43341e+07
480	  6.43197e+07
480.267	  6.43053e+07
480.534	  6.42908e+07
480.801	  6.42762e+07
481.068	  6.42615e+07
481.335	  6.42468e+07
481.602	  6.42319e+07
481.869	  6.4217e+07
482.136	  6.42021e+07
482.403	  6.4187e+07
482.67	  6.41718e+07
482.937	  6.41566e+07
483.204	  6.41413e+07
483.471	  6.4126e+07
483.738	  6.41105e+07
484.005	  6.4095e+07
484.272	  6.40794e+07
484.539	  6.40637e+07
484.806	  6.40479e+07
485.073	  6.40321e+07
485.34	  6.40162e+07
485.607	  6.40002e+07
485.874	  6.39841e+07
486.141	  6.3968e+07
486.408	  6.39518e+07
486.675	  6.39355e+07
486.942	  6.39191e+07
487.209	  6.39027e+07
487.476	  6.38862e+07
487.743	  6.38696e+07
488.01	  6.3853e+07
488.277	  6.38363e+07
488.544	  6.38195e+07
488.811	  6.38026e+07
489.078	  6.37857e+07
489.345	  6.37686e+07
489.612	  6.37516e+07
489.879	  6.37344e+07
490.146	  6.37172e+07
490.413	  6.36999e+07
490.68	  6.36825e+07
490.947	  6.36651e+07
491.214	  6.36476e+07
491.481	  6.363e+07
491.748	  6.36123e+07
492.015	  6.35946e+07
492.282	  6.35768e+07
492.549	  6.3559e+07
492.816	  6.3541e+07
493.083	  6.3523e+07
493.35	  6.3505e+07
493.617	  6.34868e+07
493.884	  6.34686e+07
494.151	  6.34504e+07
494.418	  6.3432e+07
494.685	  6.34136e+07
494.952	  6.33952e+07
495.219	  6.33766e+07
495.486	  6.3358e+07
495.753	  6.33394e+07
496.02	  6.33206e+07
496.287	  6.33018e+07
496.554	  6.32829e+07
496.821	  6.3264e+07
497.088	  6.3245e+07
497.355	  6.3226e+07
497.622	  6.32068e+07
497.889	  6.31876e+07
498.156	  6.31684e+07
498.423	  6.31491e+07
498.69	  6.31297e+07
498.957	  6.31102e+07
499.224	  6.30907e+07
499.491	  6.30711e+07
499.758	  6.30515e+07
500.025	  6.30318e+07
500.292	  6.30121e+07
500.559	  6.29922e+07
500.826	  6.29723e+07
501.093	  6.29524e+07
501.36	  6.29324e+07
501.627	  6.29123e+07
501.894	  6.28922e+07
502.161	  6.2872e+07
502.428	  6.28517e+07
502.695	  6.28314e+07
502.962	  6.2811e+07
503.229	  6.27906e+07
503.496	  6.27701e+07
503.763	  6.27496e+07
504.03	  6.2729e+07
504.297	  6.27083e+07
504.564	  6.26875e+07
504.831	  6.26668e+07
505.098	  6.26459e+07
505.365	  6.2625e+07
505.632	  6.2604e+07
505.899	  6.2583e+07
506.166	  6.25619e+07
506.433	  6.25408e+07
506.7	  6.25196e+07
506.967	  6.24983e+07
507.234	  6.2477e+07
507.501	  6.24557e+07
507.768	  6.24343e+07
508.035	  6.24128e+07
508.302	  6.23912e+07
508.569	  6.23696e+07
508.836	  6.2348e+07
509.103	  6.23263e+07
509.37	  6.23045e+07
509.637	  6.22827e+07
509.904	  6.22609e+07
510.171	  6.22389e+07
510.438	  6.2217e+07
510.705	  6.21949e+07
510.972	  6.21729e+07
511.239	  6.21507e+07
511.506	  6.21285e+07
511.773	  6.21063e+07
512.04	  6.2084e+07
512.307	  6.20616e+07
512.574	  6.20392e+07
512.841	  6.20168e+07
513.108	  6.19943e+07
513.375	  6.19717e+07
513.642	  6.19491e+07
513.909	  6.19264e+07
514.176	  6.19037e+07
514.443	  6.1881e+07
514.71	  6.18581e+07
514.977	  6.18353e+07
515.244	  6.18124e+07
515.511	  6.17894e+07
515.778	  6.17664e+07
516.045	  6.17433e+07
516.312	  6.17202e+07
516.579	  6.1697e+07
516.846	  6.16738e+07
517.113	  6.16505e+07
517.38	  6.16272e+07
517.647	  6.16039e+07
517.914	  6.15804e+07
518.181	  6.1557e+07
518.448	  6.15335e+07
518.715	  6.15099e+07
518.982	  6.14863e+07
519.249	  6.14626e+07
519.516	  6.14389e+07
519.783	  6.14152e+07
520.05	  6.13914e+07
520.317	  6.13676e+07
520.584	  6.13437e+07
520.851	  6.13197e+07
521.118	  6.12958e+07
521.385	  6.12717e+07
521.652	  6.12476e+07
521.919	  6.12235e+07
522.186	  6.11994e+07
522.453	  6.11752e+07
522.72	  6.11509e+07
522.987	  6.11266e+07
523.254	  6.11022e+07
523.521	  6.10779e+07
523.788	  6.10534e+07
524.055	  6.10289e+07
524.322	  6.10044e+07
524.589	  6.09798e+07
524.856	  6.09552e+07
525.123	  6.09306e+07
525.39	  6.09059e+07
525.657	  6.08811e+07
525.924	  6.08564e+07
526.191	  6.08315e+07
526.458	  6.08067e+07
526.725	  6.07817e+07
526.992	  6.07568e+07
527.259	  6.07318e+07
527.526	  6.07068e+07
527.793	  6.06817e+07
528.06	  6.06565e+07
528.327	  6.06314e+07
528.594	  6.06062e+07
528.861	  6.05809e+07
529.128	  6.05556e+07
529.395	  6.05303e+07
529.662	  6.05049e+07
529.929	  6.04795e+07
530.196	  6.04541e+07
530.463	  6.04286e+07
530.73	  6.04031e+07
530.997	  6.03775e+07
531.264	  6.03519e+07
531.531	  6.03263e+07
531.798	  6.03006e+07
532.065	  6.02748e+07
532.332	  6.02491e+07
532.599	  6.02233e+07
532.866	  6.01974e+07
533.133	  6.01716e+07
533.4	  6.01456e+07
533.667	  6.01197e+07
533.934	  6.00937e+07
534.201	  6.00677e+07
534.468	  6.00416e+07
534.735	  6.00155e+07
535.002	  5.99894e+07
535.269	  5.99632e+07
535.536	  5.9937e+07
535.803	  5.99107e+07
536.07	  5.98844e+07
536.337	  5.98581e+07
536.604	  5.98318e+07
536.871	  5.98054e+07
537.138	  5.97789e+07
537.405	  5.97525e+07
537.672	  5.9726e+07
537.939	  5.96994e+07
538.206	  5.96729e+07
538.473	  5.96463e+07
538.74	  5.96196e+07
539.007	  5.95929e+07
539.274	  5.95662e+07
539.541	  5.95395e+07
539.808	  5.95127e+07
540.075	  5.94859e+07
540.342	  5.94591e+07
540.609	  5.94322e+07
540.876	  5.94053e+07
541.143	  5.93783e+07
541.41	  5.93513e+07
541.677	  5.93243e+07
541.944	  5.92973e+07
542.211	  5.92702e+07
542.478	  5.92431e+07
542.745	  5.9216e+07
543.012	  5.91888e+07
543.279	  5.91616e+07
543.546	  5.91344e+07
543.813	  5.91071e+07
544.08	  5.90798e+07
544.347	  5.90525e+07
544.614	  5.90251e+07
544.881	  5.89977e+07
545.148	  5.89703e+07
545.415	  5.89428e+07
545.682	  5.89154e+07
545.949	  5.88878e+07
546.216	  5.88603e+07
546.483	  5.88327e+07
546.75	  5.88051e+07
547.017	  5.87775e+07
547.284	  5.87498e+07
547.551	  5.87221e+07
547.818	  5.86944e+07
548.085	  5.86667e+07
548.352	  5.86389e+07
548.619	  5.86111e+07
548.886	  5.85832e+07
549.153	  5.85554e+07
549.42	  5.85275e+07
549.687	  5.84995e+07
549.954	  5.84716e+07
550.221	  5.84436e+07
550.488	  5.84156e+07
550.755	  5.83876e+07
551.022	  5.83595e+07
551.289	  5.83314e+07
551.556	  5.83033e+07
551.823	  5.82752e+07
552.09	  5.8247e+07
552.357	  5.82188e+07
552.624	  5.81906e+07
552.891	  5.81623e+07
553.158	  5.81341e+07
553.425	  5.81058e+07
553.692	  5.80774e+07
553.959	  5.80491e+07
554.226	  5.80207e+07
554.493	  5.79923e+07
554.76	  5.79639e+07
555.027	  5.79354e+07
555.294	  5.79069e+07
555.561	  5.78784e+07
555.828	  5.78499e+07
556.095	  5.78213e+07
556.362	  5.77928e+07
556.629	  5.77641e+07
556.896	  5.77355e+07
557.163	  5.77069e+07
557.43	  5.76782e+07
557.697	  5.76495e+07
557.964	  5.76208e+07
558.231	  5.7592e+07
558.498	  5.75633e+07
558.765	  5.75345e+07
559.032	  5.75056e+07
559.299	  5.74768e+07
559.566	  5.74479e+07
560.009	  5.74e+07
560.296	  5.73689e+07
560.583	  5.73378e+07
560.87	  5.73066e+07
561.157	  5.72755e+07
561.444	  5.72443e+07
561.731	  5.7213e+07
562.018	  5.71818e+07
562.305	  5.71505e+07
562.592	  5.71192e+07
562.879	  5.70879e+07
563.166	  5.70566e+07
563.453	  5.70252e+07
563.74	  5.69938e+07
564.027	  5.69624e+07
564.314	  5.6931e+07
564.601	  5.68995e+07
564.888	  5.6868e+07
565.175	  5.68365e+07
565.462	  5.6805e+07
565.749	  5.67734e+07
566.036	  5.67419e+07
566.323	  5.67103e+07
566.61	  5.66786e+07
566.897	  5.6647e+07
567.184	  5.66153e+07
567.471	  5.65836e+07
567.758	  5.65519e+07
568.045	  5.65202e+07
568.332	  5.64884e+07
568.619	  5.64567e+07
568.906	  5.64249e+07
569.193	  5.6393e+07
569.48	  5.63612e+07
569.767	  5.63294e+07
570.054	  5.62975e+07
570.341	  5.62656e+07
570.628	  5.62337e+07
570.915	  5.62017e+07
571.202	  5.61698e+07
571.489	  5.61378e+07
571.776	  5.61058e+07
572.063	  5.60738e+07
572.35	  5.60417e+07
572.637	  5.60097e+07
572.924	  5.59776e+07
573.211	  5.59455e+07
573.498	  5.59134e+07
573.785	  5.58812e+07
574.072	  5.58491e+07
574.359	  5.58169e+07
574.646	  5.57847e+07
574.933	  5.57525e+07
575.22	  5.57203e+07
575.507	  5.56881e+07
575.794	  5.56558e+07
576.081	  5.56235e+07
576.368	  5.55912e+07
576.655	  5.55589e+07
576.942	  5.55266e+07
577.229	  5.54942e+07
577.516	  5.54619e+07
577.803	  5.54295e+07
578.09	  5.53971e+07
578.377	  5.53647e+07
578.664	  5.53323e+07
578.951	  5.52998e+07
579.238	  5.52674e+07
579.525	  5.52349e+07
579.812	  5.52024e+07
580.099	  5.51699e+07
580.386	  5.51374e+07
580.673	  5.51048e+07
580.96	  5.50723e+07
581.247	  5.50397e+07
581.534	  5.50071e+07
581.821	  5.49745e+07
582.108	  5.49419e+07
582.395	  5.49093e+07
582.682	  5.48766e+07
582.969	  5.4844e+07
583.256	  5.48113e+07
583.543	  5.47786e+07
583.83	  5.47459e+07
584.117	  5.47132e+07
584.404	  5.46805e+07
584.691	  5.46478e+07
584.978	  5.4615e+07
585.265	  5.45823e+07
585.552	  5.45495e+07
585.839	  5.45167e+07
586.126	  5.44839e+07
586.413	  5.44511e+07
586.7	  5.44182e+07
586.987	  5.43854e+07
587.274	  5.43526e+07
587.561	  5.43197e+07
587.848	  5.42868e+07
588.135	  5.42539e+07
588.422	  5.4221e+07
588.709	  5.41881e+07
588.996	  5.41552e+07
589.283	  5.41223e+07
589.57	  5.40893e+07
589.857	  5.40564e+07
590.144	  5.40234e+07
590.431	  5.39904e+07
590.718	  5.39574e+07
591.005	  5.39244e+07
591.292	  5.38914e+07
591.579	  5.38584e+07
591.866	  5.38254e+07
592.153	  5.37923e+07
592.44	  5.37593e+07
592.727	  5.37262e+07
593.014	  5.36932e+07
593.301	  5.36601e+07
593.588	  5.3627e+07
593.875	  5.35939e+07
594.162	  5.35608e+07
594.449	  5.35277e+07
594.736	  5.34946e+07
595.023	  5.34614e+07
595.31	  5.34283e+07
595.597	  5.33951e+07
595.884	  5.3362e+07
596.171	  5.33288e+07
596.458	  5.32956e+07
596.745	  5.32624e+07
597.032	  5.32293e+07
597.319	  5.31961e+07
597.606	  5.31628e+07
597.893	  5.31296e+07
598.18	  5.30964e+07
598.467	  5.30632e+07
598.754	  5.30299e+07
599.041	  5.29967e+07
599.328	  5.29634e+07
599.615	  5.29302e+07
599.902	  5.28969e+07
600.189	  5.28636e+07
600.476	  5.28304e+07
600.763	  5.27971e+07
601.05	  5.27638e+07
601.337	  5.27305e+07
601.624	  5.26972e+07
601.911	  5.26639e+07
602.198	  5.26305e+07
602.485	  5.25972e+07
602.772	  5.25639e+07
603.059	  5.25306e+07
603.346	  5.24972e+07
603.633	  5.24639e+07
603.92	  5.24305e+07
604.207	  5.23972e+07
604.494	  5.23638e+07
604.781	  5.23304e+07
605.068	  5.22971e+07
605.355	  5.22637e+07
605.642	  5.22303e+07
605.929	  5.21969e+07
606.216	  5.21635e+07
606.503	  5.21301e+07
606.79	  5.20967e+07
607.077	  5.20633e+07
607.364	  5.20299e+07
607.651	  5.19965e+07
607.938	  5.19631e+07
608.225	  5.19296e+07
608.512	  5.18962e+07
608.799	  5.18628e+07
609.086	  5.18294e+07
609.373	  5.17959e+07
609.66	  5.17625e+07
609.947	  5.1729e+07
610.234	  5.16956e+07
610.521	  5.16622e+07
610.808	  5.16287e+07
611.095	  5.15952e+07
611.382	  5.15618e+07
611.669	  5.15283e+07
611.956	  5.14949e+07
612.243	  5.14614e+07
612.53	  5.14279e+07
612.817	  5.13945e+07
613.104	  5.1361e+07
613.391	  5.13275e+07
613.678	  5.1294e+07
613.965	  5.12606e+07
614.252	  5.12271e+07
614.539	  5.11936e+07
614.826	  5.11601e+07
615.113	  5.11266e+07
615.4	  5.10932e+07
615.687	  5.10597e+07
615.974	  5.10262e+07
616.261	  5.09927e+07
616.548	  5.09592e+07
616.835	  5.09257e+07
617.122	  5.08922e+07
617.409	  5.08587e+07
617.696	  5.08252e+07
617.983	  5.07917e+07
618.27	  5.07582e+07
618.557	  5.07247e+07
618.844	  5.06912e+07
619.131	  5.06577e+07
619.418	  5.06242e+07
619.705	  5.05907e+07
619.992	  5.05573e+07
620.279	  5.05238e+07
620.566	  5.04903e+07
620.853	  5.04568e+07
621.14	  5.04233e+07
621.427	  5.03898e+07
621.714	  5.03563e+07
622.001	  5.03228e+07
622.288	  5.02893e+07
622.575	  5.02558e+07
622.862	  5.02223e+07
623.149	  5.01888e+07
623.436	  5.01553e+07
623.723	  5.01218e+07
624.01	  5.00883e+07
624.297	  5.00549e+07
624.584	  5.00214e+07
624.871	  4.99879e+07
625.158	  4.99544e+07
625.445	  4.99209e+07
625.732	  4.98874e+07
626.019	  4.9854e+07
626.306	  4.98205e+07
626.593	  4.9787e+07
626.88	  4.97536e+07
627.167	  4.97201e+07
627.454	  4.96866e+07
627.741	  4.96532e+07
628.028	  4.96197e+07
628.315	  4.95862e+07
628.602	  4.95528e+07
628.889	  4.95193e+07
629.176	  4.94859e+07
629.463	  4.94524e+07
629.75	  4.9419e+07
630.037	  4.93855e+07
630.324	  4.93521e+07
630.611	  4.93186e+07
630.898	  4.92852e+07
631.185	  4.92518e+07
631.472	  4.92184e+07
631.759	  4.91849e+07
632.046	  4.91515e+07
632.333	  4.91181e+07
632.62	  4.90847e+07
632.907	  4.90513e+07
633.194	  4.90179e+07
633.481	  4.89845e+07
633.768	  4.89511e+07
634.055	  4.89177e+07
634.342	  4.88843e+07
634.629	  4.88509e+07
634.916	  4.88175e+07
635.203	  4.87841e+07
635.49	  4.87507e+07
635.777	  4.87174e+07
636.064	  4.8684e+07
636.351	  4.86506e+07
636.638	  4.86173e+07
636.925	  4.85839e+07
637.212	  4.85506e+07
637.499	  4.85172e+07
637.786	  4.84839e+07
638.073	  4.84506e+07
638.36	  4.84173e+07
638.647	  4.83839e+07
638.934	  4.83506e+07
639.221	  4.83173e+07
639.508	  4.8284e+07
639.795	  4.82507e+07
640.082	  4.82174e+07
640.369	  4.81841e+07
640.656	  4.81508e+07
640.943	  4.81175e+07
641.23	  4.80843e+07
641.517	  4.8051e+07
641.804	  4.80177e+07
642.091	  4.79845e+07
642.378	  4.79512e+07
642.665	  4.7918e+07
642.952	  4.78848e+07
643.239	  4.78515e+07
643.526	  4.78183e+07
643.813	  4.77851e+07
644.1	  4.77519e+07
644.387	  4.77187e+07
644.674	  4.76855e+07
644.961	  4.76523e+07
645.248	  4.76191e+07
645.535	  4.75859e+07
645.822	  4.75527e+07
646.109	  4.75196e+07
646.396	  4.74864e+07
646.683	  4.74532e+07
646.97	  4.74201e+07
647.257	  4.7387e+07
647.544	  4.73538e+07
647.831	  4.73207e+07
648.118	  4.72876e+07
648.405	  4.72545e+07
648.692	  4.72214e+07
648.979	  4.71883e+07
649.266	  4.71552e+07
649.553	  4.71221e+07
649.84	  4.7089e+07
650.127	  4.7056e+07
650.414	  4.70229e+07
650.701	  4.69899e+07
650.988	  4.69568e+07
651.275	  4.69238e+07
651.562	  4.68908e+07
651.849	  4.68578e+07
652.136	  4.68247e+07
652.423	  4.67917e+07
652.71	  4.67587e+07
652.997	  4.67258e+07
653.284	  4.66928e+07
653.571	  4.66598e+07
653.858	  4.66269e+07
654.145	  4.65939e+07
654.432	  4.6561e+07
654.719	  4.6528e+07
655.006	  4.64951e+07
655.293	  4.64622e+07
655.58	  4.64293e+07
655.867	  4.63964e+07
656.154	  4.63635e+07
656.441	  4.63306e+07
656.728	  4.62977e+07
657.015	  4.62649e+07
657.302	  4.6232e+07
657.589	  4.61992e+07
657.876	  4.61663e+07
658.163	  4.61335e+07
658.45	  4.61007e+07
658.737	  4.60679e+07
659.024	  4.60351e+07
659.311	  4.60023e+07
659.598	  4.59695e+07
659.885	  4.59367e+07
660.172	  4.5904e+07
660.459	  4.58712e+07
660.746	  4.58385e+07
661.033	  4.58058e+07
661.32	  4.5773e+07
661.607	  4.57403e+07
661.894	  4.57076e+07
662.181	  4.56749e+07
662.468	  4.56422e+07
662.755	  4.56096e+07
663.042	  4.55769e+07
663.329	  4.55443e+07
663.616	  4.55116e+07
663.903	  4.5479e+07
664.19	  4.54464e+07
664.477	  4.54138e+07
664.764	  4.53812e+07
665.051	  4.53486e+07
665.338	  4.5316e+07
665.625	  4.52834e+07
665.912	  4.52509e+07
666.199	  4.52183e+07
666.486	  4.51858e+07
666.773	  4.51532e+07
667.06	  4.51207e+07
667.347	  4.50882e+07
667.634	  4.50557e+07
667.921	  4.50233e+07
668.208	  4.49908e+07
668.495	  4.49583e+07
668.782	  4.49259e+07
669.069	  4.48934e+07
669.356	  4.4861e+07
669.643	  4.48286e+07
669.93	  4.47962e+07
670.217	  4.47638e+07
670.504	  4.47314e+07
670.791	  4.4699e+07
671.078	  4.46667e+07
671.365	  4.46343e+07
671.652	  4.4602e+07
671.939	  4.45697e+07
672.226	  4.45374e+07
672.513	  4.45051e+07
672.8	  4.44728e+07
673.087	  4.44405e+07
673.374	  4.44082e+07
673.661	  4.4376e+07
673.948	  4.43437e+07
674.235	  4.43115e+07
674.522	  4.42793e+07
674.809	  4.42471e+07
675.096	  4.42149e+07
675.383	  4.41827e+07
675.67	  4.41505e+07
675.957	  4.41184e+07
676.244	  4.40862e+07
676.531	  4.40541e+07
676.818	  4.40219e+07
677.105	  4.39898e+07
677.392	  4.39577e+07
677.679	  4.39257e+07
677.966	  4.38936e+07
678.253	  4.38615e+07
678.54	  4.38295e+07
678.827	  4.37974e+07
679.114	  4.37654e+07
679.401	  4.37334e+07
679.688	  4.37014e+07
679.975	  4.36694e+07
680.262	  4.36375e+07
680.549	  4.36055e+07
680.836	  4.35735e+07
681.123	  4.35416e+07
681.41	  4.35097e+07
681.697	  4.34778e+07
681.984	  4.34459e+07
682.271	  4.3414e+07
682.558	  4.33821e+07
682.845	  4.33503e+07
683.132	  4.33184e+07
683.419	  4.32866e+07
683.706	  4.32548e+07
683.993	  4.3223e+07
684.28	  4.31912e+07
684.567	  4.31594e+07
684.854	  4.31277e+07
685.141	  4.30959e+07
685.428	  4.30642e+07
685.715	  4.30324e+07
686.002	  4.30007e+07
686.289	  4.2969e+07
686.576	  4.29374e+07
686.863	  4.29057e+07
687.15	  4.2874e+07
687.437	  4.28424e+07
687.724	  4.28108e+07
688.011	  4.27791e+07
688.298	  4.27475e+07
688.585	  4.2716e+07
688.872	  4.26844e+07
689.159	  4.26528e+07
689.446	  4.26213e+07
689.733	  4.25897e+07
690.02	  4.25582e+07
690.307	  4.25267e+07
690.594	  4.24952e+07
690.881	  4.24638e+07
691.168	  4.24323e+07
691.455	  4.24008e+07
691.742	  4.23694e+07
692.029	  4.2338e+07
692.316	  4.23066e+07
692.603	  4.22752e+07
692.89	  4.22438e+07
693.177	  4.22125e+07
693.464	  4.21811e+07
693.751	  4.21498e+07
694.038	  4.21185e+07
694.325	  4.20871e+07
694.612	  4.20559e+07
694.899	  4.20246e+07
695.186	  4.19933e+07
695.473	  4.19621e+07
695.76	  4.19308e+07
696.047	  4.18996e+07
696.334	  4.18684e+07
696.621	  4.18372e+07
696.908	  4.1806e+07
697.195	  4.17749e+07
697.482	  4.17437e+07
697.769	  4.17126e+07
698.056	  4.16815e+07
698.343	  4.16504e+07
698.63	  4.16193e+07
698.917	  4.15882e+07
699.204	  4.15572e+07
699.491	  4.15261e+07
699.778	  4.14951e+07
700.065	  4.14641e+07
700.352	  4.14331e+07
700.639	  4.14021e+07
700.926	  4.13712e+07
701.213	  4.13402e+07
701.5	  4.13093e+07
701.787	  4.12783e+07
702.074	  4.12474e+07
702.361	  4.12165e+07
702.648	  4.11857e+07
702.935	  4.11548e+07
703.222	  4.1124e+07
703.509	  4.10931e+07
703.796	  4.10623e+07
704.083	  4.10315e+07
704.37	  4.10007e+07
704.657	  4.097e+07
704.944	  4.09392e+07
705.231	  4.09085e+07
705.518	  4.08777e+07
705.805	  4.0847e+07
706.092	  4.08163e+07
706.379	  4.07857e+07
706.666	  4.0755e+07
706.953	  4.07244e+07
707.24	  4.06937e+07
707.527	  4.06631e+07
707.814	  4.06325e+07
708.101	  4.06019e+07
708.388	  4.05714e+07
708.675	  4.05408e+07
708.962	  4.05103e+07
709.249	  4.04798e+07
709.536	  4.04493e+07
709.823	  4.04188e+07
710.11	  4.03883e+07
710.397	  4.03578e+07
710.684	  4.03274e+07
710.971	  4.0297e+07
711.258	  4.02666e+07
711.545	  4.02362e+07
711.832	  4.02058e+07
712.119	  4.01754e+07
712.406	  4.01451e+07
712.693	  4.01148e+07
712.98	  4.00845e+07
713.267	  4.00542e+07
713.554	  4.00239e+07
713.841	  3.99936e+07
714.128	  3.99634e+07
714.415	  3.99331e+07
714.702	  3.99029e+07
714.989	  3.98727e+07
715.276	  3.98425e+07
715.563	  3.98124e+07
715.85	  3.97822e+07
716.137	  3.97521e+07
716.424	  3.97219e+07
716.711	  3.96918e+07
716.998	  3.96618e+07
717.285	  3.96317e+07
717.572	  3.96016e+07
717.859	  3.95716e+07
718.146	  3.95416e+07
718.433	  3.95116e+07
718.72	  3.94816e+07
719.007	  3.94516e+07
719.294	  3.94217e+07
719.581	  3.93917e+07
719.868	  3.93618e+07
720.155	  3.93319e+07
720.442	  3.9302e+07
720.729	  3.92721e+07
721.016	  3.92423e+07
721.303	  3.92124e+07
721.59	  3.91826e+07
721.877	  3.91528e+07
722.164	  3.9123e+07
722.451	  3.90932e+07
722.738	  3.90635e+07
723.025	  3.90337e+07
723.312	  3.9004e+07
723.599	  3.89743e+07
723.886	  3.89446e+07
724.173	  3.89149e+07
724.46	  3.88853e+07
724.747	  3.88557e+07
725.034	  3.8826e+07
725.321	  3.87964e+07
725.608	  3.87668e+07
725.895	  3.87373e+07
726.182	  3.87077e+07
726.469	  3.86782e+07
726.756	  3.86487e+07
727.043	  3.86191e+07
727.33	  3.85897e+07
727.617	  3.85602e+07
727.904	  3.85307e+07
728.191	  3.85013e+07
728.478	  3.84719e+07
728.765	  3.84425e+07
729.052	  3.84131e+07
729.339	  3.83837e+07
729.626	  3.83544e+07
729.913	  3.8325e+07
730.2	  3.82957e+07
730.487	  3.82664e+07
730.774	  3.82371e+07
731.061	  3.82079e+07
731.348	  3.81786e+07
731.635	  3.81494e+07
731.922	  3.81202e+07
732.209	  3.8091e+07
732.496	  3.80618e+07
732.783	  3.80326e+07
733.07	  3.80035e+07
733.357	  3.79744e+07
733.644	  3.79453e+07
733.931	  3.79162e+07
734.218	  3.78871e+07
734.505	  3.7858e+07
734.792	  3.7829e+07
735.079	  3.78e+07
735.366	  3.77709e+07
735.653	  3.7742e+07
735.94	  3.7713e+07
736.227	  3.7684e+07
736.514	  3.76551e+07
736.801	  3.76262e+07
737.088	  3.75973e+07
737.375	  3.75684e+07
737.662	  3.75395e+07
737.949	  3.75107e+07
738.236	  3.74818e+07
738.523	  3.7453e+07
738.81	  3.74242e+07
739.097	  3.73954e+07
739.384	  3.73667e+07
739.671	  3.73379e+07
739.958	  3.73092e+07
740.245	  3.72805e+07
740.532	  3.72518e+07
740.819	  3.72231e+07
741.106	  3.71945e+07
741.393	  3.71658e+07
741.68	  3.71372e+07
741.967	  3.71086e+07
742.254	  3.708e+07
742.541	  3.70514e+07
742.828	  3.70229e+07
743.115	  3.69943e+07
743.402	  3.69658e+07
743.689	  3.69373e+07
743.976	  3.69088e+07
744.263	  3.68804e+07
744.55	  3.68519e+07
744.837	  3.68235e+07
745.124	  3.67951e+07
745.411	  3.67667e+07
745.698	  3.67383e+07
745.985	  3.671e+07
746.272	  3.66816e+07
746.559	  3.66533e+07
746.846	  3.6625e+07
747.133	  3.65967e+07
747.42	  3.65684e+07
747.707	  3.65402e+07
747.994	  3.65119e+07
748.281	  3.64837e+07
748.568	  3.64555e+07
748.855	  3.64273e+07
749.142	  3.63992e+07
749.429	  3.6371e+07
749.716	  3.63429e+07
750.003	  3.63148e+07
750.29	  3.62867e+07
750.577	  3.62586e+07
750.864	  3.62306e+07
751.151	  3.62025e+07
751.438	  3.61745e+07
751.725	  3.61465e+07
752.012	  3.61185e+07
752.299	  3.60906e+07
752.586	  3.60626e+07
752.873	  3.60347e+07
753.16	  3.60068e+07
753.447	  3.59789e+07
753.734	  3.5951e+07
754.021	  3.59231e+07
754.308	  3.58953e+07
754.595	  3.58675e+07
754.882	  3.58397e+07
755.169	  3.58119e+07
755.456	  3.57841e+07
755.743	  3.57564e+07
756.03	  3.57286e+07
756.317	  3.57009e+07
756.604	  3.56732e+07
756.891	  3.56455e+07
757.178	  3.56179e+07
757.465	  3.55902e+07
757.752	  3.55626e+07
758.039	  3.5535e+07
758.326	  3.55074e+07
758.613	  3.54798e+07
758.9	  3.54523e+07
759.187	  3.54248e+07
759.474	  3.53972e+07
759.761	  3.53697e+07
760.048	  3.53423e+07
760.335	  3.53148e+07
760.622	  3.52873e+07
760.909	  3.52599e+07
761.196	  3.52325e+07
761.483	  3.52051e+07
761.77	  3.51777e+07
762.057	  3.51504e+07
762.344	  3.51231e+07
762.631	  3.50957e+07
762.918	  3.50684e+07
763.205	  3.50412e+07
763.492	  3.50139e+07
763.779	  3.49866e+07
764.066	  3.49594e+07
764.353	  3.49322e+07
764.64	  3.4905e+07
764.927	  3.48778e+07
765.214	  3.48507e+07
765.501	  3.48236e+07
765.788	  3.47964e+07
766.075	  3.47693e+07
766.362	  3.47423e+07
766.649	  3.47152e+07
766.936	  3.46881e+07
767.223	  3.46611e+07
767.51	  3.46341e+07
767.797	  3.46071e+07
768.084	  3.45801e+07
768.371	  3.45532e+07
768.658	  3.45262e+07
768.945	  3.44993e+07
769.232	  3.44724e+07
769.519	  3.44455e+07
769.806	  3.44187e+07
770.093	  3.43918e+07
770.38	  3.4365e+07
770.667	  3.43382e+07
770.954	  3.43114e+07
771.241	  3.42846e+07
771.528	  3.42579e+07
771.815	  3.42311e+07
772.102	  3.42044e+07
772.389	  3.41777e+07
772.676	  3.4151e+07
772.963	  3.41244e+07
773.25	  3.40977e+07
773.537	  3.40711e+07
773.824	  3.40445e+07
774.111	  3.40179e+07
774.398	  3.39913e+07
774.685	  3.39648e+07
774.972	  3.39382e+07
775.259	  3.39117e+07
775.546	  3.38852e+07
775.833	  3.38587e+07
776.12	  3.38323e+07
776.407	  3.38058e+07
776.694	  3.37794e+07
776.981	  3.3753e+07
777.268	  3.37266e+07
777.555	  3.37002e+07
777.842	  3.36739e+07
778.129	  3.36476e+07
778.416	  3.36212e+07
778.703	  3.35949e+07
778.99	  3.35687e+07
779.277	  3.35424e+07
779.564	  3.35162e+07
779.851	  3.34899e+07
780.138	  3.34637e+07
780.425	  3.34375e+07
780.712	  3.34114e+07
780.999	  3.33852e+07
781.286	  3.33591e+07
781.573	  3.3333e+07
781.86	  3.33069e+07
782.147	  3.32808e+07
782.434	  3.32547e+07
782.721	  3.32287e+07
783.008	  3.32027e+07
783.295	  3.31766e+07
783.582	  3.31507e+07
783.869	  3.31247e+07
784.156	  3.30987e+07
784.443	  3.30728e+07
784.73	  3.30469e+07
785.017	  3.3021e+07
785.304	  3.29951e+07
785.591	  3.29693e+07
785.878	  3.29434e+07
786.165	  3.29176e+07
786.452	  3.28918e+07
786.739	  3.2866e+07
787.026	  3.28402e+07
787.313	  3.28145e+07
787.6	  3.27887e+07
787.887	  3.2763e+07
788.174	  3.27373e+07
788.461	  3.27117e+07
788.748	  3.2686e+07
789.035	  3.26604e+07
789.322	  3.26347e+07
789.609	  3.26091e+07
789.896	  3.25835e+07
790.183	  3.2558e+07
790.47	  3.25324e+07
790.757	  3.25069e+07
791.044	  3.24814e+07
791.331	  3.24559e+07
791.618	  3.24304e+07
791.905	  3.2405e+07
792.192	  3.23795e+07
792.479	  3.23541e+07
792.766	  3.23287e+07
793.053	  3.23033e+07
793.34	  3.22779e+07
793.627	  3.22526e+07
793.914	  3.22273e+07
794.201	  3.22019e+07
794.488	  3.21767e+07
794.775	  3.21514e+07
795.062	  3.21261e+07
795.349	  3.21009e+07
795.636	  3.20757e+07
795.923	  3.20505e+07
796.21	  3.20253e+07
796.497	  3.20001e+07
796.784	  3.1975e+07
797.071	  3.19498e+07
797.358	  3.19247e+07
797.645	  3.18996e+07
797.932	  3.18745e+07
798.219	  3.18495e+07
798.506	  3.18245e+07
798.793	  3.17994e+07
799.08	  3.17744e+07
799.367	  3.17494e+07
799.654	  3.17245e+07
799.941	  3.16995e+07
800.228	  3.16746e+07
800.515	  3.16497e+07
800.802	  3.16248e+07
801.089	  3.15999e+07
801.376	  3.15751e+07
801.663	  3.15502e+07
801.95	  3.15254e+07
802.237	  3.15006e+07
802.524	  3.14758e+07
802.811	  3.14511e+07
803.098	  3.14263e+07
803.385	  3.14016e+07
803.672	  3.13769e+07
803.959	  3.13522e+07
804.246	  3.13275e+07
804.533	  3.13028e+07
804.82	  3.12782e+07
805.107	  3.12536e+07
805.394	  3.1229e+07
805.681	  3.12044e+07
805.968	  3.11798e+07
806.255	  3.11553e+07
806.542	  3.11308e+07
806.829	  3.11062e+07
807.116	  3.10817e+07
807.403	  3.10573e+07
807.69	  3.10328e+07
807.977	  3.10084e+07
808.264	  3.0984e+07
808.551	  3.09596e+07
808.838	  3.09352e+07
809.125	  3.09108e+07
809.412	  3.08865e+07
809.699	  3.08621e+07
809.986	  3.08378e+07
810.273	  3.08135e+07
810.56	  3.07892e+07
810.847	  3.0765e+07
811.134	  3.07407e+07
811.421	  3.07165e+07
811.708	  3.06923e+07
811.995	  3.06681e+07
812.282	  3.0644e+07
812.569	  3.06198e+07
812.856	  3.05957e+07
813.143	  3.05716e+07
813.43	  3.05475e+07
813.717	  3.05234e+07
814.004	  3.04993e+07
814.291	  3.04753e+07
814.578	  3.04513e+07
814.865	  3.04273e+07
815.152	  3.04033e+07
815.439	  3.03793e+07
815.726	  3.03554e+07
816.013	  3.03314e+07
816.3	  3.03075e+07
816.587	  3.02836e+07
816.874	  3.02597e+07
817.161	  3.02359e+07
817.448	  3.0212e+07
817.735	  3.01882e+07
818.022	  3.01644e+07
818.309	  3.01406e+07
818.596	  3.01168e+07
818.883	  3.00931e+07
819.17	  3.00693e+07
819.457	  3.00456e+07
820.002	  3.00006e+07
820.031	  2.99982e+07
820.059	  2.99959e+07
820.088	  2.99935e+07
820.117	  2.99911e+07
820.146	  2.99888e+07
820.174	  2.99864e+07
820.203	  2.9984e+07
820.232	  2.99817e+07
820.26	  2.99793e+07
820.289	  2.99769e+07
820.318	  2.99746e+07
820.346	  2.99722e+07
820.375	  2.99698e+07
820.404	  2.99675e+07
820.433	  2.99651e+07
820.461	  2.99627e+07
820.49	  2.99604e+07
820.519	  2.9958e+07
820.547	  2.99557e+07
820.576	  2.99533e+07
820.605	  2.99509e+07
820.633	  2.89141e+07
820.662	  2.89118e+07
820.691	  2.89094e+07
820.72	  2.89071e+07
820.748	  2.89047e+07
820.777	  2.89024e+07
820.806	  2.89001e+07
820.834	  2.88977e+07
820.863	  2.88954e+07
820.892	  2.8893e+07
820.92	  2.88907e+07
820.949	  2.88884e+07
820.978	  2.8886e+07
821.007	  2.88837e+07
821.035	  2.88813e+07
821.064	  2.8879e+07
821.093	  2.88767e+07
821.121	  2.88743e+07
821.15	  2.8872e+07
821.179	  2.88697e+07
821.207	  2.88673e+07
821.236	  2.8865e+07
821.265	  2.88626e+07
821.294	  2.88603e+07
821.322	  2.8858e+07
821.351	  2.88556e+07
821.38	  2.88533e+07
821.408	  2.8851e+07
821.437	  2.88486e+07
821.466	  2.88463e+07
821.494	  2.88439e+07
821.523	  2.88416e+07
821.552	  2.88393e+07
821.581	  2.88369e+07
821.609	  2.88346e+07
821.638	  2.88323e+07
821.667	  2.88299e+07
821.695	  2.88276e+07
821.724	  2.88253e+07
821.753	  2.88229e+07
821.781	  2.88206e+07
821.81	  2.88183e+07
821.839	  2.88159e+07
821.868	  2.88136e+07
821.896	  2.88113e+07
821.925	  2.88089e+07
821.954	  2.88066e+07
821.982	  2.88043e+07
822.011	  2.88019e+07
822.011	  2.88019e+07
822.298	  2.87786e+07
822.585	  2.87553e+07
822.872	  2.8732e+07
823.159	  2.87088e+07
823.446	  2.86855e+07
823.733	  2.86623e+07
824.02	  2.86391e+07
824.307	  2.86159e+07
824.594	  2.85927e+07
824.881	  2.85696e+07
825.168	  2.85464e+07
825.455	  2.85233e+07
825.742	  2.85002e+07
826.029	  2.84771e+07
826.316	  2.8454e+07
826.603	  2.8431e+07
826.89	  2.84079e+07
827.177	  2.83849e+07
827.464	  2.83619e+07
827.751	  2.83389e+07
828.038	  2.8316e+07
828.325	  2.8293e+07
828.612	  2.82701e+07
828.899	  2.82472e+07
829.186	  2.82243e+07
829.473	  2.82014e+07
829.76	  2.81785e+07
830.047	  2.81557e+07
830.334	  2.81329e+07
830.621	  2.81101e+07
830.908	  2.80873e+07
831.195	  2.80645e+07
831.482	  2.80418e+07
831.769	  2.8019e+07
832.056	  2.79963e+07
832.343	  2.79736e+07
832.63	  2.79509e+07
832.917	  2.79282e+07
833.204	  2.79056e+07
833.491	  2.7883e+07
833.778	  2.78603e+07
834.065	  2.78377e+07
834.352	  2.78152e+07
834.639	  2.77926e+07
834.926	  2.77701e+07
835.213	  2.77475e+07
835.5	  2.7725e+07
835.787	  2.77025e+07
836.074	  2.76801e+07
836.361	  2.76576e+07
836.648	  2.76352e+07
836.935	  2.76127e+07
837.222	  2.75903e+07
837.509	  2.75679e+07
837.796	  2.75456e+07
838.083	  2.75232e+07
838.37	  2.75009e+07
838.657	  2.74786e+07
838.944	  2.74563e+07
839.231	  2.7434e+07
839.518	  2.74117e+07
839.805	  2.73894e+07
840.092	  2.73672e+07
840.379	  2.7345e+07
840.666	  2.73228e+07
840.953	  2.73006e+07
841.24	  2.72785e+07
841.527	  2.72563e+07
841.814	  2.72342e+07
842.101	  2.72121e+07
842.388	  2.719e+07
842.675	  2.71679e+07
842.962	  2.71458e+07
843.249	  2.71238e+07
843.536	  2.71018e+07
843.823	  2.70798e+07
844.11	  2.70578e+07
844.397	  2.70358e+07
844.684	  2.70138e+07
844.971	  2.69919e+07
845.258	  2.697e+07
845.545	  2.69481e+07
845.832	  2.69262e+07
846.119	  2.69043e+07
846.406	  2.68824e+07
846.693	  2.68606e+07
846.98	  2.68388e+07
847.267	  2.6817e+07
847.554	  2.67952e+07
847.841	  2.67734e+07
848.128	  2.67517e+07
848.415	  2.67299e+07
848.702	  2.67082e+07
848.989	  2.66865e+07
849.276	  2.66648e+07
849.563	  2.66432e+07
849.85	  2.66215e+07
850.137	  2.65999e+07
850.424	  2.65783e+07
850.711	  2.65567e+07
850.998	  2.65351e+07
851.285	  2.65135e+07
851.572	  2.6492e+07
851.859	  2.64705e+07
852.146	  2.64489e+07
852.433	  2.64274e+07
852.72	  2.6406e+07
853.007	  2.63845e+07
853.294	  2.63631e+07
853.581	  2.63416e+07
853.868	  2.63202e+07
854.155	  2.62988e+07
854.442	  2.62774e+07
854.729	  2.62561e+07
855.016	  2.62347e+07
855.303	  2.62134e+07
855.59	  2.61921e+07
855.877	  2.61708e+07
856.164	  2.61495e+07
856.451	  2.61283e+07
856.738	  2.6107e+07
857.025	  2.60858e+07
857.312	  2.60646e+07
857.599	  2.60434e+07
857.886	  2.60222e+07
858.173	  2.60011e+07
858.46	  2.59799e+07
858.747	  2.59588e+07
859.034	  2.59377e+07
859.321	  2.59166e+07
859.608	  2.58955e+07
859.895	  2.58745e+07
860.182	  2.58534e+07
860.469	  2.58324e+07
860.756	  2.58114e+07
861.043	  2.57904e+07
861.33	  2.57694e+07
861.617	  2.57485e+07
861.904	  2.57275e+07
862.191	  2.57066e+07
862.478	  2.56857e+07
862.765	  2.56648e+07
863.052	  2.56439e+07
863.339	  2.56231e+07
863.626	  2.56022e+07
863.913	  2.55814e+07
864.2	  2.55606e+07
864.487	  2.55398e+07
864.774	  2.5519e+07
865.061	  2.54983e+07
865.348	  2.54775e+07
865.635	  2.54568e+07
865.922	  2.54361e+07
866.209	  2.54154e+07
866.496	  2.53947e+07
866.783	  2.5374e+07
867.07	  2.53534e+07
867.357	  2.53328e+07
867.644	  2.53122e+07
867.931	  2.52916e+07
868.218	  2.5271e+07
868.505	  2.52504e+07
868.792	  2.52299e+07
869.079	  2.52094e+07
869.366	  2.51889e+07
869.653	  2.51684e+07
869.94	  2.51479e+07
870.227	  2.51274e+07
870.514	  2.5107e+07
870.801	  2.50865e+07
871.088	  2.50661e+07
871.375	  2.50457e+07
871.662	  2.50254e+07
871.949	  2.5005e+07
872.236	  2.49846e+07
872.523	  2.49643e+07
872.81	  2.4944e+07
873.097	  2.49237e+07
873.384	  2.49034e+07
873.671	  2.48832e+07
873.958	  2.48629e+07
874.245	  2.48427e+07
874.532	  2.48225e+07
874.819	  2.48023e+07
875.106	  2.47821e+07
875.393	  2.47619e+07
875.68	  2.47418e+07
875.967	  2.47216e+07
876.254	  2.47015e+07
876.541	  2.46814e+07
876.828	  2.46613e+07
877.115	  2.46412e+07
877.402	  2.46212e+07
877.689	  2.46012e+07
877.976	  2.45811e+07
878.263	  2.45611e+07
878.55	  2.45411e+07
878.837	  2.45212e+07
879.124	  2.45012e+07
879.411	  2.44813e+07
879.698	  2.44613e+07
879.985	  2.44414e+07
880.272	  2.44215e+07
880.559	  2.44017e+07
880.846	  2.43818e+07
881.133	  2.4362e+07
881.42	  2.43421e+07
881.707	  2.43223e+07
881.994	  2.43025e+07
882.281	  2.42827e+07
882.568	  2.4263e+07
882.855	  2.42432e+07
883.142	  2.42235e+07
883.429	  2.42038e+07
883.716	  2.41841e+07
884.003	  2.41644e+07
884.29	  2.41447e+07
884.577	  2.41251e+07
884.864	  2.41054e+07
885.151	  2.40858e+07
885.438	  2.40662e+07
885.725	  2.40466e+07
886.012	  2.40271e+07
886.299	  2.40075e+07
886.586	  2.3988e+07
886.873	  2.39684e+07
887.16	  2.39489e+07
887.447	  2.39294e+07
887.734	  2.391e+07
888.021	  2.38905e+07
888.308	  2.3871e+07
888.595	  2.38516e+07
888.882	  2.38322e+07
889.169	  2.38128e+07
889.456	  2.37934e+07
889.743	  2.37741e+07
890.03	  2.37547e+07
890.317	  2.37354e+07
890.604	  2.37161e+07
890.891	  2.36967e+07
891.178	  2.36775e+07
891.465	  2.36582e+07
891.752	  2.36389e+07
892.039	  2.36197e+07
892.326	  2.36005e+07
892.613	  2.35813e+07
892.9	  2.35621e+07
893.187	  2.35429e+07
893.474	  2.35237e+07
893.761	  2.35046e+07
894.048	  2.34854e+07
894.335	  2.34663e+07
894.622	  2.34472e+07
894.909	  2.34282e+07
895.196	  2.34091e+07
895.483	  2.339e+07
895.77	  2.3371e+07
896.057	  2.3352e+07
896.344	  2.3333e+07
896.631	  2.3314e+07
896.918	  2.3295e+07
897.205	  2.3276e+07
897.492	  2.32571e+07
897.779	  2.32382e+07
898.066	  2.32193e+07
898.353	  2.32004e+07
898.64	  2.31815e+07
898.927	  2.31626e+07
899.214	  2.31438e+07
899.501	  2.31249e+07
899.788	  2.31061e+07
900.075	  2.30873e+07
900.362	  2.30685e+07
900.649	  2.30497e+07
900.936	  2.3031e+07
901.223	  2.30122e+07
901.51	  2.29935e+07
901.797	  2.29748e+07
902.084	  2.29561e+07
902.371	  2.29374e+07
902.658	  2.29188e+07
902.945	  2.29001e+07
903.232	  2.28815e+07
903.519	  2.28628e+07
903.806	  2.28442e+07
904.093	  2.28257e+07
904.38	  2.28071e+07
904.667	  2.27885e+07
904.954	  2.277e+07
905.241	  2.27515e+07
905.528	  2.27329e+07
905.815	  2.27144e+07
906.102	  2.2696e+07
906.389	  2.26775e+07
906.676	  2.2659e+07
906.963	  2.26406e+07
907.25	  2.26222e+07
907.537	  2.26038e+07
907.824	  2.25854e+07
908.111	  2.2567e+07
908.398	  2.25486e+07
908.685	  2.25303e+07
908.972	  2.2512e+07
909.259	  2.24937e+07
909.546	  2.24754e+07
909.833	  2.24571e+07
910.12	  2.24388e+07
910.407	  2.24205e+07
910.694	  2.24023e+07
910.981	  2.23841e+07
911.268	  2.23659e+07
911.555	  2.23477e+07
911.842	  2.23295e+07
912.129	  2.23113e+07
912.416	  2.22932e+07
912.703	  2.2275e+07
912.99	  2.22569e+07
913.277	  2.22388e+07
913.564	  2.22207e+07
913.851	  2.22026e+07
914.138	  2.21846e+07
914.425	  2.21665e+07
914.712	  2.21485e+07
914.999	  2.21305e+07
915.286	  2.21125e+07
915.573	  2.20945e+07
915.86	  2.20765e+07
916.147	  2.20586e+07
916.434	  2.20406e+07
916.721	  2.20227e+07
917.008	  2.20048e+07
917.295	  2.19869e+07
917.582	  2.1969e+07
917.869	  2.19512e+07
918.156	  2.19333e+07
918.443	  2.19155e+07
918.73	  2.18977e+07
919.017	  2.18798e+07
919.304	  2.1862e+07
919.591	  2.18443e+07
919.878	  2.18265e+07
920.165	  2.18088e+07
920.452	  2.1791e+07
920.739	  2.17733e+07
921.026	  2.17556e+07
921.313	  2.17379e+07
921.6	  2.17202e+07
921.887	  2.17026e+07
922.174	  2.16849e+07
922.461	  2.16673e+07
922.748	  2.16497e+07
923.035	  2.16321e+07
923.322	  2.16145e+07
923.609	  2.15969e+07
923.896	  2.15794e+07
924.183	  2.15618e+07
924.47	  2.15443e+07
924.757	  2.15268e+07
925.044	  2.15093e+07
925.331	  2.14918e+07
925.618	  2.14743e+07
925.905	  2.14569e+07
926.192	  2.14394e+07
926.479	  2.1422e+07
926.766	  2.14046e+07
927.053	  2.13872e+07
927.34	  2.13698e+07
927.627	  2.13524e+07
927.914	  2.13351e+07
928.201	  2.13177e+07
928.488	  2.13004e+07
928.775	  2.12831e+07
929.062	  2.12658e+07
929.349	  2.12485e+07
929.636	  2.12312e+07
929.923	  2.1214e+07
930.21	  2.11968e+07
930.497	  2.11795e+07
930.784	  2.11623e+07
931.071	  2.11451e+07
931.358	  2.11279e+07
931.645	  2.11108e+07
931.932	  2.10936e+07
932.219	  2.10765e+07
932.506	  2.10594e+07
932.793	  2.10422e+07
933.08	  2.10251e+07
933.367	  2.10081e+07
933.654	  2.0991e+07
933.941	  2.09739e+07
934.228	  2.09569e+07
934.515	  2.09399e+07
934.802	  2.09229e+07
935.089	  2.09059e+07
935.376	  2.08889e+07
935.663	  2.08719e+07
935.95	  2.0855e+07
936.237	  2.0838e+07
936.524	  2.08211e+07
936.811	  2.08042e+07
937.098	  2.07873e+07
937.385	  2.07704e+07
937.672	  2.07535e+07
937.959	  2.07367e+07
938.246	  2.07198e+07
938.533	  2.0703e+07
938.82	  2.06862e+07
939.107	  2.06694e+07
939.394	  2.06526e+07
939.681	  2.06358e+07
939.968	  2.06191e+07
940.255	  2.06023e+07
940.542	  2.05856e+07
940.829	  2.05689e+07
941.116	  2.05522e+07
941.403	  2.05355e+07
941.69	  2.05188e+07
941.977	  2.05022e+07
942.264	  2.04855e+07
942.551	  2.04689e+07
942.838	  2.04523e+07
943.125	  2.04357e+07
943.412	  2.04191e+07
943.699	  2.04025e+07
943.986	  2.0386e+07
944.273	  2.03694e+07
944.56	  2.03529e+07
944.847	  2.03364e+07
945.134	  2.03199e+07
945.421	  2.03034e+07
945.708	  2.02869e+07
945.995	  2.02704e+07
946.282	  2.0254e+07
946.569	  2.02375e+07
946.856	  2.02211e+07
947.143	  2.02047e+07
947.43	  2.01883e+07
947.717	  2.01719e+07
948.004	  2.01555e+07
948.291	  2.01392e+07
948.578	  2.01229e+07
948.865	  2.01065e+07
949.152	  2.00902e+07
949.439	  2.00739e+07
949.726	  2.00576e+07
950.013	  2.00414e+07
950.3	  2.00251e+07
950.587	  2.00088e+07
950.874	  1.99926e+07
951.161	  1.99764e+07
951.448	  1.99602e+07
951.735	  1.9944e+07
952.022	  1.99278e+07
952.309	  1.99117e+07
952.596	  1.98955e+07
952.883	  1.98794e+07
953.17	  1.98633e+07
953.457	  1.98471e+07
953.744	  1.9831e+07
954.031	  1.9815e+07
954.318	  1.97989e+07
954.605	  1.97828e+07
954.892	  1.97668e+07
955.179	  1.97508e+07
955.466	  1.97348e+07
955.753	  1.97188e+07
956.04	  1.97028e+07
956.327	  1.96868e+07
956.614	  1.96708e+07
956.901	  1.96549e+07
957.188	  1.96389e+07
957.475	  1.9623e+07
957.762	  1.96071e+07
958.049	  1.95912e+07
958.336	  1.95753e+07
958.623	  1.95595e+07
958.91	  1.95436e+07
959.197	  1.95278e+07
959.484	  1.9512e+07
959.771	  1.94961e+07
960.058	  1.94803e+07
960.345	  1.94646e+07
960.632	  1.94488e+07
960.919	  1.9433e+07
961.206	  1.94173e+07
961.493	  1.94015e+07
961.78	  1.93858e+07
962.067	  1.93701e+07
962.354	  1.93544e+07
962.641	  1.93387e+07
962.928	  1.93231e+07
963.215	  1.93074e+07
963.502	  1.92918e+07
963.789	  1.92761e+07
964.076	  1.92605e+07
964.363	  1.92449e+07
964.65	  1.92293e+07
964.937	  1.92138e+07
965.224	  1.91982e+07
965.511	  1.91826e+07
965.798	  1.91671e+07
966.085	  1.91516e+07
966.372	  1.91361e+07
966.659	  1.91206e+07
966.946	  1.91051e+07
967.233	  1.90896e+07
967.52	  1.90742e+07
967.807	  1.90587e+07
968.094	  1.90433e+07
968.381	  1.90279e+07
968.668	  1.90125e+07
968.955	  1.89971e+07
969.242	  1.89817e+07
969.529	  1.89663e+07
969.816	  1.8951e+07
970.103	  1.89356e+07
970.39	  1.89203e+07
970.677	  1.8905e+07
970.964	  1.88897e+07
971.251	  1.88744e+07
971.538	  1.88591e+07
971.825	  1.88438e+07
972.112	  1.88286e+07
972.399	  1.88134e+07
972.686	  1.87981e+07
972.973	  1.87829e+07
973.26	  1.87677e+07
973.547	  1.87525e+07
973.834	  1.87374e+07
974.121	  1.87222e+07
974.408	  1.8707e+07
974.695	  1.86919e+07
974.982	  1.86768e+07
975.269	  1.86617e+07
975.556	  1.86466e+07
975.843	  1.86315e+07
976.13	  1.86164e+07
976.417	  1.86014e+07
976.704	  1.85863e+07
976.991	  1.85713e+07
977.278	  1.85563e+07
977.565	  1.85413e+07
977.852	  1.85263e+07
978.139	  1.85113e+07
978.426	  1.84963e+07
978.713	  1.84813e+07
979	  1.84664e+07
979.287	  1.84515e+07
979.574	  1.84366e+07
979.861	  1.84216e+07
980.148	  1.84067e+07
980.435	  1.83919e+07
980.722	  1.8377e+07
981.009	  1.83621e+07
981.296	  1.83473e+07
981.583	  1.83325e+07
981.87	  1.83176e+07
982.157	  1.83028e+07
982.444	  1.8288e+07
982.731	  1.82733e+07
983.018	  1.82585e+07
983.305	  1.82437e+07
983.592	  1.8229e+07
983.879	  1.82143e+07
984.166	  1.81995e+07
984.453	  1.81848e+07
984.74	  1.81701e+07
985.027	  1.81555e+07
985.314	  1.81408e+07
985.601	  1.81261e+07
985.888	  1.81115e+07
986.175	  1.80969e+07
986.462	  1.80822e+07
986.749	  1.80676e+07
987.036	  1.8053e+07
987.323	  1.80385e+07
987.61	  1.80239e+07
987.897	  1.80093e+07
988.184	  1.79948e+07
988.471	  1.79802e+07
988.758	  1.79657e+07
989.045	  1.79512e+07
989.332	  1.79367e+07
989.619	  1.79222e+07
989.906	  1.79078e+07
990.193	  1.78933e+07
990.48	  1.78789e+07
990.767	  1.78644e+07
991.054	  1.785e+07
991.341	  1.78356e+07
991.628	  1.78212e+07
991.915	  1.78068e+07
992.202	  1.77924e+07
992.489	  1.77781e+07
992.776	  1.77637e+07
993.063	  1.77494e+07
993.35	  1.77351e+07
993.637	  1.77207e+07
993.924	  1.77064e+07
994.211	  1.76921e+07
994.498	  1.76779e+07
994.785	  1.76636e+07
995.072	  1.76494e+07
995.359	  1.76351e+07
995.646	  1.76209e+07
995.933	  1.76067e+07
996.22	  1.75925e+07
996.507	  1.75783e+07
996.794	  1.75641e+07
997.081	  1.75499e+07
997.368	  1.75358e+07
997.655	  1.75216e+07
997.942	  1.75075e+07
998.229	  1.74934e+07
998.516	  1.74793e+07
998.803	  1.74652e+07
999.09	  1.74511e+07
999.377	  1.7437e+07
999.664	  1.74229e+07
999.951	  1.74089e+07
1000.24	  1.73949e+07
1000.52	  1.73808e+07
1000.81	  1.73668e+07
1001.1	  1.73528e+07
1001.39	  1.73388e+07
1001.67	  1.73248e+07
1001.96	  1.73109e+07
1002.25	  1.72969e+07
1002.53	  1.7283e+07
1002.82	  1.72691e+07
1003.11	  1.72551e+07
1003.39	  1.72412e+07
1003.68	  1.72273e+07
1003.97	  1.72134e+07
1004.26	  1.71996e+07
1004.54	  1.71857e+07
1004.83	  1.71719e+07
1005.12	  1.7158e+07
1005.4	  1.71442e+07
1005.69	  1.71304e+07
1005.98	  1.71166e+07
1006.26	  1.71028e+07
1006.55	  1.7089e+07
1006.84	  1.70753e+07
1007.13	  1.70615e+07
1007.41	  1.70478e+07
1007.7	  1.7034e+07
1007.99	  1.70203e+07
1008.27	  1.70066e+07
1008.56	  1.69929e+07
1008.85	  1.69792e+07
1009.13	  1.69656e+07
1009.42	  1.69519e+07
1009.71	  1.69382e+07
1010	  1.69246e+07
1010.28	  1.6911e+07
1010.57	  1.68974e+07
1010.86	  1.68838e+07
1011.14	  1.68702e+07
1011.43	  1.68566e+07
1011.72	  1.6843e+07
1012	  1.68295e+07
1012.29	  1.68159e+07
1012.58	  1.68024e+07
1012.87	  1.67889e+07
1013.15	  1.67754e+07
1013.44	  1.67619e+07
1013.73	  1.67484e+07
1014.01	  1.67349e+07
1014.3	  1.67214e+07
1014.59	  1.6708e+07
1014.88	  1.66945e+07
1015.16	  1.66811e+07
1015.45	  1.66677e+07
1015.74	  1.66543e+07
1016.02	  1.66409e+07
1016.31	  1.66275e+07
1016.6	  1.66141e+07
1016.88	  1.66007e+07
1017.17	  1.65874e+07
1017.46	  1.65741e+07
1017.75	  1.65607e+07
1018.03	  1.65474e+07
1018.32	  1.65341e+07
1018.61	  1.65208e+07
1018.89	  1.65075e+07
1019.18	  1.64943e+07
1019.47	  1.6481e+07
1019.98	  1.64575e+07
1021.08	  1.64069e+07
1022.17	  1.63564e+07
1023.27	  1.63061e+07
1024.38	  1.62559e+07
1025.47	  1.6206e+07
1026.58	  1.61561e+07
1027.67	  1.61065e+07
1028.78	  1.6057e+07
1029.88	  1.60076e+07
1030.97	  1.59584e+07
1032.08	  1.59094e+07
1033.17	  1.58605e+07
1034.28	  1.58118e+07
1035.38	  1.57633e+07
1036.47	  1.57149e+07
1037.58	  1.56667e+07
1038.67	  1.56186e+07
1039.78	  1.55707e+07
1040.88	  1.55229e+07
1041.97	  1.54753e+07
1043.08	  1.54279e+07
1044.17	  1.53806e+07
1045.28	  1.53334e+07
1046.38	  1.52864e+07
1047.47	  1.52396e+07
1048.58	  1.51929e+07
1049.67	  1.51464e+07
1050.78	  1.51e+07
1051.88	  1.50538e+07
1052.97	  1.50077e+07
1054.08	  1.49618e+07
1055.17	  1.4916e+07
1056.28	  1.48703e+07
1057.38	  1.48249e+07
1058.47	  1.47795e+07
1059.58	  1.47343e+07
1060.67	  1.46893e+07
1061.78	  1.46444e+07
1062.88	  1.45996e+07
1063.97	  1.4555e+07
1065.08	  1.45106e+07
1066.17	  1.44663e+07
1067.28	  1.44221e+07
1068.38	  1.43781e+07
1069.47	  1.43342e+07
1070.58	  1.42905e+07
1071.67	  1.42469e+07
1072.78	  1.42034e+07
1073.88	  1.41601e+07
1074.97	  1.41169e+07
1076.08	  1.40739e+07
1077.17	  1.4031e+07
1078.28	  1.39882e+07
1079.38	  1.39456e+07
1080.47	  1.39031e+07
1081.58	  1.38608e+07
1082.67	  1.38186e+07
1083.78	  1.37765e+07
1084.88	  1.37346e+07
1085.97	  1.36928e+07
1087.08	  1.36512e+07
1088.17	  1.36097e+07
1089.28	  1.35683e+07
1090.38	  1.3527e+07
1091.47	  1.34859e+07
1092.58	  1.34449e+07
1093.67	  1.34041e+07
1094.78	  1.33634e+07
1095.88	  1.33228e+07
1096.97	  1.32823e+07
1098.08	  1.3242e+07
1099.17	  1.32018e+07
1100.28	  1.31617e+07
1101.38	  1.31218e+07
1102.47	  1.3082e+07
1103.58	  1.30423e+07
1104.67	  1.30028e+07
1105.78	  1.29634e+07
1106.88	  1.29241e+07
1107.97	  1.28849e+07
1109.08	  1.28459e+07
1110.17	  1.2807e+07
1111.28	  1.27682e+07
1112.38	  1.27296e+07
1113.47	  1.26911e+07
1114.58	  1.26527e+07
1115.67	  1.26144e+07
1116.78	  1.25762e+07
1117.88	  1.25382e+07
1118.97	  1.25003e+07
1120.08	  1.24625e+07
1121.17	  1.24248e+07
1122.28	  1.23873e+07
1123.38	  1.23499e+07
1124.47	  1.23126e+07
1125.58	  1.22754e+07
1126.67	  1.22384e+07
1127.78	  1.22014e+07
1128.88	  1.21646e+07
1129.97	  1.21279e+07
1131.08	  1.20914e+07
1132.17	  1.20549e+07
1133.28	  1.20186e+07
1134.38	  1.19823e+07
1135.47	  1.19462e+07
1136.58	  1.19102e+07
1137.67	  1.18744e+07
1138.78	  1.18386e+07
1139.88	  1.1803e+07
1140.97	  1.17675e+07
1142.08	  1.17321e+07
1143.17	  1.16968e+07
1144.28	  1.16616e+07
1145.38	  1.16265e+07
1146.47	  1.15916e+07
1147.58	  1.15567e+07
1148.67	  1.1522e+07
1149.78	  1.14874e+07
1150.88	  1.14529e+07
1151.97	  1.14185e+07
1153.08	  1.13842e+07
1154.17	  1.135e+07
1155.28	  1.1316e+07
1156.38	  1.1282e+07
1157.47	  1.12482e+07
1158.58	  1.12145e+07
1159.67	  1.11809e+07
1160.78	  1.11474e+07
1161.88	  1.1114e+07
1162.97	  1.10807e+07
1164.08	  1.10475e+07
1165.17	  1.10144e+07
1166.28	  1.09814e+07
1167.38	  1.09486e+07
1168.47	  1.09158e+07
1169.58	  1.08831e+07
1170.67	  1.08506e+07
1171.78	  1.08182e+07
1172.88	  1.07858e+07
1173.97	  1.07536e+07
1175.08	  1.07215e+07
1176.17	  1.06894e+07
1177.28	  1.06575e+07
1178.38	  1.06257e+07
1179.47	  1.0594e+07
1180.58	  1.05624e+07
1181.67	  1.05309e+07
1182.78	  1.04995e+07
1183.88	  1.04681e+07
1184.97	  1.04369e+07
1186.08	  1.04058e+07
1187.17	  1.03748e+07
1188.28	  1.03439e+07
1189.38	  1.03131e+07
1190.47	  1.02824e+07
1191.58	  1.02518e+07
1192.67	  1.02213e+07
1193.78	  1.01909e+07
1194.88	  1.01606e+07
1195.97	  1.01304e+07
1197.08	  1.01003e+07
1198.17	  1.00702e+07
1199.28	  1.00403e+07
1200.38	  1.00105e+07
1201.47	  9.98077e+06
1202.58	  9.95114e+06
1203.67	  9.9216e+06
1204.78	  9.89216e+06
1205.88	  9.86281e+06
1206.97	  9.83356e+06
1208.08	  9.8044e+06
1209.17	  9.77534e+06
1210.28	  9.74637e+06
1211.38	  9.7175e+06
1212.47	  9.68872e+06
1213.58	  9.66003e+06
1214.67	  9.63143e+06
1215.78	  9.60293e+06
1216.88	  9.57452e+06
1217.97	  9.54619e+06
1219.08	  9.51797e+06
1220.17	  9.48983e+06
1221.28	  9.46178e+06
1222.38	  9.43382e+06
1223.47	  9.40596e+06
1224.58	  9.37818e+06
1225.67	  9.3505e+06
1226.78	  9.3229e+06
1227.88	  9.29539e+06
1228.97	  9.26797e+06
1230.08	  9.24064e+06
1231.17	  9.2134e+06
1232.28	  9.18625e+06
1233.38	  9.15918e+06
1234.47	  9.1322e+06
1235.58	  9.10531e+06
1236.67	  9.0785e+06
1237.78	  9.05178e+06
1238.88	  9.02515e+06
1239.97	  8.99861e+06
1241.08	  8.97215e+06
1242.17	  8.94577e+06
1243.28	  8.91948e+06
1244.38	  8.89328e+06
1245.47	  8.86716e+06
1246.58	  8.84112e+06
1247.67	  8.81517e+06
1248.78	  8.7893e+06
1249.88	  8.76352e+06
1250.97	  8.73782e+06
1252.08	  8.7122e+06
1253.17	  8.68666e+06
1254.28	  8.66121e+06
1255.38	  8.63584e+06
1256.47	  8.61056e+06
1257.58	  8.58535e+06
1258.67	  8.56023e+06
1259.78	  8.53518e+06
1260.88	  8.51022e+06
1261.97	  8.48534e+06
1263.08	  8.46054e+06
1264.17	  8.43582e+06
1265.28	  8.41118e+06
1266.38	  8.38662e+06
1267.47	  8.36214e+06
1268.58	  8.33774e+06
1269.67	  8.31341e+06
1270.78	  8.28917e+06
1271.88	  8.265e+06
1272.97	  8.24092e+06
1274.08	  8.21691e+06
1275.17	  8.19298e+06
1276.28	  8.16913e+06
1277.38	  8.14535e+06
1278.47	  8.12165e+06
1279.58	  8.09803e+06
1280.67	  8.07448e+06
1281.78	  8.05102e+06
1282.88	  8.02762e+06
1283.97	  8.00431e+06
1285.08	  7.98107e+06
1286.17	  7.9579e+06
1287.28	  7.93481e+06
1288.38	  7.9118e+06
1289.47	  7.88886e+06
1290.58	  7.86599e+06
1291.67	  7.8432e+06
1292.78	  7.82048e+06
1293.88	  7.79784e+06
1294.97	  7.77527e+06
1296.08	  7.75277e+06
1297.17	  7.73035e+06
1298.28	  7.708e+06
1299.38	  7.68572e+06
1300.47	  7.66352e+06
1301.58	  7.64139e+06
1302.67	  7.61933e+06
1303.78	  7.59734e+06
1304.88	  7.57543e+06
1305.97	  7.55358e+06
1307.08	  7.53181e+06
1308.17	  7.51011e+06
1309.28	  7.48847e+06
1310.38	  7.46691e+06
1311.47	  7.44542e+06
1312.58	  7.424e+06
1313.67	  7.40266e+06
1314.78	  7.38138e+06
1315.88	  7.36017e+06
1316.97	  7.33902e+06
1318.08	  7.31795e+06
1319.17	  7.29695e+06
1320.28	  7.27602e+06
1321.38	  7.25515e+06
1322.47	  7.23436e+06
1323.58	  7.21363e+06
1324.67	  7.19297e+06
1325.78	  7.17238e+06
1326.88	  7.15185e+06
1327.97	  7.13139e+06
1329.08	  7.111e+06
1330.17	  7.09068e+06
1331.28	  7.07043e+06
1332.38	  7.05024e+06
1333.47	  7.03011e+06
1334.58	  7.01006e+06
1335.67	  6.99007e+06
1336.78	  6.97014e+06
1337.88	  6.95028e+06
1338.97	  6.93049e+06
1340.08	  6.91076e+06
1341.17	  6.8911e+06
1342.28	  6.8715e+06
1343.38	  6.85197e+06
1344.47	  6.8325e+06
1345.58	  6.8131e+06
1346.67	  6.79376e+06
1347.78	  6.77448e+06
1348.88	  6.75527e+06
1349.97	  6.73613e+06
1351.08	  6.71704e+06
1352.17	  6.69802e+06
1353.28	  6.67906e+06
1354.38	  6.66017e+06
1355.47	  6.64134e+06
1356.58	  6.62257e+06
1357.67	  6.60386e+06
1358.78	  6.58522e+06
1359.88	  6.56664e+06
1360.97	  6.54812e+06
1362.08	  6.52966e+06
1363.17	  6.51126e+06
1364.28	  6.49293e+06
1365.38	  6.47465e+06
1366.47	  6.45644e+06
1367.58	  6.43829e+06
1368.67	  6.4202e+06
1369.78	  6.40217e+06
1370.88	  6.3842e+06
1371.97	  6.36629e+06
1373.08	  6.34844e+06
1374.17	  6.33065e+06
1375.28	  6.31292e+06
1376.38	  6.29525e+06
1377.47	  6.27764e+06
1378.58	  6.26009e+06
1379.67	  6.2426e+06
1380.78	  6.22517e+06
1381.88	  6.2078e+06
1382.97	  6.19048e+06
1384.08	  6.17322e+06
1385.17	  6.15603e+06
1386.28	  6.13889e+06
1387.38	  6.12181e+06
1388.47	  6.10478e+06
1389.58	  6.08782e+06
1390.67	  6.07091e+06
1391.78	  6.05406e+06
1392.88	  6.03727e+06
1393.97	  6.02053e+06
1395.08	  6.00385e+06
1396.17	  5.98723e+06
1397.28	  5.97067e+06
1398.38	  5.95416e+06
1399.47	  5.93771e+06
1400.58	  5.92131e+06
1401.67	  5.90497e+06
1402.78	  5.88869e+06
1403.88	  5.87246e+06
1404.97	  5.85629e+06
1406.08	  5.84018e+06
1407.17	  5.82412e+06
1408.28	  5.80811e+06
1409.38	  5.79216e+06
1410.47	  5.77627e+06
1411.58	  5.76043e+06
1412.67	  5.74464e+06
1413.78	  5.72891e+06
1414.88	  5.71324e+06
1415.97	  5.69762e+06
1417.08	  5.68205e+06
1418.17	  5.66654e+06
1419.28	  5.65108e+06
1420.38	  5.63567e+06
1421.47	  5.62032e+06
1422.58	  5.60503e+06
1423.67	  5.58978e+06
1424.78	  5.57459e+06
1425.88	  5.55946e+06
1426.97	  5.54437e+06
1428.08	  5.52934e+06
1429.17	  5.51436e+06
1430.28	  5.49944e+06
1431.38	  5.48456e+06
1432.47	  5.46974e+06
1433.58	  5.45498e+06
1434.67	  5.44026e+06
1435.78	  5.4256e+06
1436.88	  5.41098e+06
1437.97	  5.39642e+06
1439.08	  5.38192e+06
1440.17	  5.36746e+06
1441.28	  5.35305e+06
1442.38	  5.3387e+06
1443.47	  5.3244e+06
1444.58	  5.31015e+06
1445.67	  5.29595e+06
1446.78	  5.2818e+06
1447.88	  5.2677e+06
1448.97	  5.25365e+06
1450.08	  5.23965e+06
1451.17	  5.22571e+06
1452.28	  5.21181e+06
1453.38	  5.19796e+06
1454.47	  5.18417e+06
1455.58	  5.17042e+06
1456.67	  5.15673e+06
1457.78	  5.14308e+06
1458.88	  4.88414e+06
1459.97	  4.87051e+06
1461.08	  4.85693e+06
1462.17	  4.84341e+06
1463.28	  4.82993e+06
1464.38	  4.81651e+06
1465.47	  4.80314e+06
1466.58	  4.78981e+06
1467.67	  4.77654e+06
1468.78	  4.76332e+06
1469.88	  4.75015e+06
1470.97	  4.73702e+06
1472.08	  4.72395e+06
1473.17	  4.71093e+06
1474.28	  4.69795e+06
1475.38	  4.68503e+06
1476.47	  4.67216e+06
1477.58	  4.65933e+06
1478.67	  4.64656e+06
1479.78	  4.63383e+06
1480.88	  4.62116e+06
1481.97	  4.60853e+06
1483.08	  4.59595e+06
1484.17	  4.58342e+06
1485.28	  4.57094e+06
1486.38	  4.55851e+06
1487.47	  4.54613e+06
1488.58	  4.53379e+06
1489.67	  4.52151e+06
1490.78	  4.50927e+06
1491.88	  4.49708e+06
1492.97	  4.48494e+06
1494.08	  4.47285e+06
1495.17	  4.46081e+06
1496.28	  4.44881e+06
1497.38	  4.43687e+06
1498.47	  4.42497e+06
1499.58	  4.41312e+06
1500.67	  4.40131e+06
1501.78	  4.38956e+06
1502.88	  4.37785e+06
1503.97	  4.36619e+06
1505.08	  4.35458e+06
1506.17	  4.34301e+06
1507.28	  4.3315e+06
1508.38	  4.32003e+06
1509.47	  4.3086e+06
1510.58	  4.29723e+06
1511.67	  4.2859e+06
1512.78	  4.27462e+06
1513.88	  4.26338e+06
1514.97	  4.2522e+06
1516.08	  4.24106e+06
1517.17	  4.22996e+06
1518.28	  4.21892e+06
1519.38	  4.20792e+06
1520.47	  4.19697e+06
1521.58	  4.18606e+06
1522.67	  4.1752e+06
1523.78	  4.16439e+06
1524.88	  4.15362e+06
1525.97	  4.1429e+06
1527.08	  4.13223e+06
1528.17	  4.1216e+06
1529.28	  4.11102e+06
1530.38	  4.10048e+06
1531.47	  4.09e+06
1532.58	  4.07955e+06
1533.67	  4.06916e+06
1534.78	  4.05881e+06
1535.88	  4.0485e+06
1536.97	  4.03825e+06
1538.08	  4.02803e+06
1539.17	  4.01787e+06
1540.28	  4.00775e+06
1541.38	  3.99767e+06
1542.47	  3.98764e+06
1543.58	  3.97766e+06
1544.67	  3.96772e+06
1545.78	  3.95783e+06
1546.88	  3.94799e+06
1547.97	  3.93819e+06
1549.08	  3.92843e+06
1550.17	  3.91872e+06
1551.28	  3.90906e+06
1552.38	  3.89944e+06
1553.47	  3.88987e+06
1554.58	  3.88034e+06
1555.67	  3.87086e+06
1556.78	  3.86142e+06
1557.88	  3.85203e+06
1558.97	  3.84269e+06
1560.08	  3.83339e+06
1561.17	  3.82413e+06
1562.28	  3.81493e+06
1563.38	  3.80576e+06
1564.47	  3.79664e+06
1565.58	  3.78757e+06
1566.67	  3.77854e+06
1567.78	  3.76956e+06
1568.88	  3.76062e+06
1569.97	  3.75173e+06
1571.08	  3.74289e+06
1572.17	  3.73409e+06
1573.28	  3.72533e+06
1574.38	  3.71662e+06
1575.47	  3.70796e+06
1576.58	  3.69934e+06
1577.67	  3.69076e+06
1578.78	  3.68223e+06
1579.88	  3.67375e+06
1580.97	  3.66531e+06
1582.08	  3.65692e+06
1583.17	  3.64858e+06
1584.28	  3.64028e+06
1585.38	  3.63202e+06
1586.47	  3.62381e+06
1587.58	  3.61565e+06
1588.67	  3.60754e+06
1589.78	  3.59946e+06
1590.88	  3.59144e+06
1591.97	  3.58346e+06
1593.08	  3.57553e+06
1594.17	  3.56764e+06
1595.28	  3.5598e+06
1596.38	  3.55201e+06
1597.47	  3.54426e+06
1598.58	  3.53656e+06
1599.67	  3.52891e+06
1600.78	  3.52131e+06
1601.88	  3.51375e+06
1602.97	  3.50624e+06
1604.08	  3.49877e+06
1605.17	  3.49136e+06
1606.28	  3.48399e+06
1607.38	  3.47667e+06
1608.47	  3.4694e+06
1609.58	  3.46218e+06
1610.67	  3.455e+06
1611.78	  3.44788e+06
1612.88	  3.4408e+06
1613.97	  3.43378e+06
1615.08	  3.4268e+06
1616.17	  3.41988e+06
1617.28	  3.41301e+06
1618.38	  3.40618e+06
1619.47	  3.39942e+06
1620.58	  3.3927e+06
1621.67	  3.38603e+06
1622.78	  3.37942e+06
1623.88	  3.37287e+06
1624.97	  3.36637e+06
1626.08	  3.35993e+06
1627.17	  3.35354e+06
1628.28	  3.34721e+06
1629.38	  3.34095e+06
1630.47	  3.33474e+06
1631.58	  3.3286e+06
1632.67	  3.32252e+06
1633.78	  3.31651e+06
1634.88	  3.31057e+06
1635.97	  3.3047e+06
1637.08	  3.29892e+06
1638.17	  3.29322e+06
1639.28	  3.28762e+06
1640.38	  3.28212e+06
1641.47	  3.27677e+06
1642.58	  3.27166e+06
1643.67	  3.26661e+06
1644.78	  3.26156e+06
1645.88	  3.25652e+06
1646.97	  3.25149e+06
1648.08	  3.24646e+06
1649.17	  3.24144e+06
1650.28	  3.23643e+06
1651.38	  3.23143e+06
1652.47	  3.22644e+06
1653.58	  3.22145e+06
1654.67	  3.21647e+06
1655.78	  3.2115e+06
1656.88	  3.20654e+06
1657.97	  3.20158e+06
1659.08	  3.19663e+06
1660.17	  3.19169e+06
1661.28	  3.18676e+06
1662.38	  3.18183e+06
1663.47	  3.17691e+06
1664.58	  3.172e+06
1665.67	  3.1671e+06
1666.78	  3.1622e+06
1667.88	  3.15732e+06
1668.97	  3.15243e+06
1670.08	  3.14756e+06
1671.17	  3.1427e+06
1672.28	  3.13784e+06
1673.38	  3.13299e+06
1674.47	  3.12814e+06
1675.58	  3.12331e+06
1676.67	  3.11848e+06
1677.78	  3.11366e+06
1678.88	  3.10884e+06
1679.97	  3.10404e+06
1681.08	  3.09924e+06
1682.17	  3.09445e+06
1683.28	  3.08966e+06
1684.38	  3.08488e+06
1685.47	  3.08011e+06
1686.58	  3.07535e+06
1687.67	  3.0706e+06
1688.78	  3.06585e+06
1689.88	  3.06111e+06
1690.97	  3.05638e+06
1692.08	  3.05165e+06
1693.17	  3.04693e+06
1694.28	  3.04222e+06
1695.38	  3.03752e+06
1696.47	  3.03282e+06
1697.58	  3.02813e+06
1698.67	  3.02345e+06
1699.78	  3.01877e+06
1700.88	  3.01411e+06
1701.97	  3.00944e+06
1703.08	  3.00479e+06
1704.17	  3.00014e+06
1705.28	  2.99551e+06
1706.38	  2.99087e+06
1707.47	  2.98625e+06
1708.58	  2.98163e+06
1709.67	  2.97702e+06
1710.78	  2.97242e+06
1711.88	  2.96782e+06
1712.97	  2.96323e+06
1714.08	  2.95865e+06
1715.17	  2.95408e+06
1716.28	  2.94951e+06
1717.38	  2.94495e+06
1718.47	  2.94039e+06
1719.58	  2.93585e+06
1720.67	  2.93131e+06
1721.78	  2.92678e+06
1722.88	  2.92225e+06
1723.97	  2.91773e+06
1725.08	  2.91322e+06
1726.17	  2.90872e+06
1727.28	  2.90422e+06
1728.38	  2.89973e+06
1729.47	  2.89525e+06
1730.58	  2.89077e+06
1731.67	  2.8863e+06
1732.78	  2.88184e+06
1733.88	  2.87738e+06
1734.97	  2.87293e+06
1736.08	  2.86849e+06
1737.17	  2.86406e+06
1738.28	  2.85963e+06
1739.38	  2.85521e+06
1740.47	  2.85079e+06
1741.58	  2.84639e+06
1742.67	  2.84199e+06
1743.78	  2.83759e+06
1744.88	  2.8332e+06
1745.97	  2.82882e+06
1747.08	  2.82445e+06
1748.17	  2.82009e+06
1749.28	  2.81573e+06
1750.38	  2.81137e+06
1751.47	  2.80703e+06
1752.58	  2.80269e+06
1753.67	  2.79836e+06
1754.78	  2.79403e+06
1755.88	  2.78971e+06
1756.97	  2.7854e+06
1758.08	  2.78109e+06
1759.17	  2.7768e+06
1760.28	  2.7725e+06
1761.38	  2.76822e+06
1762.47	  2.76394e+06
1763.58	  2.75967e+06
1764.67	  2.7554e+06
1765.78	  2.75115e+06
1766.88	  2.74689e+06
1767.97	  2.74265e+06
1769.08	  2.73841e+06
1770.17	  2.73418e+06
1771.28	  2.72995e+06
1772.38	  2.72574e+06
1773.47	  2.72152e+06
1774.58	  2.71732e+06
1775.67	  2.71312e+06
1776.78	  2.70893e+06
1777.88	  2.70474e+06
1778.97	  2.70056e+06
1780.08	  2.69639e+06
1781.17	  2.69222e+06
1782.28	  2.68806e+06
1783.38	  2.68391e+06
1784.47	  2.67977e+06
1785.58	  2.67563e+06
1786.67	  2.67149e+06
1787.78	  2.66737e+06
1788.88	  2.66325e+06
1789.97	  2.65913e+06
1791.08	  2.65502e+06
1792.17	  2.65092e+06
1793.28	  2.64683e+06
1794.38	  2.64274e+06
1795.47	  2.63866e+06
1796.58	  2.63458e+06
1797.67	  2.63052e+06
1798.78	  2.62645e+06
1799.88	  2.6224e+06
1800.97	  2.61835e+06
1802.08	  2.6143e+06
1803.17	  2.61027e+06
1804.28	  2.60624e+06
1805.38	  2.60221e+06
1806.47	  2.59819e+06
1807.58	  2.59418e+06
1808.67	  2.59018e+06
1809.78	  2.58618e+06
1810.88	  2.58219e+06
1811.97	  2.5782e+06
1813.08	  2.57422e+06
1814.17	  2.57025e+06
1815.28	  2.56628e+06
1816.38	  2.56232e+06
1817.47	  2.55836e+06
1818.58	  2.55441e+06
1819.67	  2.55047e+06
1820.78	  2.54654e+06
1821.88	  2.54261e+06
1822.97	  2.53868e+06
1824.08	  2.53476e+06
1825.17	  2.53085e+06
1826.28	  2.52695e+06
1827.38	  2.52305e+06
1828.47	  2.51916e+06
1829.58	  2.51527e+06
1830.67	  2.51139e+06
1831.78	  2.50751e+06
1832.88	  2.50365e+06
1833.97	  2.49978e+06
1835.08	  2.49593e+06
1836.17	  2.49208e+06
1837.28	  2.48823e+06
1838.38	  2.4844e+06
1839.47	  2.48057e+06
1840.58	  2.47674e+06
1841.67	  2.47292e+06
1842.78	  2.46911e+06
1843.88	  2.4653e+06
1844.97	  2.4615e+06
1846.08	  2.4577e+06
1847.17	  2.45391e+06
1848.28	  2.45013e+06
1849.38	  2.44635e+06
1850.47	  2.44258e+06
1851.58	  2.43882e+06
1852.67	  2.43506e+06
1853.78	  2.4313e+06
1854.88	  2.42756e+06
1855.97	  2.42381e+06
1857.08	  2.42008e+06
1858.17	  2.41635e+06
1859.28	  2.41262e+06
1860.38	  2.40891e+06
1861.47	  2.4052e+06
1862.58	  2.40149e+06
1863.67	  2.39779e+06
1864.78	  2.39409e+06
1865.88	  2.39041e+06
1866.97	  2.38672e+06
1868.08	  2.38305e+06
1869.17	  2.37938e+06
1870.28	  2.37571e+06
1871.38	  2.37205e+06
1872.47	  2.3684e+06
1873.58	  2.36475e+06
1874.67	  2.36111e+06
1875.78	  2.35747e+06
1876.88	  2.35384e+06
1877.97	  2.35022e+06
1879.08	  2.3466e+06
1880.17	  2.34299e+06
1881.28	  2.33938e+06
1882.38	  2.33578e+06
1883.47	  2.33218e+06
1884.58	  2.32859e+06
1885.67	  2.32501e+06
1886.78	  2.32143e+06
1887.88	  2.31786e+06
1888.97	  2.31429e+06
1890.08	  2.31073e+06
1891.17	  2.30718e+06
1892.28	  2.30363e+06
1893.38	  2.30008e+06
1894.47	  2.29654e+06
1895.58	  2.29301e+06
1896.67	  2.28948e+06
1897.78	  2.28596e+06
1898.88	  2.28244e+06
1899.97	  2.27893e+06
1901.08	  2.27543e+06
1902.17	  2.27193e+06
1903.28	  2.26844e+06
1904.38	  2.26495e+06
1905.47	  2.26146e+06
1906.58	  2.25799e+06
1907.67	  2.25452e+06
1908.78	  2.25105e+06
1909.88	  2.24759e+06
1910.97	  2.24414e+06
1912.08	  2.24069e+06
1913.17	  2.23724e+06
1914.28	  2.2338e+06
1915.38	  2.23037e+06
1916.47	  2.22694e+06
1917.58	  2.22352e+06
1918.67	  2.22011e+06
1919.78	  2.2167e+06
1920.88	  2.21329e+06
1921.97	  2.20989e+06
1923.08	  2.2065e+06
1924.17	  2.20311e+06
1925.28	  2.19972e+06
1926.38	  2.19634e+06
1927.47	  2.19297e+06
1928.58	  2.1896e+06
1929.67	  2.18624e+06
1930.78	  2.18289e+06
1931.88	  2.17953e+06
1932.97	  2.17619e+06
1934.08	  2.17285e+06
1935.17	  2.16951e+06
1936.28	  2.16618e+06
1937.38	  2.16286e+06
1938.47	  2.15954e+06
1939.58	  2.15623e+06
1940.67	  2.15292e+06
1941.78	  2.14961e+06
1942.88	  2.14632e+06
1943.97	  2.14302e+06
1945.08	  2.13974e+06
1946.17	  2.13645e+06
1947.28	  2.13318e+06
1948.38	  2.12991e+06
1949.47	  2.12664e+06
1950.58	  2.12338e+06
1951.67	  2.12012e+06
1952.78	  2.11687e+06
1953.88	  2.11363e+06
1954.97	  2.11039e+06
1956.08	  2.10715e+06
1957.17	  2.10392e+06
1958.28	  2.1007e+06
1959.38	  2.09748e+06
1960.47	  2.09426e+06
1961.58	  2.09105e+06
1962.67	  2.08785e+06
1963.78	  2.08465e+06
1964.88	  2.08146e+06
1965.97	  2.07827e+06
1967.08	  2.07509e+06
1968.17	  2.07191e+06
1969.28	  2.06873e+06
1970.38	  2.06557e+06
1971.47	  2.0624e+06
1972.58	  2.05925e+06
1973.67	  2.05609e+06
1974.78	  2.05295e+06
1975.88	  2.0498e+06
1976.97	  2.04667e+06
1978.08	  2.04353e+06
1979.17	  2.04041e+06
1980.28	  2.03728e+06
1981.38	  2.03417e+06
1982.47	  2.03105e+06
1983.58	  2.02795e+06
1984.67	  2.02484e+06
1985.78	  2.02175e+06
1986.88	  2.01865e+06
1987.97	  2.01557e+06
1989.08	  2.01248e+06
1990.17	  2.00941e+06
1991.28	  2.00633e+06
1992.38	  2.00327e+06
1993.47	  2.0002e+06
1994.58	  1.99715e+06
1995.67	  1.99409e+06
1996.78	  1.99105e+06
1997.88	  1.988e+06
1998.97	  1.98496e+06
2000.08	  1.98193e+06
2001.17	  1.9789e+06
2002.28	  1.97588e+06
2003.38	  1.97286e+06
2004.47	  1.96985e+06
2005.58	  1.96684e+06
2006.67	  1.96384e+06
2007.78	  1.96084e+06
2008.88	  1.95784e+06
2009.97	  1.95485e+06
2011.08	  1.95187e+06
2012.17	  1.94889e+06
2013.28	  1.94591e+06
2014.38	  1.94294e+06
2015.47	  1.93998e+06
2016.58	  1.93702e+06
2017.67	  1.93406e+06
2018.78	  1.93111e+06
2019.88	  1.92816e+06
2020.97	  1.92522e+06
2022.08	  1.92229e+06
2023.18	  1.91935e+06
2024.28	  1.91643e+06
2025.38	  1.9135e+06
2026.47	  1.91059e+06
2027.58	  1.90767e+06
2028.68	  1.90477e+06
2029.78	  1.90186e+06
2030.88	  1.89896e+06
2031.97	  1.89607e+06
2033.08	  1.89318e+06
2034.18	  1.89029e+06
2035.28	  1.88741e+06
2036.38	  1.88454e+06
2037.47	  1.88167e+06
2038.58	  1.8788e+06
2039.68	  1.87594e+06
2040.78	  1.87308e+06
2041.88	  1.87023e+06
2042.97	  1.86738e+06
2044.08	  1.86454e+06
2045.18	  1.8617e+06
2046.28	  1.85887e+06
2047.38	  1.85604e+06
2048.47	  1.85321e+06
2049.57	  1.85039e+06
2050.68	  1.84758e+06
2051.78	  1.84477e+06
2052.88	  1.84196e+06
2053.97	  1.83916e+06
2055.07	  1.83636e+06
2056.18	  1.83357e+06
2057.28	  1.83078e+06
2058.38	  1.82799e+06
2059.47	  1.82521e+06
2060.57	  1.82244e+06
2061.68	  1.81967e+06
2062.78	  1.8169e+06
2063.88	  1.81414e+06
2064.97	  1.81138e+06
2066.07	  1.80863e+06
2067.18	  1.80588e+06
2068.28	  1.80314e+06
2069.38	  1.8004e+06
2070.47	  1.79767e+06
2071.57	  1.79494e+06
2072.68	  1.79221e+06
2073.78	  1.78949e+06
2074.88	  1.78677e+06
2075.97	  1.78406e+06
2077.07	  1.78135e+06
2078.18	  1.77865e+06
2079.28	  1.77595e+06
2080.38	  1.77325e+06
2081.47	  1.77056e+06
2082.57	  1.76787e+06
2083.68	  1.76519e+06
2084.78	  1.76251e+06
2085.88	  1.75984e+06
2086.97	  1.75717e+06
2088.07	  1.75451e+06
2089.18	  1.75185e+06
2090.28	  1.74919e+06
2091.38	  1.74654e+06
2092.47	  1.74389e+06
2093.57	  1.74125e+06
2094.68	  1.73861e+06
2095.78	  1.73598e+06
2096.88	  1.73335e+06
2097.97	  1.73072e+06
2099.07	  1.7281e+06
2100.18	  1.72548e+06
2101.28	  1.72287e+06
2102.38	  1.72026e+06
2103.47	  1.71765e+06
2104.57	  1.71505e+06
2105.68	  1.71246e+06
2106.78	  1.70986e+06
2107.88	  1.70728e+06
2108.97	  1.70469e+06
2110.07	  1.70211e+06
2111.18	  1.69954e+06
2112.28	  1.69697e+06
2113.38	  1.6944e+06
2114.47	  1.69184e+06
2115.57	  1.68928e+06
2116.68	  1.68672e+06
2117.78	  1.68417e+06
2118.88	  1.68163e+06
2119.97	  1.67909e+06
2121.07	  1.67655e+06
2122.18	  1.67401e+06
2123.28	  1.67148e+06
2124.38	  1.66896e+06
2125.47	  1.66644e+06
2126.57	  1.66392e+06
2127.68	  1.66141e+06
2128.78	  1.6589e+06
2129.88	  1.65639e+06
2130.97	  1.65389e+06
2132.07	  1.65139e+06
2133.18	  1.6489e+06
2134.28	  1.64641e+06
2135.38	  1.64393e+06
2136.47	  1.64145e+06
2137.57	  1.63897e+06
2138.68	  1.6365e+06
2139.78	  1.63403e+06
2140.88	  1.63156e+06
2141.97	  1.6291e+06
2143.07	  1.62665e+06
2144.18	  1.62419e+06
2145.28	  1.62174e+06
2146.38	  1.6193e+06
2147.47	  1.61686e+06
2148.57	  1.61442e+06
2149.68	  1.61199e+06
2150.78	  1.60956e+06
2151.88	  1.60714e+06
2152.97	  1.60471e+06
2154.07	  1.6023e+06
2155.18	  1.59988e+06
2156.28	  1.59748e+06
2157.38	  1.59507e+06
2158.47	  1.59267e+06
2159.57	  1.59027e+06
2160.68	  1.58788e+06
2161.78	  1.58549e+06
2162.88	  1.5831e+06
2163.97	  1.58072e+06
2165.07	  1.57834e+06
2166.18	  1.57597e+06
2167.28	  1.5736e+06
2168.38	  1.57123e+06
2169.47	  1.56887e+06
2170.57	  1.56651e+06
2171.68	  1.56416e+06
2172.78	  1.5618e+06
2173.88	  1.55946e+06
2174.97	  1.55711e+06
2176.07	  1.55477e+06
2177.18	  1.55244e+06
2178.28	  1.55011e+06
2179.38	  1.54778e+06
2180.47	  1.54545e+06
2181.57	  1.54313e+06
2182.68	  1.54082e+06
2183.78	  1.5385e+06
2184.88	  1.53619e+06
2185.97	  1.53389e+06
2187.07	  1.53159e+06
2188.18	  1.52929e+06
2189.28	  1.527e+06
2190.38	  1.5247e+06
2191.47	  1.52242e+06
2192.57	  1.52013e+06
2193.68	  1.51786e+06
2194.78	  1.51558e+06
2195.88	  1.51331e+06
2196.97	  1.51104e+06
2198.07	  1.50877e+06
2199.18	  1.50651e+06
2200.28	  1.50426e+06
2201.38	  1.502e+06
2202.47	  1.49975e+06
2203.57	  1.49751e+06
2204.68	  1.49526e+06
2205.78	  1.49303e+06
2206.88	  1.49079e+06
2207.97	  1.48856e+06
2209.07	  1.48633e+06
2210.18	  1.48411e+06
2211.28	  1.48189e+06
2212.38	  1.47967e+06
2213.47	  1.47746e+06
2214.57	  1.47525e+06
2215.68	  1.47304e+06
2216.78	  1.47084e+06
2217.88	  1.46864e+06
2218.97	  1.46644e+06
2220.07	  1.46425e+06
2221.18	  1.46206e+06
2222.28	  1.45988e+06
2223.38	  1.4577e+06
2224.47	  1.45552e+06
2225.57	  1.45334e+06
2226.68	  1.45117e+06
2227.78	  1.44901e+06
2228.88	  1.44684e+06
2229.97	  1.44468e+06
2231.07	  1.44253e+06
2232.18	  1.44037e+06
2233.28	  1.43822e+06
2234.38	  1.43608e+06
2235.47	  1.43394e+06
2236.57	  1.4318e+06
2237.68	  1.42966e+06
2238.78	  1.42753e+06
2239.88	  1.4254e+06
2240.97	  1.42328e+06
2242.07	  1.42115e+06
2243.18	  1.41904e+06
2244.28	  1.41692e+06
2245.38	  1.41481e+06
2246.47	  1.4127e+06
2247.57	  1.4106e+06
2248.68	  1.4085e+06
2249.78	  1.4064e+06
2250.88	  1.40431e+06
2251.97	  1.40222e+06
2253.07	  1.40013e+06
2254.18	  1.39804e+06
2255.28	  1.39596e+06
2256.38	  1.39389e+06
2257.47	  1.39181e+06
2258.57	  1.38974e+06
2259.68	  1.38768e+06
2260.78	  1.38561e+06
2261.88	  1.38355e+06
2262.97	  1.3815e+06
2264.07	  1.37944e+06
2265.18	  1.37739e+06
2266.28	  1.37535e+06
2267.38	  1.3733e+06
2268.47	  1.37126e+06
2269.57	  1.36922e+06
2270.68	  1.36719e+06
2271.78	  1.36516e+06
2272.88	  1.36313e+06
2273.97	  1.36111e+06
2275.07	  1.35909e+06
2276.18	  1.35707e+06
2277.28	  1.35506e+06
2278.38	  1.35305e+06
2279.47	  1.35104e+06
2280.57	  1.3309e+06
2281.68	  1.32895e+06
2282.78	  1.32701e+06
2283.88	  1.32507e+06
2284.97	  1.32313e+06
2286.07	  1.3212e+06
2287.18	  1.31927e+06
2288.28	  1.31734e+06
2289.38	  1.31542e+06
2290.47	  1.3135e+06
2291.57	  1.31158e+06
2292.68	  1.30967e+06
2293.78	  1.30775e+06
2294.88	  1.30585e+06
2295.97	  1.30394e+06
2297.07	  1.30204e+06
2298.18	  1.30014e+06
2299.28	  1.29824e+06
2300.38	  1.29635e+06
2301.47	  1.29446e+06
2302.57	  1.29257e+06
2303.68	  1.29069e+06
2304.78	  1.28881e+06
2305.88	  1.28693e+06
2306.97	  1.28505e+06
2308.07	  1.28318e+06
2309.18	  1.28131e+06
2310.28	  1.27945e+06
2311.38	  1.27758e+06
2312.47	  1.27572e+06
2313.57	  1.27387e+06
2314.68	  1.27201e+06
2315.78	  1.27016e+06
2316.88	  1.26831e+06
2317.97	  1.26647e+06
2319.07	  1.26462e+06
2320.18	  1.26278e+06
2321.28	  1.26095e+06
2322.38	  1.25911e+06
2323.47	  1.25728e+06
2324.57	  1.25546e+06
2325.68	  1.25363e+06
2326.78	  1.25181e+06
2327.88	  1.24999e+06
2328.97	  1.24818e+06
2330.07	  1.24636e+06
2331.18	  1.24455e+06
2332.28	  1.24274e+06
2333.38	  1.24094e+06
2334.47	  1.23914e+06
2335.57	  1.23734e+06
2336.68	  1.23554e+06
2337.78	  1.23375e+06
2338.88	  1.23196e+06
2339.97	  1.23017e+06
2341.07	  1.22839e+06
2342.18	  1.22661e+06
2343.28	  1.22483e+06
2344.38	  1.22305e+06
2345.47	  1.22128e+06
2346.57	  1.21951e+06
2347.68	  1.21774e+06
2348.78	  1.21598e+06
2349.88	  1.21422e+06
2350.97	  1.21246e+06
2352.07	  1.2107e+06
2353.18	  1.20895e+06
2354.28	  1.2072e+06
2355.38	  1.20545e+06
2356.47	  1.20371e+06
2357.57	  1.20197e+06
2358.68	  1.20023e+06
2359.78	  1.19849e+06
2360.88	  1.19676e+06
2361.97	  1.19503e+06
2363.07	  1.1933e+06
2364.18	  1.19157e+06
2365.28	  1.18985e+06
2366.38	  1.18813e+06
2367.47	  1.18641e+06
2368.57	  1.1847e+06
2369.68	  1.18299e+06
2370.78	  1.18128e+06
2371.88	  1.17957e+06
2372.97	  1.17787e+06
2374.07	  1.17617e+06
2375.18	  1.17447e+06
2376.28	  1.17278e+06
2377.38	  1.17108e+06
2378.47	  1.16939e+06
2379.57	  1.16771e+06
2380.68	  1.16602e+06
2381.78	  1.16434e+06
2382.88	  1.16266e+06
2383.97	  1.16099e+06
2385.07	  1.15931e+06
2386.18	  1.15764e+06
2387.28	  1.15597e+06
2388.38	  1.15431e+06
2389.47	  1.15264e+06
2390.57	  1.15098e+06
2391.68	  1.14933e+06
2392.78	  1.14767e+06
2393.88	  1.14602e+06
2394.97	  1.14437e+06
2396.07	  1.14272e+06
2397.18	  1.14108e+06
2398.28	  1.13944e+06
2399.38	  1.1378e+06
2400.47	  1.13616e+06
2401.57	  1.13453e+06
2402.68	  1.1329e+06
2403.78	  1.13127e+06
2404.88	  1.12964e+06
2405.97	  1.12802e+06
2407.07	  1.1264e+06
2408.18	  1.12478e+06
2409.28	  1.12316e+06
2410.38	  1.12155e+06
2411.47	  1.11994e+06
2412.57	  1.11833e+06
2413.68	  1.11673e+06
2414.78	  1.11512e+06
2415.88	  1.11352e+06
2416.97	  1.11192e+06
2418.07	  1.11033e+06
2419.18	  1.10874e+06
2420.28	  1.10715e+06
2421.38	  1.10556e+06
2422.47	  1.10397e+06
2423.57	  1.10239e+06
2424.68	  1.10081e+06
2425.78	  1.09923e+06
2426.88	  1.09766e+06
2427.97	  1.09609e+06
2429.07	  1.09452e+06
2430.18	  1.09295e+06
2431.28	  1.09138e+06
2432.38	  1.08982e+06
2433.47	  1.08826e+06
2434.57	  1.08671e+06
2435.68	  1.08515e+06
2436.78	  1.0836e+06
2437.88	  1.08205e+06
2438.97	  1.0805e+06
2440.07	  1.07896e+06
2441.18	  1.07741e+06
2442.28	  1.07587e+06
2443.38	  1.07434e+06
2444.47	  1.0728e+06
2445.57	  1.07127e+06
2446.68	  1.06974e+06
2447.78	  1.06821e+06
2448.88	  1.06668e+06
2449.97	  1.06516e+06
2451.07	  1.06364e+06
2452.18	  1.06212e+06
2453.28	  1.06061e+06
2454.38	  1.05909e+06
2455.47	  1.05758e+06
2456.57	  1.05607e+06
2457.68	  1.05457e+06
2458.78	  1.05306e+06
2459.88	  1.05156e+06
2460.97	  1.05006e+06
2462.07	  1.04857e+06
2463.18	  1.04707e+06
2464.28	  1.04558e+06
2465.38	  1.04409e+06
2466.47	  1.04261e+06
2467.57	  1.04112e+06
2468.68	  1.03964e+06
2469.78	  1.03816e+06
2470.88	  1.03668e+06
2471.97	  1.03521e+06
2473.07	  1.03373e+06
2474.18	  1.03226e+06
2475.28	  1.0308e+06
2476.38	  1.02933e+06
2477.47	  1.02787e+06
