Emission arising from a slab of Hydrogen (both H and H-).
   
Parameters of the slab:
n_e = 1e+11 cm-3
T_e = 10500 K
tau(lambda=300 nm) = 1
L = 1.80866e+14 cm
   
Wavelength (nm), Emission (erg s-1 cm-2 nm-1 sr-1)
50	  481.132
91.2	  181260
120	  3.69015e+06
150	  2.19423e+07
175	  5.62695e+07
200	  1.07458e+08
225	  1.68603e+08
250	  2.30401e+08
270	  2.74637e+08
290	  3.10939e+08
300	  3.25555e+08
305	  3.31932e+08
310	  3.3768e+08
315	  3.42801e+08
320	  3.473e+08
322.5	  3.49318e+08
325	  3.51183e+08
327	  3.52567e+08
329	  3.53854e+08
329.999	  3.54462e+08
330.266	  3.5462e+08
330.533	  3.54777e+08
330.8	  3.54932e+08
331.067	  3.55085e+08
331.334	  3.55237e+08
331.601	  3.55387e+08
331.868	  3.55535e+08
332.135	  3.55682e+08
332.402	  3.55826e+08
332.669	  3.5597e+08
332.936	  3.56111e+08
333.203	  3.56251e+08
333.47	  3.5639e+08
333.737	  3.56526e+08
334.004	  3.56661e+08
334.271	  3.56795e+08
334.538	  3.56927e+08
334.805	  3.57057e+08
335.072	  3.57185e+08
335.339	  3.57312e+08
335.606	  3.57437e+08
335.873	  3.57561e+08
336.14	  3.57683e+08
336.407	  3.57803e+08
336.674	  3.57921e+08
336.941	  3.58039e+08
337.208	  3.58154e+08
337.475	  3.58268e+08
337.742	  3.5838e+08
338.009	  3.58491e+08
338.276	  3.586e+08
338.543	  3.58707e+08
338.81	  3.58813e+08
339.077	  3.58917e+08
339.344	  3.59019e+08
339.611	  3.5912e+08
339.878	  3.5922e+08
340.145	  3.59318e+08
340.412	  3.59414e+08
340.679	  3.59508e+08
340.946	  3.59601e+08
341.213	  3.59693e+08
341.48	  3.59783e+08
341.747	  3.59871e+08
342.014	  3.59958e+08
342.281	  3.60043e+08
342.548	  3.60127e+08
342.815	  3.60209e+08
343.082	  3.60289e+08
343.349	  3.60368e+08
343.616	  3.60446e+08
343.883	  3.60522e+08
344.15	  3.60596e+08
344.417	  3.60669e+08
344.684	  3.6074e+08
344.951	  3.6081e+08
345.218	  3.60878e+08
345.485	  3.60945e+08
345.752	  3.6101e+08
346.019	  3.61073e+08
346.286	  3.61136e+08
346.553	  3.61196e+08
346.82	  3.61255e+08
347.087	  3.61313e+08
347.354	  3.61369e+08
347.621	  3.61424e+08
347.888	  3.61477e+08
348.155	  3.61528e+08
348.422	  3.61578e+08
348.689	  3.61627e+08
348.956	  3.61674e+08
349.223	  3.6172e+08
349.49	  3.61764e+08
349.757	  3.61807e+08
350.024	  3.61848e+08
350.291	  3.61888e+08
350.558	  3.61926e+08
350.825	  3.61963e+08
351.092	  3.61998e+08
351.359	  3.62032e+08
351.626	  3.62065e+08
351.893	  3.62096e+08
352.16	  3.62125e+08
352.427	  3.62153e+08
352.694	  3.6218e+08
352.961	  3.62205e+08
353.228	  3.62229e+08
353.495	  3.62252e+08
353.762	  3.62273e+08
354.029	  3.62292e+08
354.296	  3.6231e+08
354.563	  3.62327e+08
354.83	  3.62343e+08
355.097	  3.62356e+08
355.364	  3.62369e+08
355.631	  3.6238e+08
355.898	  3.6239e+08
356.165	  3.62398e+08
356.432	  3.62405e+08
356.699	  3.62411e+08
356.966	  3.62415e+08
357.233	  3.62418e+08
357.5	  3.6242e+08
357.767	  3.6242e+08
358.034	  3.62418e+08
358.301	  3.62416e+08
358.568	  3.62412e+08
358.835	  3.62407e+08
359.102	  3.624e+08
359.369	  3.62392e+08
359.636	  3.62383e+08
359.903	  3.62372e+08
360.17	  3.6236e+08
360.437	  3.62346e+08
360.704	  3.62332e+08
360.971	  3.62316e+08
361.238	  3.62298e+08
361.505	  3.6228e+08
361.772	  3.6226e+08
362.039	  3.62239e+08
362.306	  3.62216e+08
362.573	  3.62192e+08
363	  3.62151e+08
363.027	  3.62149e+08
363.054	  3.62146e+08
363.08	  3.62143e+08
363.107	  3.62141e+08
363.134	  3.62138e+08
363.16	  3.62135e+08
363.187	  3.62132e+08
363.214	  3.6213e+08
363.24	  3.62127e+08
363.267	  3.62124e+08
363.294	  3.62121e+08
363.321	  3.62119e+08
363.347	  3.62116e+08
363.374	  3.62113e+08
363.401	  3.6211e+08
363.427	  3.62107e+08
363.454	  3.62104e+08
363.481	  3.62101e+08
363.508	  3.62099e+08
363.534	  3.62096e+08
363.561	  3.62093e+08
363.588	  3.6209e+08
363.614	  3.62087e+08
363.641	  3.62084e+08
363.668	  3.62081e+08
363.694	  3.62078e+08
363.721	  3.62075e+08
363.748	  3.62072e+08
363.774	  3.62069e+08
363.801	  3.62066e+08
363.828	  3.62063e+08
363.855	  3.6206e+08
363.881	  3.62057e+08
363.908	  3.62054e+08
363.935	  3.6205e+08
363.961	  3.62047e+08
363.988	  3.62044e+08
364.015	  3.62041e+08
364.041	  3.62038e+08
364.068	  3.62035e+08
364.095	  3.62032e+08
364.122	  3.62028e+08
364.148	  3.62025e+08
364.175	  3.62022e+08
364.202	  3.62019e+08
364.228	  3.62015e+08
364.255	  3.62012e+08
364.282	  3.62009e+08
364.308	  3.62006e+08
364.335	  3.62002e+08
364.362	  3.61999e+08
364.389	  3.61996e+08
364.415	  3.61992e+08
364.442	  3.61989e+08
364.469	  3.61986e+08
364.495	  3.61982e+08
364.522	  3.61979e+08
364.549	  3.61976e+08
364.575	  3.61972e+08
364.602	  3.61969e+08
364.629	  3.61965e+08
364.656	  3.61962e+08
364.682	  3.61958e+08
364.709	  3.61955e+08
364.736	  4.51233e+07
364.762	  4.51283e+07
364.789	  4.51334e+07
364.816	  4.51385e+07
364.842	  4.51436e+07
364.869	  4.51487e+07
364.896	  4.51537e+07
364.923	  4.51588e+07
364.949	  4.51639e+07
364.976	  4.5169e+07
365.003	  4.5174e+07
365.029	  4.51791e+07
365.056	  4.51842e+07
365.083	  4.51893e+07
365.11	  4.51943e+07
365.136	  4.51994e+07
365.163	  4.52045e+07
365.19	  4.52095e+07
365.216	  4.52146e+07
365.243	  4.52197e+07
365.27	  4.52248e+07
365.296	  4.52298e+07
365.323	  4.52349e+07
365.35	  4.52399e+07
365.377	  4.5245e+07
365.403	  4.52501e+07
365.43	  4.52551e+07
365.457	  4.52602e+07
365.483	  4.52653e+07
365.51	  4.52703e+07
365.537	  4.52754e+07
365.563	  4.52804e+07
365.59	  4.52855e+07
365.617	  4.52905e+07
365.643	  4.52956e+07
365.67	  4.53007e+07
365.697	  4.53057e+07
365.724	  4.53108e+07
365.75	  4.53158e+07
365.777	  4.53209e+07
365.804	  4.53259e+07
365.83	  4.5331e+07
365.857	  4.5336e+07
365.884	  4.53411e+07
365.91	  4.53461e+07
365.937	  4.53512e+07
365.964	  4.53562e+07
365.991	  4.53613e+07
365.991	  4.53613e+07
366.258	  4.54117e+07
366.525	  4.5462e+07
366.792	  4.55122e+07
367.059	  4.55624e+07
367.326	  4.56124e+07
367.593	  4.56624e+07
367.86	  4.57123e+07
368.127	  4.57622e+07
368.394	  4.58119e+07
368.661	  4.58616e+07
368.928	  4.59112e+07
369.195	  4.59607e+07
369.462	  4.60101e+07
369.729	  4.60594e+07
369.996	  4.61087e+07
370.263	  4.61578e+07
370.53	  4.62069e+07
370.797	  4.62559e+07
371.064	  4.63048e+07
371.331	  4.63537e+07
371.598	  4.64024e+07
371.865	  4.64511e+07
372.132	  4.64997e+07
372.399	  4.65482e+07
372.666	  4.65966e+07
372.933	  4.66449e+07
373.2	  4.66932e+07
373.467	  4.67414e+07
373.734	  4.67895e+07
374.001	  4.68375e+07
374.268	  4.68854e+07
374.535	  4.69332e+07
374.802	  4.6981e+07
375.069	  4.70286e+07
375.336	  4.70762e+07
375.603	  4.71237e+07
375.87	  4.71711e+07
376.137	  4.72185e+07
376.404	  4.72657e+07
376.671	  4.73129e+07
376.938	  4.736e+07
377.205	  4.7407e+07
377.472	  4.74539e+07
377.739	  4.75007e+07
378.006	  4.75474e+07
378.273	  4.75941e+07
378.54	  4.76407e+07
378.807	  4.76872e+07
379.074	  4.77336e+07
379.341	  4.77799e+07
379.608	  4.78261e+07
379.875	  4.78723e+07
380.142	  4.79184e+07
380.409	  4.79643e+07
380.676	  4.80102e+07
380.943	  4.8056e+07
381.21	  4.81018e+07
381.477	  4.81474e+07
381.744	  4.8193e+07
382.011	  4.82384e+07
382.278	  4.82838e+07
382.545	  4.83291e+07
382.812	  4.83744e+07
383.079	  4.84195e+07
383.346	  4.84645e+07
383.613	  4.85095e+07
383.88	  4.85544e+07
384.147	  4.85992e+07
384.414	  4.86439e+07
384.681	  4.86885e+07
384.948	  4.8733e+07
385.215	  4.87775e+07
385.482	  4.88219e+07
385.749	  4.88661e+07
386.016	  4.89103e+07
386.283	  4.89545e+07
386.55	  4.89985e+07
386.817	  4.90424e+07
387.084	  4.90863e+07
387.351	  4.913e+07
387.618	  4.91737e+07
387.885	  4.92173e+07
388.152	  4.92608e+07
388.419	  4.93043e+07
388.686	  4.93476e+07
388.953	  4.93909e+07
389.22	  4.9434e+07
389.487	  4.94771e+07
389.754	  4.95201e+07
390.021	  4.9563e+07
390.288	  4.96058e+07
390.555	  4.96486e+07
390.822	  4.96912e+07
391.089	  4.97338e+07
391.356	  4.97763e+07
391.623	  4.98187e+07
391.89	  4.9861e+07
392.157	  4.99032e+07
392.424	  4.99454e+07
392.691	  4.99874e+07
392.958	  5.00294e+07
393.225	  5.00713e+07
393.492	  5.01131e+07
393.759	  5.01548e+07
394.026	  5.01964e+07
394.293	  5.0238e+07
394.56	  5.02794e+07
394.827	  5.03208e+07
395.094	  5.03621e+07
395.361	  5.04033e+07
395.628	  5.04444e+07
395.895	  5.04854e+07
396.162	  5.05263e+07
396.429	  5.05672e+07
396.696	  5.06079e+07
396.963	  5.06486e+07
397.23	  5.06892e+07
397.497	  5.07297e+07
397.764	  5.07701e+07
398.031	  5.08105e+07
398.298	  5.08507e+07
398.565	  5.08909e+07
398.832	  5.0931e+07
399.099	  5.0971e+07
399.366	  5.10109e+07
399.633	  5.10507e+07
399.9	  5.10904e+07
400.167	  5.11301e+07
400.434	  5.11696e+07
400.701	  5.12091e+07
400.968	  5.12485e+07
401.235	  5.12878e+07
401.502	  5.1327e+07
401.769	  5.13661e+07
402.036	  5.14052e+07
402.303	  5.14442e+07
402.57	  5.1483e+07
402.837	  5.15218e+07
403.104	  5.15605e+07
403.371	  5.15991e+07
403.638	  5.16377e+07
403.905	  5.16761e+07
404.172	  5.17145e+07
404.439	  5.17527e+07
404.706	  5.17909e+07
404.973	  5.1829e+07
405.24	  5.1867e+07
405.507	  5.1905e+07
405.774	  5.19428e+07
406.041	  5.19806e+07
406.308	  5.20182e+07
406.575	  5.20558e+07
406.842	  5.20933e+07
407.109	  5.21307e+07
407.376	  5.21681e+07
407.643	  5.22053e+07
407.91	  5.22425e+07
408.177	  5.22795e+07
408.444	  5.23165e+07
408.711	  5.23534e+07
408.978	  5.23902e+07
409.245	  5.24269e+07
409.512	  5.24636e+07
409.779	  5.25001e+07
410.046	  5.25366e+07
410.313	  5.2573e+07
410.58	  5.26093e+07
410.847	  5.26455e+07
411.114	  5.26816e+07
411.381	  5.27177e+07
411.648	  5.27536e+07
411.915	  5.27895e+07
412.182	  5.28253e+07
412.449	  5.2861e+07
412.716	  5.28966e+07
412.983	  5.29321e+07
413.25	  5.29676e+07
413.517	  5.30029e+07
413.784	  5.30382e+07
414.051	  5.30734e+07
414.318	  5.31085e+07
414.585	  5.31435e+07
414.852	  5.31785e+07
415.119	  5.32133e+07
415.386	  5.32481e+07
415.653	  5.32827e+07
415.92	  5.33173e+07
416.187	  5.33518e+07
416.454	  5.33863e+07
416.721	  5.34206e+07
416.988	  5.34548e+07
417.255	  5.3489e+07
417.522	  5.35231e+07
417.789	  5.35571e+07
418.056	  5.3591e+07
418.323	  5.36248e+07
418.59	  5.36586e+07
418.857	  5.36922e+07
419.124	  5.37258e+07
419.391	  5.37593e+07
419.658	  5.37927e+07
419.925	  5.3826e+07
420.192	  5.38592e+07
420.459	  5.38924e+07
420.726	  5.39254e+07
420.993	  5.39584e+07
421.26	  5.39913e+07
421.527	  5.40241e+07
421.794	  5.40568e+07
422.061	  5.40895e+07
422.328	  5.4122e+07
422.595	  5.41545e+07
422.862	  5.41869e+07
423.129	  5.42192e+07
423.396	  5.42514e+07
423.663	  5.42835e+07
423.93	  5.43156e+07
424.197	  5.43475e+07
424.464	  5.43794e+07
424.731	  5.44112e+07
424.998	  5.44429e+07
425.265	  5.44746e+07
425.532	  5.45061e+07
425.799	  5.45376e+07
426.066	  5.45689e+07
426.333	  5.46002e+07
426.6	  5.46314e+07
426.867	  5.46626e+07
427.134	  5.46936e+07
427.401	  5.47246e+07
427.668	  5.47554e+07
427.935	  5.47862e+07
428.202	  5.48169e+07
428.469	  5.48476e+07
428.736	  5.48781e+07
429.003	  5.49086e+07
429.27	  5.49389e+07
429.537	  5.49692e+07
429.804	  5.49994e+07
430.071	  5.50295e+07
430.338	  5.50596e+07
430.605	  5.50895e+07
430.872	  5.51194e+07
431.139	  5.51492e+07
431.406	  5.51789e+07
431.673	  5.52085e+07
431.94	  5.52381e+07
432.207	  5.52675e+07
432.474	  5.52969e+07
432.741	  5.53262e+07
433.008	  5.53554e+07
433.275	  5.53845e+07
433.542	  5.54136e+07
433.809	  5.54425e+07
434.076	  5.54714e+07
434.343	  5.55002e+07
434.61	  5.55289e+07
434.877	  5.55575e+07
435.144	  5.55861e+07
435.411	  5.56145e+07
435.678	  5.56429e+07
435.945	  5.56712e+07
436.212	  5.56994e+07
436.479	  5.57276e+07
436.746	  5.57556e+07
437.013	  5.57836e+07
437.28	  5.58115e+07
437.547	  5.58393e+07
437.814	  5.5867e+07
438.081	  5.58947e+07
438.348	  5.59222e+07
438.615	  5.59497e+07
438.882	  5.59771e+07
439.149	  5.60044e+07
439.416	  5.60316e+07
439.683	  5.60588e+07
439.95	  5.60859e+07
440.217	  5.61128e+07
440.484	  5.61398e+07
440.751	  5.61666e+07
441.018	  5.61933e+07
441.285	  5.622e+07
441.552	  5.62466e+07
441.819	  5.62731e+07
442.086	  5.62995e+07
442.353	  5.63258e+07
442.62	  5.63521e+07
442.887	  5.63783e+07
443.154	  5.64044e+07
443.421	  5.64304e+07
443.688	  5.64563e+07
443.955	  5.64822e+07
444.222	  5.65079e+07
444.489	  5.65336e+07
444.756	  5.65592e+07
445.023	  5.65848e+07
445.29	  5.66102e+07
445.557	  5.66356e+07
445.824	  5.66609e+07
446.091	  5.66861e+07
446.358	  5.67112e+07
446.625	  5.67363e+07
446.892	  5.67612e+07
447.159	  5.67861e+07
447.426	  5.68109e+07
447.693	  5.68356e+07
447.96	  5.68603e+07
448.227	  5.68849e+07
448.494	  5.69093e+07
448.761	  5.69338e+07
449.028	  5.69581e+07
449.295	  5.69823e+07
449.562	  5.70065e+07
449.829	  5.70306e+07
450.096	  5.70546e+07
450.363	  5.70785e+07
450.63	  5.71024e+07
450.897	  5.71262e+07
451.164	  5.71499e+07
451.431	  5.71735e+07
451.698	  5.7197e+07
451.965	  5.72205e+07
452.232	  5.72438e+07
452.499	  5.72671e+07
452.766	  5.72904e+07
453.033	  5.73135e+07
453.3	  5.73366e+07
453.567	  5.73595e+07
453.834	  5.73824e+07
454.101	  5.74053e+07
454.368	  5.7428e+07
454.635	  5.74507e+07
454.902	  5.74733e+07
455.169	  5.74958e+07
455.436	  5.75182e+07
455.703	  5.75406e+07
455.97	  5.75629e+07
456.237	  5.75851e+07
456.504	  5.76072e+07
456.771	  5.76292e+07
457.038	  5.76512e+07
457.305	  5.76731e+07
457.572	  5.76949e+07
457.839	  5.77166e+07
458.106	  5.77383e+07
458.373	  5.77599e+07
458.64	  5.77814e+07
458.907	  5.78028e+07
459.174	  5.78241e+07
459.441	  5.78454e+07
459.708	  5.78666e+07
459.975	  5.78877e+07
460.242	  5.79087e+07
460.509	  5.79297e+07
460.776	  5.79506e+07
461.043	  5.79714e+07
461.31	  5.79921e+07
461.577	  5.80128e+07
461.844	  5.80334e+07
462.111	  5.80539e+07
462.378	  5.80743e+07
462.645	  5.80946e+07
462.912	  5.81149e+07
463.179	  5.81351e+07
463.446	  5.81552e+07
463.713	  5.81753e+07
463.98	  5.81952e+07
464.247	  5.82151e+07
464.514	  5.82349e+07
464.781	  5.82547e+07
465.048	  5.82743e+07
465.315	  5.82939e+07
465.582	  5.83134e+07
465.849	  5.83329e+07
466.116	  5.83522e+07
466.383	  5.83715e+07
466.65	  5.83907e+07
466.917	  5.84098e+07
467.184	  5.84289e+07
467.451	  5.84479e+07
467.718	  5.84668e+07
467.985	  5.84856e+07
468.252	  5.85044e+07
468.519	  5.85231e+07
468.786	  5.85417e+07
469.053	  5.85602e+07
469.32	  5.85787e+07
469.587	  5.85971e+07
469.854	  5.86154e+07
470.121	  5.86336e+07
470.388	  5.86518e+07
470.655	  5.86698e+07
470.922	  5.86879e+07
471.189	  5.87058e+07
471.456	  5.87237e+07
471.723	  5.87414e+07
471.99	  5.87592e+07
472.257	  5.87768e+07
472.524	  5.87944e+07
472.791	  5.88119e+07
473.058	  5.88293e+07
473.325	  5.88466e+07
473.592	  5.88639e+07
473.859	  5.88811e+07
474.126	  5.88982e+07
474.393	  5.89153e+07
474.66	  5.89323e+07
474.927	  5.89492e+07
475.194	  5.8966e+07
475.461	  5.89828e+07
475.728	  5.89995e+07
475.995	  5.90161e+07
476.262	  5.90326e+07
476.529	  5.90491e+07
476.796	  5.90655e+07
477.063	  5.90818e+07
477.33	  5.90981e+07
477.597	  5.91142e+07
477.864	  5.91303e+07
478.131	  5.91464e+07
478.398	  5.91623e+07
478.665	  5.91782e+07
478.932	  5.9194e+07
479.199	  5.92098e+07
479.466	  5.92255e+07
479.733	  5.92411e+07
480	  5.92566e+07
480.267	  5.92721e+07
480.534	  5.92874e+07
480.801	  5.93028e+07
481.068	  5.9318e+07
481.335	  5.93332e+07
481.602	  5.93483e+07
481.869	  5.93633e+07
482.136	  5.93783e+07
482.403	  5.93932e+07
482.67	  5.9408e+07
482.937	  5.94227e+07
483.204	  5.94374e+07
483.471	  5.9452e+07
483.738	  5.94665e+07
484.005	  5.9481e+07
484.272	  5.94954e+07
484.539	  5.95097e+07
484.806	  5.9524e+07
485.073	  5.95381e+07
485.34	  5.95523e+07
485.607	  5.95663e+07
485.874	  5.95803e+07
486.141	  5.95942e+07
486.408	  5.9608e+07
486.675	  5.96218e+07
486.942	  5.96354e+07
487.209	  5.96491e+07
487.476	  5.96626e+07
487.743	  5.96761e+07
488.01	  5.96895e+07
488.277	  5.97029e+07
488.544	  5.97161e+07
488.811	  5.97293e+07
489.078	  5.97425e+07
489.345	  5.97555e+07
489.612	  5.97685e+07
489.879	  5.97815e+07
490.146	  5.97943e+07
490.413	  5.98071e+07
490.68	  5.98198e+07
490.947	  5.98325e+07
491.214	  5.98451e+07
491.481	  5.98576e+07
491.748	  5.987e+07
492.015	  5.98824e+07
492.282	  5.98947e+07
492.549	  5.9907e+07
492.816	  5.99191e+07
493.083	  5.99312e+07
493.35	  5.99433e+07
493.617	  5.99553e+07
493.884	  5.99672e+07
494.151	  5.9979e+07
494.418	  5.99908e+07
494.685	  6.00025e+07
494.952	  6.00141e+07
495.219	  6.00257e+07
495.486	  6.00372e+07
495.753	  6.00486e+07
496.02	  6.006e+07
496.287	  6.00713e+07
496.554	  6.00825e+07
496.821	  6.00936e+07
497.088	  6.01047e+07
497.355	  6.01158e+07
497.622	  6.01267e+07
497.889	  6.01376e+07
498.156	  6.01485e+07
498.423	  6.01592e+07
498.69	  6.01699e+07
498.957	  6.01806e+07
499.224	  6.01911e+07
499.491	  6.02016e+07
499.758	  6.0212e+07
500.025	  6.02224e+07
500.292	  6.02327e+07
500.559	  6.02429e+07
500.826	  6.02531e+07
501.093	  6.02632e+07
501.36	  6.02733e+07
501.627	  6.02832e+07
501.894	  6.02931e+07
502.161	  6.0303e+07
502.428	  6.03128e+07
502.695	  6.03225e+07
502.962	  6.03321e+07
503.229	  6.03417e+07
503.496	  6.03512e+07
503.763	  6.03607e+07
504.03	  6.037e+07
504.297	  6.03794e+07
504.564	  6.03886e+07
504.831	  6.03978e+07
505.098	  6.04069e+07
505.365	  6.0416e+07
505.632	  6.0425e+07
505.899	  6.04339e+07
506.166	  6.04428e+07
506.433	  6.04516e+07
506.7	  6.04604e+07
506.967	  6.0469e+07
507.234	  6.04777e+07
507.501	  6.04862e+07
507.768	  6.04947e+07
508.035	  6.05031e+07
508.302	  6.05115e+07
508.569	  6.05198e+07
508.836	  6.0528e+07
509.103	  6.05362e+07
509.37	  6.05443e+07
509.637	  6.05523e+07
509.904	  6.05603e+07
510.171	  6.05682e+07
510.438	  6.05761e+07
510.705	  6.05839e+07
510.972	  6.05916e+07
511.239	  6.05993e+07
511.506	  6.06069e+07
511.773	  6.06144e+07
512.04	  6.06219e+07
512.307	  6.06293e+07
512.574	  6.06367e+07
512.841	  6.0644e+07
513.108	  6.06512e+07
513.375	  6.06584e+07
513.642	  6.06655e+07
513.909	  6.06726e+07
514.176	  6.06795e+07
514.443	  6.06865e+07
514.71	  6.06933e+07
514.977	  6.07001e+07
515.244	  6.07069e+07
515.511	  6.07135e+07
515.778	  6.07202e+07
516.045	  6.07267e+07
516.312	  6.07332e+07
516.579	  6.07396e+07
516.846	  6.0746e+07
517.113	  6.07523e+07
517.38	  6.07586e+07
517.647	  6.07648e+07
517.914	  6.07709e+07
518.181	  6.0777e+07
518.448	  6.0783e+07
518.715	  6.07889e+07
518.982	  6.07948e+07
519.249	  6.08006e+07
519.516	  6.08064e+07
519.783	  6.08121e+07
520.05	  6.08178e+07
520.317	  6.08233e+07
520.584	  6.08289e+07
520.851	  6.08343e+07
521.118	  6.08398e+07
521.385	  6.08451e+07
521.652	  6.08504e+07
521.919	  6.08556e+07
522.186	  6.08608e+07
522.453	  6.08659e+07
522.72	  6.0871e+07
522.987	  6.0876e+07
523.254	  6.08809e+07
523.521	  6.08858e+07
523.788	  6.08906e+07
524.055	  6.08953e+07
524.322	  6.09e+07
524.589	  6.09047e+07
524.856	  6.09093e+07
525.123	  6.09138e+07
525.39	  6.09183e+07
525.657	  6.09227e+07
525.924	  6.0927e+07
526.191	  6.09313e+07
526.458	  6.09355e+07
526.725	  6.09397e+07
526.992	  6.09438e+07
527.259	  6.09479e+07
527.526	  6.09519e+07
527.793	  6.09558e+07
528.06	  6.09597e+07
528.327	  6.09636e+07
528.594	  6.09673e+07
528.861	  6.09711e+07
529.128	  6.09747e+07
529.395	  6.09783e+07
529.662	  6.09819e+07
529.929	  6.09853e+07
530.196	  6.09888e+07
530.463	  6.09921e+07
530.73	  6.09955e+07
530.997	  6.09987e+07
531.264	  6.10019e+07
531.531	  6.10051e+07
531.798	  6.10082e+07
532.065	  6.10112e+07
532.332	  6.10142e+07
532.599	  6.10171e+07
532.866	  6.102e+07
533.133	  6.10228e+07
533.4	  6.10255e+07
533.667	  6.10282e+07
533.934	  6.10309e+07
534.201	  6.10335e+07
534.468	  6.1036e+07
534.735	  6.10385e+07
535.002	  6.10409e+07
535.269	  6.10433e+07
535.536	  6.10456e+07
535.803	  6.10478e+07
536.07	  6.105e+07
536.337	  6.10522e+07
536.604	  6.10543e+07
536.871	  6.10563e+07
537.138	  6.10583e+07
537.405	  6.10602e+07
537.672	  6.10621e+07
537.939	  6.10639e+07
538.206	  6.10657e+07
538.473	  6.10674e+07
538.74	  6.1069e+07
539.007	  6.10706e+07
539.274	  6.10722e+07
539.541	  6.10736e+07
539.808	  6.10751e+07
540.075	  6.10765e+07
540.342	  6.10778e+07
540.609	  6.10791e+07
540.876	  6.10803e+07
541.143	  6.10815e+07
541.41	  6.10826e+07
541.677	  6.10836e+07
541.944	  6.10847e+07
542.211	  6.10856e+07
542.478	  6.10865e+07
542.745	  6.10874e+07
543.012	  6.10882e+07
543.279	  6.10889e+07
543.546	  6.10896e+07
543.813	  6.10902e+07
544.08	  6.10908e+07
544.347	  6.10913e+07
544.614	  6.10918e+07
544.881	  6.10922e+07
545.148	  6.10926e+07
545.415	  6.10929e+07
545.682	  6.10932e+07
545.949	  6.10934e+07
546.216	  6.10936e+07
546.483	  6.10937e+07
546.75	  6.10938e+07
547.017	  6.10938e+07
547.284	  6.10937e+07
547.551	  6.10937e+07
547.818	  6.10935e+07
548.085	  6.10933e+07
548.352	  6.10931e+07
548.619	  6.10928e+07
548.886	  6.10924e+07
549.153	  6.1092e+07
549.42	  6.10916e+07
549.687	  6.10911e+07
549.954	  6.10905e+07
550.221	  6.10899e+07
550.488	  6.10892e+07
550.755	  6.10885e+07
551.022	  6.10878e+07
551.289	  6.1087e+07
551.556	  6.10861e+07
551.823	  6.10852e+07
552.09	  6.10842e+07
552.357	  6.10832e+07
552.624	  6.10822e+07
552.891	  6.10811e+07
553.158	  6.10799e+07
553.425	  6.10787e+07
553.692	  6.10774e+07
553.959	  6.10761e+07
554.226	  6.10748e+07
554.493	  6.10734e+07
554.76	  6.10719e+07
555.027	  6.10704e+07
555.294	  6.10688e+07
555.561	  6.10672e+07
555.828	  6.10656e+07
556.095	  6.10639e+07
556.362	  6.10621e+07
556.629	  6.10603e+07
556.896	  6.10585e+07
557.163	  6.10566e+07
557.43	  6.10546e+07
557.697	  6.10526e+07
557.964	  6.10506e+07
558.231	  6.10485e+07
558.498	  6.10463e+07
558.765	  6.10441e+07
559.032	  6.10419e+07
559.299	  6.10396e+07
559.566	  6.10373e+07
560.009	  6.10333e+07
560.296	  6.10306e+07
560.583	  6.10279e+07
560.87	  6.10252e+07
561.157	  6.10224e+07
561.444	  6.10195e+07
561.731	  6.10166e+07
562.018	  6.10136e+07
562.305	  6.10106e+07
562.592	  6.10075e+07
562.879	  6.10043e+07
563.166	  6.10011e+07
563.453	  6.09979e+07
563.74	  6.09946e+07
564.027	  6.09912e+07
564.314	  6.09878e+07
564.601	  6.09843e+07
564.888	  6.09808e+07
565.175	  6.09772e+07
565.462	  6.09736e+07
565.749	  6.09699e+07
566.036	  6.09662e+07
566.323	  6.09624e+07
566.61	  6.09585e+07
566.897	  6.09546e+07
567.184	  6.09507e+07
567.471	  6.09467e+07
567.758	  6.09426e+07
568.045	  6.09385e+07
568.332	  6.09343e+07
568.619	  6.09301e+07
568.906	  6.09259e+07
569.193	  6.09215e+07
569.48	  6.09172e+07
569.767	  6.09127e+07
570.054	  6.09083e+07
570.341	  6.09037e+07
570.628	  6.08992e+07
570.915	  6.08945e+07
571.202	  6.08898e+07
571.489	  6.08851e+07
571.776	  6.08803e+07
572.063	  6.08755e+07
572.35	  6.08706e+07
572.637	  6.08657e+07
572.924	  6.08607e+07
573.211	  6.08556e+07
573.498	  6.08505e+07
573.785	  6.08454e+07
574.072	  6.08402e+07
574.359	  6.08349e+07
574.646	  6.08296e+07
574.933	  6.08243e+07
575.22	  6.08189e+07
575.507	  6.08134e+07
575.794	  6.08079e+07
576.081	  6.08024e+07
576.368	  6.07968e+07
576.655	  6.07912e+07
576.942	  6.07855e+07
577.229	  6.07797e+07
577.516	  6.07739e+07
577.803	  6.07681e+07
578.09	  6.07622e+07
578.377	  6.07562e+07
578.664	  6.07502e+07
578.951	  6.07442e+07
579.238	  6.07381e+07
579.525	  6.07319e+07
579.812	  6.07257e+07
580.099	  6.07195e+07
580.386	  6.07132e+07
580.673	  6.07069e+07
580.96	  6.07005e+07
581.247	  6.0694e+07
581.534	  6.06876e+07
581.821	  6.0681e+07
582.108	  6.06744e+07
582.395	  6.06678e+07
582.682	  6.06611e+07
582.969	  6.06544e+07
583.256	  6.06476e+07
583.543	  6.06408e+07
583.83	  6.06339e+07
584.117	  6.0627e+07
584.404	  6.06201e+07
584.691	  6.06131e+07
584.978	  6.0606e+07
585.265	  6.05989e+07
585.552	  6.05917e+07
585.839	  6.05845e+07
586.126	  6.05773e+07
586.413	  6.057e+07
586.7	  6.05626e+07
586.987	  6.05553e+07
587.274	  6.05478e+07
587.561	  6.05403e+07
587.848	  6.05328e+07
588.135	  6.05252e+07
588.422	  6.05176e+07
588.709	  6.051e+07
588.996	  6.05022e+07
589.283	  6.04945e+07
589.57	  6.04867e+07
589.857	  6.04788e+07
590.144	  6.04709e+07
590.431	  6.0463e+07
590.718	  6.0455e+07
591.005	  6.0447e+07
591.292	  6.04389e+07
591.579	  6.04308e+07
591.866	  6.04226e+07
592.153	  6.04144e+07
592.44	  6.04061e+07
592.727	  6.03978e+07
593.014	  6.03895e+07
593.301	  6.03811e+07
593.588	  6.03727e+07
593.875	  6.03642e+07
594.162	  6.03557e+07
594.449	  6.03471e+07
594.736	  6.03385e+07
595.023	  6.03298e+07
595.31	  6.03211e+07
595.597	  6.03124e+07
595.884	  6.03036e+07
596.171	  6.02947e+07
596.458	  6.02859e+07
596.745	  6.02769e+07
597.032	  6.0268e+07
597.319	  6.0259e+07
597.606	  6.02499e+07
597.893	  6.02408e+07
598.18	  6.02317e+07
598.467	  6.02225e+07
598.754	  6.02133e+07
599.041	  6.0204e+07
599.328	  6.01947e+07
599.615	  6.01853e+07
599.902	  6.01759e+07
600.189	  6.01665e+07
600.476	  6.0157e+07
600.763	  6.01475e+07
601.05	  6.01379e+07
601.337	  6.01283e+07
601.624	  6.01186e+07
601.911	  6.0109e+07
602.198	  6.00992e+07
602.485	  6.00894e+07
602.772	  6.00796e+07
603.059	  6.00698e+07
603.346	  6.00599e+07
603.633	  6.00499e+07
603.92	  6.00399e+07
604.207	  6.00299e+07
604.494	  6.00198e+07
604.781	  6.00097e+07
605.068	  5.99996e+07
605.355	  5.99894e+07
605.642	  5.99791e+07
605.929	  5.99689e+07
606.216	  5.99585e+07
606.503	  5.99482e+07
606.79	  5.99378e+07
607.077	  5.99274e+07
607.364	  5.99169e+07
607.651	  5.99064e+07
607.938	  5.98958e+07
608.225	  5.98852e+07
608.512	  5.98746e+07
608.799	  5.98639e+07
609.086	  5.98532e+07
609.373	  5.98424e+07
609.66	  5.98316e+07
609.947	  5.98208e+07
610.234	  5.98099e+07
610.521	  5.9799e+07
610.808	  5.9788e+07
611.095	  5.9777e+07
611.382	  5.9766e+07
611.669	  5.97549e+07
611.956	  5.97438e+07
612.243	  5.97326e+07
612.53	  5.97214e+07
612.817	  5.97102e+07
613.104	  5.96989e+07
613.391	  5.96876e+07
613.678	  5.96763e+07
613.965	  5.96649e+07
614.252	  5.96535e+07
614.539	  5.9642e+07
614.826	  5.96305e+07
615.113	  5.9619e+07
615.4	  5.96074e+07
615.687	  5.95958e+07
615.974	  5.95841e+07
616.261	  5.95724e+07
616.548	  5.95607e+07
616.835	  5.95489e+07
617.122	  5.95371e+07
617.409	  5.95253e+07
617.696	  5.95134e+07
617.983	  5.95015e+07
618.27	  5.94895e+07
618.557	  5.94775e+07
618.844	  5.94655e+07
619.131	  5.94534e+07
619.418	  5.94413e+07
619.705	  5.94292e+07
619.992	  5.9417e+07
620.279	  5.94048e+07
620.566	  5.93925e+07
620.853	  5.93803e+07
621.14	  5.93679e+07
621.427	  5.93556e+07
621.714	  5.93432e+07
622.001	  5.93307e+07
622.288	  5.93183e+07
622.575	  5.93058e+07
622.862	  5.92932e+07
623.149	  5.92806e+07
623.436	  5.9268e+07
623.723	  5.92554e+07
624.01	  5.92427e+07
624.297	  5.923e+07
624.584	  5.92172e+07
624.871	  5.92044e+07
625.158	  5.91916e+07
625.445	  5.91787e+07
625.732	  5.91658e+07
626.019	  5.91529e+07
626.306	  5.91399e+07
626.593	  5.91269e+07
626.88	  5.91139e+07
627.167	  5.91008e+07
627.454	  5.90877e+07
627.741	  5.90746e+07
628.028	  5.90614e+07
628.315	  5.90482e+07
628.602	  5.90349e+07
628.889	  5.90216e+07
629.176	  5.90083e+07
629.463	  5.8995e+07
629.75	  5.89816e+07
630.037	  5.89682e+07
630.324	  5.89547e+07
630.611	  5.89412e+07
630.898	  5.89277e+07
631.185	  5.89141e+07
631.472	  5.89006e+07
631.759	  5.88869e+07
632.046	  5.88733e+07
632.333	  5.88596e+07
632.62	  5.88459e+07
632.907	  5.88321e+07
633.194	  5.88183e+07
633.481	  5.88045e+07
633.768	  5.87906e+07
634.055	  5.87768e+07
634.342	  5.87628e+07
634.629	  5.87489e+07
634.916	  5.87349e+07
635.203	  5.87209e+07
635.49	  5.87068e+07
635.777	  5.86927e+07
636.064	  5.86786e+07
636.351	  5.86645e+07
636.638	  5.86503e+07
636.925	  5.86361e+07
637.212	  5.86218e+07
637.499	  5.86076e+07
637.786	  5.85932e+07
638.073	  5.85789e+07
638.36	  5.85645e+07
638.647	  5.85501e+07
638.934	  5.85357e+07
639.221	  5.85212e+07
639.508	  5.85067e+07
639.795	  5.84922e+07
640.082	  5.84776e+07
640.369	  5.8463e+07
640.656	  5.84484e+07
640.943	  5.84337e+07
641.23	  5.8419e+07
641.517	  5.84043e+07
641.804	  5.83896e+07
642.091	  5.83748e+07
642.378	  5.836e+07
642.665	  5.83451e+07
642.952	  5.83303e+07
643.239	  5.83154e+07
643.526	  5.83004e+07
643.813	  5.82855e+07
644.1	  5.82705e+07
644.387	  5.82554e+07
644.674	  5.82404e+07
644.961	  5.82253e+07
645.248	  5.82102e+07
645.535	  5.8195e+07
645.822	  5.81798e+07
646.109	  5.81646e+07
646.396	  5.81494e+07
646.683	  5.81341e+07
646.97	  5.81188e+07
647.257	  5.81035e+07
647.544	  5.80882e+07
647.831	  5.80728e+07
648.118	  5.80574e+07
648.405	  5.80419e+07
648.692	  5.80264e+07
648.979	  5.80109e+07
649.266	  5.79954e+07
649.553	  5.79798e+07
649.84	  5.79642e+07
650.127	  5.79486e+07
650.414	  5.7933e+07
650.701	  5.79173e+07
650.988	  5.79016e+07
651.275	  5.78859e+07
651.562	  5.78701e+07
651.849	  5.78543e+07
652.136	  5.78385e+07
652.423	  5.78226e+07
652.71	  5.78068e+07
652.997	  5.77909e+07
653.284	  5.77749e+07
653.571	  5.7759e+07
653.858	  5.7743e+07
654.145	  5.7727e+07
654.432	  5.77109e+07
654.719	  5.76949e+07
655.006	  5.76788e+07
655.293	  5.76626e+07
655.58	  5.76465e+07
655.867	  5.76303e+07
656.154	  5.76141e+07
656.441	  5.75979e+07
656.728	  5.75816e+07
657.015	  5.75653e+07
657.302	  5.7549e+07
657.589	  5.75326e+07
657.876	  5.75163e+07
658.163	  5.74999e+07
658.45	  5.74834e+07
658.737	  5.7467e+07
659.024	  5.74505e+07
659.311	  5.7434e+07
659.598	  5.74175e+07
659.885	  5.74009e+07
660.172	  5.73843e+07
660.459	  5.73677e+07
660.746	  5.73511e+07
661.033	  5.73344e+07
661.32	  5.73177e+07
661.607	  5.7301e+07
661.894	  5.72843e+07
662.181	  5.72675e+07
662.468	  5.72507e+07
662.755	  5.72339e+07
663.042	  5.7217e+07
663.329	  5.72002e+07
663.616	  5.71833e+07
663.903	  5.71663e+07
664.19	  5.71494e+07
664.477	  5.71324e+07
664.764	  5.71154e+07
665.051	  5.70984e+07
665.338	  5.70813e+07
665.625	  5.70643e+07
665.912	  5.70472e+07
666.199	  5.703e+07
666.486	  5.70129e+07
666.773	  5.69957e+07
667.06	  5.69785e+07
667.347	  5.69613e+07
667.634	  5.6944e+07
667.921	  5.69268e+07
668.208	  5.69095e+07
668.495	  5.68921e+07
668.782	  5.68748e+07
669.069	  5.68574e+07
669.356	  5.684e+07
669.643	  5.68226e+07
669.93	  5.68052e+07
670.217	  5.67877e+07
670.504	  5.67702e+07
670.791	  5.67527e+07
671.078	  5.67351e+07
671.365	  5.67176e+07
671.652	  5.67e+07
671.939	  5.66824e+07
672.226	  5.66647e+07
672.513	  5.66471e+07
672.8	  5.66294e+07
673.087	  5.66117e+07
673.374	  5.6594e+07
673.661	  5.65762e+07
673.948	  5.65584e+07
674.235	  5.65406e+07
674.522	  5.65228e+07
674.809	  5.6505e+07
675.096	  5.64871e+07
675.383	  5.64692e+07
675.67	  5.64513e+07
675.957	  5.64334e+07
676.244	  5.64154e+07
676.531	  5.63974e+07
676.818	  5.63794e+07
677.105	  5.63614e+07
677.392	  5.63433e+07
677.679	  5.63253e+07
677.966	  5.63072e+07
678.253	  5.6289e+07
678.54	  5.62709e+07
678.827	  5.62527e+07
679.114	  5.62346e+07
679.401	  5.62164e+07
679.688	  5.61981e+07
679.975	  5.61799e+07
680.262	  5.61616e+07
680.549	  5.61433e+07
680.836	  5.6125e+07
681.123	  5.61067e+07
681.41	  5.60883e+07
681.697	  5.60699e+07
681.984	  5.60515e+07
682.271	  5.60331e+07
682.558	  5.60147e+07
682.845	  5.59962e+07
683.132	  5.59777e+07
683.419	  5.59592e+07
683.706	  5.59407e+07
683.993	  5.59221e+07
684.28	  5.59035e+07
684.567	  5.58849e+07
684.854	  5.58663e+07
685.141	  5.58477e+07
685.428	  5.5829e+07
685.715	  5.58104e+07
686.002	  5.57917e+07
686.289	  5.5773e+07
686.576	  5.57542e+07
686.863	  5.57355e+07
687.15	  5.57167e+07
687.437	  5.56979e+07
687.724	  5.56791e+07
688.011	  5.56602e+07
688.298	  5.56414e+07
688.585	  5.56225e+07
688.872	  5.56036e+07
689.159	  5.55847e+07
689.446	  5.55657e+07
689.733	  5.55468e+07
690.02	  5.55278e+07
690.307	  5.55088e+07
690.594	  5.54898e+07
690.881	  5.54707e+07
691.168	  5.54517e+07
691.455	  5.54326e+07
691.742	  5.54135e+07
692.029	  5.53944e+07
692.316	  5.53752e+07
692.603	  5.53561e+07
692.89	  5.53369e+07
693.177	  5.53177e+07
693.464	  5.52985e+07
693.751	  5.52793e+07
694.038	  5.526e+07
694.325	  5.52408e+07
694.612	  5.52215e+07
694.899	  5.52022e+07
695.186	  5.51828e+07
695.473	  5.51635e+07
695.76	  5.51441e+07
696.047	  5.51248e+07
696.334	  5.51054e+07
696.621	  5.50859e+07
696.908	  5.50665e+07
697.195	  5.5047e+07
697.482	  5.50276e+07
697.769	  5.50081e+07
698.056	  5.49886e+07
698.343	  5.4969e+07
698.63	  5.49495e+07
698.917	  5.49299e+07
699.204	  5.49103e+07
699.491	  5.48907e+07
699.778	  5.48711e+07
700.065	  5.48515e+07
700.352	  5.48318e+07
700.639	  5.48122e+07
700.926	  5.47925e+07
701.213	  5.47728e+07
701.5	  5.4753e+07
701.787	  5.47333e+07
702.074	  5.47135e+07
702.361	  5.46938e+07
702.648	  5.4674e+07
702.935	  5.46542e+07
703.222	  5.46343e+07
703.509	  5.46145e+07
703.796	  5.45946e+07
704.083	  5.45748e+07
704.37	  5.45549e+07
704.657	  5.45349e+07
704.944	  5.4515e+07
705.231	  5.44951e+07
705.518	  5.44751e+07
705.805	  5.44551e+07
706.092	  5.44351e+07
706.379	  5.44151e+07
706.666	  5.43951e+07
706.953	  5.4375e+07
707.24	  5.4355e+07
707.527	  5.43349e+07
707.814	  5.43148e+07
708.101	  5.42947e+07
708.388	  5.42746e+07
708.675	  5.42544e+07
708.962	  5.42343e+07
709.249	  5.42141e+07
709.536	  5.41939e+07
709.823	  5.41737e+07
710.11	  5.41535e+07
710.397	  5.41332e+07
710.684	  5.4113e+07
710.971	  5.40927e+07
711.258	  5.40724e+07
711.545	  5.40521e+07
711.832	  5.40318e+07
712.119	  5.40115e+07
712.406	  5.39911e+07
712.693	  5.39708e+07
712.98	  5.39504e+07
713.267	  5.393e+07
713.554	  5.39096e+07
713.841	  5.38892e+07
714.128	  5.38687e+07
714.415	  5.38483e+07
714.702	  5.38278e+07
714.989	  5.38073e+07
715.276	  5.37868e+07
715.563	  5.37663e+07
715.85	  5.37458e+07
716.137	  5.37252e+07
716.424	  5.37047e+07
716.711	  5.36841e+07
716.998	  5.36635e+07
717.285	  5.36429e+07
717.572	  5.36223e+07
717.859	  5.36017e+07
718.146	  5.3581e+07
718.433	  5.35604e+07
718.72	  5.35397e+07
719.007	  5.3519e+07
719.294	  5.34983e+07
719.581	  5.34776e+07
719.868	  5.34568e+07
720.155	  5.34361e+07
720.442	  5.34153e+07
720.729	  5.33946e+07
721.016	  5.33738e+07
721.303	  5.3353e+07
721.59	  5.33322e+07
721.877	  5.33113e+07
722.164	  5.32905e+07
722.451	  5.32696e+07
722.738	  5.32488e+07
723.025	  5.32279e+07
723.312	  5.3207e+07
723.599	  5.31861e+07
723.886	  5.31652e+07
724.173	  5.31442e+07
724.46	  5.31233e+07
724.747	  5.31023e+07
725.034	  5.30814e+07
725.321	  5.30604e+07
725.608	  5.30394e+07
725.895	  5.30183e+07
726.182	  5.29973e+07
726.469	  5.29763e+07
726.756	  5.29552e+07
727.043	  5.29342e+07
727.33	  5.29131e+07
727.617	  5.2892e+07
727.904	  5.28709e+07
728.191	  5.28498e+07
728.478	  5.28286e+07
728.765	  5.28075e+07
729.052	  5.27863e+07
729.339	  5.27652e+07
729.626	  5.2744e+07
729.913	  5.27228e+07
730.2	  5.27016e+07
730.487	  5.26804e+07
730.774	  5.26592e+07
731.061	  5.26379e+07
731.348	  5.26167e+07
731.635	  5.25954e+07
731.922	  5.25741e+07
732.209	  5.25528e+07
732.496	  5.25315e+07
732.783	  5.25102e+07
733.07	  5.24889e+07
733.357	  5.24676e+07
733.644	  5.24462e+07
733.931	  5.24249e+07
734.218	  5.24035e+07
734.505	  5.23821e+07
734.792	  5.23607e+07
735.079	  5.23393e+07
735.366	  5.23179e+07
735.653	  5.22965e+07
735.94	  5.2275e+07
736.227	  5.22536e+07
736.514	  5.22321e+07
736.801	  5.22106e+07
737.088	  5.21892e+07
737.375	  5.21677e+07
737.662	  5.21462e+07
737.949	  5.21246e+07
738.236	  5.21031e+07
738.523	  5.20816e+07
738.81	  5.206e+07
739.097	  5.20385e+07
739.384	  5.20169e+07
739.671	  5.19953e+07
739.958	  5.19737e+07
740.245	  5.19521e+07
740.532	  5.19305e+07
740.819	  5.19089e+07
741.106	  5.18872e+07
741.393	  5.18656e+07
741.68	  5.18439e+07
741.967	  5.18223e+07
742.254	  5.18006e+07
742.541	  5.17789e+07
742.828	  5.17572e+07
743.115	  5.17355e+07
743.402	  5.17138e+07
743.689	  5.1692e+07
743.976	  5.16703e+07
744.263	  5.16486e+07
744.55	  5.16268e+07
744.837	  5.1605e+07
745.124	  5.15833e+07
745.411	  5.15615e+07
745.698	  5.15397e+07
745.985	  5.15179e+07
746.272	  5.1496e+07
746.559	  5.14742e+07
746.846	  5.14524e+07
747.133	  5.14305e+07
747.42	  5.14087e+07
747.707	  5.13868e+07
747.994	  5.13649e+07
748.281	  5.13431e+07
748.568	  5.13212e+07
748.855	  5.12993e+07
749.142	  5.12773e+07
749.429	  5.12554e+07
749.716	  5.12335e+07
750.003	  5.12116e+07
750.29	  5.11896e+07
750.577	  5.11677e+07
750.864	  5.11457e+07
751.151	  5.11237e+07
751.438	  5.11017e+07
751.725	  5.10797e+07
752.012	  5.10577e+07
752.299	  5.10357e+07
752.586	  5.10137e+07
752.873	  5.09917e+07
753.16	  5.09696e+07
753.447	  5.09476e+07
753.734	  5.09255e+07
754.021	  5.09035e+07
754.308	  5.08814e+07
754.595	  5.08593e+07
754.882	  5.08372e+07
755.169	  5.08151e+07
755.456	  5.0793e+07
755.743	  5.07709e+07
756.03	  5.07488e+07
756.317	  5.07267e+07
756.604	  5.07045e+07
756.891	  5.06824e+07
757.178	  5.06602e+07
757.465	  5.06381e+07
757.752	  5.06159e+07
758.039	  5.05937e+07
758.326	  5.05715e+07
758.613	  5.05493e+07
758.9	  5.05271e+07
759.187	  5.05049e+07
759.474	  5.04827e+07
759.761	  5.04605e+07
760.048	  5.04383e+07
760.335	  5.0416e+07
760.622	  5.03938e+07
760.909	  5.03715e+07
761.196	  5.03492e+07
761.483	  5.0327e+07
761.77	  5.03047e+07
762.057	  5.02824e+07
762.344	  5.02601e+07
762.631	  5.02378e+07
762.918	  5.02155e+07
763.205	  5.01932e+07
763.492	  5.01709e+07
763.779	  5.01486e+07
764.066	  5.01262e+07
764.353	  5.01039e+07
764.64	  5.00815e+07
764.927	  5.00592e+07
765.214	  5.00368e+07
765.501	  5.00144e+07
765.788	  4.99921e+07
766.075	  4.99697e+07
766.362	  4.99473e+07
766.649	  4.99249e+07
766.936	  4.99025e+07
767.223	  4.98801e+07
767.51	  4.98576e+07
767.797	  4.98352e+07
768.084	  4.98128e+07
768.371	  4.97904e+07
768.658	  4.97679e+07
768.945	  4.97455e+07
769.232	  4.9723e+07
769.519	  4.97005e+07
769.806	  4.96781e+07
770.093	  4.96556e+07
770.38	  4.96331e+07
770.667	  4.96106e+07
770.954	  4.95881e+07
771.241	  4.95656e+07
771.528	  4.95431e+07
771.815	  4.95206e+07
772.102	  4.94981e+07
772.389	  4.94756e+07
772.676	  4.9453e+07
772.963	  4.94305e+07
773.25	  4.9408e+07
773.537	  4.93854e+07
773.824	  4.93628e+07
774.111	  4.93403e+07
774.398	  4.93177e+07
774.685	  4.92952e+07
774.972	  4.92726e+07
775.259	  4.925e+07
775.546	  4.92274e+07
775.833	  4.92048e+07
776.12	  4.91822e+07
776.407	  4.91596e+07
776.694	  4.9137e+07
776.981	  4.91144e+07
777.268	  4.90918e+07
777.555	  4.90691e+07
777.842	  4.90465e+07
778.129	  4.90239e+07
778.416	  4.90012e+07
778.703	  4.89786e+07
778.99	  4.89559e+07
779.277	  4.89333e+07
779.564	  4.89106e+07
779.851	  4.88879e+07
780.138	  4.88653e+07
780.425	  4.88426e+07
780.712	  4.88199e+07
780.999	  4.87972e+07
781.286	  4.87745e+07
781.573	  4.87518e+07
781.86	  4.87291e+07
782.147	  4.87064e+07
782.434	  4.86837e+07
782.721	  4.8661e+07
783.008	  4.86383e+07
783.295	  4.86155e+07
783.582	  4.85928e+07
783.869	  4.85701e+07
784.156	  4.85473e+07
784.443	  4.85246e+07
784.73	  4.85018e+07
785.017	  4.84791e+07
785.304	  4.84563e+07
785.591	  4.84336e+07
785.878	  4.84108e+07
786.165	  4.8388e+07
786.452	  4.83653e+07
786.739	  4.83425e+07
787.026	  4.83197e+07
787.313	  4.82969e+07
787.6	  4.82741e+07
787.887	  4.82513e+07
788.174	  4.82285e+07
788.461	  4.82057e+07
788.748	  4.81829e+07
789.035	  4.81601e+07
789.322	  4.81373e+07
789.609	  4.81145e+07
789.896	  4.80917e+07
790.183	  4.80688e+07
790.47	  4.8046e+07
790.757	  4.80232e+07
791.044	  4.80004e+07
791.331	  4.79775e+07
791.618	  4.79547e+07
791.905	  4.79318e+07
792.192	  4.7909e+07
792.479	  4.78861e+07
792.766	  4.78633e+07
793.053	  4.78404e+07
793.34	  4.78175e+07
793.627	  4.77947e+07
793.914	  4.77718e+07
794.201	  4.77489e+07
794.488	  4.7726e+07
794.775	  4.77032e+07
795.062	  4.76803e+07
795.349	  4.76574e+07
795.636	  4.76345e+07
795.923	  4.76116e+07
796.21	  4.75887e+07
796.497	  4.75658e+07
796.784	  4.75429e+07
797.071	  4.752e+07
797.358	  4.74971e+07
797.645	  4.74742e+07
797.932	  4.74513e+07
798.219	  4.74283e+07
798.506	  4.74054e+07
798.793	  4.73825e+07
799.08	  4.73596e+07
799.367	  4.73367e+07
799.654	  4.73137e+07
799.941	  4.72908e+07
800.228	  4.72679e+07
800.515	  4.72449e+07
800.802	  4.7222e+07
801.089	  4.7199e+07
801.376	  4.71761e+07
801.663	  4.71531e+07
801.95	  4.71302e+07
802.237	  4.71072e+07
802.524	  4.70843e+07
802.811	  4.70613e+07
803.098	  4.70384e+07
803.385	  4.70154e+07
803.672	  4.69924e+07
803.959	  4.69695e+07
804.246	  4.69465e+07
804.533	  4.69235e+07
804.82	  4.69005e+07
805.107	  4.68776e+07
805.394	  4.68546e+07
805.681	  4.68316e+07
805.968	  4.68086e+07
806.255	  4.67856e+07
806.542	  4.67627e+07
806.829	  4.67397e+07
807.116	  4.67167e+07
807.403	  4.66937e+07
807.69	  4.66707e+07
807.977	  4.66477e+07
808.264	  4.66247e+07
808.551	  4.66017e+07
808.838	  4.65787e+07
809.125	  4.65557e+07
809.412	  4.65327e+07
809.699	  4.65097e+07
809.986	  4.64867e+07
810.273	  4.64637e+07
810.56	  4.64407e+07
810.847	  4.64176e+07
811.134	  4.63946e+07
811.421	  4.63716e+07
811.708	  4.63486e+07
811.995	  4.63256e+07
812.282	  4.63026e+07
812.569	  4.62795e+07
812.856	  4.62565e+07
813.143	  4.62335e+07
813.43	  4.62105e+07
813.717	  4.61875e+07
814.004	  4.61644e+07
814.291	  4.61414e+07
814.578	  4.61184e+07
814.865	  4.60953e+07
815.152	  4.60723e+07
815.439	  4.60493e+07
815.726	  4.60263e+07
816.013	  4.60032e+07
816.3	  4.59802e+07
816.587	  4.59571e+07
816.874	  4.59341e+07
817.161	  4.59111e+07
817.448	  4.5888e+07
817.735	  4.5865e+07
818.022	  4.5842e+07
818.309	  4.58189e+07
818.596	  4.57959e+07
818.883	  4.57728e+07
819.17	  4.57498e+07
819.457	  4.57268e+07
820.002	  4.5683e+07
820.031	  4.56807e+07
820.059	  4.56784e+07
820.088	  4.56761e+07
820.117	  4.56737e+07
820.146	  4.56714e+07
820.174	  4.56691e+07
820.203	  4.56668e+07
820.232	  4.56645e+07
820.26	  4.56622e+07
820.289	  4.56599e+07
820.318	  4.56576e+07
820.346	  4.56553e+07
820.375	  4.5653e+07
820.404	  4.56507e+07
820.433	  4.56484e+07
820.461	  4.56461e+07
820.49	  4.56438e+07
820.519	  4.56415e+07
820.547	  4.56392e+07
820.576	  4.56369e+07
820.605	  4.56346e+07
820.633	  2.31205e+07
820.662	  2.31198e+07
820.691	  2.31192e+07
820.72	  2.31185e+07
820.748	  2.31179e+07
820.777	  2.31172e+07
820.806	  2.31165e+07
820.834	  2.31159e+07
820.863	  2.31152e+07
820.892	  2.31146e+07
820.92	  2.31139e+07
820.949	  2.31133e+07
820.978	  2.31126e+07
821.007	  2.31119e+07
821.035	  2.31113e+07
821.064	  2.31106e+07
821.093	  2.311e+07
821.121	  2.31093e+07
821.15	  2.31086e+07
821.179	  2.3108e+07
821.207	  2.31073e+07
821.236	  2.31067e+07
821.265	  2.3106e+07
821.294	  2.31053e+07
821.322	  2.31047e+07
821.351	  2.3104e+07
821.38	  2.31034e+07
821.408	  2.31027e+07
821.437	  2.3102e+07
821.466	  2.31014e+07
821.494	  2.31007e+07
821.523	  2.31001e+07
821.552	  2.30994e+07
821.581	  2.30987e+07
821.609	  2.30981e+07
821.638	  2.30974e+07
821.667	  2.30968e+07
821.695	  2.30961e+07
821.724	  2.30954e+07
821.753	  2.30948e+07
821.781	  2.30941e+07
821.81	  2.30935e+07
821.839	  2.30928e+07
821.868	  2.30921e+07
821.896	  2.30915e+07
821.925	  2.30908e+07
821.954	  2.30902e+07
821.982	  2.30895e+07
822.011	  2.30888e+07
822.011	  2.30888e+07
822.298	  2.30822e+07
822.585	  2.30756e+07
822.872	  2.3069e+07
823.159	  2.30624e+07
823.446	  2.30558e+07
823.733	  2.30491e+07
824.02	  2.30425e+07
824.307	  2.30359e+07
824.594	  2.30293e+07
824.881	  2.30226e+07
825.168	  2.3016e+07
825.455	  2.30093e+07
825.742	  2.30027e+07
826.029	  2.2996e+07
826.316	  2.29894e+07
826.603	  2.29827e+07
826.89	  2.29761e+07
827.177	  2.29694e+07
827.464	  2.29627e+07
827.751	  2.29561e+07
828.038	  2.29494e+07
828.325	  2.29427e+07
828.612	  2.2936e+07
828.899	  2.29294e+07
829.186	  2.29227e+07
829.473	  2.2916e+07
829.76	  2.29093e+07
830.047	  2.29026e+07
830.334	  2.28959e+07
830.621	  2.28892e+07
830.908	  2.28825e+07
831.195	  2.28758e+07
831.482	  2.28691e+07
831.769	  2.28624e+07
832.056	  2.28556e+07
832.343	  2.28489e+07
832.63	  2.28422e+07
832.917	  2.28355e+07
833.204	  2.28288e+07
833.491	  2.2822e+07
833.778	  2.28153e+07
834.065	  2.28085e+07
834.352	  2.28018e+07
834.639	  2.27951e+07
834.926	  2.27883e+07
835.213	  2.27816e+07
835.5	  2.27748e+07
835.787	  2.27681e+07
836.074	  2.27613e+07
836.361	  2.27545e+07
836.648	  2.27478e+07
836.935	  2.2741e+07
837.222	  2.27342e+07
837.509	  2.27275e+07
837.796	  2.27207e+07
838.083	  2.27139e+07
838.37	  2.27071e+07
838.657	  2.27004e+07
838.944	  2.26936e+07
839.231	  2.26868e+07
839.518	  2.268e+07
839.805	  2.26732e+07
840.092	  2.26664e+07
840.379	  2.26596e+07
840.666	  2.26528e+07
840.953	  2.2646e+07
841.24	  2.26392e+07
841.527	  2.26324e+07
841.814	  2.26255e+07
842.101	  2.26187e+07
842.388	  2.26119e+07
842.675	  2.26051e+07
842.962	  2.25983e+07
843.249	  2.25914e+07
843.536	  2.25846e+07
843.823	  2.25778e+07
844.11	  2.25709e+07
844.397	  2.25641e+07
844.684	  2.25573e+07
844.971	  2.25504e+07
845.258	  2.25436e+07
845.545	  2.25367e+07
845.832	  2.25299e+07
846.119	  2.2523e+07
846.406	  2.25162e+07
846.693	  2.25093e+07
846.98	  2.25024e+07
847.267	  2.24956e+07
847.554	  2.24887e+07
847.841	  2.24818e+07
848.128	  2.2475e+07
848.415	  2.24681e+07
848.702	  2.24612e+07
848.989	  2.24543e+07
849.276	  2.24474e+07
849.563	  2.24406e+07
849.85	  2.24337e+07
850.137	  2.24268e+07
850.424	  2.24199e+07
850.711	  2.2413e+07
850.998	  2.24061e+07
851.285	  2.23992e+07
851.572	  2.23923e+07
851.859	  2.23854e+07
852.146	  2.23785e+07
852.433	  2.23716e+07
852.72	  2.23647e+07
853.007	  2.23578e+07
853.294	  2.23508e+07
853.581	  2.23439e+07
853.868	  2.2337e+07
854.155	  2.23301e+07
854.442	  2.23232e+07
854.729	  2.23162e+07
855.016	  2.23093e+07
855.303	  2.23024e+07
855.59	  2.22954e+07
855.877	  2.22885e+07
856.164	  2.22816e+07
856.451	  2.22746e+07
856.738	  2.22677e+07
857.025	  2.22607e+07
857.312	  2.22538e+07
857.599	  2.22468e+07
857.886	  2.22399e+07
858.173	  2.22329e+07
858.46	  2.2226e+07
858.747	  2.2219e+07
859.034	  2.2212e+07
859.321	  2.22051e+07
859.608	  2.21981e+07
859.895	  2.21911e+07
860.182	  2.21842e+07
860.469	  2.21772e+07
860.756	  2.21702e+07
861.043	  2.21632e+07
861.33	  2.21563e+07
861.617	  2.21493e+07
861.904	  2.21423e+07
862.191	  2.21353e+07
862.478	  2.21283e+07
862.765	  2.21213e+07
863.052	  2.21143e+07
863.339	  2.21073e+07
863.626	  2.21003e+07
863.913	  2.20933e+07
864.2	  2.20863e+07
864.487	  2.20793e+07
864.774	  2.20723e+07
865.061	  2.20653e+07
865.348	  2.20583e+07
865.635	  2.20513e+07
865.922	  2.20443e+07
866.209	  2.20373e+07
866.496	  2.20303e+07
866.783	  2.20233e+07
867.07	  2.20162e+07
867.357	  2.20092e+07
867.644	  2.20022e+07
867.931	  2.19952e+07
868.218	  2.19881e+07
868.505	  2.19811e+07
868.792	  2.19741e+07
869.079	  2.1967e+07
869.366	  2.196e+07
869.653	  2.1953e+07
869.94	  2.19459e+07
870.227	  2.19389e+07
870.514	  2.19318e+07
870.801	  2.19248e+07
871.088	  2.19177e+07
871.375	  2.19107e+07
871.662	  2.19036e+07
871.949	  2.18966e+07
872.236	  2.18895e+07
872.523	  2.18825e+07
872.81	  2.18754e+07
873.097	  2.18684e+07
873.384	  2.18613e+07
873.671	  2.18542e+07
873.958	  2.18472e+07
874.245	  2.18401e+07
874.532	  2.1833e+07
874.819	  2.1826e+07
875.106	  2.18189e+07
875.393	  2.18118e+07
875.68	  2.18047e+07
875.967	  2.17977e+07
876.254	  2.17906e+07
876.541	  2.17835e+07
876.828	  2.17764e+07
877.115	  2.17693e+07
877.402	  2.17622e+07
877.689	  2.17551e+07
877.976	  2.17481e+07
878.263	  2.1741e+07
878.55	  2.17339e+07
878.837	  2.17268e+07
879.124	  2.17197e+07
879.411	  2.17126e+07
879.698	  2.17055e+07
879.985	  2.16984e+07
880.272	  2.16913e+07
880.559	  2.16842e+07
880.846	  2.16771e+07
881.133	  2.167e+07
881.42	  2.16628e+07
881.707	  2.16557e+07
881.994	  2.16486e+07
882.281	  2.16415e+07
882.568	  2.16344e+07
882.855	  2.16273e+07
883.142	  2.16202e+07
883.429	  2.1613e+07
883.716	  2.16059e+07
884.003	  2.15988e+07
884.29	  2.15917e+07
884.577	  2.15845e+07
884.864	  2.15774e+07
885.151	  2.15703e+07
885.438	  2.15631e+07
885.725	  2.1556e+07
886.012	  2.15489e+07
886.299	  2.15417e+07
886.586	  2.15346e+07
886.873	  2.15275e+07
887.16	  2.15203e+07
887.447	  2.15132e+07
887.734	  2.1506e+07
888.021	  2.14989e+07
888.308	  2.14918e+07
888.595	  2.14846e+07
888.882	  2.14775e+07
889.169	  2.14703e+07
889.456	  2.14632e+07
889.743	  2.1456e+07
890.03	  2.14488e+07
890.317	  2.14417e+07
890.604	  2.14345e+07
890.891	  2.14274e+07
891.178	  2.14202e+07
891.465	  2.14131e+07
891.752	  2.14059e+07
892.039	  2.13987e+07
892.326	  2.13916e+07
892.613	  2.13844e+07
892.9	  2.13772e+07
893.187	  2.13701e+07
893.474	  2.13629e+07
893.761	  2.13557e+07
894.048	  2.13485e+07
894.335	  2.13414e+07
894.622	  2.13342e+07
894.909	  2.1327e+07
895.196	  2.13198e+07
895.483	  2.13127e+07
895.77	  2.13055e+07
896.057	  2.12983e+07
896.344	  2.12911e+07
896.631	  2.12839e+07
896.918	  2.12767e+07
897.205	  2.12696e+07
897.492	  2.12624e+07
897.779	  2.12552e+07
898.066	  2.1248e+07
898.353	  2.12408e+07
898.64	  2.12336e+07
898.927	  2.12264e+07
899.214	  2.12192e+07
899.501	  2.1212e+07
899.788	  2.12048e+07
900.075	  2.11976e+07
900.362	  2.11904e+07
900.649	  2.11832e+07
900.936	  2.1176e+07
901.223	  2.11688e+07
901.51	  2.11616e+07
901.797	  2.11544e+07
902.084	  2.11472e+07
902.371	  2.114e+07
902.658	  2.11328e+07
902.945	  2.11256e+07
903.232	  2.11184e+07
903.519	  2.11111e+07
903.806	  2.11039e+07
904.093	  2.10967e+07
904.38	  2.10895e+07
904.667	  2.10823e+07
904.954	  2.10751e+07
905.241	  2.10679e+07
905.528	  2.10606e+07
905.815	  2.10534e+07
906.102	  2.10462e+07
906.389	  2.1039e+07
906.676	  2.10317e+07
906.963	  2.10245e+07
907.25	  2.10173e+07
907.537	  2.10101e+07
907.824	  2.10028e+07
908.111	  2.09956e+07
908.398	  2.09884e+07
908.685	  2.09812e+07
908.972	  2.09739e+07
909.259	  2.09667e+07
909.546	  2.09595e+07
909.833	  2.09522e+07
910.12	  2.0945e+07
910.407	  2.09378e+07
910.694	  2.09305e+07
910.981	  2.09233e+07
911.268	  2.0916e+07
911.555	  2.09088e+07
911.842	  2.09016e+07
912.129	  2.08943e+07
912.416	  2.08871e+07
912.703	  2.08798e+07
912.99	  2.08726e+07
913.277	  2.08654e+07
913.564	  2.08581e+07
913.851	  2.08509e+07
914.138	  2.08436e+07
914.425	  2.08364e+07
914.712	  2.08291e+07
914.999	  2.08219e+07
915.286	  2.08146e+07
915.573	  2.08074e+07
915.86	  2.08001e+07
916.147	  2.07929e+07
916.434	  2.07856e+07
916.721	  2.07784e+07
917.008	  2.07711e+07
917.295	  2.07638e+07
917.582	  2.07566e+07
917.869	  2.07493e+07
918.156	  2.07421e+07
918.443	  2.07348e+07
918.73	  2.07276e+07
919.017	  2.07203e+07
919.304	  2.0713e+07
919.591	  2.07058e+07
919.878	  2.06985e+07
920.165	  2.06912e+07
920.452	  2.0684e+07
920.739	  2.06767e+07
921.026	  2.06694e+07
921.313	  2.06622e+07
921.6	  2.06549e+07
921.887	  2.06476e+07
922.174	  2.06404e+07
922.461	  2.06331e+07
922.748	  2.06258e+07
923.035	  2.06186e+07
923.322	  2.06113e+07
923.609	  2.0604e+07
923.896	  2.05968e+07
924.183	  2.05895e+07
924.47	  2.05822e+07
924.757	  2.05749e+07
925.044	  2.05677e+07
925.331	  2.05604e+07
925.618	  2.05531e+07
925.905	  2.05458e+07
926.192	  2.05386e+07
926.479	  2.05313e+07
926.766	  2.0524e+07
927.053	  2.05167e+07
927.34	  2.05094e+07
927.627	  2.05022e+07
927.914	  2.04949e+07
928.201	  2.04876e+07
928.488	  2.04803e+07
928.775	  2.0473e+07
929.062	  2.04658e+07
929.349	  2.04585e+07
929.636	  2.04512e+07
929.923	  2.04439e+07
930.21	  2.04366e+07
930.497	  2.04293e+07
930.784	  2.04221e+07
931.071	  2.04148e+07
931.358	  2.04075e+07
931.645	  2.04002e+07
931.932	  2.03929e+07
932.219	  2.03856e+07
932.506	  2.03783e+07
932.793	  2.0371e+07
933.08	  2.03638e+07
933.367	  2.03565e+07
933.654	  2.03492e+07
933.941	  2.03419e+07
934.228	  2.03346e+07
934.515	  2.03273e+07
934.802	  2.032e+07
935.089	  2.03127e+07
935.376	  2.03054e+07
935.663	  2.02981e+07
935.95	  2.02908e+07
936.237	  2.02835e+07
936.524	  2.02763e+07
936.811	  2.0269e+07
937.098	  2.02617e+07
937.385	  2.02544e+07
937.672	  2.02471e+07
937.959	  2.02398e+07
938.246	  2.02325e+07
938.533	  2.02252e+07
938.82	  2.02179e+07
939.107	  2.02106e+07
939.394	  2.02033e+07
939.681	  2.0196e+07
939.968	  2.01887e+07
940.255	  2.01814e+07
940.542	  2.01741e+07
940.829	  2.01668e+07
941.116	  2.01595e+07
941.403	  2.01522e+07
941.69	  2.01449e+07
941.977	  2.01376e+07
942.264	  2.01303e+07
942.551	  2.0123e+07
942.838	  2.01157e+07
943.125	  2.01084e+07
943.412	  2.01011e+07
943.699	  2.00938e+07
943.986	  2.00865e+07
944.273	  2.00792e+07
944.56	  2.00719e+07
944.847	  2.00646e+07
945.134	  2.00573e+07
945.421	  2.005e+07
945.708	  2.00427e+07
945.995	  2.00354e+07
946.282	  2.00281e+07
946.569	  2.00208e+07
946.856	  2.00134e+07
947.143	  2.00061e+07
947.43	  1.99988e+07
947.717	  1.99915e+07
948.004	  1.99842e+07
948.291	  1.99769e+07
948.578	  1.99696e+07
948.865	  1.99623e+07
949.152	  1.9955e+07
949.439	  1.99477e+07
949.726	  1.99404e+07
950.013	  1.99331e+07
950.3	  1.99258e+07
950.587	  1.99185e+07
950.874	  1.99112e+07
951.161	  1.99039e+07
951.448	  1.98965e+07
951.735	  1.98892e+07
952.022	  1.98819e+07
952.309	  1.98746e+07
952.596	  1.98673e+07
952.883	  1.986e+07
953.17	  1.98527e+07
953.457	  1.98454e+07
953.744	  1.98381e+07
954.031	  1.98308e+07
954.318	  1.98235e+07
954.605	  1.98162e+07
954.892	  1.98089e+07
955.179	  1.98015e+07
955.466	  1.97942e+07
955.753	  1.97869e+07
956.04	  1.97796e+07
956.327	  1.97723e+07
956.614	  1.9765e+07
956.901	  1.97577e+07
957.188	  1.97504e+07
957.475	  1.97431e+07
957.762	  1.97358e+07
958.049	  1.97285e+07
958.336	  1.97211e+07
958.623	  1.97138e+07
958.91	  1.97065e+07
959.197	  1.96992e+07
959.484	  1.96919e+07
959.771	  1.96846e+07
960.058	  1.96773e+07
960.345	  1.967e+07
960.632	  1.96627e+07
960.919	  1.96554e+07
961.206	  1.96481e+07
961.493	  1.96408e+07
961.78	  1.96334e+07
962.067	  1.96261e+07
962.354	  1.96188e+07
962.641	  1.96115e+07
962.928	  1.96042e+07
963.215	  1.95969e+07
963.502	  1.95896e+07
963.789	  1.95823e+07
964.076	  1.9575e+07
964.363	  1.95677e+07
964.65	  1.95604e+07
964.937	  1.95531e+07
965.224	  1.95457e+07
965.511	  1.95384e+07
965.798	  1.95311e+07
966.085	  1.95238e+07
966.372	  1.95165e+07
966.659	  1.95092e+07
966.946	  1.95019e+07
967.233	  1.94946e+07
967.52	  1.94873e+07
967.807	  1.948e+07
968.094	  1.94727e+07
968.381	  1.94654e+07
968.668	  1.94581e+07
968.955	  1.94508e+07
969.242	  1.94435e+07
969.529	  1.94362e+07
969.816	  1.94288e+07
970.103	  1.94215e+07
970.39	  1.94142e+07
970.677	  1.94069e+07
970.964	  1.93996e+07
971.251	  1.93923e+07
971.538	  1.9385e+07
971.825	  1.93777e+07
972.112	  1.93704e+07
972.399	  1.93631e+07
972.686	  1.93558e+07
972.973	  1.93485e+07
973.26	  1.93412e+07
973.547	  1.93339e+07
973.834	  1.93266e+07
974.121	  1.93193e+07
974.408	  1.9312e+07
974.695	  1.93047e+07
974.982	  1.92974e+07
975.269	  1.92901e+07
975.556	  1.92828e+07
975.843	  1.92755e+07
976.13	  1.92682e+07
976.417	  1.92609e+07
976.704	  1.92536e+07
976.991	  1.92463e+07
977.278	  1.9239e+07
977.565	  1.92317e+07
977.852	  1.92244e+07
978.139	  1.92171e+07
978.426	  1.92098e+07
978.713	  1.92025e+07
979	  1.91952e+07
979.287	  1.91879e+07
979.574	  1.91806e+07
979.861	  1.91733e+07
980.148	  1.9166e+07
980.435	  1.91587e+07
980.722	  1.91514e+07
981.009	  1.91441e+07
981.296	  1.91368e+07
981.583	  1.91295e+07
981.87	  1.91222e+07
982.157	  1.9115e+07
982.444	  1.91077e+07
982.731	  1.91004e+07
983.018	  1.90931e+07
983.305	  1.90858e+07
983.592	  1.90785e+07
983.879	  1.90712e+07
984.166	  1.90639e+07
984.453	  1.90566e+07
984.74	  1.90493e+07
985.027	  1.9042e+07
985.314	  1.90347e+07
985.601	  1.90275e+07
985.888	  1.90202e+07
986.175	  1.90129e+07
986.462	  1.90056e+07
986.749	  1.89983e+07
987.036	  1.8991e+07
987.323	  1.89837e+07
987.61	  1.89764e+07
987.897	  1.89692e+07
988.184	  1.89619e+07
988.471	  1.89546e+07
988.758	  1.89473e+07
989.045	  1.894e+07
989.332	  1.89327e+07
989.619	  1.89255e+07
989.906	  1.89182e+07
990.193	  1.89109e+07
990.48	  1.89036e+07
990.767	  1.88963e+07
991.054	  1.88891e+07
991.341	  1.88818e+07
991.628	  1.88745e+07
991.915	  1.88672e+07
992.202	  1.88599e+07
992.489	  1.88527e+07
992.776	  1.88454e+07
993.063	  1.88381e+07
993.35	  1.88308e+07
993.637	  1.88236e+07
993.924	  1.88163e+07
994.211	  1.8809e+07
994.498	  1.88017e+07
994.785	  1.87945e+07
995.072	  1.87872e+07
995.359	  1.87799e+07
995.646	  1.87726e+07
995.933	  1.87654e+07
996.22	  1.87581e+07
996.507	  1.87508e+07
996.794	  1.87436e+07
997.081	  1.87363e+07
997.368	  1.8729e+07
997.655	  1.87217e+07
997.942	  1.87145e+07
998.229	  1.87072e+07
998.516	  1.86999e+07
998.803	  1.86927e+07
999.09	  1.86854e+07
999.377	  1.86781e+07
999.664	  1.86709e+07
999.951	  1.86636e+07
1000.24	  1.86564e+07
1000.52	  1.86491e+07
1000.81	  1.86418e+07
1001.1	  1.86346e+07
1001.39	  1.86273e+07
1001.67	  1.86201e+07
1001.96	  1.86128e+07
1002.25	  1.86055e+07
1002.53	  1.85983e+07
1002.82	  1.8591e+07
1003.11	  1.85838e+07
1003.39	  1.85765e+07
1003.68	  1.85693e+07
1003.97	  1.8562e+07
1004.26	  1.85547e+07
1004.54	  1.85475e+07
1004.83	  1.85402e+07
1005.12	  1.8533e+07
1005.4	  1.85257e+07
1005.69	  1.85185e+07
1005.98	  1.85112e+07
1006.26	  1.8504e+07
1006.55	  1.84967e+07
1006.84	  1.84895e+07
1007.13	  1.84822e+07
1007.41	  1.8475e+07
1007.7	  1.84677e+07
1007.99	  1.84605e+07
1008.27	  1.84533e+07
1008.56	  1.8446e+07
1008.85	  1.84388e+07
1009.13	  1.84315e+07
1009.42	  1.84243e+07
1009.71	  1.8417e+07
1010	  1.84098e+07
1010.28	  1.84026e+07
1010.57	  1.83953e+07
1010.86	  1.83881e+07
1011.14	  1.83808e+07
1011.43	  1.83736e+07
1011.72	  1.83664e+07
1012	  1.83591e+07
1012.29	  1.83519e+07
1012.58	  1.83447e+07
1012.87	  1.83374e+07
1013.15	  1.83302e+07
1013.44	  1.8323e+07
1013.73	  1.83157e+07
1014.01	  1.83085e+07
1014.3	  1.83013e+07
1014.59	  1.82941e+07
1014.88	  1.82868e+07
1015.16	  1.82796e+07
1015.45	  1.82724e+07
1015.74	  1.82652e+07
1016.02	  1.82579e+07
1016.31	  1.82507e+07
1016.6	  1.82435e+07
1016.88	  1.82363e+07
1017.17	  1.8229e+07
1017.46	  1.82218e+07
1017.75	  1.82146e+07
1018.03	  1.82074e+07
1018.32	  1.82002e+07
1018.61	  1.81929e+07
1018.89	  1.81857e+07
1019.18	  1.81785e+07
1019.47	  1.81713e+07
1019.98	  1.81585e+07
1021.08	  1.81309e+07
1022.17	  1.81033e+07
1023.27	  1.80757e+07
1024.38	  1.80481e+07
1025.47	  1.80205e+07
1026.58	  1.79929e+07
1027.67	  1.79653e+07
1028.78	  1.79378e+07
1029.88	  1.79103e+07
1030.97	  1.78827e+07
1032.08	  1.78552e+07
1033.17	  1.78277e+07
1034.28	  1.78003e+07
1035.38	  1.77728e+07
1036.47	  1.77454e+07
1037.58	  1.77179e+07
1038.67	  1.76905e+07
1039.78	  1.76631e+07
1040.88	  1.76357e+07
1041.97	  1.76083e+07
1043.08	  1.7581e+07
1044.17	  1.75536e+07
1045.28	  1.75263e+07
1046.38	  1.7499e+07
1047.47	  1.74717e+07
1048.58	  1.74445e+07
1049.67	  1.74172e+07
1050.78	  1.739e+07
1051.88	  1.73627e+07
1052.97	  1.73355e+07
1054.08	  1.73083e+07
1055.17	  1.72812e+07
1056.28	  1.7254e+07
1057.38	  1.72269e+07
1058.47	  1.71998e+07
1059.58	  1.71727e+07
1060.67	  1.71456e+07
1061.78	  1.71185e+07
1062.88	  1.70915e+07
1063.97	  1.70644e+07
1065.08	  1.70374e+07
1066.17	  1.70104e+07
1067.28	  1.69835e+07
1068.38	  1.69565e+07
1069.47	  1.69296e+07
1070.58	  1.69027e+07
1071.67	  1.68758e+07
1072.78	  1.68489e+07
1073.88	  1.6822e+07
1074.97	  1.67952e+07
1076.08	  1.67684e+07
1077.17	  1.67416e+07
1078.28	  1.67148e+07
1079.38	  1.66881e+07
1080.47	  1.66613e+07
1081.58	  1.66346e+07
1082.67	  1.66079e+07
1083.78	  1.65812e+07
1084.88	  1.65546e+07
1085.97	  1.6528e+07
1087.08	  1.65013e+07
1088.17	  1.64748e+07
1089.28	  1.64482e+07
1090.38	  1.64216e+07
1091.47	  1.63951e+07
1092.58	  1.63686e+07
1093.67	  1.63421e+07
1094.78	  1.63157e+07
1095.88	  1.62892e+07
1096.97	  1.62628e+07
1098.08	  1.62364e+07
1099.17	  1.62101e+07
1100.28	  1.61837e+07
1101.38	  1.61574e+07
1102.47	  1.61311e+07
1103.58	  1.61048e+07
1104.67	  1.60785e+07
1105.78	  1.60523e+07
1106.88	  1.60261e+07
1107.97	  1.59999e+07
1109.08	  1.59737e+07
1110.17	  1.59476e+07
1111.28	  1.59215e+07
1112.38	  1.58954e+07
1113.47	  1.58693e+07
1114.58	  1.58433e+07
1115.67	  1.58172e+07
1116.78	  1.57912e+07
1117.88	  1.57653e+07
1118.97	  1.57393e+07
1120.08	  1.57134e+07
1121.17	  1.56875e+07
1122.28	  1.56616e+07
1123.38	  1.56358e+07
1124.47	  1.56099e+07
1125.58	  1.55841e+07
1126.67	  1.55583e+07
1127.78	  1.55326e+07
1128.88	  1.55068e+07
1129.97	  1.54811e+07
1131.08	  1.54555e+07
1132.17	  1.54298e+07
1133.28	  1.54042e+07
1134.38	  1.53786e+07
1135.47	  1.5353e+07
1136.58	  1.53274e+07
1137.67	  1.53019e+07
1138.78	  1.52764e+07
1139.88	  1.52509e+07
1140.97	  1.52255e+07
1142.08	  1.52e+07
1143.17	  1.51746e+07
1144.28	  1.51493e+07
1145.38	  1.51239e+07
1146.47	  1.50986e+07
1147.58	  1.50733e+07
1148.67	  1.5048e+07
1149.78	  1.50228e+07
1150.88	  1.49975e+07
1151.97	  1.49723e+07
1153.08	  1.49472e+07
1154.17	  1.4922e+07
1155.28	  1.48969e+07
1156.38	  1.48718e+07
1157.47	  1.48468e+07
1158.58	  1.48217e+07
1159.67	  1.47967e+07
1160.78	  1.47718e+07
1161.88	  1.47468e+07
1162.97	  1.47219e+07
1164.08	  1.4697e+07
1165.17	  1.46721e+07
1166.28	  1.46473e+07
1167.38	  1.46225e+07
1168.47	  1.45977e+07
1169.58	  1.45729e+07
1170.67	  1.45482e+07
1171.78	  1.45235e+07
1172.88	  1.44988e+07
1173.97	  1.44741e+07
1175.08	  1.44495e+07
1176.17	  1.44249e+07
1177.28	  1.44003e+07
1178.38	  1.43758e+07
1179.47	  1.43513e+07
1180.58	  1.43268e+07
1181.67	  1.43023e+07
1182.78	  1.42779e+07
1183.88	  1.42535e+07
1184.97	  1.42291e+07
1186.08	  1.42048e+07
1187.17	  1.41805e+07
1188.28	  1.41562e+07
1189.38	  1.41319e+07
1190.47	  1.41077e+07
1191.58	  1.40835e+07
1192.67	  1.40593e+07
1193.78	  1.40352e+07
1194.88	  1.40111e+07
1195.97	  1.3987e+07
1197.08	  1.39629e+07
1198.17	  1.39389e+07
1199.28	  1.39149e+07
1200.38	  1.38909e+07
1201.47	  1.38669e+07
1202.58	  1.3843e+07
1203.67	  1.38191e+07
1204.78	  1.37953e+07
1205.88	  1.37714e+07
1206.97	  1.37476e+07
1208.08	  1.37239e+07
1209.17	  1.37001e+07
1210.28	  1.36764e+07
1211.38	  1.36527e+07
1212.47	  1.36291e+07
1213.58	  1.36054e+07
1214.67	  1.35818e+07
1215.78	  1.35583e+07
1216.88	  1.35347e+07
1217.97	  1.35112e+07
1219.08	  1.34878e+07
1220.17	  1.34643e+07
1221.28	  1.34409e+07
1222.38	  1.34175e+07
1223.47	  1.33941e+07
1224.58	  1.33708e+07
1225.67	  1.33475e+07
1226.78	  1.33242e+07
1227.88	  1.3301e+07
1228.97	  1.32778e+07
1230.08	  1.32546e+07
1231.17	  1.32314e+07
1232.28	  1.32083e+07
1233.38	  1.31852e+07
1234.47	  1.31621e+07
1235.58	  1.31391e+07
1236.67	  1.31161e+07
1237.78	  1.30931e+07
1238.88	  1.30702e+07
1239.97	  1.30472e+07
1241.08	  1.30243e+07
1242.17	  1.30015e+07
1243.28	  1.29787e+07
1244.38	  1.29559e+07
1245.47	  1.29331e+07
1246.58	  1.29104e+07
1247.67	  1.28877e+07
1248.78	  1.2865e+07
1249.88	  1.28423e+07
1250.97	  1.28197e+07
1252.08	  1.27971e+07
1253.17	  1.27746e+07
1254.28	  1.2752e+07
1255.38	  1.27295e+07
1256.47	  1.27071e+07
1257.58	  1.26846e+07
1258.67	  1.26622e+07
1259.78	  1.26399e+07
1260.88	  1.26175e+07
1261.97	  1.25952e+07
1263.08	  1.25729e+07
1264.17	  1.25507e+07
1265.28	  1.25284e+07
1266.38	  1.25062e+07
1267.47	  1.24841e+07
1268.58	  1.24619e+07
1269.67	  1.24398e+07
1270.78	  1.24178e+07
1271.88	  1.23957e+07
1272.97	  1.23737e+07
1274.08	  1.23517e+07
1275.17	  1.23298e+07
1276.28	  1.23079e+07
1277.38	  1.2286e+07
1278.47	  1.22641e+07
1279.58	  1.22423e+07
1280.67	  1.22205e+07
1281.78	  1.21987e+07
1282.88	  1.2177e+07
1283.97	  1.21553e+07
1285.08	  1.21336e+07
1286.17	  1.2112e+07
1287.28	  1.20903e+07
1288.38	  1.20688e+07
1289.47	  1.20472e+07
1290.58	  1.20257e+07
1291.67	  1.20042e+07
1292.78	  1.19827e+07
1293.88	  1.19613e+07
1294.97	  1.19399e+07
1296.08	  1.19185e+07
1297.17	  1.18972e+07
1298.28	  1.18759e+07
1299.38	  1.18546e+07
1300.47	  1.18333e+07
1301.58	  1.18121e+07
1302.67	  1.17909e+07
1303.78	  1.17698e+07
1304.88	  1.17486e+07
1305.97	  1.17276e+07
1307.08	  1.17065e+07
1308.17	  1.16855e+07
1309.28	  1.16645e+07
1310.38	  1.16435e+07
1311.47	  1.16225e+07
1312.58	  1.16016e+07
1313.67	  1.15807e+07
1314.78	  1.15599e+07
1315.88	  1.15391e+07
1316.97	  1.15183e+07
1318.08	  1.14975e+07
1319.17	  1.14768e+07
1320.28	  1.14561e+07
1321.38	  1.14354e+07
1322.47	  1.14148e+07
1323.58	  1.13942e+07
1324.67	  1.13736e+07
1325.78	  1.13531e+07
1326.88	  1.13326e+07
1327.97	  1.13121e+07
1329.08	  1.12916e+07
1330.17	  1.12712e+07
1331.28	  1.12508e+07
1332.38	  1.12305e+07
1333.47	  1.12101e+07
1334.58	  1.11898e+07
1335.67	  1.11696e+07
1336.78	  1.11493e+07
1337.88	  1.11291e+07
1338.97	  1.11089e+07
1340.08	  1.10888e+07
1341.17	  1.10687e+07
1342.28	  1.10486e+07
1343.38	  1.10285e+07
1344.47	  1.10085e+07
1345.58	  1.09885e+07
1346.67	  1.09686e+07
1347.78	  1.09486e+07
1348.88	  1.09287e+07
1349.97	  1.09088e+07
1351.08	  1.0889e+07
1352.17	  1.08692e+07
1353.28	  1.08494e+07
1354.38	  1.08297e+07
1355.47	  1.08099e+07
1356.58	  1.07903e+07
1357.67	  1.07706e+07
1358.78	  1.0751e+07
1359.88	  1.07314e+07
1360.97	  1.07118e+07
1362.08	  1.06923e+07
1363.17	  1.06728e+07
1364.28	  1.06533e+07
1365.38	  1.06338e+07
1366.47	  1.06144e+07
1367.58	  1.0595e+07
1368.67	  1.05757e+07
1369.78	  1.05564e+07
1370.88	  1.05371e+07
1371.97	  1.05178e+07
1373.08	  1.04986e+07
1374.17	  1.04794e+07
1375.28	  1.04602e+07
1376.38	  1.0441e+07
1377.47	  1.04219e+07
1378.58	  1.04028e+07
1379.67	  1.03838e+07
1380.78	  1.03648e+07
1381.88	  1.03458e+07
1382.97	  1.03268e+07
1384.08	  1.03079e+07
1385.17	  1.0289e+07
1386.28	  1.02701e+07
1387.38	  1.02513e+07
1388.47	  1.02325e+07
1389.58	  1.02137e+07
1390.67	  1.01949e+07
1391.78	  1.01762e+07
1392.88	  1.01575e+07
1393.97	  1.01389e+07
1395.08	  1.01202e+07
1396.17	  1.01016e+07
1397.28	  1.00831e+07
1398.38	  1.00645e+07
1399.47	  1.0046e+07
1400.58	  1.00275e+07
1401.67	  1.00091e+07
1402.78	  9.99064e+06
1403.88	  9.97225e+06
1404.97	  9.95389e+06
1406.08	  9.93556e+06
1407.17	  9.91725e+06
1408.28	  9.89898e+06
1409.38	  9.88074e+06
1410.47	  9.86252e+06
1411.58	  9.84434e+06
1412.67	  9.82618e+06
1413.78	  9.80806e+06
1414.88	  9.78997e+06
1415.97	  9.7719e+06
1417.08	  9.75386e+06
1418.17	  9.73586e+06
1419.28	  9.71788e+06
1420.38	  9.69993e+06
1421.47	  9.68202e+06
1422.58	  9.66413e+06
1423.67	  9.64627e+06
1424.78	  9.62844e+06
1425.88	  9.61064e+06
1426.97	  9.59287e+06
1428.08	  9.57513e+06
1429.17	  9.55742e+06
1430.28	  9.53974e+06
1431.38	  9.52208e+06
1432.47	  9.50446e+06
1433.58	  9.48687e+06
1434.67	  9.4693e+06
1435.78	  9.45177e+06
1436.88	  9.43426e+06
1437.97	  9.41678e+06
1439.08	  9.39934e+06
1440.17	  9.38192e+06
1441.28	  9.36453e+06
1442.38	  9.34717e+06
1443.47	  9.32983e+06
1444.58	  9.31253e+06
1445.67	  9.29526e+06
1446.78	  9.27801e+06
1447.88	  9.2608e+06
1448.97	  9.24361e+06
1450.08	  9.22645e+06
1451.17	  9.20933e+06
1452.28	  9.19223e+06
1453.38	  9.17516e+06
1454.47	  9.15811e+06
1455.58	  9.1411e+06
1456.67	  9.12412e+06
1457.78	  9.10716e+06
1458.88	  7.45204e+06
1459.97	  7.44031e+06
1461.08	  7.4286e+06
1462.17	  7.4169e+06
1463.28	  7.40521e+06
1464.38	  7.39354e+06
1465.47	  7.38189e+06
1466.58	  7.37025e+06
1467.67	  7.35863e+06
1468.78	  7.34702e+06
1469.88	  7.33543e+06
1470.97	  7.32385e+06
1472.08	  7.31229e+06
1473.17	  7.30075e+06
1474.28	  7.28922e+06
1475.38	  7.27771e+06
1476.47	  7.26621e+06
1477.58	  7.25472e+06
1478.67	  7.24326e+06
1479.78	  7.23181e+06
1480.88	  7.22037e+06
1481.97	  7.20895e+06
1483.08	  7.19754e+06
1484.17	  7.18615e+06
1485.28	  7.17478e+06
1486.38	  7.16342e+06
1487.47	  7.15208e+06
1488.58	  7.14075e+06
1489.67	  7.12944e+06
1490.78	  7.11814e+06
1491.88	  7.10686e+06
1492.97	  7.09559e+06
1494.08	  7.08434e+06
1495.17	  7.0731e+06
1496.28	  7.06188e+06
1497.38	  7.05068e+06
1498.47	  7.03949e+06
1499.58	  7.02831e+06
1500.67	  7.01715e+06
1501.78	  7.00601e+06
1502.88	  6.99488e+06
1503.97	  6.98377e+06
1505.08	  6.97267e+06
1506.17	  6.96159e+06
1507.28	  6.95052e+06
1508.38	  6.93947e+06
1509.47	  6.92844e+06
1510.58	  6.91741e+06
1511.67	  6.90641e+06
1512.78	  6.89542e+06
1513.88	  6.88444e+06
1514.97	  6.87348e+06
1516.08	  6.86254e+06
1517.17	  6.85161e+06
1518.28	  6.84069e+06
1519.38	  6.8298e+06
1520.47	  6.81891e+06
1521.58	  6.80804e+06
1522.67	  6.79719e+06
1523.78	  6.78635e+06
1524.88	  6.77553e+06
1525.97	  6.76472e+06
1527.08	  6.75393e+06
1528.17	  6.74315e+06
1529.28	  6.73239e+06
1530.38	  6.72164e+06
1531.47	  6.71091e+06
1532.58	  6.70019e+06
1533.67	  6.68949e+06
1534.78	  6.6788e+06
1535.88	  6.66813e+06
1536.97	  6.65747e+06
1538.08	  6.64683e+06
1539.17	  6.6362e+06
1540.28	  6.62559e+06
1541.38	  6.61499e+06
1542.47	  6.60441e+06
1543.58	  6.59384e+06
1544.67	  6.58329e+06
1545.78	  6.57276e+06
1546.88	  6.56223e+06
1547.97	  6.55173e+06
1549.08	  6.54124e+06
1550.17	  6.53076e+06
1551.28	  6.5203e+06
1552.38	  6.50985e+06
1553.47	  6.49942e+06
1554.58	  6.489e+06
1555.67	  6.4786e+06
1556.78	  6.46821e+06
1557.88	  6.45784e+06
1558.97	  6.44748e+06
1560.08	  6.43714e+06
1561.17	  6.42681e+06
1562.28	  6.4165e+06
1563.38	  6.4062e+06
1564.47	  6.39591e+06
1565.58	  6.38565e+06
1566.67	  6.37539e+06
1567.78	  6.36515e+06
1568.88	  6.35493e+06
1569.97	  6.34472e+06
1571.08	  6.33452e+06
1572.17	  6.32434e+06
1573.28	  6.31418e+06
1574.38	  6.30403e+06
1575.47	  6.29389e+06
1576.58	  6.28377e+06
1577.67	  6.27366e+06
1578.78	  6.26357e+06
1579.88	  6.25349e+06
1580.97	  6.24343e+06
1582.08	  6.23338e+06
1583.17	  6.22335e+06
1584.28	  6.21333e+06
1585.38	  6.20333e+06
1586.47	  6.19334e+06
1587.58	  6.18336e+06
1588.67	  6.1734e+06
1589.78	  6.16345e+06
1590.88	  6.15352e+06
1591.97	  6.14361e+06
1593.08	  6.1337e+06
1594.17	  6.12382e+06
1595.28	  6.11394e+06
1596.38	  6.10408e+06
1597.47	  6.09424e+06
1598.58	  6.08441e+06
1599.67	  6.07459e+06
1600.78	  6.06479e+06
1601.88	  6.05501e+06
1602.97	  6.04523e+06
1604.08	  6.03547e+06
1605.17	  6.02573e+06
1606.28	  6.016e+06
1607.38	  6.00629e+06
1608.47	  5.99659e+06
1609.58	  5.9869e+06
1610.67	  5.97723e+06
1611.78	  5.96757e+06
1612.88	  5.95793e+06
1613.97	  5.9483e+06
1615.08	  5.93869e+06
1616.17	  5.92908e+06
1617.28	  5.9195e+06
1618.38	  5.90993e+06
1619.47	  5.90037e+06
1620.58	  5.89083e+06
1621.67	  5.8813e+06
1622.78	  5.87178e+06
1623.88	  5.86228e+06
1624.97	  5.85279e+06
1626.08	  5.84332e+06
1627.17	  5.83386e+06
1628.28	  5.82442e+06
1629.38	  5.81499e+06
1630.47	  5.80557e+06
1631.58	  5.79617e+06
1632.67	  5.78678e+06
1633.78	  5.77741e+06
1634.88	  5.76805e+06
1635.97	  5.7587e+06
1637.08	  5.74937e+06
1638.17	  5.74005e+06
1639.28	  5.73075e+06
1640.38	  5.72146e+06
1641.47	  5.71218e+06
1642.58	  5.70292e+06
1643.67	  5.69367e+06
1644.78	  5.68444e+06
1645.88	  5.67522e+06
1646.97	  5.66601e+06
1648.08	  5.65682e+06
1649.17	  5.64764e+06
1650.28	  5.63848e+06
1651.38	  5.62933e+06
1652.47	  5.62019e+06
1653.58	  5.61107e+06
1654.67	  5.60196e+06
1655.78	  5.59286e+06
1656.88	  5.58378e+06
1657.97	  5.57471e+06
1659.08	  5.56566e+06
1660.17	  5.55662e+06
1661.28	  5.54759e+06
1662.38	  5.53858e+06
1663.47	  5.52958e+06
1664.58	  5.5206e+06
1665.67	  5.51162e+06
1666.78	  5.50267e+06
1667.88	  5.49372e+06
1668.97	  5.48479e+06
1670.08	  5.47587e+06
1671.17	  5.46697e+06
1672.28	  5.45808e+06
1673.38	  5.4492e+06
1674.47	  5.44034e+06
1675.58	  5.43149e+06
1676.67	  5.42265e+06
1677.78	  5.41383e+06
1678.88	  5.40502e+06
1679.97	  5.39623e+06
1681.08	  5.38745e+06
1682.17	  5.37868e+06
1683.28	  5.36992e+06
1684.38	  5.36118e+06
1685.47	  5.35245e+06
1686.58	  5.34374e+06
1687.67	  5.33504e+06
1688.78	  5.32635e+06
1689.88	  5.31767e+06
1690.97	  5.30901e+06
1692.08	  5.30037e+06
1693.17	  5.29173e+06
1694.28	  5.28311e+06
1695.38	  5.2745e+06
1696.47	  5.26591e+06
1697.58	  5.25733e+06
1698.67	  5.24876e+06
1699.78	  5.2402e+06
1700.88	  5.23166e+06
1701.97	  5.22313e+06
1703.08	  5.21462e+06
1704.17	  5.20612e+06
1705.28	  5.19763e+06
1706.38	  5.18915e+06
1707.47	  5.18069e+06
1708.58	  5.17224e+06
1709.67	  5.16381e+06
1710.78	  5.15538e+06
1711.88	  5.14697e+06
1712.97	  5.13858e+06
1714.08	  5.13019e+06
1715.17	  5.12182e+06
1716.28	  5.11346e+06
1717.38	  5.10512e+06
1718.47	  5.09679e+06
1719.58	  5.08847e+06
1720.67	  5.08016e+06
1721.78	  5.07187e+06
1722.88	  5.06359e+06
1723.97	  5.05532e+06
1725.08	  5.04707e+06
1726.17	  5.03883e+06
1727.28	  5.0306e+06
1728.38	  5.02238e+06
1729.47	  5.01418e+06
1730.58	  5.00599e+06
1731.67	  4.99782e+06
1732.78	  4.98965e+06
1733.88	  4.9815e+06
1734.97	  4.97336e+06
1736.08	  4.96524e+06
1737.17	  4.95712e+06
1738.28	  4.94902e+06
1739.38	  4.94094e+06
1740.47	  4.93286e+06
1741.58	  4.9248e+06
1742.67	  4.91675e+06
1743.78	  4.90871e+06
1744.88	  4.90069e+06
1745.97	  4.89268e+06
1747.08	  4.88468e+06
1748.17	  4.87669e+06
1749.28	  4.86872e+06
1750.38	  4.86076e+06
1751.47	  4.85281e+06
1752.58	  4.84488e+06
1753.67	  4.83695e+06
1754.78	  4.82904e+06
1755.88	  4.82114e+06
1756.97	  4.81326e+06
1758.08	  4.80539e+06
1759.17	  4.79752e+06
1760.28	  4.78968e+06
1761.38	  4.78184e+06
1762.47	  4.77402e+06
1763.58	  4.76621e+06
1764.67	  4.75841e+06
1765.78	  4.75062e+06
1766.88	  4.74285e+06
1767.97	  4.73509e+06
1769.08	  4.72734e+06
1770.17	  4.7196e+06
1771.28	  4.71188e+06
1772.38	  4.70416e+06
1773.47	  4.69646e+06
1774.58	  4.68878e+06
1775.67	  4.6811e+06
1776.78	  4.67344e+06
1777.88	  4.66579e+06
1778.97	  4.65815e+06
1780.08	  4.65052e+06
1781.17	  4.64291e+06
1782.28	  4.63531e+06
1783.38	  4.62772e+06
1784.47	  4.62014e+06
1785.58	  4.61257e+06
1786.67	  4.60502e+06
1787.78	  4.59748e+06
1788.88	  4.58995e+06
1789.97	  4.58243e+06
1791.08	  4.57492e+06
1792.17	  4.56743e+06
1793.28	  4.55995e+06
1794.38	  4.55248e+06
1795.47	  4.54502e+06
1796.58	  4.53758e+06
1797.67	  4.53014e+06
1798.78	  4.52272e+06
1799.88	  4.51531e+06
1800.97	  4.50792e+06
1802.08	  4.50053e+06
1803.17	  4.49316e+06
1804.28	  4.48579e+06
1805.38	  4.47844e+06
1806.47	  4.47111e+06
1807.58	  4.46378e+06
1808.67	  4.45647e+06
1809.78	  4.44916e+06
1810.88	  4.44187e+06
1811.97	  4.43459e+06
1813.08	  4.42732e+06
1814.17	  4.42007e+06
1815.28	  4.41282e+06
1816.38	  4.40559e+06
1817.47	  4.39837e+06
1818.58	  4.39116e+06
1819.67	  4.38396e+06
1820.78	  4.37678e+06
1821.88	  4.3696e+06
1822.97	  4.36244e+06
1824.08	  4.35529e+06
1825.17	  4.34815e+06
1826.28	  4.34102e+06
1827.38	  4.33391e+06
1828.47	  4.3268e+06
1829.58	  4.31971e+06
1830.67	  4.31263e+06
1831.78	  4.30556e+06
1832.88	  4.2985e+06
1833.97	  4.29145e+06
1835.08	  4.28442e+06
1836.17	  4.27739e+06
1837.28	  4.27038e+06
1838.38	  4.26338e+06
1839.47	  4.25639e+06
1840.58	  4.24941e+06
1841.67	  4.24244e+06
1842.78	  4.23549e+06
1843.88	  4.22854e+06
1844.97	  4.22161e+06
1846.08	  4.21469e+06
1847.17	  4.20778e+06
1848.28	  4.20088e+06
1849.38	  4.19399e+06
1850.47	  4.18711e+06
1851.58	  4.18025e+06
1852.67	  4.17339e+06
1853.78	  4.16655e+06
1854.88	  4.15972e+06
1855.97	  4.1529e+06
1857.08	  4.14609e+06
1858.17	  4.13929e+06
1859.28	  4.1325e+06
1860.38	  4.12572e+06
1861.47	  4.11896e+06
1862.58	  4.11221e+06
1863.67	  4.10546e+06
1864.78	  4.09873e+06
1865.88	  4.09201e+06
1866.97	  4.0853e+06
1868.08	  4.0786e+06
1869.17	  4.07191e+06
1870.28	  4.06524e+06
1871.38	  4.05857e+06
1872.47	  4.05191e+06
1873.58	  4.04527e+06
1874.67	  4.03864e+06
1875.78	  4.03202e+06
1876.88	  4.0254e+06
1877.97	  4.0188e+06
1879.08	  4.01221e+06
1880.17	  4.00564e+06
1881.28	  3.99907e+06
1882.38	  3.99251e+06
1883.47	  3.98596e+06
1884.58	  3.97943e+06
1885.67	  3.9729e+06
1886.78	  3.96639e+06
1887.88	  3.95989e+06
1888.97	  3.95339e+06
1890.08	  3.94691e+06
1891.17	  3.94044e+06
1892.28	  3.93398e+06
1893.38	  3.92753e+06
1894.47	  3.92109e+06
1895.58	  3.91466e+06
1896.67	  3.90825e+06
1897.78	  3.90184e+06
1898.88	  3.89544e+06
1899.97	  3.88906e+06
1901.08	  3.88268e+06
1902.17	  3.87632e+06
1903.28	  3.86996e+06
1904.38	  3.86362e+06
1905.47	  3.85729e+06
1906.58	  3.85096e+06
1907.67	  3.84465e+06
1908.78	  3.83835e+06
1909.88	  3.83206e+06
1910.97	  3.82578e+06
1912.08	  3.81951e+06
1913.17	  3.81325e+06
1914.28	  3.807e+06
1915.38	  3.80076e+06
1916.47	  3.79453e+06
1917.58	  3.78831e+06
1918.67	  3.7821e+06
1919.78	  3.77591e+06
1920.88	  3.76972e+06
1921.97	  3.76354e+06
1923.08	  3.75737e+06
1924.17	  3.75122e+06
1925.28	  3.74507e+06
1926.38	  3.73894e+06
1927.47	  3.73281e+06
1928.58	  3.72669e+06
1929.67	  3.72059e+06
1930.78	  3.71449e+06
1931.88	  3.70841e+06
1932.97	  3.70233e+06
1934.08	  3.69627e+06
1935.17	  3.69021e+06
1936.28	  3.68417e+06
1937.38	  3.67813e+06
1938.47	  3.67211e+06
1939.58	  3.6661e+06
1940.67	  3.66009e+06
1941.78	  3.6541e+06
1942.88	  3.64811e+06
1943.97	  3.64214e+06
1945.08	  3.63617e+06
1946.17	  3.63022e+06
1947.28	  3.62428e+06
1948.38	  3.61834e+06
1949.47	  3.61242e+06
1950.58	  3.6065e+06
1951.67	  3.6006e+06
1952.78	  3.5947e+06
1953.88	  3.58882e+06
1954.97	  3.58294e+06
1956.08	  3.57708e+06
1957.17	  3.57122e+06
1958.28	  3.56538e+06
1959.38	  3.55954e+06
1960.47	  3.55372e+06
1961.58	  3.5479e+06
1962.67	  3.5421e+06
1963.78	  3.5363e+06
1964.88	  3.53051e+06
1965.97	  3.52474e+06
1967.08	  3.51897e+06
1968.17	  3.51321e+06
1969.28	  3.50746e+06
1970.38	  3.50173e+06
1971.47	  3.496e+06
1972.58	  3.49028e+06
1973.67	  3.48457e+06
1974.78	  3.47887e+06
1975.88	  3.47318e+06
1976.97	  3.4675e+06
1978.08	  3.46183e+06
1979.17	  3.45617e+06
1980.28	  3.45052e+06
1981.38	  3.44487e+06
1982.47	  3.43924e+06
1983.58	  3.43362e+06
1984.67	  3.428e+06
1985.78	  3.4224e+06
1986.88	  3.4168e+06
1987.97	  3.41122e+06
1989.08	  3.40564e+06
1990.17	  3.40008e+06
1991.28	  3.39452e+06
1992.38	  3.38897e+06
1993.47	  3.38343e+06
1994.58	  3.37791e+06
1995.67	  3.37239e+06
1996.78	  3.36688e+06
1997.88	  3.36137e+06
1998.97	  3.35588e+06
2000.08	  3.3504e+06
2001.17	  3.34493e+06
2002.28	  3.33946e+06
2003.38	  3.33401e+06
2004.47	  3.32856e+06
2005.58	  3.32313e+06
2006.67	  3.3177e+06
2007.78	  3.31228e+06
2008.88	  3.30688e+06
2009.97	  3.30148e+06
2011.08	  3.29609e+06
2012.17	  3.29071e+06
2013.28	  3.28533e+06
2014.38	  3.27997e+06
2015.47	  3.27462e+06
2016.58	  3.26927e+06
2017.67	  3.26394e+06
2018.78	  3.25861e+06
2019.88	  3.25329e+06
2020.97	  3.24799e+06
2022.08	  3.24269e+06
2023.18	  3.2374e+06
2024.28	  3.23212e+06
2025.38	  3.22684e+06
2026.47	  3.22158e+06
2027.58	  3.21633e+06
2028.68	  3.21108e+06
2029.78	  3.20584e+06
2030.88	  3.20062e+06
2031.97	  3.1954e+06
2033.08	  3.19019e+06
2034.18	  3.18499e+06
2035.28	  3.1798e+06
2036.38	  3.17461e+06
2037.47	  3.16944e+06
2038.58	  3.16427e+06
2039.68	  3.15912e+06
2040.78	  3.15397e+06
2041.88	  3.14883e+06
2042.97	  3.1437e+06
2044.08	  3.13858e+06
2045.18	  3.13346e+06
2046.28	  3.12836e+06
2047.38	  3.12326e+06
2048.47	  3.11818e+06
2049.57	  3.1131e+06
2050.68	  3.10803e+06
2051.78	  3.10297e+06
2052.88	  3.09792e+06
2053.97	  3.09287e+06
2055.07	  3.08784e+06
2056.18	  3.08281e+06
2057.28	  3.0778e+06
2058.38	  3.07279e+06
2059.47	  3.06779e+06
2060.57	  3.06279e+06
2061.68	  3.05781e+06
2062.78	  3.05284e+06
2063.88	  3.04787e+06
2064.97	  3.04291e+06
2066.07	  3.03796e+06
2067.18	  3.03302e+06
2068.28	  3.02809e+06
2069.38	  3.02317e+06
2070.47	  3.01825e+06
2071.57	  3.01334e+06
2072.68	  3.00844e+06
2073.78	  3.00355e+06
2074.88	  2.99867e+06
2075.97	  2.9938e+06
2077.07	  2.98893e+06
2078.18	  2.98408e+06
2079.28	  2.97923e+06
2080.38	  2.97439e+06
2081.47	  2.96956e+06
2082.57	  2.96473e+06
2083.68	  2.95992e+06
2084.78	  2.95511e+06
2085.88	  2.95031e+06
2086.97	  2.94552e+06
2088.07	  2.94074e+06
2089.18	  2.93597e+06
2090.28	  2.9312e+06
2091.38	  2.92644e+06
2092.47	  2.92169e+06
2093.57	  2.91695e+06
2094.68	  2.91222e+06
2095.78	  2.90749e+06
2096.88	  2.90278e+06
2097.97	  2.89807e+06
2099.07	  2.89337e+06
2100.18	  2.88867e+06
2101.28	  2.88399e+06
2102.38	  2.87931e+06
2103.47	  2.87464e+06
2104.57	  2.86998e+06
2105.68	  2.86533e+06
2106.78	  2.86069e+06
2107.88	  2.85605e+06
2108.97	  2.85142e+06
2110.07	  2.8468e+06
2111.18	  2.84219e+06
2112.28	  2.83759e+06
2113.38	  2.83299e+06
2114.47	  2.8284e+06
2115.57	  2.82382e+06
2116.68	  2.81925e+06
2117.78	  2.81468e+06
2118.88	  2.81013e+06
2119.97	  2.80558e+06
2121.07	  2.80103e+06
2122.18	  2.7965e+06
2123.28	  2.79198e+06
2124.38	  2.78746e+06
2125.47	  2.78295e+06
2126.57	  2.77845e+06
2127.68	  2.77395e+06
2128.78	  2.76946e+06
2129.88	  2.76499e+06
2130.97	  2.76051e+06
2132.07	  2.75605e+06
2133.18	  2.75159e+06
2134.28	  2.74715e+06
2135.38	  2.74271e+06
2136.47	  2.73827e+06
2137.57	  2.73385e+06
2138.68	  2.72943e+06
2139.78	  2.72502e+06
2140.88	  2.72062e+06
2141.97	  2.71622e+06
2143.07	  2.71184e+06
2144.18	  2.70746e+06
2145.28	  2.70309e+06
2146.38	  2.69872e+06
2147.47	  2.69436e+06
2148.57	  2.69002e+06
2149.68	  2.68567e+06
2150.78	  2.68134e+06
2151.88	  2.67701e+06
2152.97	  2.67269e+06
2154.07	  2.66838e+06
2155.18	  2.66408e+06
2156.28	  2.65978e+06
2157.38	  2.65549e+06
2158.47	  2.65121e+06
2159.57	  2.64694e+06
2160.68	  2.64267e+06
2161.78	  2.63841e+06
2162.88	  2.63416e+06
2163.97	  2.62991e+06
2165.07	  2.62568e+06
2166.18	  2.62144e+06
2167.28	  2.61722e+06
2168.38	  2.61301e+06
2169.47	  2.6088e+06
2170.57	  2.6046e+06
2171.68	  2.6004e+06
2172.78	  2.59622e+06
2173.88	  2.59204e+06
2174.97	  2.58787e+06
2176.07	  2.5837e+06
2177.18	  2.57954e+06
2178.28	  2.5754e+06
2179.38	  2.57125e+06
2180.47	  2.56712e+06
2181.57	  2.56299e+06
2182.68	  2.55887e+06
2183.78	  2.55475e+06
2184.88	  2.55065e+06
2185.97	  2.54655e+06
2187.07	  2.54245e+06
2188.18	  2.53837e+06
2189.28	  2.53429e+06
2190.38	  2.53022e+06
2191.47	  2.52615e+06
2192.57	  2.5221e+06
2193.68	  2.51804e+06
2194.78	  2.514e+06
2195.88	  2.50997e+06
2196.97	  2.50594e+06
2198.07	  2.50191e+06
2199.18	  2.4979e+06
2200.28	  2.49389e+06
2201.38	  2.48989e+06
2202.47	  2.4859e+06
2203.57	  2.48191e+06
2204.68	  2.47793e+06
2205.78	  2.47395e+06
2206.88	  2.46999e+06
2207.97	  2.46603e+06
2209.07	  2.46207e+06
2210.18	  2.45813e+06
2211.28	  2.45419e+06
2212.38	  2.45026e+06
2213.47	  2.44633e+06
2214.57	  2.44241e+06
2215.68	  2.4385e+06
2216.78	  2.4346e+06
2217.88	  2.4307e+06
2218.97	  2.42681e+06
2220.07	  2.42292e+06
2221.18	  2.41905e+06
2222.28	  2.41518e+06
2223.38	  2.41131e+06
2224.47	  2.40745e+06
2225.57	  2.4036e+06
2226.68	  2.39976e+06
2227.78	  2.39592e+06
2228.88	  2.39209e+06
2229.97	  2.38827e+06
2231.07	  2.38445e+06
2232.18	  2.38064e+06
2233.28	  2.37683e+06
2234.38	  2.37304e+06
2235.47	  2.36925e+06
2236.57	  2.36546e+06
2237.68	  2.36168e+06
2238.78	  2.35791e+06
2239.88	  2.35415e+06
2240.97	  2.35039e+06
2242.07	  2.34664e+06
2243.18	  2.3429e+06
2244.28	  2.33916e+06
2245.38	  2.33543e+06
2246.47	  2.3317e+06
2247.57	  2.32798e+06
2248.68	  2.32427e+06
2249.78	  2.32056e+06
2250.88	  2.31687e+06
2251.97	  2.31317e+06
2253.07	  2.30949e+06
2254.18	  2.30581e+06
2255.28	  2.30213e+06
2256.38	  2.29847e+06
2257.47	  2.29481e+06
2258.57	  2.29115e+06
2259.68	  2.2875e+06
2260.78	  2.28386e+06
2261.88	  2.28023e+06
2262.97	  2.2766e+06
2264.07	  2.27298e+06
2265.18	  2.26936e+06
2266.28	  2.26575e+06
2267.38	  2.26215e+06
2268.47	  2.25855e+06
2269.57	  2.25496e+06
2270.68	  2.25137e+06
2271.78	  2.2478e+06
2272.88	  2.24422e+06
2273.97	  2.24066e+06
2275.07	  2.2371e+06
2276.18	  2.23354e+06
2277.28	  2.23e+06
2278.38	  2.22646e+06
2279.47	  2.22292e+06
2280.57	  2.13157e+06
2281.68	  2.12837e+06
2282.78	  2.12517e+06
2283.88	  2.12198e+06
2284.97	  2.11879e+06
2286.07	  2.11561e+06
2287.18	  2.11243e+06
2288.28	  2.10926e+06
2289.38	  2.10609e+06
2290.47	  2.10293e+06
2291.57	  2.09977e+06
2292.68	  2.09662e+06
2293.78	  2.09347e+06
2294.88	  2.09033e+06
2295.97	  2.08719e+06
2297.07	  2.08406e+06
2298.18	  2.08093e+06
2299.28	  2.07781e+06
2300.38	  2.07469e+06
2301.47	  2.07158e+06
2302.57	  2.06847e+06
2303.68	  2.06537e+06
2304.78	  2.06227e+06
2305.88	  2.05918e+06
2306.97	  2.05609e+06
2308.07	  2.05301e+06
2309.18	  2.04993e+06
2310.28	  2.04686e+06
2311.38	  2.04379e+06
2312.47	  2.04072e+06
2313.57	  2.03767e+06
2314.68	  2.03461e+06
2315.78	  2.03157e+06
2316.88	  2.02852e+06
2317.97	  2.02548e+06
2319.07	  2.02245e+06
2320.18	  2.01942e+06
2321.28	  2.0164e+06
2322.38	  2.01338e+06
2323.47	  2.01037e+06
2324.57	  2.00736e+06
2325.68	  2.00435e+06
2326.78	  2.00135e+06
2327.88	  1.99836e+06
2328.97	  1.99537e+06
2330.07	  1.99238e+06
2331.18	  1.9894e+06
2332.28	  1.98643e+06
2333.38	  1.98346e+06
2334.47	  1.98049e+06
2335.57	  1.97753e+06
2336.68	  1.97457e+06
2337.78	  1.97162e+06
2338.88	  1.96867e+06
2339.97	  1.96573e+06
2341.07	  1.96279e+06
2342.18	  1.95986e+06
2343.28	  1.95693e+06
2344.38	  1.95401e+06
2345.47	  1.95109e+06
2346.57	  1.94818e+06
2347.68	  1.94527e+06
2348.78	  1.94236e+06
2349.88	  1.93946e+06
2350.97	  1.93657e+06
2352.07	  1.93368e+06
2353.18	  1.93079e+06
2354.28	  1.92791e+06
2355.38	  1.92504e+06
2356.47	  1.92216e+06
2357.57	  1.9193e+06
2358.68	  1.91643e+06
2359.78	  1.91358e+06
2360.88	  1.91072e+06
2361.97	  1.90787e+06
2363.07	  1.90503e+06
2364.18	  1.90219e+06
2365.28	  1.89935e+06
2366.38	  1.89652e+06
2367.47	  1.8937e+06
2368.57	  1.89088e+06
2369.68	  1.88806e+06
2370.78	  1.88525e+06
2371.88	  1.88244e+06
2372.97	  1.87964e+06
2374.07	  1.87684e+06
2375.18	  1.87404e+06
2376.28	  1.87125e+06
2377.38	  1.86847e+06
2378.47	  1.86569e+06
2379.57	  1.86291e+06
2380.68	  1.86014e+06
2381.78	  1.85737e+06
2382.88	  1.85461e+06
2383.97	  1.85185e+06
2385.07	  1.8491e+06
2386.18	  1.84635e+06
2387.28	  1.8436e+06
2388.38	  1.84086e+06
2389.47	  1.83813e+06
2390.57	  1.8354e+06
2391.68	  1.83267e+06
2392.78	  1.82994e+06
2393.88	  1.82723e+06
2394.97	  1.82451e+06
2396.07	  1.8218e+06
2397.18	  1.8191e+06
2398.28	  1.8164e+06
2399.38	  1.8137e+06
2400.47	  1.81101e+06
2401.57	  1.80832e+06
2402.68	  1.80564e+06
2403.78	  1.80296e+06
2404.88	  1.80028e+06
2405.97	  1.79761e+06
2407.07	  1.79494e+06
2408.18	  1.79228e+06
2409.28	  1.78963e+06
2410.38	  1.78697e+06
2411.47	  1.78432e+06
2412.57	  1.78168e+06
2413.68	  1.77904e+06
2414.78	  1.7764e+06
2415.88	  1.77377e+06
2416.97	  1.77114e+06
2418.07	  1.76852e+06
2419.18	  1.7659e+06
2420.28	  1.76328e+06
2421.38	  1.76067e+06
2422.47	  1.75807e+06
2423.57	  1.75546e+06
2424.68	  1.75287e+06
2425.78	  1.75027e+06
2426.88	  1.74768e+06
2427.97	  1.7451e+06
2429.07	  1.74252e+06
2430.18	  1.73994e+06
2431.28	  1.73737e+06
2432.38	  1.7348e+06
2433.47	  1.73223e+06
2434.57	  1.72967e+06
2435.68	  1.72711e+06
2436.78	  1.72456e+06
2437.88	  1.72201e+06
2438.97	  1.71947e+06
2440.07	  1.71693e+06
2441.18	  1.71439e+06
2442.28	  1.71186e+06
2443.38	  1.70934e+06
2444.47	  1.70681e+06
2445.57	  1.70429e+06
2446.68	  1.70178e+06
2447.78	  1.69927e+06
2448.88	  1.69676e+06
2449.97	  1.69426e+06
2451.07	  1.69176e+06
2452.18	  1.68926e+06
2453.28	  1.68677e+06
2454.38	  1.68428e+06
2455.47	  1.6818e+06
2456.57	  1.67932e+06
2457.68	  1.67685e+06
2458.78	  1.67438e+06
2459.88	  1.67191e+06
2460.97	  1.66945e+06
2462.07	  1.66699e+06
2463.18	  1.66453e+06
2464.28	  1.66208e+06
2465.38	  1.65964e+06
2466.47	  1.65719e+06
2467.57	  1.65475e+06
2468.68	  1.65232e+06
2469.78	  1.64989e+06
2470.88	  1.64746e+06
2471.97	  1.64504e+06
2473.07	  1.64262e+06
2474.18	  1.6402e+06
2475.28	  1.63779e+06
2476.38	  1.63538e+06
2477.47	  1.63298e+06
