Emission arising from a slab of Hydrogen (both H and H-).
   
Parameters of the slab:
n_e = 5e+13 cm-3
T_e = 8750 K
tau(lambda=300 nm) = 0.5
L = 1.32266e+08 cm
   
Wavelength (nm), Emission (erg s-1 cm-2 nm-1 sr-1)
50	  2.00679
91.2	  4510.3
120	  190654
150	  1.85063e+06
175	  6.24896e+06
200	  1.48309e+07
225	  2.78202e+07
250	  4.43287e+07
270	  5.89904e+07
290	  7.39261e+07
300	  8.12154e+07
305	  8.4771e+07
310	  8.82523e+07
315	  9.16487e+07
320	  9.49508e+07
322.5	  9.65636e+07
325	  9.81497e+07
327	  9.93986e+07
329	  1.00629e+08
329.999	  1.01237e+08
330.266	  1.01399e+08
330.533	  1.0156e+08
330.8	  1.01721e+08
331.067	  1.01881e+08
331.334	  1.02042e+08
331.601	  1.02202e+08
331.868	  1.02361e+08
332.135	  1.0252e+08
332.402	  1.02679e+08
332.669	  1.02838e+08
332.936	  1.02996e+08
333.203	  1.03154e+08
333.47	  1.03311e+08
333.737	  1.03469e+08
334.004	  1.03625e+08
334.271	  1.03782e+08
334.538	  1.03938e+08
334.805	  1.04094e+08
335.072	  1.04249e+08
335.339	  1.04404e+08
335.606	  1.04559e+08
335.873	  1.04713e+08
336.14	  1.04867e+08
336.407	  1.05021e+08
336.674	  1.05174e+08
336.941	  1.05327e+08
337.208	  1.05479e+08
337.475	  1.05632e+08
337.742	  1.05783e+08
338.009	  1.05935e+08
338.276	  1.06086e+08
338.543	  1.06237e+08
338.81	  1.06387e+08
339.077	  1.06537e+08
339.344	  1.06687e+08
339.611	  1.06836e+08
339.878	  1.06985e+08
340.145	  1.07133e+08
340.412	  1.07281e+08
340.679	  1.07429e+08
340.946	  1.07576e+08
341.213	  1.07723e+08
341.48	  1.0787e+08
341.747	  1.08016e+08
342.014	  1.08162e+08
342.281	  1.08308e+08
342.548	  1.08453e+08
342.815	  1.08598e+08
343.082	  1.08742e+08
343.349	  1.08886e+08
343.616	  1.0903e+08
343.883	  1.09173e+08
344.15	  1.09316e+08
344.417	  1.09458e+08
344.684	  1.096e+08
344.951	  1.09742e+08
345.218	  1.09883e+08
345.485	  1.10024e+08
345.752	  1.10165e+08
346.019	  1.10305e+08
346.286	  1.10445e+08
346.553	  1.10584e+08
346.82	  1.10723e+08
347.087	  1.10862e+08
347.354	  1.11e+08
347.621	  1.11138e+08
347.888	  1.11275e+08
348.155	  1.11412e+08
348.422	  1.11549e+08
348.689	  1.11685e+08
348.956	  1.11821e+08
349.223	  1.11956e+08
349.49	  1.12092e+08
349.757	  1.12226e+08
350.024	  1.12361e+08
350.291	  1.12494e+08
350.558	  1.12628e+08
350.825	  1.12761e+08
351.092	  1.12894e+08
351.359	  1.13026e+08
351.626	  1.13158e+08
351.893	  1.1329e+08
352.16	  1.13421e+08
352.427	  1.13551e+08
352.694	  1.13682e+08
352.961	  1.13812e+08
353.228	  1.13941e+08
353.495	  1.1407e+08
353.762	  1.14199e+08
354.029	  1.14327e+08
354.296	  1.14455e+08
354.563	  1.14583e+08
354.83	  1.1471e+08
355.097	  1.14837e+08
355.364	  1.14963e+08
355.631	  1.15089e+08
355.898	  1.15214e+08
356.165	  1.15339e+08
356.432	  1.15464e+08
356.699	  1.15588e+08
356.966	  1.15712e+08
357.233	  1.15836e+08
357.5	  1.15959e+08
357.767	  1.16081e+08
358.034	  1.16204e+08
358.301	  1.16325e+08
358.568	  1.16447e+08
358.835	  1.16568e+08
359.102	  1.16688e+08
359.369	  1.16809e+08
359.636	  1.16928e+08
359.903	  1.17048e+08
360.17	  1.17167e+08
360.437	  1.17285e+08
360.704	  1.17403e+08
360.971	  1.17521e+08
361.238	  1.17639e+08
361.505	  1.17755e+08
361.772	  1.17872e+08
362.039	  1.17988e+08
362.306	  1.18104e+08
362.573	  1.18219e+08
363	  1.18402e+08
363.027	  1.18414e+08
363.054	  1.18425e+08
363.08	  1.18437e+08
363.107	  1.18448e+08
363.134	  1.1846e+08
363.16	  1.18471e+08
363.187	  1.18482e+08
363.214	  1.18494e+08
363.24	  1.18505e+08
363.267	  1.18517e+08
363.294	  1.18528e+08
363.321	  1.18539e+08
363.347	  1.18551e+08
363.374	  1.18562e+08
363.401	  1.18574e+08
363.427	  1.18585e+08
363.454	  1.18596e+08
363.481	  1.18608e+08
363.508	  1.18619e+08
363.534	  1.1863e+08
363.561	  1.18642e+08
363.588	  1.18653e+08
363.614	  1.18664e+08
363.641	  1.18676e+08
363.668	  1.18687e+08
363.694	  1.18698e+08
363.721	  1.1871e+08
363.748	  1.18721e+08
363.774	  1.18732e+08
363.801	  1.18744e+08
363.828	  1.18755e+08
363.855	  1.18766e+08
363.881	  1.18778e+08
363.908	  1.18789e+08
363.935	  1.188e+08
363.961	  1.18811e+08
363.988	  1.18823e+08
364.015	  1.18834e+08
364.041	  1.18845e+08
364.068	  1.18857e+08
364.095	  1.18868e+08
364.122	  1.18879e+08
364.148	  1.1889e+08
364.175	  1.18902e+08
364.202	  1.18913e+08
364.228	  1.18924e+08
364.255	  1.18935e+08
364.282	  1.18947e+08
364.308	  1.18958e+08
364.335	  1.18969e+08
364.362	  1.1898e+08
364.389	  1.18992e+08
364.415	  1.19003e+08
364.442	  1.19014e+08
364.469	  1.19025e+08
364.495	  1.19036e+08
364.522	  1.19048e+08
364.549	  1.19059e+08
364.575	  1.1907e+08
364.602	  1.19081e+08
364.629	  1.19092e+08
364.656	  1.19104e+08
364.682	  1.19115e+08
364.709	  1.19126e+08
364.736	  7.5874e+06
364.762	  7.58861e+06
364.789	  7.58983e+06
364.816	  7.59105e+06
364.842	  7.59226e+06
364.869	  7.59348e+06
364.896	  7.59469e+06
364.923	  7.59591e+06
364.949	  7.59712e+06
364.976	  7.59834e+06
365.003	  7.59955e+06
365.029	  7.60077e+06
365.056	  7.60198e+06
365.083	  7.6032e+06
365.11	  7.60441e+06
365.136	  7.60563e+06
365.163	  7.60684e+06
365.19	  7.60805e+06
365.216	  7.60927e+06
365.243	  7.61048e+06
365.27	  7.6117e+06
365.296	  7.61291e+06
365.323	  7.61413e+06
365.35	  7.61534e+06
365.377	  7.61655e+06
365.403	  7.61777e+06
365.43	  7.61898e+06
365.457	  7.6202e+06
365.483	  7.62141e+06
365.51	  7.62262e+06
365.537	  7.62383e+06
365.563	  7.62505e+06
365.59	  7.62626e+06
365.617	  7.62748e+06
365.643	  7.62869e+06
365.67	  7.6299e+06
365.697	  7.63112e+06
365.724	  7.63233e+06
365.75	  7.63354e+06
365.777	  7.63475e+06
365.804	  7.63597e+06
365.83	  7.63718e+06
365.857	  7.63839e+06
365.884	  7.6396e+06
365.91	  7.64082e+06
365.937	  7.64203e+06
365.964	  7.64324e+06
365.991	  7.64445e+06
365.991	  7.64445e+06
366.258	  7.65657e+06
366.525	  7.66868e+06
366.792	  7.68078e+06
367.059	  7.69288e+06
367.326	  7.70496e+06
367.593	  7.71704e+06
367.86	  7.72912e+06
368.127	  7.74118e+06
368.394	  7.75323e+06
368.661	  7.76528e+06
368.928	  7.77732e+06
369.195	  7.78935e+06
369.462	  7.80138e+06
369.729	  7.8134e+06
369.996	  7.8254e+06
370.263	  7.8374e+06
370.53	  7.8494e+06
370.797	  7.86138e+06
371.064	  7.87336e+06
371.331	  7.88532e+06
371.598	  7.89728e+06
371.865	  7.90923e+06
372.132	  7.92118e+06
372.399	  7.93311e+06
372.666	  7.94504e+06
372.933	  7.95696e+06
373.2	  7.96886e+06
373.467	  7.98077e+06
373.734	  7.99266e+06
374.001	  8.00454e+06
374.268	  8.01642e+06
374.535	  8.02829e+06
374.802	  8.04014e+06
375.069	  8.05199e+06
375.336	  8.06383e+06
375.603	  8.07567e+06
375.87	  8.08749e+06
376.137	  8.09931e+06
376.404	  8.11111e+06
376.671	  8.12291e+06
376.938	  8.1347e+06
377.205	  8.14648e+06
377.472	  8.15825e+06
377.739	  8.17001e+06
378.006	  8.18176e+06
378.273	  8.19351e+06
378.54	  8.20524e+06
378.807	  8.21697e+06
379.074	  8.22869e+06
379.341	  8.2404e+06
379.608	  8.2521e+06
379.875	  8.26379e+06
380.142	  8.27547e+06
380.409	  8.28714e+06
380.676	  8.2988e+06
380.943	  8.31045e+06
381.21	  8.3221e+06
381.477	  8.33373e+06
381.744	  8.34536e+06
382.011	  8.35697e+06
382.278	  8.36858e+06
382.545	  8.38018e+06
382.812	  8.39176e+06
383.079	  8.40334e+06
383.346	  8.41491e+06
383.613	  8.42647e+06
383.88	  8.43802e+06
384.147	  8.44956e+06
384.414	  8.46109e+06
384.681	  8.47262e+06
384.948	  8.48413e+06
385.215	  8.49563e+06
385.482	  8.50712e+06
385.749	  8.5186e+06
386.016	  8.53008e+06
386.283	  8.54154e+06
386.55	  8.55299e+06
386.817	  8.56444e+06
387.084	  8.57587e+06
387.351	  8.5873e+06
387.618	  8.59871e+06
387.885	  8.61012e+06
388.152	  8.62151e+06
388.419	  8.63289e+06
388.686	  8.64427e+06
388.953	  8.65563e+06
389.22	  8.66699e+06
389.487	  8.67833e+06
389.754	  8.68967e+06
390.021	  8.70099e+06
390.288	  8.71231e+06
390.555	  8.72361e+06
390.822	  8.73491e+06
391.089	  8.74619e+06
391.356	  8.75746e+06
391.623	  8.76873e+06
391.89	  8.77998e+06
392.157	  8.79123e+06
392.424	  8.80246e+06
392.691	  8.81368e+06
392.958	  8.82489e+06
393.225	  8.8361e+06
393.492	  8.84729e+06
393.759	  8.85847e+06
394.026	  8.86964e+06
394.293	  8.8808e+06
394.56	  8.89195e+06
394.827	  8.90309e+06
395.094	  8.91422e+06
395.361	  8.92534e+06
395.628	  8.93645e+06
395.895	  8.94755e+06
396.162	  8.95863e+06
396.429	  8.96971e+06
396.696	  8.98078e+06
396.963	  8.99183e+06
397.23	  9.00288e+06
397.497	  9.01391e+06
397.764	  9.02494e+06
398.031	  9.03595e+06
398.298	  9.04695e+06
398.565	  9.05794e+06
398.832	  9.06893e+06
399.099	  9.0799e+06
399.366	  9.09085e+06
399.633	  9.1018e+06
399.9	  9.11274e+06
400.167	  9.12367e+06
400.434	  9.13458e+06
400.701	  9.14549e+06
400.968	  9.15638e+06
401.235	  9.16727e+06
401.502	  9.17814e+06
401.769	  9.189e+06
402.036	  9.19985e+06
402.303	  9.21069e+06
402.57	  9.22152e+06
402.837	  9.23234e+06
403.104	  9.24314e+06
403.371	  9.25394e+06
403.638	  9.26472e+06
403.905	  9.2755e+06
404.172	  9.28626e+06
404.439	  9.29701e+06
404.706	  9.30775e+06
404.973	  9.31848e+06
405.24	  9.3292e+06
405.507	  9.33991e+06
405.774	  9.3506e+06
406.041	  9.36129e+06
406.308	  9.37196e+06
406.575	  9.38262e+06
406.842	  9.39327e+06
407.109	  9.40391e+06
407.376	  9.41454e+06
407.643	  9.42516e+06
407.91	  9.43576e+06
408.177	  9.44635e+06
408.444	  9.45694e+06
408.711	  9.46751e+06
408.978	  9.47807e+06
409.245	  9.48862e+06
409.512	  9.49916e+06
409.779	  9.50968e+06
410.046	  9.5202e+06
410.313	  9.5307e+06
410.58	  9.54119e+06
410.847	  9.55167e+06
411.114	  9.56214e+06
411.381	  9.5726e+06
411.648	  9.58304e+06
411.915	  9.59348e+06
412.182	  9.6039e+06
412.449	  9.61431e+06
412.716	  9.62471e+06
412.983	  9.6351e+06
413.25	  9.64547e+06
413.517	  9.65584e+06
413.784	  9.66619e+06
414.051	  9.67653e+06
414.318	  9.68686e+06
414.585	  9.69718e+06
414.852	  9.70748e+06
415.119	  9.71778e+06
415.386	  9.72806e+06
415.653	  9.73833e+06
415.92	  9.74859e+06
416.187	  9.75884e+06
416.454	  9.76908e+06
416.721	  9.7793e+06
416.988	  9.78951e+06
417.255	  9.79971e+06
417.522	  9.8099e+06
417.789	  9.82008e+06
418.056	  9.83025e+06
418.323	  9.8404e+06
418.59	  9.85054e+06
418.857	  9.86067e+06
419.124	  9.87079e+06
419.391	  9.88089e+06
419.658	  9.89099e+06
419.925	  9.90107e+06
420.192	  9.91114e+06
420.459	  9.9212e+06
420.726	  9.93124e+06
420.993	  9.94128e+06
421.26	  9.9513e+06
421.527	  9.96131e+06
421.794	  9.97131e+06
422.061	  9.9813e+06
422.328	  9.99127e+06
422.595	  1.00012e+07
422.862	  1.00112e+07
423.129	  1.00211e+07
423.396	  1.0031e+07
423.663	  1.0041e+07
423.93	  1.00509e+07
424.197	  1.00608e+07
424.464	  1.00706e+07
424.731	  1.00805e+07
424.998	  1.00904e+07
425.265	  1.01002e+07
425.532	  1.011e+07
425.799	  1.01198e+07
426.066	  1.01296e+07
426.333	  1.01394e+07
426.6	  1.01492e+07
426.867	  1.0159e+07
427.134	  1.01687e+07
427.401	  1.01785e+07
427.668	  1.01882e+07
427.935	  1.01979e+07
428.202	  1.02077e+07
428.469	  1.02173e+07
428.736	  1.0227e+07
429.003	  1.02367e+07
429.27	  1.02464e+07
429.537	  1.0256e+07
429.804	  1.02656e+07
430.071	  1.02753e+07
430.338	  1.02849e+07
430.605	  1.02945e+07
430.872	  1.03041e+07
431.139	  1.03136e+07
431.406	  1.03232e+07
431.673	  1.03327e+07
431.94	  1.03423e+07
432.207	  1.03518e+07
432.474	  1.03613e+07
432.741	  1.03708e+07
433.008	  1.03803e+07
433.275	  1.03898e+07
433.542	  1.03992e+07
433.809	  1.04087e+07
434.076	  1.04181e+07
434.343	  1.04276e+07
434.61	  1.0437e+07
434.877	  1.04464e+07
435.144	  1.04558e+07
435.411	  1.04651e+07
435.678	  1.04745e+07
435.945	  1.04838e+07
436.212	  1.04932e+07
436.479	  1.05025e+07
436.746	  1.05118e+07
437.013	  1.05211e+07
437.28	  1.05304e+07
437.547	  1.05397e+07
437.814	  1.05489e+07
438.081	  1.05582e+07
438.348	  1.05674e+07
438.615	  1.05767e+07
438.882	  1.05859e+07
439.149	  1.05951e+07
439.416	  1.06043e+07
439.683	  1.06134e+07
439.95	  1.06226e+07
440.217	  1.06318e+07
440.484	  1.06409e+07
440.751	  1.065e+07
441.018	  1.06591e+07
441.285	  1.06682e+07
441.552	  1.06773e+07
441.819	  1.06864e+07
442.086	  1.06955e+07
442.353	  1.07045e+07
442.62	  1.07136e+07
442.887	  1.07226e+07
443.154	  1.07316e+07
443.421	  1.07406e+07
443.688	  1.07496e+07
443.955	  1.07586e+07
444.222	  1.07675e+07
444.489	  1.07765e+07
444.756	  1.07854e+07
445.023	  1.07943e+07
445.29	  1.08032e+07
445.557	  1.08121e+07
445.824	  1.0821e+07
446.091	  1.08299e+07
446.358	  1.08388e+07
446.625	  1.08476e+07
446.892	  1.08565e+07
447.159	  1.08653e+07
447.426	  1.08741e+07
447.693	  1.08829e+07
447.96	  1.08917e+07
448.227	  1.09005e+07
448.494	  1.09092e+07
448.761	  1.0918e+07
449.028	  1.09267e+07
449.295	  1.09354e+07
449.562	  1.09441e+07
449.829	  1.09528e+07
450.096	  1.09615e+07
450.363	  1.09702e+07
450.63	  1.09788e+07
450.897	  1.09875e+07
451.164	  1.09961e+07
451.431	  1.10048e+07
451.698	  1.10134e+07
451.965	  1.1022e+07
452.232	  1.10305e+07
452.499	  1.10391e+07
452.766	  1.10477e+07
453.033	  1.10562e+07
453.3	  1.10647e+07
453.567	  1.10733e+07
453.834	  1.10818e+07
454.101	  1.10903e+07
454.368	  1.10988e+07
454.635	  1.11072e+07
454.902	  1.11157e+07
455.169	  1.11241e+07
455.436	  1.11326e+07
455.703	  1.1141e+07
455.97	  1.11494e+07
456.237	  1.11578e+07
456.504	  1.11662e+07
456.771	  1.11745e+07
457.038	  1.11829e+07
457.305	  1.11912e+07
457.572	  1.11996e+07
457.839	  1.12079e+07
458.106	  1.12162e+07
458.373	  1.12245e+07
458.64	  1.12327e+07
458.907	  1.1241e+07
459.174	  1.12493e+07
459.441	  1.12575e+07
459.708	  1.12657e+07
459.975	  1.12739e+07
460.242	  1.12822e+07
460.509	  1.12903e+07
460.776	  1.12985e+07
461.043	  1.13067e+07
461.31	  1.13148e+07
461.577	  1.1323e+07
461.844	  1.13311e+07
462.111	  1.13392e+07
462.378	  1.13473e+07
462.645	  1.13554e+07
462.912	  1.13635e+07
463.179	  1.13715e+07
463.446	  1.13796e+07
463.713	  1.13876e+07
463.98	  1.13957e+07
464.247	  1.14037e+07
464.514	  1.14117e+07
464.781	  1.14196e+07
465.048	  1.14276e+07
465.315	  1.14356e+07
465.582	  1.14435e+07
465.849	  1.14515e+07
466.116	  1.14594e+07
466.383	  1.14673e+07
466.65	  1.14752e+07
466.917	  1.14831e+07
467.184	  1.1491e+07
467.451	  1.14988e+07
467.718	  1.15067e+07
467.985	  1.15145e+07
468.252	  1.15223e+07
468.519	  1.15301e+07
468.786	  1.15379e+07
469.053	  1.15457e+07
469.32	  1.15535e+07
469.587	  1.15612e+07
469.854	  1.1569e+07
470.121	  1.15767e+07
470.388	  1.15844e+07
470.655	  1.15921e+07
470.922	  1.15998e+07
471.189	  1.16075e+07
471.456	  1.16152e+07
471.723	  1.16228e+07
471.99	  1.16305e+07
472.257	  1.16381e+07
472.524	  1.16457e+07
472.791	  1.16533e+07
473.058	  1.16609e+07
473.325	  1.16685e+07
473.592	  1.16761e+07
473.859	  1.16836e+07
474.126	  1.16912e+07
474.393	  1.16987e+07
474.66	  1.17062e+07
474.927	  1.17137e+07
475.194	  1.17212e+07
475.461	  1.17287e+07
475.728	  1.17361e+07
475.995	  1.17436e+07
476.262	  1.1751e+07
476.529	  1.17585e+07
476.796	  1.17659e+07
477.063	  1.17733e+07
477.33	  1.17807e+07
477.597	  1.1788e+07
477.864	  1.17954e+07
478.131	  1.18028e+07
478.398	  1.18101e+07
478.665	  1.18174e+07
478.932	  1.18247e+07
479.199	  1.1832e+07
479.466	  1.18393e+07
479.733	  1.18466e+07
480	  1.18539e+07
480.267	  1.18611e+07
480.534	  1.18684e+07
480.801	  1.18756e+07
481.068	  1.18828e+07
481.335	  1.189e+07
481.602	  1.18972e+07
481.869	  1.19044e+07
482.136	  1.19115e+07
482.403	  1.19187e+07
482.67	  1.19258e+07
482.937	  1.19329e+07
483.204	  1.194e+07
483.471	  1.19471e+07
483.738	  1.19542e+07
484.005	  1.19613e+07
484.272	  1.19684e+07
484.539	  1.19754e+07
484.806	  1.19824e+07
485.073	  1.19895e+07
485.34	  1.19965e+07
485.607	  1.20035e+07
485.874	  1.20105e+07
486.141	  1.20174e+07
486.408	  1.20244e+07
486.675	  1.20313e+07
486.942	  1.20383e+07
487.209	  1.20452e+07
487.476	  1.20521e+07
487.743	  1.2059e+07
488.01	  1.20659e+07
488.277	  1.20728e+07
488.544	  1.20796e+07
488.811	  1.20865e+07
489.078	  1.20933e+07
489.345	  1.21001e+07
489.612	  1.21069e+07
489.879	  1.21137e+07
490.146	  1.21205e+07
490.413	  1.21273e+07
490.68	  1.21341e+07
490.947	  1.21408e+07
491.214	  1.21475e+07
491.481	  1.21543e+07
491.748	  1.2161e+07
492.015	  1.21677e+07
492.282	  1.21744e+07
492.549	  1.2181e+07
492.816	  1.21877e+07
493.083	  1.21943e+07
493.35	  1.2201e+07
493.617	  1.22076e+07
493.884	  1.22142e+07
494.151	  1.22208e+07
494.418	  1.22274e+07
494.685	  1.2234e+07
494.952	  1.22405e+07
495.219	  1.22471e+07
495.486	  1.22536e+07
495.753	  1.22601e+07
496.02	  1.22666e+07
496.287	  1.22731e+07
496.554	  1.22796e+07
496.821	  1.22861e+07
497.088	  1.22926e+07
497.355	  1.2299e+07
497.622	  1.23055e+07
497.889	  1.23119e+07
498.156	  1.23183e+07
498.423	  1.23247e+07
498.69	  1.23311e+07
498.957	  1.23375e+07
499.224	  1.23438e+07
499.491	  1.23502e+07
499.758	  1.23565e+07
500.025	  1.23628e+07
500.292	  1.23691e+07
500.559	  1.23754e+07
500.826	  1.23817e+07
501.093	  1.2388e+07
501.36	  1.23943e+07
501.627	  1.24005e+07
501.894	  1.24068e+07
502.161	  1.2413e+07
502.428	  1.24192e+07
502.695	  1.24254e+07
502.962	  1.24316e+07
503.229	  1.24378e+07
503.496	  1.24439e+07
503.763	  1.24501e+07
504.03	  1.24562e+07
504.297	  1.24624e+07
504.564	  1.24685e+07
504.831	  1.24746e+07
505.098	  1.24807e+07
505.365	  1.24868e+07
505.632	  1.24928e+07
505.899	  1.24989e+07
506.166	  1.25049e+07
506.433	  1.2511e+07
506.7	  1.2517e+07
506.967	  1.2523e+07
507.234	  1.2529e+07
507.501	  1.2535e+07
507.768	  1.25409e+07
508.035	  1.25469e+07
508.302	  1.25528e+07
508.569	  1.25588e+07
508.836	  1.25647e+07
509.103	  1.25706e+07
509.37	  1.25765e+07
509.637	  1.25824e+07
509.904	  1.25883e+07
510.171	  1.25941e+07
510.438	  1.26e+07
510.705	  1.26058e+07
510.972	  1.26116e+07
511.239	  1.26175e+07
511.506	  1.26233e+07
511.773	  1.26291e+07
512.04	  1.26348e+07
512.307	  1.26406e+07
512.574	  1.26463e+07
512.841	  1.26521e+07
513.108	  1.26578e+07
513.375	  1.26635e+07
513.642	  1.26692e+07
513.909	  1.26749e+07
514.176	  1.26806e+07
514.443	  1.26863e+07
514.71	  1.26919e+07
514.977	  1.26976e+07
515.244	  1.27032e+07
515.511	  1.27088e+07
515.778	  1.27144e+07
516.045	  1.272e+07
516.312	  1.27256e+07
516.579	  1.27312e+07
516.846	  1.27368e+07
517.113	  1.27423e+07
517.38	  1.27479e+07
517.647	  1.27534e+07
517.914	  1.27589e+07
518.181	  1.27644e+07
518.448	  1.27699e+07
518.715	  1.27754e+07
518.982	  1.27808e+07
519.249	  1.27863e+07
519.516	  1.27917e+07
519.783	  1.27972e+07
520.05	  1.28026e+07
520.317	  1.2808e+07
520.584	  1.28134e+07
520.851	  1.28188e+07
521.118	  1.28241e+07
521.385	  1.28295e+07
521.652	  1.28348e+07
521.919	  1.28402e+07
522.186	  1.28455e+07
522.453	  1.28508e+07
522.72	  1.28561e+07
522.987	  1.28614e+07
523.254	  1.28667e+07
523.521	  1.28719e+07
523.788	  1.28772e+07
524.055	  1.28824e+07
524.322	  1.28877e+07
524.589	  1.28929e+07
524.856	  1.28981e+07
525.123	  1.29033e+07
525.39	  1.29085e+07
525.657	  1.29136e+07
525.924	  1.29188e+07
526.191	  1.29239e+07
526.458	  1.29291e+07
526.725	  1.29342e+07
526.992	  1.29393e+07
527.259	  1.29444e+07
527.526	  1.29495e+07
527.793	  1.29546e+07
528.06	  1.29597e+07
528.327	  1.29647e+07
528.594	  1.29698e+07
528.861	  1.29748e+07
529.128	  1.29798e+07
529.395	  1.29848e+07
529.662	  1.29898e+07
529.929	  1.29948e+07
530.196	  1.29998e+07
530.463	  1.30047e+07
530.73	  1.30097e+07
530.997	  1.30146e+07
531.264	  1.30196e+07
531.531	  1.30245e+07
531.798	  1.30294e+07
532.065	  1.30343e+07
532.332	  1.30391e+07
532.599	  1.3044e+07
532.866	  1.30489e+07
533.133	  1.30537e+07
533.4	  1.30586e+07
533.667	  1.30634e+07
533.934	  1.30682e+07
534.201	  1.3073e+07
534.468	  1.30778e+07
534.735	  1.30826e+07
535.002	  1.30873e+07
535.269	  1.30921e+07
535.536	  1.30968e+07
535.803	  1.31016e+07
536.07	  1.31063e+07
536.337	  1.3111e+07
536.604	  1.31157e+07
536.871	  1.31204e+07
537.138	  1.31251e+07
537.405	  1.31297e+07
537.672	  1.31344e+07
537.939	  1.3139e+07
538.206	  1.31436e+07
538.473	  1.31483e+07
538.74	  1.31529e+07
539.007	  1.31575e+07
539.274	  1.31621e+07
539.541	  1.31666e+07
539.808	  1.31712e+07
540.075	  1.31757e+07
540.342	  1.31803e+07
540.609	  1.31848e+07
540.876	  1.31893e+07
541.143	  1.31938e+07
541.41	  1.31983e+07
541.677	  1.32028e+07
541.944	  1.32073e+07
542.211	  1.32118e+07
542.478	  1.32162e+07
542.745	  1.32206e+07
543.012	  1.32251e+07
543.279	  1.32295e+07
543.546	  1.32339e+07
543.813	  1.32383e+07
544.08	  1.32427e+07
544.347	  1.3247e+07
544.614	  1.32514e+07
544.881	  1.32558e+07
545.148	  1.32601e+07
545.415	  1.32644e+07
545.682	  1.32687e+07
545.949	  1.3273e+07
546.216	  1.32773e+07
546.483	  1.32816e+07
546.75	  1.32859e+07
547.017	  1.32902e+07
547.284	  1.32944e+07
547.551	  1.32986e+07
547.818	  1.33029e+07
548.085	  1.33071e+07
548.352	  1.33113e+07
548.619	  1.33155e+07
548.886	  1.33197e+07
549.153	  1.33239e+07
549.42	  1.3328e+07
549.687	  1.33322e+07
549.954	  1.33363e+07
550.221	  1.33404e+07
550.488	  1.33446e+07
550.755	  1.33487e+07
551.022	  1.33528e+07
551.289	  1.33569e+07
551.556	  1.33609e+07
551.823	  1.3365e+07
552.09	  1.3369e+07
552.357	  1.33731e+07
552.624	  1.33771e+07
552.891	  1.33811e+07
553.158	  1.33851e+07
553.425	  1.33891e+07
553.692	  1.33931e+07
553.959	  1.33971e+07
554.226	  1.34011e+07
554.493	  1.3405e+07
554.76	  1.3409e+07
555.027	  1.34129e+07
555.294	  1.34168e+07
555.561	  1.34208e+07
555.828	  1.34247e+07
556.095	  1.34285e+07
556.362	  1.34324e+07
556.629	  1.34363e+07
556.896	  1.34402e+07
557.163	  1.3444e+07
557.43	  1.34478e+07
557.697	  1.34517e+07
557.964	  1.34555e+07
558.231	  1.34593e+07
558.498	  1.34631e+07
558.765	  1.34669e+07
559.032	  1.34706e+07
559.299	  1.34744e+07
559.566	  1.34782e+07
560.009	  1.34844e+07
560.296	  1.34884e+07
560.583	  1.34924e+07
560.87	  1.34963e+07
561.157	  1.35003e+07
561.444	  1.35043e+07
561.731	  1.35082e+07
562.018	  1.35121e+07
562.305	  1.35161e+07
562.592	  1.352e+07
562.879	  1.35239e+07
563.166	  1.35277e+07
563.453	  1.35316e+07
563.74	  1.35355e+07
564.027	  1.35393e+07
564.314	  1.35431e+07
564.601	  1.3547e+07
564.888	  1.35508e+07
565.175	  1.35546e+07
565.462	  1.35583e+07
565.749	  1.35621e+07
566.036	  1.35659e+07
566.323	  1.35696e+07
566.61	  1.35734e+07
566.897	  1.35771e+07
567.184	  1.35808e+07
567.471	  1.35845e+07
567.758	  1.35882e+07
568.045	  1.35919e+07
568.332	  1.35955e+07
568.619	  1.35992e+07
568.906	  1.36028e+07
569.193	  1.36065e+07
569.48	  1.36101e+07
569.767	  1.36137e+07
570.054	  1.36173e+07
570.341	  1.36209e+07
570.628	  1.36244e+07
570.915	  1.3628e+07
571.202	  1.36315e+07
571.489	  1.36351e+07
571.776	  1.36386e+07
572.063	  1.36421e+07
572.35	  1.36456e+07
572.637	  1.36491e+07
572.924	  1.36526e+07
573.211	  1.3656e+07
573.498	  1.36595e+07
573.785	  1.36629e+07
574.072	  1.36663e+07
574.359	  1.36698e+07
574.646	  1.36732e+07
574.933	  1.36766e+07
575.22	  1.36799e+07
575.507	  1.36833e+07
575.794	  1.36867e+07
576.081	  1.369e+07
576.368	  1.36934e+07
576.655	  1.36967e+07
576.942	  1.37e+07
577.229	  1.37033e+07
577.516	  1.37066e+07
577.803	  1.37099e+07
578.09	  1.37131e+07
578.377	  1.37164e+07
578.664	  1.37196e+07
578.951	  1.37229e+07
579.238	  1.37261e+07
579.525	  1.37293e+07
579.812	  1.37325e+07
580.099	  1.37357e+07
580.386	  1.37388e+07
580.673	  1.3742e+07
580.96	  1.37452e+07
581.247	  1.37483e+07
581.534	  1.37514e+07
581.821	  1.37545e+07
582.108	  1.37577e+07
582.395	  1.37607e+07
582.682	  1.37638e+07
582.969	  1.37669e+07
583.256	  1.377e+07
583.543	  1.3773e+07
583.83	  1.37761e+07
584.117	  1.37791e+07
584.404	  1.37821e+07
584.691	  1.37851e+07
584.978	  1.37881e+07
585.265	  1.37911e+07
585.552	  1.3794e+07
585.839	  1.3797e+07
586.126	  1.38e+07
586.413	  1.38029e+07
586.7	  1.38058e+07
586.987	  1.38087e+07
587.274	  1.38116e+07
587.561	  1.38145e+07
587.848	  1.38174e+07
588.135	  1.38203e+07
588.422	  1.38231e+07
588.709	  1.3826e+07
588.996	  1.38288e+07
589.283	  1.38317e+07
589.57	  1.38345e+07
589.857	  1.38373e+07
590.144	  1.38401e+07
590.431	  1.38429e+07
590.718	  1.38456e+07
591.005	  1.38484e+07
591.292	  1.38511e+07
591.579	  1.38539e+07
591.866	  1.38566e+07
592.153	  1.38593e+07
592.44	  1.3862e+07
592.727	  1.38647e+07
593.014	  1.38674e+07
593.301	  1.38701e+07
593.588	  1.38727e+07
593.875	  1.38754e+07
594.162	  1.3878e+07
594.449	  1.38806e+07
594.736	  1.38833e+07
595.023	  1.38859e+07
595.31	  1.38885e+07
595.597	  1.38911e+07
595.884	  1.38936e+07
596.171	  1.38962e+07
596.458	  1.38988e+07
596.745	  1.39013e+07
597.032	  1.39038e+07
597.319	  1.39063e+07
597.606	  1.39089e+07
597.893	  1.39114e+07
598.18	  1.39138e+07
598.467	  1.39163e+07
598.754	  1.39188e+07
599.041	  1.39213e+07
599.328	  1.39237e+07
599.615	  1.39261e+07
599.902	  1.39286e+07
600.189	  1.3931e+07
600.476	  1.39334e+07
600.763	  1.39358e+07
601.05	  1.39382e+07
601.337	  1.39405e+07
601.624	  1.39429e+07
601.911	  1.39452e+07
602.198	  1.39476e+07
602.485	  1.39499e+07
602.772	  1.39522e+07
603.059	  1.39545e+07
603.346	  1.39568e+07
603.633	  1.39591e+07
603.92	  1.39614e+07
604.207	  1.39637e+07
604.494	  1.39659e+07
604.781	  1.39682e+07
605.068	  1.39704e+07
605.355	  1.39726e+07
605.642	  1.39749e+07
605.929	  1.39771e+07
606.216	  1.39793e+07
606.503	  1.39814e+07
606.79	  1.39836e+07
607.077	  1.39858e+07
607.364	  1.39879e+07
607.651	  1.39901e+07
607.938	  1.39922e+07
608.225	  1.39943e+07
608.512	  1.39964e+07
608.799	  1.39985e+07
609.086	  1.40006e+07
609.373	  1.40027e+07
609.66	  1.40048e+07
609.947	  1.40069e+07
610.234	  1.40089e+07
610.521	  1.40109e+07
610.808	  1.4013e+07
611.095	  1.4015e+07
611.382	  1.4017e+07
611.669	  1.4019e+07
611.956	  1.4021e+07
612.243	  1.4023e+07
612.53	  1.40249e+07
612.817	  1.40269e+07
613.104	  1.40289e+07
613.391	  1.40308e+07
613.678	  1.40327e+07
613.965	  1.40346e+07
614.252	  1.40366e+07
614.539	  1.40385e+07
614.826	  1.40403e+07
615.113	  1.40422e+07
615.4	  1.40441e+07
615.687	  1.4046e+07
615.974	  1.40478e+07
616.261	  1.40496e+07
616.548	  1.40515e+07
616.835	  1.40533e+07
617.122	  1.40551e+07
617.409	  1.40569e+07
617.696	  1.40587e+07
617.983	  1.40605e+07
618.27	  1.40622e+07
618.557	  1.4064e+07
618.844	  1.40658e+07
619.131	  1.40675e+07
619.418	  1.40692e+07
619.705	  1.4071e+07
619.992	  1.40727e+07
620.279	  1.40744e+07
620.566	  1.40761e+07
620.853	  1.40777e+07
621.14	  1.40794e+07
621.427	  1.40811e+07
621.714	  1.40827e+07
622.001	  1.40844e+07
622.288	  1.4086e+07
622.575	  1.40876e+07
622.862	  1.40892e+07
623.149	  1.40909e+07
623.436	  1.40924e+07
623.723	  1.4094e+07
624.01	  1.40956e+07
624.297	  1.40972e+07
624.584	  1.40987e+07
624.871	  1.41003e+07
625.158	  1.41018e+07
625.445	  1.41033e+07
625.732	  1.41049e+07
626.019	  1.41064e+07
626.306	  1.41079e+07
626.593	  1.41094e+07
626.88	  1.41108e+07
627.167	  1.41123e+07
627.454	  1.41138e+07
627.741	  1.41152e+07
628.028	  1.41167e+07
628.315	  1.41181e+07
628.602	  1.41195e+07
628.889	  1.41209e+07
629.176	  1.41223e+07
629.463	  1.41237e+07
629.75	  1.41251e+07
630.037	  1.41265e+07
630.324	  1.41279e+07
630.611	  1.41292e+07
630.898	  1.41306e+07
631.185	  1.41319e+07
631.472	  1.41333e+07
631.759	  1.41346e+07
632.046	  1.41359e+07
632.333	  1.41372e+07
632.62	  1.41385e+07
632.907	  1.41398e+07
633.194	  1.4141e+07
633.481	  1.41423e+07
633.768	  1.41436e+07
634.055	  1.41448e+07
634.342	  1.4146e+07
634.629	  1.41473e+07
634.916	  1.41485e+07
635.203	  1.41497e+07
635.49	  1.41509e+07
635.777	  1.41521e+07
636.064	  1.41533e+07
636.351	  1.41545e+07
636.638	  1.41556e+07
636.925	  1.41568e+07
637.212	  1.41579e+07
637.499	  1.41591e+07
637.786	  1.41602e+07
638.073	  1.41613e+07
638.36	  1.41624e+07
638.647	  1.41635e+07
638.934	  1.41646e+07
639.221	  1.41657e+07
639.508	  1.41668e+07
639.795	  1.41678e+07
640.082	  1.41689e+07
640.369	  1.41699e+07
640.656	  1.4171e+07
640.943	  1.4172e+07
641.23	  1.4173e+07
641.517	  1.4174e+07
641.804	  1.4175e+07
642.091	  1.4176e+07
642.378	  1.4177e+07
642.665	  1.4178e+07
642.952	  1.4179e+07
643.239	  1.41799e+07
643.526	  1.41809e+07
643.813	  1.41818e+07
644.1	  1.41827e+07
644.387	  1.41837e+07
644.674	  1.41846e+07
644.961	  1.41855e+07
645.248	  1.41864e+07
645.535	  1.41873e+07
645.822	  1.41882e+07
646.109	  1.4189e+07
646.396	  1.41899e+07
646.683	  1.41907e+07
646.97	  1.41916e+07
647.257	  1.41924e+07
647.544	  1.41932e+07
647.831	  1.41941e+07
648.118	  1.41949e+07
648.405	  1.41957e+07
648.692	  1.41965e+07
648.979	  1.41973e+07
649.266	  1.4198e+07
649.553	  1.41988e+07
649.84	  1.41996e+07
650.127	  1.42003e+07
650.414	  1.4201e+07
650.701	  1.42018e+07
650.988	  1.42025e+07
651.275	  1.42032e+07
651.562	  1.42039e+07
651.849	  1.42046e+07
652.136	  1.42053e+07
652.423	  1.4206e+07
652.71	  1.42067e+07
652.997	  1.42073e+07
653.284	  1.4208e+07
653.571	  1.42086e+07
653.858	  1.42093e+07
654.145	  1.42099e+07
654.432	  1.42105e+07
654.719	  1.42112e+07
655.006	  1.42118e+07
655.293	  1.42124e+07
655.58	  1.42129e+07
655.867	  1.42135e+07
656.154	  1.42141e+07
656.441	  1.42147e+07
656.728	  1.42152e+07
657.015	  1.42158e+07
657.302	  1.42163e+07
657.589	  1.42168e+07
657.876	  1.42174e+07
658.163	  1.42179e+07
658.45	  1.42184e+07
658.737	  1.42189e+07
659.024	  1.42194e+07
659.311	  1.42199e+07
659.598	  1.42203e+07
659.885	  1.42208e+07
660.172	  1.42213e+07
660.459	  1.42217e+07
660.746	  1.42221e+07
661.033	  1.42226e+07
661.32	  1.4223e+07
661.607	  1.42234e+07
661.894	  1.42238e+07
662.181	  1.42242e+07
662.468	  1.42246e+07
662.755	  1.4225e+07
663.042	  1.42254e+07
663.329	  1.42258e+07
663.616	  1.42261e+07
663.903	  1.42265e+07
664.19	  1.42268e+07
664.477	  1.42271e+07
664.764	  1.42275e+07
665.051	  1.42278e+07
665.338	  1.42281e+07
665.625	  1.42284e+07
665.912	  1.42287e+07
666.199	  1.4229e+07
666.486	  1.42293e+07
666.773	  1.42296e+07
667.06	  1.42298e+07
667.347	  1.42301e+07
667.634	  1.42303e+07
667.921	  1.42306e+07
668.208	  1.42308e+07
668.495	  1.4231e+07
668.782	  1.42312e+07
669.069	  1.42315e+07
669.356	  1.42317e+07
669.643	  1.42318e+07
669.93	  1.4232e+07
670.217	  1.42322e+07
670.504	  1.42324e+07
670.791	  1.42325e+07
671.078	  1.42327e+07
671.365	  1.42329e+07
671.652	  1.4233e+07
671.939	  1.42331e+07
672.226	  1.42332e+07
672.513	  1.42334e+07
672.8	  1.42335e+07
673.087	  1.42336e+07
673.374	  1.42337e+07
673.661	  1.42338e+07
673.948	  1.42338e+07
674.235	  1.42339e+07
674.522	  1.4234e+07
674.809	  1.4234e+07
675.096	  1.42341e+07
675.383	  1.42341e+07
675.67	  1.42341e+07
675.957	  1.42342e+07
676.244	  1.42342e+07
676.531	  1.42342e+07
676.818	  1.42342e+07
677.105	  1.42342e+07
677.392	  1.42342e+07
677.679	  1.42342e+07
677.966	  1.42341e+07
678.253	  1.42341e+07
678.54	  1.42341e+07
678.827	  1.4234e+07
679.114	  1.4234e+07
679.401	  1.42339e+07
679.688	  1.42338e+07
679.975	  1.42337e+07
680.262	  1.42337e+07
680.549	  1.42336e+07
680.836	  1.42335e+07
681.123	  1.42334e+07
681.41	  1.42332e+07
681.697	  1.42331e+07
681.984	  1.4233e+07
682.271	  1.42328e+07
682.558	  1.42327e+07
682.845	  1.42325e+07
683.132	  1.42324e+07
683.419	  1.42322e+07
683.706	  1.4232e+07
683.993	  1.42319e+07
684.28	  1.42317e+07
684.567	  1.42315e+07
684.854	  1.42313e+07
685.141	  1.42311e+07
685.428	  1.42308e+07
685.715	  1.42306e+07
686.002	  1.42304e+07
686.289	  1.42301e+07
686.576	  1.42299e+07
686.863	  1.42296e+07
687.15	  1.42294e+07
687.437	  1.42291e+07
687.724	  1.42288e+07
688.011	  1.42286e+07
688.298	  1.42283e+07
688.585	  1.4228e+07
688.872	  1.42277e+07
689.159	  1.42274e+07
689.446	  1.4227e+07
689.733	  1.42267e+07
690.02	  1.42264e+07
690.307	  1.4226e+07
690.594	  1.42257e+07
690.881	  1.42253e+07
691.168	  1.4225e+07
691.455	  1.42246e+07
691.742	  1.42242e+07
692.029	  1.42239e+07
692.316	  1.42235e+07
692.603	  1.42231e+07
692.89	  1.42227e+07
693.177	  1.42223e+07
693.464	  1.42219e+07
693.751	  1.42214e+07
694.038	  1.4221e+07
694.325	  1.42206e+07
694.612	  1.42201e+07
694.899	  1.42197e+07
695.186	  1.42192e+07
695.473	  1.42188e+07
695.76	  1.42183e+07
696.047	  1.42178e+07
696.334	  1.42173e+07
696.621	  1.42168e+07
696.908	  1.42163e+07
697.195	  1.42158e+07
697.482	  1.42153e+07
697.769	  1.42148e+07
698.056	  1.42143e+07
698.343	  1.42137e+07
698.63	  1.42132e+07
698.917	  1.42127e+07
699.204	  1.42121e+07
699.491	  1.42115e+07
699.778	  1.4211e+07
700.065	  1.42104e+07
700.352	  1.42098e+07
700.639	  1.42092e+07
700.926	  1.42086e+07
701.213	  1.4208e+07
701.5	  1.42074e+07
701.787	  1.42068e+07
702.074	  1.42062e+07
702.361	  1.42056e+07
702.648	  1.4205e+07
702.935	  1.42043e+07
703.222	  1.42037e+07
703.509	  1.4203e+07
703.796	  1.42024e+07
704.083	  1.42017e+07
704.37	  1.4201e+07
704.657	  1.42003e+07
704.944	  1.41997e+07
705.231	  1.4199e+07
705.518	  1.41983e+07
705.805	  1.41976e+07
706.092	  1.41969e+07
706.379	  1.41961e+07
706.666	  1.41954e+07
706.953	  1.41947e+07
707.24	  1.4194e+07
707.527	  1.41932e+07
707.814	  1.41925e+07
708.101	  1.41917e+07
708.388	  1.41909e+07
708.675	  1.41902e+07
708.962	  1.41894e+07
709.249	  1.41886e+07
709.536	  1.41878e+07
709.823	  1.4187e+07
710.11	  1.41862e+07
710.397	  1.41854e+07
710.684	  1.41846e+07
710.971	  1.41838e+07
711.258	  1.4183e+07
711.545	  1.41821e+07
711.832	  1.41813e+07
712.119	  1.41805e+07
712.406	  1.41796e+07
712.693	  1.41788e+07
712.98	  1.41779e+07
713.267	  1.4177e+07
713.554	  1.41762e+07
713.841	  1.41753e+07
714.128	  1.41744e+07
714.415	  1.41735e+07
714.702	  1.41726e+07
714.989	  1.41717e+07
715.276	  1.41708e+07
715.563	  1.41699e+07
715.85	  1.41689e+07
716.137	  1.4168e+07
716.424	  1.41671e+07
716.711	  1.41661e+07
716.998	  1.41652e+07
717.285	  1.41642e+07
717.572	  1.41632e+07
717.859	  1.41623e+07
718.146	  1.41613e+07
718.433	  1.41603e+07
718.72	  1.41593e+07
719.007	  1.41584e+07
719.294	  1.41574e+07
719.581	  1.41563e+07
719.868	  1.41553e+07
720.155	  1.41543e+07
720.442	  1.41533e+07
720.729	  1.41523e+07
721.016	  1.41512e+07
721.303	  1.41502e+07
721.59	  1.41492e+07
721.877	  1.41481e+07
722.164	  1.4147e+07
722.451	  1.4146e+07
722.738	  1.41449e+07
723.025	  1.41438e+07
723.312	  1.41428e+07
723.599	  1.41417e+07
723.886	  1.41406e+07
724.173	  1.41395e+07
724.46	  1.41384e+07
724.747	  1.41373e+07
725.034	  1.41361e+07
725.321	  1.4135e+07
725.608	  1.41339e+07
725.895	  1.41328e+07
726.182	  1.41316e+07
726.469	  1.41305e+07
726.756	  1.41293e+07
727.043	  1.41282e+07
727.33	  1.4127e+07
727.617	  1.41258e+07
727.904	  1.41247e+07
728.191	  1.41235e+07
728.478	  1.41223e+07
728.765	  1.41211e+07
729.052	  1.41199e+07
729.339	  1.41187e+07
729.626	  1.41175e+07
729.913	  1.41163e+07
730.2	  1.41151e+07
730.487	  1.41138e+07
730.774	  1.41126e+07
731.061	  1.41114e+07
731.348	  1.41101e+07
731.635	  1.41089e+07
731.922	  1.41076e+07
732.209	  1.41064e+07
732.496	  1.41051e+07
732.783	  1.41038e+07
733.07	  1.41025e+07
733.357	  1.41013e+07
733.644	  1.41e+07
733.931	  1.40987e+07
734.218	  1.40974e+07
734.505	  1.40961e+07
734.792	  1.40948e+07
735.079	  1.40935e+07
735.366	  1.40921e+07
735.653	  1.40908e+07
735.94	  1.40895e+07
736.227	  1.40881e+07
736.514	  1.40868e+07
736.801	  1.40854e+07
737.088	  1.40841e+07
737.375	  1.40827e+07
737.662	  1.40814e+07
737.949	  1.408e+07
738.236	  1.40786e+07
738.523	  1.40772e+07
738.81	  1.40759e+07
739.097	  1.40745e+07
739.384	  1.40731e+07
739.671	  1.40717e+07
739.958	  1.40703e+07
740.245	  1.40688e+07
740.532	  1.40674e+07
740.819	  1.4066e+07
741.106	  1.40646e+07
741.393	  1.40631e+07
741.68	  1.40617e+07
741.967	  1.40603e+07
742.254	  1.40588e+07
742.541	  1.40573e+07
742.828	  1.40559e+07
743.115	  1.40544e+07
743.402	  1.40529e+07
743.689	  1.40515e+07
743.976	  1.405e+07
744.263	  1.40485e+07
744.55	  1.4047e+07
744.837	  1.40455e+07
745.124	  1.4044e+07
745.411	  1.40425e+07
745.698	  1.4041e+07
745.985	  1.40395e+07
746.272	  1.40379e+07
746.559	  1.40364e+07
746.846	  1.40349e+07
747.133	  1.40333e+07
747.42	  1.40318e+07
747.707	  1.40302e+07
747.994	  1.40287e+07
748.281	  1.40271e+07
748.568	  1.40256e+07
748.855	  1.4024e+07
749.142	  1.40224e+07
749.429	  1.40208e+07
749.716	  1.40192e+07
750.003	  1.40177e+07
750.29	  1.40161e+07
750.577	  1.40145e+07
750.864	  1.40129e+07
751.151	  1.40112e+07
751.438	  1.40096e+07
751.725	  1.4008e+07
752.012	  1.40064e+07
752.299	  1.40048e+07
752.586	  1.40031e+07
752.873	  1.40015e+07
753.16	  1.39998e+07
753.447	  1.39982e+07
753.734	  1.39965e+07
754.021	  1.39949e+07
754.308	  1.39932e+07
754.595	  1.39915e+07
754.882	  1.39899e+07
755.169	  1.39882e+07
755.456	  1.39865e+07
755.743	  1.39848e+07
756.03	  1.39831e+07
756.317	  1.39814e+07
756.604	  1.39797e+07
756.891	  1.3978e+07
757.178	  1.39763e+07
757.465	  1.39746e+07
757.752	  1.39728e+07
758.039	  1.39711e+07
758.326	  1.39694e+07
758.613	  1.39676e+07
758.9	  1.39659e+07
759.187	  1.39641e+07
759.474	  1.39624e+07
759.761	  1.39606e+07
760.048	  1.39589e+07
760.335	  1.39571e+07
760.622	  1.39553e+07
760.909	  1.39535e+07
761.196	  1.39518e+07
761.483	  1.395e+07
761.77	  1.39482e+07
762.057	  1.39464e+07
762.344	  1.39446e+07
762.631	  1.39428e+07
762.918	  1.3941e+07
763.205	  1.39392e+07
763.492	  1.39373e+07
763.779	  1.39355e+07
764.066	  1.39337e+07
764.353	  1.39319e+07
764.64	  1.393e+07
764.927	  1.39282e+07
765.214	  1.39263e+07
765.501	  1.39245e+07
765.788	  1.39226e+07
766.075	  1.39208e+07
766.362	  1.39189e+07
766.649	  1.3917e+07
766.936	  1.39151e+07
767.223	  1.39133e+07
767.51	  1.39114e+07
767.797	  1.39095e+07
768.084	  1.39076e+07
768.371	  1.39057e+07
768.658	  1.39038e+07
768.945	  1.39019e+07
769.232	  1.39e+07
769.519	  1.38981e+07
769.806	  1.38961e+07
770.093	  1.38942e+07
770.38	  1.38923e+07
770.667	  1.38904e+07
770.954	  1.38884e+07
771.241	  1.38865e+07
771.528	  1.38845e+07
771.815	  1.38826e+07
772.102	  1.38806e+07
772.389	  1.38787e+07
772.676	  1.38767e+07
772.963	  1.38747e+07
773.25	  1.38727e+07
773.537	  1.38708e+07
773.824	  1.38688e+07
774.111	  1.38668e+07
774.398	  1.38648e+07
774.685	  1.38628e+07
774.972	  1.38608e+07
775.259	  1.38588e+07
775.546	  1.38568e+07
775.833	  1.38548e+07
776.12	  1.38528e+07
776.407	  1.38507e+07
776.694	  1.38487e+07
776.981	  1.38467e+07
777.268	  1.38447e+07
777.555	  1.38426e+07
777.842	  1.38406e+07
778.129	  1.38385e+07
778.416	  1.38365e+07
778.703	  1.38344e+07
778.99	  1.38324e+07
779.277	  1.38303e+07
779.564	  1.38282e+07
779.851	  1.38262e+07
780.138	  1.38241e+07
780.425	  1.3822e+07
780.712	  1.38199e+07
780.999	  1.38178e+07
781.286	  1.38157e+07
781.573	  1.38136e+07
781.86	  1.38115e+07
782.147	  1.38094e+07
782.434	  1.38073e+07
782.721	  1.38052e+07
783.008	  1.38031e+07
783.295	  1.38009e+07
783.582	  1.37988e+07
783.869	  1.37967e+07
784.156	  1.37946e+07
784.443	  1.37924e+07
784.73	  1.37903e+07
785.017	  1.37881e+07
785.304	  1.3786e+07
785.591	  1.37838e+07
785.878	  1.37817e+07
786.165	  1.37795e+07
786.452	  1.37773e+07
786.739	  1.37751e+07
787.026	  1.3773e+07
787.313	  1.37708e+07
787.6	  1.37686e+07
787.887	  1.37664e+07
788.174	  1.37642e+07
788.461	  1.3762e+07
788.748	  1.37598e+07
789.035	  1.37576e+07
789.322	  1.37554e+07
789.609	  1.37532e+07
789.896	  1.3751e+07
790.183	  1.37488e+07
790.47	  1.37465e+07
790.757	  1.37443e+07
791.044	  1.37421e+07
791.331	  1.37398e+07
791.618	  1.37376e+07
791.905	  1.37354e+07
792.192	  1.37331e+07
792.479	  1.37309e+07
792.766	  1.37286e+07
793.053	  1.37263e+07
793.34	  1.37241e+07
793.627	  1.37218e+07
793.914	  1.37195e+07
794.201	  1.37173e+07
794.488	  1.3715e+07
794.775	  1.37127e+07
795.062	  1.37104e+07
795.349	  1.37081e+07
795.636	  1.37058e+07
795.923	  1.37035e+07
796.21	  1.37012e+07
796.497	  1.36989e+07
796.784	  1.36966e+07
797.071	  1.36943e+07
797.358	  1.3692e+07
797.645	  1.36897e+07
797.932	  1.36873e+07
798.219	  1.3685e+07
798.506	  1.36827e+07
798.793	  1.36803e+07
799.08	  1.3678e+07
799.367	  1.36757e+07
799.654	  1.36733e+07
799.941	  1.3671e+07
800.228	  1.36686e+07
800.515	  1.36663e+07
800.802	  1.36639e+07
801.089	  1.36615e+07
801.376	  1.36592e+07
801.663	  1.36568e+07
801.95	  1.36544e+07
802.237	  1.3652e+07
802.524	  1.36496e+07
802.811	  1.36473e+07
803.098	  1.36449e+07
803.385	  1.36425e+07
803.672	  1.36401e+07
803.959	  1.36377e+07
804.246	  1.36353e+07
804.533	  1.36329e+07
804.82	  1.36304e+07
805.107	  1.3628e+07
805.394	  1.36256e+07
805.681	  1.36232e+07
805.968	  1.36208e+07
806.255	  1.36183e+07
806.542	  1.36159e+07
806.829	  1.36134e+07
807.116	  1.3611e+07
807.403	  1.36086e+07
807.69	  1.36061e+07
807.977	  1.36037e+07
808.264	  1.36012e+07
808.551	  1.35987e+07
808.838	  1.35963e+07
809.125	  1.35938e+07
809.412	  1.35913e+07
809.699	  1.35889e+07
809.986	  1.35864e+07
810.273	  1.35839e+07
810.56	  1.35814e+07
810.847	  1.35789e+07
811.134	  1.35765e+07
811.421	  1.3574e+07
811.708	  1.35715e+07
811.995	  1.3569e+07
812.282	  1.35665e+07
812.569	  1.3564e+07
812.856	  1.35614e+07
813.143	  1.35589e+07
813.43	  1.35564e+07
813.717	  1.35539e+07
814.004	  1.35514e+07
814.291	  1.35488e+07
814.578	  1.35463e+07
814.865	  1.35438e+07
815.152	  1.35412e+07
815.439	  1.35387e+07
815.726	  1.35361e+07
816.013	  1.35336e+07
816.3	  1.3531e+07
816.587	  1.35285e+07
816.874	  1.35259e+07
817.161	  1.35234e+07
817.448	  1.35208e+07
817.735	  1.35182e+07
818.022	  1.35157e+07
818.309	  1.35131e+07
818.596	  1.35105e+07
818.883	  1.35079e+07
819.17	  1.35054e+07
819.457	  1.35028e+07
820.002	  1.34978e+07
820.031	  1.34976e+07
820.059	  1.34973e+07
820.088	  1.34971e+07
820.117	  1.34968e+07
820.146	  1.34965e+07
820.174	  1.34963e+07
820.203	  1.3496e+07
820.232	  1.34958e+07
820.26	  1.34955e+07
820.289	  1.34952e+07
820.318	  1.3495e+07
820.346	  1.34947e+07
820.375	  1.34945e+07
820.404	  1.34942e+07
820.433	  1.34939e+07
820.461	  1.34937e+07
820.49	  1.34934e+07
820.519	  1.34932e+07
820.547	  1.34929e+07
820.576	  1.34926e+07
820.605	  1.34924e+07
820.633	  5.09811e+06
820.662	  5.09804e+06
820.691	  5.09798e+06
820.72	  5.09791e+06
820.748	  5.09785e+06
820.777	  5.09779e+06
820.806	  5.09772e+06
820.834	  5.09766e+06
820.863	  5.09759e+06
820.892	  5.09753e+06
820.92	  5.09746e+06
820.949	  5.0974e+06
820.978	  5.09734e+06
821.007	  5.09727e+06
821.035	  5.09721e+06
821.064	  5.09714e+06
821.093	  5.09708e+06
821.121	  5.09701e+06
821.15	  5.09695e+06
821.179	  5.09689e+06
821.207	  5.09682e+06
821.236	  5.09676e+06
821.265	  5.09669e+06
821.294	  5.09663e+06
821.322	  5.09656e+06
821.351	  5.0965e+06
821.38	  5.09644e+06
821.408	  5.09637e+06
821.437	  5.09631e+06
821.466	  5.09624e+06
821.494	  5.09618e+06
821.523	  5.09611e+06
821.552	  5.09605e+06
821.581	  5.09598e+06
821.609	  5.09592e+06
821.638	  5.09586e+06
821.667	  5.09579e+06
821.695	  5.09573e+06
821.724	  5.09566e+06
821.753	  5.0956e+06
821.781	  5.09553e+06
821.81	  5.09547e+06
821.839	  5.0954e+06
821.868	  5.09534e+06
821.896	  5.09528e+06
821.925	  5.09521e+06
821.954	  5.09515e+06
821.982	  5.09508e+06
822.011	  5.09502e+06
822.011	  5.09502e+06
822.298	  5.09437e+06
822.585	  5.09372e+06
822.872	  5.09307e+06
823.159	  5.09243e+06
823.446	  5.09178e+06
823.733	  5.09112e+06
824.02	  5.09047e+06
824.307	  5.08982e+06
824.594	  5.08917e+06
824.881	  5.08851e+06
825.168	  5.08785e+06
825.455	  5.0872e+06
825.742	  5.08654e+06
826.029	  5.08588e+06
826.316	  5.08522e+06
826.603	  5.08456e+06
826.89	  5.0839e+06
827.177	  5.08324e+06
827.464	  5.08258e+06
827.751	  5.08191e+06
828.038	  5.08125e+06
828.325	  5.08058e+06
828.612	  5.07991e+06
828.899	  5.07925e+06
829.186	  5.07858e+06
829.473	  5.07791e+06
829.76	  5.07724e+06
830.047	  5.07657e+06
830.334	  5.07589e+06
830.621	  5.07522e+06
830.908	  5.07455e+06
831.195	  5.07387e+06
831.482	  5.0732e+06
831.769	  5.07252e+06
832.056	  5.07184e+06
832.343	  5.07116e+06
832.63	  5.07048e+06
832.917	  5.0698e+06
833.204	  5.06912e+06
833.491	  5.06844e+06
833.778	  5.06776e+06
834.065	  5.06707e+06
834.352	  5.06639e+06
834.639	  5.0657e+06
834.926	  5.06502e+06
835.213	  5.06433e+06
835.5	  5.06364e+06
835.787	  5.06295e+06
836.074	  5.06226e+06
836.361	  5.06157e+06
836.648	  5.06088e+06
836.935	  5.06019e+06
837.222	  5.05949e+06
837.509	  5.0588e+06
837.796	  5.0581e+06
838.083	  5.05741e+06
838.37	  5.05671e+06
838.657	  5.05601e+06
838.944	  5.05531e+06
839.231	  5.05461e+06
839.518	  5.05391e+06
839.805	  5.05321e+06
840.092	  5.05251e+06
840.379	  5.05181e+06
840.666	  5.0511e+06
840.953	  5.0504e+06
841.24	  5.04969e+06
841.527	  5.04899e+06
841.814	  5.04828e+06
842.101	  5.04757e+06
842.388	  5.04686e+06
842.675	  5.04615e+06
842.962	  5.04544e+06
843.249	  5.04473e+06
843.536	  5.04402e+06
843.823	  5.04331e+06
844.11	  5.04259e+06
844.397	  5.04188e+06
844.684	  5.04117e+06
844.971	  5.04045e+06
845.258	  5.03973e+06
845.545	  5.03901e+06
845.832	  5.0383e+06
846.119	  5.03758e+06
846.406	  5.03686e+06
846.693	  5.03614e+06
846.98	  5.03541e+06
847.267	  5.03469e+06
847.554	  5.03397e+06
847.841	  5.03324e+06
848.128	  5.03252e+06
848.415	  5.03179e+06
848.702	  5.03107e+06
848.989	  5.03034e+06
849.276	  5.02961e+06
849.563	  5.02888e+06
849.85	  5.02815e+06
850.137	  5.02742e+06
850.424	  5.02669e+06
850.711	  5.02596e+06
850.998	  5.02522e+06
851.285	  5.02449e+06
851.572	  5.02376e+06
851.859	  5.02302e+06
852.146	  5.02229e+06
852.433	  5.02155e+06
852.72	  5.02081e+06
853.007	  5.02007e+06
853.294	  5.01933e+06
853.581	  5.01859e+06
853.868	  5.01785e+06
854.155	  5.01711e+06
854.442	  5.01637e+06
854.729	  5.01563e+06
855.016	  5.01488e+06
855.303	  5.01414e+06
855.59	  5.01339e+06
855.877	  5.01265e+06
856.164	  5.0119e+06
856.451	  5.01115e+06
856.738	  5.0104e+06
857.025	  5.00965e+06
857.312	  5.0089e+06
857.599	  5.00815e+06
857.886	  5.0074e+06
858.173	  5.00665e+06
858.46	  5.0059e+06
858.747	  5.00514e+06
859.034	  5.00439e+06
859.321	  5.00363e+06
859.608	  5.00288e+06
859.895	  5.00212e+06
860.182	  5.00137e+06
860.469	  5.00061e+06
860.756	  4.99985e+06
861.043	  4.99909e+06
861.33	  4.99833e+06
861.617	  4.99757e+06
861.904	  4.99681e+06
862.191	  4.99604e+06
862.478	  4.99528e+06
862.765	  4.99452e+06
863.052	  4.99375e+06
863.339	  4.99299e+06
863.626	  4.99222e+06
863.913	  4.99145e+06
864.2	  4.99069e+06
864.487	  4.98992e+06
864.774	  4.98915e+06
865.061	  4.98838e+06
865.348	  4.98761e+06
865.635	  4.98684e+06
865.922	  4.98607e+06
866.209	  4.9853e+06
866.496	  4.98452e+06
866.783	  4.98375e+06
867.07	  4.98297e+06
867.357	  4.9822e+06
867.644	  4.98142e+06
867.931	  4.98065e+06
868.218	  4.97987e+06
868.505	  4.97909e+06
868.792	  4.97831e+06
869.079	  4.97753e+06
869.366	  4.97675e+06
869.653	  4.97597e+06
869.94	  4.97519e+06
870.227	  4.97441e+06
870.514	  4.97363e+06
870.801	  4.97284e+06
871.088	  4.97206e+06
871.375	  4.97127e+06
871.662	  4.97049e+06
871.949	  4.9697e+06
872.236	  4.96891e+06
872.523	  4.96813e+06
872.81	  4.96734e+06
873.097	  4.96655e+06
873.384	  4.96576e+06
873.671	  4.96497e+06
873.958	  4.96418e+06
874.245	  4.96339e+06
874.532	  4.9626e+06
874.819	  4.9618e+06
875.106	  4.96101e+06
875.393	  4.96021e+06
875.68	  4.95942e+06
875.967	  4.95862e+06
876.254	  4.95783e+06
876.541	  4.95703e+06
876.828	  4.95623e+06
877.115	  4.95543e+06
877.402	  4.95464e+06
877.689	  4.95384e+06
877.976	  4.95304e+06
878.263	  4.95224e+06
878.55	  4.95143e+06
878.837	  4.95063e+06
879.124	  4.94983e+06
879.411	  4.94903e+06
879.698	  4.94822e+06
879.985	  4.94742e+06
880.272	  4.94661e+06
880.559	  4.94581e+06
880.846	  4.945e+06
881.133	  4.94419e+06
881.42	  4.94338e+06
881.707	  4.94258e+06
881.994	  4.94177e+06
882.281	  4.94096e+06
882.568	  4.94015e+06
882.855	  4.93934e+06
883.142	  4.93852e+06
883.429	  4.93771e+06
883.716	  4.9369e+06
884.003	  4.93609e+06
884.29	  4.93527e+06
884.577	  4.93446e+06
884.864	  4.93364e+06
885.151	  4.93283e+06
885.438	  4.93201e+06
885.725	  4.93119e+06
886.012	  4.93037e+06
886.299	  4.92956e+06
886.586	  4.92874e+06
886.873	  4.92792e+06
887.16	  4.9271e+06
887.447	  4.92628e+06
887.734	  4.92545e+06
888.021	  4.92463e+06
888.308	  4.92381e+06
888.595	  4.92299e+06
888.882	  4.92216e+06
889.169	  4.92134e+06
889.456	  4.92051e+06
889.743	  4.91969e+06
890.03	  4.91886e+06
890.317	  4.91803e+06
890.604	  4.91721e+06
890.891	  4.91638e+06
891.178	  4.91555e+06
891.465	  4.91472e+06
891.752	  4.91389e+06
892.039	  4.91306e+06
892.326	  4.91223e+06
892.613	  4.9114e+06
892.9	  4.91057e+06
893.187	  4.90973e+06
893.474	  4.9089e+06
893.761	  4.90807e+06
894.048	  4.90723e+06
894.335	  4.9064e+06
894.622	  4.90556e+06
894.909	  4.90473e+06
895.196	  4.90389e+06
895.483	  4.90305e+06
895.77	  4.90221e+06
896.057	  4.90138e+06
896.344	  4.90054e+06
896.631	  4.8997e+06
896.918	  4.89886e+06
897.205	  4.89802e+06
897.492	  4.89718e+06
897.779	  4.89633e+06
898.066	  4.89549e+06
898.353	  4.89465e+06
898.64	  4.89381e+06
898.927	  4.89296e+06
899.214	  4.89212e+06
899.501	  4.89127e+06
899.788	  4.89043e+06
900.075	  4.88958e+06
900.362	  4.88873e+06
900.649	  4.88789e+06
900.936	  4.88704e+06
901.223	  4.88619e+06
901.51	  4.88534e+06
901.797	  4.88449e+06
902.084	  4.88364e+06
902.371	  4.88279e+06
902.658	  4.88194e+06
902.945	  4.88109e+06
903.232	  4.88024e+06
903.519	  4.87938e+06
903.806	  4.87853e+06
904.093	  4.87768e+06
904.38	  4.87682e+06
904.667	  4.87597e+06
904.954	  4.87511e+06
905.241	  4.87425e+06
905.528	  4.8734e+06
905.815	  4.87254e+06
906.102	  4.87168e+06
906.389	  4.87083e+06
906.676	  4.86997e+06
906.963	  4.86911e+06
907.25	  4.86825e+06
907.537	  4.86739e+06
907.824	  4.86653e+06
908.111	  4.86567e+06
908.398	  4.86481e+06
908.685	  4.86394e+06
908.972	  4.86308e+06
909.259	  4.86222e+06
909.546	  4.86135e+06
909.833	  4.86049e+06
910.12	  4.85962e+06
910.407	  4.85876e+06
910.694	  4.85789e+06
910.981	  4.85703e+06
911.268	  4.85616e+06
911.555	  4.85529e+06
911.842	  4.85443e+06
912.129	  4.85356e+06
912.416	  4.85269e+06
912.703	  4.85182e+06
912.99	  4.85095e+06
913.277	  4.85008e+06
913.564	  4.84921e+06
913.851	  4.84834e+06
914.138	  4.84747e+06
914.425	  4.84659e+06
914.712	  4.84572e+06
914.999	  4.84485e+06
915.286	  4.84397e+06
915.573	  4.8431e+06
915.86	  4.84222e+06
916.147	  4.84135e+06
916.434	  4.84047e+06
916.721	  4.8396e+06
917.008	  4.83872e+06
917.295	  4.83784e+06
917.582	  4.83697e+06
917.869	  4.83609e+06
918.156	  4.83521e+06
918.443	  4.83433e+06
918.73	  4.83345e+06
919.017	  4.83257e+06
919.304	  4.83169e+06
919.591	  4.83081e+06
919.878	  4.82993e+06
920.165	  4.82905e+06
920.452	  4.82816e+06
920.739	  4.82728e+06
921.026	  4.8264e+06
921.313	  4.82551e+06
921.6	  4.82463e+06
921.887	  4.82375e+06
922.174	  4.82286e+06
922.461	  4.82198e+06
922.748	  4.82109e+06
923.035	  4.8202e+06
923.322	  4.81932e+06
923.609	  4.81843e+06
923.896	  4.81754e+06
924.183	  4.81665e+06
924.47	  4.81576e+06
924.757	  4.81487e+06
925.044	  4.81398e+06
925.331	  4.81309e+06
925.618	  4.8122e+06
925.905	  4.81131e+06
926.192	  4.81042e+06
926.479	  4.80953e+06
926.766	  4.80864e+06
927.053	  4.80774e+06
927.34	  4.80685e+06
927.627	  4.80596e+06
927.914	  4.80506e+06
928.201	  4.80417e+06
928.488	  4.80327e+06
928.775	  4.80238e+06
929.062	  4.80148e+06
929.349	  4.80059e+06
929.636	  4.79969e+06
929.923	  4.79879e+06
930.21	  4.79789e+06
930.497	  4.797e+06
930.784	  4.7961e+06
931.071	  4.7952e+06
931.358	  4.7943e+06
931.645	  4.7934e+06
931.932	  4.7925e+06
932.219	  4.7916e+06
932.506	  4.7907e+06
932.793	  4.7898e+06
933.08	  4.7889e+06
933.367	  4.78799e+06
933.654	  4.78709e+06
933.941	  4.78619e+06
934.228	  4.78528e+06
934.515	  4.78438e+06
934.802	  4.78348e+06
935.089	  4.78257e+06
935.376	  4.78167e+06
935.663	  4.78076e+06
935.95	  4.77985e+06
936.237	  4.77895e+06
936.524	  4.77804e+06
936.811	  4.77713e+06
937.098	  4.77623e+06
937.385	  4.77532e+06
937.672	  4.77441e+06
937.959	  4.7735e+06
938.246	  4.77259e+06
938.533	  4.77168e+06
938.82	  4.77077e+06
939.107	  4.76986e+06
939.394	  4.76895e+06
939.681	  4.76804e+06
939.968	  4.76713e+06
940.255	  4.76621e+06
940.542	  4.7653e+06
940.829	  4.76439e+06
941.116	  4.76348e+06
941.403	  4.76256e+06
941.69	  4.76165e+06
941.977	  4.76073e+06
942.264	  4.75982e+06
942.551	  4.7589e+06
942.838	  4.75799e+06
943.125	  4.75707e+06
943.412	  4.75616e+06
943.699	  4.75524e+06
943.986	  4.75432e+06
944.273	  4.7534e+06
944.56	  4.75249e+06
944.847	  4.75157e+06
945.134	  4.75065e+06
945.421	  4.74973e+06
945.708	  4.74881e+06
945.995	  4.74789e+06
946.282	  4.74697e+06
946.569	  4.74605e+06
946.856	  4.74513e+06
947.143	  4.74421e+06
947.43	  4.74329e+06
947.717	  4.74236e+06
948.004	  4.74144e+06
948.291	  4.74052e+06
948.578	  4.7396e+06
948.865	  4.73867e+06
949.152	  4.73775e+06
949.439	  4.73682e+06
949.726	  4.7359e+06
950.013	  4.73497e+06
950.3	  4.73405e+06
950.587	  4.73312e+06
950.874	  4.7322e+06
951.161	  4.73127e+06
951.448	  4.73034e+06
951.735	  4.72942e+06
952.022	  4.72849e+06
952.309	  4.72756e+06
952.596	  4.72663e+06
952.883	  4.7257e+06
953.17	  4.72478e+06
953.457	  4.72385e+06
953.744	  4.72292e+06
954.031	  4.72199e+06
954.318	  4.72106e+06
954.605	  4.72013e+06
954.892	  4.71919e+06
955.179	  4.71826e+06
955.466	  4.71733e+06
955.753	  4.7164e+06
956.04	  4.71547e+06
956.327	  4.71453e+06
956.614	  4.7136e+06
956.901	  4.71267e+06
957.188	  4.71173e+06
957.475	  4.7108e+06
957.762	  4.70987e+06
958.049	  4.70893e+06
958.336	  4.708e+06
958.623	  4.70706e+06
958.91	  4.70612e+06
959.197	  4.70519e+06
959.484	  4.70425e+06
959.771	  4.70331e+06
960.058	  4.70238e+06
960.345	  4.70144e+06
960.632	  4.7005e+06
960.919	  4.69956e+06
961.206	  4.69863e+06
961.493	  4.69769e+06
961.78	  4.69675e+06
962.067	  4.69581e+06
962.354	  4.69487e+06
962.641	  4.69393e+06
962.928	  4.69299e+06
963.215	  4.69205e+06
963.502	  4.69111e+06
963.789	  4.69016e+06
964.076	  4.68922e+06
964.363	  4.68828e+06
964.65	  4.68734e+06
964.937	  4.6864e+06
965.224	  4.68545e+06
965.511	  4.68451e+06
965.798	  4.68357e+06
966.085	  4.68262e+06
966.372	  4.68168e+06
966.659	  4.68073e+06
966.946	  4.67979e+06
967.233	  4.67884e+06
967.52	  4.6779e+06
967.807	  4.67695e+06
968.094	  4.67601e+06
968.381	  4.67506e+06
968.668	  4.67411e+06
968.955	  4.67317e+06
969.242	  4.67222e+06
969.529	  4.67127e+06
969.816	  4.67032e+06
970.103	  4.66937e+06
970.39	  4.66843e+06
970.677	  4.66748e+06
970.964	  4.66653e+06
971.251	  4.66558e+06
971.538	  4.66463e+06
971.825	  4.66368e+06
972.112	  4.66273e+06
972.399	  4.66178e+06
972.686	  4.66083e+06
972.973	  4.65988e+06
973.26	  4.65892e+06
973.547	  4.65797e+06
973.834	  4.65702e+06
974.121	  4.65607e+06
974.408	  4.65512e+06
974.695	  4.65416e+06
974.982	  4.65321e+06
975.269	  4.65226e+06
975.556	  4.6513e+06
975.843	  4.65035e+06
976.13	  4.64939e+06
976.417	  4.64844e+06
976.704	  4.64748e+06
976.991	  4.64653e+06
977.278	  4.64557e+06
977.565	  4.64462e+06
977.852	  4.64366e+06
978.139	  4.64271e+06
978.426	  4.64175e+06
978.713	  4.64079e+06
979	  4.63984e+06
979.287	  4.63888e+06
979.574	  4.63792e+06
979.861	  4.63696e+06
980.148	  4.636e+06
980.435	  4.63505e+06
980.722	  4.63409e+06
981.009	  4.63313e+06
981.296	  4.63217e+06
981.583	  4.63121e+06
981.87	  4.63025e+06
982.157	  4.62929e+06
982.444	  4.62833e+06
982.731	  4.62737e+06
983.018	  4.62641e+06
983.305	  4.62545e+06
983.592	  4.62448e+06
983.879	  4.62352e+06
984.166	  4.62256e+06
984.453	  4.6216e+06
984.74	  4.62064e+06
985.027	  4.61967e+06
985.314	  4.61871e+06
985.601	  4.61775e+06
985.888	  4.61678e+06
986.175	  4.61582e+06
986.462	  4.61486e+06
986.749	  4.61389e+06
987.036	  4.61293e+06
987.323	  4.61196e+06
987.61	  4.611e+06
987.897	  4.61003e+06
988.184	  4.60907e+06
988.471	  4.6081e+06
988.758	  4.60713e+06
989.045	  4.60617e+06
989.332	  4.6052e+06
989.619	  4.60424e+06
989.906	  4.60327e+06
990.193	  4.6023e+06
990.48	  4.60133e+06
990.767	  4.60037e+06
991.054	  4.5994e+06
991.341	  4.59843e+06
991.628	  4.59746e+06
991.915	  4.59649e+06
992.202	  4.59552e+06
992.489	  4.59455e+06
992.776	  4.59358e+06
993.063	  4.59261e+06
993.35	  4.59164e+06
993.637	  4.59067e+06
993.924	  4.5897e+06
994.211	  4.58873e+06
994.498	  4.58776e+06
994.785	  4.58679e+06
995.072	  4.58582e+06
995.359	  4.58485e+06
995.646	  4.58388e+06
995.933	  4.58291e+06
996.22	  4.58193e+06
996.507	  4.58096e+06
996.794	  4.57999e+06
997.081	  4.57902e+06
997.368	  4.57804e+06
997.655	  4.57707e+06
997.942	  4.57609e+06
998.229	  4.57512e+06
998.516	  4.57415e+06
998.803	  4.57317e+06
999.09	  4.5722e+06
999.377	  4.57122e+06
999.664	  4.57025e+06
999.951	  4.56927e+06
1000.24	  4.5683e+06
1000.52	  4.56732e+06
1000.81	  4.56635e+06
1001.1	  4.56537e+06
1001.39	  4.56439e+06
1001.67	  4.56342e+06
1001.96	  4.56244e+06
1002.25	  4.56146e+06
1002.53	  4.56049e+06
1002.82	  4.55951e+06
1003.11	  4.55853e+06
1003.39	  4.55756e+06
1003.68	  4.55658e+06
1003.97	  4.5556e+06
1004.26	  4.55462e+06
1004.54	  4.55364e+06
1004.83	  4.55266e+06
1005.12	  4.55168e+06
1005.4	  4.55071e+06
1005.69	  4.54973e+06
1005.98	  4.54875e+06
1006.26	  4.54777e+06
1006.55	  4.54679e+06
1006.84	  4.54581e+06
1007.13	  4.54483e+06
1007.41	  4.54385e+06
1007.7	  4.54286e+06
1007.99	  4.54188e+06
1008.27	  4.5409e+06
1008.56	  4.53992e+06
1008.85	  4.53894e+06
1009.13	  4.53796e+06
1009.42	  4.53698e+06
1009.71	  4.53599e+06
1010	  4.53501e+06
1010.28	  4.53403e+06
1010.57	  4.53305e+06
1010.86	  4.53206e+06
1011.14	  4.53108e+06
1011.43	  4.5301e+06
1011.72	  4.52911e+06
1012	  4.52813e+06
1012.29	  4.52715e+06
1012.58	  4.52616e+06
1012.87	  4.52518e+06
1013.15	  4.52419e+06
1013.44	  4.52321e+06
1013.73	  4.52222e+06
1014.01	  4.52124e+06
1014.3	  4.52025e+06
1014.59	  4.51927e+06
1014.88	  4.51828e+06
1015.16	  4.5173e+06
1015.45	  4.51631e+06
1015.74	  4.51532e+06
1016.02	  4.51434e+06
1016.31	  4.51335e+06
1016.6	  4.51236e+06
1016.88	  4.51138e+06
1017.17	  4.51039e+06
1017.46	  4.5094e+06
1017.75	  4.50842e+06
1018.03	  4.50743e+06
1018.32	  4.50644e+06
1018.61	  4.50545e+06
1018.89	  4.50446e+06
1019.18	  4.50348e+06
1019.47	  4.50249e+06
1019.98	  4.50074e+06
1021.08	  4.49695e+06
1022.17	  4.49315e+06
1023.27	  4.48936e+06
1024.38	  4.48556e+06
1025.47	  4.48176e+06
1026.58	  4.47795e+06
1027.67	  4.47415e+06
1028.78	  4.47034e+06
1029.88	  4.46653e+06
1030.97	  4.46272e+06
1032.08	  4.45891e+06
1033.17	  4.45509e+06
1034.28	  4.45127e+06
1035.38	  4.44745e+06
1036.47	  4.44363e+06
1037.58	  4.4398e+06
1038.67	  4.43598e+06
1039.78	  4.43215e+06
1040.88	  4.42832e+06
1041.97	  4.42449e+06
1043.08	  4.42065e+06
1044.17	  4.41682e+06
1045.28	  4.41298e+06
1046.38	  4.40914e+06
1047.47	  4.4053e+06
1048.58	  4.40146e+06
1049.67	  4.39761e+06
1050.78	  4.39377e+06
1051.88	  4.38992e+06
1052.97	  4.38607e+06
1054.08	  4.38222e+06
1055.17	  4.37837e+06
1056.28	  4.37452e+06
1057.38	  4.37066e+06
1058.47	  4.36681e+06
1059.58	  4.36295e+06
1060.67	  4.35909e+06
1061.78	  4.35523e+06
1062.88	  4.35137e+06
1063.97	  4.34751e+06
1065.08	  4.34364e+06
1066.17	  4.33978e+06
1067.28	  4.33591e+06
1068.38	  4.33205e+06
1069.47	  4.32818e+06
1070.58	  4.32431e+06
1071.67	  4.32044e+06
1072.78	  4.31657e+06
1073.88	  4.3127e+06
1074.97	  4.30882e+06
1076.08	  4.30495e+06
1077.17	  4.30107e+06
1078.28	  4.2972e+06
1079.38	  4.29332e+06
1080.47	  4.28944e+06
1081.58	  4.28557e+06
1082.67	  4.28169e+06
1083.78	  4.27781e+06
1084.88	  4.27393e+06
1085.97	  4.27005e+06
1087.08	  4.26616e+06
1088.17	  4.26228e+06
1089.28	  4.2584e+06
1090.38	  4.25452e+06
1091.47	  4.25063e+06
1092.58	  4.24675e+06
1093.67	  4.24286e+06
1094.78	  4.23898e+06
1095.88	  4.23509e+06
1096.97	  4.2312e+06
1098.08	  4.22732e+06
1099.17	  4.22343e+06
1100.28	  4.21954e+06
1101.38	  4.21565e+06
1102.47	  4.21177e+06
1103.58	  4.20788e+06
1104.67	  4.20399e+06
1105.78	  4.2001e+06
1106.88	  4.19621e+06
1107.97	  4.19232e+06
1109.08	  4.18843e+06
1110.17	  4.18454e+06
1111.28	  4.18065e+06
1112.38	  4.17676e+06
1113.47	  4.17287e+06
1114.58	  4.16898e+06
1115.67	  4.16509e+06
1116.78	  4.1612e+06
1117.88	  4.15731e+06
1118.97	  4.15342e+06
1120.08	  4.14953e+06
1121.17	  4.14564e+06
1122.28	  4.14175e+06
1123.38	  4.13786e+06
1124.47	  4.13397e+06
1125.58	  4.13009e+06
1126.67	  4.1262e+06
1127.78	  4.12231e+06
1128.88	  4.11842e+06
1129.97	  4.11453e+06
1131.08	  4.11064e+06
1132.17	  4.10675e+06
1133.28	  4.10287e+06
1134.38	  4.09898e+06
1135.47	  4.09509e+06
1136.58	  4.0912e+06
1137.67	  4.08732e+06
1138.78	  4.08343e+06
1139.88	  4.07955e+06
1140.97	  4.07566e+06
1142.08	  4.07178e+06
1143.17	  4.06789e+06
1144.28	  4.06401e+06
1145.38	  4.06013e+06
1146.47	  4.05624e+06
1147.58	  4.05236e+06
1148.67	  4.04848e+06
1149.78	  4.0446e+06
1150.88	  4.04072e+06
1151.97	  4.03684e+06
1153.08	  4.03296e+06
1154.17	  4.02908e+06
1155.28	  4.02521e+06
1156.38	  4.02133e+06
1157.47	  4.01745e+06
1158.58	  4.01358e+06
1159.67	  4.0097e+06
1160.78	  4.00583e+06
1161.88	  4.00195e+06
1162.97	  3.99808e+06
1164.08	  3.99421e+06
1165.17	  3.99034e+06
1166.28	  3.98647e+06
1167.38	  3.9826e+06
1168.47	  3.97873e+06
1169.58	  3.97487e+06
1170.67	  3.971e+06
1171.78	  3.96713e+06
1172.88	  3.96327e+06
1173.97	  3.95941e+06
1175.08	  3.95554e+06
1176.17	  3.95168e+06
1177.28	  3.94782e+06
1178.38	  3.94396e+06
1179.47	  3.9401e+06
1180.58	  3.93625e+06
1181.67	  3.93239e+06
1182.78	  3.92853e+06
1183.88	  3.92468e+06
1184.97	  3.92083e+06
1186.08	  3.91697e+06
1187.17	  3.91312e+06
1188.28	  3.90927e+06
1189.38	  3.90542e+06
1190.47	  3.90158e+06
1191.58	  3.89773e+06
1192.67	  3.89389e+06
1193.78	  3.89004e+06
1194.88	  3.8862e+06
1195.97	  3.88236e+06
1197.08	  3.87852e+06
1198.17	  3.87468e+06
1199.28	  3.87084e+06
1200.38	  3.86701e+06
1201.47	  3.86317e+06
1202.58	  3.85934e+06
1203.67	  3.85551e+06
1204.78	  3.85168e+06
1205.88	  3.84785e+06
1206.97	  3.84402e+06
1208.08	  3.84019e+06
1209.17	  3.83637e+06
1210.28	  3.83254e+06
1211.38	  3.82872e+06
1212.47	  3.8249e+06
1213.58	  3.82108e+06
1214.67	  3.81726e+06
1215.78	  3.81345e+06
1216.88	  3.80963e+06
1217.97	  3.80582e+06
1219.08	  3.80201e+06
1220.17	  3.79819e+06
1221.28	  3.79439e+06
1222.38	  3.79058e+06
1223.47	  3.78677e+06
1224.58	  3.78297e+06
1225.67	  3.77917e+06
1226.78	  3.77537e+06
1227.88	  3.77157e+06
1228.97	  3.76777e+06
1230.08	  3.76397e+06
1231.17	  3.76018e+06
1232.28	  3.75639e+06
1233.38	  3.75259e+06
1234.47	  3.7488e+06
1235.58	  3.74502e+06
1236.67	  3.74123e+06
1237.78	  3.73745e+06
1238.88	  3.73366e+06
1239.97	  3.72988e+06
1241.08	  3.7261e+06
1242.17	  3.72233e+06
1243.28	  3.71855e+06
1244.38	  3.71478e+06
1245.47	  3.71101e+06
1246.58	  3.70724e+06
1247.67	  3.70347e+06
1248.78	  3.6997e+06
1249.88	  3.69594e+06
1250.97	  3.69217e+06
1252.08	  3.68841e+06
1253.17	  3.68465e+06
1254.28	  3.6809e+06
1255.38	  3.67714e+06
1256.47	  3.67339e+06
1257.58	  3.66964e+06
1258.67	  3.66589e+06
1259.78	  3.66214e+06
1260.88	  3.65839e+06
1261.97	  3.65465e+06
1263.08	  3.65091e+06
1264.17	  3.64717e+06
1265.28	  3.64343e+06
1266.38	  3.63969e+06
1267.47	  3.63596e+06
1268.58	  3.63223e+06
1269.67	  3.6285e+06
1270.78	  3.62477e+06
1271.88	  3.62104e+06
1272.97	  3.61732e+06
1274.08	  3.61359e+06
1275.17	  3.60987e+06
1276.28	  3.60616e+06
1277.38	  3.60244e+06
1278.47	  3.59873e+06
1279.58	  3.59501e+06
1280.67	  3.5913e+06
1281.78	  3.5876e+06
1282.88	  3.58389e+06
1283.97	  3.58019e+06
1285.08	  3.57649e+06
1286.17	  3.57279e+06
1287.28	  3.56909e+06
1288.38	  3.5654e+06
1289.47	  3.5617e+06
1290.58	  3.55801e+06
1291.67	  3.55432e+06
1292.78	  3.55064e+06
1293.88	  3.54695e+06
1294.97	  3.54327e+06
1296.08	  3.53959e+06
1297.17	  3.53591e+06
1298.28	  3.53224e+06
1299.38	  3.52856e+06
1300.47	  3.52489e+06
1301.58	  3.52122e+06
1302.67	  3.51756e+06
1303.78	  3.51389e+06
1304.88	  3.51023e+06
1305.97	  3.50657e+06
1307.08	  3.50291e+06
1308.17	  3.49926e+06
1309.28	  3.49561e+06
1310.38	  3.49196e+06
1311.47	  3.48831e+06
1312.58	  3.48466e+06
1313.67	  3.48102e+06
1314.78	  3.47737e+06
1315.88	  3.47374e+06
1316.97	  3.4701e+06
1318.08	  3.46646e+06
1319.17	  3.46283e+06
1320.28	  3.4592e+06
1321.38	  3.45557e+06
1322.47	  3.45195e+06
1323.58	  3.44833e+06
1324.67	  3.44471e+06
1325.78	  3.44109e+06
1326.88	  3.43747e+06
1327.97	  3.43386e+06
1329.08	  3.43025e+06
1330.17	  3.42664e+06
1331.28	  3.42303e+06
1332.38	  3.41943e+06
1333.47	  3.41583e+06
1334.58	  3.41223e+06
1335.67	  3.40863e+06
1336.78	  3.40504e+06
1337.88	  3.40144e+06
1338.97	  3.39785e+06
1340.08	  3.39427e+06
1341.17	  3.39068e+06
1342.28	  3.3871e+06
1343.38	  3.38352e+06
1344.47	  3.37994e+06
1345.58	  3.37637e+06
1346.67	  3.3728e+06
1347.78	  3.36923e+06
1348.88	  3.36566e+06
1349.97	  3.3621e+06
1351.08	  3.35853e+06
1352.17	  3.35497e+06
1353.28	  3.35142e+06
1354.38	  3.34786e+06
1355.47	  3.34431e+06
1356.58	  3.34076e+06
1357.67	  3.33721e+06
1358.78	  3.33367e+06
1359.88	  3.33012e+06
1360.97	  3.32658e+06
1362.08	  3.32305e+06
1363.17	  3.31951e+06
1364.28	  3.31598e+06
1365.38	  3.31245e+06
1366.47	  3.30892e+06
1367.58	  3.3054e+06
1368.67	  3.30188e+06
1369.78	  3.29836e+06
1370.88	  3.29484e+06
1371.97	  3.29133e+06
1373.08	  3.28782e+06
1374.17	  3.28431e+06
1375.28	  3.2808e+06
1376.38	  3.2773e+06
1377.47	  3.27379e+06
1378.58	  3.2703e+06
1379.67	  3.2668e+06
1380.78	  3.26331e+06
1381.88	  3.25982e+06
1382.97	  3.25633e+06
1384.08	  3.25284e+06
1385.17	  3.24936e+06
1386.28	  3.24588e+06
1387.38	  3.2424e+06
1388.47	  3.23893e+06
1389.58	  3.23545e+06
1390.67	  3.23198e+06
1391.78	  3.22852e+06
1392.88	  3.22505e+06
1393.97	  3.22159e+06
1395.08	  3.21813e+06
1396.17	  3.21467e+06
1397.28	  3.21122e+06
1398.38	  3.20777e+06
1399.47	  3.20432e+06
1400.58	  3.20087e+06
1401.67	  3.19743e+06
1402.78	  3.19399e+06
1403.88	  3.19055e+06
1404.97	  3.18712e+06
1406.08	  3.18368e+06
1407.17	  3.18025e+06
1408.28	  3.17683e+06
1409.38	  3.1734e+06
1410.47	  3.16998e+06
1411.58	  3.16656e+06
1412.67	  3.16315e+06
1413.78	  3.15973e+06
1414.88	  3.15632e+06
1415.97	  3.15291e+06
1417.08	  3.14951e+06
1418.17	  3.1461e+06
1419.28	  3.1427e+06
1420.38	  3.13931e+06
1421.47	  3.13591e+06
1422.58	  3.13252e+06
1423.67	  3.12913e+06
1424.78	  3.12574e+06
1425.88	  3.12236e+06
1426.97	  3.11898e+06
1428.08	  3.1156e+06
1429.17	  3.11223e+06
1430.28	  3.10885e+06
1431.38	  3.10548e+06
1432.47	  3.10212e+06
1433.58	  3.09875e+06
1434.67	  3.09539e+06
1435.78	  3.09203e+06
1436.88	  3.08867e+06
1437.97	  3.08532e+06
1439.08	  3.08197e+06
1440.17	  3.07862e+06
1441.28	  3.07528e+06
1442.38	  3.07193e+06
1443.47	  3.06859e+06
1444.58	  3.06526e+06
1445.67	  3.06192e+06
1446.78	  3.05859e+06
1447.88	  3.05526e+06
1448.97	  3.05194e+06
1450.08	  3.04861e+06
1451.17	  3.04529e+06
1452.28	  3.04198e+06
1453.38	  3.03866e+06
1454.47	  3.03535e+06
1455.58	  3.03204e+06
1456.67	  3.02874e+06
1457.78	  3.02543e+06
1458.88	  2.02657e+06
1459.97	  2.02463e+06
1461.08	  2.0227e+06
1462.17	  2.02077e+06
1463.28	  2.01883e+06
1464.38	  2.01691e+06
1465.47	  2.01498e+06
1466.58	  2.01305e+06
1467.67	  2.01113e+06
1468.78	  2.00921e+06
1469.88	  2.00728e+06
1470.97	  2.00537e+06
1472.08	  2.00345e+06
1473.17	  2.00153e+06
1474.28	  1.99962e+06
1475.38	  1.99771e+06
1476.47	  1.99579e+06
1477.58	  1.99389e+06
1478.67	  1.99198e+06
1479.78	  1.99007e+06
1480.88	  1.98817e+06
1481.97	  1.98627e+06
1483.08	  1.98436e+06
1484.17	  1.98247e+06
1485.28	  1.98057e+06
1486.38	  1.97867e+06
1487.47	  1.97678e+06
1488.58	  1.97489e+06
1489.67	  1.973e+06
1490.78	  1.97111e+06
1491.88	  1.96922e+06
1492.97	  1.96733e+06
1494.08	  1.96545e+06
1495.17	  1.96357e+06
1496.28	  1.96169e+06
1497.38	  1.95981e+06
1498.47	  1.95793e+06
1499.58	  1.95605e+06
1500.67	  1.95418e+06
1501.78	  1.95231e+06
1502.88	  1.95044e+06
1503.97	  1.94857e+06
1505.08	  1.9467e+06
1506.17	  1.94484e+06
1507.28	  1.94297e+06
1508.38	  1.94111e+06
1509.47	  1.93925e+06
1510.58	  1.93739e+06
1511.67	  1.93553e+06
1512.78	  1.93368e+06
1513.88	  1.93182e+06
1514.97	  1.92997e+06
1516.08	  1.92812e+06
1517.17	  1.92627e+06
1518.28	  1.92443e+06
1519.38	  1.92258e+06
1520.47	  1.92074e+06
1521.58	  1.9189e+06
1522.67	  1.91706e+06
1523.78	  1.91522e+06
1524.88	  1.91338e+06
1525.97	  1.91154e+06
1527.08	  1.90971e+06
1528.17	  1.90788e+06
1529.28	  1.90605e+06
1530.38	  1.90422e+06
1531.47	  1.90239e+06
1532.58	  1.90057e+06
1533.67	  1.89874e+06
1534.78	  1.89692e+06
1535.88	  1.8951e+06
1536.97	  1.89328e+06
1538.08	  1.89147e+06
1539.17	  1.88965e+06
1540.28	  1.88784e+06
1541.38	  1.88603e+06
1542.47	  1.88422e+06
1543.58	  1.88241e+06
1544.67	  1.8806e+06
1545.78	  1.8788e+06
1546.88	  1.87699e+06
1547.97	  1.87519e+06
1549.08	  1.87339e+06
1550.17	  1.87159e+06
1551.28	  1.8698e+06
1552.38	  1.868e+06
1553.47	  1.86621e+06
1554.58	  1.86442e+06
1555.67	  1.86263e+06
1556.78	  1.86084e+06
1557.88	  1.85905e+06
1558.97	  1.85727e+06
1560.08	  1.85549e+06
1561.17	  1.85371e+06
1562.28	  1.85193e+06
1563.38	  1.85015e+06
1564.47	  1.84837e+06
1565.58	  1.8466e+06
1566.67	  1.84482e+06
1567.78	  1.84305e+06
1568.88	  1.84128e+06
1569.97	  1.83952e+06
1571.08	  1.83775e+06
1572.17	  1.83599e+06
1573.28	  1.83422e+06
1574.38	  1.83246e+06
1575.47	  1.8307e+06
1576.58	  1.82895e+06
1577.67	  1.82719e+06
1578.78	  1.82544e+06
1579.88	  1.82368e+06
1580.97	  1.82193e+06
1582.08	  1.82018e+06
1583.17	  1.81844e+06
1584.28	  1.81669e+06
1585.38	  1.81495e+06
1586.47	  1.8132e+06
1587.58	  1.81146e+06
1588.67	  1.80973e+06
1589.78	  1.80799e+06
1590.88	  1.80625e+06
1591.97	  1.80452e+06
1593.08	  1.80279e+06
1594.17	  1.80106e+06
1595.28	  1.79933e+06
1596.38	  1.7976e+06
1597.47	  1.79588e+06
1598.58	  1.79416e+06
1599.67	  1.79243e+06
1600.78	  1.79071e+06
1601.88	  1.789e+06
1602.97	  1.78728e+06
1604.08	  1.78557e+06
1605.17	  1.78385e+06
1606.28	  1.78214e+06
1607.38	  1.78043e+06
1608.47	  1.77873e+06
1609.58	  1.77702e+06
1610.67	  1.77532e+06
1611.78	  1.77361e+06
1612.88	  1.77191e+06
1613.97	  1.77022e+06
1615.08	  1.76852e+06
1616.17	  1.76682e+06
1617.28	  1.76513e+06
1618.38	  1.76344e+06
1619.47	  1.76175e+06
1620.58	  1.76006e+06
1621.67	  1.75838e+06
1622.78	  1.75669e+06
1623.88	  1.75501e+06
1624.97	  1.75333e+06
1626.08	  1.75165e+06
1627.17	  1.74998e+06
1628.28	  1.7483e+06
1629.38	  1.74663e+06
1630.47	  1.74496e+06
1631.58	  1.74329e+06
1632.67	  1.74162e+06
1633.78	  1.73996e+06
1634.88	  1.7383e+06
1635.97	  1.73664e+06
1637.08	  1.73498e+06
1638.17	  1.73332e+06
1639.28	  1.73167e+06
1640.38	  1.73002e+06
1641.47	  1.72837e+06
1642.58	  1.72673e+06
1643.67	  1.72509e+06
1644.78	  1.72345e+06
1645.88	  1.72181e+06
1646.97	  1.72017e+06
1648.08	  1.71854e+06
1649.17	  1.7169e+06
1650.28	  1.71527e+06
1651.38	  1.71364e+06
1652.47	  1.71201e+06
1653.58	  1.71038e+06
1654.67	  1.70875e+06
1655.78	  1.70712e+06
1656.88	  1.70549e+06
1657.97	  1.70387e+06
1659.08	  1.70225e+06
1660.17	  1.70062e+06
1661.28	  1.699e+06
1662.38	  1.69738e+06
1663.47	  1.69577e+06
1664.58	  1.69415e+06
1665.67	  1.69253e+06
1666.78	  1.69092e+06
1667.88	  1.6893e+06
1668.97	  1.68769e+06
1670.08	  1.68608e+06
1671.17	  1.68447e+06
1672.28	  1.68286e+06
1673.38	  1.68126e+06
1674.47	  1.67965e+06
1675.58	  1.67804e+06
1676.67	  1.67644e+06
1677.78	  1.67484e+06
1678.88	  1.67324e+06
1679.97	  1.67164e+06
1681.08	  1.67004e+06
1682.17	  1.66844e+06
1683.28	  1.66685e+06
1684.38	  1.66525e+06
1685.47	  1.66366e+06
1686.58	  1.66207e+06
1687.67	  1.66048e+06
1688.78	  1.65889e+06
1689.88	  1.6573e+06
1690.97	  1.65571e+06
1692.08	  1.65413e+06
1693.17	  1.65254e+06
1694.28	  1.65096e+06
1695.38	  1.64938e+06
1696.47	  1.64779e+06
1697.58	  1.64621e+06
1698.67	  1.64464e+06
1699.78	  1.64306e+06
1700.88	  1.64148e+06
1701.97	  1.63991e+06
1703.08	  1.63834e+06
1704.17	  1.63676e+06
1705.28	  1.63519e+06
1706.38	  1.63362e+06
1707.47	  1.63206e+06
1708.58	  1.63049e+06
1709.67	  1.62892e+06
1710.78	  1.62736e+06
1711.88	  1.6258e+06
1712.97	  1.62423e+06
1714.08	  1.62267e+06
1715.17	  1.62111e+06
1716.28	  1.61956e+06
1717.38	  1.618e+06
1718.47	  1.61644e+06
1719.58	  1.61489e+06
1720.67	  1.61334e+06
1721.78	  1.61178e+06
1722.88	  1.61023e+06
1723.97	  1.60868e+06
1725.08	  1.60714e+06
1726.17	  1.60559e+06
1727.28	  1.60404e+06
1728.38	  1.6025e+06
1729.47	  1.60096e+06
1730.58	  1.59941e+06
1731.67	  1.59787e+06
1732.78	  1.59633e+06
1733.88	  1.5948e+06
1734.97	  1.59326e+06
1736.08	  1.59172e+06
1737.17	  1.59019e+06
1738.28	  1.58866e+06
1739.38	  1.58713e+06
1740.47	  1.5856e+06
1741.58	  1.58407e+06
1742.67	  1.58254e+06
1743.78	  1.58101e+06
1744.88	  1.57949e+06
1745.97	  1.57796e+06
1747.08	  1.57644e+06
1748.17	  1.57492e+06
1749.28	  1.5734e+06
1750.38	  1.57188e+06
1751.47	  1.57036e+06
1752.58	  1.56884e+06
1753.67	  1.56733e+06
1754.78	  1.56582e+06
1755.88	  1.5643e+06
1756.97	  1.56279e+06
1758.08	  1.56128e+06
1759.17	  1.55977e+06
1760.28	  1.55826e+06
1761.38	  1.55676e+06
1762.47	  1.55525e+06
1763.58	  1.55375e+06
1764.67	  1.55225e+06
1765.78	  1.55074e+06
1766.88	  1.54924e+06
1767.97	  1.54775e+06
1769.08	  1.54625e+06
1770.17	  1.54475e+06
1771.28	  1.54326e+06
1772.38	  1.54176e+06
1773.47	  1.54027e+06
1774.58	  1.53878e+06
1775.67	  1.53729e+06
1776.78	  1.5358e+06
1777.88	  1.53431e+06
1778.97	  1.53283e+06
1780.08	  1.53134e+06
1781.17	  1.52986e+06
1782.28	  1.52837e+06
1783.38	  1.52689e+06
1784.47	  1.52541e+06
1785.58	  1.52393e+06
1786.67	  1.52246e+06
1787.78	  1.52098e+06
1788.88	  1.5195e+06
1789.97	  1.51803e+06
1791.08	  1.51656e+06
1792.17	  1.51509e+06
1793.28	  1.51362e+06
1794.38	  1.51215e+06
1795.47	  1.51068e+06
1796.58	  1.50921e+06
1797.67	  1.50775e+06
1798.78	  1.50629e+06
1799.88	  1.50482e+06
1800.97	  1.50336e+06
1802.08	  1.5019e+06
1803.17	  1.50044e+06
1804.28	  1.49899e+06
1805.38	  1.49753e+06
1806.47	  1.49607e+06
1807.58	  1.49462e+06
1808.67	  1.49317e+06
1809.78	  1.49172e+06
1810.88	  1.49027e+06
1811.97	  1.48882e+06
1813.08	  1.48737e+06
1814.17	  1.48592e+06
1815.28	  1.48448e+06
1816.38	  1.48303e+06
1817.47	  1.48159e+06
1818.58	  1.48015e+06
1819.67	  1.47871e+06
1820.78	  1.47727e+06
1821.88	  1.47583e+06
1822.97	  1.4744e+06
1824.08	  1.47296e+06
1825.17	  1.47153e+06
1826.28	  1.4701e+06
1827.38	  1.46866e+06
1828.47	  1.46723e+06
1829.58	  1.46581e+06
1830.67	  1.46438e+06
1831.78	  1.46295e+06
1832.88	  1.46153e+06
1833.97	  1.4601e+06
1835.08	  1.45868e+06
1836.17	  1.45726e+06
1837.28	  1.45584e+06
1838.38	  1.45442e+06
1839.47	  1.453e+06
1840.58	  1.45158e+06
1841.67	  1.45017e+06
1842.78	  1.44876e+06
1843.88	  1.44734e+06
1844.97	  1.44593e+06
1846.08	  1.44452e+06
1847.17	  1.44311e+06
1848.28	  1.4417e+06
1849.38	  1.4403e+06
1850.47	  1.43889e+06
1851.58	  1.43749e+06
1852.67	  1.43608e+06
1853.78	  1.43468e+06
1854.88	  1.43328e+06
1855.97	  1.43188e+06
1857.08	  1.43048e+06
1858.17	  1.42909e+06
1859.28	  1.42769e+06
1860.38	  1.4263e+06
1861.47	  1.42491e+06
1862.58	  1.42351e+06
1863.67	  1.42212e+06
1864.78	  1.42073e+06
1865.88	  1.41935e+06
1866.97	  1.41796e+06
1868.08	  1.41657e+06
1869.17	  1.41519e+06
1870.28	  1.4138e+06
1871.38	  1.41242e+06
1872.47	  1.41104e+06
1873.58	  1.40966e+06
1874.67	  1.40828e+06
1875.78	  1.40691e+06
1876.88	  1.40553e+06
1877.97	  1.40416e+06
1879.08	  1.40278e+06
1880.17	  1.40141e+06
1881.28	  1.40004e+06
1882.38	  1.39867e+06
1883.47	  1.3973e+06
1884.58	  1.39593e+06
1885.67	  1.39457e+06
1886.78	  1.3932e+06
1887.88	  1.39184e+06
1888.97	  1.39048e+06
1890.08	  1.38911e+06
1891.17	  1.38775e+06
1892.28	  1.38639e+06
1893.38	  1.38504e+06
1894.47	  1.38368e+06
1895.58	  1.38233e+06
1896.67	  1.38097e+06
1897.78	  1.37962e+06
1898.88	  1.37827e+06
1899.97	  1.37692e+06
1901.08	  1.37557e+06
1902.17	  1.37422e+06
1903.28	  1.37287e+06
1904.38	  1.37153e+06
1905.47	  1.37018e+06
1906.58	  1.36884e+06
1907.67	  1.3675e+06
1908.78	  1.36616e+06
1909.88	  1.36482e+06
1910.97	  1.36348e+06
1912.08	  1.36214e+06
1913.17	  1.36081e+06
1914.28	  1.35947e+06
1915.38	  1.35814e+06
1916.47	  1.3568e+06
1917.58	  1.35547e+06
1918.67	  1.35414e+06
1919.78	  1.35281e+06
1920.88	  1.35149e+06
1921.97	  1.35016e+06
1923.08	  1.34884e+06
1924.17	  1.34751e+06
1925.28	  1.34619e+06
1926.38	  1.34487e+06
1927.47	  1.34355e+06
1928.58	  1.34223e+06
1929.67	  1.34091e+06
1930.78	  1.33959e+06
1931.88	  1.33828e+06
1932.97	  1.33696e+06
1934.08	  1.33565e+06
1935.17	  1.33434e+06
1936.28	  1.33303e+06
1937.38	  1.33172e+06
1938.47	  1.33041e+06
1939.58	  1.3291e+06
1940.67	  1.3278e+06
1941.78	  1.32649e+06
1942.88	  1.32519e+06
1943.97	  1.32388e+06
1945.08	  1.32258e+06
1946.17	  1.32128e+06
1947.28	  1.31998e+06
1948.38	  1.31869e+06
1949.47	  1.31739e+06
1950.58	  1.31609e+06
1951.67	  1.3148e+06
1952.78	  1.31351e+06
1953.88	  1.31221e+06
1954.97	  1.31092e+06
1956.08	  1.30963e+06
1957.17	  1.30835e+06
1958.28	  1.30706e+06
1959.38	  1.30577e+06
1960.47	  1.30449e+06
1961.58	  1.3032e+06
1962.67	  1.30192e+06
1963.78	  1.30064e+06
1964.88	  1.29936e+06
1965.97	  1.29808e+06
1967.08	  1.2968e+06
1968.17	  1.29553e+06
1969.28	  1.29425e+06
1970.38	  1.29298e+06
1971.47	  1.2917e+06
1972.58	  1.29043e+06
1973.67	  1.28916e+06
1974.78	  1.28789e+06
1975.88	  1.28662e+06
1976.97	  1.28536e+06
1978.08	  1.28409e+06
1979.17	  1.28283e+06
1980.28	  1.28156e+06
1981.38	  1.2803e+06
1982.47	  1.27904e+06
1983.58	  1.27778e+06
1984.67	  1.27652e+06
1985.78	  1.27526e+06
1986.88	  1.274e+06
1987.97	  1.27275e+06
1989.08	  1.27149e+06
1990.17	  1.27024e+06
1991.28	  1.26899e+06
1992.38	  1.26774e+06
1993.47	  1.26649e+06
1994.58	  1.26524e+06
1995.67	  1.26399e+06
1996.78	  1.26275e+06
1997.88	  1.2615e+06
1998.97	  1.26026e+06
2000.08	  1.25901e+06
2001.17	  1.25777e+06
2002.28	  1.25653e+06
2003.38	  1.25529e+06
2004.47	  1.25405e+06
2005.58	  1.25282e+06
2006.67	  1.25158e+06
2007.78	  1.25034e+06
2008.88	  1.24911e+06
2009.97	  1.24788e+06
2011.08	  1.24665e+06
2012.17	  1.24542e+06
2013.28	  1.24419e+06
2014.38	  1.24296e+06
2015.47	  1.24173e+06
2016.58	  1.24051e+06
2017.67	  1.23928e+06
2018.78	  1.23806e+06
2019.88	  1.23684e+06
2020.97	  1.23562e+06
2022.08	  1.2344e+06
2023.18	  1.23318e+06
2024.28	  1.23196e+06
2025.38	  1.23074e+06
2026.47	  1.22953e+06
2027.58	  1.22831e+06
2028.68	  1.2271e+06
2029.78	  1.22589e+06
2030.88	  1.22468e+06
2031.97	  1.22347e+06
2033.08	  1.22226e+06
2034.18	  1.22105e+06
2035.28	  1.21984e+06
2036.38	  1.21864e+06
2037.47	  1.21743e+06
2038.58	  1.21623e+06
2039.68	  1.21503e+06
2040.78	  1.21383e+06
2041.88	  1.21263e+06
2042.97	  1.21143e+06
2044.08	  1.21023e+06
2045.18	  1.20904e+06
2046.28	  1.20784e+06
2047.38	  1.20665e+06
2048.47	  1.20545e+06
2049.57	  1.20426e+06
2050.68	  1.20307e+06
2051.78	  1.20188e+06
2052.88	  1.20069e+06
2053.97	  1.19951e+06
2055.07	  1.19832e+06
2056.18	  1.19713e+06
2057.28	  1.19595e+06
2058.38	  1.19477e+06
2059.47	  1.19359e+06
2060.57	  1.1924e+06
2061.68	  1.19122e+06
2062.78	  1.19005e+06
2063.88	  1.18887e+06
2064.97	  1.18769e+06
2066.07	  1.18652e+06
2067.18	  1.18534e+06
2068.28	  1.18417e+06
2069.38	  1.183e+06
2070.47	  1.18183e+06
2071.57	  1.18066e+06
2072.68	  1.17949e+06
2073.78	  1.17832e+06
2074.88	  1.17716e+06
2075.97	  1.17599e+06
2077.07	  1.17483e+06
2078.18	  1.17366e+06
2079.28	  1.1725e+06
2080.38	  1.17134e+06
2081.47	  1.17018e+06
2082.57	  1.16902e+06
2083.68	  1.16787e+06
2084.78	  1.16671e+06
2085.88	  1.16555e+06
2086.97	  1.1644e+06
2088.07	  1.16325e+06
2089.18	  1.16209e+06
2090.28	  1.16094e+06
2091.38	  1.15979e+06
2092.47	  1.15864e+06
2093.57	  1.1575e+06
2094.68	  1.15635e+06
2095.78	  1.1552e+06
2096.88	  1.15406e+06
2097.97	  1.15292e+06
2099.07	  1.15177e+06
2100.18	  1.15063e+06
2101.28	  1.14949e+06
2102.38	  1.14835e+06
2103.47	  1.14722e+06
2104.57	  1.14608e+06
2105.68	  1.14494e+06
2106.78	  1.14381e+06
2107.88	  1.14267e+06
2108.97	  1.14154e+06
2110.07	  1.14041e+06
2111.18	  1.13928e+06
2112.28	  1.13815e+06
2113.38	  1.13702e+06
2114.47	  1.1359e+06
2115.57	  1.13477e+06
2116.68	  1.13364e+06
2117.78	  1.13252e+06
2118.88	  1.1314e+06
2119.97	  1.13028e+06
2121.07	  1.12915e+06
2122.18	  1.12804e+06
2123.28	  1.12692e+06
2124.38	  1.1258e+06
2125.47	  1.12468e+06
2126.57	  1.12357e+06
2127.68	  1.12245e+06
2128.78	  1.12134e+06
2129.88	  1.12023e+06
2130.97	  1.11912e+06
2132.07	  1.11801e+06
2133.18	  1.1169e+06
2134.28	  1.11579e+06
2135.38	  1.11468e+06
2136.47	  1.11358e+06
2137.57	  1.11247e+06
2138.68	  1.11137e+06
2139.78	  1.11026e+06
2140.88	  1.10916e+06
2141.97	  1.10806e+06
2143.07	  1.10696e+06
2144.18	  1.10586e+06
2145.28	  1.10477e+06
2146.38	  1.10367e+06
2147.47	  1.10257e+06
2148.57	  1.10148e+06
2149.68	  1.10039e+06
2150.78	  1.0993e+06
2151.88	  1.0982e+06
2152.97	  1.09711e+06
2154.07	  1.09602e+06
2155.18	  1.09494e+06
2156.28	  1.09385e+06
2157.38	  1.09276e+06
2158.47	  1.09168e+06
2159.57	  1.0906e+06
2160.68	  1.08951e+06
2161.78	  1.08843e+06
2162.88	  1.08735e+06
2163.97	  1.08627e+06
2165.07	  1.08519e+06
2166.18	  1.08411e+06
2167.28	  1.08304e+06
2168.38	  1.08196e+06
2169.47	  1.08089e+06
2170.57	  1.07981e+06
2171.68	  1.07874e+06
2172.78	  1.07767e+06
2173.88	  1.0766e+06
2174.97	  1.07553e+06
2176.07	  1.07446e+06
2177.18	  1.07339e+06
2178.28	  1.07233e+06
2179.38	  1.07126e+06
2180.47	  1.0702e+06
2181.57	  1.06914e+06
2182.68	  1.06807e+06
2183.78	  1.06701e+06
2184.88	  1.06595e+06
2185.97	  1.06489e+06
2187.07	  1.06383e+06
2188.18	  1.06278e+06
2189.28	  1.06172e+06
2190.38	  1.06067e+06
2191.47	  1.05961e+06
2192.57	  1.05856e+06
2193.68	  1.05751e+06
2194.78	  1.05646e+06
2195.88	  1.05541e+06
2196.97	  1.05436e+06
2198.07	  1.05331e+06
2199.18	  1.05226e+06
2200.28	  1.05122e+06
2201.38	  1.05017e+06
2202.47	  1.04913e+06
2203.57	  1.04809e+06
2204.68	  1.04704e+06
2205.78	  1.046e+06
2206.88	  1.04496e+06
2207.97	  1.04392e+06
2209.07	  1.04289e+06
2210.18	  1.04185e+06
2211.28	  1.04081e+06
2212.38	  1.03978e+06
2213.47	  1.03874e+06
2214.57	  1.03771e+06
2215.68	  1.03668e+06
2216.78	  1.03565e+06
2217.88	  1.03462e+06
2218.97	  1.03359e+06
2220.07	  1.03256e+06
2221.18	  1.03154e+06
2222.28	  1.03051e+06
2223.38	  1.02949e+06
2224.47	  1.02846e+06
2225.57	  1.02744e+06
2226.68	  1.02642e+06
2227.78	  1.0254e+06
2228.88	  1.02438e+06
2229.97	  1.02336e+06
2231.07	  1.02234e+06
2232.18	  1.02132e+06
2233.28	  1.02031e+06
2234.38	  1.01929e+06
2235.47	  1.01828e+06
2236.57	  1.01726e+06
2237.68	  1.01625e+06
2238.78	  1.01524e+06
2239.88	  1.01423e+06
2240.97	  1.01322e+06
2242.07	  1.01221e+06
2243.18	  1.01121e+06
2244.28	  1.0102e+06
2245.38	  1.0092e+06
2246.47	  1.00819e+06
2247.57	  1.00719e+06
2248.68	  1.00619e+06
2249.78	  1.00519e+06
2250.88	  1.00419e+06
2251.97	  1.00319e+06
2253.07	  1.00219e+06
2254.18	  1.00119e+06
2255.28	  1.00019e+06
2256.38	  999199
2257.47	  998204
2258.57	  997211
2259.68	  996218
2260.78	  995227
2261.88	  994236
2262.97	  993247
2264.07	  992258
2265.18	  991270
2266.28	  990284
2267.38	  989298
2268.47	  988313
2269.57	  987330
2270.68	  986347
2271.78	  985365
2272.88	  984384
2273.97	  983404
2275.07	  982425
2276.18	  981447
2277.28	  980470
2278.38	  979494
2279.47	  978519
2280.57	  826363
2281.68	  825606
2282.78	  824849
2283.88	  824092
2284.97	  823337
2286.07	  822582
2287.18	  821828
2288.28	  821074
2289.38	  820322
2290.47	  819569
2291.57	  818818
2292.68	  818067
2293.78	  817317
2294.88	  816568
2295.97	  815819
2297.07	  815071
2298.18	  814324
2299.28	  813577
2300.38	  812831
2301.47	  812086
2302.57	  811341
2303.68	  810597
2304.78	  809854
2305.88	  809111
2306.97	  808369
2308.07	  807628
2309.18	  806887
2310.28	  806148
2311.38	  805408
2312.47	  804670
2313.57	  803932
2314.68	  803195
2315.78	  802458
2316.88	  801722
2317.97	  800987
2319.07	  800253
2320.18	  799519
2321.28	  798786
2322.38	  798053
2323.47	  797321
2324.57	  796590
2325.68	  795860
2326.78	  795130
2327.88	  794401
2328.97	  793672
2330.07	  792945
2331.18	  792217
2332.28	  791491
2333.38	  790765
2334.47	  790040
2335.57	  789315
2336.68	  788592
2337.78	  787868
2338.88	  787146
2339.97	  786424
2341.07	  785703
2342.18	  784982
2343.28	  784262
2344.38	  783543
2345.47	  782825
2346.57	  782107
2347.68	  781389
2348.78	  780673
2349.88	  779957
2350.97	  779242
2352.07	  778527
2353.18	  777813
2354.28	  777100
2355.38	  776387
2356.47	  775675
2357.57	  774964
2358.68	  774253
2359.78	  773543
2360.88	  772834
2361.97	  772125
2363.07	  771417
2364.18	  770709
2365.28	  770002
2366.38	  769296
2367.47	  768591
2368.57	  767886
2369.68	  767182
2370.78	  766478
2371.88	  765775
2372.97	  765073
2374.07	  764371
2375.18	  763670
2376.28	  762970
2377.38	  762270
2378.47	  761571
2379.57	  760873
2380.68	  760175
2381.78	  759478
2382.88	  758781
2383.97	  758085
2385.07	  757390
2386.18	  756695
2387.28	  756002
2388.38	  755308
2389.47	  754616
2390.57	  753924
2391.68	  753232
2392.78	  752541
2393.88	  751851
2394.97	  751162
2396.07	  750473
2397.18	  749784
2398.28	  749097
2399.38	  748410
2400.47	  747724
2401.57	  747038
2402.68	  746353
2403.78	  745668
2404.88	  744984
2405.97	  744301
2407.07	  743619
2408.18	  742937
2409.28	  742255
2410.38	  741575
2411.47	  740895
2412.57	  740215
2413.68	  739536
2414.78	  738858
2415.88	  738181
2416.97	  737504
2418.07	  736827
2419.18	  736152
2420.28	  735477
2421.38	  734802
2422.47	  734128
2423.57	  733455
2424.68	  732782
2425.78	  732111
2426.88	  731439
2427.97	  730768
2429.07	  730098
2430.18	  729429
2431.28	  728760
2432.38	  728092
2433.47	  727424
2434.57	  726757
2435.68	  726090
2436.78	  725425
2437.88	  724759
2438.97	  724095
2440.07	  723431
2441.18	  722767
2442.28	  722105
2443.38	  721443
2444.47	  720781
2445.57	  720120
2446.68	  719460
2447.78	  718800
2448.88	  718141
2449.97	  717483
2451.07	  716825
2452.18	  716167
2453.28	  715511
2454.38	  714855
2455.47	  714199
2456.57	  713544
2457.68	  712890
2458.78	  712236
2459.88	  711583
2460.97	  710931
2462.07	  710279
2463.18	  709628
2464.28	  708977
2465.38	  708327
2466.47	  707678
2467.57	  707029
2468.68	  706380
2469.78	  705733
2470.88	  705086
2471.97	  704439
2473.07	  703794
2474.18	  703148
2475.28	  702504
2476.38	  701860
2477.47	  701216
