Emission arising from a slab of Hydrogen (both H and H-).
   
Parameters of the slab:
n_e = 3e+13 cm-3
T_e = 7750 K
tau(lambda=300 nm) = 0.5
L = 1.72887e+08 cm
   
Wavelength (nm), Emission (erg s-1 cm-2 nm-1 sr-1)
50	  0.0288474
91.2	  440.131
120	  32507.9
150	  478524
175	  1.94869e+06
200	  5.34063e+06
225	  1.1185e+07
250	  1.94679e+07
270	  2.74786e+07
290	  3.62286e+07
300	  4.07194e+07
305	  4.29653e+07
310	  4.52012e+07
315	  4.74195e+07
320	  4.9613e+07
322.5	  5.06983e+07
325	  5.17748e+07
327	  5.26292e+07
329	  5.3477e+07
329.999	  5.38979e+07
330.266	  5.40101e+07
330.533	  5.41222e+07
330.8	  5.42341e+07
331.067	  5.4346e+07
331.334	  5.44576e+07
331.601	  5.45692e+07
331.868	  5.46806e+07
332.135	  5.47919e+07
332.402	  5.49031e+07
332.669	  5.50141e+07
332.936	  5.5125e+07
333.203	  5.52357e+07
333.47	  5.53463e+07
333.737	  5.54568e+07
334.004	  5.55671e+07
334.271	  5.56773e+07
334.538	  5.57874e+07
334.805	  5.58973e+07
335.072	  5.60071e+07
335.339	  5.61167e+07
335.606	  5.62262e+07
335.873	  5.63355e+07
336.14	  5.64447e+07
336.407	  5.65537e+07
336.674	  5.66626e+07
336.941	  5.67714e+07
337.208	  5.688e+07
337.475	  5.69885e+07
337.742	  5.70967e+07
338.009	  5.72049e+07
338.276	  5.73129e+07
338.543	  5.74207e+07
338.81	  5.75284e+07
339.077	  5.7636e+07
339.344	  5.77433e+07
339.611	  5.78505e+07
339.878	  5.79576e+07
340.145	  5.80645e+07
340.412	  5.81713e+07
340.679	  5.82778e+07
340.946	  5.83843e+07
341.213	  5.84905e+07
341.48	  5.85966e+07
341.747	  5.87026e+07
342.014	  5.88084e+07
342.281	  5.8914e+07
342.548	  5.90194e+07
342.815	  5.91247e+07
343.082	  5.92298e+07
343.349	  5.93348e+07
343.616	  5.94396e+07
343.883	  5.95442e+07
344.15	  5.96486e+07
344.417	  5.97529e+07
344.684	  5.9857e+07
344.951	  5.99609e+07
345.218	  6.00647e+07
345.485	  6.01683e+07
345.752	  6.02717e+07
346.019	  6.03749e+07
346.286	  6.0478e+07
346.553	  6.05809e+07
346.82	  6.06836e+07
347.087	  6.07862e+07
347.354	  6.08885e+07
347.621	  6.09907e+07
347.888	  6.10927e+07
348.155	  6.11945e+07
348.422	  6.12962e+07
348.689	  6.13976e+07
348.956	  6.14989e+07
349.223	  6.16e+07
349.49	  6.17009e+07
349.757	  6.18016e+07
350.024	  6.19022e+07
350.291	  6.20026e+07
350.558	  6.21027e+07
350.825	  6.22027e+07
351.092	  6.23025e+07
351.359	  6.24021e+07
351.626	  6.25016e+07
351.893	  6.26008e+07
352.16	  6.26999e+07
352.427	  6.27987e+07
352.694	  6.28974e+07
352.961	  6.29959e+07
353.228	  6.30941e+07
353.495	  6.31922e+07
353.762	  6.32901e+07
354.029	  6.33878e+07
354.296	  6.34854e+07
354.563	  6.35827e+07
354.83	  6.36798e+07
355.097	  6.37767e+07
355.364	  6.38734e+07
355.631	  6.397e+07
355.898	  6.40663e+07
356.165	  6.41625e+07
356.432	  6.42584e+07
356.699	  6.43541e+07
356.966	  6.44497e+07
357.233	  6.4545e+07
357.5	  6.46402e+07
357.767	  6.47351e+07
358.034	  6.48298e+07
358.301	  6.49244e+07
358.568	  6.50187e+07
358.835	  6.51128e+07
359.102	  6.52067e+07
359.369	  6.53004e+07
359.636	  6.5394e+07
359.903	  6.54873e+07
360.17	  6.55804e+07
360.437	  6.56732e+07
360.704	  6.57659e+07
360.971	  6.58584e+07
361.238	  6.59507e+07
361.505	  6.60427e+07
361.772	  6.61346e+07
362.039	  6.62262e+07
362.306	  6.63177e+07
362.573	  6.64089e+07
363	  6.65544e+07
363.027	  6.65635e+07
363.054	  6.65726e+07
363.08	  6.65816e+07
363.107	  6.65907e+07
363.134	  6.65998e+07
363.16	  6.66088e+07
363.187	  6.66179e+07
363.214	  6.6627e+07
363.24	  6.6636e+07
363.267	  6.66451e+07
363.294	  6.66541e+07
363.321	  6.66632e+07
363.347	  6.66722e+07
363.374	  6.66813e+07
363.401	  6.66903e+07
363.427	  6.66994e+07
363.454	  6.67084e+07
363.481	  6.67175e+07
363.508	  6.67265e+07
363.534	  6.67355e+07
363.561	  6.67446e+07
363.588	  6.67536e+07
363.614	  6.67626e+07
363.641	  6.67717e+07
363.668	  6.67807e+07
363.694	  6.67897e+07
363.721	  6.67987e+07
363.748	  6.68077e+07
363.774	  6.68168e+07
363.801	  6.68258e+07
363.828	  6.68348e+07
363.855	  6.68438e+07
363.881	  6.68528e+07
363.908	  6.68618e+07
363.935	  6.68708e+07
363.961	  6.68798e+07
363.988	  6.68888e+07
364.015	  6.68978e+07
364.041	  6.69068e+07
364.068	  6.69158e+07
364.095	  6.69248e+07
364.122	  6.69338e+07
364.148	  6.69428e+07
364.175	  6.69518e+07
364.202	  6.69607e+07
364.228	  6.69697e+07
364.255	  6.69787e+07
364.282	  6.69877e+07
364.308	  6.69967e+07
364.335	  6.70056e+07
364.362	  6.70146e+07
364.389	  6.70236e+07
364.415	  6.70325e+07
364.442	  6.70415e+07
364.469	  6.70505e+07
364.495	  6.70594e+07
364.522	  6.70686e+07
364.549	  6.70775e+07
364.575	  6.70865e+07
364.602	  6.70954e+07
364.629	  6.71044e+07
364.656	  6.71133e+07
364.682	  6.71223e+07
364.709	  6.71312e+07
364.736	  4.86341e+06
364.762	  4.86418e+06
364.789	  4.86495e+06
364.816	  4.86573e+06
364.842	  4.8665e+06
364.869	  4.86728e+06
364.896	  4.86805e+06
364.923	  4.86882e+06
364.949	  4.8696e+06
364.976	  4.87037e+06
365.003	  4.87114e+06
365.029	  4.87192e+06
365.056	  4.87269e+06
365.083	  4.87346e+06
365.11	  4.87424e+06
365.136	  4.87501e+06
365.163	  4.87578e+06
365.19	  4.87656e+06
365.216	  4.87733e+06
365.243	  4.8781e+06
365.27	  4.87888e+06
365.296	  4.87965e+06
365.323	  4.88042e+06
365.35	  4.8812e+06
365.377	  4.88197e+06
365.403	  4.88274e+06
365.43	  4.88351e+06
365.457	  4.88429e+06
365.483	  4.88506e+06
365.51	  4.88583e+06
365.537	  4.8866e+06
365.563	  4.88738e+06
365.59	  4.88815e+06
365.617	  4.88892e+06
365.643	  4.88969e+06
365.67	  4.89047e+06
365.697	  4.89124e+06
365.724	  4.89201e+06
365.75	  4.89278e+06
365.777	  4.89355e+06
365.804	  4.89432e+06
365.83	  4.8951e+06
365.857	  4.89587e+06
365.884	  4.89664e+06
365.91	  4.89741e+06
365.937	  4.89818e+06
365.964	  4.89896e+06
365.991	  4.89973e+06
365.991	  4.89973e+06
366.258	  4.90744e+06
366.525	  4.91515e+06
366.792	  4.92285e+06
367.059	  4.93054e+06
367.326	  4.93823e+06
367.593	  4.94591e+06
367.86	  4.95359e+06
368.127	  4.96126e+06
368.394	  4.96893e+06
368.661	  4.97659e+06
368.928	  4.98424e+06
369.195	  4.99189e+06
369.462	  4.99953e+06
369.729	  5.00717e+06
369.996	  5.0148e+06
370.263	  5.02242e+06
370.53	  5.03004e+06
370.797	  5.03766e+06
371.064	  5.04526e+06
371.331	  5.05286e+06
371.598	  5.06046e+06
371.865	  5.06805e+06
372.132	  5.07563e+06
372.399	  5.0832e+06
372.666	  5.09077e+06
372.933	  5.09834e+06
373.2	  5.1059e+06
373.467	  5.11345e+06
373.734	  5.12099e+06
374.001	  5.12853e+06
374.268	  5.13606e+06
374.535	  5.14359e+06
374.802	  5.15111e+06
375.069	  5.15863e+06
375.336	  5.16613e+06
375.603	  5.17363e+06
375.87	  5.18113e+06
376.137	  5.18862e+06
376.404	  5.1961e+06
376.671	  5.20358e+06
376.938	  5.21105e+06
377.205	  5.21851e+06
377.472	  5.22596e+06
377.739	  5.23341e+06
378.006	  5.24086e+06
378.273	  5.24829e+06
378.54	  5.25572e+06
378.807	  5.26315e+06
379.074	  5.27057e+06
379.341	  5.27798e+06
379.608	  5.28538e+06
379.875	  5.29278e+06
380.142	  5.30017e+06
380.409	  5.30755e+06
380.676	  5.31493e+06
380.943	  5.3223e+06
381.21	  5.32966e+06
381.477	  5.33702e+06
381.744	  5.34437e+06
382.011	  5.35172e+06
382.278	  5.35905e+06
382.545	  5.36638e+06
382.812	  5.37371e+06
383.079	  5.38102e+06
383.346	  5.38833e+06
383.613	  5.39564e+06
383.88	  5.40293e+06
384.147	  5.41022e+06
384.414	  5.4175e+06
384.681	  5.42478e+06
384.948	  5.43205e+06
385.215	  5.43931e+06
385.482	  5.44656e+06
385.749	  5.45381e+06
386.016	  5.46105e+06
386.283	  5.46828e+06
386.55	  5.47551e+06
386.817	  5.48273e+06
387.084	  5.48994e+06
387.351	  5.49715e+06
387.618	  5.50435e+06
387.885	  5.51154e+06
388.152	  5.51872e+06
388.419	  5.5259e+06
388.686	  5.53307e+06
388.953	  5.54023e+06
389.22	  5.54739e+06
389.487	  5.55454e+06
389.754	  5.56168e+06
390.021	  5.56881e+06
390.288	  5.57594e+06
390.555	  5.58306e+06
390.822	  5.59017e+06
391.089	  5.59727e+06
391.356	  5.60437e+06
391.623	  5.61146e+06
391.89	  5.61855e+06
392.157	  5.62562e+06
392.424	  5.63269e+06
392.691	  5.63975e+06
392.958	  5.64681e+06
393.225	  5.65385e+06
393.492	  5.66089e+06
393.759	  5.66792e+06
394.026	  5.67495e+06
394.293	  5.68197e+06
394.56	  5.68898e+06
394.827	  5.69598e+06
395.094	  5.70297e+06
395.361	  5.70996e+06
395.628	  5.71694e+06
395.895	  5.72391e+06
396.162	  5.73088e+06
396.429	  5.73784e+06
396.696	  5.74479e+06
396.963	  5.75173e+06
397.23	  5.75866e+06
397.497	  5.76559e+06
397.764	  5.77251e+06
398.031	  5.77942e+06
398.298	  5.78633e+06
398.565	  5.79323e+06
398.832	  5.80012e+06
399.099	  5.807e+06
399.366	  5.81387e+06
399.633	  5.82074e+06
399.9	  5.8276e+06
400.167	  5.83445e+06
400.434	  5.84129e+06
400.701	  5.84813e+06
400.968	  5.85496e+06
401.235	  5.86178e+06
401.502	  5.86859e+06
401.769	  5.8754e+06
402.036	  5.8822e+06
402.303	  5.88899e+06
402.57	  5.89577e+06
402.837	  5.90254e+06
403.104	  5.90931e+06
403.371	  5.91607e+06
403.638	  5.92282e+06
403.905	  5.92956e+06
404.172	  5.9363e+06
404.439	  5.94303e+06
404.706	  5.94975e+06
404.973	  5.95646e+06
405.24	  5.96316e+06
405.507	  5.96986e+06
405.774	  5.97655e+06
406.041	  5.98323e+06
406.308	  5.9899e+06
406.575	  5.99657e+06
406.842	  6.00323e+06
407.109	  6.00988e+06
407.376	  6.01652e+06
407.643	  6.02315e+06
407.91	  6.02978e+06
408.177	  6.03639e+06
408.444	  6.04301e+06
408.711	  6.04961e+06
408.978	  6.0562e+06
409.245	  6.06279e+06
409.512	  6.06937e+06
409.779	  6.07594e+06
410.046	  6.0825e+06
410.313	  6.08905e+06
410.58	  6.0956e+06
410.847	  6.10214e+06
411.114	  6.10867e+06
411.381	  6.11519e+06
411.648	  6.1217e+06
411.915	  6.12821e+06
412.182	  6.13471e+06
412.449	  6.1412e+06
412.716	  6.14768e+06
412.983	  6.15416e+06
413.25	  6.16062e+06
413.517	  6.16708e+06
413.784	  6.17353e+06
414.051	  6.17997e+06
414.318	  6.18641e+06
414.585	  6.19283e+06
414.852	  6.19925e+06
415.119	  6.20566e+06
415.386	  6.21206e+06
415.653	  6.21845e+06
415.92	  6.22484e+06
416.187	  6.23122e+06
416.454	  6.23758e+06
416.721	  6.24395e+06
416.988	  6.2503e+06
417.255	  6.25664e+06
417.522	  6.26298e+06
417.789	  6.26931e+06
418.056	  6.27563e+06
418.323	  6.28194e+06
418.59	  6.28824e+06
418.857	  6.29454e+06
419.124	  6.30083e+06
419.391	  6.30711e+06
419.658	  6.31338e+06
419.925	  6.31964e+06
420.192	  6.32589e+06
420.459	  6.33214e+06
420.726	  6.33838e+06
420.993	  6.34461e+06
421.26	  6.35083e+06
421.527	  6.35704e+06
421.794	  6.36325e+06
422.061	  6.36945e+06
422.328	  6.37563e+06
422.595	  6.38181e+06
422.862	  6.38799e+06
423.129	  6.39415e+06
423.396	  6.40031e+06
423.663	  6.40645e+06
423.93	  6.41259e+06
424.197	  6.41872e+06
424.464	  6.42485e+06
424.731	  6.43096e+06
424.998	  6.43707e+06
425.265	  6.44316e+06
425.532	  6.44925e+06
425.799	  6.45533e+06
426.066	  6.46141e+06
426.333	  6.46747e+06
426.6	  6.47353e+06
426.867	  6.47957e+06
427.134	  6.48561e+06
427.401	  6.49164e+06
427.668	  6.49767e+06
427.935	  6.50368e+06
428.202	  6.50969e+06
428.469	  6.51569e+06
428.736	  6.52168e+06
429.003	  6.52766e+06
429.27	  6.53363e+06
429.537	  6.53959e+06
429.804	  6.54555e+06
430.071	  6.5515e+06
430.338	  6.55744e+06
430.605	  6.56337e+06
430.872	  6.56929e+06
431.139	  6.5752e+06
431.406	  6.58111e+06
431.673	  6.58701e+06
431.94	  6.5929e+06
432.207	  6.59878e+06
432.474	  6.60465e+06
432.741	  6.61051e+06
433.008	  6.61637e+06
433.275	  6.62222e+06
433.542	  6.62806e+06
433.809	  6.63389e+06
434.076	  6.63971e+06
434.343	  6.64552e+06
434.61	  6.65133e+06
434.877	  6.65712e+06
435.144	  6.66291e+06
435.411	  6.66869e+06
435.678	  6.67446e+06
435.945	  6.68023e+06
436.212	  6.68598e+06
436.479	  6.69173e+06
436.746	  6.69747e+06
437.013	  6.70319e+06
437.28	  6.70892e+06
437.547	  6.71463e+06
437.814	  6.72033e+06
438.081	  6.72603e+06
438.348	  6.73172e+06
438.615	  6.73739e+06
438.882	  6.74306e+06
439.149	  6.74873e+06
439.416	  6.75438e+06
439.683	  6.76002e+06
439.95	  6.76566e+06
440.217	  6.77129e+06
440.484	  6.77691e+06
440.751	  6.78252e+06
441.018	  6.78812e+06
441.285	  6.79372e+06
441.552	  6.7993e+06
441.819	  6.80488e+06
442.086	  6.81045e+06
442.353	  6.81601e+06
442.62	  6.82156e+06
442.887	  6.82711e+06
443.154	  6.83264e+06
443.421	  6.83817e+06
443.688	  6.84369e+06
443.955	  6.8492e+06
444.222	  6.8547e+06
444.489	  6.86019e+06
444.756	  6.86568e+06
445.023	  6.87115e+06
445.29	  6.87662e+06
445.557	  6.88208e+06
445.824	  6.88753e+06
446.091	  6.89297e+06
446.358	  6.89841e+06
446.625	  6.90383e+06
446.892	  6.90925e+06
447.159	  6.91466e+06
447.426	  6.92006e+06
447.693	  6.92545e+06
447.96	  6.93083e+06
448.227	  6.93621e+06
448.494	  6.94157e+06
448.761	  6.94693e+06
449.028	  6.95228e+06
449.295	  6.95762e+06
449.562	  6.96295e+06
449.829	  6.96828e+06
450.096	  6.97359e+06
450.363	  6.9789e+06
450.63	  6.9842e+06
450.897	  6.98949e+06
451.164	  6.99477e+06
451.431	  7.00004e+06
451.698	  7.00531e+06
451.965	  7.01056e+06
452.232	  7.01581e+06
452.499	  7.02105e+06
452.766	  7.02628e+06
453.033	  7.0315e+06
453.3	  7.03672e+06
453.567	  7.04192e+06
453.834	  7.04712e+06
454.101	  7.05231e+06
454.368	  7.05749e+06
454.635	  7.06266e+06
454.902	  7.06782e+06
455.169	  7.07298e+06
455.436	  7.07812e+06
455.703	  7.08326e+06
455.97	  7.08839e+06
456.237	  7.09351e+06
456.504	  7.09863e+06
456.771	  7.10373e+06
457.038	  7.10883e+06
457.305	  7.11391e+06
457.572	  7.11899e+06
457.839	  7.12406e+06
458.106	  7.12912e+06
458.373	  7.13418e+06
458.64	  7.13922e+06
458.907	  7.14426e+06
459.174	  7.14929e+06
459.441	  7.15431e+06
459.708	  7.15932e+06
459.975	  7.16432e+06
460.242	  7.16932e+06
460.509	  7.1743e+06
460.776	  7.17928e+06
461.043	  7.18425e+06
461.31	  7.18921e+06
461.577	  7.19416e+06
461.844	  7.19911e+06
462.111	  7.20404e+06
462.378	  7.20897e+06
462.645	  7.21389e+06
462.912	  7.2188e+06
463.179	  7.2237e+06
463.446	  7.2286e+06
463.713	  7.23348e+06
463.98	  7.23836e+06
464.247	  7.24323e+06
464.514	  7.24809e+06
464.781	  7.25294e+06
465.048	  7.25778e+06
465.315	  7.26262e+06
465.582	  7.26744e+06
465.849	  7.27226e+06
466.116	  7.27707e+06
466.383	  7.28187e+06
466.65	  7.28667e+06
466.917	  7.29145e+06
467.184	  7.29623e+06
467.451	  7.301e+06
467.718	  7.30576e+06
467.985	  7.31051e+06
468.252	  7.31525e+06
468.519	  7.31998e+06
468.786	  7.32471e+06
469.053	  7.32943e+06
469.32	  7.33414e+06
469.587	  7.33884e+06
469.854	  7.34353e+06
470.121	  7.34822e+06
470.388	  7.35289e+06
470.655	  7.35756e+06
470.922	  7.36222e+06
471.189	  7.36687e+06
471.456	  7.37151e+06
471.723	  7.37615e+06
471.99	  7.38078e+06
472.257	  7.38539e+06
472.524	  7.39e+06
472.791	  7.3946e+06
473.058	  7.3992e+06
473.325	  7.40378e+06
473.592	  7.40836e+06
473.859	  7.41293e+06
474.126	  7.41749e+06
474.393	  7.42204e+06
474.66	  7.42658e+06
474.927	  7.43112e+06
475.194	  7.43564e+06
475.461	  7.44016e+06
475.728	  7.44467e+06
475.995	  7.44917e+06
476.262	  7.45367e+06
476.529	  7.45815e+06
476.796	  7.46263e+06
477.063	  7.4671e+06
477.33	  7.47156e+06
477.597	  7.47601e+06
477.864	  7.48046e+06
478.131	  7.48489e+06
478.398	  7.48932e+06
478.665	  7.49374e+06
478.932	  7.49815e+06
479.199	  7.50255e+06
479.466	  7.50695e+06
479.733	  7.51133e+06
480	  7.51571e+06
480.267	  7.52008e+06
480.534	  7.52444e+06
480.801	  7.5288e+06
481.068	  7.53314e+06
481.335	  7.53748e+06
481.602	  7.54181e+06
481.869	  7.54613e+06
482.136	  7.55044e+06
482.403	  7.55475e+06
482.67	  7.55904e+06
482.937	  7.56333e+06
483.204	  7.56761e+06
483.471	  7.57188e+06
483.738	  7.57615e+06
484.005	  7.5804e+06
484.272	  7.58465e+06
484.539	  7.58889e+06
484.806	  7.59312e+06
485.073	  7.59734e+06
485.34	  7.60156e+06
485.607	  7.60577e+06
485.874	  7.60996e+06
486.141	  7.61415e+06
486.408	  7.61834e+06
486.675	  7.62251e+06
486.942	  7.62668e+06
487.209	  7.63083e+06
487.476	  7.63498e+06
487.743	  7.63913e+06
488.01	  7.64326e+06
488.277	  7.64739e+06
488.544	  7.6515e+06
488.811	  7.65561e+06
489.078	  7.65971e+06
489.345	  7.66381e+06
489.612	  7.66789e+06
489.879	  7.67197e+06
490.146	  7.67604e+06
490.413	  7.6801e+06
490.68	  7.68415e+06
490.947	  7.6882e+06
491.214	  7.69223e+06
491.481	  7.69626e+06
491.748	  7.70028e+06
492.015	  7.7043e+06
492.282	  7.7083e+06
492.549	  7.7123e+06
492.816	  7.71629e+06
493.083	  7.72027e+06
493.35	  7.72424e+06
493.617	  7.7282e+06
493.884	  7.73216e+06
494.151	  7.73611e+06
494.418	  7.74005e+06
494.685	  7.74398e+06
494.952	  7.74791e+06
495.219	  7.75182e+06
495.486	  7.75573e+06
495.753	  7.75963e+06
496.02	  7.76353e+06
496.287	  7.76741e+06
496.554	  7.77129e+06
496.821	  7.77516e+06
497.088	  7.77902e+06
497.355	  7.78287e+06
497.622	  7.78672e+06
497.889	  7.79056e+06
498.156	  7.79439e+06
498.423	  7.79821e+06
498.69	  7.80202e+06
498.957	  7.80583e+06
499.224	  7.80962e+06
499.491	  7.81341e+06
499.758	  7.8172e+06
500.025	  7.82097e+06
500.292	  7.82474e+06
500.559	  7.82849e+06
500.826	  7.83225e+06
501.093	  7.83599e+06
501.36	  7.83972e+06
501.627	  7.84345e+06
501.894	  7.84717e+06
502.161	  7.85088e+06
502.428	  7.85458e+06
502.695	  7.85828e+06
502.962	  7.86197e+06
503.229	  7.86565e+06
503.496	  7.86932e+06
503.763	  7.87298e+06
504.03	  7.87664e+06
504.297	  7.88029e+06
504.564	  7.88393e+06
504.831	  7.88756e+06
505.098	  7.89119e+06
505.365	  7.89481e+06
505.632	  7.89842e+06
505.899	  7.90202e+06
506.166	  7.90561e+06
506.433	  7.9092e+06
506.7	  7.91278e+06
506.967	  7.91635e+06
507.234	  7.91991e+06
507.501	  7.92347e+06
507.768	  7.92702e+06
508.035	  7.93056e+06
508.302	  7.93409e+06
508.569	  7.93761e+06
508.836	  7.94113e+06
509.103	  7.94464e+06
509.37	  7.94814e+06
509.637	  7.95164e+06
509.904	  7.95512e+06
510.171	  7.9586e+06
510.438	  7.96207e+06
510.705	  7.96554e+06
510.972	  7.96899e+06
511.239	  7.97244e+06
511.506	  7.97588e+06
511.773	  7.97931e+06
512.04	  7.98274e+06
512.307	  7.98616e+06
512.574	  7.98957e+06
512.841	  7.99297e+06
513.108	  7.99636e+06
513.375	  7.99975e+06
513.642	  8.00313e+06
513.909	  8.0065e+06
514.176	  8.00986e+06
514.443	  8.01322e+06
514.71	  8.01657e+06
514.977	  8.01991e+06
515.244	  8.02325e+06
515.511	  8.02657e+06
515.778	  8.02989e+06
516.045	  8.0332e+06
516.312	  8.03651e+06
516.579	  8.0398e+06
516.846	  8.04309e+06
517.113	  8.04637e+06
517.38	  8.04964e+06
517.647	  8.05291e+06
517.914	  8.05617e+06
518.181	  8.05942e+06
518.448	  8.06266e+06
518.715	  8.0659e+06
518.982	  8.06913e+06
519.249	  8.07235e+06
519.516	  8.07556e+06
519.783	  8.07877e+06
520.05	  8.08197e+06
520.317	  8.08516e+06
520.584	  8.08834e+06
520.851	  8.09152e+06
521.118	  8.09469e+06
521.385	  8.09785e+06
521.652	  8.101e+06
521.919	  8.10415e+06
522.186	  8.10729e+06
522.453	  8.11042e+06
522.72	  8.11355e+06
522.987	  8.11666e+06
523.254	  8.11977e+06
523.521	  8.12288e+06
523.788	  8.12597e+06
524.055	  8.12906e+06
524.322	  8.13214e+06
524.589	  8.13521e+06
524.856	  8.13828e+06
525.123	  8.14133e+06
525.39	  8.14439e+06
525.657	  8.14743e+06
525.924	  8.15047e+06
526.191	  8.15349e+06
526.458	  8.15652e+06
526.725	  8.15953e+06
526.992	  8.16254e+06
527.259	  8.16554e+06
527.526	  8.16853e+06
527.793	  8.17151e+06
528.06	  8.17449e+06
528.327	  8.17746e+06
528.594	  8.18043e+06
528.861	  8.18338e+06
529.128	  8.18633e+06
529.395	  8.18927e+06
529.662	  8.19221e+06
529.929	  8.19513e+06
530.196	  8.19805e+06
530.463	  8.20097e+06
530.73	  8.20387e+06
530.997	  8.20677e+06
531.264	  8.20966e+06
531.531	  8.21254e+06
531.798	  8.21542e+06
532.065	  8.21829e+06
532.332	  8.22115e+06
532.599	  8.22401e+06
532.866	  8.22686e+06
533.133	  8.2297e+06
533.4	  8.23253e+06
533.667	  8.23536e+06
533.934	  8.23818e+06
534.201	  8.24099e+06
534.468	  8.24379e+06
534.735	  8.24659e+06
535.002	  8.24938e+06
535.269	  8.25217e+06
535.536	  8.25494e+06
535.803	  8.25771e+06
536.07	  8.26048e+06
536.337	  8.26323e+06
536.604	  8.26598e+06
536.871	  8.26872e+06
537.138	  8.27145e+06
537.405	  8.27418e+06
537.672	  8.2769e+06
537.939	  8.27962e+06
538.206	  8.28232e+06
538.473	  8.28502e+06
538.74	  8.28771e+06
539.007	  8.2904e+06
539.274	  8.29308e+06
539.541	  8.29575e+06
539.808	  8.29841e+06
540.075	  8.30107e+06
540.342	  8.30372e+06
540.609	  8.30636e+06
540.876	  8.309e+06
541.143	  8.31163e+06
541.41	  8.31425e+06
541.677	  8.31686e+06
541.944	  8.31947e+06
542.211	  8.32207e+06
542.478	  8.32467e+06
542.745	  8.32726e+06
543.012	  8.32984e+06
543.279	  8.33241e+06
543.546	  8.33498e+06
543.813	  8.33754e+06
544.08	  8.34009e+06
544.347	  8.34264e+06
544.614	  8.34518e+06
544.881	  8.34771e+06
545.148	  8.35023e+06
545.415	  8.35275e+06
545.682	  8.35527e+06
545.949	  8.35777e+06
546.216	  8.36027e+06
546.483	  8.36276e+06
546.75	  8.36524e+06
547.017	  8.36772e+06
547.284	  8.37019e+06
547.551	  8.37266e+06
547.818	  8.37511e+06
548.085	  8.37757e+06
548.352	  8.38001e+06
548.619	  8.38245e+06
548.886	  8.38488e+06
549.153	  8.3873e+06
549.42	  8.38972e+06
549.687	  8.39213e+06
549.954	  8.39453e+06
550.221	  8.39693e+06
550.488	  8.39932e+06
550.755	  8.4017e+06
551.022	  8.40408e+06
551.289	  8.40645e+06
551.556	  8.40881e+06
551.823	  8.41117e+06
552.09	  8.41352e+06
552.357	  8.41586e+06
552.624	  8.41819e+06
552.891	  8.42052e+06
553.158	  8.42285e+06
553.425	  8.42516e+06
553.692	  8.42747e+06
553.959	  8.42978e+06
554.226	  8.43207e+06
554.493	  8.43436e+06
554.76	  8.43665e+06
555.027	  8.43892e+06
555.294	  8.44119e+06
555.561	  8.44346e+06
555.828	  8.44571e+06
556.095	  8.44796e+06
556.362	  8.45021e+06
556.629	  8.45244e+06
556.896	  8.45467e+06
557.163	  8.4569e+06
557.43	  8.45911e+06
557.697	  8.46132e+06
557.964	  8.46353e+06
558.231	  8.46573e+06
558.498	  8.46792e+06
558.765	  8.4701e+06
559.032	  8.47228e+06
559.299	  8.47445e+06
559.566	  8.47662e+06
560.009	  8.4802e+06
560.296	  8.48251e+06
560.583	  8.48481e+06
560.87	  8.4871e+06
561.157	  8.48939e+06
561.444	  8.49166e+06
561.731	  8.49394e+06
562.018	  8.4962e+06
562.305	  8.49846e+06
562.592	  8.50071e+06
562.879	  8.50295e+06
563.166	  8.50518e+06
563.453	  8.50741e+06
563.74	  8.50963e+06
564.027	  8.51184e+06
564.314	  8.51404e+06
564.601	  8.51624e+06
564.888	  8.51843e+06
565.175	  8.52061e+06
565.462	  8.52279e+06
565.749	  8.52496e+06
566.036	  8.52712e+06
566.323	  8.52927e+06
566.61	  8.53142e+06
566.897	  8.53356e+06
567.184	  8.53569e+06
567.471	  8.53781e+06
567.758	  8.53993e+06
568.045	  8.54204e+06
568.332	  8.54414e+06
568.619	  8.54623e+06
568.906	  8.54832e+06
569.193	  8.5504e+06
569.48	  8.55248e+06
569.767	  8.55454e+06
570.054	  8.5566e+06
570.341	  8.55865e+06
570.628	  8.5607e+06
570.915	  8.56274e+06
571.202	  8.56477e+06
571.489	  8.56679e+06
571.776	  8.56881e+06
572.063	  8.57081e+06
572.35	  8.57282e+06
572.637	  8.57481e+06
572.924	  8.5768e+06
573.211	  8.57878e+06
573.498	  8.58075e+06
573.785	  8.58272e+06
574.072	  8.58468e+06
574.359	  8.58663e+06
574.646	  8.58857e+06
574.933	  8.59051e+06
575.22	  8.59244e+06
575.507	  8.59437e+06
575.794	  8.59628e+06
576.081	  8.59819e+06
576.368	  8.6001e+06
576.655	  8.60199e+06
576.942	  8.60388e+06
577.229	  8.60576e+06
577.516	  8.60764e+06
577.803	  8.60951e+06
578.09	  8.61137e+06
578.377	  8.61322e+06
578.664	  8.61507e+06
578.951	  8.61691e+06
579.238	  8.61874e+06
579.525	  8.62057e+06
579.812	  8.62239e+06
580.099	  8.6242e+06
580.386	  8.626e+06
580.673	  8.6278e+06
580.96	  8.6296e+06
581.247	  8.63138e+06
581.534	  8.63316e+06
581.821	  8.63493e+06
582.108	  8.63669e+06
582.395	  8.63845e+06
582.682	  8.6402e+06
582.969	  8.64195e+06
583.256	  8.64368e+06
583.543	  8.64541e+06
583.83	  8.64714e+06
584.117	  8.64885e+06
584.404	  8.65056e+06
584.691	  8.65227e+06
584.978	  8.65396e+06
585.265	  8.65565e+06
585.552	  8.65733e+06
585.839	  8.65901e+06
586.126	  8.66068e+06
586.413	  8.66234e+06
586.7	  8.664e+06
586.987	  8.66565e+06
587.274	  8.66729e+06
587.561	  8.66893e+06
587.848	  8.67056e+06
588.135	  8.67218e+06
588.422	  8.67379e+06
588.709	  8.6754e+06
588.996	  8.67701e+06
589.283	  8.6786e+06
589.57	  8.68019e+06
589.857	  8.68177e+06
590.144	  8.68335e+06
590.431	  8.68492e+06
590.718	  8.68648e+06
591.005	  8.68804e+06
591.292	  8.68959e+06
591.579	  8.69113e+06
591.866	  8.69267e+06
592.153	  8.6942e+06
592.44	  8.69572e+06
592.727	  8.69724e+06
593.014	  8.69875e+06
593.301	  8.70025e+06
593.588	  8.70175e+06
593.875	  8.70324e+06
594.162	  8.70473e+06
594.449	  8.7062e+06
594.736	  8.70768e+06
595.023	  8.70914e+06
595.31	  8.7106e+06
595.597	  8.71205e+06
595.884	  8.7135e+06
596.171	  8.71494e+06
596.458	  8.71637e+06
596.745	  8.7178e+06
597.032	  8.71922e+06
597.319	  8.72063e+06
597.606	  8.72204e+06
597.893	  8.72344e+06
598.18	  8.72483e+06
598.467	  8.72622e+06
598.754	  8.7276e+06
599.041	  8.72898e+06
599.328	  8.73035e+06
599.615	  8.73171e+06
599.902	  8.73306e+06
600.189	  8.73441e+06
600.476	  8.73576e+06
600.763	  8.7371e+06
601.05	  8.73843e+06
601.337	  8.73975e+06
601.624	  8.74107e+06
601.911	  8.74238e+06
602.198	  8.74369e+06
602.485	  8.74499e+06
602.772	  8.74628e+06
603.059	  8.74757e+06
603.346	  8.74885e+06
603.633	  8.75013e+06
603.92	  8.75139e+06
604.207	  8.75266e+06
604.494	  8.75391e+06
604.781	  8.75516e+06
605.068	  8.75641e+06
605.355	  8.75764e+06
605.642	  8.75888e+06
605.929	  8.7601e+06
606.216	  8.76132e+06
606.503	  8.76253e+06
606.79	  8.76374e+06
607.077	  8.76494e+06
607.364	  8.76614e+06
607.651	  8.76732e+06
607.938	  8.76851e+06
608.225	  8.76968e+06
608.512	  8.77085e+06
608.799	  8.77202e+06
609.086	  8.77318e+06
609.373	  8.77433e+06
609.66	  8.77548e+06
609.947	  8.77662e+06
610.234	  8.77775e+06
610.521	  8.77888e+06
610.808	  8.78e+06
611.095	  8.78112e+06
611.382	  8.78223e+06
611.669	  8.78333e+06
611.956	  8.78443e+06
612.243	  8.78552e+06
612.53	  8.78661e+06
612.817	  8.78769e+06
613.104	  8.78876e+06
613.391	  8.78983e+06
613.678	  8.79089e+06
613.965	  8.79195e+06
614.252	  8.793e+06
614.539	  8.79404e+06
614.826	  8.79508e+06
615.113	  8.79611e+06
615.4	  8.79714e+06
615.687	  8.79816e+06
615.974	  8.79918e+06
616.261	  8.80019e+06
616.548	  8.80119e+06
616.835	  8.80219e+06
617.122	  8.80318e+06
617.409	  8.80416e+06
617.696	  8.80514e+06
617.983	  8.80612e+06
618.27	  8.80709e+06
618.557	  8.80805e+06
618.844	  8.80901e+06
619.131	  8.80996e+06
619.418	  8.8109e+06
619.705	  8.81184e+06
619.992	  8.81278e+06
620.279	  8.8137e+06
620.566	  8.81463e+06
620.853	  8.81554e+06
621.14	  8.81645e+06
621.427	  8.81736e+06
621.714	  8.81826e+06
622.001	  8.81915e+06
622.288	  8.82004e+06
622.575	  8.82092e+06
622.862	  8.8218e+06
623.149	  8.82267e+06
623.436	  8.82354e+06
623.723	  8.82439e+06
624.01	  8.82525e+06
624.297	  8.8261e+06
624.584	  8.82694e+06
624.871	  8.82778e+06
625.158	  8.82861e+06
625.445	  8.82943e+06
625.732	  8.83025e+06
626.019	  8.83107e+06
626.306	  8.83188e+06
626.593	  8.83268e+06
626.88	  8.83348e+06
627.167	  8.83427e+06
627.454	  8.83506e+06
627.741	  8.83584e+06
628.028	  8.83662e+06
628.315	  8.83739e+06
628.602	  8.83815e+06
628.889	  8.83891e+06
629.176	  8.83966e+06
629.463	  8.84041e+06
629.75	  8.84115e+06
630.037	  8.84189e+06
630.324	  8.84262e+06
630.611	  8.84335e+06
630.898	  8.84407e+06
631.185	  8.84479e+06
631.472	  8.8455e+06
631.759	  8.8462e+06
632.046	  8.8469e+06
632.333	  8.84759e+06
632.62	  8.84828e+06
632.907	  8.84896e+06
633.194	  8.84964e+06
633.481	  8.85031e+06
633.768	  8.85098e+06
634.055	  8.85164e+06
634.342	  8.8523e+06
634.629	  8.85295e+06
634.916	  8.85359e+06
635.203	  8.85423e+06
635.49	  8.85487e+06
635.777	  8.8555e+06
636.064	  8.85612e+06
636.351	  8.85674e+06
636.638	  8.85735e+06
636.925	  8.85796e+06
637.212	  8.85856e+06
637.499	  8.85916e+06
637.786	  8.85975e+06
638.073	  8.86034e+06
638.36	  8.86092e+06
638.647	  8.8615e+06
638.934	  8.86207e+06
639.221	  8.86263e+06
639.508	  8.86319e+06
639.795	  8.86375e+06
640.082	  8.8643e+06
640.369	  8.86484e+06
640.656	  8.86538e+06
640.943	  8.86592e+06
641.23	  8.86645e+06
641.517	  8.86697e+06
641.804	  8.86749e+06
642.091	  8.868e+06
642.378	  8.86851e+06
642.665	  8.86902e+06
642.952	  8.86952e+06
643.239	  8.87001e+06
643.526	  8.8705e+06
643.813	  8.87098e+06
644.1	  8.87146e+06
644.387	  8.87193e+06
644.674	  8.8724e+06
644.961	  8.87286e+06
645.248	  8.87332e+06
645.535	  8.87377e+06
645.822	  8.87422e+06
646.109	  8.87466e+06
646.396	  8.8751e+06
646.683	  8.87553e+06
646.97	  8.87596e+06
647.257	  8.87638e+06
647.544	  8.8768e+06
647.831	  8.87721e+06
648.118	  8.87762e+06
648.405	  8.87802e+06
648.692	  8.87841e+06
648.979	  8.87881e+06
649.266	  8.87919e+06
649.553	  8.87958e+06
649.84	  8.87995e+06
650.127	  8.88033e+06
650.414	  8.88069e+06
650.701	  8.88106e+06
650.988	  8.88141e+06
651.275	  8.88177e+06
651.562	  8.88211e+06
651.849	  8.88246e+06
652.136	  8.88279e+06
652.423	  8.88313e+06
652.71	  8.88346e+06
652.997	  8.88378e+06
653.284	  8.8841e+06
653.571	  8.88441e+06
653.858	  8.88472e+06
654.145	  8.88502e+06
654.432	  8.88532e+06
654.719	  8.88562e+06
655.006	  8.8859e+06
655.293	  8.88619e+06
655.58	  8.88647e+06
655.867	  8.88674e+06
656.154	  8.88701e+06
656.441	  8.88728e+06
656.728	  8.88754e+06
657.015	  8.88779e+06
657.302	  8.88804e+06
657.589	  8.88829e+06
657.876	  8.88853e+06
658.163	  8.88877e+06
658.45	  8.889e+06
658.737	  8.88923e+06
659.024	  8.88945e+06
659.311	  8.88967e+06
659.598	  8.88988e+06
659.885	  8.89009e+06
660.172	  8.89029e+06
660.459	  8.89049e+06
660.746	  8.89068e+06
661.033	  8.89087e+06
661.32	  8.89106e+06
661.607	  8.89124e+06
661.894	  8.89141e+06
662.181	  8.89159e+06
662.468	  8.89175e+06
662.755	  8.89191e+06
663.042	  8.89207e+06
663.329	  8.89222e+06
663.616	  8.89237e+06
663.903	  8.89251e+06
664.19	  8.89265e+06
664.477	  8.89278e+06
664.764	  8.89291e+06
665.051	  8.89304e+06
665.338	  8.89316e+06
665.625	  8.89327e+06
665.912	  8.89339e+06
666.199	  8.89349e+06
666.486	  8.89359e+06
666.773	  8.89369e+06
667.06	  8.89378e+06
667.347	  8.89387e+06
667.634	  8.89396e+06
667.921	  8.89403e+06
668.208	  8.89411e+06
668.495	  8.89418e+06
668.782	  8.89425e+06
669.069	  8.89431e+06
669.356	  8.89436e+06
669.643	  8.89442e+06
669.93	  8.89446e+06
670.217	  8.89451e+06
670.504	  8.89455e+06
670.791	  8.89458e+06
671.078	  8.89461e+06
671.365	  8.89464e+06
671.652	  8.89466e+06
671.939	  8.89467e+06
672.226	  8.89469e+06
672.513	  8.89469e+06
672.8	  8.8947e+06
673.087	  8.8947e+06
673.374	  8.89469e+06
673.661	  8.89468e+06
673.948	  8.89467e+06
674.235	  8.89465e+06
674.522	  8.89463e+06
674.809	  8.8946e+06
675.096	  8.89457e+06
675.383	  8.89453e+06
675.67	  8.89449e+06
675.957	  8.89445e+06
676.244	  8.8944e+06
676.531	  8.89435e+06
676.818	  8.89429e+06
677.105	  8.89423e+06
677.392	  8.89416e+06
677.679	  8.89409e+06
677.966	  8.89402e+06
678.253	  8.89394e+06
678.54	  8.89386e+06
678.827	  8.89377e+06
679.114	  8.89368e+06
679.401	  8.89358e+06
679.688	  8.89348e+06
679.975	  8.89338e+06
680.262	  8.89327e+06
680.549	  8.89316e+06
680.836	  8.89304e+06
681.123	  8.89292e+06
681.41	  8.89279e+06
681.697	  8.89267e+06
681.984	  8.89253e+06
682.271	  8.89239e+06
682.558	  8.89225e+06
682.845	  8.89211e+06
683.132	  8.89196e+06
683.419	  8.8918e+06
683.706	  8.89164e+06
683.993	  8.89148e+06
684.28	  8.89131e+06
684.567	  8.89114e+06
684.854	  8.89097e+06
685.141	  8.89079e+06
685.428	  8.89061e+06
685.715	  8.89042e+06
686.002	  8.89023e+06
686.289	  8.89003e+06
686.576	  8.88983e+06
686.863	  8.88963e+06
687.15	  8.88942e+06
687.437	  8.88921e+06
687.724	  8.88899e+06
688.011	  8.88877e+06
688.298	  8.88855e+06
688.585	  8.88832e+06
688.872	  8.88809e+06
689.159	  8.88786e+06
689.446	  8.88762e+06
689.733	  8.88737e+06
690.02	  8.88712e+06
690.307	  8.88687e+06
690.594	  8.88662e+06
690.881	  8.88636e+06
691.168	  8.88609e+06
691.455	  8.88582e+06
691.742	  8.88555e+06
692.029	  8.88528e+06
692.316	  8.885e+06
692.603	  8.88471e+06
692.89	  8.88443e+06
693.177	  8.88414e+06
693.464	  8.88384e+06
693.751	  8.88354e+06
694.038	  8.88324e+06
694.325	  8.88293e+06
694.612	  8.88262e+06
694.899	  8.8823e+06
695.186	  8.88199e+06
695.473	  8.88166e+06
695.76	  8.88134e+06
696.047	  8.88101e+06
696.334	  8.88067e+06
696.621	  8.88033e+06
696.908	  8.87999e+06
697.195	  8.87965e+06
697.482	  8.8793e+06
697.769	  8.87894e+06
698.056	  8.87859e+06
698.343	  8.87823e+06
698.63	  8.87786e+06
698.917	  8.87749e+06
699.204	  8.87712e+06
699.491	  8.87674e+06
699.778	  8.87636e+06
700.065	  8.87598e+06
700.352	  8.87559e+06
700.639	  8.8752e+06
700.926	  8.87481e+06
701.213	  8.87441e+06
701.5	  8.874e+06
701.787	  8.8736e+06
702.074	  8.87319e+06
702.361	  8.87277e+06
702.648	  8.87236e+06
702.935	  8.87194e+06
703.222	  8.87151e+06
703.509	  8.87108e+06
703.796	  8.87065e+06
704.083	  8.87021e+06
704.37	  8.86977e+06
704.657	  8.86933e+06
704.944	  8.86888e+06
705.231	  8.86843e+06
705.518	  8.86798e+06
705.805	  8.86752e+06
706.092	  8.86706e+06
706.379	  8.86659e+06
706.666	  8.86612e+06
706.953	  8.86565e+06
707.24	  8.86518e+06
707.527	  8.8647e+06
707.814	  8.86421e+06
708.101	  8.86373e+06
708.388	  8.86323e+06
708.675	  8.86274e+06
708.962	  8.86224e+06
709.249	  8.86174e+06
709.536	  8.86124e+06
709.823	  8.86073e+06
710.11	  8.86022e+06
710.397	  8.8597e+06
710.684	  8.85918e+06
710.971	  8.85866e+06
711.258	  8.85813e+06
711.545	  8.8576e+06
711.832	  8.85707e+06
712.119	  8.85653e+06
712.406	  8.85599e+06
712.693	  8.85545e+06
712.98	  8.8549e+06
713.267	  8.85435e+06
713.554	  8.85379e+06
713.841	  8.85324e+06
714.128	  8.85267e+06
714.415	  8.85211e+06
714.702	  8.85154e+06
714.989	  8.85097e+06
715.276	  8.85039e+06
715.563	  8.84982e+06
715.85	  8.84923e+06
716.137	  8.84865e+06
716.424	  8.84806e+06
716.711	  8.84747e+06
716.998	  8.84687e+06
717.285	  8.84627e+06
717.572	  8.84567e+06
717.859	  8.84506e+06
718.146	  8.84445e+06
718.433	  8.84384e+06
718.72	  8.84322e+06
719.007	  8.8426e+06
719.294	  8.84198e+06
719.581	  8.84135e+06
719.868	  8.84072e+06
720.155	  8.84009e+06
720.442	  8.83945e+06
720.729	  8.83881e+06
721.016	  8.83817e+06
721.303	  8.83752e+06
721.59	  8.83687e+06
721.877	  8.83622e+06
722.164	  8.83556e+06
722.451	  8.8349e+06
722.738	  8.83424e+06
723.025	  8.83357e+06
723.312	  8.8329e+06
723.599	  8.83223e+06
723.886	  8.83156e+06
724.173	  8.83088e+06
724.46	  8.83019e+06
724.747	  8.82951e+06
725.034	  8.82882e+06
725.321	  8.82812e+06
725.608	  8.82743e+06
725.895	  8.82673e+06
726.182	  8.82603e+06
726.469	  8.82532e+06
726.756	  8.82461e+06
727.043	  8.8239e+06
727.33	  8.82318e+06
727.617	  8.82247e+06
727.904	  8.82174e+06
728.191	  8.82102e+06
728.478	  8.82029e+06
728.765	  8.81956e+06
729.052	  8.81882e+06
729.339	  8.81809e+06
729.626	  8.81735e+06
729.913	  8.8166e+06
730.2	  8.81585e+06
730.487	  8.8151e+06
730.774	  8.81435e+06
731.061	  8.81359e+06
731.348	  8.81283e+06
731.635	  8.81207e+06
731.922	  8.8113e+06
732.209	  8.81053e+06
732.496	  8.80976e+06
732.783	  8.80899e+06
733.07	  8.80821e+06
733.357	  8.80743e+06
733.644	  8.80664e+06
733.931	  8.80585e+06
734.218	  8.80506e+06
734.505	  8.80427e+06
734.792	  8.80347e+06
735.079	  8.80267e+06
735.366	  8.80187e+06
735.653	  8.80106e+06
735.94	  8.80025e+06
736.227	  8.79944e+06
736.514	  8.79862e+06
736.801	  8.7978e+06
737.088	  8.79698e+06
737.375	  8.79616e+06
737.662	  8.79533e+06
737.949	  8.7945e+06
738.236	  8.79367e+06
738.523	  8.79283e+06
738.81	  8.79199e+06
739.097	  8.79115e+06
739.384	  8.7903e+06
739.671	  8.78945e+06
739.958	  8.7886e+06
740.245	  8.78775e+06
740.532	  8.78689e+06
740.819	  8.78603e+06
741.106	  8.78516e+06
741.393	  8.7843e+06
741.68	  8.78343e+06
741.967	  8.78256e+06
742.254	  8.78168e+06
742.541	  8.7808e+06
742.828	  8.77992e+06
743.115	  8.77904e+06
743.402	  8.77815e+06
743.689	  8.77726e+06
743.976	  8.77637e+06
744.263	  8.77547e+06
744.55	  8.77457e+06
744.837	  8.77367e+06
745.124	  8.77277e+06
745.411	  8.77186e+06
745.698	  8.77095e+06
745.985	  8.77003e+06
746.272	  8.76912e+06
746.559	  8.7682e+06
746.846	  8.76728e+06
747.133	  8.76635e+06
747.42	  8.76543e+06
747.707	  8.7645e+06
747.994	  8.76356e+06
748.281	  8.76263e+06
748.568	  8.76169e+06
748.855	  8.76075e+06
749.142	  8.7598e+06
749.429	  8.75885e+06
749.716	  8.7579e+06
750.003	  8.75695e+06
750.29	  8.756e+06
750.577	  8.75504e+06
750.864	  8.75408e+06
751.151	  8.75311e+06
751.438	  8.75214e+06
751.725	  8.75117e+06
752.012	  8.7502e+06
752.299	  8.74923e+06
752.586	  8.74825e+06
752.873	  8.74727e+06
753.16	  8.74629e+06
753.447	  8.7453e+06
753.734	  8.74431e+06
754.021	  8.74332e+06
754.308	  8.74232e+06
754.595	  8.74133e+06
754.882	  8.74033e+06
755.169	  8.73933e+06
755.456	  8.73832e+06
755.743	  8.73731e+06
756.03	  8.7363e+06
756.317	  8.73529e+06
756.604	  8.73427e+06
756.891	  8.73325e+06
757.178	  8.73223e+06
757.465	  8.73121e+06
757.752	  8.73018e+06
758.039	  8.72915e+06
758.326	  8.72812e+06
758.613	  8.72709e+06
758.9	  8.72605e+06
759.187	  8.72501e+06
759.474	  8.72397e+06
759.761	  8.72292e+06
760.048	  8.72187e+06
760.335	  8.72082e+06
760.622	  8.71977e+06
760.909	  8.71871e+06
761.196	  8.71765e+06
761.483	  8.71659e+06
761.77	  8.71553e+06
762.057	  8.71446e+06
762.344	  8.71339e+06
762.631	  8.71232e+06
762.918	  8.71125e+06
763.205	  8.71017e+06
763.492	  8.70909e+06
763.779	  8.70801e+06
764.066	  8.70693e+06
764.353	  8.70584e+06
764.64	  8.70475e+06
764.927	  8.70366e+06
765.214	  8.70257e+06
765.501	  8.70147e+06
765.788	  8.70037e+06
766.075	  8.69927e+06
766.362	  8.69816e+06
766.649	  8.69706e+06
766.936	  8.69595e+06
767.223	  8.69483e+06
767.51	  8.69372e+06
767.797	  8.6926e+06
768.084	  8.69148e+06
768.371	  8.69036e+06
768.658	  8.68924e+06
768.945	  8.68811e+06
769.232	  8.68698e+06
769.519	  8.68585e+06
769.806	  8.68471e+06
770.093	  8.68358e+06
770.38	  8.68244e+06
770.667	  8.68129e+06
770.954	  8.68015e+06
771.241	  8.679e+06
771.528	  8.67785e+06
771.815	  8.6767e+06
772.102	  8.67555e+06
772.389	  8.67439e+06
772.676	  8.67323e+06
772.963	  8.67207e+06
773.25	  8.67091e+06
773.537	  8.66974e+06
773.824	  8.66857e+06
774.111	  8.6674e+06
774.398	  8.66623e+06
774.685	  8.66505e+06
774.972	  8.66387e+06
775.259	  8.66269e+06
775.546	  8.66151e+06
775.833	  8.66032e+06
776.12	  8.65914e+06
776.407	  8.65795e+06
776.694	  8.65675e+06
776.981	  8.65556e+06
777.268	  8.65436e+06
777.555	  8.65316e+06
777.842	  8.65196e+06
778.129	  8.65076e+06
778.416	  8.64955e+06
778.703	  8.64834e+06
778.99	  8.64713e+06
779.277	  8.64592e+06
779.564	  8.6447e+06
779.851	  8.64348e+06
780.138	  8.64226e+06
780.425	  8.64104e+06
780.712	  8.63981e+06
780.999	  8.63859e+06
781.286	  8.63736e+06
781.573	  8.63612e+06
781.86	  8.63489e+06
782.147	  8.63365e+06
782.434	  8.63241e+06
782.721	  8.63117e+06
783.008	  8.62993e+06
783.295	  8.62868e+06
783.582	  8.62744e+06
783.869	  8.62619e+06
784.156	  8.62493e+06
784.443	  8.62368e+06
784.73	  8.62242e+06
785.017	  8.62116e+06
785.304	  8.6199e+06
785.591	  8.61864e+06
785.878	  8.61737e+06
786.165	  8.61611e+06
786.452	  8.61484e+06
786.739	  8.61356e+06
787.026	  8.61229e+06
787.313	  8.61101e+06
787.6	  8.60973e+06
787.887	  8.60845e+06
788.174	  8.60717e+06
788.461	  8.60588e+06
788.748	  8.60459e+06
789.035	  8.6033e+06
789.322	  8.60201e+06
789.609	  8.60072e+06
789.896	  8.59942e+06
790.183	  8.59812e+06
790.47	  8.59682e+06
790.757	  8.59552e+06
791.044	  8.59421e+06
791.331	  8.59291e+06
791.618	  8.5916e+06
791.905	  8.59029e+06
792.192	  8.58897e+06
792.479	  8.58766e+06
792.766	  8.58634e+06
793.053	  8.58502e+06
793.34	  8.5837e+06
793.627	  8.58237e+06
793.914	  8.58105e+06
794.201	  8.57972e+06
794.488	  8.57839e+06
794.775	  8.57706e+06
795.062	  8.57572e+06
795.349	  8.57438e+06
795.636	  8.57305e+06
795.923	  8.5717e+06
796.21	  8.57036e+06
796.497	  8.56902e+06
796.784	  8.56767e+06
797.071	  8.56632e+06
797.358	  8.56497e+06
797.645	  8.56362e+06
797.932	  8.56226e+06
798.219	  8.5609e+06
798.506	  8.55954e+06
798.793	  8.55818e+06
799.08	  8.55682e+06
799.367	  8.55545e+06
799.654	  8.55409e+06
799.941	  8.55272e+06
800.228	  8.55135e+06
800.515	  8.54997e+06
800.802	  8.5486e+06
801.089	  8.54722e+06
801.376	  8.54584e+06
801.663	  8.54446e+06
801.95	  8.54307e+06
802.237	  8.54169e+06
802.524	  8.5403e+06
802.811	  8.53891e+06
803.098	  8.53752e+06
803.385	  8.53613e+06
803.672	  8.53473e+06
803.959	  8.53333e+06
804.246	  8.53193e+06
804.533	  8.53053e+06
804.82	  8.52913e+06
805.107	  8.52772e+06
805.394	  8.52632e+06
805.681	  8.52491e+06
805.968	  8.5235e+06
806.255	  8.52208e+06
806.542	  8.52067e+06
806.829	  8.51925e+06
807.116	  8.51783e+06
807.403	  8.51641e+06
807.69	  8.51499e+06
807.977	  8.51357e+06
808.264	  8.51214e+06
808.551	  8.51071e+06
808.838	  8.50928e+06
809.125	  8.50785e+06
809.412	  8.50642e+06
809.699	  8.50498e+06
809.986	  8.50354e+06
810.273	  8.5021e+06
810.56	  8.50066e+06
810.847	  8.49922e+06
811.134	  8.49777e+06
811.421	  8.49632e+06
811.708	  8.49488e+06
811.995	  8.49342e+06
812.282	  8.49197e+06
812.569	  8.49052e+06
812.856	  8.48906e+06
813.143	  8.4876e+06
813.43	  8.48614e+06
813.717	  8.48468e+06
814.004	  8.48322e+06
814.291	  8.48175e+06
814.578	  8.48028e+06
814.865	  8.47882e+06
815.152	  8.47734e+06
815.439	  8.47587e+06
815.726	  8.4744e+06
816.013	  8.47292e+06
816.3	  8.47144e+06
816.587	  8.46996e+06
816.874	  8.46848e+06
817.161	  8.467e+06
817.448	  8.46551e+06
817.735	  8.46403e+06
818.022	  8.46254e+06
818.309	  8.46105e+06
818.596	  8.45955e+06
818.883	  8.45806e+06
819.17	  8.45656e+06
819.457	  8.45507e+06
820.002	  8.45221e+06
820.031	  8.45206e+06
820.059	  8.45191e+06
820.088	  8.45176e+06
820.117	  8.45161e+06
820.146	  8.45146e+06
820.174	  8.45131e+06
820.203	  8.45116e+06
820.232	  8.45101e+06
820.26	  8.45086e+06
820.289	  8.45071e+06
820.318	  8.45056e+06
820.346	  8.45041e+06
820.375	  8.45026e+06
820.404	  8.45011e+06
820.433	  8.44996e+06
820.461	  8.44981e+06
820.49	  8.44966e+06
820.519	  8.44951e+06
820.547	  8.44936e+06
820.576	  8.44921e+06
820.605	  8.44906e+06
820.633	  3.55755e+06
820.662	  3.55744e+06
820.691	  3.55734e+06
820.72	  3.55723e+06
820.748	  3.55713e+06
820.777	  3.55702e+06
820.806	  3.55691e+06
820.834	  3.55681e+06
820.863	  3.5567e+06
820.892	  3.5566e+06
820.92	  3.55649e+06
820.949	  3.55638e+06
820.978	  3.55628e+06
821.007	  3.55617e+06
821.035	  3.55607e+06
821.064	  3.55596e+06
821.093	  3.55585e+06
821.121	  3.55575e+06
821.15	  3.55564e+06
821.179	  3.55554e+06
821.207	  3.55543e+06
821.236	  3.55532e+06
821.265	  3.55522e+06
821.294	  3.55511e+06
821.322	  3.55501e+06
821.351	  3.5549e+06
821.38	  3.55479e+06
821.408	  3.55469e+06
821.437	  3.55458e+06
821.466	  3.55447e+06
821.494	  3.55437e+06
821.523	  3.55426e+06
821.552	  3.55416e+06
821.581	  3.55405e+06
821.609	  3.55394e+06
821.638	  3.55384e+06
821.667	  3.55373e+06
821.695	  3.55363e+06
821.724	  3.55352e+06
821.753	  3.55341e+06
821.781	  3.55331e+06
821.81	  3.5532e+06
821.839	  3.5531e+06
821.868	  3.55299e+06
821.896	  3.55288e+06
821.925	  3.55278e+06
821.954	  3.55267e+06
821.982	  3.55257e+06
822.011	  3.55246e+06
822.011	  3.55246e+06
822.298	  3.5514e+06
822.585	  3.55034e+06
822.872	  3.54928e+06
823.159	  3.54822e+06
823.446	  3.54716e+06
823.733	  3.5461e+06
824.02	  3.54504e+06
824.307	  3.54397e+06
824.594	  3.54291e+06
824.881	  3.54185e+06
825.168	  3.54079e+06
825.455	  3.53973e+06
825.742	  3.53867e+06
826.029	  3.53761e+06
826.316	  3.53655e+06
826.603	  3.53549e+06
826.89	  3.53443e+06
827.177	  3.53336e+06
827.464	  3.5323e+06
827.751	  3.53124e+06
828.038	  3.53018e+06
828.325	  3.52912e+06
828.612	  3.52806e+06
828.899	  3.527e+06
829.186	  3.52594e+06
829.473	  3.52487e+06
829.76	  3.52381e+06
830.047	  3.52275e+06
830.334	  3.52169e+06
830.621	  3.52063e+06
830.908	  3.51957e+06
831.195	  3.51851e+06
831.482	  3.51745e+06
831.769	  3.51638e+06
832.056	  3.51532e+06
832.343	  3.51426e+06
832.63	  3.5132e+06
832.917	  3.51214e+06
833.204	  3.51108e+06
833.491	  3.51002e+06
833.778	  3.50896e+06
834.065	  3.50789e+06
834.352	  3.50683e+06
834.639	  3.50577e+06
834.926	  3.50471e+06
835.213	  3.50365e+06
835.5	  3.50259e+06
835.787	  3.50153e+06
836.074	  3.50047e+06
836.361	  3.4994e+06
836.648	  3.49834e+06
836.935	  3.49728e+06
837.222	  3.49622e+06
837.509	  3.49516e+06
837.796	  3.4941e+06
838.083	  3.49304e+06
838.37	  3.49198e+06
838.657	  3.49092e+06
838.944	  3.48985e+06
839.231	  3.48879e+06
839.518	  3.48773e+06
839.805	  3.48667e+06
840.092	  3.48561e+06
840.379	  3.48455e+06
840.666	  3.48349e+06
840.953	  3.48243e+06
841.24	  3.48137e+06
841.527	  3.48031e+06
841.814	  3.47925e+06
842.101	  3.47818e+06
842.388	  3.47712e+06
842.675	  3.47606e+06
842.962	  3.475e+06
843.249	  3.47394e+06
843.536	  3.47288e+06
843.823	  3.47182e+06
844.11	  3.47076e+06
844.397	  3.4697e+06
844.684	  3.46864e+06
844.971	  3.46758e+06
845.258	  3.46652e+06
845.545	  3.46546e+06
845.832	  3.4644e+06
846.119	  3.46334e+06
846.406	  3.46228e+06
846.693	  3.46122e+06
846.98	  3.46016e+06
847.267	  3.4591e+06
847.554	  3.45804e+06
847.841	  3.45698e+06
848.128	  3.45592e+06
848.415	  3.45486e+06
848.702	  3.4538e+06
848.989	  3.45274e+06
849.276	  3.45168e+06
849.563	  3.45062e+06
849.85	  3.44956e+06
850.137	  3.4485e+06
850.424	  3.44744e+06
850.711	  3.44638e+06
850.998	  3.44532e+06
851.285	  3.44426e+06
851.572	  3.4432e+06
851.859	  3.44215e+06
852.146	  3.44109e+06
852.433	  3.44003e+06
852.72	  3.43897e+06
853.007	  3.43791e+06
853.294	  3.43685e+06
853.581	  3.43579e+06
853.868	  3.43473e+06
854.155	  3.43368e+06
854.442	  3.43262e+06
854.729	  3.43156e+06
855.016	  3.4305e+06
855.303	  3.42944e+06
855.59	  3.42838e+06
855.877	  3.42733e+06
856.164	  3.42627e+06
856.451	  3.42521e+06
856.738	  3.42415e+06
857.025	  3.42309e+06
857.312	  3.42204e+06
857.599	  3.42098e+06
857.886	  3.41992e+06
858.173	  3.41886e+06
858.46	  3.41781e+06
858.747	  3.41675e+06
859.034	  3.41569e+06
859.321	  3.41464e+06
859.608	  3.41358e+06
859.895	  3.41252e+06
860.182	  3.41147e+06
860.469	  3.41041e+06
860.756	  3.40935e+06
861.043	  3.4083e+06
861.33	  3.40724e+06
861.617	  3.40618e+06
861.904	  3.40513e+06
862.191	  3.40407e+06
862.478	  3.40301e+06
862.765	  3.40196e+06
863.052	  3.4009e+06
863.339	  3.39985e+06
863.626	  3.39879e+06
863.913	  3.39774e+06
864.2	  3.39668e+06
864.487	  3.39562e+06
864.774	  3.39457e+06
865.061	  3.39351e+06
865.348	  3.39246e+06
865.635	  3.3914e+06
865.922	  3.39035e+06
866.209	  3.38929e+06
866.496	  3.38824e+06
866.783	  3.38719e+06
867.07	  3.38613e+06
867.357	  3.38508e+06
867.644	  3.38402e+06
867.931	  3.38297e+06
868.218	  3.38191e+06
868.505	  3.38086e+06
868.792	  3.37981e+06
869.079	  3.37875e+06
869.366	  3.3777e+06
869.653	  3.37665e+06
869.94	  3.37559e+06
870.227	  3.37454e+06
870.514	  3.37349e+06
870.801	  3.37243e+06
871.088	  3.37138e+06
871.375	  3.37033e+06
871.662	  3.36928e+06
871.949	  3.36822e+06
872.236	  3.36717e+06
872.523	  3.36612e+06
872.81	  3.36507e+06
873.097	  3.36402e+06
873.384	  3.36296e+06
873.671	  3.36191e+06
873.958	  3.36086e+06
874.245	  3.35981e+06
874.532	  3.35876e+06
874.819	  3.35771e+06
875.106	  3.35666e+06
875.393	  3.3556e+06
875.68	  3.35455e+06
875.967	  3.3535e+06
876.254	  3.35245e+06
876.541	  3.3514e+06
876.828	  3.35035e+06
877.115	  3.3493e+06
877.402	  3.34825e+06
877.689	  3.3472e+06
877.976	  3.34615e+06
878.263	  3.3451e+06
878.55	  3.34405e+06
878.837	  3.343e+06
879.124	  3.34196e+06
879.411	  3.34091e+06
879.698	  3.33986e+06
879.985	  3.33881e+06
880.272	  3.33776e+06
880.559	  3.33671e+06
880.846	  3.33566e+06
881.133	  3.33462e+06
881.42	  3.33357e+06
881.707	  3.33252e+06
881.994	  3.33147e+06
882.281	  3.33042e+06
882.568	  3.32938e+06
882.855	  3.32833e+06
883.142	  3.32728e+06
883.429	  3.32624e+06
883.716	  3.32519e+06
884.003	  3.32414e+06
884.29	  3.3231e+06
884.577	  3.32205e+06
884.864	  3.321e+06
885.151	  3.31996e+06
885.438	  3.31891e+06
885.725	  3.31787e+06
886.012	  3.31682e+06
886.299	  3.31577e+06
886.586	  3.31473e+06
886.873	  3.31368e+06
887.16	  3.31264e+06
887.447	  3.31159e+06
887.734	  3.31055e+06
888.021	  3.3095e+06
888.308	  3.30846e+06
888.595	  3.30742e+06
888.882	  3.30637e+06
889.169	  3.30533e+06
889.456	  3.30428e+06
889.743	  3.30324e+06
890.03	  3.3022e+06
890.317	  3.30115e+06
890.604	  3.30011e+06
890.891	  3.29907e+06
891.178	  3.29803e+06
891.465	  3.29698e+06
891.752	  3.29594e+06
892.039	  3.2949e+06
892.326	  3.29386e+06
892.613	  3.29282e+06
892.9	  3.29177e+06
893.187	  3.29073e+06
893.474	  3.28969e+06
893.761	  3.28865e+06
894.048	  3.28761e+06
894.335	  3.28657e+06
894.622	  3.28553e+06
894.909	  3.28449e+06
895.196	  3.28345e+06
895.483	  3.28241e+06
895.77	  3.28137e+06
896.057	  3.28033e+06
896.344	  3.27929e+06
896.631	  3.27825e+06
896.918	  3.27721e+06
897.205	  3.27617e+06
897.492	  3.27513e+06
897.779	  3.27409e+06
898.066	  3.27305e+06
898.353	  3.27202e+06
898.64	  3.27098e+06
898.927	  3.26994e+06
899.214	  3.2689e+06
899.501	  3.26786e+06
899.788	  3.26683e+06
900.075	  3.26579e+06
900.362	  3.26475e+06
900.649	  3.26372e+06
900.936	  3.26268e+06
901.223	  3.26164e+06
901.51	  3.26061e+06
901.797	  3.25957e+06
902.084	  3.25853e+06
902.371	  3.2575e+06
902.658	  3.25646e+06
902.945	  3.25543e+06
903.232	  3.25439e+06
903.519	  3.25336e+06
903.806	  3.25232e+06
904.093	  3.25129e+06
904.38	  3.25025e+06
904.667	  3.24922e+06
904.954	  3.24819e+06
905.241	  3.24715e+06
905.528	  3.24612e+06
905.815	  3.24508e+06
906.102	  3.24405e+06
906.389	  3.24302e+06
906.676	  3.24199e+06
906.963	  3.24095e+06
907.25	  3.23992e+06
907.537	  3.23889e+06
907.824	  3.23786e+06
908.111	  3.23682e+06
908.398	  3.23579e+06
908.685	  3.23476e+06
908.972	  3.23373e+06
909.259	  3.2327e+06
909.546	  3.23167e+06
909.833	  3.23064e+06
910.12	  3.22961e+06
910.407	  3.22858e+06
910.694	  3.22755e+06
910.981	  3.22652e+06
911.268	  3.22549e+06
911.555	  3.22446e+06
911.842	  3.22343e+06
912.129	  3.2224e+06
912.416	  3.22137e+06
912.703	  3.22034e+06
912.99	  3.21931e+06
913.277	  3.21829e+06
913.564	  3.21726e+06
913.851	  3.21623e+06
914.138	  3.2152e+06
914.425	  3.21418e+06
914.712	  3.21315e+06
914.999	  3.21212e+06
915.286	  3.2111e+06
915.573	  3.21007e+06
915.86	  3.20904e+06
916.147	  3.20802e+06
916.434	  3.20699e+06
916.721	  3.20597e+06
917.008	  3.20494e+06
917.295	  3.20392e+06
917.582	  3.20289e+06
917.869	  3.20187e+06
918.156	  3.20084e+06
918.443	  3.19982e+06
918.73	  3.19879e+06
919.017	  3.19777e+06
919.304	  3.19675e+06
919.591	  3.19572e+06
919.878	  3.1947e+06
920.165	  3.19368e+06
920.452	  3.19265e+06
920.739	  3.19163e+06
921.026	  3.19061e+06
921.313	  3.18959e+06
921.6	  3.18856e+06
921.887	  3.18754e+06
922.174	  3.18652e+06
922.461	  3.1855e+06
922.748	  3.18448e+06
923.035	  3.18346e+06
923.322	  3.18244e+06
923.609	  3.18142e+06
923.896	  3.1804e+06
924.183	  3.17938e+06
924.47	  3.17836e+06
924.757	  3.17734e+06
925.044	  3.17632e+06
925.331	  3.1753e+06
925.618	  3.17428e+06
925.905	  3.17326e+06
926.192	  3.17225e+06
926.479	  3.17123e+06
926.766	  3.17021e+06
927.053	  3.16919e+06
927.34	  3.16817e+06
927.627	  3.16716e+06
927.914	  3.16614e+06
928.201	  3.16512e+06
928.488	  3.16411e+06
928.775	  3.16309e+06
929.062	  3.16208e+06
929.349	  3.16106e+06
929.636	  3.16004e+06
929.923	  3.15903e+06
930.21	  3.15801e+06
930.497	  3.157e+06
930.784	  3.15598e+06
931.071	  3.15497e+06
931.358	  3.15396e+06
931.645	  3.15294e+06
931.932	  3.15193e+06
932.219	  3.15092e+06
932.506	  3.1499e+06
932.793	  3.14889e+06
933.08	  3.14788e+06
933.367	  3.14686e+06
933.654	  3.14585e+06
933.941	  3.14484e+06
934.228	  3.14383e+06
934.515	  3.14282e+06
934.802	  3.14181e+06
935.089	  3.1408e+06
935.376	  3.13978e+06
935.663	  3.13877e+06
935.95	  3.13776e+06
936.237	  3.13675e+06
936.524	  3.13574e+06
936.811	  3.13474e+06
937.098	  3.13373e+06
937.385	  3.13272e+06
937.672	  3.13171e+06
937.959	  3.1307e+06
938.246	  3.12969e+06
938.533	  3.12868e+06
938.82	  3.12768e+06
939.107	  3.12667e+06
939.394	  3.12566e+06
939.681	  3.12465e+06
939.968	  3.12365e+06
940.255	  3.12264e+06
940.542	  3.12163e+06
940.829	  3.12063e+06
941.116	  3.11962e+06
941.403	  3.11862e+06
941.69	  3.11761e+06
941.977	  3.11661e+06
942.264	  3.1156e+06
942.551	  3.1146e+06
942.838	  3.11359e+06
943.125	  3.11259e+06
943.412	  3.11159e+06
943.699	  3.11058e+06
943.986	  3.10958e+06
944.273	  3.10858e+06
944.56	  3.10757e+06
944.847	  3.10657e+06
945.134	  3.10557e+06
945.421	  3.10457e+06
945.708	  3.10356e+06
945.995	  3.10256e+06
946.282	  3.10156e+06
946.569	  3.10056e+06
946.856	  3.09956e+06
947.143	  3.09856e+06
947.43	  3.09756e+06
947.717	  3.09656e+06
948.004	  3.09556e+06
948.291	  3.09456e+06
948.578	  3.09356e+06
948.865	  3.09256e+06
949.152	  3.09156e+06
949.439	  3.09056e+06
949.726	  3.08957e+06
950.013	  3.08857e+06
950.3	  3.08757e+06
950.587	  3.08657e+06
950.874	  3.08558e+06
951.161	  3.08458e+06
951.448	  3.08358e+06
951.735	  3.08259e+06
952.022	  3.08159e+06
952.309	  3.0806e+06
952.596	  3.0796e+06
952.883	  3.0786e+06
953.17	  3.07761e+06
953.457	  3.07661e+06
953.744	  3.07562e+06
954.031	  3.07463e+06
954.318	  3.07363e+06
954.605	  3.07264e+06
954.892	  3.07164e+06
955.179	  3.07065e+06
955.466	  3.06966e+06
955.753	  3.06867e+06
956.04	  3.06767e+06
956.327	  3.06668e+06
956.614	  3.06569e+06
956.901	  3.0647e+06
957.188	  3.06371e+06
957.475	  3.06272e+06
957.762	  3.06173e+06
958.049	  3.06073e+06
958.336	  3.05974e+06
958.623	  3.05875e+06
958.91	  3.05776e+06
959.197	  3.05678e+06
959.484	  3.05579e+06
959.771	  3.0548e+06
960.058	  3.05381e+06
960.345	  3.05282e+06
960.632	  3.05183e+06
960.919	  3.05084e+06
961.206	  3.04986e+06
961.493	  3.04887e+06
961.78	  3.04788e+06
962.067	  3.0469e+06
962.354	  3.04591e+06
962.641	  3.04492e+06
962.928	  3.04394e+06
963.215	  3.04295e+06
963.502	  3.04197e+06
963.789	  3.04098e+06
964.076	  3.04e+06
964.363	  3.03901e+06
964.65	  3.03803e+06
964.937	  3.03704e+06
965.224	  3.03606e+06
965.511	  3.03508e+06
965.798	  3.03409e+06
966.085	  3.03311e+06
966.372	  3.03213e+06
966.659	  3.03115e+06
966.946	  3.03016e+06
967.233	  3.02918e+06
967.52	  3.0282e+06
967.807	  3.02722e+06
968.094	  3.02624e+06
968.381	  3.02526e+06
968.668	  3.02428e+06
968.955	  3.0233e+06
969.242	  3.02232e+06
969.529	  3.02134e+06
969.816	  3.02036e+06
970.103	  3.01938e+06
970.39	  3.0184e+06
970.677	  3.01742e+06
970.964	  3.01644e+06
971.251	  3.01547e+06
971.538	  3.01449e+06
971.825	  3.01351e+06
972.112	  3.01254e+06
972.399	  3.01156e+06
972.686	  3.01058e+06
972.973	  3.00961e+06
973.26	  3.00863e+06
973.547	  3.00765e+06
973.834	  3.00668e+06
974.121	  3.0057e+06
974.408	  3.00473e+06
974.695	  3.00375e+06
974.982	  3.00278e+06
975.269	  3.00181e+06
975.556	  3.00083e+06
975.843	  2.99986e+06
976.13	  2.99889e+06
976.417	  2.99791e+06
976.704	  2.99694e+06
976.991	  2.99597e+06
977.278	  2.995e+06
977.565	  2.99403e+06
977.852	  2.99305e+06
978.139	  2.99208e+06
978.426	  2.99111e+06
978.713	  2.99014e+06
979	  2.98917e+06
979.287	  2.9882e+06
979.574	  2.98723e+06
979.861	  2.98626e+06
980.148	  2.98529e+06
980.435	  2.98432e+06
980.722	  2.98336e+06
981.009	  2.98239e+06
981.296	  2.98142e+06
981.583	  2.98045e+06
981.87	  2.97949e+06
982.157	  2.97852e+06
982.444	  2.97755e+06
982.731	  2.97658e+06
983.018	  2.97562e+06
983.305	  2.97465e+06
983.592	  2.97369e+06
983.879	  2.97272e+06
984.166	  2.97176e+06
984.453	  2.97079e+06
984.74	  2.96983e+06
985.027	  2.96886e+06
985.314	  2.9679e+06
985.601	  2.96694e+06
985.888	  2.96597e+06
986.175	  2.96501e+06
986.462	  2.96405e+06
986.749	  2.96308e+06
987.036	  2.96212e+06
987.323	  2.96116e+06
987.61	  2.9602e+06
987.897	  2.95924e+06
988.184	  2.95828e+06
988.471	  2.95732e+06
988.758	  2.95636e+06
989.045	  2.9554e+06
989.332	  2.95444e+06
989.619	  2.95348e+06
989.906	  2.95252e+06
990.193	  2.95156e+06
990.48	  2.9506e+06
990.767	  2.94964e+06
991.054	  2.94868e+06
991.341	  2.94773e+06
991.628	  2.94677e+06
991.915	  2.94581e+06
992.202	  2.94485e+06
992.489	  2.9439e+06
992.776	  2.94294e+06
993.063	  2.94199e+06
993.35	  2.94103e+06
993.637	  2.94007e+06
993.924	  2.93912e+06
994.211	  2.93816e+06
994.498	  2.93721e+06
994.785	  2.93626e+06
995.072	  2.9353e+06
995.359	  2.93435e+06
995.646	  2.9334e+06
995.933	  2.93244e+06
996.22	  2.93149e+06
996.507	  2.93054e+06
996.794	  2.92959e+06
997.081	  2.92863e+06
997.368	  2.92768e+06
997.655	  2.92673e+06
997.942	  2.92578e+06
998.229	  2.92483e+06
998.516	  2.92388e+06
998.803	  2.92293e+06
999.09	  2.92198e+06
999.377	  2.92103e+06
999.664	  2.92008e+06
999.951	  2.91913e+06
1000.24	  2.91818e+06
1000.52	  2.91724e+06
1000.81	  2.91629e+06
1001.1	  2.91534e+06
1001.39	  2.91439e+06
1001.67	  2.91345e+06
1001.96	  2.9125e+06
1002.25	  2.91155e+06
1002.53	  2.91061e+06
1002.82	  2.90966e+06
1003.11	  2.90872e+06
1003.39	  2.90777e+06
1003.68	  2.90683e+06
1003.97	  2.90588e+06
1004.26	  2.90494e+06
1004.54	  2.90399e+06
1004.83	  2.90305e+06
1005.12	  2.90211e+06
1005.4	  2.90116e+06
1005.69	  2.90022e+06
1005.98	  2.89928e+06
1006.26	  2.89833e+06
1006.55	  2.89739e+06
1006.84	  2.89645e+06
1007.13	  2.89551e+06
1007.41	  2.89457e+06
1007.7	  2.89363e+06
1007.99	  2.89269e+06
1008.27	  2.89175e+06
1008.56	  2.89081e+06
1008.85	  2.88987e+06
1009.13	  2.88893e+06
1009.42	  2.88799e+06
1009.71	  2.88705e+06
1010	  2.88611e+06
1010.28	  2.88518e+06
1010.57	  2.88424e+06
1010.86	  2.8833e+06
1011.14	  2.88236e+06
1011.43	  2.88143e+06
1011.72	  2.88049e+06
1012	  2.87956e+06
1012.29	  2.87862e+06
1012.58	  2.87768e+06
1012.87	  2.87675e+06
1013.15	  2.87581e+06
1013.44	  2.87488e+06
1013.73	  2.87395e+06
1014.01	  2.87301e+06
1014.3	  2.87208e+06
1014.59	  2.87114e+06
1014.88	  2.87021e+06
1015.16	  2.86928e+06
1015.45	  2.86835e+06
1015.74	  2.86741e+06
1016.02	  2.86648e+06
1016.31	  2.86555e+06
1016.6	  2.86462e+06
1016.88	  2.86369e+06
1017.17	  2.86276e+06
1017.46	  2.86183e+06
1017.75	  2.8609e+06
1018.03	  2.85997e+06
1018.32	  2.85904e+06
1018.61	  2.85811e+06
1018.89	  2.85718e+06
1019.18	  2.85625e+06
1019.47	  2.85532e+06
1019.98	  2.85368e+06
1021.08	  2.85013e+06
1022.17	  2.84658e+06
1023.27	  2.84304e+06
1024.38	  2.8395e+06
1025.47	  2.83597e+06
1026.58	  2.83244e+06
1027.67	  2.82891e+06
1028.78	  2.82539e+06
1029.88	  2.82188e+06
1030.97	  2.81837e+06
1032.08	  2.81486e+06
1033.17	  2.81136e+06
1034.28	  2.80786e+06
1035.38	  2.80437e+06
1036.47	  2.80088e+06
1037.58	  2.79739e+06
1038.67	  2.79392e+06
1039.78	  2.79044e+06
1040.88	  2.78697e+06
1041.97	  2.78351e+06
1043.08	  2.78005e+06
1044.17	  2.77659e+06
1045.28	  2.77314e+06
1046.38	  2.76969e+06
1047.47	  2.76625e+06
1048.58	  2.76281e+06
1049.67	  2.75938e+06
1050.78	  2.75595e+06
1051.88	  2.75253e+06
1052.97	  2.74911e+06
1054.08	  2.7457e+06
1055.17	  2.74229e+06
1056.28	  2.73888e+06
1057.38	  2.73548e+06
1058.47	  2.73209e+06
1059.58	  2.7287e+06
1060.67	  2.72531e+06
1061.78	  2.72193e+06
1062.88	  2.71855e+06
1063.97	  2.71518e+06
1065.08	  2.71181e+06
1066.17	  2.70845e+06
1067.28	  2.70509e+06
1068.38	  2.70174e+06
1069.47	  2.69839e+06
1070.58	  2.69505e+06
1071.67	  2.69171e+06
1072.78	  2.68837e+06
1073.88	  2.68504e+06
1074.97	  2.68172e+06
1076.08	  2.6784e+06
1077.17	  2.67508e+06
1078.28	  2.67177e+06
1079.38	  2.66846e+06
1080.47	  2.66516e+06
1081.58	  2.66186e+06
1082.67	  2.65857e+06
1083.78	  2.65528e+06
1084.88	  2.652e+06
1085.97	  2.64872e+06
1087.08	  2.64545e+06
1088.17	  2.64218e+06
1089.28	  2.63892e+06
1090.38	  2.63566e+06
1091.47	  2.6324e+06
1092.58	  2.62915e+06
1093.67	  2.62591e+06
1094.78	  2.62267e+06
1095.88	  2.61943e+06
1096.97	  2.6162e+06
1098.08	  2.61297e+06
1099.17	  2.60975e+06
1100.28	  2.60653e+06
1101.38	  2.60332e+06
1102.47	  2.60011e+06
1103.58	  2.59691e+06
1104.67	  2.59371e+06
1105.78	  2.59051e+06
1106.88	  2.58732e+06
1107.97	  2.58414e+06
1109.08	  2.58096e+06
1110.17	  2.57778e+06
1111.28	  2.57461e+06
1112.38	  2.57145e+06
1113.47	  2.56829e+06
1114.58	  2.56513e+06
1115.67	  2.56198e+06
1116.78	  2.55883e+06
1117.88	  2.55569e+06
1118.97	  2.55255e+06
1120.08	  2.54941e+06
1121.17	  2.54629e+06
1122.28	  2.54316e+06
1123.38	  2.54004e+06
1124.47	  2.53693e+06
1125.58	  2.53382e+06
1126.67	  2.53071e+06
1127.78	  2.52761e+06
1128.88	  2.52451e+06
1129.97	  2.52142e+06
1131.08	  2.51833e+06
1132.17	  2.51525e+06
1133.28	  2.51217e+06
1134.38	  2.5091e+06
1135.47	  2.50603e+06
1136.58	  2.50297e+06
1137.67	  2.49991e+06
1138.78	  2.49685e+06
1139.88	  2.4938e+06
1140.97	  2.49076e+06
1142.08	  2.48771e+06
1143.17	  2.48468e+06
1144.28	  2.48165e+06
1145.38	  2.47862e+06
1146.47	  2.4756e+06
1147.58	  2.47258e+06
1148.67	  2.46956e+06
1149.78	  2.46655e+06
1150.88	  2.46355e+06
1151.97	  2.46055e+06
1153.08	  2.45755e+06
1154.17	  2.45456e+06
1155.28	  2.45158e+06
1156.38	  2.44859e+06
1157.47	  2.44562e+06
1158.58	  2.44264e+06
1159.67	  2.43968e+06
1160.78	  2.43671e+06
1161.88	  2.43375e+06
1162.97	  2.4308e+06
1164.08	  2.42785e+06
1165.17	  2.4249e+06
1166.28	  2.42196e+06
1167.38	  2.41903e+06
1168.47	  2.41609e+06
1169.58	  2.41317e+06
1170.67	  2.41024e+06
1171.78	  2.40732e+06
1172.88	  2.40441e+06
1173.97	  2.4015e+06
1175.08	  2.39859e+06
1176.17	  2.39569e+06
1177.28	  2.3928e+06
1178.38	  2.38991e+06
1179.47	  2.38702e+06
1180.58	  2.38414e+06
1181.67	  2.38126e+06
1182.78	  2.37838e+06
1183.88	  2.37551e+06
1184.97	  2.37265e+06
1186.08	  2.36979e+06
1187.17	  2.36693e+06
1188.28	  2.36408e+06
1189.38	  2.36123e+06
1190.47	  2.35839e+06
1191.58	  2.35555e+06
1192.67	  2.35272e+06
1193.78	  2.34989e+06
1194.88	  2.34706e+06
1195.97	  2.34424e+06
1197.08	  2.34142e+06
1198.17	  2.33861e+06
1199.28	  2.3358e+06
1200.38	  2.333e+06
1201.47	  2.3302e+06
1202.58	  2.32741e+06
1203.67	  2.32462e+06
1204.78	  2.32183e+06
1205.88	  2.31905e+06
1206.97	  2.31627e+06
1208.08	  2.3135e+06
1209.17	  2.31073e+06
1210.28	  2.30796e+06
1211.38	  2.3052e+06
1212.47	  2.30245e+06
1213.58	  2.2997e+06
1214.67	  2.29695e+06
1215.78	  2.29421e+06
1216.88	  2.29147e+06
1217.97	  2.28873e+06
1219.08	  2.286e+06
1220.17	  2.28328e+06
1221.28	  2.28056e+06
1222.38	  2.27784e+06
1223.47	  2.27513e+06
1224.58	  2.27242e+06
1225.67	  2.26971e+06
1226.78	  2.26701e+06
1227.88	  2.26432e+06
1228.97	  2.26163e+06
1230.08	  2.25894e+06
1231.17	  2.25626e+06
1232.28	  2.25358e+06
1233.38	  2.2509e+06
1234.47	  2.24823e+06
1235.58	  2.24557e+06
1236.67	  2.2429e+06
1237.78	  2.24025e+06
1238.88	  2.23759e+06
1239.97	  2.23494e+06
1241.08	  2.2323e+06
1242.17	  2.22966e+06
1243.28	  2.22702e+06
1244.38	  2.22439e+06
1245.47	  2.22176e+06
1246.58	  2.21913e+06
1247.67	  2.21651e+06
1248.78	  2.21389e+06
1249.88	  2.21128e+06
1250.97	  2.20867e+06
1252.08	  2.20607e+06
1253.17	  2.20347e+06
1254.28	  2.20088e+06
1255.38	  2.19828e+06
1256.47	  2.1957e+06
1257.58	  2.19311e+06
1258.67	  2.19053e+06
1259.78	  2.18796e+06
1260.88	  2.18539e+06
1261.97	  2.18282e+06
1263.08	  2.18026e+06
1264.17	  2.1777e+06
1265.28	  2.17514e+06
1266.38	  2.17259e+06
1267.47	  2.17004e+06
1268.58	  2.1675e+06
1269.67	  2.16496e+06
1270.78	  2.16243e+06
1271.88	  2.1599e+06
1272.97	  2.15737e+06
1274.08	  2.15485e+06
1275.17	  2.15233e+06
1276.28	  2.14981e+06
1277.38	  2.1473e+06
1278.47	  2.1448e+06
1279.58	  2.14229e+06
1280.67	  2.1398e+06
1281.78	  2.1373e+06
1282.88	  2.13481e+06
1283.97	  2.13232e+06
1285.08	  2.12984e+06
1286.17	  2.12736e+06
1287.28	  2.12489e+06
1288.38	  2.12241e+06
1289.47	  2.11995e+06
1290.58	  2.11748e+06
1291.67	  2.11502e+06
1292.78	  2.11257e+06
1293.88	  2.11012e+06
1294.97	  2.10767e+06
1296.08	  2.10523e+06
1297.17	  2.10279e+06
1298.28	  2.10035e+06
1299.38	  2.09792e+06
1300.47	  2.09549e+06
1301.58	  2.09306e+06
1302.67	  2.09064e+06
1303.78	  2.08823e+06
1304.88	  2.08581e+06
1305.97	  2.08341e+06
1307.08	  2.081e+06
1308.17	  2.0786e+06
1309.28	  2.0762e+06
1310.38	  2.07381e+06
1311.47	  2.07142e+06
1312.58	  2.06903e+06
1313.67	  2.06665e+06
1314.78	  2.06427e+06
1315.88	  2.0619e+06
1316.97	  2.05952e+06
1318.08	  2.05716e+06
1319.17	  2.05479e+06
1320.28	  2.05243e+06
1321.38	  2.05008e+06
1322.47	  2.04773e+06
1323.58	  2.04538e+06
1324.67	  2.04303e+06
1325.78	  2.04069e+06
1326.88	  2.03836e+06
1327.97	  2.03602e+06
1329.08	  2.03369e+06
1330.17	  2.03137e+06
1331.28	  2.02904e+06
1332.38	  2.02672e+06
1333.47	  2.02441e+06
1334.58	  2.0221e+06
1335.67	  2.01979e+06
1336.78	  2.01749e+06
1337.88	  2.01519e+06
1338.97	  2.01289e+06
1340.08	  2.0106e+06
1341.17	  2.00831e+06
1342.28	  2.00602e+06
1343.38	  2.00374e+06
1344.47	  2.00146e+06
1345.58	  1.99919e+06
1346.67	  1.99692e+06
1347.78	  1.99465e+06
1348.88	  1.99239e+06
1349.97	  1.99013e+06
1351.08	  1.98787e+06
1352.17	  1.98562e+06
1353.28	  1.98337e+06
1354.38	  1.98112e+06
1355.47	  1.97888e+06
1356.58	  1.97664e+06
1357.67	  1.97441e+06
1358.78	  1.97217e+06
1359.88	  1.96995e+06
1360.97	  1.96772e+06
1362.08	  1.9655e+06
1363.17	  1.96328e+06
1364.28	  1.96107e+06
1365.38	  1.95886e+06
1366.47	  1.95665e+06
1367.58	  1.95445e+06
1368.67	  1.95225e+06
1369.78	  1.95005e+06
1370.88	  1.94786e+06
1371.97	  1.94567e+06
1373.08	  1.94349e+06
1374.17	  1.9413e+06
1375.28	  1.93913e+06
1376.38	  1.93695e+06
1377.47	  1.93478e+06
1378.58	  1.93261e+06
1379.67	  1.93045e+06
1380.78	  1.92828e+06
1381.88	  1.92613e+06
1382.97	  1.92397e+06
1384.08	  1.92182e+06
1385.17	  1.91967e+06
1386.28	  1.91753e+06
1387.38	  1.91539e+06
1388.47	  1.91325e+06
1389.58	  1.91112e+06
1390.67	  1.90899e+06
1391.78	  1.90686e+06
1392.88	  1.90474e+06
1393.97	  1.90261e+06
1395.08	  1.9005e+06
1396.17	  1.89838e+06
1397.28	  1.89627e+06
1398.38	  1.89417e+06
1399.47	  1.89206e+06
1400.58	  1.88996e+06
1401.67	  1.88787e+06
1402.78	  1.88577e+06
1403.88	  1.88368e+06
1404.97	  1.8816e+06
1406.08	  1.87951e+06
1407.17	  1.87743e+06
1408.28	  1.87536e+06
1409.38	  1.87328e+06
1410.47	  1.87121e+06
1411.58	  1.86915e+06
1412.67	  1.86708e+06
1413.78	  1.86502e+06
1414.88	  1.86297e+06
1415.97	  1.86091e+06
1417.08	  1.85886e+06
1418.17	  1.85681e+06
1419.28	  1.85477e+06
1420.38	  1.85273e+06
1421.47	  1.85069e+06
1422.58	  1.84866e+06
1423.67	  1.84663e+06
1424.78	  1.8446e+06
1425.88	  1.84258e+06
1426.97	  1.84056e+06
1428.08	  1.83854e+06
1429.17	  1.83652e+06
1430.28	  1.83451e+06
1431.38	  1.8325e+06
1432.47	  1.8305e+06
1433.58	  1.8285e+06
1434.67	  1.8265e+06
1435.78	  1.8245e+06
1436.88	  1.82251e+06
1437.97	  1.82052e+06
1439.08	  1.81854e+06
1440.17	  1.81655e+06
1441.28	  1.81457e+06
1442.38	  1.8126e+06
1443.47	  1.81062e+06
1444.58	  1.80865e+06
1445.67	  1.80669e+06
1446.78	  1.80472e+06
1447.88	  1.80276e+06
1448.97	  1.80081e+06
1450.08	  1.79885e+06
1451.17	  1.7969e+06
1452.28	  1.79495e+06
1453.38	  1.79301e+06
1454.47	  1.79107e+06
1455.58	  1.78913e+06
1456.67	  1.78719e+06
1457.78	  1.78526e+06
1458.88	  1.15489e+06
1459.97	  1.15359e+06
1461.08	  1.1523e+06
1462.17	  1.15101e+06
1463.28	  1.14972e+06
1464.38	  1.14843e+06
1465.47	  1.14715e+06
1466.58	  1.14587e+06
1467.67	  1.14459e+06
1468.78	  1.14332e+06
1469.88	  1.14205e+06
1470.97	  1.14078e+06
1472.08	  1.13951e+06
1473.17	  1.13825e+06
1474.28	  1.13699e+06
1475.38	  1.13573e+06
1476.47	  1.13448e+06
1477.58	  1.13323e+06
1478.67	  1.13198e+06
1479.78	  1.13073e+06
1480.88	  1.12949e+06
1481.97	  1.12825e+06
1483.08	  1.12701e+06
1484.17	  1.12578e+06
1485.28	  1.12455e+06
1486.38	  1.12332e+06
1487.47	  1.1221e+06
1488.58	  1.12087e+06
1489.67	  1.11965e+06
1490.78	  1.11844e+06
1491.88	  1.11722e+06
1492.97	  1.11601e+06
1494.08	  1.1148e+06
1495.17	  1.11359e+06
1496.28	  1.11239e+06
1497.38	  1.11119e+06
1498.47	  1.10999e+06
1499.58	  1.1088e+06
1500.67	  1.10761e+06
1501.78	  1.10642e+06
1502.88	  1.10523e+06
1503.97	  1.10405e+06
1505.08	  1.10287e+06
1506.17	  1.10169e+06
1507.28	  1.10051e+06
1508.38	  1.09934e+06
1509.47	  1.09817e+06
1510.58	  1.097e+06
1511.67	  1.09584e+06
1512.78	  1.09467e+06
1513.88	  1.09352e+06
1514.97	  1.09236e+06
1516.08	  1.09121e+06
1517.17	  1.09005e+06
1518.28	  1.08891e+06
1519.38	  1.08776e+06
1520.47	  1.08662e+06
1521.58	  1.08548e+06
1522.67	  1.08434e+06
1523.78	  1.0832e+06
1524.88	  1.08207e+06
1525.97	  1.08094e+06
1527.08	  1.07982e+06
1528.17	  1.07869e+06
1529.28	  1.07757e+06
1530.38	  1.07645e+06
1531.47	  1.07533e+06
1532.58	  1.07422e+06
1533.67	  1.07311e+06
1534.78	  1.072e+06
1535.88	  1.0709e+06
1536.97	  1.06979e+06
1538.08	  1.06869e+06
1539.17	  1.0676e+06
1540.28	  1.0665e+06
1541.38	  1.06541e+06
1542.47	  1.06432e+06
1543.58	  1.06323e+06
1544.67	  1.06215e+06
1545.78	  1.06107e+06
1546.88	  1.05999e+06
1547.97	  1.05891e+06
1549.08	  1.05784e+06
1550.17	  1.05676e+06
1551.28	  1.0557e+06
1552.38	  1.05463e+06
1553.47	  1.05357e+06
1554.58	  1.05251e+06
1555.67	  1.05145e+06
1556.78	  1.05039e+06
1557.88	  1.04934e+06
1558.97	  1.04829e+06
1560.08	  1.04724e+06
1561.17	  1.0462e+06
1562.28	  1.04515e+06
1563.38	  1.04411e+06
1564.47	  1.04308e+06
1565.58	  1.04204e+06
1566.67	  1.04101e+06
1567.78	  1.03998e+06
1568.88	  1.03896e+06
1569.97	  1.03793e+06
1571.08	  1.03691e+06
1572.17	  1.03589e+06
1573.28	  1.03488e+06
1574.38	  1.03386e+06
1575.47	  1.03285e+06
1576.58	  1.03184e+06
1577.67	  1.03084e+06
1578.78	  1.02983e+06
1579.88	  1.02883e+06
1580.97	  1.02784e+06
1582.08	  1.02684e+06
1583.17	  1.02585e+06
1584.28	  1.02486e+06
1585.38	  1.02387e+06
1586.47	  1.02289e+06
1587.58	  1.02191e+06
1588.67	  1.02093e+06
1589.78	  1.01995e+06
1590.88	  1.01898e+06
1591.97	  1.01801e+06
1593.08	  1.01704e+06
1594.17	  1.01608e+06
1595.28	  1.01511e+06
1596.38	  1.01415e+06
1597.47	  1.0132e+06
1598.58	  1.01224e+06
1599.67	  1.01129e+06
1600.78	  1.01034e+06
1601.88	  1.00939e+06
1602.97	  1.00845e+06
1604.08	  1.00751e+06
1605.17	  1.00657e+06
1606.28	  1.00564e+06
1607.38	  1.00471e+06
1608.47	  1.00378e+06
1609.58	  1.00285e+06
1610.67	  1.00193e+06
1611.78	  1.00101e+06
1612.88	  1.00009e+06
1613.97	  999178
1615.08	  998267
1616.17	  997359
1617.28	  996454
1618.38	  995552
1619.47	  994653
1620.58	  993758
1621.67	  992865
1622.78	  991976
1623.88	  991091
1624.97	  990209
1626.08	  989330
1627.17	  988455
1628.28	  987583
1629.38	  986715
1630.47	  985851
1631.58	  984991
1632.67	  984136
1633.78	  983284
1634.88	  982437
1635.97	  981594
1637.08	  980757
1638.17	  979925
1639.28	  979100
1640.38	  978281
1641.47	  977472
1642.58	  976679
1643.67	  975889
1644.78	  975100
1645.88	  974311
1646.97	  973523
1648.08	  972735
1649.17	  971948
1650.28	  971161
1651.38	  970375
1652.47	  969589
1653.58	  968803
1654.67	  968018
1655.78	  967234
1656.88	  966449
1657.97	  965666
1659.08	  964882
1660.17	  964100
1661.28	  963317
1662.38	  962536
1663.47	  961754
1664.58	  960973
1665.67	  960193
1666.78	  959413
1667.88	  958633
1668.97	  957854
1670.08	  957076
1671.17	  956298
1672.28	  955520
1673.38	  954743
1674.47	  953966
1675.58	  953190
1676.67	  952414
1677.78	  951639
1678.88	  950864
1679.97	  950090
1681.08	  949316
1682.17	  948542
1683.28	  947769
1684.38	  946997
1685.47	  946225
1686.58	  945453
1687.67	  944682
1688.78	  943912
1689.88	  943142
1690.97	  942372
1692.08	  941603
1693.17	  940834
1694.28	  940066
1695.38	  939298
1696.47	  938531
1697.58	  937764
1698.67	  936998
1699.78	  936232
1700.88	  935467
1701.97	  934702
1703.08	  933937
1704.17	  933174
1705.28	  932410
1706.38	  931647
1707.47	  930885
1708.58	  930123
1709.67	  929361
1710.78	  928600
1711.88	  927840
1712.97	  927080
1714.08	  926320
1715.17	  925561
1716.28	  924803
1717.38	  924044
1718.47	  923287
1719.58	  922530
1720.67	  921773
1721.78	  921017
1722.88	  920261
1723.97	  919506
1725.08	  918751
1726.17	  917997
1727.28	  917243
1728.38	  916490
1729.47	  915737
1730.58	  914985
1731.67	  914233
1732.78	  913482
1733.88	  912731
1734.97	  911981
1736.08	  911231
1737.17	  910482
1738.28	  909733
1739.38	  908985
1740.47	  908237
1741.58	  907490
1742.67	  906743
1743.78	  905996
1744.88	  905250
1745.97	  904505
1747.08	  903760
1748.17	  903016
1749.28	  902272
1750.38	  901528
1751.47	  900786
1752.58	  900043
1753.67	  899301
1754.78	  898560
1755.88	  897819
1756.97	  897078
1758.08	  896338
1759.17	  895599
1760.28	  894860
1761.38	  894122
1762.47	  893384
1763.58	  892646
1764.67	  891909
1765.78	  891173
1766.88	  890437
1767.97	  889701
1769.08	  888966
1770.17	  888232
1771.28	  887498
1772.38	  886764
1773.47	  886031
1774.58	  885299
1775.67	  884567
1776.78	  883835
1777.88	  883104
1778.97	  882374
1780.08	  881644
1781.17	  880914
1782.28	  880185
1783.38	  879457
1784.47	  878729
1785.58	  878001
1786.67	  877274
1787.78	  876548
1788.88	  875822
1789.97	  875097
1791.08	  874372
1792.17	  873647
1793.28	  872923
1794.38	  872200
1795.47	  871477
1796.58	  870754
1797.67	  870032
1798.78	  869311
1799.88	  868590
1800.97	  867869
1802.08	  867149
1803.17	  866430
1804.28	  865711
1805.38	  864992
1806.47	  864274
1807.58	  863557
1808.67	  862840
1809.78	  862124
1810.88	  861408
1811.97	  860692
1813.08	  859977
1814.17	  859263
1815.28	  858549
1816.38	  857835
1817.47	  857122
1818.58	  856410
1819.67	  855698
1820.78	  854987
1821.88	  854276
1822.97	  853565
1824.08	  852855
1825.17	  852146
1826.28	  851437
1827.38	  850729
1828.47	  850021
1829.58	  849314
1830.67	  848607
1831.78	  847900
1832.88	  847194
1833.97	  846489
1835.08	  845784
1836.17	  845080
1837.28	  844376
1838.38	  843673
1839.47	  842970
1840.58	  842267
1841.67	  841566
1842.78	  840864
1843.88	  840164
1844.97	  839463
1846.08	  838763
1847.17	  838064
1848.28	  837365
1849.38	  836667
1850.47	  835969
1851.58	  835272
1852.67	  834575
1853.78	  833879
1854.88	  833183
1855.97	  832488
1857.08	  831793
1858.17	  831099
1859.28	  830405
1860.38	  829712
1861.47	  829019
1862.58	  828327
1863.67	  827635
1864.78	  826944
1865.88	  826253
1866.97	  825563
1868.08	  824873
1869.17	  824184
1870.28	  823495
1871.38	  822807
1872.47	  822120
1873.58	  821432
1874.67	  820746
1875.78	  820060
1876.88	  819374
1877.97	  818689
1879.08	  818004
1880.17	  817320
1881.28	  816636
1882.38	  815953
1883.47	  815271
1884.58	  814588
1885.67	  813907
1886.78	  813226
1887.88	  812545
1888.97	  811865
1890.08	  811185
1891.17	  810506
1892.28	  809828
1893.38	  809150
1894.47	  808472
1895.58	  807795
1896.67	  807118
1897.78	  806442
1898.88	  805767
1899.97	  805092
1901.08	  804417
1902.17	  803743
1903.28	  803070
1904.38	  802397
1905.47	  801724
1906.58	  801052
1907.67	  800380
1908.78	  799709
1909.88	  799039
1910.97	  798369
1912.08	  797699
1913.17	  797030
1914.28	  796362
1915.38	  795694
1916.47	  795026
1917.58	  794359
1918.67	  793693
1919.78	  793027
1920.88	  792361
1921.97	  791696
1923.08	  791032
1924.17	  790368
1925.28	  789704
1926.38	  789041
1927.47	  788379
1928.58	  787717
1929.67	  787055
1930.78	  786395
1931.88	  785734
1932.97	  785074
1934.08	  784415
1935.17	  783756
1936.28	  783097
1937.38	  782439
1938.47	  781782
1939.58	  781125
1940.67	  780468
1941.78	  779812
1942.88	  779157
1943.97	  778502
1945.08	  777848
1946.17	  777194
1947.28	  776540
1948.38	  775887
1949.47	  775235
1950.58	  774583
1951.67	  773931
1952.78	  773280
1953.88	  772630
1954.97	  771980
1956.08	  771330
1957.17	  770682
1958.28	  770033
1959.38	  769385
1960.47	  768738
1961.58	  768091
1962.67	  767444
1963.78	  766798
1964.88	  766153
1965.97	  765508
1967.08	  764863
1968.17	  764219
1969.28	  763576
1970.38	  762933
1971.47	  762290
1972.58	  761648
1973.67	  761007
1974.78	  760366
1975.88	  759725
1976.97	  759085
1978.08	  758446
1979.17	  757807
1980.28	  757168
1981.38	  756530
1982.47	  755893
1983.58	  755256
1984.67	  754619
1985.78	  753983
1986.88	  753348
1987.97	  752713
1989.08	  752078
1990.17	  751444
1991.28	  750811
1992.38	  750178
1993.47	  749545
1994.58	  748913
1995.67	  748281
1996.78	  747650
1997.88	  747020
1998.97	  746390
2000.08	  745760
2001.17	  745131
2002.28	  744502
2003.38	  743874
2004.47	  743246
2005.58	  742619
2006.67	  741993
2007.78	  741366
2008.88	  740741
2009.97	  740116
2011.08	  739491
2012.17	  738867
2013.28	  738243
2014.38	  737620
2015.47	  736997
2016.58	  736375
2017.67	  735753
2018.78	  735132
2019.88	  734511
2020.97	  733891
2022.08	  733271
2023.18	  732652
2024.28	  732033
2025.38	  731415
2026.47	  730797
2027.58	  730179
2028.68	  729563
2029.78	  728946
2030.88	  728330
2031.97	  727715
2033.08	  727100
2034.18	  726486
2035.28	  725872
2036.38	  725258
2037.47	  724645
2038.58	  724033
2039.68	  723421
2040.78	  722809
2041.88	  722198
2042.97	  721588
2044.08	  720978
2045.18	  720368
2046.28	  719759
2047.38	  719151
2048.47	  718542
2049.57	  717935
2050.68	  717328
2051.78	  716721
2052.88	  716115
2053.97	  715509
2055.07	  714904
2056.18	  714299
2057.28	  713695
2058.38	  713091
2059.47	  712488
2060.57	  711885
2061.68	  711283
2062.78	  710681
2063.88	  710080
2064.97	  709479
2066.07	  708879
2067.18	  708279
2068.28	  707679
2069.38	  707080
2070.47	  706482
2071.57	  705884
2072.68	  705286
2073.78	  704689
2074.88	  704093
2075.97	  703497
2077.07	  702901
2078.18	  702306
2079.28	  701712
2080.38	  701117
2081.47	  700524
2082.57	  699931
2083.68	  699338
2084.78	  698746
2085.88	  698154
2086.97	  697563
2088.07	  696972
2089.18	  696381
2090.28	  695792
2091.38	  695202
2092.47	  694613
2093.57	  694025
2094.68	  693437
2095.78	  692850
2096.88	  692263
2097.97	  691676
2099.07	  691090
2100.18	  690504
2101.28	  689919
2102.38	  689335
2103.47	  688751
2104.57	  688167
2105.68	  687584
2106.78	  687001
2107.88	  686419
2108.97	  685837
2110.07	  685255
2111.18	  684675
2112.28	  684094
2113.38	  683514
2114.47	  682935
2115.57	  682356
2116.68	  681777
2117.78	  681199
2118.88	  680622
2119.97	  680045
2121.07	  679468
2122.18	  678892
2123.28	  678316
2124.38	  677741
2125.47	  677166
2126.57	  676592
2127.68	  676018
2128.78	  675445
2129.88	  674872
2130.97	  674300
2132.07	  673728
2133.18	  673156
2134.28	  672585
2135.38	  672015
2136.47	  671445
2137.57	  670875
2138.68	  670306
2139.78	  669737
2140.88	  669169
2141.97	  668601
2143.07	  668034
2144.18	  667467
2145.28	  666901
2146.38	  666335
2147.47	  665769
2148.57	  665204
2149.68	  664640
2150.78	  664076
2151.88	  663512
2152.97	  662949
2154.07	  662387
2155.18	  661824
2156.28	  661263
2157.38	  660701
2158.47	  660141
2159.57	  659580
2160.68	  659020
2161.78	  658461
2162.88	  657902
2163.97	  657343
2165.07	  656785
2166.18	  656228
2167.28	  655671
2168.38	  655114
2169.47	  654558
2170.57	  654002
2171.68	  653446
2172.78	  652892
2173.88	  652337
2174.97	  651783
2176.07	  651230
2177.18	  650677
2178.28	  650124
2179.38	  649572
2180.47	  649020
2181.57	  648469
2182.68	  647918
2183.78	  647368
2184.88	  646818
2185.97	  646269
2187.07	  645720
2188.18	  645171
2189.28	  644623
2190.38	  644076
2191.47	  643529
2192.57	  642982
2193.68	  642436
2194.78	  641890
2195.88	  641345
2196.97	  640800
2198.07	  640255
2199.18	  639711
2200.28	  639168
2201.38	  638625
2202.47	  638082
2203.57	  637540
2204.68	  636998
2205.78	  636457
2206.88	  635916
2207.97	  635376
2209.07	  634836
2210.18	  634296
2211.28	  633757
2212.38	  633219
2213.47	  632681
2214.57	  632143
2215.68	  631606
2216.78	  631069
2217.88	  630533
2218.97	  629997
2220.07	  629461
2221.18	  628926
2222.28	  628392
2223.38	  627858
2224.47	  627324
2225.57	  626791
2226.68	  626258
2227.78	  625725
2228.88	  625194
2229.97	  624662
2231.07	  624131
2232.18	  623600
2233.28	  623070
2234.38	  622541
2235.47	  622011
2236.57	  621482
2237.68	  620954
2238.78	  620426
2239.88	  619899
2240.97	  619372
2242.07	  618845
2243.18	  618319
2244.28	  617793
2245.38	  617268
2246.47	  616743
2247.57	  616218
2248.68	  615694
2249.78	  615171
2250.88	  614648
2251.97	  614125
2253.07	  613603
2254.18	  613081
2255.28	  612560
2256.38	  612039
2257.47	  611518
2258.57	  610998
2259.68	  610478
2260.78	  609959
2261.88	  609441
2262.97	  608922
2264.07	  608404
2265.18	  607887
2266.28	  607370
2267.38	  606853
2268.47	  606337
2269.57	  605821
2270.68	  605306
2271.78	  604791
2272.88	  604277
2273.97	  603763
2275.07	  603249
2276.18	  602736
2277.28	  602223
2278.38	  601711
2279.47	  601199
2280.57	  491988
2281.68	  491598
2282.78	  491208
2283.88	  490818
2284.97	  490429
2286.07	  490040
2287.18	  489651
2288.28	  489263
2289.38	  488875
2290.47	  488487
2291.57	  488100
2292.68	  487713
2293.78	  487326
2294.88	  486939
2295.97	  486553
2297.07	  486167
2298.18	  485782
2299.28	  485397
2300.38	  485012
2301.47	  484627
2302.57	  484243
2303.68	  483859
2304.78	  483475
2305.88	  483092
2306.97	  482709
2308.07	  482326
2309.18	  481944
2310.28	  481562
2311.38	  481180
2312.47	  480798
2313.57	  480417
2314.68	  480036
2315.78	  479656
2316.88	  479275
2317.97	  478895
2319.07	  478516
2320.18	  478136
2321.28	  477757
2322.38	  477379
2323.47	  477000
2324.57	  476622
2325.68	  476244
2326.78	  475867
2327.88	  475490
2328.97	  475113
2330.07	  474736
2331.18	  474360
2332.28	  473984
2333.38	  473608
2334.47	  473233
2335.57	  472858
2336.68	  472483
2337.78	  472109
2338.88	  471734
2339.97	  471361
2341.07	  470987
2342.18	  470614
2343.28	  470241
2344.38	  469868
2345.47	  469496
2346.57	  469124
2347.68	  468752
2348.78	  468381
2349.88	  468009
2350.97	  467639
2352.07	  467268
2353.18	  466898
2354.28	  466528
2355.38	  466158
2356.47	  465789
2357.57	  465420
2358.68	  465051
2359.78	  464683
2360.88	  464315
2361.97	  463947
2363.07	  463579
2364.18	  463212
2365.28	  462845
2366.38	  462479
2367.47	  462112
2368.57	  461746
2369.68	  461380
2370.78	  461015
2371.88	  460650
2372.97	  460285
2374.07	  459920
2375.18	  459556
2376.28	  459192
2377.38	  458829
2378.47	  458465
2379.57	  458102
2380.68	  457739
2381.78	  457377
2382.88	  457015
2383.97	  456653
2385.07	  456291
2386.18	  455930
2387.28	  455569
2388.38	  455208
2389.47	  454848
2390.57	  454488
2391.68	  454128
2392.78	  453768
2393.88	  453409
2394.97	  453050
2396.07	  452691
2397.18	  452333
2398.28	  451975
2399.38	  451617
2400.47	  451260
2401.57	  450902
2402.68	  450545
2403.78	  450189
2404.88	  449832
2405.97	  449476
2407.07	  449121
2408.18	  448765
2409.28	  448410
2410.38	  448055
2411.47	  447700
2412.57	  447346
2413.68	  446992
2414.78	  446638
2415.88	  446285
2416.97	  445932
2418.07	  445579
2419.18	  445226
2420.28	  444874
2421.38	  444522
2422.47	  444170
2423.57	  443819
2424.68	  443468
2425.78	  443117
2426.88	  442766
2427.97	  442416
2429.07	  442066
2430.18	  441716
2431.28	  441367
2432.38	  441018
2433.47	  440669
2434.57	  440320
2435.68	  439972
2436.78	  439624
2437.88	  439276
2438.97	  438929
2440.07	  438581
2441.18	  438234
2442.28	  437888
2443.38	  437542
2444.47	  437196
2445.57	  436850
2446.68	  436504
2447.78	  436159
2448.88	  435814
2449.97	  435470
2451.07	  435125
2452.18	  434781
2453.28	  434437
2454.38	  434094
2455.47	  433751
2456.57	  433408
2457.68	  433065
2458.78	  432723
2459.88	  432381
2460.97	  432039
2462.07	  431697
2463.18	  431356
2464.28	  431015
2465.38	  430674
2466.47	  430334
2467.57	  429994
2468.68	  429654
2469.78	  429314
2470.88	  428975
2471.97	  428636
2473.07	  428297
2474.18	  427958
2475.28	  427620
2476.38	  427282
2477.47	  426945
