Emission arising from a slab of Hydrogen (both H and H-).
   
Parameters of the slab:
n_e = 1e+15 cm-3
T_e = 7500 K
tau(lambda=300 nm) = 0.3
L = 75183.5 cm
   
Wavelength (nm), Emission (erg s-1 cm-2 nm-1 sr-1)
50	  0.00837031
91.2	  134.414
120	  11729
150	  1.0039e+06
175	  3.53307e+06
200	  8.88747e+06
225	  1.67568e+07
250	  2.66246e+07
270	  3.5235e+07
290	  4.38523e+07
300	  4.80022e+07
305	  5.00136e+07
310	  5.19749e+07
315	  5.3881e+07
320	  5.57273e+07
322.5	  5.66267e+07
325	  5.75097e+07
327	  5.8204e+07
329	  5.88872e+07
329.999	  5.92243e+07
330.266	  5.9314e+07
330.533	  5.94034e+07
330.8	  5.94926e+07
331.067	  5.95816e+07
331.334	  5.96704e+07
331.601	  5.97591e+07
331.868	  5.98475e+07
332.135	  5.99357e+07
332.402	  6.00237e+07
332.669	  6.01115e+07
332.936	  6.01991e+07
333.203	  6.02865e+07
333.47	  6.03736e+07
333.737	  6.04606e+07
334.004	  6.05474e+07
334.271	  6.06339e+07
334.538	  6.07203e+07
334.805	  6.08064e+07
335.072	  6.08924e+07
335.339	  6.09781e+07
335.606	  6.10636e+07
335.873	  6.11489e+07
336.14	  6.1234e+07
336.407	  6.13189e+07
336.674	  6.14036e+07
336.941	  6.14881e+07
337.208	  6.15723e+07
337.475	  6.16564e+07
337.742	  6.17402e+07
338.009	  6.18239e+07
338.276	  6.19073e+07
338.543	  6.19905e+07
338.81	  6.20735e+07
339.077	  6.21562e+07
339.344	  6.22388e+07
339.611	  6.23211e+07
339.878	  6.24033e+07
340.145	  6.24852e+07
340.412	  6.25669e+07
340.679	  6.26484e+07
340.946	  6.27297e+07
341.213	  6.28107e+07
341.48	  6.28916e+07
341.747	  6.29722e+07
342.014	  6.30526e+07
342.281	  6.31328e+07
342.548	  6.32128e+07
342.815	  6.32926e+07
343.082	  6.33721e+07
343.349	  6.34514e+07
343.616	  6.35306e+07
343.883	  6.36094e+07
344.15	  6.36881e+07
344.417	  6.37666e+07
344.684	  6.38448e+07
344.951	  6.39228e+07
345.218	  6.40006e+07
345.485	  6.40782e+07
345.752	  6.41556e+07
346.019	  6.42327e+07
346.286	  6.43096e+07
346.553	  6.43863e+07
346.82	  6.44628e+07
347.087	  6.45391e+07
347.354	  6.46151e+07
347.621	  6.4691e+07
347.888	  6.47666e+07
348.155	  6.48419e+07
348.422	  6.49171e+07
348.689	  6.4992e+07
348.956	  6.50667e+07
349.223	  6.51412e+07
349.49	  6.52155e+07
349.757	  6.52895e+07
350.024	  6.53634e+07
350.291	  6.5437e+07
350.558	  6.55104e+07
350.825	  6.55835e+07
351.092	  6.56564e+07
351.359	  6.57292e+07
351.626	  6.58016e+07
351.893	  6.58739e+07
352.16	  6.59459e+07
352.427	  6.60178e+07
352.694	  6.60894e+07
352.961	  6.61607e+07
353.228	  6.62319e+07
353.495	  6.63028e+07
353.762	  6.63735e+07
354.029	  6.64439e+07
354.296	  6.65142e+07
354.563	  6.65842e+07
354.83	  6.6654e+07
355.097	  6.67236e+07
355.364	  6.67929e+07
355.631	  6.6862e+07
355.898	  6.69309e+07
356.165	  6.69996e+07
356.432	  6.70681e+07
356.699	  6.71363e+07
356.966	  6.72043e+07
357.233	  6.7272e+07
357.5	  6.73396e+07
357.767	  6.74069e+07
358.034	  6.7474e+07
358.301	  6.75408e+07
358.568	  6.76075e+07
358.835	  6.76739e+07
359.102	  6.77401e+07
359.369	  6.7806e+07
359.636	  6.78718e+07
359.903	  6.79373e+07
360.17	  6.80026e+07
360.437	  6.80676e+07
360.704	  6.81324e+07
360.971	  6.8197e+07
361.238	  6.82614e+07
361.505	  6.83256e+07
361.772	  6.83895e+07
362.039	  6.84532e+07
362.306	  6.85166e+07
362.573	  6.85799e+07
363	  6.86806e+07
363.027	  6.86869e+07
363.054	  6.86931e+07
363.08	  6.86994e+07
363.107	  6.87057e+07
363.134	  6.8712e+07
363.16	  6.87182e+07
363.187	  6.87245e+07
363.214	  6.87307e+07
363.24	  6.8737e+07
363.267	  6.87432e+07
363.294	  6.87495e+07
363.321	  6.87558e+07
363.347	  6.8762e+07
363.374	  6.87682e+07
363.401	  6.87745e+07
363.427	  6.87807e+07
363.454	  6.8787e+07
363.481	  6.87932e+07
363.508	  6.87994e+07
363.534	  6.88057e+07
363.561	  6.88119e+07
363.588	  6.88181e+07
363.614	  6.88244e+07
363.641	  6.88306e+07
363.668	  6.88368e+07
363.694	  6.8843e+07
363.721	  6.88492e+07
363.748	  6.88555e+07
363.774	  6.88617e+07
363.801	  6.88679e+07
363.828	  6.88741e+07
363.855	  6.88803e+07
363.881	  6.88865e+07
363.908	  6.88927e+07
363.935	  6.88989e+07
363.961	  6.89051e+07
363.988	  6.89113e+07
364.015	  6.89175e+07
364.041	  6.89237e+07
364.068	  6.89298e+07
364.095	  6.8936e+07
364.122	  6.89422e+07
364.148	  6.89484e+07
364.175	  6.89546e+07
364.202	  6.89607e+07
364.228	  6.89669e+07
364.255	  6.89731e+07
364.282	  6.89793e+07
364.308	  6.89854e+07
364.335	  6.89916e+07
364.362	  6.89977e+07
364.389	  6.90039e+07
364.415	  6.90101e+07
364.442	  6.90162e+07
364.469	  6.90224e+07
364.495	  6.90285e+07
364.522	  6.90389e+07
364.549	  6.9045e+07
364.575	  6.90512e+07
364.602	  6.90573e+07
364.629	  6.90634e+07
364.656	  6.90696e+07
364.682	  6.90757e+07
364.709	  6.90818e+07
364.736	  5.104e+07
364.762	  5.10442e+07
364.789	  5.10483e+07
364.816	  5.10525e+07
364.842	  5.10566e+07
364.869	  5.10608e+07
364.896	  5.10649e+07
364.923	  5.10691e+07
364.949	  5.10732e+07
364.976	  5.10774e+07
365.003	  5.10815e+07
365.029	  5.10857e+07
365.056	  5.10898e+07
365.083	  5.1094e+07
365.11	  5.10981e+07
365.136	  5.11023e+07
365.163	  5.11064e+07
365.19	  5.11105e+07
365.216	  5.11147e+07
365.243	  5.11188e+07
365.27	  5.11229e+07
365.296	  5.11271e+07
365.323	  5.11312e+07
365.35	  5.11353e+07
365.377	  5.11395e+07
365.403	  5.11436e+07
365.43	  5.11477e+07
365.457	  5.11518e+07
365.483	  5.1156e+07
365.51	  5.11601e+07
365.537	  5.11642e+07
365.563	  5.11683e+07
365.59	  5.11724e+07
365.617	  5.11765e+07
365.643	  5.11806e+07
365.67	  5.11848e+07
365.697	  5.11889e+07
365.724	  5.1193e+07
365.75	  5.11971e+07
365.777	  5.12012e+07
365.804	  5.12053e+07
365.83	  5.12094e+07
365.857	  5.12135e+07
365.884	  5.12176e+07
365.91	  5.12217e+07
365.937	  5.12258e+07
365.964	  5.12299e+07
365.991	  5.12339e+07
365.991	  5.12339e+07
366.258	  5.12748e+07
366.525	  5.13154e+07
366.792	  5.13559e+07
367.059	  5.13963e+07
367.326	  5.14365e+07
367.593	  5.14765e+07
367.86	  5.15164e+07
368.127	  5.15561e+07
368.394	  5.15957e+07
368.661	  5.16351e+07
368.928	  5.16743e+07
369.195	  5.17134e+07
369.462	  5.17524e+07
369.729	  5.17912e+07
369.996	  5.18298e+07
370.263	  5.18683e+07
370.53	  5.19066e+07
370.797	  5.19447e+07
371.064	  5.19827e+07
371.331	  5.20206e+07
371.598	  5.20583e+07
371.865	  5.20958e+07
372.132	  5.21332e+07
372.399	  5.21704e+07
372.666	  5.22075e+07
372.933	  5.22444e+07
373.2	  5.22812e+07
373.467	  5.23178e+07
373.734	  5.23543e+07
374.001	  5.23906e+07
374.268	  5.24267e+07
374.535	  5.24627e+07
374.802	  5.24985e+07
375.069	  5.25342e+07
375.336	  5.25697e+07
375.603	  5.26051e+07
375.87	  5.26403e+07
376.137	  5.26754e+07
376.404	  5.27103e+07
376.671	  5.27451e+07
376.938	  5.27797e+07
377.205	  5.28141e+07
377.472	  5.28484e+07
377.739	  5.28825e+07
378.006	  5.29165e+07
378.273	  5.29504e+07
378.54	  5.29841e+07
378.807	  5.30176e+07
379.074	  5.3051e+07
379.341	  5.30842e+07
379.608	  5.31173e+07
379.875	  5.31502e+07
380.142	  5.31829e+07
380.409	  5.32156e+07
380.676	  5.3248e+07
380.943	  5.32803e+07
381.21	  5.33125e+07
381.477	  5.33445e+07
381.744	  5.33764e+07
382.011	  5.34081e+07
382.278	  5.34396e+07
382.545	  5.3471e+07
382.812	  5.35023e+07
383.079	  5.35334e+07
383.346	  5.35643e+07
383.613	  5.35951e+07
383.88	  5.36258e+07
384.147	  5.36563e+07
384.414	  5.36866e+07
384.681	  5.37168e+07
384.948	  5.37469e+07
385.215	  5.37768e+07
385.482	  5.38065e+07
385.749	  5.38361e+07
386.016	  5.38656e+07
386.283	  5.38949e+07
386.55	  5.3924e+07
386.817	  5.39531e+07
387.084	  5.39819e+07
387.351	  5.40106e+07
387.618	  5.40392e+07
387.885	  5.40676e+07
388.152	  5.40959e+07
388.419	  5.4124e+07
388.686	  5.41519e+07
388.953	  5.41798e+07
389.22	  5.42074e+07
389.487	  5.4235e+07
389.754	  5.42623e+07
390.021	  5.42896e+07
390.288	  5.43166e+07
390.555	  5.43436e+07
390.822	  5.43704e+07
391.089	  5.4397e+07
391.356	  5.44235e+07
391.623	  5.44499e+07
391.89	  5.44761e+07
392.157	  5.45021e+07
392.424	  5.45281e+07
392.691	  5.45538e+07
392.958	  5.45794e+07
393.225	  5.46049e+07
393.492	  5.46303e+07
393.759	  5.46555e+07
394.026	  5.46805e+07
394.293	  5.47054e+07
394.56	  5.47302e+07
394.827	  5.47548e+07
395.094	  5.47793e+07
395.361	  5.48036e+07
395.628	  5.48278e+07
395.895	  5.48518e+07
396.162	  5.48757e+07
396.429	  5.48995e+07
396.696	  5.49231e+07
396.963	  5.49465e+07
397.23	  5.49699e+07
397.497	  5.4993e+07
397.764	  5.50161e+07
398.031	  5.5039e+07
398.298	  5.50617e+07
398.565	  5.50844e+07
398.832	  5.51068e+07
399.099	  5.51292e+07
399.366	  5.51514e+07
399.633	  5.51734e+07
399.9	  5.51953e+07
400.167	  5.52171e+07
400.434	  5.52387e+07
400.701	  5.52602e+07
400.968	  5.52816e+07
401.235	  5.53028e+07
401.502	  5.53239e+07
401.769	  5.53448e+07
402.036	  5.53656e+07
402.303	  5.53863e+07
402.57	  5.54068e+07
402.837	  5.54272e+07
403.104	  5.54474e+07
403.371	  5.54675e+07
403.638	  5.54875e+07
403.905	  5.55073e+07
404.172	  5.5527e+07
404.439	  5.55466e+07
404.706	  5.5566e+07
404.973	  5.55853e+07
405.24	  5.56044e+07
405.507	  5.56234e+07
405.774	  5.56423e+07
406.041	  5.5661e+07
406.308	  5.56796e+07
406.575	  5.56981e+07
406.842	  5.57164e+07
407.109	  5.57346e+07
407.376	  5.57527e+07
407.643	  5.57706e+07
407.91	  5.57884e+07
408.177	  5.58061e+07
408.444	  5.58236e+07
408.711	  5.5841e+07
408.978	  5.58582e+07
409.245	  5.58754e+07
409.512	  5.58924e+07
409.779	  5.59092e+07
410.046	  5.59259e+07
410.313	  5.59425e+07
410.58	  5.5959e+07
410.847	  5.59753e+07
411.114	  5.59915e+07
411.381	  5.60076e+07
411.648	  5.60235e+07
411.915	  5.60393e+07
412.182	  5.6055e+07
412.449	  5.60705e+07
412.716	  5.60859e+07
412.983	  5.61012e+07
413.25	  5.61163e+07
413.517	  5.61313e+07
413.784	  5.61462e+07
414.051	  5.6161e+07
414.318	  5.61756e+07
414.585	  5.61901e+07
414.852	  5.62045e+07
415.119	  5.62187e+07
415.386	  5.62328e+07
415.653	  5.62468e+07
415.92	  5.62607e+07
416.187	  5.62744e+07
416.454	  5.6288e+07
416.721	  5.63015e+07
416.988	  5.63148e+07
417.255	  5.6328e+07
417.522	  5.63411e+07
417.789	  5.63541e+07
418.056	  5.63669e+07
418.323	  5.63796e+07
418.59	  5.63922e+07
418.857	  5.64047e+07
419.124	  5.6417e+07
419.391	  5.64292e+07
419.658	  5.64413e+07
419.925	  5.64533e+07
420.192	  5.64651e+07
420.459	  5.64768e+07
420.726	  5.64884e+07
420.993	  5.64999e+07
421.26	  5.65112e+07
421.527	  5.65224e+07
421.794	  5.65335e+07
422.061	  5.65445e+07
422.328	  5.65553e+07
422.595	  5.65661e+07
422.862	  5.65767e+07
423.129	  5.65871e+07
423.396	  5.65975e+07
423.663	  5.66077e+07
423.93	  5.66179e+07
424.197	  5.66278e+07
424.464	  5.66377e+07
424.731	  5.66475e+07
424.998	  5.66571e+07
425.265	  5.66666e+07
425.532	  5.6676e+07
425.799	  5.66853e+07
426.066	  5.66944e+07
426.333	  5.67035e+07
426.6	  5.67124e+07
426.867	  5.67212e+07
427.134	  5.67299e+07
427.401	  5.67384e+07
427.668	  5.67469e+07
427.935	  5.67552e+07
428.202	  5.67634e+07
428.469	  5.67715e+07
428.736	  5.67794e+07
429.003	  5.67873e+07
429.27	  5.6795e+07
429.537	  5.68026e+07
429.804	  5.68102e+07
430.071	  5.68175e+07
430.338	  5.68248e+07
430.605	  5.6832e+07
430.872	  5.6839e+07
431.139	  5.68459e+07
431.406	  5.68527e+07
431.673	  5.68594e+07
431.94	  5.6866e+07
432.207	  5.68725e+07
432.474	  5.68788e+07
432.741	  5.68851e+07
433.008	  5.68912e+07
433.275	  5.68972e+07
433.542	  5.69031e+07
433.809	  5.69089e+07
434.076	  5.69146e+07
434.343	  5.69201e+07
434.61	  5.69256e+07
434.877	  5.69309e+07
435.144	  5.69361e+07
435.411	  5.69413e+07
435.678	  5.69463e+07
435.945	  5.69512e+07
436.212	  5.69559e+07
436.479	  5.69606e+07
436.746	  5.69652e+07
437.013	  5.69696e+07
437.28	  5.6974e+07
437.547	  5.69782e+07
437.814	  5.69823e+07
438.081	  5.69863e+07
438.348	  5.69902e+07
438.615	  5.6994e+07
438.882	  5.69977e+07
439.149	  5.70013e+07
439.416	  5.70048e+07
439.683	  5.70081e+07
439.95	  5.70114e+07
440.217	  5.70145e+07
440.484	  5.70176e+07
440.751	  5.70205e+07
441.018	  5.70233e+07
441.285	  5.7026e+07
441.552	  5.70287e+07
441.819	  5.70312e+07
442.086	  5.70336e+07
442.353	  5.70359e+07
442.62	  5.70381e+07
442.887	  5.70401e+07
443.154	  5.70421e+07
443.421	  5.7044e+07
443.688	  5.70458e+07
443.955	  5.70475e+07
444.222	  5.7049e+07
444.489	  5.70505e+07
444.756	  5.70518e+07
445.023	  5.70531e+07
445.29	  5.70543e+07
445.557	  5.70553e+07
445.824	  5.70563e+07
446.091	  5.70571e+07
446.358	  5.70579e+07
446.625	  5.70585e+07
446.892	  5.7059e+07
447.159	  5.70595e+07
447.426	  5.70598e+07
447.693	  5.70601e+07
447.96	  5.70602e+07
448.227	  5.70602e+07
448.494	  5.70602e+07
448.761	  5.706e+07
449.028	  5.70598e+07
449.295	  5.70594e+07
449.562	  5.70589e+07
449.829	  5.70584e+07
450.096	  5.70577e+07
450.363	  5.7057e+07
450.63	  5.70561e+07
450.897	  5.70552e+07
451.164	  5.70541e+07
451.431	  5.7053e+07
451.698	  5.70517e+07
451.965	  5.70504e+07
452.232	  5.7049e+07
452.499	  5.70474e+07
452.766	  5.70458e+07
453.033	  5.70441e+07
453.3	  5.70423e+07
453.567	  5.70403e+07
453.834	  5.70383e+07
454.101	  5.70362e+07
454.368	  5.7034e+07
454.635	  5.70317e+07
454.902	  5.70293e+07
455.169	  5.70268e+07
455.436	  5.70243e+07
455.703	  5.70216e+07
455.97	  5.70188e+07
456.237	  5.7016e+07
456.504	  5.7013e+07
456.771	  5.701e+07
457.038	  5.70068e+07
457.305	  5.70036e+07
457.572	  5.70003e+07
457.839	  5.69969e+07
458.106	  5.69934e+07
458.373	  5.69898e+07
458.64	  5.69861e+07
458.907	  5.69823e+07
459.174	  5.69784e+07
459.441	  5.69745e+07
459.708	  5.69704e+07
459.975	  5.69663e+07
460.242	  5.6962e+07
460.509	  5.69577e+07
460.776	  5.69533e+07
461.043	  5.69488e+07
461.31	  5.69442e+07
461.577	  5.69395e+07
461.844	  5.69348e+07
462.111	  5.69299e+07
462.378	  5.6925e+07
462.645	  5.692e+07
462.912	  5.69148e+07
463.179	  5.69096e+07
463.446	  5.69043e+07
463.713	  5.6899e+07
463.98	  5.68935e+07
464.247	  5.6888e+07
464.514	  5.68823e+07
464.781	  5.68766e+07
465.048	  5.68708e+07
465.315	  5.68649e+07
465.582	  5.68589e+07
465.849	  5.68528e+07
466.116	  5.68467e+07
466.383	  5.68405e+07
466.65	  5.68341e+07
466.917	  5.68277e+07
467.184	  5.68212e+07
467.451	  5.68147e+07
467.718	  5.6808e+07
467.985	  5.68013e+07
468.252	  5.67945e+07
468.519	  5.67876e+07
468.786	  5.67806e+07
469.053	  5.67735e+07
469.32	  5.67664e+07
469.587	  5.67591e+07
469.854	  5.67518e+07
470.121	  5.67444e+07
470.388	  5.67369e+07
470.655	  5.67294e+07
470.922	  5.67217e+07
471.189	  5.6714e+07
471.456	  5.67062e+07
471.723	  5.66983e+07
471.99	  5.66904e+07
472.257	  5.66823e+07
472.524	  5.66742e+07
472.791	  5.6666e+07
473.058	  5.66577e+07
473.325	  5.66494e+07
473.592	  5.66409e+07
473.859	  5.66324e+07
474.126	  5.66238e+07
474.393	  5.66152e+07
474.66	  5.66064e+07
474.927	  5.65976e+07
475.194	  5.65887e+07
475.461	  5.65797e+07
475.728	  5.65706e+07
475.995	  5.65615e+07
476.262	  5.65523e+07
476.529	  5.6543e+07
476.796	  5.65336e+07
477.063	  5.65242e+07
477.33	  5.65147e+07
477.597	  5.65051e+07
477.864	  5.64954e+07
478.131	  5.64857e+07
478.398	  5.64759e+07
478.665	  5.6466e+07
478.932	  5.6456e+07
479.199	  5.6446e+07
479.466	  5.64359e+07
479.733	  5.64257e+07
480	  5.64154e+07
480.267	  5.64051e+07
480.534	  5.63947e+07
480.801	  5.63842e+07
481.068	  5.63737e+07
481.335	  5.6363e+07
481.602	  5.63523e+07
481.869	  5.63416e+07
482.136	  5.63307e+07
482.403	  5.63198e+07
482.67	  5.63088e+07
482.937	  5.62978e+07
483.204	  5.62867e+07
483.471	  5.62755e+07
483.738	  5.62642e+07
484.005	  5.62529e+07
484.272	  5.62415e+07
484.539	  5.623e+07
484.806	  5.62184e+07
485.073	  5.62068e+07
485.34	  5.61951e+07
485.607	  5.61834e+07
485.874	  5.61715e+07
486.141	  5.61597e+07
486.408	  5.61477e+07
486.675	  5.61357e+07
486.942	  5.61236e+07
487.209	  5.61114e+07
487.476	  5.60992e+07
487.743	  5.60869e+07
488.01	  5.60745e+07
488.277	  5.60621e+07
488.544	  5.60496e+07
488.811	  5.6037e+07
489.078	  5.60244e+07
489.345	  5.60117e+07
489.612	  5.59989e+07
489.879	  5.59861e+07
490.146	  5.59732e+07
490.413	  5.59602e+07
490.68	  5.59472e+07
490.947	  5.59341e+07
491.214	  5.59209e+07
491.481	  5.59077e+07
491.748	  5.58944e+07
492.015	  5.58811e+07
492.282	  5.58676e+07
492.549	  5.58542e+07
492.816	  5.58406e+07
493.083	  5.5827e+07
493.35	  5.58133e+07
493.617	  5.57996e+07
493.884	  5.57858e+07
494.151	  5.5772e+07
494.418	  5.5758e+07
494.685	  5.57441e+07
494.952	  5.573e+07
495.219	  5.57159e+07
495.486	  5.57017e+07
495.753	  5.56875e+07
496.02	  5.56732e+07
496.287	  5.56589e+07
496.554	  5.56444e+07
496.821	  5.563e+07
497.088	  5.56154e+07
497.355	  5.56008e+07
497.622	  5.55862e+07
497.889	  5.55715e+07
498.156	  5.55567e+07
498.423	  5.55419e+07
498.69	  5.5527e+07
498.957	  5.5512e+07
499.224	  5.5497e+07
499.491	  5.54819e+07
499.758	  5.54668e+07
500.025	  5.54516e+07
500.292	  5.54364e+07
500.559	  5.54211e+07
500.826	  5.54057e+07
501.093	  5.53903e+07
501.36	  5.53748e+07
501.627	  5.53593e+07
501.894	  5.53437e+07
502.161	  5.5328e+07
502.428	  5.53123e+07
502.695	  5.52966e+07
502.962	  5.52807e+07
503.229	  5.52649e+07
503.496	  5.52489e+07
503.763	  5.5233e+07
504.03	  5.52169e+07
504.297	  5.52008e+07
504.564	  5.51847e+07
504.831	  5.51685e+07
505.098	  5.51522e+07
505.365	  5.51359e+07
505.632	  5.51195e+07
505.899	  5.51031e+07
506.166	  5.50866e+07
506.433	  5.50701e+07
506.7	  5.50535e+07
506.967	  5.50369e+07
507.234	  5.50202e+07
507.501	  5.50034e+07
507.768	  5.49866e+07
508.035	  5.49698e+07
508.302	  5.49529e+07
508.569	  5.49359e+07
508.836	  5.49189e+07
509.103	  5.49018e+07
509.37	  5.48847e+07
509.637	  5.48676e+07
509.904	  5.48503e+07
510.171	  5.48331e+07
510.438	  5.48158e+07
510.705	  5.47984e+07
510.972	  5.4781e+07
511.239	  5.47635e+07
511.506	  5.4746e+07
511.773	  5.47284e+07
512.04	  5.47108e+07
512.307	  5.46931e+07
512.574	  5.46754e+07
512.841	  5.46576e+07
513.108	  5.46398e+07
513.375	  5.46219e+07
513.642	  5.4604e+07
513.909	  5.4586e+07
514.176	  5.4568e+07
514.443	  5.455e+07
514.71	  5.45319e+07
514.977	  5.45137e+07
515.244	  5.44955e+07
515.511	  5.44772e+07
515.778	  5.44589e+07
516.045	  5.44406e+07
516.312	  5.44222e+07
516.579	  5.44037e+07
516.846	  5.43852e+07
517.113	  5.43667e+07
517.38	  5.43481e+07
517.647	  5.43295e+07
517.914	  5.43108e+07
518.181	  5.42921e+07
518.448	  5.42733e+07
518.715	  5.42545e+07
518.982	  5.42356e+07
519.249	  5.42167e+07
519.516	  5.41977e+07
519.783	  5.41787e+07
520.05	  5.41597e+07
520.317	  5.41406e+07
520.584	  5.41215e+07
520.851	  5.41023e+07
521.118	  5.40831e+07
521.385	  5.40638e+07
521.652	  5.40445e+07
521.919	  5.40251e+07
522.186	  5.40057e+07
522.453	  5.39863e+07
522.72	  5.39668e+07
522.987	  5.39473e+07
523.254	  5.39277e+07
523.521	  5.39081e+07
523.788	  5.38885e+07
524.055	  5.38688e+07
524.322	  5.3849e+07
524.589	  5.38292e+07
524.856	  5.38094e+07
525.123	  5.37895e+07
525.39	  5.37696e+07
525.657	  5.37497e+07
525.924	  5.37297e+07
526.191	  5.37097e+07
526.458	  5.36896e+07
526.725	  5.36695e+07
526.992	  5.36493e+07
527.259	  5.36291e+07
527.526	  5.36089e+07
527.793	  5.35886e+07
528.06	  5.35683e+07
528.327	  5.35479e+07
528.594	  5.35275e+07
528.861	  5.35071e+07
529.128	  5.34866e+07
529.395	  5.34661e+07
529.662	  5.34456e+07
529.929	  5.3425e+07
530.196	  5.34044e+07
530.463	  5.33837e+07
530.73	  5.3363e+07
530.997	  5.33422e+07
531.264	  5.33214e+07
531.531	  5.33006e+07
531.798	  5.32798e+07
532.065	  5.32589e+07
532.332	  5.32379e+07
532.599	  5.3217e+07
532.866	  5.31959e+07
533.133	  5.31749e+07
533.4	  5.31538e+07
533.667	  5.31327e+07
533.934	  5.31115e+07
534.201	  5.30903e+07
534.468	  5.30691e+07
534.735	  5.30478e+07
535.002	  5.30265e+07
535.269	  5.30052e+07
535.536	  5.29838e+07
535.803	  5.29624e+07
536.07	  5.2941e+07
536.337	  5.29195e+07
536.604	  5.2898e+07
536.871	  5.28764e+07
537.138	  5.28548e+07
537.405	  5.28332e+07
537.672	  5.28115e+07
537.939	  5.27899e+07
538.206	  5.27681e+07
538.473	  5.27464e+07
538.74	  5.27246e+07
539.007	  5.27028e+07
539.274	  5.26809e+07
539.541	  5.2659e+07
539.808	  5.26371e+07
540.075	  5.26151e+07
540.342	  5.25931e+07
540.609	  5.25711e+07
540.876	  5.2549e+07
541.143	  5.25269e+07
541.41	  5.25048e+07
541.677	  5.24827e+07
541.944	  5.24605e+07
542.211	  5.24382e+07
542.478	  5.2416e+07
542.745	  5.23937e+07
543.012	  5.23714e+07
543.279	  5.2349e+07
543.546	  5.23267e+07
543.813	  5.23042e+07
544.08	  5.22818e+07
544.347	  5.22593e+07
544.614	  5.22368e+07
544.881	  5.22143e+07
545.148	  5.21917e+07
545.415	  5.21691e+07
545.682	  5.21465e+07
545.949	  5.21238e+07
546.216	  5.21012e+07
546.483	  5.20784e+07
546.75	  5.20557e+07
547.017	  5.20329e+07
547.284	  5.20101e+07
547.551	  5.19873e+07
547.818	  5.19644e+07
548.085	  5.19415e+07
548.352	  5.19186e+07
548.619	  5.18956e+07
548.886	  5.18727e+07
549.153	  5.18497e+07
549.42	  5.18266e+07
549.687	  5.18036e+07
549.954	  5.17805e+07
550.221	  5.17573e+07
550.488	  5.17342e+07
550.755	  5.1711e+07
551.022	  5.16878e+07
551.289	  5.16646e+07
551.556	  5.16413e+07
551.823	  5.1618e+07
552.09	  5.15947e+07
552.357	  5.15714e+07
552.624	  5.1548e+07
552.891	  5.15246e+07
553.158	  5.15012e+07
553.425	  5.14777e+07
553.692	  5.14543e+07
553.959	  5.14308e+07
554.226	  5.14072e+07
554.493	  5.13837e+07
554.76	  5.13601e+07
555.027	  5.13365e+07
555.294	  5.13129e+07
555.561	  5.12892e+07
555.828	  5.12655e+07
556.095	  5.12418e+07
556.362	  5.12181e+07
556.629	  5.11943e+07
556.896	  5.11706e+07
557.163	  5.11467e+07
557.43	  5.11229e+07
557.697	  5.10991e+07
557.964	  5.10752e+07
558.231	  5.10513e+07
558.498	  5.10274e+07
558.765	  5.10034e+07
559.032	  5.09794e+07
559.299	  5.09554e+07
559.566	  5.09314e+07
560.009	  5.08915e+07
560.296	  5.08656e+07
560.583	  5.08397e+07
560.87	  5.08137e+07
561.157	  5.07878e+07
561.444	  5.07618e+07
561.731	  5.07357e+07
562.018	  5.07097e+07
562.305	  5.06836e+07
562.592	  5.06575e+07
562.879	  5.06314e+07
563.166	  5.06052e+07
563.453	  5.05791e+07
563.74	  5.05529e+07
564.027	  5.05266e+07
564.314	  5.05004e+07
564.601	  5.04741e+07
564.888	  5.04478e+07
565.175	  5.04215e+07
565.462	  5.03951e+07
565.749	  5.03688e+07
566.036	  5.03424e+07
566.323	  5.03159e+07
566.61	  5.02895e+07
566.897	  5.0263e+07
567.184	  5.02365e+07
567.471	  5.021e+07
567.758	  5.01835e+07
568.045	  5.01569e+07
568.332	  5.01303e+07
568.619	  5.01037e+07
568.906	  5.00771e+07
569.193	  5.00504e+07
569.48	  5.00238e+07
569.767	  4.99971e+07
570.054	  4.99704e+07
570.341	  4.99436e+07
570.628	  4.99169e+07
570.915	  4.98901e+07
571.202	  4.98633e+07
571.489	  4.98364e+07
571.776	  4.98096e+07
572.063	  4.97827e+07
572.35	  4.97558e+07
572.637	  4.97289e+07
572.924	  4.9702e+07
573.211	  4.9675e+07
573.498	  4.96481e+07
573.785	  4.96211e+07
574.072	  4.95941e+07
574.359	  4.9567e+07
574.646	  4.954e+07
574.933	  4.95129e+07
575.22	  4.94858e+07
575.507	  4.94587e+07
575.794	  4.94316e+07
576.081	  4.94044e+07
576.368	  4.93772e+07
576.655	  4.93501e+07
576.942	  4.93228e+07
577.229	  4.92956e+07
577.516	  4.92684e+07
577.803	  4.92411e+07
578.09	  4.92138e+07
578.377	  4.91865e+07
578.664	  4.91592e+07
578.951	  4.91319e+07
579.238	  4.91045e+07
579.525	  4.90772e+07
579.812	  4.90498e+07
580.099	  4.90224e+07
580.386	  4.89949e+07
580.673	  4.89675e+07
580.96	  4.894e+07
581.247	  4.89126e+07
581.534	  4.88851e+07
581.821	  4.88576e+07
582.108	  4.883e+07
582.395	  4.88025e+07
582.682	  4.87749e+07
582.969	  4.87474e+07
583.256	  4.87198e+07
583.543	  4.86922e+07
583.83	  4.86646e+07
584.117	  4.86369e+07
584.404	  4.86093e+07
584.691	  4.85816e+07
584.978	  4.85539e+07
585.265	  4.85262e+07
585.552	  4.84985e+07
585.839	  4.84708e+07
586.126	  4.8443e+07
586.413	  4.84153e+07
586.7	  4.83875e+07
586.987	  4.83597e+07
587.274	  4.83319e+07
587.561	  4.83041e+07
587.848	  4.82762e+07
588.135	  4.82484e+07
588.422	  4.82205e+07
588.709	  4.81927e+07
588.996	  4.81648e+07
589.283	  4.81369e+07
589.57	  4.8109e+07
589.857	  4.8081e+07
590.144	  4.80531e+07
590.431	  4.80251e+07
590.718	  4.79972e+07
591.005	  4.79692e+07
591.292	  4.79412e+07
591.579	  4.79132e+07
591.866	  4.78852e+07
592.153	  4.78572e+07
592.44	  4.78291e+07
592.727	  4.78011e+07
593.014	  4.7773e+07
593.301	  4.77449e+07
593.588	  4.77168e+07
593.875	  4.76887e+07
594.162	  4.76606e+07
594.449	  4.76325e+07
594.736	  4.76043e+07
595.023	  4.75762e+07
595.31	  4.7548e+07
595.597	  4.75198e+07
595.884	  4.74917e+07
596.171	  4.74635e+07
596.458	  4.74353e+07
596.745	  4.7407e+07
597.032	  4.73788e+07
597.319	  4.73506e+07
597.606	  4.73223e+07
597.893	  4.72941e+07
598.18	  4.72658e+07
598.467	  4.72375e+07
598.754	  4.72092e+07
599.041	  4.71809e+07
599.328	  4.71526e+07
599.615	  4.71243e+07
599.902	  4.7096e+07
600.189	  4.70677e+07
600.476	  4.70393e+07
600.763	  4.70109e+07
601.05	  4.69826e+07
601.337	  4.69542e+07
601.624	  4.69258e+07
601.911	  4.68974e+07
602.198	  4.6869e+07
602.485	  4.68406e+07
602.772	  4.68122e+07
603.059	  4.67838e+07
603.346	  4.67553e+07
603.633	  4.67269e+07
603.92	  4.66984e+07
604.207	  4.667e+07
604.494	  4.66415e+07
604.781	  4.6613e+07
605.068	  4.65846e+07
605.355	  4.65561e+07
605.642	  4.65276e+07
605.929	  4.64991e+07
606.216	  4.64705e+07
606.503	  4.6442e+07
606.79	  4.64135e+07
607.077	  4.63849e+07
607.364	  4.63564e+07
607.651	  4.63279e+07
607.938	  4.62993e+07
608.225	  4.62707e+07
608.512	  4.62422e+07
608.799	  4.62136e+07
609.086	  4.6185e+07
609.373	  4.61564e+07
609.66	  4.61278e+07
609.947	  4.60992e+07
610.234	  4.60706e+07
610.521	  4.6042e+07
610.808	  4.60134e+07
611.095	  4.59847e+07
611.382	  4.59561e+07
611.669	  4.59275e+07
611.956	  4.58988e+07
612.243	  4.58702e+07
612.53	  4.58415e+07
612.817	  4.58128e+07
613.104	  4.57842e+07
613.391	  4.57555e+07
613.678	  4.57268e+07
613.965	  4.56981e+07
614.252	  4.56695e+07
614.539	  4.56408e+07
614.826	  4.56121e+07
615.113	  4.55834e+07
615.4	  4.55547e+07
615.687	  4.5526e+07
615.974	  4.54972e+07
616.261	  4.54685e+07
616.548	  4.54398e+07
616.835	  4.54111e+07
617.122	  4.53823e+07
617.409	  4.53536e+07
617.696	  4.53249e+07
617.983	  4.52961e+07
618.27	  4.52674e+07
618.557	  4.52386e+07
618.844	  4.52099e+07
619.131	  4.51811e+07
619.418	  4.51524e+07
619.705	  4.51236e+07
619.992	  4.50948e+07
620.279	  4.50661e+07
620.566	  4.50373e+07
620.853	  4.50085e+07
621.14	  4.49797e+07
621.427	  4.4951e+07
621.714	  4.49222e+07
622.001	  4.48934e+07
622.288	  4.48646e+07
622.575	  4.48358e+07
622.862	  4.4807e+07
623.149	  4.47782e+07
623.436	  4.47494e+07
623.723	  4.47206e+07
624.01	  4.46918e+07
624.297	  4.4663e+07
624.584	  4.46342e+07
624.871	  4.46054e+07
625.158	  4.45766e+07
625.445	  4.45478e+07
625.732	  4.45189e+07
626.019	  4.44901e+07
626.306	  4.44613e+07
626.593	  4.44325e+07
626.88	  4.44037e+07
627.167	  4.43749e+07
627.454	  4.4346e+07
627.741	  4.43172e+07
628.028	  4.42884e+07
628.315	  4.42596e+07
628.602	  4.42307e+07
628.889	  4.42019e+07
629.176	  4.41731e+07
629.463	  4.41442e+07
629.75	  4.41154e+07
630.037	  4.40866e+07
630.324	  4.40578e+07
630.611	  4.40289e+07
630.898	  4.40001e+07
631.185	  4.39713e+07
631.472	  4.39424e+07
631.759	  4.39136e+07
632.046	  4.38848e+07
632.333	  4.38559e+07
632.62	  4.38271e+07
632.907	  4.37983e+07
633.194	  4.37694e+07
633.481	  4.37406e+07
633.768	  4.37118e+07
634.055	  4.3683e+07
634.342	  4.36541e+07
634.629	  4.36253e+07
634.916	  4.35965e+07
635.203	  4.35676e+07
635.49	  4.35388e+07
635.777	  4.351e+07
636.064	  4.34812e+07
636.351	  4.34523e+07
636.638	  4.34235e+07
636.925	  4.33947e+07
637.212	  4.33659e+07
637.499	  4.33371e+07
637.786	  4.33082e+07
638.073	  4.32794e+07
638.36	  4.32506e+07
638.647	  4.32218e+07
638.934	  4.3193e+07
639.221	  4.31642e+07
639.508	  4.31354e+07
639.795	  4.31066e+07
640.082	  4.30778e+07
640.369	  4.3049e+07
640.656	  4.30202e+07
640.943	  4.29914e+07
641.23	  4.29626e+07
641.517	  4.29338e+07
641.804	  4.2905e+07
642.091	  4.28762e+07
642.378	  4.28474e+07
642.665	  4.28186e+07
642.952	  4.27899e+07
643.239	  4.27611e+07
643.526	  4.27323e+07
643.813	  4.27035e+07
644.1	  4.26748e+07
644.387	  4.2646e+07
644.674	  4.26172e+07
644.961	  4.25885e+07
645.248	  4.25597e+07
645.535	  4.25309e+07
645.822	  4.25022e+07
646.109	  4.24734e+07
646.396	  4.24447e+07
646.683	  4.2416e+07
646.97	  4.23872e+07
647.257	  4.23585e+07
647.544	  4.23298e+07
647.831	  4.2301e+07
648.118	  4.22723e+07
648.405	  4.22436e+07
648.692	  4.22149e+07
648.979	  4.21861e+07
649.266	  4.21574e+07
649.553	  4.21287e+07
649.84	  4.21e+07
650.127	  4.20713e+07
650.414	  4.20426e+07
650.701	  4.20139e+07
650.988	  4.19853e+07
651.275	  4.19566e+07
651.562	  4.19279e+07
651.849	  4.18992e+07
652.136	  4.18706e+07
652.423	  4.18419e+07
652.71	  4.18132e+07
652.997	  4.17846e+07
653.284	  4.17559e+07
653.571	  4.17273e+07
653.858	  4.16987e+07
654.145	  4.167e+07
654.432	  4.16414e+07
654.719	  4.16128e+07
655.006	  4.15841e+07
655.293	  4.15555e+07
655.58	  4.15269e+07
655.867	  4.14983e+07
656.154	  4.14697e+07
656.441	  4.14411e+07
656.728	  4.14125e+07
657.015	  4.13839e+07
657.302	  4.13554e+07
657.589	  4.13268e+07
657.876	  4.12982e+07
658.163	  4.12697e+07
658.45	  4.12411e+07
658.737	  4.12126e+07
659.024	  4.1184e+07
659.311	  4.11555e+07
659.598	  4.11269e+07
659.885	  4.10984e+07
660.172	  4.10699e+07
660.459	  4.10414e+07
660.746	  4.10129e+07
661.033	  4.09843e+07
661.32	  4.09559e+07
661.607	  4.09274e+07
661.894	  4.08989e+07
662.181	  4.08704e+07
662.468	  4.08419e+07
662.755	  4.08135e+07
663.042	  4.0785e+07
663.329	  4.07565e+07
663.616	  4.07281e+07
663.903	  4.06997e+07
664.19	  4.06712e+07
664.477	  4.06428e+07
664.764	  4.06144e+07
665.051	  4.0586e+07
665.338	  4.05575e+07
665.625	  4.05291e+07
665.912	  4.05008e+07
666.199	  4.04724e+07
666.486	  4.0444e+07
666.773	  4.04156e+07
667.06	  4.03873e+07
667.347	  4.03589e+07
667.634	  4.03305e+07
667.921	  4.03022e+07
668.208	  4.02739e+07
668.495	  4.02455e+07
668.782	  4.02172e+07
669.069	  4.01889e+07
669.356	  4.01606e+07
669.643	  4.01323e+07
669.93	  4.0104e+07
670.217	  4.00757e+07
670.504	  4.00474e+07
670.791	  4.00192e+07
671.078	  3.99909e+07
671.365	  3.99626e+07
671.652	  3.99344e+07
671.939	  3.99062e+07
672.226	  3.98779e+07
672.513	  3.98497e+07
672.8	  3.98215e+07
673.087	  3.97933e+07
673.374	  3.97651e+07
673.661	  3.97369e+07
673.948	  3.97087e+07
674.235	  3.96805e+07
674.522	  3.96524e+07
674.809	  3.96242e+07
675.096	  3.95961e+07
675.383	  3.95679e+07
675.67	  3.95398e+07
675.957	  3.95117e+07
676.244	  3.94835e+07
676.531	  3.94554e+07
676.818	  3.94273e+07
677.105	  3.93992e+07
677.392	  3.93712e+07
677.679	  3.93431e+07
677.966	  3.9315e+07
678.253	  3.9287e+07
678.54	  3.92589e+07
678.827	  3.92309e+07
679.114	  3.92029e+07
679.401	  3.91748e+07
679.688	  3.91468e+07
679.975	  3.91188e+07
680.262	  3.90908e+07
680.549	  3.90628e+07
680.836	  3.90349e+07
681.123	  3.90069e+07
681.41	  3.89789e+07
681.697	  3.8951e+07
681.984	  3.8923e+07
682.271	  3.88951e+07
682.558	  3.88672e+07
682.845	  3.88393e+07
683.132	  3.88114e+07
683.419	  3.87835e+07
683.706	  3.87556e+07
683.993	  3.87277e+07
684.28	  3.86999e+07
684.567	  3.8672e+07
684.854	  3.86442e+07
685.141	  3.86163e+07
685.428	  3.85885e+07
685.715	  3.85607e+07
686.002	  3.85329e+07
686.289	  3.85051e+07
686.576	  3.84773e+07
686.863	  3.84495e+07
687.15	  3.84218e+07
687.437	  3.8394e+07
687.724	  3.83662e+07
688.011	  3.83385e+07
688.298	  3.83108e+07
688.585	  3.82831e+07
688.872	  3.82554e+07
689.159	  3.82277e+07
689.446	  3.82e+07
689.733	  3.81723e+07
690.02	  3.81446e+07
690.307	  3.8117e+07
690.594	  3.80893e+07
690.881	  3.80617e+07
691.168	  3.80341e+07
691.455	  3.80064e+07
691.742	  3.79788e+07
692.029	  3.79512e+07
692.316	  3.79237e+07
692.603	  3.78961e+07
692.89	  3.78685e+07
693.177	  3.7841e+07
693.464	  3.78134e+07
693.751	  3.77859e+07
694.038	  3.77584e+07
694.325	  3.77309e+07
694.612	  3.77034e+07
694.899	  3.76759e+07
695.186	  3.76484e+07
695.473	  3.76209e+07
695.76	  3.75935e+07
696.047	  3.7566e+07
696.334	  3.75386e+07
696.621	  3.75112e+07
696.908	  3.74838e+07
697.195	  3.74564e+07
697.482	  3.7429e+07
697.769	  3.74016e+07
698.056	  3.73742e+07
698.343	  3.73469e+07
698.63	  3.73195e+07
698.917	  3.72922e+07
699.204	  3.72649e+07
699.491	  3.72375e+07
699.778	  3.72102e+07
700.065	  3.71829e+07
700.352	  3.71557e+07
700.639	  3.71284e+07
700.926	  3.71011e+07
701.213	  3.70739e+07
701.5	  3.70467e+07
701.787	  3.70194e+07
702.074	  3.69922e+07
702.361	  3.6965e+07
702.648	  3.69378e+07
702.935	  3.69107e+07
703.222	  3.68835e+07
703.509	  3.68563e+07
703.796	  3.68292e+07
704.083	  3.68021e+07
704.37	  3.6775e+07
704.657	  3.67478e+07
704.944	  3.67208e+07
705.231	  3.66937e+07
705.518	  3.66666e+07
705.805	  3.66395e+07
706.092	  3.66125e+07
706.379	  3.65855e+07
706.666	  3.65584e+07
706.953	  3.65314e+07
707.24	  3.65044e+07
707.527	  3.64774e+07
707.814	  3.64505e+07
708.101	  3.64235e+07
708.388	  3.63965e+07
708.675	  3.63696e+07
708.962	  3.63427e+07
709.249	  3.63157e+07
709.536	  3.62888e+07
709.823	  3.6262e+07
710.11	  3.62351e+07
710.397	  3.62082e+07
710.684	  3.61813e+07
710.971	  3.61545e+07
711.258	  3.61277e+07
711.545	  3.61009e+07
711.832	  3.60741e+07
712.119	  3.60473e+07
712.406	  3.60205e+07
712.693	  3.59937e+07
712.98	  3.59669e+07
713.267	  3.59402e+07
713.554	  3.59135e+07
713.841	  3.58868e+07
714.128	  3.586e+07
714.415	  3.58334e+07
714.702	  3.58067e+07
714.989	  3.578e+07
715.276	  3.57533e+07
715.563	  3.57267e+07
715.85	  3.57001e+07
716.137	  3.56734e+07
716.424	  3.56468e+07
716.711	  3.56202e+07
716.998	  3.55937e+07
717.285	  3.55671e+07
717.572	  3.55405e+07
717.859	  3.5514e+07
718.146	  3.54875e+07
718.433	  3.54609e+07
718.72	  3.54344e+07
719.007	  3.5408e+07
719.294	  3.53815e+07
719.581	  3.5355e+07
719.868	  3.53286e+07
720.155	  3.53021e+07
720.442	  3.52757e+07
720.729	  3.52493e+07
721.016	  3.52229e+07
721.303	  3.51965e+07
721.59	  3.51701e+07
721.877	  3.51437e+07
722.164	  3.51174e+07
722.451	  3.50911e+07
722.738	  3.50647e+07
723.025	  3.50384e+07
723.312	  3.50121e+07
723.599	  3.49858e+07
723.886	  3.49596e+07
724.173	  3.49333e+07
724.46	  3.49071e+07
724.747	  3.48808e+07
725.034	  3.48546e+07
725.321	  3.48284e+07
725.608	  3.48022e+07
725.895	  3.47761e+07
726.182	  3.47499e+07
726.469	  3.47237e+07
726.756	  3.46976e+07
727.043	  3.46715e+07
727.33	  3.46454e+07
727.617	  3.46193e+07
727.904	  3.45932e+07
728.191	  3.45671e+07
728.478	  3.45411e+07
728.765	  3.4515e+07
729.052	  3.4489e+07
729.339	  3.4463e+07
729.626	  3.4437e+07
729.913	  3.4411e+07
730.2	  3.4385e+07
730.487	  3.4359e+07
730.774	  3.43331e+07
731.061	  3.43072e+07
731.348	  3.42812e+07
731.635	  3.42553e+07
731.922	  3.42294e+07
732.209	  3.42036e+07
732.496	  3.41777e+07
732.783	  3.41518e+07
733.07	  3.4126e+07
733.357	  3.41002e+07
733.644	  3.40744e+07
733.931	  3.40486e+07
734.218	  3.40228e+07
734.505	  3.3997e+07
734.792	  3.39712e+07
735.079	  3.39455e+07
735.366	  3.39198e+07
735.653	  3.38941e+07
735.94	  3.38684e+07
736.227	  3.38427e+07
736.514	  3.3817e+07
736.801	  3.37913e+07
737.088	  3.37657e+07
737.375	  3.37401e+07
737.662	  3.37144e+07
737.949	  3.36888e+07
738.236	  3.36632e+07
738.523	  3.36377e+07
738.81	  3.36121e+07
739.097	  3.35866e+07
739.384	  3.3561e+07
739.671	  3.35355e+07
739.958	  3.351e+07
740.245	  3.34845e+07
740.532	  3.3459e+07
740.819	  3.34336e+07
741.106	  3.34081e+07
741.393	  3.33827e+07
741.68	  3.33573e+07
741.967	  3.33318e+07
742.254	  3.33065e+07
742.541	  3.32811e+07
742.828	  3.32557e+07
743.115	  3.32304e+07
743.402	  3.3205e+07
743.689	  3.31797e+07
743.976	  3.31544e+07
744.263	  3.31291e+07
744.55	  3.31038e+07
744.837	  3.30786e+07
745.124	  3.30533e+07
745.411	  3.30281e+07
745.698	  3.30028e+07
745.985	  3.29776e+07
746.272	  3.29524e+07
746.559	  3.29273e+07
746.846	  3.29021e+07
747.133	  3.28769e+07
747.42	  3.28518e+07
747.707	  3.28267e+07
747.994	  3.28016e+07
748.281	  3.27765e+07
748.568	  3.27514e+07
748.855	  3.27263e+07
749.142	  3.27013e+07
749.429	  3.26763e+07
749.716	  3.26512e+07
750.003	  3.26262e+07
750.29	  3.26012e+07
750.577	  3.25763e+07
750.864	  3.25513e+07
751.151	  3.25264e+07
751.438	  3.25014e+07
751.725	  3.24765e+07
752.012	  3.24516e+07
752.299	  3.24267e+07
752.586	  3.24018e+07
752.873	  3.2377e+07
753.16	  3.23521e+07
753.447	  3.23273e+07
753.734	  3.23025e+07
754.021	  3.22777e+07
754.308	  3.22529e+07
754.595	  3.22281e+07
754.882	  3.22033e+07
755.169	  3.21786e+07
755.456	  3.21539e+07
755.743	  3.21292e+07
756.03	  3.21045e+07
756.317	  3.20798e+07
756.604	  3.20551e+07
756.891	  3.20304e+07
757.178	  3.20058e+07
757.465	  3.19812e+07
757.752	  3.19566e+07
758.039	  3.1932e+07
758.326	  3.19074e+07
758.613	  3.18828e+07
758.9	  3.18583e+07
759.187	  3.18337e+07
759.474	  3.18092e+07
759.761	  3.17847e+07
760.048	  3.17602e+07
760.335	  3.17357e+07
760.622	  3.17113e+07
760.909	  3.16868e+07
761.196	  3.16624e+07
761.483	  3.1638e+07
761.77	  3.16135e+07
762.057	  3.15892e+07
762.344	  3.15648e+07
762.631	  3.15404e+07
762.918	  3.15161e+07
763.205	  3.14917e+07
763.492	  3.14674e+07
763.779	  3.14431e+07
764.066	  3.14188e+07
764.353	  3.13946e+07
764.64	  3.13703e+07
764.927	  3.13461e+07
765.214	  3.13218e+07
765.501	  3.12976e+07
765.788	  3.12734e+07
766.075	  3.12493e+07
766.362	  3.12251e+07
766.649	  3.12009e+07
766.936	  3.11768e+07
767.223	  3.11527e+07
767.51	  3.11286e+07
767.797	  3.11045e+07
768.084	  3.10804e+07
768.371	  3.10563e+07
768.658	  3.10323e+07
768.945	  3.10083e+07
769.232	  3.09842e+07
769.519	  3.09602e+07
769.806	  3.09363e+07
770.093	  3.09123e+07
770.38	  3.08883e+07
770.667	  3.08644e+07
770.954	  3.08405e+07
771.241	  3.08165e+07
771.528	  3.07927e+07
771.815	  3.07688e+07
772.102	  3.07449e+07
772.389	  3.0721e+07
772.676	  3.06972e+07
772.963	  3.06734e+07
773.25	  3.06496e+07
773.537	  3.06258e+07
773.824	  3.0602e+07
774.111	  3.05783e+07
774.398	  3.05545e+07
774.685	  3.05308e+07
774.972	  3.05071e+07
775.259	  3.04834e+07
775.546	  3.04597e+07
775.833	  3.0436e+07
776.12	  3.04124e+07
776.407	  3.03887e+07
776.694	  3.03651e+07
776.981	  3.03415e+07
777.268	  3.03179e+07
777.555	  3.02943e+07
777.842	  3.02707e+07
778.129	  3.02472e+07
778.416	  3.02237e+07
778.703	  3.02001e+07
778.99	  3.01766e+07
779.277	  3.01531e+07
779.564	  3.01297e+07
779.851	  3.01062e+07
780.138	  3.00828e+07
780.425	  3.00593e+07
780.712	  3.00359e+07
780.999	  3.00125e+07
781.286	  2.99891e+07
781.573	  2.99658e+07
781.86	  2.99424e+07
782.147	  2.99191e+07
782.434	  2.98958e+07
782.721	  2.98725e+07
783.008	  2.98492e+07
783.295	  2.98259e+07
783.582	  2.98026e+07
783.869	  2.97794e+07
784.156	  2.97562e+07
784.443	  2.97329e+07
784.73	  2.97097e+07
785.017	  2.96866e+07
785.304	  2.96634e+07
785.591	  2.96402e+07
785.878	  2.96171e+07
786.165	  2.9594e+07
786.452	  2.95709e+07
786.739	  2.95478e+07
787.026	  2.95247e+07
787.313	  2.95016e+07
787.6	  2.94786e+07
787.887	  2.94555e+07
788.174	  2.94325e+07
788.461	  2.94095e+07
788.748	  2.93865e+07
789.035	  2.93636e+07
789.322	  2.93406e+07
789.609	  2.93177e+07
789.896	  2.92947e+07
790.183	  2.92718e+07
790.47	  2.92489e+07
790.757	  2.92261e+07
791.044	  2.92032e+07
791.331	  2.91803e+07
791.618	  2.91575e+07
791.905	  2.91347e+07
792.192	  2.91119e+07
792.479	  2.90891e+07
792.766	  2.90663e+07
793.053	  2.90436e+07
793.34	  2.90208e+07
793.627	  2.89981e+07
793.914	  2.89754e+07
794.201	  2.89527e+07
794.488	  2.893e+07
794.775	  2.89073e+07
795.062	  2.88847e+07
795.349	  2.88621e+07
795.636	  2.88394e+07
795.923	  2.88168e+07
796.21	  2.87942e+07
796.497	  2.87717e+07
796.784	  2.87491e+07
797.071	  2.87266e+07
797.358	  2.8704e+07
797.645	  2.86815e+07
797.932	  2.8659e+07
798.219	  2.86365e+07
798.506	  2.86141e+07
798.793	  2.85916e+07
799.08	  2.85692e+07
799.367	  2.85468e+07
799.654	  2.85244e+07
799.941	  2.8502e+07
800.228	  2.84796e+07
800.515	  2.84572e+07
800.802	  2.84349e+07
801.089	  2.84126e+07
801.376	  2.83903e+07
801.663	  2.8368e+07
801.95	  2.83457e+07
802.237	  2.83234e+07
802.524	  2.83012e+07
802.811	  2.82789e+07
803.098	  2.82567e+07
803.385	  2.82345e+07
803.672	  2.82123e+07
803.959	  2.81901e+07
804.246	  2.8168e+07
804.533	  2.81458e+07
804.82	  2.81237e+07
805.107	  2.81016e+07
805.394	  2.80795e+07
805.681	  2.80574e+07
805.968	  2.80353e+07
806.255	  2.80133e+07
806.542	  2.79912e+07
806.829	  2.79692e+07
807.116	  2.79472e+07
807.403	  2.79252e+07
807.69	  2.79032e+07
807.977	  2.78813e+07
808.264	  2.78593e+07
808.551	  2.78374e+07
808.838	  2.78155e+07
809.125	  2.77936e+07
809.412	  2.77717e+07
809.699	  2.77498e+07
809.986	  2.77279e+07
810.273	  2.77061e+07
810.56	  2.76843e+07
810.847	  2.76625e+07
811.134	  2.76407e+07
811.421	  2.76189e+07
811.708	  2.75971e+07
811.995	  2.75754e+07
812.282	  2.75537e+07
812.569	  2.75319e+07
812.856	  2.75102e+07
813.143	  2.74886e+07
813.43	  2.74669e+07
813.717	  2.74452e+07
814.004	  2.74236e+07
814.291	  2.7402e+07
814.578	  2.73803e+07
814.865	  2.73588e+07
815.152	  2.73372e+07
815.439	  2.73156e+07
815.726	  2.72941e+07
816.013	  2.72725e+07
816.3	  2.7251e+07
816.587	  2.72295e+07
816.874	  2.7208e+07
817.161	  2.71865e+07
817.448	  2.71651e+07
817.735	  2.71436e+07
818.022	  2.71222e+07
818.309	  2.71008e+07
818.596	  2.70794e+07
818.883	  2.7058e+07
819.17	  2.70367e+07
819.457	  2.70153e+07
820.002	  2.69748e+07
820.031	  2.69726e+07
820.059	  2.69705e+07
820.088	  2.69684e+07
820.117	  2.69662e+07
820.146	  2.69641e+07
820.174	  2.6962e+07
820.203	  2.69599e+07
820.232	  2.69577e+07
820.26	  2.69556e+07
820.289	  2.69535e+07
820.318	  2.69513e+07
820.346	  2.69492e+07
820.375	  2.69471e+07
820.404	  2.69449e+07
820.433	  2.69428e+07
820.461	  2.69407e+07
820.49	  2.69386e+07
820.519	  2.69364e+07
820.547	  2.69343e+07
820.576	  2.69322e+07
820.605	  2.693e+07
820.633	  2.62673e+07
820.662	  2.62652e+07
820.691	  2.62631e+07
820.72	  2.6261e+07
820.748	  2.62589e+07
820.777	  2.62567e+07
820.806	  2.62546e+07
820.834	  2.62525e+07
820.863	  2.62504e+07
820.892	  2.62482e+07
820.92	  2.62461e+07
820.949	  2.6244e+07
820.978	  2.62419e+07
821.007	  2.62398e+07
821.035	  2.62376e+07
821.064	  2.62355e+07
821.093	  2.62334e+07
821.121	  2.62313e+07
821.15	  2.62292e+07
821.179	  2.6227e+07
821.207	  2.62249e+07
821.236	  2.62228e+07
821.265	  2.62207e+07
821.294	  2.62186e+07
821.322	  2.62165e+07
821.351	  2.62143e+07
821.38	  2.62122e+07
821.408	  2.62101e+07
821.437	  2.6208e+07
821.466	  2.62059e+07
821.494	  2.62037e+07
821.523	  2.62016e+07
821.552	  2.61995e+07
821.581	  2.61974e+07
821.609	  2.61953e+07
821.638	  2.61932e+07
821.667	  2.6191e+07
821.695	  2.61889e+07
821.724	  2.61868e+07
821.753	  2.61847e+07
821.781	  2.61826e+07
821.81	  2.61805e+07
821.839	  2.61783e+07
821.868	  2.61762e+07
821.896	  2.61741e+07
821.925	  2.6172e+07
821.954	  2.61699e+07
821.982	  2.61678e+07
822.011	  2.61657e+07
822.011	  2.61657e+07
822.298	  2.61445e+07
822.585	  2.61234e+07
822.872	  2.61023e+07
823.159	  2.60812e+07
823.446	  2.60601e+07
823.733	  2.6039e+07
824.02	  2.6018e+07
824.307	  2.5997e+07
824.594	  2.59759e+07
824.881	  2.59549e+07
825.168	  2.5934e+07
825.455	  2.5913e+07
825.742	  2.5892e+07
826.029	  2.58711e+07
826.316	  2.58502e+07
826.603	  2.58292e+07
826.89	  2.58083e+07
827.177	  2.57875e+07
827.464	  2.57666e+07
827.751	  2.57457e+07
828.038	  2.57249e+07
828.325	  2.57041e+07
828.612	  2.56833e+07
828.899	  2.56625e+07
829.186	  2.56417e+07
829.473	  2.56209e+07
829.76	  2.56002e+07
830.047	  2.55795e+07
830.334	  2.55587e+07
830.621	  2.5538e+07
830.908	  2.55174e+07
831.195	  2.54967e+07
831.482	  2.5476e+07
831.769	  2.54554e+07
832.056	  2.54348e+07
832.343	  2.54141e+07
832.63	  2.53936e+07
832.917	  2.5373e+07
833.204	  2.53524e+07
833.491	  2.53319e+07
833.778	  2.53113e+07
834.065	  2.52908e+07
834.352	  2.52703e+07
834.639	  2.52498e+07
834.926	  2.52293e+07
835.213	  2.52089e+07
835.5	  2.51884e+07
835.787	  2.5168e+07
836.074	  2.51476e+07
836.361	  2.51272e+07
836.648	  2.51068e+07
836.935	  2.50864e+07
837.222	  2.5066e+07
837.509	  2.50457e+07
837.796	  2.50254e+07
838.083	  2.50051e+07
838.37	  2.49848e+07
838.657	  2.49645e+07
838.944	  2.49442e+07
839.231	  2.4924e+07
839.518	  2.49037e+07
839.805	  2.48835e+07
840.092	  2.48633e+07
840.379	  2.48431e+07
840.666	  2.48229e+07
840.953	  2.48028e+07
841.24	  2.47826e+07
841.527	  2.47625e+07
841.814	  2.47424e+07
842.101	  2.47223e+07
842.388	  2.47022e+07
842.675	  2.46821e+07
842.962	  2.4662e+07
843.249	  2.4642e+07
843.536	  2.4622e+07
843.823	  2.4602e+07
844.11	  2.4582e+07
844.397	  2.4562e+07
844.684	  2.4542e+07
844.971	  2.45221e+07
845.258	  2.45021e+07
845.545	  2.44822e+07
845.832	  2.44623e+07
846.119	  2.44424e+07
846.406	  2.44225e+07
846.693	  2.44026e+07
846.98	  2.43828e+07
847.267	  2.43629e+07
847.554	  2.43431e+07
847.841	  2.43233e+07
848.128	  2.43035e+07
848.415	  2.42838e+07
848.702	  2.4264e+07
848.989	  2.42442e+07
849.276	  2.42245e+07
849.563	  2.42048e+07
849.85	  2.41851e+07
850.137	  2.41654e+07
850.424	  2.41457e+07
850.711	  2.41261e+07
850.998	  2.41064e+07
851.285	  2.40868e+07
851.572	  2.40672e+07
851.859	  2.40476e+07
852.146	  2.4028e+07
852.433	  2.40084e+07
852.72	  2.39889e+07
853.007	  2.39693e+07
853.294	  2.39498e+07
853.581	  2.39303e+07
853.868	  2.39108e+07
854.155	  2.38913e+07
854.442	  2.38718e+07
854.729	  2.38524e+07
855.016	  2.38329e+07
855.303	  2.38135e+07
855.59	  2.37941e+07
855.877	  2.37747e+07
856.164	  2.37553e+07
856.451	  2.3736e+07
856.738	  2.37166e+07
857.025	  2.36973e+07
857.312	  2.3678e+07
857.599	  2.36587e+07
857.886	  2.36394e+07
858.173	  2.36201e+07
858.46	  2.36008e+07
858.747	  2.35816e+07
859.034	  2.35623e+07
859.321	  2.35431e+07
859.608	  2.35239e+07
859.895	  2.35047e+07
860.182	  2.34855e+07
860.469	  2.34664e+07
860.756	  2.34472e+07
861.043	  2.34281e+07
861.33	  2.3409e+07
861.617	  2.33899e+07
861.904	  2.33708e+07
862.191	  2.33517e+07
862.478	  2.33327e+07
862.765	  2.33136e+07
863.052	  2.32946e+07
863.339	  2.32756e+07
863.626	  2.32566e+07
863.913	  2.32376e+07
864.2	  2.32186e+07
864.487	  2.31996e+07
864.774	  2.31807e+07
865.061	  2.31618e+07
865.348	  2.31429e+07
865.635	  2.3124e+07
865.922	  2.31051e+07
866.209	  2.30862e+07
866.496	  2.30673e+07
866.783	  2.30485e+07
867.07	  2.30297e+07
867.357	  2.30109e+07
867.644	  2.2992e+07
867.931	  2.29733e+07
868.218	  2.29545e+07
868.505	  2.29357e+07
868.792	  2.2917e+07
869.079	  2.28983e+07
869.366	  2.28796e+07
869.653	  2.28609e+07
869.94	  2.28422e+07
870.227	  2.28235e+07
870.514	  2.28048e+07
870.801	  2.27862e+07
871.088	  2.27676e+07
871.375	  2.2749e+07
871.662	  2.27304e+07
871.949	  2.27118e+07
872.236	  2.26932e+07
872.523	  2.26746e+07
872.81	  2.26561e+07
873.097	  2.26376e+07
873.384	  2.26191e+07
873.671	  2.26006e+07
873.958	  2.25821e+07
874.245	  2.25636e+07
874.532	  2.25451e+07
874.819	  2.25267e+07
875.106	  2.25083e+07
875.393	  2.24899e+07
875.68	  2.24715e+07
875.967	  2.24531e+07
876.254	  2.24347e+07
876.541	  2.24163e+07
876.828	  2.2398e+07
877.115	  2.23797e+07
877.402	  2.23614e+07
877.689	  2.23431e+07
877.976	  2.23248e+07
878.263	  2.23065e+07
878.55	  2.22882e+07
878.837	  2.227e+07
879.124	  2.22518e+07
879.411	  2.22335e+07
879.698	  2.22153e+07
879.985	  2.21972e+07
880.272	  2.2179e+07
880.559	  2.21608e+07
880.846	  2.21427e+07
881.133	  2.21245e+07
881.42	  2.21064e+07
881.707	  2.20883e+07
881.994	  2.20702e+07
882.281	  2.20522e+07
882.568	  2.20341e+07
882.855	  2.20161e+07
883.142	  2.1998e+07
883.429	  2.198e+07
883.716	  2.1962e+07
884.003	  2.1944e+07
884.29	  2.1926e+07
884.577	  2.19081e+07
884.864	  2.18901e+07
885.151	  2.18722e+07
885.438	  2.18543e+07
885.725	  2.18364e+07
886.012	  2.18185e+07
886.299	  2.18006e+07
886.586	  2.17827e+07
886.873	  2.17649e+07
887.16	  2.1747e+07
887.447	  2.17292e+07
887.734	  2.17114e+07
888.021	  2.16936e+07
888.308	  2.16758e+07
888.595	  2.1658e+07
888.882	  2.16403e+07
889.169	  2.16225e+07
889.456	  2.16048e+07
889.743	  2.15871e+07
890.03	  2.15694e+07
890.317	  2.15517e+07
890.604	  2.15341e+07
890.891	  2.15164e+07
891.178	  2.14988e+07
891.465	  2.14811e+07
891.752	  2.14635e+07
892.039	  2.14459e+07
892.326	  2.14283e+07
892.613	  2.14107e+07
892.9	  2.13932e+07
893.187	  2.13756e+07
893.474	  2.13581e+07
893.761	  2.13406e+07
894.048	  2.13231e+07
894.335	  2.13056e+07
894.622	  2.12881e+07
894.909	  2.12706e+07
895.196	  2.12532e+07
895.483	  2.12357e+07
895.77	  2.12183e+07
896.057	  2.12009e+07
896.344	  2.11835e+07
896.631	  2.11661e+07
896.918	  2.11488e+07
897.205	  2.11314e+07
897.492	  2.11141e+07
897.779	  2.10967e+07
898.066	  2.10794e+07
898.353	  2.10621e+07
898.64	  2.10448e+07
898.927	  2.10276e+07
899.214	  2.10103e+07
899.501	  2.09931e+07
899.788	  2.09758e+07
900.075	  2.09586e+07
900.362	  2.09414e+07
900.649	  2.09242e+07
900.936	  2.0907e+07
901.223	  2.08899e+07
901.51	  2.08727e+07
901.797	  2.08556e+07
902.084	  2.08385e+07
902.371	  2.08213e+07
902.658	  2.08042e+07
902.945	  2.07872e+07
903.232	  2.07701e+07
903.519	  2.0753e+07
903.806	  2.0736e+07
904.093	  2.0719e+07
904.38	  2.07019e+07
904.667	  2.06849e+07
904.954	  2.0668e+07
905.241	  2.0651e+07
905.528	  2.0634e+07
905.815	  2.06171e+07
906.102	  2.06001e+07
906.389	  2.05832e+07
906.676	  2.05663e+07
906.963	  2.05494e+07
907.25	  2.05325e+07
907.537	  2.05157e+07
907.824	  2.04988e+07
908.111	  2.0482e+07
908.398	  2.04651e+07
908.685	  2.04483e+07
908.972	  2.04315e+07
909.259	  2.04147e+07
909.546	  2.0398e+07
909.833	  2.03812e+07
910.12	  2.03644e+07
910.407	  2.03477e+07
910.694	  2.0331e+07
910.981	  2.03143e+07
911.268	  2.02976e+07
911.555	  2.02809e+07
911.842	  2.02642e+07
912.129	  2.02476e+07
912.416	  2.02309e+07
912.703	  2.02143e+07
912.99	  2.01977e+07
913.277	  2.01811e+07
913.564	  2.01645e+07
913.851	  2.01479e+07
914.138	  2.01314e+07
914.425	  2.01148e+07
914.712	  2.00983e+07
914.999	  2.00817e+07
915.286	  2.00652e+07
915.573	  2.00487e+07
915.86	  2.00323e+07
916.147	  2.00158e+07
916.434	  1.99993e+07
916.721	  1.99829e+07
917.008	  1.99664e+07
917.295	  1.995e+07
917.582	  1.99336e+07
917.869	  1.99172e+07
918.156	  1.99009e+07
918.443	  1.98845e+07
918.73	  1.98681e+07
919.017	  1.98518e+07
919.304	  1.98355e+07
919.591	  1.98192e+07
919.878	  1.98029e+07
920.165	  1.97866e+07
920.452	  1.97703e+07
920.739	  1.9754e+07
921.026	  1.97378e+07
921.313	  1.97215e+07
921.6	  1.97053e+07
921.887	  1.96891e+07
922.174	  1.96729e+07
922.461	  1.96567e+07
922.748	  1.96406e+07
923.035	  1.96244e+07
923.322	  1.96083e+07
923.609	  1.95921e+07
923.896	  1.9576e+07
924.183	  1.95599e+07
924.47	  1.95438e+07
924.757	  1.95277e+07
925.044	  1.95117e+07
925.331	  1.94956e+07
925.618	  1.94796e+07
925.905	  1.94635e+07
926.192	  1.94475e+07
926.479	  1.94315e+07
926.766	  1.94155e+07
927.053	  1.93996e+07
927.34	  1.93836e+07
927.627	  1.93676e+07
927.914	  1.93517e+07
928.201	  1.93358e+07
928.488	  1.93199e+07
928.775	  1.9304e+07
929.062	  1.92881e+07
929.349	  1.92722e+07
929.636	  1.92563e+07
929.923	  1.92405e+07
930.21	  1.92246e+07
930.497	  1.92088e+07
930.784	  1.9193e+07
931.071	  1.91772e+07
931.358	  1.91614e+07
931.645	  1.91457e+07
931.932	  1.91299e+07
932.219	  1.91141e+07
932.506	  1.90984e+07
932.793	  1.90827e+07
933.08	  1.9067e+07
933.367	  1.90513e+07
933.654	  1.90356e+07
933.941	  1.90199e+07
934.228	  1.90043e+07
934.515	  1.89886e+07
934.802	  1.8973e+07
935.089	  1.89574e+07
935.376	  1.89418e+07
935.663	  1.89262e+07
935.95	  1.89106e+07
936.237	  1.8895e+07
936.524	  1.88794e+07
936.811	  1.88639e+07
937.098	  1.88484e+07
937.385	  1.88328e+07
937.672	  1.88173e+07
937.959	  1.88018e+07
938.246	  1.87864e+07
938.533	  1.87709e+07
938.82	  1.87554e+07
939.107	  1.874e+07
939.394	  1.87246e+07
939.681	  1.87091e+07
939.968	  1.86937e+07
940.255	  1.86783e+07
940.542	  1.86629e+07
940.829	  1.86476e+07
941.116	  1.86322e+07
941.403	  1.86169e+07
941.69	  1.86015e+07
941.977	  1.85862e+07
942.264	  1.85709e+07
942.551	  1.85556e+07
942.838	  1.85403e+07
943.125	  1.85251e+07
943.412	  1.85098e+07
943.699	  1.84945e+07
943.986	  1.84793e+07
944.273	  1.84641e+07
944.56	  1.84489e+07
944.847	  1.84337e+07
945.134	  1.84185e+07
945.421	  1.84033e+07
945.708	  1.83882e+07
945.995	  1.8373e+07
946.282	  1.83579e+07
946.569	  1.83428e+07
946.856	  1.83276e+07
947.143	  1.83125e+07
947.43	  1.82975e+07
947.717	  1.82824e+07
948.004	  1.82673e+07
948.291	  1.82523e+07
948.578	  1.82372e+07
948.865	  1.82222e+07
949.152	  1.82072e+07
949.439	  1.81922e+07
949.726	  1.81772e+07
950.013	  1.81622e+07
950.3	  1.81473e+07
950.587	  1.81323e+07
950.874	  1.81174e+07
951.161	  1.81024e+07
951.448	  1.80875e+07
951.735	  1.80726e+07
952.022	  1.80577e+07
952.309	  1.80428e+07
952.596	  1.8028e+07
952.883	  1.80131e+07
953.17	  1.79983e+07
953.457	  1.79834e+07
953.744	  1.79686e+07
954.031	  1.79538e+07
954.318	  1.7939e+07
954.605	  1.79242e+07
954.892	  1.79095e+07
955.179	  1.78947e+07
955.466	  1.788e+07
955.753	  1.78652e+07
956.04	  1.78505e+07
956.327	  1.78358e+07
956.614	  1.78211e+07
956.901	  1.78064e+07
957.188	  1.77917e+07
957.475	  1.77771e+07
957.762	  1.77624e+07
958.049	  1.77478e+07
958.336	  1.77331e+07
958.623	  1.77185e+07
958.91	  1.77039e+07
959.197	  1.76893e+07
959.484	  1.76748e+07
959.771	  1.76602e+07
960.058	  1.76456e+07
960.345	  1.76311e+07
960.632	  1.76166e+07
960.919	  1.7602e+07
961.206	  1.75875e+07
961.493	  1.7573e+07
961.78	  1.75585e+07
962.067	  1.75441e+07
962.354	  1.75296e+07
962.641	  1.75152e+07
962.928	  1.75007e+07
963.215	  1.74863e+07
963.502	  1.74719e+07
963.789	  1.74575e+07
964.076	  1.74431e+07
964.363	  1.74287e+07
964.65	  1.74143e+07
964.937	  1.74e+07
965.224	  1.73856e+07
965.511	  1.73713e+07
965.798	  1.7357e+07
966.085	  1.73427e+07
966.372	  1.73284e+07
966.659	  1.73141e+07
966.946	  1.72998e+07
967.233	  1.72856e+07
967.52	  1.72713e+07
967.807	  1.72571e+07
968.094	  1.72428e+07
968.381	  1.72286e+07
968.668	  1.72144e+07
968.955	  1.72002e+07
969.242	  1.7186e+07
969.529	  1.71719e+07
969.816	  1.71577e+07
970.103	  1.71436e+07
970.39	  1.71294e+07
970.677	  1.71153e+07
970.964	  1.71012e+07
971.251	  1.70871e+07
971.538	  1.7073e+07
971.825	  1.70589e+07
972.112	  1.70449e+07
972.399	  1.70308e+07
972.686	  1.70168e+07
972.973	  1.70027e+07
973.26	  1.69887e+07
973.547	  1.69747e+07
973.834	  1.69607e+07
974.121	  1.69467e+07
974.408	  1.69328e+07
974.695	  1.69188e+07
974.982	  1.69049e+07
975.269	  1.68909e+07
975.556	  1.6877e+07
975.843	  1.68631e+07
976.13	  1.68492e+07
976.417	  1.68353e+07
976.704	  1.68214e+07
976.991	  1.68075e+07
977.278	  1.67937e+07
977.565	  1.67798e+07
977.852	  1.6766e+07
978.139	  1.67522e+07
978.426	  1.67383e+07
978.713	  1.67245e+07
979	  1.67108e+07
979.287	  1.6697e+07
979.574	  1.66832e+07
979.861	  1.66694e+07
980.148	  1.66557e+07
980.435	  1.6642e+07
980.722	  1.66282e+07
981.009	  1.66145e+07
981.296	  1.66008e+07
981.583	  1.65871e+07
981.87	  1.65735e+07
982.157	  1.65598e+07
982.444	  1.65461e+07
982.731	  1.65325e+07
983.018	  1.65189e+07
983.305	  1.65052e+07
983.592	  1.64916e+07
983.879	  1.6478e+07
984.166	  1.64644e+07
984.453	  1.64509e+07
984.74	  1.64373e+07
985.027	  1.64237e+07
985.314	  1.64102e+07
985.601	  1.63967e+07
985.888	  1.63831e+07
986.175	  1.63696e+07
986.462	  1.63561e+07
986.749	  1.63427e+07
987.036	  1.63292e+07
987.323	  1.63157e+07
987.61	  1.63023e+07
987.897	  1.62888e+07
988.184	  1.62754e+07
988.471	  1.6262e+07
988.758	  1.62485e+07
989.045	  1.62351e+07
989.332	  1.62218e+07
989.619	  1.62084e+07
989.906	  1.6195e+07
990.193	  1.61817e+07
990.48	  1.61683e+07
990.767	  1.6155e+07
991.054	  1.61417e+07
991.341	  1.61283e+07
991.628	  1.6115e+07
991.915	  1.61018e+07
992.202	  1.60885e+07
992.489	  1.60752e+07
992.776	  1.6062e+07
993.063	  1.60487e+07
993.35	  1.60355e+07
993.637	  1.60222e+07
993.924	  1.6009e+07
994.211	  1.59958e+07
994.498	  1.59826e+07
994.785	  1.59695e+07
995.072	  1.59563e+07
995.359	  1.59431e+07
995.646	  1.593e+07
995.933	  1.59168e+07
996.22	  1.59037e+07
996.507	  1.58906e+07
996.794	  1.58775e+07
997.081	  1.58644e+07
997.368	  1.58513e+07
997.655	  1.58382e+07
997.942	  1.58252e+07
998.229	  1.58121e+07
998.516	  1.57991e+07
998.803	  1.57861e+07
999.09	  1.5773e+07
999.377	  1.576e+07
999.664	  1.5747e+07
999.951	  1.57341e+07
1000.24	  1.57211e+07
1000.52	  1.57081e+07
1000.81	  1.56952e+07
1001.1	  1.56822e+07
1001.39	  1.56693e+07
1001.67	  1.56564e+07
1001.96	  1.56435e+07
1002.25	  1.56306e+07
1002.53	  1.56177e+07
1002.82	  1.56048e+07
1003.11	  1.55919e+07
1003.39	  1.55791e+07
1003.68	  1.55662e+07
1003.97	  1.55534e+07
1004.26	  1.55405e+07
1004.54	  1.55277e+07
1004.83	  1.55149e+07
1005.12	  1.55021e+07
1005.4	  1.54893e+07
1005.69	  1.54766e+07
1005.98	  1.54638e+07
1006.26	  1.54511e+07
1006.55	  1.54383e+07
1006.84	  1.54256e+07
1007.13	  1.54129e+07
1007.41	  1.54001e+07
1007.7	  1.53874e+07
1007.99	  1.53748e+07
1008.27	  1.53621e+07
1008.56	  1.53494e+07
1008.85	  1.53368e+07
1009.13	  1.53241e+07
1009.42	  1.53115e+07
1009.71	  1.52988e+07
1010	  1.52862e+07
1010.28	  1.52736e+07
1010.57	  1.5261e+07
1010.86	  1.52484e+07
1011.14	  1.52359e+07
1011.43	  1.52233e+07
1011.72	  1.52108e+07
1012	  1.51982e+07
1012.29	  1.51857e+07
1012.58	  1.51732e+07
1012.87	  1.51606e+07
1013.15	  1.51481e+07
1013.44	  1.51356e+07
1013.73	  1.51232e+07
1014.01	  1.51107e+07
1014.3	  1.50982e+07
1014.59	  1.50858e+07
1014.88	  1.50733e+07
1015.16	  1.50609e+07
1015.45	  1.50485e+07
1015.74	  1.50361e+07
1016.02	  1.50237e+07
1016.31	  1.50113e+07
1016.6	  1.49989e+07
1016.88	  1.49866e+07
1017.17	  1.49742e+07
1017.46	  1.49618e+07
1017.75	  1.49495e+07
1018.03	  1.49372e+07
1018.32	  1.49249e+07
1018.61	  1.49126e+07
1018.89	  1.49003e+07
1019.18	  1.4888e+07
1019.47	  1.48757e+07
1019.98	  1.4854e+07
1021.08	  1.48071e+07
1022.17	  1.47604e+07
1023.27	  1.47138e+07
1024.38	  1.46673e+07
1025.47	  1.4621e+07
1026.58	  1.45749e+07
1027.67	  1.45289e+07
1028.78	  1.4483e+07
1029.88	  1.44373e+07
1030.97	  1.43918e+07
1032.08	  1.43463e+07
1033.17	  1.43011e+07
1034.28	  1.42559e+07
1035.38	  1.42109e+07
1036.47	  1.41661e+07
1037.58	  1.41214e+07
1038.67	  1.40768e+07
1039.78	  1.40324e+07
1040.88	  1.39881e+07
1041.97	  1.3944e+07
1043.08	  1.39e+07
1044.17	  1.38561e+07
1045.28	  1.38124e+07
1046.38	  1.37688e+07
1047.47	  1.37254e+07
1048.58	  1.36821e+07
1049.67	  1.36389e+07
1050.78	  1.35959e+07
1051.88	  1.3553e+07
1052.97	  1.35102e+07
1054.08	  1.34676e+07
1055.17	  1.34251e+07
1056.28	  1.33828e+07
1057.38	  1.33406e+07
1058.47	  1.32985e+07
1059.58	  1.32566e+07
1060.67	  1.32148e+07
1061.78	  1.31731e+07
1062.88	  1.31315e+07
1063.97	  1.30901e+07
1065.08	  1.30488e+07
1066.17	  1.30077e+07
1067.28	  1.29667e+07
1068.38	  1.29258e+07
1069.47	  1.2885e+07
1070.58	  1.28444e+07
1071.67	  1.28039e+07
1072.78	  1.27635e+07
1073.88	  1.27233e+07
1074.97	  1.26832e+07
1076.08	  1.26432e+07
1077.17	  1.26034e+07
1078.28	  1.25636e+07
1079.38	  1.2524e+07
1080.47	  1.24846e+07
1081.58	  1.24452e+07
1082.67	  1.2406e+07
1083.78	  1.23669e+07
1084.88	  1.23279e+07
1085.97	  1.22891e+07
1087.08	  1.22503e+07
1088.17	  1.22117e+07
1089.28	  1.21733e+07
1090.38	  1.21349e+07
1091.47	  1.20967e+07
1092.58	  1.20586e+07
1093.67	  1.20206e+07
1094.78	  1.19827e+07
1095.88	  1.19449e+07
1096.97	  1.19073e+07
1098.08	  1.18698e+07
1099.17	  1.18324e+07
1100.28	  1.17952e+07
1101.38	  1.1758e+07
1102.47	  1.1721e+07
1103.58	  1.16841e+07
1104.67	  1.16473e+07
1105.78	  1.16106e+07
1106.88	  1.1574e+07
1107.97	  1.15376e+07
1109.08	  1.15013e+07
1110.17	  1.14651e+07
1111.28	  1.1429e+07
1112.38	  1.1393e+07
1113.47	  1.13571e+07
1114.58	  1.13214e+07
1115.67	  1.12857e+07
1116.78	  1.12502e+07
1117.88	  1.12148e+07
1118.97	  1.11795e+07
1120.08	  1.11443e+07
1121.17	  1.11092e+07
1122.28	  1.10743e+07
1123.38	  1.10394e+07
1124.47	  1.10047e+07
1125.58	  1.09701e+07
1126.67	  1.09356e+07
1127.78	  1.09011e+07
1128.88	  1.08669e+07
1129.97	  1.08327e+07
1131.08	  1.07986e+07
1132.17	  1.07646e+07
1133.28	  1.07308e+07
1134.38	  1.0697e+07
1135.47	  1.06634e+07
1136.58	  1.06298e+07
1137.67	  1.05964e+07
1138.78	  1.05631e+07
1139.88	  1.05299e+07
1140.97	  1.04968e+07
1142.08	  1.04638e+07
1143.17	  1.04309e+07
1144.28	  1.03981e+07
1145.38	  1.03654e+07
1146.47	  1.03328e+07
1147.58	  1.03003e+07
1148.67	  1.0268e+07
1149.78	  1.02357e+07
1150.88	  1.02035e+07
1151.97	  1.01714e+07
1153.08	  1.01395e+07
1154.17	  1.01076e+07
1155.28	  1.00759e+07
1156.38	  1.00442e+07
1157.47	  1.00127e+07
1158.58	  9.9812e+06
1159.67	  9.94984e+06
1160.78	  9.91859e+06
1161.88	  9.88743e+06
1162.97	  9.85638e+06
1164.08	  9.82542e+06
1165.17	  9.79457e+06
1166.28	  9.76381e+06
1167.38	  9.73315e+06
1168.47	  9.70259e+06
1169.58	  9.67213e+06
1170.67	  9.64176e+06
1171.78	  9.61149e+06
1172.88	  9.58132e+06
1173.97	  9.55124e+06
1175.08	  9.52126e+06
1176.17	  9.49138e+06
1177.28	  9.46159e+06
1178.38	  9.4319e+06
1179.47	  9.4023e+06
1180.58	  9.3728e+06
1181.67	  9.34339e+06
1182.78	  9.31408e+06
1183.88	  9.28486e+06
1184.97	  9.25573e+06
1186.08	  9.2267e+06
1187.17	  9.19776e+06
1188.28	  9.16891e+06
1189.38	  9.14016e+06
1190.47	  9.1115e+06
1191.58	  9.08292e+06
1192.67	  9.05444e+06
1193.78	  9.02606e+06
1194.88	  8.99776e+06
1195.97	  8.96955e+06
1197.08	  8.94144e+06
1198.17	  8.91341e+06
1199.28	  8.88547e+06
1200.38	  8.85763e+06
1201.47	  8.82987e+06
1202.58	  8.8022e+06
1203.67	  8.77462e+06
1204.78	  8.74713e+06
1205.88	  8.71973e+06
1206.97	  8.69241e+06
1208.08	  8.66519e+06
1209.17	  8.63805e+06
1210.28	  8.61099e+06
1211.38	  8.58403e+06
1212.47	  8.55715e+06
1213.58	  8.53036e+06
1214.67	  8.50365e+06
1215.78	  8.47703e+06
1216.88	  8.45049e+06
1217.97	  8.42404e+06
1219.08	  8.39768e+06
1220.17	  8.3714e+06
1221.28	  8.3452e+06
1222.38	  8.31909e+06
1223.47	  8.29306e+06
1224.58	  8.26712e+06
1225.67	  8.24125e+06
1226.78	  8.21548e+06
1227.88	  8.18978e+06
1228.97	  8.16417e+06
1230.08	  8.13864e+06
1231.17	  8.11319e+06
1232.28	  8.08783e+06
1233.38	  8.06254e+06
1234.47	  8.03734e+06
1235.58	  8.01222e+06
1236.67	  7.98718e+06
1237.78	  7.96222e+06
1238.88	  7.93734e+06
1239.97	  7.91255e+06
1241.08	  7.88783e+06
1242.17	  7.86319e+06
1243.28	  7.83863e+06
1244.38	  7.81415e+06
1245.47	  7.78975e+06
1246.58	  7.76543e+06
1247.67	  7.74118e+06
1248.78	  7.71702e+06
1249.88	  7.69293e+06
1250.97	  7.66892e+06
1252.08	  7.64499e+06
1253.17	  7.62113e+06
1254.28	  7.59736e+06
1255.38	  7.57366e+06
1256.47	  7.55003e+06
1257.58	  7.52649e+06
1258.67	  7.50302e+06
1259.78	  7.47962e+06
1260.88	  7.4563e+06
1261.97	  7.43306e+06
1263.08	  7.40989e+06
1264.17	  7.3868e+06
1265.28	  7.36378e+06
1266.38	  7.34084e+06
1267.47	  7.31797e+06
1268.58	  7.29517e+06
1269.67	  7.27245e+06
1270.78	  7.24981e+06
1271.88	  7.22724e+06
1272.97	  7.20474e+06
1274.08	  7.18231e+06
1275.17	  7.15996e+06
1276.28	  7.13768e+06
1277.38	  7.11547e+06
1278.47	  7.09333e+06
1279.58	  7.07127e+06
1280.67	  7.04928e+06
1281.78	  7.02736e+06
1282.88	  7.00551e+06
1283.97	  6.98373e+06
1285.08	  6.96203e+06
1286.17	  6.94039e+06
1287.28	  6.91883e+06
1288.38	  6.89734e+06
1289.47	  6.87591e+06
1290.58	  6.85456e+06
1291.67	  6.83328e+06
1292.78	  6.81206e+06
1293.88	  6.79092e+06
1294.97	  6.76984e+06
1296.08	  6.74884e+06
1297.17	  6.7279e+06
1298.28	  6.70703e+06
1299.38	  6.68623e+06
1300.47	  6.6655e+06
1301.58	  6.64484e+06
1302.67	  6.62425e+06
1303.78	  6.60372e+06
1304.88	  6.58326e+06
1305.97	  6.56287e+06
1307.08	  6.54254e+06
1308.17	  6.52228e+06
1309.28	  6.50209e+06
1310.38	  6.48197e+06
1311.47	  6.46191e+06
1312.58	  6.44192e+06
1313.67	  6.42199e+06
1314.78	  6.40213e+06
1315.88	  6.38234e+06
1316.97	  6.36261e+06
1318.08	  6.34295e+06
1319.17	  6.32335e+06
1320.28	  6.30382e+06
1321.38	  6.28435e+06
1322.47	  6.26495e+06
1323.58	  6.24561e+06
1324.67	  6.22633e+06
1325.78	  6.20712e+06
1326.88	  6.18798e+06
1327.97	  6.1689e+06
1329.08	  6.14988e+06
1330.17	  6.13092e+06
1331.28	  6.11203e+06
1332.38	  6.0932e+06
1333.47	  6.07444e+06
1334.58	  6.05573e+06
1335.67	  6.03709e+06
1336.78	  6.01851e+06
1337.88	  6e+06
1338.97	  5.98155e+06
1340.08	  5.96315e+06
1341.17	  5.94482e+06
1342.28	  5.92656e+06
1343.38	  5.90835e+06
1344.47	  5.89021e+06
1345.58	  5.87212e+06
1346.67	  5.8541e+06
1347.78	  5.83614e+06
1348.88	  5.81824e+06
1349.97	  5.80039e+06
1351.08	  5.78261e+06
1352.17	  5.76489e+06
1353.28	  5.74723e+06
1354.38	  5.72963e+06
1355.47	  5.71209e+06
1356.58	  5.69461e+06
1357.67	  5.67719e+06
1358.78	  5.65983e+06
1359.88	  5.64253e+06
1360.97	  5.62528e+06
1362.08	  5.6081e+06
1363.17	  5.59097e+06
1364.28	  5.57391e+06
1365.38	  5.5569e+06
1366.47	  5.53995e+06
1367.58	  5.52305e+06
1368.67	  5.50622e+06
1369.78	  5.48944e+06
1370.88	  5.47272e+06
1371.97	  5.45606e+06
1373.08	  5.43946e+06
1374.17	  5.42291e+06
1375.28	  5.40642e+06
1376.38	  5.38999e+06
1377.47	  5.37361e+06
1378.58	  5.3573e+06
1379.67	  5.34103e+06
1380.78	  5.32483e+06
1381.88	  5.30868e+06
1382.97	  5.29259e+06
1384.08	  5.27655e+06
1385.17	  5.26057e+06
1386.28	  5.24464e+06
1387.38	  5.22877e+06
1388.47	  5.21296e+06
1389.58	  5.1972e+06
1390.67	  5.1815e+06
1391.78	  5.16585e+06
1392.88	  5.15026e+06
1393.97	  5.13472e+06
1395.08	  5.11923e+06
1396.17	  5.10381e+06
1397.28	  5.08843e+06
1398.38	  5.07311e+06
1399.47	  5.05785e+06
1400.58	  5.04263e+06
1401.67	  5.02748e+06
1402.78	  5.01237e+06
1403.88	  4.99732e+06
1404.97	  4.98233e+06
1406.08	  4.96739e+06
1407.17	  4.9525e+06
1408.28	  4.93766e+06
1409.38	  4.92288e+06
1410.47	  4.90815e+06
1411.58	  4.89347e+06
1412.67	  4.87885e+06
1413.78	  4.86428e+06
1414.88	  4.84976e+06
1415.97	  4.83529e+06
1417.08	  4.82088e+06
1418.17	  4.80652e+06
1419.28	  4.79221e+06
1420.38	  4.77795e+06
1421.47	  4.76375e+06
1422.58	  4.7496e+06
1423.67	  4.7355e+06
1424.78	  4.72145e+06
1425.88	  4.70745e+06
1426.97	  4.6935e+06
1428.08	  4.67961e+06
1429.17	  4.66576e+06
1430.28	  4.65197e+06
1431.38	  4.63823e+06
1432.47	  4.62453e+06
1433.58	  4.61089e+06
1434.67	  4.5973e+06
1435.78	  4.58376e+06
1436.88	  4.57028e+06
1437.97	  4.55684e+06
1439.08	  4.54345e+06
1440.17	  4.53011e+06
1441.28	  4.51682e+06
1442.38	  4.50358e+06
1443.47	  4.4904e+06
1444.58	  4.47726e+06
1445.67	  4.46417e+06
1446.78	  4.45113e+06
1447.88	  4.43814e+06
1448.97	  4.4252e+06
1450.08	  4.41231e+06
1451.17	  4.39947e+06
1452.28	  4.38667e+06
1453.38	  4.37393e+06
1454.47	  4.36124e+06
1455.58	  4.34859e+06
1456.67	  4.33599e+06
1457.78	  4.32344e+06
1458.88	  4.16577e+06
1459.97	  4.15327e+06
1461.08	  4.14081e+06
1462.17	  4.12841e+06
1463.28	  4.11606e+06
1464.38	  4.10375e+06
1465.47	  4.0915e+06
1466.58	  4.07929e+06
1467.67	  4.06713e+06
1468.78	  4.05502e+06
1469.88	  4.04296e+06
1470.97	  4.03094e+06
1472.08	  4.01898e+06
1473.17	  4.00706e+06
1474.28	  3.99519e+06
1475.38	  3.98337e+06
1476.47	  3.97159e+06
1477.58	  3.95987e+06
1478.67	  3.94819e+06
1479.78	  3.93656e+06
1480.88	  3.92498e+06
1481.97	  3.91344e+06
1483.08	  3.90196e+06
1484.17	  3.89052e+06
1485.28	  3.87913e+06
1486.38	  3.86778e+06
1487.47	  3.85648e+06
1488.58	  3.84523e+06
1489.67	  3.83403e+06
1490.78	  3.82287e+06
1491.88	  3.81176e+06
1492.97	  3.8007e+06
1494.08	  3.78969e+06
1495.17	  3.77872e+06
1496.28	  3.7678e+06
1497.38	  3.75692e+06
1498.47	  3.74609e+06
1499.58	  3.73531e+06
1500.67	  3.72458e+06
1501.78	  3.71389e+06
1502.88	  3.70325e+06
1503.97	  3.69265e+06
1505.08	  3.6821e+06
1506.17	  3.6716e+06
1507.28	  3.66114e+06
1508.38	  3.65073e+06
1509.47	  3.64037e+06
1510.58	  3.63005e+06
1511.67	  3.61978e+06
1512.78	  3.60955e+06
1513.88	  3.59937e+06
1514.97	  3.58924e+06
1516.08	  3.57915e+06
1517.17	  3.56911e+06
1518.28	  3.55911e+06
1519.38	  3.54916e+06
1520.47	  3.53926e+06
1521.58	  3.5294e+06
1522.67	  3.51958e+06
1523.78	  3.50981e+06
1524.88	  3.50009e+06
1525.97	  3.49041e+06
1527.08	  3.48078e+06
1528.17	  3.4712e+06
1529.28	  3.46166e+06
1530.38	  3.45216e+06
1531.47	  3.44271e+06
1532.58	  3.43331e+06
1533.67	  3.42395e+06
1534.78	  3.41463e+06
1535.88	  3.40537e+06
1536.97	  3.39614e+06
1538.08	  3.38696e+06
1539.17	  3.37783e+06
1540.28	  3.36874e+06
1541.38	  3.3597e+06
1542.47	  3.3507e+06
1543.58	  3.34175e+06
1544.67	  3.33284e+06
1545.78	  3.32398e+06
1546.88	  3.31517e+06
1547.97	  3.30639e+06
1549.08	  3.29767e+06
1550.17	  3.28899e+06
1551.28	  3.28035e+06
1552.38	  3.27176e+06
1553.47	  3.26321e+06
1554.58	  3.25471e+06
1555.67	  3.24625e+06
1556.78	  3.23784e+06
1557.88	  3.22948e+06
1558.97	  3.22116e+06
1560.08	  3.21288e+06
1561.17	  3.20465e+06
1562.28	  3.19647e+06
1563.38	  3.18832e+06
1564.47	  3.18023e+06
1565.58	  3.17218e+06
1566.67	  3.16418e+06
1567.78	  3.15622e+06
1568.88	  3.1483e+06
1569.97	  3.14043e+06
1571.08	  3.13261e+06
1572.17	  3.12483e+06
1573.28	  3.1171e+06
1574.38	  3.10941e+06
1575.47	  3.10177e+06
1576.58	  3.09418e+06
1577.67	  3.08663e+06
1578.78	  3.07912e+06
1579.88	  3.07166e+06
1580.97	  3.06425e+06
1582.08	  3.05688e+06
1583.17	  3.04956e+06
1584.28	  3.04229e+06
1585.38	  3.03506e+06
1586.47	  3.02788e+06
1587.58	  3.02074e+06
1588.67	  3.01365e+06
1589.78	  3.00661e+06
1590.88	  2.99961e+06
1591.97	  2.99266e+06
1593.08	  2.98576e+06
1594.17	  2.9789e+06
1595.28	  2.9721e+06
1596.38	  2.96533e+06
1597.47	  2.95862e+06
1598.58	  2.95196e+06
1599.67	  2.94534e+06
1600.78	  2.93877e+06
1601.88	  2.93225e+06
1602.97	  2.92578e+06
1604.08	  2.91935e+06
1605.17	  2.91298e+06
1606.28	  2.90665e+06
1607.38	  2.90038e+06
1608.47	  2.89415e+06
1609.58	  2.88798e+06
1610.67	  2.88185e+06
1611.78	  2.87578e+06
1612.88	  2.86976e+06
1613.97	  2.86379e+06
1615.08	  2.85787e+06
1616.17	  2.852e+06
1617.28	  2.84619e+06
1618.38	  2.84043e+06
1619.47	  2.83473e+06
1620.58	  2.82908e+06
1621.67	  2.82349e+06
1622.78	  2.81795e+06
1623.88	  2.81248e+06
1624.97	  2.80706e+06
1626.08	  2.8017e+06
1627.17	  2.7964e+06
1628.28	  2.79116e+06
1629.38	  2.78599e+06
1630.47	  2.78089e+06
1631.58	  2.77585e+06
1632.67	  2.77088e+06
1633.78	  2.76599e+06
1634.88	  2.76117e+06
1635.97	  2.75644e+06
1637.08	  2.75179e+06
1638.17	  2.74723e+06
1639.28	  2.74278e+06
1640.38	  2.73846e+06
1641.47	  2.7343e+06
1642.58	  2.7304e+06
1643.67	  2.72657e+06
1644.78	  2.72275e+06
1645.88	  2.71893e+06
1646.97	  2.71511e+06
1648.08	  2.7113e+06
1649.17	  2.7075e+06
1650.28	  2.7037e+06
1651.38	  2.6999e+06
1652.47	  2.69612e+06
1653.58	  2.69233e+06
1654.67	  2.68856e+06
1655.78	  2.68478e+06
1656.88	  2.68102e+06
1657.97	  2.67725e+06
1659.08	  2.6735e+06
1660.17	  2.66975e+06
1661.28	  2.666e+06
1662.38	  2.66226e+06
1663.47	  2.65853e+06
1664.58	  2.6548e+06
1665.67	  2.65107e+06
1666.78	  2.64735e+06
1667.88	  2.64364e+06
1668.97	  2.63993e+06
1670.08	  2.63623e+06
1671.17	  2.63253e+06
1672.28	  2.62884e+06
1673.38	  2.62515e+06
1674.47	  2.62147e+06
1675.58	  2.61779e+06
1676.67	  2.61412e+06
1677.78	  2.61045e+06
1678.88	  2.60679e+06
1679.97	  2.60313e+06
1681.08	  2.59948e+06
1682.17	  2.59583e+06
1683.28	  2.59219e+06
1684.38	  2.58856e+06
1685.47	  2.58493e+06
1686.58	  2.5813e+06
1687.67	  2.57768e+06
1688.78	  2.57407e+06
1689.88	  2.57046e+06
1690.97	  2.56685e+06
1692.08	  2.56325e+06
1693.17	  2.55966e+06
1694.28	  2.55607e+06
1695.38	  2.55248e+06
1696.47	  2.5489e+06
1697.58	  2.54533e+06
1698.67	  2.54176e+06
1699.78	  2.5382e+06
1700.88	  2.53464e+06
1701.97	  2.53108e+06
1703.08	  2.52753e+06
1704.17	  2.52399e+06
1705.28	  2.52045e+06
1706.38	  2.51692e+06
1707.47	  2.51339e+06
1708.58	  2.50987e+06
1709.67	  2.50635e+06
1710.78	  2.50283e+06
1711.88	  2.49933e+06
1712.97	  2.49582e+06
1714.08	  2.49232e+06
1715.17	  2.48883e+06
1716.28	  2.48534e+06
1717.38	  2.48186e+06
1718.47	  2.47838e+06
1719.58	  2.47491e+06
1720.67	  2.47144e+06
1721.78	  2.46797e+06
1722.88	  2.46451e+06
1723.97	  2.46106e+06
1725.08	  2.45761e+06
1726.17	  2.45417e+06
1727.28	  2.45073e+06
1728.38	  2.44729e+06
1729.47	  2.44386e+06
1730.58	  2.44044e+06
1731.67	  2.43702e+06
1732.78	  2.43361e+06
1733.88	  2.4302e+06
1734.97	  2.42679e+06
1736.08	  2.42339e+06
1737.17	  2.42e+06
1738.28	  2.41661e+06
1739.38	  2.41322e+06
1740.47	  2.40984e+06
1741.58	  2.40647e+06
1742.67	  2.40309e+06
1743.78	  2.39973e+06
1744.88	  2.39637e+06
1745.97	  2.39301e+06
1747.08	  2.38966e+06
1748.17	  2.38631e+06
1749.28	  2.38297e+06
1750.38	  2.37963e+06
1751.47	  2.3763e+06
1752.58	  2.37297e+06
1753.67	  2.36965e+06
1754.78	  2.36633e+06
1755.88	  2.36302e+06
1756.97	  2.35971e+06
1758.08	  2.35641e+06
1759.17	  2.35311e+06
1760.28	  2.34981e+06
1761.38	  2.34652e+06
1762.47	  2.34324e+06
1763.58	  2.33996e+06
1764.67	  2.33668e+06
1765.78	  2.33341e+06
1766.88	  2.33014e+06
1767.97	  2.32688e+06
1769.08	  2.32363e+06
1770.17	  2.32037e+06
1771.28	  2.31713e+06
1772.38	  2.31388e+06
1773.47	  2.31065e+06
1774.58	  2.30741e+06
1775.67	  2.30418e+06
1776.78	  2.30096e+06
1777.88	  2.29774e+06
1778.97	  2.29452e+06
1780.08	  2.29131e+06
1781.17	  2.28811e+06
1782.28	  2.28491e+06
1783.38	  2.28171e+06
1784.47	  2.27852e+06
1785.58	  2.27533e+06
1786.67	  2.27215e+06
1787.78	  2.26897e+06
1788.88	  2.2658e+06
1789.97	  2.26263e+06
1791.08	  2.25946e+06
1792.17	  2.2563e+06
1793.28	  2.25315e+06
1794.38	  2.25e+06
1795.47	  2.24685e+06
1796.58	  2.24371e+06
1797.67	  2.24057e+06
1798.78	  2.23744e+06
1799.88	  2.23431e+06
1800.97	  2.23119e+06
1802.08	  2.22807e+06
1803.17	  2.22495e+06
1804.28	  2.22184e+06
1805.38	  2.21874e+06
1806.47	  2.21563e+06
1807.58	  2.21254e+06
1808.67	  2.20945e+06
1809.78	  2.20636e+06
1810.88	  2.20327e+06
1811.97	  2.20019e+06
1813.08	  2.19712e+06
1814.17	  2.19405e+06
1815.28	  2.19098e+06
1816.38	  2.18792e+06
1817.47	  2.18487e+06
1818.58	  2.18181e+06
1819.67	  2.17876e+06
1820.78	  2.17572e+06
1821.88	  2.17268e+06
1822.97	  2.16965e+06
1824.08	  2.16662e+06
1825.17	  2.16359e+06
1826.28	  2.16057e+06
1827.38	  2.15755e+06
1828.47	  2.15454e+06
1829.58	  2.15153e+06
1830.67	  2.14852e+06
1831.78	  2.14552e+06
1832.88	  2.14253e+06
1833.97	  2.13954e+06
1835.08	  2.13655e+06
1836.17	  2.13357e+06
1837.28	  2.13059e+06
1838.38	  2.12761e+06
1839.47	  2.12464e+06
1840.58	  2.12168e+06
1841.67	  2.11872e+06
1842.78	  2.11576e+06
1843.88	  2.11281e+06
1844.97	  2.10986e+06
1846.08	  2.10691e+06
1847.17	  2.10397e+06
1848.28	  2.10104e+06
1849.38	  2.09811e+06
1850.47	  2.09518e+06
1851.58	  2.09226e+06
1852.67	  2.08934e+06
1853.78	  2.08642e+06
1854.88	  2.08351e+06
1855.97	  2.08061e+06
1857.08	  2.0777e+06
1858.17	  2.07481e+06
1859.28	  2.07191e+06
1860.38	  2.06902e+06
1861.47	  2.06614e+06
1862.58	  2.06326e+06
1863.67	  2.06038e+06
1864.78	  2.05751e+06
1865.88	  2.05464e+06
1866.97	  2.05177e+06
1868.08	  2.04891e+06
1869.17	  2.04606e+06
1870.28	  2.0432e+06
1871.38	  2.04036e+06
1872.47	  2.03751e+06
1873.58	  2.03467e+06
1874.67	  2.03184e+06
1875.78	  2.02901e+06
1876.88	  2.02618e+06
1877.97	  2.02336e+06
1879.08	  2.02054e+06
1880.17	  2.01772e+06
1881.28	  2.01491e+06
1882.38	  2.0121e+06
1883.47	  2.0093e+06
1884.58	  2.0065e+06
1885.67	  2.00371e+06
1886.78	  2.00092e+06
1887.88	  1.99813e+06
1888.97	  1.99535e+06
1890.08	  1.99257e+06
1891.17	  1.98979e+06
1892.28	  1.98702e+06
1893.38	  1.98426e+06
1894.47	  1.98149e+06
1895.58	  1.97873e+06
1896.67	  1.97598e+06
1897.78	  1.97323e+06
1898.88	  1.97048e+06
1899.97	  1.96774e+06
1901.08	  1.965e+06
1902.17	  1.96227e+06
1903.28	  1.95954e+06
1904.38	  1.95681e+06
1905.47	  1.95409e+06
1906.58	  1.95137e+06
1907.67	  1.94865e+06
1908.78	  1.94594e+06
1909.88	  1.94323e+06
1910.97	  1.94053e+06
1912.08	  1.93783e+06
1913.17	  1.93514e+06
1914.28	  1.93245e+06
1915.38	  1.92976e+06
1916.47	  1.92707e+06
1917.58	  1.92439e+06
1918.67	  1.92172e+06
1919.78	  1.91905e+06
1920.88	  1.91638e+06
1921.97	  1.91371e+06
1923.08	  1.91105e+06
1924.17	  1.9084e+06
1925.28	  1.90574e+06
1926.38	  1.9031e+06
1927.47	  1.90045e+06
1928.58	  1.89781e+06
1929.67	  1.89517e+06
1930.78	  1.89254e+06
1931.88	  1.88991e+06
1932.97	  1.88728e+06
1934.08	  1.88466e+06
1935.17	  1.88204e+06
1936.28	  1.87943e+06
1937.38	  1.87682e+06
1938.47	  1.87421e+06
1939.58	  1.87161e+06
1940.67	  1.86901e+06
1941.78	  1.86641e+06
1942.88	  1.86382e+06
1943.97	  1.86123e+06
1945.08	  1.85865e+06
1946.17	  1.85607e+06
1947.28	  1.85349e+06
1948.38	  1.85092e+06
1949.47	  1.84835e+06
1950.58	  1.84579e+06
1951.67	  1.84322e+06
1952.78	  1.84067e+06
1953.88	  1.83811e+06
1954.97	  1.83556e+06
1956.08	  1.83301e+06
1957.17	  1.83047e+06
1958.28	  1.82793e+06
1959.38	  1.8254e+06
1960.47	  1.82286e+06
1961.58	  1.82034e+06
1962.67	  1.81781e+06
1963.78	  1.81529e+06
1964.88	  1.81277e+06
1965.97	  1.81026e+06
1967.08	  1.80775e+06
1968.17	  1.80524e+06
1969.28	  1.80274e+06
1970.38	  1.80024e+06
1971.47	  1.79775e+06
1972.58	  1.79525e+06
1973.67	  1.79276e+06
1974.78	  1.79028e+06
1975.88	  1.7878e+06
1976.97	  1.78532e+06
1978.08	  1.78285e+06
1979.17	  1.78038e+06
1980.28	  1.77791e+06
1981.38	  1.77545e+06
1982.47	  1.77299e+06
1983.58	  1.77053e+06
1984.67	  1.76808e+06
1985.78	  1.76563e+06
1986.88	  1.76319e+06
1987.97	  1.76074e+06
1989.08	  1.75831e+06
1990.17	  1.75587e+06
1991.28	  1.75344e+06
1992.38	  1.75101e+06
1993.47	  1.74859e+06
1994.58	  1.74617e+06
1995.67	  1.74375e+06
1996.78	  1.74134e+06
1997.88	  1.73893e+06
1998.97	  1.73652e+06
2000.08	  1.73412e+06
2001.17	  1.73172e+06
2002.28	  1.72932e+06
2003.38	  1.72693e+06
2004.47	  1.72454e+06
2005.58	  1.72216e+06
2006.67	  1.71978e+06
2007.78	  1.7174e+06
2008.88	  1.71502e+06
2009.97	  1.71265e+06
2011.08	  1.71028e+06
2012.17	  1.70792e+06
2013.28	  1.70556e+06
2014.38	  1.7032e+06
2015.47	  1.70084e+06
2016.58	  1.69849e+06
2017.67	  1.69615e+06
2018.78	  1.6938e+06
2019.88	  1.69146e+06
2020.97	  1.68912e+06
2022.08	  1.68679e+06
2023.18	  1.68446e+06
2024.28	  1.68213e+06
2025.38	  1.67981e+06
2026.47	  1.67749e+06
2027.58	  1.67517e+06
2028.68	  1.67286e+06
2029.78	  1.67055e+06
2030.88	  1.66824e+06
2031.97	  1.66594e+06
2033.08	  1.66364e+06
2034.18	  1.66134e+06
2035.28	  1.65905e+06
2036.38	  1.65676e+06
2037.47	  1.65447e+06
2038.58	  1.65219e+06
2039.68	  1.64991e+06
2040.78	  1.64763e+06
2041.88	  1.64536e+06
2042.97	  1.64309e+06
2044.08	  1.64082e+06
2045.18	  1.63856e+06
2046.28	  1.6363e+06
2047.38	  1.63404e+06
2048.47	  1.63179e+06
2049.57	  1.62954e+06
2050.68	  1.62729e+06
2051.78	  1.62504e+06
2052.88	  1.6228e+06
2053.97	  1.62057e+06
2055.07	  1.61833e+06
2056.18	  1.6161e+06
2057.28	  1.61387e+06
2058.38	  1.61165e+06
2059.47	  1.60943e+06
2060.57	  1.60721e+06
2061.68	  1.605e+06
2062.78	  1.60279e+06
2063.88	  1.60058e+06
2064.97	  1.59837e+06
2066.07	  1.59617e+06
2067.18	  1.59397e+06
2068.28	  1.59178e+06
2069.38	  1.58959e+06
2070.47	  1.5874e+06
2071.57	  1.58521e+06
2072.68	  1.58303e+06
2073.78	  1.58085e+06
2074.88	  1.57867e+06
2075.97	  1.5765e+06
2077.07	  1.57433e+06
2078.18	  1.57216e+06
2079.28	  1.57e+06
2080.38	  1.56784e+06
2081.47	  1.56568e+06
2082.57	  1.56353e+06
2083.68	  1.56138e+06
2084.78	  1.55923e+06
2085.88	  1.55709e+06
2086.97	  1.55494e+06
2088.07	  1.55281e+06
2089.18	  1.55067e+06
2090.28	  1.54854e+06
2091.38	  1.54641e+06
2092.47	  1.54428e+06
2093.57	  1.54216e+06
2094.68	  1.54004e+06
2095.78	  1.53792e+06
2096.88	  1.53581e+06
2097.97	  1.5337e+06
2099.07	  1.53159e+06
2100.18	  1.52949e+06
2101.28	  1.52739e+06
2102.38	  1.52529e+06
2103.47	  1.52319e+06
2104.57	  1.5211e+06
2105.68	  1.51901e+06
2106.78	  1.51693e+06
2107.88	  1.51484e+06
2108.97	  1.51276e+06
2110.07	  1.51069e+06
2111.18	  1.50861e+06
2112.28	  1.50654e+06
2113.38	  1.50447e+06
2114.47	  1.50241e+06
2115.57	  1.50035e+06
2116.68	  1.49829e+06
2117.78	  1.49623e+06
2118.88	  1.49418e+06
2119.97	  1.49213e+06
2121.07	  1.49008e+06
2122.18	  1.48804e+06
2123.28	  1.486e+06
2124.38	  1.48396e+06
2125.47	  1.48193e+06
2126.57	  1.47989e+06
2127.68	  1.47787e+06
2128.78	  1.47584e+06
2129.88	  1.47382e+06
2130.97	  1.4718e+06
2132.07	  1.46978e+06
2133.18	  1.46777e+06
2134.28	  1.46575e+06
2135.38	  1.46375e+06
2136.47	  1.46174e+06
2137.57	  1.45974e+06
2138.68	  1.45774e+06
2139.78	  1.45574e+06
2140.88	  1.45375e+06
2141.97	  1.45176e+06
2143.07	  1.44977e+06
2144.18	  1.44778e+06
2145.28	  1.4458e+06
2146.38	  1.44382e+06
2147.47	  1.44185e+06
2148.57	  1.43987e+06
2149.68	  1.4379e+06
2150.78	  1.43593e+06
2151.88	  1.43397e+06
2152.97	  1.43201e+06
2154.07	  1.43005e+06
2155.18	  1.42809e+06
2156.28	  1.42614e+06
2157.38	  1.42419e+06
2158.47	  1.42224e+06
2159.57	  1.4203e+06
2160.68	  1.41835e+06
2161.78	  1.41642e+06
2162.88	  1.41448e+06
2163.97	  1.41255e+06
2165.07	  1.41061e+06
2166.18	  1.40869e+06
2167.28	  1.40676e+06
2168.38	  1.40484e+06
2169.47	  1.40292e+06
2170.57	  1.401e+06
2171.68	  1.39909e+06
2172.78	  1.39718e+06
2173.88	  1.39527e+06
2174.97	  1.39336e+06
2176.07	  1.39146e+06
2177.18	  1.38956e+06
2178.28	  1.38766e+06
2179.38	  1.38577e+06
2180.47	  1.38388e+06
2181.57	  1.38199e+06
2182.68	  1.3801e+06
2183.78	  1.37822e+06
2184.88	  1.37634e+06
2185.97	  1.37446e+06
2187.07	  1.37259e+06
2188.18	  1.37071e+06
2189.28	  1.36884e+06
2190.38	  1.36698e+06
2191.47	  1.36511e+06
2192.57	  1.36325e+06
2193.68	  1.36139e+06
2194.78	  1.35954e+06
2195.88	  1.35768e+06
2196.97	  1.35583e+06
2198.07	  1.35398e+06
2199.18	  1.35214e+06
2200.28	  1.3503e+06
2201.38	  1.34846e+06
2202.47	  1.34662e+06
2203.57	  1.34479e+06
2204.68	  1.34295e+06
2205.78	  1.34112e+06
2206.88	  1.3393e+06
2207.97	  1.33747e+06
2209.07	  1.33565e+06
2210.18	  1.33383e+06
2211.28	  1.33202e+06
2212.38	  1.33021e+06
2213.47	  1.32839e+06
2214.57	  1.32659e+06
2215.68	  1.32478e+06
2216.78	  1.32298e+06
2217.88	  1.32118e+06
2218.97	  1.31938e+06
2220.07	  1.31759e+06
2221.18	  1.31579e+06
2222.28	  1.314e+06
2223.38	  1.31222e+06
2224.47	  1.31043e+06
2225.57	  1.30865e+06
2226.68	  1.30687e+06
2227.78	  1.3051e+06
2228.88	  1.30332e+06
2229.97	  1.30155e+06
2231.07	  1.29978e+06
2232.18	  1.29802e+06
2233.28	  1.29625e+06
2234.38	  1.29449e+06
2235.47	  1.29273e+06
2236.57	  1.29098e+06
2237.68	  1.28922e+06
2238.78	  1.28747e+06
2239.88	  1.28572e+06
2240.97	  1.28398e+06
2242.07	  1.28224e+06
2243.18	  1.28049e+06
2244.28	  1.27876e+06
2245.38	  1.27702e+06
2246.47	  1.27529e+06
2247.57	  1.27356e+06
2248.68	  1.27183e+06
2249.78	  1.2701e+06
2250.88	  1.26838e+06
2251.97	  1.26666e+06
2253.07	  1.26494e+06
2254.18	  1.26323e+06
2255.28	  1.26151e+06
2256.38	  1.2598e+06
2257.47	  1.2581e+06
2258.57	  1.25639e+06
2259.68	  1.25469e+06
2260.78	  1.25299e+06
2261.88	  1.25129e+06
2262.97	  1.24959e+06
2264.07	  1.2479e+06
2265.18	  1.24621e+06
2266.28	  1.24452e+06
2267.38	  1.24284e+06
2268.47	  1.24115e+06
2269.57	  1.23947e+06
2270.68	  1.23779e+06
2271.78	  1.23612e+06
2272.88	  1.23445e+06
2273.97	  1.23277e+06
2275.07	  1.23111e+06
2276.18	  1.22944e+06
2277.28	  1.22778e+06
2278.38	  1.22612e+06
2279.47	  1.22446e+06
2280.57	  1.20825e+06
2281.68	  1.20663e+06
2282.78	  1.20501e+06
2283.88	  1.2034e+06
2284.97	  1.20178e+06
2286.07	  1.20017e+06
2287.18	  1.19856e+06
2288.28	  1.19696e+06
2289.38	  1.19536e+06
2290.47	  1.19375e+06
2291.57	  1.19215e+06
2292.68	  1.19056e+06
2293.78	  1.18896e+06
2294.88	  1.18737e+06
2295.97	  1.18578e+06
2297.07	  1.18419e+06
2298.18	  1.18261e+06
2299.28	  1.18102e+06
2300.38	  1.17944e+06
2301.47	  1.17787e+06
2302.57	  1.17629e+06
2303.68	  1.17472e+06
2304.78	  1.17314e+06
2305.88	  1.17157e+06
2306.97	  1.17001e+06
2308.07	  1.16844e+06
2309.18	  1.16688e+06
2310.28	  1.16532e+06
2311.38	  1.16376e+06
2312.47	  1.16221e+06
2313.57	  1.16065e+06
2314.68	  1.1591e+06
2315.78	  1.15755e+06
2316.88	  1.15601e+06
2317.97	  1.15446e+06
2319.07	  1.15292e+06
2320.18	  1.15138e+06
2321.28	  1.14984e+06
2322.38	  1.1483e+06
2323.47	  1.14677e+06
2324.57	  1.14524e+06
2325.68	  1.14371e+06
2326.78	  1.14218e+06
2327.88	  1.14066e+06
2328.97	  1.13914e+06
2330.07	  1.13762e+06
2331.18	  1.1361e+06
2332.28	  1.13458e+06
2333.38	  1.13307e+06
2334.47	  1.13156e+06
2335.57	  1.13005e+06
2336.68	  1.12854e+06
2337.78	  1.12704e+06
2338.88	  1.12553e+06
2339.97	  1.12403e+06
2341.07	  1.12254e+06
2342.18	  1.12104e+06
2343.28	  1.11955e+06
2344.38	  1.11805e+06
2345.47	  1.11656e+06
2346.57	  1.11508e+06
2347.68	  1.11359e+06
2348.78	  1.11211e+06
2349.88	  1.11063e+06
2350.97	  1.10915e+06
2352.07	  1.10767e+06
2353.18	  1.1062e+06
2354.28	  1.10472e+06
2355.38	  1.10325e+06
2356.47	  1.10178e+06
2357.57	  1.10032e+06
2358.68	  1.09885e+06
2359.78	  1.09739e+06
2360.88	  1.09593e+06
2361.97	  1.09447e+06
2363.07	  1.09302e+06
2364.18	  1.09156e+06
2365.28	  1.09011e+06
2366.38	  1.08866e+06
2367.47	  1.08722e+06
2368.57	  1.08577e+06
2369.68	  1.08433e+06
2370.78	  1.08289e+06
2371.88	  1.08145e+06
2372.97	  1.08001e+06
2374.07	  1.07858e+06
2375.18	  1.07714e+06
2376.28	  1.07571e+06
2377.38	  1.07429e+06
2378.47	  1.07286e+06
2379.57	  1.07143e+06
2380.68	  1.07001e+06
2381.78	  1.06859e+06
2382.88	  1.06717e+06
2383.97	  1.06576e+06
2385.07	  1.06434e+06
2386.18	  1.06293e+06
2387.28	  1.06152e+06
2388.38	  1.06011e+06
2389.47	  1.05871e+06
2390.57	  1.0573e+06
2391.68	  1.0559e+06
2392.78	  1.0545e+06
2393.88	  1.0531e+06
2394.97	  1.05171e+06
2396.07	  1.05031e+06
2397.18	  1.04892e+06
2398.28	  1.04753e+06
2399.38	  1.04614e+06
2400.47	  1.04476e+06
2401.57	  1.04337e+06
2402.68	  1.04199e+06
2403.78	  1.04061e+06
2404.88	  1.03923e+06
2405.97	  1.03786e+06
2407.07	  1.03648e+06
2408.18	  1.03511e+06
2409.28	  1.03374e+06
2410.38	  1.03237e+06
2411.47	  1.03101e+06
2412.57	  1.02964e+06
2413.68	  1.02828e+06
2414.78	  1.02692e+06
2415.88	  1.02556e+06
2416.97	  1.02421e+06
2418.07	  1.02285e+06
2419.18	  1.0215e+06
2420.28	  1.02015e+06
2421.38	  1.0188e+06
2422.47	  1.01746e+06
2423.57	  1.01611e+06
2424.68	  1.01477e+06
2425.78	  1.01343e+06
2426.88	  1.01209e+06
2427.97	  1.01075e+06
2429.07	  1.00942e+06
2430.18	  1.00808e+06
2431.28	  1.00675e+06
2432.38	  1.00542e+06
2433.47	  1.0041e+06
2434.57	  1.00277e+06
2435.68	  1.00145e+06
2436.78	  1.00013e+06
2437.88	  998807
2438.97	  997490
2440.07	  996174
2441.18	  994860
2442.28	  993548
2443.38	  992238
2444.47	  990930
2445.57	  989624
2446.68	  988319
2447.78	  987017
2448.88	  985716
2449.97	  984417
2451.07	  983120
2452.18	  981825
2453.28	  980532
2454.38	  979241
2455.47	  977951
2456.57	  976664
2457.68	  975378
2458.78	  974094
2459.88	  972812
2460.97	  971532
2462.07	  970254
2463.18	  968977
2464.28	  967702
2465.38	  966430
2466.47	  965159
2467.57	  963889
2468.68	  962622
2469.78	  961357
2470.88	  960093
2471.97	  958831
2473.07	  957571
2474.18	  956313
2475.28	  955056
2476.38	  953802
2477.47	  952549
