Emission arising from a slab of Hydrogen (both H and H-).
   
Parameters of the slab:
n_e = 1e+15 cm-3
T_e = 9750 K
tau(lambda=300 nm) = 0.01
L = 12221.4 cm
   
Wavelength (nm), Emission (erg s-1 cm-2 nm-1 sr-1)
50	  58.4752
91.2	  578.764
120	  15853.7
150	  124080
175	  359772
200	  773259
225	  1.35377e+06
250	  2.06718e+06
270	  2.69985e+06
290	  3.35897e+06
300	  3.69094e+06
305	  3.85635e+06
310	  4.02098e+06
315	  4.18455e+06
320	  4.3468e+06
322.5	  4.42735e+06
325	  4.50749e+06
327	  4.57127e+06
329	  4.63475e+06
329.999	  4.66635e+06
330.266	  4.67478e+06
330.533	  4.6832e+06
330.8	  4.69162e+06
331.067	  4.70004e+06
331.334	  4.70844e+06
331.601	  4.71684e+06
331.868	  4.72524e+06
332.135	  4.73363e+06
332.402	  4.74201e+06
332.669	  4.75039e+06
332.936	  4.75876e+06
333.203	  4.76713e+06
333.47	  4.77549e+06
333.737	  4.78384e+06
334.004	  4.79219e+06
334.271	  4.80053e+06
334.538	  4.80887e+06
334.805	  4.8172e+06
335.072	  4.82552e+06
335.339	  4.83384e+06
335.606	  4.84215e+06
335.873	  4.85045e+06
336.14	  4.85875e+06
336.407	  4.86704e+06
336.674	  4.87532e+06
336.941	  4.8836e+06
337.208	  4.89187e+06
337.475	  4.90014e+06
337.742	  4.9084e+06
338.009	  4.91665e+06
338.276	  4.9249e+06
338.543	  4.93314e+06
338.81	  4.94137e+06
339.077	  4.94959e+06
339.344	  4.95781e+06
339.611	  4.96603e+06
339.878	  4.97423e+06
340.145	  4.98243e+06
340.412	  4.99062e+06
340.679	  4.99881e+06
340.946	  5.00699e+06
341.213	  5.01516e+06
341.48	  5.02333e+06
341.747	  5.03148e+06
342.014	  5.03963e+06
342.281	  5.04778e+06
342.548	  5.05592e+06
342.815	  5.06405e+06
343.082	  5.07217e+06
343.349	  5.08029e+06
343.616	  5.0884e+06
343.883	  5.0965e+06
344.15	  5.10459e+06
344.417	  5.11268e+06
344.684	  5.12076e+06
344.951	  5.12884e+06
345.218	  5.1369e+06
345.485	  5.14496e+06
345.752	  5.15301e+06
346.019	  5.16106e+06
346.286	  5.16909e+06
346.553	  5.17712e+06
346.82	  5.18515e+06
347.087	  5.19316e+06
347.354	  5.20117e+06
347.621	  5.20917e+06
347.888	  5.21716e+06
348.155	  5.22515e+06
348.422	  5.23313e+06
348.689	  5.2411e+06
348.956	  5.24906e+06
349.223	  5.25702e+06
349.49	  5.26497e+06
349.757	  5.27291e+06
350.024	  5.28084e+06
350.291	  5.28876e+06
350.558	  5.29668e+06
350.825	  5.30459e+06
351.092	  5.31249e+06
351.359	  5.32039e+06
351.626	  5.32827e+06
351.893	  5.33615e+06
352.16	  5.34402e+06
352.427	  5.35189e+06
352.694	  5.35974e+06
352.961	  5.36759e+06
353.228	  5.37543e+06
353.495	  5.38326e+06
353.762	  5.39109e+06
354.029	  5.3989e+06
354.296	  5.40671e+06
354.563	  5.41451e+06
354.83	  5.4223e+06
355.097	  5.43009e+06
355.364	  5.43786e+06
355.631	  5.44563e+06
355.898	  5.45339e+06
356.165	  5.46115e+06
356.432	  5.46889e+06
356.699	  5.47663e+06
356.966	  5.48435e+06
357.233	  5.49207e+06
357.5	  5.49979e+06
357.767	  5.50749e+06
358.034	  5.51518e+06
358.301	  5.52287e+06
358.568	  5.53055e+06
358.835	  5.53822e+06
359.102	  5.54588e+06
359.369	  5.55354e+06
359.636	  5.56118e+06
359.903	  5.56882e+06
360.17	  5.57645e+06
360.437	  5.58407e+06
360.704	  5.59168e+06
360.971	  5.59929e+06
361.238	  5.60688e+06
361.505	  5.61447e+06
361.772	  5.62205e+06
362.039	  5.62962e+06
362.306	  5.63718e+06
362.573	  5.64473e+06
363	  5.6568e+06
363.027	  5.65756e+06
363.054	  5.65831e+06
363.08	  5.65906e+06
363.107	  5.65982e+06
363.134	  5.66057e+06
363.16	  5.66132e+06
363.187	  5.66208e+06
363.214	  5.66283e+06
363.24	  5.66358e+06
363.267	  5.66433e+06
363.294	  5.66509e+06
363.321	  5.66584e+06
363.347	  5.66659e+06
363.374	  5.66734e+06
363.401	  5.6681e+06
363.427	  5.66885e+06
363.454	  5.6696e+06
363.481	  5.67035e+06
363.508	  5.67111e+06
363.534	  5.67186e+06
363.561	  5.67261e+06
363.588	  5.67336e+06
363.614	  5.67411e+06
363.641	  5.67486e+06
363.668	  5.67561e+06
363.694	  5.67637e+06
363.721	  5.67712e+06
363.748	  5.67787e+06
363.774	  5.67862e+06
363.801	  5.67937e+06
363.828	  5.68012e+06
363.855	  5.68087e+06
363.881	  5.68162e+06
363.908	  5.68237e+06
363.935	  5.68312e+06
363.961	  5.68388e+06
363.988	  5.68463e+06
364.015	  5.68538e+06
364.041	  5.68613e+06
364.068	  5.68688e+06
364.095	  5.68763e+06
364.122	  5.68838e+06
364.148	  5.68913e+06
364.175	  5.68988e+06
364.202	  5.69063e+06
364.228	  5.69138e+06
364.255	  5.69213e+06
364.282	  5.69288e+06
364.308	  5.69362e+06
364.335	  5.69437e+06
364.362	  5.69512e+06
364.389	  5.69587e+06
364.415	  5.69662e+06
364.442	  5.69737e+06
364.469	  5.69812e+06
364.495	  5.69887e+06
364.522	  5.69961e+06
364.549	  5.70036e+06
364.575	  5.70111e+06
364.602	  5.70186e+06
364.629	  5.70261e+06
364.656	  5.70335e+06
364.682	  5.7041e+06
364.709	  5.70485e+06
364.736	  405662
364.762	  405707
364.789	  405752
364.816	  405797
364.842	  405842
364.869	  405887
364.896	  405932
364.923	  405977
364.949	  406022
364.976	  406067
365.003	  406112
365.029	  406157
365.056	  406202
365.083	  406247
365.11	  406292
365.136	  406337
365.163	  406382
365.19	  406427
365.216	  406472
365.243	  406516
365.27	  406561
365.296	  406606
365.323	  406651
365.35	  406696
365.377	  406741
365.403	  406786
365.43	  406831
365.457	  406876
365.483	  406920
365.51	  406965
365.537	  407010
365.563	  407055
365.59	  407100
365.617	  407145
365.643	  407189
365.67	  407234
365.697	  407279
365.724	  407324
365.75	  407369
365.777	  407413
365.804	  407458
365.83	  407503
365.857	  407548
365.884	  407593
365.91	  407637
365.937	  407682
365.964	  407727
365.991	  407772
365.991	  407772
366.258	  408219
366.525	  408665
366.792	  409111
367.059	  409556
367.326	  410001
367.593	  410445
367.86	  410889
368.127	  411331
368.394	  411774
368.661	  412215
368.928	  412656
369.195	  413096
369.462	  413536
369.729	  413975
369.996	  414414
370.263	  414852
370.53	  415289
370.797	  415726
371.064	  416162
371.331	  416597
371.598	  417032
371.865	  417466
372.132	  417900
372.399	  418333
372.666	  418765
372.933	  419197
373.2	  419628
373.467	  420058
373.734	  420488
374.001	  420917
374.268	  421346
374.535	  421774
374.802	  422201
375.069	  422628
375.336	  423054
375.603	  423479
375.87	  423904
376.137	  424328
376.404	  424752
376.671	  425175
376.938	  425597
377.205	  426019
377.472	  426440
377.739	  426860
378.006	  427280
378.273	  427699
378.54	  428118
378.807	  428536
379.074	  428953
379.341	  429370
379.608	  429786
379.875	  430202
380.142	  430617
380.409	  431031
380.676	  431444
380.943	  431857
381.21	  432270
381.477	  432681
381.744	  433092
382.011	  433503
382.278	  433913
382.545	  434322
382.812	  434730
383.079	  435138
383.346	  435546
383.613	  435952
383.88	  436358
384.147	  436764
384.414	  437169
384.681	  437573
384.948	  437976
385.215	  438379
385.482	  438782
385.749	  439183
386.016	  439584
386.283	  439985
386.55	  440384
386.817	  440784
387.084	  441182
387.351	  441580
387.618	  441977
387.885	  442374
388.152	  442770
388.419	  443165
388.686	  443560
388.953	  443954
389.22	  444347
389.487	  444740
389.754	  445133
390.021	  445524
390.288	  445915
390.555	  446305
390.822	  446695
391.089	  447084
391.356	  447473
391.623	  447861
391.89	  448248
392.157	  448634
392.424	  449020
392.691	  449405
392.958	  449790
393.225	  450174
393.492	  450558
393.759	  450940
394.026	  451323
394.293	  451704
394.56	  452085
394.827	  452465
395.094	  452845
395.361	  453224
395.628	  453602
395.895	  453980
396.162	  454357
396.429	  454734
396.696	  455110
396.963	  455485
397.23	  455860
397.497	  456234
397.764	  456607
398.031	  456980
398.298	  457352
398.565	  457723
398.832	  458094
399.099	  458465
399.366	  458834
399.633	  459203
399.9	  459571
400.167	  459939
400.434	  460306
400.701	  460673
400.968	  461039
401.235	  461404
401.502	  461769
401.769	  462133
402.036	  462496
402.303	  462859
402.57	  463221
402.837	  463582
403.104	  463943
403.371	  464303
403.638	  464663
403.905	  465022
404.172	  465380
404.439	  465738
404.706	  466095
404.973	  466452
405.24	  466808
405.507	  467163
405.774	  467517
406.041	  467871
406.308	  468225
406.575	  468578
406.842	  468930
407.109	  469281
407.376	  469632
407.643	  469983
407.91	  470332
408.177	  470681
408.444	  471030
408.711	  471377
408.978	  471725
409.245	  472071
409.512	  472417
409.779	  472763
410.046	  473107
410.313	  473451
410.58	  473795
410.847	  474138
411.114	  474480
411.381	  474821
411.648	  475162
411.915	  475503
412.182	  475843
412.449	  476182
412.716	  476520
412.983	  476858
413.25	  477196
413.517	  477532
413.784	  477868
414.051	  478204
414.318	  478539
414.585	  478873
414.852	  479207
415.119	  479540
415.386	  479872
415.653	  480204
415.92	  480535
416.187	  480865
416.454	  481195
416.721	  481525
416.988	  481854
417.255	  482182
417.522	  482509
417.789	  482836
418.056	  483162
418.323	  483488
418.59	  483813
418.857	  484137
419.124	  484461
419.391	  484785
419.658	  485107
419.925	  485429
420.192	  485751
420.459	  486071
420.726	  486392
420.993	  486711
421.26	  487030
421.527	  487349
421.794	  487666
422.061	  487984
422.328	  488300
422.595	  488616
422.862	  488931
423.129	  489246
423.396	  489560
423.663	  489874
423.93	  490187
424.197	  490499
424.464	  490811
424.731	  491122
424.998	  491433
425.265	  491743
425.532	  492052
425.799	  492361
426.066	  492669
426.333	  492976
426.6	  493283
426.867	  493590
427.134	  493895
427.401	  494200
427.668	  494505
427.935	  494809
428.202	  495112
428.469	  495415
428.736	  495717
429.003	  496019
429.27	  496320
429.537	  496620
429.804	  496920
430.071	  497219
430.338	  497518
430.605	  497816
430.872	  498113
431.139	  498410
431.406	  498706
431.673	  499002
431.94	  499297
432.207	  499591
432.474	  499885
432.741	  500179
433.008	  500471
433.275	  500763
433.542	  501055
433.809	  501346
434.076	  501636
434.343	  501926
434.61	  502215
434.877	  502504
435.144	  502792
435.411	  503079
435.678	  503366
435.945	  503652
436.212	  503938
436.479	  504223
436.746	  504507
437.013	  504791
437.28	  505075
437.547	  505357
437.814	  505640
438.081	  505921
438.348	  506202
438.615	  506483
438.882	  506762
439.149	  507042
439.416	  507320
439.683	  507598
439.95	  507876
440.217	  508153
440.484	  508429
440.751	  508705
441.018	  508980
441.285	  509255
441.552	  509529
441.819	  509803
442.086	  510075
442.353	  510348
442.62	  510620
442.887	  510891
443.154	  511161
443.421	  511431
443.688	  511701
443.955	  511970
444.222	  512238
444.489	  512506
444.756	  512773
445.023	  513040
445.29	  513306
445.557	  513571
445.824	  513836
446.091	  514101
446.358	  514365
446.625	  514628
446.892	  514890
447.159	  515153
447.426	  515414
447.693	  515675
447.96	  515935
448.227	  516195
448.494	  516455
448.761	  516713
449.028	  516971
449.295	  517229
449.562	  517486
449.829	  517743
450.096	  517999
450.363	  518254
450.63	  518509
450.897	  518763
451.164	  519017
451.431	  519270
451.698	  519522
451.965	  519774
452.232	  520026
452.499	  520277
452.766	  520527
453.033	  520777
453.3	  521026
453.567	  521275
453.834	  521523
454.101	  521771
454.368	  522018
454.635	  522264
454.902	  522510
455.169	  522755
455.436	  523000
455.703	  523245
455.97	  523488
456.237	  523731
456.504	  523974
456.771	  524216
457.038	  524458
457.305	  524699
457.572	  524939
457.839	  525179
458.106	  525419
458.373	  525657
458.64	  525896
458.907	  526133
459.174	  526371
459.441	  526607
459.708	  526843
459.975	  527079
460.242	  527314
460.509	  527549
460.776	  527782
461.043	  528016
461.31	  528249
461.577	  528481
461.844	  528713
462.111	  528944
462.378	  529175
462.645	  529405
462.912	  529635
463.179	  529864
463.446	  530093
463.713	  530321
463.98	  530548
464.247	  530775
464.514	  531002
464.781	  531227
465.048	  531453
465.315	  531678
465.582	  531902
465.849	  532126
466.116	  532349
466.383	  532572
466.65	  532794
466.917	  533016
467.184	  533237
467.451	  533458
467.718	  533678
467.985	  533897
468.252	  534117
468.519	  534335
468.786	  534553
469.053	  534771
469.32	  534988
469.587	  535204
469.854	  535420
470.121	  535636
470.388	  535850
470.655	  536065
470.922	  536279
471.189	  536492
471.456	  536705
471.723	  536917
471.99	  537129
472.257	  537340
472.524	  537551
472.791	  537761
473.058	  537971
473.325	  538180
473.592	  538389
473.859	  538597
474.126	  538805
474.393	  539012
474.66	  539219
474.927	  539425
475.194	  539631
475.461	  539836
475.728	  540040
475.995	  540244
476.262	  540448
476.529	  540651
476.796	  540854
477.063	  541056
477.33	  541257
477.597	  541458
477.864	  541659
478.131	  541859
478.398	  542059
478.665	  542258
478.932	  542456
479.199	  542654
479.466	  542852
479.733	  543049
480	  543246
480.267	  543442
480.534	  543637
480.801	  543832
481.068	  544027
481.335	  544221
481.602	  544415
481.869	  544608
482.136	  544800
482.403	  544992
482.67	  545184
482.937	  545375
483.204	  545566
483.471	  545756
483.738	  545945
484.005	  546134
484.272	  546323
484.539	  546511
484.806	  546699
485.073	  546886
485.34	  547073
485.607	  547259
485.874	  547445
486.141	  547630
486.408	  547815
486.675	  547999
486.942	  548183
487.209	  548366
487.476	  548549
487.743	  548731
488.01	  548913
488.277	  549094
488.544	  549275
488.811	  549455
489.078	  549635
489.345	  549815
489.612	  549994
489.879	  550172
490.146	  550350
490.413	  550528
490.68	  550705
490.947	  550881
491.214	  551057
491.481	  551233
491.748	  551408
492.015	  551583
492.282	  551757
492.549	  551931
492.816	  552104
493.083	  552277
493.35	  552449
493.617	  552621
493.884	  552792
494.151	  552963
494.418	  553133
494.685	  553303
494.952	  553473
495.219	  553642
495.486	  553810
495.753	  553978
496.02	  554146
496.287	  554313
496.554	  554480
496.821	  554646
497.088	  554812
497.355	  554977
497.622	  555142
497.889	  555306
498.156	  555470
498.423	  555634
498.69	  555796
498.957	  555959
499.224	  556121
499.491	  556283
499.758	  556444
500.025	  556604
500.292	  556765
500.559	  556924
500.826	  557084
501.093	  557243
501.36	  557401
501.627	  557559
501.894	  557716
502.161	  557873
502.428	  558030
502.695	  558186
502.962	  558342
503.229	  558497
503.496	  558652
503.763	  558806
504.03	  558960
504.297	  559114
504.564	  559267
504.831	  559419
505.098	  559571
505.365	  559723
505.632	  559874
505.899	  560025
506.166	  560175
506.433	  560325
506.7	  560474
506.967	  560623
507.234	  560772
507.501	  560920
507.768	  561068
508.035	  561215
508.302	  561362
508.569	  561508
508.836	  561654
509.103	  561799
509.37	  561944
509.637	  562089
509.904	  562233
510.171	  562377
510.438	  562520
510.705	  562663
510.972	  562805
511.239	  562947
511.506	  563089
511.773	  563230
512.04	  563370
512.307	  563511
512.574	  563651
512.841	  563790
513.108	  563929
513.375	  564067
513.642	  564205
513.909	  564343
514.176	  564480
514.443	  564617
514.71	  564753
514.977	  564889
515.244	  565025
515.511	  565160
515.778	  565295
516.045	  565429
516.312	  565563
516.579	  565696
516.846	  565829
517.113	  565962
517.38	  566094
517.647	  566226
517.914	  566357
518.181	  566488
518.448	  566618
518.715	  566748
518.982	  566878
519.249	  567007
519.516	  567136
519.783	  567264
520.05	  567392
520.317	  567520
520.584	  567647
520.851	  567774
521.118	  567900
521.385	  568026
521.652	  568151
521.919	  568276
522.186	  568401
522.453	  568525
522.72	  568649
522.987	  568772
523.254	  568895
523.521	  569018
523.788	  569140
524.055	  569262
524.322	  569383
524.589	  569504
524.856	  569625
525.123	  569745
525.39	  569865
525.657	  569984
525.924	  570103
526.191	  570222
526.458	  570340
526.725	  570458
526.992	  570575
527.259	  570692
527.526	  570808
527.793	  570924
528.06	  571040
528.327	  571156
528.594	  571270
528.861	  571385
529.128	  571499
529.395	  571613
529.662	  571726
529.929	  571839
530.196	  571952
530.463	  572064
530.73	  572176
530.997	  572287
531.264	  572398
531.531	  572509
531.798	  572619
532.065	  572729
532.332	  572838
532.599	  572947
532.866	  573056
533.133	  573164
533.4	  573272
533.667	  573379
533.934	  573487
534.201	  573593
534.468	  573700
534.735	  573805
535.002	  573911
535.269	  574016
535.536	  574121
535.803	  574225
536.07	  574329
536.337	  574433
536.604	  574536
536.871	  574639
537.138	  574742
537.405	  574844
537.672	  574945
537.939	  575047
538.206	  575148
538.473	  575248
538.74	  575349
539.007	  575448
539.274	  575548
539.541	  575647
539.808	  575746
540.075	  575844
540.342	  575942
540.609	  576039
540.876	  576137
541.143	  576233
541.41	  576330
541.677	  576426
541.944	  576522
542.211	  576617
542.478	  576712
542.745	  576807
543.012	  576901
543.279	  576995
543.546	  577088
543.813	  577181
544.08	  577274
544.347	  577367
544.614	  577459
544.881	  577550
545.148	  577642
545.415	  577733
545.682	  577823
545.949	  577913
546.216	  578003
546.483	  578093
546.75	  578182
547.017	  578271
547.284	  578359
547.551	  578447
547.818	  578535
548.085	  578622
548.352	  578709
548.619	  578796
548.886	  578882
549.153	  578968
549.42	  579053
549.687	  579138
549.954	  579223
550.221	  579308
550.488	  579392
550.755	  579475
551.022	  579559
551.289	  579642
551.556	  579725
551.823	  579807
552.09	  579889
552.357	  579971
552.624	  580052
552.891	  580133
553.158	  580213
553.425	  580294
553.692	  580374
553.959	  580453
554.226	  580532
554.493	  580611
554.76	  580690
555.027	  580768
555.294	  580846
555.561	  580923
555.828	  581000
556.095	  581077
556.362	  581153
556.629	  581229
556.896	  581305
557.163	  581381
557.43	  581456
557.697	  581530
557.964	  581605
558.231	  581679
558.498	  581752
558.765	  581826
559.032	  581899
559.299	  581972
559.566	  582044
560.009	  582163
560.296	  582240
560.583	  582316
560.87	  582392
561.157	  582468
561.444	  582543
561.731	  582618
562.018	  582693
562.305	  582767
562.592	  582840
562.879	  582914
563.166	  582987
563.453	  583059
563.74	  583131
564.027	  583203
564.314	  583275
564.601	  583346
564.888	  583416
565.175	  583487
565.462	  583556
565.749	  583626
566.036	  583695
566.323	  583764
566.61	  583832
566.897	  583900
567.184	  583968
567.471	  584035
567.758	  584102
568.045	  584169
568.332	  584235
568.619	  584301
568.906	  584366
569.193	  584431
569.48	  584496
569.767	  584560
570.054	  584624
570.341	  584688
570.628	  584751
570.915	  584814
571.202	  584876
571.489	  584938
571.776	  585000
572.063	  585061
572.35	  585122
572.637	  585183
572.924	  585243
573.211	  585303
573.498	  585363
573.785	  585422
574.072	  585481
574.359	  585539
574.646	  585598
574.933	  585655
575.22	  585713
575.507	  585770
575.794	  585827
576.081	  585883
576.368	  585939
576.655	  585995
576.942	  586050
577.229	  586105
577.516	  586159
577.803	  586214
578.09	  586267
578.377	  586321
578.664	  586374
578.951	  586427
579.238	  586479
579.525	  586532
579.812	  586583
580.099	  586635
580.386	  586686
580.673	  586737
580.96	  586787
581.247	  586837
581.534	  586887
581.821	  586936
582.108	  586985
582.395	  587034
582.682	  587082
582.969	  587130
583.256	  587178
583.543	  587225
583.83	  587272
584.117	  587319
584.404	  587365
584.691	  587411
584.978	  587457
585.265	  587502
585.552	  587547
585.839	  587592
586.126	  587636
586.413	  587680
586.7	  587723
586.987	  587767
587.274	  587810
587.561	  587852
587.848	  587895
588.135	  587936
588.422	  587978
588.709	  588019
588.996	  588060
589.283	  588101
589.57	  588141
589.857	  588181
590.144	  588221
590.431	  588260
590.718	  588299
591.005	  588338
591.292	  588376
591.579	  588414
591.866	  588452
592.153	  588489
592.44	  588526
592.727	  588563
593.014	  588599
593.301	  588635
593.588	  588671
593.875	  588707
594.162	  588742
594.449	  588777
594.736	  588811
595.023	  588845
595.31	  588879
595.597	  588913
595.884	  588946
596.171	  588979
596.458	  589011
596.745	  589044
597.032	  589075
597.319	  589107
597.606	  589138
597.893	  589169
598.18	  589200
598.467	  589230
598.754	  589261
599.041	  589290
599.328	  589320
599.615	  589349
599.902	  589378
600.189	  589406
600.476	  589434
600.763	  589462
601.05	  589490
601.337	  589517
601.624	  589544
601.911	  589571
602.198	  589597
602.485	  589623
602.772	  589649
603.059	  589675
603.346	  589700
603.633	  589725
603.92	  589749
604.207	  589773
604.494	  589797
604.781	  589821
605.068	  589844
605.355	  589868
605.642	  589890
605.929	  589913
606.216	  589935
606.503	  589957
606.79	  589978
607.077	  590000
607.364	  590021
607.651	  590041
607.938	  590062
608.225	  590082
608.512	  590102
608.799	  590121
609.086	  590140
609.373	  590159
609.66	  590178
609.947	  590196
610.234	  590214
610.521	  590232
610.808	  590250
611.095	  590267
611.382	  590284
611.669	  590300
611.956	  590317
612.243	  590333
612.53	  590348
612.817	  590364
613.104	  590379
613.391	  590394
613.678	  590408
613.965	  590423
614.252	  590437
614.539	  590451
614.826	  590464
615.113	  590477
615.4	  590490
615.687	  590503
615.974	  590515
616.261	  590527
616.548	  590539
616.835	  590551
617.122	  590562
617.409	  590573
617.696	  590583
617.983	  590594
618.27	  590604
618.557	  590614
618.844	  590623
619.131	  590633
619.418	  590642
619.705	  590650
619.992	  590659
620.279	  590667
620.566	  590675
620.853	  590683
621.14	  590690
621.427	  590697
621.714	  590704
622.001	  590711
622.288	  590717
622.575	  590723
622.862	  590729
623.149	  590734
623.436	  590740
623.723	  590745
624.01	  590749
624.297	  590754
624.584	  590758
624.871	  590762
625.158	  590765
625.445	  590769
625.732	  590772
626.019	  590775
626.306	  590777
626.593	  590780
626.88	  590782
627.167	  590784
627.454	  590785
627.741	  590786
628.028	  590787
628.315	  590788
628.602	  590789
628.889	  590789
629.176	  590789
629.463	  590789
629.75	  590788
630.037	  590787
630.324	  590786
630.611	  590785
630.898	  590783
631.185	  590782
631.472	  590779
631.759	  590777
632.046	  590775
632.333	  590772
632.62	  590769
632.907	  590765
633.194	  590762
633.481	  590758
633.768	  590754
634.055	  590750
634.342	  590745
634.629	  590740
634.916	  590735
635.203	  590730
635.49	  590724
635.777	  590718
636.064	  590712
636.351	  590706
636.638	  590699
636.925	  590693
637.212	  590686
637.499	  590678
637.786	  590671
638.073	  590663
638.36	  590655
638.647	  590647
638.934	  590638
639.221	  590629
639.508	  590620
639.795	  590611
640.082	  590602
640.369	  590592
640.656	  590582
640.943	  590572
641.23	  590561
641.517	  590551
641.804	  590540
642.091	  590528
642.378	  590517
642.665	  590505
642.952	  590494
643.239	  590481
643.526	  590469
643.813	  590457
644.1	  590444
644.387	  590431
644.674	  590417
644.961	  590404
645.248	  590390
645.535	  590376
645.822	  590362
646.109	  590348
646.396	  590333
646.683	  590318
646.97	  590303
647.257	  590287
647.544	  590272
647.831	  590256
648.118	  590240
648.405	  590224
648.692	  590207
648.979	  590190
649.266	  590174
649.553	  590156
649.84	  590139
650.127	  590121
650.414	  590103
650.701	  590085
650.988	  590067
651.275	  590048
651.562	  590030
651.849	  590011
652.136	  589992
652.423	  589972
652.71	  589952
652.997	  589933
653.284	  589912
653.571	  589892
653.858	  589872
654.145	  589851
654.432	  589830
654.719	  589809
655.006	  589787
655.293	  589766
655.58	  589744
655.867	  589722
656.154	  589699
656.441	  589677
656.728	  589654
657.015	  589631
657.302	  589608
657.589	  589585
657.876	  589561
658.163	  589537
658.45	  589513
658.737	  589489
659.024	  589465
659.311	  589440
659.598	  589415
659.885	  589390
660.172	  589365
660.459	  589339
660.746	  589314
661.033	  589288
661.32	  589262
661.607	  589235
661.894	  589209
662.181	  589182
662.468	  589155
662.755	  589128
663.042	  589101
663.329	  589073
663.616	  589045
663.903	  589017
664.19	  588989
664.477	  588961
664.764	  588932
665.051	  588903
665.338	  588874
665.625	  588845
665.912	  588816
666.199	  588786
666.486	  588756
666.773	  588726
667.06	  588696
667.347	  588666
667.634	  588635
667.921	  588604
668.208	  588573
668.495	  588542
668.782	  588510
669.069	  588479
669.356	  588447
669.643	  588415
669.93	  588383
670.217	  588350
670.504	  588318
670.791	  588285
671.078	  588252
671.365	  588219
671.652	  588185
671.939	  588152
672.226	  588118
672.513	  588084
672.8	  588050
673.087	  588015
673.374	  587981
673.661	  587946
673.948	  587911
674.235	  587876
674.522	  587840
674.809	  587805
675.096	  587769
675.383	  587733
675.67	  587697
675.957	  587661
676.244	  587624
676.531	  587588
676.818	  587551
677.105	  587514
677.392	  587477
677.679	  587439
677.966	  587401
678.253	  587364
678.54	  587326
678.827	  587288
679.114	  587249
679.401	  587211
679.688	  587172
679.975	  587133
680.262	  587094
680.549	  587055
680.836	  587015
681.123	  586975
681.41	  586936
681.697	  586896
681.984	  586855
682.271	  586815
682.558	  586774
682.845	  586734
683.132	  586693
683.419	  586652
683.706	  586610
683.993	  586569
684.28	  586527
684.567	  586485
684.854	  586443
685.141	  586401
685.428	  586359
685.715	  586316
686.002	  586274
686.289	  586231
686.576	  586188
686.863	  586144
687.15	  586101
687.437	  586057
687.724	  586014
688.011	  585970
688.298	  585925
688.585	  585881
688.872	  585837
689.159	  585792
689.446	  585747
689.733	  585702
690.02	  585657
690.307	  585612
690.594	  585566
690.881	  585521
691.168	  585475
691.455	  585429
691.742	  585382
692.029	  585336
692.316	  585290
692.603	  585243
692.89	  585196
693.177	  585149
693.464	  585102
693.751	  585054
694.038	  585007
694.325	  584959
694.612	  584911
694.899	  584863
695.186	  584815
695.473	  584767
695.76	  584718
696.047	  584669
696.334	  584620
696.621	  584571
696.908	  584522
697.195	  584473
697.482	  584423
697.769	  584374
698.056	  584324
698.343	  584274
698.63	  584223
698.917	  584173
699.204	  584123
699.491	  584072
699.778	  584021
700.065	  583970
700.352	  583919
700.639	  583868
700.926	  583816
701.213	  583765
701.5	  583713
701.787	  583661
702.074	  583609
702.361	  583556
702.648	  583504
702.935	  583451
703.222	  583399
703.509	  583346
703.796	  583293
704.083	  583240
704.37	  583186
704.657	  583133
704.944	  583079
705.231	  583025
705.518	  582971
705.805	  582917
706.092	  582863
706.379	  582808
706.666	  582754
706.953	  582699
707.24	  582644
707.527	  582589
707.814	  582534
708.101	  582478
708.388	  582423
708.675	  582367
708.962	  582311
709.249	  582255
709.536	  582199
709.823	  582143
710.11	  582087
710.397	  582030
710.684	  581973
710.971	  581916
711.258	  581859
711.545	  581802
711.832	  581745
712.119	  581687
712.406	  581630
712.693	  581572
712.98	  581514
713.267	  581456
713.554	  581398
713.841	  581340
714.128	  581281
714.415	  581222
714.702	  581164
714.989	  581105
715.276	  581046
715.563	  580987
715.85	  580927
716.137	  580868
716.424	  580808
716.711	  580748
716.998	  580688
717.285	  580628
717.572	  580568
717.859	  580508
718.146	  580447
718.433	  580387
718.72	  580326
719.007	  580265
719.294	  580204
719.581	  580143
719.868	  580081
720.155	  580020
720.442	  579958
720.729	  579897
721.016	  579835
721.303	  579773
721.59	  579710
721.877	  579648
722.164	  579586
722.451	  579523
722.738	  579460
723.025	  579398
723.312	  579335
723.599	  579271
723.886	  579208
724.173	  579145
724.46	  579081
724.747	  579018
725.034	  578954
725.321	  578890
725.608	  578826
725.895	  578762
726.182	  578697
726.469	  578633
726.756	  578568
727.043	  578504
727.33	  578439
727.617	  578374
727.904	  578309
728.191	  578243
728.478	  578178
728.765	  578112
729.052	  578047
729.339	  577981
729.626	  577915
729.913	  577849
730.2	  577783
730.487	  577717
730.774	  577650
731.061	  577584
731.348	  577517
731.635	  577450
731.922	  577383
732.209	  577316
732.496	  577249
732.783	  577182
733.07	  577114
733.357	  577047
733.644	  576979
733.931	  576911
734.218	  576843
734.505	  576775
734.792	  576707
735.079	  576639
735.366	  576570
735.653	  576502
735.94	  576433
736.227	  576364
736.514	  576295
736.801	  576226
737.088	  576157
737.375	  576088
737.662	  576018
737.949	  575949
738.236	  575879
738.523	  575809
738.81	  575739
739.097	  575669
739.384	  575599
739.671	  575529
739.958	  575459
740.245	  575388
740.532	  575317
740.819	  575247
741.106	  575176
741.393	  575105
741.68	  575034
741.967	  574963
742.254	  574891
742.541	  574820
742.828	  574748
743.115	  574676
743.402	  574605
743.689	  574533
743.976	  574461
744.263	  574389
744.55	  574316
744.837	  574244
745.124	  574171
745.411	  574099
745.698	  574026
745.985	  573953
746.272	  573880
746.559	  573807
746.846	  573734
747.133	  573661
747.42	  573587
747.707	  573514
747.994	  573440
748.281	  573366
748.568	  573292
748.855	  573218
749.142	  573144
749.429	  573070
749.716	  572996
750.003	  572921
750.29	  572847
750.577	  572772
750.864	  572697
751.151	  572622
751.438	  572547
751.725	  572472
752.012	  572397
752.299	  572322
752.586	  572246
752.873	  572171
753.16	  572095
753.447	  572020
753.734	  571944
754.021	  571868
754.308	  571792
754.595	  571716
754.882	  571639
755.169	  571563
755.456	  571486
755.743	  571410
756.03	  571333
756.317	  571256
756.604	  571179
756.891	  571102
757.178	  571025
757.465	  570948
757.752	  570871
758.039	  570793
758.326	  570716
758.613	  570638
758.9	  570560
759.187	  570482
759.474	  570404
759.761	  570326
760.048	  570248
760.335	  570170
760.622	  570091
760.909	  570013
761.196	  569934
761.483	  569856
761.77	  569777
762.057	  569698
762.344	  569619
762.631	  569540
762.918	  569461
763.205	  569382
763.492	  569302
763.779	  569223
764.066	  569143
764.353	  569063
764.64	  568984
764.927	  568904
765.214	  568824
765.501	  568744
765.788	  568664
766.075	  568583
766.362	  568503
766.649	  568422
766.936	  568342
767.223	  568261
767.51	  568180
767.797	  568100
768.084	  568019
768.371	  567938
768.658	  567857
768.945	  567775
769.232	  567694
769.519	  567613
769.806	  567531
770.093	  567449
770.38	  567368
770.667	  567286
770.954	  567204
771.241	  567122
771.528	  567040
771.815	  566958
772.102	  566875
772.389	  566793
772.676	  566711
772.963	  566628
773.25	  566545
773.537	  566463
773.824	  566380
774.111	  566297
774.398	  566214
774.685	  566131
774.972	  566048
775.259	  565964
775.546	  565881
775.833	  565797
776.12	  565714
776.407	  565630
776.694	  565547
776.981	  565463
777.268	  565379
777.555	  565295
777.842	  565211
778.129	  565127
778.416	  565042
778.703	  564958
778.99	  564873
779.277	  564789
779.564	  564704
779.851	  564620
780.138	  564535
780.425	  564450
780.712	  564365
780.999	  564280
781.286	  564195
781.573	  564110
781.86	  564024
782.147	  563939
782.434	  563853
782.721	  563768
783.008	  563682
783.295	  563596
783.582	  563511
783.869	  563425
784.156	  563339
784.443	  563253
784.73	  563166
785.017	  563080
785.304	  562994
785.591	  562907
785.878	  562821
786.165	  562734
786.452	  562648
786.739	  562561
787.026	  562474
787.313	  562387
787.6	  562300
787.887	  562213
788.174	  562126
788.461	  562039
788.748	  561951
789.035	  561864
789.322	  561777
789.609	  561689
789.896	  561601
790.183	  561514
790.47	  561426
790.757	  561338
791.044	  561250
791.331	  561162
791.618	  561074
791.905	  560986
792.192	  560897
792.479	  560809
792.766	  560721
793.053	  560632
793.34	  560544
793.627	  560455
793.914	  560366
794.201	  560277
794.488	  560188
794.775	  560099
795.062	  560010
795.349	  559921
795.636	  559832
795.923	  559743
796.21	  559653
796.497	  559564
796.784	  559474
797.071	  559385
797.358	  559295
797.645	  559206
797.932	  559116
798.219	  559026
798.506	  558936
798.793	  558846
799.08	  558756
799.367	  558666
799.654	  558575
799.941	  558485
800.228	  558395
800.515	  558304
800.802	  558214
801.089	  558123
801.376	  558032
801.663	  557941
801.95	  557851
802.237	  557760
802.524	  557669
802.811	  557578
803.098	  557487
803.385	  557395
803.672	  557304
803.959	  557213
804.246	  557121
804.533	  557030
804.82	  556938
805.107	  556847
805.394	  556755
805.681	  556663
805.968	  556571
806.255	  556480
806.542	  556388
806.829	  556296
807.116	  556203
807.403	  556111
807.69	  556019
807.977	  555927
808.264	  555834
808.551	  555742
808.838	  555649
809.125	  555557
809.412	  555464
809.699	  555371
809.986	  555279
810.273	  555186
810.56	  555093
810.847	  555000
811.134	  554907
811.421	  554814
811.708	  554720
811.995	  554627
812.282	  554534
812.569	  554441
812.856	  554347
813.143	  554254
813.43	  554160
813.717	  554066
814.004	  553973
814.291	  553879
814.578	  553785
814.865	  553691
815.152	  553597
815.439	  553503
815.726	  553409
816.013	  553315
816.3	  553221
816.587	  553126
816.874	  553032
817.161	  552938
817.448	  552843
817.735	  552749
818.022	  552654
818.309	  552559
818.596	  552465
818.883	  552370
819.17	  552275
819.457	  552180
820.002	  552000
820.031	  551990
820.059	  551981
820.088	  551971
820.117	  551961
820.146	  551952
820.174	  551942
820.203	  551933
820.232	  551923
820.26	  551914
820.289	  551904
820.318	  551895
820.346	  551885
820.375	  551876
820.404	  551866
820.433	  551857
820.461	  551847
820.49	  551838
820.519	  551828
820.547	  551819
820.576	  551809
820.605	  551800
820.633	  228497
820.662	  228491
820.691	  228486
820.72	  228480
820.748	  228475
820.777	  228470
820.806	  228464
820.834	  228459
820.863	  228454
820.892	  228448
820.92	  228443
820.949	  228438
820.978	  228432
821.007	  228427
821.035	  228422
821.064	  228416
821.093	  228411
821.121	  228406
821.15	  228400
821.179	  228395
821.207	  228390
821.236	  228384
821.265	  228379
821.294	  228374
821.322	  228368
821.351	  228363
821.38	  228358
821.408	  228352
821.437	  228347
821.466	  228342
821.494	  228336
821.523	  228331
821.552	  228326
821.581	  228320
821.609	  228315
821.638	  228309
821.667	  228304
821.695	  228299
821.724	  228293
821.753	  228288
821.781	  228283
821.81	  228277
821.839	  228272
821.868	  228267
821.896	  228261
821.925	  228256
821.954	  228251
821.982	  228245
822.011	  228240
822.011	  228240
822.298	  228187
822.585	  228133
822.872	  228080
823.159	  228026
823.446	  227973
823.733	  227919
824.02	  227866
824.307	  227812
824.594	  227759
824.881	  227705
825.168	  227652
825.455	  227598
825.742	  227545
826.029	  227491
826.316	  227438
826.603	  227384
826.89	  227331
827.177	  227277
827.464	  227224
827.751	  227170
828.038	  227117
828.325	  227063
828.612	  227010
828.899	  226956
829.186	  226903
829.473	  226849
829.76	  226796
830.047	  226742
830.334	  226689
830.621	  226635
830.908	  226582
831.195	  226528
831.482	  226475
831.769	  226421
832.056	  226368
832.343	  226314
832.63	  226260
832.917	  226207
833.204	  226153
833.491	  226100
833.778	  226046
834.065	  225993
834.352	  225939
834.639	  225886
834.926	  225832
835.213	  225778
835.5	  225725
835.787	  225671
836.074	  225618
836.361	  225564
836.648	  225511
836.935	  225457
837.222	  225403
837.509	  225350
837.796	  225296
838.083	  225243
838.37	  225189
838.657	  225136
838.944	  225082
839.231	  225028
839.518	  224975
839.805	  224921
840.092	  224868
840.379	  224814
840.666	  224760
840.953	  224707
841.24	  224653
841.527	  224600
841.814	  224546
842.101	  224493
842.388	  224439
842.675	  224385
842.962	  224332
843.249	  224278
843.536	  224225
843.823	  224171
844.11	  224117
844.397	  224064
844.684	  224010
844.971	  223957
845.258	  223903
845.545	  223849
845.832	  223796
846.119	  223742
846.406	  223689
846.693	  223635
846.98	  223581
847.267	  223528
847.554	  223474
847.841	  223421
848.128	  223367
848.415	  223313
848.702	  223260
848.989	  223206
849.276	  223153
849.563	  223099
849.85	  223045
850.137	  222992
850.424	  222938
850.711	  222885
850.998	  222831
851.285	  222778
851.572	  222724
851.859	  222670
852.146	  222617
852.433	  222563
852.72	  222510
853.007	  222456
853.294	  222402
853.581	  222349
853.868	  222295
854.155	  222242
854.442	  222188
854.729	  222134
855.016	  222081
855.303	  222027
855.59	  221974
855.877	  221920
856.164	  221867
856.451	  221813
856.738	  221759
857.025	  221706
857.312	  221652
857.599	  221599
857.886	  221545
858.173	  221492
858.46	  221438
858.747	  221384
859.034	  221331
859.321	  221277
859.608	  221224
859.895	  221170
860.182	  221117
860.469	  221063
860.756	  221010
861.043	  220956
861.33	  220902
861.617	  220849
861.904	  220795
862.191	  220742
862.478	  220688
862.765	  220635
863.052	  220581
863.339	  220528
863.626	  220474
863.913	  220421
864.2	  220367
864.487	  220314
864.774	  220260
865.061	  220207
865.348	  220153
865.635	  220100
865.922	  220046
866.209	  219993
866.496	  219939
866.783	  219885
867.07	  219832
867.357	  219778
867.644	  219725
867.931	  219672
868.218	  219618
868.505	  219565
868.792	  219511
869.079	  219458
869.366	  219404
869.653	  219351
869.94	  219297
870.227	  219244
870.514	  219190
870.801	  219137
871.088	  219083
871.375	  219030
871.662	  218976
871.949	  218923
872.236	  218869
872.523	  218816
872.81	  218763
873.097	  218709
873.384	  218656
873.671	  218602
873.958	  218549
874.245	  218495
874.532	  218442
874.819	  218388
875.106	  218335
875.393	  218282
875.68	  218228
875.967	  218175
876.254	  218121
876.541	  218068
876.828	  218015
877.115	  217961
877.402	  217908
877.689	  217854
877.976	  217801
878.263	  217748
878.55	  217694
878.837	  217641
879.124	  217588
879.411	  217534
879.698	  217481
879.985	  217427
880.272	  217374
880.559	  217321
880.846	  217267
881.133	  217214
881.42	  217161
881.707	  217107
881.994	  217054
882.281	  217001
882.568	  216947
882.855	  216894
883.142	  216841
883.429	  216788
883.716	  216734
884.003	  216681
884.29	  216628
884.577	  216574
884.864	  216521
885.151	  216468
885.438	  216415
885.725	  216361
886.012	  216308
886.299	  216255
886.586	  216201
886.873	  216148
887.16	  216095
887.447	  216042
887.734	  215988
888.021	  215935
888.308	  215882
888.595	  215829
888.882	  215776
889.169	  215722
889.456	  215669
889.743	  215616
890.03	  215563
890.317	  215510
890.604	  215456
890.891	  215403
891.178	  215350
891.465	  215297
891.752	  215244
892.039	  215190
892.326	  215137
892.613	  215084
892.9	  215031
893.187	  214978
893.474	  214925
893.761	  214872
894.048	  214818
894.335	  214765
894.622	  214712
894.909	  214659
895.196	  214606
895.483	  214553
895.77	  214500
896.057	  214447
896.344	  214394
896.631	  214341
896.918	  214287
897.205	  214234
897.492	  214181
897.779	  214128
898.066	  214075
898.353	  214022
898.64	  213969
898.927	  213916
899.214	  213863
899.501	  213810
899.788	  213757
900.075	  213704
900.362	  213651
900.649	  213598
900.936	  213545
901.223	  213492
901.51	  213439
901.797	  213386
902.084	  213333
902.371	  213280
902.658	  213227
902.945	  213174
903.232	  213121
903.519	  213068
903.806	  213015
904.093	  212962
904.38	  212909
904.667	  212857
904.954	  212804
905.241	  212751
905.528	  212698
905.815	  212645
906.102	  212592
906.389	  212539
906.676	  212486
906.963	  212433
907.25	  212381
907.537	  212328
907.824	  212275
908.111	  212222
908.398	  212169
908.685	  212116
908.972	  212064
909.259	  212011
909.546	  211958
909.833	  211905
910.12	  211852
910.407	  211800
910.694	  211747
910.981	  211694
911.268	  211641
911.555	  211589
911.842	  211536
912.129	  211483
912.416	  211430
912.703	  211378
912.99	  211325
913.277	  211272
913.564	  211219
913.851	  211167
914.138	  211114
914.425	  211061
914.712	  211009
914.999	  210956
915.286	  210903
915.573	  210851
915.86	  210798
916.147	  210745
916.434	  210693
916.721	  210640
917.008	  210587
917.295	  210535
917.582	  210482
917.869	  210430
918.156	  210377
918.443	  210324
918.73	  210272
919.017	  210219
919.304	  210167
919.591	  210114
919.878	  210061
920.165	  210009
920.452	  209956
920.739	  209904
921.026	  209851
921.313	  209799
921.6	  209746
921.887	  209694
922.174	  209641
922.461	  209589
922.748	  209536
923.035	  209484
923.322	  209431
923.609	  209379
923.896	  209326
924.183	  209274
924.47	  209222
924.757	  209169
925.044	  209117
925.331	  209064
925.618	  209012
925.905	  208960
926.192	  208907
926.479	  208855
926.766	  208802
927.053	  208750
927.34	  208698
927.627	  208645
927.914	  208593
928.201	  208541
928.488	  208488
928.775	  208436
929.062	  208384
929.349	  208331
929.636	  208279
929.923	  208227
930.21	  208175
930.497	  208122
930.784	  208070
931.071	  208018
931.358	  207966
931.645	  207913
931.932	  207861
932.219	  207809
932.506	  207757
932.793	  207704
933.08	  207652
933.367	  207600
933.654	  207548
933.941	  207496
934.228	  207444
934.515	  207391
934.802	  207339
935.089	  207287
935.376	  207235
935.663	  207183
935.95	  207131
936.237	  207079
936.524	  207027
936.811	  206974
937.098	  206922
937.385	  206870
937.672	  206818
937.959	  206766
938.246	  206714
938.533	  206662
938.82	  206610
939.107	  206558
939.394	  206506
939.681	  206454
939.968	  206402
940.255	  206350
940.542	  206298
940.829	  206246
941.116	  206194
941.403	  206142
941.69	  206090
941.977	  206038
942.264	  205986
942.551	  205935
942.838	  205883
943.125	  205831
943.412	  205779
943.699	  205727
943.986	  205675
944.273	  205623
944.56	  205571
944.847	  205520
945.134	  205468
945.421	  205416
945.708	  205364
945.995	  205312
946.282	  205260
946.569	  205209
946.856	  205157
947.143	  205105
947.43	  205053
947.717	  205002
948.004	  204950
948.291	  204898
948.578	  204846
948.865	  204795
949.152	  204743
949.439	  204691
949.726	  204640
950.013	  204588
950.3	  204536
950.587	  204485
950.874	  204433
951.161	  204381
951.448	  204330
951.735	  204278
952.022	  204226
952.309	  204175
952.596	  204123
952.883	  204072
953.17	  204020
953.457	  203969
953.744	  203917
954.031	  203865
954.318	  203814
954.605	  203762
954.892	  203711
955.179	  203659
955.466	  203608
955.753	  203556
956.04	  203505
956.327	  203453
956.614	  203402
956.901	  203350
957.188	  203299
957.475	  203248
957.762	  203196
958.049	  203145
958.336	  203093
958.623	  203042
958.91	  202991
959.197	  202939
959.484	  202888
959.771	  202836
960.058	  202785
960.345	  202734
960.632	  202682
960.919	  202631
961.206	  202580
961.493	  202529
961.78	  202477
962.067	  202426
962.354	  202375
962.641	  202323
962.928	  202272
963.215	  202221
963.502	  202170
963.789	  202119
964.076	  202067
964.363	  202016
964.65	  201965
964.937	  201914
965.224	  201863
965.511	  201811
965.798	  201760
966.085	  201709
966.372	  201658
966.659	  201607
966.946	  201556
967.233	  201505
967.52	  201454
967.807	  201403
968.094	  201351
968.381	  201300
968.668	  201249
968.955	  201198
969.242	  201147
969.529	  201096
969.816	  201045
970.103	  200994
970.39	  200943
970.677	  200892
970.964	  200841
971.251	  200790
971.538	  200739
971.825	  200689
972.112	  200638
972.399	  200587
972.686	  200536
972.973	  200485
973.26	  200434
973.547	  200383
973.834	  200332
974.121	  200281
974.408	  200231
974.695	  200180
974.982	  200129
975.269	  200078
975.556	  200027
975.843	  199977
976.13	  199926
976.417	  199875
976.704	  199824
976.991	  199774
977.278	  199723
977.565	  199672
977.852	  199621
978.139	  199571
978.426	  199520
978.713	  199469
979	  199419
979.287	  199368
979.574	  199317
979.861	  199267
980.148	  199216
980.435	  199165
980.722	  199115
981.009	  199064
981.296	  199014
981.583	  198963
981.87	  198912
982.157	  198862
982.444	  198811
982.731	  198761
983.018	  198710
983.305	  198660
983.592	  198609
983.879	  198559
984.166	  198508
984.453	  198458
984.74	  198407
985.027	  198357
985.314	  198306
985.601	  198256
985.888	  198206
986.175	  198155
986.462	  198105
986.749	  198054
987.036	  198004
987.323	  197954
987.61	  197903
987.897	  197853
988.184	  197803
988.471	  197752
988.758	  197702
989.045	  197652
989.332	  197602
989.619	  197551
989.906	  197501
990.193	  197451
990.48	  197400
990.767	  197350
991.054	  197300
991.341	  197250
991.628	  197200
991.915	  197149
992.202	  197099
992.489	  197049
992.776	  196999
993.063	  196949
993.35	  196899
993.637	  196849
993.924	  196798
994.211	  196748
994.498	  196698
994.785	  196648
995.072	  196598
995.359	  196548
995.646	  196498
995.933	  196448
996.22	  196398
996.507	  196348
996.794	  196298
997.081	  196248
997.368	  196198
997.655	  196148
997.942	  196098
998.229	  196048
998.516	  195998
998.803	  195948
999.09	  195898
999.377	  195849
999.664	  195799
999.951	  195749
1000.24	  195699
1000.52	  195649
1000.81	  195599
1001.1	  195549
1001.39	  195500
1001.67	  195450
1001.96	  195400
1002.25	  195350
1002.53	  195300
1002.82	  195251
1003.11	  195201
1003.39	  195151
1003.68	  195101
1003.97	  195052
1004.26	  195002
1004.54	  194952
1004.83	  194903
1005.12	  194853
1005.4	  194803
1005.69	  194754
1005.98	  194704
1006.26	  194654
1006.55	  194605
1006.84	  194555
1007.13	  194506
1007.41	  194456
1007.7	  194407
1007.99	  194357
1008.27	  194307
1008.56	  194258
1008.85	  194208
1009.13	  194159
1009.42	  194109
1009.71	  194060
1010	  194010
1010.28	  193961
1010.57	  193912
1010.86	  193862
1011.14	  193813
1011.43	  193763
1011.72	  193714
1012	  193665
1012.29	  193615
1012.58	  193566
1012.87	  193516
1013.15	  193467
1013.44	  193418
1013.73	  193368
1014.01	  193319
1014.3	  193270
1014.59	  193221
1014.88	  193171
1015.16	  193122
1015.45	  193073
1015.74	  193024
1016.02	  192974
1016.31	  192925
1016.6	  192876
1016.88	  192827
1017.17	  192778
1017.46	  192728
1017.75	  192679
1018.03	  192630
1018.32	  192581
1018.61	  192532
1018.89	  192483
1019.18	  192434
1019.47	  192385
1019.98	  192298
1021.08	  192110
1022.17	  191922
1023.27	  191734
1024.38	  191547
1025.47	  191360
1026.58	  191173
1027.67	  190986
1028.78	  190799
1029.88	  190613
1030.97	  190426
1032.08	  190240
1033.17	  190054
1034.28	  189868
1035.38	  189683
1036.47	  189497
1037.58	  189312
1038.67	  189127
1039.78	  188942
1040.88	  188757
1041.97	  188573
1043.08	  188388
1044.17	  188204
1045.28	  188020
1046.38	  187836
1047.47	  187653
1048.58	  187469
1049.67	  187286
1050.78	  187103
1051.88	  186920
1052.97	  186737
1054.08	  186555
1055.17	  186373
1056.28	  186190
1057.38	  186008
1058.47	  185827
1059.58	  185645
1060.67	  185464
1061.78	  185282
1062.88	  185101
1063.97	  184920
1065.08	  184740
1066.17	  184559
1067.28	  184379
1068.38	  184199
1069.47	  184019
1070.58	  183839
1071.67	  183660
1072.78	  183480
1073.88	  183301
1074.97	  183122
1076.08	  182943
1077.17	  182765
1078.28	  182586
1079.38	  182408
1080.47	  182230
1081.58	  182052
1082.67	  181874
1083.78	  181697
1084.88	  181520
1085.97	  181343
1087.08	  181166
1088.17	  180989
1089.28	  180812
1090.38	  180636
1091.47	  180460
1092.58	  180284
1093.67	  180108
1094.78	  179933
1095.88	  179757
1096.97	  179582
1098.08	  179407
1099.17	  179232
1100.28	  179058
1101.38	  178883
1102.47	  178709
1103.58	  178535
1104.67	  178361
1105.78	  178187
1106.88	  178014
1107.97	  177841
1109.08	  177667
1110.17	  177495
1111.28	  177322
1112.38	  177149
1113.47	  176977
1114.58	  176805
1115.67	  176633
1116.78	  176461
1117.88	  176290
1118.97	  176118
1120.08	  175947
1121.17	  175776
1122.28	  175605
1123.38	  175435
1124.47	  175264
1125.58	  175094
1126.67	  174924
1127.78	  174754
1128.88	  174585
1129.97	  174415
1131.08	  174246
1132.17	  174077
1133.28	  173908
1134.38	  173739
1135.47	  173571
1136.58	  173403
1137.67	  173234
1138.78	  173067
1139.88	  172899
1140.97	  172731
1142.08	  172564
1143.17	  172397
1144.28	  172230
1145.38	  172063
1146.47	  171897
1147.58	  171730
1148.67	  171564
1149.78	  171398
1150.88	  171232
1151.97	  171067
1153.08	  170901
1154.17	  170736
1155.28	  170571
1156.38	  170406
1157.47	  170242
1158.58	  170077
1159.67	  169913
1160.78	  169749
1161.88	  169585
1162.97	  169421
1164.08	  169258
1165.17	  169095
1166.28	  168932
1167.38	  168769
1168.47	  168606
1169.58	  168444
1170.67	  168281
1171.78	  168119
1172.88	  167957
1173.97	  167795
1175.08	  167634
1176.17	  167472
1177.28	  167311
1178.38	  167150
1179.47	  166990
1180.58	  166829
1181.67	  166669
1182.78	  166508
1183.88	  166348
1184.97	  166188
1186.08	  166029
1187.17	  165869
1188.28	  165710
1189.38	  165551
1190.47	  165392
1191.58	  165233
1192.67	  165075
1193.78	  164917
1194.88	  164759
1195.97	  164601
1197.08	  164443
1198.17	  164285
1199.28	  164128
1200.38	  163971
1201.47	  163814
1202.58	  163657
1203.67	  163500
1204.78	  163344
1205.88	  163188
1206.97	  163032
1208.08	  162876
1209.17	  162720
1210.28	  162565
1211.38	  162410
1212.47	  162254
1213.58	  162100
1214.67	  161945
1215.78	  161790
1216.88	  161636
1217.97	  161482
1219.08	  161328
1220.17	  161174
1221.28	  161021
1222.38	  160867
1223.47	  160714
1224.58	  160561
1225.67	  160408
1226.78	  160256
1227.88	  160103
1228.97	  159951
1230.08	  159799
1231.17	  159647
1232.28	  159495
1233.38	  159344
1234.47	  159192
1235.58	  159041
1236.67	  158890
1237.78	  158739
1238.88	  158589
1239.97	  158438
1241.08	  158288
1242.17	  158138
1243.28	  157988
1244.38	  157839
1245.47	  157689
1246.58	  157540
1247.67	  157391
1248.78	  157242
1249.88	  157093
1250.97	  156945
1252.08	  156796
1253.17	  156648
1254.28	  156500
1255.38	  156352
1256.47	  156205
1257.58	  156057
1258.67	  155910
1259.78	  155763
1260.88	  155616
1261.97	  155469
1263.08	  155323
1264.17	  155176
1265.28	  155030
1266.38	  154884
1267.47	  154738
1268.58	  154593
1269.67	  154447
1270.78	  154302
1271.88	  154157
1272.97	  154012
1274.08	  153867
1275.17	  153723
1276.28	  153579
1277.38	  153434
1278.47	  153290
1279.58	  153147
1280.67	  153003
1281.78	  152859
1282.88	  152716
1283.97	  152573
1285.08	  152430
1286.17	  152288
1287.28	  152145
1288.38	  152003
1289.47	  151860
1290.58	  151718
1291.67	  151577
1292.78	  151435
1293.88	  151293
1294.97	  151152
1296.08	  151011
1297.17	  150870
1298.28	  150729
1299.38	  150589
1300.47	  150448
1301.58	  150308
1302.67	  150168
1303.78	  150028
1304.88	  149889
1305.97	  149749
1307.08	  149610
1308.17	  149471
1309.28	  149332
1310.38	  149193
1311.47	  149054
1312.58	  148916
1313.67	  148777
1314.78	  148639
1315.88	  148501
1316.97	  148364
1318.08	  148226
1319.17	  148089
1320.28	  147951
1321.38	  147814
1322.47	  147677
1323.58	  147541
1324.67	  147404
1325.78	  147268
1326.88	  147132
1327.97	  146996
1329.08	  146860
1330.17	  146724
1331.28	  146589
1332.38	  146453
1333.47	  146318
1334.58	  146183
1335.67	  146048
1336.78	  145914
1337.88	  145779
1338.97	  145645
1340.08	  145511
1341.17	  145377
1342.28	  145243
1343.38	  145109
1344.47	  144976
1345.58	  144843
1346.67	  144710
1347.78	  144577
1348.88	  144444
1349.97	  144311
1351.08	  144179
1352.17	  144047
1353.28	  143915
1354.38	  143783
1355.47	  143651
1356.58	  143519
1357.67	  143388
1358.78	  143257
1359.88	  143126
1360.97	  142995
1362.08	  142864
1363.17	  142734
1364.28	  142603
1365.38	  142473
1366.47	  142343
1367.58	  142213
1368.67	  142083
1369.78	  141954
1370.88	  141824
1371.97	  141695
1373.08	  141566
1374.17	  141437
1375.28	  141308
1376.38	  141180
1377.47	  141051
1378.58	  140923
1379.67	  140795
1380.78	  140667
1381.88	  140539
1382.97	  140412
1384.08	  140285
1385.17	  140157
1386.28	  140030
1387.38	  139903
1388.47	  139777
1389.58	  139650
1390.67	  139524
1391.78	  139397
1392.88	  139271
1393.97	  139145
1395.08	  139019
1396.17	  138894
1397.28	  138768
1398.38	  138643
1399.47	  138518
1400.58	  138393
1401.67	  138268
1402.78	  138144
1403.88	  138019
1404.97	  137895
1406.08	  137771
1407.17	  137647
1408.28	  137523
1409.38	  137399
1410.47	  137276
1411.58	  137152
1412.67	  137029
1413.78	  136906
1414.88	  136783
1415.97	  136660
1417.08	  136538
1418.17	  136416
1419.28	  136293
1420.38	  136171
1421.47	  136049
1422.58	  135928
1423.67	  135806
1424.78	  135685
1425.88	  135563
1426.97	  135442
1428.08	  135321
1429.17	  135200
1430.28	  135080
1431.38	  134959
1432.47	  134839
1433.58	  134719
1434.67	  134599
1435.78	  134479
1436.88	  134359
1437.97	  134239
1439.08	  134120
1440.17	  134001
1441.28	  133882
1442.38	  133763
1443.47	  133644
1444.58	  133525
1445.67	  133407
1446.78	  133289
1447.88	  133170
1448.97	  133052
1450.08	  132935
1451.17	  132817
1452.28	  132699
1453.38	  132582
1454.47	  132465
1455.58	  132348
1456.67	  132231
1457.78	  132114
1458.88	  88178.8
1459.97	  88099.8
1461.08	  88021
1462.17	  87942.3
1463.28	  87863.8
1464.38	  87785.3
1465.47	  87707
1466.58	  87628.7
1467.67	  87550.6
1468.78	  87472.7
1469.88	  87394.8
1470.97	  87317.1
1472.08	  87239.5
1473.17	  87161.9
1474.28	  87084.6
1475.38	  87007.3
1476.47	  86930.2
1477.58	  86853.1
1478.67	  86776.2
1479.78	  86699.4
1480.88	  86622.8
1481.97	  86546.2
1483.08	  86469.8
1484.17	  86393.4
1485.28	  86317.2
1486.38	  86241.2
1487.47	  86165.2
1488.58	  86089.3
1489.67	  86013.6
1490.78	  85938
1491.88	  85862.5
1492.97	  85787.1
1494.08	  85711.8
1495.17	  85636.7
1496.28	  85561.6
1497.38	  85486.7
1498.47	  85411.9
1499.58	  85337.2
1500.67	  85262.6
1501.78	  85188.2
1502.88	  85113.8
1503.97	  85039.6
1505.08	  84965.5
1506.17	  84891.5
1507.28	  84817.6
1508.38	  84743.8
1509.47	  84670.1
1510.58	  84596.6
1511.67	  84523.2
1512.78	  84449.8
1513.88	  84376.6
1514.97	  84303.5
1516.08	  84230.6
1517.17	  84157.7
1518.28	  84084.9
1519.38	  84012.3
1520.47	  83939.8
1521.58	  83867.4
1522.67	  83795.1
1523.78	  83722.9
1524.88	  83650.8
1525.97	  83578.8
1527.08	  83507
1528.17	  83435.2
1529.28	  83363.6
1530.38	  83292.1
1531.47	  83220.7
1532.58	  83149.4
1533.67	  83078.2
1534.78	  83007.2
1535.88	  82936.2
1536.97	  82865.3
1538.08	  82794.6
1539.17	  82724
1540.28	  82653.5
1541.38	  82583.1
1542.47	  82512.8
1543.58	  82442.6
1544.67	  82372.5
1545.78	  82302.6
1546.88	  82232.7
1547.97	  82163
1549.08	  82093.4
1550.17	  82023.9
1551.28	  81954.4
1552.38	  81885.2
1553.47	  81816
1554.58	  81746.9
1555.67	  81677.9
1556.78	  81609.1
1557.88	  81540.3
1558.97	  81471.7
1560.08	  81403.2
1561.17	  81334.8
1562.28	  81266.4
1563.38	  81198.3
1564.47	  81130.2
1565.58	  81062.2
1566.67	  80994.3
1567.78	  80926.6
1568.88	  80858.9
1569.97	  80791.4
1571.08	  80724
1572.17	  80656.7
1573.28	  80589.4
1574.38	  80522.3
1575.47	  80455.4
1576.58	  80388.5
1577.67	  80321.7
1578.78	  80255.1
1579.88	  80188.5
1580.97	  80122.1
1582.08	  80055.8
1583.17	  79989.5
1584.28	  79923.4
1585.38	  79857.4
1586.47	  79791.6
1587.58	  79725.8
1588.67	  79660.1
1589.78	  79594.6
1590.88	  79529.1
1591.97	  79463.8
1593.08	  79398.6
1594.17	  79333.5
1595.28	  79268.5
1596.38	  79203.6
1597.47	  79138.8
1598.58	  79074.2
1599.67	  79009.6
1600.78	  78945.2
1601.88	  78880.9
1602.97	  78816.7
1604.08	  78752.6
1605.17	  78688.6
1606.28	  78624.8
1607.38	  78561
1608.47	  78497.4
1609.58	  78433.9
1610.67	  78370.5
1611.78	  78307.2
1612.88	  78244
1613.97	  78181
1615.08	  78118
1616.17	  78055.2
1617.28	  77992.5
1618.38	  77930
1619.47	  77867.5
1620.58	  77805.2
1621.67	  77743
1622.78	  77680.9
1623.88	  77619
1624.97	  77557.2
1626.08	  77495.5
1627.17	  77433.9
1628.28	  77372.5
1629.38	  77311.2
1630.47	  77250.1
1631.58	  77189.1
1632.67	  77128.2
1633.78	  77067.5
1634.88	  77006.9
1635.97	  76946.5
1637.08	  76886.3
1638.17	  76826.3
1639.28	  76766.4
1640.38	  76706.8
1641.47	  76647.5
1642.58	  76588.6
1643.67	  76529.8
1644.78	  76471.1
1645.88	  76412.4
1646.97	  76353.8
1648.08	  76295.3
1649.17	  76236.8
1650.28	  76178.3
1651.38	  76119.9
1652.47	  76061.6
1653.58	  76003.3
1654.67	  75945.1
1655.78	  75886.9
1656.88	  75828.8
1657.97	  75770.7
1659.08	  75712.7
1660.17	  75654.7
1661.28	  75596.8
1662.38	  75539
1663.47	  75481.2
1664.58	  75423.4
1665.67	  75365.7
1666.78	  75308.1
1667.88	  75250.5
1668.97	  75193
1670.08	  75135.5
1671.17	  75078.1
1672.28	  75020.7
1673.38	  74963.4
1674.47	  74906.1
1675.58	  74848.9
1676.67	  74791.8
1677.78	  74734.7
1678.88	  74677.6
1679.97	  74620.6
1681.08	  74563.7
1682.17	  74506.8
1683.28	  74449.9
1684.38	  74393.1
1685.47	  74336.4
1686.58	  74279.7
1687.67	  74223.1
1688.78	  74166.5
1689.88	  74110
1690.97	  74053.5
1692.08	  73997.1
1693.17	  73940.7
1694.28	  73884.4
1695.38	  73828.1
1696.47	  73771.9
1697.58	  73715.8
1698.67	  73659.7
1699.78	  73603.6
1700.88	  73547.6
1701.97	  73491.7
1703.08	  73435.8
1704.17	  73379.9
1705.28	  73324.2
1706.38	  73268.4
1707.47	  73212.7
1708.58	  73157.1
1709.67	  73101.5
1710.78	  73046
1711.88	  72990.5
1712.97	  72935.1
1714.08	  72879.7
1715.17	  72824.4
1716.28	  72769.1
1717.38	  72713.9
1718.47	  72658.8
1719.58	  72603.6
1720.67	  72548.6
1721.78	  72493.6
1722.88	  72438.6
1723.97	  72383.7
1725.08	  72328.8
1726.17	  72274
1727.28	  72219.3
1728.38	  72164.6
1729.47	  72109.9
1730.58	  72055.3
1731.67	  72000.8
1732.78	  71946.3
1733.88	  71891.9
1734.97	  71837.5
1736.08	  71783.1
1737.17	  71728.8
1738.28	  71674.6
1739.38	  71620.4
1740.47	  71566.3
1741.58	  71512.2
1742.67	  71458.2
1743.78	  71404.2
1744.88	  71350.2
1745.97	  71296.4
1747.08	  71242.5
1748.17	  71188.8
1749.28	  71135
1750.38	  71081.3
1751.47	  71027.7
1752.58	  70974.1
1753.67	  70920.6
1754.78	  70867.1
1755.88	  70813.7
1756.97	  70760.3
1758.08	  70707
1759.17	  70653.7
1760.28	  70600.5
1761.38	  70547.3
1762.47	  70494.2
1763.58	  70441.1
1764.67	  70388.1
1765.78	  70335.2
1766.88	  70282.2
1767.97	  70229.4
1769.08	  70176.5
1770.17	  70123.8
1771.28	  70071
1772.38	  70018.4
1773.47	  69965.8
1774.58	  69913.2
1775.67	  69860.7
1776.78	  69808.2
1777.88	  69755.8
1778.97	  69703.4
1780.08	  69651.1
1781.17	  69598.8
1782.28	  69546.6
1783.38	  69494.4
1784.47	  69442.3
1785.58	  69390.2
1786.67	  69338.2
1787.78	  69286.2
1788.88	  69234.3
1789.97	  69182.4
1791.08	  69130.6
1792.17	  69078.8
1793.28	  69027
1794.38	  68975.4
1795.47	  68923.7
1796.58	  68872.1
1797.67	  68820.6
1798.78	  68769.1
1799.88	  68717.7
1800.97	  68666.3
1802.08	  68615
1803.17	  68563.7
1804.28	  68512.4
1805.38	  68461.2
1806.47	  68410.1
1807.58	  68359
1808.67	  68308
1809.78	  68257
1810.88	  68206
1811.97	  68155.1
1813.08	  68104.3
1814.17	  68053.5
1815.28	  68002.7
1816.38	  67952
1817.47	  67901.3
1818.58	  67850.7
1819.67	  67800.2
1820.78	  67749.6
1821.88	  67699.2
1822.97	  67648.8
1824.08	  67598.4
1825.17	  67548.1
1826.28	  67497.8
1827.38	  67447.6
1828.47	  67397.4
1829.58	  67347.3
1830.67	  67297.2
1831.78	  67247.1
1832.88	  67197.1
1833.97	  67147.2
1835.08	  67097.3
1836.17	  67047.5
1837.28	  66997.7
1838.38	  66947.9
1839.47	  66898.2
1840.58	  66848.6
1841.67	  66799
1842.78	  66749.4
1843.88	  66699.9
1844.97	  66650.4
1846.08	  66601
1847.17	  66551.6
1848.28	  66502.3
1849.38	  66453
1850.47	  66403.8
1851.58	  66354.6
1852.67	  66305.5
1853.78	  66256.4
1854.88	  66207.3
1855.97	  66158.3
1857.08	  66109.4
1858.17	  66060.5
1859.28	  66011.6
1860.38	  65962.8
1861.47	  65914.1
1862.58	  65865.3
1863.67	  65816.7
1864.78	  65768
1865.88	  65719.5
1866.97	  65670.9
1868.08	  65622.5
1869.17	  65574
1870.28	  65525.6
1871.38	  65477.3
1872.47	  65429
1873.58	  65380.7
1874.67	  65332.5
1875.78	  65284.4
1876.88	  65236.2
1877.97	  65188.2
1879.08	  65140.1
1880.17	  65092.2
1881.28	  65044.2
1882.38	  64996.4
1883.47	  64948.5
1884.58	  64900.7
1885.67	  64853
1886.78	  64805.3
1887.88	  64757.6
1888.97	  64710
1890.08	  64662.4
1891.17	  64614.9
1892.28	  64567.4
1893.38	  64520
1894.47	  64472.6
1895.58	  64425.3
1896.67	  64378
1897.78	  64330.7
1898.88	  64283.5
1899.97	  64236.4
1901.08	  64189.2
1902.17	  64142.2
1903.28	  64095.2
1904.38	  64048.2
1905.47	  64001.2
1906.58	  63954.3
1907.67	  63907.5
1908.78	  63860.7
1909.88	  63813.9
1910.97	  63767.2
1912.08	  63720.6
1913.17	  63673.9
1914.28	  63627.4
1915.38	  63580.8
1916.47	  63534.3
1917.58	  63487.9
1918.67	  63441.5
1919.78	  63395.1
1920.88	  63348.8
1921.97	  63302.6
1923.08	  63256.3
1924.17	  63210.2
1925.28	  63164
1926.38	  63117.9
1927.47	  63071.9
1928.58	  63025.9
1929.67	  62979.9
1930.78	  62934
1931.88	  62888.2
1932.97	  62842.3
1934.08	  62796.5
1935.17	  62750.8
1936.28	  62705.1
1937.38	  62659.5
1938.47	  62613.8
1939.58	  62568.3
1940.67	  62522.8
1941.78	  62477.3
1942.88	  62431.8
1943.97	  62386.5
1945.08	  62341.1
1946.17	  62295.8
1947.28	  62250.5
1948.38	  62205.3
1949.47	  62160.2
1950.58	  62115
1951.67	  62069.9
1952.78	  62024.9
1953.88	  61979.9
1954.97	  61934.9
1956.08	  61890
1957.17	  61845.1
1958.28	  61800.3
1959.38	  61755.5
1960.47	  61710.8
1961.58	  61666.1
1962.67	  61621.4
1963.78	  61576.8
1964.88	  61532.2
1965.97	  61487.7
1967.08	  61443.2
1968.17	  61398.7
1969.28	  61354.3
1970.38	  61310
1971.47	  61265.7
1972.58	  61221.4
1973.67	  61177.1
1974.78	  61132.9
1975.88	  61088.8
1976.97	  61044.7
1978.08	  61000.6
1979.17	  60956.6
1980.28	  60912.6
1981.38	  60868.7
1982.47	  60824.8
1983.58	  60780.9
1984.67	  60737.1
1985.78	  60693.3
1986.88	  60649.6
1987.97	  60605.9
1989.08	  60562.2
1990.17	  60518.6
1991.28	  60475.1
1992.38	  60431.6
1993.47	  60388.1
1994.58	  60344.6
1995.67	  60301.2
1996.78	  60257.9
1997.88	  60214.6
1998.97	  60171.3
2000.08	  60128
2001.17	  60084.8
2002.28	  60041.7
2003.38	  59998.6
2004.47	  59955.5
2005.58	  59912.5
2006.67	  59869.5
2007.78	  59826.5
2008.88	  59783.6
2009.97	  59740.8
2011.08	  59697.9
2012.17	  59655.2
2013.28	  59612.4
2014.38	  59569.7
2015.47	  59527.1
2016.58	  59484.4
2017.67	  59441.9
2018.78	  59399.3
2019.88	  59356.8
2020.97	  59314.4
2022.08	  59271.9
2023.18	  59229.6
2024.28	  59187.2
2025.38	  59144.9
2026.47	  59102.7
2027.58	  59060.4
2028.68	  59018.3
2029.78	  58976.1
2030.88	  58934
2031.97	  58892
2033.08	  58850
2034.18	  58808
2035.28	  58766
2036.38	  58724.1
2037.47	  58682.3
2038.58	  58640.5
2039.68	  58598.7
2040.78	  58557
2041.88	  58515.3
2042.97	  58473.6
2044.08	  58432
2045.18	  58390.4
2046.28	  58348.9
2047.38	  58307.4
2048.47	  58265.9
2049.57	  58224.5
2050.68	  58183.1
2051.78	  58141.7
2052.88	  58100.4
2053.97	  58059.2
2055.07	  58017.9
2056.18	  57976.8
2057.28	  57935.6
2058.38	  57894.5
2059.47	  57853.4
2060.57	  57812.4
2061.68	  57771.4
2062.78	  57730.5
2063.88	  57689.5
2064.97	  57648.7
2066.07	  57607.8
2067.18	  57567
2068.28	  57526.3
2069.38	  57485.5
2070.47	  57444.9
2071.57	  57404.2
2072.68	  57363.6
2073.78	  57323.1
2074.88	  57282.5
2075.97	  57242
2077.07	  57201.6
2078.18	  57161.2
2079.28	  57120.8
2080.38	  57080.5
2081.47	  57040.2
2082.57	  56999.9
2083.68	  56959.7
2084.78	  56919.5
2085.88	  56879.3
2086.97	  56839.2
2088.07	  56799.2
2089.18	  56759.1
2090.28	  56719.1
2091.38	  56679.2
2092.47	  56639.3
2093.57	  56599.4
2094.68	  56559.5
2095.78	  56519.7
2096.88	  56480
2097.97	  56440.2
2099.07	  56400.5
2100.18	  56360.9
2101.28	  56321.3
2102.38	  56281.7
2103.47	  56242.1
2104.57	  56202.6
2105.68	  56163.2
2106.78	  56123.7
2107.88	  56084.3
2108.97	  56045
2110.07	  56005.7
2111.18	  55966.4
2112.28	  55927.1
2113.38	  55887.9
2114.47	  55848.8
2115.57	  55809.6
2116.68	  55770.5
2117.78	  55731.5
2118.88	  55692.4
2119.97	  55653.5
2121.07	  55614.5
2122.18	  55575.6
2123.28	  55536.7
2124.38	  55497.9
2125.47	  55459.1
2126.57	  55420.3
2127.68	  55381.6
2128.78	  55342.9
2129.88	  55304.2
2130.97	  55265.6
2132.07	  55227
2133.18	  55188.5
2134.28	  55150
2135.38	  55111.5
2136.47	  55073.1
2137.57	  55034.6
2138.68	  54996.3
2139.78	  54957.9
2140.88	  54919.7
2141.97	  54881.4
2143.07	  54843.2
2144.18	  54805
2145.28	  54766.8
2146.38	  54728.7
2147.47	  54690.6
2148.57	  54652.6
2149.68	  54614.6
2150.78	  54576.6
2151.88	  54538.7
2152.97	  54500.8
2154.07	  54462.9
2155.18	  54425.1
2156.28	  54387.3
2157.38	  54349.5
2158.47	  54311.8
2159.57	  54274.1
2160.68	  54236.5
2161.78	  54198.9
2162.88	  54161.3
2163.97	  54123.7
2165.07	  54086.2
2166.18	  54048.7
2167.28	  54011.3
2168.38	  53973.9
2169.47	  53936.5
2170.57	  53899.2
2171.68	  53861.9
2172.78	  53824.6
2173.88	  53787.4
2174.97	  53750.2
2176.07	  53713
2177.18	  53675.9
2178.28	  53638.8
2179.38	  53601.8
2180.47	  53564.7
2181.57	  53527.8
2182.68	  53490.8
2183.78	  53453.9
2184.88	  53417
2185.97	  53380.2
2187.07	  53343.3
2188.18	  53306.6
2189.28	  53269.8
2190.38	  53233.1
2191.47	  53196.4
2192.57	  53159.8
2193.68	  53123.2
2194.78	  53086.6
2195.88	  53050.1
2196.97	  53013.6
2198.07	  52977.1
2199.18	  52940.6
2200.28	  52904.2
2201.38	  52867.9
2202.47	  52831.5
2203.57	  52795.2
2204.68	  52759
2205.78	  52722.7
2206.88	  52686.5
2207.97	  52650.4
2209.07	  52614.2
2210.18	  52578.1
2211.28	  52542.1
2212.38	  52506
2213.47	  52470.1
2214.57	  52434.1
2215.68	  52398.2
2216.78	  52362.3
2217.88	  52326.4
2218.97	  52290.6
2220.07	  52254.8
2221.18	  52219
2222.28	  52183.3
2223.38	  52147.6
2224.47	  52111.9
2225.57	  52076.3
2226.68	  52040.7
2227.78	  52005.1
2228.88	  51969.6
2229.97	  51934.1
2231.07	  51898.6
2232.18	  51863.2
2233.28	  51827.8
2234.38	  51792.4
2235.47	  51757.1
2236.57	  51721.8
2237.68	  51686.5
2238.78	  51651.3
2239.88	  51616.1
2240.97	  51580.9
2242.07	  51545.8
2243.18	  51510.7
2244.28	  51475.6
2245.38	  51440.6
2246.47	  51405.6
2247.57	  51370.6
2248.68	  51335.7
2249.78	  51300.7
2250.88	  51265.9
2251.97	  51231
2253.07	  51196.2
2254.18	  51161.4
2255.28	  51126.7
2256.38	  51092
2257.47	  51057.3
2258.57	  51022.6
2259.68	  50988
2260.78	  50953.4
2261.88	  50918.9
2262.97	  50884.4
2264.07	  50849.9
2265.18	  50815.4
2266.28	  50781
2267.38	  50746.6
2268.47	  50712.2
2269.57	  50677.9
2270.68	  50643.6
2271.78	  50609.3
2272.88	  50575.1
2273.97	  50540.9
2275.07	  50506.7
2276.18	  50472.6
2277.28	  50438.5
2278.38	  50404.4
2279.47	  50370.3
2280.57	  41141.2
2281.68	  41113.9
2282.78	  41086.6
2283.88	  41059.4
2284.97	  41032.2
2286.07	  41005
2287.18	  40977.8
2288.28	  40950.6
2289.38	  40923.5
2290.47	  40896.4
2291.57	  40869.3
2292.68	  40842.3
2293.78	  40815.3
2294.88	  40788.3
2295.97	  40761.3
2297.07	  40734.3
2298.18	  40707.4
2299.28	  40680.5
2300.38	  40653.6
2301.47	  40626.8
2302.57	  40600
2303.68	  40573.2
2304.78	  40546.4
2305.88	  40519.6
2306.97	  40492.9
2308.07	  40466.2
2309.18	  40439.5
2310.28	  40412.9
2311.38	  40386.2
2312.47	  40359.6
2313.57	  40333
2314.68	  40306.5
2315.78	  40279.9
2316.88	  40253.4
2317.97	  40226.9
2319.07	  40200.5
2320.18	  40174
2321.28	  40147.6
2322.38	  40121.2
2323.47	  40094.9
2324.57	  40068.5
2325.68	  40042.2
2326.78	  40015.9
2327.88	  39989.7
2328.97	  39963.4
2330.07	  39937.2
2331.18	  39911
2332.28	  39884.8
2333.38	  39858.7
2334.47	  39832.6
2335.57	  39806.4
2336.68	  39780.4
2337.78	  39754.3
2338.88	  39728.3
2339.97	  39702.3
2341.07	  39676.3
2342.18	  39650.3
2343.28	  39624.4
2344.38	  39598.5
2345.47	  39572.6
2346.57	  39546.7
2347.68	  39520.9
2348.78	  39495.1
2349.88	  39469.3
2350.97	  39443.5
2352.07	  39417.8
2353.18	  39392
2354.28	  39366.3
2355.38	  39340.7
2356.47	  39315
2357.57	  39289.4
2358.68	  39263.8
2359.78	  39238.2
2360.88	  39212.6
2361.97	  39187.1
2363.07	  39161.6
2364.18	  39136.1
2365.28	  39110.6
2366.38	  39085.1
2367.47	  39059.7
2368.57	  39034.3
2369.68	  39008.9
2370.78	  38983.6
2371.88	  38958.3
2372.97	  38933
2374.07	  38907.7
2375.18	  38882.4
2376.28	  38857.2
2377.38	  38831.9
2378.47	  38806.8
2379.57	  38781.6
2380.68	  38756.4
2381.78	  38731.3
2382.88	  38706.2
2383.97	  38681.1
2385.07	  38656.1
2386.18	  38631
2387.28	  38606
2388.38	  38581
2389.47	  38556.1
2390.57	  38531.1
2391.68	  38506.2
2392.78	  38481.3
2393.88	  38456.4
2394.97	  38431.6
2396.07	  38406.7
2397.18	  38381.9
2398.28	  38357.1
2399.38	  38332.4
2400.47	  38307.6
2401.57	  38282.9
2402.68	  38258.2
2403.78	  38233.5
2404.88	  38208.9
2405.97	  38184.2
2407.07	  38159.6
2408.18	  38135
2409.28	  38110.5
2410.38	  38085.9
2411.47	  38061.4
2412.57	  38036.9
2413.68	  38012.4
2414.78	  37988
2415.88	  37963.5
2416.97	  37939.1
2418.07	  37914.7
2419.18	  37890.4
2420.28	  37866
2421.38	  37841.7
2422.47	  37817.4
2423.57	  37793.1
2424.68	  37768.9
2425.78	  37744.6
2426.88	  37720.4
2427.97	  37696.2
2429.07	  37672
2430.18	  37647.9
2431.28	  37623.8
2432.38	  37599.6
2433.47	  37575.6
2434.57	  37551.5
2435.68	  37527.5
2436.78	  37503.4
2437.88	  37479.4
2438.97	  37455.5
2440.07	  37431.5
2441.18	  37407.6
2442.28	  37383.6
2443.38	  37359.8
2444.47	  37335.9
2445.57	  37312
2446.68	  37288.2
2447.78	  37264.4
2448.88	  37240.6
2449.97	  37216.8
2451.07	  37193.1
2452.18	  37169.4
2453.28	  37145.7
2454.38	  37122
2455.47	  37098.3
2456.57	  37074.7
2457.68	  37051.1
2458.78	  37027.5
2459.88	  37003.9
2460.97	  36980.4
2462.07	  36956.8
2463.18	  36933.3
2464.28	  36909.8
2465.38	  36886.4
2466.47	  36862.9
2467.57	  36839.5
2468.68	  36816.1
2469.78	  36792.7
2470.88	  36769.3
2471.97	  36746
2473.07	  36722.7
2474.18	  36699.3
2475.28	  36676.1
2476.38	  36652.8
2477.47	  36629.6
