Emission arising from a slab of Hydrogen (both H and H-).
   
Parameters of the slab:
n_e = 1e+14 cm-3
T_e = 10500 K
tau(lambda=300 nm) = 5
L = 9.04332e+08 cm
   
Wavelength (nm), Emission (erg s-1 cm-2 nm-1 sr-1)
50	  481.132
91.2	  850040
120	  1.60435e+07
150	  8.48979e+07
175	  1.91381e+08
200	  3.14451e+08
225	  4.19016e+08
250	  4.85455e+08
270	  5.10265e+08
290	  5.14874e+08
300	  5.11451e+08
305	  5.08615e+08
310	  5.05135e+08
315	  5.01082e+08
320	  4.96524e+08
322.5	  4.94075e+08
325	  4.91521e+08
327	  4.89409e+08
329	  4.87237e+08
329.999	  4.86132e+08
330.266	  4.85834e+08
330.533	  4.85535e+08
330.8	  4.85236e+08
331.067	  4.84935e+08
331.334	  4.84634e+08
331.601	  4.84331e+08
331.868	  4.84028e+08
332.135	  4.83724e+08
332.402	  4.83418e+08
332.669	  4.83112e+08
332.936	  4.82805e+08
333.203	  4.82497e+08
333.47	  4.82189e+08
333.737	  4.81879e+08
334.004	  4.81569e+08
334.271	  4.81257e+08
334.538	  4.80945e+08
334.805	  4.80632e+08
335.072	  4.80318e+08
335.339	  4.80004e+08
335.606	  4.79688e+08
335.873	  4.79372e+08
336.14	  4.79055e+08
336.407	  4.78737e+08
336.674	  4.78418e+08
336.941	  4.78099e+08
337.208	  4.77779e+08
337.475	  4.77458e+08
337.742	  4.77136e+08
338.009	  4.76813e+08
338.276	  4.7649e+08
338.543	  4.76166e+08
338.81	  4.75841e+08
339.077	  4.75516e+08
339.344	  4.75189e+08
339.611	  4.74862e+08
339.878	  4.74535e+08
340.145	  4.74206e+08
340.412	  4.73877e+08
340.679	  4.73547e+08
340.946	  4.73217e+08
341.213	  4.72886e+08
341.48	  4.72554e+08
341.747	  4.72221e+08
342.014	  4.71888e+08
342.281	  4.71554e+08
342.548	  4.7122e+08
342.815	  4.70884e+08
343.082	  4.70549e+08
343.349	  4.70212e+08
343.616	  4.69875e+08
343.883	  4.69537e+08
344.15	  4.69199e+08
344.417	  4.6886e+08
344.684	  4.6852e+08
344.951	  4.6818e+08
345.218	  4.67839e+08
345.485	  4.67498e+08
345.752	  4.67156e+08
346.019	  4.66814e+08
346.286	  4.6647e+08
346.553	  4.66127e+08
346.82	  4.65782e+08
347.087	  4.65438e+08
347.354	  4.65092e+08
347.621	  4.64746e+08
347.888	  4.644e+08
348.155	  4.64053e+08
348.422	  4.63705e+08
348.689	  4.63357e+08
348.956	  4.63008e+08
349.223	  4.62659e+08
349.49	  4.6231e+08
349.757	  4.61959e+08
350.024	  4.61609e+08
350.291	  4.61257e+08
350.558	  4.60906e+08
350.825	  4.60554e+08
351.092	  4.60201e+08
351.359	  4.59848e+08
351.626	  4.59494e+08
351.893	  4.5914e+08
352.16	  4.58785e+08
352.427	  4.5843e+08
352.694	  4.58075e+08
352.961	  4.57719e+08
353.228	  4.57363e+08
353.495	  4.57006e+08
353.762	  4.56649e+08
354.029	  4.56291e+08
354.296	  4.55933e+08
354.563	  4.55574e+08
354.83	  4.55215e+08
355.097	  4.54856e+08
355.364	  4.54496e+08
355.631	  4.54136e+08
355.898	  4.53775e+08
356.165	  4.53414e+08
356.432	  4.53053e+08
356.699	  4.52691e+08
356.966	  4.52329e+08
357.233	  4.51966e+08
357.5	  4.51603e+08
357.767	  4.5124e+08
358.034	  4.50876e+08
358.301	  4.50512e+08
358.568	  4.50148e+08
358.835	  4.49783e+08
359.102	  4.49418e+08
359.369	  4.49053e+08
359.636	  4.48687e+08
359.903	  4.48321e+08
360.17	  4.47954e+08
360.437	  4.47587e+08
360.704	  4.4722e+08
360.971	  4.46853e+08
361.238	  4.46485e+08
361.505	  4.46117e+08
361.772	  4.45749e+08
362.039	  4.4538e+08
362.306	  4.45011e+08
362.573	  4.44642e+08
363	  4.4405e+08
363.027	  4.44013e+08
363.054	  4.43976e+08
363.08	  4.43939e+08
363.107	  4.43902e+08
363.134	  4.43865e+08
363.16	  4.43828e+08
363.187	  4.43791e+08
363.214	  4.43754e+08
363.24	  4.43717e+08
363.267	  4.4368e+08
363.294	  4.43643e+08
363.321	  4.43606e+08
363.347	  4.43569e+08
363.374	  4.43532e+08
363.401	  4.43495e+08
363.427	  4.43458e+08
363.454	  4.43421e+08
363.481	  4.43384e+08
363.508	  4.43347e+08
363.534	  4.4331e+08
363.561	  4.43273e+08
363.588	  4.43236e+08
363.614	  4.43199e+08
363.641	  4.43161e+08
363.668	  4.43124e+08
363.694	  4.43087e+08
363.721	  4.4305e+08
363.748	  4.43013e+08
363.774	  4.42976e+08
363.801	  4.42939e+08
363.828	  4.42902e+08
363.855	  4.42865e+08
363.881	  4.42828e+08
363.908	  4.42791e+08
363.935	  4.42754e+08
363.961	  4.42717e+08
363.988	  4.42679e+08
364.015	  4.42642e+08
364.041	  4.42605e+08
364.068	  4.42568e+08
364.095	  4.42531e+08
364.122	  4.42494e+08
364.148	  4.42457e+08
364.175	  4.4242e+08
364.202	  4.42383e+08
364.228	  4.42345e+08
364.255	  4.42308e+08
364.282	  4.42271e+08
364.308	  4.42234e+08
364.335	  4.42197e+08
364.362	  4.4216e+08
364.389	  4.42123e+08
364.415	  4.42086e+08
364.442	  4.42048e+08
364.469	  4.42011e+08
364.495	  4.41974e+08
364.522	  4.41937e+08
364.549	  4.419e+08
364.575	  4.41863e+08
364.602	  4.41825e+08
364.629	  4.41788e+08
364.656	  4.41751e+08
364.682	  4.41714e+08
364.709	  4.41677e+08
364.736	  1.85554e+08
364.762	  1.85567e+08
364.789	  1.8558e+08
364.816	  1.85594e+08
364.842	  1.85607e+08
364.869	  1.8562e+08
364.896	  1.85633e+08
364.923	  1.85646e+08
364.949	  1.85659e+08
364.976	  1.85672e+08
365.003	  1.85686e+08
365.029	  1.85699e+08
365.056	  1.85712e+08
365.083	  1.85725e+08
365.11	  1.85738e+08
365.136	  1.85751e+08
365.163	  1.85764e+08
365.19	  1.85777e+08
365.216	  1.8579e+08
365.243	  1.85804e+08
365.27	  1.85817e+08
365.296	  1.8583e+08
365.323	  1.85843e+08
365.35	  1.85856e+08
365.377	  1.85869e+08
365.403	  1.85882e+08
365.43	  1.85895e+08
365.457	  1.85908e+08
365.483	  1.85921e+08
365.51	  1.85934e+08
365.537	  1.85947e+08
365.563	  1.8596e+08
365.59	  1.85973e+08
365.617	  1.85986e+08
365.643	  1.85999e+08
365.67	  1.86012e+08
365.697	  1.86025e+08
365.724	  1.86038e+08
365.75	  1.86051e+08
365.777	  1.86064e+08
365.804	  1.86077e+08
365.83	  1.8609e+08
365.857	  1.86103e+08
365.884	  1.86116e+08
365.91	  1.86129e+08
365.937	  1.86142e+08
365.964	  1.86155e+08
365.991	  1.86168e+08
365.991	  1.86168e+08
366.258	  1.86297e+08
366.525	  1.86425e+08
366.792	  1.86553e+08
367.059	  1.86681e+08
367.326	  1.86807e+08
367.593	  1.86934e+08
367.86	  1.87059e+08
368.127	  1.87185e+08
368.394	  1.87309e+08
368.661	  1.87433e+08
368.928	  1.87557e+08
369.195	  1.8768e+08
369.462	  1.87802e+08
369.729	  1.87924e+08
369.996	  1.88046e+08
370.263	  1.88166e+08
370.53	  1.88287e+08
370.797	  1.88406e+08
371.064	  1.88526e+08
371.331	  1.88644e+08
371.598	  1.88762e+08
371.865	  1.8888e+08
372.132	  1.88997e+08
372.399	  1.89113e+08
372.666	  1.89229e+08
372.933	  1.89345e+08
373.2	  1.89459e+08
373.467	  1.89574e+08
373.734	  1.89688e+08
374.001	  1.89801e+08
374.268	  1.89913e+08
374.535	  1.90026e+08
374.802	  1.90137e+08
375.069	  1.90248e+08
375.336	  1.90359e+08
375.603	  1.90469e+08
375.87	  1.90578e+08
376.137	  1.90687e+08
376.404	  1.90795e+08
376.671	  1.90903e+08
376.938	  1.9101e+08
377.205	  1.91117e+08
377.472	  1.91223e+08
377.739	  1.91329e+08
378.006	  1.91434e+08
378.273	  1.91538e+08
378.54	  1.91642e+08
378.807	  1.91746e+08
379.074	  1.91849e+08
379.341	  1.91951e+08
379.608	  1.92053e+08
379.875	  1.92154e+08
380.142	  1.92255e+08
380.409	  1.92355e+08
380.676	  1.92455e+08
380.943	  1.92554e+08
381.21	  1.92653e+08
381.477	  1.92751e+08
381.744	  1.92848e+08
382.011	  1.92946e+08
382.278	  1.93042e+08
382.545	  1.93138e+08
382.812	  1.93233e+08
383.079	  1.93328e+08
383.346	  1.93423e+08
383.613	  1.93516e+08
383.88	  1.9361e+08
384.147	  1.93703e+08
384.414	  1.93795e+08
384.681	  1.93886e+08
384.948	  1.93978e+08
385.215	  1.94068e+08
385.482	  1.94158e+08
385.749	  1.94248e+08
386.016	  1.94337e+08
386.283	  1.94426e+08
386.55	  1.94513e+08
386.817	  1.94601e+08
387.084	  1.94688e+08
387.351	  1.94774e+08
387.618	  1.9486e+08
387.885	  1.94946e+08
388.152	  1.9503e+08
388.419	  1.95115e+08
388.686	  1.95198e+08
388.953	  1.95282e+08
389.22	  1.95364e+08
389.487	  1.95447e+08
389.754	  1.95528e+08
390.021	  1.95609e+08
390.288	  1.9569e+08
390.555	  1.9577e+08
390.822	  1.9585e+08
391.089	  1.95929e+08
391.356	  1.96007e+08
391.623	  1.96085e+08
391.89	  1.96163e+08
392.157	  1.9624e+08
392.424	  1.96316e+08
392.691	  1.96392e+08
392.958	  1.96468e+08
393.225	  1.96542e+08
393.492	  1.96617e+08
393.759	  1.96691e+08
394.026	  1.96764e+08
394.293	  1.96837e+08
394.56	  1.96909e+08
394.827	  1.96981e+08
395.094	  1.97052e+08
395.361	  1.97123e+08
395.628	  1.97193e+08
395.895	  1.97263e+08
396.162	  1.97332e+08
396.429	  1.97401e+08
396.696	  1.97469e+08
396.963	  1.97537e+08
397.23	  1.97604e+08
397.497	  1.97671e+08
397.764	  1.97737e+08
398.031	  1.97803e+08
398.298	  1.97868e+08
398.565	  1.97932e+08
398.832	  1.97997e+08
399.099	  1.9806e+08
399.366	  1.98123e+08
399.633	  1.98186e+08
399.9	  1.98248e+08
400.167	  1.9831e+08
400.434	  1.98371e+08
400.701	  1.98431e+08
400.968	  1.98491e+08
401.235	  1.98551e+08
401.502	  1.9861e+08
401.769	  1.98669e+08
402.036	  1.98727e+08
402.303	  1.98784e+08
402.57	  1.98841e+08
402.837	  1.98898e+08
403.104	  1.98954e+08
403.371	  1.9901e+08
403.638	  1.99065e+08
403.905	  1.99119e+08
404.172	  1.99173e+08
404.439	  1.99227e+08
404.706	  1.9928e+08
404.973	  1.99333e+08
405.24	  1.99385e+08
405.507	  1.99436e+08
405.774	  1.99487e+08
406.041	  1.99538e+08
406.308	  1.99588e+08
406.575	  1.99638e+08
406.842	  1.99687e+08
407.109	  1.99736e+08
407.376	  1.99784e+08
407.643	  1.99831e+08
407.91	  1.99879e+08
408.177	  1.99925e+08
408.444	  1.99972e+08
408.711	  2.00017e+08
408.978	  2.00063e+08
409.245	  2.00107e+08
409.512	  2.00152e+08
409.779	  2.00195e+08
410.046	  2.00239e+08
410.313	  2.00281e+08
410.58	  2.00324e+08
410.847	  2.00366e+08
411.114	  2.00407e+08
411.381	  2.00448e+08
411.648	  2.00488e+08
411.915	  2.00528e+08
412.182	  2.00568e+08
412.449	  2.00607e+08
412.716	  2.00645e+08
412.983	  2.00683e+08
413.25	  2.00721e+08
413.517	  2.00758e+08
413.784	  2.00794e+08
414.051	  2.00831e+08
414.318	  2.00866e+08
414.585	  2.00901e+08
414.852	  2.00936e+08
415.119	  2.0097e+08
415.386	  2.01004e+08
415.653	  2.01037e+08
415.92	  2.0107e+08
416.187	  2.01103e+08
416.454	  2.01134e+08
416.721	  2.01166e+08
416.988	  2.01197e+08
417.255	  2.01227e+08
417.522	  2.01257e+08
417.789	  2.01287e+08
418.056	  2.01316e+08
418.323	  2.01345e+08
418.59	  2.01373e+08
418.857	  2.01401e+08
419.124	  2.01428e+08
419.391	  2.01455e+08
419.658	  2.01481e+08
419.925	  2.01507e+08
420.192	  2.01532e+08
420.459	  2.01557e+08
420.726	  2.01582e+08
420.993	  2.01606e+08
421.26	  2.01629e+08
421.527	  2.01652e+08
421.794	  2.01675e+08
422.061	  2.01697e+08
422.328	  2.01719e+08
422.595	  2.0174e+08
422.862	  2.01761e+08
423.129	  2.01781e+08
423.396	  2.01801e+08
423.663	  2.01821e+08
423.93	  2.0184e+08
424.197	  2.01859e+08
424.464	  2.01877e+08
424.731	  2.01894e+08
424.998	  2.01912e+08
425.265	  2.01929e+08
425.532	  2.01945e+08
425.799	  2.01961e+08
426.066	  2.01976e+08
426.333	  2.01991e+08
426.6	  2.02006e+08
426.867	  2.0202e+08
427.134	  2.02034e+08
427.401	  2.02047e+08
427.668	  2.0206e+08
427.935	  2.02072e+08
428.202	  2.02084e+08
428.469	  2.02096e+08
428.736	  2.02107e+08
429.003	  2.02118e+08
429.27	  2.02128e+08
429.537	  2.02138e+08
429.804	  2.02147e+08
430.071	  2.02156e+08
430.338	  2.02165e+08
430.605	  2.02173e+08
430.872	  2.0218e+08
431.139	  2.02187e+08
431.406	  2.02194e+08
431.673	  2.02201e+08
431.94	  2.02206e+08
432.207	  2.02212e+08
432.474	  2.02217e+08
432.741	  2.02222e+08
433.008	  2.02226e+08
433.275	  2.0223e+08
433.542	  2.02233e+08
433.809	  2.02236e+08
434.076	  2.02239e+08
434.343	  2.02241e+08
434.61	  2.02242e+08
434.877	  2.02244e+08
435.144	  2.02245e+08
435.411	  2.02245e+08
435.678	  2.02245e+08
435.945	  2.02245e+08
436.212	  2.02244e+08
436.479	  2.02243e+08
436.746	  2.02241e+08
437.013	  2.02239e+08
437.28	  2.02237e+08
437.547	  2.02234e+08
437.814	  2.0223e+08
438.081	  2.02227e+08
438.348	  2.02223e+08
438.615	  2.02218e+08
438.882	  2.02213e+08
439.149	  2.02208e+08
439.416	  2.02202e+08
439.683	  2.02196e+08
439.95	  2.0219e+08
440.217	  2.02183e+08
440.484	  2.02175e+08
440.751	  2.02168e+08
441.018	  2.02159e+08
441.285	  2.02151e+08
441.552	  2.02142e+08
441.819	  2.02133e+08
442.086	  2.02123e+08
442.353	  2.02113e+08
442.62	  2.02102e+08
442.887	  2.02091e+08
443.154	  2.0208e+08
443.421	  2.02068e+08
443.688	  2.02056e+08
443.955	  2.02044e+08
444.222	  2.02031e+08
444.489	  2.02018e+08
444.756	  2.02004e+08
445.023	  2.0199e+08
445.29	  2.01975e+08
445.557	  2.01961e+08
445.824	  2.01945e+08
446.091	  2.0193e+08
446.358	  2.01914e+08
446.625	  2.01897e+08
446.892	  2.01881e+08
447.159	  2.01864e+08
447.426	  2.01846e+08
447.693	  2.01828e+08
447.96	  2.0181e+08
448.227	  2.01791e+08
448.494	  2.01772e+08
448.761	  2.01753e+08
449.028	  2.01733e+08
449.295	  2.01713e+08
449.562	  2.01692e+08
449.829	  2.01671e+08
450.096	  2.0165e+08
450.363	  2.01628e+08
450.63	  2.01606e+08
450.897	  2.01584e+08
451.164	  2.01561e+08
451.431	  2.01538e+08
451.698	  2.01514e+08
451.965	  2.01491e+08
452.232	  2.01466e+08
452.499	  2.01442e+08
452.766	  2.01417e+08
453.033	  2.01391e+08
453.3	  2.01366e+08
453.567	  2.0134e+08
453.834	  2.01313e+08
454.101	  2.01286e+08
454.368	  2.01259e+08
454.635	  2.01232e+08
454.902	  2.01204e+08
455.169	  2.01175e+08
455.436	  2.01147e+08
455.703	  2.01118e+08
455.97	  2.01089e+08
456.237	  2.01059e+08
456.504	  2.01029e+08
456.771	  2.00999e+08
457.038	  2.00968e+08
457.305	  2.00937e+08
457.572	  2.00905e+08
457.839	  2.00874e+08
458.106	  2.00841e+08
458.373	  2.00809e+08
458.64	  2.00776e+08
458.907	  2.00743e+08
459.174	  2.00709e+08
459.441	  2.00675e+08
459.708	  2.00641e+08
459.975	  2.00607e+08
460.242	  2.00572e+08
460.509	  2.00537e+08
460.776	  2.00501e+08
461.043	  2.00465e+08
461.31	  2.00429e+08
461.577	  2.00392e+08
461.844	  2.00355e+08
462.111	  2.00318e+08
462.378	  2.0028e+08
462.645	  2.00242e+08
462.912	  2.00204e+08
463.179	  2.00165e+08
463.446	  2.00126e+08
463.713	  2.00087e+08
463.98	  2.00048e+08
464.247	  2.00008e+08
464.514	  1.99967e+08
464.781	  1.99927e+08
465.048	  1.99886e+08
465.315	  1.99845e+08
465.582	  1.99803e+08
465.849	  1.99761e+08
466.116	  1.99719e+08
466.383	  1.99676e+08
466.65	  1.99633e+08
466.917	  1.9959e+08
467.184	  1.99547e+08
467.451	  1.99503e+08
467.718	  1.99458e+08
467.985	  1.99414e+08
468.252	  1.99369e+08
468.519	  1.99324e+08
468.786	  1.99279e+08
469.053	  1.99233e+08
469.32	  1.99187e+08
469.587	  1.9914e+08
469.854	  1.99094e+08
470.121	  1.99047e+08
470.388	  1.98999e+08
470.655	  1.98952e+08
470.922	  1.98904e+08
471.189	  1.98855e+08
471.456	  1.98807e+08
471.723	  1.98758e+08
471.99	  1.98709e+08
472.257	  1.98659e+08
472.524	  1.98609e+08
472.791	  1.98559e+08
473.058	  1.98509e+08
473.325	  1.98458e+08
473.592	  1.98407e+08
473.859	  1.98356e+08
474.126	  1.98304e+08
474.393	  1.98252e+08
474.66	  1.982e+08
474.927	  1.98147e+08
475.194	  1.98094e+08
475.461	  1.98041e+08
475.728	  1.97988e+08
475.995	  1.97934e+08
476.262	  1.9788e+08
476.529	  1.97826e+08
476.796	  1.97771e+08
477.063	  1.97716e+08
477.33	  1.97661e+08
477.597	  1.97606e+08
477.864	  1.9755e+08
478.131	  1.97494e+08
478.398	  1.97438e+08
478.665	  1.97381e+08
478.932	  1.97324e+08
479.199	  1.97267e+08
479.466	  1.97209e+08
479.733	  1.97152e+08
480	  1.97094e+08
480.267	  1.97035e+08
480.534	  1.96977e+08
480.801	  1.96918e+08
481.068	  1.96859e+08
481.335	  1.96799e+08
481.602	  1.96739e+08
481.869	  1.96679e+08
482.136	  1.96619e+08
482.403	  1.96558e+08
482.67	  1.96498e+08
482.937	  1.96437e+08
483.204	  1.96375e+08
483.471	  1.96313e+08
483.738	  1.96252e+08
484.005	  1.96189e+08
484.272	  1.96127e+08
484.539	  1.96064e+08
484.806	  1.96001e+08
485.073	  1.95938e+08
485.34	  1.95874e+08
485.607	  1.9581e+08
485.874	  1.95746e+08
486.141	  1.95682e+08
486.408	  1.95617e+08
486.675	  1.95553e+08
486.942	  1.95487e+08
487.209	  1.95422e+08
487.476	  1.95356e+08
487.743	  1.9529e+08
488.01	  1.95224e+08
488.277	  1.95158e+08
488.544	  1.95091e+08
488.811	  1.95024e+08
489.078	  1.94957e+08
489.345	  1.94889e+08
489.612	  1.94822e+08
489.879	  1.94754e+08
490.146	  1.94686e+08
490.413	  1.94617e+08
490.68	  1.94548e+08
490.947	  1.94479e+08
491.214	  1.9441e+08
491.481	  1.94341e+08
491.748	  1.94271e+08
492.015	  1.94201e+08
492.282	  1.94131e+08
492.549	  1.9406e+08
492.816	  1.9399e+08
493.083	  1.93919e+08
493.35	  1.93847e+08
493.617	  1.93776e+08
493.884	  1.93704e+08
494.151	  1.93632e+08
494.418	  1.9356e+08
494.685	  1.93488e+08
494.952	  1.93415e+08
495.219	  1.93342e+08
495.486	  1.93269e+08
495.753	  1.93196e+08
496.02	  1.93122e+08
496.287	  1.93048e+08
496.554	  1.92974e+08
496.821	  1.929e+08
497.088	  1.92825e+08
497.355	  1.92751e+08
497.622	  1.92676e+08
497.889	  1.926e+08
498.156	  1.92525e+08
498.423	  1.92449e+08
498.69	  1.92373e+08
498.957	  1.92297e+08
499.224	  1.92221e+08
499.491	  1.92144e+08
499.758	  1.92067e+08
500.025	  1.9199e+08
500.292	  1.91913e+08
500.559	  1.91835e+08
500.826	  1.91758e+08
501.093	  1.9168e+08
501.36	  1.91602e+08
501.627	  1.91523e+08
501.894	  1.91445e+08
502.161	  1.91366e+08
502.428	  1.91287e+08
502.695	  1.91208e+08
502.962	  1.91128e+08
503.229	  1.91048e+08
503.496	  1.90968e+08
503.763	  1.90888e+08
504.03	  1.90808e+08
504.297	  1.90727e+08
504.564	  1.90647e+08
504.831	  1.90566e+08
505.098	  1.90485e+08
505.365	  1.90403e+08
505.632	  1.90322e+08
505.899	  1.9024e+08
506.166	  1.90158e+08
506.433	  1.90076e+08
506.7	  1.89993e+08
506.967	  1.89911e+08
507.234	  1.89828e+08
507.501	  1.89745e+08
507.768	  1.89661e+08
508.035	  1.89578e+08
508.302	  1.89494e+08
508.569	  1.89411e+08
508.836	  1.89326e+08
509.103	  1.89242e+08
509.37	  1.89158e+08
509.637	  1.89073e+08
509.904	  1.88988e+08
510.171	  1.88903e+08
510.438	  1.88818e+08
510.705	  1.88733e+08
510.972	  1.88647e+08
511.239	  1.88561e+08
511.506	  1.88475e+08
511.773	  1.88389e+08
512.04	  1.88303e+08
512.307	  1.88216e+08
512.574	  1.88129e+08
512.841	  1.88042e+08
513.108	  1.87955e+08
513.375	  1.87868e+08
513.642	  1.8778e+08
513.909	  1.87693e+08
514.176	  1.87605e+08
514.443	  1.87517e+08
514.71	  1.87428e+08
514.977	  1.8734e+08
515.244	  1.87251e+08
515.511	  1.87163e+08
515.778	  1.87074e+08
516.045	  1.86984e+08
516.312	  1.86895e+08
516.579	  1.86806e+08
516.846	  1.86716e+08
517.113	  1.86626e+08
517.38	  1.86536e+08
517.647	  1.86446e+08
517.914	  1.86355e+08
518.181	  1.86265e+08
518.448	  1.86174e+08
518.715	  1.86083e+08
518.982	  1.85992e+08
519.249	  1.85901e+08
519.516	  1.85809e+08
519.783	  1.85718e+08
520.05	  1.85626e+08
520.317	  1.85534e+08
520.584	  1.85442e+08
520.851	  1.85349e+08
521.118	  1.85257e+08
521.385	  1.85164e+08
521.652	  1.85072e+08
521.919	  1.84979e+08
522.186	  1.84886e+08
522.453	  1.84792e+08
522.72	  1.84699e+08
522.987	  1.84605e+08
523.254	  1.84511e+08
523.521	  1.84418e+08
523.788	  1.84323e+08
524.055	  1.84229e+08
524.322	  1.84135e+08
524.589	  1.8404e+08
524.856	  1.83945e+08
525.123	  1.83851e+08
525.39	  1.83756e+08
525.657	  1.8366e+08
525.924	  1.83565e+08
526.191	  1.8347e+08
526.458	  1.83374e+08
526.725	  1.83278e+08
526.992	  1.83182e+08
527.259	  1.83086e+08
527.526	  1.8299e+08
527.793	  1.82893e+08
528.06	  1.82797e+08
528.327	  1.827e+08
528.594	  1.82603e+08
528.861	  1.82506e+08
529.128	  1.82409e+08
529.395	  1.82312e+08
529.662	  1.82214e+08
529.929	  1.82117e+08
530.196	  1.82019e+08
530.463	  1.81921e+08
530.73	  1.81823e+08
530.997	  1.81725e+08
531.264	  1.81627e+08
531.531	  1.81528e+08
531.798	  1.8143e+08
532.065	  1.81331e+08
532.332	  1.81232e+08
532.599	  1.81133e+08
532.866	  1.81034e+08
533.133	  1.80935e+08
533.4	  1.80835e+08
533.667	  1.80736e+08
533.934	  1.80636e+08
534.201	  1.80536e+08
534.468	  1.80436e+08
534.735	  1.80336e+08
535.002	  1.80236e+08
535.269	  1.80136e+08
535.536	  1.80035e+08
535.803	  1.79935e+08
536.07	  1.79834e+08
536.337	  1.79733e+08
536.604	  1.79632e+08
536.871	  1.79531e+08
537.138	  1.7943e+08
537.405	  1.79328e+08
537.672	  1.79227e+08
537.939	  1.79125e+08
538.206	  1.79023e+08
538.473	  1.78922e+08
538.74	  1.7882e+08
539.007	  1.78717e+08
539.274	  1.78615e+08
539.541	  1.78513e+08
539.808	  1.7841e+08
540.075	  1.78308e+08
540.342	  1.78205e+08
540.609	  1.78102e+08
540.876	  1.77999e+08
541.143	  1.77896e+08
541.41	  1.77793e+08
541.677	  1.7769e+08
541.944	  1.77586e+08
542.211	  1.77483e+08
542.478	  1.77379e+08
542.745	  1.77275e+08
543.012	  1.77171e+08
543.279	  1.77067e+08
543.546	  1.76963e+08
543.813	  1.76859e+08
544.08	  1.76755e+08
544.347	  1.7665e+08
544.614	  1.76546e+08
544.881	  1.76441e+08
545.148	  1.76336e+08
545.415	  1.76231e+08
545.682	  1.76126e+08
545.949	  1.76021e+08
546.216	  1.75916e+08
546.483	  1.75811e+08
546.75	  1.75705e+08
547.017	  1.756e+08
547.284	  1.75494e+08
547.551	  1.75389e+08
547.818	  1.75283e+08
548.085	  1.75177e+08
548.352	  1.75071e+08
548.619	  1.74965e+08
548.886	  1.74858e+08
549.153	  1.74752e+08
549.42	  1.74646e+08
549.687	  1.74539e+08
549.954	  1.74433e+08
550.221	  1.74326e+08
550.488	  1.74219e+08
550.755	  1.74112e+08
551.022	  1.74005e+08
551.289	  1.73898e+08
551.556	  1.73791e+08
551.823	  1.73684e+08
552.09	  1.73576e+08
552.357	  1.73469e+08
552.624	  1.73361e+08
552.891	  1.73253e+08
553.158	  1.73146e+08
553.425	  1.73038e+08
553.692	  1.7293e+08
553.959	  1.72822e+08
554.226	  1.72714e+08
554.493	  1.72606e+08
554.76	  1.72497e+08
555.027	  1.72389e+08
555.294	  1.7228e+08
555.561	  1.72172e+08
555.828	  1.72063e+08
556.095	  1.71955e+08
556.362	  1.71846e+08
556.629	  1.71737e+08
556.896	  1.71628e+08
557.163	  1.71519e+08
557.43	  1.7141e+08
557.697	  1.713e+08
557.964	  1.71191e+08
558.231	  1.71082e+08
558.498	  1.70972e+08
558.765	  1.70863e+08
559.032	  1.70753e+08
559.299	  1.70643e+08
559.566	  1.70534e+08
560.009	  1.70351e+08
560.296	  1.70233e+08
560.583	  1.70115e+08
560.87	  1.69996e+08
561.157	  1.69878e+08
561.444	  1.69759e+08
561.731	  1.69641e+08
562.018	  1.69522e+08
562.305	  1.69403e+08
562.592	  1.69284e+08
562.879	  1.69165e+08
563.166	  1.69046e+08
563.453	  1.68927e+08
563.74	  1.68808e+08
564.027	  1.68689e+08
564.314	  1.68569e+08
564.601	  1.6845e+08
564.888	  1.6833e+08
565.175	  1.68211e+08
565.462	  1.68091e+08
565.749	  1.67971e+08
566.036	  1.67851e+08
566.323	  1.67731e+08
566.61	  1.67611e+08
566.897	  1.67491e+08
567.184	  1.67371e+08
567.471	  1.67251e+08
567.758	  1.67131e+08
568.045	  1.6701e+08
568.332	  1.6689e+08
568.619	  1.66769e+08
568.906	  1.66649e+08
569.193	  1.66528e+08
569.48	  1.66408e+08
569.767	  1.66287e+08
570.054	  1.66166e+08
570.341	  1.66045e+08
570.628	  1.65924e+08
570.915	  1.65803e+08
571.202	  1.65682e+08
571.489	  1.65561e+08
571.776	  1.6544e+08
572.063	  1.65318e+08
572.35	  1.65197e+08
572.637	  1.65076e+08
572.924	  1.64954e+08
573.211	  1.64833e+08
573.498	  1.64711e+08
573.785	  1.6459e+08
574.072	  1.64468e+08
574.359	  1.64346e+08
574.646	  1.64224e+08
574.933	  1.64102e+08
575.22	  1.6398e+08
575.507	  1.63859e+08
575.794	  1.63736e+08
576.081	  1.63614e+08
576.368	  1.63492e+08
576.655	  1.6337e+08
576.942	  1.63248e+08
577.229	  1.63126e+08
577.516	  1.63003e+08
577.803	  1.62881e+08
578.09	  1.62758e+08
578.377	  1.62636e+08
578.664	  1.62513e+08
578.951	  1.62391e+08
579.238	  1.62268e+08
579.525	  1.62145e+08
579.812	  1.62023e+08
580.099	  1.619e+08
580.386	  1.61777e+08
580.673	  1.61654e+08
580.96	  1.61531e+08
581.247	  1.61408e+08
581.534	  1.61285e+08
581.821	  1.61162e+08
582.108	  1.61039e+08
582.395	  1.60916e+08
582.682	  1.60793e+08
582.969	  1.6067e+08
583.256	  1.60547e+08
583.543	  1.60423e+08
583.83	  1.603e+08
584.117	  1.60177e+08
584.404	  1.60053e+08
584.691	  1.5993e+08
584.978	  1.59807e+08
585.265	  1.59683e+08
585.552	  1.59559e+08
585.839	  1.59436e+08
586.126	  1.59312e+08
586.413	  1.59189e+08
586.7	  1.59065e+08
586.987	  1.58941e+08
587.274	  1.58818e+08
587.561	  1.58694e+08
587.848	  1.5857e+08
588.135	  1.58446e+08
588.422	  1.58322e+08
588.709	  1.58198e+08
588.996	  1.58075e+08
589.283	  1.57951e+08
589.57	  1.57827e+08
589.857	  1.57703e+08
590.144	  1.57579e+08
590.431	  1.57455e+08
590.718	  1.57331e+08
591.005	  1.57206e+08
591.292	  1.57082e+08
591.579	  1.56958e+08
591.866	  1.56834e+08
592.153	  1.5671e+08
592.44	  1.56586e+08
592.727	  1.56461e+08
593.014	  1.56337e+08
593.301	  1.56213e+08
593.588	  1.56089e+08
593.875	  1.55964e+08
594.162	  1.5584e+08
594.449	  1.55716e+08
594.736	  1.55591e+08
595.023	  1.55467e+08
595.31	  1.55342e+08
595.597	  1.55218e+08
595.884	  1.55093e+08
596.171	  1.54969e+08
596.458	  1.54845e+08
596.745	  1.5472e+08
597.032	  1.54596e+08
597.319	  1.54471e+08
597.606	  1.54347e+08
597.893	  1.54222e+08
598.18	  1.54097e+08
598.467	  1.53973e+08
598.754	  1.53848e+08
599.041	  1.53724e+08
599.328	  1.53599e+08
599.615	  1.53474e+08
599.902	  1.5335e+08
600.189	  1.53225e+08
600.476	  1.53101e+08
600.763	  1.52976e+08
601.05	  1.52851e+08
601.337	  1.52727e+08
601.624	  1.52602e+08
601.911	  1.52477e+08
602.198	  1.52352e+08
602.485	  1.52228e+08
602.772	  1.52103e+08
603.059	  1.51978e+08
603.346	  1.51854e+08
603.633	  1.51729e+08
603.92	  1.51604e+08
604.207	  1.51479e+08
604.494	  1.51355e+08
604.781	  1.5123e+08
605.068	  1.51105e+08
605.355	  1.50981e+08
605.642	  1.50856e+08
605.929	  1.50731e+08
606.216	  1.50606e+08
606.503	  1.50482e+08
606.79	  1.50357e+08
607.077	  1.50232e+08
607.364	  1.50107e+08
607.651	  1.49983e+08
607.938	  1.49858e+08
608.225	  1.49733e+08
608.512	  1.49609e+08
608.799	  1.49484e+08
609.086	  1.49359e+08
609.373	  1.49234e+08
609.66	  1.4911e+08
609.947	  1.48985e+08
610.234	  1.4886e+08
610.521	  1.48736e+08
610.808	  1.48611e+08
611.095	  1.48486e+08
611.382	  1.48362e+08
611.669	  1.48237e+08
611.956	  1.48112e+08
612.243	  1.47988e+08
612.53	  1.47863e+08
612.817	  1.47738e+08
613.104	  1.47614e+08
613.391	  1.47489e+08
613.678	  1.47365e+08
613.965	  1.4724e+08
614.252	  1.47116e+08
614.539	  1.46991e+08
614.826	  1.46866e+08
615.113	  1.46742e+08
615.4	  1.46617e+08
615.687	  1.46493e+08
615.974	  1.46368e+08
616.261	  1.46244e+08
616.548	  1.46119e+08
616.835	  1.45995e+08
617.122	  1.45871e+08
617.409	  1.45746e+08
617.696	  1.45622e+08
617.983	  1.45497e+08
618.27	  1.45373e+08
618.557	  1.45249e+08
618.844	  1.45124e+08
619.131	  1.45e+08
619.418	  1.44876e+08
619.705	  1.44752e+08
619.992	  1.44627e+08
620.279	  1.44503e+08
620.566	  1.44379e+08
620.853	  1.44255e+08
621.14	  1.4413e+08
621.427	  1.44006e+08
621.714	  1.43882e+08
622.001	  1.43758e+08
622.288	  1.43634e+08
622.575	  1.4351e+08
622.862	  1.43386e+08
623.149	  1.43262e+08
623.436	  1.43138e+08
623.723	  1.43014e+08
624.01	  1.4289e+08
624.297	  1.42766e+08
624.584	  1.42642e+08
624.871	  1.42518e+08
625.158	  1.42394e+08
625.445	  1.42271e+08
625.732	  1.42147e+08
626.019	  1.42023e+08
626.306	  1.41899e+08
626.593	  1.41776e+08
626.88	  1.41652e+08
627.167	  1.41528e+08
627.454	  1.41405e+08
627.741	  1.41281e+08
628.028	  1.41158e+08
628.315	  1.41034e+08
628.602	  1.4091e+08
628.889	  1.40787e+08
629.176	  1.40664e+08
629.463	  1.4054e+08
629.75	  1.40417e+08
630.037	  1.40293e+08
630.324	  1.4017e+08
630.611	  1.40047e+08
630.898	  1.39924e+08
631.185	  1.398e+08
631.472	  1.39677e+08
631.759	  1.39554e+08
632.046	  1.39431e+08
632.333	  1.39308e+08
632.62	  1.39185e+08
632.907	  1.39062e+08
633.194	  1.38939e+08
633.481	  1.38816e+08
633.768	  1.38693e+08
634.055	  1.3857e+08
634.342	  1.38447e+08
634.629	  1.38324e+08
634.916	  1.38202e+08
635.203	  1.38079e+08
635.49	  1.37956e+08
635.777	  1.37833e+08
636.064	  1.37711e+08
636.351	  1.37588e+08
636.638	  1.37466e+08
636.925	  1.37343e+08
637.212	  1.37221e+08
637.499	  1.37098e+08
637.786	  1.36976e+08
638.073	  1.36854e+08
638.36	  1.36731e+08
638.647	  1.36609e+08
638.934	  1.36487e+08
639.221	  1.36365e+08
639.508	  1.36242e+08
639.795	  1.3612e+08
640.082	  1.35998e+08
640.369	  1.35876e+08
640.656	  1.35754e+08
640.943	  1.35632e+08
641.23	  1.35511e+08
641.517	  1.35389e+08
641.804	  1.35267e+08
642.091	  1.35145e+08
642.378	  1.35023e+08
642.665	  1.34902e+08
642.952	  1.3478e+08
643.239	  1.34659e+08
643.526	  1.34537e+08
643.813	  1.34416e+08
644.1	  1.34294e+08
644.387	  1.34173e+08
644.674	  1.34051e+08
644.961	  1.3393e+08
645.248	  1.33809e+08
645.535	  1.33688e+08
645.822	  1.33566e+08
646.109	  1.33445e+08
646.396	  1.33324e+08
646.683	  1.33203e+08
646.97	  1.33082e+08
647.257	  1.32961e+08
647.544	  1.32841e+08
647.831	  1.3272e+08
648.118	  1.32599e+08
648.405	  1.32478e+08
648.692	  1.32358e+08
648.979	  1.32237e+08
649.266	  1.32116e+08
649.553	  1.31996e+08
649.84	  1.31875e+08
650.127	  1.31755e+08
650.414	  1.31635e+08
650.701	  1.31514e+08
650.988	  1.31394e+08
651.275	  1.31274e+08
651.562	  1.31154e+08
651.849	  1.31034e+08
652.136	  1.30914e+08
652.423	  1.30794e+08
652.71	  1.30674e+08
652.997	  1.30554e+08
653.284	  1.30434e+08
653.571	  1.30314e+08
653.858	  1.30195e+08
654.145	  1.30075e+08
654.432	  1.29955e+08
654.719	  1.29836e+08
655.006	  1.29716e+08
655.293	  1.29597e+08
655.58	  1.29477e+08
655.867	  1.29358e+08
656.154	  1.29239e+08
656.441	  1.2912e+08
656.728	  1.29e+08
657.015	  1.28881e+08
657.302	  1.28762e+08
657.589	  1.28643e+08
657.876	  1.28524e+08
658.163	  1.28406e+08
658.45	  1.28287e+08
658.737	  1.28168e+08
659.024	  1.28049e+08
659.311	  1.27931e+08
659.598	  1.27812e+08
659.885	  1.27694e+08
660.172	  1.27575e+08
660.459	  1.27457e+08
660.746	  1.27338e+08
661.033	  1.2722e+08
661.32	  1.27102e+08
661.607	  1.26984e+08
661.894	  1.26866e+08
662.181	  1.26748e+08
662.468	  1.2663e+08
662.755	  1.26512e+08
663.042	  1.26394e+08
663.329	  1.26276e+08
663.616	  1.26158e+08
663.903	  1.26041e+08
664.19	  1.25923e+08
664.477	  1.25805e+08
664.764	  1.25688e+08
665.051	  1.25571e+08
665.338	  1.25453e+08
665.625	  1.25336e+08
665.912	  1.25219e+08
666.199	  1.25102e+08
666.486	  1.24984e+08
666.773	  1.24867e+08
667.06	  1.2475e+08
667.347	  1.24634e+08
667.634	  1.24517e+08
667.921	  1.244e+08
668.208	  1.24283e+08
668.495	  1.24167e+08
668.782	  1.2405e+08
669.069	  1.23933e+08
669.356	  1.23817e+08
669.643	  1.23701e+08
669.93	  1.23584e+08
670.217	  1.23468e+08
670.504	  1.23352e+08
670.791	  1.23236e+08
671.078	  1.2312e+08
671.365	  1.23004e+08
671.652	  1.22888e+08
671.939	  1.22772e+08
672.226	  1.22656e+08
672.513	  1.2254e+08
672.8	  1.22425e+08
673.087	  1.22309e+08
673.374	  1.22194e+08
673.661	  1.22078e+08
673.948	  1.21963e+08
674.235	  1.21847e+08
674.522	  1.21732e+08
674.809	  1.21617e+08
675.096	  1.21502e+08
675.383	  1.21387e+08
675.67	  1.21272e+08
675.957	  1.21157e+08
676.244	  1.21042e+08
676.531	  1.20927e+08
676.818	  1.20813e+08
677.105	  1.20698e+08
677.392	  1.20584e+08
677.679	  1.20469e+08
677.966	  1.20355e+08
678.253	  1.2024e+08
678.54	  1.20126e+08
678.827	  1.20012e+08
679.114	  1.19898e+08
679.401	  1.19784e+08
679.688	  1.1967e+08
679.975	  1.19556e+08
680.262	  1.19442e+08
680.549	  1.19328e+08
680.836	  1.19215e+08
681.123	  1.19101e+08
681.41	  1.18987e+08
681.697	  1.18874e+08
681.984	  1.18761e+08
682.271	  1.18647e+08
682.558	  1.18534e+08
682.845	  1.18421e+08
683.132	  1.18308e+08
683.419	  1.18195e+08
683.706	  1.18082e+08
683.993	  1.17969e+08
684.28	  1.17856e+08
684.567	  1.17743e+08
684.854	  1.17631e+08
685.141	  1.17518e+08
685.428	  1.17406e+08
685.715	  1.17293e+08
686.002	  1.17181e+08
686.289	  1.17068e+08
686.576	  1.16956e+08
686.863	  1.16844e+08
687.15	  1.16732e+08
687.437	  1.1662e+08
687.724	  1.16508e+08
688.011	  1.16396e+08
688.298	  1.16284e+08
688.585	  1.16173e+08
688.872	  1.16061e+08
689.159	  1.1595e+08
689.446	  1.15838e+08
689.733	  1.15727e+08
690.02	  1.15615e+08
690.307	  1.15504e+08
690.594	  1.15393e+08
690.881	  1.15282e+08
691.168	  1.15171e+08
691.455	  1.1506e+08
691.742	  1.14949e+08
692.029	  1.14838e+08
692.316	  1.14728e+08
692.603	  1.14617e+08
692.89	  1.14507e+08
693.177	  1.14396e+08
693.464	  1.14286e+08
693.751	  1.14175e+08
694.038	  1.14065e+08
694.325	  1.13955e+08
694.612	  1.13845e+08
694.899	  1.13735e+08
695.186	  1.13625e+08
695.473	  1.13515e+08
695.76	  1.13405e+08
696.047	  1.13296e+08
696.334	  1.13186e+08
696.621	  1.13077e+08
696.908	  1.12967e+08
697.195	  1.12858e+08
697.482	  1.12748e+08
697.769	  1.12639e+08
698.056	  1.1253e+08
698.343	  1.12421e+08
698.63	  1.12312e+08
698.917	  1.12203e+08
699.204	  1.12094e+08
699.491	  1.11986e+08
699.778	  1.11877e+08
700.065	  1.11768e+08
700.352	  1.1166e+08
700.639	  1.11551e+08
700.926	  1.11443e+08
701.213	  1.11335e+08
701.5	  1.11227e+08
701.787	  1.11119e+08
702.074	  1.11011e+08
702.361	  1.10903e+08
702.648	  1.10795e+08
702.935	  1.10687e+08
703.222	  1.10579e+08
703.509	  1.10472e+08
703.796	  1.10364e+08
704.083	  1.10257e+08
704.37	  1.10149e+08
704.657	  1.10042e+08
704.944	  1.09935e+08
705.231	  1.09828e+08
705.518	  1.09721e+08
705.805	  1.09614e+08
706.092	  1.09507e+08
706.379	  1.094e+08
706.666	  1.09293e+08
706.953	  1.09187e+08
707.24	  1.0908e+08
707.527	  1.08974e+08
707.814	  1.08867e+08
708.101	  1.08761e+08
708.388	  1.08655e+08
708.675	  1.08549e+08
708.962	  1.08443e+08
709.249	  1.08337e+08
709.536	  1.08231e+08
709.823	  1.08125e+08
710.11	  1.08019e+08
710.397	  1.07914e+08
710.684	  1.07808e+08
710.971	  1.07703e+08
711.258	  1.07597e+08
711.545	  1.07492e+08
711.832	  1.07387e+08
712.119	  1.07282e+08
712.406	  1.07176e+08
712.693	  1.07071e+08
712.98	  1.06967e+08
713.267	  1.06862e+08
713.554	  1.06757e+08
713.841	  1.06652e+08
714.128	  1.06548e+08
714.415	  1.06443e+08
714.702	  1.06339e+08
714.989	  1.06235e+08
715.276	  1.0613e+08
715.563	  1.06026e+08
715.85	  1.05922e+08
716.137	  1.05818e+08
716.424	  1.05714e+08
716.711	  1.05611e+08
716.998	  1.05507e+08
717.285	  1.05403e+08
717.572	  1.053e+08
717.859	  1.05196e+08
718.146	  1.05093e+08
718.433	  1.04989e+08
718.72	  1.04886e+08
719.007	  1.04783e+08
719.294	  1.0468e+08
719.581	  1.04577e+08
719.868	  1.04474e+08
720.155	  1.04371e+08
720.442	  1.04269e+08
720.729	  1.04166e+08
721.016	  1.04064e+08
721.303	  1.03961e+08
721.59	  1.03859e+08
721.877	  1.03756e+08
722.164	  1.03654e+08
722.451	  1.03552e+08
722.738	  1.0345e+08
723.025	  1.03348e+08
723.312	  1.03246e+08
723.599	  1.03145e+08
723.886	  1.03043e+08
724.173	  1.02941e+08
724.46	  1.0284e+08
724.747	  1.02738e+08
725.034	  1.02637e+08
725.321	  1.02536e+08
725.608	  1.02435e+08
725.895	  1.02333e+08
726.182	  1.02232e+08
726.469	  1.02131e+08
726.756	  1.02031e+08
727.043	  1.0193e+08
727.33	  1.01829e+08
727.617	  1.01729e+08
727.904	  1.01628e+08
728.191	  1.01528e+08
728.478	  1.01427e+08
728.765	  1.01327e+08
729.052	  1.01227e+08
729.339	  1.01127e+08
729.626	  1.01027e+08
729.913	  1.00927e+08
730.2	  1.00827e+08
730.487	  1.00728e+08
730.774	  1.00628e+08
731.061	  1.00528e+08
731.348	  1.00429e+08
731.635	  1.0033e+08
731.922	  1.0023e+08
732.209	  1.00131e+08
732.496	  1.00032e+08
732.783	  9.9933e+07
733.07	  9.98341e+07
733.357	  9.97352e+07
733.644	  9.96364e+07
733.931	  9.95378e+07
734.218	  9.94392e+07
734.505	  9.93406e+07
734.792	  9.92422e+07
735.079	  9.91439e+07
735.366	  9.90456e+07
735.653	  9.89475e+07
735.94	  9.88494e+07
736.227	  9.87514e+07
736.514	  9.86535e+07
736.801	  9.85557e+07
737.088	  9.8458e+07
737.375	  9.83603e+07
737.662	  9.82628e+07
737.949	  9.81653e+07
738.236	  9.80679e+07
738.523	  9.79706e+07
738.81	  9.78734e+07
739.097	  9.77763e+07
739.384	  9.76792e+07
739.671	  9.75823e+07
739.958	  9.74854e+07
740.245	  9.73886e+07
740.532	  9.72919e+07
740.819	  9.71953e+07
741.106	  9.70988e+07
741.393	  9.70024e+07
741.68	  9.6906e+07
741.967	  9.68098e+07
742.254	  9.67136e+07
742.541	  9.66175e+07
742.828	  9.65215e+07
743.115	  9.64256e+07
743.402	  9.63298e+07
743.689	  9.62341e+07
743.976	  9.61384e+07
744.263	  9.60429e+07
744.55	  9.59474e+07
744.837	  9.5852e+07
745.124	  9.57567e+07
745.411	  9.56615e+07
745.698	  9.55664e+07
745.985	  9.54713e+07
746.272	  9.53764e+07
746.559	  9.52815e+07
746.846	  9.51867e+07
747.133	  9.5092e+07
747.42	  9.49974e+07
747.707	  9.49029e+07
747.994	  9.48085e+07
748.281	  9.47141e+07
748.568	  9.46199e+07
748.855	  9.45257e+07
749.142	  9.44316e+07
749.429	  9.43376e+07
749.716	  9.42437e+07
750.003	  9.41499e+07
750.29	  9.40561e+07
750.577	  9.39625e+07
750.864	  9.38689e+07
751.151	  9.37755e+07
751.438	  9.36821e+07
751.725	  9.35888e+07
752.012	  9.34956e+07
752.299	  9.34024e+07
752.586	  9.33094e+07
752.873	  9.32164e+07
753.16	  9.31236e+07
753.447	  9.30308e+07
753.734	  9.29381e+07
754.021	  9.28455e+07
754.308	  9.2753e+07
754.595	  9.26605e+07
754.882	  9.25682e+07
755.169	  9.24759e+07
755.456	  9.23837e+07
755.743	  9.22917e+07
756.03	  9.21997e+07
756.317	  9.21078e+07
756.604	  9.20159e+07
756.891	  9.19242e+07
757.178	  9.18325e+07
757.465	  9.1741e+07
757.752	  9.16495e+07
758.039	  9.15581e+07
758.326	  9.14668e+07
758.613	  9.13756e+07
758.9	  9.12844e+07
759.187	  9.11934e+07
759.474	  9.11024e+07
759.761	  9.10116e+07
760.048	  9.09208e+07
760.335	  9.08301e+07
760.622	  9.07395e+07
760.909	  9.0649e+07
761.196	  9.05585e+07
761.483	  9.04682e+07
761.77	  9.03779e+07
762.057	  9.02877e+07
762.344	  9.01976e+07
762.631	  9.01076e+07
762.918	  9.00177e+07
763.205	  8.99279e+07
763.492	  8.98381e+07
763.779	  8.97485e+07
764.066	  8.96589e+07
764.353	  8.95694e+07
764.64	  8.948e+07
764.927	  8.93907e+07
765.214	  8.93015e+07
765.501	  8.92123e+07
765.788	  8.91233e+07
766.075	  8.90343e+07
766.362	  8.89454e+07
766.649	  8.88566e+07
766.936	  8.87679e+07
767.223	  8.86793e+07
767.51	  8.85907e+07
767.797	  8.85023e+07
768.084	  8.84139e+07
768.371	  8.83256e+07
768.658	  8.82374e+07
768.945	  8.81493e+07
769.232	  8.80613e+07
769.519	  8.79734e+07
769.806	  8.78855e+07
770.093	  8.77978e+07
770.38	  8.77101e+07
770.667	  8.76225e+07
770.954	  8.7535e+07
771.241	  8.74476e+07
771.528	  8.73602e+07
771.815	  8.7273e+07
772.102	  8.71858e+07
772.389	  8.70987e+07
772.676	  8.70118e+07
772.963	  8.69248e+07
773.25	  8.6838e+07
773.537	  8.67513e+07
773.824	  8.66646e+07
774.111	  8.65781e+07
774.398	  8.64916e+07
774.685	  8.64052e+07
774.972	  8.63189e+07
775.259	  8.62327e+07
775.546	  8.61465e+07
775.833	  8.60605e+07
776.12	  8.59745e+07
776.407	  8.58886e+07
776.694	  8.58029e+07
776.981	  8.57171e+07
777.268	  8.56315e+07
777.555	  8.5546e+07
777.842	  8.54605e+07
778.129	  8.53752e+07
778.416	  8.52899e+07
778.703	  8.52047e+07
778.99	  8.51196e+07
779.277	  8.50345e+07
779.564	  8.49496e+07
779.851	  8.48647e+07
780.138	  8.478e+07
780.425	  8.46953e+07
780.712	  8.46107e+07
780.999	  8.45261e+07
781.286	  8.44417e+07
781.573	  8.43574e+07
781.86	  8.42731e+07
782.147	  8.41889e+07
782.434	  8.41048e+07
782.721	  8.40208e+07
783.008	  8.39369e+07
783.295	  8.3853e+07
783.582	  8.37693e+07
783.869	  8.36856e+07
784.156	  8.3602e+07
784.443	  8.35185e+07
784.73	  8.34351e+07
785.017	  8.33518e+07
785.304	  8.32685e+07
785.591	  8.31853e+07
785.878	  8.31023e+07
786.165	  8.30193e+07
786.452	  8.29363e+07
786.739	  8.28535e+07
787.026	  8.27708e+07
787.313	  8.26881e+07
787.6	  8.26055e+07
787.887	  8.2523e+07
788.174	  8.24406e+07
788.461	  8.23583e+07
788.748	  8.2276e+07
789.035	  8.21939e+07
789.322	  8.21118e+07
789.609	  8.20298e+07
789.896	  8.19479e+07
790.183	  8.18661e+07
790.47	  8.17843e+07
790.757	  8.17027e+07
791.044	  8.16211e+07
791.331	  8.15396e+07
791.618	  8.14582e+07
791.905	  8.13769e+07
792.192	  8.12956e+07
792.479	  8.12145e+07
792.766	  8.11334e+07
793.053	  8.10524e+07
793.34	  8.09715e+07
793.627	  8.08907e+07
793.914	  8.08099e+07
794.201	  8.07293e+07
794.488	  8.06487e+07
794.775	  8.05682e+07
795.062	  8.04878e+07
795.349	  8.04075e+07
795.636	  8.03272e+07
795.923	  8.0247e+07
796.21	  8.0167e+07
796.497	  8.0087e+07
796.784	  8.00071e+07
797.071	  7.99272e+07
797.358	  7.98475e+07
797.645	  7.97678e+07
797.932	  7.96882e+07
798.219	  7.96087e+07
798.506	  7.95293e+07
798.793	  7.945e+07
799.08	  7.93707e+07
799.367	  7.92915e+07
799.654	  7.92124e+07
799.941	  7.91334e+07
800.228	  7.90545e+07
800.515	  7.89756e+07
800.802	  7.88969e+07
801.089	  7.88182e+07
801.376	  7.87396e+07
801.663	  7.86611e+07
801.95	  7.85826e+07
802.237	  7.85043e+07
802.524	  7.8426e+07
802.811	  7.83478e+07
803.098	  7.82697e+07
803.385	  7.81917e+07
803.672	  7.81137e+07
803.959	  7.80358e+07
804.246	  7.79581e+07
804.533	  7.78804e+07
804.82	  7.78027e+07
805.107	  7.77252e+07
805.394	  7.76477e+07
805.681	  7.75703e+07
805.968	  7.7493e+07
806.255	  7.74158e+07
806.542	  7.73387e+07
806.829	  7.72616e+07
807.116	  7.71846e+07
807.403	  7.71078e+07
807.69	  7.70309e+07
807.977	  7.69542e+07
808.264	  7.68776e+07
808.551	  7.6801e+07
808.838	  7.67245e+07
809.125	  7.66481e+07
809.412	  7.65717e+07
809.699	  7.64955e+07
809.986	  7.64193e+07
810.273	  7.63432e+07
810.56	  7.62672e+07
810.847	  7.61913e+07
811.134	  7.61154e+07
811.421	  7.60397e+07
811.708	  7.5964e+07
811.995	  7.58883e+07
812.282	  7.58128e+07
812.569	  7.57374e+07
812.856	  7.5662e+07
813.143	  7.55867e+07
813.43	  7.55115e+07
813.717	  7.54364e+07
814.004	  7.53613e+07
814.291	  7.52863e+07
814.578	  7.52114e+07
814.865	  7.51366e+07
815.152	  7.50619e+07
815.439	  7.49872e+07
815.726	  7.49126e+07
816.013	  7.48381e+07
816.3	  7.47637e+07
816.587	  7.46894e+07
816.874	  7.46151e+07
817.161	  7.45409e+07
817.448	  7.44668e+07
817.735	  7.43928e+07
818.022	  7.43188e+07
818.309	  7.4245e+07
818.596	  7.41712e+07
818.883	  7.40975e+07
819.17	  7.40238e+07
819.457	  7.39503e+07
820.002	  7.38107e+07
820.031	  7.38034e+07
820.059	  7.37961e+07
820.088	  7.37887e+07
820.117	  7.37814e+07
820.146	  7.37741e+07
820.174	  7.37667e+07
820.203	  7.37594e+07
820.232	  7.37521e+07
820.26	  7.37447e+07
820.289	  7.37374e+07
820.318	  7.37301e+07
820.346	  7.37228e+07
820.375	  7.37154e+07
820.404	  7.37081e+07
820.433	  7.37008e+07
820.461	  7.36935e+07
820.49	  7.36861e+07
820.519	  7.36788e+07
820.547	  7.36715e+07
820.576	  7.36642e+07
820.605	  7.36568e+07
820.633	  6.29058e+07
820.662	  6.29013e+07
820.691	  6.28967e+07
820.72	  6.28922e+07
820.748	  6.28876e+07
820.777	  6.2883e+07
820.806	  6.28785e+07
820.834	  6.28739e+07
820.863	  6.28694e+07
820.892	  6.28648e+07
820.92	  6.28602e+07
820.949	  6.28557e+07
820.978	  6.28511e+07
821.007	  6.28466e+07
821.035	  6.2842e+07
821.064	  6.28375e+07
821.093	  6.28329e+07
821.121	  6.28283e+07
821.15	  6.28238e+07
821.179	  6.28192e+07
821.207	  6.28147e+07
821.236	  6.28101e+07
821.265	  6.28056e+07
821.294	  6.2801e+07
821.322	  6.27964e+07
821.351	  6.27919e+07
821.38	  6.27873e+07
821.408	  6.27828e+07
821.437	  6.27782e+07
821.466	  6.27737e+07
821.494	  6.27691e+07
821.523	  6.27645e+07
821.552	  6.276e+07
821.581	  6.27554e+07
821.609	  6.27509e+07
821.638	  6.27463e+07
821.667	  6.27418e+07
821.695	  6.27372e+07
821.724	  6.27327e+07
821.753	  6.27281e+07
821.781	  6.27236e+07
821.81	  6.2719e+07
821.839	  6.27145e+07
821.868	  6.27099e+07
821.896	  6.27053e+07
821.925	  6.27008e+07
821.954	  6.26962e+07
821.982	  6.26917e+07
822.011	  6.26871e+07
822.011	  6.26871e+07
822.298	  6.26416e+07
822.585	  6.25961e+07
822.872	  6.25506e+07
823.159	  6.25052e+07
823.446	  6.24597e+07
823.733	  6.24143e+07
824.02	  6.23689e+07
824.307	  6.23235e+07
824.594	  6.22781e+07
824.881	  6.22328e+07
825.168	  6.21875e+07
825.455	  6.21421e+07
825.742	  6.20968e+07
826.029	  6.20516e+07
826.316	  6.20063e+07
826.603	  6.19611e+07
826.89	  6.19158e+07
827.177	  6.18706e+07
827.464	  6.18254e+07
827.751	  6.17803e+07
828.038	  6.17351e+07
828.325	  6.169e+07
828.612	  6.16449e+07
828.899	  6.15998e+07
829.186	  6.15547e+07
829.473	  6.15096e+07
829.76	  6.14646e+07
830.047	  6.14196e+07
830.334	  6.13745e+07
830.621	  6.13296e+07
830.908	  6.12846e+07
831.195	  6.12396e+07
831.482	  6.11947e+07
831.769	  6.11498e+07
832.056	  6.11049e+07
832.343	  6.106e+07
832.63	  6.10152e+07
832.917	  6.09703e+07
833.204	  6.09255e+07
833.491	  6.08807e+07
833.778	  6.08359e+07
834.065	  6.07912e+07
834.352	  6.07464e+07
834.639	  6.07017e+07
834.926	  6.0657e+07
835.213	  6.06123e+07
835.5	  6.05677e+07
835.787	  6.0523e+07
836.074	  6.04784e+07
836.361	  6.04338e+07
836.648	  6.03892e+07
836.935	  6.03446e+07
837.222	  6.03001e+07
837.509	  6.02556e+07
837.796	  6.02111e+07
838.083	  6.01666e+07
838.37	  6.01221e+07
838.657	  6.00777e+07
838.944	  6.00332e+07
839.231	  5.99888e+07
839.518	  5.99444e+07
839.805	  5.99001e+07
840.092	  5.98557e+07
840.379	  5.98114e+07
840.666	  5.97671e+07
840.953	  5.97228e+07
841.24	  5.96785e+07
841.527	  5.96342e+07
841.814	  5.959e+07
842.101	  5.95458e+07
842.388	  5.95016e+07
842.675	  5.94574e+07
842.962	  5.94133e+07
843.249	  5.93692e+07
843.536	  5.9325e+07
843.823	  5.9281e+07
844.11	  5.92369e+07
844.397	  5.91928e+07
844.684	  5.91488e+07
844.971	  5.91048e+07
845.258	  5.90608e+07
845.545	  5.90168e+07
845.832	  5.89729e+07
846.119	  5.8929e+07
846.406	  5.88851e+07
846.693	  5.88412e+07
846.98	  5.87973e+07
847.267	  5.87535e+07
847.554	  5.87096e+07
847.841	  5.86658e+07
848.128	  5.8622e+07
848.415	  5.85783e+07
848.702	  5.85345e+07
848.989	  5.84908e+07
849.276	  5.84471e+07
849.563	  5.84034e+07
849.85	  5.83598e+07
850.137	  5.83161e+07
850.424	  5.82725e+07
850.711	  5.82289e+07
850.998	  5.81853e+07
851.285	  5.81418e+07
851.572	  5.80982e+07
851.859	  5.80547e+07
852.146	  5.80112e+07
852.433	  5.79678e+07
852.72	  5.79243e+07
853.007	  5.78809e+07
853.294	  5.78375e+07
853.581	  5.77941e+07
853.868	  5.77507e+07
854.155	  5.77074e+07
854.442	  5.76641e+07
854.729	  5.76208e+07
855.016	  5.75775e+07
855.303	  5.75342e+07
855.59	  5.7491e+07
855.877	  5.74478e+07
856.164	  5.74046e+07
856.451	  5.73614e+07
856.738	  5.73182e+07
857.025	  5.72751e+07
857.312	  5.7232e+07
857.599	  5.71889e+07
857.886	  5.71458e+07
858.173	  5.71028e+07
858.46	  5.70598e+07
858.747	  5.70168e+07
859.034	  5.69738e+07
859.321	  5.69308e+07
859.608	  5.68879e+07
859.895	  5.6845e+07
860.182	  5.68021e+07
860.469	  5.67592e+07
860.756	  5.67164e+07
861.043	  5.66735e+07
861.33	  5.66307e+07
861.617	  5.65879e+07
861.904	  5.65452e+07
862.191	  5.65024e+07
862.478	  5.64597e+07
862.765	  5.6417e+07
863.052	  5.63743e+07
863.339	  5.63317e+07
863.626	  5.62891e+07
863.913	  5.62464e+07
864.2	  5.62039e+07
864.487	  5.61613e+07
864.774	  5.61187e+07
865.061	  5.60762e+07
865.348	  5.60337e+07
865.635	  5.59913e+07
865.922	  5.59488e+07
866.209	  5.59064e+07
866.496	  5.5864e+07
866.783	  5.58216e+07
867.07	  5.57792e+07
867.357	  5.57369e+07
867.644	  5.56945e+07
867.931	  5.56522e+07
868.218	  5.561e+07
868.505	  5.55677e+07
868.792	  5.55255e+07
869.079	  5.54833e+07
869.366	  5.54411e+07
869.653	  5.53989e+07
869.94	  5.53568e+07
870.227	  5.53147e+07
870.514	  5.52726e+07
870.801	  5.52305e+07
871.088	  5.51884e+07
871.375	  5.51464e+07
871.662	  5.51044e+07
871.949	  5.50624e+07
872.236	  5.50204e+07
872.523	  5.49785e+07
872.81	  5.49366e+07
873.097	  5.48947e+07
873.384	  5.48528e+07
873.671	  5.4811e+07
873.958	  5.47692e+07
874.245	  5.47274e+07
874.532	  5.46856e+07
874.819	  5.46438e+07
875.106	  5.46021e+07
875.393	  5.45604e+07
875.68	  5.45187e+07
875.967	  5.4477e+07
876.254	  5.44354e+07
876.541	  5.43938e+07
876.828	  5.43522e+07
877.115	  5.43106e+07
877.402	  5.4269e+07
877.689	  5.42275e+07
877.976	  5.4186e+07
878.263	  5.41445e+07
878.55	  5.41031e+07
878.837	  5.40616e+07
879.124	  5.40202e+07
879.411	  5.39788e+07
879.698	  5.39374e+07
879.985	  5.38961e+07
880.272	  5.38548e+07
880.559	  5.38135e+07
880.846	  5.37722e+07
881.133	  5.3731e+07
881.42	  5.36897e+07
881.707	  5.36485e+07
881.994	  5.36073e+07
882.281	  5.35662e+07
882.568	  5.3525e+07
882.855	  5.34839e+07
883.142	  5.34429e+07
883.429	  5.34018e+07
883.716	  5.33607e+07
884.003	  5.33197e+07
884.29	  5.32787e+07
884.577	  5.32378e+07
884.864	  5.31968e+07
885.151	  5.31559e+07
885.438	  5.3115e+07
885.725	  5.30741e+07
886.012	  5.30332e+07
886.299	  5.29924e+07
886.586	  5.29516e+07
886.873	  5.29108e+07
887.16	  5.28701e+07
887.447	  5.28293e+07
887.734	  5.27886e+07
888.021	  5.27479e+07
888.308	  5.27073e+07
888.595	  5.26666e+07
888.882	  5.2626e+07
889.169	  5.25854e+07
889.456	  5.25448e+07
889.743	  5.25043e+07
890.03	  5.24638e+07
890.317	  5.24233e+07
890.604	  5.23828e+07
890.891	  5.23423e+07
891.178	  5.23019e+07
891.465	  5.22615e+07
891.752	  5.22211e+07
892.039	  5.21807e+07
892.326	  5.21404e+07
892.613	  5.21001e+07
892.9	  5.20598e+07
893.187	  5.20195e+07
893.474	  5.19793e+07
893.761	  5.19391e+07
894.048	  5.18989e+07
894.335	  5.18587e+07
894.622	  5.18186e+07
894.909	  5.17785e+07
895.196	  5.17384e+07
895.483	  5.16983e+07
895.77	  5.16582e+07
896.057	  5.16182e+07
896.344	  5.15782e+07
896.631	  5.15382e+07
896.918	  5.14983e+07
897.205	  5.14584e+07
897.492	  5.14184e+07
897.779	  5.13786e+07
898.066	  5.13387e+07
898.353	  5.12989e+07
898.64	  5.12591e+07
898.927	  5.12193e+07
899.214	  5.11795e+07
899.501	  5.11398e+07
899.788	  5.11001e+07
900.075	  5.10604e+07
900.362	  5.10207e+07
900.649	  5.09811e+07
900.936	  5.09415e+07
901.223	  5.09019e+07
901.51	  5.08623e+07
901.797	  5.08228e+07
902.084	  5.07832e+07
902.371	  5.07437e+07
902.658	  5.07043e+07
902.945	  5.06648e+07
903.232	  5.06254e+07
903.519	  5.0586e+07
903.806	  5.05466e+07
904.093	  5.05073e+07
904.38	  5.04679e+07
904.667	  5.04286e+07
904.954	  5.03894e+07
905.241	  5.03501e+07
905.528	  5.03109e+07
905.815	  5.02717e+07
906.102	  5.02325e+07
906.389	  5.01933e+07
906.676	  5.01542e+07
906.963	  5.01151e+07
907.25	  5.0076e+07
907.537	  5.00369e+07
907.824	  4.99979e+07
908.111	  4.99589e+07
908.398	  4.99199e+07
908.685	  4.98809e+07
908.972	  4.9842e+07
909.259	  4.98031e+07
909.546	  4.97642e+07
909.833	  4.97253e+07
910.12	  4.96865e+07
910.407	  4.96477e+07
910.694	  4.96089e+07
910.981	  4.95701e+07
911.268	  4.95314e+07
911.555	  4.94927e+07
911.842	  4.9454e+07
912.129	  4.94153e+07
912.416	  4.93767e+07
912.703	  4.9338e+07
912.99	  4.92994e+07
913.277	  4.92609e+07
913.564	  4.92223e+07
913.851	  4.91838e+07
914.138	  4.91453e+07
914.425	  4.91068e+07
914.712	  4.90684e+07
914.999	  4.903e+07
915.286	  4.89916e+07
915.573	  4.89532e+07
915.86	  4.89148e+07
916.147	  4.88765e+07
916.434	  4.88382e+07
916.721	  4.87999e+07
917.008	  4.87617e+07
917.295	  4.87234e+07
917.582	  4.86852e+07
917.869	  4.86471e+07
918.156	  4.86089e+07
918.443	  4.85708e+07
918.73	  4.85327e+07
919.017	  4.84946e+07
919.304	  4.84565e+07
919.591	  4.84185e+07
919.878	  4.83805e+07
920.165	  4.83425e+07
920.452	  4.83046e+07
920.739	  4.82666e+07
921.026	  4.82287e+07
921.313	  4.81908e+07
921.6	  4.8153e+07
921.887	  4.81151e+07
922.174	  4.80773e+07
922.461	  4.80396e+07
922.748	  4.80018e+07
923.035	  4.79641e+07
923.322	  4.79263e+07
923.609	  4.78887e+07
923.896	  4.7851e+07
924.183	  4.78134e+07
924.47	  4.77758e+07
924.757	  4.77382e+07
925.044	  4.77006e+07
925.331	  4.76631e+07
925.618	  4.76256e+07
925.905	  4.75881e+07
926.192	  4.75506e+07
926.479	  4.75132e+07
926.766	  4.74758e+07
927.053	  4.74384e+07
927.34	  4.7401e+07
927.627	  4.73637e+07
927.914	  4.73264e+07
928.201	  4.72891e+07
928.488	  4.72518e+07
928.775	  4.72146e+07
929.062	  4.71773e+07
929.349	  4.71402e+07
929.636	  4.7103e+07
929.923	  4.70658e+07
930.21	  4.70287e+07
930.497	  4.69916e+07
930.784	  4.69546e+07
931.071	  4.69175e+07
931.358	  4.68805e+07
931.645	  4.68435e+07
931.932	  4.68066e+07
932.219	  4.67696e+07
932.506	  4.67327e+07
932.793	  4.66958e+07
933.08	  4.66589e+07
933.367	  4.66221e+07
933.654	  4.65853e+07
933.941	  4.65485e+07
934.228	  4.65117e+07
934.515	  4.6475e+07
934.802	  4.64382e+07
935.089	  4.64016e+07
935.376	  4.63649e+07
935.663	  4.63282e+07
935.95	  4.62916e+07
936.237	  4.6255e+07
936.524	  4.62185e+07
936.811	  4.61819e+07
937.098	  4.61454e+07
937.385	  4.61089e+07
937.672	  4.60724e+07
937.959	  4.6036e+07
938.246	  4.59996e+07
938.533	  4.59632e+07
938.82	  4.59268e+07
939.107	  4.58905e+07
939.394	  4.58541e+07
939.681	  4.58178e+07
939.968	  4.57816e+07
940.255	  4.57453e+07
940.542	  4.57091e+07
940.829	  4.56729e+07
941.116	  4.56367e+07
941.403	  4.56006e+07
941.69	  4.55645e+07
941.977	  4.55284e+07
942.264	  4.54923e+07
942.551	  4.54562e+07
942.838	  4.54202e+07
943.125	  4.53842e+07
943.412	  4.53483e+07
943.699	  4.53123e+07
943.986	  4.52764e+07
944.273	  4.52405e+07
944.56	  4.52046e+07
944.847	  4.51688e+07
945.134	  4.51329e+07
945.421	  4.50971e+07
945.708	  4.50614e+07
945.995	  4.50256e+07
946.282	  4.49899e+07
946.569	  4.49542e+07
946.856	  4.49185e+07
947.143	  4.48829e+07
947.43	  4.48472e+07
947.717	  4.48117e+07
948.004	  4.47761e+07
948.291	  4.47405e+07
948.578	  4.4705e+07
948.865	  4.46695e+07
949.152	  4.4634e+07
949.439	  4.45986e+07
949.726	  4.45632e+07
950.013	  4.45278e+07
950.3	  4.44924e+07
950.587	  4.4457e+07
950.874	  4.44217e+07
951.161	  4.43864e+07
951.448	  4.43511e+07
951.735	  4.43159e+07
952.022	  4.42807e+07
952.309	  4.42455e+07
952.596	  4.42103e+07
952.883	  4.41751e+07
953.17	  4.414e+07
953.457	  4.41049e+07
953.744	  4.40698e+07
954.031	  4.40348e+07
954.318	  4.39997e+07
954.605	  4.39647e+07
954.892	  4.39298e+07
955.179	  4.38948e+07
955.466	  4.38599e+07
955.753	  4.3825e+07
956.04	  4.37901e+07
956.327	  4.37553e+07
956.614	  4.37204e+07
956.901	  4.36856e+07
957.188	  4.36508e+07
957.475	  4.36161e+07
957.762	  4.35814e+07
958.049	  4.35467e+07
958.336	  4.3512e+07
958.623	  4.34773e+07
958.91	  4.34427e+07
959.197	  4.34081e+07
959.484	  4.33735e+07
959.771	  4.3339e+07
960.058	  4.33044e+07
960.345	  4.32699e+07
960.632	  4.32355e+07
960.919	  4.3201e+07
961.206	  4.31666e+07
961.493	  4.31322e+07
961.78	  4.30978e+07
962.067	  4.30634e+07
962.354	  4.30291e+07
962.641	  4.29948e+07
962.928	  4.29605e+07
963.215	  4.29263e+07
963.502	  4.2892e+07
963.789	  4.28578e+07
964.076	  4.28236e+07
964.363	  4.27895e+07
964.65	  4.27553e+07
964.937	  4.27212e+07
965.224	  4.26872e+07
965.511	  4.26531e+07
965.798	  4.26191e+07
966.085	  4.25851e+07
966.372	  4.25511e+07
966.659	  4.25171e+07
966.946	  4.24832e+07
967.233	  4.24493e+07
967.52	  4.24154e+07
967.807	  4.23815e+07
968.094	  4.23477e+07
968.381	  4.23139e+07
968.668	  4.22801e+07
968.955	  4.22463e+07
969.242	  4.22126e+07
969.529	  4.21789e+07
969.816	  4.21452e+07
970.103	  4.21115e+07
970.39	  4.20779e+07
970.677	  4.20443e+07
970.964	  4.20107e+07
971.251	  4.19771e+07
971.538	  4.19436e+07
971.825	  4.19101e+07
972.112	  4.18766e+07
972.399	  4.18431e+07
972.686	  4.18097e+07
972.973	  4.17763e+07
973.26	  4.17429e+07
973.547	  4.17095e+07
973.834	  4.16762e+07
974.121	  4.16429e+07
974.408	  4.16096e+07
974.695	  4.15763e+07
974.982	  4.15431e+07
975.269	  4.15098e+07
975.556	  4.14767e+07
975.843	  4.14435e+07
976.13	  4.14103e+07
976.417	  4.13772e+07
976.704	  4.13441e+07
976.991	  4.13111e+07
977.278	  4.1278e+07
977.565	  4.1245e+07
977.852	  4.1212e+07
978.139	  4.1179e+07
978.426	  4.11461e+07
978.713	  4.11132e+07
979	  4.10803e+07
979.287	  4.10474e+07
979.574	  4.10145e+07
979.861	  4.09817e+07
980.148	  4.09489e+07
980.435	  4.09161e+07
980.722	  4.08834e+07
981.009	  4.08507e+07
981.296	  4.0818e+07
981.583	  4.07853e+07
981.87	  4.07526e+07
982.157	  4.072e+07
982.444	  4.06874e+07
982.731	  4.06548e+07
983.018	  4.06223e+07
983.305	  4.05897e+07
983.592	  4.05572e+07
983.879	  4.05248e+07
984.166	  4.04923e+07
984.453	  4.04599e+07
984.74	  4.04275e+07
985.027	  4.03951e+07
985.314	  4.03627e+07
985.601	  4.03304e+07
985.888	  4.02981e+07
986.175	  4.02658e+07
986.462	  4.02335e+07
986.749	  4.02013e+07
987.036	  4.01691e+07
987.323	  4.01369e+07
987.61	  4.01047e+07
987.897	  4.00726e+07
988.184	  4.00405e+07
988.471	  4.00084e+07
988.758	  3.99763e+07
989.045	  3.99443e+07
989.332	  3.99123e+07
989.619	  3.98803e+07
989.906	  3.98483e+07
990.193	  3.98164e+07
990.48	  3.97845e+07
990.767	  3.97526e+07
991.054	  3.97207e+07
991.341	  3.96888e+07
991.628	  3.9657e+07
991.915	  3.96252e+07
992.202	  3.95935e+07
992.489	  3.95617e+07
992.776	  3.953e+07
993.063	  3.94983e+07
993.35	  3.94666e+07
993.637	  3.94349e+07
993.924	  3.94033e+07
994.211	  3.93717e+07
994.498	  3.93401e+07
994.785	  3.93086e+07
995.072	  3.92771e+07
995.359	  3.92455e+07
995.646	  3.92141e+07
995.933	  3.91826e+07
996.22	  3.91512e+07
996.507	  3.91198e+07
996.794	  3.90884e+07
997.081	  3.9057e+07
997.368	  3.90257e+07
997.655	  3.89944e+07
997.942	  3.89631e+07
998.229	  3.89318e+07
998.516	  3.89006e+07
998.803	  3.88694e+07
999.09	  3.88382e+07
999.377	  3.8807e+07
999.664	  3.87759e+07
999.951	  3.87447e+07
1000.24	  3.87136e+07
1000.52	  3.86826e+07
1000.81	  3.86515e+07
1001.1	  3.86205e+07
1001.39	  3.85895e+07
1001.67	  3.85585e+07
1001.96	  3.85276e+07
1002.25	  3.84966e+07
1002.53	  3.84657e+07
1002.82	  3.84349e+07
1003.11	  3.8404e+07
1003.39	  3.83732e+07
1003.68	  3.83424e+07
1003.97	  3.83116e+07
1004.26	  3.82808e+07
1004.54	  3.82501e+07
1004.83	  3.82194e+07
1005.12	  3.81887e+07
1005.4	  3.8158e+07
1005.69	  3.81274e+07
1005.98	  3.80968e+07
1006.26	  3.80662e+07
1006.55	  3.80356e+07
1006.84	  3.80051e+07
1007.13	  3.79746e+07
1007.41	  3.79441e+07
1007.7	  3.79136e+07
1007.99	  3.78831e+07
1008.27	  3.78527e+07
1008.56	  3.78223e+07
1008.85	  3.77919e+07
1009.13	  3.77616e+07
1009.42	  3.77313e+07
1009.71	  3.77009e+07
1010	  3.76707e+07
1010.28	  3.76404e+07
1010.57	  3.76102e+07
1010.86	  3.758e+07
1011.14	  3.75498e+07
1011.43	  3.75196e+07
1011.72	  3.74895e+07
1012	  3.74594e+07
1012.29	  3.74293e+07
1012.58	  3.73992e+07
1012.87	  3.73692e+07
1013.15	  3.73391e+07
1013.44	  3.73091e+07
1013.73	  3.72792e+07
1014.01	  3.72492e+07
1014.3	  3.72193e+07
1014.59	  3.71894e+07
1014.88	  3.71595e+07
1015.16	  3.71297e+07
1015.45	  3.70998e+07
1015.74	  3.707e+07
1016.02	  3.70402e+07
1016.31	  3.70105e+07
1016.6	  3.69807e+07
1016.88	  3.6951e+07
1017.17	  3.69213e+07
1017.46	  3.68917e+07
1017.75	  3.6862e+07
1018.03	  3.68324e+07
1018.32	  3.68028e+07
1018.61	  3.67732e+07
1018.89	  3.67437e+07
1019.18	  3.67142e+07
1019.47	  3.66847e+07
1019.98	  3.66325e+07
1021.08	  3.65198e+07
1022.17	  3.64075e+07
1023.27	  3.62955e+07
1024.38	  3.61838e+07
1025.47	  3.60725e+07
1026.58	  3.59615e+07
1027.67	  3.58509e+07
1028.78	  3.57406e+07
1029.88	  3.56306e+07
1030.97	  3.5521e+07
1032.08	  3.54117e+07
1033.17	  3.53028e+07
1034.28	  3.51942e+07
1035.38	  3.50859e+07
1036.47	  3.4978e+07
1037.58	  3.48704e+07
1038.67	  3.47631e+07
1039.78	  3.46562e+07
1040.88	  3.45496e+07
1041.97	  3.44434e+07
1043.08	  3.43374e+07
1044.17	  3.42318e+07
1045.28	  3.41266e+07
1046.38	  3.40217e+07
1047.47	  3.39171e+07
1048.58	  3.38128e+07
1049.67	  3.37088e+07
1050.78	  3.36052e+07
1051.88	  3.3502e+07
1052.97	  3.3399e+07
1054.08	  3.32964e+07
1055.17	  3.31941e+07
1056.28	  3.30921e+07
1057.38	  3.29904e+07
1058.47	  3.28891e+07
1059.58	  3.27881e+07
1060.67	  3.26874e+07
1061.78	  3.2587e+07
1062.88	  3.2487e+07
1063.97	  3.23872e+07
1065.08	  3.22878e+07
1066.17	  3.21887e+07
1067.28	  3.209e+07
1068.38	  3.19915e+07
1069.47	  3.18934e+07
1070.58	  3.17955e+07
1071.67	  3.1698e+07
1072.78	  3.16008e+07
1073.88	  3.15039e+07
1074.97	  3.14074e+07
1076.08	  3.13111e+07
1077.17	  3.12152e+07
1078.28	  3.11195e+07
1079.38	  3.10242e+07
1080.47	  3.09292e+07
1081.58	  3.08345e+07
1082.67	  3.07401e+07
1083.78	  3.0646e+07
1084.88	  3.05522e+07
1085.97	  3.04587e+07
1087.08	  3.03655e+07
1088.17	  3.02726e+07
1089.28	  3.01801e+07
1090.38	  3.00878e+07
1091.47	  2.99958e+07
1092.58	  2.99042e+07
1093.67	  2.98128e+07
1094.78	  2.97217e+07
1095.88	  2.96309e+07
1096.97	  2.95405e+07
1098.08	  2.94503e+07
1099.17	  2.93604e+07
1100.28	  2.92708e+07
1101.38	  2.91815e+07
1102.47	  2.90925e+07
1103.58	  2.90038e+07
1104.67	  2.89154e+07
1105.78	  2.88273e+07
1106.88	  2.87395e+07
1107.97	  2.86519e+07
1109.08	  2.85647e+07
1110.17	  2.84777e+07
1111.28	  2.8391e+07
1112.38	  2.83046e+07
1113.47	  2.82185e+07
1114.58	  2.81327e+07
1115.67	  2.80472e+07
1116.78	  2.79619e+07
1117.88	  2.7877e+07
1118.97	  2.77923e+07
1120.08	  2.77079e+07
1121.17	  2.76237e+07
1122.28	  2.75399e+07
1123.38	  2.74563e+07
1124.47	  2.7373e+07
1125.58	  2.729e+07
1126.67	  2.72073e+07
1127.78	  2.71248e+07
1128.88	  2.70427e+07
1129.97	  2.69607e+07
1131.08	  2.68791e+07
1132.17	  2.67977e+07
1133.28	  2.67167e+07
1134.38	  2.66358e+07
1135.47	  2.65553e+07
1136.58	  2.6475e+07
1137.67	  2.6395e+07
1138.78	  2.63153e+07
1139.88	  2.62358e+07
1140.97	  2.61566e+07
1142.08	  2.60776e+07
1143.17	  2.59989e+07
1144.28	  2.59205e+07
1145.38	  2.58424e+07
1146.47	  2.57645e+07
1147.58	  2.56869e+07
1148.67	  2.56095e+07
1149.78	  2.55324e+07
1150.88	  2.54555e+07
1151.97	  2.53789e+07
1153.08	  2.53026e+07
1154.17	  2.52265e+07
1155.28	  2.51507e+07
1156.38	  2.50752e+07
1157.47	  2.49999e+07
1158.58	  2.49248e+07
1159.67	  2.485e+07
1160.78	  2.47754e+07
1161.88	  2.47012e+07
1162.97	  2.46271e+07
1164.08	  2.45533e+07
1165.17	  2.44798e+07
1166.28	  2.44065e+07
1167.38	  2.43334e+07
1168.47	  2.42606e+07
1169.58	  2.4188e+07
1170.67	  2.41157e+07
1171.78	  2.40437e+07
1172.88	  2.39718e+07
1173.97	  2.39003e+07
1175.08	  2.38289e+07
1176.17	  2.37578e+07
1177.28	  2.3687e+07
1178.38	  2.36163e+07
1179.47	  2.3546e+07
1180.58	  2.34758e+07
1181.67	  2.34059e+07
1182.78	  2.33363e+07
1183.88	  2.32668e+07
1184.97	  2.31976e+07
1186.08	  2.31287e+07
1187.17	  2.30599e+07
1188.28	  2.29915e+07
1189.38	  2.29232e+07
1190.47	  2.28552e+07
1191.58	  2.27874e+07
1192.67	  2.27198e+07
1193.78	  2.26525e+07
1194.88	  2.25854e+07
1195.97	  2.25185e+07
1197.08	  2.24518e+07
1198.17	  2.23854e+07
1199.28	  2.23192e+07
1200.38	  2.22532e+07
1201.47	  2.21875e+07
1202.58	  2.21219e+07
1203.67	  2.20566e+07
1204.78	  2.19915e+07
1205.88	  2.19267e+07
1206.97	  2.1862e+07
1208.08	  2.17976e+07
1209.17	  2.17334e+07
1210.28	  2.16694e+07
1211.38	  2.16056e+07
1212.47	  2.15421e+07
1213.58	  2.14788e+07
1214.67	  2.14156e+07
1215.78	  2.13527e+07
1216.88	  2.129e+07
1217.97	  2.12276e+07
1219.08	  2.11653e+07
1220.17	  2.11032e+07
1221.28	  2.10414e+07
1222.38	  2.09798e+07
1223.47	  2.09183e+07
1224.58	  2.08571e+07
1225.67	  2.07961e+07
1226.78	  2.07353e+07
1227.88	  2.06747e+07
1228.97	  2.06143e+07
1230.08	  2.05541e+07
1231.17	  2.04942e+07
1232.28	  2.04344e+07
1233.38	  2.03748e+07
1234.47	  2.03155e+07
1235.58	  2.02563e+07
1236.67	  2.01973e+07
1237.78	  2.01386e+07
1238.88	  2.008e+07
1239.97	  2.00216e+07
1241.08	  1.99635e+07
1242.17	  1.99055e+07
1243.28	  1.98477e+07
1244.38	  1.97901e+07
1245.47	  1.97328e+07
1246.58	  1.96756e+07
1247.67	  1.96186e+07
1248.78	  1.95618e+07
1249.88	  1.95052e+07
1250.97	  1.94488e+07
1252.08	  1.93926e+07
1253.17	  1.93365e+07
1254.28	  1.92807e+07
1255.38	  1.9225e+07
1256.47	  1.91696e+07
1257.58	  1.91143e+07
1258.67	  1.90592e+07
1259.78	  1.90043e+07
1260.88	  1.89496e+07
1261.97	  1.88951e+07
1263.08	  1.88407e+07
1264.17	  1.87866e+07
1265.28	  1.87326e+07
1266.38	  1.86788e+07
1267.47	  1.86252e+07
1268.58	  1.85718e+07
1269.67	  1.85186e+07
1270.78	  1.84655e+07
1271.88	  1.84126e+07
1272.97	  1.83599e+07
1274.08	  1.83074e+07
1275.17	  1.8255e+07
1276.28	  1.82029e+07
1277.38	  1.81509e+07
1278.47	  1.8099e+07
1279.58	  1.80474e+07
1280.67	  1.79959e+07
1281.78	  1.79446e+07
1282.88	  1.78935e+07
1283.97	  1.78426e+07
1285.08	  1.77918e+07
1286.17	  1.77412e+07
1287.28	  1.76908e+07
1288.38	  1.76405e+07
1289.47	  1.75904e+07
1290.58	  1.75405e+07
1291.67	  1.74907e+07
1292.78	  1.74411e+07
1293.88	  1.73917e+07
1294.97	  1.73425e+07
1296.08	  1.72934e+07
1297.17	  1.72445e+07
1298.28	  1.71957e+07
1299.38	  1.71471e+07
1300.47	  1.70987e+07
1301.58	  1.70504e+07
1302.67	  1.70023e+07
1303.78	  1.69544e+07
1304.88	  1.69066e+07
1305.97	  1.6859e+07
1307.08	  1.68115e+07
1308.17	  1.67642e+07
1309.28	  1.67171e+07
1310.38	  1.66701e+07
1311.47	  1.66233e+07
1312.58	  1.65766e+07
1313.67	  1.65301e+07
1314.78	  1.64838e+07
1315.88	  1.64376e+07
1316.97	  1.63915e+07
1318.08	  1.63456e+07
1319.17	  1.62999e+07
1320.28	  1.62543e+07
1321.38	  1.62089e+07
1322.47	  1.61636e+07
1323.58	  1.61185e+07
1324.67	  1.60735e+07
1325.78	  1.60287e+07
1326.88	  1.5984e+07
1327.97	  1.59395e+07
1329.08	  1.58951e+07
1330.17	  1.58509e+07
1331.28	  1.58069e+07
1332.38	  1.57629e+07
1333.47	  1.57191e+07
1334.58	  1.56755e+07
1335.67	  1.5632e+07
1336.78	  1.55887e+07
1337.88	  1.55455e+07
1338.97	  1.55024e+07
1340.08	  1.54595e+07
1341.17	  1.54167e+07
1342.28	  1.53741e+07
1343.38	  1.53316e+07
1344.47	  1.52893e+07
1345.58	  1.52471e+07
1346.67	  1.5205e+07
1347.78	  1.51631e+07
1348.88	  1.51213e+07
1349.97	  1.50797e+07
1351.08	  1.50382e+07
1352.17	  1.49968e+07
1353.28	  1.49556e+07
1354.38	  1.49145e+07
1355.47	  1.48736e+07
1356.58	  1.48327e+07
1357.67	  1.47921e+07
1358.78	  1.47515e+07
1359.88	  1.47111e+07
1360.97	  1.46708e+07
1362.08	  1.46307e+07
1363.17	  1.45907e+07
1364.28	  1.45508e+07
1365.38	  1.4511e+07
1366.47	  1.44714e+07
1367.58	  1.44319e+07
1368.67	  1.43926e+07
1369.78	  1.43534e+07
1370.88	  1.43143e+07
1371.97	  1.42753e+07
1373.08	  1.42365e+07
1374.17	  1.41977e+07
1375.28	  1.41592e+07
1376.38	  1.41207e+07
1377.47	  1.40824e+07
1378.58	  1.40442e+07
1379.67	  1.40061e+07
1380.78	  1.39682e+07
1381.88	  1.39303e+07
1382.97	  1.38926e+07
1384.08	  1.3855e+07
1385.17	  1.38176e+07
1386.28	  1.37803e+07
1387.38	  1.37431e+07
1388.47	  1.3706e+07
1389.58	  1.3669e+07
1390.67	  1.36322e+07
1391.78	  1.35954e+07
1392.88	  1.35588e+07
1393.97	  1.35224e+07
1395.08	  1.3486e+07
1396.17	  1.34498e+07
1397.28	  1.34136e+07
1398.38	  1.33776e+07
1399.47	  1.33417e+07
1400.58	  1.3306e+07
1401.67	  1.32703e+07
1402.78	  1.32348e+07
1403.88	  1.31993e+07
1404.97	  1.3164e+07
1406.08	  1.31288e+07
1407.17	  1.30938e+07
1408.28	  1.30588e+07
1409.38	  1.3024e+07
1410.47	  1.29892e+07
1411.58	  1.29546e+07
1412.67	  1.29201e+07
1413.78	  1.28857e+07
1414.88	  1.28514e+07
1415.97	  1.28172e+07
1417.08	  1.27832e+07
1418.17	  1.27492e+07
1419.28	  1.27154e+07
1420.38	  1.26816e+07
1421.47	  1.2648e+07
1422.58	  1.26145e+07
1423.67	  1.25811e+07
1424.78	  1.25478e+07
1425.88	  1.25146e+07
1426.97	  1.24815e+07
1428.08	  1.24485e+07
1429.17	  1.24157e+07
1430.28	  1.23829e+07
1431.38	  1.23503e+07
1432.47	  1.23177e+07
1433.58	  1.22853e+07
1434.67	  1.22529e+07
1435.78	  1.22207e+07
1436.88	  1.21885e+07
1437.97	  1.21565e+07
1439.08	  1.21246e+07
1440.17	  1.20928e+07
1441.28	  1.2061e+07
1442.38	  1.20294e+07
1443.47	  1.19979e+07
1444.58	  1.19665e+07
1445.67	  1.19351e+07
1446.78	  1.19039e+07
1447.88	  1.18728e+07
1448.97	  1.18418e+07
1450.08	  1.18109e+07
1451.17	  1.17801e+07
1452.28	  1.17493e+07
1453.38	  1.17187e+07
1454.47	  1.16882e+07
1455.58	  1.16578e+07
1456.67	  1.16274e+07
1457.78	  1.15972e+07
1458.88	  1.15069e+07
1459.97	  1.14776e+07
1461.08	  1.14483e+07
1462.17	  1.14191e+07
1463.28	  1.139e+07
1464.38	  1.1361e+07
1465.47	  1.13321e+07
1466.58	  1.13033e+07
1467.67	  1.12746e+07
1468.78	  1.12459e+07
1469.88	  1.12174e+07
1470.97	  1.11889e+07
1472.08	  1.11605e+07
1473.17	  1.11322e+07
1474.28	  1.1104e+07
1475.38	  1.10758e+07
1476.47	  1.10478e+07
1477.58	  1.10198e+07
1478.67	  1.09919e+07
1479.78	  1.09641e+07
1480.88	  1.09364e+07
1481.97	  1.09088e+07
1483.08	  1.08812e+07
1484.17	  1.08537e+07
1485.28	  1.08263e+07
1486.38	  1.0799e+07
1487.47	  1.07718e+07
1488.58	  1.07447e+07
1489.67	  1.07176e+07
1490.78	  1.06906e+07
1491.88	  1.06637e+07
1492.97	  1.06369e+07
1494.08	  1.06102e+07
1495.17	  1.05835e+07
1496.28	  1.05569e+07
1497.38	  1.05304e+07
1498.47	  1.0504e+07
1499.58	  1.04777e+07
1500.67	  1.04514e+07
1501.78	  1.04252e+07
1502.88	  1.03991e+07
1503.97	  1.03731e+07
1505.08	  1.03471e+07
1506.17	  1.03213e+07
1507.28	  1.02955e+07
1508.38	  1.02698e+07
1509.47	  1.02441e+07
1510.58	  1.02186e+07
1511.67	  1.01931e+07
1512.78	  1.01677e+07
1513.88	  1.01423e+07
1514.97	  1.01171e+07
1516.08	  1.00919e+07
1517.17	  1.00668e+07
1518.28	  1.00417e+07
1519.38	  1.00168e+07
1520.47	  9.99188e+06
1521.58	  9.96706e+06
1522.67	  9.94232e+06
1523.78	  9.91766e+06
1524.88	  9.89306e+06
1525.97	  9.86855e+06
1527.08	  9.8441e+06
1528.17	  9.81972e+06
1529.28	  9.79542e+06
1530.38	  9.77119e+06
1531.47	  9.74704e+06
1532.58	  9.72295e+06
1533.67	  9.69894e+06
1534.78	  9.67499e+06
1535.88	  9.65112e+06
1536.97	  9.62732e+06
1538.08	  9.60359e+06
1539.17	  9.57993e+06
1540.28	  9.55634e+06
1541.38	  9.53282e+06
1542.47	  9.50937e+06
1543.58	  9.48598e+06
1544.67	  9.46267e+06
1545.78	  9.43943e+06
1546.88	  9.41625e+06
1547.97	  9.39315e+06
1549.08	  9.37011e+06
1550.17	  9.34714e+06
1551.28	  9.32424e+06
1552.38	  9.3014e+06
1553.47	  9.27864e+06
1554.58	  9.25594e+06
1555.67	  9.23331e+06
1556.78	  9.21074e+06
1557.88	  9.18824e+06
1558.97	  9.16581e+06
1560.08	  9.14344e+06
1561.17	  9.12114e+06
1562.28	  9.0989e+06
1563.38	  9.07673e+06
1564.47	  9.05463e+06
1565.58	  9.03259e+06
1566.67	  9.01061e+06
1567.78	  8.9887e+06
1568.88	  8.96686e+06
1569.97	  8.94508e+06
1571.08	  8.92336e+06
1572.17	  8.90171e+06
1573.28	  8.88012e+06
1574.38	  8.85859e+06
1575.47	  8.83713e+06
1576.58	  8.81572e+06
1577.67	  8.79439e+06
1578.78	  8.77311e+06
1579.88	  8.7519e+06
1580.97	  8.73075e+06
1582.08	  8.70966e+06
1583.17	  8.68863e+06
1584.28	  8.66766e+06
1585.38	  8.64676e+06
1586.47	  8.62592e+06
1587.58	  8.60513e+06
1588.67	  8.58441e+06
1589.78	  8.56375e+06
1590.88	  8.54315e+06
1591.97	  8.52261e+06
1593.08	  8.50213e+06
1594.17	  8.48171e+06
1595.28	  8.46135e+06
1596.38	  8.44105e+06
1597.47	  8.4208e+06
1598.58	  8.40062e+06
1599.67	  8.38049e+06
1600.78	  8.36043e+06
1601.88	  8.34042e+06
1602.97	  8.32047e+06
1604.08	  8.30058e+06
1605.17	  8.28074e+06
1606.28	  8.26097e+06
1607.38	  8.24125e+06
1608.47	  8.22159e+06
1609.58	  8.20198e+06
1610.67	  8.18243e+06
1611.78	  8.16294e+06
1612.88	  8.14351e+06
1613.97	  8.12413e+06
1615.08	  8.10481e+06
1616.17	  8.08554e+06
1617.28	  8.06633e+06
1618.38	  8.04718e+06
1619.47	  8.02808e+06
1620.58	  8.00903e+06
1621.67	  7.99004e+06
1622.78	  7.97111e+06
1623.88	  7.95223e+06
1624.97	  7.9334e+06
1626.08	  7.91463e+06
1627.17	  7.89592e+06
1628.28	  7.87725e+06
1629.38	  7.85865e+06
1630.47	  7.84009e+06
1631.58	  7.82159e+06
1632.67	  7.80314e+06
1633.78	  7.78475e+06
1634.88	  7.7664e+06
1635.97	  7.74811e+06
1637.08	  7.72988e+06
1638.17	  7.71169e+06
1639.28	  7.69356e+06
1640.38	  7.67548e+06
1641.47	  7.65745e+06
1642.58	  7.63948e+06
1643.67	  7.62155e+06
1644.78	  7.60368e+06
1645.88	  7.58586e+06
1646.97	  7.56808e+06
1648.08	  7.55036e+06
1649.17	  7.53269e+06
1650.28	  7.51508e+06
1651.38	  7.49751e+06
1652.47	  7.47999e+06
1653.58	  7.46252e+06
1654.67	  7.4451e+06
1655.78	  7.42773e+06
1656.88	  7.41041e+06
1657.97	  7.39314e+06
1659.08	  7.37592e+06
1660.17	  7.35875e+06
1661.28	  7.34163e+06
1662.38	  7.32456e+06
1663.47	  7.30753e+06
1664.58	  7.29056e+06
1665.67	  7.27363e+06
1666.78	  7.25675e+06
1667.88	  7.23992e+06
1668.97	  7.22313e+06
1670.08	  7.2064e+06
1671.17	  7.18971e+06
1672.28	  7.17307e+06
1673.38	  7.15647e+06
1674.47	  7.13992e+06
1675.58	  7.12342e+06
1676.67	  7.10697e+06
1677.78	  7.09056e+06
1678.88	  7.0742e+06
1679.97	  7.05789e+06
1681.08	  7.04162e+06
1682.17	  7.0254e+06
1683.28	  7.00922e+06
1684.38	  6.99309e+06
1685.47	  6.97701e+06
1686.58	  6.96097e+06
1687.67	  6.94497e+06
1688.78	  6.92903e+06
1689.88	  6.91312e+06
1690.97	  6.89726e+06
1692.08	  6.88145e+06
1693.17	  6.86568e+06
1694.28	  6.84995e+06
1695.38	  6.83427e+06
1696.47	  6.81863e+06
1697.58	  6.80304e+06
1698.67	  6.78749e+06
1699.78	  6.77198e+06
1700.88	  6.75652e+06
1701.97	  6.7411e+06
1703.08	  6.72573e+06
1704.17	  6.7104e+06
1705.28	  6.69511e+06
1706.38	  6.67986e+06
1707.47	  6.66465e+06
1708.58	  6.64949e+06
1709.67	  6.63437e+06
1710.78	  6.6193e+06
1711.88	  6.60426e+06
1712.97	  6.58927e+06
1714.08	  6.57432e+06
1715.17	  6.55941e+06
1716.28	  6.54454e+06
1717.38	  6.52972e+06
1718.47	  6.51493e+06
1719.58	  6.50019e+06
1720.67	  6.48549e+06
1721.78	  6.47083e+06
1722.88	  6.45621e+06
1723.97	  6.44163e+06
1725.08	  6.42709e+06
1726.17	  6.41259e+06
1727.28	  6.39813e+06
1728.38	  6.38371e+06
1729.47	  6.36933e+06
1730.58	  6.35499e+06
1731.67	  6.34069e+06
1732.78	  6.32644e+06
1733.88	  6.31222e+06
1734.97	  6.29804e+06
1736.08	  6.28389e+06
1737.17	  6.26979e+06
1738.28	  6.25573e+06
1739.38	  6.24171e+06
1740.47	  6.22772e+06
1741.58	  6.21377e+06
1742.67	  6.19987e+06
1743.78	  6.186e+06
1744.88	  6.17216e+06
1745.97	  6.15837e+06
1747.08	  6.14462e+06
1748.17	  6.1309e+06
1749.28	  6.11722e+06
1750.38	  6.10358e+06
1751.47	  6.08997e+06
1752.58	  6.0764e+06
1753.67	  6.06287e+06
1754.78	  6.04938e+06
1755.88	  6.03593e+06
1756.97	  6.02251e+06
1758.08	  6.00913e+06
1759.17	  5.99578e+06
1760.28	  5.98247e+06
1761.38	  5.9692e+06
1762.47	  5.95596e+06
1763.58	  5.94277e+06
1764.67	  5.9296e+06
1765.78	  5.91647e+06
1766.88	  5.90338e+06
1767.97	  5.89033e+06
1769.08	  5.87731e+06
1770.17	  5.86432e+06
1771.28	  5.85137e+06
1772.38	  5.83846e+06
1773.47	  5.82558e+06
1774.58	  5.81274e+06
1775.67	  5.79993e+06
1776.78	  5.78715e+06
1777.88	  5.77442e+06
1778.97	  5.76171e+06
1780.08	  5.74904e+06
1781.17	  5.73641e+06
1782.28	  5.72381e+06
1783.38	  5.71124e+06
1784.47	  5.69871e+06
1785.58	  5.68621e+06
1786.67	  5.67374e+06
1787.78	  5.66131e+06
1788.88	  5.64891e+06
1789.97	  5.63655e+06
1791.08	  5.62422e+06
1792.17	  5.61192e+06
1793.28	  5.59966e+06
1794.38	  5.58743e+06
1795.47	  5.57523e+06
1796.58	  5.56307e+06
1797.67	  5.55093e+06
1798.78	  5.53883e+06
1799.88	  5.52677e+06
1800.97	  5.51473e+06
1802.08	  5.50273e+06
1803.17	  5.49076e+06
1804.28	  5.47883e+06
1805.38	  5.46692e+06
1806.47	  5.45505e+06
1807.58	  5.44321e+06
1808.67	  5.4314e+06
1809.78	  5.41962e+06
1810.88	  5.40787e+06
1811.97	  5.39616e+06
1813.08	  5.38447e+06
1814.17	  5.37282e+06
1815.28	  5.3612e+06
1816.38	  5.34961e+06
1817.47	  5.33805e+06
1818.58	  5.32653e+06
1819.67	  5.31503e+06
1820.78	  5.30356e+06
1821.88	  5.29213e+06
1822.97	  5.28072e+06
1824.08	  5.26935e+06
1825.17	  5.258e+06
1826.28	  5.24669e+06
1827.38	  5.23541e+06
1828.47	  5.22415e+06
1829.58	  5.21293e+06
1830.67	  5.20174e+06
1831.78	  5.19057e+06
1832.88	  5.17944e+06
1833.97	  5.16833e+06
1835.08	  5.15726e+06
1836.17	  5.14621e+06
1837.28	  5.13519e+06
1838.38	  5.12421e+06
1839.47	  5.11325e+06
1840.58	  5.10232e+06
1841.67	  5.09142e+06
1842.78	  5.08055e+06
1843.88	  5.0697e+06
1844.97	  5.05889e+06
1846.08	  5.0481e+06
1847.17	  5.03735e+06
1848.28	  5.02662e+06
1849.38	  5.01592e+06
1850.47	  5.00524e+06
1851.58	  4.9946e+06
1852.67	  4.98398e+06
1853.78	  4.9734e+06
1854.88	  4.96284e+06
1855.97	  4.9523e+06
1857.08	  4.9418e+06
1858.17	  4.93132e+06
1859.28	  4.92087e+06
1860.38	  4.91045e+06
1861.47	  4.90006e+06
1862.58	  4.88969e+06
1863.67	  4.87935e+06
1864.78	  4.86903e+06
1865.88	  4.85875e+06
1866.97	  4.84849e+06
1868.08	  4.83826e+06
1869.17	  4.82805e+06
1870.28	  4.81787e+06
1871.38	  4.80772e+06
1872.47	  4.79759e+06
1873.58	  4.78749e+06
1874.67	  4.77742e+06
1875.78	  4.76738e+06
1876.88	  4.75735e+06
1877.97	  4.74736e+06
1879.08	  4.73739e+06
1880.17	  4.72745e+06
1881.28	  4.71753e+06
1882.38	  4.70764e+06
1883.47	  4.69778e+06
1884.58	  4.68794e+06
1885.67	  4.67812e+06
1886.78	  4.66834e+06
1887.88	  4.65857e+06
1888.97	  4.64884e+06
1890.08	  4.63912e+06
1891.17	  4.62944e+06
1892.28	  4.61977e+06
1893.38	  4.61014e+06
1894.47	  4.60053e+06
1895.58	  4.59094e+06
1896.67	  4.58138e+06
1897.78	  4.57184e+06
1898.88	  4.56232e+06
1899.97	  4.55284e+06
1901.08	  4.54337e+06
1902.17	  4.53393e+06
1903.28	  4.52452e+06
1904.38	  4.51513e+06
1905.47	  4.50576e+06
1906.58	  4.49642e+06
1907.67	  4.4871e+06
1908.78	  4.4778e+06
1909.88	  4.46853e+06
1910.97	  4.45929e+06
1912.08	  4.45006e+06
1913.17	  4.44086e+06
1914.28	  4.43169e+06
1915.38	  4.42253e+06
1916.47	  4.41341e+06
1917.58	  4.4043e+06
1918.67	  4.39522e+06
1919.78	  4.38616e+06
1920.88	  4.37712e+06
1921.97	  4.36811e+06
1923.08	  4.35912e+06
1924.17	  4.35015e+06
1925.28	  4.34121e+06
1926.38	  4.33229e+06
1927.47	  4.32339e+06
1928.58	  4.31451e+06
1929.67	  4.30566e+06
1930.78	  4.29683e+06
1931.88	  4.28802e+06
1932.97	  4.27924e+06
1934.08	  4.27047e+06
1935.17	  4.26173e+06
1936.28	  4.25302e+06
1937.38	  4.24432e+06
1938.47	  4.23564e+06
1939.58	  4.22699e+06
1940.67	  4.21836e+06
1941.78	  4.20975e+06
1942.88	  4.20117e+06
1943.97	  4.1926e+06
1945.08	  4.18406e+06
1946.17	  4.17554e+06
1947.28	  4.16704e+06
1948.38	  4.15856e+06
1949.47	  4.1501e+06
1950.58	  4.14166e+06
1951.67	  4.13325e+06
1952.78	  4.12486e+06
1953.88	  4.11648e+06
1954.97	  4.10813e+06
1956.08	  4.0998e+06
1957.17	  4.09149e+06
1958.28	  4.08321e+06
1959.38	  4.07494e+06
1960.47	  4.06669e+06
1961.58	  4.05847e+06
1962.67	  4.05026e+06
1963.78	  4.04208e+06
1964.88	  4.03391e+06
1965.97	  4.02577e+06
1967.08	  4.01765e+06
1968.17	  4.00954e+06
1969.28	  4.00146e+06
1970.38	  3.9934e+06
1971.47	  3.98536e+06
1972.58	  3.97734e+06
1973.67	  3.96933e+06
1974.78	  3.96135e+06
1975.88	  3.95339e+06
1976.97	  3.94545e+06
1978.08	  3.93753e+06
1979.17	  3.92962e+06
1980.28	  3.92174e+06
1981.38	  3.91388e+06
1982.47	  3.90604e+06
1983.58	  3.89821e+06
1984.67	  3.89041e+06
1985.78	  3.88262e+06
1986.88	  3.87486e+06
1987.97	  3.86711e+06
1989.08	  3.85938e+06
1990.17	  3.85168e+06
1991.28	  3.84399e+06
1992.38	  3.83632e+06
1993.47	  3.82867e+06
1994.58	  3.82103e+06
1995.67	  3.81342e+06
1996.78	  3.80583e+06
1997.88	  3.79825e+06
1998.97	  3.7907e+06
2000.08	  3.78316e+06
2001.17	  3.77564e+06
2002.28	  3.76814e+06
2003.38	  3.76066e+06
2004.47	  3.75319e+06
2005.58	  3.74575e+06
2006.67	  3.73832e+06
2007.78	  3.73091e+06
2008.88	  3.72352e+06
2009.97	  3.71615e+06
2011.08	  3.7088e+06
2012.17	  3.70146e+06
2013.28	  3.69414e+06
2014.38	  3.68684e+06
2015.47	  3.67956e+06
2016.58	  3.6723e+06
2017.67	  3.66505e+06
2018.78	  3.65782e+06
2019.88	  3.65061e+06
2020.97	  3.64342e+06
2022.08	  3.63625e+06
2023.18	  3.62909e+06
2024.28	  3.62195e+06
2025.38	  3.61482e+06
2026.47	  3.60772e+06
2027.58	  3.60063e+06
2028.68	  3.59356e+06
2029.78	  3.58651e+06
2030.88	  3.57947e+06
2031.97	  3.57245e+06
2033.08	  3.56545e+06
2034.18	  3.55846e+06
2035.28	  3.5515e+06
2036.38	  3.54455e+06
2037.47	  3.53761e+06
2038.58	  3.5307e+06
2039.68	  3.52379e+06
2040.78	  3.51691e+06
2041.88	  3.51004e+06
2042.97	  3.50319e+06
2044.08	  3.49636e+06
2045.18	  3.48954e+06
2046.28	  3.48274e+06
2047.38	  3.47596e+06
2048.47	  3.46919e+06
2049.57	  3.46244e+06
2050.68	  3.45571e+06
2051.78	  3.44899e+06
2052.88	  3.44229e+06
2053.97	  3.4356e+06
2055.07	  3.42893e+06
2056.18	  3.42228e+06
2057.28	  3.41564e+06
2058.38	  3.40902e+06
2059.47	  3.40241e+06
2060.57	  3.39582e+06
2061.68	  3.38925e+06
2062.78	  3.38269e+06
2063.88	  3.37615e+06
2064.97	  3.36962e+06
2066.07	  3.36311e+06
2067.18	  3.35661e+06
2068.28	  3.35013e+06
2069.38	  3.34367e+06
2070.47	  3.33722e+06
2071.57	  3.33079e+06
2072.68	  3.32437e+06
2073.78	  3.31797e+06
2074.88	  3.31158e+06
2075.97	  3.30521e+06
2077.07	  3.29885e+06
2078.18	  3.29251e+06
2079.28	  3.28619e+06
2080.38	  3.27987e+06
2081.47	  3.27358e+06
2082.57	  3.2673e+06
2083.68	  3.26103e+06
2084.78	  3.25478e+06
2085.88	  3.24855e+06
2086.97	  3.24232e+06
2088.07	  3.23612e+06
2089.18	  3.22993e+06
2090.28	  3.22375e+06
2091.38	  3.21759e+06
2092.47	  3.21144e+06
2093.57	  3.20531e+06
2094.68	  3.19919e+06
2095.78	  3.19308e+06
2096.88	  3.187e+06
2097.97	  3.18092e+06
2099.07	  3.17486e+06
2100.18	  3.16881e+06
2101.28	  3.16278e+06
2102.38	  3.15677e+06
2103.47	  3.15076e+06
2104.57	  3.14477e+06
2105.68	  3.1388e+06
2106.78	  3.13284e+06
2107.88	  3.12689e+06
2108.97	  3.12096e+06
2110.07	  3.11504e+06
2111.18	  3.10913e+06
2112.28	  3.10324e+06
2113.38	  3.09737e+06
2114.47	  3.0915e+06
2115.57	  3.08566e+06
2116.68	  3.07982e+06
2117.78	  3.074e+06
2118.88	  3.06819e+06
2119.97	  3.0624e+06
2121.07	  3.05662e+06
2122.18	  3.05085e+06
2123.28	  3.04509e+06
2124.38	  3.03935e+06
2125.47	  3.03363e+06
2126.57	  3.02791e+06
2127.68	  3.02221e+06
2128.78	  3.01653e+06
2129.88	  3.01086e+06
2130.97	  3.0052e+06
2132.07	  2.99955e+06
2133.18	  2.99391e+06
2134.28	  2.98829e+06
2135.38	  2.98269e+06
2136.47	  2.97709e+06
2137.57	  2.97151e+06
2138.68	  2.96594e+06
2139.78	  2.96039e+06
2140.88	  2.95485e+06
2141.97	  2.94932e+06
2143.07	  2.9438e+06
2144.18	  2.9383e+06
2145.28	  2.93281e+06
2146.38	  2.92733e+06
2147.47	  2.92187e+06
2148.57	  2.91641e+06
2149.68	  2.91097e+06
2150.78	  2.90555e+06
2151.88	  2.90013e+06
2152.97	  2.89473e+06
2154.07	  2.88934e+06
2155.18	  2.88396e+06
2156.28	  2.8786e+06
2157.38	  2.87325e+06
2158.47	  2.86791e+06
2159.57	  2.86258e+06
2160.68	  2.85726e+06
2161.78	  2.85196e+06
2162.88	  2.84667e+06
2163.97	  2.84139e+06
2165.07	  2.83613e+06
2166.18	  2.83087e+06
2167.28	  2.82563e+06
2168.38	  2.8204e+06
2169.47	  2.81518e+06
2170.57	  2.80998e+06
2171.68	  2.80478e+06
2172.78	  2.7996e+06
2173.88	  2.79443e+06
2174.97	  2.78927e+06
2176.07	  2.78413e+06
2177.18	  2.77899e+06
2178.28	  2.77387e+06
2179.38	  2.76876e+06
2180.47	  2.76366e+06
2181.57	  2.75857e+06
2182.68	  2.7535e+06
2183.78	  2.74843e+06
2184.88	  2.74338e+06
2185.97	  2.73834e+06
2187.07	  2.73331e+06
2188.18	  2.72829e+06
2189.28	  2.72329e+06
2190.38	  2.71829e+06
2191.47	  2.71331e+06
2192.57	  2.70834e+06
2193.68	  2.70337e+06
2194.78	  2.69843e+06
2195.88	  2.69349e+06
2196.97	  2.68856e+06
2198.07	  2.68364e+06
2199.18	  2.67874e+06
2200.28	  2.67385e+06
2201.38	  2.66896e+06
2202.47	  2.66409e+06
2203.57	  2.65923e+06
2204.68	  2.65438e+06
2205.78	  2.64954e+06
2206.88	  2.64472e+06
2207.97	  2.6399e+06
2209.07	  2.6351e+06
2210.18	  2.6303e+06
2211.28	  2.62552e+06
2212.38	  2.62075e+06
2213.47	  2.61598e+06
2214.57	  2.61123e+06
2215.68	  2.60649e+06
2216.78	  2.60176e+06
2217.88	  2.59704e+06
2218.97	  2.59233e+06
2220.07	  2.58764e+06
2221.18	  2.58295e+06
2222.28	  2.57827e+06
2223.38	  2.57361e+06
2224.47	  2.56895e+06
2225.57	  2.56431e+06
2226.68	  2.55967e+06
2227.78	  2.55505e+06
2228.88	  2.55043e+06
2229.97	  2.54583e+06
2231.07	  2.54124e+06
2232.18	  2.53665e+06
2233.28	  2.53208e+06
2234.38	  2.52752e+06
2235.47	  2.52297e+06
2236.57	  2.51843e+06
2237.68	  2.51389e+06
2238.78	  2.50937e+06
2239.88	  2.50486e+06
2240.97	  2.50036e+06
2242.07	  2.49587e+06
2243.18	  2.49139e+06
2244.28	  2.48692e+06
2245.38	  2.48246e+06
2246.47	  2.47801e+06
2247.57	  2.47356e+06
2248.68	  2.46913e+06
2249.78	  2.46471e+06
2250.88	  2.4603e+06
2251.97	  2.4559e+06
2253.07	  2.45151e+06
2254.18	  2.44712e+06
2255.28	  2.44275e+06
2256.38	  2.43839e+06
2257.47	  2.43404e+06
2258.57	  2.42969e+06
2259.68	  2.42536e+06
2260.78	  2.42104e+06
2261.88	  2.41672e+06
2262.97	  2.41242e+06
2264.07	  2.40812e+06
2265.18	  2.40384e+06
2266.28	  2.39956e+06
2267.38	  2.39529e+06
2268.47	  2.39104e+06
2269.57	  2.38679e+06
2270.68	  2.38255e+06
2271.78	  2.37832e+06
2272.88	  2.3741e+06
2273.97	  2.36989e+06
2275.07	  2.36569e+06
2276.18	  2.3615e+06
2277.28	  2.35731e+06
2278.38	  2.35314e+06
2279.47	  2.34898e+06
2280.57	  2.34481e+06
2281.68	  2.34066e+06
2282.78	  2.33653e+06
2283.88	  2.3324e+06
2284.97	  2.32828e+06
2286.07	  2.32417e+06
2287.18	  2.32007e+06
2288.28	  2.31598e+06
2289.38	  2.3119e+06
2290.47	  2.30782e+06
2291.57	  2.30376e+06
2292.68	  2.2997e+06
2293.78	  2.29566e+06
2294.88	  2.29162e+06
2295.97	  2.28759e+06
2297.07	  2.28357e+06
2298.18	  2.27956e+06
2299.28	  2.27556e+06
2300.38	  2.27156e+06
2301.47	  2.26758e+06
2302.57	  2.2636e+06
2303.68	  2.25963e+06
2304.78	  2.25568e+06
2305.88	  2.25172e+06
2306.97	  2.24778e+06
2308.07	  2.24385e+06
2309.18	  2.23992e+06
2310.28	  2.23601e+06
2311.38	  2.2321e+06
2312.47	  2.2282e+06
2313.57	  2.22431e+06
2314.68	  2.22043e+06
2315.78	  2.21656e+06
2316.88	  2.21269e+06
2317.97	  2.20883e+06
2319.07	  2.20499e+06
2320.18	  2.20115e+06
2321.28	  2.19731e+06
2322.38	  2.19349e+06
2323.47	  2.18968e+06
2324.57	  2.18587e+06
2325.68	  2.18207e+06
2326.78	  2.17828e+06
2327.88	  2.1745e+06
2328.97	  2.17072e+06
2330.07	  2.16696e+06
2331.18	  2.1632e+06
2332.28	  2.15945e+06
2333.38	  2.15571e+06
2334.47	  2.15197e+06
2335.57	  2.14825e+06
2336.68	  2.14453e+06
2337.78	  2.14082e+06
2338.88	  2.13712e+06
2339.97	  2.13343e+06
2341.07	  2.12974e+06
2342.18	  2.12606e+06
2343.28	  2.12239e+06
2344.38	  2.11873e+06
2345.47	  2.11508e+06
2346.57	  2.11143e+06
2347.68	  2.10779e+06
2348.78	  2.10416e+06
2349.88	  2.10054e+06
2350.97	  2.09693e+06
2352.07	  2.09332e+06
2353.18	  2.08972e+06
2354.28	  2.08613e+06
2355.38	  2.08254e+06
2356.47	  2.07897e+06
2357.57	  2.0754e+06
2358.68	  2.07184e+06
2359.78	  2.06828e+06
2360.88	  2.06474e+06
2361.97	  2.0612e+06
2363.07	  2.05767e+06
2364.18	  2.05415e+06
2365.28	  2.05063e+06
2366.38	  2.04712e+06
2367.47	  2.04362e+06
2368.57	  2.04013e+06
2369.68	  2.03664e+06
2370.78	  2.03316e+06
2371.88	  2.02969e+06
2372.97	  2.02623e+06
2374.07	  2.02277e+06
2375.18	  2.01932e+06
2376.28	  2.01588e+06
2377.38	  2.01245e+06
2378.47	  2.00902e+06
2379.57	  2.0056e+06
2380.68	  2.00219e+06
2381.78	  1.99878e+06
2382.88	  1.99539e+06
2383.97	  1.992e+06
2385.07	  1.98861e+06
2386.18	  1.98523e+06
2387.28	  1.98187e+06
2388.38	  1.9785e+06
2389.47	  1.97515e+06
2390.57	  1.9718e+06
2391.68	  1.96846e+06
2392.78	  1.96513e+06
2393.88	  1.9618e+06
2394.97	  1.95848e+06
2396.07	  1.95517e+06
2397.18	  1.95186e+06
2398.28	  1.94856e+06
2399.38	  1.94527e+06
2400.47	  1.94198e+06
2401.57	  1.93871e+06
2402.68	  1.93543e+06
2403.78	  1.93217e+06
2404.88	  1.92891e+06
2405.97	  1.92566e+06
2407.07	  1.92242e+06
2408.18	  1.91918e+06
2409.28	  1.91595e+06
2410.38	  1.91273e+06
2411.47	  1.90951e+06
2412.57	  1.9063e+06
2413.68	  1.9031e+06
2414.78	  1.8999e+06
2415.88	  1.89671e+06
2416.97	  1.89353e+06
2418.07	  1.89035e+06
2419.18	  1.88718e+06
2420.28	  1.88402e+06
2421.38	  1.88086e+06
2422.47	  1.87771e+06
2423.57	  1.87457e+06
2424.68	  1.87143e+06
2425.78	  1.8683e+06
2426.88	  1.86518e+06
2427.97	  1.86206e+06
2429.07	  1.85895e+06
2430.18	  1.85584e+06
2431.28	  1.85274e+06
2432.38	  1.84965e+06
2433.47	  1.84657e+06
2434.57	  1.84349e+06
2435.68	  1.84042e+06
2436.78	  1.83735e+06
2437.88	  1.83429e+06
2438.97	  1.83124e+06
2440.07	  1.82819e+06
2441.18	  1.82515e+06
2442.28	  1.82212e+06
2443.38	  1.81909e+06
2444.47	  1.81607e+06
2445.57	  1.81305e+06
2446.68	  1.81004e+06
2447.78	  1.80704e+06
2448.88	  1.80404e+06
2449.97	  1.80105e+06
2451.07	  1.79807e+06
2452.18	  1.79509e+06
2453.28	  1.79212e+06
2454.38	  1.78915e+06
2455.47	  1.78619e+06
2456.57	  1.78324e+06
2457.68	  1.78029e+06
2458.78	  1.77735e+06
2459.88	  1.77441e+06
2460.97	  1.77148e+06
2462.07	  1.76856e+06
2463.18	  1.76564e+06
2464.28	  1.76273e+06
2465.38	  1.75982e+06
2466.47	  1.75693e+06
2467.57	  1.75403e+06
2468.68	  1.75114e+06
2469.78	  1.74826e+06
2470.88	  1.74539e+06
2471.97	  1.74252e+06
2473.07	  1.73965e+06
2474.18	  1.73679e+06
2475.28	  1.73394e+06
2476.38	  1.7311e+06
2477.47	  1.72825e+06
