Emission arising from a slab of Hydrogen (both H and H-).
   
Parameters of the slab:
n_e = 3e+13 cm-3
T_e = 8500 K
tau(lambda=300 nm) = 1
L = 6.17756e+08 cm
   
Wavelength (nm), Emission (erg s-1 cm-2 nm-1 sr-1)
50	  0.763036
91.2	  5264.06
120	  250234
150	  2.58777e+06
175	  8.9825e+06
200	  2.15505e+07
225	  4.03497e+07
250	  6.35071e+07
270	  8.31618e+07
290	  1.02076e+08
300	  1.10817e+08
305	  1.14946e+08
310	  1.18895e+08
315	  1.22651e+08
320	  1.26205e+08
322.5	  1.27903e+08
325	  1.29547e+08
327	  1.30823e+08
329	  1.32064e+08
329.999	  1.3267e+08
330.266	  1.32831e+08
330.533	  1.32991e+08
330.8	  1.3315e+08
331.067	  1.33309e+08
331.334	  1.33467e+08
331.601	  1.33624e+08
331.868	  1.33781e+08
332.135	  1.33937e+08
332.402	  1.34093e+08
332.669	  1.34247e+08
332.936	  1.34401e+08
333.203	  1.34555e+08
333.47	  1.34708e+08
333.737	  1.3486e+08
334.004	  1.35012e+08
334.271	  1.35163e+08
334.538	  1.35313e+08
334.805	  1.35463e+08
335.072	  1.35612e+08
335.339	  1.3576e+08
335.606	  1.35908e+08
335.873	  1.36055e+08
336.14	  1.36201e+08
336.407	  1.36347e+08
336.674	  1.36492e+08
336.941	  1.36636e+08
337.208	  1.3678e+08
337.475	  1.36923e+08
337.742	  1.37066e+08
338.009	  1.37208e+08
338.276	  1.37349e+08
338.543	  1.37489e+08
338.81	  1.37629e+08
339.077	  1.37768e+08
339.344	  1.37907e+08
339.611	  1.38045e+08
339.878	  1.38182e+08
340.145	  1.38319e+08
340.412	  1.38455e+08
340.679	  1.3859e+08
340.946	  1.38725e+08
341.213	  1.38859e+08
341.48	  1.38992e+08
341.747	  1.39125e+08
342.014	  1.39257e+08
342.281	  1.39388e+08
342.548	  1.39519e+08
342.815	  1.39649e+08
343.082	  1.39779e+08
343.349	  1.39907e+08
343.616	  1.40036e+08
343.883	  1.40163e+08
344.15	  1.4029e+08
344.417	  1.40416e+08
344.684	  1.40541e+08
344.951	  1.40666e+08
345.218	  1.4079e+08
345.485	  1.40914e+08
345.752	  1.41037e+08
346.019	  1.41159e+08
346.286	  1.41281e+08
346.553	  1.41402e+08
346.82	  1.41522e+08
347.087	  1.41641e+08
347.354	  1.4176e+08
347.621	  1.41879e+08
347.888	  1.41996e+08
348.155	  1.42113e+08
348.422	  1.4223e+08
348.689	  1.42345e+08
348.956	  1.4246e+08
349.223	  1.42575e+08
349.49	  1.42688e+08
349.757	  1.42801e+08
350.024	  1.42914e+08
350.291	  1.43026e+08
350.558	  1.43137e+08
350.825	  1.43247e+08
351.092	  1.43357e+08
351.359	  1.43466e+08
351.626	  1.43575e+08
351.893	  1.43682e+08
352.16	  1.4379e+08
352.427	  1.43896e+08
352.694	  1.44002e+08
352.961	  1.44107e+08
353.228	  1.44212e+08
353.495	  1.44316e+08
353.762	  1.44419e+08
354.029	  1.44522e+08
354.296	  1.44624e+08
354.563	  1.44725e+08
354.83	  1.44826e+08
355.097	  1.44926e+08
355.364	  1.45025e+08
355.631	  1.45124e+08
355.898	  1.45222e+08
356.165	  1.4532e+08
356.432	  1.45416e+08
356.699	  1.45513e+08
356.966	  1.45608e+08
357.233	  1.45703e+08
357.5	  1.45797e+08
357.767	  1.45891e+08
358.034	  1.45984e+08
358.301	  1.46076e+08
358.568	  1.46168e+08
358.835	  1.46259e+08
359.102	  1.46349e+08
359.369	  1.46439e+08
359.636	  1.46528e+08
359.903	  1.46617e+08
360.17	  1.46705e+08
360.437	  1.46792e+08
360.704	  1.46878e+08
360.971	  1.46964e+08
361.238	  1.47049e+08
361.505	  1.47134e+08
361.772	  1.47218e+08
362.039	  1.47302e+08
362.306	  1.47384e+08
362.573	  1.47466e+08
363	  1.47597e+08
363.027	  1.47605e+08
363.054	  1.47613e+08
363.08	  1.47621e+08
363.107	  1.47629e+08
363.134	  1.47637e+08
363.16	  1.47645e+08
363.187	  1.47653e+08
363.214	  1.47661e+08
363.24	  1.47669e+08
363.267	  1.47677e+08
363.294	  1.47685e+08
363.321	  1.47693e+08
363.347	  1.47701e+08
363.374	  1.47709e+08
363.401	  1.47717e+08
363.427	  1.47725e+08
363.454	  1.47733e+08
363.481	  1.47741e+08
363.508	  1.47749e+08
363.534	  1.47757e+08
363.561	  1.47765e+08
363.588	  1.47773e+08
363.614	  1.47781e+08
363.641	  1.47789e+08
363.668	  1.47797e+08
363.694	  1.47804e+08
363.721	  1.47812e+08
363.748	  1.4782e+08
363.774	  1.47828e+08
363.801	  1.47836e+08
363.828	  1.47844e+08
363.855	  1.47852e+08
363.881	  1.4786e+08
363.908	  1.47868e+08
363.935	  1.47875e+08
363.961	  1.47883e+08
363.988	  1.47891e+08
364.015	  1.47899e+08
364.041	  1.47907e+08
364.068	  1.47915e+08
364.095	  1.47922e+08
364.122	  1.4793e+08
364.148	  1.47938e+08
364.175	  1.47946e+08
364.202	  1.47954e+08
364.228	  1.47962e+08
364.255	  1.47969e+08
364.282	  1.47977e+08
364.308	  1.47985e+08
364.335	  1.47993e+08
364.362	  1.48e+08
364.389	  1.48008e+08
364.415	  1.48016e+08
364.442	  1.48024e+08
364.469	  1.48031e+08
364.495	  1.48039e+08
364.522	  1.48047e+08
364.549	  1.48055e+08
364.575	  1.48062e+08
364.602	  1.4807e+08
364.629	  1.48078e+08
364.656	  1.48085e+08
364.682	  1.48093e+08
364.709	  1.48101e+08
364.736	  1.20679e+07
364.762	  1.20699e+07
364.789	  1.20719e+07
364.816	  1.20739e+07
364.842	  1.20759e+07
364.869	  1.20779e+07
364.896	  1.20799e+07
364.923	  1.20819e+07
364.949	  1.20839e+07
364.976	  1.20859e+07
365.003	  1.20879e+07
365.029	  1.20899e+07
365.056	  1.20919e+07
365.083	  1.20939e+07
365.11	  1.20959e+07
365.136	  1.2098e+07
365.163	  1.21e+07
365.19	  1.2102e+07
365.216	  1.2104e+07
365.243	  1.2106e+07
365.27	  1.2108e+07
365.296	  1.211e+07
365.323	  1.2112e+07
365.35	  1.2114e+07
365.377	  1.2116e+07
365.403	  1.2118e+07
365.43	  1.212e+07
365.457	  1.2122e+07
365.483	  1.2124e+07
365.51	  1.2126e+07
365.537	  1.2128e+07
365.563	  1.213e+07
365.59	  1.2132e+07
365.617	  1.2134e+07
365.643	  1.2136e+07
365.67	  1.2138e+07
365.697	  1.214e+07
365.724	  1.2142e+07
365.75	  1.2144e+07
365.777	  1.2146e+07
365.804	  1.2148e+07
365.83	  1.215e+07
365.857	  1.2152e+07
365.884	  1.2154e+07
365.91	  1.2156e+07
365.937	  1.2158e+07
365.964	  1.216e+07
365.991	  1.2162e+07
365.991	  1.2162e+07
366.258	  1.2182e+07
366.525	  1.2202e+07
366.792	  1.2222e+07
367.059	  1.2242e+07
367.326	  1.22619e+07
367.593	  1.22819e+07
367.86	  1.23018e+07
368.127	  1.23217e+07
368.394	  1.23416e+07
368.661	  1.23615e+07
368.928	  1.23814e+07
369.195	  1.24012e+07
369.462	  1.24211e+07
369.729	  1.24409e+07
369.996	  1.24608e+07
370.263	  1.24806e+07
370.53	  1.25004e+07
370.797	  1.25202e+07
371.064	  1.254e+07
371.331	  1.25597e+07
371.598	  1.25795e+07
371.865	  1.25992e+07
372.132	  1.2619e+07
372.399	  1.26387e+07
372.666	  1.26584e+07
372.933	  1.26781e+07
373.2	  1.26977e+07
373.467	  1.27174e+07
373.734	  1.2737e+07
374.001	  1.27567e+07
374.268	  1.27763e+07
374.535	  1.27959e+07
374.802	  1.28155e+07
375.069	  1.28351e+07
375.336	  1.28546e+07
375.603	  1.28742e+07
375.87	  1.28937e+07
376.137	  1.29132e+07
376.404	  1.29328e+07
376.671	  1.29523e+07
376.938	  1.29717e+07
377.205	  1.29912e+07
377.472	  1.30107e+07
377.739	  1.30301e+07
378.006	  1.30495e+07
378.273	  1.30689e+07
378.54	  1.30883e+07
378.807	  1.31077e+07
379.074	  1.31271e+07
379.341	  1.31464e+07
379.608	  1.31658e+07
379.875	  1.31851e+07
380.142	  1.32044e+07
380.409	  1.32237e+07
380.676	  1.3243e+07
380.943	  1.32622e+07
381.21	  1.32815e+07
381.477	  1.33007e+07
381.744	  1.33199e+07
382.011	  1.33391e+07
382.278	  1.33583e+07
382.545	  1.33775e+07
382.812	  1.33967e+07
383.079	  1.34158e+07
383.346	  1.34349e+07
383.613	  1.3454e+07
383.88	  1.34731e+07
384.147	  1.34922e+07
384.414	  1.35113e+07
384.681	  1.35303e+07
384.948	  1.35494e+07
385.215	  1.35684e+07
385.482	  1.35874e+07
385.749	  1.36064e+07
386.016	  1.36254e+07
386.283	  1.36443e+07
386.55	  1.36633e+07
386.817	  1.36822e+07
387.084	  1.37011e+07
387.351	  1.372e+07
387.618	  1.37389e+07
387.885	  1.37577e+07
388.152	  1.37766e+07
388.419	  1.37954e+07
388.686	  1.38142e+07
388.953	  1.3833e+07
389.22	  1.38518e+07
389.487	  1.38705e+07
389.754	  1.38893e+07
390.021	  1.3908e+07
390.288	  1.39267e+07
390.555	  1.39454e+07
390.822	  1.39641e+07
391.089	  1.39828e+07
391.356	  1.40014e+07
391.623	  1.40201e+07
391.89	  1.40387e+07
392.157	  1.40573e+07
392.424	  1.40758e+07
392.691	  1.40944e+07
392.958	  1.4113e+07
393.225	  1.41315e+07
393.492	  1.415e+07
393.759	  1.41685e+07
394.026	  1.4187e+07
394.293	  1.42054e+07
394.56	  1.42239e+07
394.827	  1.42423e+07
395.094	  1.42607e+07
395.361	  1.42791e+07
395.628	  1.42975e+07
395.895	  1.43158e+07
396.162	  1.43342e+07
396.429	  1.43525e+07
396.696	  1.43708e+07
396.963	  1.43891e+07
397.23	  1.44074e+07
397.497	  1.44256e+07
397.764	  1.44439e+07
398.031	  1.44621e+07
398.298	  1.44803e+07
398.565	  1.44985e+07
398.832	  1.45166e+07
399.099	  1.45348e+07
399.366	  1.45529e+07
399.633	  1.4571e+07
399.9	  1.45891e+07
400.167	  1.46072e+07
400.434	  1.46252e+07
400.701	  1.46433e+07
400.968	  1.46613e+07
401.235	  1.46793e+07
401.502	  1.46973e+07
401.769	  1.47152e+07
402.036	  1.47332e+07
402.303	  1.47511e+07
402.57	  1.4769e+07
402.837	  1.47869e+07
403.104	  1.48048e+07
403.371	  1.48227e+07
403.638	  1.48405e+07
403.905	  1.48583e+07
404.172	  1.48761e+07
404.439	  1.48939e+07
404.706	  1.49117e+07
404.973	  1.49294e+07
405.24	  1.49471e+07
405.507	  1.49648e+07
405.774	  1.49825e+07
406.041	  1.50002e+07
406.308	  1.50179e+07
406.575	  1.50355e+07
406.842	  1.50531e+07
407.109	  1.50707e+07
407.376	  1.50883e+07
407.643	  1.51058e+07
407.91	  1.51234e+07
408.177	  1.51409e+07
408.444	  1.51584e+07
408.711	  1.51759e+07
408.978	  1.51933e+07
409.245	  1.52108e+07
409.512	  1.52282e+07
409.779	  1.52456e+07
410.046	  1.5263e+07
410.313	  1.52804e+07
410.58	  1.52977e+07
410.847	  1.5315e+07
411.114	  1.53324e+07
411.381	  1.53496e+07
411.648	  1.53669e+07
411.915	  1.53842e+07
412.182	  1.54014e+07
412.449	  1.54186e+07
412.716	  1.54358e+07
412.983	  1.5453e+07
413.25	  1.54701e+07
413.517	  1.54873e+07
413.784	  1.55044e+07
414.051	  1.55215e+07
414.318	  1.55386e+07
414.585	  1.55556e+07
414.852	  1.55727e+07
415.119	  1.55897e+07
415.386	  1.56067e+07
415.653	  1.56237e+07
415.92	  1.56406e+07
416.187	  1.56575e+07
416.454	  1.56745e+07
416.721	  1.56914e+07
416.988	  1.57082e+07
417.255	  1.57251e+07
417.522	  1.57419e+07
417.789	  1.57588e+07
418.056	  1.57756e+07
418.323	  1.57923e+07
418.59	  1.58091e+07
418.857	  1.58258e+07
419.124	  1.58426e+07
419.391	  1.58593e+07
419.658	  1.58759e+07
419.925	  1.58926e+07
420.192	  1.59092e+07
420.459	  1.59259e+07
420.726	  1.59425e+07
420.993	  1.5959e+07
421.26	  1.59756e+07
421.527	  1.59921e+07
421.794	  1.60086e+07
422.061	  1.60251e+07
422.328	  1.60416e+07
422.595	  1.60581e+07
422.862	  1.60745e+07
423.129	  1.60909e+07
423.396	  1.61073e+07
423.663	  1.61237e+07
423.93	  1.61401e+07
424.197	  1.61564e+07
424.464	  1.61727e+07
424.731	  1.6189e+07
424.998	  1.62053e+07
425.265	  1.62215e+07
425.532	  1.62377e+07
425.799	  1.6254e+07
426.066	  1.62701e+07
426.333	  1.62863e+07
426.6	  1.63025e+07
426.867	  1.63186e+07
427.134	  1.63347e+07
427.401	  1.63508e+07
427.668	  1.63669e+07
427.935	  1.63829e+07
428.202	  1.63989e+07
428.469	  1.64149e+07
428.736	  1.64309e+07
429.003	  1.64469e+07
429.27	  1.64628e+07
429.537	  1.64787e+07
429.804	  1.64946e+07
430.071	  1.65105e+07
430.338	  1.65264e+07
430.605	  1.65422e+07
430.872	  1.6558e+07
431.139	  1.65738e+07
431.406	  1.65896e+07
431.673	  1.66053e+07
431.94	  1.66211e+07
432.207	  1.66368e+07
432.474	  1.66525e+07
432.741	  1.66681e+07
433.008	  1.66838e+07
433.275	  1.66994e+07
433.542	  1.6715e+07
433.809	  1.67306e+07
434.076	  1.67462e+07
434.343	  1.67617e+07
434.61	  1.67772e+07
434.877	  1.67927e+07
435.144	  1.68082e+07
435.411	  1.68237e+07
435.678	  1.68391e+07
435.945	  1.68545e+07
436.212	  1.68699e+07
436.479	  1.68853e+07
436.746	  1.69006e+07
437.013	  1.6916e+07
437.28	  1.69313e+07
437.547	  1.69465e+07
437.814	  1.69618e+07
438.081	  1.69771e+07
438.348	  1.69923e+07
438.615	  1.70075e+07
438.882	  1.70227e+07
439.149	  1.70378e+07
439.416	  1.7053e+07
439.683	  1.70681e+07
439.95	  1.70832e+07
440.217	  1.70982e+07
440.484	  1.71133e+07
440.751	  1.71283e+07
441.018	  1.71433e+07
441.285	  1.71583e+07
441.552	  1.71733e+07
441.819	  1.71882e+07
442.086	  1.72031e+07
442.353	  1.7218e+07
442.62	  1.72329e+07
442.887	  1.72478e+07
443.154	  1.72626e+07
443.421	  1.72774e+07
443.688	  1.72922e+07
443.955	  1.7307e+07
444.222	  1.73217e+07
444.489	  1.73365e+07
444.756	  1.73512e+07
445.023	  1.73658e+07
445.29	  1.73805e+07
445.557	  1.73952e+07
445.824	  1.74098e+07
446.091	  1.74244e+07
446.358	  1.74389e+07
446.625	  1.74535e+07
446.892	  1.7468e+07
447.159	  1.74825e+07
447.426	  1.7497e+07
447.693	  1.75115e+07
447.96	  1.75259e+07
448.227	  1.75404e+07
448.494	  1.75548e+07
448.761	  1.75691e+07
449.028	  1.75835e+07
449.295	  1.75978e+07
449.562	  1.76121e+07
449.829	  1.76264e+07
450.096	  1.76407e+07
450.363	  1.7655e+07
450.63	  1.76692e+07
450.897	  1.76834e+07
451.164	  1.76976e+07
451.431	  1.77117e+07
451.698	  1.77259e+07
451.965	  1.774e+07
452.232	  1.77541e+07
452.499	  1.77682e+07
452.766	  1.77822e+07
453.033	  1.77962e+07
453.3	  1.78102e+07
453.567	  1.78242e+07
453.834	  1.78382e+07
454.101	  1.78521e+07
454.368	  1.78661e+07
454.635	  1.788e+07
454.902	  1.78938e+07
455.169	  1.79077e+07
455.436	  1.79215e+07
455.703	  1.79353e+07
455.97	  1.79491e+07
456.237	  1.79629e+07
456.504	  1.79766e+07
456.771	  1.79903e+07
457.038	  1.8004e+07
457.305	  1.80177e+07
457.572	  1.80314e+07
457.839	  1.8045e+07
458.106	  1.80586e+07
458.373	  1.80722e+07
458.64	  1.80858e+07
458.907	  1.80993e+07
459.174	  1.81128e+07
459.441	  1.81263e+07
459.708	  1.81398e+07
459.975	  1.81533e+07
460.242	  1.81667e+07
460.509	  1.81801e+07
460.776	  1.81935e+07
461.043	  1.82069e+07
461.31	  1.82202e+07
461.577	  1.82336e+07
461.844	  1.82469e+07
462.111	  1.82601e+07
462.378	  1.82734e+07
462.645	  1.82866e+07
462.912	  1.82999e+07
463.179	  1.8313e+07
463.446	  1.83262e+07
463.713	  1.83394e+07
463.98	  1.83525e+07
464.247	  1.83656e+07
464.514	  1.83787e+07
464.781	  1.83917e+07
465.048	  1.84048e+07
465.315	  1.84178e+07
465.582	  1.84308e+07
465.849	  1.84437e+07
466.116	  1.84567e+07
466.383	  1.84696e+07
466.65	  1.84825e+07
466.917	  1.84954e+07
467.184	  1.85083e+07
467.451	  1.85211e+07
467.718	  1.85339e+07
467.985	  1.85467e+07
468.252	  1.85595e+07
468.519	  1.85722e+07
468.786	  1.8585e+07
469.053	  1.85977e+07
469.32	  1.86103e+07
469.587	  1.8623e+07
469.854	  1.86356e+07
470.121	  1.86483e+07
470.388	  1.86609e+07
470.655	  1.86734e+07
470.922	  1.8686e+07
471.189	  1.86985e+07
471.456	  1.8711e+07
471.723	  1.87235e+07
471.99	  1.8736e+07
472.257	  1.87484e+07
472.524	  1.87608e+07
472.791	  1.87732e+07
473.058	  1.87856e+07
473.325	  1.87979e+07
473.592	  1.88103e+07
473.859	  1.88226e+07
474.126	  1.88348e+07
474.393	  1.88471e+07
474.66	  1.88593e+07
474.927	  1.88716e+07
475.194	  1.88838e+07
475.461	  1.88959e+07
475.728	  1.89081e+07
475.995	  1.89202e+07
476.262	  1.89323e+07
476.529	  1.89444e+07
476.796	  1.89565e+07
477.063	  1.89685e+07
477.33	  1.89805e+07
477.597	  1.89925e+07
477.864	  1.90045e+07
478.131	  1.90164e+07
478.398	  1.90284e+07
478.665	  1.90403e+07
478.932	  1.90522e+07
479.199	  1.9064e+07
479.466	  1.90759e+07
479.733	  1.90877e+07
480	  1.90995e+07
480.267	  1.91113e+07
480.534	  1.9123e+07
480.801	  1.91347e+07
481.068	  1.91464e+07
481.335	  1.91581e+07
481.602	  1.91698e+07
481.869	  1.91814e+07
482.136	  1.91931e+07
482.403	  1.92047e+07
482.67	  1.92162e+07
482.937	  1.92278e+07
483.204	  1.92393e+07
483.471	  1.92508e+07
483.738	  1.92623e+07
484.005	  1.92738e+07
484.272	  1.92852e+07
484.539	  1.92966e+07
484.806	  1.9308e+07
485.073	  1.93194e+07
485.34	  1.93308e+07
485.607	  1.93421e+07
485.874	  1.93534e+07
486.141	  1.93647e+07
486.408	  1.9376e+07
486.675	  1.93872e+07
486.942	  1.93984e+07
487.209	  1.94096e+07
487.476	  1.94208e+07
487.743	  1.9432e+07
488.01	  1.94431e+07
488.277	  1.94542e+07
488.544	  1.94653e+07
488.811	  1.94764e+07
489.078	  1.94874e+07
489.345	  1.94984e+07
489.612	  1.95094e+07
489.879	  1.95204e+07
490.146	  1.95314e+07
490.413	  1.95423e+07
490.68	  1.95532e+07
490.947	  1.95641e+07
491.214	  1.9575e+07
491.481	  1.95858e+07
491.748	  1.95967e+07
492.015	  1.96075e+07
492.282	  1.96183e+07
492.549	  1.9629e+07
492.816	  1.96398e+07
493.083	  1.96505e+07
493.35	  1.96612e+07
493.617	  1.96718e+07
493.884	  1.96825e+07
494.151	  1.96931e+07
494.418	  1.97037e+07
494.685	  1.97143e+07
494.952	  1.97249e+07
495.219	  1.97354e+07
495.486	  1.97459e+07
495.753	  1.97564e+07
496.02	  1.97669e+07
496.287	  1.97774e+07
496.554	  1.97878e+07
496.821	  1.97982e+07
497.088	  1.98086e+07
497.355	  1.9819e+07
497.622	  1.98293e+07
497.889	  1.98396e+07
498.156	  1.98499e+07
498.423	  1.98602e+07
498.69	  1.98705e+07
498.957	  1.98807e+07
499.224	  1.98909e+07
499.491	  1.99011e+07
499.758	  1.99113e+07
500.025	  1.99215e+07
500.292	  1.99316e+07
500.559	  1.99417e+07
500.826	  1.99518e+07
501.093	  1.99618e+07
501.36	  1.99719e+07
501.627	  1.99819e+07
501.894	  1.99919e+07
502.161	  2.00019e+07
502.428	  2.00118e+07
502.695	  2.00218e+07
502.962	  2.00317e+07
503.229	  2.00416e+07
503.496	  2.00514e+07
503.763	  2.00613e+07
504.03	  2.00711e+07
504.297	  2.00809e+07
504.564	  2.00907e+07
504.831	  2.01004e+07
505.098	  2.01102e+07
505.365	  2.01199e+07
505.632	  2.01296e+07
505.899	  2.01393e+07
506.166	  2.01489e+07
506.433	  2.01585e+07
506.7	  2.01682e+07
506.967	  2.01777e+07
507.234	  2.01873e+07
507.501	  2.01969e+07
507.768	  2.02064e+07
508.035	  2.02159e+07
508.302	  2.02254e+07
508.569	  2.02348e+07
508.836	  2.02442e+07
509.103	  2.02537e+07
509.37	  2.02631e+07
509.637	  2.02724e+07
509.904	  2.02818e+07
510.171	  2.02911e+07
510.438	  2.03004e+07
510.705	  2.03097e+07
510.972	  2.0319e+07
511.239	  2.03282e+07
511.506	  2.03374e+07
511.773	  2.03466e+07
512.04	  2.03558e+07
512.307	  2.0365e+07
512.574	  2.03741e+07
512.841	  2.03832e+07
513.108	  2.03923e+07
513.375	  2.04014e+07
513.642	  2.04105e+07
513.909	  2.04195e+07
514.176	  2.04285e+07
514.443	  2.04375e+07
514.71	  2.04465e+07
514.977	  2.04554e+07
515.244	  2.04643e+07
515.511	  2.04732e+07
515.778	  2.04821e+07
516.045	  2.0491e+07
516.312	  2.04998e+07
516.579	  2.05086e+07
516.846	  2.05174e+07
517.113	  2.05262e+07
517.38	  2.0535e+07
517.647	  2.05437e+07
517.914	  2.05524e+07
518.181	  2.05611e+07
518.448	  2.05698e+07
518.715	  2.05784e+07
518.982	  2.05871e+07
519.249	  2.05957e+07
519.516	  2.06043e+07
519.783	  2.06128e+07
520.05	  2.06214e+07
520.317	  2.06299e+07
520.584	  2.06384e+07
520.851	  2.06469e+07
521.118	  2.06553e+07
521.385	  2.06638e+07
521.652	  2.06722e+07
521.919	  2.06806e+07
522.186	  2.0689e+07
522.453	  2.06973e+07
522.72	  2.07057e+07
522.987	  2.0714e+07
523.254	  2.07223e+07
523.521	  2.07305e+07
523.788	  2.07388e+07
524.055	  2.0747e+07
524.322	  2.07552e+07
524.589	  2.07634e+07
524.856	  2.07716e+07
525.123	  2.07797e+07
525.39	  2.07879e+07
525.657	  2.0796e+07
525.924	  2.08041e+07
526.191	  2.08121e+07
526.458	  2.08202e+07
526.725	  2.08282e+07
526.992	  2.08362e+07
527.259	  2.08442e+07
527.526	  2.08521e+07
527.793	  2.08601e+07
528.06	  2.0868e+07
528.327	  2.08759e+07
528.594	  2.08838e+07
528.861	  2.08916e+07
529.128	  2.08995e+07
529.395	  2.09073e+07
529.662	  2.09151e+07
529.929	  2.09229e+07
530.196	  2.09306e+07
530.463	  2.09384e+07
530.73	  2.09461e+07
530.997	  2.09538e+07
531.264	  2.09614e+07
531.531	  2.09691e+07
531.798	  2.09767e+07
532.065	  2.09843e+07
532.332	  2.09919e+07
532.599	  2.09995e+07
532.866	  2.10071e+07
533.133	  2.10146e+07
533.4	  2.10221e+07
533.667	  2.10296e+07
533.934	  2.10371e+07
534.201	  2.10445e+07
534.468	  2.10519e+07
534.735	  2.10593e+07
535.002	  2.10667e+07
535.269	  2.10741e+07
535.536	  2.10814e+07
535.803	  2.10888e+07
536.07	  2.10961e+07
536.337	  2.11034e+07
536.604	  2.11106e+07
536.871	  2.11179e+07
537.138	  2.11251e+07
537.405	  2.11323e+07
537.672	  2.11395e+07
537.939	  2.11466e+07
538.206	  2.11538e+07
538.473	  2.11609e+07
538.74	  2.1168e+07
539.007	  2.11751e+07
539.274	  2.11822e+07
539.541	  2.11892e+07
539.808	  2.11962e+07
540.075	  2.12032e+07
540.342	  2.12102e+07
540.609	  2.12172e+07
540.876	  2.12241e+07
541.143	  2.12311e+07
541.41	  2.1238e+07
541.677	  2.12448e+07
541.944	  2.12517e+07
542.211	  2.12586e+07
542.478	  2.12654e+07
542.745	  2.12722e+07
543.012	  2.1279e+07
543.279	  2.12857e+07
543.546	  2.12925e+07
543.813	  2.12992e+07
544.08	  2.13059e+07
544.347	  2.13126e+07
544.614	  2.13193e+07
544.881	  2.13259e+07
545.148	  2.13325e+07
545.415	  2.13391e+07
545.682	  2.13457e+07
545.949	  2.13523e+07
546.216	  2.13588e+07
546.483	  2.13654e+07
546.75	  2.13719e+07
547.017	  2.13784e+07
547.284	  2.13848e+07
547.551	  2.13913e+07
547.818	  2.13977e+07
548.085	  2.14041e+07
548.352	  2.14105e+07
548.619	  2.14169e+07
548.886	  2.14232e+07
549.153	  2.14295e+07
549.42	  2.14359e+07
549.687	  2.14421e+07
549.954	  2.14484e+07
550.221	  2.14547e+07
550.488	  2.14609e+07
550.755	  2.14671e+07
551.022	  2.14733e+07
551.289	  2.14795e+07
551.556	  2.14856e+07
551.823	  2.14918e+07
552.09	  2.14979e+07
552.357	  2.1504e+07
552.624	  2.15101e+07
552.891	  2.15161e+07
553.158	  2.15222e+07
553.425	  2.15282e+07
553.692	  2.15342e+07
553.959	  2.15402e+07
554.226	  2.15461e+07
554.493	  2.15521e+07
554.76	  2.1558e+07
555.027	  2.15639e+07
555.294	  2.15698e+07
555.561	  2.15756e+07
555.828	  2.15815e+07
556.095	  2.15873e+07
556.362	  2.15931e+07
556.629	  2.15989e+07
556.896	  2.16047e+07
557.163	  2.16104e+07
557.43	  2.16162e+07
557.697	  2.16219e+07
557.964	  2.16276e+07
558.231	  2.16332e+07
558.498	  2.16389e+07
558.765	  2.16445e+07
559.032	  2.16502e+07
559.299	  2.16557e+07
559.566	  2.16613e+07
560.009	  2.16705e+07
560.296	  2.16765e+07
560.583	  2.16824e+07
560.87	  2.16883e+07
561.157	  2.16942e+07
561.444	  2.17e+07
561.731	  2.17059e+07
562.018	  2.17117e+07
562.305	  2.17175e+07
562.592	  2.17232e+07
562.879	  2.1729e+07
563.166	  2.17347e+07
563.453	  2.17404e+07
563.74	  2.17461e+07
564.027	  2.17518e+07
564.314	  2.17574e+07
564.601	  2.1763e+07
564.888	  2.17686e+07
565.175	  2.17742e+07
565.462	  2.17797e+07
565.749	  2.17853e+07
566.036	  2.17908e+07
566.323	  2.17963e+07
566.61	  2.18017e+07
566.897	  2.18072e+07
567.184	  2.18126e+07
567.471	  2.1818e+07
567.758	  2.18234e+07
568.045	  2.18287e+07
568.332	  2.18341e+07
568.619	  2.18394e+07
568.906	  2.18447e+07
569.193	  2.18499e+07
569.48	  2.18552e+07
569.767	  2.18604e+07
570.054	  2.18656e+07
570.341	  2.18708e+07
570.628	  2.1876e+07
570.915	  2.18811e+07
571.202	  2.18863e+07
571.489	  2.18914e+07
571.776	  2.18965e+07
572.063	  2.19015e+07
572.35	  2.19066e+07
572.637	  2.19116e+07
572.924	  2.19166e+07
573.211	  2.19216e+07
573.498	  2.19265e+07
573.785	  2.19315e+07
574.072	  2.19364e+07
574.359	  2.19413e+07
574.646	  2.19461e+07
574.933	  2.1951e+07
575.22	  2.19558e+07
575.507	  2.19606e+07
575.794	  2.19654e+07
576.081	  2.19702e+07
576.368	  2.19749e+07
576.655	  2.19797e+07
576.942	  2.19844e+07
577.229	  2.19891e+07
577.516	  2.19937e+07
577.803	  2.19984e+07
578.09	  2.2003e+07
578.377	  2.20076e+07
578.664	  2.20122e+07
578.951	  2.20168e+07
579.238	  2.20213e+07
579.525	  2.20258e+07
579.812	  2.20303e+07
580.099	  2.20348e+07
580.386	  2.20393e+07
580.673	  2.20437e+07
580.96	  2.20481e+07
581.247	  2.20525e+07
581.534	  2.20569e+07
581.821	  2.20613e+07
582.108	  2.20656e+07
582.395	  2.20699e+07
582.682	  2.20742e+07
582.969	  2.20785e+07
583.256	  2.20827e+07
583.543	  2.2087e+07
583.83	  2.20912e+07
584.117	  2.20954e+07
584.404	  2.20996e+07
584.691	  2.21037e+07
584.978	  2.21079e+07
585.265	  2.2112e+07
585.552	  2.21161e+07
585.839	  2.21202e+07
586.126	  2.21242e+07
586.413	  2.21282e+07
586.7	  2.21323e+07
586.987	  2.21363e+07
587.274	  2.21402e+07
587.561	  2.21442e+07
587.848	  2.21481e+07
588.135	  2.2152e+07
588.422	  2.21559e+07
588.709	  2.21598e+07
588.996	  2.21637e+07
589.283	  2.21675e+07
589.57	  2.21713e+07
589.857	  2.21751e+07
590.144	  2.21789e+07
590.431	  2.21827e+07
590.718	  2.21864e+07
591.005	  2.21901e+07
591.292	  2.21938e+07
591.579	  2.21975e+07
591.866	  2.22012e+07
592.153	  2.22048e+07
592.44	  2.22084e+07
592.727	  2.2212e+07
593.014	  2.22156e+07
593.301	  2.22192e+07
593.588	  2.22227e+07
593.875	  2.22262e+07
594.162	  2.22297e+07
594.449	  2.22332e+07
594.736	  2.22367e+07
595.023	  2.22401e+07
595.31	  2.22435e+07
595.597	  2.2247e+07
595.884	  2.22503e+07
596.171	  2.22537e+07
596.458	  2.22571e+07
596.745	  2.22604e+07
597.032	  2.22637e+07
597.319	  2.2267e+07
597.606	  2.22703e+07
597.893	  2.22735e+07
598.18	  2.22767e+07
598.467	  2.228e+07
598.754	  2.22832e+07
599.041	  2.22863e+07
599.328	  2.22895e+07
599.615	  2.22926e+07
599.902	  2.22957e+07
600.189	  2.22988e+07
600.476	  2.23019e+07
600.763	  2.2305e+07
601.05	  2.2308e+07
601.337	  2.23111e+07
601.624	  2.23141e+07
601.911	  2.23171e+07
602.198	  2.232e+07
602.485	  2.2323e+07
602.772	  2.23259e+07
603.059	  2.23288e+07
603.346	  2.23317e+07
603.633	  2.23346e+07
603.92	  2.23374e+07
604.207	  2.23403e+07
604.494	  2.23431e+07
604.781	  2.23459e+07
605.068	  2.23487e+07
605.355	  2.23514e+07
605.642	  2.23542e+07
605.929	  2.23569e+07
606.216	  2.23596e+07
606.503	  2.23623e+07
606.79	  2.2365e+07
607.077	  2.23676e+07
607.364	  2.23702e+07
607.651	  2.23729e+07
607.938	  2.23755e+07
608.225	  2.2378e+07
608.512	  2.23806e+07
608.799	  2.23831e+07
609.086	  2.23857e+07
609.373	  2.23882e+07
609.66	  2.23906e+07
609.947	  2.23931e+07
610.234	  2.23956e+07
610.521	  2.2398e+07
610.808	  2.24004e+07
611.095	  2.24028e+07
611.382	  2.24052e+07
611.669	  2.24075e+07
611.956	  2.24099e+07
612.243	  2.24122e+07
612.53	  2.24145e+07
612.817	  2.24168e+07
613.104	  2.24191e+07
613.391	  2.24213e+07
613.678	  2.24235e+07
613.965	  2.24257e+07
614.252	  2.24279e+07
614.539	  2.24301e+07
614.826	  2.24323e+07
615.113	  2.24344e+07
615.4	  2.24365e+07
615.687	  2.24387e+07
615.974	  2.24407e+07
616.261	  2.24428e+07
616.548	  2.24449e+07
616.835	  2.24469e+07
617.122	  2.24489e+07
617.409	  2.24509e+07
617.696	  2.24529e+07
617.983	  2.24549e+07
618.27	  2.24568e+07
618.557	  2.24587e+07
618.844	  2.24607e+07
619.131	  2.24626e+07
619.418	  2.24644e+07
619.705	  2.24663e+07
619.992	  2.24681e+07
620.279	  2.247e+07
620.566	  2.24718e+07
620.853	  2.24736e+07
621.14	  2.24753e+07
621.427	  2.24771e+07
621.714	  2.24788e+07
622.001	  2.24805e+07
622.288	  2.24822e+07
622.575	  2.24839e+07
622.862	  2.24856e+07
623.149	  2.24872e+07
623.436	  2.24889e+07
623.723	  2.24905e+07
624.01	  2.24921e+07
624.297	  2.24937e+07
624.584	  2.24952e+07
624.871	  2.24968e+07
625.158	  2.24983e+07
625.445	  2.24998e+07
625.732	  2.25013e+07
626.019	  2.25028e+07
626.306	  2.25043e+07
626.593	  2.25057e+07
626.88	  2.25071e+07
627.167	  2.25086e+07
627.454	  2.25099e+07
627.741	  2.25113e+07
628.028	  2.25127e+07
628.315	  2.2514e+07
628.602	  2.25154e+07
628.889	  2.25167e+07
629.176	  2.2518e+07
629.463	  2.25192e+07
629.75	  2.25205e+07
630.037	  2.25217e+07
630.324	  2.2523e+07
630.611	  2.25242e+07
630.898	  2.25254e+07
631.185	  2.25265e+07
631.472	  2.25277e+07
631.759	  2.25288e+07
632.046	  2.253e+07
632.333	  2.25311e+07
632.62	  2.25322e+07
632.907	  2.25332e+07
633.194	  2.25343e+07
633.481	  2.25354e+07
633.768	  2.25364e+07
634.055	  2.25374e+07
634.342	  2.25384e+07
634.629	  2.25394e+07
634.916	  2.25403e+07
635.203	  2.25413e+07
635.49	  2.25422e+07
635.777	  2.25431e+07
636.064	  2.2544e+07
636.351	  2.25449e+07
636.638	  2.25457e+07
636.925	  2.25466e+07
637.212	  2.25474e+07
637.499	  2.25482e+07
637.786	  2.2549e+07
638.073	  2.25498e+07
638.36	  2.25506e+07
638.647	  2.25513e+07
638.934	  2.25521e+07
639.221	  2.25528e+07
639.508	  2.25535e+07
639.795	  2.25542e+07
640.082	  2.25549e+07
640.369	  2.25555e+07
640.656	  2.25561e+07
640.943	  2.25568e+07
641.23	  2.25574e+07
641.517	  2.2558e+07
641.804	  2.25585e+07
642.091	  2.25591e+07
642.378	  2.25596e+07
642.665	  2.25602e+07
642.952	  2.25607e+07
643.239	  2.25612e+07
643.526	  2.25617e+07
643.813	  2.25621e+07
644.1	  2.25626e+07
644.387	  2.2563e+07
644.674	  2.25634e+07
644.961	  2.25638e+07
645.248	  2.25642e+07
645.535	  2.25646e+07
645.822	  2.25649e+07
646.109	  2.25653e+07
646.396	  2.25656e+07
646.683	  2.25659e+07
646.97	  2.25662e+07
647.257	  2.25665e+07
647.544	  2.25667e+07
647.831	  2.2567e+07
648.118	  2.25672e+07
648.405	  2.25674e+07
648.692	  2.25676e+07
648.979	  2.25678e+07
649.266	  2.2568e+07
649.553	  2.25681e+07
649.84	  2.25683e+07
650.127	  2.25684e+07
650.414	  2.25685e+07
650.701	  2.25686e+07
650.988	  2.25687e+07
651.275	  2.25687e+07
651.562	  2.25688e+07
651.849	  2.25688e+07
652.136	  2.25688e+07
652.423	  2.25688e+07
652.71	  2.25688e+07
652.997	  2.25688e+07
653.284	  2.25688e+07
653.571	  2.25687e+07
653.858	  2.25686e+07
654.145	  2.25685e+07
654.432	  2.25684e+07
654.719	  2.25683e+07
655.006	  2.25682e+07
655.293	  2.2568e+07
655.58	  2.25679e+07
655.867	  2.25677e+07
656.154	  2.25675e+07
656.441	  2.25673e+07
656.728	  2.25671e+07
657.015	  2.25668e+07
657.302	  2.25666e+07
657.589	  2.25663e+07
657.876	  2.2566e+07
658.163	  2.25657e+07
658.45	  2.25654e+07
658.737	  2.25651e+07
659.024	  2.25648e+07
659.311	  2.25644e+07
659.598	  2.25641e+07
659.885	  2.25637e+07
660.172	  2.25633e+07
660.459	  2.25629e+07
660.746	  2.25624e+07
661.033	  2.2562e+07
661.32	  2.25615e+07
661.607	  2.25611e+07
661.894	  2.25606e+07
662.181	  2.25601e+07
662.468	  2.25596e+07
662.755	  2.25591e+07
663.042	  2.25585e+07
663.329	  2.2558e+07
663.616	  2.25574e+07
663.903	  2.25568e+07
664.19	  2.25562e+07
664.477	  2.25556e+07
664.764	  2.2555e+07
665.051	  2.25543e+07
665.338	  2.25537e+07
665.625	  2.2553e+07
665.912	  2.25523e+07
666.199	  2.25516e+07
666.486	  2.25509e+07
666.773	  2.25502e+07
667.06	  2.25494e+07
667.347	  2.25487e+07
667.634	  2.25479e+07
667.921	  2.25471e+07
668.208	  2.25463e+07
668.495	  2.25455e+07
668.782	  2.25447e+07
669.069	  2.25439e+07
669.356	  2.2543e+07
669.643	  2.25422e+07
669.93	  2.25413e+07
670.217	  2.25404e+07
670.504	  2.25395e+07
670.791	  2.25386e+07
671.078	  2.25376e+07
671.365	  2.25367e+07
671.652	  2.25357e+07
671.939	  2.25347e+07
672.226	  2.25338e+07
672.513	  2.25328e+07
672.8	  2.25317e+07
673.087	  2.25307e+07
673.374	  2.25297e+07
673.661	  2.25286e+07
673.948	  2.25275e+07
674.235	  2.25265e+07
674.522	  2.25254e+07
674.809	  2.25242e+07
675.096	  2.25231e+07
675.383	  2.2522e+07
675.67	  2.25208e+07
675.957	  2.25197e+07
676.244	  2.25185e+07
676.531	  2.25173e+07
676.818	  2.25161e+07
677.105	  2.25149e+07
677.392	  2.25136e+07
677.679	  2.25124e+07
677.966	  2.25111e+07
678.253	  2.25099e+07
678.54	  2.25086e+07
678.827	  2.25073e+07
679.114	  2.2506e+07
679.401	  2.25047e+07
679.688	  2.25033e+07
679.975	  2.2502e+07
680.262	  2.25006e+07
680.549	  2.24992e+07
680.836	  2.24978e+07
681.123	  2.24964e+07
681.41	  2.2495e+07
681.697	  2.24936e+07
681.984	  2.24922e+07
682.271	  2.24907e+07
682.558	  2.24892e+07
682.845	  2.24878e+07
683.132	  2.24863e+07
683.419	  2.24848e+07
683.706	  2.24832e+07
683.993	  2.24817e+07
684.28	  2.24802e+07
684.567	  2.24786e+07
684.854	  2.2477e+07
685.141	  2.24755e+07
685.428	  2.24739e+07
685.715	  2.24723e+07
686.002	  2.24706e+07
686.289	  2.2469e+07
686.576	  2.24674e+07
686.863	  2.24657e+07
687.15	  2.2464e+07
687.437	  2.24623e+07
687.724	  2.24606e+07
688.011	  2.24589e+07
688.298	  2.24572e+07
688.585	  2.24555e+07
688.872	  2.24537e+07
689.159	  2.2452e+07
689.446	  2.24502e+07
689.733	  2.24484e+07
690.02	  2.24466e+07
690.307	  2.24448e+07
690.594	  2.2443e+07
690.881	  2.24412e+07
691.168	  2.24393e+07
691.455	  2.24374e+07
691.742	  2.24356e+07
692.029	  2.24337e+07
692.316	  2.24318e+07
692.603	  2.24299e+07
692.89	  2.2428e+07
693.177	  2.2426e+07
693.464	  2.24241e+07
693.751	  2.24221e+07
694.038	  2.24202e+07
694.325	  2.24182e+07
694.612	  2.24162e+07
694.899	  2.24142e+07
695.186	  2.24122e+07
695.473	  2.24101e+07
695.76	  2.24081e+07
696.047	  2.24061e+07
696.334	  2.2404e+07
696.621	  2.24019e+07
696.908	  2.23998e+07
697.195	  2.23977e+07
697.482	  2.23956e+07
697.769	  2.23935e+07
698.056	  2.23913e+07
698.343	  2.23892e+07
698.63	  2.2387e+07
698.917	  2.23849e+07
699.204	  2.23827e+07
699.491	  2.23805e+07
699.778	  2.23783e+07
700.065	  2.23761e+07
700.352	  2.23738e+07
700.639	  2.23716e+07
700.926	  2.23693e+07
701.213	  2.23671e+07
701.5	  2.23648e+07
701.787	  2.23625e+07
702.074	  2.23602e+07
702.361	  2.23579e+07
702.648	  2.23556e+07
702.935	  2.23532e+07
703.222	  2.23509e+07
703.509	  2.23485e+07
703.796	  2.23461e+07
704.083	  2.23438e+07
704.37	  2.23414e+07
704.657	  2.2339e+07
704.944	  2.23366e+07
705.231	  2.23341e+07
705.518	  2.23317e+07
705.805	  2.23292e+07
706.092	  2.23268e+07
706.379	  2.23243e+07
706.666	  2.23218e+07
706.953	  2.23193e+07
707.24	  2.23168e+07
707.527	  2.23143e+07
707.814	  2.23118e+07
708.101	  2.23092e+07
708.388	  2.23067e+07
708.675	  2.23041e+07
708.962	  2.23015e+07
709.249	  2.22989e+07
709.536	  2.22964e+07
709.823	  2.22937e+07
710.11	  2.22911e+07
710.397	  2.22885e+07
710.684	  2.22859e+07
710.971	  2.22832e+07
711.258	  2.22805e+07
711.545	  2.22779e+07
711.832	  2.22752e+07
712.119	  2.22725e+07
712.406	  2.22698e+07
712.693	  2.22671e+07
712.98	  2.22643e+07
713.267	  2.22616e+07
713.554	  2.22588e+07
713.841	  2.22561e+07
714.128	  2.22533e+07
714.415	  2.22505e+07
714.702	  2.22477e+07
714.989	  2.22449e+07
715.276	  2.22421e+07
715.563	  2.22393e+07
715.85	  2.22364e+07
716.137	  2.22336e+07
716.424	  2.22307e+07
716.711	  2.22279e+07
716.998	  2.2225e+07
717.285	  2.22221e+07
717.572	  2.22192e+07
717.859	  2.22163e+07
718.146	  2.22134e+07
718.433	  2.22104e+07
718.72	  2.22075e+07
719.007	  2.22045e+07
719.294	  2.22016e+07
719.581	  2.21986e+07
719.868	  2.21956e+07
720.155	  2.21926e+07
720.442	  2.21896e+07
720.729	  2.21866e+07
721.016	  2.21836e+07
721.303	  2.21805e+07
721.59	  2.21775e+07
721.877	  2.21744e+07
722.164	  2.21714e+07
722.451	  2.21683e+07
722.738	  2.21652e+07
723.025	  2.21621e+07
723.312	  2.2159e+07
723.599	  2.21559e+07
723.886	  2.21527e+07
724.173	  2.21496e+07
724.46	  2.21464e+07
724.747	  2.21433e+07
725.034	  2.21401e+07
725.321	  2.21369e+07
725.608	  2.21337e+07
725.895	  2.21305e+07
726.182	  2.21273e+07
726.469	  2.21241e+07
726.756	  2.21209e+07
727.043	  2.21176e+07
727.33	  2.21144e+07
727.617	  2.21111e+07
727.904	  2.21078e+07
728.191	  2.21046e+07
728.478	  2.21013e+07
728.765	  2.2098e+07
729.052	  2.20947e+07
729.339	  2.20913e+07
729.626	  2.2088e+07
729.913	  2.20847e+07
730.2	  2.20813e+07
730.487	  2.2078e+07
730.774	  2.20746e+07
731.061	  2.20712e+07
731.348	  2.20678e+07
731.635	  2.20644e+07
731.922	  2.2061e+07
732.209	  2.20576e+07
732.496	  2.20542e+07
732.783	  2.20507e+07
733.07	  2.20473e+07
733.357	  2.20438e+07
733.644	  2.20404e+07
733.931	  2.20369e+07
734.218	  2.20334e+07
734.505	  2.20299e+07
734.792	  2.20264e+07
735.079	  2.20229e+07
735.366	  2.20193e+07
735.653	  2.20158e+07
735.94	  2.20123e+07
736.227	  2.20087e+07
736.514	  2.20052e+07
736.801	  2.20016e+07
737.088	  2.1998e+07
737.375	  2.19944e+07
737.662	  2.19908e+07
737.949	  2.19872e+07
738.236	  2.19836e+07
738.523	  2.198e+07
738.81	  2.19763e+07
739.097	  2.19727e+07
739.384	  2.1969e+07
739.671	  2.19653e+07
739.958	  2.19617e+07
740.245	  2.1958e+07
740.532	  2.19543e+07
740.819	  2.19506e+07
741.106	  2.19469e+07
741.393	  2.19432e+07
741.68	  2.19394e+07
741.967	  2.19357e+07
742.254	  2.19319e+07
742.541	  2.19282e+07
742.828	  2.19244e+07
743.115	  2.19206e+07
743.402	  2.19169e+07
743.689	  2.19131e+07
743.976	  2.19093e+07
744.263	  2.19055e+07
744.55	  2.19016e+07
744.837	  2.18978e+07
745.124	  2.1894e+07
745.411	  2.18901e+07
745.698	  2.18863e+07
745.985	  2.18824e+07
746.272	  2.18785e+07
746.559	  2.18746e+07
746.846	  2.18708e+07
747.133	  2.18669e+07
747.42	  2.18629e+07
747.707	  2.1859e+07
747.994	  2.18551e+07
748.281	  2.18512e+07
748.568	  2.18472e+07
748.855	  2.18433e+07
749.142	  2.18393e+07
749.429	  2.18353e+07
749.716	  2.18314e+07
750.003	  2.18274e+07
750.29	  2.18234e+07
750.577	  2.18194e+07
750.864	  2.18153e+07
751.151	  2.18113e+07
751.438	  2.18073e+07
751.725	  2.18033e+07
752.012	  2.17992e+07
752.299	  2.17952e+07
752.586	  2.17911e+07
752.873	  2.1787e+07
753.16	  2.17829e+07
753.447	  2.17788e+07
753.734	  2.17747e+07
754.021	  2.17706e+07
754.308	  2.17665e+07
754.595	  2.17624e+07
754.882	  2.17583e+07
755.169	  2.17541e+07
755.456	  2.175e+07
755.743	  2.17458e+07
756.03	  2.17416e+07
756.317	  2.17375e+07
756.604	  2.17333e+07
756.891	  2.17291e+07
757.178	  2.17249e+07
757.465	  2.17207e+07
757.752	  2.17165e+07
758.039	  2.17123e+07
758.326	  2.1708e+07
758.613	  2.17038e+07
758.9	  2.16995e+07
759.187	  2.16953e+07
759.474	  2.1691e+07
759.761	  2.16867e+07
760.048	  2.16825e+07
760.335	  2.16782e+07
760.622	  2.16739e+07
760.909	  2.16696e+07
761.196	  2.16652e+07
761.483	  2.16609e+07
761.77	  2.16566e+07
762.057	  2.16523e+07
762.344	  2.16479e+07
762.631	  2.16436e+07
762.918	  2.16392e+07
763.205	  2.16348e+07
763.492	  2.16305e+07
763.779	  2.16261e+07
764.066	  2.16217e+07
764.353	  2.16173e+07
764.64	  2.16129e+07
764.927	  2.16084e+07
765.214	  2.1604e+07
765.501	  2.15996e+07
765.788	  2.15952e+07
766.075	  2.15907e+07
766.362	  2.15862e+07
766.649	  2.15818e+07
766.936	  2.15773e+07
767.223	  2.15728e+07
767.51	  2.15684e+07
767.797	  2.15639e+07
768.084	  2.15594e+07
768.371	  2.15548e+07
768.658	  2.15503e+07
768.945	  2.15458e+07
769.232	  2.15413e+07
769.519	  2.15367e+07
769.806	  2.15322e+07
770.093	  2.15276e+07
770.38	  2.15231e+07
770.667	  2.15185e+07
770.954	  2.15139e+07
771.241	  2.15093e+07
771.528	  2.15047e+07
771.815	  2.15001e+07
772.102	  2.14955e+07
772.389	  2.14909e+07
772.676	  2.14863e+07
772.963	  2.14817e+07
773.25	  2.1477e+07
773.537	  2.14724e+07
773.824	  2.14677e+07
774.111	  2.14631e+07
774.398	  2.14584e+07
774.685	  2.14537e+07
774.972	  2.14491e+07
775.259	  2.14444e+07
775.546	  2.14397e+07
775.833	  2.1435e+07
776.12	  2.14303e+07
776.407	  2.14255e+07
776.694	  2.14208e+07
776.981	  2.14161e+07
777.268	  2.14113e+07
777.555	  2.14066e+07
777.842	  2.14018e+07
778.129	  2.13971e+07
778.416	  2.13923e+07
778.703	  2.13875e+07
778.99	  2.13828e+07
779.277	  2.1378e+07
779.564	  2.13732e+07
779.851	  2.13684e+07
780.138	  2.13636e+07
780.425	  2.13587e+07
780.712	  2.13539e+07
780.999	  2.13491e+07
781.286	  2.13442e+07
781.573	  2.13394e+07
781.86	  2.13346e+07
782.147	  2.13297e+07
782.434	  2.13248e+07
782.721	  2.132e+07
783.008	  2.13151e+07
783.295	  2.13102e+07
783.582	  2.13053e+07
783.869	  2.13004e+07
784.156	  2.12955e+07
784.443	  2.12906e+07
784.73	  2.12857e+07
785.017	  2.12807e+07
785.304	  2.12758e+07
785.591	  2.12708e+07
785.878	  2.12659e+07
786.165	  2.12609e+07
786.452	  2.1256e+07
786.739	  2.1251e+07
787.026	  2.1246e+07
787.313	  2.12411e+07
787.6	  2.12361e+07
787.887	  2.12311e+07
788.174	  2.12261e+07
788.461	  2.12211e+07
788.748	  2.12161e+07
789.035	  2.1211e+07
789.322	  2.1206e+07
789.609	  2.1201e+07
789.896	  2.11959e+07
790.183	  2.11909e+07
790.47	  2.11858e+07
790.757	  2.11808e+07
791.044	  2.11757e+07
791.331	  2.11706e+07
791.618	  2.11656e+07
791.905	  2.11605e+07
792.192	  2.11554e+07
792.479	  2.11503e+07
792.766	  2.11452e+07
793.053	  2.11401e+07
793.34	  2.11349e+07
793.627	  2.11298e+07
793.914	  2.11247e+07
794.201	  2.11195e+07
794.488	  2.11144e+07
794.775	  2.11093e+07
795.062	  2.11041e+07
795.349	  2.10989e+07
795.636	  2.10938e+07
795.923	  2.10886e+07
796.21	  2.10834e+07
796.497	  2.10782e+07
796.784	  2.1073e+07
797.071	  2.10678e+07
797.358	  2.10626e+07
797.645	  2.10574e+07
797.932	  2.10522e+07
798.219	  2.1047e+07
798.506	  2.10417e+07
798.793	  2.10365e+07
799.08	  2.10313e+07
799.367	  2.1026e+07
799.654	  2.10208e+07
799.941	  2.10155e+07
800.228	  2.10102e+07
800.515	  2.10049e+07
800.802	  2.09997e+07
801.089	  2.09944e+07
801.376	  2.09891e+07
801.663	  2.09838e+07
801.95	  2.09785e+07
802.237	  2.09732e+07
802.524	  2.09679e+07
802.811	  2.09625e+07
803.098	  2.09572e+07
803.385	  2.09519e+07
803.672	  2.09466e+07
803.959	  2.09412e+07
804.246	  2.09359e+07
804.533	  2.09305e+07
804.82	  2.09251e+07
805.107	  2.09198e+07
805.394	  2.09144e+07
805.681	  2.0909e+07
805.968	  2.09036e+07
806.255	  2.08982e+07
806.542	  2.08928e+07
806.829	  2.08874e+07
807.116	  2.0882e+07
807.403	  2.08766e+07
807.69	  2.08712e+07
807.977	  2.08658e+07
808.264	  2.08603e+07
808.551	  2.08549e+07
808.838	  2.08495e+07
809.125	  2.0844e+07
809.412	  2.08386e+07
809.699	  2.08331e+07
809.986	  2.08276e+07
810.273	  2.08222e+07
810.56	  2.08167e+07
810.847	  2.08112e+07
811.134	  2.08057e+07
811.421	  2.08002e+07
811.708	  2.07947e+07
811.995	  2.07892e+07
812.282	  2.07837e+07
812.569	  2.07782e+07
812.856	  2.07727e+07
813.143	  2.07672e+07
813.43	  2.07616e+07
813.717	  2.07561e+07
814.004	  2.07506e+07
814.291	  2.0745e+07
814.578	  2.07395e+07
814.865	  2.07339e+07
815.152	  2.07283e+07
815.439	  2.07228e+07
815.726	  2.07172e+07
816.013	  2.07116e+07
816.3	  2.0706e+07
816.587	  2.07004e+07
816.874	  2.06948e+07
817.161	  2.06892e+07
817.448	  2.06836e+07
817.735	  2.0678e+07
818.022	  2.06724e+07
818.309	  2.06668e+07
818.596	  2.06612e+07
818.883	  2.06555e+07
819.17	  2.06499e+07
819.457	  2.06443e+07
820.002	  2.06335e+07
820.031	  2.0633e+07
820.059	  2.06324e+07
820.088	  2.06318e+07
820.117	  2.06313e+07
820.146	  2.06307e+07
820.174	  2.06301e+07
820.203	  2.06296e+07
820.232	  2.0629e+07
820.26	  2.06284e+07
820.289	  2.06279e+07
820.318	  2.06273e+07
820.346	  2.06267e+07
820.375	  2.06262e+07
820.404	  2.06256e+07
820.433	  2.0625e+07
820.461	  2.06245e+07
820.49	  2.06239e+07
820.519	  2.06233e+07
820.547	  2.06228e+07
820.576	  2.06222e+07
820.605	  2.06216e+07
820.633	  8.2195e+06
820.662	  8.21939e+06
820.691	  8.21927e+06
820.72	  8.21915e+06
820.748	  8.21903e+06
820.777	  8.21891e+06
820.806	  8.21879e+06
820.834	  8.21867e+06
820.863	  8.21855e+06
820.892	  8.21843e+06
820.92	  8.21831e+06
820.949	  8.21819e+06
820.978	  8.21807e+06
821.007	  8.21795e+06
821.035	  8.21783e+06
821.064	  8.21771e+06
821.093	  8.21759e+06
821.121	  8.21747e+06
821.15	  8.21735e+06
821.179	  8.21723e+06
821.207	  8.21711e+06
821.236	  8.21699e+06
821.265	  8.21687e+06
821.294	  8.21675e+06
821.322	  8.21663e+06
821.351	  8.21651e+06
821.38	  8.21639e+06
821.408	  8.21627e+06
821.437	  8.21615e+06
821.466	  8.21603e+06
821.494	  8.21591e+06
821.523	  8.21579e+06
821.552	  8.21567e+06
821.581	  8.21555e+06
821.609	  8.21542e+06
821.638	  8.2153e+06
821.667	  8.21518e+06
821.695	  8.21506e+06
821.724	  8.21494e+06
821.753	  8.21482e+06
821.781	  8.2147e+06
821.81	  8.21458e+06
821.839	  8.21446e+06
821.868	  8.21434e+06
821.896	  8.21422e+06
821.925	  8.2141e+06
821.954	  8.21398e+06
821.982	  8.21386e+06
822.011	  8.21374e+06
822.011	  8.21374e+06
822.298	  8.21253e+06
822.585	  8.21132e+06
822.872	  8.21012e+06
823.159	  8.2089e+06
823.446	  8.20769e+06
823.733	  8.20648e+06
824.02	  8.20526e+06
824.307	  8.20404e+06
824.594	  8.20282e+06
824.881	  8.2016e+06
825.168	  8.20038e+06
825.455	  8.19915e+06
825.742	  8.19793e+06
826.029	  8.1967e+06
826.316	  8.19547e+06
826.603	  8.19424e+06
826.89	  8.19301e+06
827.177	  8.19177e+06
827.464	  8.19053e+06
827.751	  8.1893e+06
828.038	  8.18806e+06
828.325	  8.18682e+06
828.612	  8.18557e+06
828.899	  8.18433e+06
829.186	  8.18308e+06
829.473	  8.18183e+06
829.76	  8.18059e+06
830.047	  8.17933e+06
830.334	  8.17808e+06
830.621	  8.17683e+06
830.908	  8.17557e+06
831.195	  8.17431e+06
831.482	  8.17306e+06
831.769	  8.17179e+06
832.056	  8.17053e+06
832.343	  8.16927e+06
832.63	  8.168e+06
832.917	  8.16674e+06
833.204	  8.16547e+06
833.491	  8.1642e+06
833.778	  8.16293e+06
834.065	  8.16165e+06
834.352	  8.16038e+06
834.639	  8.1591e+06
834.926	  8.15782e+06
835.213	  8.15654e+06
835.5	  8.15526e+06
835.787	  8.15398e+06
836.074	  8.1527e+06
836.361	  8.15141e+06
836.648	  8.15012e+06
836.935	  8.14883e+06
837.222	  8.14754e+06
837.509	  8.14625e+06
837.796	  8.14496e+06
838.083	  8.14366e+06
838.37	  8.14237e+06
838.657	  8.14107e+06
838.944	  8.13977e+06
839.231	  8.13847e+06
839.518	  8.13717e+06
839.805	  8.13586e+06
840.092	  8.13456e+06
840.379	  8.13325e+06
840.666	  8.13194e+06
840.953	  8.13063e+06
841.24	  8.12932e+06
841.527	  8.128e+06
841.814	  8.12669e+06
842.101	  8.12537e+06
842.388	  8.12406e+06
842.675	  8.12274e+06
842.962	  8.12142e+06
843.249	  8.12009e+06
843.536	  8.11877e+06
843.823	  8.11745e+06
844.11	  8.11612e+06
844.397	  8.11479e+06
844.684	  8.11346e+06
844.971	  8.11213e+06
845.258	  8.1108e+06
845.545	  8.10946e+06
845.832	  8.10813e+06
846.119	  8.10679e+06
846.406	  8.10545e+06
846.693	  8.10411e+06
846.98	  8.10277e+06
847.267	  8.10143e+06
847.554	  8.10009e+06
847.841	  8.09874e+06
848.128	  8.09739e+06
848.415	  8.09605e+06
848.702	  8.0947e+06
848.989	  8.09334e+06
849.276	  8.09199e+06
849.563	  8.09064e+06
849.85	  8.08928e+06
850.137	  8.08793e+06
850.424	  8.08657e+06
850.711	  8.08521e+06
850.998	  8.08385e+06
851.285	  8.08248e+06
851.572	  8.08112e+06
851.859	  8.07975e+06
852.146	  8.07839e+06
852.433	  8.07702e+06
852.72	  8.07565e+06
853.007	  8.07428e+06
853.294	  8.07291e+06
853.581	  8.07153e+06
853.868	  8.07016e+06
854.155	  8.06878e+06
854.442	  8.0674e+06
854.729	  8.06603e+06
855.016	  8.06464e+06
855.303	  8.06326e+06
855.59	  8.06188e+06
855.877	  8.06049e+06
856.164	  8.05911e+06
856.451	  8.05772e+06
856.738	  8.05633e+06
857.025	  8.05494e+06
857.312	  8.05355e+06
857.599	  8.05216e+06
857.886	  8.05076e+06
858.173	  8.04937e+06
858.46	  8.04797e+06
858.747	  8.04657e+06
859.034	  8.04518e+06
859.321	  8.04377e+06
859.608	  8.04237e+06
859.895	  8.04097e+06
860.182	  8.03956e+06
860.469	  8.03816e+06
860.756	  8.03675e+06
861.043	  8.03534e+06
861.33	  8.03393e+06
861.617	  8.03252e+06
861.904	  8.03111e+06
862.191	  8.02969e+06
862.478	  8.02828e+06
862.765	  8.02686e+06
863.052	  8.02545e+06
863.339	  8.02403e+06
863.626	  8.02261e+06
863.913	  8.02118e+06
864.2	  8.01976e+06
864.487	  8.01834e+06
864.774	  8.01691e+06
865.061	  8.01549e+06
865.348	  8.01406e+06
865.635	  8.01263e+06
865.922	  8.0112e+06
866.209	  8.00977e+06
866.496	  8.00833e+06
866.783	  8.0069e+06
867.07	  8.00546e+06
867.357	  8.00403e+06
867.644	  8.00259e+06
867.931	  8.00115e+06
868.218	  7.99971e+06
868.505	  7.99827e+06
868.792	  7.99682e+06
869.079	  7.99538e+06
869.366	  7.99393e+06
869.653	  7.99249e+06
869.94	  7.99104e+06
870.227	  7.98959e+06
870.514	  7.98814e+06
870.801	  7.98669e+06
871.088	  7.98523e+06
871.375	  7.98378e+06
871.662	  7.98232e+06
871.949	  7.98087e+06
872.236	  7.97941e+06
872.523	  7.97795e+06
872.81	  7.97649e+06
873.097	  7.97503e+06
873.384	  7.97357e+06
873.671	  7.9721e+06
873.958	  7.97064e+06
874.245	  7.96917e+06
874.532	  7.9677e+06
874.819	  7.96624e+06
875.106	  7.96477e+06
875.393	  7.9633e+06
875.68	  7.96182e+06
875.967	  7.96035e+06
876.254	  7.95888e+06
876.541	  7.9574e+06
876.828	  7.95592e+06
877.115	  7.95444e+06
877.402	  7.95297e+06
877.689	  7.95149e+06
877.976	  7.95e+06
878.263	  7.94852e+06
878.55	  7.94704e+06
878.837	  7.94555e+06
879.124	  7.94407e+06
879.411	  7.94258e+06
879.698	  7.94109e+06
879.985	  7.9396e+06
880.272	  7.93811e+06
880.559	  7.93662e+06
880.846	  7.93513e+06
881.133	  7.93363e+06
881.42	  7.93214e+06
881.707	  7.93064e+06
881.994	  7.92914e+06
882.281	  7.92764e+06
882.568	  7.92614e+06
882.855	  7.92464e+06
883.142	  7.92314e+06
883.429	  7.92164e+06
883.716	  7.92013e+06
884.003	  7.91863e+06
884.29	  7.91712e+06
884.577	  7.91561e+06
884.864	  7.9141e+06
885.151	  7.9126e+06
885.438	  7.91108e+06
885.725	  7.90957e+06
886.012	  7.90806e+06
886.299	  7.90654e+06
886.586	  7.90503e+06
886.873	  7.90351e+06
887.16	  7.902e+06
887.447	  7.90048e+06
887.734	  7.89896e+06
888.021	  7.89744e+06
888.308	  7.89592e+06
888.595	  7.89439e+06
888.882	  7.89287e+06
889.169	  7.89134e+06
889.456	  7.88982e+06
889.743	  7.88829e+06
890.03	  7.88676e+06
890.317	  7.88523e+06
890.604	  7.8837e+06
890.891	  7.88217e+06
891.178	  7.88064e+06
891.465	  7.87911e+06
891.752	  7.87757e+06
892.039	  7.87604e+06
892.326	  7.8745e+06
892.613	  7.87296e+06
892.9	  7.87142e+06
893.187	  7.86988e+06
893.474	  7.86834e+06
893.761	  7.8668e+06
894.048	  7.86526e+06
894.335	  7.86371e+06
894.622	  7.86217e+06
894.909	  7.86062e+06
895.196	  7.85908e+06
895.483	  7.85753e+06
895.77	  7.85598e+06
896.057	  7.85443e+06
896.344	  7.85288e+06
896.631	  7.85133e+06
896.918	  7.84977e+06
897.205	  7.84822e+06
897.492	  7.84666e+06
897.779	  7.84511e+06
898.066	  7.84355e+06
898.353	  7.84199e+06
898.64	  7.84043e+06
898.927	  7.83887e+06
899.214	  7.83731e+06
899.501	  7.83575e+06
899.788	  7.83419e+06
900.075	  7.83262e+06
900.362	  7.83106e+06
900.649	  7.82949e+06
900.936	  7.82792e+06
901.223	  7.82636e+06
901.51	  7.82479e+06
901.797	  7.82322e+06
902.084	  7.82165e+06
902.371	  7.82008e+06
902.658	  7.8185e+06
902.945	  7.81693e+06
903.232	  7.81535e+06
903.519	  7.81378e+06
903.806	  7.8122e+06
904.093	  7.81062e+06
904.38	  7.80905e+06
904.667	  7.80747e+06
904.954	  7.80589e+06
905.241	  7.8043e+06
905.528	  7.80272e+06
905.815	  7.80114e+06
906.102	  7.79955e+06
906.389	  7.79797e+06
906.676	  7.79638e+06
906.963	  7.7948e+06
907.25	  7.79321e+06
907.537	  7.79162e+06
907.824	  7.79003e+06
908.111	  7.78844e+06
908.398	  7.78685e+06
908.685	  7.78526e+06
908.972	  7.78366e+06
909.259	  7.78207e+06
909.546	  7.78047e+06
909.833	  7.77888e+06
910.12	  7.77728e+06
910.407	  7.77568e+06
910.694	  7.77408e+06
910.981	  7.77248e+06
911.268	  7.77088e+06
911.555	  7.76928e+06
911.842	  7.76768e+06
912.129	  7.76607e+06
912.416	  7.76447e+06
912.703	  7.76286e+06
912.99	  7.76126e+06
913.277	  7.75965e+06
913.564	  7.75804e+06
913.851	  7.75643e+06
914.138	  7.75482e+06
914.425	  7.75321e+06
914.712	  7.7516e+06
914.999	  7.74999e+06
915.286	  7.74838e+06
915.573	  7.74676e+06
915.86	  7.74515e+06
916.147	  7.74353e+06
916.434	  7.74192e+06
916.721	  7.7403e+06
917.008	  7.73868e+06
917.295	  7.73706e+06
917.582	  7.73544e+06
917.869	  7.73382e+06
918.156	  7.7322e+06
918.443	  7.73058e+06
918.73	  7.72895e+06
919.017	  7.72733e+06
919.304	  7.7257e+06
919.591	  7.72408e+06
919.878	  7.72245e+06
920.165	  7.72082e+06
920.452	  7.71919e+06
920.739	  7.71756e+06
921.026	  7.71593e+06
921.313	  7.7143e+06
921.6	  7.71267e+06
921.887	  7.71104e+06
922.174	  7.7094e+06
922.461	  7.70777e+06
922.748	  7.70614e+06
923.035	  7.7045e+06
923.322	  7.70286e+06
923.609	  7.70122e+06
923.896	  7.69959e+06
924.183	  7.69795e+06
924.47	  7.69631e+06
924.757	  7.69467e+06
925.044	  7.69302e+06
925.331	  7.69138e+06
925.618	  7.68974e+06
925.905	  7.6881e+06
926.192	  7.68645e+06
926.479	  7.6848e+06
926.766	  7.68316e+06
927.053	  7.68151e+06
927.34	  7.67986e+06
927.627	  7.67821e+06
927.914	  7.67656e+06
928.201	  7.67491e+06
928.488	  7.67326e+06
928.775	  7.67161e+06
929.062	  7.66996e+06
929.349	  7.6683e+06
929.636	  7.66665e+06
929.923	  7.665e+06
930.21	  7.66334e+06
930.497	  7.66168e+06
930.784	  7.66003e+06
931.071	  7.65837e+06
931.358	  7.65671e+06
931.645	  7.65505e+06
931.932	  7.65339e+06
932.219	  7.65173e+06
932.506	  7.65007e+06
932.793	  7.6484e+06
933.08	  7.64674e+06
933.367	  7.64508e+06
933.654	  7.64341e+06
933.941	  7.64174e+06
934.228	  7.64008e+06
934.515	  7.63841e+06
934.802	  7.63674e+06
935.089	  7.63507e+06
935.376	  7.63341e+06
935.663	  7.63174e+06
935.95	  7.63006e+06
936.237	  7.62839e+06
936.524	  7.62672e+06
936.811	  7.62505e+06
937.098	  7.62337e+06
937.385	  7.6217e+06
937.672	  7.62002e+06
937.959	  7.61835e+06
938.246	  7.61667e+06
938.533	  7.61499e+06
938.82	  7.61332e+06
939.107	  7.61164e+06
939.394	  7.60996e+06
939.681	  7.60828e+06
939.968	  7.6066e+06
940.255	  7.60491e+06
940.542	  7.60323e+06
940.829	  7.60155e+06
941.116	  7.59987e+06
941.403	  7.59818e+06
941.69	  7.5965e+06
941.977	  7.59481e+06
942.264	  7.59312e+06
942.551	  7.59144e+06
942.838	  7.58975e+06
943.125	  7.58806e+06
943.412	  7.58637e+06
943.699	  7.58468e+06
943.986	  7.58299e+06
944.273	  7.5813e+06
944.56	  7.57961e+06
944.847	  7.57791e+06
945.134	  7.57622e+06
945.421	  7.57453e+06
945.708	  7.57283e+06
945.995	  7.57114e+06
946.282	  7.56944e+06
946.569	  7.56774e+06
946.856	  7.56605e+06
947.143	  7.56435e+06
947.43	  7.56265e+06
947.717	  7.56095e+06
948.004	  7.55925e+06
948.291	  7.55755e+06
948.578	  7.55585e+06
948.865	  7.55415e+06
949.152	  7.55244e+06
949.439	  7.55074e+06
949.726	  7.54904e+06
950.013	  7.54733e+06
950.3	  7.54563e+06
950.587	  7.54392e+06
950.874	  7.54221e+06
951.161	  7.54051e+06
951.448	  7.5388e+06
951.735	  7.53709e+06
952.022	  7.53538e+06
952.309	  7.53367e+06
952.596	  7.53196e+06
952.883	  7.53025e+06
953.17	  7.52854e+06
953.457	  7.52683e+06
953.744	  7.52511e+06
954.031	  7.5234e+06
954.318	  7.52169e+06
954.605	  7.51997e+06
954.892	  7.51826e+06
955.179	  7.51654e+06
955.466	  7.51482e+06
955.753	  7.51311e+06
956.04	  7.51139e+06
956.327	  7.50967e+06
956.614	  7.50795e+06
956.901	  7.50623e+06
957.188	  7.50451e+06
957.475	  7.50279e+06
957.762	  7.50107e+06
958.049	  7.49935e+06
958.336	  7.49763e+06
958.623	  7.4959e+06
958.91	  7.49418e+06
959.197	  7.49245e+06
959.484	  7.49073e+06
959.771	  7.489e+06
960.058	  7.48728e+06
960.345	  7.48555e+06
960.632	  7.48382e+06
960.919	  7.4821e+06
961.206	  7.48037e+06
961.493	  7.47864e+06
961.78	  7.47691e+06
962.067	  7.47518e+06
962.354	  7.47345e+06
962.641	  7.47172e+06
962.928	  7.46998e+06
963.215	  7.46825e+06
963.502	  7.46652e+06
963.789	  7.46478e+06
964.076	  7.46305e+06
964.363	  7.46132e+06
964.65	  7.45958e+06
964.937	  7.45784e+06
965.224	  7.45611e+06
965.511	  7.45437e+06
965.798	  7.45263e+06
966.085	  7.4509e+06
966.372	  7.44916e+06
966.659	  7.44742e+06
966.946	  7.44568e+06
967.233	  7.44394e+06
967.52	  7.4422e+06
967.807	  7.44046e+06
968.094	  7.43871e+06
968.381	  7.43697e+06
968.668	  7.43523e+06
968.955	  7.43348e+06
969.242	  7.43174e+06
969.529	  7.43e+06
969.816	  7.42825e+06
970.103	  7.4265e+06
970.39	  7.42476e+06
970.677	  7.42301e+06
970.964	  7.42126e+06
971.251	  7.41952e+06
971.538	  7.41777e+06
971.825	  7.41602e+06
972.112	  7.41427e+06
972.399	  7.41252e+06
972.686	  7.41077e+06
972.973	  7.40902e+06
973.26	  7.40727e+06
973.547	  7.40552e+06
973.834	  7.40376e+06
974.121	  7.40201e+06
974.408	  7.40026e+06
974.695	  7.3985e+06
974.982	  7.39675e+06
975.269	  7.39499e+06
975.556	  7.39324e+06
975.843	  7.39148e+06
976.13	  7.38973e+06
976.417	  7.38797e+06
976.704	  7.38621e+06
976.991	  7.38445e+06
977.278	  7.38269e+06
977.565	  7.38094e+06
977.852	  7.37918e+06
978.139	  7.37742e+06
978.426	  7.37566e+06
978.713	  7.37389e+06
979	  7.37213e+06
979.287	  7.37037e+06
979.574	  7.36861e+06
979.861	  7.36685e+06
980.148	  7.36508e+06
980.435	  7.36332e+06
980.722	  7.36155e+06
981.009	  7.35979e+06
981.296	  7.35802e+06
981.583	  7.35626e+06
981.87	  7.35449e+06
982.157	  7.35273e+06
982.444	  7.35096e+06
982.731	  7.34919e+06
983.018	  7.34742e+06
983.305	  7.34565e+06
983.592	  7.34389e+06
983.879	  7.34212e+06
984.166	  7.34035e+06
984.453	  7.33858e+06
984.74	  7.33681e+06
985.027	  7.33503e+06
985.314	  7.33326e+06
985.601	  7.33149e+06
985.888	  7.32972e+06
986.175	  7.32794e+06
986.462	  7.32617e+06
986.749	  7.3244e+06
987.036	  7.32262e+06
987.323	  7.32085e+06
987.61	  7.31907e+06
987.897	  7.3173e+06
988.184	  7.31552e+06
988.471	  7.31374e+06
988.758	  7.31197e+06
989.045	  7.31019e+06
989.332	  7.30841e+06
989.619	  7.30663e+06
989.906	  7.30485e+06
990.193	  7.30308e+06
990.48	  7.3013e+06
990.767	  7.29952e+06
991.054	  7.29774e+06
991.341	  7.29595e+06
991.628	  7.29417e+06
991.915	  7.29239e+06
992.202	  7.29061e+06
992.489	  7.28883e+06
992.776	  7.28704e+06
993.063	  7.28526e+06
993.35	  7.28348e+06
993.637	  7.28169e+06
993.924	  7.27991e+06
994.211	  7.27812e+06
994.498	  7.27634e+06
994.785	  7.27455e+06
995.072	  7.27277e+06
995.359	  7.27098e+06
995.646	  7.26919e+06
995.933	  7.2674e+06
996.22	  7.26562e+06
996.507	  7.26383e+06
996.794	  7.26204e+06
997.081	  7.26025e+06
997.368	  7.25846e+06
997.655	  7.25667e+06
997.942	  7.25488e+06
998.229	  7.25309e+06
998.516	  7.2513e+06
998.803	  7.24951e+06
999.09	  7.24772e+06
999.377	  7.24592e+06
999.664	  7.24413e+06
999.951	  7.24234e+06
1000.24	  7.24055e+06
1000.52	  7.23875e+06
1000.81	  7.23696e+06
1001.1	  7.23516e+06
1001.39	  7.23337e+06
1001.67	  7.23157e+06
1001.96	  7.22978e+06
1002.25	  7.22798e+06
1002.53	  7.22619e+06
1002.82	  7.22439e+06
1003.11	  7.22259e+06
1003.39	  7.2208e+06
1003.68	  7.219e+06
1003.97	  7.2172e+06
1004.26	  7.2154e+06
1004.54	  7.2136e+06
1004.83	  7.2118e+06
1005.12	  7.21e+06
1005.4	  7.2082e+06
1005.69	  7.2064e+06
1005.98	  7.2046e+06
1006.26	  7.2028e+06
1006.55	  7.201e+06
1006.84	  7.1992e+06
1007.13	  7.1974e+06
1007.41	  7.19559e+06
1007.7	  7.19379e+06
1007.99	  7.19199e+06
1008.27	  7.19019e+06
1008.56	  7.18838e+06
1008.85	  7.18658e+06
1009.13	  7.18477e+06
1009.42	  7.18297e+06
1009.71	  7.18116e+06
1010	  7.17936e+06
1010.28	  7.17755e+06
1010.57	  7.17575e+06
1010.86	  7.17394e+06
1011.14	  7.17213e+06
1011.43	  7.17033e+06
1011.72	  7.16852e+06
1012	  7.16671e+06
1012.29	  7.1649e+06
1012.58	  7.16309e+06
1012.87	  7.16129e+06
1013.15	  7.15948e+06
1013.44	  7.15767e+06
1013.73	  7.15586e+06
1014.01	  7.15405e+06
1014.3	  7.15224e+06
1014.59	  7.15043e+06
1014.88	  7.14862e+06
1015.16	  7.1468e+06
1015.45	  7.14499e+06
1015.74	  7.14318e+06
1016.02	  7.14137e+06
1016.31	  7.13956e+06
1016.6	  7.13774e+06
1016.88	  7.13593e+06
1017.17	  7.13412e+06
1017.46	  7.1323e+06
1017.75	  7.13049e+06
1018.03	  7.12868e+06
1018.32	  7.12686e+06
1018.61	  7.12505e+06
1018.89	  7.12323e+06
1019.18	  7.12142e+06
1019.47	  7.1196e+06
1019.98	  7.11639e+06
1021.08	  7.10942e+06
1022.17	  7.10245e+06
1023.27	  7.09548e+06
1024.38	  7.0885e+06
1025.47	  7.08152e+06
1026.58	  7.07454e+06
1027.67	  7.06755e+06
1028.78	  7.06056e+06
1029.88	  7.05356e+06
1030.97	  7.04656e+06
1032.08	  7.03956e+06
1033.17	  7.03255e+06
1034.28	  7.02554e+06
1035.38	  7.01853e+06
1036.47	  7.01151e+06
1037.58	  7.00449e+06
1038.67	  6.99747e+06
1039.78	  6.99044e+06
1040.88	  6.98341e+06
1041.97	  6.97638e+06
1043.08	  6.96934e+06
1044.17	  6.96231e+06
1045.28	  6.95526e+06
1046.38	  6.94822e+06
1047.47	  6.94117e+06
1048.58	  6.93412e+06
1049.67	  6.92707e+06
1050.78	  6.92002e+06
1051.88	  6.91296e+06
1052.97	  6.9059e+06
1054.08	  6.89884e+06
1055.17	  6.89177e+06
1056.28	  6.88471e+06
1057.38	  6.87764e+06
1058.47	  6.87057e+06
1059.58	  6.86349e+06
1060.67	  6.85642e+06
1061.78	  6.84934e+06
1062.88	  6.84226e+06
1063.97	  6.83518e+06
1065.08	  6.8281e+06
1066.17	  6.82101e+06
1067.28	  6.81392e+06
1068.38	  6.80684e+06
1069.47	  6.79975e+06
1070.58	  6.79265e+06
1071.67	  6.78556e+06
1072.78	  6.77847e+06
1073.88	  6.77137e+06
1074.97	  6.76427e+06
1076.08	  6.75718e+06
1077.17	  6.75008e+06
1078.28	  6.74297e+06
1079.38	  6.73587e+06
1080.47	  6.72877e+06
1081.58	  6.72167e+06
1082.67	  6.71456e+06
1083.78	  6.70745e+06
1084.88	  6.70035e+06
1085.97	  6.69324e+06
1087.08	  6.68613e+06
1088.17	  6.67902e+06
1089.28	  6.67191e+06
1090.38	  6.6648e+06
1091.47	  6.65769e+06
1092.58	  6.65058e+06
1093.67	  6.64346e+06
1094.78	  6.63635e+06
1095.88	  6.62924e+06
1096.97	  6.62212e+06
1098.08	  6.61501e+06
1099.17	  6.6079e+06
1100.28	  6.60078e+06
1101.38	  6.59367e+06
1102.47	  6.58655e+06
1103.58	  6.57944e+06
1104.67	  6.57232e+06
1105.78	  6.56521e+06
1106.88	  6.55809e+06
1107.97	  6.55097e+06
1109.08	  6.54386e+06
1110.17	  6.53674e+06
1111.28	  6.52963e+06
1112.38	  6.52252e+06
1113.47	  6.5154e+06
1114.58	  6.50829e+06
1115.67	  6.50117e+06
1116.78	  6.49406e+06
1117.88	  6.48695e+06
1118.97	  6.47984e+06
1120.08	  6.47272e+06
1121.17	  6.46561e+06
1122.28	  6.4585e+06
1123.38	  6.45139e+06
1124.47	  6.44428e+06
1125.58	  6.43718e+06
1126.67	  6.43007e+06
1127.78	  6.42296e+06
1128.88	  6.41586e+06
1129.97	  6.40875e+06
1131.08	  6.40165e+06
1132.17	  6.39454e+06
1133.28	  6.38744e+06
1134.38	  6.38034e+06
1135.47	  6.37324e+06
1136.58	  6.36614e+06
1137.67	  6.35904e+06
1138.78	  6.35195e+06
1139.88	  6.34485e+06
1140.97	  6.33776e+06
1142.08	  6.33066e+06
1143.17	  6.32357e+06
1144.28	  6.31648e+06
1145.38	  6.30939e+06
1146.47	  6.30231e+06
1147.58	  6.29522e+06
1148.67	  6.28814e+06
1149.78	  6.28105e+06
1150.88	  6.27397e+06
1151.97	  6.26689e+06
1153.08	  6.25981e+06
1154.17	  6.25274e+06
1155.28	  6.24566e+06
1156.38	  6.23859e+06
1157.47	  6.23152e+06
1158.58	  6.22445e+06
1159.67	  6.21738e+06
1160.78	  6.21032e+06
1161.88	  6.20325e+06
1162.97	  6.19619e+06
1164.08	  6.18913e+06
1165.17	  6.18207e+06
1166.28	  6.17502e+06
1167.38	  6.16796e+06
1168.47	  6.16091e+06
1169.58	  6.15386e+06
1170.67	  6.14682e+06
1171.78	  6.13977e+06
1172.88	  6.13273e+06
1173.97	  6.12569e+06
1175.08	  6.11865e+06
1176.17	  6.11161e+06
1177.28	  6.10458e+06
1178.38	  6.09755e+06
1179.47	  6.09052e+06
1180.58	  6.08349e+06
1181.67	  6.07647e+06
1182.78	  6.06945e+06
1183.88	  6.06243e+06
1184.97	  6.05541e+06
1186.08	  6.0484e+06
1187.17	  6.04139e+06
1188.28	  6.03438e+06
1189.38	  6.02737e+06
1190.47	  6.02037e+06
1191.58	  6.01337e+06
1192.67	  6.00637e+06
1193.78	  5.99937e+06
1194.88	  5.99238e+06
1195.97	  5.98539e+06
1197.08	  5.97841e+06
1198.17	  5.97142e+06
1199.28	  5.96444e+06
1200.38	  5.95746e+06
1201.47	  5.95049e+06
1202.58	  5.94352e+06
1203.67	  5.93655e+06
1204.78	  5.92958e+06
1205.88	  5.92262e+06
1206.97	  5.91566e+06
1208.08	  5.9087e+06
1209.17	  5.90175e+06
1210.28	  5.8948e+06
1211.38	  5.88785e+06
1212.47	  5.8809e+06
1213.58	  5.87396e+06
1214.67	  5.86702e+06
1215.78	  5.86009e+06
1216.88	  5.85316e+06
1217.97	  5.84623e+06
1219.08	  5.83931e+06
1220.17	  5.83238e+06
1221.28	  5.82547e+06
1222.38	  5.81855e+06
1223.47	  5.81164e+06
1224.58	  5.80473e+06
1225.67	  5.79783e+06
1226.78	  5.79093e+06
1227.88	  5.78403e+06
1228.97	  5.77714e+06
1230.08	  5.77025e+06
1231.17	  5.76336e+06
1232.28	  5.75648e+06
1233.38	  5.7496e+06
1234.47	  5.74272e+06
1235.58	  5.73585e+06
1236.67	  5.72898e+06
1237.78	  5.72212e+06
1238.88	  5.71526e+06
1239.97	  5.7084e+06
1241.08	  5.70155e+06
1242.17	  5.6947e+06
1243.28	  5.68785e+06
1244.38	  5.68101e+06
1245.47	  5.67417e+06
1246.58	  5.66734e+06
1247.67	  5.66051e+06
1248.78	  5.65368e+06
1249.88	  5.64686e+06
1250.97	  5.64004e+06
1252.08	  5.63323e+06
1253.17	  5.62642e+06
1254.28	  5.61961e+06
1255.38	  5.61281e+06
1256.47	  5.60601e+06
1257.58	  5.59921e+06
1258.67	  5.59242e+06
1259.78	  5.58564e+06
1260.88	  5.57885e+06
1261.97	  5.57208e+06
1263.08	  5.5653e+06
1264.17	  5.55853e+06
1265.28	  5.55177e+06
1266.38	  5.54501e+06
1267.47	  5.53825e+06
1268.58	  5.5315e+06
1269.67	  5.52475e+06
1270.78	  5.518e+06
1271.88	  5.51126e+06
1272.97	  5.50453e+06
1274.08	  5.49779e+06
1275.17	  5.49107e+06
1276.28	  5.48434e+06
1277.38	  5.47763e+06
1278.47	  5.47091e+06
1279.58	  5.4642e+06
1280.67	  5.4575e+06
1281.78	  5.4508e+06
1282.88	  5.4441e+06
1283.97	  5.43741e+06
1285.08	  5.43072e+06
1286.17	  5.42404e+06
1287.28	  5.41736e+06
1288.38	  5.41068e+06
1289.47	  5.40402e+06
1290.58	  5.39735e+06
1291.67	  5.39069e+06
1292.78	  5.38403e+06
1293.88	  5.37738e+06
1294.97	  5.37074e+06
1296.08	  5.36409e+06
1297.17	  5.35746e+06
1298.28	  5.35082e+06
1299.38	  5.3442e+06
1300.47	  5.33757e+06
1301.58	  5.33095e+06
1302.67	  5.32434e+06
1303.78	  5.31773e+06
1304.88	  5.31113e+06
1305.97	  5.30453e+06
1307.08	  5.29793e+06
1308.17	  5.29134e+06
1309.28	  5.28476e+06
1310.38	  5.27818e+06
1311.47	  5.2716e+06
1312.58	  5.26503e+06
1313.67	  5.25846e+06
1314.78	  5.2519e+06
1315.88	  5.24535e+06
1316.97	  5.23879e+06
1318.08	  5.23225e+06
1319.17	  5.22571e+06
1320.28	  5.21917e+06
1321.38	  5.21264e+06
1322.47	  5.20611e+06
1323.58	  5.19959e+06
1324.67	  5.19307e+06
1325.78	  5.18656e+06
1326.88	  5.18005e+06
1327.97	  5.17355e+06
1329.08	  5.16705e+06
1330.17	  5.16056e+06
1331.28	  5.15407e+06
1332.38	  5.14759e+06
1333.47	  5.14111e+06
1334.58	  5.13464e+06
1335.67	  5.12817e+06
1336.78	  5.12171e+06
1337.88	  5.11525e+06
1338.97	  5.1088e+06
1340.08	  5.10236e+06
1341.17	  5.09591e+06
1342.28	  5.08948e+06
1343.38	  5.08305e+06
1344.47	  5.07662e+06
1345.58	  5.0702e+06
1346.67	  5.06378e+06
1347.78	  5.05737e+06
1348.88	  5.05097e+06
1349.97	  5.04457e+06
1351.08	  5.03817e+06
1352.17	  5.03178e+06
1353.28	  5.0254e+06
1354.38	  5.01902e+06
1355.47	  5.01265e+06
1356.58	  5.00628e+06
1357.67	  4.99991e+06
1358.78	  4.99355e+06
1359.88	  4.9872e+06
1360.97	  4.98085e+06
1362.08	  4.97451e+06
1363.17	  4.96817e+06
1364.28	  4.96184e+06
1365.38	  4.95552e+06
1366.47	  4.9492e+06
1367.58	  4.94288e+06
1368.67	  4.93657e+06
1369.78	  4.93026e+06
1370.88	  4.92396e+06
1371.97	  4.91767e+06
1373.08	  4.91138e+06
1374.17	  4.9051e+06
1375.28	  4.89882e+06
1376.38	  4.89255e+06
1377.47	  4.88628e+06
1378.58	  4.88002e+06
1379.67	  4.87376e+06
1380.78	  4.86751e+06
1381.88	  4.86126e+06
1382.97	  4.85502e+06
1384.08	  4.84879e+06
1385.17	  4.84256e+06
1386.28	  4.83634e+06
1387.38	  4.83012e+06
1388.47	  4.8239e+06
1389.58	  4.8177e+06
1390.67	  4.81149e+06
1391.78	  4.8053e+06
1392.88	  4.79911e+06
1393.97	  4.79292e+06
1395.08	  4.78674e+06
1396.17	  4.78057e+06
1397.28	  4.7744e+06
1398.38	  4.76824e+06
1399.47	  4.76208e+06
1400.58	  4.75593e+06
1401.67	  4.74978e+06
1402.78	  4.74364e+06
1403.88	  4.7375e+06
1404.97	  4.73137e+06
1406.08	  4.72525e+06
1407.17	  4.71913e+06
1408.28	  4.71302e+06
1409.38	  4.70691e+06
1410.47	  4.70081e+06
1411.58	  4.69471e+06
1412.67	  4.68862e+06
1413.78	  4.68254e+06
1414.88	  4.67646e+06
1415.97	  4.67038e+06
1417.08	  4.66432e+06
1418.17	  4.65825e+06
1419.28	  4.6522e+06
1420.38	  4.64615e+06
1421.47	  4.6401e+06
1422.58	  4.63406e+06
1423.67	  4.62803e+06
1424.78	  4.622e+06
1425.88	  4.61597e+06
1426.97	  4.60996e+06
1428.08	  4.60395e+06
1429.17	  4.59794e+06
1430.28	  4.59194e+06
1431.38	  4.58595e+06
1432.47	  4.57996e+06
1433.58	  4.57397e+06
1434.67	  4.568e+06
1435.78	  4.56203e+06
1436.88	  4.55606e+06
1437.97	  4.5501e+06
1439.08	  4.54415e+06
1440.17	  4.5382e+06
1441.28	  4.53226e+06
1442.38	  4.52632e+06
1443.47	  4.52039e+06
1444.58	  4.51446e+06
1445.67	  4.50854e+06
1446.78	  4.50263e+06
1447.88	  4.49672e+06
1448.97	  4.49082e+06
1450.08	  4.48492e+06
1451.17	  4.47903e+06
1452.28	  4.47315e+06
1453.38	  4.46727e+06
1454.47	  4.46139e+06
1455.58	  4.45553e+06
1456.67	  4.44966e+06
1457.78	  4.44381e+06
1458.88	  3.10722e+06
1459.97	  3.10381e+06
1461.08	  3.10039e+06
1462.17	  3.09698e+06
1463.28	  3.09358e+06
1464.38	  3.09017e+06
1465.47	  3.08677e+06
1466.58	  3.08338e+06
1467.67	  3.07998e+06
1468.78	  3.07659e+06
1469.88	  3.0732e+06
1470.97	  3.06982e+06
1472.08	  3.06643e+06
1473.17	  3.06306e+06
1474.28	  3.05968e+06
1475.38	  3.05631e+06
1476.47	  3.05294e+06
1477.58	  3.04957e+06
1478.67	  3.04621e+06
1479.78	  3.04284e+06
1480.88	  3.03949e+06
1481.97	  3.03613e+06
1483.08	  3.03278e+06
1484.17	  3.02943e+06
1485.28	  3.02609e+06
1486.38	  3.02274e+06
1487.47	  3.0194e+06
1488.58	  3.01607e+06
1489.67	  3.01273e+06
1490.78	  3.0094e+06
1491.88	  3.00608e+06
1492.97	  3.00275e+06
1494.08	  2.99943e+06
1495.17	  2.99611e+06
1496.28	  2.9928e+06
1497.38	  2.98948e+06
1498.47	  2.98618e+06
1499.58	  2.98287e+06
1500.67	  2.97957e+06
1501.78	  2.97627e+06
1502.88	  2.97297e+06
1503.97	  2.96968e+06
1505.08	  2.96639e+06
1506.17	  2.9631e+06
1507.28	  2.95981e+06
1508.38	  2.95653e+06
1509.47	  2.95325e+06
1510.58	  2.94998e+06
1511.67	  2.94671e+06
1512.78	  2.94344e+06
1513.88	  2.94017e+06
1514.97	  2.93691e+06
1516.08	  2.93365e+06
1517.17	  2.93039e+06
1518.28	  2.92714e+06
1519.38	  2.92389e+06
1520.47	  2.92064e+06
1521.58	  2.91739e+06
1522.67	  2.91415e+06
1523.78	  2.91091e+06
1524.88	  2.90768e+06
1525.97	  2.90445e+06
1527.08	  2.90122e+06
1528.17	  2.89799e+06
1529.28	  2.89477e+06
1530.38	  2.89155e+06
1531.47	  2.88833e+06
1532.58	  2.88512e+06
1533.67	  2.8819e+06
1534.78	  2.8787e+06
1535.88	  2.87549e+06
1536.97	  2.87229e+06
1538.08	  2.86909e+06
1539.17	  2.8659e+06
1540.28	  2.8627e+06
1541.38	  2.85951e+06
1542.47	  2.85633e+06
1543.58	  2.85314e+06
1544.67	  2.84996e+06
1545.78	  2.84679e+06
1546.88	  2.84361e+06
1547.97	  2.84044e+06
1549.08	  2.83727e+06
1550.17	  2.83411e+06
1551.28	  2.83095e+06
1552.38	  2.82779e+06
1553.47	  2.82463e+06
1554.58	  2.82148e+06
1555.67	  2.81833e+06
1556.78	  2.81519e+06
1557.88	  2.81204e+06
1558.97	  2.8089e+06
1560.08	  2.80577e+06
1561.17	  2.80263e+06
1562.28	  2.7995e+06
1563.38	  2.79637e+06
1564.47	  2.79325e+06
1565.58	  2.79013e+06
1566.67	  2.78701e+06
1567.78	  2.78389e+06
1568.88	  2.78078e+06
1569.97	  2.77767e+06
1571.08	  2.77457e+06
1572.17	  2.77146e+06
1573.28	  2.76836e+06
1574.38	  2.76527e+06
1575.47	  2.76217e+06
1576.58	  2.75908e+06
1577.67	  2.756e+06
1578.78	  2.75291e+06
1579.88	  2.74983e+06
1580.97	  2.74675e+06
1582.08	  2.74368e+06
1583.17	  2.74061e+06
1584.28	  2.73754e+06
1585.38	  2.73447e+06
1586.47	  2.73141e+06
1587.58	  2.72835e+06
1588.67	  2.72529e+06
1589.78	  2.72224e+06
1590.88	  2.71919e+06
1591.97	  2.71614e+06
1593.08	  2.7131e+06
1594.17	  2.71006e+06
1595.28	  2.70702e+06
1596.38	  2.70399e+06
1597.47	  2.70096e+06
1598.58	  2.69793e+06
1599.67	  2.6949e+06
1600.78	  2.69188e+06
1601.88	  2.68886e+06
1602.97	  2.68585e+06
1604.08	  2.68284e+06
1605.17	  2.67983e+06
1606.28	  2.67682e+06
1607.38	  2.67382e+06
1608.47	  2.67082e+06
1609.58	  2.66782e+06
1610.67	  2.66483e+06
1611.78	  2.66184e+06
1612.88	  2.65885e+06
1613.97	  2.65587e+06
1615.08	  2.65289e+06
1616.17	  2.64991e+06
1617.28	  2.64694e+06
1618.38	  2.64397e+06
1619.47	  2.641e+06
1620.58	  2.63804e+06
1621.67	  2.63508e+06
1622.78	  2.63212e+06
1623.88	  2.62917e+06
1624.97	  2.62622e+06
1626.08	  2.62327e+06
1627.17	  2.62032e+06
1628.28	  2.61738e+06
1629.38	  2.61445e+06
1630.47	  2.61151e+06
1631.58	  2.60858e+06
1632.67	  2.60566e+06
1633.78	  2.60273e+06
1634.88	  2.59981e+06
1635.97	  2.5969e+06
1637.08	  2.59399e+06
1638.17	  2.59108e+06
1639.28	  2.58818e+06
1640.38	  2.58528e+06
1641.47	  2.58238e+06
1642.58	  2.5795e+06
1643.67	  2.57661e+06
1644.78	  2.57373e+06
1645.88	  2.57085e+06
1646.97	  2.56798e+06
1648.08	  2.5651e+06
1649.17	  2.56223e+06
1650.28	  2.55936e+06
1651.38	  2.5565e+06
1652.47	  2.55363e+06
1653.58	  2.55077e+06
1654.67	  2.54791e+06
1655.78	  2.54506e+06
1656.88	  2.5422e+06
1657.97	  2.53935e+06
1659.08	  2.5365e+06
1660.17	  2.53365e+06
1661.28	  2.53081e+06
1662.38	  2.52797e+06
1663.47	  2.52513e+06
1664.58	  2.52229e+06
1665.67	  2.51945e+06
1666.78	  2.51662e+06
1667.88	  2.51379e+06
1668.97	  2.51096e+06
1670.08	  2.50814e+06
1671.17	  2.50532e+06
1672.28	  2.5025e+06
1673.38	  2.49968e+06
1674.47	  2.49686e+06
1675.58	  2.49405e+06
1676.67	  2.49124e+06
1677.78	  2.48843e+06
1678.88	  2.48563e+06
1679.97	  2.48283e+06
1681.08	  2.48002e+06
1682.17	  2.47723e+06
1683.28	  2.47443e+06
1684.38	  2.47164e+06
1685.47	  2.46885e+06
1686.58	  2.46606e+06
1687.67	  2.46327e+06
1688.78	  2.46049e+06
1689.88	  2.45771e+06
1690.97	  2.45493e+06
1692.08	  2.45215e+06
1693.17	  2.44938e+06
1694.28	  2.44661e+06
1695.38	  2.44384e+06
1696.47	  2.44108e+06
1697.58	  2.43831e+06
1698.67	  2.43555e+06
1699.78	  2.43279e+06
1700.88	  2.43004e+06
1701.97	  2.42728e+06
1703.08	  2.42453e+06
1704.17	  2.42178e+06
1705.28	  2.41904e+06
1706.38	  2.41629e+06
1707.47	  2.41355e+06
1708.58	  2.41081e+06
1709.67	  2.40807e+06
1710.78	  2.40534e+06
1711.88	  2.40261e+06
1712.97	  2.39988e+06
1714.08	  2.39715e+06
1715.17	  2.39443e+06
1716.28	  2.39171e+06
1717.38	  2.38899e+06
1718.47	  2.38627e+06
1719.58	  2.38356e+06
1720.67	  2.38085e+06
1721.78	  2.37814e+06
1722.88	  2.37543e+06
1723.97	  2.37272e+06
1725.08	  2.37002e+06
1726.17	  2.36732e+06
1727.28	  2.36463e+06
1728.38	  2.36193e+06
1729.47	  2.35924e+06
1730.58	  2.35655e+06
1731.67	  2.35386e+06
1732.78	  2.35118e+06
1733.88	  2.3485e+06
1734.97	  2.34582e+06
1736.08	  2.34314e+06
1737.17	  2.34046e+06
1738.28	  2.33779e+06
1739.38	  2.33512e+06
1740.47	  2.33246e+06
1741.58	  2.32979e+06
1742.67	  2.32713e+06
1743.78	  2.32447e+06
1744.88	  2.32181e+06
1745.97	  2.31916e+06
1747.08	  2.3165e+06
1748.17	  2.31385e+06
1749.28	  2.31121e+06
1750.38	  2.30856e+06
1751.47	  2.30592e+06
1752.58	  2.30328e+06
1753.67	  2.30064e+06
1754.78	  2.298e+06
1755.88	  2.29537e+06
1756.97	  2.29274e+06
1758.08	  2.29011e+06
1759.17	  2.28749e+06
1760.28	  2.28487e+06
1761.38	  2.28225e+06
1762.47	  2.27963e+06
1763.58	  2.27701e+06
1764.67	  2.2744e+06
1765.78	  2.27179e+06
1766.88	  2.26918e+06
1767.97	  2.26657e+06
1769.08	  2.26397e+06
1770.17	  2.26137e+06
1771.28	  2.25877e+06
1772.38	  2.25618e+06
1773.47	  2.25358e+06
1774.58	  2.25099e+06
1775.67	  2.2484e+06
1776.78	  2.24582e+06
1777.88	  2.24324e+06
1778.97	  2.24065e+06
1780.08	  2.23808e+06
1781.17	  2.2355e+06
1782.28	  2.23293e+06
1783.38	  2.23036e+06
1784.47	  2.22779e+06
1785.58	  2.22522e+06
1786.67	  2.22266e+06
1787.78	  2.2201e+06
1788.88	  2.21754e+06
1789.97	  2.21498e+06
1791.08	  2.21243e+06
1792.17	  2.20988e+06
1793.28	  2.20733e+06
1794.38	  2.20478e+06
1795.47	  2.20224e+06
1796.58	  2.1997e+06
1797.67	  2.19716e+06
1798.78	  2.19462e+06
1799.88	  2.19209e+06
1800.97	  2.18955e+06
1802.08	  2.18702e+06
1803.17	  2.1845e+06
1804.28	  2.18197e+06
1805.38	  2.17945e+06
1806.47	  2.17693e+06
1807.58	  2.17442e+06
1808.67	  2.1719e+06
1809.78	  2.16939e+06
1810.88	  2.16688e+06
1811.97	  2.16437e+06
1813.08	  2.16187e+06
1814.17	  2.15937e+06
1815.28	  2.15687e+06
1816.38	  2.15437e+06
1817.47	  2.15187e+06
1818.58	  2.14938e+06
1819.67	  2.14689e+06
1820.78	  2.1444e+06
1821.88	  2.14192e+06
1822.97	  2.13944e+06
1824.08	  2.13696e+06
1825.17	  2.13448e+06
1826.28	  2.132e+06
1827.38	  2.12953e+06
1828.47	  2.12706e+06
1829.58	  2.12459e+06
1830.67	  2.12213e+06
1831.78	  2.11966e+06
1832.88	  2.1172e+06
1833.97	  2.11474e+06
1835.08	  2.11229e+06
1836.17	  2.10983e+06
1837.28	  2.10738e+06
1838.38	  2.10494e+06
1839.47	  2.10249e+06
1840.58	  2.10005e+06
1841.67	  2.0976e+06
1842.78	  2.09517e+06
1843.88	  2.09273e+06
1844.97	  2.0903e+06
1846.08	  2.08786e+06
1847.17	  2.08544e+06
1848.28	  2.08301e+06
1849.38	  2.08058e+06
1850.47	  2.07816e+06
1851.58	  2.07574e+06
1852.67	  2.07333e+06
1853.78	  2.07091e+06
1854.88	  2.0685e+06
1855.97	  2.06609e+06
1857.08	  2.06368e+06
1858.17	  2.06128e+06
1859.28	  2.05888e+06
1860.38	  2.05648e+06
1861.47	  2.05408e+06
1862.58	  2.05168e+06
1863.67	  2.04929e+06
1864.78	  2.0469e+06
1865.88	  2.04451e+06
1866.97	  2.04213e+06
1868.08	  2.03974e+06
1869.17	  2.03736e+06
1870.28	  2.03499e+06
1871.38	  2.03261e+06
1872.47	  2.03024e+06
1873.58	  2.02787e+06
1874.67	  2.0255e+06
1875.78	  2.02313e+06
1876.88	  2.02077e+06
1877.97	  2.01841e+06
1879.08	  2.01605e+06
1880.17	  2.01369e+06
1881.28	  2.01134e+06
1882.38	  2.00899e+06
1883.47	  2.00664e+06
1884.58	  2.00429e+06
1885.67	  2.00194e+06
1886.78	  1.9996e+06
1887.88	  1.99726e+06
1888.97	  1.99493e+06
1890.08	  1.99259e+06
1891.17	  1.99026e+06
1892.28	  1.98793e+06
1893.38	  1.9856e+06
1894.47	  1.98327e+06
1895.58	  1.98095e+06
1896.67	  1.97863e+06
1897.78	  1.97631e+06
1898.88	  1.974e+06
1899.97	  1.97168e+06
1901.08	  1.96937e+06
1902.17	  1.96706e+06
1903.28	  1.96476e+06
1904.38	  1.96245e+06
1905.47	  1.96015e+06
1906.58	  1.95785e+06
1907.67	  1.95556e+06
1908.78	  1.95326e+06
1909.88	  1.95097e+06
1910.97	  1.94868e+06
1912.08	  1.94639e+06
1913.17	  1.94411e+06
1914.28	  1.94183e+06
1915.38	  1.93954e+06
1916.47	  1.93727e+06
1917.58	  1.93499e+06
1918.67	  1.93272e+06
1919.78	  1.93045e+06
1920.88	  1.92818e+06
1921.97	  1.92591e+06
1923.08	  1.92365e+06
1924.17	  1.92139e+06
1925.28	  1.91913e+06
1926.38	  1.91687e+06
1927.47	  1.91462e+06
1928.58	  1.91237e+06
1929.67	  1.91012e+06
1930.78	  1.90787e+06
1931.88	  1.90563e+06
1932.97	  1.90338e+06
1934.08	  1.90114e+06
1935.17	  1.89891e+06
1936.28	  1.89667e+06
1937.38	  1.89444e+06
1938.47	  1.89221e+06
1939.58	  1.88998e+06
1940.67	  1.88775e+06
1941.78	  1.88553e+06
1942.88	  1.88331e+06
1943.97	  1.88109e+06
1945.08	  1.87887e+06
1946.17	  1.87666e+06
1947.28	  1.87444e+06
1948.38	  1.87224e+06
1949.47	  1.87003e+06
1950.58	  1.86782e+06
1951.67	  1.86562e+06
1952.78	  1.86342e+06
1953.88	  1.86122e+06
1954.97	  1.85903e+06
1956.08	  1.85683e+06
1957.17	  1.85464e+06
1958.28	  1.85245e+06
1959.38	  1.85027e+06
1960.47	  1.84808e+06
1961.58	  1.8459e+06
1962.67	  1.84372e+06
1963.78	  1.84154e+06
1964.88	  1.83937e+06
1965.97	  1.8372e+06
1967.08	  1.83503e+06
1968.17	  1.83286e+06
1969.28	  1.83069e+06
1970.38	  1.82853e+06
1971.47	  1.82637e+06
1972.58	  1.82421e+06
1973.67	  1.82205e+06
1974.78	  1.8199e+06
1975.88	  1.81775e+06
1976.97	  1.8156e+06
1978.08	  1.81345e+06
1979.17	  1.81131e+06
1980.28	  1.80916e+06
1981.38	  1.80702e+06
1982.47	  1.80488e+06
1983.58	  1.80275e+06
1984.67	  1.80062e+06
1985.78	  1.79848e+06
1986.88	  1.79636e+06
1987.97	  1.79423e+06
1989.08	  1.7921e+06
1990.17	  1.78998e+06
1991.28	  1.78786e+06
1992.38	  1.78575e+06
1993.47	  1.78363e+06
1994.58	  1.78152e+06
1995.67	  1.77941e+06
1996.78	  1.7773e+06
1997.88	  1.77519e+06
1998.97	  1.77309e+06
2000.08	  1.77099e+06
2001.17	  1.76889e+06
2002.28	  1.76679e+06
2003.38	  1.7647e+06
2004.47	  1.7626e+06
2005.58	  1.76051e+06
2006.67	  1.75843e+06
2007.78	  1.75634e+06
2008.88	  1.75426e+06
2009.97	  1.75217e+06
2011.08	  1.7501e+06
2012.17	  1.74802e+06
2013.28	  1.74594e+06
2014.38	  1.74387e+06
2015.47	  1.7418e+06
2016.58	  1.73973e+06
2017.67	  1.73767e+06
2018.78	  1.73561e+06
2019.88	  1.73355e+06
2020.97	  1.73149e+06
2022.08	  1.72943e+06
2023.18	  1.72738e+06
2024.28	  1.72532e+06
2025.38	  1.72327e+06
2026.47	  1.72123e+06
2027.58	  1.71918e+06
2028.68	  1.71714e+06
2029.78	  1.7151e+06
2030.88	  1.71306e+06
2031.97	  1.71102e+06
2033.08	  1.70899e+06
2034.18	  1.70696e+06
2035.28	  1.70493e+06
2036.38	  1.7029e+06
2037.47	  1.70087e+06
2038.58	  1.69885e+06
2039.68	  1.69683e+06
2040.78	  1.69481e+06
2041.88	  1.69279e+06
2042.97	  1.69078e+06
2044.08	  1.68877e+06
2045.18	  1.68676e+06
2046.28	  1.68475e+06
2047.38	  1.68275e+06
2048.47	  1.68074e+06
2049.57	  1.67874e+06
2050.68	  1.67674e+06
2051.78	  1.67475e+06
2052.88	  1.67275e+06
2053.97	  1.67076e+06
2055.07	  1.66877e+06
2056.18	  1.66678e+06
2057.28	  1.6648e+06
2058.38	  1.66281e+06
2059.47	  1.66083e+06
2060.57	  1.65885e+06
2061.68	  1.65687e+06
2062.78	  1.6549e+06
2063.88	  1.65293e+06
2064.97	  1.65096e+06
2066.07	  1.64899e+06
2067.18	  1.64702e+06
2068.28	  1.64506e+06
2069.38	  1.6431e+06
2070.47	  1.64114e+06
2071.57	  1.63918e+06
2072.68	  1.63723e+06
2073.78	  1.63527e+06
2074.88	  1.63332e+06
2075.97	  1.63137e+06
2077.07	  1.62943e+06
2078.18	  1.62748e+06
2079.28	  1.62554e+06
2080.38	  1.6236e+06
2081.47	  1.62166e+06
2082.57	  1.61973e+06
2083.68	  1.61779e+06
2084.78	  1.61586e+06
2085.88	  1.61393e+06
2086.97	  1.61201e+06
2088.07	  1.61008e+06
2089.18	  1.60816e+06
2090.28	  1.60624e+06
2091.38	  1.60432e+06
2092.47	  1.6024e+06
2093.57	  1.60049e+06
2094.68	  1.59858e+06
2095.78	  1.59667e+06
2096.88	  1.59476e+06
2097.97	  1.59285e+06
2099.07	  1.59095e+06
2100.18	  1.58905e+06
2101.28	  1.58715e+06
2102.38	  1.58525e+06
2103.47	  1.58336e+06
2104.57	  1.58146e+06
2105.68	  1.57957e+06
2106.78	  1.57768e+06
2107.88	  1.5758e+06
2108.97	  1.57391e+06
2110.07	  1.57203e+06
2111.18	  1.57015e+06
2112.28	  1.56827e+06
2113.38	  1.5664e+06
2114.47	  1.56452e+06
2115.57	  1.56265e+06
2116.68	  1.56078e+06
2117.78	  1.55891e+06
2118.88	  1.55705e+06
2119.97	  1.55518e+06
2121.07	  1.55332e+06
2122.18	  1.55146e+06
2123.28	  1.54961e+06
2124.38	  1.54775e+06
2125.47	  1.5459e+06
2126.57	  1.54405e+06
2127.68	  1.5422e+06
2128.78	  1.54035e+06
2129.88	  1.53851e+06
2130.97	  1.53666e+06
2132.07	  1.53482e+06
2133.18	  1.53299e+06
2134.28	  1.53115e+06
2135.38	  1.52932e+06
2136.47	  1.52748e+06
2137.57	  1.52565e+06
2138.68	  1.52383e+06
2139.78	  1.522e+06
2140.88	  1.52018e+06
2141.97	  1.51835e+06
2143.07	  1.51653e+06
2144.18	  1.51472e+06
2145.28	  1.5129e+06
2146.38	  1.51109e+06
2147.47	  1.50928e+06
2148.57	  1.50747e+06
2149.68	  1.50566e+06
2150.78	  1.50385e+06
2151.88	  1.50205e+06
2152.97	  1.50025e+06
2154.07	  1.49845e+06
2155.18	  1.49665e+06
2156.28	  1.49486e+06
2157.38	  1.49307e+06
2158.47	  1.49127e+06
2159.57	  1.48949e+06
2160.68	  1.4877e+06
2161.78	  1.48591e+06
2162.88	  1.48413e+06
2163.97	  1.48235e+06
2165.07	  1.48057e+06
2166.18	  1.47879e+06
2167.28	  1.47702e+06
2168.38	  1.47525e+06
2169.47	  1.47348e+06
2170.57	  1.47171e+06
2171.68	  1.46994e+06
2172.78	  1.46818e+06
2173.88	  1.46641e+06
2174.97	  1.46465e+06
2176.07	  1.4629e+06
2177.18	  1.46114e+06
2178.28	  1.45938e+06
2179.38	  1.45763e+06
2180.47	  1.45588e+06
2181.57	  1.45413e+06
2182.68	  1.45239e+06
2183.78	  1.45064e+06
2184.88	  1.4489e+06
2185.97	  1.44716e+06
2187.07	  1.44542e+06
2188.18	  1.44368e+06
2189.28	  1.44195e+06
2190.38	  1.44022e+06
2191.47	  1.43849e+06
2192.57	  1.43676e+06
2193.68	  1.43503e+06
2194.78	  1.43331e+06
2195.88	  1.43158e+06
2196.97	  1.42986e+06
2198.07	  1.42814e+06
2199.18	  1.42643e+06
2200.28	  1.42471e+06
2201.38	  1.423e+06
2202.47	  1.42129e+06
2203.57	  1.41958e+06
2204.68	  1.41787e+06
2205.78	  1.41617e+06
2206.88	  1.41447e+06
2207.97	  1.41277e+06
2209.07	  1.41107e+06
2210.18	  1.40937e+06
2211.28	  1.40768e+06
2212.38	  1.40598e+06
2213.47	  1.40429e+06
2214.57	  1.4026e+06
2215.68	  1.40091e+06
2216.78	  1.39923e+06
2217.88	  1.39755e+06
2218.97	  1.39587e+06
2220.07	  1.39419e+06
2221.18	  1.39251e+06
2222.28	  1.39083e+06
2223.38	  1.38916e+06
2224.47	  1.38749e+06
2225.57	  1.38582e+06
2226.68	  1.38415e+06
2227.78	  1.38248e+06
2228.88	  1.38082e+06
2229.97	  1.37916e+06
2231.07	  1.3775e+06
2232.18	  1.37584e+06
2233.28	  1.37418e+06
2234.38	  1.37253e+06
2235.47	  1.37088e+06
2236.57	  1.36923e+06
2237.68	  1.36758e+06
2238.78	  1.36593e+06
2239.88	  1.36429e+06
2240.97	  1.36265e+06
2242.07	  1.361e+06
2243.18	  1.35937e+06
2244.28	  1.35773e+06
2245.38	  1.35609e+06
2246.47	  1.35446e+06
2247.57	  1.35283e+06
2248.68	  1.3512e+06
2249.78	  1.34957e+06
2250.88	  1.34795e+06
2251.97	  1.34632e+06
2253.07	  1.3447e+06
2254.18	  1.34308e+06
2255.28	  1.34146e+06
2256.38	  1.33985e+06
2257.47	  1.33823e+06
2258.57	  1.33662e+06
2259.68	  1.33501e+06
2260.78	  1.3334e+06
2261.88	  1.3318e+06
2262.97	  1.33019e+06
2264.07	  1.32859e+06
2265.18	  1.32699e+06
2266.28	  1.32539e+06
2267.38	  1.32379e+06
2268.47	  1.32219e+06
2269.57	  1.3206e+06
2270.68	  1.31901e+06
2271.78	  1.31742e+06
2272.88	  1.31583e+06
2273.97	  1.31425e+06
2275.07	  1.31266e+06
2276.18	  1.31108e+06
2277.28	  1.3095e+06
2278.38	  1.30792e+06
2279.47	  1.30634e+06
2280.57	  1.14772e+06
2281.68	  1.14646e+06
2282.78	  1.14521e+06
2283.88	  1.14395e+06
2284.97	  1.1427e+06
2286.07	  1.14144e+06
2287.18	  1.14019e+06
2288.28	  1.13894e+06
2289.38	  1.13769e+06
2290.47	  1.13644e+06
2291.57	  1.13519e+06
2292.68	  1.13395e+06
2293.78	  1.1327e+06
2294.88	  1.13146e+06
2295.97	  1.13022e+06
2297.07	  1.12898e+06
2298.18	  1.12774e+06
2299.28	  1.1265e+06
2300.38	  1.12527e+06
2301.47	  1.12403e+06
2302.57	  1.1228e+06
2303.68	  1.12156e+06
2304.78	  1.12033e+06
2305.88	  1.1191e+06
2306.97	  1.11787e+06
2308.07	  1.11665e+06
2309.18	  1.11542e+06
2310.28	  1.11419e+06
2311.38	  1.11297e+06
2312.47	  1.11175e+06
2313.57	  1.11053e+06
2314.68	  1.10931e+06
2315.78	  1.10809e+06
2316.88	  1.10687e+06
2317.97	  1.10566e+06
2319.07	  1.10444e+06
2320.18	  1.10323e+06
2321.28	  1.10202e+06
2322.38	  1.10081e+06
2323.47	  1.0996e+06
2324.57	  1.09839e+06
2325.68	  1.09718e+06
2326.78	  1.09598e+06
2327.88	  1.09477e+06
2328.97	  1.09357e+06
2330.07	  1.09237e+06
2331.18	  1.09117e+06
2332.28	  1.08997e+06
2333.38	  1.08877e+06
2334.47	  1.08757e+06
2335.57	  1.08638e+06
2336.68	  1.08518e+06
2337.78	  1.08399e+06
2338.88	  1.0828e+06
2339.97	  1.08161e+06
2341.07	  1.08042e+06
2342.18	  1.07923e+06
2343.28	  1.07804e+06
2344.38	  1.07686e+06
2345.47	  1.07568e+06
2346.57	  1.07449e+06
2347.68	  1.07331e+06
2348.78	  1.07213e+06
2349.88	  1.07095e+06
2350.97	  1.06977e+06
2352.07	  1.0686e+06
2353.18	  1.06742e+06
2354.28	  1.06625e+06
2355.38	  1.06508e+06
2356.47	  1.0639e+06
2357.57	  1.06273e+06
2358.68	  1.06156e+06
2359.78	  1.0604e+06
2360.88	  1.05923e+06
2361.97	  1.05807e+06
2363.07	  1.0569e+06
2364.18	  1.05574e+06
2365.28	  1.05458e+06
2366.38	  1.05342e+06
2367.47	  1.05226e+06
2368.57	  1.0511e+06
2369.68	  1.04994e+06
2370.78	  1.04879e+06
2371.88	  1.04763e+06
2372.97	  1.04648e+06
2374.07	  1.04533e+06
2375.18	  1.04418e+06
2376.28	  1.04303e+06
2377.38	  1.04188e+06
2378.47	  1.04073e+06
2379.57	  1.03959e+06
2380.68	  1.03844e+06
2381.78	  1.0373e+06
2382.88	  1.03616e+06
2383.97	  1.03502e+06
2385.07	  1.03388e+06
2386.18	  1.03274e+06
2387.28	  1.0316e+06
2388.38	  1.03047e+06
2389.47	  1.02933e+06
2390.57	  1.0282e+06
2391.68	  1.02707e+06
2392.78	  1.02594e+06
2393.88	  1.02481e+06
2394.97	  1.02368e+06
2396.07	  1.02255e+06
2397.18	  1.02143e+06
2398.28	  1.0203e+06
2399.38	  1.01918e+06
2400.47	  1.01806e+06
2401.57	  1.01693e+06
2402.68	  1.01581e+06
2403.78	  1.0147e+06
2404.88	  1.01358e+06
2405.97	  1.01246e+06
2407.07	  1.01135e+06
2408.18	  1.01023e+06
2409.28	  1.00912e+06
2410.38	  1.00801e+06
2411.47	  1.0069e+06
2412.57	  1.00579e+06
2413.68	  1.00468e+06
2414.78	  1.00357e+06
2415.88	  1.00247e+06
2416.97	  1.00136e+06
2418.07	  1.00026e+06
2419.18	  999158
2420.28	  998057
2421.38	  996957
2422.47	  995859
2423.57	  994762
2424.68	  993665
2425.78	  992570
2426.88	  991477
2427.97	  990384
2429.07	  989292
2430.18	  988202
2431.28	  987113
2432.38	  986025
2433.47	  984938
2434.57	  983853
2435.68	  982768
2436.78	  981685
2437.88	  980603
2438.97	  979522
2440.07	  978443
2441.18	  977364
2442.28	  976287
2443.38	  975211
2444.47	  974135
2445.57	  973062
2446.68	  971989
2447.78	  970917
2448.88	  969847
2449.97	  968778
2451.07	  967710
2452.18	  966643
2453.28	  965577
2454.38	  964512
2455.47	  963449
2456.57	  962386
2457.68	  961325
2458.78	  960265
2459.88	  959206
2460.97	  958149
2462.07	  957092
2463.18	  956037
2464.28	  954982
2465.38	  953929
2466.47	  952877
2467.57	  951826
2468.68	  950777
2469.78	  949728
2470.88	  948681
2471.97	  947634
2473.07	  946589
2474.18	  945545
2475.28	  944502
2476.38	  943461
2477.47	  942420
