Emission arising from a slab of Hydrogen (both H and H-).
   
Parameters of the slab:
n_e = 1e+16 cm-3
T_e = 11000 K
tau(lambda=300 nm) = 0.1
L = 2287.95 cm
   
Wavelength (nm), Emission (erg s-1 cm-2 nm-1 sr-1)
50	  1671.55
91.2	  36472.1
120	  641669
150	  3.99663e+06
175	  9.73187e+06
200	  1.84481e+07
225	  2.90618e+07
250	  4.07031e+07
270	  5.01019e+07
290	  5.91325e+07
300	  6.3411e+07
305	  6.54777e+07
310	  6.74917e+07
315	  6.94505e+07
320	  7.13518e+07
322.5	  7.22802e+07
325	  7.31936e+07
327	  7.39132e+07
329	  7.46229e+07
329.999	  7.49737e+07
330.266	  7.5067e+07
330.533	  7.51602e+07
330.8	  7.52531e+07
331.067	  7.53459e+07
331.334	  7.54385e+07
331.601	  7.5531e+07
331.868	  7.56232e+07
332.135	  7.57153e+07
332.402	  7.58072e+07
332.669	  7.58989e+07
332.936	  7.59904e+07
333.203	  7.60818e+07
333.47	  7.61729e+07
333.737	  7.62639e+07
334.004	  7.63547e+07
334.271	  7.64453e+07
334.538	  7.65358e+07
334.805	  7.6626e+07
335.072	  7.67161e+07
335.339	  7.6806e+07
335.606	  7.68957e+07
335.873	  7.69853e+07
336.14	  7.70746e+07
336.407	  7.71638e+07
336.674	  7.72527e+07
336.941	  7.73415e+07
337.208	  7.74302e+07
337.475	  7.75186e+07
337.742	  7.76068e+07
338.009	  7.76949e+07
338.276	  7.77828e+07
338.543	  7.78705e+07
338.81	  7.7958e+07
339.077	  7.80453e+07
339.344	  7.81325e+07
339.611	  7.82194e+07
339.878	  7.83062e+07
340.145	  7.83928e+07
340.412	  7.84792e+07
340.679	  7.85654e+07
340.946	  7.86515e+07
341.213	  7.87373e+07
341.48	  7.8823e+07
341.747	  7.89085e+07
342.014	  7.89938e+07
342.281	  7.90789e+07
342.548	  7.91638e+07
342.815	  7.92485e+07
343.082	  7.93331e+07
343.349	  7.94174e+07
343.616	  7.95016e+07
343.883	  7.95856e+07
344.15	  7.96694e+07
344.417	  7.9753e+07
344.684	  7.98365e+07
344.951	  7.99197e+07
345.218	  8.00028e+07
345.485	  8.00857e+07
345.752	  8.01684e+07
346.019	  8.02509e+07
346.286	  8.03332e+07
346.553	  8.04153e+07
346.82	  8.04972e+07
347.087	  8.0579e+07
347.354	  8.06606e+07
347.621	  8.07419e+07
347.888	  8.08231e+07
348.155	  8.09041e+07
348.422	  8.09849e+07
348.689	  8.10656e+07
348.956	  8.1146e+07
349.223	  8.12263e+07
349.49	  8.13063e+07
349.757	  8.13862e+07
350.024	  8.14659e+07
350.291	  8.15454e+07
350.558	  8.16247e+07
350.825	  8.17038e+07
351.092	  8.17828e+07
351.359	  8.18615e+07
351.626	  8.19401e+07
351.893	  8.20184e+07
352.16	  8.20966e+07
352.427	  8.21746e+07
352.694	  8.22524e+07
352.961	  8.233e+07
353.228	  8.24075e+07
353.495	  8.24847e+07
353.762	  8.25618e+07
354.029	  8.26386e+07
354.296	  8.27153e+07
354.563	  8.27918e+07
354.83	  8.28681e+07
355.097	  8.29442e+07
355.364	  8.30201e+07
355.631	  8.30958e+07
355.898	  8.31714e+07
356.165	  8.32467e+07
356.432	  8.33219e+07
356.699	  8.33969e+07
356.966	  8.34717e+07
357.233	  8.35463e+07
357.5	  8.36207e+07
357.767	  8.36949e+07
358.034	  8.37689e+07
358.301	  8.38428e+07
358.568	  8.39164e+07
358.835	  8.39899e+07
359.102	  8.40632e+07
359.369	  8.41362e+07
359.636	  8.42091e+07
359.903	  8.42818e+07
360.17	  8.43544e+07
360.437	  8.44267e+07
360.704	  8.44988e+07
360.971	  8.45708e+07
361.238	  8.46426e+07
361.505	  8.47141e+07
361.772	  8.47855e+07
362.039	  8.48567e+07
362.306	  8.49277e+07
362.573	  8.49985e+07
363	  8.51114e+07
363.027	  8.51185e+07
363.054	  8.51255e+07
363.08	  8.51326e+07
363.107	  8.51396e+07
363.134	  8.51466e+07
363.16	  8.51537e+07
363.187	  8.51607e+07
363.214	  8.51677e+07
363.24	  8.51748e+07
363.267	  8.51818e+07
363.294	  8.51888e+07
363.321	  8.51958e+07
363.347	  8.52028e+07
363.374	  8.52099e+07
363.401	  8.52169e+07
363.427	  8.52239e+07
363.454	  8.52309e+07
363.481	  8.52379e+07
363.508	  8.52449e+07
363.534	  8.52519e+07
363.561	  8.52589e+07
363.588	  8.52659e+07
363.614	  8.52729e+07
363.641	  8.52799e+07
363.668	  8.52869e+07
363.694	  8.52939e+07
363.721	  8.53009e+07
363.748	  8.53079e+07
363.774	  8.53149e+07
363.801	  8.53219e+07
363.828	  8.53288e+07
363.855	  8.53358e+07
363.881	  8.53428e+07
363.908	  8.53498e+07
363.935	  8.53568e+07
363.961	  8.53637e+07
363.988	  8.53707e+07
364.015	  8.53777e+07
364.041	  8.53847e+07
364.068	  8.53916e+07
364.095	  8.53986e+07
364.122	  8.54056e+07
364.148	  8.54125e+07
364.175	  8.54195e+07
364.202	  8.54264e+07
364.228	  8.54334e+07
364.255	  8.54403e+07
364.282	  8.54473e+07
364.308	  8.54543e+07
364.335	  8.54612e+07
364.362	  8.54681e+07
364.389	  8.54751e+07
364.415	  8.5482e+07
364.442	  8.5489e+07
364.469	  8.54959e+07
364.495	  8.55028e+07
364.522	  8.5508e+07
364.549	  8.55149e+07
364.575	  8.55219e+07
364.602	  8.55288e+07
364.629	  8.55357e+07
364.656	  8.55426e+07
364.682	  8.55496e+07
364.709	  8.55565e+07
364.736	  9.71417e+06
364.762	  9.71483e+06
364.789	  9.71548e+06
364.816	  9.71614e+06
364.842	  9.7168e+06
364.869	  9.71745e+06
364.896	  9.71811e+06
364.923	  9.71876e+06
364.949	  9.71941e+06
364.976	  9.72007e+06
365.003	  9.72072e+06
365.029	  9.72138e+06
365.056	  9.72203e+06
365.083	  9.72269e+06
365.11	  9.72334e+06
365.136	  9.72399e+06
365.163	  9.72465e+06
365.19	  9.7253e+06
365.216	  9.72595e+06
365.243	  9.72661e+06
365.27	  9.72726e+06
365.296	  9.72791e+06
365.323	  9.72857e+06
365.35	  9.72922e+06
365.377	  9.72987e+06
365.403	  9.73052e+06
365.43	  9.73117e+06
365.457	  9.73183e+06
365.483	  9.73248e+06
365.51	  9.73313e+06
365.537	  9.73378e+06
365.563	  9.73443e+06
365.59	  9.73508e+06
365.617	  9.73573e+06
365.643	  9.73638e+06
365.67	  9.73703e+06
365.697	  9.73768e+06
365.724	  9.73833e+06
365.75	  9.73898e+06
365.777	  9.73963e+06
365.804	  9.74028e+06
365.83	  9.74093e+06
365.857	  9.74158e+06
365.884	  9.74223e+06
365.91	  9.74288e+06
365.937	  9.74353e+06
365.964	  9.74418e+06
365.991	  9.74483e+06
365.991	  9.74483e+06
366.258	  9.7513e+06
366.525	  9.75776e+06
366.792	  9.7642e+06
367.059	  9.77063e+06
367.326	  9.77704e+06
367.593	  9.78343e+06
367.86	  9.78981e+06
368.127	  9.79617e+06
368.394	  9.80252e+06
368.661	  9.80885e+06
368.928	  9.81516e+06
369.195	  9.82146e+06
369.462	  9.82774e+06
369.729	  9.834e+06
369.996	  9.84025e+06
370.263	  9.84648e+06
370.53	  9.8527e+06
370.797	  9.8589e+06
371.064	  9.86509e+06
371.331	  9.87125e+06
371.598	  9.87741e+06
371.865	  9.88354e+06
372.132	  9.88966e+06
372.399	  9.89577e+06
372.666	  9.90185e+06
372.933	  9.90793e+06
373.2	  9.91398e+06
373.467	  9.92002e+06
373.734	  9.92605e+06
374.001	  9.93205e+06
374.268	  9.93805e+06
374.535	  9.94402e+06
374.802	  9.94998e+06
375.069	  9.95593e+06
375.336	  9.96186e+06
375.603	  9.96777e+06
375.87	  9.97367e+06
376.137	  9.97955e+06
376.404	  9.98541e+06
376.671	  9.99126e+06
376.938	  9.9971e+06
377.205	  1.00029e+07
377.472	  1.00087e+07
377.739	  1.00145e+07
378.006	  1.00203e+07
378.273	  1.0026e+07
378.54	  1.00318e+07
378.807	  1.00375e+07
379.074	  1.00432e+07
379.341	  1.00489e+07
379.608	  1.00546e+07
379.875	  1.00602e+07
380.142	  1.00659e+07
380.409	  1.00715e+07
380.676	  1.00771e+07
380.943	  1.00827e+07
381.21	  1.00883e+07
381.477	  1.00939e+07
381.744	  1.00994e+07
382.011	  1.0105e+07
382.278	  1.01105e+07
382.545	  1.0116e+07
382.812	  1.01215e+07
383.079	  1.0127e+07
383.346	  1.01324e+07
383.613	  1.01379e+07
383.88	  1.01433e+07
384.147	  1.01487e+07
384.414	  1.01541e+07
384.681	  1.01595e+07
384.948	  1.01649e+07
385.215	  1.01702e+07
385.482	  1.01755e+07
385.749	  1.01809e+07
386.016	  1.01862e+07
386.283	  1.01915e+07
386.55	  1.01967e+07
386.817	  1.0202e+07
387.084	  1.02072e+07
387.351	  1.02125e+07
387.618	  1.02177e+07
387.885	  1.02229e+07
388.152	  1.02281e+07
388.419	  1.02332e+07
388.686	  1.02384e+07
388.953	  1.02435e+07
389.22	  1.02487e+07
389.487	  1.02538e+07
389.754	  1.02589e+07
390.021	  1.02639e+07
390.288	  1.0269e+07
390.555	  1.02741e+07
390.822	  1.02791e+07
391.089	  1.02841e+07
391.356	  1.02891e+07
391.623	  1.02941e+07
391.89	  1.02991e+07
392.157	  1.0304e+07
392.424	  1.0309e+07
392.691	  1.03139e+07
392.958	  1.03188e+07
393.225	  1.03237e+07
393.492	  1.03286e+07
393.759	  1.03335e+07
394.026	  1.03383e+07
394.293	  1.03432e+07
394.56	  1.0348e+07
394.827	  1.03528e+07
395.094	  1.03576e+07
395.361	  1.03624e+07
395.628	  1.03672e+07
395.895	  1.03719e+07
396.162	  1.03767e+07
396.429	  1.03814e+07
396.696	  1.03861e+07
396.963	  1.03908e+07
397.23	  1.03955e+07
397.497	  1.04001e+07
397.764	  1.04048e+07
398.031	  1.04094e+07
398.298	  1.04141e+07
398.565	  1.04187e+07
398.832	  1.04233e+07
399.099	  1.04278e+07
399.366	  1.04324e+07
399.633	  1.0437e+07
399.9	  1.04415e+07
400.167	  1.0446e+07
400.434	  1.04505e+07
400.701	  1.0455e+07
400.968	  1.04595e+07
401.235	  1.0464e+07
401.502	  1.04684e+07
401.769	  1.04728e+07
402.036	  1.04773e+07
402.303	  1.04817e+07
402.57	  1.04861e+07
402.837	  1.04904e+07
403.104	  1.04948e+07
403.371	  1.04992e+07
403.638	  1.05035e+07
403.905	  1.05078e+07
404.172	  1.05121e+07
404.439	  1.05164e+07
404.706	  1.05207e+07
404.973	  1.0525e+07
405.24	  1.05292e+07
405.507	  1.05335e+07
405.774	  1.05377e+07
406.041	  1.05419e+07
406.308	  1.05461e+07
406.575	  1.05503e+07
406.842	  1.05544e+07
407.109	  1.05586e+07
407.376	  1.05627e+07
407.643	  1.05669e+07
407.91	  1.0571e+07
408.177	  1.05751e+07
408.444	  1.05792e+07
408.711	  1.05832e+07
408.978	  1.05873e+07
409.245	  1.05913e+07
409.512	  1.05954e+07
409.779	  1.05994e+07
410.046	  1.06034e+07
410.313	  1.06074e+07
410.58	  1.06114e+07
410.847	  1.06153e+07
411.114	  1.06193e+07
411.381	  1.06232e+07
411.648	  1.06271e+07
411.915	  1.0631e+07
412.182	  1.06349e+07
412.449	  1.06388e+07
412.716	  1.06427e+07
412.983	  1.06465e+07
413.25	  1.06504e+07
413.517	  1.06542e+07
413.784	  1.0658e+07
414.051	  1.06618e+07
414.318	  1.06656e+07
414.585	  1.06694e+07
414.852	  1.06731e+07
415.119	  1.06769e+07
415.386	  1.06806e+07
415.653	  1.06843e+07
415.92	  1.0688e+07
416.187	  1.06917e+07
416.454	  1.06954e+07
416.721	  1.06991e+07
416.988	  1.07027e+07
417.255	  1.07064e+07
417.522	  1.071e+07
417.789	  1.07136e+07
418.056	  1.07172e+07
418.323	  1.07208e+07
418.59	  1.07244e+07
418.857	  1.0728e+07
419.124	  1.07315e+07
419.391	  1.0735e+07
419.658	  1.07386e+07
419.925	  1.07421e+07
420.192	  1.07456e+07
420.459	  1.07491e+07
420.726	  1.07525e+07
420.993	  1.0756e+07
421.26	  1.07594e+07
421.527	  1.07629e+07
421.794	  1.07663e+07
422.061	  1.07697e+07
422.328	  1.07731e+07
422.595	  1.07765e+07
422.862	  1.07799e+07
423.129	  1.07832e+07
423.396	  1.07866e+07
423.663	  1.07899e+07
423.93	  1.07932e+07
424.197	  1.07965e+07
424.464	  1.07998e+07
424.731	  1.08031e+07
424.998	  1.08063e+07
425.265	  1.08096e+07
425.532	  1.08128e+07
425.799	  1.08161e+07
426.066	  1.08193e+07
426.333	  1.08225e+07
426.6	  1.08257e+07
426.867	  1.08289e+07
427.134	  1.0832e+07
427.401	  1.08352e+07
427.668	  1.08383e+07
427.935	  1.08415e+07
428.202	  1.08446e+07
428.469	  1.08477e+07
428.736	  1.08508e+07
429.003	  1.08539e+07
429.27	  1.08569e+07
429.537	  1.086e+07
429.804	  1.0863e+07
430.071	  1.08661e+07
430.338	  1.08691e+07
430.605	  1.08721e+07
430.872	  1.08751e+07
431.139	  1.08781e+07
431.406	  1.0881e+07
431.673	  1.0884e+07
431.94	  1.0887e+07
432.207	  1.08899e+07
432.474	  1.08928e+07
432.741	  1.08957e+07
433.008	  1.08986e+07
433.275	  1.09015e+07
433.542	  1.09044e+07
433.809	  1.09072e+07
434.076	  1.09101e+07
434.343	  1.09129e+07
434.61	  1.09158e+07
434.877	  1.09186e+07
435.144	  1.09214e+07
435.411	  1.09242e+07
435.678	  1.09269e+07
435.945	  1.09297e+07
436.212	  1.09325e+07
436.479	  1.09352e+07
436.746	  1.09379e+07
437.013	  1.09407e+07
437.28	  1.09434e+07
437.547	  1.09461e+07
437.814	  1.09488e+07
438.081	  1.09514e+07
438.348	  1.09541e+07
438.615	  1.09567e+07
438.882	  1.09594e+07
439.149	  1.0962e+07
439.416	  1.09646e+07
439.683	  1.09672e+07
439.95	  1.09698e+07
440.217	  1.09724e+07
440.484	  1.0975e+07
440.751	  1.09775e+07
441.018	  1.09801e+07
441.285	  1.09826e+07
441.552	  1.09851e+07
441.819	  1.09876e+07
442.086	  1.09901e+07
442.353	  1.09926e+07
442.62	  1.09951e+07
442.887	  1.09976e+07
443.154	  1.1e+07
443.421	  1.10025e+07
443.688	  1.10049e+07
443.955	  1.10073e+07
444.222	  1.10097e+07
444.489	  1.10121e+07
444.756	  1.10145e+07
445.023	  1.10169e+07
445.29	  1.10193e+07
445.557	  1.10216e+07
445.824	  1.1024e+07
446.091	  1.10263e+07
446.358	  1.10286e+07
446.625	  1.10309e+07
446.892	  1.10332e+07
447.159	  1.10355e+07
447.426	  1.10378e+07
447.693	  1.104e+07
447.96	  1.10423e+07
448.227	  1.10445e+07
448.494	  1.10468e+07
448.761	  1.1049e+07
449.028	  1.10512e+07
449.295	  1.10534e+07
449.562	  1.10556e+07
449.829	  1.10578e+07
450.096	  1.10599e+07
450.363	  1.10621e+07
450.63	  1.10642e+07
450.897	  1.10664e+07
451.164	  1.10685e+07
451.431	  1.10706e+07
451.698	  1.10727e+07
451.965	  1.10748e+07
452.232	  1.10769e+07
452.499	  1.1079e+07
452.766	  1.1081e+07
453.033	  1.10831e+07
453.3	  1.10851e+07
453.567	  1.10871e+07
453.834	  1.10891e+07
454.101	  1.10911e+07
454.368	  1.10931e+07
454.635	  1.10951e+07
454.902	  1.10971e+07
455.169	  1.10991e+07
455.436	  1.1101e+07
455.703	  1.1103e+07
455.97	  1.11049e+07
456.237	  1.11068e+07
456.504	  1.11087e+07
456.771	  1.11106e+07
457.038	  1.11125e+07
457.305	  1.11144e+07
457.572	  1.11163e+07
457.839	  1.11181e+07
458.106	  1.112e+07
458.373	  1.11218e+07
458.64	  1.11237e+07
458.907	  1.11255e+07
459.174	  1.11273e+07
459.441	  1.11291e+07
459.708	  1.11309e+07
459.975	  1.11327e+07
460.242	  1.11344e+07
460.509	  1.11362e+07
460.776	  1.11379e+07
461.043	  1.11397e+07
461.31	  1.11414e+07
461.577	  1.11431e+07
461.844	  1.11448e+07
462.111	  1.11465e+07
462.378	  1.11482e+07
462.645	  1.11499e+07
462.912	  1.11515e+07
463.179	  1.11532e+07
463.446	  1.11549e+07
463.713	  1.11565e+07
463.98	  1.11581e+07
464.247	  1.11597e+07
464.514	  1.11613e+07
464.781	  1.11629e+07
465.048	  1.11645e+07
465.315	  1.11661e+07
465.582	  1.11677e+07
465.849	  1.11692e+07
466.116	  1.11708e+07
466.383	  1.11723e+07
466.65	  1.11739e+07
466.917	  1.11754e+07
467.184	  1.11769e+07
467.451	  1.11784e+07
467.718	  1.11799e+07
467.985	  1.11814e+07
468.252	  1.11828e+07
468.519	  1.11843e+07
468.786	  1.11857e+07
469.053	  1.11872e+07
469.32	  1.11886e+07
469.587	  1.119e+07
469.854	  1.11915e+07
470.121	  1.11929e+07
470.388	  1.11943e+07
470.655	  1.11957e+07
470.922	  1.1197e+07
471.189	  1.11984e+07
471.456	  1.11998e+07
471.723	  1.12011e+07
471.99	  1.12024e+07
472.257	  1.12038e+07
472.524	  1.12051e+07
472.791	  1.12064e+07
473.058	  1.12077e+07
473.325	  1.1209e+07
473.592	  1.12103e+07
473.859	  1.12115e+07
474.126	  1.12128e+07
474.393	  1.12141e+07
474.66	  1.12153e+07
474.927	  1.12166e+07
475.194	  1.12178e+07
475.461	  1.1219e+07
475.728	  1.12202e+07
475.995	  1.12214e+07
476.262	  1.12226e+07
476.529	  1.12238e+07
476.796	  1.1225e+07
477.063	  1.12261e+07
477.33	  1.12273e+07
477.597	  1.12284e+07
477.864	  1.12296e+07
478.131	  1.12307e+07
478.398	  1.12318e+07
478.665	  1.12329e+07
478.932	  1.1234e+07
479.199	  1.12351e+07
479.466	  1.12362e+07
479.733	  1.12373e+07
480	  1.12383e+07
480.267	  1.12394e+07
480.534	  1.12404e+07
480.801	  1.12415e+07
481.068	  1.12425e+07
481.335	  1.12435e+07
481.602	  1.12445e+07
481.869	  1.12455e+07
482.136	  1.12465e+07
482.403	  1.12475e+07
482.67	  1.12485e+07
482.937	  1.12495e+07
483.204	  1.12504e+07
483.471	  1.12514e+07
483.738	  1.12523e+07
484.005	  1.12532e+07
484.272	  1.12542e+07
484.539	  1.12551e+07
484.806	  1.1256e+07
485.073	  1.12569e+07
485.34	  1.12578e+07
485.607	  1.12587e+07
485.874	  1.12595e+07
486.141	  1.12604e+07
486.408	  1.12613e+07
486.675	  1.12621e+07
486.942	  1.1263e+07
487.209	  1.12638e+07
487.476	  1.12646e+07
487.743	  1.12654e+07
488.01	  1.12662e+07
488.277	  1.1267e+07
488.544	  1.12678e+07
488.811	  1.12686e+07
489.078	  1.12694e+07
489.345	  1.12701e+07
489.612	  1.12709e+07
489.879	  1.12716e+07
490.146	  1.12724e+07
490.413	  1.12731e+07
490.68	  1.12738e+07
490.947	  1.12746e+07
491.214	  1.12753e+07
491.481	  1.1276e+07
491.748	  1.12766e+07
492.015	  1.12773e+07
492.282	  1.1278e+07
492.549	  1.12787e+07
492.816	  1.12793e+07
493.083	  1.128e+07
493.35	  1.12806e+07
493.617	  1.12813e+07
493.884	  1.12819e+07
494.151	  1.12825e+07
494.418	  1.12831e+07
494.685	  1.12837e+07
494.952	  1.12843e+07
495.219	  1.12849e+07
495.486	  1.12855e+07
495.753	  1.1286e+07
496.02	  1.12866e+07
496.287	  1.12872e+07
496.554	  1.12877e+07
496.821	  1.12882e+07
497.088	  1.12888e+07
497.355	  1.12893e+07
497.622	  1.12898e+07
497.889	  1.12903e+07
498.156	  1.12908e+07
498.423	  1.12913e+07
498.69	  1.12918e+07
498.957	  1.12923e+07
499.224	  1.12927e+07
499.491	  1.12932e+07
499.758	  1.12936e+07
500.025	  1.12941e+07
500.292	  1.12945e+07
500.559	  1.1295e+07
500.826	  1.12954e+07
501.093	  1.12958e+07
501.36	  1.12962e+07
501.627	  1.12966e+07
501.894	  1.1297e+07
502.161	  1.12974e+07
502.428	  1.12977e+07
502.695	  1.12981e+07
502.962	  1.12985e+07
503.229	  1.12988e+07
503.496	  1.12992e+07
503.763	  1.12995e+07
504.03	  1.12998e+07
504.297	  1.13002e+07
504.564	  1.13005e+07
504.831	  1.13008e+07
505.098	  1.13011e+07
505.365	  1.13014e+07
505.632	  1.13017e+07
505.899	  1.1302e+07
506.166	  1.13022e+07
506.433	  1.13025e+07
506.7	  1.13028e+07
506.967	  1.1303e+07
507.234	  1.13032e+07
507.501	  1.13035e+07
507.768	  1.13037e+07
508.035	  1.13039e+07
508.302	  1.13041e+07
508.569	  1.13043e+07
508.836	  1.13045e+07
509.103	  1.13047e+07
509.37	  1.13049e+07
509.637	  1.13051e+07
509.904	  1.13053e+07
510.171	  1.13054e+07
510.438	  1.13056e+07
510.705	  1.13057e+07
510.972	  1.13059e+07
511.239	  1.1306e+07
511.506	  1.13061e+07
511.773	  1.13063e+07
512.04	  1.13064e+07
512.307	  1.13065e+07
512.574	  1.13066e+07
512.841	  1.13067e+07
513.108	  1.13068e+07
513.375	  1.13068e+07
513.642	  1.13069e+07
513.909	  1.1307e+07
514.176	  1.1307e+07
514.443	  1.13071e+07
514.71	  1.13071e+07
514.977	  1.13072e+07
515.244	  1.13072e+07
515.511	  1.13072e+07
515.778	  1.13072e+07
516.045	  1.13073e+07
516.312	  1.13073e+07
516.579	  1.13073e+07
516.846	  1.13072e+07
517.113	  1.13072e+07
517.38	  1.13072e+07
517.647	  1.13072e+07
517.914	  1.13071e+07
518.181	  1.13071e+07
518.448	  1.1307e+07
518.715	  1.1307e+07
518.982	  1.13069e+07
519.249	  1.13068e+07
519.516	  1.13068e+07
519.783	  1.13067e+07
520.05	  1.13066e+07
520.317	  1.13065e+07
520.584	  1.13064e+07
520.851	  1.13063e+07
521.118	  1.13062e+07
521.385	  1.1306e+07
521.652	  1.13059e+07
521.919	  1.13058e+07
522.186	  1.13056e+07
522.453	  1.13055e+07
522.72	  1.13053e+07
522.987	  1.13052e+07
523.254	  1.1305e+07
523.521	  1.13048e+07
523.788	  1.13046e+07
524.055	  1.13044e+07
524.322	  1.13043e+07
524.589	  1.13041e+07
524.856	  1.13038e+07
525.123	  1.13036e+07
525.39	  1.13034e+07
525.657	  1.13032e+07
525.924	  1.13029e+07
526.191	  1.13027e+07
526.458	  1.13025e+07
526.725	  1.13022e+07
526.992	  1.1302e+07
527.259	  1.13017e+07
527.526	  1.13014e+07
527.793	  1.13011e+07
528.06	  1.13009e+07
528.327	  1.13006e+07
528.594	  1.13003e+07
528.861	  1.13e+07
529.128	  1.12997e+07
529.395	  1.12993e+07
529.662	  1.1299e+07
529.929	  1.12987e+07
530.196	  1.12984e+07
530.463	  1.1298e+07
530.73	  1.12977e+07
530.997	  1.12973e+07
531.264	  1.1297e+07
531.531	  1.12966e+07
531.798	  1.12962e+07
532.065	  1.12959e+07
532.332	  1.12955e+07
532.599	  1.12951e+07
532.866	  1.12947e+07
533.133	  1.12943e+07
533.4	  1.12939e+07
533.667	  1.12935e+07
533.934	  1.12931e+07
534.201	  1.12927e+07
534.468	  1.12922e+07
534.735	  1.12918e+07
535.002	  1.12913e+07
535.269	  1.12909e+07
535.536	  1.12904e+07
535.803	  1.129e+07
536.07	  1.12895e+07
536.337	  1.12891e+07
536.604	  1.12886e+07
536.871	  1.12881e+07
537.138	  1.12876e+07
537.405	  1.12871e+07
537.672	  1.12866e+07
537.939	  1.12861e+07
538.206	  1.12856e+07
538.473	  1.12851e+07
538.74	  1.12846e+07
539.007	  1.1284e+07
539.274	  1.12835e+07
539.541	  1.1283e+07
539.808	  1.12824e+07
540.075	  1.12819e+07
540.342	  1.12813e+07
540.609	  1.12808e+07
540.876	  1.12802e+07
541.143	  1.12796e+07
541.41	  1.1279e+07
541.677	  1.12784e+07
541.944	  1.12779e+07
542.211	  1.12773e+07
542.478	  1.12767e+07
542.745	  1.12761e+07
543.012	  1.12754e+07
543.279	  1.12748e+07
543.546	  1.12742e+07
543.813	  1.12736e+07
544.08	  1.12729e+07
544.347	  1.12723e+07
544.614	  1.12717e+07
544.881	  1.1271e+07
545.148	  1.12704e+07
545.415	  1.12697e+07
545.682	  1.1269e+07
545.949	  1.12684e+07
546.216	  1.12677e+07
546.483	  1.1267e+07
546.75	  1.12663e+07
547.017	  1.12656e+07
547.284	  1.12649e+07
547.551	  1.12642e+07
547.818	  1.12635e+07
548.085	  1.12628e+07
548.352	  1.12621e+07
548.619	  1.12613e+07
548.886	  1.12606e+07
549.153	  1.12599e+07
549.42	  1.12591e+07
549.687	  1.12584e+07
549.954	  1.12576e+07
550.221	  1.12569e+07
550.488	  1.12561e+07
550.755	  1.12553e+07
551.022	  1.12546e+07
551.289	  1.12538e+07
551.556	  1.1253e+07
551.823	  1.12522e+07
552.09	  1.12514e+07
552.357	  1.12506e+07
552.624	  1.12498e+07
552.891	  1.1249e+07
553.158	  1.12482e+07
553.425	  1.12474e+07
553.692	  1.12466e+07
553.959	  1.12457e+07
554.226	  1.12449e+07
554.493	  1.12441e+07
554.76	  1.12432e+07
555.027	  1.12424e+07
555.294	  1.12415e+07
555.561	  1.12407e+07
555.828	  1.12398e+07
556.095	  1.12389e+07
556.362	  1.12381e+07
556.629	  1.12372e+07
556.896	  1.12363e+07
557.163	  1.12354e+07
557.43	  1.12345e+07
557.697	  1.12336e+07
557.964	  1.12327e+07
558.231	  1.12318e+07
558.498	  1.12309e+07
558.765	  1.123e+07
559.032	  1.1229e+07
559.299	  1.12281e+07
559.566	  1.12272e+07
560.009	  1.12256e+07
560.296	  1.12246e+07
560.583	  1.12236e+07
560.87	  1.12226e+07
561.157	  1.12215e+07
561.444	  1.12205e+07
561.731	  1.12194e+07
562.018	  1.12184e+07
562.305	  1.12173e+07
562.592	  1.12163e+07
562.879	  1.12152e+07
563.166	  1.12141e+07
563.453	  1.12131e+07
563.74	  1.1212e+07
564.027	  1.12109e+07
564.314	  1.12098e+07
564.601	  1.12087e+07
564.888	  1.12076e+07
565.175	  1.12065e+07
565.462	  1.12054e+07
565.749	  1.12043e+07
566.036	  1.12031e+07
566.323	  1.1202e+07
566.61	  1.12009e+07
566.897	  1.11997e+07
567.184	  1.11986e+07
567.471	  1.11974e+07
567.758	  1.11963e+07
568.045	  1.11951e+07
568.332	  1.11939e+07
568.619	  1.11928e+07
568.906	  1.11916e+07
569.193	  1.11904e+07
569.48	  1.11892e+07
569.767	  1.1188e+07
570.054	  1.11868e+07
570.341	  1.11856e+07
570.628	  1.11844e+07
570.915	  1.11832e+07
571.202	  1.1182e+07
571.489	  1.11808e+07
571.776	  1.11795e+07
572.063	  1.11783e+07
572.35	  1.11771e+07
572.637	  1.11758e+07
572.924	  1.11746e+07
573.211	  1.11733e+07
573.498	  1.11721e+07
573.785	  1.11708e+07
574.072	  1.11695e+07
574.359	  1.11683e+07
574.646	  1.1167e+07
574.933	  1.11657e+07
575.22	  1.11644e+07
575.507	  1.11631e+07
575.794	  1.11618e+07
576.081	  1.11605e+07
576.368	  1.11592e+07
576.655	  1.11579e+07
576.942	  1.11566e+07
577.229	  1.11553e+07
577.516	  1.11539e+07
577.803	  1.11526e+07
578.09	  1.11513e+07
578.377	  1.11499e+07
578.664	  1.11486e+07
578.951	  1.11472e+07
579.238	  1.11459e+07
579.525	  1.11445e+07
579.812	  1.11432e+07
580.099	  1.11418e+07
580.386	  1.11404e+07
580.673	  1.1139e+07
580.96	  1.11377e+07
581.247	  1.11363e+07
581.534	  1.11349e+07
581.821	  1.11335e+07
582.108	  1.11321e+07
582.395	  1.11307e+07
582.682	  1.11293e+07
582.969	  1.11279e+07
583.256	  1.11264e+07
583.543	  1.1125e+07
583.83	  1.11236e+07
584.117	  1.11221e+07
584.404	  1.11207e+07
584.691	  1.11193e+07
584.978	  1.11178e+07
585.265	  1.11164e+07
585.552	  1.11149e+07
585.839	  1.11134e+07
586.126	  1.1112e+07
586.413	  1.11105e+07
586.7	  1.1109e+07
586.987	  1.11076e+07
587.274	  1.11061e+07
587.561	  1.11046e+07
587.848	  1.11031e+07
588.135	  1.11016e+07
588.422	  1.11001e+07
588.709	  1.10986e+07
588.996	  1.10971e+07
589.283	  1.10956e+07
589.57	  1.10941e+07
589.857	  1.10925e+07
590.144	  1.1091e+07
590.431	  1.10895e+07
590.718	  1.10879e+07
591.005	  1.10864e+07
591.292	  1.10849e+07
591.579	  1.10833e+07
591.866	  1.10818e+07
592.153	  1.10802e+07
592.44	  1.10787e+07
592.727	  1.10771e+07
593.014	  1.10755e+07
593.301	  1.10739e+07
593.588	  1.10724e+07
593.875	  1.10708e+07
594.162	  1.10692e+07
594.449	  1.10676e+07
594.736	  1.1066e+07
595.023	  1.10644e+07
595.31	  1.10628e+07
595.597	  1.10612e+07
595.884	  1.10596e+07
596.171	  1.1058e+07
596.458	  1.10564e+07
596.745	  1.10548e+07
597.032	  1.10531e+07
597.319	  1.10515e+07
597.606	  1.10499e+07
597.893	  1.10482e+07
598.18	  1.10466e+07
598.467	  1.10449e+07
598.754	  1.10433e+07
599.041	  1.10416e+07
599.328	  1.104e+07
599.615	  1.10383e+07
599.902	  1.10366e+07
600.189	  1.1035e+07
600.476	  1.10333e+07
600.763	  1.10316e+07
601.05	  1.10299e+07
601.337	  1.10283e+07
601.624	  1.10266e+07
601.911	  1.10249e+07
602.198	  1.10232e+07
602.485	  1.10215e+07
602.772	  1.10198e+07
603.059	  1.10181e+07
603.346	  1.10163e+07
603.633	  1.10146e+07
603.92	  1.10129e+07
604.207	  1.10112e+07
604.494	  1.10095e+07
604.781	  1.10077e+07
605.068	  1.1006e+07
605.355	  1.10043e+07
605.642	  1.10025e+07
605.929	  1.10008e+07
606.216	  1.0999e+07
606.503	  1.09973e+07
606.79	  1.09955e+07
607.077	  1.09937e+07
607.364	  1.0992e+07
607.651	  1.09902e+07
607.938	  1.09884e+07
608.225	  1.09867e+07
608.512	  1.09849e+07
608.799	  1.09831e+07
609.086	  1.09813e+07
609.373	  1.09795e+07
609.66	  1.09777e+07
609.947	  1.09759e+07
610.234	  1.09741e+07
610.521	  1.09723e+07
610.808	  1.09705e+07
611.095	  1.09687e+07
611.382	  1.09669e+07
611.669	  1.09651e+07
611.956	  1.09632e+07
612.243	  1.09614e+07
612.53	  1.09596e+07
612.817	  1.09578e+07
613.104	  1.09559e+07
613.391	  1.09541e+07
613.678	  1.09522e+07
613.965	  1.09504e+07
614.252	  1.09485e+07
614.539	  1.09467e+07
614.826	  1.09448e+07
615.113	  1.0943e+07
615.4	  1.09411e+07
615.687	  1.09392e+07
615.974	  1.09374e+07
616.261	  1.09355e+07
616.548	  1.09336e+07
616.835	  1.09317e+07
617.122	  1.09298e+07
617.409	  1.0928e+07
617.696	  1.09261e+07
617.983	  1.09242e+07
618.27	  1.09223e+07
618.557	  1.09204e+07
618.844	  1.09185e+07
619.131	  1.09166e+07
619.418	  1.09146e+07
619.705	  1.09127e+07
619.992	  1.09108e+07
620.279	  1.09089e+07
620.566	  1.0907e+07
620.853	  1.0905e+07
621.14	  1.09031e+07
621.427	  1.09012e+07
621.714	  1.08992e+07
622.001	  1.08973e+07
622.288	  1.08954e+07
622.575	  1.08934e+07
622.862	  1.08915e+07
623.149	  1.08895e+07
623.436	  1.08875e+07
623.723	  1.08856e+07
624.01	  1.08836e+07
624.297	  1.08817e+07
624.584	  1.08797e+07
624.871	  1.08777e+07
625.158	  1.08757e+07
625.445	  1.08738e+07
625.732	  1.08718e+07
626.019	  1.08698e+07
626.306	  1.08678e+07
626.593	  1.08658e+07
626.88	  1.08638e+07
627.167	  1.08618e+07
627.454	  1.08598e+07
627.741	  1.08578e+07
628.028	  1.08558e+07
628.315	  1.08538e+07
628.602	  1.08518e+07
628.889	  1.08498e+07
629.176	  1.08478e+07
629.463	  1.08457e+07
629.75	  1.08437e+07
630.037	  1.08417e+07
630.324	  1.08397e+07
630.611	  1.08376e+07
630.898	  1.08356e+07
631.185	  1.08336e+07
631.472	  1.08315e+07
631.759	  1.08295e+07
632.046	  1.08274e+07
632.333	  1.08254e+07
632.62	  1.08233e+07
632.907	  1.08213e+07
633.194	  1.08192e+07
633.481	  1.08171e+07
633.768	  1.08151e+07
634.055	  1.0813e+07
634.342	  1.08109e+07
634.629	  1.08089e+07
634.916	  1.08068e+07
635.203	  1.08047e+07
635.49	  1.08026e+07
635.777	  1.08005e+07
636.064	  1.07985e+07
636.351	  1.07964e+07
636.638	  1.07943e+07
636.925	  1.07922e+07
637.212	  1.07901e+07
637.499	  1.0788e+07
637.786	  1.07859e+07
638.073	  1.07838e+07
638.36	  1.07817e+07
638.647	  1.07795e+07
638.934	  1.07774e+07
639.221	  1.07753e+07
639.508	  1.07732e+07
639.795	  1.07711e+07
640.082	  1.07689e+07
640.369	  1.07668e+07
640.656	  1.07647e+07
640.943	  1.07625e+07
641.23	  1.07604e+07
641.517	  1.07583e+07
641.804	  1.07561e+07
642.091	  1.0754e+07
642.378	  1.07518e+07
642.665	  1.07497e+07
642.952	  1.07475e+07
643.239	  1.07454e+07
643.526	  1.07432e+07
643.813	  1.07411e+07
644.1	  1.07389e+07
644.387	  1.07367e+07
644.674	  1.07346e+07
644.961	  1.07324e+07
645.248	  1.07302e+07
645.535	  1.0728e+07
645.822	  1.07259e+07
646.109	  1.07237e+07
646.396	  1.07215e+07
646.683	  1.07193e+07
646.97	  1.07171e+07
647.257	  1.07149e+07
647.544	  1.07127e+07
647.831	  1.07105e+07
648.118	  1.07084e+07
648.405	  1.07062e+07
648.692	  1.07039e+07
648.979	  1.07017e+07
649.266	  1.06995e+07
649.553	  1.06973e+07
649.84	  1.06951e+07
650.127	  1.06929e+07
650.414	  1.06907e+07
650.701	  1.06885e+07
650.988	  1.06862e+07
651.275	  1.0684e+07
651.562	  1.06818e+07
651.849	  1.06796e+07
652.136	  1.06773e+07
652.423	  1.06751e+07
652.71	  1.06728e+07
652.997	  1.06706e+07
653.284	  1.06684e+07
653.571	  1.06661e+07
653.858	  1.06639e+07
654.145	  1.06616e+07
654.432	  1.06594e+07
654.719	  1.06571e+07
655.006	  1.06549e+07
655.293	  1.06526e+07
655.58	  1.06504e+07
655.867	  1.06481e+07
656.154	  1.06458e+07
656.441	  1.06436e+07
656.728	  1.06413e+07
657.015	  1.0639e+07
657.302	  1.06367e+07
657.589	  1.06345e+07
657.876	  1.06322e+07
658.163	  1.06299e+07
658.45	  1.06276e+07
658.737	  1.06253e+07
659.024	  1.06231e+07
659.311	  1.06208e+07
659.598	  1.06185e+07
659.885	  1.06162e+07
660.172	  1.06139e+07
660.459	  1.06116e+07
660.746	  1.06093e+07
661.033	  1.0607e+07
661.32	  1.06047e+07
661.607	  1.06024e+07
661.894	  1.06001e+07
662.181	  1.05977e+07
662.468	  1.05954e+07
662.755	  1.05931e+07
663.042	  1.05908e+07
663.329	  1.05885e+07
663.616	  1.05862e+07
663.903	  1.05838e+07
664.19	  1.05815e+07
664.477	  1.05792e+07
664.764	  1.05769e+07
665.051	  1.05745e+07
665.338	  1.05722e+07
665.625	  1.05699e+07
665.912	  1.05675e+07
666.199	  1.05652e+07
666.486	  1.05628e+07
666.773	  1.05605e+07
667.06	  1.05581e+07
667.347	  1.05558e+07
667.634	  1.05534e+07
667.921	  1.05511e+07
668.208	  1.05487e+07
668.495	  1.05464e+07
668.782	  1.0544e+07
669.069	  1.05417e+07
669.356	  1.05393e+07
669.643	  1.05369e+07
669.93	  1.05346e+07
670.217	  1.05322e+07
670.504	  1.05298e+07
670.791	  1.05275e+07
671.078	  1.05251e+07
671.365	  1.05227e+07
671.652	  1.05203e+07
671.939	  1.05179e+07
672.226	  1.05156e+07
672.513	  1.05132e+07
672.8	  1.05108e+07
673.087	  1.05084e+07
673.374	  1.0506e+07
673.661	  1.05036e+07
673.948	  1.05012e+07
674.235	  1.04988e+07
674.522	  1.04964e+07
674.809	  1.0494e+07
675.096	  1.04916e+07
675.383	  1.04892e+07
675.67	  1.04868e+07
675.957	  1.04844e+07
676.244	  1.0482e+07
676.531	  1.04796e+07
676.818	  1.04772e+07
677.105	  1.04748e+07
677.392	  1.04724e+07
677.679	  1.047e+07
677.966	  1.04675e+07
678.253	  1.04651e+07
678.54	  1.04627e+07
678.827	  1.04603e+07
679.114	  1.04578e+07
679.401	  1.04554e+07
679.688	  1.0453e+07
679.975	  1.04505e+07
680.262	  1.04481e+07
680.549	  1.04457e+07
680.836	  1.04432e+07
681.123	  1.04408e+07
681.41	  1.04384e+07
681.697	  1.04359e+07
681.984	  1.04335e+07
682.271	  1.0431e+07
682.558	  1.04286e+07
682.845	  1.04261e+07
683.132	  1.04237e+07
683.419	  1.04212e+07
683.706	  1.04188e+07
683.993	  1.04163e+07
684.28	  1.04139e+07
684.567	  1.04114e+07
684.854	  1.0409e+07
685.141	  1.04065e+07
685.428	  1.0404e+07
685.715	  1.04016e+07
686.002	  1.03991e+07
686.289	  1.03966e+07
686.576	  1.03942e+07
686.863	  1.03917e+07
687.15	  1.03892e+07
687.437	  1.03867e+07
687.724	  1.03843e+07
688.011	  1.03818e+07
688.298	  1.03793e+07
688.585	  1.03768e+07
688.872	  1.03743e+07
689.159	  1.03719e+07
689.446	  1.03694e+07
689.733	  1.03669e+07
690.02	  1.03644e+07
690.307	  1.03619e+07
690.594	  1.03594e+07
690.881	  1.03569e+07
691.168	  1.03544e+07
691.455	  1.03519e+07
691.742	  1.03494e+07
692.029	  1.03469e+07
692.316	  1.03444e+07
692.603	  1.03419e+07
692.89	  1.03394e+07
693.177	  1.03369e+07
693.464	  1.03344e+07
693.751	  1.03319e+07
694.038	  1.03294e+07
694.325	  1.03269e+07
694.612	  1.03244e+07
694.899	  1.03218e+07
695.186	  1.03193e+07
695.473	  1.03168e+07
695.76	  1.03143e+07
696.047	  1.03118e+07
696.334	  1.03092e+07
696.621	  1.03067e+07
696.908	  1.03042e+07
697.195	  1.03017e+07
697.482	  1.02991e+07
697.769	  1.02966e+07
698.056	  1.02941e+07
698.343	  1.02916e+07
698.63	  1.0289e+07
698.917	  1.02865e+07
699.204	  1.02839e+07
699.491	  1.02814e+07
699.778	  1.02789e+07
700.065	  1.02763e+07
700.352	  1.02738e+07
700.639	  1.02712e+07
700.926	  1.02687e+07
701.213	  1.02662e+07
701.5	  1.02636e+07
701.787	  1.02611e+07
702.074	  1.02585e+07
702.361	  1.0256e+07
702.648	  1.02534e+07
702.935	  1.02509e+07
703.222	  1.02483e+07
703.509	  1.02457e+07
703.796	  1.02432e+07
704.083	  1.02406e+07
704.37	  1.02381e+07
704.657	  1.02355e+07
704.944	  1.02329e+07
705.231	  1.02304e+07
705.518	  1.02278e+07
705.805	  1.02252e+07
706.092	  1.02227e+07
706.379	  1.02201e+07
706.666	  1.02175e+07
706.953	  1.0215e+07
707.24	  1.02124e+07
707.527	  1.02098e+07
707.814	  1.02072e+07
708.101	  1.02047e+07
708.388	  1.02021e+07
708.675	  1.01995e+07
708.962	  1.01969e+07
709.249	  1.01943e+07
709.536	  1.01918e+07
709.823	  1.01892e+07
710.11	  1.01866e+07
710.397	  1.0184e+07
710.684	  1.01814e+07
710.971	  1.01788e+07
711.258	  1.01762e+07
711.545	  1.01736e+07
711.832	  1.01711e+07
712.119	  1.01685e+07
712.406	  1.01659e+07
712.693	  1.01633e+07
712.98	  1.01607e+07
713.267	  1.01581e+07
713.554	  1.01555e+07
713.841	  1.01529e+07
714.128	  1.01503e+07
714.415	  1.01477e+07
714.702	  1.01451e+07
714.989	  1.01425e+07
715.276	  1.01399e+07
715.563	  1.01372e+07
715.85	  1.01346e+07
716.137	  1.0132e+07
716.424	  1.01294e+07
716.711	  1.01268e+07
716.998	  1.01242e+07
717.285	  1.01216e+07
717.572	  1.0119e+07
717.859	  1.01163e+07
718.146	  1.01137e+07
718.433	  1.01111e+07
718.72	  1.01085e+07
719.007	  1.01059e+07
719.294	  1.01033e+07
719.581	  1.01006e+07
719.868	  1.0098e+07
720.155	  1.00954e+07
720.442	  1.00928e+07
720.729	  1.00901e+07
721.016	  1.00875e+07
721.303	  1.00849e+07
721.59	  1.00822e+07
721.877	  1.00796e+07
722.164	  1.0077e+07
722.451	  1.00743e+07
722.738	  1.00717e+07
723.025	  1.00691e+07
723.312	  1.00664e+07
723.599	  1.00638e+07
723.886	  1.00612e+07
724.173	  1.00585e+07
724.46	  1.00559e+07
724.747	  1.00532e+07
725.034	  1.00506e+07
725.321	  1.0048e+07
725.608	  1.00453e+07
725.895	  1.00427e+07
726.182	  1.004e+07
726.469	  1.00374e+07
726.756	  1.00347e+07
727.043	  1.00321e+07
727.33	  1.00294e+07
727.617	  1.00268e+07
727.904	  1.00241e+07
728.191	  1.00215e+07
728.478	  1.00188e+07
728.765	  1.00162e+07
729.052	  1.00135e+07
729.339	  1.00109e+07
729.626	  1.00082e+07
729.913	  1.00056e+07
730.2	  1.00029e+07
730.487	  1.00002e+07
730.774	  9.99758e+06
731.061	  9.99491e+06
731.348	  9.99225e+06
731.635	  9.98959e+06
731.922	  9.98693e+06
732.209	  9.98426e+06
732.496	  9.98159e+06
732.783	  9.97893e+06
733.07	  9.97626e+06
733.357	  9.97359e+06
733.644	  9.97092e+06
733.931	  9.96825e+06
734.218	  9.96558e+06
734.505	  9.96291e+06
734.792	  9.96024e+06
735.079	  9.95757e+06
735.366	  9.95489e+06
735.653	  9.95222e+06
735.94	  9.94954e+06
736.227	  9.94687e+06
736.514	  9.94419e+06
736.801	  9.94151e+06
737.088	  9.93883e+06
737.375	  9.93615e+06
737.662	  9.93347e+06
737.949	  9.93079e+06
738.236	  9.92811e+06
738.523	  9.92542e+06
738.81	  9.92274e+06
739.097	  9.92006e+06
739.384	  9.91737e+06
739.671	  9.91468e+06
739.958	  9.912e+06
740.245	  9.90931e+06
740.532	  9.90662e+06
740.819	  9.90393e+06
741.106	  9.90124e+06
741.393	  9.89855e+06
741.68	  9.89586e+06
741.967	  9.89317e+06
742.254	  9.89048e+06
742.541	  9.88778e+06
742.828	  9.88509e+06
743.115	  9.88239e+06
743.402	  9.8797e+06
743.689	  9.877e+06
743.976	  9.8743e+06
744.263	  9.87161e+06
744.55	  9.86891e+06
744.837	  9.86621e+06
745.124	  9.86351e+06
745.411	  9.86081e+06
745.698	  9.85811e+06
745.985	  9.85541e+06
746.272	  9.8527e+06
746.559	  9.85e+06
746.846	  9.84729e+06
747.133	  9.84459e+06
747.42	  9.84188e+06
747.707	  9.83918e+06
747.994	  9.83647e+06
748.281	  9.83376e+06
748.568	  9.83106e+06
748.855	  9.82835e+06
749.142	  9.82564e+06
749.429	  9.82293e+06
749.716	  9.82022e+06
750.003	  9.81751e+06
750.29	  9.81479e+06
750.577	  9.81208e+06
750.864	  9.80937e+06
751.151	  9.80665e+06
751.438	  9.80394e+06
751.725	  9.80122e+06
752.012	  9.79851e+06
752.299	  9.79579e+06
752.586	  9.79308e+06
752.873	  9.79036e+06
753.16	  9.78764e+06
753.447	  9.78492e+06
753.734	  9.7822e+06
754.021	  9.77948e+06
754.308	  9.77676e+06
754.595	  9.77404e+06
754.882	  9.77132e+06
755.169	  9.7686e+06
755.456	  9.76587e+06
755.743	  9.76315e+06
756.03	  9.76043e+06
756.317	  9.7577e+06
756.604	  9.75498e+06
756.891	  9.75225e+06
757.178	  9.74952e+06
757.465	  9.7468e+06
757.752	  9.74407e+06
758.039	  9.74134e+06
758.326	  9.73861e+06
758.613	  9.73588e+06
758.9	  9.73316e+06
759.187	  9.73043e+06
759.474	  9.72769e+06
759.761	  9.72496e+06
760.048	  9.72223e+06
760.335	  9.7195e+06
760.622	  9.71677e+06
760.909	  9.71403e+06
761.196	  9.7113e+06
761.483	  9.70857e+06
761.77	  9.70583e+06
762.057	  9.7031e+06
762.344	  9.70036e+06
762.631	  9.69762e+06
762.918	  9.69489e+06
763.205	  9.69215e+06
763.492	  9.68941e+06
763.779	  9.68667e+06
764.066	  9.68394e+06
764.353	  9.6812e+06
764.64	  9.67846e+06
764.927	  9.67572e+06
765.214	  9.67298e+06
765.501	  9.67024e+06
765.788	  9.66749e+06
766.075	  9.66475e+06
766.362	  9.66201e+06
766.649	  9.65927e+06
766.936	  9.65652e+06
767.223	  9.65378e+06
767.51	  9.65104e+06
767.797	  9.64829e+06
768.084	  9.64555e+06
768.371	  9.6428e+06
768.658	  9.64005e+06
768.945	  9.63731e+06
769.232	  9.63456e+06
769.519	  9.63181e+06
769.806	  9.62907e+06
770.093	  9.62632e+06
770.38	  9.62357e+06
770.667	  9.62082e+06
770.954	  9.61807e+06
771.241	  9.61532e+06
771.528	  9.61257e+06
771.815	  9.60982e+06
772.102	  9.60707e+06
772.389	  9.60432e+06
772.676	  9.60157e+06
772.963	  9.59882e+06
773.25	  9.59606e+06
773.537	  9.59331e+06
773.824	  9.59056e+06
774.111	  9.5878e+06
774.398	  9.58505e+06
774.685	  9.5823e+06
774.972	  9.57954e+06
775.259	  9.57679e+06
775.546	  9.57403e+06
775.833	  9.57128e+06
776.12	  9.56852e+06
776.407	  9.56576e+06
776.694	  9.56301e+06
776.981	  9.56025e+06
777.268	  9.55749e+06
777.555	  9.55473e+06
777.842	  9.55198e+06
778.129	  9.54922e+06
778.416	  9.54646e+06
778.703	  9.5437e+06
778.99	  9.54094e+06
779.277	  9.53818e+06
779.564	  9.53542e+06
779.851	  9.53266e+06
780.138	  9.5299e+06
780.425	  9.52714e+06
780.712	  9.52438e+06
780.999	  9.52162e+06
781.286	  9.51885e+06
781.573	  9.51609e+06
781.86	  9.51333e+06
782.147	  9.51057e+06
782.434	  9.5078e+06
782.721	  9.50504e+06
783.008	  9.50228e+06
783.295	  9.49951e+06
783.582	  9.49675e+06
783.869	  9.49398e+06
784.156	  9.49122e+06
784.443	  9.48845e+06
784.73	  9.48569e+06
785.017	  9.48292e+06
785.304	  9.48016e+06
785.591	  9.47739e+06
785.878	  9.47462e+06
786.165	  9.47186e+06
786.452	  9.46909e+06
786.739	  9.46632e+06
787.026	  9.46355e+06
787.313	  9.46079e+06
787.6	  9.45802e+06
787.887	  9.45525e+06
788.174	  9.45248e+06
788.461	  9.44971e+06
788.748	  9.44694e+06
789.035	  9.44417e+06
789.322	  9.44141e+06
789.609	  9.43864e+06
789.896	  9.43587e+06
790.183	  9.4331e+06
790.47	  9.43033e+06
790.757	  9.42755e+06
791.044	  9.42478e+06
791.331	  9.42201e+06
791.618	  9.41924e+06
791.905	  9.41647e+06
792.192	  9.4137e+06
792.479	  9.41093e+06
792.766	  9.40815e+06
793.053	  9.40538e+06
793.34	  9.40261e+06
793.627	  9.39984e+06
793.914	  9.39707e+06
794.201	  9.39429e+06
794.488	  9.39152e+06
794.775	  9.38875e+06
795.062	  9.38597e+06
795.349	  9.3832e+06
795.636	  9.38042e+06
795.923	  9.37765e+06
796.21	  9.37488e+06
796.497	  9.3721e+06
796.784	  9.36933e+06
797.071	  9.36655e+06
797.358	  9.36378e+06
797.645	  9.361e+06
797.932	  9.35823e+06
798.219	  9.35545e+06
798.506	  9.35268e+06
798.793	  9.3499e+06
799.08	  9.34713e+06
799.367	  9.34435e+06
799.654	  9.34157e+06
799.941	  9.3388e+06
800.228	  9.33602e+06
800.515	  9.33324e+06
800.802	  9.33047e+06
801.089	  9.32769e+06
801.376	  9.32491e+06
801.663	  9.32214e+06
801.95	  9.31936e+06
802.237	  9.31658e+06
802.524	  9.31381e+06
802.811	  9.31103e+06
803.098	  9.30825e+06
803.385	  9.30547e+06
803.672	  9.3027e+06
803.959	  9.29992e+06
804.246	  9.29714e+06
804.533	  9.29436e+06
804.82	  9.29158e+06
805.107	  9.2888e+06
805.394	  9.28603e+06
805.681	  9.28325e+06
805.968	  9.28047e+06
806.255	  9.27769e+06
806.542	  9.27491e+06
806.829	  9.27213e+06
807.116	  9.26935e+06
807.403	  9.26658e+06
807.69	  9.2638e+06
807.977	  9.26102e+06
808.264	  9.25824e+06
808.551	  9.25546e+06
808.838	  9.25268e+06
809.125	  9.2499e+06
809.412	  9.24712e+06
809.699	  9.24434e+06
809.986	  9.24156e+06
810.273	  9.23878e+06
810.56	  9.236e+06
810.847	  9.23322e+06
811.134	  9.23044e+06
811.421	  9.22766e+06
811.708	  9.22488e+06
811.995	  9.2221e+06
812.282	  9.21932e+06
812.569	  9.21654e+06
812.856	  9.21376e+06
813.143	  9.21098e+06
813.43	  9.2082e+06
813.717	  9.20542e+06
814.004	  9.20264e+06
814.291	  9.19986e+06
814.578	  9.19708e+06
814.865	  9.1943e+06
815.152	  9.19152e+06
815.439	  9.18874e+06
815.726	  9.18596e+06
816.013	  9.18318e+06
816.3	  9.1804e+06
816.587	  9.17762e+06
816.874	  9.17484e+06
817.161	  9.17206e+06
817.448	  9.16928e+06
817.735	  9.1665e+06
818.022	  9.16372e+06
818.309	  9.16093e+06
818.596	  9.15815e+06
818.883	  9.15537e+06
819.17	  9.15259e+06
819.457	  9.14981e+06
820.002	  9.14453e+06
820.031	  9.14425e+06
820.059	  9.14397e+06
820.088	  9.1437e+06
820.117	  9.14342e+06
820.146	  9.14314e+06
820.174	  9.14286e+06
820.203	  9.14258e+06
820.232	  9.14231e+06
820.26	  9.14203e+06
820.289	  9.14175e+06
820.318	  9.14147e+06
820.346	  9.14119e+06
820.375	  9.14092e+06
820.404	  9.14064e+06
820.433	  9.14036e+06
820.461	  9.14008e+06
820.49	  9.1398e+06
820.519	  9.13953e+06
820.547	  9.13925e+06
820.576	  9.13897e+06
820.605	  9.13869e+06
820.633	  4.48215e+06
820.662	  4.48199e+06
820.691	  4.48184e+06
820.72	  4.48168e+06
820.748	  4.48153e+06
820.777	  4.48137e+06
820.806	  4.48121e+06
820.834	  4.48106e+06
820.863	  4.4809e+06
820.892	  4.48075e+06
820.92	  4.48059e+06
820.949	  4.48044e+06
820.978	  4.48028e+06
821.007	  4.48012e+06
821.035	  4.47997e+06
821.064	  4.47981e+06
821.093	  4.47966e+06
821.121	  4.4795e+06
821.15	  4.47935e+06
821.179	  4.47919e+06
821.207	  4.47904e+06
821.236	  4.47888e+06
821.265	  4.47872e+06
821.294	  4.47857e+06
821.322	  4.47841e+06
821.351	  4.47826e+06
821.38	  4.4781e+06
821.408	  4.47795e+06
821.437	  4.47779e+06
821.466	  4.47764e+06
821.494	  4.47748e+06
821.523	  4.47732e+06
821.552	  4.47717e+06
821.581	  4.47701e+06
821.609	  4.47686e+06
821.638	  4.4767e+06
821.667	  4.47655e+06
821.695	  4.47639e+06
821.724	  4.47624e+06
821.753	  4.47608e+06
821.781	  4.47592e+06
821.81	  4.47577e+06
821.839	  4.47561e+06
821.868	  4.47546e+06
821.896	  4.4753e+06
821.925	  4.47515e+06
821.954	  4.47499e+06
821.982	  4.47484e+06
822.011	  4.47468e+06
822.011	  4.47468e+06
822.298	  4.47313e+06
822.585	  4.47157e+06
822.872	  4.47002e+06
823.159	  4.46847e+06
823.446	  4.46691e+06
823.733	  4.46536e+06
824.02	  4.46381e+06
824.307	  4.46226e+06
824.594	  4.46071e+06
824.881	  4.45916e+06
825.168	  4.45761e+06
825.455	  4.45606e+06
825.742	  4.45451e+06
826.029	  4.45296e+06
826.316	  4.45141e+06
826.603	  4.44987e+06
826.89	  4.44832e+06
827.177	  4.44677e+06
827.464	  4.44523e+06
827.751	  4.44368e+06
828.038	  4.44214e+06
828.325	  4.44059e+06
828.612	  4.43905e+06
828.899	  4.43751e+06
829.186	  4.43597e+06
829.473	  4.43442e+06
829.76	  4.43288e+06
830.047	  4.43134e+06
830.334	  4.4298e+06
830.621	  4.42826e+06
830.908	  4.42672e+06
831.195	  4.42518e+06
831.482	  4.42364e+06
831.769	  4.4221e+06
832.056	  4.42056e+06
832.343	  4.41903e+06
832.63	  4.41749e+06
832.917	  4.41595e+06
833.204	  4.41442e+06
833.491	  4.41288e+06
833.778	  4.41135e+06
834.065	  4.40981e+06
834.352	  4.40828e+06
834.639	  4.40675e+06
834.926	  4.40521e+06
835.213	  4.40368e+06
835.5	  4.40215e+06
835.787	  4.40062e+06
836.074	  4.39909e+06
836.361	  4.39756e+06
836.648	  4.39603e+06
836.935	  4.3945e+06
837.222	  4.39297e+06
837.509	  4.39144e+06
837.796	  4.38991e+06
838.083	  4.38838e+06
838.37	  4.38686e+06
838.657	  4.38533e+06
838.944	  4.38381e+06
839.231	  4.38228e+06
839.518	  4.38076e+06
839.805	  4.37923e+06
840.092	  4.37771e+06
840.379	  4.37618e+06
840.666	  4.37466e+06
840.953	  4.37314e+06
841.24	  4.37162e+06
841.527	  4.3701e+06
841.814	  4.36857e+06
842.101	  4.36705e+06
842.388	  4.36553e+06
842.675	  4.36401e+06
842.962	  4.3625e+06
843.249	  4.36098e+06
843.536	  4.35946e+06
843.823	  4.35794e+06
844.11	  4.35643e+06
844.397	  4.35491e+06
844.684	  4.35339e+06
844.971	  4.35188e+06
845.258	  4.35036e+06
845.545	  4.34885e+06
845.832	  4.34734e+06
846.119	  4.34582e+06
846.406	  4.34431e+06
846.693	  4.3428e+06
846.98	  4.34128e+06
847.267	  4.33977e+06
847.554	  4.33826e+06
847.841	  4.33675e+06
848.128	  4.33524e+06
848.415	  4.33373e+06
848.702	  4.33222e+06
848.989	  4.33072e+06
849.276	  4.32921e+06
849.563	  4.3277e+06
849.85	  4.3262e+06
850.137	  4.32469e+06
850.424	  4.32318e+06
850.711	  4.32168e+06
850.998	  4.32017e+06
851.285	  4.31867e+06
851.572	  4.31717e+06
851.859	  4.31566e+06
852.146	  4.31416e+06
852.433	  4.31266e+06
852.72	  4.31116e+06
853.007	  4.30966e+06
853.294	  4.30815e+06
853.581	  4.30665e+06
853.868	  4.30515e+06
854.155	  4.30366e+06
854.442	  4.30216e+06
854.729	  4.30066e+06
855.016	  4.29916e+06
855.303	  4.29767e+06
855.59	  4.29617e+06
855.877	  4.29467e+06
856.164	  4.29318e+06
856.451	  4.29168e+06
856.738	  4.29019e+06
857.025	  4.28869e+06
857.312	  4.2872e+06
857.599	  4.28571e+06
857.886	  4.28422e+06
858.173	  4.28272e+06
858.46	  4.28123e+06
858.747	  4.27974e+06
859.034	  4.27825e+06
859.321	  4.27676e+06
859.608	  4.27527e+06
859.895	  4.27378e+06
860.182	  4.2723e+06
860.469	  4.27081e+06
860.756	  4.26932e+06
861.043	  4.26783e+06
861.33	  4.26635e+06
861.617	  4.26486e+06
861.904	  4.26338e+06
862.191	  4.26189e+06
862.478	  4.26041e+06
862.765	  4.25892e+06
863.052	  4.25744e+06
863.339	  4.25596e+06
863.626	  4.25448e+06
863.913	  4.253e+06
864.2	  4.25151e+06
864.487	  4.25003e+06
864.774	  4.24855e+06
865.061	  4.24708e+06
865.348	  4.2456e+06
865.635	  4.24412e+06
865.922	  4.24264e+06
866.209	  4.24116e+06
866.496	  4.23969e+06
866.783	  4.23821e+06
867.07	  4.23673e+06
867.357	  4.23526e+06
867.644	  4.23378e+06
867.931	  4.23231e+06
868.218	  4.23084e+06
868.505	  4.22936e+06
868.792	  4.22789e+06
869.079	  4.22642e+06
869.366	  4.22495e+06
869.653	  4.22348e+06
869.94	  4.222e+06
870.227	  4.22053e+06
870.514	  4.21907e+06
870.801	  4.2176e+06
871.088	  4.21613e+06
871.375	  4.21466e+06
871.662	  4.21319e+06
871.949	  4.21173e+06
872.236	  4.21026e+06
872.523	  4.20879e+06
872.81	  4.20733e+06
873.097	  4.20586e+06
873.384	  4.2044e+06
873.671	  4.20294e+06
873.958	  4.20147e+06
874.245	  4.20001e+06
874.532	  4.19855e+06
874.819	  4.19709e+06
875.106	  4.19562e+06
875.393	  4.19416e+06
875.68	  4.1927e+06
875.967	  4.19124e+06
876.254	  4.18979e+06
876.541	  4.18833e+06
876.828	  4.18687e+06
877.115	  4.18541e+06
877.402	  4.18395e+06
877.689	  4.1825e+06
877.976	  4.18104e+06
878.263	  4.17959e+06
878.55	  4.17813e+06
878.837	  4.17668e+06
879.124	  4.17522e+06
879.411	  4.17377e+06
879.698	  4.17232e+06
879.985	  4.17087e+06
880.272	  4.16941e+06
880.559	  4.16796e+06
880.846	  4.16651e+06
881.133	  4.16506e+06
881.42	  4.16361e+06
881.707	  4.16216e+06
881.994	  4.16071e+06
882.281	  4.15927e+06
882.568	  4.15782e+06
882.855	  4.15637e+06
883.142	  4.15493e+06
883.429	  4.15348e+06
883.716	  4.15203e+06
884.003	  4.15059e+06
884.29	  4.14915e+06
884.577	  4.1477e+06
884.864	  4.14626e+06
885.151	  4.14482e+06
885.438	  4.14337e+06
885.725	  4.14193e+06
886.012	  4.14049e+06
886.299	  4.13905e+06
886.586	  4.13761e+06
886.873	  4.13617e+06
887.16	  4.13473e+06
887.447	  4.13329e+06
887.734	  4.13186e+06
888.021	  4.13042e+06
888.308	  4.12898e+06
888.595	  4.12754e+06
888.882	  4.12611e+06
889.169	  4.12467e+06
889.456	  4.12324e+06
889.743	  4.1218e+06
890.03	  4.12037e+06
890.317	  4.11894e+06
890.604	  4.1175e+06
890.891	  4.11607e+06
891.178	  4.11464e+06
891.465	  4.11321e+06
891.752	  4.11178e+06
892.039	  4.11035e+06
892.326	  4.10892e+06
892.613	  4.10749e+06
892.9	  4.10606e+06
893.187	  4.10463e+06
893.474	  4.10321e+06
893.761	  4.10178e+06
894.048	  4.10035e+06
894.335	  4.09893e+06
894.622	  4.0975e+06
894.909	  4.09608e+06
895.196	  4.09465e+06
895.483	  4.09323e+06
895.77	  4.09181e+06
896.057	  4.09038e+06
896.344	  4.08896e+06
896.631	  4.08754e+06
896.918	  4.08612e+06
897.205	  4.0847e+06
897.492	  4.08328e+06
897.779	  4.08186e+06
898.066	  4.08044e+06
898.353	  4.07902e+06
898.64	  4.0776e+06
898.927	  4.07619e+06
899.214	  4.07477e+06
899.501	  4.07335e+06
899.788	  4.07194e+06
900.075	  4.07052e+06
900.362	  4.06911e+06
900.649	  4.06769e+06
900.936	  4.06628e+06
901.223	  4.06487e+06
901.51	  4.06345e+06
901.797	  4.06204e+06
902.084	  4.06063e+06
902.371	  4.05922e+06
902.658	  4.05781e+06
902.945	  4.0564e+06
903.232	  4.05499e+06
903.519	  4.05358e+06
903.806	  4.05217e+06
904.093	  4.05076e+06
904.38	  4.04936e+06
904.667	  4.04795e+06
904.954	  4.04654e+06
905.241	  4.04514e+06
905.528	  4.04373e+06
905.815	  4.04233e+06
906.102	  4.04093e+06
906.389	  4.03952e+06
906.676	  4.03812e+06
906.963	  4.03672e+06
907.25	  4.03531e+06
907.537	  4.03391e+06
907.824	  4.03251e+06
908.111	  4.03111e+06
908.398	  4.02971e+06
908.685	  4.02831e+06
908.972	  4.02691e+06
909.259	  4.02552e+06
909.546	  4.02412e+06
909.833	  4.02272e+06
910.12	  4.02132e+06
910.407	  4.01993e+06
910.694	  4.01853e+06
910.981	  4.01714e+06
911.268	  4.01574e+06
911.555	  4.01435e+06
911.842	  4.01295e+06
912.129	  4.01156e+06
912.416	  4.01017e+06
912.703	  4.00878e+06
912.99	  4.00739e+06
913.277	  4.006e+06
913.564	  4.00461e+06
913.851	  4.00322e+06
914.138	  4.00183e+06
914.425	  4.00044e+06
914.712	  3.99905e+06
914.999	  3.99766e+06
915.286	  3.99627e+06
915.573	  3.99489e+06
915.86	  3.9935e+06
916.147	  3.99212e+06
916.434	  3.99073e+06
916.721	  3.98935e+06
917.008	  3.98796e+06
917.295	  3.98658e+06
917.582	  3.9852e+06
917.869	  3.98381e+06
918.156	  3.98243e+06
918.443	  3.98105e+06
918.73	  3.97967e+06
919.017	  3.97829e+06
919.304	  3.97691e+06
919.591	  3.97553e+06
919.878	  3.97415e+06
920.165	  3.97278e+06
920.452	  3.9714e+06
920.739	  3.97002e+06
921.026	  3.96864e+06
921.313	  3.96727e+06
921.6	  3.96589e+06
921.887	  3.96452e+06
922.174	  3.96314e+06
922.461	  3.96177e+06
922.748	  3.9604e+06
923.035	  3.95902e+06
923.322	  3.95765e+06
923.609	  3.95628e+06
923.896	  3.95491e+06
924.183	  3.95354e+06
924.47	  3.95217e+06
924.757	  3.9508e+06
925.044	  3.94943e+06
925.331	  3.94806e+06
925.618	  3.94669e+06
925.905	  3.94532e+06
926.192	  3.94396e+06
926.479	  3.94259e+06
926.766	  3.94123e+06
927.053	  3.93986e+06
927.34	  3.9385e+06
927.627	  3.93713e+06
927.914	  3.93577e+06
928.201	  3.9344e+06
928.488	  3.93304e+06
928.775	  3.93168e+06
929.062	  3.93032e+06
929.349	  3.92896e+06
929.636	  3.9276e+06
929.923	  3.92624e+06
930.21	  3.92488e+06
930.497	  3.92352e+06
930.784	  3.92216e+06
931.071	  3.9208e+06
931.358	  3.91944e+06
931.645	  3.91809e+06
931.932	  3.91673e+06
932.219	  3.91537e+06
932.506	  3.91402e+06
932.793	  3.91266e+06
933.08	  3.91131e+06
933.367	  3.90996e+06
933.654	  3.9086e+06
933.941	  3.90725e+06
934.228	  3.9059e+06
934.515	  3.90455e+06
934.802	  3.9032e+06
935.089	  3.90185e+06
935.376	  3.9005e+06
935.663	  3.89915e+06
935.95	  3.8978e+06
936.237	  3.89645e+06
936.524	  3.8951e+06
936.811	  3.89375e+06
937.098	  3.89241e+06
937.385	  3.89106e+06
937.672	  3.88971e+06
937.959	  3.88837e+06
938.246	  3.88702e+06
938.533	  3.88568e+06
938.82	  3.88434e+06
939.107	  3.88299e+06
939.394	  3.88165e+06
939.681	  3.88031e+06
939.968	  3.87897e+06
940.255	  3.87763e+06
940.542	  3.87629e+06
940.829	  3.87495e+06
941.116	  3.87361e+06
941.403	  3.87227e+06
941.69	  3.87093e+06
941.977	  3.86959e+06
942.264	  3.86825e+06
942.551	  3.86692e+06
942.838	  3.86558e+06
943.125	  3.86424e+06
943.412	  3.86291e+06
943.699	  3.86157e+06
943.986	  3.86024e+06
944.273	  3.85891e+06
944.56	  3.85757e+06
944.847	  3.85624e+06
945.134	  3.85491e+06
945.421	  3.85358e+06
945.708	  3.85225e+06
945.995	  3.85092e+06
946.282	  3.84959e+06
946.569	  3.84826e+06
946.856	  3.84693e+06
947.143	  3.8456e+06
947.43	  3.84427e+06
947.717	  3.84294e+06
948.004	  3.84162e+06
948.291	  3.84029e+06
948.578	  3.83897e+06
948.865	  3.83764e+06
949.152	  3.83632e+06
949.439	  3.83499e+06
949.726	  3.83367e+06
950.013	  3.83234e+06
950.3	  3.83102e+06
950.587	  3.8297e+06
950.874	  3.82838e+06
951.161	  3.82706e+06
951.448	  3.82574e+06
951.735	  3.82442e+06
952.022	  3.8231e+06
952.309	  3.82178e+06
952.596	  3.82046e+06
952.883	  3.81914e+06
953.17	  3.81783e+06
953.457	  3.81651e+06
953.744	  3.81519e+06
954.031	  3.81388e+06
954.318	  3.81256e+06
954.605	  3.81125e+06
954.892	  3.80993e+06
955.179	  3.80862e+06
955.466	  3.80731e+06
955.753	  3.80599e+06
956.04	  3.80468e+06
956.327	  3.80337e+06
956.614	  3.80206e+06
956.901	  3.80075e+06
957.188	  3.79944e+06
957.475	  3.79813e+06
957.762	  3.79682e+06
958.049	  3.79551e+06
958.336	  3.7942e+06
958.623	  3.7929e+06
958.91	  3.79159e+06
959.197	  3.79028e+06
959.484	  3.78898e+06
959.771	  3.78767e+06
960.058	  3.78637e+06
960.345	  3.78506e+06
960.632	  3.78376e+06
960.919	  3.78245e+06
961.206	  3.78115e+06
961.493	  3.77985e+06
961.78	  3.77855e+06
962.067	  3.77725e+06
962.354	  3.77595e+06
962.641	  3.77465e+06
962.928	  3.77335e+06
963.215	  3.77205e+06
963.502	  3.77075e+06
963.789	  3.76945e+06
964.076	  3.76815e+06
964.363	  3.76686e+06
964.65	  3.76556e+06
964.937	  3.76426e+06
965.224	  3.76297e+06
965.511	  3.76167e+06
965.798	  3.76038e+06
966.085	  3.75909e+06
966.372	  3.75779e+06
966.659	  3.7565e+06
966.946	  3.75521e+06
967.233	  3.75392e+06
967.52	  3.75262e+06
967.807	  3.75133e+06
968.094	  3.75004e+06
968.381	  3.74875e+06
968.668	  3.74747e+06
968.955	  3.74618e+06
969.242	  3.74489e+06
969.529	  3.7436e+06
969.816	  3.74231e+06
970.103	  3.74103e+06
970.39	  3.73974e+06
970.677	  3.73846e+06
970.964	  3.73717e+06
971.251	  3.73589e+06
971.538	  3.7346e+06
971.825	  3.73332e+06
972.112	  3.73204e+06
972.399	  3.73075e+06
972.686	  3.72947e+06
972.973	  3.72819e+06
973.26	  3.72691e+06
973.547	  3.72563e+06
973.834	  3.72435e+06
974.121	  3.72307e+06
974.408	  3.72179e+06
974.695	  3.72051e+06
974.982	  3.71924e+06
975.269	  3.71796e+06
975.556	  3.71668e+06
975.843	  3.7154e+06
976.13	  3.71413e+06
976.417	  3.71285e+06
976.704	  3.71158e+06
976.991	  3.71031e+06
977.278	  3.70903e+06
977.565	  3.70776e+06
977.852	  3.70649e+06
978.139	  3.70521e+06
978.426	  3.70394e+06
978.713	  3.70267e+06
979	  3.7014e+06
979.287	  3.70013e+06
979.574	  3.69886e+06
979.861	  3.69759e+06
980.148	  3.69632e+06
980.435	  3.69506e+06
980.722	  3.69379e+06
981.009	  3.69252e+06
981.296	  3.69126e+06
981.583	  3.68999e+06
981.87	  3.68872e+06
982.157	  3.68746e+06
982.444	  3.68619e+06
982.731	  3.68493e+06
983.018	  3.68367e+06
983.305	  3.6824e+06
983.592	  3.68114e+06
983.879	  3.67988e+06
984.166	  3.67862e+06
984.453	  3.67736e+06
984.74	  3.6761e+06
985.027	  3.67484e+06
985.314	  3.67358e+06
985.601	  3.67232e+06
985.888	  3.67106e+06
986.175	  3.6698e+06
986.462	  3.66855e+06
986.749	  3.66729e+06
987.036	  3.66604e+06
987.323	  3.66478e+06
987.61	  3.66352e+06
987.897	  3.66227e+06
988.184	  3.66102e+06
988.471	  3.65976e+06
988.758	  3.65851e+06
989.045	  3.65726e+06
989.332	  3.656e+06
989.619	  3.65475e+06
989.906	  3.6535e+06
990.193	  3.65225e+06
990.48	  3.651e+06
990.767	  3.64975e+06
991.054	  3.6485e+06
991.341	  3.64725e+06
991.628	  3.64601e+06
991.915	  3.64476e+06
992.202	  3.64351e+06
992.489	  3.64227e+06
992.776	  3.64102e+06
993.063	  3.63977e+06
993.35	  3.63853e+06
993.637	  3.63729e+06
993.924	  3.63604e+06
994.211	  3.6348e+06
994.498	  3.63356e+06
994.785	  3.63231e+06
995.072	  3.63107e+06
995.359	  3.62983e+06
995.646	  3.62859e+06
995.933	  3.62735e+06
996.22	  3.62611e+06
996.507	  3.62487e+06
996.794	  3.62363e+06
997.081	  3.62239e+06
997.368	  3.62115e+06
997.655	  3.61992e+06
997.942	  3.61868e+06
998.229	  3.61744e+06
998.516	  3.61621e+06
998.803	  3.61497e+06
999.09	  3.61374e+06
999.377	  3.6125e+06
999.664	  3.61127e+06
999.951	  3.61004e+06
1000.24	  3.6088e+06
1000.52	  3.60757e+06
1000.81	  3.60634e+06
1001.1	  3.60511e+06
1001.39	  3.60388e+06
1001.67	  3.60265e+06
1001.96	  3.60142e+06
1002.25	  3.60019e+06
1002.53	  3.59896e+06
1002.82	  3.59773e+06
1003.11	  3.59651e+06
1003.39	  3.59528e+06
1003.68	  3.59405e+06
1003.97	  3.59283e+06
1004.26	  3.5916e+06
1004.54	  3.59037e+06
1004.83	  3.58915e+06
1005.12	  3.58793e+06
1005.4	  3.5867e+06
1005.69	  3.58548e+06
1005.98	  3.58426e+06
1006.26	  3.58303e+06
1006.55	  3.58181e+06
1006.84	  3.58059e+06
1007.13	  3.57937e+06
1007.41	  3.57815e+06
1007.7	  3.57693e+06
1007.99	  3.57571e+06
1008.27	  3.57449e+06
1008.56	  3.57328e+06
1008.85	  3.57206e+06
1009.13	  3.57084e+06
1009.42	  3.56962e+06
1009.71	  3.56841e+06
1010	  3.56719e+06
1010.28	  3.56598e+06
1010.57	  3.56476e+06
1010.86	  3.56355e+06
1011.14	  3.56234e+06
1011.43	  3.56112e+06
1011.72	  3.55991e+06
1012	  3.5587e+06
1012.29	  3.55749e+06
1012.58	  3.55628e+06
1012.87	  3.55506e+06
1013.15	  3.55385e+06
1013.44	  3.55264e+06
1013.73	  3.55144e+06
1014.01	  3.55023e+06
1014.3	  3.54902e+06
1014.59	  3.54781e+06
1014.88	  3.5466e+06
1015.16	  3.5454e+06
1015.45	  3.54419e+06
1015.74	  3.54299e+06
1016.02	  3.54178e+06
1016.31	  3.54058e+06
1016.6	  3.53937e+06
1016.88	  3.53817e+06
1017.17	  3.53697e+06
1017.46	  3.53576e+06
1017.75	  3.53456e+06
1018.03	  3.53336e+06
1018.32	  3.53216e+06
1018.61	  3.53096e+06
1018.89	  3.52976e+06
1019.18	  3.52856e+06
1019.47	  3.52736e+06
1019.98	  3.52524e+06
1021.08	  3.52065e+06
1022.17	  3.51607e+06
1023.27	  3.5115e+06
1024.38	  3.50693e+06
1025.47	  3.50237e+06
1026.58	  3.49782e+06
1027.67	  3.49327e+06
1028.78	  3.48874e+06
1029.88	  3.48421e+06
1030.97	  3.47968e+06
1032.08	  3.47517e+06
1033.17	  3.47066e+06
1034.28	  3.46616e+06
1035.38	  3.46167e+06
1036.47	  3.45718e+06
1037.58	  3.4527e+06
1038.67	  3.44823e+06
1039.78	  3.44376e+06
1040.88	  3.4393e+06
1041.97	  3.43485e+06
1043.08	  3.43041e+06
1044.17	  3.42597e+06
1045.28	  3.42154e+06
1046.38	  3.41712e+06
1047.47	  3.4127e+06
1048.58	  3.40829e+06
1049.67	  3.40389e+06
1050.78	  3.3995e+06
1051.88	  3.39511e+06
1052.97	  3.39073e+06
1054.08	  3.38635e+06
1055.17	  3.38199e+06
1056.28	  3.37763e+06
1057.38	  3.37328e+06
1058.47	  3.36893e+06
1059.58	  3.36459e+06
1060.67	  3.36026e+06
1061.78	  3.35594e+06
1062.88	  3.35162e+06
1063.97	  3.34731e+06
1065.08	  3.343e+06
1066.17	  3.33871e+06
1067.28	  3.33442e+06
1068.38	  3.33013e+06
1069.47	  3.32586e+06
1070.58	  3.32159e+06
1071.67	  3.31732e+06
1072.78	  3.31307e+06
1073.88	  3.30882e+06
1074.97	  3.30458e+06
1076.08	  3.30034e+06
1077.17	  3.29611e+06
1078.28	  3.29189e+06
1079.38	  3.28768e+06
1080.47	  3.28347e+06
1081.58	  3.27927e+06
1082.67	  3.27507e+06
1083.78	  3.27088e+06
1084.88	  3.2667e+06
1085.97	  3.26253e+06
1087.08	  3.25836e+06
1088.17	  3.2542e+06
1089.28	  3.25005e+06
1090.38	  3.2459e+06
1091.47	  3.24176e+06
1092.58	  3.23762e+06
1093.67	  3.2335e+06
1094.78	  3.22937e+06
1095.88	  3.22526e+06
1096.97	  3.22115e+06
1098.08	  3.21705e+06
1099.17	  3.21296e+06
1100.28	  3.20887e+06
1101.38	  3.20479e+06
1102.47	  3.20071e+06
1103.58	  3.19664e+06
1104.67	  3.19258e+06
1105.78	  3.18853e+06
1106.88	  3.18448e+06
1107.97	  3.18044e+06
1109.08	  3.1764e+06
1110.17	  3.17237e+06
1111.28	  3.16835e+06
1112.38	  3.16433e+06
1113.47	  3.16032e+06
1114.58	  3.15632e+06
1115.67	  3.15233e+06
1116.78	  3.14833e+06
1117.88	  3.14435e+06
1118.97	  3.14037e+06
1120.08	  3.1364e+06
1121.17	  3.13244e+06
1122.28	  3.12848e+06
1123.38	  3.12453e+06
1124.47	  3.12058e+06
1125.58	  3.11664e+06
1126.67	  3.11271e+06
1127.78	  3.10878e+06
1128.88	  3.10486e+06
1129.97	  3.10095e+06
1131.08	  3.09704e+06
1132.17	  3.09314e+06
1133.28	  3.08925e+06
1134.38	  3.08536e+06
1135.47	  3.08148e+06
1136.58	  3.0776e+06
1137.67	  3.07373e+06
1138.78	  3.06987e+06
1139.88	  3.06601e+06
1140.97	  3.06216e+06
1142.08	  3.05831e+06
1143.17	  3.05448e+06
1144.28	  3.05064e+06
1145.38	  3.04682e+06
1146.47	  3.043e+06
1147.58	  3.03918e+06
1148.67	  3.03537e+06
1149.78	  3.03157e+06
1150.88	  3.02778e+06
1151.97	  3.02399e+06
1153.08	  3.0202e+06
1154.17	  3.01643e+06
1155.28	  3.01266e+06
1156.38	  3.00889e+06
1157.47	  3.00513e+06
1158.58	  3.00138e+06
1159.67	  2.99763e+06
1160.78	  2.99389e+06
1161.88	  2.99016e+06
1162.97	  2.98643e+06
1164.08	  2.9827e+06
1165.17	  2.97899e+06
1166.28	  2.97528e+06
1167.38	  2.97157e+06
1168.47	  2.96787e+06
1169.58	  2.96418e+06
1170.67	  2.96049e+06
1171.78	  2.95681e+06
1172.88	  2.95314e+06
1173.97	  2.94947e+06
1175.08	  2.9458e+06
1176.17	  2.94214e+06
1177.28	  2.93849e+06
1178.38	  2.93485e+06
1179.47	  2.93121e+06
1180.58	  2.92757e+06
1181.67	  2.92394e+06
1182.78	  2.92032e+06
1183.88	  2.9167e+06
1184.97	  2.91309e+06
1186.08	  2.90949e+06
1187.17	  2.90589e+06
1188.28	  2.9023e+06
1189.38	  2.89871e+06
1190.47	  2.89513e+06
1191.58	  2.89155e+06
1192.67	  2.88798e+06
1193.78	  2.88441e+06
1194.88	  2.88086e+06
1195.97	  2.8773e+06
1197.08	  2.87375e+06
1198.17	  2.87021e+06
1199.28	  2.86668e+06
1200.38	  2.86315e+06
1201.47	  2.85962e+06
1202.58	  2.8561e+06
1203.67	  2.85259e+06
1204.78	  2.84908e+06
1205.88	  2.84558e+06
1206.97	  2.84208e+06
1208.08	  2.83859e+06
1209.17	  2.8351e+06
1210.28	  2.83162e+06
1211.38	  2.82815e+06
1212.47	  2.82468e+06
1213.58	  2.82122e+06
1214.67	  2.81776e+06
1215.78	  2.81431e+06
1216.88	  2.81086e+06
1217.97	  2.80742e+06
1219.08	  2.80398e+06
1220.17	  2.80055e+06
1221.28	  2.79713e+06
1222.38	  2.79371e+06
1223.47	  2.79029e+06
1224.58	  2.78688e+06
1225.67	  2.78348e+06
1226.78	  2.78008e+06
1227.88	  2.77669e+06
1228.97	  2.7733e+06
1230.08	  2.76992e+06
1231.17	  2.76655e+06
1232.28	  2.76318e+06
1233.38	  2.75981e+06
1234.47	  2.75645e+06
1235.58	  2.7531e+06
1236.67	  2.74975e+06
1237.78	  2.7464e+06
1238.88	  2.74307e+06
1239.97	  2.73973e+06
1241.08	  2.7364e+06
1242.17	  2.73308e+06
1243.28	  2.72976e+06
1244.38	  2.72645e+06
1245.47	  2.72315e+06
1246.58	  2.71984e+06
1247.67	  2.71655e+06
1248.78	  2.71326e+06
1249.88	  2.70997e+06
1250.97	  2.70669e+06
1252.08	  2.70341e+06
1253.17	  2.70014e+06
1254.28	  2.69688e+06
1255.38	  2.69362e+06
1256.47	  2.69036e+06
1257.58	  2.68712e+06
1258.67	  2.68387e+06
1259.78	  2.68063e+06
1260.88	  2.6774e+06
1261.97	  2.67417e+06
1263.08	  2.67094e+06
1264.17	  2.66773e+06
1265.28	  2.66451e+06
1266.38	  2.6613e+06
1267.47	  2.6581e+06
1268.58	  2.6549e+06
1269.67	  2.65171e+06
1270.78	  2.64852e+06
1271.88	  2.64534e+06
1272.97	  2.64216e+06
1274.08	  2.63899e+06
1275.17	  2.63582e+06
1276.28	  2.63265e+06
1277.38	  2.6295e+06
1278.47	  2.62634e+06
1279.58	  2.6232e+06
1280.67	  2.62005e+06
1281.78	  2.61691e+06
1282.88	  2.61378e+06
1283.97	  2.61065e+06
1285.08	  2.60753e+06
1286.17	  2.60441e+06
1287.28	  2.6013e+06
1288.38	  2.59819e+06
1289.47	  2.59508e+06
1290.58	  2.59199e+06
1291.67	  2.58889e+06
1292.78	  2.5858e+06
1293.88	  2.58272e+06
1294.97	  2.57964e+06
1296.08	  2.57656e+06
1297.17	  2.57349e+06
1298.28	  2.57043e+06
1299.38	  2.56737e+06
1300.47	  2.56431e+06
1301.58	  2.56126e+06
1302.67	  2.55822e+06
1303.78	  2.55518e+06
1304.88	  2.55214e+06
1305.97	  2.54911e+06
1307.08	  2.54608e+06
1308.17	  2.54306e+06
1309.28	  2.54004e+06
1310.38	  2.53703e+06
1311.47	  2.53402e+06
1312.58	  2.53102e+06
1313.67	  2.52802e+06
1314.78	  2.52503e+06
1315.88	  2.52204e+06
1316.97	  2.51906e+06
1318.08	  2.51608e+06
1319.17	  2.5131e+06
1320.28	  2.51013e+06
1321.38	  2.50717e+06
1322.47	  2.50421e+06
1323.58	  2.50125e+06
1324.67	  2.4983e+06
1325.78	  2.49535e+06
1326.88	  2.49241e+06
1327.97	  2.48947e+06
1329.08	  2.48654e+06
1330.17	  2.48361e+06
1331.28	  2.48069e+06
1332.38	  2.47777e+06
1333.47	  2.47485e+06
1334.58	  2.47194e+06
1335.67	  2.46904e+06
1336.78	  2.46613e+06
1337.88	  2.46324e+06
1338.97	  2.46034e+06
1340.08	  2.45746e+06
1341.17	  2.45457e+06
1342.28	  2.45169e+06
1343.38	  2.44882e+06
1344.47	  2.44595e+06
1345.58	  2.44309e+06
1346.67	  2.44022e+06
1347.78	  2.43737e+06
1348.88	  2.43452e+06
1349.97	  2.43167e+06
1351.08	  2.42883e+06
1352.17	  2.42599e+06
1353.28	  2.42315e+06
1354.38	  2.42032e+06
1355.47	  2.4175e+06
1356.58	  2.41468e+06
1357.67	  2.41186e+06
1358.78	  2.40905e+06
1359.88	  2.40624e+06
1360.97	  2.40343e+06
1362.08	  2.40064e+06
1363.17	  2.39784e+06
1364.28	  2.39505e+06
1365.38	  2.39226e+06
1366.47	  2.38948e+06
1367.58	  2.3867e+06
1368.67	  2.38393e+06
1369.78	  2.38116e+06
1370.88	  2.3784e+06
1371.97	  2.37564e+06
1373.08	  2.37288e+06
1374.17	  2.37013e+06
1375.28	  2.36738e+06
1376.38	  2.36464e+06
1377.47	  2.3619e+06
1378.58	  2.35916e+06
1379.67	  2.35643e+06
1380.78	  2.3537e+06
1381.88	  2.35098e+06
1382.97	  2.34826e+06
1384.08	  2.34555e+06
1385.17	  2.34284e+06
1386.28	  2.34013e+06
1387.38	  2.33743e+06
1388.47	  2.33473e+06
1389.58	  2.33204e+06
1390.67	  2.32935e+06
1391.78	  2.32667e+06
1392.88	  2.32399e+06
1393.97	  2.32131e+06
1395.08	  2.31864e+06
1396.17	  2.31597e+06
1397.28	  2.3133e+06
1398.38	  2.31064e+06
1399.47	  2.30799e+06
1400.58	  2.30533e+06
1401.67	  2.30269e+06
1402.78	  2.30004e+06
1403.88	  2.2974e+06
1404.97	  2.29477e+06
1406.08	  2.29214e+06
1407.17	  2.28951e+06
1408.28	  2.28688e+06
1409.38	  2.28426e+06
1410.47	  2.28165e+06
1411.58	  2.27904e+06
1412.67	  2.27643e+06
1413.78	  2.27382e+06
1414.88	  2.27123e+06
1415.97	  2.26863e+06
1417.08	  2.26604e+06
1418.17	  2.26345e+06
1419.28	  2.26087e+06
1420.38	  2.25829e+06
1421.47	  2.25571e+06
1422.58	  2.25314e+06
1423.67	  2.25057e+06
1424.78	  2.24801e+06
1425.88	  2.24545e+06
1426.97	  2.24289e+06
1428.08	  2.24034e+06
1429.17	  2.23779e+06
1430.28	  2.23524e+06
1431.38	  2.2327e+06
1432.47	  2.23017e+06
1433.58	  2.22763e+06
1434.67	  2.2251e+06
1435.78	  2.22258e+06
1436.88	  2.22006e+06
1437.97	  2.21754e+06
1439.08	  2.21503e+06
1440.17	  2.21252e+06
1441.28	  2.21001e+06
1442.38	  2.20751e+06
1443.47	  2.20501e+06
1444.58	  2.20251e+06
1445.67	  2.20002e+06
1446.78	  2.19754e+06
1447.88	  2.19505e+06
1448.97	  2.19257e+06
1450.08	  2.1901e+06
1451.17	  2.18762e+06
1452.28	  2.18516e+06
1453.38	  2.18269e+06
1454.47	  2.18023e+06
1455.58	  2.17777e+06
1456.67	  2.17532e+06
1457.78	  2.17287e+06
1458.88	  1.58316e+06
1459.97	  1.58142e+06
1461.08	  1.57968e+06
1462.17	  1.57795e+06
1463.28	  1.57622e+06
1464.38	  1.57449e+06
1465.47	  1.57276e+06
1466.58	  1.57104e+06
1467.67	  1.56932e+06
1468.78	  1.5676e+06
1469.88	  1.56589e+06
1470.97	  1.56418e+06
1472.08	  1.56247e+06
1473.17	  1.56076e+06
1474.28	  1.55906e+06
1475.38	  1.55736e+06
1476.47	  1.55566e+06
1477.58	  1.55397e+06
1478.67	  1.55228e+06
1479.78	  1.55059e+06
1480.88	  1.54891e+06
1481.97	  1.54722e+06
1483.08	  1.54554e+06
1484.17	  1.54387e+06
1485.28	  1.54219e+06
1486.38	  1.54052e+06
1487.47	  1.53885e+06
1488.58	  1.53719e+06
1489.67	  1.53553e+06
1490.78	  1.53387e+06
1491.88	  1.53221e+06
1492.97	  1.53056e+06
1494.08	  1.5289e+06
1495.17	  1.52725e+06
1496.28	  1.52561e+06
1497.38	  1.52397e+06
1498.47	  1.52233e+06
1499.58	  1.52069e+06
1500.67	  1.51905e+06
1501.78	  1.51742e+06
1502.88	  1.51579e+06
1503.97	  1.51417e+06
1505.08	  1.51254e+06
1506.17	  1.51092e+06
1507.28	  1.5093e+06
1508.38	  1.50769e+06
1509.47	  1.50607e+06
1510.58	  1.50446e+06
1511.67	  1.50286e+06
1512.78	  1.50125e+06
1513.88	  1.49965e+06
1514.97	  1.49805e+06
1516.08	  1.49645e+06
1517.17	  1.49486e+06
1518.28	  1.49327e+06
1519.38	  1.49168e+06
1520.47	  1.49009e+06
1521.58	  1.48851e+06
1522.67	  1.48693e+06
1523.78	  1.48535e+06
1524.88	  1.48378e+06
1525.97	  1.4822e+06
1527.08	  1.48063e+06
1528.17	  1.47907e+06
1529.28	  1.4775e+06
1530.38	  1.47594e+06
1531.47	  1.47438e+06
1532.58	  1.47282e+06
1533.67	  1.47127e+06
1534.78	  1.46972e+06
1535.88	  1.46817e+06
1536.97	  1.46662e+06
1538.08	  1.46508e+06
1539.17	  1.46354e+06
1540.28	  1.462e+06
1541.38	  1.46046e+06
1542.47	  1.45893e+06
1543.58	  1.4574e+06
1544.67	  1.45587e+06
1545.78	  1.45434e+06
1546.88	  1.45282e+06
1547.97	  1.4513e+06
1549.08	  1.44978e+06
1550.17	  1.44827e+06
1551.28	  1.44676e+06
1552.38	  1.44525e+06
1553.47	  1.44374e+06
1554.58	  1.44223e+06
1555.67	  1.44073e+06
1556.78	  1.43923e+06
1557.88	  1.43773e+06
1558.97	  1.43624e+06
1560.08	  1.43475e+06
1561.17	  1.43326e+06
1562.28	  1.43177e+06
1563.38	  1.43028e+06
1564.47	  1.4288e+06
1565.58	  1.42732e+06
1566.67	  1.42585e+06
1567.78	  1.42437e+06
1568.88	  1.4229e+06
1569.97	  1.42143e+06
1571.08	  1.41996e+06
1572.17	  1.4185e+06
1573.28	  1.41704e+06
1574.38	  1.41558e+06
1575.47	  1.41412e+06
1576.58	  1.41267e+06
1577.67	  1.41122e+06
1578.78	  1.40977e+06
1579.88	  1.40832e+06
1580.97	  1.40688e+06
1582.08	  1.40543e+06
1583.17	  1.40399e+06
1584.28	  1.40256e+06
1585.38	  1.40112e+06
1586.47	  1.39969e+06
1587.58	  1.39826e+06
1588.67	  1.39684e+06
1589.78	  1.39541e+06
1590.88	  1.39399e+06
1591.97	  1.39257e+06
1593.08	  1.39115e+06
1594.17	  1.38974e+06
1595.28	  1.38833e+06
1596.38	  1.38692e+06
1597.47	  1.38551e+06
1598.58	  1.38411e+06
1599.67	  1.38271e+06
1600.78	  1.38131e+06
1601.88	  1.37991e+06
1602.97	  1.37852e+06
1604.08	  1.37713e+06
1605.17	  1.37574e+06
1606.28	  1.37435e+06
1607.38	  1.37297e+06
1608.47	  1.37159e+06
1609.58	  1.37021e+06
1610.67	  1.36883e+06
1611.78	  1.36746e+06
1612.88	  1.36609e+06
1613.97	  1.36472e+06
1615.08	  1.36335e+06
1616.17	  1.36199e+06
1617.28	  1.36063e+06
1618.38	  1.35927e+06
1619.47	  1.35792e+06
1620.58	  1.35656e+06
1621.67	  1.35521e+06
1622.78	  1.35387e+06
1623.88	  1.35252e+06
1624.97	  1.35118e+06
1626.08	  1.34984e+06
1627.17	  1.34851e+06
1628.28	  1.34717e+06
1629.38	  1.34584e+06
1630.47	  1.34451e+06
1631.58	  1.34319e+06
1632.67	  1.34187e+06
1633.78	  1.34055e+06
1634.88	  1.33924e+06
1635.97	  1.33792e+06
1637.08	  1.33662e+06
1638.17	  1.33531e+06
1639.28	  1.33401e+06
1640.38	  1.33271e+06
1641.47	  1.33142e+06
1642.58	  1.33014e+06
1643.67	  1.32886e+06
1644.78	  1.32758e+06
1645.88	  1.3263e+06
1646.97	  1.32503e+06
1648.08	  1.32375e+06
1649.17	  1.32248e+06
1650.28	  1.32121e+06
1651.38	  1.31994e+06
1652.47	  1.31867e+06
1653.58	  1.3174e+06
1654.67	  1.31614e+06
1655.78	  1.31487e+06
1656.88	  1.31361e+06
1657.97	  1.31234e+06
1659.08	  1.31108e+06
1660.17	  1.30983e+06
1661.28	  1.30857e+06
1662.38	  1.30731e+06
1663.47	  1.30606e+06
1664.58	  1.3048e+06
1665.67	  1.30355e+06
1666.78	  1.3023e+06
1667.88	  1.30105e+06
1668.97	  1.2998e+06
1670.08	  1.29855e+06
1671.17	  1.29731e+06
1672.28	  1.29606e+06
1673.38	  1.29482e+06
1674.47	  1.29358e+06
1675.58	  1.29234e+06
1676.67	  1.2911e+06
1677.78	  1.28986e+06
1678.88	  1.28863e+06
1679.97	  1.28739e+06
1681.08	  1.28616e+06
1682.17	  1.28493e+06
1683.28	  1.2837e+06
1684.38	  1.28247e+06
1685.47	  1.28124e+06
1686.58	  1.28001e+06
1687.67	  1.27879e+06
1688.78	  1.27756e+06
1689.88	  1.27634e+06
1690.97	  1.27512e+06
1692.08	  1.2739e+06
1693.17	  1.27268e+06
1694.28	  1.27146e+06
1695.38	  1.27025e+06
1696.47	  1.26903e+06
1697.58	  1.26782e+06
1698.67	  1.26661e+06
1699.78	  1.2654e+06
1700.88	  1.26419e+06
1701.97	  1.26298e+06
1703.08	  1.26177e+06
1704.17	  1.26057e+06
1705.28	  1.25936e+06
1706.38	  1.25816e+06
1707.47	  1.25696e+06
1708.58	  1.25576e+06
1709.67	  1.25456e+06
1710.78	  1.25336e+06
1711.88	  1.25217e+06
1712.97	  1.25097e+06
1714.08	  1.24978e+06
1715.17	  1.24858e+06
1716.28	  1.24739e+06
1717.38	  1.2462e+06
1718.47	  1.24502e+06
1719.58	  1.24383e+06
1720.67	  1.24264e+06
1721.78	  1.24146e+06
1722.88	  1.24027e+06
1723.97	  1.23909e+06
1725.08	  1.23791e+06
1726.17	  1.23673e+06
1727.28	  1.23555e+06
1728.38	  1.23438e+06
1729.47	  1.2332e+06
1730.58	  1.23203e+06
1731.67	  1.23085e+06
1732.78	  1.22968e+06
1733.88	  1.22851e+06
1734.97	  1.22734e+06
1736.08	  1.22618e+06
1737.17	  1.22501e+06
1738.28	  1.22384e+06
1739.38	  1.22268e+06
1740.47	  1.22152e+06
1741.58	  1.22036e+06
1742.67	  1.2192e+06
1743.78	  1.21804e+06
1744.88	  1.21688e+06
1745.97	  1.21572e+06
1747.08	  1.21457e+06
1748.17	  1.21341e+06
1749.28	  1.21226e+06
1750.38	  1.21111e+06
1751.47	  1.20996e+06
1752.58	  1.20881e+06
1753.67	  1.20766e+06
1754.78	  1.20652e+06
1755.88	  1.20537e+06
1756.97	  1.20423e+06
1758.08	  1.20308e+06
1759.17	  1.20194e+06
1760.28	  1.2008e+06
1761.38	  1.19966e+06
1762.47	  1.19853e+06
1763.58	  1.19739e+06
1764.67	  1.19626e+06
1765.78	  1.19512e+06
1766.88	  1.19399e+06
1767.97	  1.19286e+06
1769.08	  1.19173e+06
1770.17	  1.1906e+06
1771.28	  1.18947e+06
1772.38	  1.18834e+06
1773.47	  1.18722e+06
1774.58	  1.18609e+06
1775.67	  1.18497e+06
1776.78	  1.18385e+06
1777.88	  1.18273e+06
1778.97	  1.18161e+06
1780.08	  1.18049e+06
1781.17	  1.17938e+06
1782.28	  1.17826e+06
1783.38	  1.17715e+06
1784.47	  1.17603e+06
1785.58	  1.17492e+06
1786.67	  1.17381e+06
1787.78	  1.1727e+06
1788.88	  1.17159e+06
1789.97	  1.17048e+06
1791.08	  1.16938e+06
1792.17	  1.16827e+06
1793.28	  1.16717e+06
1794.38	  1.16607e+06
1795.47	  1.16497e+06
1796.58	  1.16387e+06
1797.67	  1.16277e+06
1798.78	  1.16167e+06
1799.88	  1.16058e+06
1800.97	  1.15948e+06
1802.08	  1.15839e+06
1803.17	  1.15729e+06
1804.28	  1.1562e+06
1805.38	  1.15511e+06
1806.47	  1.15402e+06
1807.58	  1.15293e+06
1808.67	  1.15185e+06
1809.78	  1.15076e+06
1810.88	  1.14968e+06
1811.97	  1.14859e+06
1813.08	  1.14751e+06
1814.17	  1.14643e+06
1815.28	  1.14535e+06
1816.38	  1.14427e+06
1817.47	  1.1432e+06
1818.58	  1.14212e+06
1819.67	  1.14104e+06
1820.78	  1.13997e+06
1821.88	  1.1389e+06
1822.97	  1.13783e+06
1824.08	  1.13676e+06
1825.17	  1.13569e+06
1826.28	  1.13462e+06
1827.38	  1.13355e+06
1828.47	  1.13249e+06
1829.58	  1.13142e+06
1830.67	  1.13036e+06
1831.78	  1.1293e+06
1832.88	  1.12823e+06
1833.97	  1.12717e+06
1835.08	  1.12612e+06
1836.17	  1.12506e+06
1837.28	  1.124e+06
1838.38	  1.12295e+06
1839.47	  1.12189e+06
1840.58	  1.12084e+06
1841.67	  1.11979e+06
1842.78	  1.11874e+06
1843.88	  1.11769e+06
1844.97	  1.11664e+06
1846.08	  1.11559e+06
1847.17	  1.11454e+06
1848.28	  1.1135e+06
1849.38	  1.11246e+06
1850.47	  1.11141e+06
1851.58	  1.11037e+06
1852.67	  1.10933e+06
1853.78	  1.10829e+06
1854.88	  1.10725e+06
1855.97	  1.10622e+06
1857.08	  1.10518e+06
1858.17	  1.10414e+06
1859.28	  1.10311e+06
1860.38	  1.10208e+06
1861.47	  1.10105e+06
1862.58	  1.10002e+06
1863.67	  1.09899e+06
1864.78	  1.09796e+06
1865.88	  1.09693e+06
1866.97	  1.0959e+06
1868.08	  1.09488e+06
1869.17	  1.09386e+06
1870.28	  1.09283e+06
1871.38	  1.09181e+06
1872.47	  1.09079e+06
1873.58	  1.08977e+06
1874.67	  1.08875e+06
1875.78	  1.08774e+06
1876.88	  1.08672e+06
1877.97	  1.0857e+06
1879.08	  1.08469e+06
1880.17	  1.08368e+06
1881.28	  1.08267e+06
1882.38	  1.08166e+06
1883.47	  1.08065e+06
1884.58	  1.07964e+06
1885.67	  1.07863e+06
1886.78	  1.07762e+06
1887.88	  1.07662e+06
1888.97	  1.07561e+06
1890.08	  1.07461e+06
1891.17	  1.07361e+06
1892.28	  1.07261e+06
1893.38	  1.07161e+06
1894.47	  1.07061e+06
1895.58	  1.06961e+06
1896.67	  1.06862e+06
1897.78	  1.06762e+06
1898.88	  1.06663e+06
1899.97	  1.06563e+06
1901.08	  1.06464e+06
1902.17	  1.06365e+06
1903.28	  1.06266e+06
1904.38	  1.06167e+06
1905.47	  1.06068e+06
1906.58	  1.05969e+06
1907.67	  1.05871e+06
1908.78	  1.05772e+06
1909.88	  1.05674e+06
1910.97	  1.05576e+06
1912.08	  1.05478e+06
1913.17	  1.0538e+06
1914.28	  1.05282e+06
1915.38	  1.05184e+06
1916.47	  1.05086e+06
1917.58	  1.04988e+06
1918.67	  1.04891e+06
1919.78	  1.04793e+06
1920.88	  1.04696e+06
1921.97	  1.04599e+06
1923.08	  1.04502e+06
1924.17	  1.04405e+06
1925.28	  1.04308e+06
1926.38	  1.04211e+06
1927.47	  1.04114e+06
1928.58	  1.04018e+06
1929.67	  1.03921e+06
1930.78	  1.03825e+06
1931.88	  1.03729e+06
1932.97	  1.03632e+06
1934.08	  1.03536e+06
1935.17	  1.0344e+06
1936.28	  1.03345e+06
1937.38	  1.03249e+06
1938.47	  1.03153e+06
1939.58	  1.03058e+06
1940.67	  1.02962e+06
1941.78	  1.02867e+06
1942.88	  1.02771e+06
1943.97	  1.02676e+06
1945.08	  1.02581e+06
1946.17	  1.02486e+06
1947.28	  1.02391e+06
1948.38	  1.02297e+06
1949.47	  1.02202e+06
1950.58	  1.02108e+06
1951.67	  1.02013e+06
1952.78	  1.01919e+06
1953.88	  1.01825e+06
1954.97	  1.0173e+06
1956.08	  1.01636e+06
1957.17	  1.01542e+06
1958.28	  1.01449e+06
1959.38	  1.01355e+06
1960.47	  1.01261e+06
1961.58	  1.01168e+06
1962.67	  1.01074e+06
1963.78	  1.00981e+06
1964.88	  1.00888e+06
1965.97	  1.00795e+06
1967.08	  1.00702e+06
1968.17	  1.00609e+06
1969.28	  1.00516e+06
1970.38	  1.00423e+06
1971.47	  1.0033e+06
1972.58	  1.00238e+06
1973.67	  1.00145e+06
1974.78	  1.00053e+06
1975.88	  999608
1976.97	  998687
1978.08	  997766
1979.17	  996847
1980.28	  995928
1981.38	  995011
1982.47	  994094
1983.58	  993179
1984.67	  992264
1985.78	  991351
1986.88	  990438
1987.97	  989526
1989.08	  988616
1990.17	  987706
1991.28	  986797
1992.38	  985890
1993.47	  984983
1994.58	  984077
1995.67	  983172
1996.78	  982268
1997.88	  981365
1998.97	  980463
2000.08	  979562
2001.17	  978662
2002.28	  977763
2003.38	  976865
2004.47	  975968
2005.58	  975072
2006.67	  974176
2007.78	  973282
2008.88	  972389
2009.97	  971496
2011.08	  970605
2012.17	  969714
2013.28	  968825
2014.38	  967936
2015.47	  967048
2016.58	  966162
2017.67	  965276
2018.78	  964391
2019.88	  963507
2020.97	  962624
2022.08	  961742
2023.18	  960861
2024.28	  959981
2025.38	  959102
2026.47	  958223
2027.58	  957346
2028.68	  956469
2029.78	  955594
2030.88	  954719
2031.97	  953846
2033.08	  952973
2034.18	  952101
2035.28	  951230
2036.38	  950360
2037.47	  949491
2038.58	  948623
2039.68	  947756
2040.78	  946890
2041.88	  946024
2042.97	  945160
2044.08	  944296
2045.18	  943434
2046.28	  942572
2047.38	  941711
2048.47	  940852
2049.57	  939993
2050.68	  939134
2051.78	  938277
2052.88	  937421
2053.97	  936566
2055.07	  935711
2056.18	  934858
2057.28	  934005
2058.38	  933153
2059.47	  932303
2060.57	  931453
2061.68	  930604
2062.78	  929756
2063.88	  928908
2064.97	  928062
2066.07	  927216
2067.18	  926372
2068.28	  925528
2069.38	  924685
2070.47	  923844
2071.57	  923003
2072.68	  922162
2073.78	  921323
2074.88	  920485
2075.97	  919647
2077.07	  918811
2078.18	  917975
2079.28	  917140
2080.38	  916306
2081.47	  915473
2082.57	  914641
2083.68	  913810
2084.78	  912979
2085.88	  912150
2086.97	  911321
2088.07	  910493
2089.18	  909666
2090.28	  908840
2091.38	  908015
2092.47	  907191
2093.57	  906367
2094.68	  905545
2095.78	  904723
2096.88	  903902
2097.97	  903082
2099.07	  902263
2100.18	  901445
2101.28	  900627
2102.38	  899811
2103.47	  898995
2104.57	  898180
2105.68	  897366
2106.78	  896553
2107.88	  895741
2108.97	  894929
2110.07	  894119
2111.18	  893309
2112.28	  892500
2113.38	  891692
2114.47	  890885
2115.57	  890078
2116.68	  889273
2117.78	  888468
2118.88	  887664
2119.97	  886861
2121.07	  886059
2122.18	  885258
2123.28	  884458
2124.38	  883658
2125.47	  882859
2126.57	  882061
2127.68	  881264
2128.78	  880468
2129.88	  879672
2130.97	  878878
2132.07	  878084
2133.18	  877291
2134.28	  876499
2135.38	  875708
2136.47	  874917
2137.57	  874127
2138.68	  873339
2139.78	  872551
2140.88	  871763
2141.97	  870977
2143.07	  870192
2144.18	  869407
2145.28	  868623
2146.38	  867840
2147.47	  867058
2148.57	  866276
2149.68	  865495
2150.78	  864716
2151.88	  863937
2152.97	  863158
2154.07	  862381
2155.18	  861604
2156.28	  860829
2157.38	  860054
2158.47	  859280
2159.57	  858506
2160.68	  857734
2161.78	  856962
2162.88	  856191
2163.97	  855421
2165.07	  854652
2166.18	  853883
2167.28	  853115
2168.38	  852348
2169.47	  851582
2170.57	  850817
2171.68	  850052
2172.78	  849289
2173.88	  848526
2174.97	  847764
2176.07	  847002
2177.18	  846242
2178.28	  845482
2179.38	  844723
2180.47	  843965
2181.57	  843207
2182.68	  842450
2183.78	  841695
2184.88	  840940
2185.97	  840185
2187.07	  839432
2188.18	  838679
2189.28	  837927
2190.38	  837176
2191.47	  836426
2192.57	  835676
2193.68	  834927
2194.78	  834179
2195.88	  833432
2196.97	  832685
2198.07	  831940
2199.18	  831195
2200.28	  830450
2201.38	  829707
2202.47	  828964
2203.57	  828222
2204.68	  827481
2205.78	  826741
2206.88	  826001
2207.97	  825263
2209.07	  824524
2210.18	  823787
2211.28	  823051
2212.38	  822315
2213.47	  821580
2214.57	  820846
2215.68	  820112
2216.78	  819379
2217.88	  818647
2218.97	  817916
2220.07	  817186
2221.18	  816456
2222.28	  815727
2223.38	  814999
2224.47	  814271
2225.57	  813544
2226.68	  812818
2227.78	  812093
2228.88	  811369
2229.97	  810645
2231.07	  809922
2232.18	  809200
2233.28	  808478
2234.38	  807758
2235.47	  807038
2236.57	  806318
2237.68	  805600
2238.78	  804882
2239.88	  804165
2240.97	  803449
2242.07	  802733
2243.18	  802018
2244.28	  801304
2245.38	  800591
2246.47	  799878
2247.57	  799166
2248.68	  798455
2249.78	  797744
2250.88	  797035
2251.97	  796326
2253.07	  795618
2254.18	  794910
2255.28	  794203
2256.38	  793497
2257.47	  792792
2258.57	  792087
2259.68	  791383
2260.78	  790680
2261.88	  789977
2262.97	  789276
2264.07	  788575
2265.18	  787874
2266.28	  787175
2267.38	  786476
2268.47	  785778
2269.57	  785080
2270.68	  784383
2271.78	  783687
2272.88	  782992
2273.97	  782298
2275.07	  781604
2276.18	  780910
2277.28	  780218
2278.38	  779526
2279.47	  778835
2280.57	  674118
2281.68	  673544
2282.78	  672971
2283.88	  672398
2284.97	  671826
2286.07	  671254
2287.18	  670683
2288.28	  670112
2289.38	  669542
2290.47	  668973
2291.57	  668404
2292.68	  667836
2293.78	  667268
2294.88	  666701
2295.97	  666134
2297.07	  665568
2298.18	  665003
2299.28	  664438
2300.38	  663874
2301.47	  663310
2302.57	  662747
2303.68	  662184
2304.78	  661622
2305.88	  661061
2306.97	  660500
2308.07	  659939
2309.18	  659379
2310.28	  658820
2311.38	  658262
2312.47	  657703
2313.57	  657146
2314.68	  656589
2315.78	  656032
2316.88	  655476
2317.97	  654921
2319.07	  654366
2320.18	  653812
2321.28	  653258
2322.38	  652705
2323.47	  652153
2324.57	  651601
2325.68	  651049
2326.78	  650498
2327.88	  649948
2328.97	  649398
2330.07	  648849
2331.18	  648300
2332.28	  647752
2333.38	  647204
2334.47	  646657
2335.57	  646110
2336.68	  645564
2337.78	  645019
2338.88	  644474
2339.97	  643930
2341.07	  643386
2342.18	  642842
2343.28	  642300
2344.38	  641757
2345.47	  641216
2346.57	  640675
2347.68	  640134
2348.78	  639594
2349.88	  639054
2350.97	  638515
2352.07	  637977
2353.18	  637439
2354.28	  636901
2355.38	  636365
2356.47	  635828
2357.57	  635292
2358.68	  634757
2359.78	  634222
2360.88	  633688
2361.97	  633154
2363.07	  632621
2364.18	  632088
2365.28	  631556
2366.38	  631025
2367.47	  630494
2368.57	  629963
2369.68	  629433
2370.78	  628904
2371.88	  628375
2372.97	  627846
2374.07	  627318
2375.18	  626791
2376.28	  626264
2377.38	  625738
2378.47	  625212
2379.57	  624687
2380.68	  624162
2381.78	  623637
2382.88	  623114
2383.97	  622590
2385.07	  622068
2386.18	  621545
2387.28	  621024
2388.38	  620503
2389.47	  619982
2390.57	  619462
2391.68	  618942
2392.78	  618423
2393.88	  617904
2394.97	  617386
2396.07	  616869
2397.18	  616351
2398.28	  615835
2399.38	  615319
2400.47	  614803
2401.57	  614288
2402.68	  613773
2403.78	  613259
2404.88	  612746
2405.97	  612233
2407.07	  611720
2408.18	  611208
2409.28	  610697
2410.38	  610186
2411.47	  609675
2412.57	  609165
2413.68	  608655
2414.78	  608146
2415.88	  607638
2416.97	  607130
2418.07	  606622
2419.18	  606115
2420.28	  605609
2421.38	  605103
2422.47	  604597
2423.57	  604092
2424.68	  603587
2425.78	  603083
2426.88	  602580
2427.97	  602077
2429.07	  601574
2430.18	  601072
2431.28	  600570
2432.38	  600069
2433.47	  599569
2434.57	  599069
2435.68	  598569
2436.78	  598070
2437.88	  597571
2438.97	  597073
2440.07	  596575
2441.18	  596078
2442.28	  595581
2443.38	  595085
2444.47	  594589
2445.57	  594094
2446.68	  593599
2447.78	  593105
2448.88	  592611
2449.97	  592118
2451.07	  591625
2452.18	  591132
2453.28	  590640
2454.38	  590149
2455.47	  589658
2456.57	  589167
2457.68	  588677
2458.78	  588188
2459.88	  587699
2460.97	  587210
2462.07	  586722
2463.18	  586235
2464.28	  585747
2465.38	  585261
2466.47	  584775
2467.57	  584289
2468.68	  583803
2469.78	  583319
2470.88	  582834
2471.97	  582351
2473.07	  581867
2474.18	  581384
2475.28	  580902
2476.38	  580420
2477.47	  579938
