Emission arising from a slab of Hydrogen (both H and H-).
   
Parameters of the slab:
n_e = 3e+13 cm-3
T_e = 8000 K
tau(lambda=300 nm) = 0.05
L = 2.12073e+07 cm
   
Wavelength (nm), Emission (erg s-1 cm-2 nm-1 sr-1)
50	  0.092021
91.2	  83.7606
120	  5358.4
150	  70356.5
175	  278031
200	  750809
225	  1.572e+06
250	  2.76625e+06
270	  3.96738e+06
290	  5.3461e+06
300	  6.08721e+06
305	  6.46792e+06
310	  6.85433e+06
315	  7.24565e+06
320	  7.64107e+06
322.5	  7.84009e+06
325	  8.03984e+06
327	  8.2001e+06
329	  8.36073e+06
329.999	  8.44109e+06
330.266	  8.46258e+06
330.533	  8.48407e+06
330.8	  8.50557e+06
331.067	  8.52707e+06
331.334	  8.54858e+06
331.601	  8.57009e+06
331.868	  8.59161e+06
332.135	  8.61313e+06
332.402	  8.63466e+06
332.669	  8.65619e+06
332.936	  8.67773e+06
333.203	  8.69927e+06
333.47	  8.72081e+06
333.737	  8.74236e+06
334.004	  8.76391e+06
334.271	  8.78546e+06
334.538	  8.80702e+06
334.805	  8.82858e+06
335.072	  8.85014e+06
335.339	  8.87171e+06
335.606	  8.89328e+06
335.873	  8.91485e+06
336.14	  8.93643e+06
336.407	  8.958e+06
336.674	  8.97958e+06
336.941	  9.00117e+06
337.208	  9.02276e+06
337.475	  9.04434e+06
337.742	  9.06593e+06
338.009	  9.08752e+06
338.276	  9.10912e+06
338.543	  9.13071e+06
338.81	  9.15231e+06
339.077	  9.17391e+06
339.344	  9.19551e+06
339.611	  9.21711e+06
339.878	  9.23872e+06
340.145	  9.26032e+06
340.412	  9.28193e+06
340.679	  9.30353e+06
340.946	  9.32514e+06
341.213	  9.34675e+06
341.48	  9.36835e+06
341.747	  9.38996e+06
342.014	  9.41157e+06
342.281	  9.43319e+06
342.548	  9.4548e+06
342.815	  9.47641e+06
343.082	  9.49802e+06
343.349	  9.51963e+06
343.616	  9.54124e+06
343.883	  9.56285e+06
344.15	  9.58446e+06
344.417	  9.60607e+06
344.684	  9.62768e+06
344.951	  9.64928e+06
345.218	  9.67089e+06
345.485	  9.6925e+06
345.752	  9.7141e+06
346.019	  9.73571e+06
346.286	  9.75731e+06
346.553	  9.77891e+06
346.82	  9.80051e+06
347.087	  9.82211e+06
347.354	  9.84371e+06
347.621	  9.8653e+06
347.888	  9.8869e+06
348.155	  9.90849e+06
348.422	  9.93008e+06
348.689	  9.95167e+06
348.956	  9.97325e+06
349.223	  9.99484e+06
349.49	  1.00164e+07
349.757	  1.0038e+07
350.024	  1.00596e+07
350.291	  1.00811e+07
350.558	  1.01027e+07
350.825	  1.01243e+07
351.092	  1.01458e+07
351.359	  1.01674e+07
351.626	  1.0189e+07
351.893	  1.02105e+07
352.16	  1.02321e+07
352.427	  1.02536e+07
352.694	  1.02752e+07
352.961	  1.02967e+07
353.228	  1.03183e+07
353.495	  1.03398e+07
353.762	  1.03613e+07
354.029	  1.03828e+07
354.296	  1.04044e+07
354.563	  1.04259e+07
354.83	  1.04474e+07
355.097	  1.04689e+07
355.364	  1.04904e+07
355.631	  1.05119e+07
355.898	  1.05334e+07
356.165	  1.05549e+07
356.432	  1.05764e+07
356.699	  1.05979e+07
356.966	  1.06193e+07
357.233	  1.06408e+07
357.5	  1.06623e+07
357.767	  1.06837e+07
358.034	  1.07052e+07
358.301	  1.07266e+07
358.568	  1.07481e+07
358.835	  1.07695e+07
359.102	  1.0791e+07
359.369	  1.08124e+07
359.636	  1.08338e+07
359.903	  1.08552e+07
360.17	  1.08766e+07
360.437	  1.0898e+07
360.704	  1.09194e+07
360.971	  1.09408e+07
361.238	  1.09622e+07
361.505	  1.09836e+07
361.772	  1.10049e+07
362.039	  1.10263e+07
362.306	  1.10477e+07
362.573	  1.1069e+07
363	  1.11032e+07
363.027	  1.11053e+07
363.054	  1.11074e+07
363.08	  1.11096e+07
363.107	  1.11117e+07
363.134	  1.11138e+07
363.16	  1.1116e+07
363.187	  1.11181e+07
363.214	  1.11202e+07
363.24	  1.11224e+07
363.267	  1.11245e+07
363.294	  1.11266e+07
363.321	  1.11288e+07
363.347	  1.11309e+07
363.374	  1.1133e+07
363.401	  1.11352e+07
363.427	  1.11373e+07
363.454	  1.11394e+07
363.481	  1.11416e+07
363.508	  1.11437e+07
363.534	  1.11458e+07
363.561	  1.11479e+07
363.588	  1.11501e+07
363.614	  1.11522e+07
363.641	  1.11543e+07
363.668	  1.11565e+07
363.694	  1.11586e+07
363.721	  1.11607e+07
363.748	  1.11629e+07
363.774	  1.1165e+07
363.801	  1.11671e+07
363.828	  1.11693e+07
363.855	  1.11714e+07
363.881	  1.11735e+07
363.908	  1.11757e+07
363.935	  1.11778e+07
363.961	  1.11799e+07
363.988	  1.1182e+07
364.015	  1.11842e+07
364.041	  1.11863e+07
364.068	  1.11884e+07
364.095	  1.11906e+07
364.122	  1.11927e+07
364.148	  1.11948e+07
364.175	  1.1197e+07
364.202	  1.11991e+07
364.228	  1.12012e+07
364.255	  1.12034e+07
364.282	  1.12055e+07
364.308	  1.12076e+07
364.335	  1.12097e+07
364.362	  1.12119e+07
364.389	  1.1214e+07
364.415	  1.12161e+07
364.442	  1.12183e+07
364.469	  1.12204e+07
364.495	  1.12225e+07
364.522	  1.12247e+07
364.549	  1.12268e+07
364.575	  1.12289e+07
364.602	  1.12311e+07
364.629	  1.12332e+07
364.656	  1.12353e+07
364.682	  1.12375e+07
364.709	  1.12396e+07
364.736	  497326
364.762	  497410
364.789	  497495
364.816	  497579
364.842	  497663
364.869	  497748
364.896	  497832
364.923	  497917
364.949	  498001
364.976	  498085
365.003	  498170
365.029	  498254
365.056	  498339
365.083	  498423
365.11	  498508
365.136	  498592
365.163	  498676
365.19	  498761
365.216	  498845
365.243	  498929
365.27	  499014
365.296	  499098
365.323	  499183
365.35	  499267
365.377	  499351
365.403	  499436
365.43	  499520
365.457	  499604
365.483	  499689
365.51	  499773
365.537	  499857
365.563	  499942
365.59	  500026
365.617	  500110
365.643	  500195
365.67	  500279
365.697	  500363
365.724	  500448
365.75	  500532
365.777	  500616
365.804	  500700
365.83	  500785
365.857	  500869
365.884	  500953
365.91	  501038
365.937	  501122
365.964	  501206
365.991	  501291
365.991	  501291
366.258	  502133
366.525	  502975
366.792	  503817
367.059	  504658
367.326	  505499
367.593	  506340
367.86	  507180
368.127	  508019
368.394	  508859
368.661	  509698
368.928	  510536
369.195	  511374
369.462	  512212
369.729	  513049
369.996	  513886
370.263	  514722
370.53	  515558
370.797	  516394
371.064	  517229
371.331	  518064
371.598	  518898
371.865	  519732
372.132	  520565
372.399	  521398
372.666	  522231
372.933	  523063
373.2	  523894
373.467	  524725
373.734	  525556
374.001	  526386
374.268	  527216
374.535	  528046
374.802	  528874
375.069	  529703
375.336	  530531
375.603	  531358
375.87	  532186
376.137	  533012
376.404	  533838
376.671	  534664
376.938	  535489
377.205	  536314
377.472	  537138
377.739	  537962
378.006	  538785
378.273	  539608
378.54	  540430
378.807	  541252
379.074	  542073
379.341	  542894
379.608	  543714
379.875	  544534
380.142	  545353
380.409	  546172
380.676	  546990
380.943	  547808
381.21	  548625
381.477	  549442
381.744	  550258
382.011	  551074
382.278	  551889
382.545	  552704
382.812	  553518
383.079	  554332
383.346	  555145
383.613	  555958
383.88	  556770
384.147	  557582
384.414	  558393
384.681	  559203
384.948	  560013
385.215	  560823
385.482	  561632
385.749	  562440
386.016	  563248
386.283	  564055
386.55	  564862
386.817	  565668
387.084	  566474
387.351	  567279
387.618	  568084
387.885	  568888
388.152	  569691
388.419	  570494
388.686	  571297
388.953	  572098
389.22	  572900
389.487	  573700
389.754	  574500
390.021	  575300
390.288	  576099
390.555	  576898
390.822	  577695
391.089	  578493
391.356	  579289
391.623	  580086
391.89	  580881
392.157	  581676
392.424	  582471
392.691	  583264
392.958	  584058
393.225	  584850
393.492	  585643
393.759	  586434
394.026	  587225
394.293	  588015
394.56	  588805
394.827	  589594
395.094	  590383
395.361	  591171
395.628	  591958
395.895	  592745
396.162	  593531
396.429	  594317
396.696	  595102
396.963	  595886
397.23	  596670
397.497	  597453
397.764	  598236
398.031	  599018
398.298	  599799
398.565	  600580
398.832	  601360
399.099	  602139
399.366	  602918
399.633	  603697
399.9	  604474
400.167	  605251
400.434	  606028
400.701	  606803
400.968	  607579
401.235	  608353
401.502	  609127
401.769	  609900
402.036	  610673
402.303	  611445
402.57	  612216
402.837	  612987
403.104	  613757
403.371	  614527
403.638	  615296
403.905	  616064
404.172	  616832
404.439	  617599
404.706	  618365
404.973	  619131
405.24	  619896
405.507	  620660
405.774	  621424
406.041	  622187
406.308	  622949
406.575	  623711
406.842	  624472
407.109	  625233
407.376	  625992
407.643	  626752
407.91	  627510
408.177	  628268
408.444	  629025
408.711	  629782
408.978	  630538
409.245	  631293
409.512	  632048
409.779	  632801
410.046	  633555
410.313	  634307
410.58	  635059
410.847	  635810
411.114	  636561
411.381	  637311
411.648	  638060
411.915	  638809
412.182	  639557
412.449	  640304
412.716	  641050
412.983	  641796
413.25	  642541
413.517	  643286
413.784	  644030
414.051	  644773
414.318	  645516
414.585	  646257
414.852	  646998
415.119	  647739
415.386	  648479
415.653	  649218
415.92	  649956
416.187	  650694
416.454	  651431
416.721	  652167
416.988	  652903
417.255	  653638
417.522	  654372
417.789	  655106
418.056	  655839
418.323	  656571
418.59	  657302
418.857	  658033
419.124	  658763
419.391	  659492
419.658	  660221
419.925	  660949
420.192	  661676
420.459	  662403
420.726	  663129
420.993	  663854
421.26	  664579
421.527	  665302
421.794	  666025
422.061	  666748
422.328	  667470
422.595	  668191
422.862	  668911
423.129	  669630
423.396	  670349
423.663	  671067
423.93	  671785
424.197	  672501
424.464	  673217
424.731	  673933
424.998	  674647
425.265	  675361
425.532	  676074
425.799	  676787
426.066	  677498
426.333	  678209
426.6	  678920
426.867	  679629
427.134	  680338
427.401	  681046
427.668	  681754
427.935	  682460
428.202	  683166
428.469	  683871
428.736	  684576
429.003	  685280
429.27	  685983
429.537	  686685
429.804	  687387
430.071	  688087
430.338	  688788
430.605	  689487
430.872	  690186
431.139	  690884
431.406	  691581
431.673	  692278
431.94	  692973
432.207	  693668
432.474	  694363
432.741	  695056
433.008	  695749
433.275	  696441
433.542	  697132
433.809	  697823
434.076	  698513
434.343	  699202
434.61	  699891
434.877	  700578
435.144	  701265
435.411	  701951
435.678	  702637
435.945	  703322
436.212	  704006
436.479	  704689
436.746	  705372
437.013	  706053
437.28	  706734
437.547	  707415
437.814	  708094
438.081	  708773
438.348	  709451
438.615	  710128
438.882	  710805
439.149	  711481
439.416	  712156
439.683	  712830
439.95	  713504
440.217	  714177
440.484	  714849
440.751	  715520
441.018	  716191
441.285	  716861
441.552	  717530
441.819	  718198
442.086	  718865
442.353	  719532
442.62	  720199
442.887	  720864
443.154	  721528
443.421	  722192
443.688	  722855
443.955	  723518
444.222	  724179
444.489	  724840
444.756	  725500
445.023	  726160
445.29	  726818
445.557	  727476
445.824	  728133
446.091	  728789
446.358	  729445
446.625	  730100
446.892	  730754
447.159	  731407
447.426	  732060
447.693	  732711
447.96	  733362
448.227	  734013
448.494	  734662
448.761	  735311
449.028	  735959
449.295	  736606
449.562	  737252
449.829	  737898
450.096	  738543
450.363	  739187
450.63	  739831
450.897	  740473
451.164	  741115
451.431	  741756
451.698	  742397
451.965	  743036
452.232	  743675
452.499	  744313
452.766	  744951
453.033	  745587
453.3	  746223
453.567	  746858
453.834	  747492
454.101	  748126
454.368	  748759
454.635	  749391
454.902	  750022
455.169	  750652
455.436	  751282
455.703	  751911
455.97	  752539
456.237	  753166
456.504	  753793
456.771	  754419
457.038	  755044
457.305	  755668
457.572	  756292
457.839	  756915
458.106	  757537
458.373	  758158
458.64	  758778
458.907	  759398
459.174	  760017
459.441	  760635
459.708	  761253
459.975	  761869
460.242	  762485
460.509	  763100
460.776	  763715
461.043	  764328
461.31	  764941
461.577	  765553
461.844	  766164
462.111	  766775
462.378	  767385
462.645	  767994
462.912	  768602
463.179	  769209
463.446	  769816
463.713	  770422
463.98	  771027
464.247	  771631
464.514	  772235
464.781	  772838
465.048	  773440
465.315	  774041
465.582	  774642
465.849	  775241
466.116	  775840
466.383	  776438
466.65	  777036
466.917	  777633
467.184	  778228
467.451	  778823
467.718	  779418
467.985	  780011
468.252	  780604
468.519	  781196
468.786	  781787
469.053	  782378
469.32	  782968
469.587	  783557
469.854	  784145
470.121	  784732
470.388	  785319
470.655	  785905
470.922	  786490
471.189	  787074
471.456	  787658
471.723	  788241
471.99	  788823
472.257	  789404
472.524	  789984
472.791	  790564
473.058	  791143
473.325	  791721
473.592	  792298
473.859	  792875
474.126	  793451
474.393	  794026
474.66	  794600
474.927	  795174
475.194	  795747
475.461	  796319
475.728	  796890
475.995	  797460
476.262	  798030
476.529	  798599
476.796	  799167
477.063	  799735
477.33	  800301
477.597	  800867
477.864	  801432
478.131	  801996
478.398	  802560
478.665	  803123
478.932	  803685
479.199	  804246
479.466	  804806
479.733	  805366
480	  805925
480.267	  806483
480.534	  807040
480.801	  807597
481.068	  808153
481.335	  808708
481.602	  809262
481.869	  809816
482.136	  810369
482.403	  810921
482.67	  811472
482.937	  812022
483.204	  812572
483.471	  813121
483.738	  813669
484.005	  814217
484.272	  814763
484.539	  815309
484.806	  815854
485.073	  816399
485.34	  816942
485.607	  817485
485.874	  818027
486.141	  818568
486.408	  819109
486.675	  819648
486.942	  820187
487.209	  820726
487.476	  821263
487.743	  821800
488.01	  822336
488.277	  822871
488.544	  823405
488.811	  823939
489.078	  824472
489.345	  825004
489.612	  825535
489.879	  826066
490.146	  826595
490.413	  827125
490.68	  827653
490.947	  828180
491.214	  828707
491.481	  829233
491.748	  829758
492.015	  830283
492.282	  830806
492.549	  831329
492.816	  831851
493.083	  832373
493.35	  832894
493.617	  833413
493.884	  833933
494.151	  834451
494.418	  834969
494.685	  835485
494.952	  836002
495.219	  836517
495.486	  837031
495.753	  837545
496.02	  838058
496.287	  838571
496.554	  839082
496.821	  839593
497.088	  840103
497.355	  840612
497.622	  841121
497.889	  841629
498.156	  842136
498.423	  842642
498.69	  843147
498.957	  843652
499.224	  844156
499.491	  844659
499.758	  845162
500.025	  845663
500.292	  846164
500.559	  846665
500.826	  847164
501.093	  847663
501.36	  848161
501.627	  848658
501.894	  849154
502.161	  849650
502.428	  850145
502.695	  850639
502.962	  851132
503.229	  851625
503.496	  852117
503.763	  852608
504.03	  853099
504.297	  853588
504.564	  854077
504.831	  854565
505.098	  855053
505.365	  855539
505.632	  856025
505.899	  856511
506.166	  856995
506.433	  857479
506.7	  857962
506.967	  858444
507.234	  858925
507.501	  859406
507.768	  859886
508.035	  860365
508.302	  860843
508.569	  861321
508.836	  861798
509.103	  862274
509.37	  862750
509.637	  863225
509.904	  863699
510.171	  864172
510.438	  864644
510.705	  865116
510.972	  865587
511.239	  866057
511.506	  866527
511.773	  866996
512.04	  867464
512.307	  867931
512.574	  868398
512.841	  868863
513.108	  869328
513.375	  869793
513.642	  870256
513.909	  870719
514.176	  871181
514.443	  871643
514.71	  872103
514.977	  872563
515.244	  873023
515.511	  873481
515.778	  873939
516.045	  874396
516.312	  874852
516.579	  875308
516.846	  875762
517.113	  876216
517.38	  876670
517.647	  877122
517.914	  877574
518.181	  878025
518.448	  878475
518.715	  878925
518.982	  879374
519.249	  879822
519.516	  880270
519.783	  880716
520.05	  881162
520.317	  881608
520.584	  882052
520.851	  882496
521.118	  882939
521.385	  883381
521.652	  883823
521.919	  884264
522.186	  884704
522.453	  885143
522.72	  885582
522.987	  886020
523.254	  886457
523.521	  886894
523.788	  887330
524.055	  887765
524.322	  888199
524.589	  888633
524.856	  889066
525.123	  889498
525.39	  889929
525.657	  890360
525.924	  890790
526.191	  891220
526.458	  891648
526.725	  892076
526.992	  892503
527.259	  892930
527.526	  893355
527.793	  893780
528.06	  894205
528.327	  894628
528.594	  895051
528.861	  895473
529.128	  895895
529.395	  896315
529.662	  896735
529.929	  897155
530.196	  897573
530.463	  897991
530.73	  898408
530.997	  898824
531.264	  899240
531.531	  899655
531.798	  900070
532.065	  900483
532.332	  900896
532.599	  901308
532.866	  901720
533.133	  902130
533.4	  902540
533.667	  902950
533.934	  903358
534.201	  903766
534.468	  904173
534.735	  904580
535.002	  904986
535.269	  905391
535.536	  905795
535.803	  906199
536.07	  906602
536.337	  907004
536.604	  907405
536.871	  907806
537.138	  908206
537.405	  908606
537.672	  909005
537.939	  909403
538.206	  909800
538.473	  910197
538.74	  910593
539.007	  910988
539.274	  911382
539.541	  911776
539.808	  912169
540.075	  912562
540.342	  912953
540.609	  913345
540.876	  913735
541.143	  914125
541.41	  914514
541.677	  914902
541.944	  915289
542.211	  915676
542.478	  916063
542.745	  916448
543.012	  916833
543.279	  917217
543.546	  917600
543.813	  917983
544.08	  918365
544.347	  918747
544.614	  919127
544.881	  919507
545.148	  919887
545.415	  920265
545.682	  920643
545.949	  921020
546.216	  921397
546.483	  921773
546.75	  922148
547.017	  922522
547.284	  922896
547.551	  923269
547.818	  923642
548.085	  924013
548.352	  924385
548.619	  924755
548.886	  925125
549.153	  925494
549.42	  925862
549.687	  926230
549.954	  926597
550.221	  926963
550.488	  927329
550.755	  927694
551.022	  928058
551.289	  928422
551.556	  928784
551.823	  929147
552.09	  929508
552.357	  929869
552.624	  930229
552.891	  930589
553.158	  930948
553.425	  931306
553.692	  931664
553.959	  932021
554.226	  932377
554.493	  932732
554.76	  933087
555.027	  933441
555.294	  933795
555.561	  934148
555.828	  934500
556.095	  934851
556.362	  935202
556.629	  935552
556.896	  935902
557.163	  936251
557.43	  936599
557.697	  936946
557.964	  937293
558.231	  937639
558.498	  937985
558.765	  938330
559.032	  938674
559.299	  939018
559.566	  939360
560.009	  939928
560.296	  940295
560.583	  940661
560.87	  941026
561.157	  941390
561.444	  941754
561.731	  942117
562.018	  942479
562.305	  942840
562.592	  943201
562.879	  943560
563.166	  943920
563.453	  944278
563.74	  944635
564.027	  944992
564.314	  945348
564.601	  945704
564.888	  946058
565.175	  946412
565.462	  946765
565.749	  947117
566.036	  947469
566.323	  947820
566.61	  948170
566.897	  948519
567.184	  948868
567.471	  949216
567.758	  949563
568.045	  949909
568.332	  950255
568.619	  950599
568.906	  950943
569.193	  951287
569.48	  951629
569.767	  951971
570.054	  952313
570.341	  952653
570.628	  952993
570.915	  953332
571.202	  953670
571.489	  954007
571.776	  954344
572.063	  954680
572.35	  955015
572.637	  955350
572.924	  955683
573.211	  956017
573.498	  956349
573.785	  956680
574.072	  957011
574.359	  957342
574.646	  957671
574.933	  958000
575.22	  958328
575.507	  958655
575.794	  958981
576.081	  959307
576.368	  959632
576.655	  959956
576.942	  960280
577.229	  960603
577.516	  960925
577.803	  961247
578.09	  961567
578.377	  961887
578.664	  962207
578.951	  962525
579.238	  962843
579.525	  963160
579.812	  963477
580.099	  963792
580.386	  964107
580.673	  964422
580.96	  964735
581.247	  965048
581.534	  965360
581.821	  965672
582.108	  965982
582.395	  966292
582.682	  966602
582.969	  966910
583.256	  967218
583.543	  967525
583.83	  967832
584.117	  968137
584.404	  968442
584.691	  968747
584.978	  969050
585.265	  969353
585.552	  969656
585.839	  969957
586.126	  970258
586.413	  970558
586.7	  970858
586.987	  971156
587.274	  971454
587.561	  971752
587.848	  972048
588.135	  972344
588.422	  972640
588.709	  972934
588.996	  973228
589.283	  973521
589.57	  973814
589.857	  974105
590.144	  974397
590.431	  974687
590.718	  974977
591.005	  975266
591.292	  975554
591.579	  975842
591.866	  976129
592.153	  976415
592.44	  976701
592.727	  976985
593.014	  977270
593.301	  977553
593.588	  977836
593.875	  978118
594.162	  978400
594.449	  978681
594.736	  978961
595.023	  979240
595.31	  979519
595.597	  979797
595.884	  980074
596.171	  980351
596.458	  980627
596.745	  980903
597.032	  981177
597.319	  981451
597.606	  981725
597.893	  981997
598.18	  982270
598.467	  982541
598.754	  982812
599.041	  983082
599.328	  983351
599.615	  983620
599.902	  983888
600.189	  984155
600.476	  984422
600.763	  984688
601.05	  984953
601.337	  985218
601.624	  985482
601.911	  985745
602.198	  986008
602.485	  986270
602.772	  986531
603.059	  986792
603.346	  987052
603.633	  987311
603.92	  987570
604.207	  987828
604.494	  988086
604.781	  988342
605.068	  988598
605.355	  988854
605.642	  989109
605.929	  989363
606.216	  989616
606.503	  989869
606.79	  990121
607.077	  990373
607.364	  990624
607.651	  990874
607.938	  991124
608.225	  991373
608.512	  991621
608.799	  991869
609.086	  992116
609.373	  992362
609.66	  992608
609.947	  992853
610.234	  993097
610.521	  993341
610.808	  993584
611.095	  993827
611.382	  994069
611.669	  994310
611.956	  994551
612.243	  994791
612.53	  995030
612.817	  995269
613.104	  995507
613.391	  995744
613.678	  995981
613.965	  996217
614.252	  996453
614.539	  996687
614.826	  996922
615.113	  997155
615.4	  997388
615.687	  997621
615.974	  997852
616.261	  998084
616.548	  998314
616.835	  998544
617.122	  998773
617.409	  999002
617.696	  999230
617.983	  999457
618.27	  999684
618.557	  999910
618.844	  1.00014e+06
619.131	  1.00036e+06
619.418	  1.00058e+06
619.705	  1.00081e+06
619.992	  1.00103e+06
620.279	  1.00125e+06
620.566	  1.00148e+06
620.853	  1.0017e+06
621.14	  1.00192e+06
621.427	  1.00214e+06
621.714	  1.00236e+06
622.001	  1.00258e+06
622.288	  1.00279e+06
622.575	  1.00301e+06
622.862	  1.00323e+06
623.149	  1.00344e+06
623.436	  1.00366e+06
623.723	  1.00387e+06
624.01	  1.00409e+06
624.297	  1.0043e+06
624.584	  1.00452e+06
624.871	  1.00473e+06
625.158	  1.00494e+06
625.445	  1.00515e+06
625.732	  1.00536e+06
626.019	  1.00557e+06
626.306	  1.00578e+06
626.593	  1.00599e+06
626.88	  1.0062e+06
627.167	  1.00641e+06
627.454	  1.00661e+06
627.741	  1.00682e+06
628.028	  1.00703e+06
628.315	  1.00723e+06
628.602	  1.00744e+06
628.889	  1.00764e+06
629.176	  1.00785e+06
629.463	  1.00805e+06
629.75	  1.00825e+06
630.037	  1.00845e+06
630.324	  1.00865e+06
630.611	  1.00885e+06
630.898	  1.00905e+06
631.185	  1.00925e+06
631.472	  1.00945e+06
631.759	  1.00965e+06
632.046	  1.00985e+06
632.333	  1.01005e+06
632.62	  1.01024e+06
632.907	  1.01044e+06
633.194	  1.01063e+06
633.481	  1.01083e+06
633.768	  1.01102e+06
634.055	  1.01122e+06
634.342	  1.01141e+06
634.629	  1.0116e+06
634.916	  1.01179e+06
635.203	  1.01198e+06
635.49	  1.01217e+06
635.777	  1.01236e+06
636.064	  1.01255e+06
636.351	  1.01274e+06
636.638	  1.01293e+06
636.925	  1.01312e+06
637.212	  1.01331e+06
637.499	  1.01349e+06
637.786	  1.01368e+06
638.073	  1.01386e+06
638.36	  1.01405e+06
638.647	  1.01423e+06
638.934	  1.01442e+06
639.221	  1.0146e+06
639.508	  1.01478e+06
639.795	  1.01497e+06
640.082	  1.01515e+06
640.369	  1.01533e+06
640.656	  1.01551e+06
640.943	  1.01569e+06
641.23	  1.01587e+06
641.517	  1.01605e+06
641.804	  1.01622e+06
642.091	  1.0164e+06
642.378	  1.01658e+06
642.665	  1.01675e+06
642.952	  1.01693e+06
643.239	  1.0171e+06
643.526	  1.01728e+06
643.813	  1.01745e+06
644.1	  1.01763e+06
644.387	  1.0178e+06
644.674	  1.01797e+06
644.961	  1.01814e+06
645.248	  1.01832e+06
645.535	  1.01849e+06
645.822	  1.01866e+06
646.109	  1.01883e+06
646.396	  1.01899e+06
646.683	  1.01916e+06
646.97	  1.01933e+06
647.257	  1.0195e+06
647.544	  1.01967e+06
647.831	  1.01983e+06
648.118	  1.02e+06
648.405	  1.02016e+06
648.692	  1.02033e+06
648.979	  1.02049e+06
649.266	  1.02065e+06
649.553	  1.02082e+06
649.84	  1.02098e+06
650.127	  1.02114e+06
650.414	  1.0213e+06
650.701	  1.02146e+06
650.988	  1.02162e+06
651.275	  1.02178e+06
651.562	  1.02194e+06
651.849	  1.0221e+06
652.136	  1.02226e+06
652.423	  1.02242e+06
652.71	  1.02257e+06
652.997	  1.02273e+06
653.284	  1.02289e+06
653.571	  1.02304e+06
653.858	  1.0232e+06
654.145	  1.02335e+06
654.432	  1.02351e+06
654.719	  1.02366e+06
655.006	  1.02381e+06
655.293	  1.02396e+06
655.58	  1.02411e+06
655.867	  1.02427e+06
656.154	  1.02442e+06
656.441	  1.02457e+06
656.728	  1.02472e+06
657.015	  1.02486e+06
657.302	  1.02501e+06
657.589	  1.02516e+06
657.876	  1.02531e+06
658.163	  1.02546e+06
658.45	  1.0256e+06
658.737	  1.02575e+06
659.024	  1.02589e+06
659.311	  1.02604e+06
659.598	  1.02618e+06
659.885	  1.02633e+06
660.172	  1.02647e+06
660.459	  1.02661e+06
660.746	  1.02675e+06
661.033	  1.02689e+06
661.32	  1.02704e+06
661.607	  1.02718e+06
661.894	  1.02732e+06
662.181	  1.02746e+06
662.468	  1.02759e+06
662.755	  1.02773e+06
663.042	  1.02787e+06
663.329	  1.02801e+06
663.616	  1.02815e+06
663.903	  1.02828e+06
664.19	  1.02842e+06
664.477	  1.02855e+06
664.764	  1.02869e+06
665.051	  1.02882e+06
665.338	  1.02896e+06
665.625	  1.02909e+06
665.912	  1.02922e+06
666.199	  1.02935e+06
666.486	  1.02949e+06
666.773	  1.02962e+06
667.06	  1.02975e+06
667.347	  1.02988e+06
667.634	  1.03001e+06
667.921	  1.03014e+06
668.208	  1.03027e+06
668.495	  1.03039e+06
668.782	  1.03052e+06
669.069	  1.03065e+06
669.356	  1.03078e+06
669.643	  1.0309e+06
669.93	  1.03103e+06
670.217	  1.03115e+06
670.504	  1.03128e+06
670.791	  1.0314e+06
671.078	  1.03153e+06
671.365	  1.03165e+06
671.652	  1.03177e+06
671.939	  1.03189e+06
672.226	  1.03202e+06
672.513	  1.03214e+06
672.8	  1.03226e+06
673.087	  1.03238e+06
673.374	  1.0325e+06
673.661	  1.03262e+06
673.948	  1.03274e+06
674.235	  1.03285e+06
674.522	  1.03297e+06
674.809	  1.03309e+06
675.096	  1.03321e+06
675.383	  1.03332e+06
675.67	  1.03344e+06
675.957	  1.03355e+06
676.244	  1.03367e+06
676.531	  1.03378e+06
676.818	  1.0339e+06
677.105	  1.03401e+06
677.392	  1.03412e+06
677.679	  1.03424e+06
677.966	  1.03435e+06
678.253	  1.03446e+06
678.54	  1.03457e+06
678.827	  1.03468e+06
679.114	  1.03479e+06
679.401	  1.0349e+06
679.688	  1.03501e+06
679.975	  1.03512e+06
680.262	  1.03523e+06
680.549	  1.03533e+06
680.836	  1.03544e+06
681.123	  1.03555e+06
681.41	  1.03565e+06
681.697	  1.03576e+06
681.984	  1.03586e+06
682.271	  1.03597e+06
682.558	  1.03607e+06
682.845	  1.03618e+06
683.132	  1.03628e+06
683.419	  1.03638e+06
683.706	  1.03649e+06
683.993	  1.03659e+06
684.28	  1.03669e+06
684.567	  1.03679e+06
684.854	  1.03689e+06
685.141	  1.03699e+06
685.428	  1.03709e+06
685.715	  1.03719e+06
686.002	  1.03729e+06
686.289	  1.03739e+06
686.576	  1.03748e+06
686.863	  1.03758e+06
687.15	  1.03768e+06
687.437	  1.03777e+06
687.724	  1.03787e+06
688.011	  1.03796e+06
688.298	  1.03806e+06
688.585	  1.03815e+06
688.872	  1.03825e+06
689.159	  1.03834e+06
689.446	  1.03843e+06
689.733	  1.03853e+06
690.02	  1.03862e+06
690.307	  1.03871e+06
690.594	  1.0388e+06
690.881	  1.03889e+06
691.168	  1.03898e+06
691.455	  1.03907e+06
691.742	  1.03916e+06
692.029	  1.03925e+06
692.316	  1.03934e+06
692.603	  1.03943e+06
692.89	  1.03952e+06
693.177	  1.0396e+06
693.464	  1.03969e+06
693.751	  1.03978e+06
694.038	  1.03986e+06
694.325	  1.03995e+06
694.612	  1.04003e+06
694.899	  1.04012e+06
695.186	  1.0402e+06
695.473	  1.04028e+06
695.76	  1.04037e+06
696.047	  1.04045e+06
696.334	  1.04053e+06
696.621	  1.04061e+06
696.908	  1.04069e+06
697.195	  1.04078e+06
697.482	  1.04086e+06
697.769	  1.04094e+06
698.056	  1.04102e+06
698.343	  1.04109e+06
698.63	  1.04117e+06
698.917	  1.04125e+06
699.204	  1.04133e+06
699.491	  1.04141e+06
699.778	  1.04148e+06
700.065	  1.04156e+06
700.352	  1.04164e+06
700.639	  1.04171e+06
700.926	  1.04179e+06
701.213	  1.04186e+06
701.5	  1.04194e+06
701.787	  1.04201e+06
702.074	  1.04208e+06
702.361	  1.04216e+06
702.648	  1.04223e+06
702.935	  1.0423e+06
703.222	  1.04237e+06
703.509	  1.04244e+06
703.796	  1.04251e+06
704.083	  1.04258e+06
704.37	  1.04265e+06
704.657	  1.04272e+06
704.944	  1.04279e+06
705.231	  1.04286e+06
705.518	  1.04293e+06
705.805	  1.043e+06
706.092	  1.04307e+06
706.379	  1.04313e+06
706.666	  1.0432e+06
706.953	  1.04327e+06
707.24	  1.04333e+06
707.527	  1.0434e+06
707.814	  1.04346e+06
708.101	  1.04353e+06
708.388	  1.04359e+06
708.675	  1.04365e+06
708.962	  1.04372e+06
709.249	  1.04378e+06
709.536	  1.04384e+06
709.823	  1.0439e+06
710.11	  1.04397e+06
710.397	  1.04403e+06
710.684	  1.04409e+06
710.971	  1.04415e+06
711.258	  1.04421e+06
711.545	  1.04427e+06
711.832	  1.04433e+06
712.119	  1.04438e+06
712.406	  1.04444e+06
712.693	  1.0445e+06
712.98	  1.04456e+06
713.267	  1.04461e+06
713.554	  1.04467e+06
713.841	  1.04473e+06
714.128	  1.04478e+06
714.415	  1.04484e+06
714.702	  1.04489e+06
714.989	  1.04495e+06
715.276	  1.045e+06
715.563	  1.04506e+06
715.85	  1.04511e+06
716.137	  1.04516e+06
716.424	  1.04521e+06
716.711	  1.04527e+06
716.998	  1.04532e+06
717.285	  1.04537e+06
717.572	  1.04542e+06
717.859	  1.04547e+06
718.146	  1.04552e+06
718.433	  1.04557e+06
718.72	  1.04562e+06
719.007	  1.04567e+06
719.294	  1.04572e+06
719.581	  1.04577e+06
719.868	  1.04581e+06
720.155	  1.04586e+06
720.442	  1.04591e+06
720.729	  1.04595e+06
721.016	  1.046e+06
721.303	  1.04605e+06
721.59	  1.04609e+06
721.877	  1.04614e+06
722.164	  1.04618e+06
722.451	  1.04622e+06
722.738	  1.04627e+06
723.025	  1.04631e+06
723.312	  1.04635e+06
723.599	  1.0464e+06
723.886	  1.04644e+06
724.173	  1.04648e+06
724.46	  1.04652e+06
724.747	  1.04656e+06
725.034	  1.0466e+06
725.321	  1.04664e+06
725.608	  1.04668e+06
725.895	  1.04672e+06
726.182	  1.04676e+06
726.469	  1.0468e+06
726.756	  1.04684e+06
727.043	  1.04688e+06
727.33	  1.04691e+06
727.617	  1.04695e+06
727.904	  1.04699e+06
728.191	  1.04703e+06
728.478	  1.04706e+06
728.765	  1.0471e+06
729.052	  1.04713e+06
729.339	  1.04717e+06
729.626	  1.0472e+06
729.913	  1.04724e+06
730.2	  1.04727e+06
730.487	  1.0473e+06
730.774	  1.04734e+06
731.061	  1.04737e+06
731.348	  1.0474e+06
731.635	  1.04743e+06
731.922	  1.04746e+06
732.209	  1.04749e+06
732.496	  1.04753e+06
732.783	  1.04756e+06
733.07	  1.04759e+06
733.357	  1.04762e+06
733.644	  1.04764e+06
733.931	  1.04767e+06
734.218	  1.0477e+06
734.505	  1.04773e+06
734.792	  1.04776e+06
735.079	  1.04778e+06
735.366	  1.04781e+06
735.653	  1.04784e+06
735.94	  1.04786e+06
736.227	  1.04789e+06
736.514	  1.04792e+06
736.801	  1.04794e+06
737.088	  1.04797e+06
737.375	  1.04799e+06
737.662	  1.04801e+06
737.949	  1.04804e+06
738.236	  1.04806e+06
738.523	  1.04808e+06
738.81	  1.04811e+06
739.097	  1.04813e+06
739.384	  1.04815e+06
739.671	  1.04817e+06
739.958	  1.04819e+06
740.245	  1.04821e+06
740.532	  1.04824e+06
740.819	  1.04826e+06
741.106	  1.04827e+06
741.393	  1.04829e+06
741.68	  1.04831e+06
741.967	  1.04833e+06
742.254	  1.04835e+06
742.541	  1.04837e+06
742.828	  1.04839e+06
743.115	  1.0484e+06
743.402	  1.04842e+06
743.689	  1.04844e+06
743.976	  1.04845e+06
744.263	  1.04847e+06
744.55	  1.04848e+06
744.837	  1.0485e+06
745.124	  1.04851e+06
745.411	  1.04853e+06
745.698	  1.04854e+06
745.985	  1.04856e+06
746.272	  1.04857e+06
746.559	  1.04858e+06
746.846	  1.04859e+06
747.133	  1.04861e+06
747.42	  1.04862e+06
747.707	  1.04863e+06
747.994	  1.04864e+06
748.281	  1.04865e+06
748.568	  1.04866e+06
748.855	  1.04867e+06
749.142	  1.04868e+06
749.429	  1.04869e+06
749.716	  1.0487e+06
750.003	  1.04871e+06
750.29	  1.04872e+06
750.577	  1.04873e+06
750.864	  1.04874e+06
751.151	  1.04874e+06
751.438	  1.04875e+06
751.725	  1.04876e+06
752.012	  1.04876e+06
752.299	  1.04877e+06
752.586	  1.04878e+06
752.873	  1.04878e+06
753.16	  1.04879e+06
753.447	  1.04879e+06
753.734	  1.0488e+06
754.021	  1.0488e+06
754.308	  1.0488e+06
754.595	  1.04881e+06
754.882	  1.04881e+06
755.169	  1.04881e+06
755.456	  1.04882e+06
755.743	  1.04882e+06
756.03	  1.04882e+06
756.317	  1.04882e+06
756.604	  1.04882e+06
756.891	  1.04882e+06
757.178	  1.04882e+06
757.465	  1.04882e+06
757.752	  1.04882e+06
758.039	  1.04882e+06
758.326	  1.04882e+06
758.613	  1.04882e+06
758.9	  1.04882e+06
759.187	  1.04882e+06
759.474	  1.04881e+06
759.761	  1.04881e+06
760.048	  1.04881e+06
760.335	  1.04881e+06
760.622	  1.0488e+06
760.909	  1.0488e+06
761.196	  1.04879e+06
761.483	  1.04879e+06
761.77	  1.04879e+06
762.057	  1.04878e+06
762.344	  1.04877e+06
762.631	  1.04877e+06
762.918	  1.04876e+06
763.205	  1.04876e+06
763.492	  1.04875e+06
763.779	  1.04874e+06
764.066	  1.04874e+06
764.353	  1.04873e+06
764.64	  1.04872e+06
764.927	  1.04871e+06
765.214	  1.0487e+06
765.501	  1.04869e+06
765.788	  1.04868e+06
766.075	  1.04868e+06
766.362	  1.04867e+06
766.649	  1.04866e+06
766.936	  1.04864e+06
767.223	  1.04863e+06
767.51	  1.04862e+06
767.797	  1.04861e+06
768.084	  1.0486e+06
768.371	  1.04859e+06
768.658	  1.04858e+06
768.945	  1.04856e+06
769.232	  1.04855e+06
769.519	  1.04854e+06
769.806	  1.04852e+06
770.093	  1.04851e+06
770.38	  1.04849e+06
770.667	  1.04848e+06
770.954	  1.04847e+06
771.241	  1.04845e+06
771.528	  1.04843e+06
771.815	  1.04842e+06
772.102	  1.0484e+06
772.389	  1.04839e+06
772.676	  1.04837e+06
772.963	  1.04835e+06
773.25	  1.04834e+06
773.537	  1.04832e+06
773.824	  1.0483e+06
774.111	  1.04828e+06
774.398	  1.04826e+06
774.685	  1.04824e+06
774.972	  1.04823e+06
775.259	  1.04821e+06
775.546	  1.04819e+06
775.833	  1.04817e+06
776.12	  1.04815e+06
776.407	  1.04813e+06
776.694	  1.0481e+06
776.981	  1.04808e+06
777.268	  1.04806e+06
777.555	  1.04804e+06
777.842	  1.04802e+06
778.129	  1.048e+06
778.416	  1.04797e+06
778.703	  1.04795e+06
778.99	  1.04793e+06
779.277	  1.0479e+06
779.564	  1.04788e+06
779.851	  1.04785e+06
780.138	  1.04783e+06
780.425	  1.04781e+06
780.712	  1.04778e+06
780.999	  1.04775e+06
781.286	  1.04773e+06
781.573	  1.0477e+06
781.86	  1.04768e+06
782.147	  1.04765e+06
782.434	  1.04762e+06
782.721	  1.0476e+06
783.008	  1.04757e+06
783.295	  1.04754e+06
783.582	  1.04751e+06
783.869	  1.04749e+06
784.156	  1.04746e+06
784.443	  1.04743e+06
784.73	  1.0474e+06
785.017	  1.04737e+06
785.304	  1.04734e+06
785.591	  1.04731e+06
785.878	  1.04728e+06
786.165	  1.04725e+06
786.452	  1.04722e+06
786.739	  1.04719e+06
787.026	  1.04716e+06
787.313	  1.04712e+06
787.6	  1.04709e+06
787.887	  1.04706e+06
788.174	  1.04703e+06
788.461	  1.04699e+06
788.748	  1.04696e+06
789.035	  1.04693e+06
789.322	  1.04689e+06
789.609	  1.04686e+06
789.896	  1.04683e+06
790.183	  1.04679e+06
790.47	  1.04676e+06
790.757	  1.04672e+06
791.044	  1.04669e+06
791.331	  1.04665e+06
791.618	  1.04662e+06
791.905	  1.04658e+06
792.192	  1.04654e+06
792.479	  1.04651e+06
792.766	  1.04647e+06
793.053	  1.04643e+06
793.34	  1.0464e+06
793.627	  1.04636e+06
793.914	  1.04632e+06
794.201	  1.04628e+06
794.488	  1.04624e+06
794.775	  1.0462e+06
795.062	  1.04616e+06
795.349	  1.04613e+06
795.636	  1.04609e+06
795.923	  1.04605e+06
796.21	  1.04601e+06
796.497	  1.04597e+06
796.784	  1.04592e+06
797.071	  1.04588e+06
797.358	  1.04584e+06
797.645	  1.0458e+06
797.932	  1.04576e+06
798.219	  1.04572e+06
798.506	  1.04567e+06
798.793	  1.04563e+06
799.08	  1.04559e+06
799.367	  1.04555e+06
799.654	  1.0455e+06
799.941	  1.04546e+06
800.228	  1.04541e+06
800.515	  1.04537e+06
800.802	  1.04533e+06
801.089	  1.04528e+06
801.376	  1.04524e+06
801.663	  1.04519e+06
801.95	  1.04515e+06
802.237	  1.0451e+06
802.524	  1.04505e+06
802.811	  1.04501e+06
803.098	  1.04496e+06
803.385	  1.04491e+06
803.672	  1.04487e+06
803.959	  1.04482e+06
804.246	  1.04477e+06
804.533	  1.04472e+06
804.82	  1.04468e+06
805.107	  1.04463e+06
805.394	  1.04458e+06
805.681	  1.04453e+06
805.968	  1.04448e+06
806.255	  1.04443e+06
806.542	  1.04438e+06
806.829	  1.04433e+06
807.116	  1.04428e+06
807.403	  1.04423e+06
807.69	  1.04418e+06
807.977	  1.04413e+06
808.264	  1.04408e+06
808.551	  1.04403e+06
808.838	  1.04398e+06
809.125	  1.04392e+06
809.412	  1.04387e+06
809.699	  1.04382e+06
809.986	  1.04377e+06
810.273	  1.04371e+06
810.56	  1.04366e+06
810.847	  1.04361e+06
811.134	  1.04355e+06
811.421	  1.0435e+06
811.708	  1.04345e+06
811.995	  1.04339e+06
812.282	  1.04334e+06
812.569	  1.04328e+06
812.856	  1.04323e+06
813.143	  1.04317e+06
813.43	  1.04312e+06
813.717	  1.04306e+06
814.004	  1.04301e+06
814.291	  1.04295e+06
814.578	  1.04289e+06
814.865	  1.04284e+06
815.152	  1.04278e+06
815.439	  1.04272e+06
815.726	  1.04266e+06
816.013	  1.04261e+06
816.3	  1.04255e+06
816.587	  1.04249e+06
816.874	  1.04243e+06
817.161	  1.04237e+06
817.448	  1.04231e+06
817.735	  1.04225e+06
818.022	  1.04219e+06
818.309	  1.04213e+06
818.596	  1.04207e+06
818.883	  1.04201e+06
819.17	  1.04195e+06
819.457	  1.04189e+06
820.002	  1.04178e+06
820.031	  1.04177e+06
820.059	  1.04177e+06
820.088	  1.04176e+06
820.117	  1.04175e+06
820.146	  1.04175e+06
820.174	  1.04174e+06
820.203	  1.04173e+06
820.232	  1.04173e+06
820.26	  1.04172e+06
820.289	  1.04172e+06
820.318	  1.04171e+06
820.346	  1.0417e+06
820.375	  1.0417e+06
820.404	  1.04169e+06
820.433	  1.04169e+06
820.461	  1.04168e+06
820.49	  1.04167e+06
820.519	  1.04167e+06
820.547	  1.04166e+06
820.576	  1.04165e+06
820.605	  1.04165e+06
820.633	  370108
820.662	  370102
820.691	  370096
820.72	  370089
820.748	  370083
820.777	  370077
820.806	  370071
820.834	  370065
820.863	  370059
820.892	  370053
820.92	  370047
820.949	  370041
820.978	  370034
821.007	  370028
821.035	  370022
821.064	  370016
821.093	  370010
821.121	  370004
821.15	  369998
821.179	  369992
821.207	  369986
821.236	  369979
821.265	  369973
821.294	  369967
821.322	  369961
821.351	  369955
821.38	  369949
821.408	  369943
821.437	  369937
821.466	  369930
821.494	  369924
821.523	  369918
821.552	  369912
821.581	  369906
821.609	  369900
821.638	  369894
821.667	  369888
821.695	  369882
821.724	  369875
821.753	  369869
821.781	  369863
821.81	  369857
821.839	  369851
821.868	  369845
821.896	  369839
821.925	  369833
821.954	  369826
821.982	  369820
822.011	  369814
822.011	  369814
822.298	  369753
822.585	  369692
822.872	  369630
823.159	  369569
823.446	  369507
823.733	  369446
824.02	  369384
824.307	  369323
824.594	  369261
824.881	  369200
825.168	  369138
825.455	  369076
825.742	  369015
826.029	  368953
826.316	  368891
826.603	  368829
826.89	  368767
827.177	  368706
827.464	  368644
827.751	  368582
828.038	  368520
828.325	  368458
828.612	  368395
828.899	  368333
829.186	  368271
829.473	  368209
829.76	  368147
830.047	  368085
830.334	  368022
830.621	  367960
830.908	  367898
831.195	  367835
831.482	  367773
831.769	  367710
832.056	  367648
832.343	  367585
832.63	  367523
832.917	  367460
833.204	  367398
833.491	  367335
833.778	  367272
834.065	  367209
834.352	  367147
834.639	  367084
834.926	  367021
835.213	  366958
835.5	  366895
835.787	  366832
836.074	  366770
836.361	  366707
836.648	  366644
836.935	  366580
837.222	  366517
837.509	  366454
837.796	  366391
838.083	  366328
838.37	  366265
838.657	  366202
838.944	  366138
839.231	  366075
839.518	  366012
839.805	  365948
840.092	  365885
840.379	  365821
840.666	  365758
840.953	  365694
841.24	  365631
841.527	  365567
841.814	  365504
842.101	  365440
842.388	  365377
842.675	  365313
842.962	  365249
843.249	  365186
843.536	  365122
843.823	  365058
844.11	  364994
844.397	  364930
844.684	  364866
844.971	  364803
845.258	  364739
845.545	  364675
845.832	  364611
846.119	  364547
846.406	  364483
846.693	  364419
846.98	  364354
847.267	  364290
847.554	  364226
847.841	  364162
848.128	  364098
848.415	  364033
848.702	  363969
848.989	  363905
849.276	  363841
849.563	  363776
849.85	  363712
850.137	  363647
850.424	  363583
850.711	  363519
850.998	  363454
851.285	  363390
851.572	  363325
851.859	  363260
852.146	  363196
852.433	  363131
852.72	  363067
853.007	  363002
853.294	  362937
853.581	  362872
853.868	  362808
854.155	  362743
854.442	  362678
854.729	  362613
855.016	  362548
855.303	  362483
855.59	  362419
855.877	  362354
856.164	  362289
856.451	  362224
856.738	  362159
857.025	  362094
857.312	  362029
857.599	  361963
857.886	  361898
858.173	  361833
858.46	  361768
858.747	  361703
859.034	  361638
859.321	  361572
859.608	  361507
859.895	  361442
860.182	  361377
860.469	  361311
860.756	  361246
861.043	  361180
861.33	  361115
861.617	  361050
861.904	  360984
862.191	  360919
862.478	  360853
862.765	  360788
863.052	  360722
863.339	  360657
863.626	  360591
863.913	  360525
864.2	  360460
864.487	  360394
864.774	  360328
865.061	  360263
865.348	  360197
865.635	  360131
865.922	  360065
866.209	  360000
866.496	  359934
866.783	  359868
867.07	  359802
867.357	  359736
867.644	  359670
867.931	  359604
868.218	  359538
868.505	  359472
868.792	  359406
869.079	  359340
869.366	  359274
869.653	  359208
869.94	  359142
870.227	  359076
870.514	  359010
870.801	  358944
871.088	  358878
871.375	  358812
871.662	  358745
871.949	  358679
872.236	  358613
872.523	  358547
872.81	  358480
873.097	  358414
873.384	  358348
873.671	  358281
873.958	  358215
874.245	  358149
874.532	  358082
874.819	  358016
875.106	  357949
875.393	  357883
875.68	  357816
875.967	  357750
876.254	  357683
876.541	  357617
876.828	  357550
877.115	  357484
877.402	  357417
877.689	  357350
877.976	  357284
878.263	  357217
878.55	  357150
878.837	  357084
879.124	  357017
879.411	  356950
879.698	  356884
879.985	  356817
880.272	  356750
880.559	  356683
880.846	  356616
881.133	  356550
881.42	  356483
881.707	  356416
881.994	  356349
882.281	  356282
882.568	  356215
882.855	  356148
883.142	  356081
883.429	  356014
883.716	  355947
884.003	  355880
884.29	  355813
884.577	  355746
884.864	  355679
885.151	  355612
885.438	  355545
885.725	  355478
886.012	  355411
886.299	  355343
886.586	  355276
886.873	  355209
887.16	  355142
887.447	  355075
887.734	  355007
888.021	  354940
888.308	  354873
888.595	  354806
888.882	  354738
889.169	  354671
889.456	  354604
889.743	  354536
890.03	  354469
890.317	  354402
890.604	  354334
890.891	  354267
891.178	  354199
891.465	  354132
891.752	  354064
892.039	  353997
892.326	  353930
892.613	  353862
892.9	  353794
893.187	  353727
893.474	  353659
893.761	  353592
894.048	  353524
894.335	  353457
894.622	  353389
894.909	  353321
895.196	  353254
895.483	  353186
895.77	  353119
896.057	  353051
896.344	  352983
896.631	  352915
896.918	  352848
897.205	  352780
897.492	  352712
897.779	  352644
898.066	  352577
898.353	  352509
898.64	  352441
898.927	  352373
899.214	  352305
899.501	  352238
899.788	  352170
900.075	  352102
900.362	  352034
900.649	  351966
900.936	  351898
901.223	  351830
901.51	  351762
901.797	  351694
902.084	  351626
902.371	  351559
902.658	  351491
902.945	  351423
903.232	  351355
903.519	  351286
903.806	  351218
904.093	  351150
904.38	  351082
904.667	  351014
904.954	  350946
905.241	  350878
905.528	  350810
905.815	  350742
906.102	  350674
906.389	  350606
906.676	  350537
906.963	  350469
907.25	  350401
907.537	  350333
907.824	  350265
908.111	  350197
908.398	  350128
908.685	  350060
908.972	  349992
909.259	  349924
909.546	  349855
909.833	  349787
910.12	  349719
910.407	  349650
910.694	  349582
910.981	  349514
911.268	  349445
911.555	  349377
911.842	  349309
912.129	  349240
912.416	  349172
912.703	  349104
912.99	  349035
913.277	  348967
913.564	  348898
913.851	  348830
914.138	  348762
914.425	  348693
914.712	  348625
914.999	  348556
915.286	  348488
915.573	  348419
915.86	  348351
916.147	  348282
916.434	  348214
916.721	  348145
917.008	  348077
917.295	  348008
917.582	  347940
917.869	  347871
918.156	  347802
918.443	  347734
918.73	  347665
919.017	  347597
919.304	  347528
919.591	  347459
919.878	  347391
920.165	  347322
920.452	  347253
920.739	  347185
921.026	  347116
921.313	  347048
921.6	  346979
921.887	  346910
922.174	  346841
922.461	  346773
922.748	  346704
923.035	  346635
923.322	  346567
923.609	  346498
923.896	  346429
924.183	  346360
924.47	  346292
924.757	  346223
925.044	  346154
925.331	  346085
925.618	  346016
925.905	  345948
926.192	  345879
926.479	  345810
926.766	  345741
927.053	  345672
927.34	  345604
927.627	  345535
927.914	  345466
928.201	  345397
928.488	  345328
928.775	  345259
929.062	  345190
929.349	  345122
929.636	  345053
929.923	  344984
930.21	  344915
930.497	  344846
930.784	  344777
931.071	  344708
931.358	  344639
931.645	  344570
931.932	  344501
932.219	  344432
932.506	  344363
932.793	  344294
933.08	  344225
933.367	  344156
933.654	  344087
933.941	  344018
934.228	  343949
934.515	  343880
934.802	  343811
935.089	  343742
935.376	  343673
935.663	  343604
935.95	  343535
936.237	  343466
936.524	  343397
936.811	  343328
937.098	  343259
937.385	  343190
937.672	  343121
937.959	  343052
938.246	  342983
938.533	  342914
938.82	  342845
939.107	  342776
939.394	  342707
939.681	  342637
939.968	  342568
940.255	  342499
940.542	  342430
940.829	  342361
941.116	  342292
941.403	  342223
941.69	  342154
941.977	  342084
942.264	  342015
942.551	  341946
942.838	  341877
943.125	  341808
943.412	  341739
943.699	  341670
943.986	  341600
944.273	  341531
944.56	  341462
944.847	  341393
945.134	  341324
945.421	  341254
945.708	  341185
945.995	  341116
946.282	  341047
946.569	  340978
946.856	  340908
947.143	  340839
947.43	  340770
947.717	  340701
948.004	  340632
948.291	  340562
948.578	  340493
948.865	  340424
949.152	  340355
949.439	  340285
949.726	  340216
950.013	  340147
950.3	  340078
950.587	  340008
950.874	  339939
951.161	  339870
951.448	  339801
951.735	  339731
952.022	  339662
952.309	  339593
952.596	  339523
952.883	  339454
953.17	  339385
953.457	  339316
953.744	  339246
954.031	  339177
954.318	  339108
954.605	  339038
954.892	  338969
955.179	  338900
955.466	  338831
955.753	  338761
956.04	  338692
956.327	  338623
956.614	  338553
956.901	  338484
957.188	  338415
957.475	  338345
957.762	  338276
958.049	  338207
958.336	  338137
958.623	  338068
958.91	  337999
959.197	  337929
959.484	  337860
959.771	  337791
960.058	  337721
960.345	  337652
960.632	  337583
960.919	  337513
961.206	  337444
961.493	  337375
961.78	  337305
962.067	  337236
962.354	  337167
962.641	  337097
962.928	  337028
963.215	  336959
963.502	  336889
963.789	  336820
964.076	  336751
964.363	  336681
964.65	  336612
964.937	  336543
965.224	  336473
965.511	  336404
965.798	  336334
966.085	  336265
966.372	  336196
966.659	  336126
966.946	  336057
967.233	  335988
967.52	  335918
967.807	  335849
968.094	  335780
968.381	  335710
968.668	  335641
968.955	  335571
969.242	  335502
969.529	  335433
969.816	  335363
970.103	  335294
970.39	  335225
970.677	  335155
970.964	  335086
971.251	  335016
971.538	  334947
971.825	  334878
972.112	  334808
972.399	  334739
972.686	  334670
972.973	  334600
973.26	  334531
973.547	  334462
973.834	  334392
974.121	  334323
974.408	  334253
974.695	  334184
974.982	  334115
975.269	  334045
975.556	  333976
975.843	  333907
976.13	  333837
976.417	  333768
976.704	  333699
976.991	  333629
977.278	  333560
977.565	  333490
977.852	  333421
978.139	  333352
978.426	  333282
978.713	  333213
979	  333144
979.287	  333074
979.574	  333005
979.861	  332936
980.148	  332866
980.435	  332797
980.722	  332728
981.009	  332658
981.296	  332589
981.583	  332520
981.87	  332450
982.157	  332381
982.444	  332312
982.731	  332242
983.018	  332173
983.305	  332104
983.592	  332034
983.879	  331965
984.166	  331896
984.453	  331826
984.74	  331757
985.027	  331688
985.314	  331618
985.601	  331549
985.888	  331480
986.175	  331410
986.462	  331341
986.749	  331272
987.036	  331202
987.323	  331133
987.61	  331064
987.897	  330995
988.184	  330925
988.471	  330856
988.758	  330787
989.045	  330717
989.332	  330648
989.619	  330579
989.906	  330509
990.193	  330440
990.48	  330371
990.767	  330302
991.054	  330232
991.341	  330163
991.628	  330094
991.915	  330025
992.202	  329955
992.489	  329886
992.776	  329817
993.063	  329748
993.35	  329678
993.637	  329609
993.924	  329540
994.211	  329471
994.498	  329401
994.785	  329332
995.072	  329263
995.359	  329194
995.646	  329124
995.933	  329055
996.22	  328986
996.507	  328917
996.794	  328847
997.081	  328778
997.368	  328709
997.655	  328640
997.942	  328571
998.229	  328501
998.516	  328432
998.803	  328363
999.09	  328294
999.377	  328225
999.664	  328156
999.951	  328086
1000.24	  328017
1000.52	  327948
1000.81	  327879
1001.1	  327810
1001.39	  327741
1001.67	  327671
1001.96	  327602
1002.25	  327533
1002.53	  327464
1002.82	  327395
1003.11	  327326
1003.39	  327257
1003.68	  327187
1003.97	  327118
1004.26	  327049
1004.54	  326980
1004.83	  326911
1005.12	  326842
1005.4	  326773
1005.69	  326704
1005.98	  326635
1006.26	  326565
1006.55	  326496
1006.84	  326427
1007.13	  326358
1007.41	  326289
1007.7	  326220
1007.99	  326151
1008.27	  326082
1008.56	  326013
1008.85	  325944
1009.13	  325875
1009.42	  325806
1009.71	  325737
1010	  325668
1010.28	  325599
1010.57	  325530
1010.86	  325461
1011.14	  325392
1011.43	  325323
1011.72	  325254
1012	  325185
1012.29	  325116
1012.58	  325047
1012.87	  324978
1013.15	  324909
1013.44	  324840
1013.73	  324771
1014.01	  324702
1014.3	  324633
1014.59	  324564
1014.88	  324495
1015.16	  324426
1015.45	  324357
1015.74	  324288
1016.02	  324219
1016.31	  324150
1016.6	  324081
1016.88	  324013
1017.17	  323944
1017.46	  323875
1017.75	  323806
1018.03	  323737
1018.32	  323668
1018.61	  323599
1018.89	  323530
1019.18	  323462
1019.47	  323393
1019.98	  323271
1021.08	  323007
1022.17	  322743
1023.27	  322480
1024.38	  322216
1025.47	  321953
1026.58	  321689
1027.67	  321426
1028.78	  321163
1029.88	  320900
1030.97	  320637
1032.08	  320374
1033.17	  320111
1034.28	  319848
1035.38	  319586
1036.47	  319323
1037.58	  319061
1038.67	  318799
1039.78	  318537
1040.88	  318275
1041.97	  318013
1043.08	  317751
1044.17	  317489
1045.28	  317228
1046.38	  316966
1047.47	  316705
1048.58	  316444
1049.67	  316183
1050.78	  315922
1051.88	  315661
1052.97	  315400
1054.08	  315140
1055.17	  314879
1056.28	  314619
1057.38	  314359
1058.47	  314099
1059.58	  313839
1060.67	  313579
1061.78	  313319
1062.88	  313060
1063.97	  312800
1065.08	  312541
1066.17	  312282
1067.28	  312023
1068.38	  311764
1069.47	  311505
1070.58	  311247
1071.67	  310988
1072.78	  310730
1073.88	  310472
1074.97	  310214
1076.08	  309956
1077.17	  309699
1078.28	  309441
1079.38	  309184
1080.47	  308927
1081.58	  308670
1082.67	  308413
1083.78	  308156
1084.88	  307899
1085.97	  307643
1087.08	  307387
1088.17	  307131
1089.28	  306875
1090.38	  306619
1091.47	  306363
1092.58	  306108
1093.67	  305852
1094.78	  305597
1095.88	  305342
1096.97	  305088
1098.08	  304833
1099.17	  304578
1100.28	  304324
1101.38	  304070
1102.47	  303816
1103.58	  303562
1104.67	  303309
1105.78	  303055
1106.88	  302802
1107.97	  302549
1109.08	  302296
1110.17	  302043
1111.28	  301791
1112.38	  301538
1113.47	  301286
1114.58	  301034
1115.67	  300782
1116.78	  300531
1117.88	  300279
1118.97	  300028
1120.08	  299777
1121.17	  299526
1122.28	  299275
1123.38	  299024
1124.47	  298774
1125.58	  298524
1126.67	  298274
1127.78	  298024
1128.88	  297774
1129.97	  297525
1131.08	  297275
1132.17	  297026
1133.28	  296777
1134.38	  296529
1135.47	  296280
1136.58	  296032
1137.67	  295784
1138.78	  295536
1139.88	  295288
1140.97	  295041
1142.08	  294793
1143.17	  294546
1144.28	  294299
1145.38	  294052
1146.47	  293806
1147.58	  293559
1148.67	  293313
1149.78	  293067
1150.88	  292821
1151.97	  292576
1153.08	  292331
1154.17	  292085
1155.28	  291840
1156.38	  291596
1157.47	  291351
1158.58	  291107
1159.67	  290862
1160.78	  290618
1161.88	  290375
1162.97	  290131
1164.08	  289888
1165.17	  289645
1166.28	  289402
1167.38	  289159
1168.47	  288916
1169.58	  288674
1170.67	  288432
1171.78	  288190
1172.88	  287948
1173.97	  287707
1175.08	  287465
1176.17	  287224
1177.28	  286983
1178.38	  286743
1179.47	  286502
1180.58	  286262
1181.67	  286022
1182.78	  285782
1183.88	  285543
1184.97	  285303
1186.08	  285064
1187.17	  284825
1188.28	  284586
1189.38	  284348
1190.47	  284109
1191.58	  283871
1192.67	  283633
1193.78	  283395
1194.88	  283158
1195.97	  282921
1197.08	  282684
1198.17	  282447
1199.28	  282210
1200.38	  281974
1201.47	  281737
1202.58	  281501
1203.67	  281266
1204.78	  281030
1205.88	  280795
1206.97	  280560
1208.08	  280325
1209.17	  280090
1210.28	  279856
1211.38	  279621
1212.47	  279387
1213.58	  279153
1214.67	  278920
1215.78	  278686
1216.88	  278453
1217.97	  278220
1219.08	  277988
1220.17	  277755
1221.28	  277523
1222.38	  277291
1223.47	  277059
1224.58	  276827
1225.67	  276596
1226.78	  276365
1227.88	  276134
1228.97	  275903
1230.08	  275673
1231.17	  275442
1232.28	  275212
1233.38	  274982
1234.47	  274753
1235.58	  274523
1236.67	  274294
1237.78	  274065
1238.88	  273836
1239.97	  273608
1241.08	  273380
1242.17	  273151
1243.28	  272924
1244.38	  272696
1245.47	  272469
1246.58	  272241
1247.67	  272014
1248.78	  271788
1249.88	  271561
1250.97	  271335
1252.08	  271109
1253.17	  270883
1254.28	  270657
1255.38	  270432
1256.47	  270207
1257.58	  269982
1258.67	  269757
1259.78	  269533
1260.88	  269309
1261.97	  269085
1263.08	  268861
1264.17	  268637
1265.28	  268414
1266.38	  268191
1267.47	  267968
1268.58	  267745
1269.67	  267523
1270.78	  267300
1271.88	  267078
1272.97	  266857
1274.08	  266635
1275.17	  266414
1276.28	  266193
1277.38	  265972
1278.47	  265751
1279.58	  265531
1280.67	  265311
1281.78	  265091
1282.88	  264871
1283.97	  264651
1285.08	  264432
1286.17	  264213
1287.28	  263994
1288.38	  263776
1289.47	  263557
1290.58	  263339
1291.67	  263121
1292.78	  262904
1293.88	  262686
1294.97	  262469
1296.08	  262252
1297.17	  262035
1298.28	  261819
1299.38	  261602
1300.47	  261386
1301.58	  261170
1302.67	  260955
1303.78	  260739
1304.88	  260524
1305.97	  260309
1307.08	  260094
1308.17	  259880
1309.28	  259666
1310.38	  259451
1311.47	  259238
1312.58	  259024
1313.67	  258811
1314.78	  258598
1315.88	  258385
1316.97	  258172
1318.08	  257960
1319.17	  257747
1320.28	  257535
1321.38	  257323
1322.47	  257112
1323.58	  256901
1324.67	  256690
1325.78	  256479
1326.88	  256268
1327.97	  256058
1329.08	  255847
1330.17	  255637
1331.28	  255428
1332.38	  255218
1333.47	  255009
1334.58	  254800
1335.67	  254591
1336.78	  254382
1337.88	  254174
1338.97	  253966
1340.08	  253758
1341.17	  253550
1342.28	  253343
1343.38	  253136
1344.47	  252929
1345.58	  252722
1346.67	  252515
1347.78	  252309
1348.88	  252103
1349.97	  251897
1351.08	  251691
1352.17	  251486
1353.28	  251281
1354.38	  251076
1355.47	  250871
1356.58	  250667
1357.67	  250462
1358.78	  250258
1359.88	  250054
1360.97	  249851
1362.08	  249647
1363.17	  249444
1364.28	  249241
1365.38	  249039
1366.47	  248836
1367.58	  248634
1368.67	  248432
1369.78	  248230
1370.88	  248028
1371.97	  247827
1373.08	  247626
1374.17	  247425
1375.28	  247224
1376.38	  247024
1377.47	  246824
1378.58	  246624
1379.67	  246424
1380.78	  246224
1381.88	  246025
1382.97	  245826
1384.08	  245627
1385.17	  245428
1386.28	  245230
1387.38	  245032
1388.47	  244834
1389.58	  244636
1390.67	  244439
1391.78	  244241
1392.88	  244044
1393.97	  243847
1395.08	  243651
1396.17	  243454
1397.28	  243258
1398.38	  243062
1399.47	  242866
1400.58	  242671
1401.67	  242476
1402.78	  242281
1403.88	  242086
1404.97	  241891
1406.08	  241697
1407.17	  241502
1408.28	  241309
1409.38	  241115
1410.47	  240921
1411.58	  240728
1412.67	  240535
1413.78	  240342
1414.88	  240150
1415.97	  239957
1417.08	  239765
1418.17	  239573
1419.28	  239381
1420.38	  239190
1421.47	  238998
1422.58	  238807
1423.67	  238617
1424.78	  238426
1425.88	  238236
1426.97	  238045
1428.08	  237855
1429.17	  237666
1430.28	  237476
1431.38	  237287
1432.47	  237098
1433.58	  236909
1434.67	  236720
1435.78	  236532
1436.88	  236344
1437.97	  236156
1439.08	  235968
1440.17	  235781
1441.28	  235593
1442.38	  235406
1443.47	  235219
1444.58	  235033
1445.67	  234846
1446.78	  234660
1447.88	  234474
1448.97	  234288
1450.08	  234103
1451.17	  233918
1452.28	  233732
1453.38	  233548
1454.47	  233363
1455.58	  233178
1456.67	  232994
1457.78	  232810
1458.88	  141909
1459.97	  141790
1461.08	  141672
1462.17	  141553
1463.28	  141435
1464.38	  141317
1465.47	  141200
1466.58	  141082
1467.67	  140965
1468.78	  140848
1469.88	  140731
1470.97	  140614
1472.08	  140497
1473.17	  140381
1474.28	  140265
1475.38	  140149
1476.47	  140033
1477.58	  139917
1478.67	  139802
1479.78	  139687
1480.88	  139572
1481.97	  139457
1483.08	  139343
1484.17	  139228
1485.28	  139114
1486.38	  139000
1487.47	  138886
1488.58	  138773
1489.67	  138659
1490.78	  138546
1491.88	  138433
1492.97	  138320
1494.08	  138207
1495.17	  138095
1496.28	  137983
1497.38	  137871
1498.47	  137759
1499.58	  137647
1500.67	  137536
1501.78	  137424
1502.88	  137313
1503.97	  137202
1505.08	  137092
1506.17	  136981
1507.28	  136871
1508.38	  136761
1509.47	  136651
1510.58	  136541
1511.67	  136431
1512.78	  136322
1513.88	  136213
1514.97	  136104
1516.08	  135995
1517.17	  135886
1518.28	  135778
1519.38	  135670
1520.47	  135561
1521.58	  135454
1522.67	  135346
1523.78	  135238
1524.88	  135131
1525.97	  135024
1527.08	  134917
1528.17	  134810
1529.28	  134704
1530.38	  134598
1531.47	  134491
1532.58	  134385
1533.67	  134280
1534.78	  134174
1535.88	  134069
1536.97	  133963
1538.08	  133858
1539.17	  133754
1540.28	  133649
1541.38	  133544
1542.47	  133440
1543.58	  133336
1544.67	  133232
1545.78	  133129
1546.88	  133025
1547.97	  132922
1549.08	  132819
1550.17	  132716
1551.28	  132613
1552.38	  132510
1553.47	  132408
1554.58	  132306
1555.67	  132204
1556.78	  132102
1557.88	  132000
1558.97	  131899
1560.08	  131798
1561.17	  131697
1562.28	  131596
1563.38	  131495
1564.47	  131395
1565.58	  131294
1566.67	  131194
1567.78	  131094
1568.88	  130995
1569.97	  130895
1571.08	  130796
1572.17	  130697
1573.28	  130598
1574.38	  130499
1575.47	  130401
1576.58	  130302
1577.67	  130204
1578.78	  130106
1579.88	  130008
1580.97	  129911
1582.08	  129813
1583.17	  129716
1584.28	  129619
1585.38	  129522
1586.47	  129426
1587.58	  129329
1588.67	  129233
1589.78	  129137
1590.88	  129041
1591.97	  128946
1593.08	  128850
1594.17	  128755
1595.28	  128660
1596.38	  128565
1597.47	  128471
1598.58	  128376
1599.67	  128282
1600.78	  128188
1601.88	  128094
1602.97	  128001
1604.08	  127907
1605.17	  127814
1606.28	  127721
1607.38	  127629
1608.47	  127536
1609.58	  127444
1610.67	  127352
1611.78	  127260
1612.88	  127168
1613.97	  127077
1615.08	  126986
1616.17	  126895
1617.28	  126804
1618.38	  126714
1619.47	  126623
1620.58	  126533
1621.67	  126444
1622.78	  126354
1623.88	  126265
1624.97	  126176
1626.08	  126087
1627.17	  125999
1628.28	  125911
1629.38	  125823
1630.47	  125735
1631.58	  125648
1632.67	  125561
1633.78	  125474
1634.88	  125387
1635.97	  125301
1637.08	  125216
1638.17	  125131
1639.28	  125046
1640.38	  124962
1641.47	  124878
1642.58	  124796
1643.67	  124713
1644.78	  124631
1645.88	  124549
1646.97	  124467
1648.08	  124385
1649.17	  124304
1650.28	  124222
1651.38	  124140
1652.47	  124058
1653.58	  123977
1654.67	  123895
1655.78	  123813
1656.88	  123732
1657.97	  123650
1659.08	  123569
1660.17	  123487
1661.28	  123406
1662.38	  123325
1663.47	  123243
1664.58	  123162
1665.67	  123081
1666.78	  123000
1667.88	  122919
1668.97	  122838
1670.08	  122757
1671.17	  122676
1672.28	  122595
1673.38	  122514
1674.47	  122433
1675.58	  122352
1676.67	  122272
1677.78	  122191
1678.88	  122110
1679.97	  122030
1681.08	  121949
1682.17	  121869
1683.28	  121788
1684.38	  121708
1685.47	  121628
1686.58	  121548
1687.67	  121467
1688.78	  121387
1689.88	  121307
1690.97	  121227
1692.08	  121147
1693.17	  121067
1694.28	  120987
1695.38	  120907
1696.47	  120827
1697.58	  120747
1698.67	  120668
1699.78	  120588
1700.88	  120508
1701.97	  120429
1703.08	  120349
1704.17	  120270
1705.28	  120190
1706.38	  120111
1707.47	  120032
1708.58	  119952
1709.67	  119873
1710.78	  119794
1711.88	  119715
1712.97	  119636
1714.08	  119557
1715.17	  119478
1716.28	  119399
1717.38	  119320
1718.47	  119241
1719.58	  119162
1720.67	  119083
1721.78	  119005
1722.88	  118926
1723.97	  118847
1725.08	  118769
1726.17	  118690
1727.28	  118612
1728.38	  118534
1729.47	  118455
1730.58	  118377
1731.67	  118299
1732.78	  118220
1733.88	  118142
1734.97	  118064
1736.08	  117986
1737.17	  117908
1738.28	  117830
1739.38	  117752
1740.47	  117674
1741.58	  117597
1742.67	  117519
1743.78	  117441
1744.88	  117363
1745.97	  117286
1747.08	  117208
1748.17	  117131
1749.28	  117053
1750.38	  116976
1751.47	  116899
1752.58	  116821
1753.67	  116744
1754.78	  116667
1755.88	  116590
1756.97	  116513
1758.08	  116436
1759.17	  116359
1760.28	  116282
1761.38	  116205
1762.47	  116128
1763.58	  116051
1764.67	  115974
1765.78	  115898
1766.88	  115821
1767.97	  115744
1769.08	  115668
1770.17	  115591
1771.28	  115515
1772.38	  115439
1773.47	  115362
1774.58	  115286
1775.67	  115210
1776.78	  115134
1777.88	  115057
1778.97	  114981
1780.08	  114905
1781.17	  114829
1782.28	  114753
1783.38	  114677
1784.47	  114602
1785.58	  114526
1786.67	  114450
1787.78	  114374
1788.88	  114299
1789.97	  114223
1791.08	  114148
1792.17	  114072
1793.28	  113997
1794.38	  113921
1795.47	  113846
1796.58	  113771
1797.67	  113696
1798.78	  113621
1799.88	  113545
1800.97	  113470
1802.08	  113395
1803.17	  113320
1804.28	  113245
1805.38	  113171
1806.47	  113096
1807.58	  113021
1808.67	  112946
1809.78	  112872
1810.88	  112797
1811.97	  112723
1813.08	  112648
1814.17	  112574
1815.28	  112499
1816.38	  112425
1817.47	  112351
1818.58	  112276
1819.67	  112202
1820.78	  112128
1821.88	  112054
1822.97	  111980
1824.08	  111906
1825.17	  111832
1826.28	  111758
1827.38	  111684
1828.47	  111610
1829.58	  111537
1830.67	  111463
1831.78	  111389
1832.88	  111316
1833.97	  111242
1835.08	  111169
1836.17	  111095
1837.28	  111022
1838.38	  110949
1839.47	  110875
1840.58	  110802
1841.67	  110729
1842.78	  110656
1843.88	  110583
1844.97	  110510
1846.08	  110437
1847.17	  110364
1848.28	  110291
1849.38	  110218
1850.47	  110145
1851.58	  110073
1852.67	  110000
1853.78	  109928
1854.88	  109855
1855.97	  109782
1857.08	  109710
1858.17	  109638
1859.28	  109565
1860.38	  109493
1861.47	  109421
1862.58	  109349
1863.67	  109276
1864.78	  109204
1865.88	  109132
1866.97	  109060
1868.08	  108988
1869.17	  108916
1870.28	  108845
1871.38	  108773
1872.47	  108701
1873.58	  108629
1874.67	  108558
1875.78	  108486
1876.88	  108415
1877.97	  108343
1879.08	  108272
1880.17	  108200
1881.28	  108129
1882.38	  108058
1883.47	  107987
1884.58	  107915
1885.67	  107844
1886.78	  107773
1887.88	  107702
1888.97	  107631
1890.08	  107560
1891.17	  107489
1892.28	  107419
1893.38	  107348
1894.47	  107277
1895.58	  107207
1896.67	  107136
1897.78	  107065
1898.88	  106995
1899.97	  106924
1901.08	  106854
1902.17	  106784
1903.28	  106713
1904.38	  106643
1905.47	  106573
1906.58	  106503
1907.67	  106433
1908.78	  106363
1909.88	  106293
1910.97	  106223
1912.08	  106153
1913.17	  106083
1914.28	  106013
1915.38	  105943
1916.47	  105874
1917.58	  105804
1918.67	  105734
1919.78	  105665
1920.88	  105595
1921.97	  105526
1923.08	  105457
1924.17	  105387
1925.28	  105318
1926.38	  105249
1927.47	  105180
1928.58	  105110
1929.67	  105041
1930.78	  104972
1931.88	  104903
1932.97	  104834
1934.08	  104766
1935.17	  104697
1936.28	  104628
1937.38	  104559
1938.47	  104491
1939.58	  104422
1940.67	  104353
1941.78	  104285
1942.88	  104216
1943.97	  104148
1945.08	  104080
1946.17	  104011
1947.28	  103943
1948.38	  103875
1949.47	  103807
1950.58	  103738
1951.67	  103670
1952.78	  103602
1953.88	  103534
1954.97	  103467
1956.08	  103399
1957.17	  103331
1958.28	  103263
1959.38	  103195
1960.47	  103128
1961.58	  103060
1962.67	  102993
1963.78	  102925
1964.88	  102858
1965.97	  102790
1967.08	  102723
1968.17	  102655
1969.28	  102588
1970.38	  102521
1971.47	  102454
1972.58	  102387
1973.67	  102320
1974.78	  102253
1975.88	  102186
1976.97	  102119
1978.08	  102052
1979.17	  101985
1980.28	  101918
1981.38	  101852
1982.47	  101785
1983.58	  101718
1984.67	  101652
1985.78	  101585
1986.88	  101519
1987.97	  101452
1989.08	  101386
1990.17	  101320
1991.28	  101253
1992.38	  101187
1993.47	  101121
1994.58	  101055
1995.67	  100989
1996.78	  100923
1997.88	  100857
1998.97	  100791
2000.08	  100725
2001.17	  100659
2002.28	  100593
2003.38	  100528
2004.47	  100462
2005.58	  100396
2006.67	  100331
2007.78	  100265
2008.88	  100200
2009.97	  100134
2011.08	  100069
2012.17	  100004
2013.28	  99938.5
2014.38	  99873.3
2015.47	  99808.1
2016.58	  99743
2017.67	  99677.9
2018.78	  99612.9
2019.88	  99547.9
2020.97	  99483
2022.08	  99418.1
2023.18	  99353.3
2024.28	  99288.5
2025.38	  99223.8
2026.47	  99159.1
2027.58	  99094.4
2028.68	  99029.8
2029.78	  98965.3
2030.88	  98900.8
2031.97	  98836.4
2033.08	  98772
2034.18	  98707.7
2035.28	  98643.4
2036.38	  98579.1
2037.47	  98514.9
2038.58	  98450.8
2039.68	  98386.7
2040.78	  98322.6
2041.88	  98258.6
2042.97	  98194.7
2044.08	  98130.8
2045.18	  98066.9
2046.28	  98003.1
2047.38	  97939.4
2048.47	  97875.7
2049.57	  97812
2050.68	  97748.4
2051.78	  97684.8
2052.88	  97621.3
2053.97	  97557.9
2055.07	  97494.4
2056.18	  97431.1
2057.28	  97367.8
2058.38	  97304.5
2059.47	  97241.3
2060.57	  97178.1
2061.68	  97115
2062.78	  97051.9
2063.88	  96988.9
2064.97	  96925.9
2066.07	  96862.9
2067.18	  96800
2068.28	  96737.2
2069.38	  96674.4
2070.47	  96611.7
2071.57	  96549
2072.68	  96486.3
2073.78	  96423.8
2074.88	  96361.2
2075.97	  96298.7
2077.07	  96236.3
2078.18	  96173.8
2079.28	  96111.5
2080.38	  96049.2
2081.47	  95986.9
2082.57	  95924.7
2083.68	  95862.5
2084.78	  95800.4
2085.88	  95738.3
2086.97	  95676.3
2088.07	  95614.4
2089.18	  95552.4
2090.28	  95490.5
2091.38	  95428.7
2092.47	  95366.9
2093.57	  95305.2
2094.68	  95243.5
2095.78	  95181.9
2096.88	  95120.3
2097.97	  95058.7
2099.07	  94997.2
2100.18	  94935.8
2101.28	  94874.4
2102.38	  94813
2103.47	  94751.7
2104.57	  94690.4
2105.68	  94629.2
2106.78	  94568
2107.88	  94506.9
2108.97	  94445.8
2110.07	  94384.8
2111.18	  94323.8
2112.28	  94262.9
2113.38	  94202
2114.47	  94141.2
2115.57	  94080.4
2116.68	  94019.6
2117.78	  93958.9
2118.88	  93898.3
2119.97	  93837.7
2121.07	  93777.1
2122.18	  93716.6
2123.28	  93656.1
2124.38	  93595.7
2125.47	  93535.4
2126.57	  93475
2127.68	  93414.7
2128.78	  93354.5
2129.88	  93294.3
2130.97	  93234.2
2132.07	  93174.1
2133.18	  93114
2134.28	  93054.1
2135.38	  92994.1
2136.47	  92934.2
2137.57	  92874.3
2138.68	  92814.5
2139.78	  92754.8
2140.88	  92695
2141.97	  92635.4
2143.07	  92575.7
2144.18	  92516.1
2145.28	  92456.6
2146.38	  92397.1
2147.47	  92337.7
2148.57	  92278.3
2149.68	  92218.9
2150.78	  92159.6
2151.88	  92100.4
2152.97	  92041.2
2154.07	  91982
2155.18	  91922.9
2156.28	  91863.8
2157.38	  91804.8
2158.47	  91745.8
2159.57	  91686.8
2160.68	  91627.9
2161.78	  91569.1
2162.88	  91510.3
2163.97	  91451.5
2165.07	  91392.8
2166.18	  91334.2
2167.28	  91275.6
2168.38	  91217
2169.47	  91158.5
2170.57	  91100
2171.68	  91041.5
2172.78	  90983.1
2173.88	  90924.8
2174.97	  90866.5
2176.07	  90808.2
2177.18	  90750
2178.28	  90691.9
2179.38	  90633.8
2180.47	  90575.7
2181.57	  90517.6
2182.68	  90459.7
2183.78	  90401.7
2184.88	  90343.8
2185.97	  90286
2187.07	  90228.2
2188.18	  90170.4
2189.28	  90112.7
2190.38	  90055
2191.47	  89997.4
2192.57	  89939.8
2193.68	  89882.3
2194.78	  89824.8
2195.88	  89767.4
2196.97	  89710
2198.07	  89652.6
2199.18	  89595.3
2200.28	  89538
2201.38	  89480.8
2202.47	  89423.7
2203.57	  89366.5
2204.68	  89309.4
2205.78	  89252.4
2206.88	  89195.4
2207.97	  89138.4
2209.07	  89081.5
2210.18	  89024.7
2211.28	  88967.9
2212.38	  88911.1
2213.47	  88854.3
2214.57	  88797.7
2215.68	  88741
2216.78	  88684.4
2217.88	  88627.9
2218.97	  88571.4
2220.07	  88514.9
2221.18	  88458.5
2222.28	  88402.1
2223.38	  88345.8
2224.47	  88289.5
2225.57	  88233.2
2226.68	  88177
2227.78	  88120.9
2228.88	  88064.7
2229.97	  88008.7
2231.07	  87952.6
2232.18	  87896.7
2233.28	  87840.7
2234.38	  87784.8
2235.47	  87729
2236.57	  87673.2
2237.68	  87617.4
2238.78	  87561.7
2239.88	  87506
2240.97	  87450.4
2242.07	  87394.8
2243.18	  87339.2
2244.28	  87283.7
2245.38	  87228.3
2246.47	  87172.8
2247.57	  87117.5
2248.68	  87062.1
2249.78	  87006.9
2250.88	  86951.6
2251.97	  86896.4
2253.07	  86841.3
2254.18	  86786.1
2255.28	  86731.1
2256.38	  86676
2257.47	  86621.1
2258.57	  86566.1
2259.68	  86511.2
2260.78	  86456.4
2261.88	  86401.5
2262.97	  86346.8
2264.07	  86292.1
2265.18	  86237.4
2266.28	  86182.7
2267.38	  86128.1
2268.47	  86073.6
2269.57	  86019.1
2270.68	  85964.6
2271.78	  85910.2
2272.88	  85855.8
2273.97	  85801.4
2275.07	  85747.1
2276.18	  85692.9
2277.28	  85638.7
2278.38	  85584.5
2279.47	  85530.3
2280.57	  66661.9
2281.68	  66620.8
2282.78	  66579.8
2283.88	  66538.7
2284.97	  66497.8
2286.07	  66456.8
2287.18	  66415.9
2288.28	  66375
2289.38	  66334.1
2290.47	  66293.3
2291.57	  66252.5
2292.68	  66211.7
2293.78	  66171
2294.88	  66130.3
2295.97	  66089.6
2297.07	  66049
2298.18	  66008.4
2299.28	  65967.8
2300.38	  65927.3
2301.47	  65886.8
2302.57	  65846.3
2303.68	  65805.8
2304.78	  65765.4
2305.88	  65725
2306.97	  65684.7
2308.07	  65644.4
2309.18	  65604.1
2310.28	  65563.8
2311.38	  65523.6
2312.47	  65483.4
2313.57	  65443.2
2314.68	  65403.1
2315.78	  65363
2316.88	  65322.9
2317.97	  65282.9
2319.07	  65242.9
2320.18	  65202.9
2321.28	  65162.9
2322.38	  65123
2323.47	  65083.1
2324.57	  65043.3
2325.68	  65003.5
2326.78	  64963.7
2327.88	  64923.9
2328.97	  64884.2
2330.07	  64844.5
2331.18	  64804.8
2332.28	  64765.2
2333.38	  64725.6
2334.47	  64686
2335.57	  64646.4
2336.68	  64606.9
2337.78	  64567.4
2338.88	  64528
2339.97	  64488.6
2341.07	  64449.2
2342.18	  64409.8
2343.28	  64370.5
2344.38	  64331.2
2345.47	  64291.9
2346.57	  64252.7
2347.68	  64213.5
2348.78	  64174.3
2349.88	  64135.1
2350.97	  64096
2352.07	  64056.9
2353.18	  64017.9
2354.28	  63978.9
2355.38	  63939.9
2356.47	  63900.9
2357.57	  63862
2358.68	  63823.1
2359.78	  63784.2
2360.88	  63745.4
2361.97	  63706.5
2363.07	  63667.8
2364.18	  63629
2365.28	  63590.3
2366.38	  63551.6
2367.47	  63512.9
2368.57	  63474.3
2369.68	  63435.7
2370.78	  63397.1
2371.88	  63358.6
2372.97	  63320.1
2374.07	  63281.6
2375.18	  63243.1
2376.28	  63204.7
2377.38	  63166.3
2378.47	  63128
2379.57	  63089.6
2380.68	  63051.3
2381.78	  63013
2382.88	  62974.8
2383.97	  62936.6
2385.07	  62898.4
2386.18	  62860.2
2387.28	  62822.1
2388.38	  62784
2389.47	  62746
2390.57	  62707.9
2391.68	  62669.9
2392.78	  62631.9
2393.88	  62594
2394.97	  62556.1
2396.07	  62518.2
2397.18	  62480.3
2398.28	  62442.5
2399.38	  62404.7
2400.47	  62366.9
2401.57	  62329.2
2402.68	  62291.5
2403.78	  62253.8
2404.88	  62216.2
2405.97	  62178.5
2407.07	  62140.9
2408.18	  62103.4
2409.28	  62065.8
2410.38	  62028.3
2411.47	  61990.8
2412.57	  61953.4
2413.68	  61916
2414.78	  61878.6
2415.88	  61841.2
2416.97	  61803.9
2418.07	  61766.6
2419.18	  61729.3
2420.28	  61692.1
2421.38	  61654.9
2422.47	  61617.7
2423.57	  61580.5
2424.68	  61543.4
2425.78	  61506.3
2426.88	  61469.2
2427.97	  61432.2
2429.07	  61395.1
2430.18	  61358.2
2431.28	  61321.2
2432.38	  61284.3
2433.47	  61247.4
2434.57	  61210.5
2435.68	  61173.7
2436.78	  61136.8
2437.88	  61100.1
2438.97	  61063.3
2440.07	  61026.6
2441.18	  60989.9
2442.28	  60953.2
2443.38	  60916.6
2444.47	  60879.9
2445.57	  60843.4
2446.68	  60806.8
2447.78	  60770.3
2448.88	  60733.8
2449.97	  60697.3
2451.07	  60660.9
2452.18	  60624.4
2453.28	  60588.1
2454.38	  60551.7
2455.47	  60515.4
2456.57	  60479.1
2457.68	  60442.8
2458.78	  60406.5
2459.88	  60370.3
2460.97	  60334.1
2462.07	  60298
2463.18	  60261.8
2464.28	  60225.7
2465.38	  60189.6
2466.47	  60153.6
2467.57	  60117.6
2468.68	  60081.6
2469.78	  60045.6
2470.88	  60009.7
2471.97	  59973.8
2473.07	  59937.9
2474.18	  59902
2475.28	  59866.2
2476.38	  59830.4
2477.47	  59794.6
