Emission arising from a slab of Hydrogen (both H and H-).
   
Parameters of the slab:
n_e = 1e+11 cm-3
T_e = 5000 K
tau(lambda=300 nm) = 0.75
L = 7.50803e+11 cm
   
Wavelength (nm), Emission (erg s-1 cm-2 nm-1 sr-1)
50	  3.92261e-11
91.2	  0.0090508
120	  9.76148
150	  3277.55
175	  27788.3
200	  129640
225	  399728
250	  930500
270	  1.57687e+06
290	  2.41523e+06
300	  2.89718e+06
305	  3.15145e+06
310	  3.41352e+06
315	  3.68252e+06
320	  3.95758e+06
322.5	  4.09711e+06
325	  4.23781e+06
327	  4.35114e+06
329	  4.46509e+06
329.999	  4.52222e+06
330.266	  4.53751e+06
330.533	  4.55281e+06
330.8	  4.56813e+06
331.067	  4.58345e+06
331.334	  4.59878e+06
331.601	  4.61411e+06
331.868	  4.62946e+06
332.135	  4.64482e+06
332.402	  4.66018e+06
332.669	  4.67555e+06
332.936	  4.69093e+06
333.203	  4.70632e+06
333.47	  4.72172e+06
333.737	  4.73712e+06
334.004	  4.75254e+06
334.271	  4.76795e+06
334.538	  4.78338e+06
334.805	  4.79881e+06
335.072	  4.81425e+06
335.339	  4.8297e+06
335.606	  4.84516e+06
335.873	  4.86062e+06
336.14	  4.87608e+06
336.407	  4.89156e+06
336.674	  4.90704e+06
336.941	  4.92252e+06
337.208	  4.93802e+06
337.475	  4.95352e+06
337.742	  4.96902e+06
338.009	  4.98453e+06
338.276	  5.00004e+06
338.543	  5.01556e+06
338.81	  5.03109e+06
339.077	  5.04662e+06
339.344	  5.06215e+06
339.611	  5.07769e+06
339.878	  5.09324e+06
340.145	  5.10879e+06
340.412	  5.12434e+06
340.679	  5.1399e+06
340.946	  5.15546e+06
341.213	  5.17102e+06
341.48	  5.18659e+06
341.747	  5.20217e+06
342.014	  5.21774e+06
342.281	  5.23332e+06
342.548	  5.24891e+06
342.815	  5.26449e+06
343.082	  5.28008e+06
343.349	  5.29567e+06
343.616	  5.31127e+06
343.883	  5.32687e+06
344.15	  5.34247e+06
344.417	  5.35807e+06
344.684	  5.37367e+06
344.951	  5.38928e+06
345.218	  5.40489e+06
345.485	  5.4205e+06
345.752	  5.43611e+06
346.019	  5.45172e+06
346.286	  5.46734e+06
346.553	  5.48296e+06
346.82	  5.49858e+06
347.087	  5.5142e+06
347.354	  5.52981e+06
347.621	  5.54544e+06
347.888	  5.56106e+06
348.155	  5.57668e+06
348.422	  5.5923e+06
348.689	  5.60792e+06
348.956	  5.62355e+06
349.223	  5.63917e+06
349.49	  5.65479e+06
349.757	  5.67041e+06
350.024	  5.68604e+06
350.291	  5.70166e+06
350.558	  5.71728e+06
350.825	  5.7329e+06
351.092	  5.74852e+06
351.359	  5.76414e+06
351.626	  5.77975e+06
351.893	  5.79537e+06
352.16	  5.81099e+06
352.427	  5.8266e+06
352.694	  5.84221e+06
352.961	  5.85782e+06
353.228	  5.87343e+06
353.495	  5.88904e+06
353.762	  5.90464e+06
354.029	  5.92024e+06
354.296	  5.93584e+06
354.563	  5.95144e+06
354.83	  5.96703e+06
355.097	  5.98263e+06
355.364	  5.99822e+06
355.631	  6.0138e+06
355.898	  6.02939e+06
356.165	  6.04497e+06
356.432	  6.06054e+06
356.699	  6.07612e+06
356.966	  6.09169e+06
357.233	  6.10725e+06
357.5	  6.12282e+06
357.767	  6.13838e+06
358.034	  6.15393e+06
358.301	  6.16948e+06
358.568	  6.18503e+06
358.835	  6.20057e+06
359.102	  6.21611e+06
359.369	  6.23164e+06
359.636	  6.24717e+06
359.903	  6.26269e+06
360.17	  6.27821e+06
360.437	  6.29372e+06
360.704	  6.30923e+06
360.971	  6.32474e+06
361.238	  6.34023e+06
361.505	  6.35573e+06
361.772	  6.37121e+06
362.039	  6.38669e+06
362.306	  6.40217e+06
362.573	  6.41764e+06
363	  6.44238e+06
363.027	  6.44392e+06
363.054	  6.44547e+06
363.08	  6.44701e+06
363.107	  6.44856e+06
363.134	  6.4501e+06
363.16	  6.45165e+06
363.187	  6.45319e+06
363.214	  6.45474e+06
363.24	  6.45628e+06
363.267	  6.45783e+06
363.294	  6.45937e+06
363.321	  6.46092e+06
363.347	  6.46246e+06
363.374	  6.46401e+06
363.401	  6.46555e+06
363.427	  6.4671e+06
363.454	  6.46864e+06
363.481	  6.47019e+06
363.508	  6.47173e+06
363.534	  6.47328e+06
363.561	  6.47482e+06
363.588	  6.47637e+06
363.614	  6.47791e+06
363.641	  6.47945e+06
363.668	  6.481e+06
363.694	  6.48254e+06
363.721	  6.48409e+06
363.748	  6.48563e+06
363.774	  6.48717e+06
363.801	  6.48872e+06
363.828	  6.49026e+06
363.855	  6.4918e+06
363.881	  6.49335e+06
363.908	  6.49489e+06
363.935	  6.49643e+06
363.961	  6.49798e+06
363.988	  6.49952e+06
364.015	  6.50107e+06
364.041	  6.50261e+06
364.068	  6.50415e+06
364.095	  6.50569e+06
364.122	  6.50724e+06
364.148	  6.50878e+06
364.175	  6.51032e+06
364.202	  6.51187e+06
364.228	  6.51341e+06
364.255	  6.51495e+06
364.282	  6.51649e+06
364.308	  6.51804e+06
364.335	  6.51958e+06
364.362	  6.52112e+06
364.389	  6.52266e+06
364.415	  6.5242e+06
364.442	  6.52575e+06
364.469	  6.52729e+06
364.495	  6.52883e+06
364.522	  6.5304e+06
364.549	  6.53194e+06
364.575	  6.53348e+06
364.602	  6.53502e+06
364.629	  6.53656e+06
364.656	  6.5381e+06
364.682	  6.53964e+06
364.709	  6.54119e+06
364.736	  5.51942e+06
364.762	  5.52079e+06
364.789	  5.52216e+06
364.816	  5.52352e+06
364.842	  5.52489e+06
364.869	  5.52626e+06
364.896	  5.52762e+06
364.923	  5.52899e+06
364.949	  5.53035e+06
364.976	  5.53172e+06
365.003	  5.53309e+06
365.029	  5.53445e+06
365.056	  5.53582e+06
365.083	  5.53718e+06
365.11	  5.53855e+06
365.136	  5.53992e+06
365.163	  5.54128e+06
365.19	  5.54265e+06
365.216	  5.54402e+06
365.243	  5.54538e+06
365.27	  5.54675e+06
365.296	  5.54811e+06
365.323	  5.54948e+06
365.35	  5.55084e+06
365.377	  5.55221e+06
365.403	  5.55358e+06
365.43	  5.55494e+06
365.457	  5.55631e+06
365.483	  5.55767e+06
365.51	  5.55904e+06
365.537	  5.5604e+06
365.563	  5.56177e+06
365.59	  5.56314e+06
365.617	  5.5645e+06
365.643	  5.56587e+06
365.67	  5.56723e+06
365.697	  5.5686e+06
365.724	  5.56996e+06
365.75	  5.57133e+06
365.777	  5.57269e+06
365.804	  5.57406e+06
365.83	  5.57543e+06
365.857	  5.57679e+06
365.884	  5.57816e+06
365.91	  5.57952e+06
365.937	  5.58089e+06
365.964	  5.58225e+06
365.991	  5.58362e+06
365.991	  5.58362e+06
366.258	  5.59727e+06
366.525	  5.61092e+06
366.792	  5.62457e+06
367.059	  5.63822e+06
367.326	  5.65186e+06
367.593	  5.6655e+06
367.86	  5.67914e+06
368.127	  5.69277e+06
368.394	  5.7064e+06
368.661	  5.72003e+06
368.928	  5.73366e+06
369.195	  5.74728e+06
369.462	  5.7609e+06
369.729	  5.77452e+06
369.996	  5.78813e+06
370.263	  5.80174e+06
370.53	  5.81534e+06
370.797	  5.82895e+06
371.064	  5.84254e+06
371.331	  5.85614e+06
371.598	  5.86973e+06
371.865	  5.88331e+06
372.132	  5.8969e+06
372.399	  5.91047e+06
372.666	  5.92405e+06
372.933	  5.93762e+06
373.2	  5.95118e+06
373.467	  5.96474e+06
373.734	  5.9783e+06
374.001	  5.99185e+06
374.268	  6.00539e+06
374.535	  6.01894e+06
374.802	  6.03247e+06
375.069	  6.046e+06
375.336	  6.05953e+06
375.603	  6.07305e+06
375.87	  6.08656e+06
376.137	  6.10007e+06
376.404	  6.11358e+06
376.671	  6.12708e+06
376.938	  6.14057e+06
377.205	  6.15406e+06
377.472	  6.16754e+06
377.739	  6.18101e+06
378.006	  6.19448e+06
378.273	  6.20794e+06
378.54	  6.2214e+06
378.807	  6.23485e+06
379.074	  6.2483e+06
379.341	  6.26174e+06
379.608	  6.27517e+06
379.875	  6.28859e+06
380.142	  6.30201e+06
380.409	  6.31542e+06
380.676	  6.32883e+06
380.943	  6.34223e+06
381.21	  6.35562e+06
381.477	  6.369e+06
381.744	  6.38238e+06
382.011	  6.39575e+06
382.278	  6.40911e+06
382.545	  6.42247e+06
382.812	  6.43581e+06
383.079	  6.44915e+06
383.346	  6.46249e+06
383.613	  6.47581e+06
383.88	  6.48913e+06
384.147	  6.50244e+06
384.414	  6.51574e+06
384.681	  6.52903e+06
384.948	  6.54232e+06
385.215	  6.55559e+06
385.482	  6.56886e+06
385.749	  6.58212e+06
386.016	  6.59538e+06
386.283	  6.60862e+06
386.55	  6.62185e+06
386.817	  6.63508e+06
387.084	  6.6483e+06
387.351	  6.66151e+06
387.618	  6.67471e+06
387.885	  6.6879e+06
388.152	  6.70108e+06
388.419	  6.71426e+06
388.686	  6.72742e+06
388.953	  6.74058e+06
389.22	  6.75372e+06
389.487	  6.76686e+06
389.754	  6.77999e+06
390.021	  6.79311e+06
390.288	  6.80622e+06
390.555	  6.81931e+06
390.822	  6.8324e+06
391.089	  6.84548e+06
391.356	  6.85855e+06
391.623	  6.87161e+06
391.89	  6.88466e+06
392.157	  6.8977e+06
392.424	  6.91073e+06
392.691	  6.92375e+06
392.958	  6.93676e+06
393.225	  6.94976e+06
393.492	  6.96275e+06
393.759	  6.97573e+06
394.026	  6.9887e+06
394.293	  7.00165e+06
394.56	  7.0146e+06
394.827	  7.02754e+06
395.094	  7.04046e+06
395.361	  7.05338e+06
395.628	  7.06628e+06
395.895	  7.07917e+06
396.162	  7.09205e+06
396.429	  7.10492e+06
396.696	  7.11778e+06
396.963	  7.13063e+06
397.23	  7.14347e+06
397.497	  7.15629e+06
397.764	  7.16911e+06
398.031	  7.18191e+06
398.298	  7.1947e+06
398.565	  7.20748e+06
398.832	  7.22025e+06
399.099	  7.23301e+06
399.366	  7.24575e+06
399.633	  7.25848e+06
399.9	  7.2712e+06
400.167	  7.28391e+06
400.434	  7.29661e+06
400.701	  7.30929e+06
400.968	  7.32197e+06
401.235	  7.33463e+06
401.502	  7.34727e+06
401.769	  7.35991e+06
402.036	  7.37253e+06
402.303	  7.38514e+06
402.57	  7.39774e+06
402.837	  7.41033e+06
403.104	  7.4229e+06
403.371	  7.43546e+06
403.638	  7.44801e+06
403.905	  7.46054e+06
404.172	  7.47307e+06
404.439	  7.48558e+06
404.706	  7.49807e+06
404.973	  7.51055e+06
405.24	  7.52302e+06
405.507	  7.53548e+06
405.774	  7.54793e+06
406.041	  7.56036e+06
406.308	  7.57277e+06
406.575	  7.58518e+06
406.842	  7.59757e+06
407.109	  7.60994e+06
407.376	  7.62231e+06
407.643	  7.63466e+06
407.91	  7.64699e+06
408.177	  7.65931e+06
408.444	  7.67162e+06
408.711	  7.68392e+06
408.978	  7.6962e+06
409.245	  7.70847e+06
409.512	  7.72072e+06
409.779	  7.73296e+06
410.046	  7.74518e+06
410.313	  7.7574e+06
410.58	  7.76959e+06
410.847	  7.78178e+06
411.114	  7.79394e+06
411.381	  7.8061e+06
411.648	  7.81824e+06
411.915	  7.83036e+06
412.182	  7.84247e+06
412.449	  7.85457e+06
412.716	  7.86665e+06
412.983	  7.87872e+06
413.25	  7.89077e+06
413.517	  7.90281e+06
413.784	  7.91483e+06
414.051	  7.92684e+06
414.318	  7.93884e+06
414.585	  7.95081e+06
414.852	  7.96278e+06
415.119	  7.97473e+06
415.386	  7.98666e+06
415.653	  7.99858e+06
415.92	  8.01048e+06
416.187	  8.02237e+06
416.454	  8.03424e+06
416.721	  8.0461e+06
416.988	  8.05794e+06
417.255	  8.06977e+06
417.522	  8.08158e+06
417.789	  8.09338e+06
418.056	  8.10516e+06
418.323	  8.11692e+06
418.59	  8.12867e+06
418.857	  8.14041e+06
419.124	  8.15213e+06
419.391	  8.16383e+06
419.658	  8.17552e+06
419.925	  8.18719e+06
420.192	  8.19884e+06
420.459	  8.21048e+06
420.726	  8.22211e+06
420.993	  8.23371e+06
421.26	  8.2453e+06
421.527	  8.25688e+06
421.794	  8.26844e+06
422.061	  8.27998e+06
422.328	  8.29151e+06
422.595	  8.30302e+06
422.862	  8.31451e+06
423.129	  8.32599e+06
423.396	  8.33746e+06
423.663	  8.3489e+06
423.93	  8.36033e+06
424.197	  8.37174e+06
424.464	  8.38314e+06
424.731	  8.39452e+06
424.998	  8.40588e+06
425.265	  8.41723e+06
425.532	  8.42856e+06
425.799	  8.43987e+06
426.066	  8.45117e+06
426.333	  8.46245e+06
426.6	  8.47372e+06
426.867	  8.48496e+06
427.134	  8.49619e+06
427.401	  8.5074e+06
427.668	  8.5186e+06
427.935	  8.52978e+06
428.202	  8.54094e+06
428.469	  8.55209e+06
428.736	  8.56321e+06
429.003	  8.57432e+06
429.27	  8.58542e+06
429.537	  8.59649e+06
429.804	  8.60755e+06
430.071	  8.6186e+06
430.338	  8.62962e+06
430.605	  8.64063e+06
430.872	  8.65162e+06
431.139	  8.66259e+06
431.406	  8.67355e+06
431.673	  8.68448e+06
431.94	  8.6954e+06
432.207	  8.70631e+06
432.474	  8.71719e+06
432.741	  8.72806e+06
433.008	  8.73891e+06
433.275	  8.74975e+06
433.542	  8.76056e+06
433.809	  8.77136e+06
434.076	  8.78214e+06
434.343	  8.7929e+06
434.61	  8.80364e+06
434.877	  8.81437e+06
435.144	  8.82508e+06
435.411	  8.83577e+06
435.678	  8.84644e+06
435.945	  8.8571e+06
436.212	  8.86774e+06
436.479	  8.87836e+06
436.746	  8.88896e+06
437.013	  8.89954e+06
437.28	  8.91011e+06
437.547	  8.92065e+06
437.814	  8.93118e+06
438.081	  8.94169e+06
438.348	  8.95219e+06
438.615	  8.96266e+06
438.882	  8.97312e+06
439.149	  8.98356e+06
439.416	  8.99398e+06
439.683	  9.00438e+06
439.95	  9.01476e+06
440.217	  9.02513e+06
440.484	  9.03547e+06
440.751	  9.0458e+06
441.018	  9.05611e+06
441.285	  9.0664e+06
441.552	  9.07668e+06
441.819	  9.08693e+06
442.086	  9.09717e+06
442.353	  9.10739e+06
442.62	  9.11759e+06
442.887	  9.12777e+06
443.154	  9.13793e+06
443.421	  9.14807e+06
443.688	  9.1582e+06
443.955	  9.1683e+06
444.222	  9.17839e+06
444.489	  9.18846e+06
444.756	  9.19851e+06
445.023	  9.20854e+06
445.29	  9.21855e+06
445.557	  9.22855e+06
445.824	  9.23852e+06
446.091	  9.24848e+06
446.358	  9.25842e+06
446.625	  9.26833e+06
446.892	  9.27824e+06
447.159	  9.28812e+06
447.426	  9.29798e+06
447.693	  9.30782e+06
447.96	  9.31765e+06
448.227	  9.32745e+06
448.494	  9.33724e+06
448.761	  9.347e+06
449.028	  9.35675e+06
449.295	  9.36648e+06
449.562	  9.37619e+06
449.829	  9.38588e+06
450.096	  9.39555e+06
450.363	  9.40521e+06
450.63	  9.41484e+06
450.897	  9.42446e+06
451.164	  9.43405e+06
451.431	  9.44363e+06
451.698	  9.45318e+06
451.965	  9.46272e+06
452.232	  9.47224e+06
452.499	  9.48174e+06
452.766	  9.49122e+06
453.033	  9.50068e+06
453.3	  9.51012e+06
453.567	  9.51954e+06
453.834	  9.52895e+06
454.101	  9.53833e+06
454.368	  9.54769e+06
454.635	  9.55704e+06
454.902	  9.56637e+06
455.169	  9.57567e+06
455.436	  9.58496e+06
455.703	  9.59423e+06
455.97	  9.60347e+06
456.237	  9.6127e+06
456.504	  9.62191e+06
456.771	  9.6311e+06
457.038	  9.64027e+06
457.305	  9.64942e+06
457.572	  9.65855e+06
457.839	  9.66767e+06
458.106	  9.67676e+06
458.373	  9.68583e+06
458.64	  9.69488e+06
458.907	  9.70392e+06
459.174	  9.71293e+06
459.441	  9.72193e+06
459.708	  9.7309e+06
459.975	  9.73986e+06
460.242	  9.74879e+06
460.509	  9.75771e+06
460.776	  9.7666e+06
461.043	  9.77548e+06
461.31	  9.78434e+06
461.577	  9.79318e+06
461.844	  9.80199e+06
462.111	  9.81079e+06
462.378	  9.81957e+06
462.645	  9.82833e+06
462.912	  9.83707e+06
463.179	  9.84579e+06
463.446	  9.85449e+06
463.713	  9.86317e+06
463.98	  9.87183e+06
464.247	  9.88047e+06
464.514	  9.88909e+06
464.781	  9.89769e+06
465.048	  9.90627e+06
465.315	  9.91483e+06
465.582	  9.92338e+06
465.849	  9.9319e+06
466.116	  9.9404e+06
466.383	  9.94888e+06
466.65	  9.95735e+06
466.917	  9.96579e+06
467.184	  9.97421e+06
467.451	  9.98262e+06
467.718	  9.991e+06
467.985	  9.99936e+06
468.252	  1.00077e+07
468.519	  1.0016e+07
468.786	  1.00243e+07
469.053	  1.00326e+07
469.32	  1.00409e+07
469.587	  1.00491e+07
469.854	  1.00574e+07
470.121	  1.00656e+07
470.388	  1.00737e+07
470.655	  1.00819e+07
470.922	  1.00901e+07
471.189	  1.00982e+07
471.456	  1.01063e+07
471.723	  1.01144e+07
471.99	  1.01224e+07
472.257	  1.01305e+07
472.524	  1.01385e+07
472.791	  1.01465e+07
473.058	  1.01545e+07
473.325	  1.01625e+07
473.592	  1.01704e+07
473.859	  1.01783e+07
474.126	  1.01862e+07
474.393	  1.01941e+07
474.66	  1.0202e+07
474.927	  1.02098e+07
475.194	  1.02177e+07
475.461	  1.02255e+07
475.728	  1.02333e+07
475.995	  1.0241e+07
476.262	  1.02488e+07
476.529	  1.02565e+07
476.796	  1.02642e+07
477.063	  1.02719e+07
477.33	  1.02796e+07
477.597	  1.02872e+07
477.864	  1.02949e+07
478.131	  1.03025e+07
478.398	  1.03101e+07
478.665	  1.03176e+07
478.932	  1.03252e+07
479.199	  1.03327e+07
479.466	  1.03402e+07
479.733	  1.03477e+07
480	  1.03552e+07
480.267	  1.03626e+07
480.534	  1.037e+07
480.801	  1.03775e+07
481.068	  1.03848e+07
481.335	  1.03922e+07
481.602	  1.03996e+07
481.869	  1.04069e+07
482.136	  1.04142e+07
482.403	  1.04215e+07
482.67	  1.04288e+07
482.937	  1.0436e+07
483.204	  1.04432e+07
483.471	  1.04504e+07
483.738	  1.04576e+07
484.005	  1.04648e+07
484.272	  1.0472e+07
484.539	  1.04791e+07
484.806	  1.04862e+07
485.073	  1.04933e+07
485.34	  1.05004e+07
485.607	  1.05074e+07
485.874	  1.05145e+07
486.141	  1.05215e+07
486.408	  1.05285e+07
486.675	  1.05354e+07
486.942	  1.05424e+07
487.209	  1.05493e+07
487.476	  1.05562e+07
487.743	  1.05631e+07
488.01	  1.057e+07
488.277	  1.05768e+07
488.544	  1.05837e+07
488.811	  1.05905e+07
489.078	  1.05973e+07
489.345	  1.06041e+07
489.612	  1.06108e+07
489.879	  1.06176e+07
490.146	  1.06243e+07
490.413	  1.0631e+07
490.68	  1.06376e+07
490.947	  1.06443e+07
491.214	  1.06509e+07
491.481	  1.06575e+07
491.748	  1.06641e+07
492.015	  1.06707e+07
492.282	  1.06773e+07
492.549	  1.06838e+07
492.816	  1.06903e+07
493.083	  1.06968e+07
493.35	  1.07033e+07
493.617	  1.07098e+07
493.884	  1.07162e+07
494.151	  1.07226e+07
494.418	  1.0729e+07
494.685	  1.07354e+07
494.952	  1.07418e+07
495.219	  1.07481e+07
495.486	  1.07544e+07
495.753	  1.07607e+07
496.02	  1.0767e+07
496.287	  1.07733e+07
496.554	  1.07795e+07
496.821	  1.07857e+07
497.088	  1.0792e+07
497.355	  1.07981e+07
497.622	  1.08043e+07
497.889	  1.08104e+07
498.156	  1.08166e+07
498.423	  1.08227e+07
498.69	  1.08288e+07
498.957	  1.08348e+07
499.224	  1.08409e+07
499.491	  1.08469e+07
499.758	  1.08529e+07
500.025	  1.08589e+07
500.292	  1.08649e+07
500.559	  1.08708e+07
500.826	  1.08768e+07
501.093	  1.08827e+07
501.36	  1.08886e+07
501.627	  1.08944e+07
501.894	  1.09003e+07
502.161	  1.09061e+07
502.428	  1.09119e+07
502.695	  1.09177e+07
502.962	  1.09235e+07
503.229	  1.09293e+07
503.496	  1.0935e+07
503.763	  1.09407e+07
504.03	  1.09464e+07
504.297	  1.09521e+07
504.564	  1.09578e+07
504.831	  1.09634e+07
505.098	  1.0969e+07
505.365	  1.09746e+07
505.632	  1.09802e+07
505.899	  1.09858e+07
506.166	  1.09913e+07
506.433	  1.09969e+07
506.7	  1.10024e+07
506.967	  1.10079e+07
507.234	  1.10133e+07
507.501	  1.10188e+07
507.768	  1.10242e+07
508.035	  1.10296e+07
508.302	  1.1035e+07
508.569	  1.10404e+07
508.836	  1.10457e+07
509.103	  1.10511e+07
509.37	  1.10564e+07
509.637	  1.10617e+07
509.904	  1.1067e+07
510.171	  1.10722e+07
510.438	  1.10775e+07
510.705	  1.10827e+07
510.972	  1.10879e+07
511.239	  1.10931e+07
511.506	  1.10982e+07
511.773	  1.11034e+07
512.04	  1.11085e+07
512.307	  1.11136e+07
512.574	  1.11187e+07
512.841	  1.11238e+07
513.108	  1.11288e+07
513.375	  1.11339e+07
513.642	  1.11389e+07
513.909	  1.11439e+07
514.176	  1.11489e+07
514.443	  1.11538e+07
514.71	  1.11588e+07
514.977	  1.11637e+07
515.244	  1.11686e+07
515.511	  1.11735e+07
515.778	  1.11783e+07
516.045	  1.11832e+07
516.312	  1.1188e+07
516.579	  1.11928e+07
516.846	  1.11976e+07
517.113	  1.12024e+07
517.38	  1.12071e+07
517.647	  1.12118e+07
517.914	  1.12166e+07
518.181	  1.12213e+07
518.448	  1.12259e+07
518.715	  1.12306e+07
518.982	  1.12352e+07
519.249	  1.12399e+07
519.516	  1.12445e+07
519.783	  1.1249e+07
520.05	  1.12536e+07
520.317	  1.12582e+07
520.584	  1.12627e+07
520.851	  1.12672e+07
521.118	  1.12717e+07
521.385	  1.12762e+07
521.652	  1.12806e+07
521.919	  1.12851e+07
522.186	  1.12895e+07
522.453	  1.12939e+07
522.72	  1.12983e+07
522.987	  1.13026e+07
523.254	  1.1307e+07
523.521	  1.13113e+07
523.788	  1.13156e+07
524.055	  1.13199e+07
524.322	  1.13242e+07
524.589	  1.13284e+07
524.856	  1.13327e+07
525.123	  1.13369e+07
525.39	  1.13411e+07
525.657	  1.13453e+07
525.924	  1.13495e+07
526.191	  1.13536e+07
526.458	  1.13577e+07
526.725	  1.13618e+07
526.992	  1.13659e+07
527.259	  1.137e+07
527.526	  1.13741e+07
527.793	  1.13781e+07
528.06	  1.13821e+07
528.327	  1.13861e+07
528.594	  1.13901e+07
528.861	  1.13941e+07
529.128	  1.1398e+07
529.395	  1.1402e+07
529.662	  1.14059e+07
529.929	  1.14098e+07
530.196	  1.14137e+07
530.463	  1.14175e+07
530.73	  1.14214e+07
530.997	  1.14252e+07
531.264	  1.1429e+07
531.531	  1.14328e+07
531.798	  1.14366e+07
532.065	  1.14403e+07
532.332	  1.14441e+07
532.599	  1.14478e+07
532.866	  1.14515e+07
533.133	  1.14552e+07
533.4	  1.14588e+07
533.667	  1.14625e+07
533.934	  1.14661e+07
534.201	  1.14697e+07
534.468	  1.14733e+07
534.735	  1.14769e+07
535.002	  1.14805e+07
535.269	  1.1484e+07
535.536	  1.14875e+07
535.803	  1.1491e+07
536.07	  1.14945e+07
536.337	  1.1498e+07
536.604	  1.15015e+07
536.871	  1.15049e+07
537.138	  1.15083e+07
537.405	  1.15117e+07
537.672	  1.15151e+07
537.939	  1.15185e+07
538.206	  1.15219e+07
538.473	  1.15252e+07
538.74	  1.15285e+07
539.007	  1.15318e+07
539.274	  1.15351e+07
539.541	  1.15384e+07
539.808	  1.15416e+07
540.075	  1.15449e+07
540.342	  1.15481e+07
540.609	  1.15513e+07
540.876	  1.15545e+07
541.143	  1.15576e+07
541.41	  1.15608e+07
541.677	  1.15639e+07
541.944	  1.1567e+07
542.211	  1.15701e+07
542.478	  1.15732e+07
542.745	  1.15763e+07
543.012	  1.15793e+07
543.279	  1.15823e+07
543.546	  1.15854e+07
543.813	  1.15884e+07
544.08	  1.15913e+07
544.347	  1.15943e+07
544.614	  1.15973e+07
544.881	  1.16002e+07
545.148	  1.16031e+07
545.415	  1.1606e+07
545.682	  1.16089e+07
545.949	  1.16117e+07
546.216	  1.16146e+07
546.483	  1.16174e+07
546.75	  1.16202e+07
547.017	  1.1623e+07
547.284	  1.16258e+07
547.551	  1.16286e+07
547.818	  1.16313e+07
548.085	  1.16341e+07
548.352	  1.16368e+07
548.619	  1.16395e+07
548.886	  1.16422e+07
549.153	  1.16448e+07
549.42	  1.16475e+07
549.687	  1.16501e+07
549.954	  1.16527e+07
550.221	  1.16553e+07
550.488	  1.16579e+07
550.755	  1.16605e+07
551.022	  1.1663e+07
551.289	  1.16656e+07
551.556	  1.16681e+07
551.823	  1.16706e+07
552.09	  1.16731e+07
552.357	  1.16755e+07
552.624	  1.1678e+07
552.891	  1.16804e+07
553.158	  1.16829e+07
553.425	  1.16853e+07
553.692	  1.16877e+07
553.959	  1.169e+07
554.226	  1.16924e+07
554.493	  1.16947e+07
554.76	  1.16971e+07
555.027	  1.16994e+07
555.294	  1.17017e+07
555.561	  1.1704e+07
555.828	  1.17062e+07
556.095	  1.17085e+07
556.362	  1.17107e+07
556.629	  1.17129e+07
556.896	  1.17151e+07
557.163	  1.17173e+07
557.43	  1.17195e+07
557.697	  1.17216e+07
557.964	  1.17238e+07
558.231	  1.17259e+07
558.498	  1.1728e+07
558.765	  1.17301e+07
559.032	  1.17322e+07
559.299	  1.17342e+07
559.566	  1.17363e+07
560.009	  1.17396e+07
560.296	  1.17418e+07
560.583	  1.17439e+07
560.87	  1.1746e+07
561.157	  1.17481e+07
561.444	  1.17502e+07
561.731	  1.17523e+07
562.018	  1.17543e+07
562.305	  1.17564e+07
562.592	  1.17584e+07
562.879	  1.17604e+07
563.166	  1.17623e+07
563.453	  1.17643e+07
563.74	  1.17662e+07
564.027	  1.17682e+07
564.314	  1.17701e+07
564.601	  1.1772e+07
564.888	  1.17738e+07
565.175	  1.17757e+07
565.462	  1.17775e+07
565.749	  1.17793e+07
566.036	  1.17811e+07
566.323	  1.17829e+07
566.61	  1.17847e+07
566.897	  1.17864e+07
567.184	  1.17882e+07
567.471	  1.17899e+07
567.758	  1.17916e+07
568.045	  1.17933e+07
568.332	  1.17949e+07
568.619	  1.17966e+07
568.906	  1.17982e+07
569.193	  1.17998e+07
569.48	  1.18014e+07
569.767	  1.1803e+07
570.054	  1.18046e+07
570.341	  1.18061e+07
570.628	  1.18076e+07
570.915	  1.18091e+07
571.202	  1.18106e+07
571.489	  1.18121e+07
571.776	  1.18136e+07
572.063	  1.1815e+07
572.35	  1.18164e+07
572.637	  1.18179e+07
572.924	  1.18193e+07
573.211	  1.18206e+07
573.498	  1.1822e+07
573.785	  1.18233e+07
574.072	  1.18247e+07
574.359	  1.1826e+07
574.646	  1.18273e+07
574.933	  1.18286e+07
575.22	  1.18298e+07
575.507	  1.18311e+07
575.794	  1.18323e+07
576.081	  1.18335e+07
576.368	  1.18347e+07
576.655	  1.18359e+07
576.942	  1.1837e+07
577.229	  1.18382e+07
577.516	  1.18393e+07
577.803	  1.18404e+07
578.09	  1.18415e+07
578.377	  1.18426e+07
578.664	  1.18437e+07
578.951	  1.18447e+07
579.238	  1.18458e+07
579.525	  1.18468e+07
579.812	  1.18478e+07
580.099	  1.18488e+07
580.386	  1.18498e+07
580.673	  1.18507e+07
580.96	  1.18517e+07
581.247	  1.18526e+07
581.534	  1.18535e+07
581.821	  1.18544e+07
582.108	  1.18553e+07
582.395	  1.18561e+07
582.682	  1.1857e+07
582.969	  1.18578e+07
583.256	  1.18586e+07
583.543	  1.18594e+07
583.83	  1.18602e+07
584.117	  1.1861e+07
584.404	  1.18617e+07
584.691	  1.18624e+07
584.978	  1.18632e+07
585.265	  1.18639e+07
585.552	  1.18646e+07
585.839	  1.18652e+07
586.126	  1.18659e+07
586.413	  1.18665e+07
586.7	  1.18672e+07
586.987	  1.18678e+07
587.274	  1.18684e+07
587.561	  1.1869e+07
587.848	  1.18695e+07
588.135	  1.18701e+07
588.422	  1.18706e+07
588.709	  1.18712e+07
588.996	  1.18717e+07
589.283	  1.18722e+07
589.57	  1.18726e+07
589.857	  1.18731e+07
590.144	  1.18735e+07
590.431	  1.1874e+07
590.718	  1.18744e+07
591.005	  1.18748e+07
591.292	  1.18752e+07
591.579	  1.18756e+07
591.866	  1.18759e+07
592.153	  1.18763e+07
592.44	  1.18766e+07
592.727	  1.18769e+07
593.014	  1.18772e+07
593.301	  1.18775e+07
593.588	  1.18778e+07
593.875	  1.1878e+07
594.162	  1.18783e+07
594.449	  1.18785e+07
594.736	  1.18787e+07
595.023	  1.18789e+07
595.31	  1.18791e+07
595.597	  1.18792e+07
595.884	  1.18794e+07
596.171	  1.18795e+07
596.458	  1.18797e+07
596.745	  1.18798e+07
597.032	  1.18799e+07
597.319	  1.188e+07
597.606	  1.188e+07
597.893	  1.18801e+07
598.18	  1.18801e+07
598.467	  1.18801e+07
598.754	  1.18802e+07
599.041	  1.18802e+07
599.328	  1.18801e+07
599.615	  1.18801e+07
599.902	  1.18801e+07
600.189	  1.188e+07
600.476	  1.18799e+07
600.763	  1.18799e+07
601.05	  1.18798e+07
601.337	  1.18796e+07
601.624	  1.18795e+07
601.911	  1.18794e+07
602.198	  1.18792e+07
602.485	  1.18791e+07
602.772	  1.18789e+07
603.059	  1.18787e+07
603.346	  1.18785e+07
603.633	  1.18782e+07
603.92	  1.1878e+07
604.207	  1.18778e+07
604.494	  1.18775e+07
604.781	  1.18772e+07
605.068	  1.18769e+07
605.355	  1.18766e+07
605.642	  1.18763e+07
605.929	  1.1876e+07
606.216	  1.18756e+07
606.503	  1.18753e+07
606.79	  1.18749e+07
607.077	  1.18745e+07
607.364	  1.18741e+07
607.651	  1.18737e+07
607.938	  1.18733e+07
608.225	  1.18728e+07
608.512	  1.18724e+07
608.799	  1.18719e+07
609.086	  1.18715e+07
609.373	  1.1871e+07
609.66	  1.18705e+07
609.947	  1.18699e+07
610.234	  1.18694e+07
610.521	  1.18689e+07
610.808	  1.18683e+07
611.095	  1.18678e+07
611.382	  1.18672e+07
611.669	  1.18666e+07
611.956	  1.1866e+07
612.243	  1.18654e+07
612.53	  1.18647e+07
612.817	  1.18641e+07
613.104	  1.18634e+07
613.391	  1.18628e+07
613.678	  1.18621e+07
613.965	  1.18614e+07
614.252	  1.18607e+07
614.539	  1.18599e+07
614.826	  1.18592e+07
615.113	  1.18585e+07
615.4	  1.18577e+07
615.687	  1.18569e+07
615.974	  1.18562e+07
616.261	  1.18554e+07
616.548	  1.18546e+07
616.835	  1.18537e+07
617.122	  1.18529e+07
617.409	  1.18521e+07
617.696	  1.18512e+07
617.983	  1.18503e+07
618.27	  1.18495e+07
618.557	  1.18486e+07
618.844	  1.18477e+07
619.131	  1.18467e+07
619.418	  1.18458e+07
619.705	  1.18449e+07
619.992	  1.18439e+07
620.279	  1.18429e+07
620.566	  1.1842e+07
620.853	  1.1841e+07
621.14	  1.184e+07
621.427	  1.1839e+07
621.714	  1.18379e+07
622.001	  1.18369e+07
622.288	  1.18358e+07
622.575	  1.18348e+07
622.862	  1.18337e+07
623.149	  1.18326e+07
623.436	  1.18315e+07
623.723	  1.18304e+07
624.01	  1.18293e+07
624.297	  1.18282e+07
624.584	  1.1827e+07
624.871	  1.18259e+07
625.158	  1.18247e+07
625.445	  1.18235e+07
625.732	  1.18223e+07
626.019	  1.18211e+07
626.306	  1.18199e+07
626.593	  1.18187e+07
626.88	  1.18175e+07
627.167	  1.18162e+07
627.454	  1.18149e+07
627.741	  1.18137e+07
628.028	  1.18124e+07
628.315	  1.18111e+07
628.602	  1.18098e+07
628.889	  1.18085e+07
629.176	  1.18072e+07
629.463	  1.18058e+07
629.75	  1.18045e+07
630.037	  1.18031e+07
630.324	  1.18017e+07
630.611	  1.18004e+07
630.898	  1.1799e+07
631.185	  1.17976e+07
631.472	  1.17961e+07
631.759	  1.17947e+07
632.046	  1.17933e+07
632.333	  1.17918e+07
632.62	  1.17904e+07
632.907	  1.17889e+07
633.194	  1.17874e+07
633.481	  1.17859e+07
633.768	  1.17844e+07
634.055	  1.17829e+07
634.342	  1.17814e+07
634.629	  1.17799e+07
634.916	  1.17783e+07
635.203	  1.17768e+07
635.49	  1.17752e+07
635.777	  1.17736e+07
636.064	  1.1772e+07
636.351	  1.17704e+07
636.638	  1.17688e+07
636.925	  1.17672e+07
637.212	  1.17656e+07
637.499	  1.17639e+07
637.786	  1.17623e+07
638.073	  1.17606e+07
638.36	  1.17589e+07
638.647	  1.17573e+07
638.934	  1.17556e+07
639.221	  1.17539e+07
639.508	  1.17521e+07
639.795	  1.17504e+07
640.082	  1.17487e+07
640.369	  1.17469e+07
640.656	  1.17452e+07
640.943	  1.17434e+07
641.23	  1.17416e+07
641.517	  1.17399e+07
641.804	  1.17381e+07
642.091	  1.17363e+07
642.378	  1.17344e+07
642.665	  1.17326e+07
642.952	  1.17308e+07
643.239	  1.17289e+07
643.526	  1.17271e+07
643.813	  1.17252e+07
644.1	  1.17233e+07
644.387	  1.17215e+07
644.674	  1.17196e+07
644.961	  1.17177e+07
645.248	  1.17157e+07
645.535	  1.17138e+07
645.822	  1.17119e+07
646.109	  1.17099e+07
646.396	  1.1708e+07
646.683	  1.1706e+07
646.97	  1.17041e+07
647.257	  1.17021e+07
647.544	  1.17001e+07
647.831	  1.16981e+07
648.118	  1.16961e+07
648.405	  1.1694e+07
648.692	  1.1692e+07
648.979	  1.169e+07
649.266	  1.16879e+07
649.553	  1.16859e+07
649.84	  1.16838e+07
650.127	  1.16817e+07
650.414	  1.16796e+07
650.701	  1.16775e+07
650.988	  1.16754e+07
651.275	  1.16733e+07
651.562	  1.16712e+07
651.849	  1.16691e+07
652.136	  1.16669e+07
652.423	  1.16648e+07
652.71	  1.16626e+07
652.997	  1.16604e+07
653.284	  1.16583e+07
653.571	  1.16561e+07
653.858	  1.16539e+07
654.145	  1.16517e+07
654.432	  1.16494e+07
654.719	  1.16472e+07
655.006	  1.1645e+07
655.293	  1.16427e+07
655.58	  1.16405e+07
655.867	  1.16382e+07
656.154	  1.1636e+07
656.441	  1.16337e+07
656.728	  1.16314e+07
657.015	  1.16291e+07
657.302	  1.16268e+07
657.589	  1.16245e+07
657.876	  1.16222e+07
658.163	  1.16198e+07
658.45	  1.16175e+07
658.737	  1.16151e+07
659.024	  1.16128e+07
659.311	  1.16104e+07
659.598	  1.1608e+07
659.885	  1.16057e+07
660.172	  1.16033e+07
660.459	  1.16009e+07
660.746	  1.15985e+07
661.033	  1.1596e+07
661.32	  1.15936e+07
661.607	  1.15912e+07
661.894	  1.15887e+07
662.181	  1.15863e+07
662.468	  1.15838e+07
662.755	  1.15814e+07
663.042	  1.15789e+07
663.329	  1.15764e+07
663.616	  1.15739e+07
663.903	  1.15714e+07
664.19	  1.15689e+07
664.477	  1.15664e+07
664.764	  1.15639e+07
665.051	  1.15613e+07
665.338	  1.15588e+07
665.625	  1.15562e+07
665.912	  1.15537e+07
666.199	  1.15511e+07
666.486	  1.15485e+07
666.773	  1.15459e+07
667.06	  1.15434e+07
667.347	  1.15408e+07
667.634	  1.15381e+07
667.921	  1.15355e+07
668.208	  1.15329e+07
668.495	  1.15303e+07
668.782	  1.15276e+07
669.069	  1.1525e+07
669.356	  1.15223e+07
669.643	  1.15197e+07
669.93	  1.1517e+07
670.217	  1.15143e+07
670.504	  1.15116e+07
670.791	  1.15089e+07
671.078	  1.15062e+07
671.365	  1.15035e+07
671.652	  1.15008e+07
671.939	  1.14981e+07
672.226	  1.14954e+07
672.513	  1.14926e+07
672.8	  1.14899e+07
673.087	  1.14871e+07
673.374	  1.14844e+07
673.661	  1.14816e+07
673.948	  1.14788e+07
674.235	  1.1476e+07
674.522	  1.14732e+07
674.809	  1.14704e+07
675.096	  1.14676e+07
675.383	  1.14648e+07
675.67	  1.1462e+07
675.957	  1.14592e+07
676.244	  1.14563e+07
676.531	  1.14535e+07
676.818	  1.14506e+07
677.105	  1.14478e+07
677.392	  1.14449e+07
677.679	  1.1442e+07
677.966	  1.14392e+07
678.253	  1.14363e+07
678.54	  1.14334e+07
678.827	  1.14305e+07
679.114	  1.14276e+07
679.401	  1.14246e+07
679.688	  1.14217e+07
679.975	  1.14188e+07
680.262	  1.14159e+07
680.549	  1.14129e+07
680.836	  1.141e+07
681.123	  1.1407e+07
681.41	  1.1404e+07
681.697	  1.14011e+07
681.984	  1.13981e+07
682.271	  1.13951e+07
682.558	  1.13921e+07
682.845	  1.13891e+07
683.132	  1.13861e+07
683.419	  1.13831e+07
683.706	  1.13801e+07
683.993	  1.1377e+07
684.28	  1.1374e+07
684.567	  1.1371e+07
684.854	  1.13679e+07
685.141	  1.13649e+07
685.428	  1.13618e+07
685.715	  1.13587e+07
686.002	  1.13557e+07
686.289	  1.13526e+07
686.576	  1.13495e+07
686.863	  1.13464e+07
687.15	  1.13433e+07
687.437	  1.13402e+07
687.724	  1.13371e+07
688.011	  1.13339e+07
688.298	  1.13308e+07
688.585	  1.13277e+07
688.872	  1.13245e+07
689.159	  1.13214e+07
689.446	  1.13182e+07
689.733	  1.13151e+07
690.02	  1.13119e+07
690.307	  1.13088e+07
690.594	  1.13056e+07
690.881	  1.13024e+07
691.168	  1.12992e+07
691.455	  1.1296e+07
691.742	  1.12928e+07
692.029	  1.12896e+07
692.316	  1.12864e+07
692.603	  1.12832e+07
692.89	  1.12799e+07
693.177	  1.12767e+07
693.464	  1.12734e+07
693.751	  1.12702e+07
694.038	  1.1267e+07
694.325	  1.12637e+07
694.612	  1.12604e+07
694.899	  1.12572e+07
695.186	  1.12539e+07
695.473	  1.12506e+07
695.76	  1.12473e+07
696.047	  1.1244e+07
696.334	  1.12407e+07
696.621	  1.12374e+07
696.908	  1.12341e+07
697.195	  1.12308e+07
697.482	  1.12275e+07
697.769	  1.12241e+07
698.056	  1.12208e+07
698.343	  1.12174e+07
698.63	  1.12141e+07
698.917	  1.12107e+07
699.204	  1.12074e+07
699.491	  1.1204e+07
699.778	  1.12006e+07
700.065	  1.11973e+07
700.352	  1.11939e+07
700.639	  1.11905e+07
700.926	  1.11871e+07
701.213	  1.11837e+07
701.5	  1.11803e+07
701.787	  1.11769e+07
702.074	  1.11735e+07
702.361	  1.11701e+07
702.648	  1.11666e+07
702.935	  1.11632e+07
703.222	  1.11598e+07
703.509	  1.11563e+07
703.796	  1.11529e+07
704.083	  1.11494e+07
704.37	  1.1146e+07
704.657	  1.11425e+07
704.944	  1.1139e+07
705.231	  1.11355e+07
705.518	  1.11321e+07
705.805	  1.11286e+07
706.092	  1.11251e+07
706.379	  1.11216e+07
706.666	  1.11181e+07
706.953	  1.11146e+07
707.24	  1.11111e+07
707.527	  1.11075e+07
707.814	  1.1104e+07
708.101	  1.11005e+07
708.388	  1.1097e+07
708.675	  1.10934e+07
708.962	  1.10899e+07
709.249	  1.10863e+07
709.536	  1.10828e+07
709.823	  1.10792e+07
710.11	  1.10756e+07
710.397	  1.10721e+07
710.684	  1.10685e+07
710.971	  1.10649e+07
711.258	  1.10613e+07
711.545	  1.10577e+07
711.832	  1.10541e+07
712.119	  1.10505e+07
712.406	  1.10469e+07
712.693	  1.10433e+07
712.98	  1.10397e+07
713.267	  1.10361e+07
713.554	  1.10325e+07
713.841	  1.10288e+07
714.128	  1.10252e+07
714.415	  1.10216e+07
714.702	  1.10179e+07
714.989	  1.10143e+07
715.276	  1.10106e+07
715.563	  1.1007e+07
715.85	  1.10033e+07
716.137	  1.09996e+07
716.424	  1.0996e+07
716.711	  1.09923e+07
716.998	  1.09886e+07
717.285	  1.09849e+07
717.572	  1.09812e+07
717.859	  1.09775e+07
718.146	  1.09738e+07
718.433	  1.09701e+07
718.72	  1.09664e+07
719.007	  1.09627e+07
719.294	  1.0959e+07
719.581	  1.09553e+07
719.868	  1.09515e+07
720.155	  1.09478e+07
720.442	  1.09441e+07
720.729	  1.09403e+07
721.016	  1.09366e+07
721.303	  1.09328e+07
721.59	  1.09291e+07
721.877	  1.09253e+07
722.164	  1.09216e+07
722.451	  1.09178e+07
722.738	  1.0914e+07
723.025	  1.09102e+07
723.312	  1.09065e+07
723.599	  1.09027e+07
723.886	  1.08989e+07
724.173	  1.08951e+07
724.46	  1.08913e+07
724.747	  1.08875e+07
725.034	  1.08837e+07
725.321	  1.08799e+07
725.608	  1.08761e+07
725.895	  1.08722e+07
726.182	  1.08684e+07
726.469	  1.08646e+07
726.756	  1.08608e+07
727.043	  1.08569e+07
727.33	  1.08531e+07
727.617	  1.08492e+07
727.904	  1.08454e+07
728.191	  1.08415e+07
728.478	  1.08377e+07
728.765	  1.08338e+07
729.052	  1.083e+07
729.339	  1.08261e+07
729.626	  1.08222e+07
729.913	  1.08183e+07
730.2	  1.08145e+07
730.487	  1.08106e+07
730.774	  1.08067e+07
731.061	  1.08028e+07
731.348	  1.07989e+07
731.635	  1.0795e+07
731.922	  1.07911e+07
732.209	  1.07872e+07
732.496	  1.07833e+07
732.783	  1.07794e+07
733.07	  1.07755e+07
733.357	  1.07715e+07
733.644	  1.07676e+07
733.931	  1.07637e+07
734.218	  1.07597e+07
734.505	  1.07558e+07
734.792	  1.07519e+07
735.079	  1.07479e+07
735.366	  1.0744e+07
735.653	  1.074e+07
735.94	  1.07361e+07
736.227	  1.07321e+07
736.514	  1.07281e+07
736.801	  1.07242e+07
737.088	  1.07202e+07
737.375	  1.07162e+07
737.662	  1.07123e+07
737.949	  1.07083e+07
738.236	  1.07043e+07
738.523	  1.07003e+07
738.81	  1.06963e+07
739.097	  1.06923e+07
739.384	  1.06883e+07
739.671	  1.06843e+07
739.958	  1.06803e+07
740.245	  1.06763e+07
740.532	  1.06723e+07
740.819	  1.06683e+07
741.106	  1.06643e+07
741.393	  1.06602e+07
741.68	  1.06562e+07
741.967	  1.06522e+07
742.254	  1.06481e+07
742.541	  1.06441e+07
742.828	  1.06401e+07
743.115	  1.0636e+07
743.402	  1.0632e+07
743.689	  1.06279e+07
743.976	  1.06239e+07
744.263	  1.06198e+07
744.55	  1.06158e+07
744.837	  1.06117e+07
745.124	  1.06076e+07
745.411	  1.06036e+07
745.698	  1.05995e+07
745.985	  1.05954e+07
746.272	  1.05914e+07
746.559	  1.05873e+07
746.846	  1.05832e+07
747.133	  1.05791e+07
747.42	  1.0575e+07
747.707	  1.05709e+07
747.994	  1.05668e+07
748.281	  1.05627e+07
748.568	  1.05586e+07
748.855	  1.05545e+07
749.142	  1.05504e+07
749.429	  1.05463e+07
749.716	  1.05422e+07
750.003	  1.05381e+07
750.29	  1.05339e+07
750.577	  1.05298e+07
750.864	  1.05257e+07
751.151	  1.05216e+07
751.438	  1.05174e+07
751.725	  1.05133e+07
752.012	  1.05092e+07
752.299	  1.0505e+07
752.586	  1.05009e+07
752.873	  1.04967e+07
753.16	  1.04926e+07
753.447	  1.04884e+07
753.734	  1.04843e+07
754.021	  1.04801e+07
754.308	  1.0476e+07
754.595	  1.04718e+07
754.882	  1.04676e+07
755.169	  1.04635e+07
755.456	  1.04593e+07
755.743	  1.04551e+07
756.03	  1.04509e+07
756.317	  1.04468e+07
756.604	  1.04426e+07
756.891	  1.04384e+07
757.178	  1.04342e+07
757.465	  1.043e+07
757.752	  1.04258e+07
758.039	  1.04216e+07
758.326	  1.04174e+07
758.613	  1.04132e+07
758.9	  1.0409e+07
759.187	  1.04048e+07
759.474	  1.04006e+07
759.761	  1.03964e+07
760.048	  1.03922e+07
760.335	  1.0388e+07
760.622	  1.03838e+07
760.909	  1.03795e+07
761.196	  1.03753e+07
761.483	  1.03711e+07
761.77	  1.03669e+07
762.057	  1.03626e+07
762.344	  1.03584e+07
762.631	  1.03542e+07
762.918	  1.03499e+07
763.205	  1.03457e+07
763.492	  1.03414e+07
763.779	  1.03372e+07
764.066	  1.03329e+07
764.353	  1.03287e+07
764.64	  1.03244e+07
764.927	  1.03202e+07
765.214	  1.03159e+07
765.501	  1.03117e+07
765.788	  1.03074e+07
766.075	  1.03031e+07
766.362	  1.02989e+07
766.649	  1.02946e+07
766.936	  1.02903e+07
767.223	  1.02861e+07
767.51	  1.02818e+07
767.797	  1.02775e+07
768.084	  1.02732e+07
768.371	  1.0269e+07
768.658	  1.02647e+07
768.945	  1.02604e+07
769.232	  1.02561e+07
769.519	  1.02518e+07
769.806	  1.02475e+07
770.093	  1.02432e+07
770.38	  1.02389e+07
770.667	  1.02346e+07
770.954	  1.02303e+07
771.241	  1.0226e+07
771.528	  1.02217e+07
771.815	  1.02174e+07
772.102	  1.02131e+07
772.389	  1.02088e+07
772.676	  1.02045e+07
772.963	  1.02002e+07
773.25	  1.01958e+07
773.537	  1.01915e+07
773.824	  1.01872e+07
774.111	  1.01829e+07
774.398	  1.01786e+07
774.685	  1.01742e+07
774.972	  1.01699e+07
775.259	  1.01656e+07
775.546	  1.01612e+07
775.833	  1.01569e+07
776.12	  1.01526e+07
776.407	  1.01482e+07
776.694	  1.01439e+07
776.981	  1.01396e+07
777.268	  1.01352e+07
777.555	  1.01309e+07
777.842	  1.01265e+07
778.129	  1.01222e+07
778.416	  1.01178e+07
778.703	  1.01135e+07
778.99	  1.01091e+07
779.277	  1.01048e+07
779.564	  1.01004e+07
779.851	  1.0096e+07
780.138	  1.00917e+07
780.425	  1.00873e+07
780.712	  1.00829e+07
780.999	  1.00786e+07
781.286	  1.00742e+07
781.573	  1.00698e+07
781.86	  1.00655e+07
782.147	  1.00611e+07
782.434	  1.00567e+07
782.721	  1.00523e+07
783.008	  1.0048e+07
783.295	  1.00436e+07
783.582	  1.00392e+07
783.869	  1.00348e+07
784.156	  1.00304e+07
784.443	  1.0026e+07
784.73	  1.00217e+07
785.017	  1.00173e+07
785.304	  1.00129e+07
785.591	  1.00085e+07
785.878	  1.00041e+07
786.165	  9.9997e+06
786.452	  9.9953e+06
786.739	  9.9909e+06
787.026	  9.9865e+06
787.313	  9.9821e+06
787.6	  9.97769e+06
787.887	  9.97329e+06
788.174	  9.96888e+06
788.461	  9.96448e+06
788.748	  9.96007e+06
789.035	  9.95566e+06
789.322	  9.95124e+06
789.609	  9.94683e+06
789.896	  9.94242e+06
790.183	  9.938e+06
790.47	  9.93358e+06
790.757	  9.92916e+06
791.044	  9.92474e+06
791.331	  9.92032e+06
791.618	  9.9159e+06
791.905	  9.91148e+06
792.192	  9.90705e+06
792.479	  9.90262e+06
792.766	  9.8982e+06
793.053	  9.89377e+06
793.34	  9.88934e+06
793.627	  9.8849e+06
793.914	  9.88047e+06
794.201	  9.87604e+06
794.488	  9.8716e+06
794.775	  9.86716e+06
795.062	  9.86273e+06
795.349	  9.85829e+06
795.636	  9.85385e+06
795.923	  9.8494e+06
796.21	  9.84496e+06
796.497	  9.84052e+06
796.784	  9.83607e+06
797.071	  9.83162e+06
797.358	  9.82718e+06
797.645	  9.82273e+06
797.932	  9.81828e+06
798.219	  9.81383e+06
798.506	  9.80938e+06
798.793	  9.80492e+06
799.08	  9.80047e+06
799.367	  9.79601e+06
799.654	  9.79156e+06
799.941	  9.7871e+06
800.228	  9.78264e+06
800.515	  9.77818e+06
800.802	  9.77372e+06
801.089	  9.76926e+06
801.376	  9.76479e+06
801.663	  9.76033e+06
801.95	  9.75586e+06
802.237	  9.7514e+06
802.524	  9.74693e+06
802.811	  9.74246e+06
803.098	  9.738e+06
803.385	  9.73353e+06
803.672	  9.72905e+06
803.959	  9.72458e+06
804.246	  9.72011e+06
804.533	  9.71564e+06
804.82	  9.71116e+06
805.107	  9.70669e+06
805.394	  9.70221e+06
805.681	  9.69773e+06
805.968	  9.69325e+06
806.255	  9.68878e+06
806.542	  9.6843e+06
806.829	  9.67982e+06
807.116	  9.67533e+06
807.403	  9.67085e+06
807.69	  9.66637e+06
807.977	  9.66188e+06
808.264	  9.6574e+06
808.551	  9.65291e+06
808.838	  9.64843e+06
809.125	  9.64394e+06
809.412	  9.63945e+06
809.699	  9.63496e+06
809.986	  9.63047e+06
810.273	  9.62598e+06
810.56	  9.62149e+06
810.847	  9.617e+06
811.134	  9.61251e+06
811.421	  9.60801e+06
811.708	  9.60352e+06
811.995	  9.59902e+06
812.282	  9.59453e+06
812.569	  9.59003e+06
812.856	  9.58553e+06
813.143	  9.58104e+06
813.43	  9.57654e+06
813.717	  9.57204e+06
814.004	  9.56754e+06
814.291	  9.56304e+06
814.578	  9.55854e+06
814.865	  9.55403e+06
815.152	  9.54953e+06
815.439	  9.54503e+06
815.726	  9.54053e+06
816.013	  9.53602e+06
816.3	  9.53152e+06
816.587	  9.52701e+06
816.874	  9.52251e+06
817.161	  9.518e+06
817.448	  9.51349e+06
817.735	  9.50898e+06
818.022	  9.50448e+06
818.309	  9.49997e+06
818.596	  9.49546e+06
818.883	  9.49095e+06
819.17	  9.48644e+06
819.457	  9.48193e+06
820.002	  9.47335e+06
820.031	  9.4729e+06
820.059	  9.47245e+06
820.088	  9.472e+06
820.117	  9.47155e+06
820.146	  9.4711e+06
820.174	  9.47065e+06
820.203	  9.4702e+06
820.232	  9.46974e+06
820.26	  9.46929e+06
820.289	  9.46884e+06
820.318	  9.46839e+06
820.346	  9.46794e+06
820.375	  9.46749e+06
820.404	  9.46704e+06
820.433	  9.46659e+06
820.461	  9.46613e+06
820.49	  9.46568e+06
820.519	  9.46523e+06
820.547	  9.46478e+06
820.576	  9.46433e+06
820.605	  9.46388e+06
820.633	  9.43835e+06
820.662	  9.4379e+06
820.691	  9.43745e+06
820.72	  9.43699e+06
820.748	  9.43654e+06
820.777	  9.43609e+06
820.806	  9.43564e+06
820.834	  9.43518e+06
820.863	  9.43473e+06
820.892	  9.43428e+06
820.92	  9.43383e+06
820.949	  9.43338e+06
820.978	  9.43292e+06
821.007	  9.43247e+06
821.035	  9.43202e+06
821.064	  9.43157e+06
821.093	  9.43111e+06
821.121	  9.43066e+06
821.15	  9.43021e+06
821.179	  9.42976e+06
821.207	  9.42931e+06
821.236	  9.42885e+06
821.265	  9.4284e+06
821.294	  9.42795e+06
821.322	  9.4275e+06
821.351	  9.42704e+06
821.38	  9.42659e+06
821.408	  9.42614e+06
821.437	  9.42569e+06
821.466	  9.42524e+06
821.494	  9.42478e+06
821.523	  9.42433e+06
821.552	  9.42388e+06
821.581	  9.42343e+06
821.609	  9.42297e+06
821.638	  9.42252e+06
821.667	  9.42207e+06
821.695	  9.42162e+06
821.724	  9.42116e+06
821.753	  9.42071e+06
821.781	  9.42026e+06
821.81	  9.41981e+06
821.839	  9.41935e+06
821.868	  9.4189e+06
821.896	  9.41845e+06
821.925	  9.418e+06
821.954	  9.41754e+06
821.982	  9.41709e+06
822.011	  9.41664e+06
822.011	  9.41664e+06
822.298	  9.41212e+06
822.585	  9.40759e+06
822.872	  9.40307e+06
823.159	  9.39854e+06
823.446	  9.39402e+06
823.733	  9.38949e+06
824.02	  9.38496e+06
824.307	  9.38044e+06
824.594	  9.37591e+06
824.881	  9.37138e+06
825.168	  9.36685e+06
825.455	  9.36232e+06
825.742	  9.35779e+06
826.029	  9.35326e+06
826.316	  9.34873e+06
826.603	  9.3442e+06
826.89	  9.33967e+06
827.177	  9.33514e+06
827.464	  9.33061e+06
827.751	  9.32608e+06
828.038	  9.32155e+06
828.325	  9.31702e+06
828.612	  9.31248e+06
828.899	  9.30795e+06
829.186	  9.30342e+06
829.473	  9.29888e+06
829.76	  9.29435e+06
830.047	  9.28982e+06
830.334	  9.28528e+06
830.621	  9.28075e+06
830.908	  9.27621e+06
831.195	  9.27168e+06
831.482	  9.26714e+06
831.769	  9.26261e+06
832.056	  9.25807e+06
832.343	  9.25354e+06
832.63	  9.249e+06
832.917	  9.24446e+06
833.204	  9.23993e+06
833.491	  9.23539e+06
833.778	  9.23086e+06
834.065	  9.22632e+06
834.352	  9.22178e+06
834.639	  9.21724e+06
834.926	  9.21271e+06
835.213	  9.20817e+06
835.5	  9.20363e+06
835.787	  9.19909e+06
836.074	  9.19455e+06
836.361	  9.19002e+06
836.648	  9.18548e+06
836.935	  9.18094e+06
837.222	  9.1764e+06
837.509	  9.17186e+06
837.796	  9.16732e+06
838.083	  9.16279e+06
838.37	  9.15825e+06
838.657	  9.15371e+06
838.944	  9.14917e+06
839.231	  9.14463e+06
839.518	  9.14009e+06
839.805	  9.13555e+06
840.092	  9.13101e+06
840.379	  9.12647e+06
840.666	  9.12193e+06
840.953	  9.11739e+06
841.24	  9.11285e+06
841.527	  9.10832e+06
841.814	  9.10378e+06
842.101	  9.09924e+06
842.388	  9.0947e+06
842.675	  9.09016e+06
842.962	  9.08562e+06
843.249	  9.08108e+06
843.536	  9.07654e+06
843.823	  9.072e+06
844.11	  9.06746e+06
844.397	  9.06292e+06
844.684	  9.05838e+06
844.971	  9.05384e+06
845.258	  9.04931e+06
845.545	  9.04477e+06
845.832	  9.04023e+06
846.119	  9.03569e+06
846.406	  9.03115e+06
846.693	  9.02661e+06
846.98	  9.02207e+06
847.267	  9.01753e+06
847.554	  9.013e+06
847.841	  9.00846e+06
848.128	  9.00392e+06
848.415	  8.99938e+06
848.702	  8.99484e+06
848.989	  8.99031e+06
849.276	  8.98577e+06
849.563	  8.98123e+06
849.85	  8.97669e+06
850.137	  8.97216e+06
850.424	  8.96762e+06
850.711	  8.96308e+06
850.998	  8.95855e+06
851.285	  8.95401e+06
851.572	  8.94947e+06
851.859	  8.94494e+06
852.146	  8.9404e+06
852.433	  8.93587e+06
852.72	  8.93133e+06
853.007	  8.9268e+06
853.294	  8.92226e+06
853.581	  8.91773e+06
853.868	  8.91319e+06
854.155	  8.90866e+06
854.442	  8.90412e+06
854.729	  8.89959e+06
855.016	  8.89506e+06
855.303	  8.89052e+06
855.59	  8.88599e+06
855.877	  8.88146e+06
856.164	  8.87693e+06
856.451	  8.87239e+06
856.738	  8.86786e+06
857.025	  8.86333e+06
857.312	  8.8588e+06
857.599	  8.85427e+06
857.886	  8.84974e+06
858.173	  8.84521e+06
858.46	  8.84068e+06
858.747	  8.83615e+06
859.034	  8.83162e+06
859.321	  8.82709e+06
859.608	  8.82256e+06
859.895	  8.81803e+06
860.182	  8.8135e+06
860.469	  8.80898e+06
860.756	  8.80445e+06
861.043	  8.79992e+06
861.33	  8.79539e+06
861.617	  8.79087e+06
861.904	  8.78634e+06
862.191	  8.78182e+06
862.478	  8.77729e+06
862.765	  8.77277e+06
863.052	  8.76824e+06
863.339	  8.76372e+06
863.626	  8.75919e+06
863.913	  8.75467e+06
864.2	  8.75015e+06
864.487	  8.74563e+06
864.774	  8.7411e+06
865.061	  8.73658e+06
865.348	  8.73206e+06
865.635	  8.72754e+06
865.922	  8.72302e+06
866.209	  8.7185e+06
866.496	  8.71398e+06
866.783	  8.70946e+06
867.07	  8.70495e+06
867.357	  8.70043e+06
867.644	  8.69591e+06
867.931	  8.69139e+06
868.218	  8.68688e+06
868.505	  8.68236e+06
868.792	  8.67785e+06
869.079	  8.67333e+06
869.366	  8.66882e+06
869.653	  8.6643e+06
869.94	  8.65979e+06
870.227	  8.65528e+06
870.514	  8.65076e+06
870.801	  8.64625e+06
871.088	  8.64174e+06
871.375	  8.63723e+06
871.662	  8.63272e+06
871.949	  8.62821e+06
872.236	  8.6237e+06
872.523	  8.61919e+06
872.81	  8.61469e+06
873.097	  8.61018e+06
873.384	  8.60567e+06
873.671	  8.60116e+06
873.958	  8.59666e+06
874.245	  8.59215e+06
874.532	  8.58765e+06
874.819	  8.58314e+06
875.106	  8.57864e+06
875.393	  8.57414e+06
875.68	  8.56964e+06
875.967	  8.56513e+06
876.254	  8.56063e+06
876.541	  8.55613e+06
876.828	  8.55163e+06
877.115	  8.54713e+06
877.402	  8.54264e+06
877.689	  8.53814e+06
877.976	  8.53364e+06
878.263	  8.52914e+06
878.55	  8.52465e+06
878.837	  8.52015e+06
879.124	  8.51566e+06
879.411	  8.51116e+06
879.698	  8.50667e+06
879.985	  8.50218e+06
880.272	  8.49769e+06
880.559	  8.49319e+06
880.846	  8.4887e+06
881.133	  8.48421e+06
881.42	  8.47972e+06
881.707	  8.47523e+06
881.994	  8.47075e+06
882.281	  8.46626e+06
882.568	  8.46177e+06
882.855	  8.45729e+06
883.142	  8.4528e+06
883.429	  8.44832e+06
883.716	  8.44383e+06
884.003	  8.43935e+06
884.29	  8.43487e+06
884.577	  8.43039e+06
884.864	  8.42591e+06
885.151	  8.42143e+06
885.438	  8.41695e+06
885.725	  8.41247e+06
886.012	  8.40799e+06
886.299	  8.40351e+06
886.586	  8.39904e+06
886.873	  8.39456e+06
887.16	  8.39008e+06
887.447	  8.38561e+06
887.734	  8.38114e+06
888.021	  8.37666e+06
888.308	  8.37219e+06
888.595	  8.36772e+06
888.882	  8.36325e+06
889.169	  8.35878e+06
889.456	  8.35431e+06
889.743	  8.34985e+06
890.03	  8.34538e+06
890.317	  8.34091e+06
890.604	  8.33645e+06
890.891	  8.33198e+06
891.178	  8.32752e+06
891.465	  8.32305e+06
891.752	  8.31859e+06
892.039	  8.31413e+06
892.326	  8.30967e+06
892.613	  8.30521e+06
892.9	  8.30075e+06
893.187	  8.29629e+06
893.474	  8.29184e+06
893.761	  8.28738e+06
894.048	  8.28292e+06
894.335	  8.27847e+06
894.622	  8.27402e+06
894.909	  8.26956e+06
895.196	  8.26511e+06
895.483	  8.26066e+06
895.77	  8.25621e+06
896.057	  8.25176e+06
896.344	  8.24731e+06
896.631	  8.24286e+06
896.918	  8.23842e+06
897.205	  8.23397e+06
897.492	  8.22952e+06
897.779	  8.22508e+06
898.066	  8.22064e+06
898.353	  8.21619e+06
898.64	  8.21175e+06
898.927	  8.20731e+06
899.214	  8.20287e+06
899.501	  8.19843e+06
899.788	  8.194e+06
900.075	  8.18956e+06
900.362	  8.18512e+06
900.649	  8.18069e+06
900.936	  8.17625e+06
901.223	  8.17182e+06
901.51	  8.16739e+06
901.797	  8.16296e+06
902.084	  8.15853e+06
902.371	  8.1541e+06
902.658	  8.14967e+06
902.945	  8.14524e+06
903.232	  8.14081e+06
903.519	  8.13639e+06
903.806	  8.13196e+06
904.093	  8.12754e+06
904.38	  8.12312e+06
904.667	  8.11869e+06
904.954	  8.11427e+06
905.241	  8.10985e+06
905.528	  8.10543e+06
905.815	  8.10102e+06
906.102	  8.0966e+06
906.389	  8.09218e+06
906.676	  8.08777e+06
906.963	  8.08335e+06
907.25	  8.07894e+06
907.537	  8.07453e+06
907.824	  8.07012e+06
908.111	  8.06571e+06
908.398	  8.0613e+06
908.685	  8.05689e+06
908.972	  8.05248e+06
909.259	  8.04808e+06
909.546	  8.04367e+06
909.833	  8.03927e+06
910.12	  8.03487e+06
910.407	  8.03046e+06
910.694	  8.02606e+06
910.981	  8.02166e+06
911.268	  8.01727e+06
911.555	  8.01287e+06
911.842	  8.00847e+06
912.129	  8.00408e+06
912.416	  7.99968e+06
912.703	  7.99529e+06
912.99	  7.9909e+06
913.277	  7.9865e+06
913.564	  7.98211e+06
913.851	  7.97772e+06
914.138	  7.97334e+06
914.425	  7.96895e+06
914.712	  7.96456e+06
914.999	  7.96018e+06
915.286	  7.95579e+06
915.573	  7.95141e+06
915.86	  7.94703e+06
916.147	  7.94265e+06
916.434	  7.93827e+06
916.721	  7.93389e+06
917.008	  7.92951e+06
917.295	  7.92514e+06
917.582	  7.92076e+06
917.869	  7.91639e+06
918.156	  7.91201e+06
918.443	  7.90764e+06
918.73	  7.90327e+06
919.017	  7.8989e+06
919.304	  7.89453e+06
919.591	  7.89017e+06
919.878	  7.8858e+06
920.165	  7.88143e+06
920.452	  7.87707e+06
920.739	  7.87271e+06
921.026	  7.86835e+06
921.313	  7.86398e+06
921.6	  7.85962e+06
921.887	  7.85527e+06
922.174	  7.85091e+06
922.461	  7.84655e+06
922.748	  7.8422e+06
923.035	  7.83784e+06
923.322	  7.83349e+06
923.609	  7.82914e+06
923.896	  7.82479e+06
924.183	  7.82044e+06
924.47	  7.81609e+06
924.757	  7.81174e+06
925.044	  7.8074e+06
925.331	  7.80305e+06
925.618	  7.79871e+06
925.905	  7.79437e+06
926.192	  7.79003e+06
926.479	  7.78569e+06
926.766	  7.78135e+06
927.053	  7.77701e+06
927.34	  7.77267e+06
927.627	  7.76834e+06
927.914	  7.76401e+06
928.201	  7.75967e+06
928.488	  7.75534e+06
928.775	  7.75101e+06
929.062	  7.74668e+06
929.349	  7.74235e+06
929.636	  7.73803e+06
929.923	  7.7337e+06
930.21	  7.72938e+06
930.497	  7.72505e+06
930.784	  7.72073e+06
931.071	  7.71641e+06
931.358	  7.71209e+06
931.645	  7.70777e+06
931.932	  7.70345e+06
932.219	  7.69914e+06
932.506	  7.69482e+06
932.793	  7.69051e+06
933.08	  7.6862e+06
933.367	  7.68189e+06
933.654	  7.67758e+06
933.941	  7.67327e+06
934.228	  7.66896e+06
934.515	  7.66465e+06
934.802	  7.66035e+06
935.089	  7.65605e+06
935.376	  7.65174e+06
935.663	  7.64744e+06
935.95	  7.64314e+06
936.237	  7.63884e+06
936.524	  7.63455e+06
936.811	  7.63025e+06
937.098	  7.62596e+06
937.385	  7.62166e+06
937.672	  7.61737e+06
937.959	  7.61308e+06
938.246	  7.60879e+06
938.533	  7.6045e+06
938.82	  7.60021e+06
939.107	  7.59593e+06
939.394	  7.59164e+06
939.681	  7.58736e+06
939.968	  7.58308e+06
940.255	  7.57879e+06
940.542	  7.57451e+06
940.829	  7.57024e+06
941.116	  7.56596e+06
941.403	  7.56168e+06
941.69	  7.55741e+06
941.977	  7.55314e+06
942.264	  7.54886e+06
942.551	  7.54459e+06
942.838	  7.54032e+06
943.125	  7.53606e+06
943.412	  7.53179e+06
943.699	  7.52752e+06
943.986	  7.52326e+06
944.273	  7.519e+06
944.56	  7.51473e+06
944.847	  7.51047e+06
945.134	  7.50621e+06
945.421	  7.50196e+06
945.708	  7.4977e+06
945.995	  7.49345e+06
946.282	  7.48919e+06
946.569	  7.48494e+06
946.856	  7.48069e+06
947.143	  7.47644e+06
947.43	  7.47219e+06
947.717	  7.46794e+06
948.004	  7.4637e+06
948.291	  7.45945e+06
948.578	  7.45521e+06
948.865	  7.45097e+06
949.152	  7.44673e+06
949.439	  7.44249e+06
949.726	  7.43825e+06
950.013	  7.43401e+06
950.3	  7.42978e+06
950.587	  7.42554e+06
950.874	  7.42131e+06
951.161	  7.41708e+06
951.448	  7.41285e+06
951.735	  7.40862e+06
952.022	  7.40439e+06
952.309	  7.40017e+06
952.596	  7.39594e+06
952.883	  7.39172e+06
953.17	  7.3875e+06
953.457	  7.38328e+06
953.744	  7.37906e+06
954.031	  7.37484e+06
954.318	  7.37063e+06
954.605	  7.36641e+06
954.892	  7.3622e+06
955.179	  7.35799e+06
955.466	  7.35378e+06
955.753	  7.34957e+06
956.04	  7.34536e+06
956.327	  7.34115e+06
956.614	  7.33695e+06
956.901	  7.33274e+06
957.188	  7.32854e+06
957.475	  7.32434e+06
957.762	  7.32014e+06
958.049	  7.31594e+06
958.336	  7.31174e+06
958.623	  7.30755e+06
958.91	  7.30335e+06
959.197	  7.29916e+06
959.484	  7.29497e+06
959.771	  7.29078e+06
960.058	  7.28659e+06
960.345	  7.2824e+06
960.632	  7.27822e+06
960.919	  7.27403e+06
961.206	  7.26985e+06
961.493	  7.26567e+06
961.78	  7.26149e+06
962.067	  7.25731e+06
962.354	  7.25313e+06
962.641	  7.24895e+06
962.928	  7.24478e+06
963.215	  7.24061e+06
963.502	  7.23643e+06
963.789	  7.23226e+06
964.076	  7.22809e+06
964.363	  7.22393e+06
964.65	  7.21976e+06
964.937	  7.21559e+06
965.224	  7.21143e+06
965.511	  7.20727e+06
965.798	  7.20311e+06
966.085	  7.19895e+06
966.372	  7.19479e+06
966.659	  7.19063e+06
966.946	  7.18648e+06
967.233	  7.18233e+06
967.52	  7.17817e+06
967.807	  7.17402e+06
968.094	  7.16987e+06
968.381	  7.16573e+06
968.668	  7.16158e+06
968.955	  7.15743e+06
969.242	  7.15329e+06
969.529	  7.14915e+06
969.816	  7.14501e+06
970.103	  7.14087e+06
970.39	  7.13673e+06
970.677	  7.13259e+06
970.964	  7.12846e+06
971.251	  7.12433e+06
971.538	  7.12019e+06
971.825	  7.11606e+06
972.112	  7.11193e+06
972.399	  7.10781e+06
972.686	  7.10368e+06
972.973	  7.09955e+06
973.26	  7.09543e+06
973.547	  7.09131e+06
973.834	  7.08719e+06
974.121	  7.08307e+06
974.408	  7.07895e+06
974.695	  7.07484e+06
974.982	  7.07072e+06
975.269	  7.06661e+06
975.556	  7.0625e+06
975.843	  7.05839e+06
976.13	  7.05428e+06
976.417	  7.05017e+06
976.704	  7.04606e+06
976.991	  7.04196e+06
977.278	  7.03786e+06
977.565	  7.03375e+06
977.852	  7.02965e+06
978.139	  7.02556e+06
978.426	  7.02146e+06
978.713	  7.01736e+06
979	  7.01327e+06
979.287	  7.00918e+06
979.574	  7.00508e+06
979.861	  7.00099e+06
980.148	  6.99691e+06
980.435	  6.99282e+06
980.722	  6.98873e+06
981.009	  6.98465e+06
981.296	  6.98057e+06
981.583	  6.97649e+06
981.87	  6.97241e+06
982.157	  6.96833e+06
982.444	  6.96425e+06
982.731	  6.96018e+06
983.018	  6.9561e+06
983.305	  6.95203e+06
983.592	  6.94796e+06
983.879	  6.94389e+06
984.166	  6.93982e+06
984.453	  6.93576e+06
984.74	  6.93169e+06
985.027	  6.92763e+06
985.314	  6.92357e+06
985.601	  6.91951e+06
985.888	  6.91545e+06
986.175	  6.91139e+06
986.462	  6.90734e+06
986.749	  6.90328e+06
987.036	  6.89923e+06
987.323	  6.89518e+06
987.61	  6.89113e+06
987.897	  6.88708e+06
988.184	  6.88303e+06
988.471	  6.87899e+06
988.758	  6.87494e+06
989.045	  6.8709e+06
989.332	  6.86686e+06
989.619	  6.86282e+06
989.906	  6.85878e+06
990.193	  6.85475e+06
990.48	  6.85071e+06
990.767	  6.84668e+06
991.054	  6.84265e+06
991.341	  6.83862e+06
991.628	  6.83459e+06
991.915	  6.83056e+06
992.202	  6.82653e+06
992.489	  6.82251e+06
992.776	  6.81849e+06
993.063	  6.81446e+06
993.35	  6.81045e+06
993.637	  6.80643e+06
993.924	  6.80241e+06
994.211	  6.79839e+06
994.498	  6.79438e+06
994.785	  6.79037e+06
995.072	  6.78636e+06
995.359	  6.78235e+06
995.646	  6.77834e+06
995.933	  6.77433e+06
996.22	  6.77033e+06
996.507	  6.76633e+06
996.794	  6.76233e+06
997.081	  6.75833e+06
997.368	  6.75433e+06
997.655	  6.75033e+06
997.942	  6.74633e+06
998.229	  6.74234e+06
998.516	  6.73835e+06
998.803	  6.73436e+06
999.09	  6.73037e+06
999.377	  6.72638e+06
999.664	  6.72239e+06
999.951	  6.71841e+06
1000.24	  6.71442e+06
1000.52	  6.71044e+06
1000.81	  6.70646e+06
1001.1	  6.70248e+06
1001.39	  6.69851e+06
1001.67	  6.69453e+06
1001.96	  6.69056e+06
1002.25	  6.68658e+06
1002.53	  6.68261e+06
1002.82	  6.67864e+06
1003.11	  6.67467e+06
1003.39	  6.67071e+06
1003.68	  6.66674e+06
1003.97	  6.66278e+06
1004.26	  6.65882e+06
1004.54	  6.65486e+06
1004.83	  6.6509e+06
1005.12	  6.64694e+06
1005.4	  6.64298e+06
1005.69	  6.63903e+06
1005.98	  6.63508e+06
1006.26	  6.63112e+06
1006.55	  6.62717e+06
1006.84	  6.62323e+06
1007.13	  6.61928e+06
1007.41	  6.61533e+06
1007.7	  6.61139e+06
1007.99	  6.60745e+06
1008.27	  6.60351e+06
1008.56	  6.59957e+06
1008.85	  6.59563e+06
1009.13	  6.5917e+06
1009.42	  6.58776e+06
1009.71	  6.58383e+06
1010	  6.5799e+06
1010.28	  6.57597e+06
1010.57	  6.57204e+06
1010.86	  6.56811e+06
1011.14	  6.56419e+06
1011.43	  6.56026e+06
1011.72	  6.55634e+06
1012	  6.55242e+06
1012.29	  6.5485e+06
1012.58	  6.54458e+06
1012.87	  6.54067e+06
1013.15	  6.53675e+06
1013.44	  6.53284e+06
1013.73	  6.52893e+06
1014.01	  6.52502e+06
1014.3	  6.52111e+06
1014.59	  6.5172e+06
1014.88	  6.5133e+06
1015.16	  6.5094e+06
1015.45	  6.50549e+06
1015.74	  6.50159e+06
1016.02	  6.49769e+06
1016.31	  6.4938e+06
1016.6	  6.4899e+06
1016.88	  6.48601e+06
1017.17	  6.48211e+06
1017.46	  6.47822e+06
1017.75	  6.47433e+06
1018.03	  6.47045e+06
1018.32	  6.46656e+06
1018.61	  6.46267e+06
1018.89	  6.45879e+06
1019.18	  6.45491e+06
1019.47	  6.45103e+06
1019.98	  6.44416e+06
1021.08	  6.42932e+06
1022.17	  6.41449e+06
1023.27	  6.39969e+06
1024.38	  6.38491e+06
1025.47	  6.37015e+06
1026.58	  6.35542e+06
1027.67	  6.34071e+06
1028.78	  6.32602e+06
1029.88	  6.31135e+06
1030.97	  6.29671e+06
1032.08	  6.28209e+06
1033.17	  6.2675e+06
1034.28	  6.25292e+06
1035.38	  6.23837e+06
1036.47	  6.22384e+06
1037.58	  6.20934e+06
1038.67	  6.19485e+06
1039.78	  6.1804e+06
1040.88	  6.16596e+06
1041.97	  6.15154e+06
1043.08	  6.13715e+06
1044.17	  6.12279e+06
1045.28	  6.10844e+06
1046.38	  6.09412e+06
1047.47	  6.07982e+06
1048.58	  6.06554e+06
1049.67	  6.05129e+06
1050.78	  6.03706e+06
1051.88	  6.02285e+06
1052.97	  6.00866e+06
1054.08	  5.9945e+06
1055.17	  5.98036e+06
1056.28	  5.96624e+06
1057.38	  5.95215e+06
1058.47	  5.93807e+06
1059.58	  5.92402e+06
1060.67	  5.91e+06
1061.78	  5.89599e+06
1062.88	  5.88201e+06
1063.97	  5.86805e+06
1065.08	  5.85412e+06
1066.17	  5.8402e+06
1067.28	  5.82631e+06
1068.38	  5.81245e+06
1069.47	  5.7986e+06
1070.58	  5.78478e+06
1071.67	  5.77098e+06
1072.78	  5.7572e+06
1073.88	  5.74344e+06
1074.97	  5.72971e+06
1076.08	  5.716e+06
1077.17	  5.70231e+06
1078.28	  5.68864e+06
1079.38	  5.675e+06
1080.47	  5.66138e+06
1081.58	  5.64778e+06
1082.67	  5.6342e+06
1083.78	  5.62065e+06
1084.88	  5.60711e+06
1085.97	  5.5936e+06
1087.08	  5.58012e+06
1088.17	  5.56665e+06
1089.28	  5.55321e+06
1090.38	  5.53978e+06
1091.47	  5.52638e+06
1092.58	  5.51301e+06
1093.67	  5.49965e+06
1094.78	  5.48632e+06
1095.88	  5.473e+06
1096.97	  5.45971e+06
1098.08	  5.44645e+06
1099.17	  5.4332e+06
1100.28	  5.41997e+06
1101.38	  5.40677e+06
1102.47	  5.39359e+06
1103.58	  5.38043e+06
1104.67	  5.36729e+06
1105.78	  5.35417e+06
1106.88	  5.34108e+06
1107.97	  5.32801e+06
1109.08	  5.31495e+06
1110.17	  5.30192e+06
1111.28	  5.28891e+06
1112.38	  5.27593e+06
1113.47	  5.26296e+06
1114.58	  5.25001e+06
1115.67	  5.23709e+06
1116.78	  5.22419e+06
1117.88	  5.21131e+06
1118.97	  5.19845e+06
1120.08	  5.18561e+06
1121.17	  5.17279e+06
1122.28	  5.15999e+06
1123.38	  5.14721e+06
1124.47	  5.13446e+06
1125.58	  5.12172e+06
1126.67	  5.10901e+06
1127.78	  5.09632e+06
1128.88	  5.08364e+06
1129.97	  5.07099e+06
1131.08	  5.05836e+06
1132.17	  5.04575e+06
1133.28	  5.03316e+06
1134.38	  5.02059e+06
1135.47	  5.00804e+06
1136.58	  4.99551e+06
1137.67	  4.983e+06
1138.78	  4.97052e+06
1139.88	  4.95805e+06
1140.97	  4.9456e+06
1142.08	  4.93317e+06
1143.17	  4.92077e+06
1144.28	  4.90838e+06
1145.38	  4.89601e+06
1146.47	  4.88366e+06
1147.58	  4.87134e+06
1148.67	  4.85903e+06
1149.78	  4.84674e+06
1150.88	  4.83447e+06
1151.97	  4.82223e+06
1153.08	  4.81e+06
1154.17	  4.79779e+06
1155.28	  4.7856e+06
1156.38	  4.77343e+06
1157.47	  4.76128e+06
1158.58	  4.74915e+06
1159.67	  4.73704e+06
1160.78	  4.72495e+06
1161.88	  4.71287e+06
1162.97	  4.70082e+06
1164.08	  4.68879e+06
1165.17	  4.67677e+06
1166.28	  4.66477e+06
1167.38	  4.6528e+06
1168.47	  4.64084e+06
1169.58	  4.6289e+06
1170.67	  4.61698e+06
1171.78	  4.60508e+06
1172.88	  4.59319e+06
1173.97	  4.58133e+06
1175.08	  4.56948e+06
1176.17	  4.55765e+06
1177.28	  4.54585e+06
1178.38	  4.53406e+06
1179.47	  4.52228e+06
1180.58	  4.51053e+06
1181.67	  4.49879e+06
1182.78	  4.48708e+06
1183.88	  4.47538e+06
1184.97	  4.4637e+06
1186.08	  4.45204e+06
1187.17	  4.44039e+06
1188.28	  4.42876e+06
1189.38	  4.41716e+06
1190.47	  4.40556e+06
1191.58	  4.39399e+06
1192.67	  4.38244e+06
1193.78	  4.3709e+06
1194.88	  4.35938e+06
1195.97	  4.34787e+06
1197.08	  4.33639e+06
1198.17	  4.32492e+06
1199.28	  4.31347e+06
1200.38	  4.30204e+06
1201.47	  4.29062e+06
1202.58	  4.27922e+06
1203.67	  4.26784e+06
1204.78	  4.25648e+06
1205.88	  4.24513e+06
1206.97	  4.2338e+06
1208.08	  4.22249e+06
1209.17	  4.21119e+06
1210.28	  4.19991e+06
1211.38	  4.18865e+06
1212.47	  4.1774e+06
1213.58	  4.16617e+06
1214.67	  4.15496e+06
1215.78	  4.14377e+06
1216.88	  4.13259e+06
1217.97	  4.12142e+06
1219.08	  4.11027e+06
1220.17	  4.09914e+06
1221.28	  4.08803e+06
1222.38	  4.07693e+06
1223.47	  4.06585e+06
1224.58	  4.05478e+06
1225.67	  4.04373e+06
1226.78	  4.0327e+06
1227.88	  4.02168e+06
1228.97	  4.01068e+06
1230.08	  3.99969e+06
1231.17	  3.98872e+06
1232.28	  3.97777e+06
1233.38	  3.96683e+06
1234.47	  3.9559e+06
1235.58	  3.94499e+06
1236.67	  3.9341e+06
1237.78	  3.92322e+06
1238.88	  3.91236e+06
1239.97	  3.90151e+06
1241.08	  3.89068e+06
1242.17	  3.87986e+06
1243.28	  3.86906e+06
1244.38	  3.85828e+06
1245.47	  3.8475e+06
1246.58	  3.83675e+06
1247.67	  3.826e+06
1248.78	  3.81528e+06
1249.88	  3.80457e+06
1250.97	  3.79387e+06
1252.08	  3.78319e+06
1253.17	  3.77252e+06
1254.28	  3.76186e+06
1255.38	  3.75122e+06
1256.47	  3.7406e+06
1257.58	  3.72999e+06
1258.67	  3.71939e+06
1259.78	  3.70881e+06
1260.88	  3.69824e+06
1261.97	  3.68769e+06
1263.08	  3.67715e+06
1264.17	  3.66662e+06
1265.28	  3.65611e+06
1266.38	  3.64561e+06
1267.47	  3.63513e+06
1268.58	  3.62466e+06
1269.67	  3.6142e+06
1270.78	  3.60376e+06
1271.88	  3.59333e+06
1272.97	  3.58292e+06
1274.08	  3.57252e+06
1275.17	  3.56213e+06
1276.28	  3.55175e+06
1277.38	  3.54139e+06
1278.47	  3.53105e+06
1279.58	  3.52071e+06
1280.67	  3.51039e+06
1281.78	  3.50008e+06
1282.88	  3.48979e+06
1283.97	  3.47951e+06
1285.08	  3.46924e+06
1286.17	  3.45898e+06
1287.28	  3.44874e+06
1288.38	  3.43851e+06
1289.47	  3.42829e+06
1290.58	  3.41809e+06
1291.67	  3.4079e+06
1292.78	  3.39772e+06
1293.88	  3.38755e+06
1294.97	  3.3774e+06
1296.08	  3.36726e+06
1297.17	  3.35713e+06
1298.28	  3.34701e+06
1299.38	  3.33691e+06
1300.47	  3.32682e+06
1301.58	  3.31674e+06
1302.67	  3.30667e+06
1303.78	  3.29662e+06
1304.88	  3.28658e+06
1305.97	  3.27655e+06
1307.08	  3.26653e+06
1308.17	  3.25652e+06
1309.28	  3.24653e+06
1310.38	  3.23655e+06
1311.47	  3.22658e+06
1312.58	  3.21662e+06
1313.67	  3.20667e+06
1314.78	  3.19674e+06
1315.88	  3.18682e+06
1316.97	  3.17691e+06
1318.08	  3.16701e+06
1319.17	  3.15712e+06
1320.28	  3.14724e+06
1321.38	  3.13738e+06
1322.47	  3.12753e+06
1323.58	  3.11769e+06
1324.67	  3.10786e+06
1325.78	  3.09804e+06
1326.88	  3.08823e+06
1327.97	  3.07844e+06
1329.08	  3.06865e+06
1330.17	  3.05888e+06
1331.28	  3.04912e+06
1332.38	  3.03937e+06
1333.47	  3.02963e+06
1334.58	  3.0199e+06
1335.67	  3.01019e+06
1336.78	  3.00048e+06
1337.88	  2.99079e+06
1338.97	  2.9811e+06
1340.08	  2.97143e+06
1341.17	  2.96177e+06
1342.28	  2.95212e+06
1343.38	  2.94248e+06
1344.47	  2.93285e+06
1345.58	  2.92323e+06
1346.67	  2.91363e+06
1347.78	  2.90403e+06
1348.88	  2.89444e+06
1349.97	  2.88487e+06
1351.08	  2.87531e+06
1352.17	  2.86575e+06
1353.28	  2.85621e+06
1354.38	  2.84668e+06
1355.47	  2.83716e+06
1356.58	  2.82765e+06
1357.67	  2.81815e+06
1358.78	  2.80866e+06
1359.88	  2.79918e+06
1360.97	  2.78971e+06
1362.08	  2.78026e+06
1363.17	  2.77081e+06
1364.28	  2.76137e+06
1365.38	  2.75195e+06
1366.47	  2.74253e+06
1367.58	  2.73313e+06
1368.67	  2.72374e+06
1369.78	  2.71435e+06
1370.88	  2.70498e+06
1371.97	  2.69562e+06
1373.08	  2.68627e+06
1374.17	  2.67692e+06
1375.28	  2.66759e+06
1376.38	  2.65827e+06
1377.47	  2.64896e+06
1378.58	  2.63966e+06
1379.67	  2.63037e+06
1380.78	  2.6211e+06
1381.88	  2.61183e+06
1382.97	  2.60257e+06
1384.08	  2.59332e+06
1385.17	  2.58409e+06
1386.28	  2.57486e+06
1387.38	  2.56564e+06
1388.47	  2.55644e+06
1389.58	  2.54724e+06
1390.67	  2.53806e+06
1391.78	  2.52888e+06
1392.88	  2.51972e+06
1393.97	  2.51057e+06
1395.08	  2.50143e+06
1396.17	  2.49229e+06
1397.28	  2.48317e+06
1398.38	  2.47406e+06
1399.47	  2.46496e+06
1400.58	  2.45587e+06
1401.67	  2.44679e+06
1402.78	  2.43773e+06
1403.88	  2.42867e+06
1404.97	  2.41962e+06
1406.08	  2.41059e+06
1407.17	  2.40156e+06
1408.28	  2.39255e+06
1409.38	  2.38354e+06
1410.47	  2.37455e+06
1411.58	  2.36557e+06
1412.67	  2.3566e+06
1413.78	  2.34764e+06
1414.88	  2.33869e+06
1415.97	  2.32975e+06
1417.08	  2.32082e+06
1418.17	  2.31191e+06
1419.28	  2.303e+06
1420.38	  2.29411e+06
1421.47	  2.28522e+06
1422.58	  2.27635e+06
1423.67	  2.26749e+06
1424.78	  2.25864e+06
1425.88	  2.24981e+06
1426.97	  2.24098e+06
1428.08	  2.23217e+06
1429.17	  2.22336e+06
1430.28	  2.21457e+06
1431.38	  2.20579e+06
1432.47	  2.19703e+06
1433.58	  2.18827e+06
1434.67	  2.17953e+06
1435.78	  2.17079e+06
1436.88	  2.16207e+06
1437.97	  2.15336e+06
1439.08	  2.14467e+06
1440.17	  2.13598e+06
1441.28	  2.12731e+06
1442.38	  2.11865e+06
1443.47	  2.11001e+06
1444.58	  2.10137e+06
1445.67	  2.09275e+06
1446.78	  2.08414e+06
1447.88	  2.07554e+06
1448.97	  2.06696e+06
1450.08	  2.05839e+06
1451.17	  2.04983e+06
1452.28	  2.04128e+06
1453.38	  2.03275e+06
1454.47	  2.02423e+06
1455.58	  2.01573e+06
1456.67	  2.00723e+06
1457.78	  1.99876e+06
1458.88	  1.9665e+06
1459.97	  1.95793e+06
1461.08	  1.94939e+06
1462.17	  1.94085e+06
1463.28	  1.93233e+06
1464.38	  1.92382e+06
1465.47	  1.91533e+06
1466.58	  1.90685e+06
1467.67	  1.89838e+06
1468.78	  1.88993e+06
1469.88	  1.88149e+06
1470.97	  1.87307e+06
1472.08	  1.86466e+06
1473.17	  1.85627e+06
1474.28	  1.84789e+06
1475.38	  1.83952e+06
1476.47	  1.83118e+06
1477.58	  1.82284e+06
1478.67	  1.81453e+06
1479.78	  1.80622e+06
1480.88	  1.79794e+06
1481.97	  1.78967e+06
1483.08	  1.78141e+06
1484.17	  1.77318e+06
1485.28	  1.76496e+06
1486.38	  1.75675e+06
1487.47	  1.74856e+06
1488.58	  1.74039e+06
1489.67	  1.73224e+06
1490.78	  1.7241e+06
1491.88	  1.71598e+06
1492.97	  1.70788e+06
1494.08	  1.69979e+06
1495.17	  1.69173e+06
1496.28	  1.68368e+06
1497.38	  1.67565e+06
1498.47	  1.66763e+06
1499.58	  1.65964e+06
1500.67	  1.65167e+06
1501.78	  1.64371e+06
1502.88	  1.63577e+06
1503.97	  1.62786e+06
1505.08	  1.61996e+06
1506.17	  1.61208e+06
1507.28	  1.60422e+06
1508.38	  1.59639e+06
1509.47	  1.58857e+06
1510.58	  1.58077e+06
1511.67	  1.573e+06
1512.78	  1.56524e+06
1513.88	  1.55751e+06
1514.97	  1.5498e+06
1516.08	  1.54211e+06
1517.17	  1.53444e+06
1518.28	  1.5268e+06
1519.38	  1.51917e+06
1520.47	  1.51157e+06
1521.58	  1.504e+06
1522.67	  1.49644e+06
1523.78	  1.48891e+06
1524.88	  1.48141e+06
1525.97	  1.47392e+06
1527.08	  1.46647e+06
1528.17	  1.45903e+06
1529.28	  1.45163e+06
1530.38	  1.44424e+06
1531.47	  1.43688e+06
1532.58	  1.42955e+06
1533.67	  1.42225e+06
1534.78	  1.41497e+06
1535.88	  1.40771e+06
1536.97	  1.40049e+06
1538.08	  1.39329e+06
1539.17	  1.38612e+06
1540.28	  1.37897e+06
1541.38	  1.37186e+06
1542.47	  1.36477e+06
1543.58	  1.35771e+06
1544.67	  1.35069e+06
1545.78	  1.34369e+06
1546.88	  1.33672e+06
1547.97	  1.32978e+06
1549.08	  1.32287e+06
1550.17	  1.31599e+06
1551.28	  1.30915e+06
1552.38	  1.30233e+06
1553.47	  1.29555e+06
1554.58	  1.2888e+06
1555.67	  1.28208e+06
1556.78	  1.2754e+06
1557.88	  1.26874e+06
1558.97	  1.26213e+06
1560.08	  1.25554e+06
1561.17	  1.249e+06
1562.28	  1.24248e+06
1563.38	  1.23601e+06
1564.47	  1.22957e+06
1565.58	  1.22316e+06
1566.67	  1.21679e+06
1567.78	  1.21046e+06
1568.88	  1.20417e+06
1569.97	  1.19792e+06
1571.08	  1.1917e+06
1572.17	  1.18552e+06
1573.28	  1.17939e+06
1574.38	  1.17329e+06
1575.47	  1.16723e+06
1576.58	  1.16122e+06
1577.67	  1.15525e+06
1578.78	  1.14932e+06
1579.88	  1.14343e+06
1580.97	  1.13758e+06
1582.08	  1.13178e+06
1583.17	  1.12603e+06
1584.28	  1.12032e+06
1585.38	  1.11465e+06
1586.47	  1.10903e+06
1587.58	  1.10346e+06
1588.67	  1.09793e+06
1589.78	  1.09246e+06
1590.88	  1.08703e+06
1591.97	  1.08165e+06
1593.08	  1.07632e+06
1594.17	  1.07104e+06
1595.28	  1.06582e+06
1596.38	  1.06064e+06
1597.47	  1.05552e+06
1598.58	  1.05045e+06
1599.67	  1.04544e+06
1600.78	  1.04048e+06
1601.88	  1.03558e+06
1602.97	  1.03074e+06
1604.08	  1.02595e+06
1605.17	  1.02122e+06
1606.28	  1.01656e+06
1607.38	  1.01195e+06
1608.47	  1.00741e+06
1609.58	  1.00292e+06
1610.67	  998507
1611.78	  994155
1612.88	  989868
1613.97	  985650
1615.08	  981501
1616.17	  977422
1617.28	  973414
1618.38	  969481
1619.47	  965622
1620.58	  961840
1621.67	  958136
1622.78	  954513
1623.88	  950973
1624.97	  947518
1626.08	  944150
1627.17	  940873
1628.28	  937689
1629.38	  934602
1630.47	  931615
1631.58	  928733
1632.67	  925961
1633.78	  923304
1634.88	  920770
1635.97	  918367
1637.08	  916105
1638.17	  914000
1639.28	  912071
1640.38	  910352
1641.47	  908911
1642.58	  907947
1643.67	  907082
1644.78	  906217
1645.88	  905353
1646.97	  904489
1648.08	  903626
1649.17	  902764
1650.28	  901902
1651.38	  901040
1652.47	  900179
1653.58	  899319
1654.67	  898459
1655.78	  897599
1656.88	  896740
1657.97	  895882
1659.08	  895024
1660.17	  894167
1661.28	  893310
1662.38	  892454
1663.47	  891598
1664.58	  890743
1665.67	  889889
1666.78	  889035
1667.88	  888181
1668.97	  887328
1670.08	  886476
1671.17	  885624
1672.28	  884772
1673.38	  883922
1674.47	  883071
1675.58	  882222
1676.67	  881373
1677.78	  880524
1678.88	  879676
1679.97	  878828
1681.08	  877981
1682.17	  877135
1683.28	  876289
1684.38	  875444
1685.47	  874599
1686.58	  873755
1687.67	  872911
1688.78	  872068
1689.88	  871226
1690.97	  870384
1692.08	  869542
1693.17	  868702
1694.28	  867861
1695.38	  867022
1696.47	  866182
1697.58	  865344
1698.67	  864506
1699.78	  863668
1700.88	  862832
1701.97	  861995
1703.08	  861159
1704.17	  860324
1705.28	  859490
1706.38	  858656
1707.47	  857822
1708.58	  856989
1709.67	  856157
1710.78	  855325
1711.88	  854494
1712.97	  853663
1714.08	  852833
1715.17	  852004
1716.28	  851175
1717.38	  850347
1718.47	  849519
1719.58	  848692
1720.67	  847865
1721.78	  847039
1722.88	  846214
1723.97	  845389
1725.08	  844565
1726.17	  843741
1727.28	  842918
1728.38	  842096
1729.47	  841274
1730.58	  840453
1731.67	  839632
1732.78	  838812
1733.88	  837992
1734.97	  837173
1736.08	  836355
1737.17	  835537
1738.28	  834720
1739.38	  833903
1740.47	  833087
1741.58	  832272
1742.67	  831457
1743.78	  830643
1744.88	  829829
1745.97	  829016
1747.08	  828204
1748.17	  827392
1749.28	  826580
1750.38	  825770
1751.47	  824960
1752.58	  824150
1753.67	  823341
1754.78	  822533
1755.88	  821725
1756.97	  820918
1758.08	  820112
1759.17	  819306
1760.28	  818500
1761.38	  817696
1762.47	  816892
1763.58	  816088
1764.67	  815285
1765.78	  814483
1766.88	  813681
1767.97	  812880
1769.08	  812080
1770.17	  811280
1771.28	  810480
1772.38	  809682
1773.47	  808884
1774.58	  808086
1775.67	  807289
1776.78	  806493
1777.88	  805697
1778.97	  804902
1780.08	  804108
1781.17	  803314
1782.28	  802521
1783.38	  801728
1784.47	  800936
1785.58	  800145
1786.67	  799354
1787.78	  798564
1788.88	  797774
1789.97	  796985
1791.08	  796197
1792.17	  795409
1793.28	  794622
1794.38	  793836
1795.47	  793050
1796.58	  792264
1797.67	  791480
1798.78	  790696
1799.88	  789912
1800.97	  789129
1802.08	  788347
1803.17	  787566
1804.28	  786785
1805.38	  786004
1806.47	  785224
1807.58	  784445
1808.67	  783667
1809.78	  782889
1810.88	  782111
1811.97	  781335
1813.08	  780559
1814.17	  779783
1815.28	  779008
1816.38	  778234
1817.47	  777461
1818.58	  776688
1819.67	  775915
1820.78	  775143
1821.88	  774372
1822.97	  773602
1824.08	  772832
1825.17	  772063
1826.28	  771294
1827.38	  770526
1828.47	  769758
1829.58	  768992
1830.67	  768225
1831.78	  767460
1832.88	  766695
1833.97	  765931
1835.08	  765167
1836.17	  764404
1837.28	  763641
1838.38	  762879
1839.47	  762118
1840.58	  761358
1841.67	  760598
1842.78	  759838
1843.88	  759080
1844.97	  758321
1846.08	  757564
1847.17	  756807
1848.28	  756051
1849.38	  755295
1850.47	  754540
1851.58	  753786
1852.67	  753032
1853.78	  752279
1854.88	  751526
1855.97	  750775
1857.08	  750023
1858.17	  749273
1859.28	  748523
1860.38	  747773
1861.47	  747024
1862.58	  746276
1863.67	  745529
1864.78	  744782
1865.88	  744036
1866.97	  743290
1868.08	  742545
1869.17	  741800
1870.28	  741057
1871.38	  740313
1872.47	  739571
1873.58	  738829
1874.67	  738088
1875.78	  737347
1876.88	  736607
1877.97	  735868
1879.08	  735129
1880.17	  734391
1881.28	  733653
1882.38	  732916
1883.47	  732180
1884.58	  731444
1885.67	  730709
1886.78	  729975
1887.88	  729241
1888.97	  728508
1890.08	  727775
1891.17	  727043
1892.28	  726312
1893.38	  725581
1894.47	  724851
1895.58	  724122
1896.67	  723393
1897.78	  722665
1898.88	  721937
1899.97	  721211
1901.08	  720484
1902.17	  719759
1903.28	  719033
1904.38	  718309
1905.47	  717585
1906.58	  716862
1907.67	  716140
1908.78	  715418
1909.88	  714696
1910.97	  713976
1912.08	  713256
1913.17	  712536
1914.28	  711817
1915.38	  711099
1916.47	  710382
1917.58	  709665
1918.67	  708948
1919.78	  708233
1920.88	  707518
1921.97	  706803
1923.08	  706089
1924.17	  705376
1925.28	  704664
1926.38	  703952
1927.47	  703240
1928.58	  702530
1929.67	  701820
1930.78	  701110
1931.88	  700401
1932.97	  699693
1934.08	  698986
1935.17	  698279
1936.28	  697572
1937.38	  696867
1938.47	  696162
1939.58	  695457
1940.67	  694753
1941.78	  694050
1942.88	  693347
1943.97	  692646
1945.08	  691944
1946.17	  691243
1947.28	  690543
1948.38	  689844
1949.47	  689145
1950.58	  688447
1951.67	  687749
1952.78	  687052
1953.88	  686356
1954.97	  685660
1956.08	  684965
1957.17	  684270
1958.28	  683576
1959.38	  682883
1960.47	  682191
1961.58	  681499
1962.67	  680807
1963.78	  680116
1964.88	  679426
1965.97	  678737
1967.08	  678048
1968.17	  677359
1969.28	  676672
1970.38	  675985
1971.47	  675298
1972.58	  674612
1973.67	  673927
1974.78	  673243
1975.88	  672559
1976.97	  671875
1978.08	  671192
1979.17	  670510
1980.28	  669829
1981.38	  669148
1982.47	  668468
1983.58	  667788
1984.67	  667109
1985.78	  666431
1986.88	  665753
1987.97	  665076
1989.08	  664399
1990.17	  663723
1991.28	  663048
1992.38	  662373
1993.47	  661699
1994.58	  661025
1995.67	  660352
1996.78	  659680
1997.88	  659009
1998.97	  658337
2000.08	  657667
2001.17	  656997
2002.28	  656328
2003.38	  655659
2004.47	  654992
2005.58	  654324
2006.67	  653657
2007.78	  652991
2008.88	  652326
2009.97	  651661
2011.08	  650997
2012.17	  650333
2013.28	  649670
2014.38	  649007
2015.47	  648346
2016.58	  647684
2017.67	  647024
2018.78	  646364
2019.88	  645704
2020.97	  645045
2022.08	  644387
2023.18	  643730
2024.28	  643073
2025.38	  642416
2026.47	  641761
2027.58	  641105
2028.68	  640451
2029.78	  639797
2030.88	  639144
2031.97	  638491
2033.08	  637839
2034.18	  637187
2035.28	  636537
2036.38	  635886
2037.47	  635237
2038.58	  634588
2039.68	  633939
2040.78	  633291
2041.88	  632644
2042.97	  631997
2044.08	  631351
2045.18	  630706
2046.28	  630061
2047.38	  629417
2048.47	  628773
2049.57	  628130
2050.68	  627488
2051.78	  626846
2052.88	  626205
2053.97	  625564
2055.07	  624924
2056.18	  624285
2057.28	  623646
2058.38	  623008
2059.47	  622370
2060.57	  621733
2061.68	  621097
2062.78	  620461
2063.88	  619826
2064.97	  619191
2066.07	  618557
2067.18	  617924
2068.28	  617291
2069.38	  616659
2070.47	  616027
2071.57	  615396
2072.68	  614766
2073.78	  614136
2074.88	  613507
2075.97	  612878
2077.07	  612250
2078.18	  611623
2079.28	  610996
2080.38	  610370
2081.47	  609744
2082.57	  609119
2083.68	  608494
2084.78	  607871
2085.88	  607247
2086.97	  606625
2088.07	  606003
2089.18	  605381
2090.28	  604760
2091.38	  604140
2092.47	  603520
2093.57	  602901
2094.68	  602283
2095.78	  601665
2096.88	  601047
2097.97	  600431
2099.07	  599814
2100.18	  599199
2101.28	  598584
2102.38	  597969
2103.47	  597356
2104.57	  596742
2105.68	  596130
2106.78	  595518
2107.88	  594906
2108.97	  594296
2110.07	  593685
2111.18	  593076
2112.28	  592466
2113.38	  591858
2114.47	  591250
2115.57	  590643
2116.68	  590036
2117.78	  589430
2118.88	  588824
2119.97	  588219
2121.07	  587615
2122.18	  587011
2123.28	  586408
2124.38	  585805
2125.47	  585203
2126.57	  584601
2127.68	  584000
2128.78	  583400
2129.88	  582800
2130.97	  582201
2132.07	  581603
2133.18	  581005
2134.28	  580407
2135.38	  579810
2136.47	  579214
2137.57	  578618
2138.68	  578023
2139.78	  577429
2140.88	  576835
2141.97	  576241
2143.07	  575649
2144.18	  575056
2145.28	  574465
2146.38	  573874
2147.47	  573283
2148.57	  572693
2149.68	  572104
2150.78	  571515
2151.88	  570927
2152.97	  570339
2154.07	  569752
2155.18	  569166
2156.28	  568580
2157.38	  567994
2158.47	  567410
2159.57	  566825
2160.68	  566242
2161.78	  565659
2162.88	  565076
2163.97	  564494
2165.07	  563913
2166.18	  563332
2167.28	  562752
2168.38	  562172
2169.47	  561593
2170.57	  561015
2171.68	  560437
2172.78	  559859
2173.88	  559283
2174.97	  558706
2176.07	  558131
2177.18	  557556
2178.28	  556981
2179.38	  556407
2180.47	  555834
2181.57	  555261
2182.68	  554689
2183.78	  554117
2184.88	  553546
2185.97	  552975
2187.07	  552405
2188.18	  551836
2189.28	  551267
2190.38	  550698
2191.47	  550131
2192.57	  549564
2193.68	  548997
2194.78	  548431
2195.88	  547865
2196.97	  547300
2198.07	  546736
2199.18	  546172
2200.28	  545609
2201.38	  545046
2202.47	  544484
2203.57	  543922
2204.68	  543361
2205.78	  542800
2206.88	  542241
2207.97	  541681
2209.07	  541122
2210.18	  540564
2211.28	  540006
2212.38	  539449
2213.47	  538892
2214.57	  538336
2215.68	  537781
2216.78	  537226
2217.88	  536671
2218.97	  536118
2220.07	  535564
2221.18	  535011
2222.28	  534459
2223.38	  533908
2224.47	  533356
2225.57	  532806
2226.68	  532256
2227.78	  531706
2228.88	  531157
2229.97	  530609
2231.07	  530061
2232.18	  529514
2233.28	  528967
2234.38	  528421
2235.47	  527875
2236.57	  527330
2237.68	  526786
2238.78	  526242
2239.88	  525698
2240.97	  525155
2242.07	  524613
2243.18	  524071
2244.28	  523530
2245.38	  522989
2246.47	  522449
2247.57	  521909
2248.68	  521370
2249.78	  520831
2250.88	  520293
2251.97	  519756
2253.07	  519219
2254.18	  518682
2255.28	  518146
2256.38	  517611
2257.47	  517076
2258.57	  516542
2259.68	  516008
2260.78	  515475
2261.88	  514942
2262.97	  514410
2264.07	  513879
2265.18	  513348
2266.28	  512817
2267.38	  512287
2268.47	  511758
2269.57	  511229
2270.68	  510700
2271.78	  510172
2272.88	  509645
2273.97	  509118
2275.07	  508592
2276.18	  508066
2277.28	  507541
2278.38	  507016
2279.47	  506492
2280.57	  500617
2281.68	  500101
2282.78	  499586
2283.88	  499072
2284.97	  498558
2286.07	  498045
2287.18	  497532
2288.28	  497020
2289.38	  496508
2290.47	  495997
2291.57	  495486
2292.68	  494976
2293.78	  494466
2294.88	  493957
2295.97	  493448
2297.07	  492940
2298.18	  492432
2299.28	  491925
2300.38	  491419
2301.47	  490913
2302.57	  490407
2303.68	  489902
2304.78	  489397
2305.88	  488893
2306.97	  488390
2308.07	  487887
2309.18	  487384
2310.28	  486882
2311.38	  486381
2312.47	  485880
2313.57	  485379
2314.68	  484879
2315.78	  484380
2316.88	  483881
2317.97	  483382
2319.07	  482884
2320.18	  482387
2321.28	  481890
2322.38	  481394
2323.47	  480898
2324.57	  480402
2325.68	  479907
2326.78	  479413
2327.88	  478919
2328.97	  478426
2330.07	  477933
2331.18	  477440
2332.28	  476949
2333.38	  476457
2334.47	  475966
2335.57	  475476
2336.68	  474986
2337.78	  474497
2338.88	  474008
2339.97	  473520
2341.07	  473032
2342.18	  472544
2343.28	  472057
2344.38	  471571
2345.47	  471085
2346.57	  470600
2347.68	  470115
2348.78	  469630
2349.88	  469147
2350.97	  468663
2352.07	  468180
2353.18	  467698
2354.28	  467216
2355.38	  466734
2356.47	  466253
2357.57	  465773
2358.68	  465293
2359.78	  464814
2360.88	  464335
2361.97	  463856
2363.07	  463378
2364.18	  462901
2365.28	  462424
2366.38	  461947
2367.47	  461471
2368.57	  460996
2369.68	  460521
2370.78	  460046
2371.88	  459572
2372.97	  459098
2374.07	  458625
2375.18	  458153
2376.28	  457681
2377.38	  457209
2378.47	  456738
2379.57	  456267
2380.68	  455797
2381.78	  455327
2382.88	  454858
2383.97	  454389
2385.07	  453921
2386.18	  453453
2387.28	  452986
2388.38	  452519
2389.47	  452053
2390.57	  451587
2391.68	  451121
2392.78	  450657
2393.88	  450192
2394.97	  449728
2396.07	  449265
2397.18	  448802
2398.28	  448339
2399.38	  447877
2400.47	  447416
2401.57	  446955
2402.68	  446494
2403.78	  446034
2404.88	  445574
2405.97	  445115
2407.07	  444657
2408.18	  444198
2409.28	  443741
2410.38	  443283
2411.47	  442826
2412.57	  442370
2413.68	  441914
2414.78	  441459
2415.88	  441004
2416.97	  440550
2418.07	  440096
2419.18	  439642
2420.28	  439189
2421.38	  438736
2422.47	  438284
2423.57	  437833
2424.68	  437382
2425.78	  436931
2426.88	  436481
2427.97	  436031
2429.07	  435582
2430.18	  435133
2431.28	  434684
2432.38	  434237
2433.47	  433789
2434.57	  433342
2435.68	  432896
2436.78	  432450
2437.88	  432004
2438.97	  431559
2440.07	  431114
2441.18	  430670
2442.28	  430226
2443.38	  429783
2444.47	  429340
2445.57	  428898
2446.68	  428456
2447.78	  428014
2448.88	  427574
2449.97	  427133
2451.07	  426693
2452.18	  426253
2453.28	  425814
2454.38	  425375
2455.47	  424937
2456.57	  424499
2457.68	  424062
2458.78	  423625
2459.88	  423189
2460.97	  422753
2462.07	  422317
2463.18	  421882
2464.28	  421448
2465.38	  421014
2466.47	  420580
2467.57	  420147
2468.68	  419714
2469.78	  419282
2470.88	  418850
2471.97	  418418
2473.07	  417987
2474.18	  417557
2475.28	  417127
2476.38	  416697
2477.47	  416268
