Emission arising from a slab of Hydrogen (both H and H-).
   
Parameters of the slab:
n_e = 5e+13 cm-3
T_e = 10500 K
tau(lambda=300 nm) = 5
L = 3.61733e+09 cm
   
Wavelength (nm), Emission (erg s-1 cm-2 nm-1 sr-1)
50	  481.132
91.2	  850040
120	  1.60435e+07
150	  8.48267e+07
175	  1.91282e+08
200	  3.1434e+08
225	  4.18934e+08
250	  4.85408e+08
270	  5.10239e+08
290	  5.14862e+08
300	  5.11443e+08
305	  5.08609e+08
310	  5.0513e+08
315	  5.01078e+08
320	  4.96521e+08
322.5	  4.94072e+08
325	  4.91519e+08
327	  4.89407e+08
329	  4.87235e+08
329.999	  4.8613e+08
330.266	  4.85832e+08
330.533	  4.85534e+08
330.8	  4.85234e+08
331.067	  4.84933e+08
331.334	  4.84632e+08
331.601	  4.84329e+08
331.868	  4.84026e+08
332.135	  4.83722e+08
332.402	  4.83417e+08
332.669	  4.83111e+08
332.936	  4.82804e+08
333.203	  4.82496e+08
333.47	  4.82187e+08
333.737	  4.81878e+08
334.004	  4.81567e+08
334.271	  4.81256e+08
334.538	  4.80944e+08
334.805	  4.80631e+08
335.072	  4.80317e+08
335.339	  4.80002e+08
335.606	  4.79687e+08
335.873	  4.79371e+08
336.14	  4.79054e+08
336.407	  4.78736e+08
336.674	  4.78417e+08
336.941	  4.78098e+08
337.208	  4.77777e+08
337.475	  4.77456e+08
337.742	  4.77135e+08
338.009	  4.76812e+08
338.276	  4.76489e+08
338.543	  4.76165e+08
338.81	  4.7584e+08
339.077	  4.75514e+08
339.344	  4.75188e+08
339.611	  4.74861e+08
339.878	  4.74534e+08
340.145	  4.74205e+08
340.412	  4.73876e+08
340.679	  4.73546e+08
340.946	  4.73216e+08
341.213	  4.72885e+08
341.48	  4.72553e+08
341.747	  4.7222e+08
342.014	  4.71887e+08
342.281	  4.71553e+08
342.548	  4.71219e+08
342.815	  4.70883e+08
343.082	  4.70548e+08
343.349	  4.70211e+08
343.616	  4.69874e+08
343.883	  4.69536e+08
344.15	  4.69198e+08
344.417	  4.68859e+08
344.684	  4.6852e+08
344.951	  4.68179e+08
345.218	  4.67839e+08
345.485	  4.67497e+08
345.752	  4.67155e+08
346.019	  4.66813e+08
346.286	  4.6647e+08
346.553	  4.66126e+08
346.82	  4.65782e+08
347.087	  4.65437e+08
347.354	  4.65091e+08
347.621	  4.64745e+08
347.888	  4.64399e+08
348.155	  4.64052e+08
348.422	  4.63704e+08
348.689	  4.63356e+08
348.956	  4.63008e+08
349.223	  4.62659e+08
349.49	  4.62309e+08
349.757	  4.61959e+08
350.024	  4.61608e+08
350.291	  4.61257e+08
350.558	  4.60905e+08
350.825	  4.60553e+08
351.092	  4.602e+08
351.359	  4.59847e+08
351.626	  4.59494e+08
351.893	  4.59139e+08
352.16	  4.58785e+08
352.427	  4.5843e+08
352.694	  4.58074e+08
352.961	  4.57719e+08
353.228	  4.57362e+08
353.495	  4.57005e+08
353.762	  4.56648e+08
354.029	  4.5629e+08
354.296	  4.55932e+08
354.563	  4.55574e+08
354.83	  4.55215e+08
355.097	  4.54855e+08
355.364	  4.54496e+08
355.631	  4.54135e+08
355.898	  4.53775e+08
356.165	  4.53414e+08
356.432	  4.53052e+08
356.699	  4.52691e+08
356.966	  4.52328e+08
357.233	  4.51966e+08
357.5	  4.51603e+08
357.767	  4.5124e+08
358.034	  4.50876e+08
358.301	  4.50512e+08
358.568	  4.50148e+08
358.835	  4.49783e+08
359.102	  4.49418e+08
359.369	  4.49052e+08
359.636	  4.48686e+08
359.903	  4.4832e+08
360.17	  4.47954e+08
360.437	  4.47587e+08
360.704	  4.4722e+08
360.971	  4.46852e+08
361.238	  4.46485e+08
361.505	  4.46117e+08
361.772	  4.45748e+08
362.039	  4.4538e+08
362.306	  4.45011e+08
362.573	  4.44641e+08
363	  4.4405e+08
363.027	  4.44013e+08
363.054	  4.43976e+08
363.08	  4.43939e+08
363.107	  4.43902e+08
363.134	  4.43865e+08
363.16	  4.43828e+08
363.187	  4.43791e+08
363.214	  4.43754e+08
363.24	  4.43717e+08
363.267	  4.4368e+08
363.294	  4.43643e+08
363.321	  4.43606e+08
363.347	  4.43569e+08
363.374	  4.43532e+08
363.401	  4.43495e+08
363.427	  4.43458e+08
363.454	  4.43421e+08
363.481	  4.43383e+08
363.508	  4.43346e+08
363.534	  4.43309e+08
363.561	  4.43272e+08
363.588	  4.43235e+08
363.614	  4.43198e+08
363.641	  4.43161e+08
363.668	  4.43124e+08
363.694	  4.43087e+08
363.721	  4.4305e+08
363.748	  4.43013e+08
363.774	  4.42976e+08
363.801	  4.42939e+08
363.828	  4.42902e+08
363.855	  4.42865e+08
363.881	  4.42828e+08
363.908	  4.4279e+08
363.935	  4.42753e+08
363.961	  4.42716e+08
363.988	  4.42679e+08
364.015	  4.42642e+08
364.041	  4.42605e+08
364.068	  4.42568e+08
364.095	  4.42531e+08
364.122	  4.42494e+08
364.148	  4.42457e+08
364.175	  4.42419e+08
364.202	  4.42382e+08
364.228	  4.42345e+08
364.255	  4.42308e+08
364.282	  4.42271e+08
364.308	  4.42234e+08
364.335	  4.42197e+08
364.362	  4.4216e+08
364.389	  4.42122e+08
364.415	  4.42085e+08
364.442	  4.42048e+08
364.469	  4.42011e+08
364.495	  4.41974e+08
364.522	  4.41937e+08
364.549	  4.419e+08
364.575	  4.41862e+08
364.602	  4.41825e+08
364.629	  4.41788e+08
364.656	  4.41751e+08
364.682	  4.41714e+08
364.709	  4.41677e+08
364.736	  1.84775e+08
364.762	  1.84788e+08
364.789	  1.84801e+08
364.816	  1.84815e+08
364.842	  1.84828e+08
364.869	  1.84841e+08
364.896	  1.84854e+08
364.923	  1.84868e+08
364.949	  1.84881e+08
364.976	  1.84894e+08
365.003	  1.84907e+08
365.029	  1.8492e+08
365.056	  1.84934e+08
365.083	  1.84947e+08
365.11	  1.8496e+08
365.136	  1.84973e+08
365.163	  1.84986e+08
365.19	  1.85e+08
365.216	  1.85013e+08
365.243	  1.85026e+08
365.27	  1.85039e+08
365.296	  1.85052e+08
365.323	  1.85065e+08
365.35	  1.85079e+08
365.377	  1.85092e+08
365.403	  1.85105e+08
365.43	  1.85118e+08
365.457	  1.85131e+08
365.483	  1.85144e+08
365.51	  1.85157e+08
365.537	  1.85171e+08
365.563	  1.85184e+08
365.59	  1.85197e+08
365.617	  1.8521e+08
365.643	  1.85223e+08
365.67	  1.85236e+08
365.697	  1.85249e+08
365.724	  1.85262e+08
365.75	  1.85275e+08
365.777	  1.85288e+08
365.804	  1.85301e+08
365.83	  1.85314e+08
365.857	  1.85327e+08
365.884	  1.8534e+08
365.91	  1.85353e+08
365.937	  1.85367e+08
365.964	  1.8538e+08
365.991	  1.85393e+08
365.991	  1.85393e+08
366.258	  1.85522e+08
366.525	  1.85652e+08
366.792	  1.85781e+08
367.059	  1.85909e+08
367.326	  1.86036e+08
367.593	  1.86164e+08
367.86	  1.8629e+08
368.127	  1.86416e+08
368.394	  1.86542e+08
368.661	  1.86667e+08
368.928	  1.86791e+08
369.195	  1.86915e+08
369.462	  1.87038e+08
369.729	  1.87161e+08
369.996	  1.87283e+08
370.263	  1.87405e+08
370.53	  1.87526e+08
370.797	  1.87647e+08
371.064	  1.87767e+08
371.331	  1.87887e+08
371.598	  1.88006e+08
371.865	  1.88124e+08
372.132	  1.88242e+08
372.399	  1.88359e+08
372.666	  1.88476e+08
372.933	  1.88592e+08
373.2	  1.88708e+08
373.467	  1.88823e+08
373.734	  1.88938e+08
374.001	  1.89052e+08
374.268	  1.89166e+08
374.535	  1.89279e+08
374.802	  1.89391e+08
375.069	  1.89503e+08
375.336	  1.89615e+08
375.603	  1.89725e+08
375.87	  1.89836e+08
376.137	  1.89945e+08
376.404	  1.90055e+08
376.671	  1.90163e+08
376.938	  1.90272e+08
377.205	  1.90379e+08
377.472	  1.90486e+08
377.739	  1.90593e+08
378.006	  1.90699e+08
378.273	  1.90804e+08
378.54	  1.90909e+08
378.807	  1.91014e+08
379.074	  1.91118e+08
379.341	  1.91221e+08
379.608	  1.91324e+08
379.875	  1.91426e+08
380.142	  1.91528e+08
380.409	  1.91629e+08
380.676	  1.91729e+08
380.943	  1.9183e+08
381.21	  1.91929e+08
381.477	  1.92028e+08
381.744	  1.92127e+08
382.011	  1.92225e+08
382.278	  1.92322e+08
382.545	  1.92419e+08
382.812	  1.92515e+08
383.079	  1.92611e+08
383.346	  1.92707e+08
383.613	  1.92801e+08
383.88	  1.92896e+08
384.147	  1.92989e+08
384.414	  1.93082e+08
384.681	  1.93175e+08
384.948	  1.93267e+08
385.215	  1.93359e+08
385.482	  1.9345e+08
385.749	  1.9354e+08
386.016	  1.9363e+08
386.283	  1.9372e+08
386.55	  1.93809e+08
386.817	  1.93897e+08
387.084	  1.93985e+08
387.351	  1.94073e+08
387.618	  1.94159e+08
387.885	  1.94246e+08
388.152	  1.94331e+08
388.419	  1.94417e+08
388.686	  1.94502e+08
388.953	  1.94586e+08
389.22	  1.94669e+08
389.487	  1.94753e+08
389.754	  1.94835e+08
390.021	  1.94917e+08
390.288	  1.94999e+08
390.555	  1.9508e+08
390.822	  1.95161e+08
391.089	  1.95241e+08
391.356	  1.9532e+08
391.623	  1.95399e+08
391.89	  1.95478e+08
392.157	  1.95556e+08
392.424	  1.95633e+08
392.691	  1.9571e+08
392.958	  1.95786e+08
393.225	  1.95862e+08
393.492	  1.95938e+08
393.759	  1.96012e+08
394.026	  1.96087e+08
394.293	  1.96161e+08
394.56	  1.96234e+08
394.827	  1.96307e+08
395.094	  1.96379e+08
395.361	  1.96451e+08
395.628	  1.96522e+08
395.895	  1.96593e+08
396.162	  1.96663e+08
396.429	  1.96733e+08
396.696	  1.96802e+08
396.963	  1.9687e+08
397.23	  1.96939e+08
397.497	  1.97006e+08
397.764	  1.97073e+08
398.031	  1.9714e+08
398.298	  1.97206e+08
398.565	  1.97272e+08
398.832	  1.97337e+08
399.099	  1.97402e+08
399.366	  1.97466e+08
399.633	  1.97529e+08
399.9	  1.97592e+08
400.167	  1.97655e+08
400.434	  1.97717e+08
400.701	  1.97779e+08
400.968	  1.9784e+08
401.235	  1.979e+08
401.502	  1.9796e+08
401.769	  1.9802e+08
402.036	  1.98079e+08
402.303	  1.98138e+08
402.57	  1.98196e+08
402.837	  1.98253e+08
403.104	  1.9831e+08
403.371	  1.98367e+08
403.638	  1.98423e+08
403.905	  1.98479e+08
404.172	  1.98534e+08
404.439	  1.98588e+08
404.706	  1.98642e+08
404.973	  1.98696e+08
405.24	  1.98749e+08
405.507	  1.98802e+08
405.774	  1.98854e+08
406.041	  1.98906e+08
406.308	  1.98957e+08
406.575	  1.99007e+08
406.842	  1.99057e+08
407.109	  1.99107e+08
407.376	  1.99156e+08
407.643	  1.99205e+08
407.91	  1.99253e+08
408.177	  1.99301e+08
408.444	  1.99348e+08
408.711	  1.99395e+08
408.978	  1.99441e+08
409.245	  1.99487e+08
409.512	  1.99532e+08
409.779	  1.99577e+08
410.046	  1.99621e+08
410.313	  1.99665e+08
410.58	  1.99708e+08
410.847	  1.99751e+08
411.114	  1.99794e+08
411.381	  1.99836e+08
411.648	  1.99877e+08
411.915	  1.99918e+08
412.182	  1.99958e+08
412.449	  1.99998e+08
412.716	  2.00038e+08
412.983	  2.00077e+08
413.25	  2.00116e+08
413.517	  2.00154e+08
413.784	  2.00191e+08
414.051	  2.00228e+08
414.318	  2.00265e+08
414.585	  2.00301e+08
414.852	  2.00337e+08
415.119	  2.00372e+08
415.386	  2.00407e+08
415.653	  2.00441e+08
415.92	  2.00475e+08
416.187	  2.00508e+08
416.454	  2.00541e+08
416.721	  2.00574e+08
416.988	  2.00606e+08
417.255	  2.00637e+08
417.522	  2.00668e+08
417.789	  2.00699e+08
418.056	  2.00729e+08
418.323	  2.00759e+08
418.59	  2.00788e+08
418.857	  2.00816e+08
419.124	  2.00845e+08
419.391	  2.00873e+08
419.658	  2.009e+08
419.925	  2.00927e+08
420.192	  2.00953e+08
420.459	  2.00979e+08
420.726	  2.01005e+08
420.993	  2.0103e+08
421.26	  2.01054e+08
421.527	  2.01078e+08
421.794	  2.01102e+08
422.061	  2.01125e+08
422.328	  2.01148e+08
422.595	  2.0117e+08
422.862	  2.01192e+08
423.129	  2.01214e+08
423.396	  2.01235e+08
423.663	  2.01255e+08
423.93	  2.01275e+08
424.197	  2.01295e+08
424.464	  2.01314e+08
424.731	  2.01333e+08
424.998	  2.01351e+08
425.265	  2.01369e+08
425.532	  2.01386e+08
425.799	  2.01403e+08
426.066	  2.0142e+08
426.333	  2.01436e+08
426.6	  2.01451e+08
426.867	  2.01466e+08
427.134	  2.01481e+08
427.401	  2.01495e+08
427.668	  2.01509e+08
427.935	  2.01523e+08
428.202	  2.01536e+08
428.469	  2.01548e+08
428.736	  2.0156e+08
429.003	  2.01572e+08
429.27	  2.01583e+08
429.537	  2.01594e+08
429.804	  2.01604e+08
430.071	  2.01614e+08
430.338	  2.01624e+08
430.605	  2.01633e+08
430.872	  2.01641e+08
431.139	  2.0165e+08
431.406	  2.01657e+08
431.673	  2.01665e+08
431.94	  2.01672e+08
432.207	  2.01678e+08
432.474	  2.01684e+08
432.741	  2.0169e+08
433.008	  2.01695e+08
433.275	  2.017e+08
433.542	  2.01704e+08
433.809	  2.01708e+08
434.076	  2.01712e+08
434.343	  2.01715e+08
434.61	  2.01718e+08
434.877	  2.0172e+08
435.144	  2.01722e+08
435.411	  2.01723e+08
435.678	  2.01724e+08
435.945	  2.01725e+08
436.212	  2.01725e+08
436.479	  2.01725e+08
436.746	  2.01724e+08
437.013	  2.01723e+08
437.28	  2.01722e+08
437.547	  2.0172e+08
437.814	  2.01717e+08
438.081	  2.01715e+08
438.348	  2.01712e+08
438.615	  2.01708e+08
438.882	  2.01704e+08
439.149	  2.017e+08
439.416	  2.01695e+08
439.683	  2.0169e+08
439.95	  2.01684e+08
440.217	  2.01678e+08
440.484	  2.01672e+08
440.751	  2.01665e+08
441.018	  2.01658e+08
441.285	  2.01651e+08
441.552	  2.01643e+08
441.819	  2.01634e+08
442.086	  2.01626e+08
442.353	  2.01616e+08
442.62	  2.01607e+08
442.887	  2.01597e+08
443.154	  2.01587e+08
443.421	  2.01576e+08
443.688	  2.01565e+08
443.955	  2.01553e+08
444.222	  2.01541e+08
444.489	  2.01529e+08
444.756	  2.01516e+08
445.023	  2.01503e+08
445.29	  2.0149e+08
445.557	  2.01476e+08
445.824	  2.01462e+08
446.091	  2.01447e+08
446.358	  2.01432e+08
446.625	  2.01417e+08
446.892	  2.01401e+08
447.159	  2.01385e+08
447.426	  2.01368e+08
447.693	  2.01351e+08
447.96	  2.01334e+08
448.227	  2.01316e+08
448.494	  2.01298e+08
448.761	  2.0128e+08
449.028	  2.01261e+08
449.295	  2.01242e+08
449.562	  2.01222e+08
449.829	  2.01202e+08
450.096	  2.01182e+08
450.363	  2.01161e+08
450.63	  2.0114e+08
450.897	  2.01118e+08
451.164	  2.01097e+08
451.431	  2.01074e+08
451.698	  2.01052e+08
451.965	  2.01029e+08
452.232	  2.01006e+08
452.499	  2.00982e+08
452.766	  2.00958e+08
453.033	  2.00934e+08
453.3	  2.00909e+08
453.567	  2.00884e+08
453.834	  2.00858e+08
454.101	  2.00832e+08
454.368	  2.00806e+08
454.635	  2.00779e+08
454.902	  2.00753e+08
455.169	  2.00725e+08
455.436	  2.00698e+08
455.703	  2.0067e+08
455.97	  2.00641e+08
456.237	  2.00612e+08
456.504	  2.00583e+08
456.771	  2.00554e+08
457.038	  2.00524e+08
457.305	  2.00494e+08
457.572	  2.00463e+08
457.839	  2.00433e+08
458.106	  2.00401e+08
458.373	  2.0037e+08
458.64	  2.00338e+08
458.907	  2.00306e+08
459.174	  2.00273e+08
459.441	  2.0024e+08
459.708	  2.00207e+08
459.975	  2.00173e+08
460.242	  2.00139e+08
460.509	  2.00105e+08
460.776	  2.0007e+08
461.043	  2.00035e+08
461.31	  2e+08
461.577	  1.99964e+08
461.844	  1.99928e+08
462.111	  1.99892e+08
462.378	  1.99855e+08
462.645	  1.99818e+08
462.912	  1.99781e+08
463.179	  1.99743e+08
463.446	  1.99705e+08
463.713	  1.99667e+08
463.98	  1.99628e+08
464.247	  1.99589e+08
464.514	  1.99549e+08
464.781	  1.9951e+08
465.048	  1.9947e+08
465.315	  1.99429e+08
465.582	  1.99389e+08
465.849	  1.99348e+08
466.116	  1.99306e+08
466.383	  1.99265e+08
466.65	  1.99223e+08
466.917	  1.9918e+08
467.184	  1.99138e+08
467.451	  1.99095e+08
467.718	  1.99051e+08
467.985	  1.99008e+08
468.252	  1.98964e+08
468.519	  1.9892e+08
468.786	  1.98875e+08
469.053	  1.9883e+08
469.32	  1.98785e+08
469.587	  1.98739e+08
469.854	  1.98694e+08
470.121	  1.98647e+08
470.388	  1.98601e+08
470.655	  1.98554e+08
470.922	  1.98507e+08
471.189	  1.9846e+08
471.456	  1.98412e+08
471.723	  1.98364e+08
471.99	  1.98316e+08
472.257	  1.98267e+08
472.524	  1.98218e+08
472.791	  1.98169e+08
473.058	  1.98119e+08
473.325	  1.9807e+08
473.592	  1.98019e+08
473.859	  1.97969e+08
474.126	  1.97918e+08
474.393	  1.97867e+08
474.66	  1.97816e+08
474.927	  1.97764e+08
475.194	  1.97712e+08
475.461	  1.9766e+08
475.728	  1.97607e+08
475.995	  1.97554e+08
476.262	  1.97501e+08
476.529	  1.97448e+08
476.796	  1.97394e+08
477.063	  1.9734e+08
477.33	  1.97286e+08
477.597	  1.97231e+08
477.864	  1.97176e+08
478.131	  1.97121e+08
478.398	  1.97066e+08
478.665	  1.9701e+08
478.932	  1.96954e+08
479.199	  1.96897e+08
479.466	  1.96841e+08
479.733	  1.96784e+08
480	  1.96727e+08
480.267	  1.96669e+08
480.534	  1.96611e+08
480.801	  1.96553e+08
481.068	  1.96495e+08
481.335	  1.96436e+08
481.602	  1.96378e+08
481.869	  1.96318e+08
482.136	  1.96259e+08
482.403	  1.96199e+08
482.67	  1.96139e+08
482.937	  1.96079e+08
483.204	  1.96018e+08
483.471	  1.95958e+08
483.738	  1.95896e+08
484.005	  1.95835e+08
484.272	  1.95773e+08
484.539	  1.95711e+08
484.806	  1.95649e+08
485.073	  1.95587e+08
485.34	  1.95524e+08
485.607	  1.95461e+08
485.874	  1.95398e+08
486.141	  1.95334e+08
486.408	  1.95271e+08
486.675	  1.95207e+08
486.942	  1.95142e+08
487.209	  1.95078e+08
487.476	  1.95013e+08
487.743	  1.94948e+08
488.01	  1.94882e+08
488.277	  1.94817e+08
488.544	  1.94751e+08
488.811	  1.94685e+08
489.078	  1.94618e+08
489.345	  1.94552e+08
489.612	  1.94485e+08
489.879	  1.94417e+08
490.146	  1.9435e+08
490.413	  1.94282e+08
490.68	  1.94214e+08
490.947	  1.94146e+08
491.214	  1.94078e+08
491.481	  1.94009e+08
491.748	  1.9394e+08
492.015	  1.93871e+08
492.282	  1.93802e+08
492.549	  1.93732e+08
492.816	  1.93662e+08
493.083	  1.93592e+08
493.35	  1.93521e+08
493.617	  1.93451e+08
493.884	  1.9338e+08
494.151	  1.93309e+08
494.418	  1.93237e+08
494.685	  1.93166e+08
494.952	  1.93094e+08
495.219	  1.93022e+08
495.486	  1.92949e+08
495.753	  1.92877e+08
496.02	  1.92804e+08
496.287	  1.92731e+08
496.554	  1.92658e+08
496.821	  1.92584e+08
497.088	  1.9251e+08
497.355	  1.92436e+08
497.622	  1.92362e+08
497.889	  1.92288e+08
498.156	  1.92213e+08
498.423	  1.92138e+08
498.69	  1.92063e+08
498.957	  1.91988e+08
499.224	  1.91912e+08
499.491	  1.91836e+08
499.758	  1.9176e+08
500.025	  1.91684e+08
500.292	  1.91607e+08
500.559	  1.9153e+08
500.826	  1.91454e+08
501.093	  1.91376e+08
501.36	  1.91299e+08
501.627	  1.91221e+08
501.894	  1.91143e+08
502.161	  1.91065e+08
502.428	  1.90987e+08
502.695	  1.90909e+08
502.962	  1.9083e+08
503.229	  1.90751e+08
503.496	  1.90672e+08
503.763	  1.90592e+08
504.03	  1.90513e+08
504.297	  1.90433e+08
504.564	  1.90353e+08
504.831	  1.90273e+08
505.098	  1.90192e+08
505.365	  1.90112e+08
505.632	  1.90031e+08
505.899	  1.8995e+08
506.166	  1.89868e+08
506.433	  1.89787e+08
506.7	  1.89705e+08
506.967	  1.89623e+08
507.234	  1.89541e+08
507.501	  1.89459e+08
507.768	  1.89377e+08
508.035	  1.89294e+08
508.302	  1.89211e+08
508.569	  1.89128e+08
508.836	  1.89044e+08
509.103	  1.88961e+08
509.37	  1.88877e+08
509.637	  1.88793e+08
509.904	  1.88709e+08
510.171	  1.88625e+08
510.438	  1.8854e+08
510.705	  1.88456e+08
510.972	  1.88371e+08
511.239	  1.88286e+08
511.506	  1.882e+08
511.773	  1.88115e+08
512.04	  1.88029e+08
512.307	  1.87943e+08
512.574	  1.87857e+08
512.841	  1.87771e+08
513.108	  1.87685e+08
513.375	  1.87598e+08
513.642	  1.87511e+08
513.909	  1.87424e+08
514.176	  1.87337e+08
514.443	  1.8725e+08
514.71	  1.87162e+08
514.977	  1.87074e+08
515.244	  1.86986e+08
515.511	  1.86898e+08
515.778	  1.8681e+08
516.045	  1.86721e+08
516.312	  1.86633e+08
516.579	  1.86544e+08
516.846	  1.86455e+08
517.113	  1.86366e+08
517.38	  1.86276e+08
517.647	  1.86187e+08
517.914	  1.86097e+08
518.181	  1.86007e+08
518.448	  1.85917e+08
518.715	  1.85827e+08
518.982	  1.85736e+08
519.249	  1.85646e+08
519.516	  1.85555e+08
519.783	  1.85464e+08
520.05	  1.85373e+08
520.317	  1.85282e+08
520.584	  1.8519e+08
520.851	  1.85099e+08
521.118	  1.85007e+08
521.385	  1.84915e+08
521.652	  1.84823e+08
521.919	  1.8473e+08
522.186	  1.84638e+08
522.453	  1.84545e+08
522.72	  1.84453e+08
522.987	  1.8436e+08
523.254	  1.84267e+08
523.521	  1.84173e+08
523.788	  1.8408e+08
524.055	  1.83986e+08
524.322	  1.83892e+08
524.589	  1.83799e+08
524.856	  1.83705e+08
525.123	  1.8361e+08
525.39	  1.83516e+08
525.657	  1.83421e+08
525.924	  1.83327e+08
526.191	  1.83232e+08
526.458	  1.83137e+08
526.725	  1.83042e+08
526.992	  1.82946e+08
527.259	  1.82851e+08
527.526	  1.82755e+08
527.793	  1.82659e+08
528.06	  1.82563e+08
528.327	  1.82467e+08
528.594	  1.82371e+08
528.861	  1.82275e+08
529.128	  1.82178e+08
529.395	  1.82082e+08
529.662	  1.81985e+08
529.929	  1.81888e+08
530.196	  1.81791e+08
530.463	  1.81693e+08
530.73	  1.81596e+08
530.997	  1.81499e+08
531.264	  1.81401e+08
531.531	  1.81303e+08
531.798	  1.81205e+08
532.065	  1.81107e+08
532.332	  1.81009e+08
532.599	  1.8091e+08
532.866	  1.80812e+08
533.133	  1.80713e+08
533.4	  1.80614e+08
533.667	  1.80515e+08
533.934	  1.80416e+08
534.201	  1.80317e+08
534.468	  1.80218e+08
534.735	  1.80118e+08
535.002	  1.80019e+08
535.269	  1.79919e+08
535.536	  1.79819e+08
535.803	  1.79719e+08
536.07	  1.79619e+08
536.337	  1.79519e+08
536.604	  1.79418e+08
536.871	  1.79318e+08
537.138	  1.79217e+08
537.405	  1.79116e+08
537.672	  1.79015e+08
537.939	  1.78914e+08
538.206	  1.78813e+08
538.473	  1.78712e+08
538.74	  1.78611e+08
539.007	  1.78509e+08
539.274	  1.78407e+08
539.541	  1.78306e+08
539.808	  1.78204e+08
540.075	  1.78102e+08
540.342	  1.78e+08
540.609	  1.77897e+08
540.876	  1.77795e+08
541.143	  1.77692e+08
541.41	  1.7759e+08
541.677	  1.77487e+08
541.944	  1.77384e+08
542.211	  1.77281e+08
542.478	  1.77178e+08
542.745	  1.77075e+08
543.012	  1.76972e+08
543.279	  1.76868e+08
543.546	  1.76765e+08
543.813	  1.76661e+08
544.08	  1.76557e+08
544.347	  1.76453e+08
544.614	  1.76349e+08
544.881	  1.76245e+08
545.148	  1.76141e+08
545.415	  1.76037e+08
545.682	  1.75932e+08
545.949	  1.75828e+08
546.216	  1.75723e+08
546.483	  1.75618e+08
546.75	  1.75513e+08
547.017	  1.75408e+08
547.284	  1.75303e+08
547.551	  1.75198e+08
547.818	  1.75093e+08
548.085	  1.74988e+08
548.352	  1.74882e+08
548.619	  1.74777e+08
548.886	  1.74671e+08
549.153	  1.74565e+08
549.42	  1.74459e+08
549.687	  1.74353e+08
549.954	  1.74247e+08
550.221	  1.74141e+08
550.488	  1.74035e+08
550.755	  1.73928e+08
551.022	  1.73822e+08
551.289	  1.73715e+08
551.556	  1.73608e+08
551.823	  1.73502e+08
552.09	  1.73395e+08
552.357	  1.73288e+08
552.624	  1.73181e+08
552.891	  1.73074e+08
553.158	  1.72966e+08
553.425	  1.72859e+08
553.692	  1.72752e+08
553.959	  1.72644e+08
554.226	  1.72537e+08
554.493	  1.72429e+08
554.76	  1.72321e+08
555.027	  1.72213e+08
555.294	  1.72105e+08
555.561	  1.71997e+08
555.828	  1.71889e+08
556.095	  1.71781e+08
556.362	  1.71673e+08
556.629	  1.71564e+08
556.896	  1.71456e+08
557.163	  1.71347e+08
557.43	  1.71239e+08
557.697	  1.7113e+08
557.964	  1.71021e+08
558.231	  1.70912e+08
558.498	  1.70803e+08
558.765	  1.70694e+08
559.032	  1.70585e+08
559.299	  1.70476e+08
559.566	  1.70367e+08
560.009	  1.70185e+08
560.296	  1.70067e+08
560.583	  1.6995e+08
560.87	  1.69832e+08
561.157	  1.69714e+08
561.444	  1.69596e+08
561.731	  1.69478e+08
562.018	  1.6936e+08
562.305	  1.69241e+08
562.592	  1.69123e+08
562.879	  1.69004e+08
563.166	  1.68886e+08
563.453	  1.68767e+08
563.74	  1.68648e+08
564.027	  1.6853e+08
564.314	  1.68411e+08
564.601	  1.68292e+08
564.888	  1.68173e+08
565.175	  1.68054e+08
565.462	  1.67935e+08
565.749	  1.67815e+08
566.036	  1.67696e+08
566.323	  1.67577e+08
566.61	  1.67457e+08
566.897	  1.67337e+08
567.184	  1.67218e+08
567.471	  1.67098e+08
567.758	  1.66978e+08
568.045	  1.66858e+08
568.332	  1.66739e+08
568.619	  1.66619e+08
568.906	  1.66498e+08
569.193	  1.66378e+08
569.48	  1.66258e+08
569.767	  1.66138e+08
570.054	  1.66018e+08
570.341	  1.65897e+08
570.628	  1.65777e+08
570.915	  1.65656e+08
571.202	  1.65535e+08
571.489	  1.65415e+08
571.776	  1.65294e+08
572.063	  1.65173e+08
572.35	  1.65052e+08
572.637	  1.64931e+08
572.924	  1.64811e+08
573.211	  1.64689e+08
573.498	  1.64568e+08
573.785	  1.64447e+08
574.072	  1.64326e+08
574.359	  1.64205e+08
574.646	  1.64083e+08
574.933	  1.63962e+08
575.22	  1.63841e+08
575.507	  1.63719e+08
575.794	  1.63597e+08
576.081	  1.63476e+08
576.368	  1.63354e+08
576.655	  1.63232e+08
576.942	  1.63111e+08
577.229	  1.62989e+08
577.516	  1.62867e+08
577.803	  1.62745e+08
578.09	  1.62623e+08
578.377	  1.62501e+08
578.664	  1.62379e+08
578.951	  1.62257e+08
579.238	  1.62135e+08
579.525	  1.62012e+08
579.812	  1.6189e+08
580.099	  1.61768e+08
580.386	  1.61645e+08
580.673	  1.61523e+08
580.96	  1.614e+08
581.247	  1.61278e+08
581.534	  1.61155e+08
581.821	  1.61033e+08
582.108	  1.6091e+08
582.395	  1.60787e+08
582.682	  1.60665e+08
582.969	  1.60542e+08
583.256	  1.60419e+08
583.543	  1.60296e+08
583.83	  1.60173e+08
584.117	  1.60051e+08
584.404	  1.59928e+08
584.691	  1.59805e+08
584.978	  1.59682e+08
585.265	  1.59558e+08
585.552	  1.59435e+08
585.839	  1.59312e+08
586.126	  1.59189e+08
586.413	  1.59066e+08
586.7	  1.58943e+08
586.987	  1.58819e+08
587.274	  1.58696e+08
587.561	  1.58573e+08
587.848	  1.58449e+08
588.135	  1.58326e+08
588.422	  1.58202e+08
588.709	  1.58079e+08
588.996	  1.57955e+08
589.283	  1.57832e+08
589.57	  1.57708e+08
589.857	  1.57585e+08
590.144	  1.57461e+08
590.431	  1.57337e+08
590.718	  1.57214e+08
591.005	  1.5709e+08
591.292	  1.56966e+08
591.579	  1.56843e+08
591.866	  1.56719e+08
592.153	  1.56595e+08
592.44	  1.56471e+08
592.727	  1.56347e+08
593.014	  1.56224e+08
593.301	  1.561e+08
593.588	  1.55976e+08
593.875	  1.55852e+08
594.162	  1.55728e+08
594.449	  1.55604e+08
594.736	  1.5548e+08
595.023	  1.55356e+08
595.31	  1.55232e+08
595.597	  1.55108e+08
595.884	  1.54984e+08
596.171	  1.5486e+08
596.458	  1.54736e+08
596.745	  1.54611e+08
597.032	  1.54487e+08
597.319	  1.54363e+08
597.606	  1.54239e+08
597.893	  1.54115e+08
598.18	  1.53991e+08
598.467	  1.53866e+08
598.754	  1.53742e+08
599.041	  1.53618e+08
599.328	  1.53494e+08
599.615	  1.5337e+08
599.902	  1.53245e+08
600.189	  1.53121e+08
600.476	  1.52997e+08
600.763	  1.52872e+08
601.05	  1.52748e+08
601.337	  1.52624e+08
601.624	  1.52499e+08
601.911	  1.52375e+08
602.198	  1.52251e+08
602.485	  1.52126e+08
602.772	  1.52002e+08
603.059	  1.51878e+08
603.346	  1.51753e+08
603.633	  1.51629e+08
603.92	  1.51505e+08
604.207	  1.5138e+08
604.494	  1.51256e+08
604.781	  1.51132e+08
605.068	  1.51007e+08
605.355	  1.50883e+08
605.642	  1.50758e+08
605.929	  1.50634e+08
606.216	  1.5051e+08
606.503	  1.50385e+08
606.79	  1.50261e+08
607.077	  1.50136e+08
607.364	  1.50012e+08
607.651	  1.49888e+08
607.938	  1.49763e+08
608.225	  1.49639e+08
608.512	  1.49515e+08
608.799	  1.4939e+08
609.086	  1.49266e+08
609.373	  1.49141e+08
609.66	  1.49017e+08
609.947	  1.48893e+08
610.234	  1.48768e+08
610.521	  1.48644e+08
610.808	  1.4852e+08
611.095	  1.48395e+08
611.382	  1.48271e+08
611.669	  1.48147e+08
611.956	  1.48022e+08
612.243	  1.47898e+08
612.53	  1.47774e+08
612.817	  1.47649e+08
613.104	  1.47525e+08
613.391	  1.47401e+08
613.678	  1.47276e+08
613.965	  1.47152e+08
614.252	  1.47028e+08
614.539	  1.46904e+08
614.826	  1.4678e+08
615.113	  1.46655e+08
615.4	  1.46531e+08
615.687	  1.46407e+08
615.974	  1.46283e+08
616.261	  1.46159e+08
616.548	  1.46034e+08
616.835	  1.4591e+08
617.122	  1.45786e+08
617.409	  1.45662e+08
617.696	  1.45538e+08
617.983	  1.45414e+08
618.27	  1.4529e+08
618.557	  1.45166e+08
618.844	  1.45042e+08
619.131	  1.44918e+08
619.418	  1.44794e+08
619.705	  1.4467e+08
619.992	  1.44546e+08
620.279	  1.44422e+08
620.566	  1.44298e+08
620.853	  1.44174e+08
621.14	  1.4405e+08
621.427	  1.43926e+08
621.714	  1.43803e+08
622.001	  1.43679e+08
622.288	  1.43555e+08
622.575	  1.43431e+08
622.862	  1.43307e+08
623.149	  1.43184e+08
623.436	  1.4306e+08
623.723	  1.42936e+08
624.01	  1.42813e+08
624.297	  1.42689e+08
624.584	  1.42565e+08
624.871	  1.42442e+08
625.158	  1.42318e+08
625.445	  1.42195e+08
625.732	  1.42071e+08
626.019	  1.41948e+08
626.306	  1.41824e+08
626.593	  1.41701e+08
626.88	  1.41577e+08
627.167	  1.41454e+08
627.454	  1.41331e+08
627.741	  1.41207e+08
628.028	  1.41084e+08
628.315	  1.40961e+08
628.602	  1.40838e+08
628.889	  1.40714e+08
629.176	  1.40591e+08
629.463	  1.40468e+08
629.75	  1.40345e+08
630.037	  1.40222e+08
630.324	  1.40099e+08
630.611	  1.39976e+08
630.898	  1.39853e+08
631.185	  1.3973e+08
631.472	  1.39607e+08
631.759	  1.39484e+08
632.046	  1.39361e+08
632.333	  1.39238e+08
632.62	  1.39115e+08
632.907	  1.38993e+08
633.194	  1.3887e+08
633.481	  1.38747e+08
633.768	  1.38625e+08
634.055	  1.38502e+08
634.342	  1.38379e+08
634.629	  1.38257e+08
634.916	  1.38134e+08
635.203	  1.38012e+08
635.49	  1.37889e+08
635.777	  1.37767e+08
636.064	  1.37645e+08
636.351	  1.37522e+08
636.638	  1.374e+08
636.925	  1.37278e+08
637.212	  1.37156e+08
637.499	  1.37033e+08
637.786	  1.36911e+08
638.073	  1.36789e+08
638.36	  1.36667e+08
638.647	  1.36545e+08
638.934	  1.36423e+08
639.221	  1.36301e+08
639.508	  1.36179e+08
639.795	  1.36057e+08
640.082	  1.35936e+08
640.369	  1.35814e+08
640.656	  1.35692e+08
640.943	  1.3557e+08
641.23	  1.35449e+08
641.517	  1.35327e+08
641.804	  1.35206e+08
642.091	  1.35084e+08
642.378	  1.34963e+08
642.665	  1.34841e+08
642.952	  1.3472e+08
643.239	  1.34598e+08
643.526	  1.34477e+08
643.813	  1.34356e+08
644.1	  1.34235e+08
644.387	  1.34113e+08
644.674	  1.33992e+08
644.961	  1.33871e+08
645.248	  1.3375e+08
645.535	  1.33629e+08
645.822	  1.33508e+08
646.109	  1.33387e+08
646.396	  1.33267e+08
646.683	  1.33146e+08
646.97	  1.33025e+08
647.257	  1.32904e+08
647.544	  1.32784e+08
647.831	  1.32663e+08
648.118	  1.32543e+08
648.405	  1.32422e+08
648.692	  1.32302e+08
648.979	  1.32181e+08
649.266	  1.32061e+08
649.553	  1.31941e+08
649.84	  1.3182e+08
650.127	  1.317e+08
650.414	  1.3158e+08
650.701	  1.3146e+08
650.988	  1.3134e+08
651.275	  1.3122e+08
651.562	  1.311e+08
651.849	  1.3098e+08
652.136	  1.3086e+08
652.423	  1.30741e+08
652.71	  1.30621e+08
652.997	  1.30501e+08
653.284	  1.30381e+08
653.571	  1.30262e+08
653.858	  1.30142e+08
654.145	  1.30023e+08
654.432	  1.29904e+08
654.719	  1.29784e+08
655.006	  1.29665e+08
655.293	  1.29546e+08
655.58	  1.29426e+08
655.867	  1.29307e+08
656.154	  1.29188e+08
656.441	  1.29069e+08
656.728	  1.2895e+08
657.015	  1.28831e+08
657.302	  1.28713e+08
657.589	  1.28594e+08
657.876	  1.28475e+08
658.163	  1.28356e+08
658.45	  1.28238e+08
658.737	  1.28119e+08
659.024	  1.28001e+08
659.311	  1.27882e+08
659.598	  1.27764e+08
659.885	  1.27645e+08
660.172	  1.27527e+08
660.459	  1.27409e+08
660.746	  1.27291e+08
661.033	  1.27173e+08
661.32	  1.27055e+08
661.607	  1.26937e+08
661.894	  1.26819e+08
662.181	  1.26701e+08
662.468	  1.26583e+08
662.755	  1.26465e+08
663.042	  1.26348e+08
663.329	  1.2623e+08
663.616	  1.26113e+08
663.903	  1.25995e+08
664.19	  1.25878e+08
664.477	  1.2576e+08
664.764	  1.25643e+08
665.051	  1.25526e+08
665.338	  1.25409e+08
665.625	  1.25292e+08
665.912	  1.25174e+08
666.199	  1.25057e+08
666.486	  1.24941e+08
666.773	  1.24824e+08
667.06	  1.24707e+08
667.347	  1.2459e+08
667.634	  1.24473e+08
667.921	  1.24357e+08
668.208	  1.2424e+08
668.495	  1.24124e+08
668.782	  1.24007e+08
669.069	  1.23891e+08
669.356	  1.23775e+08
669.643	  1.23659e+08
669.93	  1.23542e+08
670.217	  1.23426e+08
670.504	  1.2331e+08
670.791	  1.23194e+08
671.078	  1.23078e+08
671.365	  1.22963e+08
671.652	  1.22847e+08
671.939	  1.22731e+08
672.226	  1.22616e+08
672.513	  1.225e+08
672.8	  1.22385e+08
673.087	  1.22269e+08
673.374	  1.22154e+08
673.661	  1.22039e+08
673.948	  1.21923e+08
674.235	  1.21808e+08
674.522	  1.21693e+08
674.809	  1.21578e+08
675.096	  1.21463e+08
675.383	  1.21348e+08
675.67	  1.21233e+08
675.957	  1.21119e+08
676.244	  1.21004e+08
676.531	  1.20889e+08
676.818	  1.20775e+08
677.105	  1.2066e+08
677.392	  1.20546e+08
677.679	  1.20432e+08
677.966	  1.20317e+08
678.253	  1.20203e+08
678.54	  1.20089e+08
678.827	  1.19975e+08
679.114	  1.19861e+08
679.401	  1.19747e+08
679.688	  1.19633e+08
679.975	  1.1952e+08
680.262	  1.19406e+08
680.549	  1.19292e+08
680.836	  1.19179e+08
681.123	  1.19065e+08
681.41	  1.18952e+08
681.697	  1.18839e+08
681.984	  1.18725e+08
682.271	  1.18612e+08
682.558	  1.18499e+08
682.845	  1.18386e+08
683.132	  1.18273e+08
683.419	  1.1816e+08
683.706	  1.18047e+08
683.993	  1.17935e+08
684.28	  1.17822e+08
684.567	  1.17709e+08
684.854	  1.17597e+08
685.141	  1.17484e+08
685.428	  1.17372e+08
685.715	  1.1726e+08
686.002	  1.17147e+08
686.289	  1.17035e+08
686.576	  1.16923e+08
686.863	  1.16811e+08
687.15	  1.16699e+08
687.437	  1.16587e+08
687.724	  1.16476e+08
688.011	  1.16364e+08
688.298	  1.16252e+08
688.585	  1.16141e+08
688.872	  1.16029e+08
689.159	  1.15918e+08
689.446	  1.15806e+08
689.733	  1.15695e+08
690.02	  1.15584e+08
690.307	  1.15473e+08
690.594	  1.15362e+08
690.881	  1.15251e+08
691.168	  1.1514e+08
691.455	  1.15029e+08
691.742	  1.14919e+08
692.029	  1.14808e+08
692.316	  1.14697e+08
692.603	  1.14587e+08
692.89	  1.14476e+08
693.177	  1.14366e+08
693.464	  1.14256e+08
693.751	  1.14146e+08
694.038	  1.14036e+08
694.325	  1.13925e+08
694.612	  1.13816e+08
694.899	  1.13706e+08
695.186	  1.13596e+08
695.473	  1.13486e+08
695.76	  1.13377e+08
696.047	  1.13267e+08
696.334	  1.13157e+08
696.621	  1.13048e+08
696.908	  1.12939e+08
697.195	  1.12829e+08
697.482	  1.1272e+08
697.769	  1.12611e+08
698.056	  1.12502e+08
698.343	  1.12393e+08
698.63	  1.12284e+08
698.917	  1.12176e+08
699.204	  1.12067e+08
699.491	  1.11958e+08
699.778	  1.1185e+08
700.065	  1.11741e+08
700.352	  1.11633e+08
700.639	  1.11525e+08
700.926	  1.11416e+08
701.213	  1.11308e+08
701.5	  1.112e+08
701.787	  1.11092e+08
702.074	  1.10984e+08
702.361	  1.10876e+08
702.648	  1.10769e+08
702.935	  1.10661e+08
703.222	  1.10554e+08
703.509	  1.10446e+08
703.796	  1.10339e+08
704.083	  1.10231e+08
704.37	  1.10124e+08
704.657	  1.10017e+08
704.944	  1.0991e+08
705.231	  1.09803e+08
705.518	  1.09696e+08
705.805	  1.09589e+08
706.092	  1.09482e+08
706.379	  1.09375e+08
706.666	  1.09269e+08
706.953	  1.09162e+08
707.24	  1.09056e+08
707.527	  1.0895e+08
707.814	  1.08843e+08
708.101	  1.08737e+08
708.388	  1.08631e+08
708.675	  1.08525e+08
708.962	  1.08419e+08
709.249	  1.08313e+08
709.536	  1.08207e+08
709.823	  1.08102e+08
710.11	  1.07996e+08
710.397	  1.0789e+08
710.684	  1.07785e+08
710.971	  1.0768e+08
711.258	  1.07574e+08
711.545	  1.07469e+08
711.832	  1.07364e+08
712.119	  1.07259e+08
712.406	  1.07154e+08
712.693	  1.07049e+08
712.98	  1.06944e+08
713.267	  1.06839e+08
713.554	  1.06735e+08
713.841	  1.0663e+08
714.128	  1.06526e+08
714.415	  1.06421e+08
714.702	  1.06317e+08
714.989	  1.06213e+08
715.276	  1.06109e+08
715.563	  1.06005e+08
715.85	  1.05901e+08
716.137	  1.05797e+08
716.424	  1.05693e+08
716.711	  1.05589e+08
716.998	  1.05486e+08
717.285	  1.05382e+08
717.572	  1.05279e+08
717.859	  1.05175e+08
718.146	  1.05072e+08
718.433	  1.04969e+08
718.72	  1.04866e+08
719.007	  1.04763e+08
719.294	  1.0466e+08
719.581	  1.04557e+08
719.868	  1.04454e+08
720.155	  1.04351e+08
720.442	  1.04249e+08
720.729	  1.04146e+08
721.016	  1.04044e+08
721.303	  1.03941e+08
721.59	  1.03839e+08
721.877	  1.03737e+08
722.164	  1.03635e+08
722.451	  1.03533e+08
722.738	  1.03431e+08
723.025	  1.03329e+08
723.312	  1.03227e+08
723.599	  1.03125e+08
723.886	  1.03024e+08
724.173	  1.02922e+08
724.46	  1.02821e+08
724.747	  1.0272e+08
725.034	  1.02618e+08
725.321	  1.02517e+08
725.608	  1.02416e+08
725.895	  1.02315e+08
726.182	  1.02214e+08
726.469	  1.02113e+08
726.756	  1.02013e+08
727.043	  1.01912e+08
727.33	  1.01811e+08
727.617	  1.01711e+08
727.904	  1.0161e+08
728.191	  1.0151e+08
728.478	  1.0141e+08
728.765	  1.0131e+08
729.052	  1.0121e+08
729.339	  1.0111e+08
729.626	  1.0101e+08
729.913	  1.0091e+08
730.2	  1.0081e+08
730.487	  1.00711e+08
730.774	  1.00611e+08
731.061	  1.00511e+08
731.348	  1.00412e+08
731.635	  1.00313e+08
731.922	  1.00214e+08
732.209	  1.00114e+08
732.496	  1.00015e+08
732.783	  9.99165e+07
733.07	  9.98176e+07
733.357	  9.97188e+07
733.644	  9.96201e+07
733.931	  9.95215e+07
734.218	  9.9423e+07
734.505	  9.93246e+07
734.792	  9.92262e+07
735.079	  9.91279e+07
735.366	  9.90298e+07
735.653	  9.89317e+07
735.94	  9.88337e+07
736.227	  9.87357e+07
736.514	  9.86379e+07
736.801	  9.85402e+07
737.088	  9.84425e+07
737.375	  9.83449e+07
737.662	  9.82474e+07
737.949	  9.815e+07
738.236	  9.80527e+07
738.523	  9.79555e+07
738.81	  9.78584e+07
739.097	  9.77613e+07
739.384	  9.76643e+07
739.671	  9.75674e+07
739.958	  9.74706e+07
740.245	  9.73739e+07
740.532	  9.72773e+07
740.819	  9.71808e+07
741.106	  9.70843e+07
741.393	  9.6988e+07
741.68	  9.68917e+07
741.967	  9.67955e+07
742.254	  9.66994e+07
742.541	  9.66034e+07
742.828	  9.65074e+07
743.115	  9.64116e+07
743.402	  9.63158e+07
743.689	  9.62202e+07
743.976	  9.61246e+07
744.263	  9.60291e+07
744.55	  9.59337e+07
744.837	  9.58383e+07
745.124	  9.57431e+07
745.411	  9.56479e+07
745.698	  9.55529e+07
745.985	  9.54579e+07
746.272	  9.5363e+07
746.559	  9.52682e+07
746.846	  9.51735e+07
747.133	  9.50788e+07
747.42	  9.49843e+07
747.707	  9.48898e+07
747.994	  9.47955e+07
748.281	  9.47012e+07
748.568	  9.4607e+07
748.855	  9.45129e+07
749.142	  9.44188e+07
749.429	  9.43249e+07
749.716	  9.42311e+07
750.003	  9.41373e+07
750.29	  9.40436e+07
750.577	  9.395e+07
750.864	  9.38565e+07
751.151	  9.37631e+07
751.438	  9.36698e+07
751.725	  9.35765e+07
752.012	  9.34834e+07
752.299	  9.33903e+07
752.586	  9.32973e+07
752.873	  9.32044e+07
753.16	  9.31116e+07
753.447	  9.30189e+07
753.734	  9.29262e+07
754.021	  9.28337e+07
754.308	  9.27412e+07
754.595	  9.26488e+07
754.882	  9.25565e+07
755.169	  9.24643e+07
755.456	  9.23722e+07
755.743	  9.22802e+07
756.03	  9.21882e+07
756.317	  9.20964e+07
756.604	  9.20046e+07
756.891	  9.19129e+07
757.178	  9.18213e+07
757.465	  9.17298e+07
757.752	  9.16384e+07
758.039	  9.1547e+07
758.326	  9.14558e+07
758.613	  9.13646e+07
758.9	  9.12735e+07
759.187	  9.11825e+07
759.474	  9.10916e+07
759.761	  9.10008e+07
760.048	  9.09101e+07
760.335	  9.08194e+07
760.622	  9.07289e+07
760.909	  9.06384e+07
761.196	  9.0548e+07
761.483	  9.04577e+07
761.77	  9.03675e+07
762.057	  9.02773e+07
762.344	  9.01873e+07
762.631	  9.00973e+07
762.918	  9.00075e+07
763.205	  8.99177e+07
763.492	  8.9828e+07
763.779	  8.97384e+07
764.066	  8.96488e+07
764.353	  8.95594e+07
764.64	  8.94701e+07
764.927	  8.93808e+07
765.214	  8.92916e+07
765.501	  8.92025e+07
765.788	  8.91135e+07
766.075	  8.90246e+07
766.362	  8.89357e+07
766.649	  8.8847e+07
766.936	  8.87583e+07
767.223	  8.86697e+07
767.51	  8.85812e+07
767.797	  8.84928e+07
768.084	  8.84045e+07
768.371	  8.83163e+07
768.658	  8.82281e+07
768.945	  8.81401e+07
769.232	  8.80521e+07
769.519	  8.79642e+07
769.806	  8.78764e+07
770.093	  8.77887e+07
770.38	  8.7701e+07
770.667	  8.76135e+07
770.954	  8.7526e+07
771.241	  8.74386e+07
771.528	  8.73513e+07
771.815	  8.72641e+07
772.102	  8.7177e+07
772.389	  8.709e+07
772.676	  8.7003e+07
772.963	  8.69162e+07
773.25	  8.68294e+07
773.537	  8.67427e+07
773.824	  8.66561e+07
774.111	  8.65696e+07
774.398	  8.64831e+07
774.685	  8.63968e+07
774.972	  8.63105e+07
775.259	  8.62243e+07
775.546	  8.61382e+07
775.833	  8.60522e+07
776.12	  8.59663e+07
776.407	  8.58804e+07
776.694	  8.57947e+07
776.981	  8.5709e+07
777.268	  8.56234e+07
777.555	  8.55379e+07
777.842	  8.54525e+07
778.129	  8.53672e+07
778.416	  8.52819e+07
778.703	  8.51968e+07
778.99	  8.51117e+07
779.277	  8.50267e+07
779.564	  8.49418e+07
779.851	  8.4857e+07
780.138	  8.47723e+07
780.425	  8.46876e+07
780.712	  8.4603e+07
780.999	  8.45186e+07
781.286	  8.44342e+07
781.573	  8.43498e+07
781.86	  8.42656e+07
782.147	  8.41815e+07
782.434	  8.40974e+07
782.721	  8.40134e+07
783.008	  8.39295e+07
783.295	  8.38457e+07
783.582	  8.3762e+07
783.869	  8.36784e+07
784.156	  8.35948e+07
784.443	  8.35113e+07
784.73	  8.3428e+07
785.017	  8.33447e+07
785.304	  8.32614e+07
785.591	  8.31783e+07
785.878	  8.30953e+07
786.165	  8.30123e+07
786.452	  8.29294e+07
786.739	  8.28466e+07
787.026	  8.27639e+07
787.313	  8.26813e+07
787.6	  8.25987e+07
787.887	  8.25163e+07
788.174	  8.24339e+07
788.461	  8.23516e+07
788.748	  8.22694e+07
789.035	  8.21872e+07
789.322	  8.21052e+07
789.609	  8.20232e+07
789.896	  8.19414e+07
790.183	  8.18596e+07
790.47	  8.17779e+07
790.757	  8.16962e+07
791.044	  8.16147e+07
791.331	  8.15332e+07
791.618	  8.14519e+07
791.905	  8.13706e+07
792.192	  8.12893e+07
792.479	  8.12082e+07
792.766	  8.11272e+07
793.053	  8.10462e+07
793.34	  8.09653e+07
793.627	  8.08845e+07
793.914	  8.08038e+07
794.201	  8.07232e+07
794.488	  8.06426e+07
794.775	  8.05622e+07
795.062	  8.04818e+07
795.349	  8.04015e+07
795.636	  8.03213e+07
795.923	  8.02411e+07
796.21	  8.01611e+07
796.497	  8.00811e+07
796.784	  8.00012e+07
797.071	  7.99214e+07
797.358	  7.98417e+07
797.645	  7.97621e+07
797.932	  7.96825e+07
798.219	  7.9603e+07
798.506	  7.95236e+07
798.793	  7.94443e+07
799.08	  7.93651e+07
799.367	  7.9286e+07
799.654	  7.92069e+07
799.941	  7.91279e+07
800.228	  7.9049e+07
800.515	  7.89702e+07
800.802	  7.88914e+07
801.089	  7.88128e+07
801.376	  7.87342e+07
801.663	  7.86557e+07
801.95	  7.85773e+07
802.237	  7.8499e+07
802.524	  7.84207e+07
802.811	  7.83426e+07
803.098	  7.82645e+07
803.385	  7.81865e+07
803.672	  7.81085e+07
803.959	  7.80307e+07
804.246	  7.79529e+07
804.533	  7.78753e+07
804.82	  7.77977e+07
805.107	  7.77201e+07
805.394	  7.76427e+07
805.681	  7.75653e+07
805.968	  7.74881e+07
806.255	  7.74109e+07
806.542	  7.73338e+07
806.829	  7.72567e+07
807.116	  7.71798e+07
807.403	  7.71029e+07
807.69	  7.70261e+07
807.977	  7.69494e+07
808.264	  7.68728e+07
808.551	  7.67962e+07
808.838	  7.67198e+07
809.125	  7.66434e+07
809.412	  7.65671e+07
809.699	  7.64908e+07
809.986	  7.64147e+07
810.273	  7.63386e+07
810.56	  7.62626e+07
810.847	  7.61867e+07
811.134	  7.61109e+07
811.421	  7.60351e+07
811.708	  7.59595e+07
811.995	  7.58839e+07
812.282	  7.58084e+07
812.569	  7.57329e+07
812.856	  7.56576e+07
813.143	  7.55823e+07
813.43	  7.55071e+07
813.717	  7.5432e+07
814.004	  7.5357e+07
814.291	  7.5282e+07
814.578	  7.52072e+07
814.865	  7.51324e+07
815.152	  7.50576e+07
815.439	  7.4983e+07
815.726	  7.49084e+07
816.013	  7.4834e+07
816.3	  7.47596e+07
816.587	  7.46852e+07
816.874	  7.4611e+07
817.161	  7.45368e+07
817.448	  7.44628e+07
817.735	  7.43887e+07
818.022	  7.43148e+07
818.309	  7.4241e+07
818.596	  7.41672e+07
818.883	  7.40935e+07
819.17	  7.40199e+07
819.457	  7.39464e+07
820.002	  7.38069e+07
820.031	  7.37995e+07
820.059	  7.37922e+07
820.088	  7.37849e+07
820.117	  7.37775e+07
820.146	  7.37702e+07
820.174	  7.37629e+07
820.203	  7.37555e+07
820.232	  7.37482e+07
820.26	  7.37409e+07
820.289	  7.37336e+07
820.318	  7.37262e+07
820.346	  7.37189e+07
820.375	  7.37116e+07
820.404	  7.37042e+07
820.433	  7.36969e+07
820.461	  7.36896e+07
820.49	  7.36823e+07
820.519	  7.3675e+07
820.547	  7.36676e+07
820.576	  7.36603e+07
820.605	  7.3653e+07
820.633	  6.2836e+07
820.662	  6.28314e+07
820.691	  6.28269e+07
820.72	  6.28224e+07
820.748	  6.28178e+07
820.777	  6.28133e+07
820.806	  6.28087e+07
820.834	  6.28042e+07
820.863	  6.27997e+07
820.892	  6.27951e+07
820.92	  6.27906e+07
820.949	  6.2786e+07
820.978	  6.27815e+07
821.007	  6.2777e+07
821.035	  6.27724e+07
821.064	  6.27679e+07
821.093	  6.27633e+07
821.121	  6.27588e+07
821.15	  6.27542e+07
821.179	  6.27497e+07
821.207	  6.27452e+07
821.236	  6.27406e+07
821.265	  6.27361e+07
821.294	  6.27316e+07
821.322	  6.2727e+07
821.351	  6.27225e+07
821.38	  6.27179e+07
821.408	  6.27134e+07
821.437	  6.27089e+07
821.466	  6.27043e+07
821.494	  6.26998e+07
821.523	  6.26953e+07
821.552	  6.26907e+07
821.581	  6.26862e+07
821.609	  6.26816e+07
821.638	  6.26771e+07
821.667	  6.26726e+07
821.695	  6.2668e+07
821.724	  6.26635e+07
821.753	  6.2659e+07
821.781	  6.26544e+07
821.81	  6.26499e+07
821.839	  6.26453e+07
821.868	  6.26408e+07
821.896	  6.26363e+07
821.925	  6.26317e+07
821.954	  6.26272e+07
821.982	  6.26227e+07
822.011	  6.26181e+07
822.011	  6.26181e+07
822.298	  6.25728e+07
822.585	  6.25275e+07
822.872	  6.24822e+07
823.159	  6.24369e+07
823.446	  6.23916e+07
823.733	  6.23464e+07
824.02	  6.23011e+07
824.307	  6.22559e+07
824.594	  6.22107e+07
824.881	  6.21656e+07
825.168	  6.21204e+07
825.455	  6.20752e+07
825.742	  6.20301e+07
826.029	  6.1985e+07
826.316	  6.19399e+07
826.603	  6.18948e+07
826.89	  6.18498e+07
827.177	  6.18048e+07
827.464	  6.17597e+07
827.751	  6.17147e+07
828.038	  6.16697e+07
828.325	  6.16248e+07
828.612	  6.15798e+07
828.899	  6.15349e+07
829.186	  6.149e+07
829.473	  6.14451e+07
829.76	  6.14002e+07
830.047	  6.13554e+07
830.334	  6.13105e+07
830.621	  6.12657e+07
830.908	  6.12209e+07
831.195	  6.11761e+07
831.482	  6.11314e+07
831.769	  6.10866e+07
832.056	  6.10419e+07
832.343	  6.09972e+07
832.63	  6.09525e+07
832.917	  6.09078e+07
833.204	  6.08631e+07
833.491	  6.08185e+07
833.778	  6.07739e+07
834.065	  6.07293e+07
834.352	  6.06847e+07
834.639	  6.06402e+07
834.926	  6.05956e+07
835.213	  6.05511e+07
835.5	  6.05066e+07
835.787	  6.04621e+07
836.074	  6.04176e+07
836.361	  6.03732e+07
836.648	  6.03288e+07
836.935	  6.02844e+07
837.222	  6.024e+07
837.509	  6.01956e+07
837.796	  6.01512e+07
838.083	  6.01069e+07
838.37	  6.00626e+07
838.657	  6.00183e+07
838.944	  5.9974e+07
839.231	  5.99298e+07
839.518	  5.98855e+07
839.805	  5.98413e+07
840.092	  5.97971e+07
840.379	  5.97529e+07
840.666	  5.97088e+07
840.953	  5.96646e+07
841.24	  5.96205e+07
841.527	  5.95764e+07
841.814	  5.95324e+07
842.101	  5.94883e+07
842.388	  5.94443e+07
842.675	  5.94002e+07
842.962	  5.93562e+07
843.249	  5.93122e+07
843.536	  5.92683e+07
843.823	  5.92243e+07
844.11	  5.91804e+07
844.397	  5.91365e+07
844.684	  5.90926e+07
844.971	  5.90488e+07
845.258	  5.90049e+07
845.545	  5.89611e+07
845.832	  5.89173e+07
846.119	  5.88735e+07
846.406	  5.88298e+07
846.693	  5.8786e+07
846.98	  5.87423e+07
847.267	  5.86986e+07
847.554	  5.86549e+07
847.841	  5.86113e+07
848.128	  5.85676e+07
848.415	  5.8524e+07
848.702	  5.84804e+07
848.989	  5.84368e+07
849.276	  5.83933e+07
849.563	  5.83497e+07
849.85	  5.83062e+07
850.137	  5.82627e+07
850.424	  5.82192e+07
850.711	  5.81758e+07
850.998	  5.81323e+07
851.285	  5.80889e+07
851.572	  5.80455e+07
851.859	  5.80022e+07
852.146	  5.79588e+07
852.433	  5.79155e+07
852.72	  5.78722e+07
853.007	  5.78289e+07
853.294	  5.77856e+07
853.581	  5.77424e+07
853.868	  5.76991e+07
854.155	  5.76559e+07
854.442	  5.76127e+07
854.729	  5.75696e+07
855.016	  5.75264e+07
855.303	  5.74833e+07
855.59	  5.74402e+07
855.877	  5.73971e+07
856.164	  5.73541e+07
856.451	  5.7311e+07
856.738	  5.7268e+07
857.025	  5.7225e+07
857.312	  5.7182e+07
857.599	  5.71391e+07
857.886	  5.70961e+07
858.173	  5.70532e+07
858.46	  5.70103e+07
858.747	  5.69675e+07
859.034	  5.69246e+07
859.321	  5.68818e+07
859.608	  5.6839e+07
859.895	  5.67962e+07
860.182	  5.67534e+07
860.469	  5.67107e+07
860.756	  5.6668e+07
861.043	  5.66253e+07
861.33	  5.65826e+07
861.617	  5.65399e+07
861.904	  5.64973e+07
862.191	  5.64547e+07
862.478	  5.64121e+07
862.765	  5.63695e+07
863.052	  5.6327e+07
863.339	  5.62844e+07
863.626	  5.62419e+07
863.913	  5.61995e+07
864.2	  5.6157e+07
864.487	  5.61146e+07
864.774	  5.60721e+07
865.061	  5.60298e+07
865.348	  5.59874e+07
865.635	  5.5945e+07
865.922	  5.59027e+07
866.209	  5.58604e+07
866.496	  5.58181e+07
866.783	  5.57758e+07
867.07	  5.57336e+07
867.357	  5.56914e+07
867.644	  5.56492e+07
867.931	  5.5607e+07
868.218	  5.55648e+07
868.505	  5.55227e+07
868.792	  5.54806e+07
869.079	  5.54385e+07
869.366	  5.53964e+07
869.653	  5.53544e+07
869.94	  5.53124e+07
870.227	  5.52704e+07
870.514	  5.52284e+07
870.801	  5.51865e+07
871.088	  5.51445e+07
871.375	  5.51026e+07
871.662	  5.50607e+07
871.949	  5.50189e+07
872.236	  5.4977e+07
872.523	  5.49352e+07
872.81	  5.48934e+07
873.097	  5.48516e+07
873.384	  5.48099e+07
873.671	  5.47681e+07
873.958	  5.47264e+07
874.245	  5.46847e+07
874.532	  5.46431e+07
874.819	  5.46014e+07
875.106	  5.45598e+07
875.393	  5.45182e+07
875.68	  5.44766e+07
875.967	  5.44351e+07
876.254	  5.43936e+07
876.541	  5.4352e+07
876.828	  5.43106e+07
877.115	  5.42691e+07
877.402	  5.42277e+07
877.689	  5.41863e+07
877.976	  5.41449e+07
878.263	  5.41035e+07
878.55	  5.40621e+07
878.837	  5.40208e+07
879.124	  5.39795e+07
879.411	  5.39382e+07
879.698	  5.3897e+07
879.985	  5.38557e+07
880.272	  5.38145e+07
880.559	  5.37733e+07
880.846	  5.37322e+07
881.133	  5.3691e+07
881.42	  5.36499e+07
881.707	  5.36088e+07
881.994	  5.35678e+07
882.281	  5.35267e+07
882.568	  5.34857e+07
882.855	  5.34447e+07
883.142	  5.34037e+07
883.429	  5.33627e+07
883.716	  5.33218e+07
884.003	  5.32809e+07
884.29	  5.324e+07
884.577	  5.31991e+07
884.864	  5.31583e+07
885.151	  5.31175e+07
885.438	  5.30767e+07
885.725	  5.30359e+07
886.012	  5.29952e+07
886.299	  5.29544e+07
886.586	  5.29137e+07
886.873	  5.2873e+07
887.16	  5.28324e+07
887.447	  5.27918e+07
887.734	  5.27511e+07
888.021	  5.27106e+07
888.308	  5.267e+07
888.595	  5.26295e+07
888.882	  5.25889e+07
889.169	  5.25484e+07
889.456	  5.2508e+07
889.743	  5.24675e+07
890.03	  5.24271e+07
890.317	  5.23867e+07
890.604	  5.23463e+07
890.891	  5.2306e+07
891.178	  5.22656e+07
891.465	  5.22253e+07
891.752	  5.21851e+07
892.039	  5.21448e+07
892.326	  5.21046e+07
892.613	  5.20644e+07
892.9	  5.20242e+07
893.187	  5.1984e+07
893.474	  5.19439e+07
893.761	  5.19037e+07
894.048	  5.18636e+07
894.335	  5.18236e+07
894.622	  5.17835e+07
894.909	  5.17435e+07
895.196	  5.17035e+07
895.483	  5.16635e+07
895.77	  5.16236e+07
896.057	  5.15836e+07
896.344	  5.15437e+07
896.631	  5.15039e+07
896.918	  5.1464e+07
897.205	  5.14242e+07
897.492	  5.13844e+07
897.779	  5.13446e+07
898.066	  5.13048e+07
898.353	  5.12651e+07
898.64	  5.12253e+07
898.927	  5.11857e+07
899.214	  5.1146e+07
899.501	  5.11063e+07
899.788	  5.10667e+07
900.075	  5.10271e+07
900.362	  5.09876e+07
900.649	  5.0948e+07
900.936	  5.09085e+07
901.223	  5.0869e+07
901.51	  5.08295e+07
901.797	  5.07901e+07
902.084	  5.07506e+07
902.371	  5.07112e+07
902.658	  5.06718e+07
902.945	  5.06325e+07
903.232	  5.05931e+07
903.519	  5.05538e+07
903.806	  5.05146e+07
904.093	  5.04753e+07
904.38	  5.04361e+07
904.667	  5.03968e+07
904.954	  5.03577e+07
905.241	  5.03185e+07
905.528	  5.02793e+07
905.815	  5.02402e+07
906.102	  5.02011e+07
906.389	  5.01621e+07
906.676	  5.0123e+07
906.963	  5.0084e+07
907.25	  5.0045e+07
907.537	  5.0006e+07
907.824	  4.99671e+07
908.111	  4.99282e+07
908.398	  4.98893e+07
908.685	  4.98504e+07
908.972	  4.98115e+07
909.259	  4.97727e+07
909.546	  4.97339e+07
909.833	  4.96951e+07
910.12	  4.96564e+07
910.407	  4.96176e+07
910.694	  4.95789e+07
910.981	  4.95402e+07
911.268	  4.95016e+07
911.555	  4.94629e+07
911.842	  4.94243e+07
912.129	  4.93858e+07
912.416	  4.93472e+07
912.703	  4.93087e+07
912.99	  4.92701e+07
913.277	  4.92317e+07
913.564	  4.91932e+07
913.851	  4.91547e+07
914.138	  4.91163e+07
914.425	  4.90779e+07
914.712	  4.90396e+07
914.999	  4.90012e+07
915.286	  4.89629e+07
915.573	  4.89246e+07
915.86	  4.88863e+07
916.147	  4.88481e+07
916.434	  4.88099e+07
916.721	  4.87717e+07
917.008	  4.87335e+07
917.295	  4.86954e+07
917.582	  4.86572e+07
917.869	  4.86191e+07
918.156	  4.85811e+07
918.443	  4.8543e+07
918.73	  4.8505e+07
919.017	  4.8467e+07
919.304	  4.8429e+07
919.591	  4.83911e+07
919.878	  4.83531e+07
920.165	  4.83152e+07
920.452	  4.82774e+07
920.739	  4.82395e+07
921.026	  4.82017e+07
921.313	  4.81639e+07
921.6	  4.81261e+07
921.887	  4.80883e+07
922.174	  4.80506e+07
922.461	  4.80129e+07
922.748	  4.79752e+07
923.035	  4.79375e+07
923.322	  4.78999e+07
923.609	  4.78623e+07
923.896	  4.78247e+07
924.183	  4.77871e+07
924.47	  4.77496e+07
924.757	  4.77121e+07
925.044	  4.76746e+07
925.331	  4.76372e+07
925.618	  4.75997e+07
925.905	  4.75623e+07
926.192	  4.75249e+07
926.479	  4.74875e+07
926.766	  4.74502e+07
927.053	  4.74129e+07
927.34	  4.73756e+07
927.627	  4.73383e+07
927.914	  4.73011e+07
928.201	  4.72639e+07
928.488	  4.72267e+07
928.775	  4.71895e+07
929.062	  4.71524e+07
929.349	  4.71153e+07
929.636	  4.70782e+07
929.923	  4.70411e+07
930.21	  4.7004e+07
930.497	  4.6967e+07
930.784	  4.693e+07
931.071	  4.68931e+07
931.358	  4.68561e+07
931.645	  4.68192e+07
931.932	  4.67823e+07
932.219	  4.67454e+07
932.506	  4.67086e+07
932.793	  4.66718e+07
933.08	  4.66349e+07
933.367	  4.65982e+07
933.654	  4.65614e+07
933.941	  4.65247e+07
934.228	  4.6488e+07
934.515	  4.64513e+07
934.802	  4.64147e+07
935.089	  4.63781e+07
935.376	  4.63415e+07
935.663	  4.63049e+07
935.95	  4.62683e+07
936.237	  4.62318e+07
936.524	  4.61953e+07
936.811	  4.61588e+07
937.098	  4.61224e+07
937.385	  4.60859e+07
937.672	  4.60495e+07
937.959	  4.60132e+07
938.246	  4.59768e+07
938.533	  4.59405e+07
938.82	  4.59042e+07
939.107	  4.58679e+07
939.394	  4.58316e+07
939.681	  4.57954e+07
939.968	  4.57592e+07
940.255	  4.5723e+07
940.542	  4.56869e+07
940.829	  4.56507e+07
941.116	  4.56146e+07
941.403	  4.55785e+07
941.69	  4.55425e+07
941.977	  4.55064e+07
942.264	  4.54704e+07
942.551	  4.54345e+07
942.838	  4.53985e+07
943.125	  4.53626e+07
943.412	  4.53266e+07
943.699	  4.52908e+07
943.986	  4.52549e+07
944.273	  4.52191e+07
944.56	  4.51833e+07
944.847	  4.51475e+07
945.134	  4.51117e+07
945.421	  4.5076e+07
945.708	  4.50403e+07
945.995	  4.50046e+07
946.282	  4.49689e+07
946.569	  4.49333e+07
946.856	  4.48977e+07
947.143	  4.48621e+07
947.43	  4.48265e+07
947.717	  4.4791e+07
948.004	  4.47555e+07
948.291	  4.472e+07
948.578	  4.46845e+07
948.865	  4.46491e+07
949.152	  4.46137e+07
949.439	  4.45783e+07
949.726	  4.45429e+07
950.013	  4.45076e+07
950.3	  4.44722e+07
950.587	  4.4437e+07
950.874	  4.44017e+07
951.161	  4.43664e+07
951.448	  4.43312e+07
951.735	  4.4296e+07
952.022	  4.42609e+07
952.309	  4.42257e+07
952.596	  4.41906e+07
952.883	  4.41555e+07
953.17	  4.41204e+07
953.457	  4.40854e+07
953.744	  4.40504e+07
954.031	  4.40154e+07
954.318	  4.39804e+07
954.605	  4.39455e+07
954.892	  4.39106e+07
955.179	  4.38757e+07
955.466	  4.38408e+07
955.753	  4.38059e+07
956.04	  4.37711e+07
956.327	  4.37363e+07
956.614	  4.37016e+07
956.901	  4.36668e+07
957.188	  4.36321e+07
957.475	  4.35974e+07
957.762	  4.35627e+07
958.049	  4.35281e+07
958.336	  4.34934e+07
958.623	  4.34588e+07
958.91	  4.34243e+07
959.197	  4.33897e+07
959.484	  4.33552e+07
959.771	  4.33207e+07
960.058	  4.32862e+07
960.345	  4.32518e+07
960.632	  4.32173e+07
960.919	  4.31829e+07
961.206	  4.31486e+07
961.493	  4.31142e+07
961.78	  4.30799e+07
962.067	  4.30456e+07
962.354	  4.30113e+07
962.641	  4.29771e+07
962.928	  4.29428e+07
963.215	  4.29086e+07
963.502	  4.28744e+07
963.789	  4.28403e+07
964.076	  4.28062e+07
964.363	  4.27721e+07
964.65	  4.2738e+07
964.937	  4.27039e+07
965.224	  4.26699e+07
965.511	  4.26359e+07
965.798	  4.26019e+07
966.085	  4.25679e+07
966.372	  4.2534e+07
966.659	  4.25001e+07
966.946	  4.24662e+07
967.233	  4.24324e+07
967.52	  4.23985e+07
967.807	  4.23647e+07
968.094	  4.23309e+07
968.381	  4.22972e+07
968.668	  4.22634e+07
968.955	  4.22297e+07
969.242	  4.2196e+07
969.529	  4.21624e+07
969.816	  4.21287e+07
970.103	  4.20951e+07
970.39	  4.20615e+07
970.677	  4.2028e+07
970.964	  4.19944e+07
971.251	  4.19609e+07
971.538	  4.19274e+07
971.825	  4.1894e+07
972.112	  4.18605e+07
972.399	  4.18271e+07
972.686	  4.17937e+07
972.973	  4.17603e+07
973.26	  4.1727e+07
973.547	  4.16937e+07
973.834	  4.16604e+07
974.121	  4.16271e+07
974.408	  4.15939e+07
974.695	  4.15607e+07
974.982	  4.15275e+07
975.269	  4.14943e+07
975.556	  4.14611e+07
975.843	  4.1428e+07
976.13	  4.13949e+07
976.417	  4.13619e+07
976.704	  4.13288e+07
976.991	  4.12958e+07
977.278	  4.12628e+07
977.565	  4.12298e+07
977.852	  4.11969e+07
978.139	  4.11639e+07
978.426	  4.1131e+07
978.713	  4.10982e+07
979	  4.10653e+07
979.287	  4.10325e+07
979.574	  4.09997e+07
979.861	  4.09669e+07
980.148	  4.09341e+07
980.435	  4.09014e+07
980.722	  4.08687e+07
981.009	  4.0836e+07
981.296	  4.08034e+07
981.583	  4.07707e+07
981.87	  4.07381e+07
982.157	  4.07055e+07
982.444	  4.0673e+07
982.731	  4.06404e+07
983.018	  4.06079e+07
983.305	  4.05755e+07
983.592	  4.0543e+07
983.879	  4.05106e+07
984.166	  4.04781e+07
984.453	  4.04457e+07
984.74	  4.04134e+07
985.027	  4.0381e+07
985.314	  4.03487e+07
985.601	  4.03164e+07
985.888	  4.02842e+07
986.175	  4.02519e+07
986.462	  4.02197e+07
986.749	  4.01875e+07
987.036	  4.01553e+07
987.323	  4.01232e+07
987.61	  4.00911e+07
987.897	  4.0059e+07
988.184	  4.00269e+07
988.471	  3.99949e+07
988.758	  3.99628e+07
989.045	  3.99308e+07
989.332	  3.98989e+07
989.619	  3.98669e+07
989.906	  3.9835e+07
990.193	  3.98031e+07
990.48	  3.97712e+07
990.767	  3.97393e+07
991.054	  3.97075e+07
991.341	  3.96757e+07
991.628	  3.96439e+07
991.915	  3.96122e+07
992.202	  3.95804e+07
992.489	  3.95487e+07
992.776	  3.9517e+07
993.063	  3.94854e+07
993.35	  3.94537e+07
993.637	  3.94221e+07
993.924	  3.93905e+07
994.211	  3.9359e+07
994.498	  3.93274e+07
994.785	  3.92959e+07
995.072	  3.92644e+07
995.359	  3.9233e+07
995.646	  3.92015e+07
995.933	  3.91701e+07
996.22	  3.91387e+07
996.507	  3.91073e+07
996.794	  3.9076e+07
997.081	  3.90447e+07
997.368	  3.90134e+07
997.655	  3.89821e+07
997.942	  3.89508e+07
998.229	  3.89196e+07
998.516	  3.88884e+07
998.803	  3.88572e+07
999.09	  3.88261e+07
999.377	  3.87949e+07
999.664	  3.87638e+07
999.951	  3.87328e+07
1000.24	  3.87017e+07
1000.52	  3.86707e+07
1000.81	  3.86397e+07
1001.1	  3.86087e+07
1001.39	  3.85777e+07
1001.67	  3.85468e+07
1001.96	  3.85159e+07
1002.25	  3.8485e+07
1002.53	  3.84541e+07
1002.82	  3.84232e+07
1003.11	  3.83924e+07
1003.39	  3.83616e+07
1003.68	  3.83309e+07
1003.97	  3.83001e+07
1004.26	  3.82694e+07
1004.54	  3.82387e+07
1004.83	  3.8208e+07
1005.12	  3.81774e+07
1005.4	  3.81467e+07
1005.69	  3.81161e+07
1005.98	  3.80855e+07
1006.26	  3.8055e+07
1006.55	  3.80245e+07
1006.84	  3.79939e+07
1007.13	  3.79635e+07
1007.41	  3.7933e+07
1007.7	  3.79026e+07
1007.99	  3.78721e+07
1008.27	  3.78418e+07
1008.56	  3.78114e+07
1008.85	  3.7781e+07
1009.13	  3.77507e+07
1009.42	  3.77204e+07
1009.71	  3.76902e+07
1010	  3.76599e+07
1010.28	  3.76297e+07
1010.57	  3.75995e+07
1010.86	  3.75693e+07
1011.14	  3.75392e+07
1011.43	  3.7509e+07
1011.72	  3.74789e+07
1012	  3.74488e+07
1012.29	  3.74188e+07
1012.58	  3.73887e+07
1012.87	  3.73587e+07
1013.15	  3.73287e+07
1013.44	  3.72988e+07
1013.73	  3.72688e+07
1014.01	  3.72389e+07
1014.3	  3.7209e+07
1014.59	  3.71792e+07
1014.88	  3.71493e+07
1015.16	  3.71195e+07
1015.45	  3.70897e+07
1015.74	  3.70599e+07
1016.02	  3.70302e+07
1016.31	  3.70004e+07
1016.6	  3.69707e+07
1016.88	  3.6941e+07
1017.17	  3.69114e+07
1017.46	  3.68818e+07
1017.75	  3.68521e+07
1018.03	  3.68226e+07
1018.32	  3.6793e+07
1018.61	  3.67634e+07
1018.89	  3.67339e+07
1019.18	  3.67044e+07
1019.47	  3.6675e+07
1019.98	  3.66229e+07
1021.08	  3.65103e+07
1022.17	  3.6398e+07
1023.27	  3.62862e+07
1024.38	  3.61746e+07
1025.47	  3.60634e+07
1026.58	  3.59525e+07
1027.67	  3.5842e+07
1028.78	  3.57318e+07
1029.88	  3.56219e+07
1030.97	  3.55124e+07
1032.08	  3.54033e+07
1033.17	  3.52944e+07
1034.28	  3.51859e+07
1035.38	  3.50778e+07
1036.47	  3.49699e+07
1037.58	  3.48624e+07
1038.67	  3.47553e+07
1039.78	  3.46484e+07
1040.88	  3.45419e+07
1041.97	  3.44358e+07
1043.08	  3.433e+07
1044.17	  3.42245e+07
1045.28	  3.41193e+07
1046.38	  3.40144e+07
1047.47	  3.39099e+07
1048.58	  3.38058e+07
1049.67	  3.37019e+07
1050.78	  3.35984e+07
1051.88	  3.34952e+07
1052.97	  3.33923e+07
1054.08	  3.32897e+07
1055.17	  3.31875e+07
1056.28	  3.30856e+07
1057.38	  3.2984e+07
1058.47	  3.28828e+07
1059.58	  3.27818e+07
1060.67	  3.26812e+07
1061.78	  3.25809e+07
1062.88	  3.2481e+07
1063.97	  3.23813e+07
1065.08	  3.2282e+07
1066.17	  3.2183e+07
1067.28	  3.20843e+07
1068.38	  3.19859e+07
1069.47	  3.18878e+07
1070.58	  3.179e+07
1071.67	  3.16926e+07
1072.78	  3.15955e+07
1073.88	  3.14987e+07
1074.97	  3.14021e+07
1076.08	  3.1306e+07
1077.17	  3.12101e+07
1078.28	  3.11145e+07
1079.38	  3.10192e+07
1080.47	  3.09243e+07
1081.58	  3.08296e+07
1082.67	  3.07353e+07
1083.78	  3.06413e+07
1084.88	  3.05475e+07
1085.97	  3.04541e+07
1087.08	  3.0361e+07
1088.17	  3.02682e+07
1089.28	  3.01756e+07
1090.38	  3.00834e+07
1091.47	  2.99915e+07
1092.58	  2.98999e+07
1093.67	  2.98086e+07
1094.78	  2.97176e+07
1095.88	  2.96268e+07
1096.97	  2.95364e+07
1098.08	  2.94463e+07
1099.17	  2.93565e+07
1100.28	  2.92669e+07
1101.38	  2.91777e+07
1102.47	  2.90887e+07
1103.58	  2.90001e+07
1104.67	  2.89117e+07
1105.78	  2.88236e+07
1106.88	  2.87358e+07
1107.97	  2.86483e+07
1109.08	  2.85611e+07
1110.17	  2.84742e+07
1111.28	  2.83876e+07
1112.38	  2.83012e+07
1113.47	  2.82152e+07
1114.58	  2.81294e+07
1115.67	  2.80439e+07
1116.78	  2.79587e+07
1117.88	  2.78738e+07
1118.97	  2.77891e+07
1120.08	  2.77048e+07
1121.17	  2.76207e+07
1122.28	  2.75369e+07
1123.38	  2.74533e+07
1124.47	  2.73701e+07
1125.58	  2.72871e+07
1126.67	  2.72044e+07
1127.78	  2.7122e+07
1128.88	  2.70399e+07
1129.97	  2.6958e+07
1131.08	  2.68764e+07
1132.17	  2.67951e+07
1133.28	  2.6714e+07
1134.38	  2.66332e+07
1135.47	  2.65527e+07
1136.58	  2.64725e+07
1137.67	  2.63925e+07
1138.78	  2.63128e+07
1139.88	  2.62333e+07
1140.97	  2.61542e+07
1142.08	  2.60752e+07
1143.17	  2.59966e+07
1144.28	  2.59182e+07
1145.38	  2.58401e+07
1146.47	  2.57622e+07
1147.58	  2.56846e+07
1148.67	  2.56073e+07
1149.78	  2.55302e+07
1150.88	  2.54534e+07
1151.97	  2.53768e+07
1153.08	  2.53005e+07
1154.17	  2.52245e+07
1155.28	  2.51487e+07
1156.38	  2.50732e+07
1157.47	  2.49979e+07
1158.58	  2.49228e+07
1159.67	  2.48481e+07
1160.78	  2.47735e+07
1161.88	  2.46993e+07
1162.97	  2.46253e+07
1164.08	  2.45515e+07
1165.17	  2.4478e+07
1166.28	  2.44047e+07
1167.38	  2.43317e+07
1168.47	  2.42589e+07
1169.58	  2.41863e+07
1170.67	  2.4114e+07
1171.78	  2.4042e+07
1172.88	  2.39702e+07
1173.97	  2.38986e+07
1175.08	  2.38273e+07
1176.17	  2.37562e+07
1177.28	  2.36854e+07
1178.38	  2.36148e+07
1179.47	  2.35445e+07
1180.58	  2.34743e+07
1181.67	  2.34045e+07
1182.78	  2.33348e+07
1183.88	  2.32654e+07
1184.97	  2.31962e+07
1186.08	  2.31273e+07
1187.17	  2.30586e+07
1188.28	  2.29901e+07
1189.38	  2.29219e+07
1190.47	  2.28539e+07
1191.58	  2.27861e+07
1192.67	  2.27185e+07
1193.78	  2.26512e+07
1194.88	  2.25841e+07
1195.97	  2.25172e+07
1197.08	  2.24506e+07
1198.17	  2.23842e+07
1199.28	  2.2318e+07
1200.38	  2.2252e+07
1201.47	  2.21863e+07
1202.58	  2.21208e+07
1203.67	  2.20555e+07
1204.78	  2.19904e+07
1205.88	  2.19256e+07
1206.97	  2.1861e+07
1208.08	  2.17965e+07
1209.17	  2.17324e+07
1210.28	  2.16684e+07
1211.38	  2.16046e+07
1212.47	  2.15411e+07
1213.58	  2.14778e+07
1214.67	  2.14147e+07
1215.78	  2.13518e+07
1216.88	  2.12891e+07
1217.97	  2.12266e+07
1219.08	  2.11644e+07
1220.17	  2.11023e+07
1221.28	  2.10405e+07
1222.38	  2.09789e+07
1223.47	  2.09175e+07
1224.58	  2.08563e+07
1225.67	  2.07953e+07
1226.78	  2.07345e+07
1227.88	  2.06739e+07
1228.97	  2.06135e+07
1230.08	  2.05533e+07
1231.17	  2.04934e+07
1232.28	  2.04336e+07
1233.38	  2.03741e+07
1234.47	  2.03147e+07
1235.58	  2.02555e+07
1236.67	  2.01966e+07
1237.78	  2.01378e+07
1238.88	  2.00793e+07
1239.97	  2.00209e+07
1241.08	  1.99628e+07
1242.17	  1.99048e+07
1243.28	  1.9847e+07
1244.38	  1.97895e+07
1245.47	  1.97321e+07
1246.58	  1.96749e+07
1247.67	  1.9618e+07
1248.78	  1.95612e+07
1249.88	  1.95046e+07
1250.97	  1.94482e+07
1252.08	  1.9392e+07
1253.17	  1.93359e+07
1254.28	  1.92801e+07
1255.38	  1.92245e+07
1256.47	  1.9169e+07
1257.58	  1.91137e+07
1258.67	  1.90587e+07
1259.78	  1.90038e+07
1260.88	  1.89491e+07
1261.97	  1.88946e+07
1263.08	  1.88402e+07
1264.17	  1.87861e+07
1265.28	  1.87321e+07
1266.38	  1.86783e+07
1267.47	  1.86247e+07
1268.58	  1.85713e+07
1269.67	  1.85181e+07
1270.78	  1.8465e+07
1271.88	  1.84121e+07
1272.97	  1.83594e+07
1274.08	  1.83069e+07
1275.17	  1.82546e+07
1276.28	  1.82024e+07
1277.38	  1.81504e+07
1278.47	  1.80986e+07
1279.58	  1.8047e+07
1280.67	  1.79955e+07
1281.78	  1.79442e+07
1282.88	  1.78931e+07
1283.97	  1.78422e+07
1285.08	  1.77914e+07
1286.17	  1.77408e+07
1287.28	  1.76904e+07
1288.38	  1.76401e+07
1289.47	  1.759e+07
1290.58	  1.75401e+07
1291.67	  1.74904e+07
1292.78	  1.74408e+07
1293.88	  1.73914e+07
1294.97	  1.73421e+07
1296.08	  1.7293e+07
1297.17	  1.72441e+07
1298.28	  1.71954e+07
1299.38	  1.71468e+07
1300.47	  1.70984e+07
1301.58	  1.70501e+07
1302.67	  1.7002e+07
1303.78	  1.69541e+07
1304.88	  1.69063e+07
1305.97	  1.68587e+07
1307.08	  1.68112e+07
1308.17	  1.67639e+07
1309.28	  1.67168e+07
1310.38	  1.66698e+07
1311.47	  1.6623e+07
1312.58	  1.65763e+07
1313.67	  1.65298e+07
1314.78	  1.64835e+07
1315.88	  1.64373e+07
1316.97	  1.63913e+07
1318.08	  1.63454e+07
1319.17	  1.62997e+07
1320.28	  1.62541e+07
1321.38	  1.62087e+07
1322.47	  1.61634e+07
1323.58	  1.61183e+07
1324.67	  1.60733e+07
1325.78	  1.60285e+07
1326.88	  1.59838e+07
1327.97	  1.59393e+07
1329.08	  1.58949e+07
1330.17	  1.58507e+07
1331.28	  1.58066e+07
1332.38	  1.57627e+07
1333.47	  1.57189e+07
1334.58	  1.56753e+07
1335.67	  1.56318e+07
1336.78	  1.55885e+07
1337.88	  1.55453e+07
1338.97	  1.55022e+07
1340.08	  1.54593e+07
1341.17	  1.54166e+07
1342.28	  1.53739e+07
1343.38	  1.53315e+07
1344.47	  1.52891e+07
1345.58	  1.52469e+07
1346.67	  1.52049e+07
1347.78	  1.5163e+07
1348.88	  1.51212e+07
1349.97	  1.50795e+07
1351.08	  1.5038e+07
1352.17	  1.49967e+07
1353.28	  1.49554e+07
1354.38	  1.49144e+07
1355.47	  1.48734e+07
1356.58	  1.48326e+07
1357.67	  1.47919e+07
1358.78	  1.47514e+07
1359.88	  1.4711e+07
1360.97	  1.46707e+07
1362.08	  1.46305e+07
1363.17	  1.45905e+07
1364.28	  1.45506e+07
1365.38	  1.45109e+07
1366.47	  1.44713e+07
1367.58	  1.44318e+07
1368.67	  1.43925e+07
1369.78	  1.43532e+07
1370.88	  1.43141e+07
1371.97	  1.42752e+07
1373.08	  1.42363e+07
1374.17	  1.41976e+07
1375.28	  1.4159e+07
1376.38	  1.41206e+07
1377.47	  1.40823e+07
1378.58	  1.40441e+07
1379.67	  1.4006e+07
1380.78	  1.3968e+07
1381.88	  1.39302e+07
1382.97	  1.38925e+07
1384.08	  1.38549e+07
1385.17	  1.38175e+07
1386.28	  1.37802e+07
1387.38	  1.3743e+07
1388.47	  1.37059e+07
1389.58	  1.36689e+07
1390.67	  1.36321e+07
1391.78	  1.35953e+07
1392.88	  1.35587e+07
1393.97	  1.35223e+07
1395.08	  1.34859e+07
1396.17	  1.34497e+07
1397.28	  1.34135e+07
1398.38	  1.33775e+07
1399.47	  1.33416e+07
1400.58	  1.33059e+07
1401.67	  1.32702e+07
1402.78	  1.32347e+07
1403.88	  1.31993e+07
1404.97	  1.3164e+07
1406.08	  1.31288e+07
1407.17	  1.30937e+07
1408.28	  1.30587e+07
1409.38	  1.30239e+07
1410.47	  1.29892e+07
1411.58	  1.29545e+07
1412.67	  1.292e+07
1413.78	  1.28856e+07
1414.88	  1.28513e+07
1415.97	  1.28172e+07
1417.08	  1.27831e+07
1418.17	  1.27492e+07
1419.28	  1.27153e+07
1420.38	  1.26816e+07
1421.47	  1.2648e+07
1422.58	  1.26144e+07
1423.67	  1.2581e+07
1424.78	  1.25477e+07
1425.88	  1.25145e+07
1426.97	  1.24815e+07
1428.08	  1.24485e+07
1429.17	  1.24156e+07
1430.28	  1.23829e+07
1431.38	  1.23502e+07
1432.47	  1.23177e+07
1433.58	  1.22852e+07
1434.67	  1.22529e+07
1435.78	  1.22206e+07
1436.88	  1.21885e+07
1437.97	  1.21565e+07
1439.08	  1.21245e+07
1440.17	  1.20927e+07
1441.28	  1.2061e+07
1442.38	  1.20294e+07
1443.47	  1.19978e+07
1444.58	  1.19664e+07
1445.67	  1.19351e+07
1446.78	  1.19039e+07
1447.88	  1.18728e+07
1448.97	  1.18418e+07
1450.08	  1.18108e+07
1451.17	  1.178e+07
1452.28	  1.17493e+07
1453.38	  1.17187e+07
1454.47	  1.16882e+07
1455.58	  1.16577e+07
1456.67	  1.16274e+07
1457.78	  1.15972e+07
1458.88	  1.15065e+07
1459.97	  1.14771e+07
1461.08	  1.14479e+07
1462.17	  1.14187e+07
1463.28	  1.13896e+07
1464.38	  1.13606e+07
1465.47	  1.13317e+07
1466.58	  1.13029e+07
1467.67	  1.12742e+07
1468.78	  1.12455e+07
1469.88	  1.1217e+07
1470.97	  1.11885e+07
1472.08	  1.11601e+07
1473.17	  1.11318e+07
1474.28	  1.11036e+07
1475.38	  1.10755e+07
1476.47	  1.10474e+07
1477.58	  1.10194e+07
1478.67	  1.09916e+07
1479.78	  1.09638e+07
1480.88	  1.0936e+07
1481.97	  1.09084e+07
1483.08	  1.08809e+07
1484.17	  1.08534e+07
1485.28	  1.0826e+07
1486.38	  1.07987e+07
1487.47	  1.07715e+07
1488.58	  1.07444e+07
1489.67	  1.07173e+07
1490.78	  1.06903e+07
1491.88	  1.06634e+07
1492.97	  1.06366e+07
1494.08	  1.06099e+07
1495.17	  1.05832e+07
1496.28	  1.05566e+07
1497.38	  1.05301e+07
1498.47	  1.05037e+07
1499.58	  1.04774e+07
1500.67	  1.04511e+07
1501.78	  1.0425e+07
1502.88	  1.03989e+07
1503.97	  1.03728e+07
1505.08	  1.03469e+07
1506.17	  1.0321e+07
1507.28	  1.02952e+07
1508.38	  1.02695e+07
1509.47	  1.02439e+07
1510.58	  1.02183e+07
1511.67	  1.01928e+07
1512.78	  1.01674e+07
1513.88	  1.01421e+07
1514.97	  1.01168e+07
1516.08	  1.00916e+07
1517.17	  1.00665e+07
1518.28	  1.00415e+07
1519.38	  1.00165e+07
1520.47	  9.99165e+06
1521.58	  9.96684e+06
1522.67	  9.9421e+06
1523.78	  9.91744e+06
1524.88	  9.89285e+06
1525.97	  9.86833e+06
1527.08	  9.84389e+06
1528.17	  9.81952e+06
1529.28	  9.79522e+06
1530.38	  9.77099e+06
1531.47	  9.74684e+06
1532.58	  9.72275e+06
1533.67	  9.69874e+06
1534.78	  9.6748e+06
1535.88	  9.65093e+06
1536.97	  9.62713e+06
1538.08	  9.6034e+06
1539.17	  9.57974e+06
1540.28	  9.55616e+06
1541.38	  9.53264e+06
1542.47	  9.50919e+06
1543.58	  9.48581e+06
1544.67	  9.4625e+06
1545.78	  9.43926e+06
1546.88	  9.41608e+06
1547.97	  9.39298e+06
1549.08	  9.36994e+06
1550.17	  9.34698e+06
1551.28	  9.32408e+06
1552.38	  9.30124e+06
1553.47	  9.27848e+06
1554.58	  9.25578e+06
1555.67	  9.23315e+06
1556.78	  9.21059e+06
1557.88	  9.18809e+06
1558.97	  9.16566e+06
1560.08	  9.14329e+06
1561.17	  9.12099e+06
1562.28	  9.09876e+06
1563.38	  9.07659e+06
1564.47	  9.05449e+06
1565.58	  9.03245e+06
1566.67	  9.01048e+06
1567.78	  8.98857e+06
1568.88	  8.96673e+06
1569.97	  8.94495e+06
1571.08	  8.92323e+06
1572.17	  8.90158e+06
1573.28	  8.87999e+06
1574.38	  8.85846e+06
1575.47	  8.837e+06
1576.58	  8.8156e+06
1577.67	  8.79427e+06
1578.78	  8.77299e+06
1579.88	  8.75178e+06
1580.97	  8.73063e+06
1582.08	  8.70954e+06
1583.17	  8.68852e+06
1584.28	  8.66755e+06
1585.38	  8.64665e+06
1586.47	  8.62581e+06
1587.58	  8.60503e+06
1588.67	  8.58431e+06
1589.78	  8.56365e+06
1590.88	  8.54305e+06
1591.97	  8.52251e+06
1593.08	  8.50203e+06
1594.17	  8.48161e+06
1595.28	  8.46125e+06
1596.38	  8.44095e+06
1597.47	  8.42071e+06
1598.58	  8.40052e+06
1599.67	  8.3804e+06
1600.78	  8.36033e+06
1601.88	  8.34033e+06
1602.97	  8.32038e+06
1604.08	  8.30049e+06
1605.17	  8.28065e+06
1606.28	  8.26088e+06
1607.38	  8.24116e+06
1608.47	  8.2215e+06
1609.58	  8.2019e+06
1610.67	  8.18235e+06
1611.78	  8.16286e+06
1612.88	  8.14342e+06
1613.97	  8.12405e+06
1615.08	  8.10473e+06
1616.17	  8.08546e+06
1617.28	  8.06625e+06
1618.38	  8.0471e+06
1619.47	  8.028e+06
1620.58	  8.00896e+06
1621.67	  7.98997e+06
1622.78	  7.97103e+06
1623.88	  7.95216e+06
1624.97	  7.93333e+06
1626.08	  7.91456e+06
1627.17	  7.89585e+06
1628.28	  7.87719e+06
1629.38	  7.85858e+06
1630.47	  7.84002e+06
1631.58	  7.82152e+06
1632.67	  7.80307e+06
1633.78	  7.78468e+06
1634.88	  7.76634e+06
1635.97	  7.74805e+06
1637.08	  7.72981e+06
1638.17	  7.71163e+06
1639.28	  7.6935e+06
1640.38	  7.67542e+06
1641.47	  7.65739e+06
1642.58	  7.63942e+06
1643.67	  7.62149e+06
1644.78	  7.60362e+06
1645.88	  7.5858e+06
1646.97	  7.56803e+06
1648.08	  7.55031e+06
1649.17	  7.53264e+06
1650.28	  7.51502e+06
1651.38	  7.49745e+06
1652.47	  7.47994e+06
1653.58	  7.46247e+06
1654.67	  7.44505e+06
1655.78	  7.42768e+06
1656.88	  7.41036e+06
1657.97	  7.39309e+06
1659.08	  7.37587e+06
1660.17	  7.3587e+06
1661.28	  7.34158e+06
1662.38	  7.32451e+06
1663.47	  7.30749e+06
1664.58	  7.29051e+06
1665.67	  7.27358e+06
1666.78	  7.2567e+06
1667.88	  7.23987e+06
1668.97	  7.22309e+06
1670.08	  7.20635e+06
1671.17	  7.18966e+06
1672.28	  7.17302e+06
1673.38	  7.15643e+06
1674.47	  7.13988e+06
1675.58	  7.12338e+06
1676.67	  7.10693e+06
1677.78	  7.09052e+06
1678.88	  7.07416e+06
1679.97	  7.05785e+06
1681.08	  7.04158e+06
1682.17	  7.02536e+06
1683.28	  7.00919e+06
1684.38	  6.99306e+06
1685.47	  6.97697e+06
1686.58	  6.96093e+06
1687.67	  6.94494e+06
1688.78	  6.92899e+06
1689.88	  6.91309e+06
1690.97	  6.89723e+06
1692.08	  6.88141e+06
1693.17	  6.86564e+06
1694.28	  6.84992e+06
1695.38	  6.83424e+06
1696.47	  6.8186e+06
1697.58	  6.80301e+06
1698.67	  6.78746e+06
1699.78	  6.77195e+06
1700.88	  6.75649e+06
1701.97	  6.74107e+06
1703.08	  6.7257e+06
1704.17	  6.71037e+06
1705.28	  6.69508e+06
1706.38	  6.67983e+06
1707.47	  6.66463e+06
1708.58	  6.64946e+06
1709.67	  6.63435e+06
1710.78	  6.61927e+06
1711.88	  6.60424e+06
1712.97	  6.58924e+06
1714.08	  6.57429e+06
1715.17	  6.55938e+06
1716.28	  6.54452e+06
1717.38	  6.52969e+06
1718.47	  6.51491e+06
1719.58	  6.50016e+06
1720.67	  6.48546e+06
1721.78	  6.4708e+06
1722.88	  6.45618e+06
1723.97	  6.4416e+06
1725.08	  6.42706e+06
1726.17	  6.41256e+06
1727.28	  6.39811e+06
1728.38	  6.38369e+06
1729.47	  6.36931e+06
1730.58	  6.35497e+06
1731.67	  6.34067e+06
1732.78	  6.32641e+06
1733.88	  6.31219e+06
1734.97	  6.29801e+06
1736.08	  6.28387e+06
1737.17	  6.26977e+06
1738.28	  6.25571e+06
1739.38	  6.24169e+06
1740.47	  6.2277e+06
1741.58	  6.21375e+06
1742.67	  6.19985e+06
1743.78	  6.18598e+06
1744.88	  6.17215e+06
1745.97	  6.15835e+06
1747.08	  6.1446e+06
1748.17	  6.13088e+06
1749.28	  6.1172e+06
1750.38	  6.10356e+06
1751.47	  6.08995e+06
1752.58	  6.07639e+06
1753.67	  6.06286e+06
1754.78	  6.04937e+06
1755.88	  6.03591e+06
1756.97	  6.02249e+06
1758.08	  6.00911e+06
1759.17	  5.99577e+06
1760.28	  5.98246e+06
1761.38	  5.96918e+06
1762.47	  5.95595e+06
1763.58	  5.94275e+06
1764.67	  5.92959e+06
1765.78	  5.91646e+06
1766.88	  5.90337e+06
1767.97	  5.89031e+06
1769.08	  5.87729e+06
1770.17	  5.86431e+06
1771.28	  5.85136e+06
1772.38	  5.83845e+06
1773.47	  5.82557e+06
1774.58	  5.81272e+06
1775.67	  5.79992e+06
1776.78	  5.78714e+06
1777.88	  5.7744e+06
1778.97	  5.7617e+06
1780.08	  5.74903e+06
1781.17	  5.73639e+06
1782.28	  5.72379e+06
1783.38	  5.71123e+06
1784.47	  5.69869e+06
1785.58	  5.6862e+06
1786.67	  5.67373e+06
1787.78	  5.6613e+06
1788.88	  5.6489e+06
1789.97	  5.63654e+06
1791.08	  5.62421e+06
1792.17	  5.61191e+06
1793.28	  5.59965e+06
1794.38	  5.58742e+06
1795.47	  5.57522e+06
1796.58	  5.56305e+06
1797.67	  5.55092e+06
1798.78	  5.53882e+06
1799.88	  5.52676e+06
1800.97	  5.51472e+06
1802.08	  5.50272e+06
1803.17	  5.49075e+06
1804.28	  5.47882e+06
1805.38	  5.46691e+06
1806.47	  5.45504e+06
1807.58	  5.4432e+06
1808.67	  5.43139e+06
1809.78	  5.41961e+06
1810.88	  5.40786e+06
1811.97	  5.39615e+06
1813.08	  5.38447e+06
1814.17	  5.37281e+06
1815.28	  5.36119e+06
1816.38	  5.3496e+06
1817.47	  5.33805e+06
1818.58	  5.32652e+06
1819.67	  5.31502e+06
1820.78	  5.30356e+06
1821.88	  5.29212e+06
1822.97	  5.28072e+06
1824.08	  5.26934e+06
1825.17	  5.258e+06
1826.28	  5.24668e+06
1827.38	  5.2354e+06
1828.47	  5.22415e+06
1829.58	  5.21292e+06
1830.67	  5.20173e+06
1831.78	  5.19056e+06
1832.88	  5.17943e+06
1833.97	  5.16832e+06
1835.08	  5.15725e+06
1836.17	  5.1462e+06
1837.28	  5.13519e+06
1838.38	  5.1242e+06
1839.47	  5.11324e+06
1840.58	  5.10231e+06
1841.67	  5.09141e+06
1842.78	  5.08054e+06
1843.88	  5.0697e+06
1844.97	  5.05888e+06
1846.08	  5.0481e+06
1847.17	  5.03734e+06
1848.28	  5.02661e+06
1849.38	  5.01591e+06
1850.47	  5.00524e+06
1851.58	  4.99459e+06
1852.67	  4.98398e+06
1853.78	  4.97339e+06
1854.88	  4.96283e+06
1855.97	  4.9523e+06
1857.08	  4.94179e+06
1858.17	  4.93132e+06
1859.28	  4.92087e+06
1860.38	  4.91045e+06
1861.47	  4.90005e+06
1862.58	  4.88968e+06
1863.67	  4.87934e+06
1864.78	  4.86903e+06
1865.88	  4.85874e+06
1866.97	  4.84848e+06
1868.08	  4.83825e+06
1869.17	  4.82805e+06
1870.28	  4.81787e+06
1871.38	  4.80772e+06
1872.47	  4.79759e+06
1873.58	  4.78749e+06
1874.67	  4.77742e+06
1875.78	  4.76737e+06
1876.88	  4.75735e+06
1877.97	  4.74736e+06
1879.08	  4.73739e+06
1880.17	  4.72745e+06
1881.28	  4.71753e+06
1882.38	  4.70764e+06
1883.47	  4.69777e+06
1884.58	  4.68793e+06
1885.67	  4.67812e+06
1886.78	  4.66833e+06
1887.88	  4.65857e+06
1888.97	  4.64883e+06
1890.08	  4.63912e+06
1891.17	  4.62943e+06
1892.28	  4.61977e+06
1893.38	  4.61013e+06
1894.47	  4.60052e+06
1895.58	  4.59093e+06
1896.67	  4.58137e+06
1897.78	  4.57183e+06
1898.88	  4.56232e+06
1899.97	  4.55283e+06
1901.08	  4.54337e+06
1902.17	  4.53393e+06
1903.28	  4.52451e+06
1904.38	  4.51512e+06
1905.47	  4.50576e+06
1906.58	  4.49641e+06
1907.67	  4.4871e+06
1908.78	  4.4778e+06
1909.88	  4.46853e+06
1910.97	  4.45928e+06
1912.08	  4.45006e+06
1913.17	  4.44086e+06
1914.28	  4.43168e+06
1915.38	  4.42253e+06
1916.47	  4.4134e+06
1917.58	  4.4043e+06
1918.67	  4.39521e+06
1919.78	  4.38616e+06
1920.88	  4.37712e+06
1921.97	  4.36811e+06
1923.08	  4.35912e+06
1924.17	  4.35015e+06
1925.28	  4.34121e+06
1926.38	  4.33229e+06
1927.47	  4.32339e+06
1928.58	  4.31451e+06
1929.67	  4.30566e+06
1930.78	  4.29683e+06
1931.88	  4.28802e+06
1932.97	  4.27924e+06
1934.08	  4.27047e+06
1935.17	  4.26173e+06
1936.28	  4.25301e+06
1937.38	  4.24432e+06
1938.47	  4.23564e+06
1939.58	  4.22699e+06
1940.67	  4.21836e+06
1941.78	  4.20975e+06
1942.88	  4.20116e+06
1943.97	  4.1926e+06
1945.08	  4.18406e+06
1946.17	  4.17553e+06
1947.28	  4.16703e+06
1948.38	  4.15856e+06
1949.47	  4.1501e+06
1950.58	  4.14166e+06
1951.67	  4.13325e+06
1952.78	  4.12485e+06
1953.88	  4.11648e+06
1954.97	  4.10813e+06
1956.08	  4.0998e+06
1957.17	  4.09149e+06
1958.28	  4.0832e+06
1959.38	  4.07494e+06
1960.47	  4.06669e+06
1961.58	  4.05847e+06
1962.67	  4.05026e+06
1963.78	  4.04208e+06
1964.88	  4.03391e+06
1965.97	  4.02577e+06
1967.08	  4.01765e+06
1968.17	  4.00954e+06
1969.28	  4.00146e+06
1970.38	  3.9934e+06
1971.47	  3.98536e+06
1972.58	  3.97733e+06
1973.67	  3.96933e+06
1974.78	  3.96135e+06
1975.88	  3.95339e+06
1976.97	  3.94545e+06
1978.08	  3.93753e+06
1979.17	  3.92962e+06
1980.28	  3.92174e+06
1981.38	  3.91388e+06
1982.47	  3.90603e+06
1983.58	  3.89821e+06
1984.67	  3.89041e+06
1985.78	  3.88262e+06
1986.88	  3.87486e+06
1987.97	  3.86711e+06
1989.08	  3.85938e+06
1990.17	  3.85167e+06
1991.28	  3.84399e+06
1992.38	  3.83632e+06
1993.47	  3.82867e+06
1994.58	  3.82103e+06
1995.67	  3.81342e+06
1996.78	  3.80583e+06
1997.88	  3.79825e+06
1998.97	  3.7907e+06
2000.08	  3.78316e+06
2001.17	  3.77564e+06
2002.28	  3.76814e+06
2003.38	  3.76066e+06
2004.47	  3.75319e+06
2005.58	  3.74575e+06
2006.67	  3.73832e+06
2007.78	  3.73091e+06
2008.88	  3.72352e+06
2009.97	  3.71615e+06
2011.08	  3.7088e+06
2012.17	  3.70146e+06
2013.28	  3.69414e+06
2014.38	  3.68684e+06
2015.47	  3.67956e+06
2016.58	  3.6723e+06
2017.67	  3.66505e+06
2018.78	  3.65782e+06
2019.88	  3.65061e+06
2020.97	  3.64342e+06
2022.08	  3.63624e+06
2023.18	  3.62909e+06
2024.28	  3.62195e+06
2025.38	  3.61482e+06
2026.47	  3.60772e+06
2027.58	  3.60063e+06
2028.68	  3.59356e+06
2029.78	  3.58651e+06
2030.88	  3.57947e+06
2031.97	  3.57245e+06
2033.08	  3.56545e+06
2034.18	  3.55846e+06
2035.28	  3.5515e+06
2036.38	  3.54455e+06
2037.47	  3.53761e+06
2038.58	  3.53069e+06
2039.68	  3.52379e+06
2040.78	  3.51691e+06
2041.88	  3.51004e+06
2042.97	  3.50319e+06
2044.08	  3.49636e+06
2045.18	  3.48954e+06
2046.28	  3.48274e+06
2047.38	  3.47596e+06
2048.47	  3.46919e+06
2049.57	  3.46244e+06
2050.68	  3.45571e+06
2051.78	  3.44899e+06
2052.88	  3.44229e+06
2053.97	  3.4356e+06
2055.07	  3.42893e+06
2056.18	  3.42227e+06
2057.28	  3.41564e+06
2058.38	  3.40902e+06
2059.47	  3.40241e+06
2060.57	  3.39582e+06
2061.68	  3.38925e+06
2062.78	  3.38269e+06
2063.88	  3.37615e+06
2064.97	  3.36962e+06
2066.07	  3.36311e+06
2067.18	  3.35661e+06
2068.28	  3.35013e+06
2069.38	  3.34367e+06
2070.47	  3.33722e+06
2071.57	  3.33079e+06
2072.68	  3.32437e+06
2073.78	  3.31797e+06
2074.88	  3.31158e+06
2075.97	  3.30521e+06
2077.07	  3.29885e+06
2078.18	  3.29251e+06
2079.28	  3.28619e+06
2080.38	  3.27987e+06
2081.47	  3.27358e+06
2082.57	  3.2673e+06
2083.68	  3.26103e+06
2084.78	  3.25478e+06
2085.88	  3.24854e+06
2086.97	  3.24232e+06
2088.07	  3.23612e+06
2089.18	  3.22993e+06
2090.28	  3.22375e+06
2091.38	  3.21759e+06
2092.47	  3.21144e+06
2093.57	  3.20531e+06
2094.68	  3.19919e+06
2095.78	  3.19308e+06
2096.88	  3.187e+06
2097.97	  3.18092e+06
2099.07	  3.17486e+06
2100.18	  3.16881e+06
2101.28	  3.16278e+06
2102.38	  3.15676e+06
2103.47	  3.15076e+06
2104.57	  3.14477e+06
2105.68	  3.1388e+06
2106.78	  3.13284e+06
2107.88	  3.12689e+06
2108.97	  3.12096e+06
2110.07	  3.11504e+06
2111.18	  3.10913e+06
2112.28	  3.10324e+06
2113.38	  3.09737e+06
2114.47	  3.0915e+06
2115.57	  3.08566e+06
2116.68	  3.07982e+06
2117.78	  3.074e+06
2118.88	  3.06819e+06
2119.97	  3.0624e+06
2121.07	  3.05661e+06
2122.18	  3.05085e+06
2123.28	  3.04509e+06
2124.38	  3.03935e+06
2125.47	  3.03363e+06
2126.57	  3.02791e+06
2127.68	  3.02221e+06
2128.78	  3.01653e+06
2129.88	  3.01085e+06
2130.97	  3.0052e+06
2132.07	  2.99955e+06
2133.18	  2.99391e+06
2134.28	  2.98829e+06
2135.38	  2.98269e+06
2136.47	  2.97709e+06
2137.57	  2.97151e+06
2138.68	  2.96594e+06
2139.78	  2.96039e+06
2140.88	  2.95485e+06
2141.97	  2.94932e+06
2143.07	  2.9438e+06
2144.18	  2.9383e+06
2145.28	  2.93281e+06
2146.38	  2.92733e+06
2147.47	  2.92187e+06
2148.57	  2.91641e+06
2149.68	  2.91097e+06
2150.78	  2.90555e+06
2151.88	  2.90013e+06
2152.97	  2.89473e+06
2154.07	  2.88934e+06
2155.18	  2.88396e+06
2156.28	  2.8786e+06
2157.38	  2.87325e+06
2158.47	  2.86791e+06
2159.57	  2.86258e+06
2160.68	  2.85726e+06
2161.78	  2.85196e+06
2162.88	  2.84667e+06
2163.97	  2.84139e+06
2165.07	  2.83613e+06
2166.18	  2.83087e+06
2167.28	  2.82563e+06
2168.38	  2.8204e+06
2169.47	  2.81518e+06
2170.57	  2.80998e+06
2171.68	  2.80478e+06
2172.78	  2.7996e+06
2173.88	  2.79443e+06
2174.97	  2.78927e+06
2176.07	  2.78413e+06
2177.18	  2.77899e+06
2178.28	  2.77387e+06
2179.38	  2.76876e+06
2180.47	  2.76366e+06
2181.57	  2.75857e+06
2182.68	  2.7535e+06
2183.78	  2.74843e+06
2184.88	  2.74338e+06
2185.97	  2.73834e+06
2187.07	  2.73331e+06
2188.18	  2.72829e+06
2189.28	  2.72329e+06
2190.38	  2.71829e+06
2191.47	  2.71331e+06
2192.57	  2.70834e+06
2193.68	  2.70337e+06
2194.78	  2.69843e+06
2195.88	  2.69349e+06
2196.97	  2.68856e+06
2198.07	  2.68364e+06
2199.18	  2.67874e+06
2200.28	  2.67385e+06
2201.38	  2.66896e+06
2202.47	  2.66409e+06
2203.57	  2.65923e+06
2204.68	  2.65438e+06
2205.78	  2.64954e+06
2206.88	  2.64472e+06
2207.97	  2.6399e+06
2209.07	  2.6351e+06
2210.18	  2.6303e+06
2211.28	  2.62552e+06
2212.38	  2.62075e+06
2213.47	  2.61598e+06
2214.57	  2.61123e+06
2215.68	  2.60649e+06
2216.78	  2.60176e+06
2217.88	  2.59704e+06
2218.97	  2.59233e+06
2220.07	  2.58764e+06
2221.18	  2.58295e+06
2222.28	  2.57827e+06
2223.38	  2.57361e+06
2224.47	  2.56895e+06
2225.57	  2.56431e+06
2226.68	  2.55967e+06
2227.78	  2.55505e+06
2228.88	  2.55043e+06
2229.97	  2.54583e+06
2231.07	  2.54124e+06
2232.18	  2.53665e+06
2233.28	  2.53208e+06
2234.38	  2.52752e+06
2235.47	  2.52297e+06
2236.57	  2.51843e+06
2237.68	  2.51389e+06
2238.78	  2.50937e+06
2239.88	  2.50486e+06
2240.97	  2.50036e+06
2242.07	  2.49587e+06
2243.18	  2.49139e+06
2244.28	  2.48692e+06
2245.38	  2.48246e+06
2246.47	  2.47801e+06
2247.57	  2.47356e+06
2248.68	  2.46913e+06
2249.78	  2.46471e+06
2250.88	  2.4603e+06
2251.97	  2.4559e+06
2253.07	  2.45151e+06
2254.18	  2.44712e+06
2255.28	  2.44275e+06
2256.38	  2.43839e+06
2257.47	  2.43404e+06
2258.57	  2.42969e+06
2259.68	  2.42536e+06
2260.78	  2.42104e+06
2261.88	  2.41672e+06
2262.97	  2.41242e+06
2264.07	  2.40812e+06
2265.18	  2.40384e+06
2266.28	  2.39956e+06
2267.38	  2.39529e+06
2268.47	  2.39104e+06
2269.57	  2.38679e+06
2270.68	  2.38255e+06
2271.78	  2.37832e+06
2272.88	  2.3741e+06
2273.97	  2.36989e+06
2275.07	  2.36569e+06
2276.18	  2.3615e+06
2277.28	  2.35731e+06
2278.38	  2.35314e+06
2279.47	  2.34898e+06
2280.57	  2.34481e+06
2281.68	  2.34066e+06
2282.78	  2.33653e+06
2283.88	  2.3324e+06
2284.97	  2.32828e+06
2286.07	  2.32417e+06
2287.18	  2.32007e+06
2288.28	  2.31598e+06
2289.38	  2.3119e+06
2290.47	  2.30782e+06
2291.57	  2.30376e+06
2292.68	  2.2997e+06
2293.78	  2.29566e+06
2294.88	  2.29162e+06
2295.97	  2.28759e+06
2297.07	  2.28357e+06
2298.18	  2.27956e+06
2299.28	  2.27556e+06
2300.38	  2.27156e+06
2301.47	  2.26758e+06
2302.57	  2.2636e+06
2303.68	  2.25963e+06
2304.78	  2.25567e+06
2305.88	  2.25172e+06
2306.97	  2.24778e+06
2308.07	  2.24385e+06
2309.18	  2.23992e+06
2310.28	  2.23601e+06
2311.38	  2.2321e+06
2312.47	  2.2282e+06
2313.57	  2.22431e+06
2314.68	  2.22043e+06
2315.78	  2.21656e+06
2316.88	  2.21269e+06
2317.97	  2.20883e+06
2319.07	  2.20499e+06
2320.18	  2.20115e+06
2321.28	  2.19731e+06
2322.38	  2.19349e+06
2323.47	  2.18968e+06
2324.57	  2.18587e+06
2325.68	  2.18207e+06
2326.78	  2.17828e+06
2327.88	  2.1745e+06
2328.97	  2.17072e+06
2330.07	  2.16696e+06
2331.18	  2.1632e+06
2332.28	  2.15945e+06
2333.38	  2.15571e+06
2334.47	  2.15197e+06
2335.57	  2.14825e+06
2336.68	  2.14453e+06
2337.78	  2.14082e+06
2338.88	  2.13712e+06
2339.97	  2.13343e+06
2341.07	  2.12974e+06
2342.18	  2.12606e+06
2343.28	  2.12239e+06
2344.38	  2.11873e+06
2345.47	  2.11508e+06
2346.57	  2.11143e+06
2347.68	  2.10779e+06
2348.78	  2.10416e+06
2349.88	  2.10054e+06
2350.97	  2.09693e+06
2352.07	  2.09332e+06
2353.18	  2.08972e+06
2354.28	  2.08613e+06
2355.38	  2.08254e+06
2356.47	  2.07897e+06
2357.57	  2.0754e+06
2358.68	  2.07184e+06
2359.78	  2.06828e+06
2360.88	  2.06474e+06
2361.97	  2.0612e+06
2363.07	  2.05767e+06
2364.18	  2.05415e+06
2365.28	  2.05063e+06
2366.38	  2.04712e+06
2367.47	  2.04362e+06
2368.57	  2.04013e+06
2369.68	  2.03664e+06
2370.78	  2.03316e+06
2371.88	  2.02969e+06
2372.97	  2.02623e+06
2374.07	  2.02277e+06
2375.18	  2.01932e+06
2376.28	  2.01588e+06
2377.38	  2.01245e+06
2378.47	  2.00902e+06
2379.57	  2.0056e+06
2380.68	  2.00219e+06
2381.78	  1.99878e+06
2382.88	  1.99539e+06
2383.97	  1.992e+06
2385.07	  1.98861e+06
2386.18	  1.98523e+06
2387.28	  1.98187e+06
2388.38	  1.9785e+06
2389.47	  1.97515e+06
2390.57	  1.9718e+06
2391.68	  1.96846e+06
2392.78	  1.96513e+06
2393.88	  1.9618e+06
2394.97	  1.95848e+06
2396.07	  1.95517e+06
2397.18	  1.95186e+06
2398.28	  1.94856e+06
2399.38	  1.94527e+06
2400.47	  1.94198e+06
2401.57	  1.93871e+06
2402.68	  1.93543e+06
2403.78	  1.93217e+06
2404.88	  1.92891e+06
2405.97	  1.92566e+06
2407.07	  1.92242e+06
2408.18	  1.91918e+06
2409.28	  1.91595e+06
2410.38	  1.91273e+06
2411.47	  1.90951e+06
2412.57	  1.9063e+06
2413.68	  1.9031e+06
2414.78	  1.8999e+06
2415.88	  1.89671e+06
2416.97	  1.89353e+06
2418.07	  1.89035e+06
2419.18	  1.88718e+06
2420.28	  1.88402e+06
2421.38	  1.88086e+06
2422.47	  1.87771e+06
2423.57	  1.87457e+06
2424.68	  1.87143e+06
2425.78	  1.8683e+06
2426.88	  1.86518e+06
2427.97	  1.86206e+06
2429.07	  1.85895e+06
2430.18	  1.85584e+06
2431.28	  1.85274e+06
2432.38	  1.84965e+06
2433.47	  1.84657e+06
2434.57	  1.84349e+06
2435.68	  1.84042e+06
2436.78	  1.83735e+06
2437.88	  1.83429e+06
2438.97	  1.83124e+06
2440.07	  1.82819e+06
2441.18	  1.82515e+06
2442.28	  1.82212e+06
2443.38	  1.81909e+06
2444.47	  1.81607e+06
2445.57	  1.81305e+06
2446.68	  1.81004e+06
2447.78	  1.80704e+06
2448.88	  1.80404e+06
2449.97	  1.80105e+06
2451.07	  1.79807e+06
2452.18	  1.79509e+06
2453.28	  1.79212e+06
2454.38	  1.78915e+06
2455.47	  1.78619e+06
2456.57	  1.78324e+06
2457.68	  1.78029e+06
2458.78	  1.77735e+06
2459.88	  1.77441e+06
2460.97	  1.77148e+06
2462.07	  1.76856e+06
2463.18	  1.76564e+06
2464.28	  1.76273e+06
2465.38	  1.75982e+06
2466.47	  1.75693e+06
2467.57	  1.75403e+06
2468.68	  1.75114e+06
2469.78	  1.74826e+06
2470.88	  1.74539e+06
2471.97	  1.74252e+06
2473.07	  1.73965e+06
2474.18	  1.73679e+06
2475.28	  1.73394e+06
2476.38	  1.7311e+06
2477.47	  1.72825e+06
