Emission arising from a slab of Hydrogen (both H and H-).
   
Parameters of the slab:
n_e = 1e+15 cm-3
T_e = 7750 K
tau(lambda=300 nm) = 0.3
L = 93359.2 cm
   
Wavelength (nm), Emission (erg s-1 cm-2 nm-1 sr-1)
50	  0.0288474
91.2	  264.933
120	  19645.2
150	  988278
175	  3.39902e+06
200	  8.46273e+06
225	  1.5929e+07
250	  2.54105e+07
270	  3.38283e+07
290	  4.24199e+07
300	  4.6629e+07
305	  4.86884e+07
310	  5.07099e+07
315	  5.26881e+07
320	  5.4618e+07
322.5	  5.55635e+07
325	  5.64952e+07
327	  5.72304e+07
329	  5.79563e+07
329.999	  5.83153e+07
330.266	  5.84108e+07
330.533	  5.85062e+07
330.8	  5.86014e+07
331.067	  5.86964e+07
331.334	  5.87913e+07
331.601	  5.88859e+07
331.868	  5.89804e+07
332.135	  5.90748e+07
332.402	  5.91689e+07
332.669	  5.92629e+07
332.936	  5.93567e+07
333.203	  5.94503e+07
333.47	  5.95437e+07
333.737	  5.9637e+07
334.004	  5.97301e+07
334.271	  5.9823e+07
334.538	  5.99157e+07
334.805	  6.00082e+07
335.072	  6.01006e+07
335.339	  6.01928e+07
335.606	  6.02848e+07
335.873	  6.03766e+07
336.14	  6.04682e+07
336.407	  6.05596e+07
336.674	  6.06509e+07
336.941	  6.0742e+07
337.208	  6.08329e+07
337.475	  6.09236e+07
337.742	  6.10141e+07
338.009	  6.11044e+07
338.276	  6.11946e+07
338.543	  6.12846e+07
338.81	  6.13743e+07
339.077	  6.14639e+07
339.344	  6.15533e+07
339.611	  6.16425e+07
339.878	  6.17316e+07
340.145	  6.18204e+07
340.412	  6.1909e+07
340.679	  6.19975e+07
340.946	  6.20858e+07
341.213	  6.21738e+07
341.48	  6.22617e+07
341.747	  6.23494e+07
342.014	  6.24369e+07
342.281	  6.25242e+07
342.548	  6.26113e+07
342.815	  6.26983e+07
343.082	  6.2785e+07
343.349	  6.28715e+07
343.616	  6.29579e+07
343.883	  6.3044e+07
344.15	  6.313e+07
344.417	  6.32157e+07
344.684	  6.33013e+07
344.951	  6.33867e+07
345.218	  6.34718e+07
345.485	  6.35568e+07
345.752	  6.36416e+07
346.019	  6.37262e+07
346.286	  6.38105e+07
346.553	  6.38947e+07
346.82	  6.39787e+07
347.087	  6.40625e+07
347.354	  6.41461e+07
347.621	  6.42295e+07
347.888	  6.43127e+07
348.155	  6.43957e+07
348.422	  6.44785e+07
348.689	  6.45611e+07
348.956	  6.46435e+07
349.223	  6.47256e+07
349.49	  6.48076e+07
349.757	  6.48894e+07
350.024	  6.4971e+07
350.291	  6.50524e+07
350.558	  6.51336e+07
350.825	  6.52146e+07
351.092	  6.52954e+07
351.359	  6.53759e+07
351.626	  6.54563e+07
351.893	  6.55365e+07
352.16	  6.56164e+07
352.427	  6.56962e+07
352.694	  6.57758e+07
352.961	  6.58551e+07
353.228	  6.59343e+07
353.495	  6.60132e+07
353.762	  6.6092e+07
354.029	  6.61705e+07
354.296	  6.62488e+07
354.563	  6.63269e+07
354.83	  6.64049e+07
355.097	  6.64826e+07
355.364	  6.65601e+07
355.631	  6.66374e+07
355.898	  6.67145e+07
356.165	  6.67913e+07
356.432	  6.6868e+07
356.699	  6.69445e+07
356.966	  6.70208e+07
357.233	  6.70968e+07
357.5	  6.71727e+07
357.767	  6.72483e+07
358.034	  6.73237e+07
358.301	  6.73989e+07
358.568	  6.7474e+07
358.835	  6.75488e+07
359.102	  6.76234e+07
359.369	  6.76977e+07
359.636	  6.77719e+07
359.903	  6.78459e+07
360.17	  6.79196e+07
360.437	  6.79932e+07
360.704	  6.80665e+07
360.971	  6.81396e+07
361.238	  6.82125e+07
361.505	  6.82852e+07
361.772	  6.83577e+07
362.039	  6.843e+07
362.306	  6.85021e+07
362.573	  6.85739e+07
363	  6.86885e+07
363.027	  6.86956e+07
363.054	  6.87027e+07
363.08	  6.87099e+07
363.107	  6.8717e+07
363.134	  6.87242e+07
363.16	  6.87313e+07
363.187	  6.87384e+07
363.214	  6.87455e+07
363.24	  6.87527e+07
363.267	  6.87598e+07
363.294	  6.87669e+07
363.321	  6.8774e+07
363.347	  6.87811e+07
363.374	  6.87882e+07
363.401	  6.87954e+07
363.427	  6.88025e+07
363.454	  6.88096e+07
363.481	  6.88167e+07
363.508	  6.88238e+07
363.534	  6.88309e+07
363.561	  6.8838e+07
363.588	  6.88451e+07
363.614	  6.88522e+07
363.641	  6.88593e+07
363.668	  6.88663e+07
363.694	  6.88734e+07
363.721	  6.88805e+07
363.748	  6.88876e+07
363.774	  6.88947e+07
363.801	  6.89018e+07
363.828	  6.89088e+07
363.855	  6.89159e+07
363.881	  6.8923e+07
363.908	  6.893e+07
363.935	  6.89371e+07
363.961	  6.89442e+07
363.988	  6.89512e+07
364.015	  6.89583e+07
364.041	  6.89654e+07
364.068	  6.89724e+07
364.095	  6.89795e+07
364.122	  6.89865e+07
364.148	  6.89936e+07
364.175	  6.90006e+07
364.202	  6.90077e+07
364.228	  6.90147e+07
364.255	  6.90218e+07
364.282	  6.90288e+07
364.308	  6.90359e+07
364.335	  6.90429e+07
364.362	  6.90499e+07
364.389	  6.90569e+07
364.415	  6.9064e+07
364.442	  6.9071e+07
364.469	  6.9078e+07
364.495	  6.90851e+07
364.522	  6.90961e+07
364.549	  6.91031e+07
364.575	  6.91101e+07
364.602	  6.91171e+07
364.629	  6.91241e+07
364.656	  6.91311e+07
364.682	  6.91381e+07
364.709	  6.91451e+07
364.736	  3.94626e+07
364.762	  3.94659e+07
364.789	  3.94692e+07
364.816	  3.94725e+07
364.842	  3.94757e+07
364.869	  3.9479e+07
364.896	  3.94823e+07
364.923	  3.94856e+07
364.949	  3.94888e+07
364.976	  3.94921e+07
365.003	  3.94954e+07
365.029	  3.94986e+07
365.056	  3.95019e+07
365.083	  3.95052e+07
365.11	  3.95084e+07
365.136	  3.95117e+07
365.163	  3.95149e+07
365.19	  3.95182e+07
365.216	  3.95215e+07
365.243	  3.95247e+07
365.27	  3.9528e+07
365.296	  3.95312e+07
365.323	  3.95345e+07
365.35	  3.95377e+07
365.377	  3.9541e+07
365.403	  3.95442e+07
365.43	  3.95475e+07
365.457	  3.95507e+07
365.483	  3.9554e+07
365.51	  3.95572e+07
365.537	  3.95605e+07
365.563	  3.95637e+07
365.59	  3.9567e+07
365.617	  3.95702e+07
365.643	  3.95734e+07
365.67	  3.95767e+07
365.697	  3.95799e+07
365.724	  3.95832e+07
365.75	  3.95864e+07
365.777	  3.95896e+07
365.804	  3.95929e+07
365.83	  3.95961e+07
365.857	  3.95993e+07
365.884	  3.96026e+07
365.91	  3.96058e+07
365.937	  3.9609e+07
365.964	  3.96122e+07
365.991	  3.96155e+07
365.991	  3.96155e+07
366.258	  3.96477e+07
366.525	  3.96797e+07
366.792	  3.97117e+07
367.059	  3.97436e+07
367.326	  3.97753e+07
367.593	  3.98069e+07
367.86	  3.98384e+07
368.127	  3.98698e+07
368.394	  3.99011e+07
368.661	  3.99323e+07
368.928	  3.99633e+07
369.195	  3.99942e+07
369.462	  4.00251e+07
369.729	  4.00558e+07
369.996	  4.00864e+07
370.263	  4.01168e+07
370.53	  4.01472e+07
370.797	  4.01775e+07
371.064	  4.02076e+07
371.331	  4.02376e+07
371.598	  4.02675e+07
371.865	  4.02973e+07
372.132	  4.0327e+07
372.399	  4.03566e+07
372.666	  4.03861e+07
372.933	  4.04154e+07
373.2	  4.04446e+07
373.467	  4.04737e+07
373.734	  4.05027e+07
374.001	  4.05316e+07
374.268	  4.05604e+07
374.535	  4.05891e+07
374.802	  4.06176e+07
375.069	  4.06461e+07
375.336	  4.06744e+07
375.603	  4.07026e+07
375.87	  4.07307e+07
376.137	  4.07587e+07
376.404	  4.07866e+07
376.671	  4.08143e+07
376.938	  4.0842e+07
377.205	  4.08695e+07
377.472	  4.0897e+07
377.739	  4.09243e+07
378.006	  4.09515e+07
378.273	  4.09786e+07
378.54	  4.10055e+07
378.807	  4.10324e+07
379.074	  4.10592e+07
379.341	  4.10858e+07
379.608	  4.11123e+07
379.875	  4.11388e+07
380.142	  4.11651e+07
380.409	  4.11913e+07
380.676	  4.12173e+07
380.943	  4.12433e+07
381.21	  4.12692e+07
381.477	  4.12949e+07
381.744	  4.13206e+07
382.011	  4.13461e+07
382.278	  4.13715e+07
382.545	  4.13968e+07
382.812	  4.1422e+07
383.079	  4.14471e+07
383.346	  4.14721e+07
383.613	  4.14969e+07
383.88	  4.15217e+07
384.147	  4.15463e+07
384.414	  4.15709e+07
384.681	  4.15953e+07
384.948	  4.16196e+07
385.215	  4.16438e+07
385.482	  4.16679e+07
385.749	  4.16919e+07
386.016	  4.17158e+07
386.283	  4.17395e+07
386.55	  4.17632e+07
386.817	  4.17867e+07
387.084	  4.18102e+07
387.351	  4.18335e+07
387.618	  4.18567e+07
387.885	  4.18798e+07
388.152	  4.19028e+07
388.419	  4.19257e+07
388.686	  4.19485e+07
388.953	  4.19712e+07
389.22	  4.19937e+07
389.487	  4.20162e+07
389.754	  4.20385e+07
390.021	  4.20608e+07
390.288	  4.20829e+07
390.555	  4.21049e+07
390.822	  4.21268e+07
391.089	  4.21487e+07
391.356	  4.21704e+07
391.623	  4.2192e+07
391.89	  4.22134e+07
392.157	  4.22348e+07
392.424	  4.22561e+07
392.691	  4.22773e+07
392.958	  4.22983e+07
393.225	  4.23193e+07
393.492	  4.23401e+07
393.759	  4.23609e+07
394.026	  4.23815e+07
394.293	  4.2402e+07
394.56	  4.24224e+07
394.827	  4.24427e+07
395.094	  4.2463e+07
395.361	  4.24831e+07
395.628	  4.25031e+07
395.895	  4.25229e+07
396.162	  4.25427e+07
396.429	  4.25624e+07
396.696	  4.2582e+07
396.963	  4.26015e+07
397.23	  4.26208e+07
397.497	  4.26401e+07
397.764	  4.26592e+07
398.031	  4.26783e+07
398.298	  4.26972e+07
398.565	  4.27161e+07
398.832	  4.27348e+07
399.099	  4.27534e+07
399.366	  4.2772e+07
399.633	  4.27904e+07
399.9	  4.28087e+07
400.167	  4.28269e+07
400.434	  4.2845e+07
400.701	  4.28631e+07
400.968	  4.2881e+07
401.235	  4.28988e+07
401.502	  4.29165e+07
401.769	  4.29341e+07
402.036	  4.29516e+07
402.303	  4.2969e+07
402.57	  4.29862e+07
402.837	  4.30034e+07
403.104	  4.30205e+07
403.371	  4.30375e+07
403.638	  4.30544e+07
403.905	  4.30712e+07
404.172	  4.30878e+07
404.439	  4.31044e+07
404.706	  4.31209e+07
404.973	  4.31373e+07
405.24	  4.31535e+07
405.507	  4.31697e+07
405.774	  4.31858e+07
406.041	  4.32018e+07
406.308	  4.32176e+07
406.575	  4.32334e+07
406.842	  4.32491e+07
407.109	  4.32646e+07
407.376	  4.32801e+07
407.643	  4.32955e+07
407.91	  4.33108e+07
408.177	  4.33259e+07
408.444	  4.3341e+07
408.711	  4.3356e+07
408.978	  4.33708e+07
409.245	  4.33856e+07
409.512	  4.34003e+07
409.779	  4.34149e+07
410.046	  4.34293e+07
410.313	  4.34437e+07
410.58	  4.3458e+07
410.847	  4.34722e+07
411.114	  4.34863e+07
411.381	  4.35002e+07
411.648	  4.35141e+07
411.915	  4.35279e+07
412.182	  4.35416e+07
412.449	  4.35552e+07
412.716	  4.35687e+07
412.983	  4.35821e+07
413.25	  4.35954e+07
413.517	  4.36086e+07
413.784	  4.36217e+07
414.051	  4.36348e+07
414.318	  4.36477e+07
414.585	  4.36605e+07
414.852	  4.36732e+07
415.119	  4.36858e+07
415.386	  4.36984e+07
415.653	  4.37108e+07
415.92	  4.37232e+07
416.187	  4.37354e+07
416.454	  4.37476e+07
416.721	  4.37596e+07
416.988	  4.37716e+07
417.255	  4.37835e+07
417.522	  4.37952e+07
417.789	  4.38069e+07
418.056	  4.38185e+07
418.323	  4.383e+07
418.59	  4.38414e+07
418.857	  4.38527e+07
419.124	  4.38639e+07
419.391	  4.3875e+07
419.658	  4.38861e+07
419.925	  4.3897e+07
420.192	  4.39078e+07
420.459	  4.39186e+07
420.726	  4.39292e+07
420.993	  4.39398e+07
421.26	  4.39503e+07
421.527	  4.39606e+07
421.794	  4.39709e+07
422.061	  4.39811e+07
422.328	  4.39912e+07
422.595	  4.40012e+07
422.862	  4.40111e+07
423.129	  4.4021e+07
423.396	  4.40307e+07
423.663	  4.40403e+07
423.93	  4.40499e+07
424.197	  4.40594e+07
424.464	  4.40687e+07
424.731	  4.4078e+07
424.998	  4.40872e+07
425.265	  4.40963e+07
425.532	  4.41053e+07
425.799	  4.41142e+07
426.066	  4.41231e+07
426.333	  4.41318e+07
426.6	  4.41405e+07
426.867	  4.4149e+07
427.134	  4.41575e+07
427.401	  4.41659e+07
427.668	  4.41742e+07
427.935	  4.41824e+07
428.202	  4.41905e+07
428.469	  4.41986e+07
428.736	  4.42065e+07
429.003	  4.42144e+07
429.27	  4.42222e+07
429.537	  4.42298e+07
429.804	  4.42374e+07
430.071	  4.42449e+07
430.338	  4.42524e+07
430.605	  4.42597e+07
430.872	  4.42669e+07
431.139	  4.42741e+07
431.406	  4.42812e+07
431.673	  4.42882e+07
431.94	  4.42951e+07
432.207	  4.43019e+07
432.474	  4.43086e+07
432.741	  4.43153e+07
433.008	  4.43218e+07
433.275	  4.43283e+07
433.542	  4.43347e+07
433.809	  4.4341e+07
434.076	  4.43472e+07
434.343	  4.43534e+07
434.61	  4.43594e+07
434.877	  4.43654e+07
435.144	  4.43713e+07
435.411	  4.43771e+07
435.678	  4.43828e+07
435.945	  4.43884e+07
436.212	  4.4394e+07
436.479	  4.43994e+07
436.746	  4.44048e+07
437.013	  4.44101e+07
437.28	  4.44153e+07
437.547	  4.44205e+07
437.814	  4.44255e+07
438.081	  4.44305e+07
438.348	  4.44354e+07
438.615	  4.44402e+07
438.882	  4.44449e+07
439.149	  4.44496e+07
439.416	  4.44541e+07
439.683	  4.44586e+07
439.95	  4.4463e+07
440.217	  4.44673e+07
440.484	  4.44716e+07
440.751	  4.44757e+07
441.018	  4.44798e+07
441.285	  4.44838e+07
441.552	  4.44877e+07
441.819	  4.44915e+07
442.086	  4.44953e+07
442.353	  4.4499e+07
442.62	  4.45026e+07
442.887	  4.45061e+07
443.154	  4.45095e+07
443.421	  4.45129e+07
443.688	  4.45162e+07
443.955	  4.45194e+07
444.222	  4.45225e+07
444.489	  4.45255e+07
444.756	  4.45285e+07
445.023	  4.45314e+07
445.29	  4.45342e+07
445.557	  4.45369e+07
445.824	  4.45396e+07
446.091	  4.45422e+07
446.358	  4.45447e+07
446.625	  4.45471e+07
446.892	  4.45494e+07
447.159	  4.45517e+07
447.426	  4.45539e+07
447.693	  4.4556e+07
447.96	  4.4558e+07
448.227	  4.456e+07
448.494	  4.45619e+07
448.761	  4.45637e+07
449.028	  4.45654e+07
449.295	  4.45671e+07
449.562	  4.45687e+07
449.829	  4.45702e+07
450.096	  4.45716e+07
450.363	  4.4573e+07
450.63	  4.45743e+07
450.897	  4.45755e+07
451.164	  4.45766e+07
451.431	  4.45777e+07
451.698	  4.45787e+07
451.965	  4.45796e+07
452.232	  4.45805e+07
452.499	  4.45812e+07
452.766	  4.45819e+07
453.033	  4.45825e+07
453.3	  4.45831e+07
453.567	  4.45836e+07
453.834	  4.4584e+07
454.101	  4.45843e+07
454.368	  4.45846e+07
454.635	  4.45847e+07
454.902	  4.45849e+07
455.169	  4.45849e+07
455.436	  4.45849e+07
455.703	  4.45848e+07
455.97	  4.45846e+07
456.237	  4.45844e+07
456.504	  4.4584e+07
456.771	  4.45837e+07
457.038	  4.45832e+07
457.305	  4.45827e+07
457.572	  4.45821e+07
457.839	  4.45814e+07
458.106	  4.45807e+07
458.373	  4.45799e+07
458.64	  4.4579e+07
458.907	  4.4578e+07
459.174	  4.4577e+07
459.441	  4.45759e+07
459.708	  4.45748e+07
459.975	  4.45736e+07
460.242	  4.45723e+07
460.509	  4.45709e+07
460.776	  4.45695e+07
461.043	  4.4568e+07
461.31	  4.45664e+07
461.577	  4.45648e+07
461.844	  4.45631e+07
462.111	  4.45613e+07
462.378	  4.45595e+07
462.645	  4.45576e+07
462.912	  4.45556e+07
463.179	  4.45536e+07
463.446	  4.45515e+07
463.713	  4.45493e+07
463.98	  4.4547e+07
464.247	  4.45447e+07
464.514	  4.45424e+07
464.781	  4.45399e+07
465.048	  4.45374e+07
465.315	  4.45349e+07
465.582	  4.45322e+07
465.849	  4.45295e+07
466.116	  4.45268e+07
466.383	  4.45239e+07
466.65	  4.4521e+07
466.917	  4.45181e+07
467.184	  4.4515e+07
467.451	  4.4512e+07
467.718	  4.45088e+07
467.985	  4.45056e+07
468.252	  4.45023e+07
468.519	  4.4499e+07
468.786	  4.44955e+07
469.053	  4.44921e+07
469.32	  4.44885e+07
469.587	  4.44849e+07
469.854	  4.44813e+07
470.121	  4.44776e+07
470.388	  4.44738e+07
470.655	  4.44699e+07
470.922	  4.4466e+07
471.189	  4.4462e+07
471.456	  4.4458e+07
471.723	  4.44539e+07
471.99	  4.44497e+07
472.257	  4.44455e+07
472.524	  4.44412e+07
472.791	  4.44369e+07
473.058	  4.44325e+07
473.325	  4.4428e+07
473.592	  4.44235e+07
473.859	  4.44189e+07
474.126	  4.44142e+07
474.393	  4.44095e+07
474.66	  4.44047e+07
474.927	  4.43999e+07
475.194	  4.4395e+07
475.461	  4.43901e+07
475.728	  4.4385e+07
475.995	  4.438e+07
476.262	  4.43748e+07
476.529	  4.43697e+07
476.796	  4.43644e+07
477.063	  4.43591e+07
477.33	  4.43537e+07
477.597	  4.43483e+07
477.864	  4.43428e+07
478.131	  4.43373e+07
478.398	  4.43317e+07
478.665	  4.4326e+07
478.932	  4.43203e+07
479.199	  4.43145e+07
479.466	  4.43087e+07
479.733	  4.43028e+07
480	  4.42969e+07
480.267	  4.42909e+07
480.534	  4.42848e+07
480.801	  4.42787e+07
481.068	  4.42725e+07
481.335	  4.42663e+07
481.602	  4.426e+07
481.869	  4.42537e+07
482.136	  4.42473e+07
482.403	  4.42408e+07
482.67	  4.42343e+07
482.937	  4.42277e+07
483.204	  4.42211e+07
483.471	  4.42144e+07
483.738	  4.42077e+07
484.005	  4.42009e+07
484.272	  4.41941e+07
484.539	  4.41872e+07
484.806	  4.41802e+07
485.073	  4.41732e+07
485.34	  4.41662e+07
485.607	  4.41591e+07
485.874	  4.41519e+07
486.141	  4.41447e+07
486.408	  4.41374e+07
486.675	  4.41301e+07
486.942	  4.41227e+07
487.209	  4.41153e+07
487.476	  4.41078e+07
487.743	  4.41002e+07
488.01	  4.40926e+07
488.277	  4.4085e+07
488.544	  4.40773e+07
488.811	  4.40696e+07
489.078	  4.40618e+07
489.345	  4.40539e+07
489.612	  4.4046e+07
489.879	  4.4038e+07
490.146	  4.403e+07
490.413	  4.4022e+07
490.68	  4.40138e+07
490.947	  4.40057e+07
491.214	  4.39975e+07
491.481	  4.39892e+07
491.748	  4.39809e+07
492.015	  4.39725e+07
492.282	  4.39641e+07
492.549	  4.39556e+07
492.816	  4.39471e+07
493.083	  4.39386e+07
493.35	  4.39299e+07
493.617	  4.39213e+07
493.884	  4.39126e+07
494.151	  4.39038e+07
494.418	  4.3895e+07
494.685	  4.38861e+07
494.952	  4.38772e+07
495.219	  4.38682e+07
495.486	  4.38592e+07
495.753	  4.38502e+07
496.02	  4.3841e+07
496.287	  4.38319e+07
496.554	  4.38227e+07
496.821	  4.38134e+07
497.088	  4.38041e+07
497.355	  4.37948e+07
497.622	  4.37854e+07
497.889	  4.37759e+07
498.156	  4.37665e+07
498.423	  4.37569e+07
498.69	  4.37473e+07
498.957	  4.37377e+07
499.224	  4.3728e+07
499.491	  4.37183e+07
499.758	  4.37085e+07
500.025	  4.36987e+07
500.292	  4.36888e+07
500.559	  4.36789e+07
500.826	  4.3669e+07
501.093	  4.3659e+07
501.36	  4.36489e+07
501.627	  4.36388e+07
501.894	  4.36287e+07
502.161	  4.36185e+07
502.428	  4.36083e+07
502.695	  4.3598e+07
502.962	  4.35877e+07
503.229	  4.35773e+07
503.496	  4.35669e+07
503.763	  4.35565e+07
504.03	  4.3546e+07
504.297	  4.35354e+07
504.564	  4.35248e+07
504.831	  4.35142e+07
505.098	  4.35035e+07
505.365	  4.34928e+07
505.632	  4.3482e+07
505.899	  4.34712e+07
506.166	  4.34604e+07
506.433	  4.34495e+07
506.7	  4.34386e+07
506.967	  4.34276e+07
507.234	  4.34166e+07
507.501	  4.34055e+07
507.768	  4.33944e+07
508.035	  4.33833e+07
508.302	  4.33721e+07
508.569	  4.33608e+07
508.836	  4.33496e+07
509.103	  4.33383e+07
509.37	  4.33269e+07
509.637	  4.33155e+07
509.904	  4.33041e+07
510.171	  4.32926e+07
510.438	  4.32811e+07
510.705	  4.32695e+07
510.972	  4.32579e+07
511.239	  4.32462e+07
511.506	  4.32346e+07
511.773	  4.32228e+07
512.04	  4.32111e+07
512.307	  4.31993e+07
512.574	  4.31874e+07
512.841	  4.31755e+07
513.108	  4.31636e+07
513.375	  4.31516e+07
513.642	  4.31396e+07
513.909	  4.31276e+07
514.176	  4.31155e+07
514.443	  4.31034e+07
514.71	  4.30912e+07
514.977	  4.3079e+07
515.244	  4.30668e+07
515.511	  4.30545e+07
515.778	  4.30422e+07
516.045	  4.30298e+07
516.312	  4.30174e+07
516.579	  4.3005e+07
516.846	  4.29925e+07
517.113	  4.298e+07
517.38	  4.29675e+07
517.647	  4.29549e+07
517.914	  4.29423e+07
518.181	  4.29296e+07
518.448	  4.29169e+07
518.715	  4.29042e+07
518.982	  4.28914e+07
519.249	  4.28786e+07
519.516	  4.28658e+07
519.783	  4.28529e+07
520.05	  4.284e+07
520.317	  4.2827e+07
520.584	  4.2814e+07
520.851	  4.2801e+07
521.118	  4.27879e+07
521.385	  4.27748e+07
521.652	  4.27617e+07
521.919	  4.27485e+07
522.186	  4.27353e+07
522.453	  4.27221e+07
522.72	  4.27088e+07
522.987	  4.26955e+07
523.254	  4.26821e+07
523.521	  4.26687e+07
523.788	  4.26553e+07
524.055	  4.26419e+07
524.322	  4.26284e+07
524.589	  4.26149e+07
524.856	  4.26013e+07
525.123	  4.25877e+07
525.39	  4.25741e+07
525.657	  4.25604e+07
525.924	  4.25467e+07
526.191	  4.2533e+07
526.458	  4.25193e+07
526.725	  4.25055e+07
526.992	  4.24916e+07
527.259	  4.24778e+07
527.526	  4.24639e+07
527.793	  4.245e+07
528.06	  4.2436e+07
528.327	  4.2422e+07
528.594	  4.2408e+07
528.861	  4.23939e+07
529.128	  4.23798e+07
529.395	  4.23657e+07
529.662	  4.23515e+07
529.929	  4.23374e+07
530.196	  4.23231e+07
530.463	  4.23089e+07
530.73	  4.22946e+07
530.997	  4.22803e+07
531.264	  4.22659e+07
531.531	  4.22516e+07
531.798	  4.22371e+07
532.065	  4.22227e+07
532.332	  4.22082e+07
532.599	  4.21937e+07
532.866	  4.21792e+07
533.133	  4.21646e+07
533.4	  4.215e+07
533.667	  4.21354e+07
533.934	  4.21207e+07
534.201	  4.21061e+07
534.468	  4.20913e+07
534.735	  4.20766e+07
535.002	  4.20618e+07
535.269	  4.2047e+07
535.536	  4.20322e+07
535.803	  4.20173e+07
536.07	  4.20024e+07
536.337	  4.19875e+07
536.604	  4.19725e+07
536.871	  4.19575e+07
537.138	  4.19425e+07
537.405	  4.19275e+07
537.672	  4.19124e+07
537.939	  4.18973e+07
538.206	  4.18822e+07
538.473	  4.1867e+07
538.74	  4.18518e+07
539.007	  4.18366e+07
539.274	  4.18214e+07
539.541	  4.18061e+07
539.808	  4.17908e+07
540.075	  4.17754e+07
540.342	  4.17601e+07
540.609	  4.17447e+07
540.876	  4.17293e+07
541.143	  4.17138e+07
541.41	  4.16984e+07
541.677	  4.16829e+07
541.944	  4.16674e+07
542.211	  4.16518e+07
542.478	  4.16362e+07
542.745	  4.16206e+07
543.012	  4.1605e+07
543.279	  4.15893e+07
543.546	  4.15737e+07
543.813	  4.15579e+07
544.08	  4.15422e+07
544.347	  4.15264e+07
544.614	  4.15107e+07
544.881	  4.14948e+07
545.148	  4.1479e+07
545.415	  4.14631e+07
545.682	  4.14472e+07
545.949	  4.14313e+07
546.216	  4.14154e+07
546.483	  4.13994e+07
546.75	  4.13834e+07
547.017	  4.13674e+07
547.284	  4.13513e+07
547.551	  4.13353e+07
547.818	  4.13192e+07
548.085	  4.1303e+07
548.352	  4.12869e+07
548.619	  4.12707e+07
548.886	  4.12545e+07
549.153	  4.12383e+07
549.42	  4.12221e+07
549.687	  4.12058e+07
549.954	  4.11895e+07
550.221	  4.11732e+07
550.488	  4.11568e+07
550.755	  4.11405e+07
551.022	  4.11241e+07
551.289	  4.11077e+07
551.556	  4.10912e+07
551.823	  4.10748e+07
552.09	  4.10583e+07
552.357	  4.10418e+07
552.624	  4.10253e+07
552.891	  4.10087e+07
553.158	  4.09921e+07
553.425	  4.09755e+07
553.692	  4.09589e+07
553.959	  4.09423e+07
554.226	  4.09256e+07
554.493	  4.09089e+07
554.76	  4.08922e+07
555.027	  4.08755e+07
555.294	  4.08587e+07
555.561	  4.08419e+07
555.828	  4.08251e+07
556.095	  4.08083e+07
556.362	  4.07915e+07
556.629	  4.07746e+07
556.896	  4.07577e+07
557.163	  4.07408e+07
557.43	  4.07239e+07
557.697	  4.07069e+07
557.964	  4.06899e+07
558.231	  4.06729e+07
558.498	  4.06559e+07
558.765	  4.06389e+07
559.032	  4.06218e+07
559.299	  4.06047e+07
559.566	  4.05876e+07
560.009	  4.05592e+07
560.296	  4.05408e+07
560.583	  4.05223e+07
560.87	  4.05038e+07
561.157	  4.04853e+07
561.444	  4.04668e+07
561.731	  4.04482e+07
562.018	  4.04296e+07
562.305	  4.0411e+07
562.592	  4.03924e+07
562.879	  4.03737e+07
563.166	  4.03551e+07
563.453	  4.03364e+07
563.74	  4.03177e+07
564.027	  4.02989e+07
564.314	  4.02802e+07
564.601	  4.02614e+07
564.888	  4.02426e+07
565.175	  4.02237e+07
565.462	  4.02049e+07
565.749	  4.0186e+07
566.036	  4.01671e+07
566.323	  4.01482e+07
566.61	  4.01293e+07
566.897	  4.01103e+07
567.184	  4.00913e+07
567.471	  4.00723e+07
567.758	  4.00533e+07
568.045	  4.00343e+07
568.332	  4.00152e+07
568.619	  3.99961e+07
568.906	  3.9977e+07
569.193	  3.99579e+07
569.48	  3.99388e+07
569.767	  3.99196e+07
570.054	  3.99004e+07
570.341	  3.98812e+07
570.628	  3.9862e+07
570.915	  3.98427e+07
571.202	  3.98235e+07
571.489	  3.98042e+07
571.776	  3.97849e+07
572.063	  3.97656e+07
572.35	  3.97462e+07
572.637	  3.97269e+07
572.924	  3.97075e+07
573.211	  3.96881e+07
573.498	  3.96687e+07
573.785	  3.96493e+07
574.072	  3.96298e+07
574.359	  3.96103e+07
574.646	  3.95908e+07
574.933	  3.95713e+07
575.22	  3.95518e+07
575.507	  3.95323e+07
575.794	  3.95127e+07
576.081	  3.94931e+07
576.368	  3.94735e+07
576.655	  3.94539e+07
576.942	  3.94343e+07
577.229	  3.94146e+07
577.516	  3.93949e+07
577.803	  3.93753e+07
578.09	  3.93556e+07
578.377	  3.93358e+07
578.664	  3.93161e+07
578.951	  3.92963e+07
579.238	  3.92766e+07
579.525	  3.92568e+07
579.812	  3.9237e+07
580.099	  3.92172e+07
580.386	  3.91973e+07
580.673	  3.91775e+07
580.96	  3.91576e+07
581.247	  3.91377e+07
581.534	  3.91178e+07
581.821	  3.90979e+07
582.108	  3.9078e+07
582.395	  3.9058e+07
582.682	  3.9038e+07
582.969	  3.90181e+07
583.256	  3.89981e+07
583.543	  3.8978e+07
583.83	  3.8958e+07
584.117	  3.8938e+07
584.404	  3.89179e+07
584.691	  3.88978e+07
584.978	  3.88778e+07
585.265	  3.88576e+07
585.552	  3.88375e+07
585.839	  3.88174e+07
586.126	  3.87972e+07
586.413	  3.87771e+07
586.7	  3.87569e+07
586.987	  3.87367e+07
587.274	  3.87165e+07
587.561	  3.86963e+07
587.848	  3.86761e+07
588.135	  3.86558e+07
588.422	  3.86356e+07
588.709	  3.86153e+07
588.996	  3.8595e+07
589.283	  3.85747e+07
589.57	  3.85544e+07
589.857	  3.8534e+07
590.144	  3.85137e+07
590.431	  3.84933e+07
590.718	  3.8473e+07
591.005	  3.84526e+07
591.292	  3.84322e+07
591.579	  3.84118e+07
591.866	  3.83914e+07
592.153	  3.83709e+07
592.44	  3.83505e+07
592.727	  3.833e+07
593.014	  3.83096e+07
593.301	  3.82891e+07
593.588	  3.82686e+07
593.875	  3.82481e+07
594.162	  3.82276e+07
594.449	  3.8207e+07
594.736	  3.81865e+07
595.023	  3.81659e+07
595.31	  3.81454e+07
595.597	  3.81248e+07
595.884	  3.81042e+07
596.171	  3.80836e+07
596.458	  3.8063e+07
596.745	  3.80423e+07
597.032	  3.80217e+07
597.319	  3.8001e+07
597.606	  3.79804e+07
597.893	  3.79597e+07
598.18	  3.7939e+07
598.467	  3.79183e+07
598.754	  3.78976e+07
599.041	  3.78769e+07
599.328	  3.78562e+07
599.615	  3.78355e+07
599.902	  3.78147e+07
600.189	  3.7794e+07
600.476	  3.77732e+07
600.763	  3.77524e+07
601.05	  3.77316e+07
601.337	  3.77108e+07
601.624	  3.769e+07
601.911	  3.76692e+07
602.198	  3.76484e+07
602.485	  3.76275e+07
602.772	  3.76067e+07
603.059	  3.75858e+07
603.346	  3.7565e+07
603.633	  3.75441e+07
603.92	  3.75232e+07
604.207	  3.75023e+07
604.494	  3.74814e+07
604.781	  3.74605e+07
605.068	  3.74396e+07
605.355	  3.74186e+07
605.642	  3.73977e+07
605.929	  3.73768e+07
606.216	  3.73558e+07
606.503	  3.73348e+07
606.79	  3.73139e+07
607.077	  3.72929e+07
607.364	  3.72719e+07
607.651	  3.72509e+07
607.938	  3.72299e+07
608.225	  3.72088e+07
608.512	  3.71878e+07
608.799	  3.71668e+07
609.086	  3.71457e+07
609.373	  3.71247e+07
609.66	  3.71036e+07
609.947	  3.70826e+07
610.234	  3.70615e+07
610.521	  3.70404e+07
610.808	  3.70193e+07
611.095	  3.69982e+07
611.382	  3.69771e+07
611.669	  3.6956e+07
611.956	  3.69349e+07
612.243	  3.69138e+07
612.53	  3.68926e+07
612.817	  3.68715e+07
613.104	  3.68503e+07
613.391	  3.68292e+07
613.678	  3.6808e+07
613.965	  3.67869e+07
614.252	  3.67657e+07
614.539	  3.67445e+07
614.826	  3.67233e+07
615.113	  3.67021e+07
615.4	  3.66809e+07
615.687	  3.66597e+07
615.974	  3.66385e+07
616.261	  3.66173e+07
616.548	  3.6596e+07
616.835	  3.65748e+07
617.122	  3.65536e+07
617.409	  3.65323e+07
617.696	  3.65111e+07
617.983	  3.64898e+07
618.27	  3.64685e+07
618.557	  3.64473e+07
618.844	  3.6426e+07
619.131	  3.64047e+07
619.418	  3.63834e+07
619.705	  3.63621e+07
619.992	  3.63408e+07
620.279	  3.63195e+07
620.566	  3.62982e+07
620.853	  3.62769e+07
621.14	  3.62556e+07
621.427	  3.62343e+07
621.714	  3.62129e+07
622.001	  3.61916e+07
622.288	  3.61703e+07
622.575	  3.61489e+07
622.862	  3.61276e+07
623.149	  3.61062e+07
623.436	  3.60849e+07
623.723	  3.60635e+07
624.01	  3.60421e+07
624.297	  3.60208e+07
624.584	  3.59994e+07
624.871	  3.5978e+07
625.158	  3.59566e+07
625.445	  3.59352e+07
625.732	  3.59138e+07
626.019	  3.58924e+07
626.306	  3.5871e+07
626.593	  3.58496e+07
626.88	  3.58282e+07
627.167	  3.58068e+07
627.454	  3.57854e+07
627.741	  3.5764e+07
628.028	  3.57425e+07
628.315	  3.57211e+07
628.602	  3.56997e+07
628.889	  3.56782e+07
629.176	  3.56568e+07
629.463	  3.56354e+07
629.75	  3.56139e+07
630.037	  3.55925e+07
630.324	  3.5571e+07
630.611	  3.55496e+07
630.898	  3.55281e+07
631.185	  3.55066e+07
631.472	  3.54852e+07
631.759	  3.54637e+07
632.046	  3.54422e+07
632.333	  3.54208e+07
632.62	  3.53993e+07
632.907	  3.53778e+07
633.194	  3.53563e+07
633.481	  3.53348e+07
633.768	  3.53134e+07
634.055	  3.52919e+07
634.342	  3.52704e+07
634.629	  3.52489e+07
634.916	  3.52274e+07
635.203	  3.52059e+07
635.49	  3.51844e+07
635.777	  3.51629e+07
636.064	  3.51414e+07
636.351	  3.51199e+07
636.638	  3.50984e+07
636.925	  3.50768e+07
637.212	  3.50553e+07
637.499	  3.50338e+07
637.786	  3.50123e+07
638.073	  3.49908e+07
638.36	  3.49693e+07
638.647	  3.49477e+07
638.934	  3.49262e+07
639.221	  3.49047e+07
639.508	  3.48832e+07
639.795	  3.48616e+07
640.082	  3.48401e+07
640.369	  3.48186e+07
640.656	  3.4797e+07
640.943	  3.47755e+07
641.23	  3.4754e+07
641.517	  3.47324e+07
641.804	  3.47109e+07
642.091	  3.46894e+07
642.378	  3.46678e+07
642.665	  3.46463e+07
642.952	  3.46248e+07
643.239	  3.46032e+07
643.526	  3.45817e+07
643.813	  3.45601e+07
644.1	  3.45386e+07
644.387	  3.4517e+07
644.674	  3.44955e+07
644.961	  3.4474e+07
645.248	  3.44524e+07
645.535	  3.44309e+07
645.822	  3.44093e+07
646.109	  3.43878e+07
646.396	  3.43662e+07
646.683	  3.43447e+07
646.97	  3.43231e+07
647.257	  3.43016e+07
647.544	  3.42801e+07
647.831	  3.42585e+07
648.118	  3.4237e+07
648.405	  3.42154e+07
648.692	  3.41939e+07
648.979	  3.41723e+07
649.266	  3.41508e+07
649.553	  3.41292e+07
649.84	  3.41077e+07
650.127	  3.40861e+07
650.414	  3.40646e+07
650.701	  3.40431e+07
650.988	  3.40215e+07
651.275	  3.4e+07
651.562	  3.39784e+07
651.849	  3.39569e+07
652.136	  3.39354e+07
652.423	  3.39138e+07
652.71	  3.38923e+07
652.997	  3.38707e+07
653.284	  3.38492e+07
653.571	  3.38277e+07
653.858	  3.38061e+07
654.145	  3.37846e+07
654.432	  3.37631e+07
654.719	  3.37415e+07
655.006	  3.372e+07
655.293	  3.36985e+07
655.58	  3.36769e+07
655.867	  3.36554e+07
656.154	  3.36339e+07
656.441	  3.36124e+07
656.728	  3.35908e+07
657.015	  3.35693e+07
657.302	  3.35478e+07
657.589	  3.35263e+07
657.876	  3.35048e+07
658.163	  3.34833e+07
658.45	  3.34617e+07
658.737	  3.34402e+07
659.024	  3.34187e+07
659.311	  3.33972e+07
659.598	  3.33757e+07
659.885	  3.33542e+07
660.172	  3.33327e+07
660.459	  3.33112e+07
660.746	  3.32897e+07
661.033	  3.32682e+07
661.32	  3.32467e+07
661.607	  3.32252e+07
661.894	  3.32037e+07
662.181	  3.31823e+07
662.468	  3.31608e+07
662.755	  3.31393e+07
663.042	  3.31178e+07
663.329	  3.30963e+07
663.616	  3.30749e+07
663.903	  3.30534e+07
664.19	  3.30319e+07
664.477	  3.30105e+07
664.764	  3.2989e+07
665.051	  3.29675e+07
665.338	  3.29461e+07
665.625	  3.29246e+07
665.912	  3.29032e+07
666.199	  3.28817e+07
666.486	  3.28603e+07
666.773	  3.28388e+07
667.06	  3.28174e+07
667.347	  3.27959e+07
667.634	  3.27745e+07
667.921	  3.27531e+07
668.208	  3.27316e+07
668.495	  3.27102e+07
668.782	  3.26888e+07
669.069	  3.26674e+07
669.356	  3.26459e+07
669.643	  3.26245e+07
669.93	  3.26031e+07
670.217	  3.25817e+07
670.504	  3.25603e+07
670.791	  3.25389e+07
671.078	  3.25175e+07
671.365	  3.24961e+07
671.652	  3.24747e+07
671.939	  3.24533e+07
672.226	  3.2432e+07
672.513	  3.24106e+07
672.8	  3.23892e+07
673.087	  3.23678e+07
673.374	  3.23465e+07
673.661	  3.23251e+07
673.948	  3.23037e+07
674.235	  3.22824e+07
674.522	  3.2261e+07
674.809	  3.22397e+07
675.096	  3.22183e+07
675.383	  3.2197e+07
675.67	  3.21757e+07
675.957	  3.21543e+07
676.244	  3.2133e+07
676.531	  3.21117e+07
676.818	  3.20904e+07
677.105	  3.2069e+07
677.392	  3.20477e+07
677.679	  3.20264e+07
677.966	  3.20051e+07
678.253	  3.19838e+07
678.54	  3.19625e+07
678.827	  3.19412e+07
679.114	  3.19199e+07
679.401	  3.18987e+07
679.688	  3.18774e+07
679.975	  3.18561e+07
680.262	  3.18348e+07
680.549	  3.18136e+07
680.836	  3.17923e+07
681.123	  3.17711e+07
681.41	  3.17498e+07
681.697	  3.17286e+07
681.984	  3.17073e+07
682.271	  3.16861e+07
682.558	  3.16649e+07
682.845	  3.16436e+07
683.132	  3.16224e+07
683.419	  3.16012e+07
683.706	  3.158e+07
683.993	  3.15588e+07
684.28	  3.15376e+07
684.567	  3.15164e+07
684.854	  3.14952e+07
685.141	  3.1474e+07
685.428	  3.14528e+07
685.715	  3.14317e+07
686.002	  3.14105e+07
686.289	  3.13893e+07
686.576	  3.13682e+07
686.863	  3.1347e+07
687.15	  3.13259e+07
687.437	  3.13047e+07
687.724	  3.12836e+07
688.011	  3.12625e+07
688.298	  3.12413e+07
688.585	  3.12202e+07
688.872	  3.11991e+07
689.159	  3.1178e+07
689.446	  3.11569e+07
689.733	  3.11358e+07
690.02	  3.11147e+07
690.307	  3.10936e+07
690.594	  3.10725e+07
690.881	  3.10514e+07
691.168	  3.10304e+07
691.455	  3.10093e+07
691.742	  3.09883e+07
692.029	  3.09672e+07
692.316	  3.09462e+07
692.603	  3.09251e+07
692.89	  3.09041e+07
693.177	  3.0883e+07
693.464	  3.0862e+07
693.751	  3.0841e+07
694.038	  3.082e+07
694.325	  3.0799e+07
694.612	  3.0778e+07
694.899	  3.0757e+07
695.186	  3.0736e+07
695.473	  3.0715e+07
695.76	  3.06941e+07
696.047	  3.06731e+07
696.334	  3.06521e+07
696.621	  3.06312e+07
696.908	  3.06102e+07
697.195	  3.05893e+07
697.482	  3.05683e+07
697.769	  3.05474e+07
698.056	  3.05265e+07
698.343	  3.05056e+07
698.63	  3.04847e+07
698.917	  3.04637e+07
699.204	  3.04428e+07
699.491	  3.0422e+07
699.778	  3.04011e+07
700.065	  3.03802e+07
700.352	  3.03593e+07
700.639	  3.03385e+07
700.926	  3.03176e+07
701.213	  3.02967e+07
701.5	  3.02759e+07
701.787	  3.02551e+07
702.074	  3.02342e+07
702.361	  3.02134e+07
702.648	  3.01926e+07
702.935	  3.01718e+07
703.222	  3.0151e+07
703.509	  3.01302e+07
703.796	  3.01094e+07
704.083	  3.00886e+07
704.37	  3.00678e+07
704.657	  3.0047e+07
704.944	  3.00263e+07
705.231	  3.00055e+07
705.518	  2.99848e+07
705.805	  2.9964e+07
706.092	  2.99433e+07
706.379	  2.99226e+07
706.666	  2.99019e+07
706.953	  2.98811e+07
707.24	  2.98604e+07
707.527	  2.98397e+07
707.814	  2.9819e+07
708.101	  2.97984e+07
708.388	  2.97777e+07
708.675	  2.9757e+07
708.962	  2.97363e+07
709.249	  2.97157e+07
709.536	  2.9695e+07
709.823	  2.96744e+07
710.11	  2.96538e+07
710.397	  2.96331e+07
710.684	  2.96125e+07
710.971	  2.95919e+07
711.258	  2.95713e+07
711.545	  2.95507e+07
711.832	  2.95301e+07
712.119	  2.95095e+07
712.406	  2.9489e+07
712.693	  2.94684e+07
712.98	  2.94478e+07
713.267	  2.94273e+07
713.554	  2.94067e+07
713.841	  2.93862e+07
714.128	  2.93657e+07
714.415	  2.93452e+07
714.702	  2.93247e+07
714.989	  2.93041e+07
715.276	  2.92837e+07
715.563	  2.92632e+07
715.85	  2.92427e+07
716.137	  2.92222e+07
716.424	  2.92017e+07
716.711	  2.91813e+07
716.998	  2.91608e+07
717.285	  2.91404e+07
717.572	  2.912e+07
717.859	  2.90995e+07
718.146	  2.90791e+07
718.433	  2.90587e+07
718.72	  2.90383e+07
719.007	  2.90179e+07
719.294	  2.89975e+07
719.581	  2.89772e+07
719.868	  2.89568e+07
720.155	  2.89364e+07
720.442	  2.89161e+07
720.729	  2.88957e+07
721.016	  2.88754e+07
721.303	  2.88551e+07
721.59	  2.88347e+07
721.877	  2.88144e+07
722.164	  2.87941e+07
722.451	  2.87738e+07
722.738	  2.87535e+07
723.025	  2.87333e+07
723.312	  2.8713e+07
723.599	  2.86927e+07
723.886	  2.86725e+07
724.173	  2.86522e+07
724.46	  2.8632e+07
724.747	  2.86118e+07
725.034	  2.85915e+07
725.321	  2.85713e+07
725.608	  2.85511e+07
725.895	  2.85309e+07
726.182	  2.85107e+07
726.469	  2.84906e+07
726.756	  2.84704e+07
727.043	  2.84502e+07
727.33	  2.84301e+07
727.617	  2.84099e+07
727.904	  2.83898e+07
728.191	  2.83697e+07
728.478	  2.83496e+07
728.765	  2.83294e+07
729.052	  2.83093e+07
729.339	  2.82893e+07
729.626	  2.82692e+07
729.913	  2.82491e+07
730.2	  2.8229e+07
730.487	  2.8209e+07
730.774	  2.81889e+07
731.061	  2.81689e+07
731.348	  2.81489e+07
731.635	  2.81288e+07
731.922	  2.81088e+07
732.209	  2.80888e+07
732.496	  2.80688e+07
732.783	  2.80488e+07
733.07	  2.80289e+07
733.357	  2.80089e+07
733.644	  2.79889e+07
733.931	  2.7969e+07
734.218	  2.7949e+07
734.505	  2.79291e+07
734.792	  2.79092e+07
735.079	  2.78893e+07
735.366	  2.78694e+07
735.653	  2.78495e+07
735.94	  2.78296e+07
736.227	  2.78097e+07
736.514	  2.77898e+07
736.801	  2.777e+07
737.088	  2.77501e+07
737.375	  2.77303e+07
737.662	  2.77104e+07
737.949	  2.76906e+07
738.236	  2.76708e+07
738.523	  2.7651e+07
738.81	  2.76312e+07
739.097	  2.76114e+07
739.384	  2.75916e+07
739.671	  2.75719e+07
739.958	  2.75521e+07
740.245	  2.75324e+07
740.532	  2.75126e+07
740.819	  2.74929e+07
741.106	  2.74732e+07
741.393	  2.74534e+07
741.68	  2.74337e+07
741.967	  2.7414e+07
742.254	  2.73944e+07
742.541	  2.73747e+07
742.828	  2.7355e+07
743.115	  2.73354e+07
743.402	  2.73157e+07
743.689	  2.72961e+07
743.976	  2.72764e+07
744.263	  2.72568e+07
744.55	  2.72372e+07
744.837	  2.72176e+07
745.124	  2.7198e+07
745.411	  2.71784e+07
745.698	  2.71589e+07
745.985	  2.71393e+07
746.272	  2.71197e+07
746.559	  2.71002e+07
746.846	  2.70807e+07
747.133	  2.70611e+07
747.42	  2.70416e+07
747.707	  2.70221e+07
747.994	  2.70026e+07
748.281	  2.69831e+07
748.568	  2.69637e+07
748.855	  2.69442e+07
749.142	  2.69247e+07
749.429	  2.69053e+07
749.716	  2.68859e+07
750.003	  2.68664e+07
750.29	  2.6847e+07
750.577	  2.68276e+07
750.864	  2.68082e+07
751.151	  2.67888e+07
751.438	  2.67694e+07
751.725	  2.67501e+07
752.012	  2.67307e+07
752.299	  2.67113e+07
752.586	  2.6692e+07
752.873	  2.66727e+07
753.16	  2.66534e+07
753.447	  2.6634e+07
753.734	  2.66147e+07
754.021	  2.65955e+07
754.308	  2.65762e+07
754.595	  2.65569e+07
754.882	  2.65376e+07
755.169	  2.65184e+07
755.456	  2.64991e+07
755.743	  2.64799e+07
756.03	  2.64607e+07
756.317	  2.64415e+07
756.604	  2.64223e+07
756.891	  2.64031e+07
757.178	  2.63839e+07
757.465	  2.63647e+07
757.752	  2.63456e+07
758.039	  2.63264e+07
758.326	  2.63073e+07
758.613	  2.62881e+07
758.9	  2.6269e+07
759.187	  2.62499e+07
759.474	  2.62308e+07
759.761	  2.62117e+07
760.048	  2.61926e+07
760.335	  2.61735e+07
760.622	  2.61545e+07
760.909	  2.61354e+07
761.196	  2.61164e+07
761.483	  2.60973e+07
761.77	  2.60783e+07
762.057	  2.60593e+07
762.344	  2.60403e+07
762.631	  2.60213e+07
762.918	  2.60023e+07
763.205	  2.59834e+07
763.492	  2.59644e+07
763.779	  2.59454e+07
764.066	  2.59265e+07
764.353	  2.59076e+07
764.64	  2.58887e+07
764.927	  2.58697e+07
765.214	  2.58508e+07
765.501	  2.58319e+07
765.788	  2.58131e+07
766.075	  2.57942e+07
766.362	  2.57753e+07
766.649	  2.57565e+07
766.936	  2.57376e+07
767.223	  2.57188e+07
767.51	  2.57e+07
767.797	  2.56812e+07
768.084	  2.56624e+07
768.371	  2.56436e+07
768.658	  2.56248e+07
768.945	  2.56061e+07
769.232	  2.55873e+07
769.519	  2.55686e+07
769.806	  2.55498e+07
770.093	  2.55311e+07
770.38	  2.55124e+07
770.667	  2.54937e+07
770.954	  2.5475e+07
771.241	  2.54563e+07
771.528	  2.54376e+07
771.815	  2.54189e+07
772.102	  2.54003e+07
772.389	  2.53816e+07
772.676	  2.5363e+07
772.963	  2.53444e+07
773.25	  2.53258e+07
773.537	  2.53072e+07
773.824	  2.52886e+07
774.111	  2.527e+07
774.398	  2.52514e+07
774.685	  2.52329e+07
774.972	  2.52143e+07
775.259	  2.51958e+07
775.546	  2.51773e+07
775.833	  2.51587e+07
776.12	  2.51402e+07
776.407	  2.51217e+07
776.694	  2.51032e+07
776.981	  2.50848e+07
777.268	  2.50663e+07
777.555	  2.50478e+07
777.842	  2.50294e+07
778.129	  2.5011e+07
778.416	  2.49925e+07
778.703	  2.49741e+07
778.99	  2.49557e+07
779.277	  2.49373e+07
779.564	  2.4919e+07
779.851	  2.49006e+07
780.138	  2.48822e+07
780.425	  2.48639e+07
780.712	  2.48455e+07
780.999	  2.48272e+07
781.286	  2.48089e+07
781.573	  2.47906e+07
781.86	  2.47723e+07
782.147	  2.4754e+07
782.434	  2.47357e+07
782.721	  2.47175e+07
783.008	  2.46992e+07
783.295	  2.4681e+07
783.582	  2.46627e+07
783.869	  2.46445e+07
784.156	  2.46263e+07
784.443	  2.46081e+07
784.73	  2.45899e+07
785.017	  2.45717e+07
785.304	  2.45535e+07
785.591	  2.45354e+07
785.878	  2.45172e+07
786.165	  2.44991e+07
786.452	  2.4481e+07
786.739	  2.44629e+07
787.026	  2.44447e+07
787.313	  2.44267e+07
787.6	  2.44086e+07
787.887	  2.43905e+07
788.174	  2.43724e+07
788.461	  2.43544e+07
788.748	  2.43363e+07
789.035	  2.43183e+07
789.322	  2.43003e+07
789.609	  2.42823e+07
789.896	  2.42643e+07
790.183	  2.42463e+07
790.47	  2.42283e+07
790.757	  2.42103e+07
791.044	  2.41924e+07
791.331	  2.41744e+07
791.618	  2.41565e+07
791.905	  2.41386e+07
792.192	  2.41207e+07
792.479	  2.41028e+07
792.766	  2.40849e+07
793.053	  2.4067e+07
793.34	  2.40491e+07
793.627	  2.40313e+07
793.914	  2.40134e+07
794.201	  2.39956e+07
794.488	  2.39778e+07
794.775	  2.396e+07
795.062	  2.39421e+07
795.349	  2.39244e+07
795.636	  2.39066e+07
795.923	  2.38888e+07
796.21	  2.3871e+07
796.497	  2.38533e+07
796.784	  2.38355e+07
797.071	  2.38178e+07
797.358	  2.38001e+07
797.645	  2.37824e+07
797.932	  2.37647e+07
798.219	  2.3747e+07
798.506	  2.37293e+07
798.793	  2.37117e+07
799.08	  2.3694e+07
799.367	  2.36764e+07
799.654	  2.36587e+07
799.941	  2.36411e+07
800.228	  2.36235e+07
800.515	  2.36059e+07
800.802	  2.35883e+07
801.089	  2.35707e+07
801.376	  2.35532e+07
801.663	  2.35356e+07
801.95	  2.35181e+07
802.237	  2.35005e+07
802.524	  2.3483e+07
802.811	  2.34655e+07
803.098	  2.3448e+07
803.385	  2.34305e+07
803.672	  2.3413e+07
803.959	  2.33956e+07
804.246	  2.33781e+07
804.533	  2.33607e+07
804.82	  2.33432e+07
805.107	  2.33258e+07
805.394	  2.33084e+07
805.681	  2.3291e+07
805.968	  2.32736e+07
806.255	  2.32562e+07
806.542	  2.32389e+07
806.829	  2.32215e+07
807.116	  2.32041e+07
807.403	  2.31868e+07
807.69	  2.31695e+07
807.977	  2.31522e+07
808.264	  2.31349e+07
808.551	  2.31176e+07
808.838	  2.31003e+07
809.125	  2.3083e+07
809.412	  2.30658e+07
809.699	  2.30485e+07
809.986	  2.30313e+07
810.273	  2.3014e+07
810.56	  2.29968e+07
810.847	  2.29796e+07
811.134	  2.29624e+07
811.421	  2.29452e+07
811.708	  2.29281e+07
811.995	  2.29109e+07
812.282	  2.28937e+07
812.569	  2.28766e+07
812.856	  2.28595e+07
813.143	  2.28424e+07
813.43	  2.28252e+07
813.717	  2.28082e+07
814.004	  2.27911e+07
814.291	  2.2774e+07
814.578	  2.27569e+07
814.865	  2.27399e+07
815.152	  2.27228e+07
815.439	  2.27058e+07
815.726	  2.26888e+07
816.013	  2.26718e+07
816.3	  2.26548e+07
816.587	  2.26378e+07
816.874	  2.26208e+07
817.161	  2.26038e+07
817.448	  2.25869e+07
817.735	  2.25699e+07
818.022	  2.2553e+07
818.309	  2.25361e+07
818.596	  2.25192e+07
818.883	  2.25023e+07
819.17	  2.24854e+07
819.457	  2.24685e+07
820.002	  2.24365e+07
820.031	  2.24348e+07
820.059	  2.24331e+07
820.088	  2.24314e+07
820.117	  2.24297e+07
820.146	  2.24281e+07
820.174	  2.24264e+07
820.203	  2.24247e+07
820.232	  2.2423e+07
820.26	  2.24213e+07
820.289	  2.24196e+07
820.318	  2.2418e+07
820.346	  2.24163e+07
820.375	  2.24146e+07
820.404	  2.24129e+07
820.433	  2.24112e+07
820.461	  2.24095e+07
820.49	  2.24079e+07
820.519	  2.24062e+07
820.547	  2.24045e+07
820.576	  2.24028e+07
820.605	  2.24011e+07
820.633	  2.09356e+07
820.662	  2.09339e+07
820.691	  2.09322e+07
820.72	  2.09306e+07
820.748	  2.09289e+07
820.777	  2.09272e+07
820.806	  2.09255e+07
820.834	  2.09239e+07
820.863	  2.09222e+07
820.892	  2.09205e+07
820.92	  2.09189e+07
820.949	  2.09172e+07
820.978	  2.09155e+07
821.007	  2.09139e+07
821.035	  2.09122e+07
821.064	  2.09105e+07
821.093	  2.09089e+07
821.121	  2.09072e+07
821.15	  2.09055e+07
821.179	  2.09039e+07
821.207	  2.09022e+07
821.236	  2.09005e+07
821.265	  2.08989e+07
821.294	  2.08972e+07
821.322	  2.08955e+07
821.351	  2.08939e+07
821.38	  2.08922e+07
821.408	  2.08905e+07
821.437	  2.08889e+07
821.466	  2.08872e+07
821.494	  2.08855e+07
821.523	  2.08839e+07
821.552	  2.08822e+07
821.581	  2.08805e+07
821.609	  2.08789e+07
821.638	  2.08772e+07
821.667	  2.08755e+07
821.695	  2.08739e+07
821.724	  2.08722e+07
821.753	  2.08705e+07
821.781	  2.08689e+07
821.81	  2.08672e+07
821.839	  2.08656e+07
821.868	  2.08639e+07
821.896	  2.08622e+07
821.925	  2.08606e+07
821.954	  2.08589e+07
821.982	  2.08572e+07
822.011	  2.08556e+07
822.011	  2.08556e+07
822.298	  2.08389e+07
822.585	  2.08223e+07
822.872	  2.08057e+07
823.159	  2.07891e+07
823.446	  2.07725e+07
823.733	  2.07559e+07
824.02	  2.07394e+07
824.307	  2.07228e+07
824.594	  2.07063e+07
824.881	  2.06897e+07
825.168	  2.06732e+07
825.455	  2.06567e+07
825.742	  2.06402e+07
826.029	  2.06237e+07
826.316	  2.06072e+07
826.603	  2.05908e+07
826.89	  2.05743e+07
827.177	  2.05579e+07
827.464	  2.05414e+07
827.751	  2.0525e+07
828.038	  2.05086e+07
828.325	  2.04922e+07
828.612	  2.04758e+07
828.899	  2.04594e+07
829.186	  2.04431e+07
829.473	  2.04267e+07
829.76	  2.04104e+07
830.047	  2.0394e+07
830.334	  2.03777e+07
830.621	  2.03614e+07
830.908	  2.03451e+07
831.195	  2.03288e+07
831.482	  2.03125e+07
831.769	  2.02963e+07
832.056	  2.028e+07
832.343	  2.02638e+07
832.63	  2.02475e+07
832.917	  2.02313e+07
833.204	  2.02151e+07
833.491	  2.01989e+07
833.778	  2.01827e+07
834.065	  2.01665e+07
834.352	  2.01504e+07
834.639	  2.01342e+07
834.926	  2.01181e+07
835.213	  2.01019e+07
835.5	  2.00858e+07
835.787	  2.00697e+07
836.074	  2.00536e+07
836.361	  2.00375e+07
836.648	  2.00214e+07
836.935	  2.00054e+07
837.222	  1.99893e+07
837.509	  1.99733e+07
837.796	  1.99572e+07
838.083	  1.99412e+07
838.37	  1.99252e+07
838.657	  1.99092e+07
838.944	  1.98932e+07
839.231	  1.98772e+07
839.518	  1.98613e+07
839.805	  1.98453e+07
840.092	  1.98294e+07
840.379	  1.98134e+07
840.666	  1.97975e+07
840.953	  1.97816e+07
841.24	  1.97657e+07
841.527	  1.97498e+07
841.814	  1.97339e+07
842.101	  1.97181e+07
842.388	  1.97022e+07
842.675	  1.96864e+07
842.962	  1.96705e+07
843.249	  1.96547e+07
843.536	  1.96389e+07
843.823	  1.96231e+07
844.11	  1.96073e+07
844.397	  1.95915e+07
844.684	  1.95758e+07
844.971	  1.956e+07
845.258	  1.95443e+07
845.545	  1.95285e+07
845.832	  1.95128e+07
846.119	  1.94971e+07
846.406	  1.94814e+07
846.693	  1.94657e+07
846.98	  1.945e+07
847.267	  1.94343e+07
847.554	  1.94187e+07
847.841	  1.9403e+07
848.128	  1.93874e+07
848.415	  1.93718e+07
848.702	  1.93562e+07
848.989	  1.93406e+07
849.276	  1.9325e+07
849.563	  1.93094e+07
849.85	  1.92938e+07
850.137	  1.92783e+07
850.424	  1.92627e+07
850.711	  1.92472e+07
850.998	  1.92317e+07
851.285	  1.92161e+07
851.572	  1.92006e+07
851.859	  1.91851e+07
852.146	  1.91697e+07
852.433	  1.91542e+07
852.72	  1.91387e+07
853.007	  1.91233e+07
853.294	  1.91079e+07
853.581	  1.90924e+07
853.868	  1.9077e+07
854.155	  1.90616e+07
854.442	  1.90462e+07
854.729	  1.90308e+07
855.016	  1.90155e+07
855.303	  1.90001e+07
855.59	  1.89847e+07
855.877	  1.89694e+07
856.164	  1.89541e+07
856.451	  1.89388e+07
856.738	  1.89235e+07
857.025	  1.89082e+07
857.312	  1.88929e+07
857.599	  1.88776e+07
857.886	  1.88623e+07
858.173	  1.88471e+07
858.46	  1.88319e+07
858.747	  1.88166e+07
859.034	  1.88014e+07
859.321	  1.87862e+07
859.608	  1.8771e+07
859.895	  1.87558e+07
860.182	  1.87406e+07
860.469	  1.87255e+07
860.756	  1.87103e+07
861.043	  1.86952e+07
861.33	  1.868e+07
861.617	  1.86649e+07
861.904	  1.86498e+07
862.191	  1.86347e+07
862.478	  1.86196e+07
862.765	  1.86046e+07
863.052	  1.85895e+07
863.339	  1.85744e+07
863.626	  1.85594e+07
863.913	  1.85444e+07
864.2	  1.85293e+07
864.487	  1.85143e+07
864.774	  1.84993e+07
865.061	  1.84843e+07
865.348	  1.84694e+07
865.635	  1.84544e+07
865.922	  1.84394e+07
866.209	  1.84245e+07
866.496	  1.84095e+07
866.783	  1.83946e+07
867.07	  1.83797e+07
867.357	  1.83648e+07
867.644	  1.83499e+07
867.931	  1.8335e+07
868.218	  1.83202e+07
868.505	  1.83053e+07
868.792	  1.82905e+07
869.079	  1.82756e+07
869.366	  1.82608e+07
869.653	  1.8246e+07
869.94	  1.82312e+07
870.227	  1.82164e+07
870.514	  1.82016e+07
870.801	  1.81868e+07
871.088	  1.81721e+07
871.375	  1.81573e+07
871.662	  1.81426e+07
871.949	  1.81278e+07
872.236	  1.81131e+07
872.523	  1.80984e+07
872.81	  1.80837e+07
873.097	  1.8069e+07
873.384	  1.80543e+07
873.671	  1.80397e+07
873.958	  1.8025e+07
874.245	  1.80104e+07
874.532	  1.79957e+07
874.819	  1.79811e+07
875.106	  1.79665e+07
875.393	  1.79519e+07
875.68	  1.79373e+07
875.967	  1.79227e+07
876.254	  1.79082e+07
876.541	  1.78936e+07
876.828	  1.78791e+07
877.115	  1.78645e+07
877.402	  1.785e+07
877.689	  1.78355e+07
877.976	  1.7821e+07
878.263	  1.78065e+07
878.55	  1.7792e+07
878.837	  1.77775e+07
879.124	  1.77631e+07
879.411	  1.77486e+07
879.698	  1.77342e+07
879.985	  1.77198e+07
880.272	  1.77053e+07
880.559	  1.76909e+07
880.846	  1.76765e+07
881.133	  1.76621e+07
881.42	  1.76478e+07
881.707	  1.76334e+07
881.994	  1.7619e+07
882.281	  1.76047e+07
882.568	  1.75904e+07
882.855	  1.7576e+07
883.142	  1.75617e+07
883.429	  1.75474e+07
883.716	  1.75331e+07
884.003	  1.75189e+07
884.29	  1.75046e+07
884.577	  1.74903e+07
884.864	  1.74761e+07
885.151	  1.74618e+07
885.438	  1.74476e+07
885.725	  1.74334e+07
886.012	  1.74192e+07
886.299	  1.7405e+07
886.586	  1.73908e+07
886.873	  1.73766e+07
887.16	  1.73625e+07
887.447	  1.73483e+07
887.734	  1.73342e+07
888.021	  1.732e+07
888.308	  1.73059e+07
888.595	  1.72918e+07
888.882	  1.72777e+07
889.169	  1.72636e+07
889.456	  1.72495e+07
889.743	  1.72355e+07
890.03	  1.72214e+07
890.317	  1.72074e+07
890.604	  1.71933e+07
890.891	  1.71793e+07
891.178	  1.71653e+07
891.465	  1.71513e+07
891.752	  1.71373e+07
892.039	  1.71233e+07
892.326	  1.71093e+07
892.613	  1.70954e+07
892.9	  1.70814e+07
893.187	  1.70675e+07
893.474	  1.70535e+07
893.761	  1.70396e+07
894.048	  1.70257e+07
894.335	  1.70118e+07
894.622	  1.69979e+07
894.909	  1.6984e+07
895.196	  1.69702e+07
895.483	  1.69563e+07
895.77	  1.69425e+07
896.057	  1.69286e+07
896.344	  1.69148e+07
896.631	  1.6901e+07
896.918	  1.68872e+07
897.205	  1.68734e+07
897.492	  1.68596e+07
897.779	  1.68458e+07
898.066	  1.6832e+07
898.353	  1.68183e+07
898.64	  1.68045e+07
898.927	  1.67908e+07
899.214	  1.67771e+07
899.501	  1.67634e+07
899.788	  1.67497e+07
900.075	  1.6736e+07
900.362	  1.67223e+07
900.649	  1.67086e+07
900.936	  1.6695e+07
901.223	  1.66813e+07
901.51	  1.66677e+07
901.797	  1.6654e+07
902.084	  1.66404e+07
902.371	  1.66268e+07
902.658	  1.66132e+07
902.945	  1.65996e+07
903.232	  1.6586e+07
903.519	  1.65725e+07
903.806	  1.65589e+07
904.093	  1.65454e+07
904.38	  1.65318e+07
904.667	  1.65183e+07
904.954	  1.65048e+07
905.241	  1.64913e+07
905.528	  1.64778e+07
905.815	  1.64643e+07
906.102	  1.64508e+07
906.389	  1.64374e+07
906.676	  1.64239e+07
906.963	  1.64105e+07
907.25	  1.6397e+07
907.537	  1.63836e+07
907.824	  1.63702e+07
908.111	  1.63568e+07
908.398	  1.63434e+07
908.685	  1.633e+07
908.972	  1.63166e+07
909.259	  1.63033e+07
909.546	  1.62899e+07
909.833	  1.62766e+07
910.12	  1.62632e+07
910.407	  1.62499e+07
910.694	  1.62366e+07
910.981	  1.62233e+07
911.268	  1.621e+07
911.555	  1.61967e+07
911.842	  1.61835e+07
912.129	  1.61702e+07
912.416	  1.6157e+07
912.703	  1.61437e+07
912.99	  1.61305e+07
913.277	  1.61173e+07
913.564	  1.61041e+07
913.851	  1.60909e+07
914.138	  1.60777e+07
914.425	  1.60645e+07
914.712	  1.60513e+07
914.999	  1.60382e+07
915.286	  1.6025e+07
915.573	  1.60119e+07
915.86	  1.59987e+07
916.147	  1.59856e+07
916.434	  1.59725e+07
916.721	  1.59594e+07
917.008	  1.59463e+07
917.295	  1.59333e+07
917.582	  1.59202e+07
917.869	  1.59071e+07
918.156	  1.58941e+07
918.443	  1.5881e+07
918.73	  1.5868e+07
919.017	  1.5855e+07
919.304	  1.5842e+07
919.591	  1.5829e+07
919.878	  1.5816e+07
920.165	  1.5803e+07
920.452	  1.57901e+07
920.739	  1.57771e+07
921.026	  1.57641e+07
921.313	  1.57512e+07
921.6	  1.57383e+07
921.887	  1.57254e+07
922.174	  1.57125e+07
922.461	  1.56996e+07
922.748	  1.56867e+07
923.035	  1.56738e+07
923.322	  1.56609e+07
923.609	  1.56481e+07
923.896	  1.56352e+07
924.183	  1.56224e+07
924.47	  1.56096e+07
924.757	  1.55967e+07
925.044	  1.55839e+07
925.331	  1.55711e+07
925.618	  1.55583e+07
925.905	  1.55456e+07
926.192	  1.55328e+07
926.479	  1.552e+07
926.766	  1.55073e+07
927.053	  1.54946e+07
927.34	  1.54818e+07
927.627	  1.54691e+07
927.914	  1.54564e+07
928.201	  1.54437e+07
928.488	  1.5431e+07
928.775	  1.54183e+07
929.062	  1.54057e+07
929.349	  1.5393e+07
929.636	  1.53804e+07
929.923	  1.53677e+07
930.21	  1.53551e+07
930.497	  1.53425e+07
930.784	  1.53299e+07
931.071	  1.53173e+07
931.358	  1.53047e+07
931.645	  1.52921e+07
931.932	  1.52795e+07
932.219	  1.5267e+07
932.506	  1.52544e+07
932.793	  1.52419e+07
933.08	  1.52293e+07
933.367	  1.52168e+07
933.654	  1.52043e+07
933.941	  1.51918e+07
934.228	  1.51793e+07
934.515	  1.51668e+07
934.802	  1.51544e+07
935.089	  1.51419e+07
935.376	  1.51294e+07
935.663	  1.5117e+07
935.95	  1.51046e+07
936.237	  1.50921e+07
936.524	  1.50797e+07
936.811	  1.50673e+07
937.098	  1.50549e+07
937.385	  1.50425e+07
937.672	  1.50302e+07
937.959	  1.50178e+07
938.246	  1.50054e+07
938.533	  1.49931e+07
938.82	  1.49808e+07
939.107	  1.49684e+07
939.394	  1.49561e+07
939.681	  1.49438e+07
939.968	  1.49315e+07
940.255	  1.49192e+07
940.542	  1.49069e+07
940.829	  1.48947e+07
941.116	  1.48824e+07
941.403	  1.48702e+07
941.69	  1.48579e+07
941.977	  1.48457e+07
942.264	  1.48335e+07
942.551	  1.48213e+07
942.838	  1.48091e+07
943.125	  1.47969e+07
943.412	  1.47847e+07
943.699	  1.47725e+07
943.986	  1.47604e+07
944.273	  1.47482e+07
944.56	  1.47361e+07
944.847	  1.47239e+07
945.134	  1.47118e+07
945.421	  1.46997e+07
945.708	  1.46876e+07
945.995	  1.46755e+07
946.282	  1.46634e+07
946.569	  1.46513e+07
946.856	  1.46392e+07
947.143	  1.46272e+07
947.43	  1.46151e+07
947.717	  1.46031e+07
948.004	  1.45911e+07
948.291	  1.45791e+07
948.578	  1.4567e+07
948.865	  1.4555e+07
949.152	  1.45431e+07
949.439	  1.45311e+07
949.726	  1.45191e+07
950.013	  1.45071e+07
950.3	  1.44952e+07
950.587	  1.44832e+07
950.874	  1.44713e+07
951.161	  1.44594e+07
951.448	  1.44475e+07
951.735	  1.44356e+07
952.022	  1.44237e+07
952.309	  1.44118e+07
952.596	  1.43999e+07
952.883	  1.4388e+07
953.17	  1.43762e+07
953.457	  1.43643e+07
953.744	  1.43525e+07
954.031	  1.43407e+07
954.318	  1.43288e+07
954.605	  1.4317e+07
954.892	  1.43052e+07
955.179	  1.42934e+07
955.466	  1.42816e+07
955.753	  1.42699e+07
956.04	  1.42581e+07
956.327	  1.42463e+07
956.614	  1.42346e+07
956.901	  1.42229e+07
957.188	  1.42111e+07
957.475	  1.41994e+07
957.762	  1.41877e+07
958.049	  1.4176e+07
958.336	  1.41643e+07
958.623	  1.41526e+07
958.91	  1.4141e+07
959.197	  1.41293e+07
959.484	  1.41177e+07
959.771	  1.4106e+07
960.058	  1.40944e+07
960.345	  1.40828e+07
960.632	  1.40711e+07
960.919	  1.40595e+07
961.206	  1.40479e+07
961.493	  1.40363e+07
961.78	  1.40248e+07
962.067	  1.40132e+07
962.354	  1.40016e+07
962.641	  1.39901e+07
962.928	  1.39785e+07
963.215	  1.3967e+07
963.502	  1.39555e+07
963.789	  1.3944e+07
964.076	  1.39325e+07
964.363	  1.3921e+07
964.65	  1.39095e+07
964.937	  1.3898e+07
965.224	  1.38865e+07
965.511	  1.38751e+07
965.798	  1.38636e+07
966.085	  1.38522e+07
966.372	  1.38408e+07
966.659	  1.38293e+07
966.946	  1.38179e+07
967.233	  1.38065e+07
967.52	  1.37951e+07
967.807	  1.37837e+07
968.094	  1.37724e+07
968.381	  1.3761e+07
968.668	  1.37496e+07
968.955	  1.37383e+07
969.242	  1.37269e+07
969.529	  1.37156e+07
969.816	  1.37043e+07
970.103	  1.3693e+07
970.39	  1.36817e+07
970.677	  1.36704e+07
970.964	  1.36591e+07
971.251	  1.36478e+07
971.538	  1.36365e+07
971.825	  1.36253e+07
972.112	  1.3614e+07
972.399	  1.36028e+07
972.686	  1.35916e+07
972.973	  1.35803e+07
973.26	  1.35691e+07
973.547	  1.35579e+07
973.834	  1.35467e+07
974.121	  1.35355e+07
974.408	  1.35244e+07
974.695	  1.35132e+07
974.982	  1.3502e+07
975.269	  1.34909e+07
975.556	  1.34797e+07
975.843	  1.34686e+07
976.13	  1.34575e+07
976.417	  1.34464e+07
976.704	  1.34353e+07
976.991	  1.34242e+07
977.278	  1.34131e+07
977.565	  1.3402e+07
977.852	  1.33909e+07
978.139	  1.33799e+07
978.426	  1.33688e+07
978.713	  1.33578e+07
979	  1.33467e+07
979.287	  1.33357e+07
979.574	  1.33247e+07
979.861	  1.33137e+07
980.148	  1.33027e+07
980.435	  1.32917e+07
980.722	  1.32807e+07
981.009	  1.32698e+07
981.296	  1.32588e+07
981.583	  1.32478e+07
981.87	  1.32369e+07
982.157	  1.3226e+07
982.444	  1.3215e+07
982.731	  1.32041e+07
983.018	  1.31932e+07
983.305	  1.31823e+07
983.592	  1.31714e+07
983.879	  1.31605e+07
984.166	  1.31496e+07
984.453	  1.31388e+07
984.74	  1.31279e+07
985.027	  1.31171e+07
985.314	  1.31062e+07
985.601	  1.30954e+07
985.888	  1.30846e+07
986.175	  1.30738e+07
986.462	  1.3063e+07
986.749	  1.30522e+07
987.036	  1.30414e+07
987.323	  1.30306e+07
987.61	  1.30198e+07
987.897	  1.30091e+07
988.184	  1.29983e+07
988.471	  1.29876e+07
988.758	  1.29768e+07
989.045	  1.29661e+07
989.332	  1.29554e+07
989.619	  1.29447e+07
989.906	  1.2934e+07
990.193	  1.29233e+07
990.48	  1.29126e+07
990.767	  1.29019e+07
991.054	  1.28913e+07
991.341	  1.28806e+07
991.628	  1.287e+07
991.915	  1.28593e+07
992.202	  1.28487e+07
992.489	  1.28381e+07
992.776	  1.28275e+07
993.063	  1.28169e+07
993.35	  1.28063e+07
993.637	  1.27957e+07
993.924	  1.27851e+07
994.211	  1.27745e+07
994.498	  1.2764e+07
994.785	  1.27534e+07
995.072	  1.27429e+07
995.359	  1.27323e+07
995.646	  1.27218e+07
995.933	  1.27113e+07
996.22	  1.27008e+07
996.507	  1.26903e+07
996.794	  1.26798e+07
997.081	  1.26693e+07
997.368	  1.26588e+07
997.655	  1.26483e+07
997.942	  1.26379e+07
998.229	  1.26274e+07
998.516	  1.2617e+07
998.803	  1.26066e+07
999.09	  1.25961e+07
999.377	  1.25857e+07
999.664	  1.25753e+07
999.951	  1.25649e+07
1000.24	  1.25545e+07
1000.52	  1.25441e+07
1000.81	  1.25338e+07
1001.1	  1.25234e+07
1001.39	  1.2513e+07
1001.67	  1.25027e+07
1001.96	  1.24923e+07
1002.25	  1.2482e+07
1002.53	  1.24717e+07
1002.82	  1.24614e+07
1003.11	  1.24511e+07
1003.39	  1.24408e+07
1003.68	  1.24305e+07
1003.97	  1.24202e+07
1004.26	  1.24099e+07
1004.54	  1.23997e+07
1004.83	  1.23894e+07
1005.12	  1.23792e+07
1005.4	  1.23689e+07
1005.69	  1.23587e+07
1005.98	  1.23485e+07
1006.26	  1.23382e+07
1006.55	  1.2328e+07
1006.84	  1.23178e+07
1007.13	  1.23077e+07
1007.41	  1.22975e+07
1007.7	  1.22873e+07
1007.99	  1.22771e+07
1008.27	  1.2267e+07
1008.56	  1.22568e+07
1008.85	  1.22467e+07
1009.13	  1.22366e+07
1009.42	  1.22264e+07
1009.71	  1.22163e+07
1010	  1.22062e+07
1010.28	  1.21961e+07
1010.57	  1.2186e+07
1010.86	  1.21759e+07
1011.14	  1.21659e+07
1011.43	  1.21558e+07
1011.72	  1.21458e+07
1012	  1.21357e+07
1012.29	  1.21257e+07
1012.58	  1.21156e+07
1012.87	  1.21056e+07
1013.15	  1.20956e+07
1013.44	  1.20856e+07
1013.73	  1.20756e+07
1014.01	  1.20656e+07
1014.3	  1.20556e+07
1014.59	  1.20456e+07
1014.88	  1.20357e+07
1015.16	  1.20257e+07
1015.45	  1.20158e+07
1015.74	  1.20058e+07
1016.02	  1.19959e+07
1016.31	  1.1986e+07
1016.6	  1.1976e+07
1016.88	  1.19661e+07
1017.17	  1.19562e+07
1017.46	  1.19463e+07
1017.75	  1.19365e+07
1018.03	  1.19266e+07
1018.32	  1.19167e+07
1018.61	  1.19068e+07
1018.89	  1.1897e+07
1019.18	  1.18872e+07
1019.47	  1.18773e+07
1019.98	  1.18599e+07
1021.08	  1.18224e+07
1022.17	  1.17849e+07
1023.27	  1.17476e+07
1024.38	  1.17104e+07
1025.47	  1.16733e+07
1026.58	  1.16363e+07
1027.67	  1.15994e+07
1028.78	  1.15627e+07
1029.88	  1.1526e+07
1030.97	  1.14895e+07
1032.08	  1.14531e+07
1033.17	  1.14168e+07
1034.28	  1.13807e+07
1035.38	  1.13446e+07
1036.47	  1.13087e+07
1037.58	  1.12728e+07
1038.67	  1.12371e+07
1039.78	  1.12015e+07
1040.88	  1.1166e+07
1041.97	  1.11307e+07
1043.08	  1.10954e+07
1044.17	  1.10602e+07
1045.28	  1.10252e+07
1046.38	  1.09903e+07
1047.47	  1.09555e+07
1048.58	  1.09207e+07
1049.67	  1.08862e+07
1050.78	  1.08517e+07
1051.88	  1.08173e+07
1052.97	  1.0783e+07
1054.08	  1.07489e+07
1055.17	  1.07148e+07
1056.28	  1.06809e+07
1057.38	  1.0647e+07
1058.47	  1.06133e+07
1059.58	  1.05797e+07
1060.67	  1.05462e+07
1061.78	  1.05128e+07
1062.88	  1.04795e+07
1063.97	  1.04463e+07
1065.08	  1.04132e+07
1066.17	  1.03803e+07
1067.28	  1.03474e+07
1068.38	  1.03146e+07
1069.47	  1.0282e+07
1070.58	  1.02494e+07
1071.67	  1.0217e+07
1072.78	  1.01846e+07
1073.88	  1.01524e+07
1074.97	  1.01202e+07
1076.08	  1.00882e+07
1077.17	  1.00563e+07
1078.28	  1.00244e+07
1079.38	  9.99271e+06
1080.47	  9.96109e+06
1081.58	  9.92956e+06
1082.67	  9.89814e+06
1083.78	  9.86682e+06
1084.88	  9.8356e+06
1085.97	  9.80448e+06
1087.08	  9.77346e+06
1088.17	  9.74254e+06
1089.28	  9.71172e+06
1090.38	  9.68099e+06
1091.47	  9.65037e+06
1092.58	  9.61985e+06
1093.67	  9.58942e+06
1094.78	  9.5591e+06
1095.88	  9.52887e+06
1096.97	  9.49874e+06
1098.08	  9.4687e+06
1099.17	  9.43877e+06
1100.28	  9.40893e+06
1101.38	  9.37918e+06
1102.47	  9.34954e+06
1103.58	  9.31999e+06
1104.67	  9.29053e+06
1105.78	  9.26117e+06
1106.88	  9.23191e+06
1107.97	  9.20273e+06
1109.08	  9.17366e+06
1110.17	  9.14468e+06
1111.28	  9.11579e+06
1112.38	  9.087e+06
1113.47	  9.0583e+06
1114.58	  9.02969e+06
1115.67	  9.00117e+06
1116.78	  8.97275e+06
1117.88	  8.94442e+06
1118.97	  8.91619e+06
1120.08	  8.88804e+06
1121.17	  8.85999e+06
1122.28	  8.83202e+06
1123.38	  8.80415e+06
1124.47	  8.77637e+06
1125.58	  8.74868e+06
1126.67	  8.72108e+06
1127.78	  8.69357e+06
1128.88	  8.66615e+06
1129.97	  8.63882e+06
1131.08	  8.61157e+06
1132.17	  8.58442e+06
1133.28	  8.55736e+06
1134.38	  8.53038e+06
1135.47	  8.50349e+06
1136.58	  8.47669e+06
1137.67	  8.44998e+06
1138.78	  8.42335e+06
1139.88	  8.39681e+06
1140.97	  8.37036e+06
1142.08	  8.34399e+06
1143.17	  8.31771e+06
1144.28	  8.29152e+06
1145.38	  8.26541e+06
1146.47	  8.23939e+06
1147.58	  8.21345e+06
1148.67	  8.1876e+06
1149.78	  8.16183e+06
1150.88	  8.13615e+06
1151.97	  8.11055e+06
1153.08	  8.08503e+06
1154.17	  8.0596e+06
1155.28	  8.03426e+06
1156.38	  8.00899e+06
1157.47	  7.98381e+06
1158.58	  7.95871e+06
1159.67	  7.93369e+06
1160.78	  7.90876e+06
1161.88	  7.88391e+06
1162.97	  7.85914e+06
1164.08	  7.83445e+06
1165.17	  7.80984e+06
1166.28	  7.78531e+06
1167.38	  7.76087e+06
1168.47	  7.7365e+06
1169.58	  7.71221e+06
1170.67	  7.68801e+06
1171.78	  7.66388e+06
1172.88	  7.63984e+06
1173.97	  7.61587e+06
1175.08	  7.59198e+06
1176.17	  7.56817e+06
1177.28	  7.54444e+06
1178.38	  7.52079e+06
1179.47	  7.49722e+06
1180.58	  7.47372e+06
1181.67	  7.4503e+06
1182.78	  7.42696e+06
1183.88	  7.4037e+06
1184.97	  7.38051e+06
1186.08	  7.3574e+06
1187.17	  7.33437e+06
1188.28	  7.31141e+06
1189.38	  7.28853e+06
1190.47	  7.26573e+06
1191.58	  7.243e+06
1192.67	  7.22034e+06
1193.78	  7.19776e+06
1194.88	  7.17526e+06
1195.97	  7.15283e+06
1197.08	  7.13047e+06
1198.17	  7.10819e+06
1199.28	  7.08599e+06
1200.38	  7.06385e+06
1201.47	  7.04179e+06
1202.58	  7.01981e+06
1203.67	  6.9979e+06
1204.78	  6.97606e+06
1205.88	  6.95429e+06
1206.97	  6.93259e+06
1208.08	  6.91097e+06
1209.17	  6.88942e+06
1210.28	  6.86794e+06
1211.38	  6.84654e+06
1212.47	  6.8252e+06
1213.58	  6.80394e+06
1214.67	  6.78274e+06
1215.78	  6.76162e+06
1216.88	  6.74057e+06
1217.97	  6.71959e+06
1219.08	  6.69868e+06
1220.17	  6.67784e+06
1221.28	  6.65706e+06
1222.38	  6.63636e+06
1223.47	  6.61573e+06
1224.58	  6.59517e+06
1225.67	  6.57467e+06
1226.78	  6.55425e+06
1227.88	  6.53389e+06
1228.97	  6.5136e+06
1230.08	  6.49338e+06
1231.17	  6.47323e+06
1232.28	  6.45314e+06
1233.38	  6.43312e+06
1234.47	  6.41317e+06
1235.58	  6.39329e+06
1236.67	  6.37347e+06
1237.78	  6.35372e+06
1238.88	  6.33404e+06
1239.97	  6.31442e+06
1241.08	  6.29487e+06
1242.17	  6.27539e+06
1243.28	  6.25597e+06
1244.38	  6.23661e+06
1245.47	  6.21733e+06
1246.58	  6.1981e+06
1247.67	  6.17894e+06
1248.78	  6.15985e+06
1249.88	  6.14082e+06
1250.97	  6.12186e+06
1252.08	  6.10296e+06
1253.17	  6.08412e+06
1254.28	  6.06535e+06
1255.38	  6.04664e+06
1256.47	  6.028e+06
1257.58	  6.00941e+06
1258.67	  5.99089e+06
1259.78	  5.97244e+06
1260.88	  5.95404e+06
1261.97	  5.93571e+06
1263.08	  5.91745e+06
1264.17	  5.89924e+06
1265.28	  5.88109e+06
1266.38	  5.86301e+06
1267.47	  5.84499e+06
1268.58	  5.82703e+06
1269.67	  5.80913e+06
1270.78	  5.7913e+06
1271.88	  5.77352e+06
1272.97	  5.7558e+06
1274.08	  5.73815e+06
1275.17	  5.72055e+06
1276.28	  5.70302e+06
1277.38	  5.68555e+06
1278.47	  5.66813e+06
1279.58	  5.65078e+06
1280.67	  5.63348e+06
1281.78	  5.61624e+06
1282.88	  5.59907e+06
1283.97	  5.58195e+06
1285.08	  5.56489e+06
1286.17	  5.54789e+06
1287.28	  5.53095e+06
1288.38	  5.51406e+06
1289.47	  5.49724e+06
1290.58	  5.48047e+06
1291.67	  5.46376e+06
1292.78	  5.44711e+06
1293.88	  5.43051e+06
1294.97	  5.41398e+06
1296.08	  5.3975e+06
1297.17	  5.38107e+06
1298.28	  5.36471e+06
1299.38	  5.3484e+06
1300.47	  5.33214e+06
1301.58	  5.31595e+06
1302.67	  5.29981e+06
1303.78	  5.28372e+06
1304.88	  5.26769e+06
1305.97	  5.25172e+06
1307.08	  5.2358e+06
1308.17	  5.21994e+06
1309.28	  5.20413e+06
1310.38	  5.18838e+06
1311.47	  5.17268e+06
1312.58	  5.15704e+06
1313.67	  5.14145e+06
1314.78	  5.12592e+06
1315.88	  5.11044e+06
1316.97	  5.09501e+06
1318.08	  5.07964e+06
1319.17	  5.06432e+06
1320.28	  5.04906e+06
1321.38	  5.03385e+06
1322.47	  5.01869e+06
1323.58	  5.00359e+06
1324.67	  4.98854e+06
1325.78	  4.97354e+06
1326.88	  4.9586e+06
1327.97	  4.94371e+06
1329.08	  4.92887e+06
1330.17	  4.91408e+06
1331.28	  4.89934e+06
1332.38	  4.88466e+06
1333.47	  4.87003e+06
1334.58	  4.85545e+06
1335.67	  4.84092e+06
1336.78	  4.82645e+06
1337.88	  4.81202e+06
1338.97	  4.79765e+06
1340.08	  4.78332e+06
1341.17	  4.76905e+06
1342.28	  4.75483e+06
1343.38	  4.74066e+06
1344.47	  4.72654e+06
1345.58	  4.71247e+06
1346.67	  4.69845e+06
1347.78	  4.68448e+06
1348.88	  4.67056e+06
1349.97	  4.65669e+06
1351.08	  4.64287e+06
1352.17	  4.6291e+06
1353.28	  4.61538e+06
1354.38	  4.60171e+06
1355.47	  4.58808e+06
1356.58	  4.57451e+06
1357.67	  4.56098e+06
1358.78	  4.54751e+06
1359.88	  4.53408e+06
1360.97	  4.5207e+06
1362.08	  4.50737e+06
1363.17	  4.49409e+06
1364.28	  4.48085e+06
1365.38	  4.46766e+06
1366.47	  4.45452e+06
1367.58	  4.44143e+06
1368.67	  4.42839e+06
1369.78	  4.41539e+06
1370.88	  4.40244e+06
1371.97	  4.38954e+06
1373.08	  4.37669e+06
1374.17	  4.36388e+06
1375.28	  4.35112e+06
1376.38	  4.3384e+06
1377.47	  4.32573e+06
1378.58	  4.31311e+06
1379.67	  4.30053e+06
1380.78	  4.288e+06
1381.88	  4.27552e+06
1382.97	  4.26308e+06
1384.08	  4.25069e+06
1385.17	  4.23835e+06
1386.28	  4.22605e+06
1387.38	  4.21379e+06
1388.47	  4.20158e+06
1389.58	  4.18942e+06
1390.67	  4.1773e+06
1391.78	  4.16522e+06
1392.88	  4.15319e+06
1393.97	  4.14121e+06
1395.08	  4.12927e+06
1396.17	  4.11737e+06
1397.28	  4.10552e+06
1398.38	  4.09371e+06
1399.47	  4.08195e+06
1400.58	  4.07023e+06
1401.67	  4.05856e+06
1402.78	  4.04692e+06
1403.88	  4.03534e+06
1404.97	  4.02379e+06
1406.08	  4.01229e+06
1407.17	  4.00083e+06
1408.28	  3.98942e+06
1409.38	  3.97805e+06
1410.47	  3.96672e+06
1411.58	  3.95544e+06
1412.67	  3.9442e+06
1413.78	  3.933e+06
1414.88	  3.92184e+06
1415.97	  3.91073e+06
1417.08	  3.89965e+06
1418.17	  3.88862e+06
1419.28	  3.87764e+06
1420.38	  3.86669e+06
1421.47	  3.85579e+06
1422.58	  3.84493e+06
1423.67	  3.83411e+06
1424.78	  3.82333e+06
1425.88	  3.81259e+06
1426.97	  3.8019e+06
1428.08	  3.79124e+06
1429.17	  3.78063e+06
1430.28	  3.77006e+06
1431.38	  3.75953e+06
1432.47	  3.74904e+06
1433.58	  3.73859e+06
1434.67	  3.72818e+06
1435.78	  3.71782e+06
1436.88	  3.70749e+06
1437.97	  3.69721e+06
1439.08	  3.68696e+06
1440.17	  3.67675e+06
1441.28	  3.66659e+06
1442.38	  3.65646e+06
1443.47	  3.64638e+06
1444.58	  3.63633e+06
1445.67	  3.62633e+06
1446.78	  3.61636e+06
1447.88	  3.60644e+06
1448.97	  3.59655e+06
1450.08	  3.5867e+06
1451.17	  3.5769e+06
1452.28	  3.56713e+06
1453.38	  3.5574e+06
1454.47	  3.54771e+06
1455.58	  3.53806e+06
1456.67	  3.52844e+06
1457.78	  3.51887e+06
1458.88	  3.26239e+06
1459.97	  3.25297e+06
1461.08	  3.24359e+06
1462.17	  3.23424e+06
1463.28	  3.22494e+06
1464.38	  3.21568e+06
1465.47	  3.20645e+06
1466.58	  3.19726e+06
1467.67	  3.18812e+06
1468.78	  3.17901e+06
1469.88	  3.16994e+06
1470.97	  3.1609e+06
1472.08	  3.15191e+06
1473.17	  3.14295e+06
1474.28	  3.13404e+06
1475.38	  3.12516e+06
1476.47	  3.11632e+06
1477.58	  3.10751e+06
1478.67	  3.09875e+06
1479.78	  3.09002e+06
1480.88	  3.08133e+06
1481.97	  3.07268e+06
1483.08	  3.06407e+06
1484.17	  3.05549e+06
1485.28	  3.04695e+06
1486.38	  3.03845e+06
1487.47	  3.02998e+06
1488.58	  3.02156e+06
1489.67	  3.01317e+06
1490.78	  3.00481e+06
1491.88	  2.9965e+06
1492.97	  2.98822e+06
1494.08	  2.97998e+06
1495.17	  2.97177e+06
1496.28	  2.9636e+06
1497.38	  2.95547e+06
1498.47	  2.94738e+06
1499.58	  2.93932e+06
1500.67	  2.9313e+06
1501.78	  2.92331e+06
1502.88	  2.91537e+06
1503.97	  2.90745e+06
1505.08	  2.89958e+06
1506.17	  2.89174e+06
1507.28	  2.88394e+06
1508.38	  2.87617e+06
1509.47	  2.86844e+06
1510.58	  2.86074e+06
1511.67	  2.85308e+06
1512.78	  2.84546e+06
1513.88	  2.83787e+06
1514.97	  2.83032e+06
1516.08	  2.82281e+06
1517.17	  2.81533e+06
1518.28	  2.80788e+06
1519.38	  2.80047e+06
1520.47	  2.7931e+06
1521.58	  2.78576e+06
1522.67	  2.77846e+06
1523.78	  2.77119e+06
1524.88	  2.76396e+06
1525.97	  2.75677e+06
1527.08	  2.74961e+06
1528.17	  2.74248e+06
1529.28	  2.73539e+06
1530.38	  2.72834e+06
1531.47	  2.72132e+06
1532.58	  2.71433e+06
1533.67	  2.70738e+06
1534.78	  2.70047e+06
1535.88	  2.69359e+06
1536.97	  2.68674e+06
1538.08	  2.67993e+06
1539.17	  2.67316e+06
1540.28	  2.66642e+06
1541.38	  2.65971e+06
1542.47	  2.65304e+06
1543.58	  2.64641e+06
1544.67	  2.63981e+06
1545.78	  2.63324e+06
1546.88	  2.62671e+06
1547.97	  2.62021e+06
1549.08	  2.61375e+06
1550.17	  2.60732e+06
1551.28	  2.60093e+06
1552.38	  2.59457e+06
1553.47	  2.58824e+06
1554.58	  2.58195e+06
1555.67	  2.5757e+06
1556.78	  2.56948e+06
1557.88	  2.56329e+06
1558.97	  2.55714e+06
1560.08	  2.55102e+06
1561.17	  2.54494e+06
1562.28	  2.53889e+06
1563.38	  2.53288e+06
1564.47	  2.5269e+06
1565.58	  2.52095e+06
1566.67	  2.51504e+06
1567.78	  2.50916e+06
1568.88	  2.50332e+06
1569.97	  2.49752e+06
1571.08	  2.49174e+06
1572.17	  2.48601e+06
1573.28	  2.4803e+06
1574.38	  2.47463e+06
1575.47	  2.469e+06
1576.58	  2.4634e+06
1577.67	  2.45783e+06
1578.78	  2.4523e+06
1579.88	  2.44681e+06
1580.97	  2.44135e+06
1582.08	  2.43592e+06
1583.17	  2.43053e+06
1584.28	  2.42517e+06
1585.38	  2.41985e+06
1586.47	  2.41457e+06
1587.58	  2.40931e+06
1588.67	  2.4041e+06
1589.78	  2.39892e+06
1590.88	  2.39377e+06
1591.97	  2.38866e+06
1593.08	  2.38359e+06
1594.17	  2.37855e+06
1595.28	  2.37355e+06
1596.38	  2.36858e+06
1597.47	  2.36365e+06
1598.58	  2.35875e+06
1599.67	  2.35389e+06
1600.78	  2.34907e+06
1601.88	  2.34428e+06
1602.97	  2.33953e+06
1604.08	  2.33482e+06
1605.17	  2.33015e+06
1606.28	  2.32551e+06
1607.38	  2.32091e+06
1608.47	  2.31634e+06
1609.58	  2.31182e+06
1610.67	  2.30733e+06
1611.78	  2.30288e+06
1612.88	  2.29847e+06
1613.97	  2.2941e+06
1615.08	  2.28977e+06
1616.17	  2.28548e+06
1617.28	  2.28123e+06
1618.38	  2.27702e+06
1619.47	  2.27285e+06
1620.58	  2.26873e+06
1621.67	  2.26464e+06
1622.78	  2.2606e+06
1623.88	  2.2566e+06
1624.97	  2.25265e+06
1626.08	  2.24874e+06
1627.17	  2.24488e+06
1628.28	  2.24107e+06
1629.38	  2.2373e+06
1630.47	  2.23359e+06
1631.58	  2.22993e+06
1632.67	  2.22632e+06
1633.78	  2.22277e+06
1634.88	  2.21927e+06
1635.97	  2.21584e+06
1637.08	  2.21247e+06
1638.17	  2.20918e+06
1639.28	  2.20597e+06
1640.38	  2.20285e+06
1641.47	  2.19986e+06
1642.58	  2.19708e+06
1643.67	  2.19435e+06
1644.78	  2.19162e+06
1645.88	  2.1889e+06
1646.97	  2.18617e+06
1648.08	  2.18346e+06
1649.17	  2.18074e+06
1650.28	  2.17803e+06
1651.38	  2.17532e+06
1652.47	  2.17262e+06
1653.58	  2.16991e+06
1654.67	  2.16722e+06
1655.78	  2.16452e+06
1656.88	  2.16183e+06
1657.97	  2.15914e+06
1659.08	  2.15646e+06
1660.17	  2.15378e+06
1661.28	  2.1511e+06
1662.38	  2.14843e+06
1663.47	  2.14575e+06
1664.58	  2.14309e+06
1665.67	  2.14042e+06
1666.78	  2.13776e+06
1667.88	  2.13511e+06
1668.97	  2.13245e+06
1670.08	  2.1298e+06
1671.17	  2.12715e+06
1672.28	  2.12451e+06
1673.38	  2.12187e+06
1674.47	  2.11923e+06
1675.58	  2.1166e+06
1676.67	  2.11397e+06
1677.78	  2.11134e+06
1678.88	  2.10872e+06
1679.97	  2.1061e+06
1681.08	  2.10348e+06
1682.17	  2.10087e+06
1683.28	  2.09826e+06
1684.38	  2.09565e+06
1685.47	  2.09305e+06
1686.58	  2.09045e+06
1687.67	  2.08785e+06
1688.78	  2.08526e+06
1689.88	  2.08267e+06
1690.97	  2.08008e+06
1692.08	  2.0775e+06
1693.17	  2.07492e+06
1694.28	  2.07234e+06
1695.38	  2.06977e+06
1696.47	  2.0672e+06
1697.58	  2.06463e+06
1698.67	  2.06207e+06
1699.78	  2.05951e+06
1700.88	  2.05695e+06
1701.97	  2.0544e+06
1703.08	  2.05185e+06
1704.17	  2.0493e+06
1705.28	  2.04676e+06
1706.38	  2.04422e+06
1707.47	  2.04168e+06
1708.58	  2.03914e+06
1709.67	  2.03661e+06
1710.78	  2.03409e+06
1711.88	  2.03156e+06
1712.97	  2.02904e+06
1714.08	  2.02652e+06
1715.17	  2.02401e+06
1716.28	  2.02149e+06
1717.38	  2.01899e+06
1718.47	  2.01648e+06
1719.58	  2.01398e+06
1720.67	  2.01148e+06
1721.78	  2.00899e+06
1722.88	  2.00649e+06
1723.97	  2.004e+06
1725.08	  2.00152e+06
1726.17	  1.99903e+06
1727.28	  1.99656e+06
1728.38	  1.99408e+06
1729.47	  1.99161e+06
1730.58	  1.98914e+06
1731.67	  1.98667e+06
1732.78	  1.98421e+06
1733.88	  1.98174e+06
1734.97	  1.97929e+06
1736.08	  1.97683e+06
1737.17	  1.97438e+06
1738.28	  1.97193e+06
1739.38	  1.96949e+06
1740.47	  1.96705e+06
1741.58	  1.96461e+06
1742.67	  1.96217e+06
1743.78	  1.95974e+06
1744.88	  1.95731e+06
1745.97	  1.95489e+06
1747.08	  1.95246e+06
1748.17	  1.95004e+06
1749.28	  1.94763e+06
1750.38	  1.94521e+06
1751.47	  1.9428e+06
1752.58	  1.9404e+06
1753.67	  1.93799e+06
1754.78	  1.93559e+06
1755.88	  1.93319e+06
1756.97	  1.9308e+06
1758.08	  1.92841e+06
1759.17	  1.92602e+06
1760.28	  1.92363e+06
1761.38	  1.92125e+06
1762.47	  1.91887e+06
1763.58	  1.91649e+06
1764.67	  1.91412e+06
1765.78	  1.91175e+06
1766.88	  1.90938e+06
1767.97	  1.90702e+06
1769.08	  1.90465e+06
1770.17	  1.9023e+06
1771.28	  1.89994e+06
1772.38	  1.89759e+06
1773.47	  1.89524e+06
1774.58	  1.89289e+06
1775.67	  1.89055e+06
1776.78	  1.88821e+06
1777.88	  1.88587e+06
1778.97	  1.88354e+06
1780.08	  1.88121e+06
1781.17	  1.87888e+06
1782.28	  1.87655e+06
1783.38	  1.87423e+06
1784.47	  1.87191e+06
1785.58	  1.8696e+06
1786.67	  1.86728e+06
1787.78	  1.86497e+06
1788.88	  1.86267e+06
1789.97	  1.86036e+06
1791.08	  1.85806e+06
1792.17	  1.85576e+06
1793.28	  1.85347e+06
1794.38	  1.85117e+06
1795.47	  1.84889e+06
1796.58	  1.8466e+06
1797.67	  1.84432e+06
1798.78	  1.84203e+06
1799.88	  1.83976e+06
1800.97	  1.83748e+06
1802.08	  1.83521e+06
1803.17	  1.83294e+06
1804.28	  1.83068e+06
1805.38	  1.82841e+06
1806.47	  1.82615e+06
1807.58	  1.82389e+06
1808.67	  1.82164e+06
1809.78	  1.81939e+06
1810.88	  1.81714e+06
1811.97	  1.8149e+06
1813.08	  1.81265e+06
1814.17	  1.81041e+06
1815.28	  1.80818e+06
1816.38	  1.80594e+06
1817.47	  1.80371e+06
1818.58	  1.80148e+06
1819.67	  1.79926e+06
1820.78	  1.79703e+06
1821.88	  1.79481e+06
1822.97	  1.7926e+06
1824.08	  1.79038e+06
1825.17	  1.78817e+06
1826.28	  1.78596e+06
1827.38	  1.78376e+06
1828.47	  1.78156e+06
1829.58	  1.77936e+06
1830.67	  1.77716e+06
1831.78	  1.77497e+06
1832.88	  1.77277e+06
1833.97	  1.77059e+06
1835.08	  1.7684e+06
1836.17	  1.76622e+06
1837.28	  1.76404e+06
1838.38	  1.76186e+06
1839.47	  1.75969e+06
1840.58	  1.75751e+06
1841.67	  1.75535e+06
1842.78	  1.75318e+06
1843.88	  1.75102e+06
1844.97	  1.74886e+06
1846.08	  1.7467e+06
1847.17	  1.74454e+06
1848.28	  1.74239e+06
1849.38	  1.74024e+06
1850.47	  1.7381e+06
1851.58	  1.73595e+06
1852.67	  1.73381e+06
1853.78	  1.73167e+06
1854.88	  1.72954e+06
1855.97	  1.7274e+06
1857.08	  1.72527e+06
1858.17	  1.72315e+06
1859.28	  1.72102e+06
1860.38	  1.7189e+06
1861.47	  1.71678e+06
1862.58	  1.71467e+06
1863.67	  1.71255e+06
1864.78	  1.71044e+06
1865.88	  1.70833e+06
1866.97	  1.70623e+06
1868.08	  1.70413e+06
1869.17	  1.70203e+06
1870.28	  1.69993e+06
1871.38	  1.69783e+06
1872.47	  1.69574e+06
1873.58	  1.69365e+06
1874.67	  1.69157e+06
1875.78	  1.68948e+06
1876.88	  1.6874e+06
1877.97	  1.68532e+06
1879.08	  1.68325e+06
1880.17	  1.68118e+06
1881.28	  1.67911e+06
1882.38	  1.67704e+06
1883.47	  1.67497e+06
1884.58	  1.67291e+06
1885.67	  1.67085e+06
1886.78	  1.66879e+06
1887.88	  1.66674e+06
1888.97	  1.66469e+06
1890.08	  1.66264e+06
1891.17	  1.66059e+06
1892.28	  1.65855e+06
1893.38	  1.65651e+06
1894.47	  1.65447e+06
1895.58	  1.65243e+06
1896.67	  1.6504e+06
1897.78	  1.64837e+06
1898.88	  1.64634e+06
1899.97	  1.64432e+06
1901.08	  1.64229e+06
1902.17	  1.64027e+06
1903.28	  1.63826e+06
1904.38	  1.63624e+06
1905.47	  1.63423e+06
1906.58	  1.63222e+06
1907.67	  1.63021e+06
1908.78	  1.62821e+06
1909.88	  1.62621e+06
1910.97	  1.62421e+06
1912.08	  1.62221e+06
1913.17	  1.62022e+06
1914.28	  1.61822e+06
1915.38	  1.61624e+06
1916.47	  1.61425e+06
1917.58	  1.61227e+06
1918.67	  1.61028e+06
1919.78	  1.60831e+06
1920.88	  1.60633e+06
1921.97	  1.60436e+06
1923.08	  1.60238e+06
1924.17	  1.60042e+06
1925.28	  1.59845e+06
1926.38	  1.59649e+06
1927.47	  1.59453e+06
1928.58	  1.59257e+06
1929.67	  1.59061e+06
1930.78	  1.58866e+06
1931.88	  1.58671e+06
1932.97	  1.58476e+06
1934.08	  1.58281e+06
1935.17	  1.58087e+06
1936.28	  1.57893e+06
1937.38	  1.57699e+06
1938.47	  1.57505e+06
1939.58	  1.57312e+06
1940.67	  1.57119e+06
1941.78	  1.56926e+06
1942.88	  1.56734e+06
1943.97	  1.56541e+06
1945.08	  1.56349e+06
1946.17	  1.56157e+06
1947.28	  1.55966e+06
1948.38	  1.55774e+06
1949.47	  1.55583e+06
1950.58	  1.55392e+06
1951.67	  1.55202e+06
1952.78	  1.55012e+06
1953.88	  1.54821e+06
1954.97	  1.54632e+06
1956.08	  1.54442e+06
1957.17	  1.54253e+06
1958.28	  1.54063e+06
1959.38	  1.53875e+06
1960.47	  1.53686e+06
1961.58	  1.53497e+06
1962.67	  1.53309e+06
1963.78	  1.53121e+06
1964.88	  1.52934e+06
1965.97	  1.52746e+06
1967.08	  1.52559e+06
1968.17	  1.52372e+06
1969.28	  1.52185e+06
1970.38	  1.51999e+06
1971.47	  1.51813e+06
1972.58	  1.51627e+06
1973.67	  1.51441e+06
1974.78	  1.51256e+06
1975.88	  1.5107e+06
1976.97	  1.50885e+06
1978.08	  1.507e+06
1979.17	  1.50516e+06
1980.28	  1.50332e+06
1981.38	  1.50148e+06
1982.47	  1.49964e+06
1983.58	  1.4978e+06
1984.67	  1.49597e+06
1985.78	  1.49414e+06
1986.88	  1.49231e+06
1987.97	  1.49048e+06
1989.08	  1.48866e+06
1990.17	  1.48684e+06
1991.28	  1.48502e+06
1992.38	  1.4832e+06
1993.47	  1.48138e+06
1994.58	  1.47957e+06
1995.67	  1.47776e+06
1996.78	  1.47595e+06
1997.88	  1.47415e+06
1998.97	  1.47235e+06
2000.08	  1.47054e+06
2001.17	  1.46875e+06
2002.28	  1.46695e+06
2003.38	  1.46516e+06
2004.47	  1.46336e+06
2005.58	  1.46158e+06
2006.67	  1.45979e+06
2007.78	  1.458e+06
2008.88	  1.45622e+06
2009.97	  1.45444e+06
2011.08	  1.45266e+06
2012.17	  1.45089e+06
2013.28	  1.44912e+06
2014.38	  1.44735e+06
2015.47	  1.44558e+06
2016.58	  1.44381e+06
2017.67	  1.44205e+06
2018.78	  1.44029e+06
2019.88	  1.43853e+06
2020.97	  1.43677e+06
2022.08	  1.43501e+06
2023.18	  1.43326e+06
2024.28	  1.43151e+06
2025.38	  1.42976e+06
2026.47	  1.42802e+06
2027.58	  1.42627e+06
2028.68	  1.42453e+06
2029.78	  1.42279e+06
2030.88	  1.42106e+06
2031.97	  1.41932e+06
2033.08	  1.41759e+06
2034.18	  1.41586e+06
2035.28	  1.41413e+06
2036.38	  1.41241e+06
2037.47	  1.41068e+06
2038.58	  1.40896e+06
2039.68	  1.40724e+06
2040.78	  1.40553e+06
2041.88	  1.40381e+06
2042.97	  1.4021e+06
2044.08	  1.40039e+06
2045.18	  1.39868e+06
2046.28	  1.39697e+06
2047.38	  1.39527e+06
2048.47	  1.39357e+06
2049.57	  1.39187e+06
2050.68	  1.39017e+06
2051.78	  1.38848e+06
2052.88	  1.38679e+06
2053.97	  1.3851e+06
2055.07	  1.38341e+06
2056.18	  1.38172e+06
2057.28	  1.38004e+06
2058.38	  1.37836e+06
2059.47	  1.37668e+06
2060.57	  1.375e+06
2061.68	  1.37332e+06
2062.78	  1.37165e+06
2063.88	  1.36998e+06
2064.97	  1.36831e+06
2066.07	  1.36664e+06
2067.18	  1.36498e+06
2068.28	  1.36332e+06
2069.38	  1.36166e+06
2070.47	  1.36e+06
2071.57	  1.35834e+06
2072.68	  1.35669e+06
2073.78	  1.35504e+06
2074.88	  1.35339e+06
2075.97	  1.35174e+06
2077.07	  1.3501e+06
2078.18	  1.34845e+06
2079.28	  1.34681e+06
2080.38	  1.34517e+06
2081.47	  1.34354e+06
2082.57	  1.3419e+06
2083.68	  1.34027e+06
2084.78	  1.33864e+06
2085.88	  1.33701e+06
2086.97	  1.33538e+06
2088.07	  1.33376e+06
2089.18	  1.33214e+06
2090.28	  1.33052e+06
2091.38	  1.3289e+06
2092.47	  1.32728e+06
2093.57	  1.32567e+06
2094.68	  1.32406e+06
2095.78	  1.32245e+06
2096.88	  1.32084e+06
2097.97	  1.31924e+06
2099.07	  1.31763e+06
2100.18	  1.31603e+06
2101.28	  1.31443e+06
2102.38	  1.31284e+06
2103.47	  1.31124e+06
2104.57	  1.30965e+06
2105.68	  1.30806e+06
2106.78	  1.30647e+06
2107.88	  1.30488e+06
2108.97	  1.3033e+06
2110.07	  1.30171e+06
2111.18	  1.30013e+06
2112.28	  1.29855e+06
2113.38	  1.29698e+06
2114.47	  1.2954e+06
2115.57	  1.29383e+06
2116.68	  1.29226e+06
2117.78	  1.29069e+06
2118.88	  1.28912e+06
2119.97	  1.28756e+06
2121.07	  1.286e+06
2122.18	  1.28444e+06
2123.28	  1.28288e+06
2124.38	  1.28132e+06
2125.47	  1.27977e+06
2126.57	  1.27821e+06
2127.68	  1.27666e+06
2128.78	  1.27511e+06
2129.88	  1.27357e+06
2130.97	  1.27202e+06
2132.07	  1.27048e+06
2133.18	  1.26894e+06
2134.28	  1.2674e+06
2135.38	  1.26586e+06
2136.47	  1.26433e+06
2137.57	  1.2628e+06
2138.68	  1.26127e+06
2139.78	  1.25974e+06
2140.88	  1.25821e+06
2141.97	  1.25669e+06
2143.07	  1.25516e+06
2144.18	  1.25364e+06
2145.28	  1.25212e+06
2146.38	  1.25061e+06
2147.47	  1.24909e+06
2148.57	  1.24758e+06
2149.68	  1.24607e+06
2150.78	  1.24456e+06
2151.88	  1.24305e+06
2152.97	  1.24155e+06
2154.07	  1.24004e+06
2155.18	  1.23854e+06
2156.28	  1.23704e+06
2157.38	  1.23554e+06
2158.47	  1.23405e+06
2159.57	  1.23255e+06
2160.68	  1.23106e+06
2161.78	  1.22957e+06
2162.88	  1.22808e+06
2163.97	  1.2266e+06
2165.07	  1.22511e+06
2166.18	  1.22363e+06
2167.28	  1.22215e+06
2168.38	  1.22067e+06
2169.47	  1.2192e+06
2170.57	  1.21772e+06
2171.68	  1.21625e+06
2172.78	  1.21478e+06
2173.88	  1.21331e+06
2174.97	  1.21184e+06
2176.07	  1.21038e+06
2177.18	  1.20891e+06
2178.28	  1.20745e+06
2179.38	  1.20599e+06
2180.47	  1.20454e+06
2181.57	  1.20308e+06
2182.68	  1.20163e+06
2183.78	  1.20017e+06
2184.88	  1.19872e+06
2185.97	  1.19728e+06
2187.07	  1.19583e+06
2188.18	  1.19438e+06
2189.28	  1.19294e+06
2190.38	  1.1915e+06
2191.47	  1.19006e+06
2192.57	  1.18862e+06
2193.68	  1.18719e+06
2194.78	  1.18576e+06
2195.88	  1.18432e+06
2196.97	  1.18289e+06
2198.07	  1.18147e+06
2199.18	  1.18004e+06
2200.28	  1.17862e+06
2201.38	  1.17719e+06
2202.47	  1.17577e+06
2203.57	  1.17435e+06
2204.68	  1.17294e+06
2205.78	  1.17152e+06
2206.88	  1.17011e+06
2207.97	  1.1687e+06
2209.07	  1.16729e+06
2210.18	  1.16588e+06
2211.28	  1.16447e+06
2212.38	  1.16307e+06
2213.47	  1.16167e+06
2214.57	  1.16026e+06
2215.68	  1.15887e+06
2216.78	  1.15747e+06
2217.88	  1.15607e+06
2218.97	  1.15468e+06
2220.07	  1.15329e+06
2221.18	  1.1519e+06
2222.28	  1.15051e+06
2223.38	  1.14912e+06
2224.47	  1.14774e+06
2225.57	  1.14636e+06
2226.68	  1.14497e+06
2227.78	  1.1436e+06
2228.88	  1.14222e+06
2229.97	  1.14084e+06
2231.07	  1.13947e+06
2232.18	  1.1381e+06
2233.28	  1.13673e+06
2234.38	  1.13536e+06
2235.47	  1.13399e+06
2236.57	  1.13262e+06
2237.68	  1.13126e+06
2238.78	  1.1299e+06
2239.88	  1.12854e+06
2240.97	  1.12718e+06
2242.07	  1.12582e+06
2243.18	  1.12447e+06
2244.28	  1.12312e+06
2245.38	  1.12177e+06
2246.47	  1.12042e+06
2247.57	  1.11907e+06
2248.68	  1.11772e+06
2249.78	  1.11638e+06
2250.88	  1.11503e+06
2251.97	  1.11369e+06
2253.07	  1.11235e+06
2254.18	  1.11102e+06
2255.28	  1.10968e+06
2256.38	  1.10835e+06
2257.47	  1.10702e+06
2258.57	  1.10568e+06
2259.68	  1.10436e+06
2260.78	  1.10303e+06
2261.88	  1.1017e+06
2262.97	  1.10038e+06
2264.07	  1.09906e+06
2265.18	  1.09774e+06
2266.28	  1.09642e+06
2267.38	  1.0951e+06
2268.47	  1.09379e+06
2269.57	  1.09247e+06
2270.68	  1.09116e+06
2271.78	  1.08985e+06
2272.88	  1.08854e+06
2273.97	  1.08723e+06
2275.07	  1.08593e+06
2276.18	  1.08462e+06
2277.28	  1.08332e+06
2278.38	  1.08202e+06
2279.47	  1.08072e+06
2280.57	  1.04827e+06
2281.68	  1.04703e+06
2282.78	  1.0458e+06
2283.88	  1.04456e+06
2284.97	  1.04333e+06
2286.07	  1.04209e+06
2287.18	  1.04086e+06
2288.28	  1.03963e+06
2289.38	  1.0384e+06
2290.47	  1.03717e+06
2291.57	  1.03595e+06
2292.68	  1.03472e+06
2293.78	  1.0335e+06
2294.88	  1.03228e+06
2295.97	  1.03106e+06
2297.07	  1.02984e+06
2298.18	  1.02863e+06
2299.28	  1.02741e+06
2300.38	  1.0262e+06
2301.47	  1.02499e+06
2302.57	  1.02378e+06
2303.68	  1.02257e+06
2304.78	  1.02136e+06
2305.88	  1.02015e+06
2306.97	  1.01895e+06
2308.07	  1.01775e+06
2309.18	  1.01655e+06
2310.28	  1.01535e+06
2311.38	  1.01415e+06
2312.47	  1.01295e+06
2313.57	  1.01176e+06
2314.68	  1.01056e+06
2315.78	  1.00937e+06
2316.88	  1.00818e+06
2317.97	  1.00699e+06
2319.07	  1.0058e+06
2320.18	  1.00462e+06
2321.28	  1.00343e+06
2322.38	  1.00225e+06
2323.47	  1.00107e+06
2324.57	  999890
2325.68	  998712
2326.78	  997535
2327.88	  996359
2328.97	  995186
2330.07	  994013
2331.18	  992842
2332.28	  991673
2333.38	  990505
2334.47	  989338
2335.57	  988173
2336.68	  987009
2337.78	  985847
2338.88	  984687
2339.97	  983528
2341.07	  982370
2342.18	  981214
2343.28	  980059
2344.38	  978906
2345.47	  977754
2346.57	  976603
2347.68	  975454
2348.78	  974307
2349.88	  973161
2350.97	  972017
2352.07	  970873
2353.18	  969732
2354.28	  968592
2355.38	  967453
2356.47	  966315
2357.57	  965180
2358.68	  964045
2359.78	  962912
2360.88	  961781
2361.97	  960650
2363.07	  959522
2364.18	  958394
2365.28	  957268
2366.38	  956144
2367.47	  955021
2368.57	  953899
2369.68	  952779
2370.78	  951660
2371.88	  950543
2372.97	  949427
2374.07	  948313
2375.18	  947199
2376.28	  946088
2377.38	  944978
2378.47	  943869
2379.57	  942761
2380.68	  941655
2381.78	  940550
2382.88	  939447
2383.97	  938345
2385.07	  937245
2386.18	  936145
2387.28	  935048
2388.38	  933951
2389.47	  932856
2390.57	  931763
2391.68	  930670
2392.78	  929580
2393.88	  928490
2394.97	  927402
2396.07	  926316
2397.18	  925230
2398.28	  924146
2399.38	  923064
2400.47	  921982
2401.57	  920903
2402.68	  919824
2403.78	  918747
2404.88	  917671
2405.97	  916597
2407.07	  915524
2408.18	  914452
2409.28	  913382
2410.38	  912313
2411.47	  911245
2412.57	  910179
2413.68	  909114
2414.78	  908050
2415.88	  906988
2416.97	  905927
2418.07	  904867
2419.18	  903809
2420.28	  902752
2421.38	  901697
2422.47	  900642
2423.57	  899589
2424.68	  898538
2425.78	  897488
2426.88	  896439
2427.97	  895391
2429.07	  894345
2430.18	  893300
2431.28	  892256
2432.38	  891214
2433.47	  890173
2434.57	  889133
2435.68	  888094
2436.78	  887057
2437.88	  886021
2438.97	  884987
2440.07	  883954
2441.18	  882922
2442.28	  881891
2443.38	  880862
2444.47	  879834
2445.57	  878807
2446.68	  877782
2447.78	  876758
2448.88	  875735
2449.97	  874713
2451.07	  873693
2452.18	  872674
2453.28	  871656
2454.38	  870640
2455.47	  869625
2456.57	  868611
2457.68	  867598
2458.78	  866587
2459.88	  865577
2460.97	  864568
2462.07	  863561
2463.18	  862555
2464.28	  861550
2465.38	  860546
2466.47	  859544
2467.57	  858542
2468.68	  857542
2469.78	  856544
2470.88	  855547
2471.97	  854550
2473.07	  853555
2474.18	  852562
2475.28	  851569
2476.38	  850578
2477.47	  849588
