Emission arising from a slab of Hydrogen (both H and H-).
   
Parameters of the slab:
n_e = 5e+14 cm-3
T_e = 10000 K
tau(lambda=300 nm) = 0.01
L = 56030.5 cm
   
Wavelength (nm), Emission (erg s-1 cm-2 nm-1 sr-1)
50	  122.271
91.2	  867.825
120	  21573.9
150	  152048
175	  429708
200	  902471
225	  1.55568e+06
250	  2.3456e+06
270	  3.03736e+06
290	  3.75087e+06
300	  4.10772e+06
305	  4.28494e+06
310	  4.46093e+06
315	  4.63541e+06
320	  4.80812e+06
322.5	  4.89373e+06
325	  4.9788e+06
327	  5.04645e+06
329	  5.11373e+06
329.999	  5.14719e+06
330.266	  5.15612e+06
330.533	  5.16504e+06
330.8	  5.17395e+06
331.067	  5.18286e+06
331.334	  5.19175e+06
331.601	  5.20065e+06
331.868	  5.20953e+06
332.135	  5.21841e+06
332.402	  5.22727e+06
332.669	  5.23614e+06
332.936	  5.24499e+06
333.203	  5.25384e+06
333.47	  5.26268e+06
333.737	  5.27151e+06
334.004	  5.28034e+06
334.271	  5.28915e+06
334.538	  5.29796e+06
334.805	  5.30677e+06
335.072	  5.31556e+06
335.339	  5.32435e+06
335.606	  5.33313e+06
335.873	  5.3419e+06
336.14	  5.35067e+06
336.407	  5.35942e+06
336.674	  5.36817e+06
336.941	  5.37691e+06
337.208	  5.38565e+06
337.475	  5.39437e+06
337.742	  5.40309e+06
338.009	  5.4118e+06
338.276	  5.4205e+06
338.543	  5.4292e+06
338.81	  5.43788e+06
339.077	  5.44656e+06
339.344	  5.45523e+06
339.611	  5.4639e+06
339.878	  5.47255e+06
340.145	  5.4812e+06
340.412	  5.48984e+06
340.679	  5.49847e+06
340.946	  5.50709e+06
341.213	  5.5157e+06
341.48	  5.52431e+06
341.747	  5.53291e+06
342.014	  5.54149e+06
342.281	  5.55008e+06
342.548	  5.55865e+06
342.815	  5.56721e+06
343.082	  5.57577e+06
343.349	  5.58432e+06
343.616	  5.59286e+06
343.883	  5.60139e+06
344.15	  5.60991e+06
344.417	  5.61843e+06
344.684	  5.62693e+06
344.951	  5.63543e+06
345.218	  5.64392e+06
345.485	  5.6524e+06
345.752	  5.66087e+06
346.019	  5.66933e+06
346.286	  5.67779e+06
346.553	  5.68623e+06
346.82	  5.69467e+06
347.087	  5.7031e+06
347.354	  5.71152e+06
347.621	  5.71993e+06
347.888	  5.72833e+06
348.155	  5.73673e+06
348.422	  5.74511e+06
348.689	  5.75349e+06
348.956	  5.76186e+06
349.223	  5.77021e+06
349.49	  5.77856e+06
349.757	  5.7869e+06
350.024	  5.79524e+06
350.291	  5.80356e+06
350.558	  5.81187e+06
350.825	  5.82018e+06
351.092	  5.82847e+06
351.359	  5.83676e+06
351.626	  5.84504e+06
351.893	  5.85331e+06
352.16	  5.86157e+06
352.427	  5.86982e+06
352.694	  5.87806e+06
352.961	  5.8863e+06
353.228	  5.89452e+06
353.495	  5.90273e+06
353.762	  5.91094e+06
354.029	  5.91914e+06
354.296	  5.92732e+06
354.563	  5.9355e+06
354.83	  5.94367e+06
355.097	  5.95183e+06
355.364	  5.95998e+06
355.631	  5.96812e+06
355.898	  5.97625e+06
356.165	  5.98437e+06
356.432	  5.99249e+06
356.699	  6.00059e+06
356.966	  6.00868e+06
357.233	  6.01677e+06
357.5	  6.02484e+06
357.767	  6.03291e+06
358.034	  6.04096e+06
358.301	  6.04901e+06
358.568	  6.05705e+06
358.835	  6.06508e+06
359.102	  6.0731e+06
359.369	  6.0811e+06
359.636	  6.0891e+06
359.903	  6.09709e+06
360.17	  6.10507e+06
360.437	  6.11304e+06
360.704	  6.121e+06
360.971	  6.12896e+06
361.238	  6.1369e+06
361.505	  6.14483e+06
361.772	  6.15275e+06
362.039	  6.16067e+06
362.306	  6.16857e+06
362.573	  6.17646e+06
363	  6.18907e+06
363.027	  6.18986e+06
363.054	  6.19064e+06
363.08	  6.19143e+06
363.107	  6.19222e+06
363.134	  6.19301e+06
363.16	  6.19379e+06
363.187	  6.19458e+06
363.214	  6.19537e+06
363.24	  6.19615e+06
363.267	  6.19694e+06
363.294	  6.19772e+06
363.321	  6.19851e+06
363.347	  6.1993e+06
363.374	  6.20008e+06
363.401	  6.20087e+06
363.427	  6.20165e+06
363.454	  6.20244e+06
363.481	  6.20323e+06
363.508	  6.20401e+06
363.534	  6.2048e+06
363.561	  6.20558e+06
363.588	  6.20637e+06
363.614	  6.20715e+06
363.641	  6.20794e+06
363.668	  6.20872e+06
363.694	  6.20951e+06
363.721	  6.21029e+06
363.748	  6.21108e+06
363.774	  6.21186e+06
363.801	  6.21265e+06
363.828	  6.21343e+06
363.855	  6.21421e+06
363.881	  6.215e+06
363.908	  6.21578e+06
363.935	  6.21657e+06
363.961	  6.21735e+06
363.988	  6.21813e+06
364.015	  6.21892e+06
364.041	  6.2197e+06
364.068	  6.22048e+06
364.095	  6.22127e+06
364.122	  6.22205e+06
364.148	  6.22283e+06
364.175	  6.22362e+06
364.202	  6.2244e+06
364.228	  6.22518e+06
364.255	  6.22596e+06
364.282	  6.22675e+06
364.308	  6.22753e+06
364.335	  6.22831e+06
364.362	  6.22909e+06
364.389	  6.22988e+06
364.415	  6.23066e+06
364.442	  6.23144e+06
364.469	  6.23222e+06
364.495	  6.233e+06
364.522	  6.23378e+06
364.549	  6.23456e+06
364.575	  6.23534e+06
364.602	  6.23613e+06
364.629	  6.23691e+06
364.656	  6.23769e+06
364.682	  6.23847e+06
364.709	  6.23925e+06
364.736	  390708
364.762	  390756
364.789	  390805
364.816	  390853
364.842	  390901
364.869	  390950
364.896	  390998
364.923	  391046
364.949	  391095
364.976	  391143
365.003	  391191
365.029	  391239
365.056	  391288
365.083	  391336
365.11	  391384
365.136	  391433
365.163	  391481
365.19	  391529
365.216	  391577
365.243	  391626
365.27	  391674
365.296	  391722
365.323	  391770
365.35	  391819
365.377	  391867
365.403	  391915
365.43	  391963
365.457	  392012
365.483	  392060
365.51	  392108
365.537	  392156
365.563	  392204
365.59	  392253
365.617	  392301
365.643	  392349
365.67	  392397
365.697	  392445
365.724	  392493
365.75	  392542
365.777	  392590
365.804	  392638
365.83	  392686
365.857	  392734
365.884	  392782
365.91	  392830
365.937	  392878
365.964	  392927
365.991	  392975
365.991	  392975
366.258	  393455
366.525	  393936
366.792	  394415
367.059	  394894
367.326	  395373
367.593	  395851
367.86	  396329
368.127	  396806
368.394	  397282
368.661	  397758
368.928	  398233
369.195	  398708
369.462	  399182
369.729	  399656
369.996	  400129
370.263	  400602
370.53	  401074
370.797	  401545
371.064	  402016
371.331	  402486
371.598	  402956
371.865	  403426
372.132	  403894
372.399	  404362
372.666	  404830
372.933	  405297
373.2	  405764
373.467	  406229
373.734	  406695
374.001	  407160
374.268	  407624
374.535	  408088
374.802	  408551
375.069	  409013
375.336	  409475
375.603	  409937
375.87	  410398
376.137	  410858
376.404	  411318
376.671	  411777
376.938	  412236
377.205	  412694
377.472	  413151
377.739	  413608
378.006	  414065
378.273	  414520
378.54	  414976
378.807	  415430
379.074	  415885
379.341	  416338
379.608	  416791
379.875	  417244
380.142	  417695
380.409	  418147
380.676	  418597
380.943	  419048
381.21	  419497
381.477	  419946
381.744	  420395
382.011	  420842
382.278	  421290
382.545	  421736
382.812	  422182
383.079	  422628
383.346	  423073
383.613	  423517
383.88	  423961
384.147	  424405
384.414	  424847
384.681	  425289
384.948	  425731
385.215	  426172
385.482	  426612
385.749	  427052
386.016	  427491
386.283	  427930
386.55	  428368
386.817	  428806
387.084	  429243
387.351	  429679
387.618	  430115
387.885	  430550
388.152	  430984
388.419	  431418
388.686	  431852
388.953	  432285
389.22	  432717
389.487	  433149
389.754	  433580
390.021	  434010
390.288	  434440
390.555	  434870
390.822	  435299
391.089	  435727
391.356	  436154
391.623	  436582
391.89	  437008
392.157	  437434
392.424	  437859
392.691	  438284
392.958	  438708
393.225	  439132
393.492	  439555
393.759	  439977
394.026	  440399
394.293	  440820
394.56	  441241
394.827	  441661
395.094	  442080
395.361	  442499
395.628	  442917
395.895	  443335
396.162	  443752
396.429	  444169
396.696	  444585
396.963	  445000
397.23	  445415
397.497	  445829
397.764	  446242
398.031	  446655
398.298	  447068
398.565	  447480
398.832	  447891
399.099	  448302
399.366	  448712
399.633	  449121
399.9	  449530
400.167	  449938
400.434	  450346
400.701	  450753
400.968	  451160
401.235	  451566
401.502	  451971
401.769	  452376
402.036	  452780
402.303	  453184
402.57	  453587
402.837	  453989
403.104	  454391
403.371	  454792
403.638	  455193
403.905	  455593
404.172	  455992
404.439	  456391
404.706	  456790
404.973	  457187
405.24	  457584
405.507	  457981
405.774	  458377
406.041	  458772
406.308	  459167
406.575	  459561
406.842	  459955
407.109	  460348
407.376	  460740
407.643	  461132
407.91	  461523
408.177	  461914
408.444	  462304
408.711	  462693
408.978	  463082
409.245	  463471
409.512	  463858
409.779	  464245
410.046	  464632
410.313	  465018
410.58	  465403
410.847	  465788
411.114	  466172
411.381	  466556
411.648	  466938
411.915	  467321
412.182	  467703
412.449	  468084
412.716	  468464
412.983	  468845
413.25	  469224
413.517	  469603
413.784	  469981
414.051	  470359
414.318	  470736
414.585	  471112
414.852	  471488
415.119	  471864
415.386	  472238
415.653	  472612
415.92	  472986
416.187	  473359
416.454	  473731
416.721	  474103
416.988	  474474
417.255	  474845
417.522	  475215
417.789	  475584
418.056	  475953
418.323	  476321
418.59	  476689
418.857	  477056
419.124	  477423
419.391	  477789
419.658	  478154
419.925	  478519
420.192	  478883
420.459	  479246
420.726	  479609
420.993	  479972
421.26	  480333
421.527	  480695
421.794	  481055
422.061	  481415
422.328	  481775
422.595	  482134
422.862	  482492
423.129	  482850
423.396	  483207
423.663	  483563
423.93	  483919
424.197	  484275
424.464	  484629
424.731	  484983
424.998	  485337
425.265	  485690
425.532	  486043
425.799	  486394
426.066	  486746
426.333	  487096
426.6	  487446
426.867	  487796
427.134	  488145
427.401	  488493
427.668	  488841
427.935	  489188
428.202	  489535
428.469	  489881
428.736	  490226
429.003	  490571
429.27	  490915
429.537	  491259
429.804	  491602
430.071	  491945
430.338	  492287
430.605	  492628
430.872	  492969
431.139	  493309
431.406	  493649
431.673	  493988
431.94	  494326
432.207	  494664
432.474	  495001
432.741	  495338
433.008	  495674
433.275	  496010
433.542	  496345
433.809	  496679
434.076	  497013
434.343	  497347
434.61	  497679
434.877	  498011
435.144	  498343
435.411	  498674
435.678	  499004
435.945	  499334
436.212	  499663
436.479	  499992
436.746	  500320
437.013	  500648
437.28	  500975
437.547	  501301
437.814	  501627
438.081	  501952
438.348	  502277
438.615	  502601
438.882	  502924
439.149	  503247
439.416	  503569
439.683	  503891
439.95	  504212
440.217	  504533
440.484	  504853
440.751	  505173
441.018	  505491
441.285	  505810
441.552	  506128
441.819	  506445
442.086	  506761
442.353	  507078
442.62	  507393
442.887	  507708
443.154	  508022
443.421	  508336
443.688	  508649
443.955	  508962
444.222	  509274
444.489	  509586
444.756	  509897
445.023	  510207
445.29	  510517
445.557	  510826
445.824	  511135
446.091	  511443
446.358	  511751
446.625	  512058
446.892	  512364
447.159	  512670
447.426	  512975
447.693	  513280
447.96	  513584
448.227	  513888
448.494	  514191
448.761	  514494
449.028	  514795
449.295	  515097
449.562	  515398
449.829	  515698
450.096	  515998
450.363	  516297
450.63	  516595
450.897	  516893
451.164	  517191
451.431	  517488
451.698	  517784
451.965	  518080
452.232	  518375
452.499	  518670
452.766	  518964
453.033	  519258
453.3	  519551
453.567	  519843
453.834	  520135
454.101	  520426
454.368	  520717
454.635	  521007
454.902	  521297
455.169	  521586
455.436	  521875
455.703	  522163
455.97	  522450
456.237	  522737
456.504	  523024
456.771	  523309
457.038	  523595
457.305	  523879
457.572	  524164
457.839	  524447
458.106	  524730
458.373	  525013
458.64	  525295
458.907	  525576
459.174	  525857
459.441	  526137
459.708	  526417
459.975	  526696
460.242	  526975
460.509	  527253
460.776	  527531
461.043	  527808
461.31	  528084
461.577	  528360
461.844	  528636
462.111	  528911
462.378	  529185
462.645	  529459
462.912	  529732
463.179	  530005
463.446	  530277
463.713	  530549
463.98	  530820
464.247	  531090
464.514	  531360
464.781	  531630
465.048	  531899
465.315	  532167
465.582	  532435
465.849	  532702
466.116	  532969
466.383	  533235
466.65	  533501
466.917	  533766
467.184	  534031
467.451	  534295
467.718	  534558
467.985	  534821
468.252	  535084
468.519	  535346
468.786	  535607
469.053	  535868
469.32	  536129
469.587	  536388
469.854	  536648
470.121	  536907
470.388	  537165
470.655	  537422
470.922	  537680
471.189	  537936
471.456	  538192
471.723	  538448
471.99	  538703
472.257	  538958
472.524	  539212
472.791	  539465
473.058	  539718
473.325	  539970
473.592	  540222
473.859	  540474
474.126	  540725
474.393	  540975
474.66	  541225
474.927	  541474
475.194	  541723
475.461	  541971
475.728	  542219
475.995	  542466
476.262	  542713
476.529	  542959
476.796	  543204
477.063	  543449
477.33	  543694
477.597	  543938
477.864	  544182
478.131	  544425
478.398	  544667
478.665	  544909
478.932	  545151
479.199	  545392
479.466	  545632
479.733	  545872
480	  546111
480.267	  546350
480.534	  546589
480.801	  546827
481.068	  547064
481.335	  547301
481.602	  547537
481.869	  547773
482.136	  548008
482.403	  548243
482.67	  548477
482.937	  548711
483.204	  548945
483.471	  549177
483.738	  549410
484.005	  549641
484.272	  549873
484.539	  550103
484.806	  550334
485.073	  550563
485.34	  550792
485.607	  551021
485.874	  551249
486.141	  551477
486.408	  551704
486.675	  551931
486.942	  552157
487.209	  552383
487.476	  552608
487.743	  552833
488.01	  553057
488.277	  553281
488.544	  553504
488.811	  553726
489.078	  553949
489.345	  554170
489.612	  554392
489.879	  554612
490.146	  554832
490.413	  555052
490.68	  555271
490.947	  555490
491.214	  555708
491.481	  555926
491.748	  556143
492.015	  556360
492.282	  556576
492.549	  556792
492.816	  557007
493.083	  557222
493.35	  557436
493.617	  557650
493.884	  557863
494.151	  558076
494.418	  558288
494.685	  558500
494.952	  558711
495.219	  558922
495.486	  559132
495.753	  559342
496.02	  559552
496.287	  559761
496.554	  559969
496.821	  560177
497.088	  560384
497.355	  560591
497.622	  560798
497.889	  561004
498.156	  561209
498.423	  561414
498.69	  561619
498.957	  561823
499.224	  562026
499.491	  562229
499.758	  562432
500.025	  562634
500.292	  562836
500.559	  563037
500.826	  563238
501.093	  563438
501.36	  563637
501.627	  563837
501.894	  564036
502.161	  564234
502.428	  564432
502.695	  564629
502.962	  564826
503.229	  565022
503.496	  565218
503.763	  565414
504.03	  565609
504.297	  565803
504.564	  565997
504.831	  566191
505.098	  566384
505.365	  566576
505.632	  566769
505.899	  566960
506.166	  567152
506.433	  567342
506.7	  567533
506.967	  567722
507.234	  567912
507.501	  568101
507.768	  568289
508.035	  568477
508.302	  568664
508.569	  568851
508.836	  569038
509.103	  569224
509.37	  569410
509.637	  569595
509.904	  569780
510.171	  569964
510.438	  570148
510.705	  570331
510.972	  570514
511.239	  570696
511.506	  570878
511.773	  571060
512.04	  571241
512.307	  571421
512.574	  571601
512.841	  571781
513.108	  571960
513.375	  572139
513.642	  572317
513.909	  572495
514.176	  572673
514.443	  572850
514.71	  573026
514.977	  573202
515.244	  573378
515.511	  573553
515.778	  573727
516.045	  573902
516.312	  574075
516.579	  574249
516.846	  574422
517.113	  574594
517.38	  574766
517.647	  574938
517.914	  575109
518.181	  575279
518.448	  575450
518.715	  575619
518.982	  575789
519.249	  575957
519.516	  576126
519.783	  576294
520.05	  576461
520.317	  576628
520.584	  576795
520.851	  576961
521.118	  577127
521.385	  577292
521.652	  577457
521.919	  577622
522.186	  577786
522.453	  577949
522.72	  578112
522.987	  578275
523.254	  578437
523.521	  578599
523.788	  578761
524.055	  578922
524.322	  579082
524.589	  579242
524.856	  579402
525.123	  579561
525.39	  579720
525.657	  579878
525.924	  580036
526.191	  580194
526.458	  580351
526.725	  580507
526.992	  580663
527.259	  580819
527.526	  580975
527.793	  581129
528.06	  581284
528.327	  581438
528.594	  581592
528.861	  581745
529.128	  581898
529.395	  582050
529.662	  582202
529.929	  582353
530.196	  582504
530.463	  582655
530.73	  582805
530.997	  582955
531.264	  583104
531.531	  583253
531.798	  583402
532.065	  583550
532.332	  583698
532.599	  583845
532.866	  583992
533.133	  584138
533.4	  584284
533.667	  584430
533.934	  584575
534.201	  584720
534.468	  584864
534.735	  585008
535.002	  585152
535.269	  585295
535.536	  585438
535.803	  585580
536.07	  585722
536.337	  585863
536.604	  586004
536.871	  586145
537.138	  586285
537.405	  586425
537.672	  586564
537.939	  586703
538.206	  586842
538.473	  586980
538.74	  587118
539.007	  587255
539.274	  587392
539.541	  587529
539.808	  587665
540.075	  587800
540.342	  587936
540.609	  588071
540.876	  588205
541.143	  588339
541.41	  588473
541.677	  588606
541.944	  588739
542.211	  588872
542.478	  589004
542.745	  589136
543.012	  589267
543.279	  589398
543.546	  589528
543.813	  589658
544.08	  589788
544.347	  589917
544.614	  590046
544.881	  590175
545.148	  590303
545.415	  590431
545.682	  590558
545.949	  590685
546.216	  590811
546.483	  590938
546.75	  591063
547.017	  591189
547.284	  591314
547.551	  591438
547.818	  591562
548.085	  591686
548.352	  591810
548.619	  591933
548.886	  592055
549.153	  592177
549.42	  592299
549.687	  592421
549.954	  592542
550.221	  592662
550.488	  592783
550.755	  592903
551.022	  593022
551.289	  593141
551.556	  593260
551.823	  593378
552.09	  593496
552.357	  593614
552.624	  593731
552.891	  593848
553.158	  593965
553.425	  594081
553.692	  594196
553.959	  594312
554.226	  594427
554.493	  594541
554.76	  594655
555.027	  594769
555.294	  594882
555.561	  594996
555.828	  595108
556.095	  595220
556.362	  595332
556.629	  595444
556.896	  595555
557.163	  595666
557.43	  595776
557.697	  595886
557.964	  595996
558.231	  596105
558.498	  596214
558.765	  596323
559.032	  596431
559.299	  596539
559.566	  596646
560.009	  596824
560.296	  596938
560.583	  597052
560.87	  597166
561.157	  597279
561.444	  597391
561.731	  597504
562.018	  597616
562.305	  597727
562.592	  597838
562.879	  597949
563.166	  598059
563.453	  598169
563.74	  598278
564.027	  598387
564.314	  598495
564.601	  598603
564.888	  598711
565.175	  598818
565.462	  598925
565.749	  599032
566.036	  599138
566.323	  599243
566.61	  599348
566.897	  599453
567.184	  599558
567.471	  599661
567.758	  599765
568.045	  599868
568.332	  599971
568.619	  600073
568.906	  600175
569.193	  600277
569.48	  600378
569.767	  600478
570.054	  600579
570.341	  600678
570.628	  600778
570.915	  600877
571.202	  600976
571.489	  601074
571.776	  601172
572.063	  601269
572.35	  601366
572.637	  601463
572.924	  601559
573.211	  601655
573.498	  601750
573.785	  601845
574.072	  601940
574.359	  602034
574.646	  602128
574.933	  602222
575.22	  602315
575.507	  602407
575.794	  602499
576.081	  602591
576.368	  602683
576.655	  602774
576.942	  602865
577.229	  602955
577.516	  603045
577.803	  603134
578.09	  603223
578.377	  603312
578.664	  603401
578.951	  603488
579.238	  603576
579.525	  603663
579.812	  603750
580.099	  603836
580.386	  603922
580.673	  604008
580.96	  604093
581.247	  604178
581.534	  604263
581.821	  604347
582.108	  604431
582.395	  604514
582.682	  604597
582.969	  604679
583.256	  604762
583.543	  604843
583.83	  604925
584.117	  605006
584.404	  605087
584.691	  605167
584.978	  605247
585.265	  605326
585.552	  605406
585.839	  605484
586.126	  605563
586.413	  605641
586.7	  605719
586.987	  605796
587.274	  605873
587.561	  605949
587.848	  606026
588.135	  606101
588.422	  606177
588.709	  606252
588.996	  606327
589.283	  606401
589.57	  606475
589.857	  606549
590.144	  606622
590.431	  606695
590.718	  606767
591.005	  606839
591.292	  606911
591.579	  606983
591.866	  607054
592.153	  607124
592.44	  607195
592.727	  607265
593.014	  607334
593.301	  607403
593.588	  607472
593.875	  607541
594.162	  607609
594.449	  607677
594.736	  607744
595.023	  607811
595.31	  607878
595.597	  607944
595.884	  608011
596.171	  608076
596.458	  608142
596.745	  608206
597.032	  608271
597.319	  608335
597.606	  608399
597.893	  608463
598.18	  608526
598.467	  608589
598.754	  608651
599.041	  608713
599.328	  608775
599.615	  608837
599.902	  608898
600.189	  608959
600.476	  609019
600.763	  609079
601.05	  609139
601.337	  609198
601.624	  609257
601.911	  609316
602.198	  609374
602.485	  609432
602.772	  609490
603.059	  609547
603.346	  609604
603.633	  609661
603.92	  609717
604.207	  609773
604.494	  609828
604.781	  609884
605.068	  609939
605.355	  609993
605.642	  610047
605.929	  610101
606.216	  610155
606.503	  610208
606.79	  610261
607.077	  610314
607.364	  610366
607.651	  610418
607.938	  610469
608.225	  610521
608.512	  610571
608.799	  610622
609.086	  610672
609.373	  610722
609.66	  610772
609.947	  610821
610.234	  610870
610.521	  610919
610.808	  610967
611.095	  611015
611.382	  611062
611.669	  611110
611.956	  611157
612.243	  611203
612.53	  611249
612.817	  611295
613.104	  611341
613.391	  611386
613.678	  611431
613.965	  611476
614.252	  611520
614.539	  611564
614.826	  611608
615.113	  611652
615.4	  611695
615.687	  611737
615.974	  611780
616.261	  611822
616.548	  611864
616.835	  611905
617.122	  611946
617.409	  611987
617.696	  612028
617.983	  612068
618.27	  612108
618.557	  612147
618.844	  612187
619.131	  612226
619.418	  612264
619.705	  612303
619.992	  612341
620.279	  612378
620.566	  612416
620.853	  612453
621.14	  612490
621.427	  612526
621.714	  612562
622.001	  612598
622.288	  612634
622.575	  612669
622.862	  612704
623.149	  612738
623.436	  612773
623.723	  612807
624.01	  612840
624.297	  612874
624.584	  612907
624.871	  612940
625.158	  612972
625.445	  613004
625.732	  613036
626.019	  613068
626.306	  613099
626.593	  613130
626.88	  613161
627.167	  613191
627.454	  613221
627.741	  613251
628.028	  613280
628.315	  613310
628.602	  613338
628.889	  613367
629.176	  613395
629.463	  613423
629.75	  613451
630.037	  613478
630.324	  613505
630.611	  613532
630.898	  613559
631.185	  613585
631.472	  613611
631.759	  613637
632.046	  613662
632.333	  613687
632.62	  613712
632.907	  613736
633.194	  613760
633.481	  613784
633.768	  613808
634.055	  613831
634.342	  613854
634.629	  613877
634.916	  613900
635.203	  613922
635.49	  613944
635.777	  613965
636.064	  613986
636.351	  614008
636.638	  614028
636.925	  614049
637.212	  614069
637.499	  614089
637.786	  614108
638.073	  614128
638.36	  614147
638.647	  614166
638.934	  614184
639.221	  614202
639.508	  614220
639.795	  614238
640.082	  614255
640.369	  614272
640.656	  614289
640.943	  614306
641.23	  614322
641.517	  614338
641.804	  614354
642.091	  614369
642.378	  614384
642.665	  614399
642.952	  614414
643.239	  614428
643.526	  614442
643.813	  614456
644.1	  614469
644.387	  614483
644.674	  614496
644.961	  614508
645.248	  614521
645.535	  614533
645.822	  614545
646.109	  614556
646.396	  614568
646.683	  614579
646.97	  614590
647.257	  614600
647.544	  614611
647.831	  614621
648.118	  614630
648.405	  614640
648.692	  614649
648.979	  614658
649.266	  614667
649.553	  614675
649.84	  614683
650.127	  614691
650.414	  614699
650.701	  614706
650.988	  614713
651.275	  614720
651.562	  614727
651.849	  614733
652.136	  614739
652.423	  614745
652.71	  614751
652.997	  614756
653.284	  614761
653.571	  614766
653.858	  614770
654.145	  614774
654.432	  614778
654.719	  614782
655.006	  614786
655.293	  614789
655.58	  614792
655.867	  614795
656.154	  614797
656.441	  614799
656.728	  614801
657.015	  614803
657.302	  614805
657.589	  614806
657.876	  614807
658.163	  614808
658.45	  614808
658.737	  614808
659.024	  614808
659.311	  614808
659.598	  614807
659.885	  614807
660.172	  614806
660.459	  614804
660.746	  614803
661.033	  614801
661.32	  614799
661.607	  614797
661.894	  614794
662.181	  614792
662.468	  614789
662.755	  614785
663.042	  614782
663.329	  614778
663.616	  614774
663.903	  614770
664.19	  614766
664.477	  614761
664.764	  614756
665.051	  614751
665.338	  614745
665.625	  614740
665.912	  614734
666.199	  614728
666.486	  614721
666.773	  614715
667.06	  614708
667.347	  614701
667.634	  614694
667.921	  614686
668.208	  614678
668.495	  614670
668.782	  614662
669.069	  614653
669.356	  614645
669.643	  614636
669.93	  614627
670.217	  614617
670.504	  614607
670.791	  614598
671.078	  614587
671.365	  614577
671.652	  614567
671.939	  614556
672.226	  614545
672.513	  614533
672.8	  614522
673.087	  614510
673.374	  614498
673.661	  614486
673.948	  614474
674.235	  614461
674.522	  614448
674.809	  614435
675.096	  614422
675.383	  614408
675.67	  614394
675.957	  614380
676.244	  614366
676.531	  614352
676.818	  614337
677.105	  614322
677.392	  614307
677.679	  614291
677.966	  614276
678.253	  614260
678.54	  614244
678.827	  614228
679.114	  614211
679.401	  614195
679.688	  614178
679.975	  614161
680.262	  614143
680.549	  614126
680.836	  614108
681.123	  614090
681.41	  614072
681.697	  614053
681.984	  614035
682.271	  614016
682.558	  613997
682.845	  613978
683.132	  613958
683.419	  613938
683.706	  613918
683.993	  613898
684.28	  613878
684.567	  613857
684.854	  613836
685.141	  613815
685.428	  613794
685.715	  613773
686.002	  613751
686.289	  613729
686.576	  613707
686.863	  613685
687.15	  613662
687.437	  613640
687.724	  613617
688.011	  613594
688.298	  613570
688.585	  613547
688.872	  613523
689.159	  613499
689.446	  613475
689.733	  613451
690.02	  613426
690.307	  613401
690.594	  613376
690.881	  613351
691.168	  613326
691.455	  613300
691.742	  613274
692.029	  613248
692.316	  613222
692.603	  613196
692.89	  613169
693.177	  613142
693.464	  613115
693.751	  613088
694.038	  613061
694.325	  613033
694.612	  613005
694.899	  612977
695.186	  612949
695.473	  612921
695.76	  612892
696.047	  612863
696.334	  612834
696.621	  612805
696.908	  612776
697.195	  612746
697.482	  612716
697.769	  612686
698.056	  612656
698.343	  612625
698.63	  612595
698.917	  612564
699.204	  612533
699.491	  612502
699.778	  612471
700.065	  612439
700.352	  612407
700.639	  612375
700.926	  612343
701.213	  612311
701.5	  612278
701.787	  612246
702.074	  612213
702.361	  612180
702.648	  612146
702.935	  612113
703.222	  612079
703.509	  612045
703.796	  612011
704.083	  611977
704.37	  611943
704.657	  611908
704.944	  611873
705.231	  611838
705.518	  611803
705.805	  611768
706.092	  611732
706.379	  611696
706.666	  611660
706.953	  611624
707.24	  611588
707.527	  611551
707.814	  611515
708.101	  611478
708.388	  611441
708.675	  611404
708.962	  611366
709.249	  611329
709.536	  611291
709.823	  611253
710.11	  611215
710.397	  611177
710.684	  611138
710.971	  611099
711.258	  611061
711.545	  611022
711.832	  610982
712.119	  610943
712.406	  610903
712.693	  610864
712.98	  610824
713.267	  610784
713.554	  610743
713.841	  610703
714.128	  610662
714.415	  610621
714.702	  610580
714.989	  610539
715.276	  610498
715.563	  610456
715.85	  610415
716.137	  610373
716.424	  610331
716.711	  610289
716.998	  610246
717.285	  610204
717.572	  610161
717.859	  610118
718.146	  610075
718.433	  610032
718.72	  609988
719.007	  609945
719.294	  609901
719.581	  609857
719.868	  609813
720.155	  609768
720.442	  609724
720.729	  609679
721.016	  609635
721.303	  609590
721.59	  609545
721.877	  609499
722.164	  609454
722.451	  609408
722.738	  609362
723.025	  609316
723.312	  609270
723.599	  609224
723.886	  609177
724.173	  609131
724.46	  609084
724.747	  609037
725.034	  608990
725.321	  608943
725.608	  608895
725.895	  608848
726.182	  608800
726.469	  608752
726.756	  608704
727.043	  608655
727.33	  608607
727.617	  608558
727.904	  608510
728.191	  608461
728.478	  608412
728.765	  608362
729.052	  608313
729.339	  608263
729.626	  608214
729.913	  608164
730.2	  608114
730.487	  608064
730.774	  608013
731.061	  607963
731.348	  607912
731.635	  607861
731.922	  607810
732.209	  607759
732.496	  607708
732.783	  607656
733.07	  607605
733.357	  607553
733.644	  607501
733.931	  607449
734.218	  607397
734.505	  607344
734.792	  607292
735.079	  607239
735.366	  607186
735.653	  607133
735.94	  607080
736.227	  607027
736.514	  606973
736.801	  606920
737.088	  606866
737.375	  606812
737.662	  606758
737.949	  606704
738.236	  606649
738.523	  606595
738.81	  606540
739.097	  606485
739.384	  606430
739.671	  606375
739.958	  606320
740.245	  606264
740.532	  606209
740.819	  606153
741.106	  606097
741.393	  606041
741.68	  605985
741.967	  605929
742.254	  605872
742.541	  605816
742.828	  605759
743.115	  605702
743.402	  605645
743.689	  605588
743.976	  605530
744.263	  605473
744.55	  605415
744.837	  605358
745.124	  605300
745.411	  605242
745.698	  605183
745.985	  605125
746.272	  605067
746.559	  605008
746.846	  604949
747.133	  604890
747.42	  604831
747.707	  604772
747.994	  604713
748.281	  604653
748.568	  604594
748.855	  604534
749.142	  604474
749.429	  604414
749.716	  604354
750.003	  604293
750.29	  604233
750.577	  604172
750.864	  604112
751.151	  604051
751.438	  603990
751.725	  603929
752.012	  603867
752.299	  603806
752.586	  603744
752.873	  603683
753.16	  603621
753.447	  603559
753.734	  603497
754.021	  603434
754.308	  603372
754.595	  603310
754.882	  603247
755.169	  603184
755.456	  603121
755.743	  603058
756.03	  602995
756.317	  602932
756.604	  602868
756.891	  602805
757.178	  602741
757.465	  602677
757.752	  602613
758.039	  602549
758.326	  602485
758.613	  602420
758.9	  602356
759.187	  602291
759.474	  602226
759.761	  602162
760.048	  602097
760.335	  602031
760.622	  601966
760.909	  601901
761.196	  601835
761.483	  601769
761.77	  601704
762.057	  601638
762.344	  601572
762.631	  601506
762.918	  601439
763.205	  601373
763.492	  601306
763.779	  601240
764.066	  601173
764.353	  601106
764.64	  601039
764.927	  600972
765.214	  600904
765.501	  600837
765.788	  600769
766.075	  600702
766.362	  600634
766.649	  600566
766.936	  600498
767.223	  600430
767.51	  600361
767.797	  600293
768.084	  600224
768.371	  600156
768.658	  600087
768.945	  600018
769.232	  599949
769.519	  599880
769.806	  599810
770.093	  599741
770.38	  599671
770.667	  599602
770.954	  599532
771.241	  599462
771.528	  599392
771.815	  599322
772.102	  599252
772.389	  599181
772.676	  599111
772.963	  599040
773.25	  598970
773.537	  598899
773.824	  598828
774.111	  598757
774.398	  598686
774.685	  598614
774.972	  598543
775.259	  598471
775.546	  598400
775.833	  598328
776.12	  598256
776.407	  598184
776.694	  598112
776.981	  598040
777.268	  597967
777.555	  597895
777.842	  597822
778.129	  597750
778.416	  597677
778.703	  597604
778.99	  597531
779.277	  597458
779.564	  597384
779.851	  597311
780.138	  597238
780.425	  597164
780.712	  597090
780.999	  597016
781.286	  596942
781.573	  596868
781.86	  596794
782.147	  596720
782.434	  596646
782.721	  596571
783.008	  596497
783.295	  596422
783.582	  596347
783.869	  596272
784.156	  596197
784.443	  596122
784.73	  596047
785.017	  595971
785.304	  595896
785.591	  595820
785.878	  595745
786.165	  595669
786.452	  595593
786.739	  595517
787.026	  595441
787.313	  595365
787.6	  595288
787.887	  595212
788.174	  595135
788.461	  595059
788.748	  594982
789.035	  594905
789.322	  594828
789.609	  594751
789.896	  594674
790.183	  594597
790.47	  594519
790.757	  594442
791.044	  594364
791.331	  594286
791.618	  594209
791.905	  594131
792.192	  594053
792.479	  593975
792.766	  593896
793.053	  593818
793.34	  593740
793.627	  593661
793.914	  593583
794.201	  593504
794.488	  593425
794.775	  593346
795.062	  593267
795.349	  593188
795.636	  593109
795.923	  593030
796.21	  592950
796.497	  592871
796.784	  592791
797.071	  592711
797.358	  592631
797.645	  592552
797.932	  592472
798.219	  592391
798.506	  592311
798.793	  592231
799.08	  592151
799.367	  592070
799.654	  591989
799.941	  591909
800.228	  591828
800.515	  591747
800.802	  591666
801.089	  591585
801.376	  591504
801.663	  591423
801.95	  591341
802.237	  591260
802.524	  591178
802.811	  591097
803.098	  591015
803.385	  590933
803.672	  590851
803.959	  590769
804.246	  590687
804.533	  590605
804.82	  590522
805.107	  590440
805.394	  590357
805.681	  590275
805.968	  590192
806.255	  590109
806.542	  590027
806.829	  589944
807.116	  589861
807.403	  589777
807.69	  589694
807.977	  589611
808.264	  589527
808.551	  589444
808.838	  589360
809.125	  589277
809.412	  589193
809.699	  589109
809.986	  589025
810.273	  588941
810.56	  588857
810.847	  588773
811.134	  588688
811.421	  588604
811.708	  588520
811.995	  588435
812.282	  588350
812.569	  588266
812.856	  588181
813.143	  588096
813.43	  588011
813.717	  587926
814.004	  587840
814.291	  587755
814.578	  587670
814.865	  587584
815.152	  587499
815.439	  587413
815.726	  587327
816.013	  587242
816.3	  587156
816.587	  587070
816.874	  586984
817.161	  586898
817.448	  586811
817.735	  586725
818.022	  586639
818.309	  586552
818.596	  586466
818.883	  586379
819.17	  586292
819.457	  586206
820.002	  586040
820.031	  586032
820.059	  586023
820.088	  586014
820.117	  586006
820.146	  585997
820.174	  585988
820.203	  585979
820.232	  585971
820.26	  585962
820.289	  585953
820.318	  585945
820.346	  585936
820.375	  585927
820.404	  585919
820.433	  585910
820.461	  585901
820.49	  585892
820.519	  585884
820.547	  585875
820.576	  585866
820.605	  585858
820.633	  229089
820.662	  229085
820.691	  229082
820.72	  229078
820.748	  229075
820.777	  229071
820.806	  229068
820.834	  229064
820.863	  229061
820.892	  229057
820.92	  229054
820.949	  229050
820.978	  229046
821.007	  229043
821.035	  229039
821.064	  229036
821.093	  229032
821.121	  229029
821.15	  229025
821.179	  229022
821.207	  229018
821.236	  229015
821.265	  229011
821.294	  229007
821.322	  229004
821.351	  229000
821.38	  228997
821.408	  228993
821.437	  228990
821.466	  228986
821.494	  228983
821.523	  228979
821.552	  228976
821.581	  228972
821.609	  228968
821.638	  228965
821.667	  228961
821.695	  228958
821.724	  228954
821.753	  228951
821.781	  228947
821.81	  228944
821.839	  228940
821.868	  228937
821.896	  228933
821.925	  228929
821.954	  228926
821.982	  228922
822.011	  228919
822.011	  228919
822.298	  228883
822.585	  228848
822.872	  228812
823.159	  228777
823.446	  228741
823.733	  228705
824.02	  228670
824.307	  228634
824.594	  228598
824.881	  228562
825.168	  228527
825.455	  228491
825.742	  228455
826.029	  228419
826.316	  228383
826.603	  228347
826.89	  228312
827.177	  228276
827.464	  228240
827.751	  228204
828.038	  228168
828.325	  228132
828.612	  228096
828.899	  228060
829.186	  228023
829.473	  227987
829.76	  227951
830.047	  227915
830.334	  227879
830.621	  227843
830.908	  227806
831.195	  227770
831.482	  227734
831.769	  227698
832.056	  227661
832.343	  227625
832.63	  227588
832.917	  227552
833.204	  227516
833.491	  227479
833.778	  227443
834.065	  227406
834.352	  227370
834.639	  227333
834.926	  227297
835.213	  227260
835.5	  227224
835.787	  227187
836.074	  227150
836.361	  227114
836.648	  227077
836.935	  227040
837.222	  227004
837.509	  226967
837.796	  226930
838.083	  226893
838.37	  226856
838.657	  226820
838.944	  226783
839.231	  226746
839.518	  226709
839.805	  226672
840.092	  226635
840.379	  226598
840.666	  226561
840.953	  226524
841.24	  226487
841.527	  226450
841.814	  226413
842.101	  226376
842.388	  226339
842.675	  226302
842.962	  226265
843.249	  226228
843.536	  226190
843.823	  226153
844.11	  226116
844.397	  226079
844.684	  226042
844.971	  226004
845.258	  225967
845.545	  225930
845.832	  225892
846.119	  225855
846.406	  225818
846.693	  225780
846.98	  225743
847.267	  225705
847.554	  225668
847.841	  225630
848.128	  225593
848.415	  225555
848.702	  225518
848.989	  225480
849.276	  225443
849.563	  225405
849.85	  225368
850.137	  225330
850.424	  225292
850.711	  225255
850.998	  225217
851.285	  225179
851.572	  225141
851.859	  225104
852.146	  225066
852.433	  225028
852.72	  224990
853.007	  224953
853.294	  224915
853.581	  224877
853.868	  224839
854.155	  224801
854.442	  224763
854.729	  224725
855.016	  224687
855.303	  224649
855.59	  224611
855.877	  224573
856.164	  224535
856.451	  224497
856.738	  224459
857.025	  224421
857.312	  224383
857.599	  224345
857.886	  224307
858.173	  224269
858.46	  224231
858.747	  224193
859.034	  224154
859.321	  224116
859.608	  224078
859.895	  224040
860.182	  224001
860.469	  223963
860.756	  223925
861.043	  223887
861.33	  223848
861.617	  223810
861.904	  223772
862.191	  223733
862.478	  223695
862.765	  223656
863.052	  223618
863.339	  223579
863.626	  223541
863.913	  223503
864.2	  223464
864.487	  223426
864.774	  223387
865.061	  223348
865.348	  223310
865.635	  223271
865.922	  223233
866.209	  223194
866.496	  223156
866.783	  223117
867.07	  223078
867.357	  223040
867.644	  223001
867.931	  222962
868.218	  222923
868.505	  222885
868.792	  222846
869.079	  222807
869.366	  222768
869.653	  222730
869.94	  222691
870.227	  222652
870.514	  222613
870.801	  222574
871.088	  222535
871.375	  222497
871.662	  222458
871.949	  222419
872.236	  222380
872.523	  222341
872.81	  222302
873.097	  222263
873.384	  222224
873.671	  222185
873.958	  222146
874.245	  222107
874.532	  222068
874.819	  222029
875.106	  221990
875.393	  221951
875.68	  221911
875.967	  221872
876.254	  221833
876.541	  221794
876.828	  221755
877.115	  221716
877.402	  221677
877.689	  221637
877.976	  221598
878.263	  221559
878.55	  221520
878.837	  221480
879.124	  221441
879.411	  221402
879.698	  221362
879.985	  221323
880.272	  221284
880.559	  221244
880.846	  221205
881.133	  221166
881.42	  221126
881.707	  221087
881.994	  221048
882.281	  221008
882.568	  220969
882.855	  220929
883.142	  220890
883.429	  220850
883.716	  220811
884.003	  220771
884.29	  220732
884.577	  220692
884.864	  220653
885.151	  220613
885.438	  220573
885.725	  220534
886.012	  220494
886.299	  220455
886.586	  220415
886.873	  220375
887.16	  220336
887.447	  220296
887.734	  220256
888.021	  220217
888.308	  220177
888.595	  220137
888.882	  220098
889.169	  220058
889.456	  220018
889.743	  219978
890.03	  219939
890.317	  219899
890.604	  219859
890.891	  219819
891.178	  219779
891.465	  219740
891.752	  219700
892.039	  219660
892.326	  219620
892.613	  219580
892.9	  219540
893.187	  219500
893.474	  219460
893.761	  219420
894.048	  219380
894.335	  219340
894.622	  219301
894.909	  219261
895.196	  219221
895.483	  219181
895.77	  219141
896.057	  219101
896.344	  219060
896.631	  219020
896.918	  218980
897.205	  218940
897.492	  218900
897.779	  218860
898.066	  218820
898.353	  218780
898.64	  218740
898.927	  218700
899.214	  218660
899.501	  218619
899.788	  218579
900.075	  218539
900.362	  218499
900.649	  218459
900.936	  218418
901.223	  218378
901.51	  218338
901.797	  218298
902.084	  218257
902.371	  218217
902.658	  218177
902.945	  218137
903.232	  218096
903.519	  218056
903.806	  218016
904.093	  217975
904.38	  217935
904.667	  217895
904.954	  217854
905.241	  217814
905.528	  217774
905.815	  217733
906.102	  217693
906.389	  217652
906.676	  217612
906.963	  217572
907.25	  217531
907.537	  217491
907.824	  217450
908.111	  217410
908.398	  217369
908.685	  217329
908.972	  217288
909.259	  217248
909.546	  217207
909.833	  217167
910.12	  217126
910.407	  217086
910.694	  217045
910.981	  217005
911.268	  216964
911.555	  216923
911.842	  216883
912.129	  216842
912.416	  216802
912.703	  216761
912.99	  216720
913.277	  216680
913.564	  216639
913.851	  216598
914.138	  216558
914.425	  216517
914.712	  216476
914.999	  216436
915.286	  216395
915.573	  216354
915.86	  216314
916.147	  216273
916.434	  216232
916.721	  216191
917.008	  216151
917.295	  216110
917.582	  216069
917.869	  216028
918.156	  215988
918.443	  215947
918.73	  215906
919.017	  215865
919.304	  215824
919.591	  215783
919.878	  215743
920.165	  215702
920.452	  215661
920.739	  215620
921.026	  215579
921.313	  215538
921.6	  215497
921.887	  215457
922.174	  215416
922.461	  215375
922.748	  215334
923.035	  215293
923.322	  215252
923.609	  215211
923.896	  215170
924.183	  215129
924.47	  215088
924.757	  215047
925.044	  215006
925.331	  214965
925.618	  214924
925.905	  214883
926.192	  214842
926.479	  214801
926.766	  214760
927.053	  214719
927.34	  214678
927.627	  214637
927.914	  214596
928.201	  214555
928.488	  214514
928.775	  214473
929.062	  214432
929.349	  214391
929.636	  214350
929.923	  214308
930.21	  214267
930.497	  214226
930.784	  214185
931.071	  214144
931.358	  214103
931.645	  214062
931.932	  214021
932.219	  213979
932.506	  213938
932.793	  213897
933.08	  213856
933.367	  213815
933.654	  213773
933.941	  213732
934.228	  213691
934.515	  213650
934.802	  213609
935.089	  213567
935.376	  213526
935.663	  213485
935.95	  213444
936.237	  213402
936.524	  213361
936.811	  213320
937.098	  213279
937.385	  213237
937.672	  213196
937.959	  213155
938.246	  213114
938.533	  213072
938.82	  213031
939.107	  212990
939.394	  212948
939.681	  212907
939.968	  212866
940.255	  212824
940.542	  212783
940.829	  212742
941.116	  212700
941.403	  212659
941.69	  212618
941.977	  212576
942.264	  212535
942.551	  212493
942.838	  212452
943.125	  212411
943.412	  212369
943.699	  212328
943.986	  212286
944.273	  212245
944.56	  212204
944.847	  212162
945.134	  212121
945.421	  212079
945.708	  212038
945.995	  211996
946.282	  211955
946.569	  211913
946.856	  211872
947.143	  211831
947.43	  211789
947.717	  211748
948.004	  211706
948.291	  211665
948.578	  211623
948.865	  211582
949.152	  211540
949.439	  211499
949.726	  211457
950.013	  211416
950.3	  211374
950.587	  211333
950.874	  211291
951.161	  211249
951.448	  211208
951.735	  211166
952.022	  211125
952.309	  211083
952.596	  211042
952.883	  211000
953.17	  210959
953.457	  210917
953.744	  210875
954.031	  210834
954.318	  210792
954.605	  210751
954.892	  210709
955.179	  210667
955.466	  210626
955.753	  210584
956.04	  210543
956.327	  210501
956.614	  210459
956.901	  210418
957.188	  210376
957.475	  210334
957.762	  210293
958.049	  210251
958.336	  210210
958.623	  210168
958.91	  210126
959.197	  210085
959.484	  210043
959.771	  210001
960.058	  209960
960.345	  209918
960.632	  209876
960.919	  209835
961.206	  209793
961.493	  209751
961.78	  209709
962.067	  209668
962.354	  209626
962.641	  209584
962.928	  209543
963.215	  209501
963.502	  209459
963.789	  209418
964.076	  209376
964.363	  209334
964.65	  209292
964.937	  209251
965.224	  209209
965.511	  209167
965.798	  209125
966.085	  209084
966.372	  209042
966.659	  209000
966.946	  208958
967.233	  208917
967.52	  208875
967.807	  208833
968.094	  208791
968.381	  208750
968.668	  208708
968.955	  208666
969.242	  208624
969.529	  208582
969.816	  208541
970.103	  208499
970.39	  208457
970.677	  208415
970.964	  208373
971.251	  208332
971.538	  208290
971.825	  208248
972.112	  208206
972.399	  208164
972.686	  208123
972.973	  208081
973.26	  208039
973.547	  207997
973.834	  207955
974.121	  207913
974.408	  207872
974.695	  207830
974.982	  207788
975.269	  207746
975.556	  207704
975.843	  207662
976.13	  207621
976.417	  207579
976.704	  207537
976.991	  207495
977.278	  207453
977.565	  207411
977.852	  207369
978.139	  207328
978.426	  207286
978.713	  207244
979	  207202
979.287	  207160
979.574	  207118
979.861	  207076
980.148	  207034
980.435	  206993
980.722	  206951
981.009	  206909
981.296	  206867
981.583	  206825
981.87	  206783
982.157	  206741
982.444	  206699
982.731	  206657
983.018	  206616
983.305	  206574
983.592	  206532
983.879	  206490
984.166	  206448
984.453	  206406
984.74	  206364
985.027	  206322
985.314	  206280
985.601	  206238
985.888	  206197
986.175	  206155
986.462	  206113
986.749	  206071
987.036	  206029
987.323	  205987
987.61	  205945
987.897	  205903
988.184	  205861
988.471	  205819
988.758	  205777
989.045	  205735
989.332	  205693
989.619	  205651
989.906	  205610
990.193	  205568
990.48	  205526
990.767	  205484
991.054	  205442
991.341	  205400
991.628	  205358
991.915	  205316
992.202	  205274
992.489	  205232
992.776	  205190
993.063	  205148
993.35	  205106
993.637	  205064
993.924	  205022
994.211	  204980
994.498	  204938
994.785	  204896
995.072	  204854
995.359	  204813
995.646	  204771
995.933	  204729
996.22	  204687
996.507	  204645
996.794	  204603
997.081	  204561
997.368	  204519
997.655	  204477
997.942	  204435
998.229	  204393
998.516	  204351
998.803	  204309
999.09	  204267
999.377	  204225
999.664	  204183
999.951	  204141
1000.24	  204099
1000.52	  204057
1000.81	  204015
1001.1	  203973
1001.39	  203931
1001.67	  203889
1001.96	  203847
1002.25	  203805
1002.53	  203763
1002.82	  203721
1003.11	  203679
1003.39	  203637
1003.68	  203595
1003.97	  203554
1004.26	  203512
1004.54	  203470
1004.83	  203428
1005.12	  203386
1005.4	  203344
1005.69	  203302
1005.98	  203260
1006.26	  203218
1006.55	  203176
1006.84	  203134
1007.13	  203092
1007.41	  203050
1007.7	  203008
1007.99	  202966
1008.27	  202924
1008.56	  202882
1008.85	  202840
1009.13	  202798
1009.42	  202756
1009.71	  202714
1010	  202672
1010.28	  202630
1010.57	  202588
1010.86	  202546
1011.14	  202504
1011.43	  202462
1011.72	  202420
1012	  202378
1012.29	  202336
1012.58	  202294
1012.87	  202252
1013.15	  202210
1013.44	  202168
1013.73	  202126
1014.01	  202084
1014.3	  202042
1014.59	  202000
1014.88	  201959
1015.16	  201917
1015.45	  201875
1015.74	  201833
1016.02	  201791
1016.31	  201749
1016.6	  201707
1016.88	  201665
1017.17	  201623
1017.46	  201581
1017.75	  201539
1018.03	  201497
1018.32	  201455
1018.61	  201413
1018.89	  201371
1019.18	  201329
1019.47	  201287
1019.98	  201213
1021.08	  201052
1022.17	  200891
1023.27	  200730
1024.38	  200570
1025.47	  200409
1026.58	  200248
1027.67	  200088
1028.78	  199927
1029.88	  199766
1030.97	  199606
1032.08	  199445
1033.17	  199284
1034.28	  199124
1035.38	  198963
1036.47	  198803
1037.58	  198642
1038.67	  198482
1039.78	  198321
1040.88	  198161
1041.97	  198001
1043.08	  197840
1044.17	  197680
1045.28	  197520
1046.38	  197359
1047.47	  197199
1048.58	  197039
1049.67	  196879
1050.78	  196719
1051.88	  196559
1052.97	  196399
1054.08	  196239
1055.17	  196079
1056.28	  195919
1057.38	  195759
1058.47	  195599
1059.58	  195439
1060.67	  195280
1061.78	  195120
1062.88	  194960
1063.97	  194801
1065.08	  194641
1066.17	  194482
1067.28	  194322
1068.38	  194163
1069.47	  194004
1070.58	  193844
1071.67	  193685
1072.78	  193526
1073.88	  193367
1074.97	  193208
1076.08	  193049
1077.17	  192890
1078.28	  192731
1079.38	  192572
1080.47	  192414
1081.58	  192255
1082.67	  192096
1083.78	  191938
1084.88	  191779
1085.97	  191621
1087.08	  191462
1088.17	  191304
1089.28	  191146
1090.38	  190987
1091.47	  190829
1092.58	  190671
1093.67	  190513
1094.78	  190355
1095.88	  190197
1096.97	  190039
1098.08	  189882
1099.17	  189724
1100.28	  189566
1101.38	  189409
1102.47	  189251
1103.58	  189094
1104.67	  188937
1105.78	  188779
1106.88	  188622
1107.97	  188465
1109.08	  188308
1110.17	  188151
1111.28	  187994
1112.38	  187838
1113.47	  187681
1114.58	  187524
1115.67	  187368
1116.78	  187211
1117.88	  187055
1118.97	  186898
1120.08	  186742
1121.17	  186586
1122.28	  186430
1123.38	  186274
1124.47	  186118
1125.58	  185962
1126.67	  185806
1127.78	  185651
1128.88	  185495
1129.97	  185340
1131.08	  185184
1132.17	  185029
1133.28	  184874
1134.38	  184718
1135.47	  184563
1136.58	  184408
1137.67	  184253
1138.78	  184099
1139.88	  183944
1140.97	  183789
1142.08	  183635
1143.17	  183480
1144.28	  183326
1145.38	  183172
1146.47	  183017
1147.58	  182863
1148.67	  182709
1149.78	  182555
1150.88	  182402
1151.97	  182248
1153.08	  182094
1154.17	  181941
1155.28	  181787
1156.38	  181634
1157.47	  181481
1158.58	  181328
1159.67	  181175
1160.78	  181022
1161.88	  180869
1162.97	  180716
1164.08	  180563
1165.17	  180411
1166.28	  180258
1167.38	  180106
1168.47	  179954
1169.58	  179801
1170.67	  179649
1171.78	  179497
1172.88	  179345
1173.97	  179194
1175.08	  179042
1176.17	  178890
1177.28	  178739
1178.38	  178588
1179.47	  178436
1180.58	  178285
1181.67	  178134
1182.78	  177983
1183.88	  177832
1184.97	  177682
1186.08	  177531
1187.17	  177380
1188.28	  177230
1189.38	  177080
1190.47	  176929
1191.58	  176779
1192.67	  176629
1193.78	  176479
1194.88	  176329
1195.97	  176180
1197.08	  176030
1198.17	  175881
1199.28	  175731
1200.38	  175582
1201.47	  175433
1202.58	  175284
1203.67	  175135
1204.78	  174986
1205.88	  174837
1206.97	  174689
1208.08	  174540
1209.17	  174392
1210.28	  174243
1211.38	  174095
1212.47	  173947
1213.58	  173799
1214.67	  173651
1215.78	  173504
1216.88	  173356
1217.97	  173208
1219.08	  173061
1220.17	  172914
1221.28	  172767
1222.38	  172619
1223.47	  172472
1224.58	  172326
1225.67	  172179
1226.78	  172032
1227.88	  171886
1228.97	  171739
1230.08	  171593
1231.17	  171447
1232.28	  171301
1233.38	  171155
1234.47	  171009
1235.58	  170863
1236.67	  170718
1237.78	  170572
1238.88	  170427
1239.97	  170282
1241.08	  170137
1242.17	  169992
1243.28	  169847
1244.38	  169702
1245.47	  169557
1246.58	  169413
1247.67	  169268
1248.78	  169124
1249.88	  168980
1250.97	  168836
1252.08	  168692
1253.17	  168548
1254.28	  168404
1255.38	  168260
1256.47	  168117
1257.58	  167973
1258.67	  167830
1259.78	  167687
1260.88	  167544
1261.97	  167401
1263.08	  167258
1264.17	  167116
1265.28	  166973
1266.38	  166831
1267.47	  166688
1268.58	  166546
1269.67	  166404
1270.78	  166262
1271.88	  166120
1272.97	  165979
1274.08	  165837
1275.17	  165695
1276.28	  165554
1277.38	  165413
1278.47	  165272
1279.58	  165131
1280.67	  164990
1281.78	  164849
1282.88	  164708
1283.97	  164568
1285.08	  164428
1286.17	  164287
1287.28	  164147
1288.38	  164007
1289.47	  163867
1290.58	  163727
1291.67	  163588
1292.78	  163448
1293.88	  163309
1294.97	  163169
1296.08	  163030
1297.17	  162891
1298.28	  162752
1299.38	  162613
1300.47	  162475
1301.58	  162336
1302.67	  162198
1303.78	  162059
1304.88	  161921
1305.97	  161783
1307.08	  161645
1308.17	  161507
1309.28	  161370
1310.38	  161232
1311.47	  161094
1312.58	  160957
1313.67	  160820
1314.78	  160683
1315.88	  160546
1316.97	  160409
1318.08	  160272
1319.17	  160136
1320.28	  159999
1321.38	  159863
1322.47	  159727
1323.58	  159590
1324.67	  159454
1325.78	  159319
1326.88	  159183
1327.97	  159047
1329.08	  158912
1330.17	  158776
1331.28	  158641
1332.38	  158506
1333.47	  158371
1334.58	  158236
1335.67	  158101
1336.78	  157967
1337.88	  157832
1338.97	  157698
1340.08	  157563
1341.17	  157429
1342.28	  157295
1343.38	  157161
1344.47	  157028
1345.58	  156894
1346.67	  156761
1347.78	  156627
1348.88	  156494
1349.97	  156361
1351.08	  156228
1352.17	  156095
1353.28	  155962
1354.38	  155829
1355.47	  155697
1356.58	  155564
1357.67	  155432
1358.78	  155300
1359.88	  155168
1360.97	  155036
1362.08	  154904
1363.17	  154773
1364.28	  154641
1365.38	  154510
1366.47	  154379
1367.58	  154247
1368.67	  154116
1369.78	  153985
1370.88	  153855
1371.97	  153724
1373.08	  153593
1374.17	  153463
1375.28	  153333
1376.38	  153203
1377.47	  153073
1378.58	  152943
1379.67	  152813
1380.78	  152683
1381.88	  152554
1382.97	  152424
1384.08	  152295
1385.17	  152166
1386.28	  152037
1387.38	  151908
1388.47	  151779
1389.58	  151650
1390.67	  151522
1391.78	  151394
1392.88	  151265
1393.97	  151137
1395.08	  151009
1396.17	  150881
1397.28	  150753
1398.38	  150626
1399.47	  150498
1400.58	  150371
1401.67	  150243
1402.78	  150116
1403.88	  149989
1404.97	  149862
1406.08	  149735
1407.17	  149609
1408.28	  149482
1409.38	  149356
1410.47	  149230
1411.58	  149103
1412.67	  148977
1413.78	  148851
1414.88	  148726
1415.97	  148600
1417.08	  148474
1418.17	  148349
1419.28	  148224
1420.38	  148098
1421.47	  147973
1422.58	  147848
1423.67	  147724
1424.78	  147599
1425.88	  147474
1426.97	  147350
1428.08	  147226
1429.17	  147101
1430.28	  146977
1431.38	  146853
1432.47	  146730
1433.58	  146606
1434.67	  146482
1435.78	  146359
1436.88	  146236
1437.97	  146112
1439.08	  145989
1440.17	  145866
1441.28	  145743
1442.38	  145621
1443.47	  145498
1444.58	  145376
1445.67	  145253
1446.78	  145131
1447.88	  145009
1448.97	  144887
1450.08	  144765
1451.17	  144644
1452.28	  144522
1453.38	  144400
1454.47	  144279
1455.58	  144158
1456.67	  144037
1457.78	  143916
1458.88	  95466.7
1459.97	  95388.3
1461.08	  95310.1
1462.17	  95231.9
1463.28	  95153.8
1464.38	  95075.8
1465.47	  94997.9
1466.58	  94920
1467.67	  94842.3
1468.78	  94764.6
1469.88	  94687
1470.97	  94609.5
1472.08	  94532.1
1473.17	  94454.8
1474.28	  94377.5
1475.38	  94300.3
1476.47	  94223.3
1477.58	  94146.3
1478.67	  94069.3
1479.78	  93992.5
1480.88	  93915.8
1481.97	  93839.1
1483.08	  93762.5
1484.17	  93686
1485.28	  93609.6
1486.38	  93533.3
1487.47	  93457
1488.58	  93380.8
1489.67	  93304.8
1490.78	  93228.8
1491.88	  93152.8
1492.97	  93077
1494.08	  93001.3
1495.17	  92925.6
1496.28	  92850
1497.38	  92774.5
1498.47	  92699.1
1499.58	  92623.7
1500.67	  92548.5
1501.78	  92473.3
1502.88	  92398.2
1503.97	  92323.2
1505.08	  92248.3
1506.17	  92173.5
1507.28	  92098.7
1508.38	  92024
1509.47	  91949.4
1510.58	  91874.9
1511.67	  91800.5
1512.78	  91726.1
1513.88	  91651.9
1514.97	  91577.7
1516.08	  91503.6
1517.17	  91429.6
1518.28	  91355.6
1519.38	  91281.8
1520.47	  91208
1521.58	  91134.3
1522.67	  91060.7
1523.78	  90987.2
1524.88	  90913.7
1525.97	  90840.4
1527.08	  90767.1
1528.17	  90693.9
1529.28	  90620.7
1530.38	  90547.7
1531.47	  90474.7
1532.58	  90401.9
1533.67	  90329.1
1534.78	  90256.4
1535.88	  90183.7
1536.97	  90111.2
1538.08	  90038.7
1539.17	  89966.3
1540.28	  89894
1541.38	  89821.8
1542.47	  89749.6
1543.58	  89677.6
1544.67	  89605.6
1545.78	  89533.7
1546.88	  89461.9
1547.97	  89390.1
1549.08	  89318.5
1550.17	  89246.9
1551.28	  89175.4
1552.38	  89104
1553.47	  89032.6
1554.58	  88961.4
1555.67	  88890.2
1556.78	  88819.1
1557.88	  88748.1
1558.97	  88677.2
1560.08	  88606.3
1561.17	  88535.5
1562.28	  88464.8
1563.38	  88394.2
1564.47	  88323.7
1565.58	  88253.2
1566.67	  88182.9
1567.78	  88112.6
1568.88	  88042.4
1569.97	  87972.2
1571.08	  87902.2
1572.17	  87832.2
1573.28	  87762.3
1574.38	  87692.5
1575.47	  87622.8
1576.58	  87553.1
1577.67	  87483.6
1578.78	  87414.1
1579.88	  87344.7
1580.97	  87275.4
1582.08	  87206.1
1583.17	  87136.9
1584.28	  87067.9
1585.38	  86998.9
1586.47	  86929.9
1587.58	  86861.1
1588.67	  86792.3
1589.78	  86723.6
1590.88	  86655
1591.97	  86586.5
1593.08	  86518.1
1594.17	  86449.7
1595.28	  86381.4
1596.38	  86313.2
1597.47	  86245.1
1598.58	  86177.1
1599.67	  86109.1
1600.78	  86041.2
1601.88	  85973.4
1602.97	  85905.7
1604.08	  85838.1
1605.17	  85770.6
1606.28	  85703.1
1607.38	  85635.7
1608.47	  85568.4
1609.58	  85501.2
1610.67	  85434
1611.78	  85367
1612.88	  85300
1613.97	  85233.1
1615.08	  85166.3
1616.17	  85099.6
1617.28	  85032.9
1618.38	  84966.3
1619.47	  84899.9
1620.58	  84833.5
1621.67	  84767.2
1622.78	  84700.9
1623.88	  84634.8
1624.97	  84568.8
1626.08	  84502.8
1627.17	  84436.9
1628.28	  84371.1
1629.38	  84305.4
1630.47	  84239.8
1631.58	  84174.3
1632.67	  84108.9
1633.78	  84043.5
1634.88	  83978.3
1635.97	  83913.1
1637.08	  83848.1
1638.17	  83783.2
1639.28	  83718.3
1640.38	  83653.6
1641.47	  83589.1
1642.58	  83524.7
1643.67	  83460.4
1644.78	  83396.2
1645.88	  83332
1646.97	  83267.9
1648.08	  83203.9
1649.17	  83139.9
1650.28	  83075.9
1651.38	  83012.1
1652.47	  82948.3
1653.58	  82884.5
1654.67	  82820.8
1655.78	  82757.2
1656.88	  82693.6
1657.97	  82630.1
1659.08	  82566.6
1660.17	  82503.2
1661.28	  82439.9
1662.38	  82376.6
1663.47	  82313.4
1664.58	  82250.2
1665.67	  82187.1
1666.78	  82124.1
1667.88	  82061.1
1668.97	  81998.2
1670.08	  81935.3
1671.17	  81872.5
1672.28	  81809.7
1673.38	  81747
1674.47	  81684.4
1675.58	  81621.8
1676.67	  81559.3
1677.78	  81496.8
1678.88	  81434.4
1679.97	  81372.1
1681.08	  81309.8
1682.17	  81247.6
1683.28	  81185.4
1684.38	  81123.3
1685.47	  81061.2
1686.58	  80999.2
1687.67	  80937.3
1688.78	  80875.4
1689.88	  80813.6
1690.97	  80751.8
1692.08	  80690.1
1693.17	  80628.5
1694.28	  80566.9
1695.38	  80505.4
1696.47	  80443.9
1697.58	  80382.5
1698.67	  80321.1
1699.78	  80259.8
1700.88	  80198.6
1701.97	  80137.4
1703.08	  80076.2
1704.17	  80015.2
1705.28	  79954.1
1706.38	  79893.2
1707.47	  79832.3
1708.58	  79771.4
1709.67	  79710.7
1710.78	  79649.9
1711.88	  79589.3
1712.97	  79528.6
1714.08	  79468.1
1715.17	  79407.6
1716.28	  79347.1
1717.38	  79286.7
1718.47	  79226.4
1719.58	  79166.1
1720.67	  79105.9
1721.78	  79045.8
1722.88	  78985.7
1723.97	  78925.6
1725.08	  78865.6
1726.17	  78805.7
1727.28	  78745.8
1728.38	  78686
1729.47	  78626.2
1730.58	  78566.5
1731.67	  78506.9
1732.78	  78447.3
1733.88	  78387.7
1734.97	  78328.2
1736.08	  78268.8
1737.17	  78209.5
1738.28	  78150.1
1739.38	  78090.9
1740.47	  78031.7
1741.58	  77972.5
1742.67	  77913.4
1743.78	  77854.4
1744.88	  77795.4
1745.97	  77736.5
1747.08	  77677.6
1748.17	  77618.8
1749.28	  77560.1
1750.38	  77501.4
1751.47	  77442.7
1752.58	  77384.1
1753.67	  77325.6
1754.78	  77267.1
1755.88	  77208.7
1756.97	  77150.3
1758.08	  77092
1759.17	  77033.8
1760.28	  76975.6
1761.38	  76917.4
1762.47	  76859.3
1763.58	  76801.3
1764.67	  76743.3
1765.78	  76685.4
1766.88	  76627.5
1767.97	  76569.7
1769.08	  76512
1770.17	  76454.2
1771.28	  76396.6
1772.38	  76339
1773.47	  76281.5
1774.58	  76224
1775.67	  76166.5
1776.78	  76109.2
1777.88	  76051.8
1778.97	  75994.6
1780.08	  75937.4
1781.17	  75880.2
1782.28	  75823.1
1783.38	  75766
1784.47	  75709.1
1785.58	  75652.1
1786.67	  75595.2
1787.78	  75538.4
1788.88	  75481.6
1789.97	  75424.9
1791.08	  75368.2
1792.17	  75311.6
1793.28	  75255
1794.38	  75198.5
1795.47	  75142.1
1796.58	  75085.7
1797.67	  75029.3
1798.78	  74973
1799.88	  74916.8
1800.97	  74860.6
1802.08	  74804.5
1803.17	  74748.4
1804.28	  74692.4
1805.38	  74636.4
1806.47	  74580.5
1807.58	  74524.6
1808.67	  74468.8
1809.78	  74413
1810.88	  74357.3
1811.97	  74301.7
1813.08	  74246.1
1814.17	  74190.5
1815.28	  74135
1816.38	  74079.6
1817.47	  74024.2
1818.58	  73968.9
1819.67	  73913.6
1820.78	  73858.3
1821.88	  73803.2
1822.97	  73748
1824.08	  73693
1825.17	  73638
1826.28	  73583
1827.38	  73528.1
1828.47	  73473.2
1829.58	  73418.4
1830.67	  73363.6
1831.78	  73308.9
1832.88	  73254.3
1833.97	  73199.7
1835.08	  73145.1
1836.17	  73090.6
1837.28	  73036.2
1838.38	  72981.8
1839.47	  72927.5
1840.58	  72873.2
1841.67	  72819
1842.78	  72764.8
1843.88	  72710.6
1844.97	  72656.6
1846.08	  72602.5
1847.17	  72548.6
1848.28	  72494.6
1849.38	  72440.8
1850.47	  72386.9
1851.58	  72333.2
1852.67	  72279.4
1853.78	  72225.8
1854.88	  72172.2
1855.97	  72118.6
1857.08	  72065.1
1858.17	  72011.6
1859.28	  71958.2
1860.38	  71904.8
1861.47	  71851.5
1862.58	  71798.3
1863.67	  71745.1
1864.78	  71691.9
1865.88	  71638.8
1866.97	  71585.8
1868.08	  71532.8
1869.17	  71479.8
1870.28	  71426.9
1871.38	  71374
1872.47	  71321.2
1873.58	  71268.5
1874.67	  71215.8
1875.78	  71163.1
1876.88	  71110.5
1877.97	  71058
1879.08	  71005.5
1880.17	  70953.1
1881.28	  70900.7
1882.38	  70848.3
1883.47	  70796
1884.58	  70743.8
1885.67	  70691.6
1886.78	  70639.4
1887.88	  70587.3
1888.97	  70535.3
1890.08	  70483.3
1891.17	  70431.3
1892.28	  70379.4
1893.38	  70327.6
1894.47	  70275.8
1895.58	  70224
1896.67	  70172.3
1897.78	  70120.7
1898.88	  70069.1
1899.97	  70017.5
1901.08	  69966
1902.17	  69914.6
1903.28	  69863.2
1904.38	  69811.8
1905.47	  69760.5
1906.58	  69709.3
1907.67	  69658.1
1908.78	  69606.9
1909.88	  69555.8
1910.97	  69504.7
1912.08	  69453.7
1913.17	  69402.8
1914.28	  69351.8
1915.38	  69301
1916.47	  69250.2
1917.58	  69199.4
1918.67	  69148.7
1919.78	  69098
1920.88	  69047.4
1921.97	  68996.8
1923.08	  68946.3
1924.17	  68895.8
1925.28	  68845.4
1926.38	  68795
1927.47	  68744.7
1928.58	  68694.4
1929.67	  68644.2
1930.78	  68594
1931.88	  68543.8
1932.97	  68493.8
1934.08	  68443.7
1935.17	  68393.7
1936.28	  68343.8
1937.38	  68293.9
1938.47	  68244
1939.58	  68194.2
1940.67	  68144.5
1941.78	  68094.8
1942.88	  68045.1
1943.97	  67995.5
1945.08	  67945.9
1946.17	  67896.4
1947.28	  67846.9
1948.38	  67797.5
1949.47	  67748.1
1950.58	  67698.8
1951.67	  67649.5
1952.78	  67600.3
1953.88	  67551.1
1954.97	  67502
1956.08	  67452.9
1957.17	  67403.8
1958.28	  67354.8
1959.38	  67305.9
1960.47	  67257
1961.58	  67208.1
1962.67	  67159.3
1963.78	  67110.5
1964.88	  67061.8
1965.97	  67013.1
1967.08	  66964.5
1968.17	  66915.9
1969.28	  66867.4
1970.38	  66818.9
1971.47	  66770.5
1972.58	  66722.1
1973.67	  66673.8
1974.78	  66625.5
1975.88	  66577.2
1976.97	  66529
1978.08	  66480.8
1979.17	  66432.7
1980.28	  66384.6
1981.38	  66336.6
1982.47	  66288.6
1983.58	  66240.7
1984.67	  66192.8
1985.78	  66145
1986.88	  66097.2
1987.97	  66049.4
1989.08	  66001.7
1990.17	  65954.1
1991.28	  65906.5
1992.38	  65858.9
1993.47	  65811.4
1994.58	  65763.9
1995.67	  65716.5
1996.78	  65669.1
1997.88	  65621.8
1998.97	  65574.5
2000.08	  65527.2
2001.17	  65480
2002.28	  65432.8
2003.38	  65385.7
2004.47	  65338.7
2005.58	  65291.6
2006.67	  65244.7
2007.78	  65197.7
2008.88	  65150.8
2009.97	  65104
2011.08	  65057.2
2012.17	  65010.4
2013.28	  64963.7
2014.38	  64917.1
2015.47	  64870.4
2016.58	  64823.9
2017.67	  64777.3
2018.78	  64730.8
2019.88	  64684.4
2020.97	  64638
2022.08	  64591.6
2023.18	  64545.3
2024.28	  64499.1
2025.38	  64452.8
2026.47	  64406.7
2027.58	  64360.5
2028.68	  64314.4
2029.78	  64268.4
2030.88	  64222.4
2031.97	  64176.4
2033.08	  64130.5
2034.18	  64084.6
2035.28	  64038.8
2036.38	  63993
2037.47	  63947.3
2038.58	  63901.6
2039.68	  63855.9
2040.78	  63810.3
2041.88	  63764.8
2042.97	  63719.2
2044.08	  63673.8
2045.18	  63628.3
2046.28	  63582.9
2047.38	  63537.6
2048.47	  63492.3
2049.57	  63447
2050.68	  63401.8
2051.78	  63356.6
2052.88	  63311.5
2053.97	  63266.4
2055.07	  63221.3
2056.18	  63176.3
2057.28	  63131.4
2058.38	  63086.4
2059.47	  63041.6
2060.57	  62996.7
2061.68	  62951.9
2062.78	  62907.2
2063.88	  62862.5
2064.97	  62817.8
2066.07	  62773.2
2067.18	  62728.6
2068.28	  62684.1
2069.38	  62639.6
2070.47	  62595.1
2071.57	  62550.7
2072.68	  62506.4
2073.78	  62462
2074.88	  62417.7
2075.97	  62373.5
2077.07	  62329.3
2078.18	  62285.1
2079.28	  62241
2080.38	  62197
2081.47	  62152.9
2082.57	  62108.9
2083.68	  62065
2084.78	  62021.1
2085.88	  61977.2
2086.97	  61933.4
2088.07	  61889.6
2089.18	  61845.9
2090.28	  61802.2
2091.38	  61758.5
2092.47	  61714.9
2093.57	  61671.3
2094.68	  61627.8
2095.78	  61584.3
2096.88	  61540.8
2097.97	  61497.4
2099.07	  61454.1
2100.18	  61410.7
2101.28	  61367.5
2102.38	  61324.2
2103.47	  61281
2104.57	  61237.8
2105.68	  61194.7
2106.78	  61151.6
2107.88	  61108.6
2108.97	  61065.6
2110.07	  61022.6
2111.18	  60979.7
2112.28	  60936.8
2113.38	  60894
2114.47	  60851.2
2115.57	  60808.4
2116.68	  60765.7
2117.78	  60723.1
2118.88	  60680.4
2119.97	  60637.8
2121.07	  60595.3
2122.18	  60552.7
2123.28	  60510.3
2124.38	  60467.8
2125.47	  60425.4
2126.57	  60383.1
2127.68	  60340.8
2128.78	  60298.5
2129.88	  60256.3
2130.97	  60214.1
2132.07	  60171.9
2133.18	  60129.8
2134.28	  60087.7
2135.38	  60045.7
2136.47	  60003.7
2137.57	  59961.7
2138.68	  59919.8
2139.78	  59878
2140.88	  59836.1
2141.97	  59794.3
2143.07	  59752.6
2144.18	  59710.8
2145.28	  59669.2
2146.38	  59627.5
2147.47	  59585.9
2148.57	  59544.4
2149.68	  59502.8
2150.78	  59461.3
2151.88	  59419.9
2152.97	  59378.5
2154.07	  59337.1
2155.18	  59295.8
2156.28	  59254.5
2157.38	  59213.3
2158.47	  59172.1
2159.57	  59130.9
2160.68	  59089.7
2161.78	  59048.7
2162.88	  59007.6
2163.97	  58966.6
2165.07	  58925.6
2166.18	  58884.7
2167.28	  58843.8
2168.38	  58802.9
2169.47	  58762.1
2170.57	  58721.3
2171.68	  58680.5
2172.78	  58639.8
2173.88	  58599.2
2174.97	  58558.5
2176.07	  58517.9
2177.18	  58477.4
2178.28	  58436.8
2179.38	  58396.4
2180.47	  58355.9
2181.57	  58315.5
2182.68	  58275.1
2183.78	  58234.8
2184.88	  58194.5
2185.97	  58154.3
2187.07	  58114.1
2188.18	  58073.9
2189.28	  58033.7
2190.38	  57993.6
2191.47	  57953.6
2192.57	  57913.5
2193.68	  57873.6
2194.78	  57833.6
2195.88	  57793.7
2196.97	  57753.8
2198.07	  57714
2199.18	  57674.2
2200.28	  57634.4
2201.38	  57594.7
2202.47	  57555
2203.57	  57515.3
2204.68	  57475.7
2205.78	  57436.1
2206.88	  57396.6
2207.97	  57357.1
2209.07	  57317.6
2210.18	  57278.2
2211.28	  57238.8
2212.38	  57199.4
2213.47	  57160.1
2214.57	  57120.8
2215.68	  57081.6
2216.78	  57042.4
2217.88	  57003.2
2218.97	  56964
2220.07	  56924.9
2221.18	  56885.9
2222.28	  56846.9
2223.38	  56807.9
2224.47	  56768.9
2225.57	  56730
2226.68	  56691.1
2227.78	  56652.3
2228.88	  56613.4
2229.97	  56574.7
2231.07	  56535.9
2232.18	  56497.2
2233.28	  56458.6
2234.38	  56419.9
2235.47	  56381.3
2236.57	  56342.8
2237.68	  56304.3
2238.78	  56265.8
2239.88	  56227.3
2240.97	  56188.9
2242.07	  56150.5
2243.18	  56112.2
2244.28	  56073.9
2245.38	  56035.6
2246.47	  55997.4
2247.57	  55959.2
2248.68	  55921
2249.78	  55882.9
2250.88	  55844.8
2251.97	  55806.7
2253.07	  55768.7
2254.18	  55730.7
2255.28	  55692.8
2256.38	  55654.8
2257.47	  55617
2258.57	  55579.1
2259.68	  55541.3
2260.78	  55503.5
2261.88	  55465.8
2262.97	  55428.1
2264.07	  55390.4
2265.18	  55352.8
2266.28	  55315.2
2267.38	  55277.6
2268.47	  55240.1
2269.57	  55202.6
2270.68	  55165.1
2271.78	  55127.7
2272.88	  55090.3
2273.97	  55052.9
2275.07	  55015.6
2276.18	  54978.3
2277.28	  54941.1
2278.38	  54903.8
2279.47	  54866.6
2280.57	  44694.7
2281.68	  44665.1
2282.78	  44635.4
2283.88	  44605.8
2284.97	  44576.3
2286.07	  44546.7
2287.18	  44517.2
2288.28	  44487.7
2289.38	  44458.2
2290.47	  44428.8
2291.57	  44399.4
2292.68	  44370
2293.78	  44340.6
2294.88	  44311.3
2295.97	  44282
2297.07	  44252.7
2298.18	  44223.5
2299.28	  44194.3
2300.38	  44165.1
2301.47	  44135.9
2302.57	  44106.7
2303.68	  44077.6
2304.78	  44048.5
2305.88	  44019.5
2306.97	  43990.4
2308.07	  43961.4
2309.18	  43932.4
2310.28	  43903.5
2311.38	  43874.5
2312.47	  43845.6
2313.57	  43816.8
2314.68	  43787.9
2315.78	  43759.1
2316.88	  43730.3
2317.97	  43701.5
2319.07	  43672.8
2320.18	  43644
2321.28	  43615.3
2322.38	  43586.7
2323.47	  43558
2324.57	  43529.4
2325.68	  43500.8
2326.78	  43472.2
2327.88	  43443.7
2328.97	  43415.2
2330.07	  43386.7
2331.18	  43358.2
2332.28	  43329.8
2333.38	  43301.4
2334.47	  43273
2335.57	  43244.7
2336.68	  43216.3
2337.78	  43188
2338.88	  43159.7
2339.97	  43131.5
2341.07	  43103.3
2342.18	  43075
2343.28	  43046.9
2344.38	  43018.7
2345.47	  42990.6
2346.57	  42962.5
2347.68	  42934.4
2348.78	  42906.4
2349.88	  42878.3
2350.97	  42850.3
2352.07	  42822.4
2353.18	  42794.4
2354.28	  42766.5
2355.38	  42738.6
2356.47	  42710.7
2357.57	  42682.9
2358.68	  42655.1
2359.78	  42627.3
2360.88	  42599.5
2361.97	  42571.7
2363.07	  42544
2364.18	  42516.3
2365.28	  42488.6
2366.38	  42461
2367.47	  42433.4
2368.57	  42405.8
2369.68	  42378.2
2370.78	  42350.7
2371.88	  42323.1
2372.97	  42295.6
2374.07	  42268.2
2375.18	  42240.7
2376.28	  42213.3
2377.38	  42185.9
2378.47	  42158.5
2379.57	  42131.2
2380.68	  42103.9
2381.78	  42076.6
2382.88	  42049.3
2383.97	  42022
2385.07	  41994.8
2386.18	  41967.6
2387.28	  41940.4
2388.38	  41913.3
2389.47	  41886.2
2390.57	  41859
2391.68	  41832
2392.78	  41804.9
2393.88	  41777.9
2394.97	  41750.9
2396.07	  41723.9
2397.18	  41696.9
2398.28	  41670
2399.38	  41643.1
2400.47	  41616.2
2401.57	  41589.4
2402.68	  41562.5
2403.78	  41535.7
2404.88	  41508.9
2405.97	  41482.2
2407.07	  41455.4
2408.18	  41428.7
2409.28	  41402
2410.38	  41375.3
2411.47	  41348.7
2412.57	  41322.1
2413.68	  41295.5
2414.78	  41268.9
2415.88	  41242.4
2416.97	  41215.8
2418.07	  41189.3
2419.18	  41162.9
2420.28	  41136.4
2421.38	  41110
2422.47	  41083.6
2423.57	  41057.2
2424.68	  41030.8
2425.78	  41004.5
2426.88	  40978.2
2427.97	  40951.9
2429.07	  40925.6
2430.18	  40899.4
2431.28	  40873.2
2432.38	  40847
2433.47	  40820.8
2434.57	  40794.7
2435.68	  40768.5
2436.78	  40742.4
2437.88	  40716.4
2438.97	  40690.3
2440.07	  40664.3
2441.18	  40638.3
2442.28	  40612.3
2443.38	  40586.3
2444.47	  40560.4
2445.57	  40534.5
2446.68	  40508.6
2447.78	  40482.7
2448.88	  40456.9
2449.97	  40431.1
2451.07	  40405.3
2452.18	  40379.5
2453.28	  40353.7
2454.38	  40328
2455.47	  40302.3
2456.57	  40276.6
2457.68	  40250.9
2458.78	  40225.3
2459.88	  40199.7
2460.97	  40174.1
2462.07	  40148.5
2463.18	  40123
2464.28	  40097.5
2465.38	  40072
2466.47	  40046.5
2467.57	  40021
2468.68	  39995.6
2469.78	  39970.2
2470.88	  39944.8
2471.97	  39919.4
2473.07	  39894.1
2474.18	  39868.7
2475.28	  39843.5
2476.38	  39818.2
2477.47	  39792.9
