Emission arising from a slab of Hydrogen (both H and H-).
   
Parameters of the slab:
n_e = 1e+12 cm-3
T_e = 8250 K
tau(lambda=300 nm) = 0.5
L = 2.31525e+11 cm
   
Wavelength (nm), Emission (erg s-1 cm-2 nm-1 sr-1)
50	  0.273612
91.2	  1511.67
120	  83049
150	  935992
175	  3.48879e+06
200	  8.90575e+06
225	  1.76924e+07
250	  2.95127e+07
270	  4.04897e+07
290	  5.20899e+07
300	  5.79044e+07
305	  6.07787e+07
310	  6.3618e+07
315	  6.64132e+07
320	  6.91556e+07
322.5	  7.05044e+07
325	  7.18371e+07
327	  7.28909e+07
329	  7.39334e+07
329.999	  7.44497e+07
330.266	  7.45871e+07
330.533	  7.47244e+07
330.8	  7.48615e+07
331.067	  7.49983e+07
331.334	  7.51349e+07
331.601	  7.52713e+07
331.868	  7.54074e+07
332.135	  7.55434e+07
332.402	  7.56791e+07
332.669	  7.58146e+07
332.936	  7.59499e+07
333.203	  7.60849e+07
333.47	  7.62198e+07
333.737	  7.63544e+07
334.004	  7.64887e+07
334.271	  7.66229e+07
334.538	  7.67568e+07
334.805	  7.68904e+07
335.072	  7.70239e+07
335.339	  7.71571e+07
335.606	  7.72901e+07
335.873	  7.74228e+07
336.14	  7.75553e+07
336.407	  7.76876e+07
336.674	  7.78196e+07
336.941	  7.79514e+07
337.208	  7.80829e+07
337.475	  7.82142e+07
337.742	  7.83453e+07
338.009	  7.84761e+07
338.276	  7.86067e+07
338.543	  7.8737e+07
338.81	  7.88671e+07
339.077	  7.8997e+07
339.344	  7.91266e+07
339.611	  7.92559e+07
339.878	  7.9385e+07
340.145	  7.95139e+07
340.412	  7.96425e+07
340.679	  7.97708e+07
340.946	  7.98989e+07
341.213	  8.00268e+07
341.48	  8.01544e+07
341.747	  8.02817e+07
342.014	  8.04088e+07
342.281	  8.05356e+07
342.548	  8.06622e+07
342.815	  8.07885e+07
343.082	  8.09146e+07
343.349	  8.10404e+07
343.616	  8.11659e+07
343.883	  8.12912e+07
344.15	  8.14162e+07
344.417	  8.1541e+07
344.684	  8.16655e+07
344.951	  8.17897e+07
345.218	  8.19137e+07
345.485	  8.20374e+07
345.752	  8.21608e+07
346.019	  8.2284e+07
346.286	  8.24069e+07
346.553	  8.25295e+07
346.82	  8.26519e+07
347.087	  8.2774e+07
347.354	  8.28958e+07
347.621	  8.30174e+07
347.888	  8.31387e+07
348.155	  8.32597e+07
348.422	  8.33804e+07
348.689	  8.35009e+07
348.956	  8.36211e+07
349.223	  8.3741e+07
349.49	  8.38607e+07
349.757	  8.398e+07
350.024	  8.40991e+07
350.291	  8.42179e+07
350.558	  8.43365e+07
350.825	  8.44547e+07
351.092	  8.45727e+07
351.359	  8.46904e+07
351.626	  8.48078e+07
351.893	  8.4925e+07
352.16	  8.50419e+07
352.427	  8.51584e+07
352.694	  8.52747e+07
352.961	  8.53907e+07
353.228	  8.55065e+07
353.495	  8.56219e+07
353.762	  8.57371e+07
354.029	  8.58519e+07
354.296	  8.59665e+07
354.563	  8.60808e+07
354.83	  8.61948e+07
355.097	  8.63085e+07
355.364	  8.6422e+07
355.631	  8.65351e+07
355.898	  8.6648e+07
356.165	  8.67605e+07
356.432	  8.68728e+07
356.699	  8.69848e+07
356.966	  8.70965e+07
357.233	  8.72079e+07
357.5	  8.7319e+07
357.767	  8.74298e+07
358.034	  8.75403e+07
358.301	  8.76505e+07
358.568	  8.77605e+07
358.835	  8.78701e+07
359.102	  8.79795e+07
359.369	  8.80885e+07
359.636	  8.81972e+07
359.903	  8.83057e+07
360.17	  8.84138e+07
360.437	  8.85217e+07
360.704	  8.86292e+07
360.971	  8.87365e+07
361.238	  8.88435e+07
361.505	  8.89501e+07
361.772	  8.90565e+07
362.039	  8.91625e+07
362.306	  8.92683e+07
362.573	  8.93737e+07
363	  8.95418e+07
363.027	  8.95523e+07
363.054	  8.95628e+07
363.08	  8.95733e+07
363.107	  8.95837e+07
363.134	  8.95942e+07
363.16	  8.96047e+07
363.187	  8.96151e+07
363.214	  8.96256e+07
363.24	  8.9636e+07
363.267	  8.96465e+07
363.294	  8.96569e+07
363.321	  8.96674e+07
363.347	  8.96778e+07
363.374	  8.96883e+07
363.401	  8.96987e+07
363.427	  8.97092e+07
363.454	  8.97196e+07
363.481	  8.973e+07
363.508	  8.97404e+07
363.534	  8.97509e+07
363.561	  8.97613e+07
363.588	  8.97717e+07
363.614	  8.97821e+07
363.641	  8.97925e+07
363.668	  8.98029e+07
363.694	  8.98133e+07
363.721	  8.98237e+07
363.748	  8.98341e+07
363.774	  8.98445e+07
363.801	  8.98549e+07
363.828	  8.98653e+07
363.855	  8.98757e+07
363.881	  8.98861e+07
363.908	  8.98965e+07
363.935	  8.99068e+07
363.961	  8.99172e+07
363.988	  8.99276e+07
364.015	  8.99379e+07
364.041	  8.99483e+07
364.068	  8.99587e+07
364.095	  8.9969e+07
364.122	  8.99794e+07
364.148	  8.99897e+07
364.175	  9.00001e+07
364.202	  9.00104e+07
364.228	  9.00208e+07
364.255	  9.00311e+07
364.282	  9.00415e+07
364.308	  9.00518e+07
364.335	  9.00621e+07
364.362	  9.00724e+07
364.389	  9.00828e+07
364.415	  9.00931e+07
364.442	  9.01034e+07
364.469	  9.01137e+07
364.495	  9.0124e+07
364.522	  9.01344e+07
364.549	  9.01447e+07
364.575	  9.0155e+07
364.602	  9.01653e+07
364.629	  9.01756e+07
364.656	  9.01859e+07
364.682	  9.01961e+07
364.709	  9.02064e+07
364.736	  4.32966e+06
364.762	  4.3305e+06
364.789	  4.33134e+06
364.816	  4.33218e+06
364.842	  4.33302e+06
364.869	  4.33386e+06
364.896	  4.3347e+06
364.923	  4.33554e+06
364.949	  4.33638e+06
364.976	  4.33722e+06
365.003	  4.33807e+06
365.029	  4.33891e+06
365.056	  4.33975e+06
365.083	  4.34059e+06
365.11	  4.34143e+06
365.136	  4.34227e+06
365.163	  4.34311e+06
365.19	  4.34395e+06
365.216	  4.34479e+06
365.243	  4.34563e+06
365.27	  4.34647e+06
365.296	  4.34731e+06
365.323	  4.34815e+06
365.35	  4.34899e+06
365.377	  4.34983e+06
365.403	  4.35067e+06
365.43	  4.35151e+06
365.457	  4.35235e+06
365.483	  4.35319e+06
365.51	  4.35403e+06
365.537	  4.35487e+06
365.563	  4.35571e+06
365.59	  4.35655e+06
365.617	  4.35739e+06
365.643	  4.35823e+06
365.67	  4.35907e+06
365.697	  4.35991e+06
365.724	  4.36075e+06
365.75	  4.36159e+06
365.777	  4.36243e+06
365.804	  4.36327e+06
365.83	  4.36411e+06
365.857	  4.36495e+06
365.884	  4.36579e+06
365.91	  4.36663e+06
365.937	  4.36747e+06
365.964	  4.36831e+06
365.991	  4.36915e+06
365.991	  4.36915e+06
366.258	  4.37755e+06
366.525	  4.38595e+06
366.792	  4.39435e+06
367.059	  4.40274e+06
367.326	  4.41114e+06
367.593	  4.41953e+06
367.86	  4.42792e+06
368.127	  4.43631e+06
368.394	  4.4447e+06
368.661	  4.45308e+06
368.928	  4.46147e+06
369.195	  4.46985e+06
369.462	  4.47823e+06
369.729	  4.48661e+06
369.996	  4.49499e+06
370.263	  4.50336e+06
370.53	  4.51174e+06
370.797	  4.52011e+06
371.064	  4.52848e+06
371.331	  4.53685e+06
371.598	  4.54521e+06
371.865	  4.55358e+06
372.132	  4.56194e+06
372.399	  4.5703e+06
372.666	  4.57866e+06
372.933	  4.58701e+06
373.2	  4.59537e+06
373.467	  4.60372e+06
373.734	  4.61207e+06
374.001	  4.62042e+06
374.268	  4.62876e+06
374.535	  4.63711e+06
374.802	  4.64545e+06
375.069	  4.65379e+06
375.336	  4.66212e+06
375.603	  4.67046e+06
375.87	  4.67879e+06
376.137	  4.68712e+06
376.404	  4.69544e+06
376.671	  4.70377e+06
376.938	  4.71209e+06
377.205	  4.72041e+06
377.472	  4.72873e+06
377.739	  4.73704e+06
378.006	  4.74535e+06
378.273	  4.75366e+06
378.54	  4.76197e+06
378.807	  4.77027e+06
379.074	  4.77858e+06
379.341	  4.78688e+06
379.608	  4.79517e+06
379.875	  4.80347e+06
380.142	  4.81176e+06
380.409	  4.82004e+06
380.676	  4.82833e+06
380.943	  4.83661e+06
381.21	  4.84489e+06
381.477	  4.85317e+06
381.744	  4.86144e+06
382.011	  4.86971e+06
382.278	  4.87798e+06
382.545	  4.88625e+06
382.812	  4.89451e+06
383.079	  4.90277e+06
383.346	  4.91102e+06
383.613	  4.91928e+06
383.88	  4.92753e+06
384.147	  4.93577e+06
384.414	  4.94402e+06
384.681	  4.95226e+06
384.948	  4.96049e+06
385.215	  4.96873e+06
385.482	  4.97696e+06
385.749	  4.98519e+06
386.016	  4.99341e+06
386.283	  5.00163e+06
386.55	  5.00985e+06
386.817	  5.01806e+06
387.084	  5.02627e+06
387.351	  5.03448e+06
387.618	  5.04268e+06
387.885	  5.05088e+06
388.152	  5.05908e+06
388.419	  5.06727e+06
388.686	  5.07547e+06
388.953	  5.08365e+06
389.22	  5.09183e+06
389.487	  5.10001e+06
389.754	  5.10819e+06
390.021	  5.11636e+06
390.288	  5.12453e+06
390.555	  5.1327e+06
390.822	  5.14086e+06
391.089	  5.14901e+06
391.356	  5.15717e+06
391.623	  5.16532e+06
391.89	  5.17346e+06
392.157	  5.18161e+06
392.424	  5.18975e+06
392.691	  5.19788e+06
392.958	  5.20601e+06
393.225	  5.21414e+06
393.492	  5.22226e+06
393.759	  5.23038e+06
394.026	  5.2385e+06
394.293	  5.24661e+06
394.56	  5.25471e+06
394.827	  5.26282e+06
395.094	  5.27092e+06
395.361	  5.27901e+06
395.628	  5.2871e+06
395.895	  5.29519e+06
396.162	  5.30327e+06
396.429	  5.31135e+06
396.696	  5.31943e+06
396.963	  5.3275e+06
397.23	  5.33556e+06
397.497	  5.34363e+06
397.764	  5.35168e+06
398.031	  5.35974e+06
398.298	  5.36779e+06
398.565	  5.37583e+06
398.832	  5.38387e+06
399.099	  5.39191e+06
399.366	  5.39994e+06
399.633	  5.40797e+06
399.9	  5.41599e+06
400.167	  5.42401e+06
400.434	  5.43203e+06
400.701	  5.44004e+06
400.968	  5.44804e+06
401.235	  5.45604e+06
401.502	  5.46404e+06
401.769	  5.47203e+06
402.036	  5.48002e+06
402.303	  5.488e+06
402.57	  5.49598e+06
402.837	  5.50396e+06
403.104	  5.51193e+06
403.371	  5.51989e+06
403.638	  5.52785e+06
403.905	  5.53581e+06
404.172	  5.54376e+06
404.439	  5.5517e+06
404.706	  5.55964e+06
404.973	  5.56758e+06
405.24	  5.57551e+06
405.507	  5.58344e+06
405.774	  5.59136e+06
406.041	  5.59928e+06
406.308	  5.60719e+06
406.575	  5.6151e+06
406.842	  5.623e+06
407.109	  5.6309e+06
407.376	  5.63879e+06
407.643	  5.64668e+06
407.91	  5.65456e+06
408.177	  5.66244e+06
408.444	  5.67031e+06
408.711	  5.67818e+06
408.978	  5.68604e+06
409.245	  5.6939e+06
409.512	  5.70176e+06
409.779	  5.7096e+06
410.046	  5.71745e+06
410.313	  5.72528e+06
410.58	  5.73312e+06
410.847	  5.74094e+06
411.114	  5.74877e+06
411.381	  5.75658e+06
411.648	  5.7644e+06
411.915	  5.7722e+06
412.182	  5.78e+06
412.449	  5.7878e+06
412.716	  5.79559e+06
412.983	  5.80338e+06
413.25	  5.81116e+06
413.517	  5.81893e+06
413.784	  5.8267e+06
414.051	  5.83447e+06
414.318	  5.84223e+06
414.585	  5.84998e+06
414.852	  5.85773e+06
415.119	  5.86547e+06
415.386	  5.87321e+06
415.653	  5.88094e+06
415.92	  5.88867e+06
416.187	  5.89639e+06
416.454	  5.90411e+06
416.721	  5.91182e+06
416.988	  5.91953e+06
417.255	  5.92722e+06
417.522	  5.93492e+06
417.789	  5.94261e+06
418.056	  5.95029e+06
418.323	  5.95797e+06
418.59	  5.96564e+06
418.857	  5.97331e+06
419.124	  5.98097e+06
419.391	  5.98862e+06
419.658	  5.99627e+06
419.925	  6.00391e+06
420.192	  6.01155e+06
420.459	  6.01919e+06
420.726	  6.02681e+06
420.993	  6.03443e+06
421.26	  6.04205e+06
421.527	  6.04966e+06
421.794	  6.05726e+06
422.061	  6.06486e+06
422.328	  6.07245e+06
422.595	  6.08004e+06
422.862	  6.08762e+06
423.129	  6.09519e+06
423.396	  6.10276e+06
423.663	  6.11032e+06
423.93	  6.11788e+06
424.197	  6.12543e+06
424.464	  6.13298e+06
424.731	  6.14052e+06
424.998	  6.14805e+06
425.265	  6.15558e+06
425.532	  6.1631e+06
425.799	  6.17062e+06
426.066	  6.17813e+06
426.333	  6.18563e+06
426.6	  6.19313e+06
426.867	  6.20062e+06
427.134	  6.2081e+06
427.401	  6.21558e+06
427.668	  6.22306e+06
427.935	  6.23053e+06
428.202	  6.23799e+06
428.469	  6.24544e+06
428.736	  6.25289e+06
429.003	  6.26033e+06
429.27	  6.26777e+06
429.537	  6.2752e+06
429.804	  6.28263e+06
430.071	  6.29004e+06
430.338	  6.29746e+06
430.605	  6.30486e+06
430.872	  6.31226e+06
431.139	  6.31966e+06
431.406	  6.32704e+06
431.673	  6.33443e+06
431.94	  6.3418e+06
432.207	  6.34917e+06
432.474	  6.35653e+06
432.741	  6.36389e+06
433.008	  6.37124e+06
433.275	  6.37858e+06
433.542	  6.38592e+06
433.809	  6.39325e+06
434.076	  6.40057e+06
434.343	  6.40789e+06
434.61	  6.4152e+06
434.877	  6.42251e+06
435.144	  6.42981e+06
435.411	  6.4371e+06
435.678	  6.44439e+06
435.945	  6.45167e+06
436.212	  6.45894e+06
436.479	  6.46621e+06
436.746	  6.47347e+06
437.013	  6.48072e+06
437.28	  6.48797e+06
437.547	  6.49521e+06
437.814	  6.50245e+06
438.081	  6.50967e+06
438.348	  6.5169e+06
438.615	  6.52411e+06
438.882	  6.53132e+06
439.149	  6.53852e+06
439.416	  6.54572e+06
439.683	  6.5529e+06
439.95	  6.56009e+06
440.217	  6.56726e+06
440.484	  6.57443e+06
440.751	  6.58159e+06
441.018	  6.58875e+06
441.285	  6.5959e+06
441.552	  6.60304e+06
441.819	  6.61018e+06
442.086	  6.61731e+06
442.353	  6.62443e+06
442.62	  6.63155e+06
442.887	  6.63865e+06
443.154	  6.64576e+06
443.421	  6.65285e+06
443.688	  6.65994e+06
443.955	  6.66702e+06
444.222	  6.6741e+06
444.489	  6.68117e+06
444.756	  6.68823e+06
445.023	  6.69529e+06
445.29	  6.70233e+06
445.557	  6.70938e+06
445.824	  6.71641e+06
446.091	  6.72344e+06
446.358	  6.73046e+06
446.625	  6.73747e+06
446.892	  6.74448e+06
447.159	  6.75148e+06
447.426	  6.75848e+06
447.693	  6.76546e+06
447.96	  6.77244e+06
448.227	  6.77942e+06
448.494	  6.78638e+06
448.761	  6.79334e+06
449.028	  6.8003e+06
449.295	  6.80724e+06
449.562	  6.81418e+06
449.829	  6.82111e+06
450.096	  6.82804e+06
450.363	  6.83496e+06
450.63	  6.84187e+06
450.897	  6.84877e+06
451.164	  6.85567e+06
451.431	  6.86256e+06
451.698	  6.86944e+06
451.965	  6.87632e+06
452.232	  6.88319e+06
452.499	  6.89005e+06
452.766	  6.89691e+06
453.033	  6.90375e+06
453.3	  6.9106e+06
453.567	  6.91743e+06
453.834	  6.92426e+06
454.101	  6.93108e+06
454.368	  6.93789e+06
454.635	  6.9447e+06
454.902	  6.9515e+06
455.169	  6.95829e+06
455.436	  6.96507e+06
455.703	  6.97185e+06
455.97	  6.97862e+06
456.237	  6.98538e+06
456.504	  6.99214e+06
456.771	  6.99889e+06
457.038	  7.00563e+06
457.305	  7.01237e+06
457.572	  7.01909e+06
457.839	  7.02582e+06
458.106	  7.03253e+06
458.373	  7.03924e+06
458.64	  7.04593e+06
458.907	  7.05263e+06
459.174	  7.05931e+06
459.441	  7.06599e+06
459.708	  7.07266e+06
459.975	  7.07932e+06
460.242	  7.08598e+06
460.509	  7.09263e+06
460.776	  7.09927e+06
461.043	  7.1059e+06
461.31	  7.11253e+06
461.577	  7.11915e+06
461.844	  7.12576e+06
462.111	  7.13237e+06
462.378	  7.13897e+06
462.645	  7.14556e+06
462.912	  7.15214e+06
463.179	  7.15872e+06
463.446	  7.16529e+06
463.713	  7.17185e+06
463.98	  7.1784e+06
464.247	  7.18495e+06
464.514	  7.19149e+06
464.781	  7.19802e+06
465.048	  7.20455e+06
465.315	  7.21107e+06
465.582	  7.21758e+06
465.849	  7.22408e+06
466.116	  7.23058e+06
466.383	  7.23706e+06
466.65	  7.24355e+06
466.917	  7.25002e+06
467.184	  7.25649e+06
467.451	  7.26295e+06
467.718	  7.2694e+06
467.985	  7.27584e+06
468.252	  7.28228e+06
468.519	  7.28871e+06
468.786	  7.29513e+06
469.053	  7.30155e+06
469.32	  7.30795e+06
469.587	  7.31435e+06
469.854	  7.32074e+06
470.121	  7.32713e+06
470.388	  7.33351e+06
470.655	  7.33988e+06
470.922	  7.34624e+06
471.189	  7.3526e+06
471.456	  7.35894e+06
471.723	  7.36529e+06
471.99	  7.37162e+06
472.257	  7.37794e+06
472.524	  7.38426e+06
472.791	  7.39057e+06
473.058	  7.39688e+06
473.325	  7.40317e+06
473.592	  7.40946e+06
473.859	  7.41574e+06
474.126	  7.42201e+06
474.393	  7.42828e+06
474.66	  7.43454e+06
474.927	  7.44079e+06
475.194	  7.44703e+06
475.461	  7.45327e+06
475.728	  7.4595e+06
475.995	  7.46572e+06
476.262	  7.47193e+06
476.529	  7.47814e+06
476.796	  7.48433e+06
477.063	  7.49053e+06
477.33	  7.49671e+06
477.597	  7.50288e+06
477.864	  7.50905e+06
478.131	  7.51521e+06
478.398	  7.52137e+06
478.665	  7.52751e+06
478.932	  7.53365e+06
479.199	  7.53978e+06
479.466	  7.5459e+06
479.733	  7.55202e+06
480	  7.55812e+06
480.267	  7.56422e+06
480.534	  7.57032e+06
480.801	  7.5764e+06
481.068	  7.58248e+06
481.335	  7.58855e+06
481.602	  7.59461e+06
481.869	  7.60067e+06
482.136	  7.60671e+06
482.403	  7.61275e+06
482.67	  7.61878e+06
482.937	  7.62481e+06
483.204	  7.63082e+06
483.471	  7.63683e+06
483.738	  7.64283e+06
484.005	  7.64883e+06
484.272	  7.65481e+06
484.539	  7.66079e+06
484.806	  7.66676e+06
485.073	  7.67272e+06
485.34	  7.67868e+06
485.607	  7.68463e+06
485.874	  7.69057e+06
486.141	  7.6965e+06
486.408	  7.70243e+06
486.675	  7.70834e+06
486.942	  7.71425e+06
487.209	  7.72015e+06
487.476	  7.72605e+06
487.743	  7.73194e+06
488.01	  7.73781e+06
488.277	  7.74369e+06
488.544	  7.74955e+06
488.811	  7.75541e+06
489.078	  7.76125e+06
489.345	  7.76709e+06
489.612	  7.77293e+06
489.879	  7.77875e+06
490.146	  7.78457e+06
490.413	  7.79038e+06
490.68	  7.79618e+06
490.947	  7.80198e+06
491.214	  7.80776e+06
491.481	  7.81354e+06
491.748	  7.81931e+06
492.015	  7.82508e+06
492.282	  7.83083e+06
492.549	  7.83658e+06
492.816	  7.84232e+06
493.083	  7.84806e+06
493.35	  7.85378e+06
493.617	  7.8595e+06
493.884	  7.86521e+06
494.151	  7.87091e+06
494.418	  7.87661e+06
494.685	  7.88229e+06
494.952	  7.88797e+06
495.219	  7.89364e+06
495.486	  7.89931e+06
495.753	  7.90496e+06
496.02	  7.91061e+06
496.287	  7.91625e+06
496.554	  7.92188e+06
496.821	  7.92751e+06
497.088	  7.93313e+06
497.355	  7.93874e+06
497.622	  7.94434e+06
497.889	  7.94993e+06
498.156	  7.95552e+06
498.423	  7.9611e+06
498.69	  7.96667e+06
498.957	  7.97223e+06
499.224	  7.97779e+06
499.491	  7.98334e+06
499.758	  7.98887e+06
500.025	  7.99441e+06
500.292	  7.99993e+06
500.559	  8.00545e+06
500.826	  8.01096e+06
501.093	  8.01646e+06
501.36	  8.02195e+06
501.627	  8.02744e+06
501.894	  8.03292e+06
502.161	  8.03839e+06
502.428	  8.04385e+06
502.695	  8.0493e+06
502.962	  8.05475e+06
503.229	  8.06019e+06
503.496	  8.06562e+06
503.763	  8.07105e+06
504.03	  8.07646e+06
504.297	  8.08187e+06
504.564	  8.08727e+06
504.831	  8.09266e+06
505.098	  8.09805e+06
505.365	  8.10343e+06
505.632	  8.1088e+06
505.899	  8.11416e+06
506.166	  8.11951e+06
506.433	  8.12486e+06
506.7	  8.1302e+06
506.967	  8.13553e+06
507.234	  8.14085e+06
507.501	  8.14617e+06
507.768	  8.15147e+06
508.035	  8.15677e+06
508.302	  8.16207e+06
508.569	  8.16735e+06
508.836	  8.17263e+06
509.103	  8.1779e+06
509.37	  8.18316e+06
509.637	  8.18841e+06
509.904	  8.19366e+06
510.171	  8.19889e+06
510.438	  8.20412e+06
510.705	  8.20935e+06
510.972	  8.21456e+06
511.239	  8.21977e+06
511.506	  8.22497e+06
511.773	  8.23016e+06
512.04	  8.23534e+06
512.307	  8.24052e+06
512.574	  8.24569e+06
512.841	  8.25085e+06
513.108	  8.256e+06
513.375	  8.26114e+06
513.642	  8.26628e+06
513.909	  8.27141e+06
514.176	  8.27653e+06
514.443	  8.28164e+06
514.71	  8.28675e+06
514.977	  8.29185e+06
515.244	  8.29694e+06
515.511	  8.30202e+06
515.778	  8.3071e+06
516.045	  8.31216e+06
516.312	  8.31722e+06
516.579	  8.32228e+06
516.846	  8.32732e+06
517.113	  8.33236e+06
517.38	  8.33739e+06
517.647	  8.34241e+06
517.914	  8.34742e+06
518.181	  8.35243e+06
518.448	  8.35742e+06
518.715	  8.36241e+06
518.982	  8.36739e+06
519.249	  8.37237e+06
519.516	  8.37734e+06
519.783	  8.38229e+06
520.05	  8.38725e+06
520.317	  8.39219e+06
520.584	  8.39713e+06
520.851	  8.40205e+06
521.118	  8.40697e+06
521.385	  8.41189e+06
521.652	  8.41679e+06
521.919	  8.42169e+06
522.186	  8.42658e+06
522.453	  8.43146e+06
522.72	  8.43633e+06
522.987	  8.4412e+06
523.254	  8.44606e+06
523.521	  8.45091e+06
523.788	  8.45575e+06
524.055	  8.46059e+06
524.322	  8.46541e+06
524.589	  8.47023e+06
524.856	  8.47505e+06
525.123	  8.47985e+06
525.39	  8.48465e+06
525.657	  8.48944e+06
525.924	  8.49422e+06
526.191	  8.49899e+06
526.458	  8.50376e+06
526.725	  8.50852e+06
526.992	  8.51327e+06
527.259	  8.51801e+06
527.526	  8.52274e+06
527.793	  8.52747e+06
528.06	  8.53219e+06
528.327	  8.5369e+06
528.594	  8.54161e+06
528.861	  8.5463e+06
529.128	  8.55099e+06
529.395	  8.55567e+06
529.662	  8.56035e+06
529.929	  8.56501e+06
530.196	  8.56967e+06
530.463	  8.57432e+06
530.73	  8.57896e+06
530.997	  8.5836e+06
531.264	  8.58823e+06
531.531	  8.59285e+06
531.798	  8.59746e+06
532.065	  8.60206e+06
532.332	  8.60666e+06
532.599	  8.61125e+06
532.866	  8.61583e+06
533.133	  8.6204e+06
533.4	  8.62497e+06
533.667	  8.62953e+06
533.934	  8.63408e+06
534.201	  8.63862e+06
534.468	  8.64316e+06
534.735	  8.64769e+06
535.002	  8.65221e+06
535.269	  8.65672e+06
535.536	  8.66122e+06
535.803	  8.66572e+06
536.07	  8.67021e+06
536.337	  8.67469e+06
536.604	  8.67917e+06
536.871	  8.68363e+06
537.138	  8.68809e+06
537.405	  8.69254e+06
537.672	  8.69699e+06
537.939	  8.70142e+06
538.206	  8.70585e+06
538.473	  8.71027e+06
538.74	  8.71469e+06
539.007	  8.71909e+06
539.274	  8.72349e+06
539.541	  8.72788e+06
539.808	  8.73226e+06
540.075	  8.73664e+06
540.342	  8.741e+06
540.609	  8.74536e+06
540.876	  8.74972e+06
541.143	  8.75406e+06
541.41	  8.7584e+06
541.677	  8.76273e+06
541.944	  8.76705e+06
542.211	  8.77137e+06
542.478	  8.77567e+06
542.745	  8.77997e+06
543.012	  8.78426e+06
543.279	  8.78855e+06
543.546	  8.79282e+06
543.813	  8.79709e+06
544.08	  8.80135e+06
544.347	  8.80561e+06
544.614	  8.80985e+06
544.881	  8.81409e+06
545.148	  8.81832e+06
545.415	  8.82255e+06
545.682	  8.82676e+06
545.949	  8.83097e+06
546.216	  8.83517e+06
546.483	  8.83937e+06
546.75	  8.84355e+06
547.017	  8.84773e+06
547.284	  8.8519e+06
547.551	  8.85607e+06
547.818	  8.86022e+06
548.085	  8.86437e+06
548.352	  8.86851e+06
548.619	  8.87264e+06
548.886	  8.87677e+06
549.153	  8.88089e+06
549.42	  8.885e+06
549.687	  8.8891e+06
549.954	  8.8932e+06
550.221	  8.89728e+06
550.488	  8.90136e+06
550.755	  8.90544e+06
551.022	  8.9095e+06
551.289	  8.91356e+06
551.556	  8.91761e+06
551.823	  8.92165e+06
552.09	  8.92569e+06
552.357	  8.92972e+06
552.624	  8.93374e+06
552.891	  8.93775e+06
553.158	  8.94176e+06
553.425	  8.94576e+06
553.692	  8.94975e+06
553.959	  8.95373e+06
554.226	  8.95771e+06
554.493	  8.96168e+06
554.76	  8.96564e+06
555.027	  8.96959e+06
555.294	  8.97354e+06
555.561	  8.97748e+06
555.828	  8.98141e+06
556.095	  8.98533e+06
556.362	  8.98925e+06
556.629	  8.99316e+06
556.896	  8.99706e+06
557.163	  9.00095e+06
557.43	  9.00484e+06
557.697	  9.00872e+06
557.964	  9.01259e+06
558.231	  9.01645e+06
558.498	  9.02031e+06
558.765	  9.02416e+06
559.032	  9.028e+06
559.299	  9.03184e+06
559.566	  9.03566e+06
560.009	  9.042e+06
560.296	  9.04609e+06
560.583	  9.05018e+06
560.87	  9.05425e+06
561.157	  9.05832e+06
561.444	  9.06238e+06
561.731	  9.06643e+06
562.018	  9.07047e+06
562.305	  9.0745e+06
562.592	  9.07853e+06
562.879	  9.08255e+06
563.166	  9.08655e+06
563.453	  9.09055e+06
563.74	  9.09454e+06
564.027	  9.09853e+06
564.314	  9.1025e+06
564.601	  9.10647e+06
564.888	  9.11042e+06
565.175	  9.11437e+06
565.462	  9.11831e+06
565.749	  9.12224e+06
566.036	  9.12617e+06
566.323	  9.13008e+06
566.61	  9.13399e+06
566.897	  9.13789e+06
567.184	  9.14177e+06
567.471	  9.14566e+06
567.758	  9.14953e+06
568.045	  9.15339e+06
568.332	  9.15725e+06
568.619	  9.1611e+06
568.906	  9.16494e+06
569.193	  9.16877e+06
569.48	  9.17259e+06
569.767	  9.1764e+06
570.054	  9.18021e+06
570.341	  9.184e+06
570.628	  9.18779e+06
570.915	  9.19157e+06
571.202	  9.19535e+06
571.489	  9.19911e+06
571.776	  9.20287e+06
572.063	  9.20661e+06
572.35	  9.21035e+06
572.637	  9.21408e+06
572.924	  9.2178e+06
573.211	  9.22152e+06
573.498	  9.22522e+06
573.785	  9.22892e+06
574.072	  9.23261e+06
574.359	  9.23629e+06
574.646	  9.23996e+06
574.933	  9.24363e+06
575.22	  9.24728e+06
575.507	  9.25093e+06
575.794	  9.25457e+06
576.081	  9.2582e+06
576.368	  9.26182e+06
576.655	  9.26544e+06
576.942	  9.26905e+06
577.229	  9.27264e+06
577.516	  9.27623e+06
577.803	  9.27981e+06
578.09	  9.28339e+06
578.377	  9.28695e+06
578.664	  9.29051e+06
578.951	  9.29406e+06
579.238	  9.2976e+06
579.525	  9.30113e+06
579.812	  9.30466e+06
580.099	  9.30817e+06
580.386	  9.31168e+06
580.673	  9.31518e+06
580.96	  9.31867e+06
581.247	  9.32215e+06
581.534	  9.32563e+06
581.821	  9.3291e+06
582.108	  9.33255e+06
582.395	  9.33601e+06
582.682	  9.33945e+06
582.969	  9.34288e+06
583.256	  9.34631e+06
583.543	  9.34973e+06
583.83	  9.35314e+06
584.117	  9.35654e+06
584.404	  9.35993e+06
584.691	  9.36332e+06
584.978	  9.3667e+06
585.265	  9.37006e+06
585.552	  9.37343e+06
585.839	  9.37678e+06
586.126	  9.38012e+06
586.413	  9.38346e+06
586.7	  9.38679e+06
586.987	  9.39011e+06
587.274	  9.39343e+06
587.561	  9.39673e+06
587.848	  9.40003e+06
588.135	  9.40332e+06
588.422	  9.4066e+06
588.709	  9.40987e+06
588.996	  9.41313e+06
589.283	  9.41639e+06
589.57	  9.41964e+06
589.857	  9.42288e+06
590.144	  9.42611e+06
590.431	  9.42934e+06
590.718	  9.43256e+06
591.005	  9.43576e+06
591.292	  9.43897e+06
591.579	  9.44216e+06
591.866	  9.44534e+06
592.153	  9.44852e+06
592.44	  9.45169e+06
592.727	  9.45485e+06
593.014	  9.458e+06
593.301	  9.46115e+06
593.588	  9.46429e+06
593.875	  9.46742e+06
594.162	  9.47054e+06
594.449	  9.47365e+06
594.736	  9.47676e+06
595.023	  9.47986e+06
595.31	  9.48294e+06
595.597	  9.48603e+06
595.884	  9.4891e+06
596.171	  9.49217e+06
596.458	  9.49523e+06
596.745	  9.49828e+06
597.032	  9.50132e+06
597.319	  9.50435e+06
597.606	  9.50738e+06
597.893	  9.5104e+06
598.18	  9.51341e+06
598.467	  9.51642e+06
598.754	  9.51941e+06
599.041	  9.5224e+06
599.328	  9.52538e+06
599.615	  9.52835e+06
599.902	  9.53132e+06
600.189	  9.53427e+06
600.476	  9.53722e+06
600.763	  9.54016e+06
601.05	  9.5431e+06
601.337	  9.54602e+06
601.624	  9.54894e+06
601.911	  9.55185e+06
602.198	  9.55475e+06
602.485	  9.55765e+06
602.772	  9.56053e+06
603.059	  9.56341e+06
603.346	  9.56629e+06
603.633	  9.56915e+06
603.92	  9.57201e+06
604.207	  9.57485e+06
604.494	  9.57769e+06
604.781	  9.58053e+06
605.068	  9.58335e+06
605.355	  9.58617e+06
605.642	  9.58898e+06
605.929	  9.59178e+06
606.216	  9.59458e+06
606.503	  9.59736e+06
606.79	  9.60014e+06
607.077	  9.60292e+06
607.364	  9.60568e+06
607.651	  9.60844e+06
607.938	  9.61119e+06
608.225	  9.61393e+06
608.512	  9.61666e+06
608.799	  9.61939e+06
609.086	  9.6221e+06
609.373	  9.62482e+06
609.66	  9.62752e+06
609.947	  9.63021e+06
610.234	  9.6329e+06
610.521	  9.63558e+06
610.808	  9.63826e+06
611.095	  9.64092e+06
611.382	  9.64358e+06
611.669	  9.64623e+06
611.956	  9.64887e+06
612.243	  9.65151e+06
612.53	  9.65414e+06
612.817	  9.65676e+06
613.104	  9.65937e+06
613.391	  9.66197e+06
613.678	  9.66457e+06
613.965	  9.66716e+06
614.252	  9.66974e+06
614.539	  9.67232e+06
614.826	  9.67489e+06
615.113	  9.67745e+06
615.4	  9.68e+06
615.687	  9.68255e+06
615.974	  9.68508e+06
616.261	  9.68762e+06
616.548	  9.69014e+06
616.835	  9.69265e+06
617.122	  9.69516e+06
617.409	  9.69766e+06
617.696	  9.70016e+06
617.983	  9.70264e+06
618.27	  9.70512e+06
618.557	  9.70759e+06
618.844	  9.71006e+06
619.131	  9.71251e+06
619.418	  9.71496e+06
619.705	  9.7174e+06
619.992	  9.71984e+06
620.279	  9.72227e+06
620.566	  9.72469e+06
620.853	  9.7271e+06
621.14	  9.7295e+06
621.427	  9.7319e+06
621.714	  9.73429e+06
622.001	  9.73668e+06
622.288	  9.73905e+06
622.575	  9.74142e+06
622.862	  9.74378e+06
623.149	  9.74613e+06
623.436	  9.74848e+06
623.723	  9.75082e+06
624.01	  9.75315e+06
624.297	  9.75548e+06
624.584	  9.7578e+06
624.871	  9.76011e+06
625.158	  9.76241e+06
625.445	  9.76471e+06
625.732	  9.76699e+06
626.019	  9.76928e+06
626.306	  9.77155e+06
626.593	  9.77382e+06
626.88	  9.77608e+06
627.167	  9.77833e+06
627.454	  9.78058e+06
627.741	  9.78281e+06
628.028	  9.78505e+06
628.315	  9.78727e+06
628.602	  9.78949e+06
628.889	  9.7917e+06
629.176	  9.7939e+06
629.463	  9.79609e+06
629.75	  9.79828e+06
630.037	  9.80046e+06
630.324	  9.80264e+06
630.611	  9.8048e+06
630.898	  9.80696e+06
631.185	  9.80912e+06
631.472	  9.81126e+06
631.759	  9.8134e+06
632.046	  9.81553e+06
632.333	  9.81766e+06
632.62	  9.81978e+06
632.907	  9.82189e+06
633.194	  9.82399e+06
633.481	  9.82609e+06
633.768	  9.82817e+06
634.055	  9.83026e+06
634.342	  9.83233e+06
634.629	  9.8344e+06
634.916	  9.83646e+06
635.203	  9.83851e+06
635.49	  9.84056e+06
635.777	  9.8426e+06
636.064	  9.84464e+06
636.351	  9.84666e+06
636.638	  9.84868e+06
636.925	  9.85069e+06
637.212	  9.8527e+06
637.499	  9.8547e+06
637.786	  9.85669e+06
638.073	  9.85867e+06
638.36	  9.86065e+06
638.647	  9.86262e+06
638.934	  9.86458e+06
639.221	  9.86654e+06
639.508	  9.86849e+06
639.795	  9.87043e+06
640.082	  9.87237e+06
640.369	  9.8743e+06
640.656	  9.87622e+06
640.943	  9.87814e+06
641.23	  9.88004e+06
641.517	  9.88195e+06
641.804	  9.88384e+06
642.091	  9.88573e+06
642.378	  9.88761e+06
642.665	  9.88948e+06
642.952	  9.89135e+06
643.239	  9.89321e+06
643.526	  9.89507e+06
643.813	  9.89691e+06
644.1	  9.89875e+06
644.387	  9.90059e+06
644.674	  9.90241e+06
644.961	  9.90423e+06
645.248	  9.90605e+06
645.535	  9.90785e+06
645.822	  9.90965e+06
646.109	  9.91144e+06
646.396	  9.91323e+06
646.683	  9.91501e+06
646.97	  9.91678e+06
647.257	  9.91855e+06
647.544	  9.92031e+06
647.831	  9.92206e+06
648.118	  9.92381e+06
648.405	  9.92554e+06
648.692	  9.92728e+06
648.979	  9.929e+06
649.266	  9.93072e+06
649.553	  9.93243e+06
649.84	  9.93414e+06
650.127	  9.93584e+06
650.414	  9.93753e+06
650.701	  9.93922e+06
650.988	  9.9409e+06
651.275	  9.94257e+06
651.562	  9.94423e+06
651.849	  9.94589e+06
652.136	  9.94755e+06
652.423	  9.94919e+06
652.71	  9.95083e+06
652.997	  9.95246e+06
653.284	  9.95409e+06
653.571	  9.95571e+06
653.858	  9.95732e+06
654.145	  9.95893e+06
654.432	  9.96053e+06
654.719	  9.96212e+06
655.006	  9.96371e+06
655.293	  9.96529e+06
655.58	  9.96686e+06
655.867	  9.96843e+06
656.154	  9.96999e+06
656.441	  9.97155e+06
656.728	  9.97309e+06
657.015	  9.97463e+06
657.302	  9.97617e+06
657.589	  9.9777e+06
657.876	  9.97922e+06
658.163	  9.98073e+06
658.45	  9.98224e+06
658.737	  9.98375e+06
659.024	  9.98524e+06
659.311	  9.98673e+06
659.598	  9.98821e+06
659.885	  9.98969e+06
660.172	  9.99116e+06
660.459	  9.99262e+06
660.746	  9.99408e+06
661.033	  9.99553e+06
661.32	  9.99698e+06
661.607	  9.99842e+06
661.894	  9.99985e+06
662.181	  1.00013e+07
662.468	  1.00027e+07
662.755	  1.00041e+07
663.042	  1.00055e+07
663.329	  1.00069e+07
663.616	  1.00083e+07
663.903	  1.00097e+07
664.19	  1.00111e+07
664.477	  1.00124e+07
664.764	  1.00138e+07
665.051	  1.00152e+07
665.338	  1.00165e+07
665.625	  1.00179e+07
665.912	  1.00192e+07
666.199	  1.00206e+07
666.486	  1.00219e+07
666.773	  1.00232e+07
667.06	  1.00245e+07
667.347	  1.00258e+07
667.634	  1.00272e+07
667.921	  1.00285e+07
668.208	  1.00297e+07
668.495	  1.0031e+07
668.782	  1.00323e+07
669.069	  1.00336e+07
669.356	  1.00349e+07
669.643	  1.00361e+07
669.93	  1.00374e+07
670.217	  1.00386e+07
670.504	  1.00399e+07
670.791	  1.00411e+07
671.078	  1.00423e+07
671.365	  1.00436e+07
671.652	  1.00448e+07
671.939	  1.0046e+07
672.226	  1.00472e+07
672.513	  1.00484e+07
672.8	  1.00496e+07
673.087	  1.00508e+07
673.374	  1.0052e+07
673.661	  1.00531e+07
673.948	  1.00543e+07
674.235	  1.00555e+07
674.522	  1.00566e+07
674.809	  1.00578e+07
675.096	  1.00589e+07
675.383	  1.00601e+07
675.67	  1.00612e+07
675.957	  1.00623e+07
676.244	  1.00635e+07
676.531	  1.00646e+07
676.818	  1.00657e+07
677.105	  1.00668e+07
677.392	  1.00679e+07
677.679	  1.0069e+07
677.966	  1.00701e+07
678.253	  1.00711e+07
678.54	  1.00722e+07
678.827	  1.00733e+07
679.114	  1.00743e+07
679.401	  1.00754e+07
679.688	  1.00764e+07
679.975	  1.00775e+07
680.262	  1.00785e+07
680.549	  1.00796e+07
680.836	  1.00806e+07
681.123	  1.00816e+07
681.41	  1.00826e+07
681.697	  1.00836e+07
681.984	  1.00846e+07
682.271	  1.00856e+07
682.558	  1.00866e+07
682.845	  1.00876e+07
683.132	  1.00886e+07
683.419	  1.00895e+07
683.706	  1.00905e+07
683.993	  1.00915e+07
684.28	  1.00924e+07
684.567	  1.00934e+07
684.854	  1.00943e+07
685.141	  1.00953e+07
685.428	  1.00962e+07
685.715	  1.00971e+07
686.002	  1.0098e+07
686.289	  1.00989e+07
686.576	  1.00998e+07
686.863	  1.01008e+07
687.15	  1.01016e+07
687.437	  1.01025e+07
687.724	  1.01034e+07
688.011	  1.01043e+07
688.298	  1.01052e+07
688.585	  1.0106e+07
688.872	  1.01069e+07
689.159	  1.01078e+07
689.446	  1.01086e+07
689.733	  1.01095e+07
690.02	  1.01103e+07
690.307	  1.01111e+07
690.594	  1.0112e+07
690.881	  1.01128e+07
691.168	  1.01136e+07
691.455	  1.01144e+07
691.742	  1.01152e+07
692.029	  1.0116e+07
692.316	  1.01168e+07
692.603	  1.01176e+07
692.89	  1.01184e+07
693.177	  1.01192e+07
693.464	  1.01199e+07
693.751	  1.01207e+07
694.038	  1.01214e+07
694.325	  1.01222e+07
694.612	  1.01229e+07
694.899	  1.01237e+07
695.186	  1.01244e+07
695.473	  1.01252e+07
695.76	  1.01259e+07
696.047	  1.01266e+07
696.334	  1.01273e+07
696.621	  1.0128e+07
696.908	  1.01287e+07
697.195	  1.01294e+07
697.482	  1.01301e+07
697.769	  1.01308e+07
698.056	  1.01315e+07
698.343	  1.01322e+07
698.63	  1.01328e+07
698.917	  1.01335e+07
699.204	  1.01342e+07
699.491	  1.01348e+07
699.778	  1.01355e+07
700.065	  1.01361e+07
700.352	  1.01367e+07
700.639	  1.01374e+07
700.926	  1.0138e+07
701.213	  1.01386e+07
701.5	  1.01392e+07
701.787	  1.01399e+07
702.074	  1.01405e+07
702.361	  1.01411e+07
702.648	  1.01416e+07
702.935	  1.01422e+07
703.222	  1.01428e+07
703.509	  1.01434e+07
703.796	  1.0144e+07
704.083	  1.01445e+07
704.37	  1.01451e+07
704.657	  1.01457e+07
704.944	  1.01462e+07
705.231	  1.01467e+07
705.518	  1.01473e+07
705.805	  1.01478e+07
706.092	  1.01484e+07
706.379	  1.01489e+07
706.666	  1.01494e+07
706.953	  1.01499e+07
707.24	  1.01504e+07
707.527	  1.01509e+07
707.814	  1.01514e+07
708.101	  1.01519e+07
708.388	  1.01524e+07
708.675	  1.01529e+07
708.962	  1.01533e+07
709.249	  1.01538e+07
709.536	  1.01543e+07
709.823	  1.01547e+07
710.11	  1.01552e+07
710.397	  1.01556e+07
710.684	  1.01561e+07
710.971	  1.01565e+07
711.258	  1.0157e+07
711.545	  1.01574e+07
711.832	  1.01578e+07
712.119	  1.01582e+07
712.406	  1.01586e+07
712.693	  1.01591e+07
712.98	  1.01595e+07
713.267	  1.01599e+07
713.554	  1.01602e+07
713.841	  1.01606e+07
714.128	  1.0161e+07
714.415	  1.01614e+07
714.702	  1.01618e+07
714.989	  1.01621e+07
715.276	  1.01625e+07
715.563	  1.01628e+07
715.85	  1.01632e+07
716.137	  1.01635e+07
716.424	  1.01639e+07
716.711	  1.01642e+07
716.998	  1.01645e+07
717.285	  1.01649e+07
717.572	  1.01652e+07
717.859	  1.01655e+07
718.146	  1.01658e+07
718.433	  1.01661e+07
718.72	  1.01664e+07
719.007	  1.01667e+07
719.294	  1.0167e+07
719.581	  1.01673e+07
719.868	  1.01676e+07
720.155	  1.01678e+07
720.442	  1.01681e+07
720.729	  1.01684e+07
721.016	  1.01686e+07
721.303	  1.01689e+07
721.59	  1.01691e+07
721.877	  1.01694e+07
722.164	  1.01696e+07
722.451	  1.01699e+07
722.738	  1.01701e+07
723.025	  1.01703e+07
723.312	  1.01705e+07
723.599	  1.01707e+07
723.886	  1.0171e+07
724.173	  1.01712e+07
724.46	  1.01714e+07
724.747	  1.01716e+07
725.034	  1.01717e+07
725.321	  1.01719e+07
725.608	  1.01721e+07
725.895	  1.01723e+07
726.182	  1.01725e+07
726.469	  1.01726e+07
726.756	  1.01728e+07
727.043	  1.01729e+07
727.33	  1.01731e+07
727.617	  1.01732e+07
727.904	  1.01734e+07
728.191	  1.01735e+07
728.478	  1.01736e+07
728.765	  1.01738e+07
729.052	  1.01739e+07
729.339	  1.0174e+07
729.626	  1.01741e+07
729.913	  1.01742e+07
730.2	  1.01743e+07
730.487	  1.01744e+07
730.774	  1.01745e+07
731.061	  1.01746e+07
731.348	  1.01747e+07
731.635	  1.01748e+07
731.922	  1.01748e+07
732.209	  1.01749e+07
732.496	  1.0175e+07
732.783	  1.0175e+07
733.07	  1.01751e+07
733.357	  1.01751e+07
733.644	  1.01752e+07
733.931	  1.01752e+07
734.218	  1.01752e+07
734.505	  1.01753e+07
734.792	  1.01753e+07
735.079	  1.01753e+07
735.366	  1.01753e+07
735.653	  1.01753e+07
735.94	  1.01754e+07
736.227	  1.01754e+07
736.514	  1.01754e+07
736.801	  1.01753e+07
737.088	  1.01753e+07
737.375	  1.01753e+07
737.662	  1.01753e+07
737.949	  1.01753e+07
738.236	  1.01752e+07
738.523	  1.01752e+07
738.81	  1.01752e+07
739.097	  1.01751e+07
739.384	  1.01751e+07
739.671	  1.0175e+07
739.958	  1.0175e+07
740.245	  1.01749e+07
740.532	  1.01748e+07
740.819	  1.01748e+07
741.106	  1.01747e+07
741.393	  1.01746e+07
741.68	  1.01745e+07
741.967	  1.01744e+07
742.254	  1.01743e+07
742.541	  1.01742e+07
742.828	  1.01741e+07
743.115	  1.0174e+07
743.402	  1.01739e+07
743.689	  1.01738e+07
743.976	  1.01737e+07
744.263	  1.01735e+07
744.55	  1.01734e+07
744.837	  1.01733e+07
745.124	  1.01731e+07
745.411	  1.0173e+07
745.698	  1.01728e+07
745.985	  1.01727e+07
746.272	  1.01725e+07
746.559	  1.01724e+07
746.846	  1.01722e+07
747.133	  1.0172e+07
747.42	  1.01718e+07
747.707	  1.01717e+07
747.994	  1.01715e+07
748.281	  1.01713e+07
748.568	  1.01711e+07
748.855	  1.01709e+07
749.142	  1.01707e+07
749.429	  1.01705e+07
749.716	  1.01703e+07
750.003	  1.017e+07
750.29	  1.01698e+07
750.577	  1.01696e+07
750.864	  1.01694e+07
751.151	  1.01691e+07
751.438	  1.01689e+07
751.725	  1.01687e+07
752.012	  1.01684e+07
752.299	  1.01682e+07
752.586	  1.01679e+07
752.873	  1.01676e+07
753.16	  1.01674e+07
753.447	  1.01671e+07
753.734	  1.01668e+07
754.021	  1.01666e+07
754.308	  1.01663e+07
754.595	  1.0166e+07
754.882	  1.01657e+07
755.169	  1.01654e+07
755.456	  1.01651e+07
755.743	  1.01648e+07
756.03	  1.01645e+07
756.317	  1.01642e+07
756.604	  1.01639e+07
756.891	  1.01636e+07
757.178	  1.01632e+07
757.465	  1.01629e+07
757.752	  1.01626e+07
758.039	  1.01622e+07
758.326	  1.01619e+07
758.613	  1.01615e+07
758.9	  1.01612e+07
759.187	  1.01608e+07
759.474	  1.01605e+07
759.761	  1.01601e+07
760.048	  1.01598e+07
760.335	  1.01594e+07
760.622	  1.0159e+07
760.909	  1.01586e+07
761.196	  1.01582e+07
761.483	  1.01579e+07
761.77	  1.01575e+07
762.057	  1.01571e+07
762.344	  1.01567e+07
762.631	  1.01563e+07
762.918	  1.01559e+07
763.205	  1.01554e+07
763.492	  1.0155e+07
763.779	  1.01546e+07
764.066	  1.01542e+07
764.353	  1.01538e+07
764.64	  1.01533e+07
764.927	  1.01529e+07
765.214	  1.01524e+07
765.501	  1.0152e+07
765.788	  1.01515e+07
766.075	  1.01511e+07
766.362	  1.01506e+07
766.649	  1.01502e+07
766.936	  1.01497e+07
767.223	  1.01492e+07
767.51	  1.01488e+07
767.797	  1.01483e+07
768.084	  1.01478e+07
768.371	  1.01473e+07
768.658	  1.01468e+07
768.945	  1.01463e+07
769.232	  1.01458e+07
769.519	  1.01453e+07
769.806	  1.01448e+07
770.093	  1.01443e+07
770.38	  1.01438e+07
770.667	  1.01433e+07
770.954	  1.01428e+07
771.241	  1.01422e+07
771.528	  1.01417e+07
771.815	  1.01412e+07
772.102	  1.01406e+07
772.389	  1.01401e+07
772.676	  1.01396e+07
772.963	  1.0139e+07
773.25	  1.01385e+07
773.537	  1.01379e+07
773.824	  1.01373e+07
774.111	  1.01368e+07
774.398	  1.01362e+07
774.685	  1.01356e+07
774.972	  1.0135e+07
775.259	  1.01345e+07
775.546	  1.01339e+07
775.833	  1.01333e+07
776.12	  1.01327e+07
776.407	  1.01321e+07
776.694	  1.01315e+07
776.981	  1.01309e+07
777.268	  1.01303e+07
777.555	  1.01297e+07
777.842	  1.01291e+07
778.129	  1.01284e+07
778.416	  1.01278e+07
778.703	  1.01272e+07
778.99	  1.01266e+07
779.277	  1.01259e+07
779.564	  1.01253e+07
779.851	  1.01246e+07
780.138	  1.0124e+07
780.425	  1.01233e+07
780.712	  1.01227e+07
780.999	  1.0122e+07
781.286	  1.01214e+07
781.573	  1.01207e+07
781.86	  1.012e+07
782.147	  1.01194e+07
782.434	  1.01187e+07
782.721	  1.0118e+07
783.008	  1.01173e+07
783.295	  1.01166e+07
783.582	  1.01159e+07
783.869	  1.01153e+07
784.156	  1.01146e+07
784.443	  1.01139e+07
784.73	  1.01131e+07
785.017	  1.01124e+07
785.304	  1.01117e+07
785.591	  1.0111e+07
785.878	  1.01103e+07
786.165	  1.01096e+07
786.452	  1.01088e+07
786.739	  1.01081e+07
787.026	  1.01074e+07
787.313	  1.01066e+07
787.6	  1.01059e+07
787.887	  1.01051e+07
788.174	  1.01044e+07
788.461	  1.01036e+07
788.748	  1.01029e+07
789.035	  1.01021e+07
789.322	  1.01013e+07
789.609	  1.01006e+07
789.896	  1.00998e+07
790.183	  1.0099e+07
790.47	  1.00982e+07
790.757	  1.00975e+07
791.044	  1.00967e+07
791.331	  1.00959e+07
791.618	  1.00951e+07
791.905	  1.00943e+07
792.192	  1.00935e+07
792.479	  1.00927e+07
792.766	  1.00919e+07
793.053	  1.00911e+07
793.34	  1.00903e+07
793.627	  1.00894e+07
793.914	  1.00886e+07
794.201	  1.00878e+07
794.488	  1.0087e+07
794.775	  1.00861e+07
795.062	  1.00853e+07
795.349	  1.00844e+07
795.636	  1.00836e+07
795.923	  1.00828e+07
796.21	  1.00819e+07
796.497	  1.0081e+07
796.784	  1.00802e+07
797.071	  1.00793e+07
797.358	  1.00785e+07
797.645	  1.00776e+07
797.932	  1.00767e+07
798.219	  1.00758e+07
798.506	  1.0075e+07
798.793	  1.00741e+07
799.08	  1.00732e+07
799.367	  1.00723e+07
799.654	  1.00714e+07
799.941	  1.00705e+07
800.228	  1.00696e+07
800.515	  1.00687e+07
800.802	  1.00678e+07
801.089	  1.00669e+07
801.376	  1.0066e+07
801.663	  1.00651e+07
801.95	  1.00642e+07
802.237	  1.00632e+07
802.524	  1.00623e+07
802.811	  1.00614e+07
803.098	  1.00604e+07
803.385	  1.00595e+07
803.672	  1.00586e+07
803.959	  1.00576e+07
804.246	  1.00567e+07
804.533	  1.00557e+07
804.82	  1.00548e+07
805.107	  1.00538e+07
805.394	  1.00529e+07
805.681	  1.00519e+07
805.968	  1.00509e+07
806.255	  1.005e+07
806.542	  1.0049e+07
806.829	  1.0048e+07
807.116	  1.0047e+07
807.403	  1.0046e+07
807.69	  1.00451e+07
807.977	  1.00441e+07
808.264	  1.00431e+07
808.551	  1.00421e+07
808.838	  1.00411e+07
809.125	  1.00401e+07
809.412	  1.00391e+07
809.699	  1.00381e+07
809.986	  1.0037e+07
810.273	  1.0036e+07
810.56	  1.0035e+07
810.847	  1.0034e+07
811.134	  1.0033e+07
811.421	  1.00319e+07
811.708	  1.00309e+07
811.995	  1.00299e+07
812.282	  1.00288e+07
812.569	  1.00278e+07
812.856	  1.00267e+07
813.143	  1.00257e+07
813.43	  1.00246e+07
813.717	  1.00236e+07
814.004	  1.00225e+07
814.291	  1.00215e+07
814.578	  1.00204e+07
814.865	  1.00193e+07
815.152	  1.00183e+07
815.439	  1.00172e+07
815.726	  1.00161e+07
816.013	  1.0015e+07
816.3	  1.00139e+07
816.587	  1.00129e+07
816.874	  1.00118e+07
817.161	  1.00107e+07
817.448	  1.00096e+07
817.735	  1.00085e+07
818.022	  1.00074e+07
818.309	  1.00063e+07
818.596	  1.00052e+07
818.883	  1.00041e+07
819.17	  1.00029e+07
819.457	  1.00018e+07
820.002	  9.9997e+06
820.031	  9.99958e+06
820.059	  9.99947e+06
820.088	  9.99936e+06
820.117	  9.99925e+06
820.146	  9.99913e+06
820.174	  9.99902e+06
820.203	  9.99891e+06
820.232	  9.99879e+06
820.26	  9.99868e+06
820.289	  9.99857e+06
820.318	  9.99846e+06
820.346	  9.99834e+06
820.375	  9.99823e+06
820.404	  9.99812e+06
820.433	  9.998e+06
820.461	  9.99789e+06
820.49	  9.99778e+06
820.519	  9.99767e+06
820.547	  9.99755e+06
820.576	  9.99744e+06
820.605	  9.99733e+06
820.633	  3.31161e+06
820.662	  3.3116e+06
820.691	  3.3116e+06
820.72	  3.3116e+06
820.748	  3.31159e+06
820.777	  3.31159e+06
820.806	  3.31158e+06
820.834	  3.31158e+06
820.863	  3.31157e+06
820.892	  3.31157e+06
820.92	  3.31156e+06
820.949	  3.31156e+06
820.978	  3.31156e+06
821.007	  3.31155e+06
821.035	  3.31155e+06
821.064	  3.31154e+06
821.093	  3.31154e+06
821.121	  3.31153e+06
821.15	  3.31153e+06
821.179	  3.31152e+06
821.207	  3.31152e+06
821.236	  3.31151e+06
821.265	  3.31151e+06
821.294	  3.3115e+06
821.322	  3.3115e+06
821.351	  3.31149e+06
821.38	  3.31149e+06
821.408	  3.31149e+06
821.437	  3.31148e+06
821.466	  3.31148e+06
821.494	  3.31147e+06
821.523	  3.31147e+06
821.552	  3.31146e+06
821.581	  3.31146e+06
821.609	  3.31145e+06
821.638	  3.31145e+06
821.667	  3.31144e+06
821.695	  3.31144e+06
821.724	  3.31143e+06
821.753	  3.31143e+06
821.781	  3.31142e+06
821.81	  3.31142e+06
821.839	  3.31141e+06
821.868	  3.31141e+06
821.896	  3.3114e+06
821.925	  3.3114e+06
821.954	  3.31139e+06
821.982	  3.31139e+06
822.011	  3.31138e+06
822.011	  3.31138e+06
822.298	  3.31133e+06
822.585	  3.31128e+06
822.872	  3.31123e+06
823.159	  3.31118e+06
823.446	  3.31113e+06
823.733	  3.31107e+06
824.02	  3.31102e+06
824.307	  3.31096e+06
824.594	  3.3109e+06
824.881	  3.31084e+06
825.168	  3.31078e+06
825.455	  3.31072e+06
825.742	  3.31066e+06
826.029	  3.3106e+06
826.316	  3.31054e+06
826.603	  3.31048e+06
826.89	  3.31041e+06
827.177	  3.31035e+06
827.464	  3.31028e+06
827.751	  3.31021e+06
828.038	  3.31014e+06
828.325	  3.31007e+06
828.612	  3.31e+06
828.899	  3.30993e+06
829.186	  3.30986e+06
829.473	  3.30979e+06
829.76	  3.30971e+06
830.047	  3.30964e+06
830.334	  3.30956e+06
830.621	  3.30949e+06
830.908	  3.30941e+06
831.195	  3.30933e+06
831.482	  3.30925e+06
831.769	  3.30917e+06
832.056	  3.30909e+06
832.343	  3.30901e+06
832.63	  3.30893e+06
832.917	  3.30884e+06
833.204	  3.30876e+06
833.491	  3.30867e+06
833.778	  3.30859e+06
834.065	  3.3085e+06
834.352	  3.30841e+06
834.639	  3.30832e+06
834.926	  3.30823e+06
835.213	  3.30814e+06
835.5	  3.30805e+06
835.787	  3.30796e+06
836.074	  3.30786e+06
836.361	  3.30777e+06
836.648	  3.30768e+06
836.935	  3.30758e+06
837.222	  3.30748e+06
837.509	  3.30738e+06
837.796	  3.30729e+06
838.083	  3.30719e+06
838.37	  3.30709e+06
838.657	  3.30698e+06
838.944	  3.30688e+06
839.231	  3.30678e+06
839.518	  3.30668e+06
839.805	  3.30657e+06
840.092	  3.30647e+06
840.379	  3.30636e+06
840.666	  3.30625e+06
840.953	  3.30614e+06
841.24	  3.30603e+06
841.527	  3.30592e+06
841.814	  3.30581e+06
842.101	  3.3057e+06
842.388	  3.30559e+06
842.675	  3.30548e+06
842.962	  3.30536e+06
843.249	  3.30525e+06
843.536	  3.30513e+06
843.823	  3.30501e+06
844.11	  3.3049e+06
844.397	  3.30478e+06
844.684	  3.30466e+06
844.971	  3.30454e+06
845.258	  3.30442e+06
845.545	  3.3043e+06
845.832	  3.30417e+06
846.119	  3.30405e+06
846.406	  3.30393e+06
846.693	  3.3038e+06
846.98	  3.30367e+06
847.267	  3.30355e+06
847.554	  3.30342e+06
847.841	  3.30329e+06
848.128	  3.30316e+06
848.415	  3.30303e+06
848.702	  3.3029e+06
848.989	  3.30277e+06
849.276	  3.30264e+06
849.563	  3.3025e+06
849.85	  3.30237e+06
850.137	  3.30223e+06
850.424	  3.3021e+06
850.711	  3.30196e+06
850.998	  3.30182e+06
851.285	  3.30168e+06
851.572	  3.30155e+06
851.859	  3.3014e+06
852.146	  3.30126e+06
852.433	  3.30112e+06
852.72	  3.30098e+06
853.007	  3.30084e+06
853.294	  3.30069e+06
853.581	  3.30055e+06
853.868	  3.3004e+06
854.155	  3.30026e+06
854.442	  3.30011e+06
854.729	  3.29996e+06
855.016	  3.29981e+06
855.303	  3.29966e+06
855.59	  3.29951e+06
855.877	  3.29936e+06
856.164	  3.29921e+06
856.451	  3.29905e+06
856.738	  3.2989e+06
857.025	  3.29875e+06
857.312	  3.29859e+06
857.599	  3.29843e+06
857.886	  3.29828e+06
858.173	  3.29812e+06
858.46	  3.29796e+06
858.747	  3.2978e+06
859.034	  3.29764e+06
859.321	  3.29748e+06
859.608	  3.29732e+06
859.895	  3.29716e+06
860.182	  3.29699e+06
860.469	  3.29683e+06
860.756	  3.29666e+06
861.043	  3.2965e+06
861.33	  3.29633e+06
861.617	  3.29616e+06
861.904	  3.296e+06
862.191	  3.29583e+06
862.478	  3.29566e+06
862.765	  3.29549e+06
863.052	  3.29532e+06
863.339	  3.29515e+06
863.626	  3.29497e+06
863.913	  3.2948e+06
864.2	  3.29462e+06
864.487	  3.29445e+06
864.774	  3.29427e+06
865.061	  3.2941e+06
865.348	  3.29392e+06
865.635	  3.29374e+06
865.922	  3.29356e+06
866.209	  3.29338e+06
866.496	  3.2932e+06
866.783	  3.29302e+06
867.07	  3.29284e+06
867.357	  3.29266e+06
867.644	  3.29248e+06
867.931	  3.29229e+06
868.218	  3.29211e+06
868.505	  3.29192e+06
868.792	  3.29173e+06
869.079	  3.29155e+06
869.366	  3.29136e+06
869.653	  3.29117e+06
869.94	  3.29098e+06
870.227	  3.29079e+06
870.514	  3.2906e+06
870.801	  3.29041e+06
871.088	  3.29022e+06
871.375	  3.29002e+06
871.662	  3.28983e+06
871.949	  3.28964e+06
872.236	  3.28944e+06
872.523	  3.28924e+06
872.81	  3.28905e+06
873.097	  3.28885e+06
873.384	  3.28865e+06
873.671	  3.28845e+06
873.958	  3.28825e+06
874.245	  3.28805e+06
874.532	  3.28785e+06
874.819	  3.28765e+06
875.106	  3.28745e+06
875.393	  3.28724e+06
875.68	  3.28704e+06
875.967	  3.28684e+06
876.254	  3.28663e+06
876.541	  3.28642e+06
876.828	  3.28622e+06
877.115	  3.28601e+06
877.402	  3.2858e+06
877.689	  3.28559e+06
877.976	  3.28538e+06
878.263	  3.28517e+06
878.55	  3.28496e+06
878.837	  3.28475e+06
879.124	  3.28453e+06
879.411	  3.28432e+06
879.698	  3.28411e+06
879.985	  3.28389e+06
880.272	  3.28368e+06
880.559	  3.28346e+06
880.846	  3.28324e+06
881.133	  3.28303e+06
881.42	  3.28281e+06
881.707	  3.28259e+06
881.994	  3.28237e+06
882.281	  3.28215e+06
882.568	  3.28193e+06
882.855	  3.2817e+06
883.142	  3.28148e+06
883.429	  3.28126e+06
883.716	  3.28103e+06
884.003	  3.28081e+06
884.29	  3.28058e+06
884.577	  3.28036e+06
884.864	  3.28013e+06
885.151	  3.2799e+06
885.438	  3.27968e+06
885.725	  3.27945e+06
886.012	  3.27922e+06
886.299	  3.27899e+06
886.586	  3.27876e+06
886.873	  3.27852e+06
887.16	  3.27829e+06
887.447	  3.27806e+06
887.734	  3.27783e+06
888.021	  3.27759e+06
888.308	  3.27736e+06
888.595	  3.27712e+06
888.882	  3.27688e+06
889.169	  3.27665e+06
889.456	  3.27641e+06
889.743	  3.27617e+06
890.03	  3.27593e+06
890.317	  3.27569e+06
890.604	  3.27545e+06
890.891	  3.27521e+06
891.178	  3.27497e+06
891.465	  3.27473e+06
891.752	  3.27448e+06
892.039	  3.27424e+06
892.326	  3.27399e+06
892.613	  3.27375e+06
892.9	  3.2735e+06
893.187	  3.27326e+06
893.474	  3.27301e+06
893.761	  3.27276e+06
894.048	  3.27251e+06
894.335	  3.27226e+06
894.622	  3.27201e+06
894.909	  3.27176e+06
895.196	  3.27151e+06
895.483	  3.27126e+06
895.77	  3.27101e+06
896.057	  3.27075e+06
896.344	  3.2705e+06
896.631	  3.27025e+06
896.918	  3.26999e+06
897.205	  3.26974e+06
897.492	  3.26948e+06
897.779	  3.26922e+06
898.066	  3.26896e+06
898.353	  3.26871e+06
898.64	  3.26845e+06
898.927	  3.26819e+06
899.214	  3.26793e+06
899.501	  3.26767e+06
899.788	  3.2674e+06
900.075	  3.26714e+06
900.362	  3.26688e+06
900.649	  3.26662e+06
900.936	  3.26635e+06
901.223	  3.26609e+06
901.51	  3.26582e+06
901.797	  3.26556e+06
902.084	  3.26529e+06
902.371	  3.26502e+06
902.658	  3.26475e+06
902.945	  3.26449e+06
903.232	  3.26422e+06
903.519	  3.26395e+06
903.806	  3.26368e+06
904.093	  3.2634e+06
904.38	  3.26313e+06
904.667	  3.26286e+06
904.954	  3.26259e+06
905.241	  3.26231e+06
905.528	  3.26204e+06
905.815	  3.26176e+06
906.102	  3.26149e+06
906.389	  3.26121e+06
906.676	  3.26094e+06
906.963	  3.26066e+06
907.25	  3.26038e+06
907.537	  3.2601e+06
907.824	  3.25982e+06
908.111	  3.25954e+06
908.398	  3.25926e+06
908.685	  3.25898e+06
908.972	  3.2587e+06
909.259	  3.25842e+06
909.546	  3.25813e+06
909.833	  3.25785e+06
910.12	  3.25757e+06
910.407	  3.25728e+06
910.694	  3.257e+06
910.981	  3.25671e+06
911.268	  3.25642e+06
911.555	  3.25614e+06
911.842	  3.25585e+06
912.129	  3.25556e+06
912.416	  3.25527e+06
912.703	  3.25498e+06
912.99	  3.25469e+06
913.277	  3.2544e+06
913.564	  3.25411e+06
913.851	  3.25382e+06
914.138	  3.25353e+06
914.425	  3.25323e+06
914.712	  3.25294e+06
914.999	  3.25264e+06
915.286	  3.25235e+06
915.573	  3.25205e+06
915.86	  3.25176e+06
916.147	  3.25146e+06
916.434	  3.25116e+06
916.721	  3.25087e+06
917.008	  3.25057e+06
917.295	  3.25027e+06
917.582	  3.24997e+06
917.869	  3.24967e+06
918.156	  3.24937e+06
918.443	  3.24907e+06
918.73	  3.24876e+06
919.017	  3.24846e+06
919.304	  3.24816e+06
919.591	  3.24785e+06
919.878	  3.24755e+06
920.165	  3.24724e+06
920.452	  3.24694e+06
920.739	  3.24663e+06
921.026	  3.24633e+06
921.313	  3.24602e+06
921.6	  3.24571e+06
921.887	  3.2454e+06
922.174	  3.24509e+06
922.461	  3.24478e+06
922.748	  3.24447e+06
923.035	  3.24416e+06
923.322	  3.24385e+06
923.609	  3.24354e+06
923.896	  3.24323e+06
924.183	  3.24291e+06
924.47	  3.2426e+06
924.757	  3.24229e+06
925.044	  3.24197e+06
925.331	  3.24166e+06
925.618	  3.24134e+06
925.905	  3.24103e+06
926.192	  3.24071e+06
926.479	  3.24039e+06
926.766	  3.24007e+06
927.053	  3.23975e+06
927.34	  3.23943e+06
927.627	  3.23912e+06
927.914	  3.2388e+06
928.201	  3.23847e+06
928.488	  3.23815e+06
928.775	  3.23783e+06
929.062	  3.23751e+06
929.349	  3.23719e+06
929.636	  3.23686e+06
929.923	  3.23654e+06
930.21	  3.23621e+06
930.497	  3.23589e+06
930.784	  3.23556e+06
931.071	  3.23524e+06
931.358	  3.23491e+06
931.645	  3.23458e+06
931.932	  3.23425e+06
932.219	  3.23393e+06
932.506	  3.2336e+06
932.793	  3.23327e+06
933.08	  3.23294e+06
933.367	  3.23261e+06
933.654	  3.23227e+06
933.941	  3.23194e+06
934.228	  3.23161e+06
934.515	  3.23128e+06
934.802	  3.23094e+06
935.089	  3.23061e+06
935.376	  3.23028e+06
935.663	  3.22994e+06
935.95	  3.22961e+06
936.237	  3.22927e+06
936.524	  3.22893e+06
936.811	  3.2286e+06
937.098	  3.22826e+06
937.385	  3.22792e+06
937.672	  3.22758e+06
937.959	  3.22724e+06
938.246	  3.2269e+06
938.533	  3.22656e+06
938.82	  3.22622e+06
939.107	  3.22588e+06
939.394	  3.22554e+06
939.681	  3.2252e+06
939.968	  3.22485e+06
940.255	  3.22451e+06
940.542	  3.22417e+06
940.829	  3.22382e+06
941.116	  3.22348e+06
941.403	  3.22313e+06
941.69	  3.22279e+06
941.977	  3.22244e+06
942.264	  3.22209e+06
942.551	  3.22175e+06
942.838	  3.2214e+06
943.125	  3.22105e+06
943.412	  3.2207e+06
943.699	  3.22035e+06
943.986	  3.22e+06
944.273	  3.21965e+06
944.56	  3.2193e+06
944.847	  3.21895e+06
945.134	  3.21859e+06
945.421	  3.21824e+06
945.708	  3.21789e+06
945.995	  3.21754e+06
946.282	  3.21718e+06
946.569	  3.21683e+06
946.856	  3.21647e+06
947.143	  3.21612e+06
947.43	  3.21576e+06
947.717	  3.2154e+06
948.004	  3.21505e+06
948.291	  3.21469e+06
948.578	  3.21433e+06
948.865	  3.21397e+06
949.152	  3.21361e+06
949.439	  3.21325e+06
949.726	  3.21289e+06
950.013	  3.21253e+06
950.3	  3.21217e+06
950.587	  3.21181e+06
950.874	  3.21145e+06
951.161	  3.21109e+06
951.448	  3.21072e+06
951.735	  3.21036e+06
952.022	  3.21e+06
952.309	  3.20963e+06
952.596	  3.20927e+06
952.883	  3.2089e+06
953.17	  3.20853e+06
953.457	  3.20817e+06
953.744	  3.2078e+06
954.031	  3.20743e+06
954.318	  3.20707e+06
954.605	  3.2067e+06
954.892	  3.20633e+06
955.179	  3.20596e+06
955.466	  3.20559e+06
955.753	  3.20522e+06
956.04	  3.20485e+06
956.327	  3.20448e+06
956.614	  3.20411e+06
956.901	  3.20373e+06
957.188	  3.20336e+06
957.475	  3.20299e+06
957.762	  3.20261e+06
958.049	  3.20224e+06
958.336	  3.20187e+06
958.623	  3.20149e+06
958.91	  3.20112e+06
959.197	  3.20074e+06
959.484	  3.20036e+06
959.771	  3.19999e+06
960.058	  3.19961e+06
960.345	  3.19923e+06
960.632	  3.19885e+06
960.919	  3.19847e+06
961.206	  3.1981e+06
961.493	  3.19772e+06
961.78	  3.19734e+06
962.067	  3.19696e+06
962.354	  3.19657e+06
962.641	  3.19619e+06
962.928	  3.19581e+06
963.215	  3.19543e+06
963.502	  3.19505e+06
963.789	  3.19466e+06
964.076	  3.19428e+06
964.363	  3.19389e+06
964.65	  3.19351e+06
964.937	  3.19312e+06
965.224	  3.19274e+06
965.511	  3.19235e+06
965.798	  3.19197e+06
966.085	  3.19158e+06
966.372	  3.19119e+06
966.659	  3.1908e+06
966.946	  3.19042e+06
967.233	  3.19003e+06
967.52	  3.18964e+06
967.807	  3.18925e+06
968.094	  3.18886e+06
968.381	  3.18847e+06
968.668	  3.18808e+06
968.955	  3.18769e+06
969.242	  3.18729e+06
969.529	  3.1869e+06
969.816	  3.18651e+06
970.103	  3.18612e+06
970.39	  3.18572e+06
970.677	  3.18533e+06
970.964	  3.18493e+06
971.251	  3.18454e+06
971.538	  3.18414e+06
971.825	  3.18375e+06
972.112	  3.18335e+06
972.399	  3.18295e+06
972.686	  3.18256e+06
972.973	  3.18216e+06
973.26	  3.18176e+06
973.547	  3.18136e+06
973.834	  3.18096e+06
974.121	  3.18057e+06
974.408	  3.18017e+06
974.695	  3.17977e+06
974.982	  3.17937e+06
975.269	  3.17896e+06
975.556	  3.17856e+06
975.843	  3.17816e+06
976.13	  3.17776e+06
976.417	  3.17736e+06
976.704	  3.17695e+06
976.991	  3.17655e+06
977.278	  3.17615e+06
977.565	  3.17574e+06
977.852	  3.17534e+06
978.139	  3.17493e+06
978.426	  3.17453e+06
978.713	  3.17412e+06
979	  3.17371e+06
979.287	  3.17331e+06
979.574	  3.1729e+06
979.861	  3.17249e+06
980.148	  3.17208e+06
980.435	  3.17168e+06
980.722	  3.17127e+06
981.009	  3.17086e+06
981.296	  3.17045e+06
981.583	  3.17004e+06
981.87	  3.16963e+06
982.157	  3.16922e+06
982.444	  3.1688e+06
982.731	  3.16839e+06
983.018	  3.16798e+06
983.305	  3.16757e+06
983.592	  3.16715e+06
983.879	  3.16674e+06
984.166	  3.16633e+06
984.453	  3.16591e+06
984.74	  3.1655e+06
985.027	  3.16508e+06
985.314	  3.16467e+06
985.601	  3.16425e+06
985.888	  3.16384e+06
986.175	  3.16342e+06
986.462	  3.163e+06
986.749	  3.16258e+06
987.036	  3.16217e+06
987.323	  3.16175e+06
987.61	  3.16133e+06
987.897	  3.16091e+06
988.184	  3.16049e+06
988.471	  3.16007e+06
988.758	  3.15965e+06
989.045	  3.15923e+06
989.332	  3.15881e+06
989.619	  3.15839e+06
989.906	  3.15797e+06
990.193	  3.15754e+06
990.48	  3.15712e+06
990.767	  3.1567e+06
991.054	  3.15627e+06
991.341	  3.15585e+06
991.628	  3.15543e+06
991.915	  3.155e+06
992.202	  3.15458e+06
992.489	  3.15415e+06
992.776	  3.15373e+06
993.063	  3.1533e+06
993.35	  3.15287e+06
993.637	  3.15245e+06
993.924	  3.15202e+06
994.211	  3.15159e+06
994.498	  3.15116e+06
994.785	  3.15074e+06
995.072	  3.15031e+06
995.359	  3.14988e+06
995.646	  3.14945e+06
995.933	  3.14902e+06
996.22	  3.14859e+06
996.507	  3.14816e+06
996.794	  3.14773e+06
997.081	  3.1473e+06
997.368	  3.14686e+06
997.655	  3.14643e+06
997.942	  3.146e+06
998.229	  3.14557e+06
998.516	  3.14513e+06
998.803	  3.1447e+06
999.09	  3.14426e+06
999.377	  3.14383e+06
999.664	  3.1434e+06
999.951	  3.14296e+06
1000.24	  3.14253e+06
1000.52	  3.14209e+06
1000.81	  3.14165e+06
1001.1	  3.14122e+06
1001.39	  3.14078e+06
1001.67	  3.14034e+06
1001.96	  3.1399e+06
1002.25	  3.13947e+06
1002.53	  3.13903e+06
1002.82	  3.13859e+06
1003.11	  3.13815e+06
1003.39	  3.13771e+06
1003.68	  3.13727e+06
1003.97	  3.13683e+06
1004.26	  3.13639e+06
1004.54	  3.13595e+06
1004.83	  3.13551e+06
1005.12	  3.13507e+06
1005.4	  3.13462e+06
1005.69	  3.13418e+06
1005.98	  3.13374e+06
1006.26	  3.1333e+06
1006.55	  3.13285e+06
1006.84	  3.13241e+06
1007.13	  3.13196e+06
1007.41	  3.13152e+06
1007.7	  3.13108e+06
1007.99	  3.13063e+06
1008.27	  3.13018e+06
1008.56	  3.12974e+06
1008.85	  3.12929e+06
1009.13	  3.12885e+06
1009.42	  3.1284e+06
1009.71	  3.12795e+06
1010	  3.1275e+06
1010.28	  3.12706e+06
1010.57	  3.12661e+06
1010.86	  3.12616e+06
1011.14	  3.12571e+06
1011.43	  3.12526e+06
1011.72	  3.12481e+06
1012	  3.12436e+06
1012.29	  3.12391e+06
1012.58	  3.12346e+06
1012.87	  3.12301e+06
1013.15	  3.12256e+06
1013.44	  3.12211e+06
1013.73	  3.12165e+06
1014.01	  3.1212e+06
1014.3	  3.12075e+06
1014.59	  3.12029e+06
1014.88	  3.11984e+06
1015.16	  3.11939e+06
1015.45	  3.11893e+06
1015.74	  3.11848e+06
1016.02	  3.11802e+06
1016.31	  3.11757e+06
1016.6	  3.11711e+06
1016.88	  3.11666e+06
1017.17	  3.1162e+06
1017.46	  3.11575e+06
1017.75	  3.11529e+06
1018.03	  3.11483e+06
1018.32	  3.11437e+06
1018.61	  3.11392e+06
1018.89	  3.11346e+06
1019.18	  3.113e+06
1019.47	  3.11254e+06
1019.98	  3.11173e+06
1021.08	  3.10996e+06
1022.17	  3.1082e+06
1023.27	  3.10642e+06
1024.38	  3.10465e+06
1025.47	  3.10286e+06
1026.58	  3.10108e+06
1027.67	  3.09928e+06
1028.78	  3.09749e+06
1029.88	  3.09569e+06
1030.97	  3.09388e+06
1032.08	  3.09207e+06
1033.17	  3.09026e+06
1034.28	  3.08844e+06
1035.38	  3.08662e+06
1036.47	  3.08479e+06
1037.58	  3.08296e+06
1038.67	  3.08112e+06
1039.78	  3.07928e+06
1040.88	  3.07744e+06
1041.97	  3.07559e+06
1043.08	  3.07374e+06
1044.17	  3.07188e+06
1045.28	  3.07002e+06
1046.38	  3.06816e+06
1047.47	  3.06629e+06
1048.58	  3.06441e+06
1049.67	  3.06254e+06
1050.78	  3.06066e+06
1051.88	  3.05877e+06
1052.97	  3.05688e+06
1054.08	  3.05499e+06
1055.17	  3.0531e+06
1056.28	  3.0512e+06
1057.38	  3.04929e+06
1058.47	  3.04738e+06
1059.58	  3.04547e+06
1060.67	  3.04356e+06
1061.78	  3.04164e+06
1062.88	  3.03972e+06
1063.97	  3.03779e+06
1065.08	  3.03586e+06
1066.17	  3.03393e+06
1067.28	  3.03199e+06
1068.38	  3.03005e+06
1069.47	  3.02811e+06
1070.58	  3.02616e+06
1071.67	  3.02421e+06
1072.78	  3.02226e+06
1073.88	  3.0203e+06
1074.97	  3.01834e+06
1076.08	  3.01638e+06
1077.17	  3.01441e+06
1078.28	  3.01244e+06
1079.38	  3.01047e+06
1080.47	  3.00849e+06
1081.58	  3.00651e+06
1082.67	  3.00453e+06
1083.78	  3.00254e+06
1084.88	  3.00055e+06
1085.97	  2.99856e+06
1087.08	  2.99657e+06
1088.17	  2.99457e+06
1089.28	  2.99257e+06
1090.38	  2.99056e+06
1091.47	  2.98856e+06
1092.58	  2.98655e+06
1093.67	  2.98453e+06
1094.78	  2.98252e+06
1095.88	  2.9805e+06
1096.97	  2.97848e+06
1098.08	  2.97645e+06
1099.17	  2.97443e+06
1100.28	  2.9724e+06
1101.38	  2.97036e+06
1102.47	  2.96833e+06
1103.58	  2.96629e+06
1104.67	  2.96425e+06
1105.78	  2.96221e+06
1106.88	  2.96016e+06
1107.97	  2.95811e+06
1109.08	  2.95606e+06
1110.17	  2.95401e+06
1111.28	  2.95195e+06
1112.38	  2.94989e+06
1113.47	  2.94783e+06
1114.58	  2.94577e+06
1115.67	  2.9437e+06
1116.78	  2.94163e+06
1117.88	  2.93956e+06
1118.97	  2.93749e+06
1120.08	  2.93541e+06
1121.17	  2.93334e+06
1122.28	  2.93126e+06
1123.38	  2.92917e+06
1124.47	  2.92709e+06
1125.58	  2.925e+06
1126.67	  2.92291e+06
1127.78	  2.92082e+06
1128.88	  2.91873e+06
1129.97	  2.91663e+06
1131.08	  2.91453e+06
1132.17	  2.91243e+06
1133.28	  2.91033e+06
1134.38	  2.90823e+06
1135.47	  2.90612e+06
1136.58	  2.90401e+06
1137.67	  2.9019e+06
1138.78	  2.89979e+06
1139.88	  2.89768e+06
1140.97	  2.89556e+06
1142.08	  2.89344e+06
1143.17	  2.89132e+06
1144.28	  2.8892e+06
1145.38	  2.88708e+06
1146.47	  2.88495e+06
1147.58	  2.88283e+06
1148.67	  2.8807e+06
1149.78	  2.87857e+06
1150.88	  2.87643e+06
1151.97	  2.8743e+06
1153.08	  2.87216e+06
1154.17	  2.87002e+06
1155.28	  2.86788e+06
1156.38	  2.86574e+06
1157.47	  2.8636e+06
1158.58	  2.86146e+06
1159.67	  2.85931e+06
1160.78	  2.85716e+06
1161.88	  2.85501e+06
1162.97	  2.85286e+06
1164.08	  2.85071e+06
1165.17	  2.84855e+06
1166.28	  2.8464e+06
1167.38	  2.84424e+06
1168.47	  2.84208e+06
1169.58	  2.83992e+06
1170.67	  2.83776e+06
1171.78	  2.8356e+06
1172.88	  2.83343e+06
1173.97	  2.83127e+06
1175.08	  2.8291e+06
1176.17	  2.82693e+06
1177.28	  2.82476e+06
1178.38	  2.82259e+06
1179.47	  2.82042e+06
1180.58	  2.81824e+06
1181.67	  2.81607e+06
1182.78	  2.81389e+06
1183.88	  2.81172e+06
1184.97	  2.80954e+06
1186.08	  2.80736e+06
1187.17	  2.80518e+06
1188.28	  2.80299e+06
1189.38	  2.80081e+06
1190.47	  2.79862e+06
1191.58	  2.79644e+06
1192.67	  2.79425e+06
1193.78	  2.79206e+06
1194.88	  2.78987e+06
1195.97	  2.78768e+06
1197.08	  2.78549e+06
1198.17	  2.7833e+06
1199.28	  2.78111e+06
1200.38	  2.77891e+06
1201.47	  2.77672e+06
1202.58	  2.77452e+06
1203.67	  2.77232e+06
1204.78	  2.77012e+06
1205.88	  2.76792e+06
1206.97	  2.76572e+06
1208.08	  2.76352e+06
1209.17	  2.76132e+06
1210.28	  2.75912e+06
1211.38	  2.75691e+06
1212.47	  2.75471e+06
1213.58	  2.7525e+06
1214.67	  2.7503e+06
1215.78	  2.74809e+06
1216.88	  2.74588e+06
1217.97	  2.74367e+06
1219.08	  2.74147e+06
1220.17	  2.73926e+06
1221.28	  2.73704e+06
1222.38	  2.73483e+06
1223.47	  2.73262e+06
1224.58	  2.73041e+06
1225.67	  2.72819e+06
1226.78	  2.72598e+06
1227.88	  2.72376e+06
1228.97	  2.72155e+06
1230.08	  2.71933e+06
1231.17	  2.71712e+06
1232.28	  2.7149e+06
1233.38	  2.71268e+06
1234.47	  2.71046e+06
1235.58	  2.70824e+06
1236.67	  2.70602e+06
1237.78	  2.7038e+06
1238.88	  2.70158e+06
1239.97	  2.69936e+06
1241.08	  2.69714e+06
1242.17	  2.69491e+06
1243.28	  2.69269e+06
1244.38	  2.69047e+06
1245.47	  2.68825e+06
1246.58	  2.68602e+06
1247.67	  2.6838e+06
1248.78	  2.68157e+06
1249.88	  2.67935e+06
1250.97	  2.67712e+06
1252.08	  2.67489e+06
1253.17	  2.67267e+06
1254.28	  2.67044e+06
1255.38	  2.66821e+06
1256.47	  2.66599e+06
1257.58	  2.66376e+06
1258.67	  2.66153e+06
1259.78	  2.6593e+06
1260.88	  2.65707e+06
1261.97	  2.65484e+06
1263.08	  2.65261e+06
1264.17	  2.65038e+06
1265.28	  2.64815e+06
1266.38	  2.64592e+06
1267.47	  2.64369e+06
1268.58	  2.64146e+06
1269.67	  2.63923e+06
1270.78	  2.637e+06
1271.88	  2.63477e+06
1272.97	  2.63254e+06
1274.08	  2.63031e+06
1275.17	  2.62808e+06
1276.28	  2.62584e+06
1277.38	  2.62361e+06
1278.47	  2.62138e+06
1279.58	  2.61915e+06
1280.67	  2.61692e+06
1281.78	  2.61468e+06
1282.88	  2.61245e+06
1283.97	  2.61022e+06
1285.08	  2.60799e+06
1286.17	  2.60576e+06
1287.28	  2.60352e+06
1288.38	  2.60129e+06
1289.47	  2.59906e+06
1290.58	  2.59683e+06
1291.67	  2.59459e+06
1292.78	  2.59236e+06
1293.88	  2.59013e+06
1294.97	  2.5879e+06
1296.08	  2.58566e+06
1297.17	  2.58343e+06
1298.28	  2.5812e+06
1299.38	  2.57897e+06
1300.47	  2.57674e+06
1301.58	  2.5745e+06
1302.67	  2.57227e+06
1303.78	  2.57004e+06
1304.88	  2.56781e+06
1305.97	  2.56558e+06
1307.08	  2.56335e+06
1308.17	  2.56112e+06
1309.28	  2.55889e+06
1310.38	  2.55665e+06
1311.47	  2.55442e+06
1312.58	  2.55219e+06
1313.67	  2.54996e+06
1314.78	  2.54773e+06
1315.88	  2.5455e+06
1316.97	  2.54327e+06
1318.08	  2.54105e+06
1319.17	  2.53882e+06
1320.28	  2.53659e+06
1321.38	  2.53436e+06
1322.47	  2.53213e+06
1323.58	  2.5299e+06
1324.67	  2.52768e+06
1325.78	  2.52545e+06
1326.88	  2.52322e+06
1327.97	  2.52099e+06
1329.08	  2.51877e+06
1330.17	  2.51654e+06
1331.28	  2.51432e+06
1332.38	  2.51209e+06
1333.47	  2.50987e+06
1334.58	  2.50764e+06
1335.67	  2.50542e+06
1336.78	  2.50319e+06
1337.88	  2.50097e+06
1338.97	  2.49875e+06
1340.08	  2.49652e+06
1341.17	  2.4943e+06
1342.28	  2.49208e+06
1343.38	  2.48986e+06
1344.47	  2.48764e+06
1345.58	  2.48542e+06
1346.67	  2.4832e+06
1347.78	  2.48098e+06
1348.88	  2.47876e+06
1349.97	  2.47654e+06
1351.08	  2.47432e+06
1352.17	  2.4721e+06
1353.28	  2.46988e+06
1354.38	  2.46767e+06
1355.47	  2.46545e+06
1356.58	  2.46323e+06
1357.67	  2.46102e+06
1358.78	  2.4588e+06
1359.88	  2.45659e+06
1360.97	  2.45438e+06
1362.08	  2.45216e+06
1363.17	  2.44995e+06
1364.28	  2.44774e+06
1365.38	  2.44553e+06
1366.47	  2.44332e+06
1367.58	  2.44111e+06
1368.67	  2.4389e+06
1369.78	  2.43669e+06
1370.88	  2.43448e+06
1371.97	  2.43227e+06
1373.08	  2.43006e+06
1374.17	  2.42786e+06
1375.28	  2.42565e+06
1376.38	  2.42344e+06
1377.47	  2.42124e+06
1378.58	  2.41904e+06
1379.67	  2.41683e+06
1380.78	  2.41463e+06
1381.88	  2.41243e+06
1382.97	  2.41023e+06
1384.08	  2.40803e+06
1385.17	  2.40582e+06
1386.28	  2.40363e+06
1387.38	  2.40143e+06
1388.47	  2.39923e+06
1389.58	  2.39703e+06
1390.67	  2.39483e+06
1391.78	  2.39264e+06
1392.88	  2.39044e+06
1393.97	  2.38825e+06
1395.08	  2.38606e+06
1396.17	  2.38386e+06
1397.28	  2.38167e+06
1398.38	  2.37948e+06
1399.47	  2.37729e+06
1400.58	  2.3751e+06
1401.67	  2.37291e+06
1402.78	  2.37072e+06
1403.88	  2.36853e+06
1404.97	  2.36635e+06
1406.08	  2.36416e+06
1407.17	  2.36198e+06
1408.28	  2.35979e+06
1409.38	  2.35761e+06
1410.47	  2.35542e+06
1411.58	  2.35324e+06
1412.67	  2.35106e+06
1413.78	  2.34888e+06
1414.88	  2.3467e+06
1415.97	  2.34452e+06
1417.08	  2.34235e+06
1418.17	  2.34017e+06
1419.28	  2.33799e+06
1420.38	  2.33582e+06
1421.47	  2.33364e+06
1422.58	  2.33147e+06
1423.67	  2.3293e+06
1424.78	  2.32713e+06
1425.88	  2.32495e+06
1426.97	  2.32278e+06
1428.08	  2.32062e+06
1429.17	  2.31845e+06
1430.28	  2.31628e+06
1431.38	  2.31411e+06
1432.47	  2.31195e+06
1433.58	  2.30978e+06
1434.67	  2.30762e+06
1435.78	  2.30546e+06
1436.88	  2.3033e+06
1437.97	  2.30114e+06
1439.08	  2.29898e+06
1440.17	  2.29682e+06
1441.28	  2.29466e+06
1442.38	  2.2925e+06
1443.47	  2.29035e+06
1444.58	  2.28819e+06
1445.67	  2.28604e+06
1446.78	  2.28389e+06
1447.88	  2.28173e+06
1448.97	  2.27958e+06
1450.08	  2.27743e+06
1451.17	  2.27528e+06
1452.28	  2.27314e+06
1453.38	  2.27099e+06
1454.47	  2.26884e+06
1455.58	  2.2667e+06
1456.67	  2.26455e+06
1457.78	  2.26241e+06
1458.88	  1.43839e+06
1459.97	  1.43724e+06
1461.08	  1.43608e+06
1462.17	  1.43492e+06
1463.28	  1.43377e+06
1464.38	  1.43261e+06
1465.47	  1.43146e+06
1466.58	  1.4303e+06
1467.67	  1.42915e+06
1468.78	  1.42799e+06
1469.88	  1.42684e+06
1470.97	  1.42568e+06
1472.08	  1.42453e+06
1473.17	  1.42338e+06
1474.28	  1.42223e+06
1475.38	  1.42108e+06
1476.47	  1.41992e+06
1477.58	  1.41877e+06
1478.67	  1.41762e+06
1479.78	  1.41647e+06
1480.88	  1.41532e+06
1481.97	  1.41418e+06
1483.08	  1.41303e+06
1484.17	  1.41188e+06
1485.28	  1.41073e+06
1486.38	  1.40959e+06
1487.47	  1.40844e+06
1488.58	  1.40729e+06
1489.67	  1.40615e+06
1490.78	  1.405e+06
1491.88	  1.40386e+06
1492.97	  1.40271e+06
1494.08	  1.40157e+06
1495.17	  1.40043e+06
1496.28	  1.39928e+06
1497.38	  1.39814e+06
1498.47	  1.397e+06
1499.58	  1.39586e+06
1500.67	  1.39472e+06
1501.78	  1.39358e+06
1502.88	  1.39244e+06
1503.97	  1.3913e+06
1505.08	  1.39016e+06
1506.17	  1.38902e+06
1507.28	  1.38788e+06
1508.38	  1.38675e+06
1509.47	  1.38561e+06
1510.58	  1.38447e+06
1511.67	  1.38334e+06
1512.78	  1.3822e+06
1513.88	  1.38107e+06
1514.97	  1.37993e+06
1516.08	  1.3788e+06
1517.17	  1.37767e+06
1518.28	  1.37653e+06
1519.38	  1.3754e+06
1520.47	  1.37427e+06
1521.58	  1.37314e+06
1522.67	  1.37201e+06
1523.78	  1.37088e+06
1524.88	  1.36975e+06
1525.97	  1.36862e+06
1527.08	  1.36749e+06
1528.17	  1.36636e+06
1529.28	  1.36524e+06
1530.38	  1.36411e+06
1531.47	  1.36298e+06
1532.58	  1.36186e+06
1533.67	  1.36073e+06
1534.78	  1.35961e+06
1535.88	  1.35848e+06
1536.97	  1.35736e+06
1538.08	  1.35624e+06
1539.17	  1.35511e+06
1540.28	  1.35399e+06
1541.38	  1.35287e+06
1542.47	  1.35175e+06
1543.58	  1.35063e+06
1544.67	  1.34951e+06
1545.78	  1.34839e+06
1546.88	  1.34727e+06
1547.97	  1.34615e+06
1549.08	  1.34504e+06
1550.17	  1.34392e+06
1551.28	  1.3428e+06
1552.38	  1.34169e+06
1553.47	  1.34057e+06
1554.58	  1.33946e+06
1555.67	  1.33834e+06
1556.78	  1.33723e+06
1557.88	  1.33612e+06
1558.97	  1.33501e+06
1560.08	  1.33389e+06
1561.17	  1.33278e+06
1562.28	  1.33167e+06
1563.38	  1.33056e+06
1564.47	  1.32945e+06
1565.58	  1.32834e+06
1566.67	  1.32724e+06
1567.78	  1.32613e+06
1568.88	  1.32502e+06
1569.97	  1.32392e+06
1571.08	  1.32281e+06
1572.17	  1.3217e+06
1573.28	  1.3206e+06
1574.38	  1.3195e+06
1575.47	  1.31839e+06
1576.58	  1.31729e+06
1577.67	  1.31619e+06
1578.78	  1.31509e+06
1579.88	  1.31398e+06
1580.97	  1.31288e+06
1582.08	  1.31178e+06
1583.17	  1.31069e+06
1584.28	  1.30959e+06
1585.38	  1.30849e+06
1586.47	  1.30739e+06
1587.58	  1.30629e+06
1588.67	  1.3052e+06
1589.78	  1.3041e+06
1590.88	  1.30301e+06
1591.97	  1.30191e+06
1593.08	  1.30082e+06
1594.17	  1.29973e+06
1595.28	  1.29864e+06
1596.38	  1.29754e+06
1597.47	  1.29645e+06
1598.58	  1.29536e+06
1599.67	  1.29427e+06
1600.78	  1.29318e+06
1601.88	  1.29209e+06
1602.97	  1.29101e+06
1604.08	  1.28992e+06
1605.17	  1.28883e+06
1606.28	  1.28775e+06
1607.38	  1.28666e+06
1608.47	  1.28558e+06
1609.58	  1.28449e+06
1610.67	  1.28341e+06
1611.78	  1.28233e+06
1612.88	  1.28124e+06
1613.97	  1.28016e+06
1615.08	  1.27908e+06
1616.17	  1.278e+06
1617.28	  1.27692e+06
1618.38	  1.27584e+06
1619.47	  1.27476e+06
1620.58	  1.27369e+06
1621.67	  1.27261e+06
1622.78	  1.27153e+06
1623.88	  1.27046e+06
1624.97	  1.26938e+06
1626.08	  1.26831e+06
1627.17	  1.26723e+06
1628.28	  1.26616e+06
1629.38	  1.26509e+06
1630.47	  1.26402e+06
1631.58	  1.26294e+06
1632.67	  1.26187e+06
1633.78	  1.2608e+06
1634.88	  1.25974e+06
1635.97	  1.25867e+06
1637.08	  1.2576e+06
1638.17	  1.25653e+06
1639.28	  1.25547e+06
1640.38	  1.2544e+06
1641.47	  1.25334e+06
1642.58	  1.25227e+06
1643.67	  1.25121e+06
1644.78	  1.25015e+06
1645.88	  1.24908e+06
1646.97	  1.24802e+06
1648.08	  1.24696e+06
1649.17	  1.2459e+06
1650.28	  1.24484e+06
1651.38	  1.24378e+06
1652.47	  1.24272e+06
1653.58	  1.24167e+06
1654.67	  1.24061e+06
1655.78	  1.23955e+06
1656.88	  1.2385e+06
1657.97	  1.23744e+06
1659.08	  1.23639e+06
1660.17	  1.23533e+06
1661.28	  1.23428e+06
1662.38	  1.23323e+06
1663.47	  1.23218e+06
1664.58	  1.23113e+06
1665.67	  1.23008e+06
1666.78	  1.22903e+06
1667.88	  1.22798e+06
1668.97	  1.22693e+06
1670.08	  1.22588e+06
1671.17	  1.22483e+06
1672.28	  1.22379e+06
1673.38	  1.22274e+06
1674.47	  1.2217e+06
1675.58	  1.22065e+06
1676.67	  1.21961e+06
1677.78	  1.21857e+06
1678.88	  1.21752e+06
1679.97	  1.21648e+06
1681.08	  1.21544e+06
1682.17	  1.2144e+06
1683.28	  1.21336e+06
1684.38	  1.21232e+06
1685.47	  1.21128e+06
1686.58	  1.21024e+06
1687.67	  1.20921e+06
1688.78	  1.20817e+06
1689.88	  1.20713e+06
1690.97	  1.2061e+06
1692.08	  1.20506e+06
1693.17	  1.20403e+06
1694.28	  1.203e+06
1695.38	  1.20196e+06
1696.47	  1.20093e+06
1697.58	  1.1999e+06
1698.67	  1.19887e+06
1699.78	  1.19784e+06
1700.88	  1.19681e+06
1701.97	  1.19578e+06
1703.08	  1.19476e+06
1704.17	  1.19373e+06
1705.28	  1.1927e+06
1706.38	  1.19168e+06
1707.47	  1.19065e+06
1708.58	  1.18963e+06
1709.67	  1.1886e+06
1710.78	  1.18758e+06
1711.88	  1.18656e+06
1712.97	  1.18554e+06
1714.08	  1.18452e+06
1715.17	  1.18349e+06
1716.28	  1.18248e+06
1717.38	  1.18146e+06
1718.47	  1.18044e+06
1719.58	  1.17942e+06
1720.67	  1.1784e+06
1721.78	  1.17739e+06
1722.88	  1.17637e+06
1723.97	  1.17536e+06
1725.08	  1.17434e+06
1726.17	  1.17333e+06
1727.28	  1.17232e+06
1728.38	  1.1713e+06
1729.47	  1.17029e+06
1730.58	  1.16928e+06
1731.67	  1.16827e+06
1732.78	  1.16726e+06
1733.88	  1.16625e+06
1734.97	  1.16525e+06
1736.08	  1.16424e+06
1737.17	  1.16323e+06
1738.28	  1.16223e+06
1739.38	  1.16122e+06
1740.47	  1.16022e+06
1741.58	  1.15921e+06
1742.67	  1.15821e+06
1743.78	  1.15721e+06
1744.88	  1.1562e+06
1745.97	  1.1552e+06
1747.08	  1.1542e+06
1748.17	  1.1532e+06
1749.28	  1.1522e+06
1750.38	  1.15121e+06
1751.47	  1.15021e+06
1752.58	  1.14921e+06
1753.67	  1.14821e+06
1754.78	  1.14722e+06
1755.88	  1.14622e+06
1756.97	  1.14523e+06
1758.08	  1.14424e+06
1759.17	  1.14324e+06
1760.28	  1.14225e+06
1761.38	  1.14126e+06
1762.47	  1.14027e+06
1763.58	  1.13928e+06
1764.67	  1.13829e+06
1765.78	  1.1373e+06
1766.88	  1.13631e+06
1767.97	  1.13533e+06
1769.08	  1.13434e+06
1770.17	  1.13335e+06
1771.28	  1.13237e+06
1772.38	  1.13138e+06
1773.47	  1.1304e+06
1774.58	  1.12942e+06
1775.67	  1.12843e+06
1776.78	  1.12745e+06
1777.88	  1.12647e+06
1778.97	  1.12549e+06
1780.08	  1.12451e+06
1781.17	  1.12353e+06
1782.28	  1.12255e+06
1783.38	  1.12158e+06
1784.47	  1.1206e+06
1785.58	  1.11962e+06
1786.67	  1.11865e+06
1787.78	  1.11767e+06
1788.88	  1.1167e+06
1789.97	  1.11573e+06
1791.08	  1.11475e+06
1792.17	  1.11378e+06
1793.28	  1.11281e+06
1794.38	  1.11184e+06
1795.47	  1.11087e+06
1796.58	  1.1099e+06
1797.67	  1.10893e+06
1798.78	  1.10796e+06
1799.88	  1.107e+06
1800.97	  1.10603e+06
1802.08	  1.10507e+06
1803.17	  1.1041e+06
1804.28	  1.10314e+06
1805.38	  1.10217e+06
1806.47	  1.10121e+06
1807.58	  1.10025e+06
1808.67	  1.09929e+06
1809.78	  1.09833e+06
1810.88	  1.09737e+06
1811.97	  1.09641e+06
1813.08	  1.09545e+06
1814.17	  1.09449e+06
1815.28	  1.09353e+06
1816.38	  1.09258e+06
1817.47	  1.09162e+06
1818.58	  1.09067e+06
1819.67	  1.08971e+06
1820.78	  1.08876e+06
1821.88	  1.0878e+06
1822.97	  1.08685e+06
1824.08	  1.0859e+06
1825.17	  1.08495e+06
1826.28	  1.084e+06
1827.38	  1.08305e+06
1828.47	  1.0821e+06
1829.58	  1.08115e+06
1830.67	  1.08021e+06
1831.78	  1.07926e+06
1832.88	  1.07831e+06
1833.97	  1.07737e+06
1835.08	  1.07642e+06
1836.17	  1.07548e+06
1837.28	  1.07454e+06
1838.38	  1.0736e+06
1839.47	  1.07265e+06
1840.58	  1.07171e+06
1841.67	  1.07077e+06
1842.78	  1.06983e+06
1843.88	  1.06889e+06
1844.97	  1.06796e+06
1846.08	  1.06702e+06
1847.17	  1.06608e+06
1848.28	  1.06515e+06
1849.38	  1.06421e+06
1850.47	  1.06328e+06
1851.58	  1.06234e+06
1852.67	  1.06141e+06
1853.78	  1.06048e+06
1854.88	  1.05954e+06
1855.97	  1.05861e+06
1857.08	  1.05768e+06
1858.17	  1.05675e+06
1859.28	  1.05582e+06
1860.38	  1.05489e+06
1861.47	  1.05397e+06
1862.58	  1.05304e+06
1863.67	  1.05211e+06
1864.78	  1.05119e+06
1865.88	  1.05026e+06
1866.97	  1.04934e+06
1868.08	  1.04842e+06
1869.17	  1.04749e+06
1870.28	  1.04657e+06
1871.38	  1.04565e+06
1872.47	  1.04473e+06
1873.58	  1.04381e+06
1874.67	  1.04289e+06
1875.78	  1.04197e+06
1876.88	  1.04105e+06
1877.97	  1.04014e+06
1879.08	  1.03922e+06
1880.17	  1.03831e+06
1881.28	  1.03739e+06
1882.38	  1.03648e+06
1883.47	  1.03556e+06
1884.58	  1.03465e+06
1885.67	  1.03374e+06
1886.78	  1.03283e+06
1887.88	  1.03192e+06
1888.97	  1.03101e+06
1890.08	  1.0301e+06
1891.17	  1.02919e+06
1892.28	  1.02828e+06
1893.38	  1.02737e+06
1894.47	  1.02647e+06
1895.58	  1.02556e+06
1896.67	  1.02466e+06
1897.78	  1.02375e+06
1898.88	  1.02285e+06
1899.97	  1.02194e+06
1901.08	  1.02104e+06
1902.17	  1.02014e+06
1903.28	  1.01924e+06
1904.38	  1.01834e+06
1905.47	  1.01744e+06
1906.58	  1.01654e+06
1907.67	  1.01564e+06
1908.78	  1.01475e+06
1909.88	  1.01385e+06
1910.97	  1.01295e+06
1912.08	  1.01206e+06
1913.17	  1.01116e+06
1914.28	  1.01027e+06
1915.38	  1.00938e+06
1916.47	  1.00848e+06
1917.58	  1.00759e+06
1918.67	  1.0067e+06
1919.78	  1.00581e+06
1920.88	  1.00492e+06
1921.97	  1.00403e+06
1923.08	  1.00314e+06
1924.17	  1.00226e+06
1925.28	  1.00137e+06
1926.38	  1.00048e+06
1927.47	  999597
1928.58	  998712
1929.67	  997828
1930.78	  996944
1931.88	  996062
1932.97	  995180
1934.08	  994298
1935.17	  993418
1936.28	  992538
1937.38	  991659
1938.47	  990780
1939.58	  989902
1940.67	  989025
1941.78	  988149
1942.88	  987273
1943.97	  986398
1945.08	  985524
1946.17	  984650
1947.28	  983777
1948.38	  982905
1949.47	  982033
1950.58	  981162
1951.67	  980292
1952.78	  979423
1953.88	  978554
1954.97	  977686
1956.08	  976818
1957.17	  975952
1958.28	  975086
1959.38	  974220
1960.47	  973356
1961.58	  972492
1962.67	  971628
1963.78	  970766
1964.88	  969904
1965.97	  969043
1967.08	  968182
1968.17	  967322
1969.28	  966463
1970.38	  965605
1971.47	  964747
1972.58	  963890
1973.67	  963034
1974.78	  962178
1975.88	  961323
1976.97	  960469
1978.08	  959615
1979.17	  958762
1980.28	  957910
1981.38	  957059
1982.47	  956208
1983.58	  955358
1984.67	  954508
1985.78	  953660
1986.88	  952811
1987.97	  951964
1989.08	  951117
1990.17	  950271
1991.28	  949426
1992.38	  948581
1993.47	  947737
1994.58	  946894
1995.67	  946052
1996.78	  945210
1997.88	  944368
1998.97	  943528
2000.08	  942688
2001.17	  941849
2002.28	  941010
2003.38	  940173
2004.47	  939335
2005.58	  938499
2006.67	  937663
2007.78	  936828
2008.88	  935994
2009.97	  935160
2011.08	  934327
2012.17	  933495
2013.28	  932663
2014.38	  931832
2015.47	  931002
2016.58	  930172
2017.67	  929343
2018.78	  928515
2019.88	  927687
2020.97	  926860
2022.08	  926034
2023.18	  925209
2024.28	  924384
2025.38	  923560
2026.47	  922736
2027.58	  921913
2028.68	  921091
2029.78	  920270
2030.88	  919449
2031.97	  918629
2033.08	  917809
2034.18	  916990
2035.28	  916172
2036.38	  915355
2037.47	  914538
2038.58	  913722
2039.68	  912907
2040.78	  912092
2041.88	  911278
2042.97	  910464
2044.08	  909652
2045.18	  908840
2046.28	  908028
2047.38	  907218
2048.47	  906408
2049.57	  905598
2050.68	  904789
2051.78	  903982
2052.88	  903174
2053.97	  902368
2055.07	  901562
2056.18	  900756
2057.28	  899952
2058.38	  899148
2059.47	  898344
2060.57	  897542
2061.68	  896740
2062.78	  895938
2063.88	  895138
2064.97	  894338
2066.07	  893538
2067.18	  892740
2068.28	  891942
2069.38	  891144
2070.47	  890348
2071.57	  889552
2072.68	  888756
2073.78	  887962
2074.88	  887168
2075.97	  886374
2077.07	  885582
2078.18	  884790
2079.28	  883998
2080.38	  883208
2081.47	  882418
2082.57	  881628
2083.68	  880839
2084.78	  880051
2085.88	  879264
2086.97	  878477
2088.07	  877691
2089.18	  876906
2090.28	  876121
2091.38	  875337
2092.47	  874554
2093.57	  873771
2094.68	  872989
2095.78	  872207
2096.88	  871427
2097.97	  870646
2099.07	  869867
2100.18	  869088
2101.28	  868310
2102.38	  867532
2103.47	  866756
2104.57	  865979
2105.68	  865204
2106.78	  864429
2107.88	  863655
2108.97	  862881
2110.07	  862108
2111.18	  861336
2112.28	  860564
2113.38	  859793
2114.47	  859023
2115.57	  858253
2116.68	  857484
2117.78	  856716
2118.88	  855948
2119.97	  855181
2121.07	  854415
2122.18	  853649
2123.28	  852884
2124.38	  852119
2125.47	  851355
2126.57	  850592
2127.68	  849830
2128.78	  849068
2129.88	  848307
2130.97	  847546
2132.07	  846786
2133.18	  846027
2134.28	  845268
2135.38	  844510
2136.47	  843753
2137.57	  842996
2138.68	  842240
2139.78	  841485
2140.88	  840730
2141.97	  839976
2143.07	  839222
2144.18	  838469
2145.28	  837717
2146.38	  836965
2147.47	  836214
2148.57	  835464
2149.68	  834714
2150.78	  833965
2151.88	  833217
2152.97	  832469
2154.07	  831722
2155.18	  830976
2156.28	  830230
2157.38	  829485
2158.47	  828740
2159.57	  827996
2160.68	  827253
2161.78	  826510
2162.88	  825768
2163.97	  825027
2165.07	  824286
2166.18	  823546
2167.28	  822806
2168.38	  822068
2169.47	  821329
2170.57	  820592
2171.68	  819855
2172.78	  819119
2173.88	  818383
2174.97	  817648
2176.07	  816913
2177.18	  816180
2178.28	  815446
2179.38	  814714
2180.47	  813982
2181.57	  813251
2182.68	  812520
2183.78	  811790
2184.88	  811061
2185.97	  810332
2187.07	  809604
2188.18	  808876
2189.28	  808149
2190.38	  807423
2191.47	  806697
2192.57	  805972
2193.68	  805248
2194.78	  804524
2195.88	  803801
2196.97	  803079
2198.07	  802357
2199.18	  801635
2200.28	  800915
2201.38	  800195
2202.47	  799475
2203.57	  798757
2204.68	  798038
2205.78	  797321
2206.88	  796604
2207.97	  795888
2209.07	  795172
2210.18	  794457
2211.28	  793743
2212.38	  793029
2213.47	  792315
2214.57	  791603
2215.68	  790891
2216.78	  790180
2217.88	  789469
2218.97	  788759
2220.07	  788049
2221.18	  787340
2222.28	  786632
2223.38	  785924
2224.47	  785217
2225.57	  784511
2226.68	  783805
2227.78	  783100
2228.88	  782395
2229.97	  781691
2231.07	  780988
2232.18	  780285
2233.28	  779583
2234.38	  778881
2235.47	  778180
2236.57	  777480
2237.68	  776780
2238.78	  776081
2239.88	  775383
2240.97	  774685
2242.07	  773987
2243.18	  773291
2244.28	  772595
2245.38	  771899
2246.47	  771204
2247.57	  770510
2248.68	  769816
2249.78	  769123
2250.88	  768431
2251.97	  767739
2253.07	  767048
2254.18	  766357
2255.28	  765667
2256.38	  764977
2257.47	  764289
2258.57	  763600
2259.68	  762913
2260.78	  762226
2261.88	  761539
2262.97	  760853
2264.07	  760168
2265.18	  759483
2266.28	  758799
2267.38	  758116
2268.47	  757433
2269.57	  756751
2270.68	  756069
2271.78	  755388
2272.88	  754708
2273.97	  754028
2275.07	  753348
2276.18	  752670
2277.28	  751992
2278.38	  751314
2279.47	  750637
2280.57	  614195
2281.68	  613686
2282.78	  613178
2283.88	  612670
2284.97	  612163
2286.07	  611656
2287.18	  611150
2288.28	  610644
2289.38	  610138
2290.47	  609633
2291.57	  609128
2292.68	  608624
2293.78	  608120
2294.88	  607616
2295.97	  607113
2297.07	  606610
2298.18	  606108
2299.28	  605606
2300.38	  605105
2301.47	  604604
2302.57	  604103
2303.68	  603603
2304.78	  603103
2305.88	  602603
2306.97	  602104
2308.07	  601606
2309.18	  601107
2310.28	  600610
2311.38	  600112
2312.47	  599615
2313.57	  599119
2314.68	  598622
2315.78	  598127
2316.88	  597631
2317.97	  597136
2319.07	  596642
2320.18	  596148
2321.28	  595654
2322.38	  595161
2323.47	  594668
2324.57	  594175
2325.68	  593683
2326.78	  593191
2327.88	  592700
2328.97	  592209
2330.07	  591719
2331.18	  591229
2332.28	  590739
2333.38	  590250
2334.47	  589761
2335.57	  589272
2336.68	  588784
2337.78	  588297
2338.88	  587809
2339.97	  587322
2341.07	  586836
2342.18	  586350
2343.28	  585864
2344.38	  585379
2345.47	  584894
2346.57	  584410
2347.68	  583926
2348.78	  583442
2349.88	  582959
2350.97	  582476
2352.07	  581993
2353.18	  581511
2354.28	  581030
2355.38	  580548
2356.47	  580067
2357.57	  579587
2358.68	  579107
2359.78	  578627
2360.88	  578148
2361.97	  577669
2363.07	  577190
2364.18	  576712
2365.28	  576235
2366.38	  575757
2367.47	  575280
2368.57	  574804
2369.68	  574328
2370.78	  573852
2371.88	  573377
2372.97	  572902
2374.07	  572427
2375.18	  571953
2376.28	  571479
2377.38	  571006
2378.47	  570533
2379.57	  570060
2380.68	  569588
2381.78	  569116
2382.88	  568645
2383.97	  568174
2385.07	  567703
2386.18	  567233
2387.28	  566763
2388.38	  566293
2389.47	  565824
2390.57	  565356
2391.68	  564887
2392.78	  564419
2393.88	  563952
2394.97	  563485
2396.07	  563018
2397.18	  562551
2398.28	  562085
2399.38	  561620
2400.47	  561155
2401.57	  560690
2402.68	  560225
2403.78	  559761
2404.88	  559298
2405.97	  558834
2407.07	  558371
2408.18	  557909
2409.28	  557447
2410.38	  556985
2411.47	  556524
2412.57	  556063
2413.68	  555602
2414.78	  555142
2415.88	  554682
2416.97	  554222
2418.07	  553763
2419.18	  553305
2420.28	  552846
2421.38	  552388
2422.47	  551931
2423.57	  551474
2424.68	  551017
2425.78	  550560
2426.88	  550104
2427.97	  549649
2429.07	  549193
2430.18	  548738
2431.28	  548284
2432.38	  547830
2433.47	  547376
2434.57	  546923
2435.68	  546470
2436.78	  546017
2437.88	  545565
2438.97	  545113
2440.07	  544661
2441.18	  544210
2442.28	  543759
2443.38	  543309
2444.47	  542859
2445.57	  542409
2446.68	  541960
2447.78	  541511
2448.88	  541063
2449.97	  540614
2451.07	  540167
2452.18	  539719
2453.28	  539272
2454.38	  538826
2455.47	  538379
2456.57	  537933
2457.68	  537488
2458.78	  537043
2459.88	  536598
2460.97	  536153
2462.07	  535709
2463.18	  535266
2464.28	  534822
2465.38	  534379
2466.47	  533937
2467.57	  533495
2468.68	  533053
2469.78	  532611
2470.88	  532170
2471.97	  531729
2473.07	  531289
2474.18	  530849
2475.28	  530409
2476.38	  529970
2477.47	  529531
