Emission arising from a slab of Hydrogen (both H and H-).
   
Parameters of the slab:
n_e = 5e+13 cm-3
T_e = 8750 K
tau(lambda=300 nm) = 0.05
L = 1.32266e+07 cm
   
Wavelength (nm), Emission (erg s-1 cm-2 nm-1 sr-1)
50	  2.00679
91.2	  454.328
120	  19376.5
150	  190966
175	  656040
200	  1.59215e+06
225	  3.07037e+06
250	  5.05821e+06
270	  6.94226e+06
290	  9.0064e+06
300	  1.00812e+07
305	  1.06251e+07
310	  1.11717e+07
315	  1.172e+07
320	  1.22688e+07
322.5	  1.25431e+07
325	  1.28172e+07
327	  1.30361e+07
329	  1.32548e+07
329.999	  1.33639e+07
330.266	  1.33931e+07
330.533	  1.34222e+07
330.8	  1.34514e+07
331.067	  1.34805e+07
331.334	  1.35096e+07
331.601	  1.35387e+07
331.868	  1.35678e+07
332.135	  1.35969e+07
332.402	  1.3626e+07
332.669	  1.36551e+07
332.936	  1.36841e+07
333.203	  1.37132e+07
333.47	  1.37422e+07
333.737	  1.37713e+07
334.004	  1.38003e+07
334.271	  1.38293e+07
334.538	  1.38583e+07
334.805	  1.38874e+07
335.072	  1.39164e+07
335.339	  1.39453e+07
335.606	  1.39743e+07
335.873	  1.40033e+07
336.14	  1.40322e+07
336.407	  1.40612e+07
336.674	  1.40901e+07
336.941	  1.41191e+07
337.208	  1.4148e+07
337.475	  1.41769e+07
337.742	  1.42058e+07
338.009	  1.42347e+07
338.276	  1.42635e+07
338.543	  1.42924e+07
338.81	  1.43213e+07
339.077	  1.43501e+07
339.344	  1.43789e+07
339.611	  1.44077e+07
339.878	  1.44365e+07
340.145	  1.44653e+07
340.412	  1.44941e+07
340.679	  1.45229e+07
340.946	  1.45517e+07
341.213	  1.45804e+07
341.48	  1.46091e+07
341.747	  1.46379e+07
342.014	  1.46666e+07
342.281	  1.46953e+07
342.548	  1.47239e+07
342.815	  1.47526e+07
343.082	  1.47813e+07
343.349	  1.48099e+07
343.616	  1.48385e+07
343.883	  1.48672e+07
344.15	  1.48958e+07
344.417	  1.49243e+07
344.684	  1.49529e+07
344.951	  1.49815e+07
345.218	  1.501e+07
345.485	  1.50386e+07
345.752	  1.50671e+07
346.019	  1.50956e+07
346.286	  1.51241e+07
346.553	  1.51525e+07
346.82	  1.5181e+07
347.087	  1.52094e+07
347.354	  1.52379e+07
347.621	  1.52663e+07
347.888	  1.52947e+07
348.155	  1.53231e+07
348.422	  1.53514e+07
348.689	  1.53798e+07
348.956	  1.54081e+07
349.223	  1.54364e+07
349.49	  1.54647e+07
349.757	  1.5493e+07
350.024	  1.55213e+07
350.291	  1.55496e+07
350.558	  1.55778e+07
350.825	  1.5606e+07
351.092	  1.56342e+07
351.359	  1.56624e+07
351.626	  1.56906e+07
351.893	  1.57187e+07
352.16	  1.57469e+07
352.427	  1.5775e+07
352.694	  1.58031e+07
352.961	  1.58312e+07
353.228	  1.58593e+07
353.495	  1.58873e+07
353.762	  1.59153e+07
354.029	  1.59434e+07
354.296	  1.59714e+07
354.563	  1.59993e+07
354.83	  1.60273e+07
355.097	  1.60552e+07
355.364	  1.60832e+07
355.631	  1.61111e+07
355.898	  1.61389e+07
356.165	  1.61668e+07
356.432	  1.61947e+07
356.699	  1.62225e+07
356.966	  1.62503e+07
357.233	  1.62781e+07
357.5	  1.63059e+07
357.767	  1.63336e+07
358.034	  1.63614e+07
358.301	  1.63891e+07
358.568	  1.64168e+07
358.835	  1.64445e+07
359.102	  1.64721e+07
359.369	  1.64997e+07
359.636	  1.65274e+07
359.903	  1.6555e+07
360.17	  1.65825e+07
360.437	  1.66101e+07
360.704	  1.66376e+07
360.971	  1.66651e+07
361.238	  1.66926e+07
361.505	  1.67201e+07
361.772	  1.67476e+07
362.039	  1.6775e+07
362.306	  1.68024e+07
362.573	  1.68298e+07
363	  1.68736e+07
363.027	  1.68763e+07
363.054	  1.6879e+07
363.08	  1.68818e+07
363.107	  1.68845e+07
363.134	  1.68872e+07
363.16	  1.689e+07
363.187	  1.68927e+07
363.214	  1.68954e+07
363.24	  1.68982e+07
363.267	  1.69009e+07
363.294	  1.69036e+07
363.321	  1.69064e+07
363.347	  1.69091e+07
363.374	  1.69118e+07
363.401	  1.69146e+07
363.427	  1.69173e+07
363.454	  1.692e+07
363.481	  1.69228e+07
363.508	  1.69255e+07
363.534	  1.69282e+07
363.561	  1.69309e+07
363.588	  1.69337e+07
363.614	  1.69364e+07
363.641	  1.69391e+07
363.668	  1.69419e+07
363.694	  1.69446e+07
363.721	  1.69473e+07
363.748	  1.69501e+07
363.774	  1.69528e+07
363.801	  1.69555e+07
363.828	  1.69582e+07
363.855	  1.6961e+07
363.881	  1.69637e+07
363.908	  1.69664e+07
363.935	  1.69691e+07
363.961	  1.69719e+07
363.988	  1.69746e+07
364.015	  1.69773e+07
364.041	  1.69801e+07
364.068	  1.69828e+07
364.095	  1.69855e+07
364.122	  1.69882e+07
364.148	  1.6991e+07
364.175	  1.69937e+07
364.202	  1.69964e+07
364.228	  1.69991e+07
364.255	  1.70019e+07
364.282	  1.70046e+07
364.308	  1.70073e+07
364.335	  1.701e+07
364.362	  1.70128e+07
364.389	  1.70155e+07
364.415	  1.70182e+07
364.442	  1.70209e+07
364.469	  1.70236e+07
364.495	  1.70264e+07
364.522	  1.70291e+07
364.549	  1.70318e+07
364.575	  1.70345e+07
364.602	  1.70373e+07
364.629	  1.704e+07
364.656	  1.70427e+07
364.682	  1.70454e+07
364.709	  1.70482e+07
364.736	  771629
364.762	  771755
364.789	  771882
364.816	  772008
364.842	  772134
364.869	  772260
364.896	  772386
364.923	  772512
364.949	  772638
364.976	  772765
365.003	  772891
365.029	  773017
365.056	  773143
365.083	  773269
365.11	  773395
365.136	  773521
365.163	  773647
365.19	  773773
365.216	  773899
365.243	  774025
365.27	  774151
365.296	  774278
365.323	  774404
365.35	  774530
365.377	  774656
365.403	  774782
365.43	  774908
365.457	  775034
365.483	  775160
365.51	  775286
365.537	  775412
365.563	  775538
365.59	  775664
365.617	  775790
365.643	  775915
365.67	  776041
365.697	  776167
365.724	  776293
365.75	  776419
365.777	  776545
365.804	  776671
365.83	  776797
365.857	  776923
365.884	  777049
365.91	  777175
365.937	  777301
365.964	  777427
365.991	  777552
365.991	  777552
366.258	  778811
366.525	  780068
366.792	  781325
367.059	  782582
367.326	  783838
367.593	  785093
367.86	  786347
368.127	  787601
368.394	  788854
368.661	  790106
368.928	  791358
369.195	  792608
369.462	  793859
369.729	  795108
369.996	  796357
370.263	  797605
370.53	  798853
370.797	  800099
371.064	  801345
371.331	  802591
371.598	  803835
371.865	  805079
372.132	  806322
372.399	  807565
372.666	  808806
372.933	  810047
373.2	  811287
373.467	  812527
373.734	  813766
374.001	  815003
374.268	  816241
374.535	  817477
374.802	  818713
375.069	  819948
375.336	  821182
375.603	  822415
375.87	  823648
376.137	  824880
376.404	  826111
376.671	  827341
376.938	  828571
377.205	  829800
377.472	  831028
377.739	  832255
378.006	  833481
378.273	  834707
378.54	  835932
378.807	  837156
379.074	  838379
379.341	  839601
379.608	  840823
379.875	  842044
380.142	  843264
380.409	  844483
380.676	  845701
380.943	  846919
381.21	  848135
381.477	  849351
381.744	  850566
382.011	  851781
382.278	  852994
382.545	  854207
382.812	  855418
383.079	  856629
383.346	  857839
383.613	  859048
383.88	  860257
384.147	  861464
384.414	  862671
384.681	  863877
384.948	  865082
385.215	  866286
385.482	  867489
385.749	  868691
386.016	  869893
386.283	  871093
386.55	  872293
386.817	  873492
387.084	  874690
387.351	  875887
387.618	  877083
387.885	  878278
388.152	  879473
388.419	  880666
388.686	  881859
388.953	  883051
389.22	  884242
389.487	  885432
389.754	  886621
390.021	  887809
390.288	  888996
390.555	  890182
390.822	  891368
391.089	  892552
391.356	  893736
391.623	  894919
391.89	  896100
392.157	  897281
392.424	  898461
392.691	  899640
392.958	  900818
393.225	  901996
393.492	  903172
393.759	  904347
394.026	  905521
394.293	  906695
394.56	  907867
394.827	  909039
395.094	  910210
395.361	  911379
395.628	  912548
395.895	  913716
396.162	  914882
396.429	  916048
396.696	  917213
396.963	  918377
397.23	  919540
397.497	  920702
397.764	  921863
398.031	  923023
398.298	  924182
398.565	  925340
398.832	  926498
399.099	  927654
399.366	  928809
399.633	  929963
399.9	  931117
400.167	  932269
400.434	  933420
400.701	  934571
400.968	  935720
401.235	  936868
401.502	  938016
401.769	  939162
402.036	  940307
402.303	  941452
402.57	  942595
402.837	  943738
403.104	  944879
403.371	  946020
403.638	  947159
403.905	  948297
404.172	  949435
404.439	  950571
404.706	  951707
404.973	  952841
405.24	  953974
405.507	  955107
405.774	  956238
406.041	  957368
406.308	  958497
406.575	  959626
406.842	  960753
407.109	  961879
407.376	  963004
407.643	  964128
407.91	  965252
408.177	  966374
408.444	  967495
408.711	  968615
408.978	  969734
409.245	  970852
409.512	  971969
409.779	  973085
410.046	  974199
410.313	  975313
410.58	  976426
410.847	  977538
411.114	  978648
411.381	  979758
411.648	  980867
411.915	  981974
412.182	  983081
412.449	  984186
412.716	  985290
412.983	  986394
413.25	  987496
413.517	  988597
413.784	  989697
414.051	  990796
414.318	  991894
414.585	  992991
414.852	  994087
415.119	  995182
415.386	  996276
415.653	  997368
415.92	  998460
416.187	  999550
416.454	  1.00064e+06
416.721	  1.00173e+06
416.988	  1.00282e+06
417.255	  1.0039e+06
417.522	  1.00499e+06
417.789	  1.00607e+06
418.056	  1.00715e+06
418.323	  1.00824e+06
418.59	  1.00932e+06
418.857	  1.0104e+06
419.124	  1.01148e+06
419.391	  1.01255e+06
419.658	  1.01363e+06
419.925	  1.0147e+06
420.192	  1.01578e+06
420.459	  1.01685e+06
420.726	  1.01792e+06
420.993	  1.019e+06
421.26	  1.02007e+06
421.527	  1.02113e+06
421.794	  1.0222e+06
422.061	  1.02327e+06
422.328	  1.02433e+06
422.595	  1.0254e+06
422.862	  1.02646e+06
423.129	  1.02752e+06
423.396	  1.02859e+06
423.663	  1.02965e+06
423.93	  1.0307e+06
424.197	  1.03176e+06
424.464	  1.03282e+06
424.731	  1.03387e+06
424.998	  1.03493e+06
425.265	  1.03598e+06
425.532	  1.03703e+06
425.799	  1.03809e+06
426.066	  1.03914e+06
426.333	  1.04018e+06
426.6	  1.04123e+06
426.867	  1.04228e+06
427.134	  1.04332e+06
427.401	  1.04437e+06
427.668	  1.04541e+06
427.935	  1.04645e+06
428.202	  1.0475e+06
428.469	  1.04854e+06
428.736	  1.04957e+06
429.003	  1.05061e+06
429.27	  1.05165e+06
429.537	  1.05268e+06
429.804	  1.05372e+06
430.071	  1.05475e+06
430.338	  1.05578e+06
430.605	  1.05682e+06
430.872	  1.05785e+06
431.139	  1.05887e+06
431.406	  1.0599e+06
431.673	  1.06093e+06
431.94	  1.06195e+06
432.207	  1.06298e+06
432.474	  1.064e+06
432.741	  1.06502e+06
433.008	  1.06604e+06
433.275	  1.06706e+06
433.542	  1.06808e+06
433.809	  1.0691e+06
434.076	  1.07012e+06
434.343	  1.07113e+06
434.61	  1.07214e+06
434.877	  1.07316e+06
435.144	  1.07417e+06
435.411	  1.07518e+06
435.678	  1.07619e+06
435.945	  1.0772e+06
436.212	  1.07821e+06
436.479	  1.07921e+06
436.746	  1.08022e+06
437.013	  1.08122e+06
437.28	  1.08222e+06
437.547	  1.08322e+06
437.814	  1.08422e+06
438.081	  1.08522e+06
438.348	  1.08622e+06
438.615	  1.08722e+06
438.882	  1.08821e+06
439.149	  1.08921e+06
439.416	  1.0902e+06
439.683	  1.09119e+06
439.95	  1.09218e+06
440.217	  1.09317e+06
440.484	  1.09416e+06
440.751	  1.09515e+06
441.018	  1.09614e+06
441.285	  1.09712e+06
441.552	  1.09811e+06
441.819	  1.09909e+06
442.086	  1.10007e+06
442.353	  1.10105e+06
442.62	  1.10203e+06
442.887	  1.10301e+06
443.154	  1.10399e+06
443.421	  1.10496e+06
443.688	  1.10594e+06
443.955	  1.10691e+06
444.222	  1.10789e+06
444.489	  1.10886e+06
444.756	  1.10983e+06
445.023	  1.1108e+06
445.29	  1.11176e+06
445.557	  1.11273e+06
445.824	  1.1137e+06
446.091	  1.11466e+06
446.358	  1.11562e+06
446.625	  1.11659e+06
446.892	  1.11755e+06
447.159	  1.11851e+06
447.426	  1.11947e+06
447.693	  1.12042e+06
447.96	  1.12138e+06
448.227	  1.12233e+06
448.494	  1.12329e+06
448.761	  1.12424e+06
449.028	  1.12519e+06
449.295	  1.12614e+06
449.562	  1.12709e+06
449.829	  1.12804e+06
450.096	  1.12899e+06
450.363	  1.12993e+06
450.63	  1.13088e+06
450.897	  1.13182e+06
451.164	  1.13276e+06
451.431	  1.13371e+06
451.698	  1.13465e+06
451.965	  1.13558e+06
452.232	  1.13652e+06
452.499	  1.13746e+06
452.766	  1.13839e+06
453.033	  1.13933e+06
453.3	  1.14026e+06
453.567	  1.14119e+06
453.834	  1.14212e+06
454.101	  1.14305e+06
454.368	  1.14398e+06
454.635	  1.14491e+06
454.902	  1.14583e+06
455.169	  1.14676e+06
455.436	  1.14768e+06
455.703	  1.1486e+06
455.97	  1.14953e+06
456.237	  1.15045e+06
456.504	  1.15136e+06
456.771	  1.15228e+06
457.038	  1.1532e+06
457.305	  1.15411e+06
457.572	  1.15503e+06
457.839	  1.15594e+06
458.106	  1.15685e+06
458.373	  1.15776e+06
458.64	  1.15867e+06
458.907	  1.15958e+06
459.174	  1.16049e+06
459.441	  1.16139e+06
459.708	  1.1623e+06
459.975	  1.1632e+06
460.242	  1.1641e+06
460.509	  1.16501e+06
460.776	  1.16591e+06
461.043	  1.1668e+06
461.31	  1.1677e+06
461.577	  1.1686e+06
461.844	  1.16949e+06
462.111	  1.17039e+06
462.378	  1.17128e+06
462.645	  1.17217e+06
462.912	  1.17306e+06
463.179	  1.17395e+06
463.446	  1.17484e+06
463.713	  1.17573e+06
463.98	  1.17661e+06
464.247	  1.1775e+06
464.514	  1.17838e+06
464.781	  1.17926e+06
465.048	  1.18015e+06
465.315	  1.18103e+06
465.582	  1.1819e+06
465.849	  1.18278e+06
466.116	  1.18366e+06
466.383	  1.18453e+06
466.65	  1.18541e+06
466.917	  1.18628e+06
467.184	  1.18715e+06
467.451	  1.18802e+06
467.718	  1.18889e+06
467.985	  1.18976e+06
468.252	  1.19063e+06
468.519	  1.19149e+06
468.786	  1.19236e+06
469.053	  1.19322e+06
469.32	  1.19408e+06
469.587	  1.19495e+06
469.854	  1.19581e+06
470.121	  1.19666e+06
470.388	  1.19752e+06
470.655	  1.19838e+06
470.922	  1.19923e+06
471.189	  1.20009e+06
471.456	  1.20094e+06
471.723	  1.20179e+06
471.99	  1.20264e+06
472.257	  1.20349e+06
472.524	  1.20434e+06
472.791	  1.20519e+06
473.058	  1.20603e+06
473.325	  1.20688e+06
473.592	  1.20772e+06
473.859	  1.20856e+06
474.126	  1.20941e+06
474.393	  1.21025e+06
474.66	  1.21108e+06
474.927	  1.21192e+06
475.194	  1.21276e+06
475.461	  1.21359e+06
475.728	  1.21443e+06
475.995	  1.21526e+06
476.262	  1.21609e+06
476.529	  1.21692e+06
476.796	  1.21775e+06
477.063	  1.21858e+06
477.33	  1.21941e+06
477.597	  1.22023e+06
477.864	  1.22106e+06
478.131	  1.22188e+06
478.398	  1.2227e+06
478.665	  1.22353e+06
478.932	  1.22434e+06
479.199	  1.22516e+06
479.466	  1.22598e+06
479.733	  1.2268e+06
480	  1.22761e+06
480.267	  1.22843e+06
480.534	  1.22924e+06
480.801	  1.23005e+06
481.068	  1.23086e+06
481.335	  1.23167e+06
481.602	  1.23248e+06
481.869	  1.23329e+06
482.136	  1.23409e+06
482.403	  1.2349e+06
482.67	  1.2357e+06
482.937	  1.2365e+06
483.204	  1.23731e+06
483.471	  1.23811e+06
483.738	  1.2389e+06
484.005	  1.2397e+06
484.272	  1.2405e+06
484.539	  1.24129e+06
484.806	  1.24209e+06
485.073	  1.24288e+06
485.34	  1.24367e+06
485.607	  1.24446e+06
485.874	  1.24525e+06
486.141	  1.24604e+06
486.408	  1.24683e+06
486.675	  1.24762e+06
486.942	  1.2484e+06
487.209	  1.24918e+06
487.476	  1.24997e+06
487.743	  1.25075e+06
488.01	  1.25153e+06
488.277	  1.25231e+06
488.544	  1.25308e+06
488.811	  1.25386e+06
489.078	  1.25464e+06
489.345	  1.25541e+06
489.612	  1.25618e+06
489.879	  1.25696e+06
490.146	  1.25773e+06
490.413	  1.2585e+06
490.68	  1.25927e+06
490.947	  1.26003e+06
491.214	  1.2608e+06
491.481	  1.26157e+06
491.748	  1.26233e+06
492.015	  1.26309e+06
492.282	  1.26385e+06
492.549	  1.26461e+06
492.816	  1.26537e+06
493.083	  1.26613e+06
493.35	  1.26689e+06
493.617	  1.26764e+06
493.884	  1.2684e+06
494.151	  1.26915e+06
494.418	  1.26991e+06
494.685	  1.27066e+06
494.952	  1.27141e+06
495.219	  1.27216e+06
495.486	  1.2729e+06
495.753	  1.27365e+06
496.02	  1.27439e+06
496.287	  1.27514e+06
496.554	  1.27588e+06
496.821	  1.27662e+06
497.088	  1.27737e+06
497.355	  1.2781e+06
497.622	  1.27884e+06
497.889	  1.27958e+06
498.156	  1.28032e+06
498.423	  1.28105e+06
498.69	  1.28179e+06
498.957	  1.28252e+06
499.224	  1.28325e+06
499.491	  1.28398e+06
499.758	  1.28471e+06
500.025	  1.28544e+06
500.292	  1.28617e+06
500.559	  1.28689e+06
500.826	  1.28762e+06
501.093	  1.28834e+06
501.36	  1.28906e+06
501.627	  1.28978e+06
501.894	  1.2905e+06
502.161	  1.29122e+06
502.428	  1.29194e+06
502.695	  1.29266e+06
502.962	  1.29337e+06
503.229	  1.29409e+06
503.496	  1.2948e+06
503.763	  1.29551e+06
504.03	  1.29622e+06
504.297	  1.29693e+06
504.564	  1.29764e+06
504.831	  1.29835e+06
505.098	  1.29906e+06
505.365	  1.29976e+06
505.632	  1.30047e+06
505.899	  1.30117e+06
506.166	  1.30187e+06
506.433	  1.30257e+06
506.7	  1.30327e+06
506.967	  1.30397e+06
507.234	  1.30467e+06
507.501	  1.30536e+06
507.768	  1.30606e+06
508.035	  1.30675e+06
508.302	  1.30745e+06
508.569	  1.30814e+06
508.836	  1.30883e+06
509.103	  1.30952e+06
509.37	  1.31021e+06
509.637	  1.31089e+06
509.904	  1.31158e+06
510.171	  1.31226e+06
510.438	  1.31295e+06
510.705	  1.31363e+06
510.972	  1.31431e+06
511.239	  1.31499e+06
511.506	  1.31567e+06
511.773	  1.31635e+06
512.04	  1.31703e+06
512.307	  1.3177e+06
512.574	  1.31838e+06
512.841	  1.31905e+06
513.108	  1.31972e+06
513.375	  1.3204e+06
513.642	  1.32107e+06
513.909	  1.32174e+06
514.176	  1.3224e+06
514.443	  1.32307e+06
514.71	  1.32374e+06
514.977	  1.3244e+06
515.244	  1.32507e+06
515.511	  1.32573e+06
515.778	  1.32639e+06
516.045	  1.32705e+06
516.312	  1.32771e+06
516.579	  1.32837e+06
516.846	  1.32902e+06
517.113	  1.32968e+06
517.38	  1.33033e+06
517.647	  1.33099e+06
517.914	  1.33164e+06
518.181	  1.33229e+06
518.448	  1.33294e+06
518.715	  1.33359e+06
518.982	  1.33424e+06
519.249	  1.33489e+06
519.516	  1.33553e+06
519.783	  1.33618e+06
520.05	  1.33682e+06
520.317	  1.33746e+06
520.584	  1.3381e+06
520.851	  1.33874e+06
521.118	  1.33938e+06
521.385	  1.34002e+06
521.652	  1.34066e+06
521.919	  1.34129e+06
522.186	  1.34193e+06
522.453	  1.34256e+06
522.72	  1.3432e+06
522.987	  1.34383e+06
523.254	  1.34446e+06
523.521	  1.34509e+06
523.788	  1.34572e+06
524.055	  1.34634e+06
524.322	  1.34697e+06
524.589	  1.34759e+06
524.856	  1.34822e+06
525.123	  1.34884e+06
525.39	  1.34946e+06
525.657	  1.35008e+06
525.924	  1.3507e+06
526.191	  1.35132e+06
526.458	  1.35194e+06
526.725	  1.35255e+06
526.992	  1.35317e+06
527.259	  1.35378e+06
527.526	  1.3544e+06
527.793	  1.35501e+06
528.06	  1.35562e+06
528.327	  1.35623e+06
528.594	  1.35684e+06
528.861	  1.35744e+06
529.128	  1.35805e+06
529.395	  1.35866e+06
529.662	  1.35926e+06
529.929	  1.35986e+06
530.196	  1.36047e+06
530.463	  1.36107e+06
530.73	  1.36167e+06
530.997	  1.36226e+06
531.264	  1.36286e+06
531.531	  1.36346e+06
531.798	  1.36406e+06
532.065	  1.36465e+06
532.332	  1.36524e+06
532.599	  1.36584e+06
532.866	  1.36643e+06
533.133	  1.36702e+06
533.4	  1.36761e+06
533.667	  1.36819e+06
533.934	  1.36878e+06
534.201	  1.36937e+06
534.468	  1.36995e+06
534.735	  1.37054e+06
535.002	  1.37112e+06
535.269	  1.3717e+06
535.536	  1.37228e+06
535.803	  1.37286e+06
536.07	  1.37344e+06
536.337	  1.37402e+06
536.604	  1.37459e+06
536.871	  1.37517e+06
537.138	  1.37574e+06
537.405	  1.37632e+06
537.672	  1.37689e+06
537.939	  1.37746e+06
538.206	  1.37803e+06
538.473	  1.3786e+06
538.74	  1.37917e+06
539.007	  1.37973e+06
539.274	  1.3803e+06
539.541	  1.38086e+06
539.808	  1.38143e+06
540.075	  1.38199e+06
540.342	  1.38255e+06
540.609	  1.38311e+06
540.876	  1.38367e+06
541.143	  1.38423e+06
541.41	  1.38479e+06
541.677	  1.38534e+06
541.944	  1.3859e+06
542.211	  1.38645e+06
542.478	  1.38701e+06
542.745	  1.38756e+06
543.012	  1.38811e+06
543.279	  1.38866e+06
543.546	  1.38921e+06
543.813	  1.38976e+06
544.08	  1.3903e+06
544.347	  1.39085e+06
544.614	  1.39139e+06
544.881	  1.39194e+06
545.148	  1.39248e+06
545.415	  1.39302e+06
545.682	  1.39356e+06
545.949	  1.3941e+06
546.216	  1.39464e+06
546.483	  1.39518e+06
546.75	  1.39571e+06
547.017	  1.39625e+06
547.284	  1.39678e+06
547.551	  1.39732e+06
547.818	  1.39785e+06
548.085	  1.39838e+06
548.352	  1.39891e+06
548.619	  1.39944e+06
548.886	  1.39997e+06
549.153	  1.4005e+06
549.42	  1.40102e+06
549.687	  1.40155e+06
549.954	  1.40207e+06
550.221	  1.40259e+06
550.488	  1.40312e+06
550.755	  1.40364e+06
551.022	  1.40416e+06
551.289	  1.40468e+06
551.556	  1.4052e+06
551.823	  1.40571e+06
552.09	  1.40623e+06
552.357	  1.40674e+06
552.624	  1.40726e+06
552.891	  1.40777e+06
553.158	  1.40828e+06
553.425	  1.40879e+06
553.692	  1.4093e+06
553.959	  1.40981e+06
554.226	  1.41032e+06
554.493	  1.41083e+06
554.76	  1.41133e+06
555.027	  1.41184e+06
555.294	  1.41234e+06
555.561	  1.41284e+06
555.828	  1.41335e+06
556.095	  1.41385e+06
556.362	  1.41435e+06
556.629	  1.41484e+06
556.896	  1.41534e+06
557.163	  1.41584e+06
557.43	  1.41633e+06
557.697	  1.41683e+06
557.964	  1.41732e+06
558.231	  1.41782e+06
558.498	  1.41831e+06
558.765	  1.4188e+06
559.032	  1.41929e+06
559.299	  1.41978e+06
559.566	  1.42026e+06
560.009	  1.42107e+06
560.296	  1.42159e+06
560.583	  1.42211e+06
560.87	  1.42263e+06
561.157	  1.42315e+06
561.444	  1.42367e+06
561.731	  1.42418e+06
562.018	  1.4247e+06
562.305	  1.42521e+06
562.592	  1.42572e+06
562.879	  1.42623e+06
563.166	  1.42674e+06
563.453	  1.42725e+06
563.74	  1.42776e+06
564.027	  1.42827e+06
564.314	  1.42877e+06
564.601	  1.42928e+06
564.888	  1.42978e+06
565.175	  1.43028e+06
565.462	  1.43078e+06
565.749	  1.43128e+06
566.036	  1.43178e+06
566.323	  1.43228e+06
566.61	  1.43278e+06
566.897	  1.43327e+06
567.184	  1.43377e+06
567.471	  1.43426e+06
567.758	  1.43475e+06
568.045	  1.43524e+06
568.332	  1.43573e+06
568.619	  1.43622e+06
568.906	  1.43671e+06
569.193	  1.43719e+06
569.48	  1.43768e+06
569.767	  1.43816e+06
570.054	  1.43865e+06
570.341	  1.43913e+06
570.628	  1.43961e+06
570.915	  1.44009e+06
571.202	  1.44057e+06
571.489	  1.44104e+06
571.776	  1.44152e+06
572.063	  1.442e+06
572.35	  1.44247e+06
572.637	  1.44294e+06
572.924	  1.44341e+06
573.211	  1.44388e+06
573.498	  1.44435e+06
573.785	  1.44482e+06
574.072	  1.44529e+06
574.359	  1.44576e+06
574.646	  1.44622e+06
574.933	  1.44669e+06
575.22	  1.44715e+06
575.507	  1.44761e+06
575.794	  1.44807e+06
576.081	  1.44853e+06
576.368	  1.44899e+06
576.655	  1.44945e+06
576.942	  1.44991e+06
577.229	  1.45036e+06
577.516	  1.45082e+06
577.803	  1.45127e+06
578.09	  1.45172e+06
578.377	  1.45217e+06
578.664	  1.45262e+06
578.951	  1.45307e+06
579.238	  1.45352e+06
579.525	  1.45397e+06
579.812	  1.45441e+06
580.099	  1.45486e+06
580.386	  1.4553e+06
580.673	  1.45574e+06
580.96	  1.45618e+06
581.247	  1.45662e+06
581.534	  1.45706e+06
581.821	  1.4575e+06
582.108	  1.45794e+06
582.395	  1.45837e+06
582.682	  1.45881e+06
582.969	  1.45924e+06
583.256	  1.45968e+06
583.543	  1.46011e+06
583.83	  1.46054e+06
584.117	  1.46097e+06
584.404	  1.4614e+06
584.691	  1.46182e+06
584.978	  1.46225e+06
585.265	  1.46268e+06
585.552	  1.4631e+06
585.839	  1.46352e+06
586.126	  1.46395e+06
586.413	  1.46437e+06
586.7	  1.46479e+06
586.987	  1.46521e+06
587.274	  1.46563e+06
587.561	  1.46604e+06
587.848	  1.46646e+06
588.135	  1.46687e+06
588.422	  1.46729e+06
588.709	  1.4677e+06
588.996	  1.46811e+06
589.283	  1.46852e+06
589.57	  1.46893e+06
589.857	  1.46934e+06
590.144	  1.46975e+06
590.431	  1.47016e+06
590.718	  1.47056e+06
591.005	  1.47097e+06
591.292	  1.47137e+06
591.579	  1.47177e+06
591.866	  1.47217e+06
592.153	  1.47257e+06
592.44	  1.47297e+06
592.727	  1.47337e+06
593.014	  1.47377e+06
593.301	  1.47416e+06
593.588	  1.47456e+06
593.875	  1.47495e+06
594.162	  1.47535e+06
594.449	  1.47574e+06
594.736	  1.47613e+06
595.023	  1.47652e+06
595.31	  1.47691e+06
595.597	  1.4773e+06
595.884	  1.47768e+06
596.171	  1.47807e+06
596.458	  1.47846e+06
596.745	  1.47884e+06
597.032	  1.47922e+06
597.319	  1.4796e+06
597.606	  1.47999e+06
597.893	  1.48037e+06
598.18	  1.48074e+06
598.467	  1.48112e+06
598.754	  1.4815e+06
599.041	  1.48188e+06
599.328	  1.48225e+06
599.615	  1.48262e+06
599.902	  1.483e+06
600.189	  1.48337e+06
600.476	  1.48374e+06
600.763	  1.48411e+06
601.05	  1.48448e+06
601.337	  1.48485e+06
601.624	  1.48521e+06
601.911	  1.48558e+06
602.198	  1.48595e+06
602.485	  1.48631e+06
602.772	  1.48667e+06
603.059	  1.48703e+06
603.346	  1.4874e+06
603.633	  1.48776e+06
603.92	  1.48811e+06
604.207	  1.48847e+06
604.494	  1.48883e+06
604.781	  1.48919e+06
605.068	  1.48954e+06
605.355	  1.48989e+06
605.642	  1.49025e+06
605.929	  1.4906e+06
606.216	  1.49095e+06
606.503	  1.4913e+06
606.79	  1.49165e+06
607.077	  1.492e+06
607.364	  1.49235e+06
607.651	  1.49269e+06
607.938	  1.49304e+06
608.225	  1.49338e+06
608.512	  1.49373e+06
608.799	  1.49407e+06
609.086	  1.49441e+06
609.373	  1.49475e+06
609.66	  1.49509e+06
609.947	  1.49543e+06
610.234	  1.49576e+06
610.521	  1.4961e+06
610.808	  1.49644e+06
611.095	  1.49677e+06
611.382	  1.49711e+06
611.669	  1.49744e+06
611.956	  1.49777e+06
612.243	  1.4981e+06
612.53	  1.49843e+06
612.817	  1.49876e+06
613.104	  1.49909e+06
613.391	  1.49941e+06
613.678	  1.49974e+06
613.965	  1.50007e+06
614.252	  1.50039e+06
614.539	  1.50071e+06
614.826	  1.50104e+06
615.113	  1.50136e+06
615.4	  1.50168e+06
615.687	  1.502e+06
615.974	  1.50232e+06
616.261	  1.50263e+06
616.548	  1.50295e+06
616.835	  1.50327e+06
617.122	  1.50358e+06
617.409	  1.50389e+06
617.696	  1.50421e+06
617.983	  1.50452e+06
618.27	  1.50483e+06
618.557	  1.50514e+06
618.844	  1.50545e+06
619.131	  1.50576e+06
619.418	  1.50606e+06
619.705	  1.50637e+06
619.992	  1.50668e+06
620.279	  1.50698e+06
620.566	  1.50728e+06
620.853	  1.50759e+06
621.14	  1.50789e+06
621.427	  1.50819e+06
621.714	  1.50849e+06
622.001	  1.50879e+06
622.288	  1.50909e+06
622.575	  1.50938e+06
622.862	  1.50968e+06
623.149	  1.50998e+06
623.436	  1.51027e+06
623.723	  1.51056e+06
624.01	  1.51086e+06
624.297	  1.51115e+06
624.584	  1.51144e+06
624.871	  1.51173e+06
625.158	  1.51202e+06
625.445	  1.5123e+06
625.732	  1.51259e+06
626.019	  1.51288e+06
626.306	  1.51316e+06
626.593	  1.51345e+06
626.88	  1.51373e+06
627.167	  1.51401e+06
627.454	  1.5143e+06
627.741	  1.51458e+06
628.028	  1.51486e+06
628.315	  1.51514e+06
628.602	  1.51541e+06
628.889	  1.51569e+06
629.176	  1.51597e+06
629.463	  1.51624e+06
629.75	  1.51652e+06
630.037	  1.51679e+06
630.324	  1.51706e+06
630.611	  1.51734e+06
630.898	  1.51761e+06
631.185	  1.51788e+06
631.472	  1.51815e+06
631.759	  1.51841e+06
632.046	  1.51868e+06
632.333	  1.51895e+06
632.62	  1.51921e+06
632.907	  1.51948e+06
633.194	  1.51974e+06
633.481	  1.52001e+06
633.768	  1.52027e+06
634.055	  1.52053e+06
634.342	  1.52079e+06
634.629	  1.52105e+06
634.916	  1.52131e+06
635.203	  1.52157e+06
635.49	  1.52182e+06
635.777	  1.52208e+06
636.064	  1.52233e+06
636.351	  1.52259e+06
636.638	  1.52284e+06
636.925	  1.52309e+06
637.212	  1.52335e+06
637.499	  1.5236e+06
637.786	  1.52385e+06
638.073	  1.5241e+06
638.36	  1.52434e+06
638.647	  1.52459e+06
638.934	  1.52484e+06
639.221	  1.52508e+06
639.508	  1.52533e+06
639.795	  1.52557e+06
640.082	  1.52582e+06
640.369	  1.52606e+06
640.656	  1.5263e+06
640.943	  1.52654e+06
641.23	  1.52678e+06
641.517	  1.52702e+06
641.804	  1.52726e+06
642.091	  1.52749e+06
642.378	  1.52773e+06
642.665	  1.52797e+06
642.952	  1.5282e+06
643.239	  1.52843e+06
643.526	  1.52867e+06
643.813	  1.5289e+06
644.1	  1.52913e+06
644.387	  1.52936e+06
644.674	  1.52959e+06
644.961	  1.52982e+06
645.248	  1.53005e+06
645.535	  1.53027e+06
645.822	  1.5305e+06
646.109	  1.53073e+06
646.396	  1.53095e+06
646.683	  1.53117e+06
646.97	  1.5314e+06
647.257	  1.53162e+06
647.544	  1.53184e+06
647.831	  1.53206e+06
648.118	  1.53228e+06
648.405	  1.5325e+06
648.692	  1.53272e+06
648.979	  1.53294e+06
649.266	  1.53315e+06
649.553	  1.53337e+06
649.84	  1.53358e+06
650.127	  1.5338e+06
650.414	  1.53401e+06
650.701	  1.53422e+06
650.988	  1.53443e+06
651.275	  1.53464e+06
651.562	  1.53485e+06
651.849	  1.53506e+06
652.136	  1.53527e+06
652.423	  1.53548e+06
652.71	  1.53568e+06
652.997	  1.53589e+06
653.284	  1.5361e+06
653.571	  1.5363e+06
653.858	  1.5365e+06
654.145	  1.53671e+06
654.432	  1.53691e+06
654.719	  1.53711e+06
655.006	  1.53731e+06
655.293	  1.53751e+06
655.58	  1.53771e+06
655.867	  1.5379e+06
656.154	  1.5381e+06
656.441	  1.5383e+06
656.728	  1.53849e+06
657.015	  1.53869e+06
657.302	  1.53888e+06
657.589	  1.53907e+06
657.876	  1.53927e+06
658.163	  1.53946e+06
658.45	  1.53965e+06
658.737	  1.53984e+06
659.024	  1.54003e+06
659.311	  1.54022e+06
659.598	  1.5404e+06
659.885	  1.54059e+06
660.172	  1.54078e+06
660.459	  1.54096e+06
660.746	  1.54115e+06
661.033	  1.54133e+06
661.32	  1.54151e+06
661.607	  1.54169e+06
661.894	  1.54188e+06
662.181	  1.54206e+06
662.468	  1.54224e+06
662.755	  1.54242e+06
663.042	  1.54259e+06
663.329	  1.54277e+06
663.616	  1.54295e+06
663.903	  1.54312e+06
664.19	  1.5433e+06
664.477	  1.54347e+06
664.764	  1.54365e+06
665.051	  1.54382e+06
665.338	  1.54399e+06
665.625	  1.54416e+06
665.912	  1.54433e+06
666.199	  1.5445e+06
666.486	  1.54467e+06
666.773	  1.54484e+06
667.06	  1.54501e+06
667.347	  1.54517e+06
667.634	  1.54534e+06
667.921	  1.54551e+06
668.208	  1.54567e+06
668.495	  1.54583e+06
668.782	  1.546e+06
669.069	  1.54616e+06
669.356	  1.54632e+06
669.643	  1.54648e+06
669.93	  1.54664e+06
670.217	  1.5468e+06
670.504	  1.54696e+06
670.791	  1.54712e+06
671.078	  1.54727e+06
671.365	  1.54743e+06
671.652	  1.54758e+06
671.939	  1.54774e+06
672.226	  1.54789e+06
672.513	  1.54805e+06
672.8	  1.5482e+06
673.087	  1.54835e+06
673.374	  1.5485e+06
673.661	  1.54865e+06
673.948	  1.5488e+06
674.235	  1.54895e+06
674.522	  1.5491e+06
674.809	  1.54925e+06
675.096	  1.54939e+06
675.383	  1.54954e+06
675.67	  1.54968e+06
675.957	  1.54983e+06
676.244	  1.54997e+06
676.531	  1.55012e+06
676.818	  1.55026e+06
677.105	  1.5504e+06
677.392	  1.55054e+06
677.679	  1.55068e+06
677.966	  1.55082e+06
678.253	  1.55096e+06
678.54	  1.5511e+06
678.827	  1.55123e+06
679.114	  1.55137e+06
679.401	  1.55151e+06
679.688	  1.55164e+06
679.975	  1.55177e+06
680.262	  1.55191e+06
680.549	  1.55204e+06
680.836	  1.55217e+06
681.123	  1.55231e+06
681.41	  1.55244e+06
681.697	  1.55257e+06
681.984	  1.5527e+06
682.271	  1.55282e+06
682.558	  1.55295e+06
682.845	  1.55308e+06
683.132	  1.55321e+06
683.419	  1.55333e+06
683.706	  1.55346e+06
683.993	  1.55358e+06
684.28	  1.5537e+06
684.567	  1.55383e+06
684.854	  1.55395e+06
685.141	  1.55407e+06
685.428	  1.55419e+06
685.715	  1.55431e+06
686.002	  1.55443e+06
686.289	  1.55455e+06
686.576	  1.55467e+06
686.863	  1.55479e+06
687.15	  1.5549e+06
687.437	  1.55502e+06
687.724	  1.55514e+06
688.011	  1.55525e+06
688.298	  1.55536e+06
688.585	  1.55548e+06
688.872	  1.55559e+06
689.159	  1.5557e+06
689.446	  1.55581e+06
689.733	  1.55592e+06
690.02	  1.55603e+06
690.307	  1.55614e+06
690.594	  1.55625e+06
690.881	  1.55636e+06
691.168	  1.55647e+06
691.455	  1.55657e+06
691.742	  1.55668e+06
692.029	  1.55678e+06
692.316	  1.55689e+06
692.603	  1.55699e+06
692.89	  1.5571e+06
693.177	  1.5572e+06
693.464	  1.5573e+06
693.751	  1.5574e+06
694.038	  1.5575e+06
694.325	  1.5576e+06
694.612	  1.5577e+06
694.899	  1.5578e+06
695.186	  1.5579e+06
695.473	  1.55799e+06
695.76	  1.55809e+06
696.047	  1.55819e+06
696.334	  1.55828e+06
696.621	  1.55838e+06
696.908	  1.55847e+06
697.195	  1.55856e+06
697.482	  1.55866e+06
697.769	  1.55875e+06
698.056	  1.55884e+06
698.343	  1.55893e+06
698.63	  1.55902e+06
698.917	  1.55911e+06
699.204	  1.5592e+06
699.491	  1.55929e+06
699.778	  1.55937e+06
700.065	  1.55946e+06
700.352	  1.55955e+06
700.639	  1.55963e+06
700.926	  1.55972e+06
701.213	  1.5598e+06
701.5	  1.55988e+06
701.787	  1.55997e+06
702.074	  1.56005e+06
702.361	  1.56013e+06
702.648	  1.56021e+06
702.935	  1.56029e+06
703.222	  1.56037e+06
703.509	  1.56045e+06
703.796	  1.56053e+06
704.083	  1.5606e+06
704.37	  1.56068e+06
704.657	  1.56076e+06
704.944	  1.56083e+06
705.231	  1.56091e+06
705.518	  1.56098e+06
705.805	  1.56106e+06
706.092	  1.56113e+06
706.379	  1.5612e+06
706.666	  1.56127e+06
706.953	  1.56135e+06
707.24	  1.56142e+06
707.527	  1.56149e+06
707.814	  1.56156e+06
708.101	  1.56162e+06
708.388	  1.56169e+06
708.675	  1.56176e+06
708.962	  1.56183e+06
709.249	  1.56189e+06
709.536	  1.56196e+06
709.823	  1.56202e+06
710.11	  1.56209e+06
710.397	  1.56215e+06
710.684	  1.56222e+06
710.971	  1.56228e+06
711.258	  1.56234e+06
711.545	  1.5624e+06
711.832	  1.56246e+06
712.119	  1.56252e+06
712.406	  1.56258e+06
712.693	  1.56264e+06
712.98	  1.5627e+06
713.267	  1.56276e+06
713.554	  1.56281e+06
713.841	  1.56287e+06
714.128	  1.56293e+06
714.415	  1.56298e+06
714.702	  1.56304e+06
714.989	  1.56309e+06
715.276	  1.56314e+06
715.563	  1.5632e+06
715.85	  1.56325e+06
716.137	  1.5633e+06
716.424	  1.56335e+06
716.711	  1.5634e+06
716.998	  1.56345e+06
717.285	  1.5635e+06
717.572	  1.56355e+06
717.859	  1.5636e+06
718.146	  1.56365e+06
718.433	  1.56369e+06
718.72	  1.56374e+06
719.007	  1.56378e+06
719.294	  1.56383e+06
719.581	  1.56387e+06
719.868	  1.56392e+06
720.155	  1.56396e+06
720.442	  1.564e+06
720.729	  1.56405e+06
721.016	  1.56409e+06
721.303	  1.56413e+06
721.59	  1.56417e+06
721.877	  1.56421e+06
722.164	  1.56425e+06
722.451	  1.56429e+06
722.738	  1.56432e+06
723.025	  1.56436e+06
723.312	  1.5644e+06
723.599	  1.56444e+06
723.886	  1.56447e+06
724.173	  1.56451e+06
724.46	  1.56454e+06
724.747	  1.56457e+06
725.034	  1.56461e+06
725.321	  1.56464e+06
725.608	  1.56467e+06
725.895	  1.5647e+06
726.182	  1.56474e+06
726.469	  1.56477e+06
726.756	  1.5648e+06
727.043	  1.56483e+06
727.33	  1.56485e+06
727.617	  1.56488e+06
727.904	  1.56491e+06
728.191	  1.56494e+06
728.478	  1.56496e+06
728.765	  1.56499e+06
729.052	  1.56502e+06
729.339	  1.56504e+06
729.626	  1.56507e+06
729.913	  1.56509e+06
730.2	  1.56511e+06
730.487	  1.56513e+06
730.774	  1.56516e+06
731.061	  1.56518e+06
731.348	  1.5652e+06
731.635	  1.56522e+06
731.922	  1.56524e+06
732.209	  1.56526e+06
732.496	  1.56528e+06
732.783	  1.5653e+06
733.07	  1.56531e+06
733.357	  1.56533e+06
733.644	  1.56535e+06
733.931	  1.56536e+06
734.218	  1.56538e+06
734.505	  1.56539e+06
734.792	  1.56541e+06
735.079	  1.56542e+06
735.366	  1.56544e+06
735.653	  1.56545e+06
735.94	  1.56546e+06
736.227	  1.56547e+06
736.514	  1.56548e+06
736.801	  1.56549e+06
737.088	  1.5655e+06
737.375	  1.56551e+06
737.662	  1.56552e+06
737.949	  1.56553e+06
738.236	  1.56554e+06
738.523	  1.56555e+06
738.81	  1.56555e+06
739.097	  1.56556e+06
739.384	  1.56556e+06
739.671	  1.56557e+06
739.958	  1.56557e+06
740.245	  1.56558e+06
740.532	  1.56558e+06
740.819	  1.56558e+06
741.106	  1.56559e+06
741.393	  1.56559e+06
741.68	  1.56559e+06
741.967	  1.56559e+06
742.254	  1.56559e+06
742.541	  1.56559e+06
742.828	  1.56559e+06
743.115	  1.56559e+06
743.402	  1.56559e+06
743.689	  1.56559e+06
743.976	  1.56558e+06
744.263	  1.56558e+06
744.55	  1.56558e+06
744.837	  1.56557e+06
745.124	  1.56557e+06
745.411	  1.56556e+06
745.698	  1.56556e+06
745.985	  1.56555e+06
746.272	  1.56554e+06
746.559	  1.56554e+06
746.846	  1.56553e+06
747.133	  1.56552e+06
747.42	  1.56551e+06
747.707	  1.5655e+06
747.994	  1.56549e+06
748.281	  1.56548e+06
748.568	  1.56547e+06
748.855	  1.56546e+06
749.142	  1.56545e+06
749.429	  1.56543e+06
749.716	  1.56542e+06
750.003	  1.56541e+06
750.29	  1.56539e+06
750.577	  1.56538e+06
750.864	  1.56536e+06
751.151	  1.56535e+06
751.438	  1.56533e+06
751.725	  1.56531e+06
752.012	  1.5653e+06
752.299	  1.56528e+06
752.586	  1.56526e+06
752.873	  1.56524e+06
753.16	  1.56522e+06
753.447	  1.5652e+06
753.734	  1.56518e+06
754.021	  1.56516e+06
754.308	  1.56514e+06
754.595	  1.56512e+06
754.882	  1.5651e+06
755.169	  1.56508e+06
755.456	  1.56505e+06
755.743	  1.56503e+06
756.03	  1.56501e+06
756.317	  1.56498e+06
756.604	  1.56496e+06
756.891	  1.56493e+06
757.178	  1.56491e+06
757.465	  1.56488e+06
757.752	  1.56485e+06
758.039	  1.56483e+06
758.326	  1.5648e+06
758.613	  1.56477e+06
758.9	  1.56474e+06
759.187	  1.56471e+06
759.474	  1.56468e+06
759.761	  1.56465e+06
760.048	  1.56462e+06
760.335	  1.56459e+06
760.622	  1.56456e+06
760.909	  1.56452e+06
761.196	  1.56449e+06
761.483	  1.56446e+06
761.77	  1.56443e+06
762.057	  1.56439e+06
762.344	  1.56436e+06
762.631	  1.56432e+06
762.918	  1.56429e+06
763.205	  1.56425e+06
763.492	  1.56421e+06
763.779	  1.56418e+06
764.066	  1.56414e+06
764.353	  1.5641e+06
764.64	  1.56406e+06
764.927	  1.56402e+06
765.214	  1.56398e+06
765.501	  1.56394e+06
765.788	  1.5639e+06
766.075	  1.56386e+06
766.362	  1.56382e+06
766.649	  1.56378e+06
766.936	  1.56374e+06
767.223	  1.5637e+06
767.51	  1.56365e+06
767.797	  1.56361e+06
768.084	  1.56357e+06
768.371	  1.56352e+06
768.658	  1.56348e+06
768.945	  1.56343e+06
769.232	  1.56339e+06
769.519	  1.56334e+06
769.806	  1.56329e+06
770.093	  1.56325e+06
770.38	  1.5632e+06
770.667	  1.56315e+06
770.954	  1.5631e+06
771.241	  1.56305e+06
771.528	  1.563e+06
771.815	  1.56295e+06
772.102	  1.5629e+06
772.389	  1.56285e+06
772.676	  1.5628e+06
772.963	  1.56275e+06
773.25	  1.5627e+06
773.537	  1.56265e+06
773.824	  1.56259e+06
774.111	  1.56254e+06
774.398	  1.56248e+06
774.685	  1.56243e+06
774.972	  1.56238e+06
775.259	  1.56232e+06
775.546	  1.56227e+06
775.833	  1.56221e+06
776.12	  1.56215e+06
776.407	  1.5621e+06
776.694	  1.56204e+06
776.981	  1.56198e+06
777.268	  1.56192e+06
777.555	  1.56186e+06
777.842	  1.5618e+06
778.129	  1.56174e+06
778.416	  1.56168e+06
778.703	  1.56162e+06
778.99	  1.56156e+06
779.277	  1.5615e+06
779.564	  1.56144e+06
779.851	  1.56138e+06
780.138	  1.56132e+06
780.425	  1.56125e+06
780.712	  1.56119e+06
780.999	  1.56112e+06
781.286	  1.56106e+06
781.573	  1.561e+06
781.86	  1.56093e+06
782.147	  1.56086e+06
782.434	  1.5608e+06
782.721	  1.56073e+06
783.008	  1.56067e+06
783.295	  1.5606e+06
783.582	  1.56053e+06
783.869	  1.56046e+06
784.156	  1.56039e+06
784.443	  1.56032e+06
784.73	  1.56026e+06
785.017	  1.56019e+06
785.304	  1.56012e+06
785.591	  1.56004e+06
785.878	  1.55997e+06
786.165	  1.5599e+06
786.452	  1.55983e+06
786.739	  1.55976e+06
787.026	  1.55968e+06
787.313	  1.55961e+06
787.6	  1.55954e+06
787.887	  1.55946e+06
788.174	  1.55939e+06
788.461	  1.55932e+06
788.748	  1.55924e+06
789.035	  1.55916e+06
789.322	  1.55909e+06
789.609	  1.55901e+06
789.896	  1.55893e+06
790.183	  1.55886e+06
790.47	  1.55878e+06
790.757	  1.5587e+06
791.044	  1.55862e+06
791.331	  1.55854e+06
791.618	  1.55846e+06
791.905	  1.55839e+06
792.192	  1.55831e+06
792.479	  1.55822e+06
792.766	  1.55814e+06
793.053	  1.55806e+06
793.34	  1.55798e+06
793.627	  1.5579e+06
793.914	  1.55782e+06
794.201	  1.55773e+06
794.488	  1.55765e+06
794.775	  1.55757e+06
795.062	  1.55748e+06
795.349	  1.5574e+06
795.636	  1.55731e+06
795.923	  1.55723e+06
796.21	  1.55714e+06
796.497	  1.55706e+06
796.784	  1.55697e+06
797.071	  1.55688e+06
797.358	  1.55679e+06
797.645	  1.55671e+06
797.932	  1.55662e+06
798.219	  1.55653e+06
798.506	  1.55644e+06
798.793	  1.55635e+06
799.08	  1.55626e+06
799.367	  1.55617e+06
799.654	  1.55608e+06
799.941	  1.55599e+06
800.228	  1.5559e+06
800.515	  1.55581e+06
800.802	  1.55572e+06
801.089	  1.55562e+06
801.376	  1.55553e+06
801.663	  1.55544e+06
801.95	  1.55535e+06
802.237	  1.55525e+06
802.524	  1.55516e+06
802.811	  1.55506e+06
803.098	  1.55497e+06
803.385	  1.55487e+06
803.672	  1.55478e+06
803.959	  1.55468e+06
804.246	  1.55458e+06
804.533	  1.55449e+06
804.82	  1.55439e+06
805.107	  1.55429e+06
805.394	  1.55419e+06
805.681	  1.5541e+06
805.968	  1.554e+06
806.255	  1.5539e+06
806.542	  1.5538e+06
806.829	  1.5537e+06
807.116	  1.5536e+06
807.403	  1.5535e+06
807.69	  1.5534e+06
807.977	  1.5533e+06
808.264	  1.55319e+06
808.551	  1.55309e+06
808.838	  1.55299e+06
809.125	  1.55289e+06
809.412	  1.55278e+06
809.699	  1.55268e+06
809.986	  1.55258e+06
810.273	  1.55247e+06
810.56	  1.55237e+06
810.847	  1.55226e+06
811.134	  1.55216e+06
811.421	  1.55205e+06
811.708	  1.55195e+06
811.995	  1.55184e+06
812.282	  1.55173e+06
812.569	  1.55162e+06
812.856	  1.55152e+06
813.143	  1.55141e+06
813.43	  1.5513e+06
813.717	  1.55119e+06
814.004	  1.55108e+06
814.291	  1.55097e+06
814.578	  1.55086e+06
814.865	  1.55075e+06
815.152	  1.55064e+06
815.439	  1.55053e+06
815.726	  1.55042e+06
816.013	  1.55031e+06
816.3	  1.5502e+06
816.587	  1.55009e+06
816.874	  1.54997e+06
817.161	  1.54986e+06
817.448	  1.54975e+06
817.735	  1.54964e+06
818.022	  1.54952e+06
818.309	  1.54941e+06
818.596	  1.54929e+06
818.883	  1.54918e+06
819.17	  1.54906e+06
819.457	  1.54895e+06
820.002	  1.54873e+06
820.031	  1.54871e+06
820.059	  1.5487e+06
820.088	  1.54869e+06
820.117	  1.54868e+06
820.146	  1.54867e+06
820.174	  1.54866e+06
820.203	  1.54864e+06
820.232	  1.54863e+06
820.26	  1.54862e+06
820.289	  1.54861e+06
820.318	  1.5486e+06
820.346	  1.54859e+06
820.375	  1.54857e+06
820.404	  1.54856e+06
820.433	  1.54855e+06
820.461	  1.54854e+06
820.49	  1.54853e+06
820.519	  1.54852e+06
820.547	  1.5485e+06
820.576	  1.54849e+06
820.605	  1.54848e+06
820.633	  534885
820.662	  534881
820.691	  534876
820.72	  534872
820.748	  534867
820.777	  534863
820.806	  534858
820.834	  534854
820.863	  534849
820.892	  534844
820.92	  534840
820.949	  534835
820.978	  534831
821.007	  534826
821.035	  534822
821.064	  534817
821.093	  534812
821.121	  534808
821.15	  534803
821.179	  534799
821.207	  534794
821.236	  534790
821.265	  534785
821.294	  534781
821.322	  534776
821.351	  534771
821.38	  534767
821.408	  534762
821.437	  534758
821.466	  534753
821.494	  534749
821.523	  534744
821.552	  534739
821.581	  534735
821.609	  534730
821.638	  534726
821.667	  534721
821.695	  534717
821.724	  534712
821.753	  534707
821.781	  534703
821.81	  534698
821.839	  534694
821.868	  534689
821.896	  534684
821.925	  534680
821.954	  534675
821.982	  534671
822.011	  534666
822.011	  534666
822.298	  534620
822.585	  534574
822.872	  534528
823.159	  534482
823.446	  534435
823.733	  534389
824.02	  534342
824.307	  534296
824.594	  534249
824.881	  534202
825.168	  534155
825.455	  534108
825.742	  534061
826.029	  534014
826.316	  533967
826.603	  533920
826.89	  533872
827.177	  533825
827.464	  533777
827.751	  533729
828.038	  533681
828.325	  533634
828.612	  533586
828.899	  533537
829.186	  533489
829.473	  533441
829.76	  533393
830.047	  533344
830.334	  533296
830.621	  533247
830.908	  533198
831.195	  533150
831.482	  533101
831.769	  533052
832.056	  533003
832.343	  532954
832.63	  532904
832.917	  532855
833.204	  532806
833.491	  532756
833.778	  532706
834.065	  532657
834.352	  532607
834.639	  532557
834.926	  532507
835.213	  532457
835.5	  532407
835.787	  532357
836.074	  532307
836.361	  532256
836.648	  532206
836.935	  532155
837.222	  532105
837.509	  532054
837.796	  532003
838.083	  531952
838.37	  531901
838.657	  531850
838.944	  531799
839.231	  531748
839.518	  531697
839.805	  531645
840.092	  531594
840.379	  531542
840.666	  531491
840.953	  531439
841.24	  531387
841.527	  531335
841.814	  531283
842.101	  531231
842.388	  531179
842.675	  531127
842.962	  531074
843.249	  531022
843.536	  530970
843.823	  530917
844.11	  530864
844.397	  530812
844.684	  530759
844.971	  530706
845.258	  530653
845.545	  530600
845.832	  530547
846.119	  530494
846.406	  530440
846.693	  530387
846.98	  530334
847.267	  530280
847.554	  530227
847.841	  530173
848.128	  530119
848.415	  530065
848.702	  530011
848.989	  529957
849.276	  529903
849.563	  529849
849.85	  529795
850.137	  529741
850.424	  529686
850.711	  529632
850.998	  529577
851.285	  529523
851.572	  529468
851.859	  529413
852.146	  529358
852.433	  529303
852.72	  529248
853.007	  529193
853.294	  529138
853.581	  529083
853.868	  529027
854.155	  528972
854.442	  528917
854.729	  528861
855.016	  528805
855.303	  528750
855.59	  528694
855.877	  528638
856.164	  528582
856.451	  528526
856.738	  528470
857.025	  528414
857.312	  528358
857.599	  528301
857.886	  528245
858.173	  528188
858.46	  528132
858.747	  528075
859.034	  528019
859.321	  527962
859.608	  527905
859.895	  527848
860.182	  527791
860.469	  527734
860.756	  527677
861.043	  527620
861.33	  527563
861.617	  527505
861.904	  527448
862.191	  527390
862.478	  527333
862.765	  527275
863.052	  527217
863.339	  527160
863.626	  527102
863.913	  527044
864.2	  526986
864.487	  526928
864.774	  526870
865.061	  526812
865.348	  526753
865.635	  526695
865.922	  526637
866.209	  526578
866.496	  526520
866.783	  526461
867.07	  526402
867.357	  526343
867.644	  526285
867.931	  526226
868.218	  526167
868.505	  526108
868.792	  526049
869.079	  525989
869.366	  525930
869.653	  525871
869.94	  525811
870.227	  525752
870.514	  525692
870.801	  525633
871.088	  525573
871.375	  525513
871.662	  525454
871.949	  525394
872.236	  525334
872.523	  525274
872.81	  525214
873.097	  525154
873.384	  525093
873.671	  525033
873.958	  524973
874.245	  524912
874.532	  524852
874.819	  524791
875.106	  524731
875.393	  524670
875.68	  524609
875.967	  524549
876.254	  524488
876.541	  524427
876.828	  524366
877.115	  524305
877.402	  524244
877.689	  524182
877.976	  524121
878.263	  524060
878.55	  523998
878.837	  523937
879.124	  523875
879.411	  523814
879.698	  523752
879.985	  523691
880.272	  523629
880.559	  523567
880.846	  523505
881.133	  523443
881.42	  523381
881.707	  523319
881.994	  523257
882.281	  523195
882.568	  523132
882.855	  523070
883.142	  523008
883.429	  522945
883.716	  522883
884.003	  522820
884.29	  522757
884.577	  522695
884.864	  522632
885.151	  522569
885.438	  522506
885.725	  522443
886.012	  522380
886.299	  522317
886.586	  522254
886.873	  522191
887.16	  522127
887.447	  522064
887.734	  522001
888.021	  521937
888.308	  521874
888.595	  521810
888.882	  521746
889.169	  521683
889.456	  521619
889.743	  521555
890.03	  521491
890.317	  521427
890.604	  521363
890.891	  521299
891.178	  521235
891.465	  521171
891.752	  521107
892.039	  521042
892.326	  520978
892.613	  520914
892.9	  520849
893.187	  520785
893.474	  520720
893.761	  520655
894.048	  520591
894.335	  520526
894.622	  520461
894.909	  520396
895.196	  520331
895.483	  520266
895.77	  520201
896.057	  520136
896.344	  520071
896.631	  520006
896.918	  519941
897.205	  519875
897.492	  519810
897.779	  519744
898.066	  519679
898.353	  519613
898.64	  519548
898.927	  519482
899.214	  519416
899.501	  519351
899.788	  519285
900.075	  519219
900.362	  519153
900.649	  519087
900.936	  519021
901.223	  518955
901.51	  518889
901.797	  518822
902.084	  518756
902.371	  518690
902.658	  518623
902.945	  518557
903.232	  518490
903.519	  518424
903.806	  518357
904.093	  518291
904.38	  518224
904.667	  518157
904.954	  518090
905.241	  518023
905.528	  517956
905.815	  517889
906.102	  517822
906.389	  517755
906.676	  517688
906.963	  517621
907.25	  517554
907.537	  517486
907.824	  517419
908.111	  517352
908.398	  517284
908.685	  517217
908.972	  517149
909.259	  517082
909.546	  517014
909.833	  516946
910.12	  516878
910.407	  516811
910.694	  516743
910.981	  516675
911.268	  516607
911.555	  516539
911.842	  516471
912.129	  516403
912.416	  516334
912.703	  516266
912.99	  516198
913.277	  516130
913.564	  516061
913.851	  515993
914.138	  515924
914.425	  515856
914.712	  515787
914.999	  515719
915.286	  515650
915.573	  515581
915.86	  515512
916.147	  515444
916.434	  515375
916.721	  515306
917.008	  515237
917.295	  515168
917.582	  515099
917.869	  515030
918.156	  514960
918.443	  514891
918.73	  514822
919.017	  514753
919.304	  514683
919.591	  514614
919.878	  514544
920.165	  514475
920.452	  514405
920.739	  514336
921.026	  514266
921.313	  514196
921.6	  514127
921.887	  514057
922.174	  513987
922.461	  513917
922.748	  513847
923.035	  513777
923.322	  513707
923.609	  513637
923.896	  513567
924.183	  513497
924.47	  513427
924.757	  513356
925.044	  513286
925.331	  513216
925.618	  513145
925.905	  513075
926.192	  513005
926.479	  512934
926.766	  512863
927.053	  512793
927.34	  512722
927.627	  512651
927.914	  512581
928.201	  512510
928.488	  512439
928.775	  512368
929.062	  512297
929.349	  512226
929.636	  512155
929.923	  512084
930.21	  512013
930.497	  511942
930.784	  511871
931.071	  511799
931.358	  511728
931.645	  511657
931.932	  511585
932.219	  511514
932.506	  511443
932.793	  511371
933.08	  511299
933.367	  511228
933.654	  511156
933.941	  511085
934.228	  511013
934.515	  510941
934.802	  510869
935.089	  510797
935.376	  510726
935.663	  510654
935.95	  510582
936.237	  510510
936.524	  510438
936.811	  510365
937.098	  510293
937.385	  510221
937.672	  510149
937.959	  510077
938.246	  510004
938.533	  509932
938.82	  509860
939.107	  509787
939.394	  509715
939.681	  509642
939.968	  509570
940.255	  509497
940.542	  509424
940.829	  509352
941.116	  509279
941.403	  509206
941.69	  509133
941.977	  509061
942.264	  508988
942.551	  508915
942.838	  508842
943.125	  508769
943.412	  508696
943.699	  508623
943.986	  508549
944.273	  508476
944.56	  508403
944.847	  508330
945.134	  508257
945.421	  508183
945.708	  508110
945.995	  508037
946.282	  507963
946.569	  507890
946.856	  507816
947.143	  507743
947.43	  507669
947.717	  507595
948.004	  507522
948.291	  507448
948.578	  507374
948.865	  507300
949.152	  507227
949.439	  507153
949.726	  507079
950.013	  507005
950.3	  506931
950.587	  506857
950.874	  506783
951.161	  506709
951.448	  506635
951.735	  506561
952.022	  506486
952.309	  506412
952.596	  506338
952.883	  506264
953.17	  506189
953.457	  506115
953.744	  506040
954.031	  505966
954.318	  505891
954.605	  505817
954.892	  505742
955.179	  505668
955.466	  505593
955.753	  505518
956.04	  505444
956.327	  505369
956.614	  505294
956.901	  505219
957.188	  505145
957.475	  505070
957.762	  504995
958.049	  504920
958.336	  504845
958.623	  504770
958.91	  504695
959.197	  504620
959.484	  504545
959.771	  504469
960.058	  504394
960.345	  504319
960.632	  504244
960.919	  504168
961.206	  504093
961.493	  504018
961.78	  503942
962.067	  503867
962.354	  503791
962.641	  503716
962.928	  503640
963.215	  503565
963.502	  503489
963.789	  503414
964.076	  503338
964.363	  503262
964.65	  503186
964.937	  503111
965.224	  503035
965.511	  502959
965.798	  502883
966.085	  502807
966.372	  502731
966.659	  502655
966.946	  502579
967.233	  502503
967.52	  502427
967.807	  502351
968.094	  502275
968.381	  502199
968.668	  502123
968.955	  502046
969.242	  501970
969.529	  501894
969.816	  501817
970.103	  501741
970.39	  501665
970.677	  501588
970.964	  501512
971.251	  501435
971.538	  501359
971.825	  501282
972.112	  501206
972.399	  501129
972.686	  501052
972.973	  500976
973.26	  500899
973.547	  500822
973.834	  500746
974.121	  500669
974.408	  500592
974.695	  500515
974.982	  500438
975.269	  500361
975.556	  500284
975.843	  500207
976.13	  500130
976.417	  500053
976.704	  499976
976.991	  499899
977.278	  499822
977.565	  499745
977.852	  499668
978.139	  499591
978.426	  499513
978.713	  499436
979	  499359
979.287	  499281
979.574	  499204
979.861	  499127
980.148	  499049
980.435	  498972
980.722	  498894
981.009	  498817
981.296	  498739
981.583	  498662
981.87	  498584
982.157	  498507
982.444	  498429
982.731	  498351
983.018	  498274
983.305	  498196
983.592	  498118
983.879	  498040
984.166	  497962
984.453	  497885
984.74	  497807
985.027	  497729
985.314	  497651
985.601	  497573
985.888	  497495
986.175	  497417
986.462	  497339
986.749	  497261
987.036	  497183
987.323	  497105
987.61	  497027
987.897	  496948
988.184	  496870
988.471	  496792
988.758	  496714
989.045	  496635
989.332	  496557
989.619	  496479
989.906	  496400
990.193	  496322
990.48	  496244
990.767	  496165
991.054	  496087
991.341	  496008
991.628	  495930
991.915	  495851
992.202	  495773
992.489	  495694
992.776	  495615
993.063	  495537
993.35	  495458
993.637	  495379
993.924	  495301
994.211	  495222
994.498	  495143
994.785	  495064
995.072	  494986
995.359	  494907
995.646	  494828
995.933	  494749
996.22	  494670
996.507	  494591
996.794	  494512
997.081	  494433
997.368	  494354
997.655	  494275
997.942	  494196
998.229	  494117
998.516	  494038
998.803	  493959
999.09	  493879
999.377	  493800
999.664	  493721
999.951	  493642
1000.24	  493563
1000.52	  493483
1000.81	  493404
1001.1	  493325
1001.39	  493245
1001.67	  493166
1001.96	  493086
1002.25	  493007
1002.53	  492928
1002.82	  492848
1003.11	  492769
1003.39	  492689
1003.68	  492610
1003.97	  492530
1004.26	  492450
1004.54	  492371
1004.83	  492291
1005.12	  492212
1005.4	  492132
1005.69	  492052
1005.98	  491972
1006.26	  491893
1006.55	  491813
1006.84	  491733
1007.13	  491653
1007.41	  491573
1007.7	  491494
1007.99	  491414
1008.27	  491334
1008.56	  491254
1008.85	  491174
1009.13	  491094
1009.42	  491014
1009.71	  490934
1010	  490854
1010.28	  490774
1010.57	  490694
1010.86	  490614
1011.14	  490534
1011.43	  490453
1011.72	  490373
1012	  490293
1012.29	  490213
1012.58	  490133
1012.87	  490052
1013.15	  489972
1013.44	  489892
1013.73	  489812
1014.01	  489731
1014.3	  489651
1014.59	  489571
1014.88	  489490
1015.16	  489410
1015.45	  489329
1015.74	  489249
1016.02	  489168
1016.31	  489088
1016.6	  489007
1016.88	  488927
1017.17	  488846
1017.46	  488766
1017.75	  488685
1018.03	  488605
1018.32	  488524
1018.61	  488443
1018.89	  488363
1019.18	  488282
1019.47	  488201
1019.98	  488058
1021.08	  487749
1022.17	  487439
1023.27	  487129
1024.38	  486818
1025.47	  486507
1026.58	  486196
1027.67	  485885
1028.78	  485574
1029.88	  485262
1030.97	  484950
1032.08	  484637
1033.17	  484325
1034.28	  484012
1035.38	  483699
1036.47	  483386
1037.58	  483072
1038.67	  482759
1039.78	  482445
1040.88	  482131
1041.97	  481816
1043.08	  481502
1044.17	  481187
1045.28	  480872
1046.38	  480556
1047.47	  480241
1048.58	  479925
1049.67	  479609
1050.78	  479293
1051.88	  478977
1052.97	  478661
1054.08	  478344
1055.17	  478027
1056.28	  477710
1057.38	  477393
1058.47	  477076
1059.58	  476758
1060.67	  476441
1061.78	  476123
1062.88	  475805
1063.97	  475487
1065.08	  475168
1066.17	  474850
1067.28	  474531
1068.38	  474212
1069.47	  473893
1070.58	  473574
1071.67	  473255
1072.78	  472936
1073.88	  472616
1074.97	  472297
1076.08	  471977
1077.17	  471657
1078.28	  471337
1079.38	  471017
1080.47	  470696
1081.58	  470376
1082.67	  470055
1083.78	  469735
1084.88	  469414
1085.97	  469093
1087.08	  468772
1088.17	  468451
1089.28	  468130
1090.38	  467809
1091.47	  467487
1092.58	  467166
1093.67	  466844
1094.78	  466523
1095.88	  466201
1096.97	  465879
1098.08	  465557
1099.17	  465235
1100.28	  464913
1101.38	  464591
1102.47	  464269
1103.58	  463946
1104.67	  463624
1105.78	  463302
1106.88	  462979
1107.97	  462656
1109.08	  462334
1110.17	  462011
1111.28	  461688
1112.38	  461366
1113.47	  461043
1114.58	  460720
1115.67	  460397
1116.78	  460074
1117.88	  459751
1118.97	  459428
1120.08	  459105
1121.17	  458781
1122.28	  458458
1123.38	  458135
1124.47	  457812
1125.58	  457488
1126.67	  457165
1127.78	  456842
1128.88	  456518
1129.97	  456195
1131.08	  455871
1132.17	  455548
1133.28	  455224
1134.38	  454901
1135.47	  454577
1136.58	  454254
1137.67	  453930
1138.78	  453607
1139.88	  453283
1140.97	  452960
1142.08	  452636
1143.17	  452313
1144.28	  451989
1145.38	  451666
1146.47	  451342
1147.58	  451018
1148.67	  450695
1149.78	  450371
1150.88	  450048
1151.97	  449724
1153.08	  449401
1154.17	  449077
1155.28	  448754
1156.38	  448430
1157.47	  448107
1158.58	  447784
1159.67	  447460
1160.78	  447137
1161.88	  446814
1162.97	  446490
1164.08	  446167
1165.17	  445844
1166.28	  445521
1167.38	  445197
1168.47	  444874
1169.58	  444551
1170.67	  444228
1171.78	  443905
1172.88	  443582
1173.97	  443259
1175.08	  442936
1176.17	  442614
1177.28	  442291
1178.38	  441968
1179.47	  441645
1180.58	  441323
1181.67	  441000
1182.78	  440678
1183.88	  440355
1184.97	  440033
1186.08	  439711
1187.17	  439388
1188.28	  439066
1189.38	  438744
1190.47	  438422
1191.58	  438100
1192.67	  437778
1193.78	  437456
1194.88	  437134
1195.97	  436812
1197.08	  436491
1198.17	  436169
1199.28	  435848
1200.38	  435526
1201.47	  435205
1202.58	  434883
1203.67	  434562
1204.78	  434241
1205.88	  433920
1206.97	  433599
1208.08	  433278
1209.17	  432957
1210.28	  432637
1211.38	  432316
1212.47	  431996
1213.58	  431675
1214.67	  431355
1215.78	  431035
1216.88	  430714
1217.97	  430394
1219.08	  430074
1220.17	  429754
1221.28	  429435
1222.38	  429115
1223.47	  428795
1224.58	  428476
1225.67	  428157
1226.78	  427837
1227.88	  427518
1228.97	  427199
1230.08	  426880
1231.17	  426561
1232.28	  426243
1233.38	  425924
1234.47	  425606
1235.58	  425287
1236.67	  424969
1237.78	  424651
1238.88	  424333
1239.97	  424015
1241.08	  423697
1242.17	  423379
1243.28	  423062
1244.38	  422744
1245.47	  422427
1246.58	  422110
1247.67	  421793
1248.78	  421476
1249.88	  421159
1250.97	  420842
1252.08	  420526
1253.17	  420209
1254.28	  419893
1255.38	  419577
1256.47	  419261
1257.58	  418945
1258.67	  418629
1259.78	  418313
1260.88	  417998
1261.97	  417682
1263.08	  417367
1264.17	  417052
1265.28	  416737
1266.38	  416422
1267.47	  416107
1268.58	  415793
1269.67	  415478
1270.78	  415164
1271.88	  414850
1272.97	  414536
1274.08	  414222
1275.17	  413908
1276.28	  413595
1277.38	  413281
1278.47	  412968
1279.58	  412655
1280.67	  412342
1281.78	  412029
1282.88	  411717
1283.97	  411404
1285.08	  411092
1286.17	  410779
1287.28	  410467
1288.38	  410155
1289.47	  409844
1290.58	  409532
1291.67	  409221
1292.78	  408909
1293.88	  408598
1294.97	  408287
1296.08	  407976
1297.17	  407666
1298.28	  407355
1299.38	  407045
1300.47	  406735
1301.58	  406425
1302.67	  406115
1303.78	  405805
1304.88	  405496
1305.97	  405186
1307.08	  404877
1308.17	  404568
1309.28	  404259
1310.38	  403951
1311.47	  403642
1312.58	  403334
1313.67	  403025
1314.78	  402717
1315.88	  402410
1316.97	  402102
1318.08	  401794
1319.17	  401487
1320.28	  401180
1321.38	  400873
1322.47	  400566
1323.58	  400259
1324.67	  399953
1325.78	  399647
1326.88	  399341
1327.97	  399035
1329.08	  398729
1330.17	  398423
1331.28	  398118
1332.38	  397813
1333.47	  397508
1334.58	  397203
1335.67	  396898
1336.78	  396593
1337.88	  396289
1338.97	  395985
1340.08	  395681
1341.17	  395377
1342.28	  395074
1343.38	  394770
1344.47	  394467
1345.58	  394164
1346.67	  393861
1347.78	  393558
1348.88	  393256
1349.97	  392954
1351.08	  392651
1352.17	  392349
1353.28	  392048
1354.38	  391746
1355.47	  391445
1356.58	  391144
1357.67	  390843
1358.78	  390542
1359.88	  390241
1360.97	  389941
1362.08	  389641
1363.17	  389341
1364.28	  389041
1365.38	  388741
1366.47	  388442
1367.58	  388142
1368.67	  387843
1369.78	  387544
1370.88	  387246
1371.97	  386947
1373.08	  386649
1374.17	  386351
1375.28	  386053
1376.38	  385755
1377.47	  385458
1378.58	  385160
1379.67	  384863
1380.78	  384566
1381.88	  384270
1382.97	  383973
1384.08	  383677
1385.17	  383381
1386.28	  383085
1387.38	  382789
1388.47	  382493
1389.58	  382198
1390.67	  381903
1391.78	  381608
1392.88	  381313
1393.97	  381019
1395.08	  380724
1396.17	  380430
1397.28	  380136
1398.38	  379843
1399.47	  379549
1400.58	  379256
1401.67	  378963
1402.78	  378670
1403.88	  378377
1404.97	  378085
1406.08	  377793
1407.17	  377500
1408.28	  377209
1409.38	  376917
1410.47	  376625
1411.58	  376334
1412.67	  376043
1413.78	  375752
1414.88	  375462
1415.97	  375171
1417.08	  374881
1418.17	  374591
1419.28	  374301
1420.38	  374012
1421.47	  373722
1422.58	  373433
1423.67	  373144
1424.78	  372856
1425.88	  372567
1426.97	  372279
1428.08	  371991
1429.17	  371703
1430.28	  371415
1431.38	  371127
1432.47	  370840
1433.58	  370553
1434.67	  370266
1435.78	  369980
1436.88	  369693
1437.97	  369407
1439.08	  369121
1440.17	  368835
1441.28	  368550
1442.38	  368264
1443.47	  367979
1444.58	  367694
1445.67	  367410
1446.78	  367125
1447.88	  366841
1448.97	  366557
1450.08	  366273
1451.17	  365989
1452.28	  365706
1453.38	  365423
1454.47	  365140
1455.58	  364857
1456.67	  364574
1457.78	  364292
1458.88	  227885
1459.97	  227714
1461.08	  227543
1462.17	  227372
1463.28	  227201
1464.38	  227030
1465.47	  226860
1466.58	  226690
1467.67	  226520
1468.78	  226350
1469.88	  226180
1470.97	  226010
1472.08	  225841
1473.17	  225672
1474.28	  225502
1475.38	  225333
1476.47	  225164
1477.58	  224996
1478.67	  224827
1479.78	  224659
1480.88	  224490
1481.97	  224322
1483.08	  224154
1484.17	  223987
1485.28	  223819
1486.38	  223651
1487.47	  223484
1488.58	  223317
1489.67	  223150
1490.78	  222983
1491.88	  222816
1492.97	  222650
1494.08	  222483
1495.17	  222317
1496.28	  222151
1497.38	  221985
1498.47	  221819
1499.58	  221653
1500.67	  221488
1501.78	  221323
1502.88	  221157
1503.97	  220992
1505.08	  220827
1506.17	  220663
1507.28	  220498
1508.38	  220334
1509.47	  220169
1510.58	  220005
1511.67	  219841
1512.78	  219678
1513.88	  219514
1514.97	  219350
1516.08	  219187
1517.17	  219024
1518.28	  218861
1519.38	  218698
1520.47	  218535
1521.58	  218373
1522.67	  218210
1523.78	  218048
1524.88	  217886
1525.97	  217724
1527.08	  217562
1528.17	  217400
1529.28	  217239
1530.38	  217078
1531.47	  216916
1532.58	  216755
1533.67	  216594
1534.78	  216434
1535.88	  216273
1536.97	  216113
1538.08	  215952
1539.17	  215792
1540.28	  215632
1541.38	  215473
1542.47	  215313
1543.58	  215154
1544.67	  214994
1545.78	  214835
1546.88	  214676
1547.97	  214517
1549.08	  214358
1550.17	  214200
1551.28	  214041
1552.38	  213883
1553.47	  213725
1554.58	  213567
1555.67	  213409
1556.78	  213252
1557.88	  213094
1558.97	  212937
1560.08	  212780
1561.17	  212623
1562.28	  212466
1563.38	  212309
1564.47	  212153
1565.58	  211997
1566.67	  211840
1567.78	  211684
1568.88	  211528
1569.97	  211373
1571.08	  211217
1572.17	  211062
1573.28	  210907
1574.38	  210751
1575.47	  210596
1576.58	  210442
1577.67	  210287
1578.78	  210133
1579.88	  209978
1580.97	  209824
1582.08	  209670
1583.17	  209516
1584.28	  209363
1585.38	  209209
1586.47	  209056
1587.58	  208903
1588.67	  208750
1589.78	  208597
1590.88	  208444
1591.97	  208292
1593.08	  208139
1594.17	  207987
1595.28	  207835
1596.38	  207683
1597.47	  207531
1598.58	  207380
1599.67	  207228
1600.78	  207077
1601.88	  206926
1602.97	  206775
1604.08	  206624
1605.17	  206474
1606.28	  206324
1607.38	  206173
1608.47	  206023
1609.58	  205873
1610.67	  205724
1611.78	  205574
1612.88	  205425
1613.97	  205275
1615.08	  205126
1616.17	  204978
1617.28	  204829
1618.38	  204680
1619.47	  204532
1620.58	  204384
1621.67	  204236
1622.78	  204088
1623.88	  203940
1624.97	  203793
1626.08	  203646
1627.17	  203499
1628.28	  203352
1629.38	  203205
1630.47	  203059
1631.58	  202912
1632.67	  202766
1633.78	  202621
1634.88	  202475
1635.97	  202330
1637.08	  202184
1638.17	  202039
1639.28	  201895
1640.38	  201750
1641.47	  201606
1642.58	  201463
1643.67	  201320
1644.78	  201177
1645.88	  201033
1646.97	  200890
1648.08	  200748
1649.17	  200605
1650.28	  200462
1651.38	  200320
1652.47	  200177
1653.58	  200035
1654.67	  199893
1655.78	  199750
1656.88	  199608
1657.97	  199466
1659.08	  199325
1660.17	  199183
1661.28	  199041
1662.38	  198900
1663.47	  198758
1664.58	  198617
1665.67	  198476
1666.78	  198334
1667.88	  198193
1668.97	  198052
1670.08	  197912
1671.17	  197771
1672.28	  197630
1673.38	  197490
1674.47	  197349
1675.58	  197209
1676.67	  197069
1677.78	  196928
1678.88	  196788
1679.97	  196649
1681.08	  196509
1682.17	  196369
1683.28	  196229
1684.38	  196090
1685.47	  195950
1686.58	  195811
1687.67	  195672
1688.78	  195533
1689.88	  195394
1690.97	  195255
1692.08	  195116
1693.17	  194977
1694.28	  194839
1695.38	  194700
1696.47	  194562
1697.58	  194423
1698.67	  194285
1699.78	  194147
1700.88	  194009
1701.97	  193871
1703.08	  193733
1704.17	  193596
1705.28	  193458
1706.38	  193321
1707.47	  193183
1708.58	  193046
1709.67	  192909
1710.78	  192772
1711.88	  192635
1712.97	  192498
1714.08	  192361
1715.17	  192224
1716.28	  192088
1717.38	  191951
1718.47	  191815
1719.58	  191679
1720.67	  191543
1721.78	  191406
1722.88	  191271
1723.97	  191135
1725.08	  190999
1726.17	  190863
1727.28	  190728
1728.38	  190592
1729.47	  190457
1730.58	  190322
1731.67	  190186
1732.78	  190051
1733.88	  189916
1734.97	  189782
1736.08	  189647
1737.17	  189512
1738.28	  189378
1739.38	  189243
1740.47	  189109
1741.58	  188975
1742.67	  188841
1743.78	  188707
1744.88	  188573
1745.97	  188439
1747.08	  188305
1748.17	  188171
1749.28	  188038
1750.38	  187905
1751.47	  187771
1752.58	  187638
1753.67	  187505
1754.78	  187372
1755.88	  187239
1756.97	  187106
1758.08	  186973
1759.17	  186841
1760.28	  186708
1761.38	  186576
1762.47	  186444
1763.58	  186311
1764.67	  186179
1765.78	  186047
1766.88	  185915
1767.97	  185784
1769.08	  185652
1770.17	  185520
1771.28	  185389
1772.38	  185258
1773.47	  185126
1774.58	  184995
1775.67	  184864
1776.78	  184733
1777.88	  184602
1778.97	  184471
1780.08	  184341
1781.17	  184210
1782.28	  184080
1783.38	  183949
1784.47	  183819
1785.58	  183689
1786.67	  183559
1787.78	  183429
1788.88	  183299
1789.97	  183169
1791.08	  183039
1792.17	  182910
1793.28	  182780
1794.38	  182651
1795.47	  182522
1796.58	  182393
1797.67	  182264
1798.78	  182135
1799.88	  182006
1800.97	  181877
1802.08	  181748
1803.17	  181620
1804.28	  181491
1805.38	  181363
1806.47	  181235
1807.58	  181107
1808.67	  180979
1809.78	  180851
1810.88	  180723
1811.97	  180595
1813.08	  180467
1814.17	  180340
1815.28	  180212
1816.38	  180085
1817.47	  179958
1818.58	  179831
1819.67	  179704
1820.78	  179577
1821.88	  179450
1822.97	  179323
1824.08	  179196
1825.17	  179070
1826.28	  178943
1827.38	  178817
1828.47	  178691
1829.58	  178565
1830.67	  178439
1831.78	  178313
1832.88	  178187
1833.97	  178061
1835.08	  177936
1836.17	  177810
1837.28	  177685
1838.38	  177559
1839.47	  177434
1840.58	  177309
1841.67	  177184
1842.78	  177059
1843.88	  176934
1844.97	  176809
1846.08	  176685
1847.17	  176560
1848.28	  176436
1849.38	  176311
1850.47	  176187
1851.58	  176063
1852.67	  175939
1853.78	  175815
1854.88	  175691
1855.97	  175567
1857.08	  175444
1858.17	  175320
1859.28	  175197
1860.38	  175073
1861.47	  174950
1862.58	  174827
1863.67	  174704
1864.78	  174581
1865.88	  174458
1866.97	  174335
1868.08	  174212
1869.17	  174090
1870.28	  173967
1871.38	  173845
1872.47	  173723
1873.58	  173601
1874.67	  173479
1875.78	  173357
1876.88	  173235
1877.97	  173113
1879.08	  172991
1880.17	  172870
1881.28	  172748
1882.38	  172627
1883.47	  172505
1884.58	  172384
1885.67	  172263
1886.78	  172142
1887.88	  172021
1888.97	  171900
1890.08	  171780
1891.17	  171659
1892.28	  171539
1893.38	  171418
1894.47	  171298
1895.58	  171178
1896.67	  171058
1897.78	  170938
1898.88	  170818
1899.97	  170698
1901.08	  170578
1902.17	  170458
1903.28	  170339
1904.38	  170220
1905.47	  170100
1906.58	  169981
1907.67	  169862
1908.78	  169743
1909.88	  169624
1910.97	  169505
1912.08	  169386
1913.17	  169267
1914.28	  169149
1915.38	  169030
1916.47	  168912
1917.58	  168794
1918.67	  168676
1919.78	  168558
1920.88	  168440
1921.97	  168322
1923.08	  168204
1924.17	  168086
1925.28	  167969
1926.38	  167851
1927.47	  167734
1928.58	  167616
1929.67	  167499
1930.78	  167382
1931.88	  167265
1932.97	  167148
1934.08	  167031
1935.17	  166914
1936.28	  166798
1937.38	  166681
1938.47	  166565
1939.58	  166448
1940.67	  166332
1941.78	  166216
1942.88	  166100
1943.97	  165984
1945.08	  165868
1946.17	  165752
1947.28	  165637
1948.38	  165521
1949.47	  165405
1950.58	  165290
1951.67	  165175
1952.78	  165060
1953.88	  164944
1954.97	  164829
1956.08	  164714
1957.17	  164600
1958.28	  164485
1959.38	  164370
1960.47	  164256
1961.58	  164141
1962.67	  164027
1963.78	  163913
1964.88	  163798
1965.97	  163684
1967.08	  163570
1968.17	  163456
1969.28	  163343
1970.38	  163229
1971.47	  163115
1972.58	  163002
1973.67	  162888
1974.78	  162775
1975.88	  162662
1976.97	  162549
1978.08	  162436
1979.17	  162323
1980.28	  162210
1981.38	  162097
1982.47	  161984
1983.58	  161872
1984.67	  161759
1985.78	  161647
1986.88	  161534
1987.97	  161422
1989.08	  161310
1990.17	  161198
1991.28	  161086
1992.38	  160974
1993.47	  160862
1994.58	  160751
1995.67	  160639
1996.78	  160528
1997.88	  160416
1998.97	  160305
2000.08	  160194
2001.17	  160083
2002.28	  159972
2003.38	  159861
2004.47	  159750
2005.58	  159639
2006.67	  159529
2007.78	  159418
2008.88	  159308
2009.97	  159197
2011.08	  159087
2012.17	  158977
2013.28	  158867
2014.38	  158757
2015.47	  158647
2016.58	  158537
2017.67	  158427
2018.78	  158317
2019.88	  158208
2020.97	  158098
2022.08	  157989
2023.18	  157880
2024.28	  157771
2025.38	  157661
2026.47	  157552
2027.58	  157443
2028.68	  157335
2029.78	  157226
2030.88	  157117
2031.97	  157009
2033.08	  156900
2034.18	  156792
2035.28	  156684
2036.38	  156575
2037.47	  156467
2038.58	  156359
2039.68	  156251
2040.78	  156143
2041.88	  156036
2042.97	  155928
2044.08	  155820
2045.18	  155713
2046.28	  155606
2047.38	  155498
2048.47	  155391
2049.57	  155284
2050.68	  155177
2051.78	  155070
2052.88	  154963
2053.97	  154856
2055.07	  154750
2056.18	  154643
2057.28	  154537
2058.38	  154430
2059.47	  154324
2060.57	  154218
2061.68	  154111
2062.78	  154005
2063.88	  153899
2064.97	  153793
2066.07	  153688
2067.18	  153582
2068.28	  153476
2069.38	  153371
2070.47	  153265
2071.57	  153160
2072.68	  153055
2073.78	  152950
2074.88	  152845
2075.97	  152740
2077.07	  152635
2078.18	  152530
2079.28	  152425
2080.38	  152320
2081.47	  152216
2082.57	  152111
2083.68	  152007
2084.78	  151903
2085.88	  151798
2086.97	  151694
2088.07	  151590
2089.18	  151486
2090.28	  151382
2091.38	  151279
2092.47	  151175
2093.57	  151071
2094.68	  150968
2095.78	  150864
2096.88	  150761
2097.97	  150658
2099.07	  150555
2100.18	  150451
2101.28	  150348
2102.38	  150246
2103.47	  150143
2104.57	  150040
2105.68	  149937
2106.78	  149835
2107.88	  149732
2108.97	  149630
2110.07	  149527
2111.18	  149425
2112.28	  149323
2113.38	  149221
2114.47	  149119
2115.57	  149017
2116.68	  148915
2117.78	  148814
2118.88	  148712
2119.97	  148610
2121.07	  148509
2122.18	  148408
2123.28	  148306
2124.38	  148205
2125.47	  148104
2126.57	  148003
2127.68	  147902
2128.78	  147801
2129.88	  147700
2130.97	  147600
2132.07	  147499
2133.18	  147398
2134.28	  147298
2135.38	  147198
2136.47	  147097
2137.57	  146997
2138.68	  146897
2139.78	  146797
2140.88	  146697
2141.97	  146597
2143.07	  146497
2144.18	  146398
2145.28	  146298
2146.38	  146199
2147.47	  146099
2148.57	  146000
2149.68	  145900
2150.78	  145801
2151.88	  145702
2152.97	  145603
2154.07	  145504
2155.18	  145405
2156.28	  145306
2157.38	  145208
2158.47	  145109
2159.57	  145011
2160.68	  144912
2161.78	  144814
2162.88	  144715
2163.97	  144617
2165.07	  144519
2166.18	  144421
2167.28	  144323
2168.38	  144225
2169.47	  144127
2170.57	  144030
2171.68	  143932
2172.78	  143835
2173.88	  143737
2174.97	  143640
2176.07	  143542
2177.18	  143445
2178.28	  143348
2179.38	  143251
2180.47	  143154
2181.57	  143057
2182.68	  142960
2183.78	  142864
2184.88	  142767
2185.97	  142670
2187.07	  142574
2188.18	  142477
2189.28	  142381
2190.38	  142285
2191.47	  142189
2192.57	  142092
2193.68	  141996
2194.78	  141901
2195.88	  141805
2196.97	  141709
2198.07	  141613
2199.18	  141518
2200.28	  141422
2201.38	  141327
2202.47	  141231
2203.57	  141136
2204.68	  141041
2205.78	  140946
2206.88	  140851
2207.97	  140756
2209.07	  140661
2210.18	  140566
2211.28	  140471
2212.38	  140377
2213.47	  140282
2214.57	  140187
2215.68	  140093
2216.78	  139999
2217.88	  139904
2218.97	  139810
2220.07	  139716
2221.18	  139622
2222.28	  139528
2223.38	  139434
2224.47	  139341
2225.57	  139247
2226.68	  139153
2227.78	  139060
2228.88	  138966
2229.97	  138873
2231.07	  138779
2232.18	  138686
2233.28	  138593
2234.38	  138500
2235.47	  138407
2236.57	  138314
2237.68	  138221
2238.78	  138128
2239.88	  138036
2240.97	  137943
2242.07	  137851
2243.18	  137758
2244.28	  137666
2245.38	  137573
2246.47	  137481
2247.57	  137389
2248.68	  137297
2249.78	  137205
2250.88	  137113
2251.97	  137021
2253.07	  136929
2254.18	  136838
2255.28	  136746
2256.38	  136655
2257.47	  136563
2258.57	  136472
2259.68	  136380
2260.78	  136289
2261.88	  136198
2262.97	  136107
2264.07	  136016
2265.18	  135925
2266.28	  135834
2267.38	  135743
2268.47	  135653
2269.57	  135562
2270.68	  135471
2271.78	  135381
2272.88	  135291
2273.97	  135200
2275.07	  135110
2276.18	  135020
2277.28	  134930
2278.38	  134840
2279.47	  134750
2280.57	  106727
2281.68	  106658
2282.78	  106589
2283.88	  106520
2284.97	  106451
2286.07	  106382
2287.18	  106313
2288.28	  106245
2289.38	  106176
2290.47	  106107
2291.57	  106039
2292.68	  105970
2293.78	  105902
2294.88	  105834
2295.97	  105765
2297.07	  105697
2298.18	  105629
2299.28	  105561
2300.38	  105493
2301.47	  105425
2302.57	  105357
2303.68	  105289
2304.78	  105221
2305.88	  105153
2306.97	  105086
2308.07	  105018
2309.18	  104950
2310.28	  104883
2311.38	  104815
2312.47	  104748
2313.57	  104680
2314.68	  104613
2315.78	  104546
2316.88	  104479
2317.97	  104411
2319.07	  104344
2320.18	  104277
2321.28	  104210
2322.38	  104143
2323.47	  104076
2324.57	  104010
2325.68	  103943
2326.78	  103876
2327.88	  103809
2328.97	  103743
2330.07	  103676
2331.18	  103610
2332.28	  103543
2333.38	  103477
2334.47	  103410
2335.57	  103344
2336.68	  103278
2337.78	  103212
2338.88	  103146
2339.97	  103079
2341.07	  103013
2342.18	  102947
2343.28	  102882
2344.38	  102816
2345.47	  102750
2346.57	  102684
2347.68	  102618
2348.78	  102553
2349.88	  102487
2350.97	  102422
2352.07	  102356
2353.18	  102291
2354.28	  102225
2355.38	  102160
2356.47	  102095
2357.57	  102030
2358.68	  101964
2359.78	  101899
2360.88	  101834
2361.97	  101769
2363.07	  101704
2364.18	  101639
2365.28	  101575
2366.38	  101510
2367.47	  101445
2368.57	  101380
2369.68	  101316
2370.78	  101251
2371.88	  101187
2372.97	  101122
2374.07	  101058
2375.18	  100993
2376.28	  100929
2377.38	  100865
2378.47	  100801
2379.57	  100737
2380.68	  100672
2381.78	  100608
2382.88	  100544
2383.97	  100480
2385.07	  100417
2386.18	  100353
2387.28	  100289
2388.38	  100225
2389.47	  100162
2390.57	  100098
2391.68	  100034
2392.78	  99970.9
2393.88	  99907.4
2394.97	  99844
2396.07	  99780.6
2397.18	  99717.3
2398.28	  99654
2399.38	  99590.8
2400.47	  99527.6
2401.57	  99464.5
2402.68	  99401.5
2403.78	  99338.5
2404.88	  99275.5
2405.97	  99212.6
2407.07	  99149.8
2408.18	  99087
2409.28	  99024.2
2410.38	  98961.5
2411.47	  98898.9
2412.57	  98836.3
2413.68	  98773.7
2414.78	  98711.3
2415.88	  98648.8
2416.97	  98586.4
2418.07	  98524.1
2419.18	  98461.8
2420.28	  98399.6
2421.38	  98337.4
2422.47	  98275.2
2423.57	  98213.2
2424.68	  98151.1
2425.78	  98089.1
2426.88	  98027.2
2427.97	  97965.3
2429.07	  97903.5
2430.18	  97841.7
2431.28	  97780
2432.38	  97718.3
2433.47	  97656.7
2434.57	  97595.1
2435.68	  97533.6
2436.78	  97472.1
2437.88	  97410.7
2438.97	  97349.3
2440.07	  97287.9
2441.18	  97226.7
2442.28	  97165.4
2443.38	  97104.3
2444.47	  97043.1
2445.57	  96982
2446.68	  96921
2447.78	  96860
2448.88	  96799.1
2449.97	  96738.2
2451.07	  96677.4
2452.18	  96616.6
2453.28	  96555.9
2454.38	  96495.2
2455.47	  96434.6
2456.57	  96374
2457.68	  96313.4
2458.78	  96253
2459.88	  96192.5
2460.97	  96132.1
2462.07	  96071.8
2463.18	  96011.5
2464.28	  95951.3
2465.38	  95891.1
2466.47	  95830.9
2467.57	  95770.8
2468.68	  95710.8
2469.78	  95650.8
2470.88	  95590.9
2471.97	  95531
2473.07	  95471.1
2474.18	  95411.3
2475.28	  95351.6
2476.38	  95291.9
2477.47	  95232.2
