Emission arising from a slab of Hydrogen (both H and H-).
   
Parameters of the slab:
n_e = 1e+12 cm-3
T_e = 8250 K
tau(lambda=300 nm) = 1
L = 4.6305e+11 cm
   
Wavelength (nm), Emission (erg s-1 cm-2 nm-1 sr-1)
50	  0.273612
91.2	  2999.05
120	  163156
150	  1.8096e+06
175	  6.6216e+06
200	  1.65099e+07
225	  3.18717e+07
250	  5.14015e+07
270	  6.84094e+07
290	  8.51456e+07
300	  9.30162e+07
305	  9.67683e+07
310	  1.0038e+08
315	  1.03838e+08
320	  1.07133e+08
322.5	  1.08716e+08
325	  1.10255e+08
327	  1.11454e+08
329	  1.12624e+08
329.999	  1.13197e+08
330.266	  1.13349e+08
330.533	  1.135e+08
330.8	  1.13651e+08
331.067	  1.13801e+08
331.334	  1.13951e+08
331.601	  1.141e+08
331.868	  1.14249e+08
332.135	  1.14397e+08
332.402	  1.14545e+08
332.669	  1.14692e+08
332.936	  1.14838e+08
333.203	  1.14984e+08
333.47	  1.1513e+08
333.737	  1.15275e+08
334.004	  1.15419e+08
334.271	  1.15563e+08
334.538	  1.15706e+08
334.805	  1.15849e+08
335.072	  1.15991e+08
335.339	  1.16133e+08
335.606	  1.16274e+08
335.873	  1.16415e+08
336.14	  1.16555e+08
336.407	  1.16694e+08
336.674	  1.16833e+08
336.941	  1.16972e+08
337.208	  1.17109e+08
337.475	  1.17247e+08
337.742	  1.17383e+08
338.009	  1.1752e+08
338.276	  1.17655e+08
338.543	  1.1779e+08
338.81	  1.17925e+08
339.077	  1.18059e+08
339.344	  1.18192e+08
339.611	  1.18325e+08
339.878	  1.18457e+08
340.145	  1.18589e+08
340.412	  1.1872e+08
340.679	  1.18851e+08
340.946	  1.18981e+08
341.213	  1.19111e+08
341.48	  1.1924e+08
341.747	  1.19368e+08
342.014	  1.19496e+08
342.281	  1.19623e+08
342.548	  1.1975e+08
342.815	  1.19876e+08
343.082	  1.20002e+08
343.349	  1.20127e+08
343.616	  1.20252e+08
343.883	  1.20376e+08
344.15	  1.20499e+08
344.417	  1.20622e+08
344.684	  1.20744e+08
344.951	  1.20866e+08
345.218	  1.20987e+08
345.485	  1.21108e+08
345.752	  1.21228e+08
346.019	  1.21347e+08
346.286	  1.21466e+08
346.553	  1.21584e+08
346.82	  1.21702e+08
347.087	  1.21819e+08
347.354	  1.21936e+08
347.621	  1.22052e+08
347.888	  1.22168e+08
348.155	  1.22283e+08
348.422	  1.22397e+08
348.689	  1.22511e+08
348.956	  1.22624e+08
349.223	  1.22737e+08
349.49	  1.22849e+08
349.757	  1.22961e+08
350.024	  1.23072e+08
350.291	  1.23183e+08
350.558	  1.23293e+08
350.825	  1.23402e+08
351.092	  1.23511e+08
351.359	  1.23619e+08
351.626	  1.23727e+08
351.893	  1.23834e+08
352.16	  1.2394e+08
352.427	  1.24046e+08
352.694	  1.24152e+08
352.961	  1.24257e+08
353.228	  1.24361e+08
353.495	  1.24465e+08
353.762	  1.24568e+08
354.029	  1.24671e+08
354.296	  1.24773e+08
354.563	  1.24874e+08
354.83	  1.24975e+08
355.097	  1.25076e+08
355.364	  1.25175e+08
355.631	  1.25275e+08
355.898	  1.25373e+08
356.165	  1.25472e+08
356.432	  1.25569e+08
356.699	  1.25666e+08
356.966	  1.25763e+08
357.233	  1.25859e+08
357.5	  1.25954e+08
357.767	  1.26049e+08
358.034	  1.26143e+08
358.301	  1.26237e+08
358.568	  1.2633e+08
358.835	  1.26422e+08
359.102	  1.26514e+08
359.369	  1.26606e+08
359.636	  1.26697e+08
359.903	  1.26787e+08
360.17	  1.26877e+08
360.437	  1.26966e+08
360.704	  1.27055e+08
360.971	  1.27143e+08
361.238	  1.2723e+08
361.505	  1.27317e+08
361.772	  1.27404e+08
362.039	  1.2749e+08
362.306	  1.27575e+08
362.573	  1.2766e+08
363	  1.27794e+08
363.027	  1.27803e+08
363.054	  1.27811e+08
363.08	  1.27819e+08
363.107	  1.27828e+08
363.134	  1.27836e+08
363.16	  1.27845e+08
363.187	  1.27853e+08
363.214	  1.27861e+08
363.24	  1.27869e+08
363.267	  1.27878e+08
363.294	  1.27886e+08
363.321	  1.27894e+08
363.347	  1.27903e+08
363.374	  1.27911e+08
363.401	  1.27919e+08
363.427	  1.27928e+08
363.454	  1.27936e+08
363.481	  1.27944e+08
363.508	  1.27952e+08
363.534	  1.27961e+08
363.561	  1.27969e+08
363.588	  1.27977e+08
363.614	  1.27985e+08
363.641	  1.27994e+08
363.668	  1.28002e+08
363.694	  1.2801e+08
363.721	  1.28018e+08
363.748	  1.28026e+08
363.774	  1.28035e+08
363.801	  1.28043e+08
363.828	  1.28051e+08
363.855	  1.28059e+08
363.881	  1.28067e+08
363.908	  1.28076e+08
363.935	  1.28084e+08
363.961	  1.28092e+08
363.988	  1.281e+08
364.015	  1.28108e+08
364.041	  1.28116e+08
364.068	  1.28125e+08
364.095	  1.28133e+08
364.122	  1.28141e+08
364.148	  1.28149e+08
364.175	  1.28157e+08
364.202	  1.28165e+08
364.228	  1.28173e+08
364.255	  1.28181e+08
364.282	  1.28189e+08
364.308	  1.28198e+08
364.335	  1.28206e+08
364.362	  1.28214e+08
364.389	  1.28222e+08
364.415	  1.2823e+08
364.442	  1.28238e+08
364.469	  1.28246e+08
364.495	  1.28254e+08
364.522	  1.28262e+08
364.549	  1.2827e+08
364.575	  1.28278e+08
364.602	  1.28286e+08
364.629	  1.28294e+08
364.656	  1.28302e+08
364.682	  1.2831e+08
364.709	  1.28318e+08
364.736	  8.53931e+06
364.762	  8.54094e+06
364.789	  8.54257e+06
364.816	  8.54421e+06
364.842	  8.54584e+06
364.869	  8.54747e+06
364.896	  8.5491e+06
364.923	  8.55074e+06
364.949	  8.55237e+06
364.976	  8.554e+06
365.003	  8.55563e+06
365.029	  8.55727e+06
365.056	  8.5589e+06
365.083	  8.56053e+06
365.11	  8.56217e+06
365.136	  8.5638e+06
365.163	  8.56543e+06
365.19	  8.56706e+06
365.216	  8.5687e+06
365.243	  8.57033e+06
365.27	  8.57196e+06
365.296	  8.57359e+06
365.323	  8.57522e+06
365.35	  8.57686e+06
365.377	  8.57849e+06
365.403	  8.58012e+06
365.43	  8.58175e+06
365.457	  8.58338e+06
365.483	  8.58502e+06
365.51	  8.58665e+06
365.537	  8.58828e+06
365.563	  8.58991e+06
365.59	  8.59154e+06
365.617	  8.59318e+06
365.643	  8.59481e+06
365.67	  8.59644e+06
365.697	  8.59807e+06
365.724	  8.5997e+06
365.75	  8.60134e+06
365.777	  8.60297e+06
365.804	  8.6046e+06
365.83	  8.60623e+06
365.857	  8.60786e+06
365.884	  8.60949e+06
365.91	  8.61112e+06
365.937	  8.61275e+06
365.964	  8.61439e+06
365.991	  8.61602e+06
365.991	  8.61602e+06
366.258	  8.63233e+06
366.525	  8.64863e+06
366.792	  8.66494e+06
367.059	  8.68123e+06
367.326	  8.69753e+06
367.593	  8.71382e+06
367.86	  8.7301e+06
368.127	  8.74638e+06
368.394	  8.76266e+06
368.661	  8.77893e+06
368.928	  8.7952e+06
369.195	  8.81146e+06
369.462	  8.82772e+06
369.729	  8.84397e+06
369.996	  8.86023e+06
370.263	  8.87647e+06
370.53	  8.89271e+06
370.797	  8.90894e+06
371.064	  8.92517e+06
371.331	  8.94139e+06
371.598	  8.95761e+06
371.865	  8.97383e+06
372.132	  8.99004e+06
372.399	  9.00624e+06
372.666	  9.02244e+06
372.933	  9.03863e+06
373.2	  9.05482e+06
373.467	  9.071e+06
373.734	  9.08717e+06
374.001	  9.10334e+06
374.268	  9.11951e+06
374.535	  9.13567e+06
374.802	  9.15182e+06
375.069	  9.16797e+06
375.336	  9.18411e+06
375.603	  9.20025e+06
375.87	  9.21638e+06
376.137	  9.2325e+06
376.404	  9.24862e+06
376.671	  9.26473e+06
376.938	  9.28083e+06
377.205	  9.29693e+06
377.472	  9.31303e+06
377.739	  9.32911e+06
378.006	  9.34519e+06
378.273	  9.36127e+06
378.54	  9.37733e+06
378.807	  9.39339e+06
379.074	  9.40945e+06
379.341	  9.4255e+06
379.608	  9.44154e+06
379.875	  9.45757e+06
380.142	  9.4736e+06
380.409	  9.48962e+06
380.676	  9.50563e+06
380.943	  9.52164e+06
381.21	  9.53764e+06
381.477	  9.55363e+06
381.744	  9.56962e+06
382.011	  9.58559e+06
382.278	  9.60157e+06
382.545	  9.61753e+06
382.812	  9.63348e+06
383.079	  9.64943e+06
383.346	  9.66538e+06
383.613	  9.68131e+06
383.88	  9.69724e+06
384.147	  9.71316e+06
384.414	  9.72907e+06
384.681	  9.74497e+06
384.948	  9.76087e+06
385.215	  9.77676e+06
385.482	  9.79264e+06
385.749	  9.80851e+06
386.016	  9.82438e+06
386.283	  9.84023e+06
386.55	  9.85608e+06
386.817	  9.87193e+06
387.084	  9.88776e+06
387.351	  9.90358e+06
387.618	  9.9194e+06
387.885	  9.93521e+06
388.152	  9.95101e+06
388.419	  9.9668e+06
388.686	  9.98259e+06
388.953	  9.99836e+06
389.22	  1.00141e+07
389.487	  1.00299e+07
389.754	  1.00456e+07
390.021	  1.00614e+07
390.288	  1.00771e+07
390.555	  1.00928e+07
390.822	  1.01086e+07
391.089	  1.01243e+07
391.356	  1.014e+07
391.623	  1.01556e+07
391.89	  1.01713e+07
392.157	  1.0187e+07
392.424	  1.02027e+07
392.691	  1.02183e+07
392.958	  1.0234e+07
393.225	  1.02496e+07
393.492	  1.02652e+07
393.759	  1.02808e+07
394.026	  1.02965e+07
394.293	  1.03121e+07
394.56	  1.03276e+07
394.827	  1.03432e+07
395.094	  1.03588e+07
395.361	  1.03744e+07
395.628	  1.03899e+07
395.895	  1.04054e+07
396.162	  1.0421e+07
396.429	  1.04365e+07
396.696	  1.0452e+07
396.963	  1.04675e+07
397.23	  1.0483e+07
397.497	  1.04985e+07
397.764	  1.0514e+07
398.031	  1.05294e+07
398.298	  1.05449e+07
398.565	  1.05603e+07
398.832	  1.05758e+07
399.099	  1.05912e+07
399.366	  1.06066e+07
399.633	  1.0622e+07
399.9	  1.06374e+07
400.167	  1.06528e+07
400.434	  1.06682e+07
400.701	  1.06835e+07
400.968	  1.06989e+07
401.235	  1.07142e+07
401.502	  1.07296e+07
401.769	  1.07449e+07
402.036	  1.07602e+07
402.303	  1.07755e+07
402.57	  1.07908e+07
402.837	  1.08061e+07
403.104	  1.08214e+07
403.371	  1.08366e+07
403.638	  1.08519e+07
403.905	  1.08671e+07
404.172	  1.08823e+07
404.439	  1.08976e+07
404.706	  1.09128e+07
404.973	  1.0928e+07
405.24	  1.09431e+07
405.507	  1.09583e+07
405.774	  1.09735e+07
406.041	  1.09886e+07
406.308	  1.10038e+07
406.575	  1.10189e+07
406.842	  1.1034e+07
407.109	  1.10491e+07
407.376	  1.10642e+07
407.643	  1.10793e+07
407.91	  1.10944e+07
408.177	  1.11095e+07
408.444	  1.11245e+07
408.711	  1.11396e+07
408.978	  1.11546e+07
409.245	  1.11696e+07
409.512	  1.11846e+07
409.779	  1.11996e+07
410.046	  1.12146e+07
410.313	  1.12296e+07
410.58	  1.12445e+07
410.847	  1.12595e+07
411.114	  1.12744e+07
411.381	  1.12893e+07
411.648	  1.13042e+07
411.915	  1.13191e+07
412.182	  1.1334e+07
412.449	  1.13489e+07
412.716	  1.13638e+07
412.983	  1.13786e+07
413.25	  1.13935e+07
413.517	  1.14083e+07
413.784	  1.14231e+07
414.051	  1.14379e+07
414.318	  1.14527e+07
414.585	  1.14675e+07
414.852	  1.14823e+07
415.119	  1.1497e+07
415.386	  1.15118e+07
415.653	  1.15265e+07
415.92	  1.15413e+07
416.187	  1.1556e+07
416.454	  1.15707e+07
416.721	  1.15853e+07
416.988	  1.16e+07
417.255	  1.16147e+07
417.522	  1.16293e+07
417.789	  1.1644e+07
418.056	  1.16586e+07
418.323	  1.16732e+07
418.59	  1.16878e+07
418.857	  1.17024e+07
419.124	  1.1717e+07
419.391	  1.17315e+07
419.658	  1.17461e+07
419.925	  1.17606e+07
420.192	  1.17751e+07
420.459	  1.17896e+07
420.726	  1.18041e+07
420.993	  1.18186e+07
421.26	  1.18331e+07
421.527	  1.18476e+07
421.794	  1.1862e+07
422.061	  1.18764e+07
422.328	  1.18909e+07
422.595	  1.19053e+07
422.862	  1.19197e+07
423.129	  1.1934e+07
423.396	  1.19484e+07
423.663	  1.19628e+07
423.93	  1.19771e+07
424.197	  1.19914e+07
424.464	  1.20058e+07
424.731	  1.20201e+07
424.998	  1.20343e+07
425.265	  1.20486e+07
425.532	  1.20629e+07
425.799	  1.20771e+07
426.066	  1.20914e+07
426.333	  1.21056e+07
426.6	  1.21198e+07
426.867	  1.2134e+07
427.134	  1.21482e+07
427.401	  1.21624e+07
427.668	  1.21765e+07
427.935	  1.21907e+07
428.202	  1.22048e+07
428.469	  1.22189e+07
428.736	  1.2233e+07
429.003	  1.22471e+07
429.27	  1.22612e+07
429.537	  1.22752e+07
429.804	  1.22893e+07
430.071	  1.23033e+07
430.338	  1.23173e+07
430.605	  1.23314e+07
430.872	  1.23453e+07
431.139	  1.23593e+07
431.406	  1.23733e+07
431.673	  1.23872e+07
431.94	  1.24012e+07
432.207	  1.24151e+07
432.474	  1.2429e+07
432.741	  1.24429e+07
433.008	  1.24568e+07
433.275	  1.24707e+07
433.542	  1.24845e+07
433.809	  1.24984e+07
434.076	  1.25122e+07
434.343	  1.2526e+07
434.61	  1.25398e+07
434.877	  1.25536e+07
435.144	  1.25674e+07
435.411	  1.25811e+07
435.678	  1.25949e+07
435.945	  1.26086e+07
436.212	  1.26223e+07
436.479	  1.2636e+07
436.746	  1.26497e+07
437.013	  1.26634e+07
437.28	  1.2677e+07
437.547	  1.26907e+07
437.814	  1.27043e+07
438.081	  1.27179e+07
438.348	  1.27315e+07
438.615	  1.27451e+07
438.882	  1.27587e+07
439.149	  1.27722e+07
439.416	  1.27858e+07
439.683	  1.27993e+07
439.95	  1.28128e+07
440.217	  1.28263e+07
440.484	  1.28398e+07
440.751	  1.28532e+07
441.018	  1.28667e+07
441.285	  1.28801e+07
441.552	  1.28936e+07
441.819	  1.2907e+07
442.086	  1.29204e+07
442.353	  1.29338e+07
442.62	  1.29471e+07
442.887	  1.29605e+07
443.154	  1.29738e+07
443.421	  1.29871e+07
443.688	  1.30004e+07
443.955	  1.30137e+07
444.222	  1.3027e+07
444.489	  1.30403e+07
444.756	  1.30535e+07
445.023	  1.30668e+07
445.29	  1.308e+07
445.557	  1.30932e+07
445.824	  1.31064e+07
446.091	  1.31196e+07
446.358	  1.31327e+07
446.625	  1.31459e+07
446.892	  1.3159e+07
447.159	  1.31721e+07
447.426	  1.31852e+07
447.693	  1.31983e+07
447.96	  1.32114e+07
448.227	  1.32244e+07
448.494	  1.32375e+07
448.761	  1.32505e+07
449.028	  1.32635e+07
449.295	  1.32765e+07
449.562	  1.32895e+07
449.829	  1.33024e+07
450.096	  1.33154e+07
450.363	  1.33283e+07
450.63	  1.33412e+07
450.897	  1.33541e+07
451.164	  1.3367e+07
451.431	  1.33799e+07
451.698	  1.33928e+07
451.965	  1.34056e+07
452.232	  1.34184e+07
452.499	  1.34312e+07
452.766	  1.3444e+07
453.033	  1.34568e+07
453.3	  1.34696e+07
453.567	  1.34823e+07
453.834	  1.34951e+07
454.101	  1.35078e+07
454.368	  1.35205e+07
454.635	  1.35332e+07
454.902	  1.35458e+07
455.169	  1.35585e+07
455.436	  1.35711e+07
455.703	  1.35838e+07
455.97	  1.35964e+07
456.237	  1.3609e+07
456.504	  1.36216e+07
456.771	  1.36341e+07
457.038	  1.36467e+07
457.305	  1.36592e+07
457.572	  1.36717e+07
457.839	  1.36842e+07
458.106	  1.36967e+07
458.373	  1.37092e+07
458.64	  1.37216e+07
458.907	  1.37341e+07
459.174	  1.37465e+07
459.441	  1.37589e+07
459.708	  1.37713e+07
459.975	  1.37837e+07
460.242	  1.37961e+07
460.509	  1.38084e+07
460.776	  1.38207e+07
461.043	  1.3833e+07
461.31	  1.38453e+07
461.577	  1.38576e+07
461.844	  1.38699e+07
462.111	  1.38821e+07
462.378	  1.38944e+07
462.645	  1.39066e+07
462.912	  1.39188e+07
463.179	  1.3931e+07
463.446	  1.39432e+07
463.713	  1.39553e+07
463.98	  1.39675e+07
464.247	  1.39796e+07
464.514	  1.39917e+07
464.781	  1.40038e+07
465.048	  1.40159e+07
465.315	  1.40279e+07
465.582	  1.404e+07
465.849	  1.4052e+07
466.116	  1.4064e+07
466.383	  1.4076e+07
466.65	  1.4088e+07
466.917	  1.41e+07
467.184	  1.41119e+07
467.451	  1.41238e+07
467.718	  1.41358e+07
467.985	  1.41477e+07
468.252	  1.41595e+07
468.519	  1.41714e+07
468.786	  1.41833e+07
469.053	  1.41951e+07
469.32	  1.42069e+07
469.587	  1.42187e+07
469.854	  1.42305e+07
470.121	  1.42423e+07
470.388	  1.42541e+07
470.655	  1.42658e+07
470.922	  1.42775e+07
471.189	  1.42892e+07
471.456	  1.43009e+07
471.723	  1.43126e+07
471.99	  1.43243e+07
472.257	  1.43359e+07
472.524	  1.43475e+07
472.791	  1.43591e+07
473.058	  1.43707e+07
473.325	  1.43823e+07
473.592	  1.43939e+07
473.859	  1.44054e+07
474.126	  1.4417e+07
474.393	  1.44285e+07
474.66	  1.444e+07
474.927	  1.44514e+07
475.194	  1.44629e+07
475.461	  1.44744e+07
475.728	  1.44858e+07
475.995	  1.44972e+07
476.262	  1.45086e+07
476.529	  1.452e+07
476.796	  1.45314e+07
477.063	  1.45427e+07
477.33	  1.45541e+07
477.597	  1.45654e+07
477.864	  1.45767e+07
478.131	  1.4588e+07
478.398	  1.45992e+07
478.665	  1.46105e+07
478.932	  1.46217e+07
479.199	  1.46329e+07
479.466	  1.46441e+07
479.733	  1.46553e+07
480	  1.46665e+07
480.267	  1.46777e+07
480.534	  1.46888e+07
480.801	  1.46999e+07
481.068	  1.4711e+07
481.335	  1.47221e+07
481.602	  1.47332e+07
481.869	  1.47443e+07
482.136	  1.47553e+07
482.403	  1.47663e+07
482.67	  1.47773e+07
482.937	  1.47883e+07
483.204	  1.47993e+07
483.471	  1.48103e+07
483.738	  1.48212e+07
484.005	  1.48321e+07
484.272	  1.4843e+07
484.539	  1.48539e+07
484.806	  1.48648e+07
485.073	  1.48757e+07
485.34	  1.48865e+07
485.607	  1.48973e+07
485.874	  1.49081e+07
486.141	  1.49189e+07
486.408	  1.49297e+07
486.675	  1.49405e+07
486.942	  1.49512e+07
487.209	  1.49619e+07
487.476	  1.49727e+07
487.743	  1.49833e+07
488.01	  1.4994e+07
488.277	  1.50047e+07
488.544	  1.50153e+07
488.811	  1.5026e+07
489.078	  1.50366e+07
489.345	  1.50472e+07
489.612	  1.50577e+07
489.879	  1.50683e+07
490.146	  1.50789e+07
490.413	  1.50894e+07
490.68	  1.50999e+07
490.947	  1.51104e+07
491.214	  1.51209e+07
491.481	  1.51313e+07
491.748	  1.51418e+07
492.015	  1.51522e+07
492.282	  1.51626e+07
492.549	  1.5173e+07
492.816	  1.51834e+07
493.083	  1.51938e+07
493.35	  1.52041e+07
493.617	  1.52144e+07
493.884	  1.52248e+07
494.151	  1.52351e+07
494.418	  1.52453e+07
494.685	  1.52556e+07
494.952	  1.52659e+07
495.219	  1.52761e+07
495.486	  1.52863e+07
495.753	  1.52965e+07
496.02	  1.53067e+07
496.287	  1.53168e+07
496.554	  1.5327e+07
496.821	  1.53371e+07
497.088	  1.53472e+07
497.355	  1.53573e+07
497.622	  1.53674e+07
497.889	  1.53775e+07
498.156	  1.53875e+07
498.423	  1.53976e+07
498.69	  1.54076e+07
498.957	  1.54176e+07
499.224	  1.54276e+07
499.491	  1.54375e+07
499.758	  1.54475e+07
500.025	  1.54574e+07
500.292	  1.54673e+07
500.559	  1.54772e+07
500.826	  1.54871e+07
501.093	  1.5497e+07
501.36	  1.55068e+07
501.627	  1.55166e+07
501.894	  1.55265e+07
502.161	  1.55363e+07
502.428	  1.5546e+07
502.695	  1.55558e+07
502.962	  1.55656e+07
503.229	  1.55753e+07
503.496	  1.5585e+07
503.763	  1.55947e+07
504.03	  1.56044e+07
504.297	  1.56141e+07
504.564	  1.56237e+07
504.831	  1.56333e+07
505.098	  1.5643e+07
505.365	  1.56526e+07
505.632	  1.56621e+07
505.899	  1.56717e+07
506.166	  1.56813e+07
506.433	  1.56908e+07
506.7	  1.57003e+07
506.967	  1.57098e+07
507.234	  1.57193e+07
507.501	  1.57287e+07
507.768	  1.57382e+07
508.035	  1.57476e+07
508.302	  1.5757e+07
508.569	  1.57664e+07
508.836	  1.57758e+07
509.103	  1.57852e+07
509.37	  1.57945e+07
509.637	  1.58039e+07
509.904	  1.58132e+07
510.171	  1.58225e+07
510.438	  1.58318e+07
510.705	  1.5841e+07
510.972	  1.58503e+07
511.239	  1.58595e+07
511.506	  1.58687e+07
511.773	  1.5878e+07
512.04	  1.58871e+07
512.307	  1.58963e+07
512.574	  1.59055e+07
512.841	  1.59146e+07
513.108	  1.59237e+07
513.375	  1.59328e+07
513.642	  1.59419e+07
513.909	  1.5951e+07
514.176	  1.596e+07
514.443	  1.5969e+07
514.71	  1.59781e+07
514.977	  1.59871e+07
515.244	  1.5996e+07
515.511	  1.6005e+07
515.778	  1.6014e+07
516.045	  1.60229e+07
516.312	  1.60318e+07
516.579	  1.60407e+07
516.846	  1.60496e+07
517.113	  1.60585e+07
517.38	  1.60673e+07
517.647	  1.60762e+07
517.914	  1.6085e+07
518.181	  1.60938e+07
518.448	  1.61026e+07
518.715	  1.61113e+07
518.982	  1.61201e+07
519.249	  1.61288e+07
519.516	  1.61375e+07
519.783	  1.61463e+07
520.05	  1.61549e+07
520.317	  1.61636e+07
520.584	  1.61723e+07
520.851	  1.61809e+07
521.118	  1.61895e+07
521.385	  1.61981e+07
521.652	  1.62067e+07
521.919	  1.62153e+07
522.186	  1.62238e+07
522.453	  1.62324e+07
522.72	  1.62409e+07
522.987	  1.62494e+07
523.254	  1.62579e+07
523.521	  1.62664e+07
523.788	  1.62748e+07
524.055	  1.62833e+07
524.322	  1.62917e+07
524.589	  1.63001e+07
524.856	  1.63085e+07
525.123	  1.63168e+07
525.39	  1.63252e+07
525.657	  1.63335e+07
525.924	  1.63419e+07
526.191	  1.63502e+07
526.458	  1.63585e+07
526.725	  1.63667e+07
526.992	  1.6375e+07
527.259	  1.63832e+07
527.526	  1.63915e+07
527.793	  1.63997e+07
528.06	  1.64079e+07
528.327	  1.6416e+07
528.594	  1.64242e+07
528.861	  1.64323e+07
529.128	  1.64405e+07
529.395	  1.64486e+07
529.662	  1.64567e+07
529.929	  1.64648e+07
530.196	  1.64728e+07
530.463	  1.64809e+07
530.73	  1.64889e+07
530.997	  1.64969e+07
531.264	  1.65049e+07
531.531	  1.65129e+07
531.798	  1.65208e+07
532.065	  1.65288e+07
532.332	  1.65367e+07
532.599	  1.65446e+07
532.866	  1.65525e+07
533.133	  1.65604e+07
533.4	  1.65683e+07
533.667	  1.65761e+07
533.934	  1.6584e+07
534.201	  1.65918e+07
534.468	  1.65996e+07
534.735	  1.66074e+07
535.002	  1.66151e+07
535.269	  1.66229e+07
535.536	  1.66306e+07
535.803	  1.66383e+07
536.07	  1.6646e+07
536.337	  1.66537e+07
536.604	  1.66614e+07
536.871	  1.6669e+07
537.138	  1.66767e+07
537.405	  1.66843e+07
537.672	  1.66919e+07
537.939	  1.66995e+07
538.206	  1.67071e+07
538.473	  1.67146e+07
538.74	  1.67221e+07
539.007	  1.67297e+07
539.274	  1.67372e+07
539.541	  1.67447e+07
539.808	  1.67521e+07
540.075	  1.67596e+07
540.342	  1.6767e+07
540.609	  1.67745e+07
540.876	  1.67819e+07
541.143	  1.67893e+07
541.41	  1.67967e+07
541.677	  1.6804e+07
541.944	  1.68114e+07
542.211	  1.68187e+07
542.478	  1.6826e+07
542.745	  1.68333e+07
543.012	  1.68406e+07
543.279	  1.68478e+07
543.546	  1.68551e+07
543.813	  1.68623e+07
544.08	  1.68695e+07
544.347	  1.68767e+07
544.614	  1.68839e+07
544.881	  1.68911e+07
545.148	  1.68983e+07
545.415	  1.69054e+07
545.682	  1.69125e+07
545.949	  1.69196e+07
546.216	  1.69267e+07
546.483	  1.69338e+07
546.75	  1.69408e+07
547.017	  1.69479e+07
547.284	  1.69549e+07
547.551	  1.69619e+07
547.818	  1.69689e+07
548.085	  1.69759e+07
548.352	  1.69828e+07
548.619	  1.69898e+07
548.886	  1.69967e+07
549.153	  1.70036e+07
549.42	  1.70105e+07
549.687	  1.70174e+07
549.954	  1.70243e+07
550.221	  1.70311e+07
550.488	  1.70379e+07
550.755	  1.70448e+07
551.022	  1.70516e+07
551.289	  1.70583e+07
551.556	  1.70651e+07
551.823	  1.70719e+07
552.09	  1.70786e+07
552.357	  1.70853e+07
552.624	  1.7092e+07
552.891	  1.70987e+07
553.158	  1.71054e+07
553.425	  1.71121e+07
553.692	  1.71187e+07
553.959	  1.71253e+07
554.226	  1.71319e+07
554.493	  1.71385e+07
554.76	  1.71451e+07
555.027	  1.71517e+07
555.294	  1.71582e+07
555.561	  1.71648e+07
555.828	  1.71713e+07
556.095	  1.71778e+07
556.362	  1.71843e+07
556.629	  1.71907e+07
556.896	  1.71972e+07
557.163	  1.72036e+07
557.43	  1.721e+07
557.697	  1.72164e+07
557.964	  1.72228e+07
558.231	  1.72292e+07
558.498	  1.72356e+07
558.765	  1.72419e+07
559.032	  1.72482e+07
559.299	  1.72546e+07
559.566	  1.72608e+07
560.009	  1.72713e+07
560.296	  1.7278e+07
560.583	  1.72847e+07
560.87	  1.72914e+07
561.157	  1.72981e+07
561.444	  1.73047e+07
561.731	  1.73113e+07
562.018	  1.73179e+07
562.305	  1.73245e+07
562.592	  1.73311e+07
562.879	  1.73377e+07
563.166	  1.73442e+07
563.453	  1.73508e+07
563.74	  1.73573e+07
564.027	  1.73638e+07
564.314	  1.73702e+07
564.601	  1.73767e+07
564.888	  1.73831e+07
565.175	  1.73895e+07
565.462	  1.73959e+07
565.749	  1.74023e+07
566.036	  1.74087e+07
566.323	  1.7415e+07
566.61	  1.74214e+07
566.897	  1.74277e+07
567.184	  1.7434e+07
567.471	  1.74402e+07
567.758	  1.74465e+07
568.045	  1.74527e+07
568.332	  1.7459e+07
568.619	  1.74652e+07
568.906	  1.74713e+07
569.193	  1.74775e+07
569.48	  1.74837e+07
569.767	  1.74898e+07
570.054	  1.74959e+07
570.341	  1.7502e+07
570.628	  1.75081e+07
570.915	  1.75142e+07
571.202	  1.75202e+07
571.489	  1.75262e+07
571.776	  1.75322e+07
572.063	  1.75382e+07
572.35	  1.75442e+07
572.637	  1.75502e+07
572.924	  1.75561e+07
573.211	  1.7562e+07
573.498	  1.75679e+07
573.785	  1.75738e+07
574.072	  1.75797e+07
574.359	  1.75856e+07
574.646	  1.75914e+07
574.933	  1.75972e+07
575.22	  1.7603e+07
575.507	  1.76088e+07
575.794	  1.76146e+07
576.081	  1.76203e+07
576.368	  1.7626e+07
576.655	  1.76317e+07
576.942	  1.76374e+07
577.229	  1.76431e+07
577.516	  1.76488e+07
577.803	  1.76544e+07
578.09	  1.76601e+07
578.377	  1.76657e+07
578.664	  1.76713e+07
578.951	  1.76768e+07
579.238	  1.76824e+07
579.525	  1.76879e+07
579.812	  1.76935e+07
580.099	  1.7699e+07
580.386	  1.77044e+07
580.673	  1.77099e+07
580.96	  1.77154e+07
581.247	  1.77208e+07
581.534	  1.77262e+07
581.821	  1.77316e+07
582.108	  1.7737e+07
582.395	  1.77424e+07
582.682	  1.77477e+07
582.969	  1.77531e+07
583.256	  1.77584e+07
583.543	  1.77637e+07
583.83	  1.7769e+07
584.117	  1.77742e+07
584.404	  1.77795e+07
584.691	  1.77847e+07
584.978	  1.77899e+07
585.265	  1.77951e+07
585.552	  1.78003e+07
585.839	  1.78055e+07
586.126	  1.78106e+07
586.413	  1.78158e+07
586.7	  1.78209e+07
586.987	  1.7826e+07
587.274	  1.7831e+07
587.561	  1.78361e+07
587.848	  1.78412e+07
588.135	  1.78462e+07
588.422	  1.78512e+07
588.709	  1.78562e+07
588.996	  1.78612e+07
589.283	  1.78661e+07
589.57	  1.78711e+07
589.857	  1.7876e+07
590.144	  1.78809e+07
590.431	  1.78858e+07
590.718	  1.78907e+07
591.005	  1.78955e+07
591.292	  1.79004e+07
591.579	  1.79052e+07
591.866	  1.791e+07
592.153	  1.79148e+07
592.44	  1.79196e+07
592.727	  1.79244e+07
593.014	  1.79291e+07
593.301	  1.79338e+07
593.588	  1.79385e+07
593.875	  1.79432e+07
594.162	  1.79479e+07
594.449	  1.79526e+07
594.736	  1.79572e+07
595.023	  1.79618e+07
595.31	  1.79665e+07
595.597	  1.79711e+07
595.884	  1.79756e+07
596.171	  1.79802e+07
596.458	  1.79847e+07
596.745	  1.79893e+07
597.032	  1.79938e+07
597.319	  1.79983e+07
597.606	  1.80028e+07
597.893	  1.80072e+07
598.18	  1.80117e+07
598.467	  1.80161e+07
598.754	  1.80205e+07
599.041	  1.80249e+07
599.328	  1.80293e+07
599.615	  1.80337e+07
599.902	  1.8038e+07
600.189	  1.80423e+07
600.476	  1.80467e+07
600.763	  1.8051e+07
601.05	  1.80552e+07
601.337	  1.80595e+07
601.624	  1.80638e+07
601.911	  1.8068e+07
602.198	  1.80722e+07
602.485	  1.80764e+07
602.772	  1.80806e+07
603.059	  1.80848e+07
603.346	  1.80889e+07
603.633	  1.80931e+07
603.92	  1.80972e+07
604.207	  1.81013e+07
604.494	  1.81054e+07
604.781	  1.81095e+07
605.068	  1.81135e+07
605.355	  1.81176e+07
605.642	  1.81216e+07
605.929	  1.81256e+07
606.216	  1.81296e+07
606.503	  1.81336e+07
606.79	  1.81375e+07
607.077	  1.81415e+07
607.364	  1.81454e+07
607.651	  1.81493e+07
607.938	  1.81532e+07
608.225	  1.81571e+07
608.512	  1.8161e+07
608.799	  1.81648e+07
609.086	  1.81687e+07
609.373	  1.81725e+07
609.66	  1.81763e+07
609.947	  1.81801e+07
610.234	  1.81838e+07
610.521	  1.81876e+07
610.808	  1.81913e+07
611.095	  1.81951e+07
611.382	  1.81988e+07
611.669	  1.82025e+07
611.956	  1.82061e+07
612.243	  1.82098e+07
612.53	  1.82134e+07
612.817	  1.82171e+07
613.104	  1.82207e+07
613.391	  1.82243e+07
613.678	  1.82279e+07
613.965	  1.82314e+07
614.252	  1.8235e+07
614.539	  1.82385e+07
614.826	  1.8242e+07
615.113	  1.82456e+07
615.4	  1.8249e+07
615.687	  1.82525e+07
615.974	  1.8256e+07
616.261	  1.82594e+07
616.548	  1.82628e+07
616.835	  1.82663e+07
617.122	  1.82697e+07
617.409	  1.8273e+07
617.696	  1.82764e+07
617.983	  1.82798e+07
618.27	  1.82831e+07
618.557	  1.82864e+07
618.844	  1.82897e+07
619.131	  1.8293e+07
619.418	  1.82963e+07
619.705	  1.82995e+07
619.992	  1.83028e+07
620.279	  1.8306e+07
620.566	  1.83092e+07
620.853	  1.83124e+07
621.14	  1.83156e+07
621.427	  1.83188e+07
621.714	  1.83219e+07
622.001	  1.83251e+07
622.288	  1.83282e+07
622.575	  1.83313e+07
622.862	  1.83344e+07
623.149	  1.83375e+07
623.436	  1.83405e+07
623.723	  1.83436e+07
624.01	  1.83466e+07
624.297	  1.83496e+07
624.584	  1.83526e+07
624.871	  1.83556e+07
625.158	  1.83586e+07
625.445	  1.83615e+07
625.732	  1.83645e+07
626.019	  1.83674e+07
626.306	  1.83703e+07
626.593	  1.83732e+07
626.88	  1.83761e+07
627.167	  1.8379e+07
627.454	  1.83818e+07
627.741	  1.83846e+07
628.028	  1.83875e+07
628.315	  1.83903e+07
628.602	  1.83931e+07
628.889	  1.83958e+07
629.176	  1.83986e+07
629.463	  1.84014e+07
629.75	  1.84041e+07
630.037	  1.84068e+07
630.324	  1.84095e+07
630.611	  1.84122e+07
630.898	  1.84149e+07
631.185	  1.84175e+07
631.472	  1.84202e+07
631.759	  1.84228e+07
632.046	  1.84254e+07
632.333	  1.8428e+07
632.62	  1.84306e+07
632.907	  1.84332e+07
633.194	  1.84357e+07
633.481	  1.84383e+07
633.768	  1.84408e+07
634.055	  1.84433e+07
634.342	  1.84458e+07
634.629	  1.84483e+07
634.916	  1.84508e+07
635.203	  1.84532e+07
635.49	  1.84557e+07
635.777	  1.84581e+07
636.064	  1.84605e+07
636.351	  1.84629e+07
636.638	  1.84653e+07
636.925	  1.84677e+07
637.212	  1.847e+07
637.499	  1.84724e+07
637.786	  1.84747e+07
638.073	  1.8477e+07
638.36	  1.84793e+07
638.647	  1.84816e+07
638.934	  1.84838e+07
639.221	  1.84861e+07
639.508	  1.84883e+07
639.795	  1.84906e+07
640.082	  1.84928e+07
640.369	  1.8495e+07
640.656	  1.84972e+07
640.943	  1.84993e+07
641.23	  1.85015e+07
641.517	  1.85036e+07
641.804	  1.85058e+07
642.091	  1.85079e+07
642.378	  1.851e+07
642.665	  1.8512e+07
642.952	  1.85141e+07
643.239	  1.85162e+07
643.526	  1.85182e+07
643.813	  1.85202e+07
644.1	  1.85223e+07
644.387	  1.85243e+07
644.674	  1.85262e+07
644.961	  1.85282e+07
645.248	  1.85302e+07
645.535	  1.85321e+07
645.822	  1.85341e+07
646.109	  1.8536e+07
646.396	  1.85379e+07
646.683	  1.85398e+07
646.97	  1.85416e+07
647.257	  1.85435e+07
647.544	  1.85453e+07
647.831	  1.85472e+07
648.118	  1.8549e+07
648.405	  1.85508e+07
648.692	  1.85526e+07
648.979	  1.85544e+07
649.266	  1.85561e+07
649.553	  1.85579e+07
649.84	  1.85596e+07
650.127	  1.85614e+07
650.414	  1.85631e+07
650.701	  1.85648e+07
650.988	  1.85664e+07
651.275	  1.85681e+07
651.562	  1.85698e+07
651.849	  1.85714e+07
652.136	  1.8573e+07
652.423	  1.85747e+07
652.71	  1.85763e+07
652.997	  1.85778e+07
653.284	  1.85794e+07
653.571	  1.8581e+07
653.858	  1.85825e+07
654.145	  1.85841e+07
654.432	  1.85856e+07
654.719	  1.85871e+07
655.006	  1.85886e+07
655.293	  1.85901e+07
655.58	  1.85915e+07
655.867	  1.8593e+07
656.154	  1.85944e+07
656.441	  1.85959e+07
656.728	  1.85973e+07
657.015	  1.85987e+07
657.302	  1.86001e+07
657.589	  1.86014e+07
657.876	  1.86028e+07
658.163	  1.86041e+07
658.45	  1.86055e+07
658.737	  1.86068e+07
659.024	  1.86081e+07
659.311	  1.86094e+07
659.598	  1.86107e+07
659.885	  1.86119e+07
660.172	  1.86132e+07
660.459	  1.86144e+07
660.746	  1.86157e+07
661.033	  1.86169e+07
661.32	  1.86181e+07
661.607	  1.86193e+07
661.894	  1.86205e+07
662.181	  1.86216e+07
662.468	  1.86228e+07
662.755	  1.86239e+07
663.042	  1.8625e+07
663.329	  1.86261e+07
663.616	  1.86272e+07
663.903	  1.86283e+07
664.19	  1.86294e+07
664.477	  1.86305e+07
664.764	  1.86315e+07
665.051	  1.86325e+07
665.338	  1.86336e+07
665.625	  1.86346e+07
665.912	  1.86356e+07
666.199	  1.86365e+07
666.486	  1.86375e+07
666.773	  1.86385e+07
667.06	  1.86394e+07
667.347	  1.86404e+07
667.634	  1.86413e+07
667.921	  1.86422e+07
668.208	  1.86431e+07
668.495	  1.8644e+07
668.782	  1.86448e+07
669.069	  1.86457e+07
669.356	  1.86465e+07
669.643	  1.86473e+07
669.93	  1.86482e+07
670.217	  1.8649e+07
670.504	  1.86498e+07
670.791	  1.86505e+07
671.078	  1.86513e+07
671.365	  1.86521e+07
671.652	  1.86528e+07
671.939	  1.86535e+07
672.226	  1.86543e+07
672.513	  1.8655e+07
672.8	  1.86557e+07
673.087	  1.86563e+07
673.374	  1.8657e+07
673.661	  1.86577e+07
673.948	  1.86583e+07
674.235	  1.86589e+07
674.522	  1.86595e+07
674.809	  1.86602e+07
675.096	  1.86607e+07
675.383	  1.86613e+07
675.67	  1.86619e+07
675.957	  1.86625e+07
676.244	  1.8663e+07
676.531	  1.86635e+07
676.818	  1.86641e+07
677.105	  1.86646e+07
677.392	  1.86651e+07
677.679	  1.86655e+07
677.966	  1.8666e+07
678.253	  1.86665e+07
678.54	  1.86669e+07
678.827	  1.86673e+07
679.114	  1.86678e+07
679.401	  1.86682e+07
679.688	  1.86686e+07
679.975	  1.8669e+07
680.262	  1.86693e+07
680.549	  1.86697e+07
680.836	  1.86701e+07
681.123	  1.86704e+07
681.41	  1.86707e+07
681.697	  1.8671e+07
681.984	  1.86713e+07
682.271	  1.86716e+07
682.558	  1.86719e+07
682.845	  1.86722e+07
683.132	  1.86724e+07
683.419	  1.86727e+07
683.706	  1.86729e+07
683.993	  1.86731e+07
684.28	  1.86733e+07
684.567	  1.86735e+07
684.854	  1.86737e+07
685.141	  1.86739e+07
685.428	  1.8674e+07
685.715	  1.86742e+07
686.002	  1.86743e+07
686.289	  1.86744e+07
686.576	  1.86746e+07
686.863	  1.86747e+07
687.15	  1.86747e+07
687.437	  1.86748e+07
687.724	  1.86749e+07
688.011	  1.86749e+07
688.298	  1.8675e+07
688.585	  1.8675e+07
688.872	  1.8675e+07
689.159	  1.8675e+07
689.446	  1.8675e+07
689.733	  1.8675e+07
690.02	  1.8675e+07
690.307	  1.8675e+07
690.594	  1.86749e+07
690.881	  1.86749e+07
691.168	  1.86748e+07
691.455	  1.86747e+07
691.742	  1.86746e+07
692.029	  1.86745e+07
692.316	  1.86744e+07
692.603	  1.86743e+07
692.89	  1.86741e+07
693.177	  1.8674e+07
693.464	  1.86738e+07
693.751	  1.86736e+07
694.038	  1.86734e+07
694.325	  1.86732e+07
694.612	  1.8673e+07
694.899	  1.86728e+07
695.186	  1.86726e+07
695.473	  1.86723e+07
695.76	  1.86721e+07
696.047	  1.86718e+07
696.334	  1.86715e+07
696.621	  1.86712e+07
696.908	  1.8671e+07
697.195	  1.86706e+07
697.482	  1.86703e+07
697.769	  1.867e+07
698.056	  1.86696e+07
698.343	  1.86693e+07
698.63	  1.86689e+07
698.917	  1.86685e+07
699.204	  1.86682e+07
699.491	  1.86678e+07
699.778	  1.86674e+07
700.065	  1.86669e+07
700.352	  1.86665e+07
700.639	  1.86661e+07
700.926	  1.86656e+07
701.213	  1.86651e+07
701.5	  1.86647e+07
701.787	  1.86642e+07
702.074	  1.86637e+07
702.361	  1.86632e+07
702.648	  1.86627e+07
702.935	  1.86621e+07
703.222	  1.86616e+07
703.509	  1.8661e+07
703.796	  1.86605e+07
704.083	  1.86599e+07
704.37	  1.86593e+07
704.657	  1.86587e+07
704.944	  1.86581e+07
705.231	  1.86575e+07
705.518	  1.86569e+07
705.805	  1.86562e+07
706.092	  1.86556e+07
706.379	  1.86549e+07
706.666	  1.86543e+07
706.953	  1.86536e+07
707.24	  1.86529e+07
707.527	  1.86522e+07
707.814	  1.86515e+07
708.101	  1.86508e+07
708.388	  1.865e+07
708.675	  1.86493e+07
708.962	  1.86485e+07
709.249	  1.86478e+07
709.536	  1.8647e+07
709.823	  1.86462e+07
710.11	  1.86454e+07
710.397	  1.86446e+07
710.684	  1.86438e+07
710.971	  1.86429e+07
711.258	  1.86421e+07
711.545	  1.86413e+07
711.832	  1.86404e+07
712.119	  1.86395e+07
712.406	  1.86387e+07
712.693	  1.86378e+07
712.98	  1.86369e+07
713.267	  1.8636e+07
713.554	  1.8635e+07
713.841	  1.86341e+07
714.128	  1.86332e+07
714.415	  1.86322e+07
714.702	  1.86312e+07
714.989	  1.86303e+07
715.276	  1.86293e+07
715.563	  1.86283e+07
715.85	  1.86273e+07
716.137	  1.86263e+07
716.424	  1.86253e+07
716.711	  1.86242e+07
716.998	  1.86232e+07
717.285	  1.86221e+07
717.572	  1.86211e+07
717.859	  1.862e+07
718.146	  1.86189e+07
718.433	  1.86178e+07
718.72	  1.86167e+07
719.007	  1.86156e+07
719.294	  1.86145e+07
719.581	  1.86133e+07
719.868	  1.86122e+07
720.155	  1.8611e+07
720.442	  1.86099e+07
720.729	  1.86087e+07
721.016	  1.86075e+07
721.303	  1.86063e+07
721.59	  1.86051e+07
721.877	  1.86039e+07
722.164	  1.86027e+07
722.451	  1.86015e+07
722.738	  1.86002e+07
723.025	  1.8599e+07
723.312	  1.85977e+07
723.599	  1.85964e+07
723.886	  1.85951e+07
724.173	  1.85938e+07
724.46	  1.85925e+07
724.747	  1.85912e+07
725.034	  1.85899e+07
725.321	  1.85886e+07
725.608	  1.85872e+07
725.895	  1.85859e+07
726.182	  1.85845e+07
726.469	  1.85832e+07
726.756	  1.85818e+07
727.043	  1.85804e+07
727.33	  1.8579e+07
727.617	  1.85776e+07
727.904	  1.85762e+07
728.191	  1.85747e+07
728.478	  1.85733e+07
728.765	  1.85719e+07
729.052	  1.85704e+07
729.339	  1.85689e+07
729.626	  1.85675e+07
729.913	  1.8566e+07
730.2	  1.85645e+07
730.487	  1.8563e+07
730.774	  1.85615e+07
731.061	  1.85599e+07
731.348	  1.85584e+07
731.635	  1.85569e+07
731.922	  1.85553e+07
732.209	  1.85538e+07
732.496	  1.85522e+07
732.783	  1.85506e+07
733.07	  1.8549e+07
733.357	  1.85474e+07
733.644	  1.85458e+07
733.931	  1.85442e+07
734.218	  1.85426e+07
734.505	  1.8541e+07
734.792	  1.85393e+07
735.079	  1.85377e+07
735.366	  1.8536e+07
735.653	  1.85343e+07
735.94	  1.85326e+07
736.227	  1.8531e+07
736.514	  1.85293e+07
736.801	  1.85275e+07
737.088	  1.85258e+07
737.375	  1.85241e+07
737.662	  1.85224e+07
737.949	  1.85206e+07
738.236	  1.85189e+07
738.523	  1.85171e+07
738.81	  1.85153e+07
739.097	  1.85136e+07
739.384	  1.85118e+07
739.671	  1.851e+07
739.958	  1.85082e+07
740.245	  1.85063e+07
740.532	  1.85045e+07
740.819	  1.85027e+07
741.106	  1.85008e+07
741.393	  1.8499e+07
741.68	  1.84971e+07
741.967	  1.84953e+07
742.254	  1.84934e+07
742.541	  1.84915e+07
742.828	  1.84896e+07
743.115	  1.84877e+07
743.402	  1.84858e+07
743.689	  1.84839e+07
743.976	  1.84819e+07
744.263	  1.848e+07
744.55	  1.8478e+07
744.837	  1.84761e+07
745.124	  1.84741e+07
745.411	  1.84721e+07
745.698	  1.84701e+07
745.985	  1.84682e+07
746.272	  1.84662e+07
746.559	  1.84641e+07
746.846	  1.84621e+07
747.133	  1.84601e+07
747.42	  1.84581e+07
747.707	  1.8456e+07
747.994	  1.8454e+07
748.281	  1.84519e+07
748.568	  1.84498e+07
748.855	  1.84477e+07
749.142	  1.84457e+07
749.429	  1.84436e+07
749.716	  1.84415e+07
750.003	  1.84393e+07
750.29	  1.84372e+07
750.577	  1.84351e+07
750.864	  1.8433e+07
751.151	  1.84308e+07
751.438	  1.84287e+07
751.725	  1.84265e+07
752.012	  1.84243e+07
752.299	  1.84221e+07
752.586	  1.84199e+07
752.873	  1.84177e+07
753.16	  1.84155e+07
753.447	  1.84133e+07
753.734	  1.84111e+07
754.021	  1.84089e+07
754.308	  1.84066e+07
754.595	  1.84044e+07
754.882	  1.84021e+07
755.169	  1.83999e+07
755.456	  1.83976e+07
755.743	  1.83953e+07
756.03	  1.8393e+07
756.317	  1.83907e+07
756.604	  1.83884e+07
756.891	  1.83861e+07
757.178	  1.83838e+07
757.465	  1.83815e+07
757.752	  1.83791e+07
758.039	  1.83768e+07
758.326	  1.83744e+07
758.613	  1.83721e+07
758.9	  1.83697e+07
759.187	  1.83673e+07
759.474	  1.83649e+07
759.761	  1.83625e+07
760.048	  1.83601e+07
760.335	  1.83577e+07
760.622	  1.83553e+07
760.909	  1.83529e+07
761.196	  1.83504e+07
761.483	  1.8348e+07
761.77	  1.83455e+07
762.057	  1.83431e+07
762.344	  1.83406e+07
762.631	  1.83381e+07
762.918	  1.83356e+07
763.205	  1.83332e+07
763.492	  1.83307e+07
763.779	  1.83282e+07
764.066	  1.83256e+07
764.353	  1.83231e+07
764.64	  1.83206e+07
764.927	  1.83181e+07
765.214	  1.83155e+07
765.501	  1.8313e+07
765.788	  1.83104e+07
766.075	  1.83078e+07
766.362	  1.83052e+07
766.649	  1.83027e+07
766.936	  1.83001e+07
767.223	  1.82975e+07
767.51	  1.82949e+07
767.797	  1.82922e+07
768.084	  1.82896e+07
768.371	  1.8287e+07
768.658	  1.82844e+07
768.945	  1.82817e+07
769.232	  1.82791e+07
769.519	  1.82764e+07
769.806	  1.82737e+07
770.093	  1.82711e+07
770.38	  1.82684e+07
770.667	  1.82657e+07
770.954	  1.8263e+07
771.241	  1.82603e+07
771.528	  1.82576e+07
771.815	  1.82548e+07
772.102	  1.82521e+07
772.389	  1.82494e+07
772.676	  1.82466e+07
772.963	  1.82439e+07
773.25	  1.82411e+07
773.537	  1.82383e+07
773.824	  1.82356e+07
774.111	  1.82328e+07
774.398	  1.823e+07
774.685	  1.82272e+07
774.972	  1.82244e+07
775.259	  1.82216e+07
775.546	  1.82188e+07
775.833	  1.8216e+07
776.12	  1.82131e+07
776.407	  1.82103e+07
776.694	  1.82074e+07
776.981	  1.82046e+07
777.268	  1.82017e+07
777.555	  1.81988e+07
777.842	  1.8196e+07
778.129	  1.81931e+07
778.416	  1.81902e+07
778.703	  1.81873e+07
778.99	  1.81844e+07
779.277	  1.81815e+07
779.564	  1.81786e+07
779.851	  1.81756e+07
780.138	  1.81727e+07
780.425	  1.81698e+07
780.712	  1.81668e+07
780.999	  1.81639e+07
781.286	  1.81609e+07
781.573	  1.81579e+07
781.86	  1.81549e+07
782.147	  1.8152e+07
782.434	  1.8149e+07
782.721	  1.8146e+07
783.008	  1.8143e+07
783.295	  1.814e+07
783.582	  1.81369e+07
783.869	  1.81339e+07
784.156	  1.81309e+07
784.443	  1.81278e+07
784.73	  1.81248e+07
785.017	  1.81217e+07
785.304	  1.81187e+07
785.591	  1.81156e+07
785.878	  1.81125e+07
786.165	  1.81095e+07
786.452	  1.81064e+07
786.739	  1.81033e+07
787.026	  1.81002e+07
787.313	  1.80971e+07
787.6	  1.8094e+07
787.887	  1.80908e+07
788.174	  1.80877e+07
788.461	  1.80846e+07
788.748	  1.80814e+07
789.035	  1.80783e+07
789.322	  1.80751e+07
789.609	  1.8072e+07
789.896	  1.80688e+07
790.183	  1.80656e+07
790.47	  1.80624e+07
790.757	  1.80592e+07
791.044	  1.8056e+07
791.331	  1.80528e+07
791.618	  1.80496e+07
791.905	  1.80464e+07
792.192	  1.80432e+07
792.479	  1.804e+07
792.766	  1.80367e+07
793.053	  1.80335e+07
793.34	  1.80302e+07
793.627	  1.8027e+07
793.914	  1.80237e+07
794.201	  1.80205e+07
794.488	  1.80172e+07
794.775	  1.80139e+07
795.062	  1.80106e+07
795.349	  1.80073e+07
795.636	  1.8004e+07
795.923	  1.80007e+07
796.21	  1.79974e+07
796.497	  1.79941e+07
796.784	  1.79907e+07
797.071	  1.79874e+07
797.358	  1.79841e+07
797.645	  1.79807e+07
797.932	  1.79774e+07
798.219	  1.7974e+07
798.506	  1.79706e+07
798.793	  1.79673e+07
799.08	  1.79639e+07
799.367	  1.79605e+07
799.654	  1.79571e+07
799.941	  1.79537e+07
800.228	  1.79503e+07
800.515	  1.79469e+07
800.802	  1.79435e+07
801.089	  1.79401e+07
801.376	  1.79366e+07
801.663	  1.79332e+07
801.95	  1.79298e+07
802.237	  1.79263e+07
802.524	  1.79229e+07
802.811	  1.79194e+07
803.098	  1.79159e+07
803.385	  1.79125e+07
803.672	  1.7909e+07
803.959	  1.79055e+07
804.246	  1.7902e+07
804.533	  1.78985e+07
804.82	  1.7895e+07
805.107	  1.78915e+07
805.394	  1.7888e+07
805.681	  1.78845e+07
805.968	  1.78809e+07
806.255	  1.78774e+07
806.542	  1.78739e+07
806.829	  1.78703e+07
807.116	  1.78668e+07
807.403	  1.78632e+07
807.69	  1.78596e+07
807.977	  1.78561e+07
808.264	  1.78525e+07
808.551	  1.78489e+07
808.838	  1.78453e+07
809.125	  1.78417e+07
809.412	  1.78381e+07
809.699	  1.78345e+07
809.986	  1.78309e+07
810.273	  1.78273e+07
810.56	  1.78237e+07
810.847	  1.78201e+07
811.134	  1.78164e+07
811.421	  1.78128e+07
811.708	  1.78091e+07
811.995	  1.78055e+07
812.282	  1.78018e+07
812.569	  1.77982e+07
812.856	  1.77945e+07
813.143	  1.77908e+07
813.43	  1.77871e+07
813.717	  1.77835e+07
814.004	  1.77798e+07
814.291	  1.77761e+07
814.578	  1.77724e+07
814.865	  1.77686e+07
815.152	  1.77649e+07
815.439	  1.77612e+07
815.726	  1.77575e+07
816.013	  1.77538e+07
816.3	  1.775e+07
816.587	  1.77463e+07
816.874	  1.77425e+07
817.161	  1.77388e+07
817.448	  1.7735e+07
817.735	  1.77312e+07
818.022	  1.77275e+07
818.309	  1.77237e+07
818.596	  1.77199e+07
818.883	  1.77161e+07
819.17	  1.77123e+07
819.457	  1.77085e+07
820.002	  1.77013e+07
820.031	  1.77009e+07
820.059	  1.77005e+07
820.088	  1.77001e+07
820.117	  1.76998e+07
820.146	  1.76994e+07
820.174	  1.7699e+07
820.203	  1.76986e+07
820.232	  1.76982e+07
820.26	  1.76979e+07
820.289	  1.76975e+07
820.318	  1.76971e+07
820.346	  1.76967e+07
820.375	  1.76963e+07
820.404	  1.76959e+07
820.433	  1.76956e+07
820.461	  1.76952e+07
820.49	  1.76948e+07
820.519	  1.76944e+07
820.547	  1.7694e+07
820.576	  1.76937e+07
820.605	  1.76933e+07
820.633	  6.37067e+06
820.662	  6.37064e+06
820.691	  6.37061e+06
820.72	  6.37058e+06
820.748	  6.37055e+06
820.777	  6.37052e+06
820.806	  6.37049e+06
820.834	  6.37046e+06
820.863	  6.37042e+06
820.892	  6.37039e+06
820.92	  6.37036e+06
820.949	  6.37033e+06
820.978	  6.3703e+06
821.007	  6.37027e+06
821.035	  6.37024e+06
821.064	  6.37021e+06
821.093	  6.37017e+06
821.121	  6.37014e+06
821.15	  6.37011e+06
821.179	  6.37008e+06
821.207	  6.37005e+06
821.236	  6.37002e+06
821.265	  6.36999e+06
821.294	  6.36995e+06
821.322	  6.36992e+06
821.351	  6.36989e+06
821.38	  6.36986e+06
821.408	  6.36983e+06
821.437	  6.3698e+06
821.466	  6.36976e+06
821.494	  6.36973e+06
821.523	  6.3697e+06
821.552	  6.36967e+06
821.581	  6.36964e+06
821.609	  6.36961e+06
821.638	  6.36957e+06
821.667	  6.36954e+06
821.695	  6.36951e+06
821.724	  6.36948e+06
821.753	  6.36945e+06
821.781	  6.36941e+06
821.81	  6.36938e+06
821.839	  6.36935e+06
821.868	  6.36932e+06
821.896	  6.36929e+06
821.925	  6.36925e+06
821.954	  6.36922e+06
821.982	  6.36919e+06
822.011	  6.36916e+06
822.011	  6.36916e+06
822.298	  6.36884e+06
822.585	  6.36851e+06
822.872	  6.36819e+06
823.159	  6.36786e+06
823.446	  6.36753e+06
823.733	  6.3672e+06
824.02	  6.36687e+06
824.307	  6.36654e+06
824.594	  6.3662e+06
824.881	  6.36586e+06
825.168	  6.36552e+06
825.455	  6.36518e+06
825.742	  6.36483e+06
826.029	  6.36449e+06
826.316	  6.36414e+06
826.603	  6.36379e+06
826.89	  6.36344e+06
827.177	  6.36309e+06
827.464	  6.36273e+06
827.751	  6.36237e+06
828.038	  6.36202e+06
828.325	  6.36166e+06
828.612	  6.36129e+06
828.899	  6.36093e+06
829.186	  6.36056e+06
829.473	  6.36019e+06
829.76	  6.35982e+06
830.047	  6.35945e+06
830.334	  6.35908e+06
830.621	  6.3587e+06
830.908	  6.35833e+06
831.195	  6.35795e+06
831.482	  6.35757e+06
831.769	  6.35718e+06
832.056	  6.3568e+06
832.343	  6.35641e+06
832.63	  6.35603e+06
832.917	  6.35564e+06
833.204	  6.35524e+06
833.491	  6.35485e+06
833.778	  6.35446e+06
834.065	  6.35406e+06
834.352	  6.35366e+06
834.639	  6.35326e+06
834.926	  6.35286e+06
835.213	  6.35245e+06
835.5	  6.35205e+06
835.787	  6.35164e+06
836.074	  6.35123e+06
836.361	  6.35082e+06
836.648	  6.3504e+06
836.935	  6.34999e+06
837.222	  6.34957e+06
837.509	  6.34915e+06
837.796	  6.34873e+06
838.083	  6.34831e+06
838.37	  6.34789e+06
838.657	  6.34746e+06
838.944	  6.34704e+06
839.231	  6.34661e+06
839.518	  6.34618e+06
839.805	  6.34574e+06
840.092	  6.34531e+06
840.379	  6.34487e+06
840.666	  6.34444e+06
840.953	  6.344e+06
841.24	  6.34355e+06
841.527	  6.34311e+06
841.814	  6.34267e+06
842.101	  6.34222e+06
842.388	  6.34177e+06
842.675	  6.34132e+06
842.962	  6.34087e+06
843.249	  6.34042e+06
843.536	  6.33996e+06
843.823	  6.33951e+06
844.11	  6.33905e+06
844.397	  6.33859e+06
844.684	  6.33813e+06
844.971	  6.33766e+06
845.258	  6.3372e+06
845.545	  6.33673e+06
845.832	  6.33626e+06
846.119	  6.33579e+06
846.406	  6.33532e+06
846.693	  6.33485e+06
846.98	  6.33437e+06
847.267	  6.33389e+06
847.554	  6.33342e+06
847.841	  6.33293e+06
848.128	  6.33245e+06
848.415	  6.33197e+06
848.702	  6.33148e+06
848.989	  6.331e+06
849.276	  6.33051e+06
849.563	  6.33002e+06
849.85	  6.32953e+06
850.137	  6.32903e+06
850.424	  6.32854e+06
850.711	  6.32804e+06
850.998	  6.32754e+06
851.285	  6.32704e+06
851.572	  6.32654e+06
851.859	  6.32603e+06
852.146	  6.32553e+06
852.433	  6.32502e+06
852.72	  6.32451e+06
853.007	  6.324e+06
853.294	  6.32349e+06
853.581	  6.32298e+06
853.868	  6.32246e+06
854.155	  6.32195e+06
854.442	  6.32143e+06
854.729	  6.32091e+06
855.016	  6.32039e+06
855.303	  6.31986e+06
855.59	  6.31934e+06
855.877	  6.31881e+06
856.164	  6.31828e+06
856.451	  6.31775e+06
856.738	  6.31722e+06
857.025	  6.31669e+06
857.312	  6.31616e+06
857.599	  6.31562e+06
857.886	  6.31508e+06
858.173	  6.31454e+06
858.46	  6.314e+06
858.747	  6.31346e+06
859.034	  6.31292e+06
859.321	  6.31237e+06
859.608	  6.31182e+06
859.895	  6.31127e+06
860.182	  6.31072e+06
860.469	  6.31017e+06
860.756	  6.30962e+06
861.043	  6.30906e+06
861.33	  6.30851e+06
861.617	  6.30795e+06
861.904	  6.30739e+06
862.191	  6.30683e+06
862.478	  6.30626e+06
862.765	  6.3057e+06
863.052	  6.30513e+06
863.339	  6.30457e+06
863.626	  6.304e+06
863.913	  6.30343e+06
864.2	  6.30285e+06
864.487	  6.30228e+06
864.774	  6.3017e+06
865.061	  6.30113e+06
865.348	  6.30055e+06
865.635	  6.29997e+06
865.922	  6.29939e+06
866.209	  6.29881e+06
866.496	  6.29822e+06
866.783	  6.29763e+06
867.07	  6.29705e+06
867.357	  6.29646e+06
867.644	  6.29587e+06
867.931	  6.29528e+06
868.218	  6.29468e+06
868.505	  6.29409e+06
868.792	  6.29349e+06
869.079	  6.29289e+06
869.366	  6.29229e+06
869.653	  6.29169e+06
869.94	  6.29109e+06
870.227	  6.29048e+06
870.514	  6.28988e+06
870.801	  6.28927e+06
871.088	  6.28866e+06
871.375	  6.28805e+06
871.662	  6.28744e+06
871.949	  6.28683e+06
872.236	  6.28621e+06
872.523	  6.2856e+06
872.81	  6.28498e+06
873.097	  6.28436e+06
873.384	  6.28374e+06
873.671	  6.28312e+06
873.958	  6.2825e+06
874.245	  6.28187e+06
874.532	  6.28124e+06
874.819	  6.28062e+06
875.106	  6.27999e+06
875.393	  6.27936e+06
875.68	  6.27872e+06
875.967	  6.27809e+06
876.254	  6.27746e+06
876.541	  6.27682e+06
876.828	  6.27618e+06
877.115	  6.27554e+06
877.402	  6.2749e+06
877.689	  6.27426e+06
877.976	  6.27361e+06
878.263	  6.27297e+06
878.55	  6.27232e+06
878.837	  6.27167e+06
879.124	  6.27102e+06
879.411	  6.27037e+06
879.698	  6.26972e+06
879.985	  6.26907e+06
880.272	  6.26841e+06
880.559	  6.26776e+06
880.846	  6.2671e+06
881.133	  6.26644e+06
881.42	  6.26578e+06
881.707	  6.26512e+06
881.994	  6.26445e+06
882.281	  6.26379e+06
882.568	  6.26312e+06
882.855	  6.26245e+06
883.142	  6.26178e+06
883.429	  6.26111e+06
883.716	  6.26044e+06
884.003	  6.25977e+06
884.29	  6.25909e+06
884.577	  6.25842e+06
884.864	  6.25774e+06
885.151	  6.25706e+06
885.438	  6.25638e+06
885.725	  6.2557e+06
886.012	  6.25501e+06
886.299	  6.25433e+06
886.586	  6.25364e+06
886.873	  6.25296e+06
887.16	  6.25227e+06
887.447	  6.25158e+06
887.734	  6.25088e+06
888.021	  6.25019e+06
888.308	  6.2495e+06
888.595	  6.2488e+06
888.882	  6.24811e+06
889.169	  6.24741e+06
889.456	  6.24671e+06
889.743	  6.24601e+06
890.03	  6.2453e+06
890.317	  6.2446e+06
890.604	  6.2439e+06
890.891	  6.24319e+06
891.178	  6.24248e+06
891.465	  6.24177e+06
891.752	  6.24106e+06
892.039	  6.24035e+06
892.326	  6.23964e+06
892.613	  6.23892e+06
892.9	  6.23821e+06
893.187	  6.23749e+06
893.474	  6.23677e+06
893.761	  6.23605e+06
894.048	  6.23533e+06
894.335	  6.23461e+06
894.622	  6.23389e+06
894.909	  6.23316e+06
895.196	  6.23243e+06
895.483	  6.23171e+06
895.77	  6.23098e+06
896.057	  6.23025e+06
896.344	  6.22952e+06
896.631	  6.22878e+06
896.918	  6.22805e+06
897.205	  6.22731e+06
897.492	  6.22658e+06
897.779	  6.22584e+06
898.066	  6.2251e+06
898.353	  6.22436e+06
898.64	  6.22362e+06
898.927	  6.22287e+06
899.214	  6.22213e+06
899.501	  6.22138e+06
899.788	  6.22064e+06
900.075	  6.21989e+06
900.362	  6.21914e+06
900.649	  6.21839e+06
900.936	  6.21764e+06
901.223	  6.21688e+06
901.51	  6.21613e+06
901.797	  6.21537e+06
902.084	  6.21462e+06
902.371	  6.21386e+06
902.658	  6.2131e+06
902.945	  6.21234e+06
903.232	  6.21157e+06
903.519	  6.21081e+06
903.806	  6.21005e+06
904.093	  6.20928e+06
904.38	  6.20851e+06
904.667	  6.20774e+06
904.954	  6.20697e+06
905.241	  6.2062e+06
905.528	  6.20543e+06
905.815	  6.20466e+06
906.102	  6.20388e+06
906.389	  6.20311e+06
906.676	  6.20233e+06
906.963	  6.20155e+06
907.25	  6.20077e+06
907.537	  6.19999e+06
907.824	  6.19921e+06
908.111	  6.19843e+06
908.398	  6.19764e+06
908.685	  6.19686e+06
908.972	  6.19607e+06
909.259	  6.19528e+06
909.546	  6.19449e+06
909.833	  6.1937e+06
910.12	  6.19291e+06
910.407	  6.19212e+06
910.694	  6.19132e+06
910.981	  6.19053e+06
911.268	  6.18973e+06
911.555	  6.18893e+06
911.842	  6.18813e+06
912.129	  6.18733e+06
912.416	  6.18653e+06
912.703	  6.18573e+06
912.99	  6.18492e+06
913.277	  6.18412e+06
913.564	  6.18331e+06
913.851	  6.18251e+06
914.138	  6.1817e+06
914.425	  6.18089e+06
914.712	  6.18008e+06
914.999	  6.17926e+06
915.286	  6.17845e+06
915.573	  6.17764e+06
915.86	  6.17682e+06
916.147	  6.176e+06
916.434	  6.17519e+06
916.721	  6.17437e+06
917.008	  6.17355e+06
917.295	  6.17273e+06
917.582	  6.1719e+06
917.869	  6.17108e+06
918.156	  6.17025e+06
918.443	  6.16943e+06
918.73	  6.1686e+06
919.017	  6.16777e+06
919.304	  6.16694e+06
919.591	  6.16611e+06
919.878	  6.16528e+06
920.165	  6.16445e+06
920.452	  6.16361e+06
920.739	  6.16278e+06
921.026	  6.16194e+06
921.313	  6.1611e+06
921.6	  6.16027e+06
921.887	  6.15943e+06
922.174	  6.15858e+06
922.461	  6.15774e+06
922.748	  6.1569e+06
923.035	  6.15606e+06
923.322	  6.15521e+06
923.609	  6.15436e+06
923.896	  6.15352e+06
924.183	  6.15267e+06
924.47	  6.15182e+06
924.757	  6.15097e+06
925.044	  6.15011e+06
925.331	  6.14926e+06
925.618	  6.14841e+06
925.905	  6.14755e+06
926.192	  6.14669e+06
926.479	  6.14584e+06
926.766	  6.14498e+06
927.053	  6.14412e+06
927.34	  6.14326e+06
927.627	  6.14239e+06
927.914	  6.14153e+06
928.201	  6.14067e+06
928.488	  6.1398e+06
928.775	  6.13894e+06
929.062	  6.13807e+06
929.349	  6.1372e+06
929.636	  6.13633e+06
929.923	  6.13546e+06
930.21	  6.13459e+06
930.497	  6.13371e+06
930.784	  6.13284e+06
931.071	  6.13196e+06
931.358	  6.13109e+06
931.645	  6.13021e+06
931.932	  6.12933e+06
932.219	  6.12845e+06
932.506	  6.12757e+06
932.793	  6.12669e+06
933.08	  6.12581e+06
933.367	  6.12493e+06
933.654	  6.12404e+06
933.941	  6.12315e+06
934.228	  6.12227e+06
934.515	  6.12138e+06
934.802	  6.12049e+06
935.089	  6.1196e+06
935.376	  6.11871e+06
935.663	  6.11782e+06
935.95	  6.11692e+06
936.237	  6.11603e+06
936.524	  6.11514e+06
936.811	  6.11424e+06
937.098	  6.11334e+06
937.385	  6.11244e+06
937.672	  6.11154e+06
937.959	  6.11064e+06
938.246	  6.10974e+06
938.533	  6.10884e+06
938.82	  6.10794e+06
939.107	  6.10703e+06
939.394	  6.10613e+06
939.681	  6.10522e+06
939.968	  6.10431e+06
940.255	  6.1034e+06
940.542	  6.10249e+06
940.829	  6.10158e+06
941.116	  6.10067e+06
941.403	  6.09976e+06
941.69	  6.09885e+06
941.977	  6.09793e+06
942.264	  6.09701e+06
942.551	  6.0961e+06
942.838	  6.09518e+06
943.125	  6.09426e+06
943.412	  6.09334e+06
943.699	  6.09242e+06
943.986	  6.0915e+06
944.273	  6.09058e+06
944.56	  6.08965e+06
944.847	  6.08873e+06
945.134	  6.0878e+06
945.421	  6.08688e+06
945.708	  6.08595e+06
945.995	  6.08502e+06
946.282	  6.08409e+06
946.569	  6.08316e+06
946.856	  6.08223e+06
947.143	  6.0813e+06
947.43	  6.08036e+06
947.717	  6.07943e+06
948.004	  6.07849e+06
948.291	  6.07756e+06
948.578	  6.07662e+06
948.865	  6.07568e+06
949.152	  6.07474e+06
949.439	  6.0738e+06
949.726	  6.07286e+06
950.013	  6.07192e+06
950.3	  6.07097e+06
950.587	  6.07003e+06
950.874	  6.06908e+06
951.161	  6.06814e+06
951.448	  6.06719e+06
951.735	  6.06624e+06
952.022	  6.06529e+06
952.309	  6.06434e+06
952.596	  6.06339e+06
952.883	  6.06244e+06
953.17	  6.06149e+06
953.457	  6.06054e+06
953.744	  6.05958e+06
954.031	  6.05863e+06
954.318	  6.05767e+06
954.605	  6.05671e+06
954.892	  6.05575e+06
955.179	  6.05479e+06
955.466	  6.05383e+06
955.753	  6.05287e+06
956.04	  6.05191e+06
956.327	  6.05095e+06
956.614	  6.04998e+06
956.901	  6.04902e+06
957.188	  6.04805e+06
957.475	  6.04709e+06
957.762	  6.04612e+06
958.049	  6.04515e+06
958.336	  6.04418e+06
958.623	  6.04321e+06
958.91	  6.04224e+06
959.197	  6.04127e+06
959.484	  6.04029e+06
959.771	  6.03932e+06
960.058	  6.03834e+06
960.345	  6.03737e+06
960.632	  6.03639e+06
960.919	  6.03541e+06
961.206	  6.03444e+06
961.493	  6.03346e+06
961.78	  6.03248e+06
962.067	  6.03149e+06
962.354	  6.03051e+06
962.641	  6.02953e+06
962.928	  6.02855e+06
963.215	  6.02756e+06
963.502	  6.02658e+06
963.789	  6.02559e+06
964.076	  6.0246e+06
964.363	  6.02361e+06
964.65	  6.02262e+06
964.937	  6.02163e+06
965.224	  6.02064e+06
965.511	  6.01965e+06
965.798	  6.01866e+06
966.085	  6.01767e+06
966.372	  6.01667e+06
966.659	  6.01568e+06
966.946	  6.01468e+06
967.233	  6.01368e+06
967.52	  6.01268e+06
967.807	  6.01169e+06
968.094	  6.01069e+06
968.381	  6.00969e+06
968.668	  6.00868e+06
968.955	  6.00768e+06
969.242	  6.00668e+06
969.529	  6.00568e+06
969.816	  6.00467e+06
970.103	  6.00367e+06
970.39	  6.00266e+06
970.677	  6.00165e+06
970.964	  6.00064e+06
971.251	  5.99963e+06
971.538	  5.99862e+06
971.825	  5.99761e+06
972.112	  5.9966e+06
972.399	  5.99559e+06
972.686	  5.99458e+06
972.973	  5.99356e+06
973.26	  5.99255e+06
973.547	  5.99153e+06
973.834	  5.99052e+06
974.121	  5.9895e+06
974.408	  5.98848e+06
974.695	  5.98746e+06
974.982	  5.98644e+06
975.269	  5.98542e+06
975.556	  5.9844e+06
975.843	  5.98338e+06
976.13	  5.98235e+06
976.417	  5.98133e+06
976.704	  5.98031e+06
976.991	  5.97928e+06
977.278	  5.97825e+06
977.565	  5.97723e+06
977.852	  5.9762e+06
978.139	  5.97517e+06
978.426	  5.97414e+06
978.713	  5.97311e+06
979	  5.97208e+06
979.287	  5.97105e+06
979.574	  5.97001e+06
979.861	  5.96898e+06
980.148	  5.96795e+06
980.435	  5.96691e+06
980.722	  5.96587e+06
981.009	  5.96484e+06
981.296	  5.9638e+06
981.583	  5.96276e+06
981.87	  5.96172e+06
982.157	  5.96068e+06
982.444	  5.95964e+06
982.731	  5.9586e+06
983.018	  5.95756e+06
983.305	  5.95651e+06
983.592	  5.95547e+06
983.879	  5.95443e+06
984.166	  5.95338e+06
984.453	  5.95233e+06
984.74	  5.95129e+06
985.027	  5.95024e+06
985.314	  5.94919e+06
985.601	  5.94814e+06
985.888	  5.94709e+06
986.175	  5.94604e+06
986.462	  5.94499e+06
986.749	  5.94394e+06
987.036	  5.94288e+06
987.323	  5.94183e+06
987.61	  5.94078e+06
987.897	  5.93972e+06
988.184	  5.93866e+06
988.471	  5.93761e+06
988.758	  5.93655e+06
989.045	  5.93549e+06
989.332	  5.93443e+06
989.619	  5.93337e+06
989.906	  5.93231e+06
990.193	  5.93125e+06
990.48	  5.93019e+06
990.767	  5.92912e+06
991.054	  5.92806e+06
991.341	  5.927e+06
991.628	  5.92593e+06
991.915	  5.92486e+06
992.202	  5.9238e+06
992.489	  5.92273e+06
992.776	  5.92166e+06
993.063	  5.92059e+06
993.35	  5.91952e+06
993.637	  5.91845e+06
993.924	  5.91738e+06
994.211	  5.91631e+06
994.498	  5.91524e+06
994.785	  5.91417e+06
995.072	  5.91309e+06
995.359	  5.91202e+06
995.646	  5.91094e+06
995.933	  5.90987e+06
996.22	  5.90879e+06
996.507	  5.90771e+06
996.794	  5.90663e+06
997.081	  5.90555e+06
997.368	  5.90447e+06
997.655	  5.90339e+06
997.942	  5.90231e+06
998.229	  5.90123e+06
998.516	  5.90015e+06
998.803	  5.89907e+06
999.09	  5.89798e+06
999.377	  5.8969e+06
999.664	  5.89581e+06
999.951	  5.89473e+06
1000.24	  5.89364e+06
1000.52	  5.89255e+06
1000.81	  5.89146e+06
1001.1	  5.89037e+06
1001.39	  5.88928e+06
1001.67	  5.88819e+06
1001.96	  5.8871e+06
1002.25	  5.88601e+06
1002.53	  5.88492e+06
1002.82	  5.88383e+06
1003.11	  5.88273e+06
1003.39	  5.88164e+06
1003.68	  5.88054e+06
1003.97	  5.87945e+06
1004.26	  5.87835e+06
1004.54	  5.87725e+06
1004.83	  5.87616e+06
1005.12	  5.87506e+06
1005.4	  5.87396e+06
1005.69	  5.87286e+06
1005.98	  5.87176e+06
1006.26	  5.87066e+06
1006.55	  5.86956e+06
1006.84	  5.86845e+06
1007.13	  5.86735e+06
1007.41	  5.86625e+06
1007.7	  5.86514e+06
1007.99	  5.86404e+06
1008.27	  5.86293e+06
1008.56	  5.86183e+06
1008.85	  5.86072e+06
1009.13	  5.85961e+06
1009.42	  5.8585e+06
1009.71	  5.85739e+06
1010	  5.85628e+06
1010.28	  5.85517e+06
1010.57	  5.85406e+06
1010.86	  5.85295e+06
1011.14	  5.85184e+06
1011.43	  5.85073e+06
1011.72	  5.84961e+06
1012	  5.8485e+06
1012.29	  5.84738e+06
1012.58	  5.84627e+06
1012.87	  5.84515e+06
1013.15	  5.84403e+06
1013.44	  5.84292e+06
1013.73	  5.8418e+06
1014.01	  5.84068e+06
1014.3	  5.83956e+06
1014.59	  5.83844e+06
1014.88	  5.83732e+06
1015.16	  5.8362e+06
1015.45	  5.83508e+06
1015.74	  5.83395e+06
1016.02	  5.83283e+06
1016.31	  5.83171e+06
1016.6	  5.83058e+06
1016.88	  5.82946e+06
1017.17	  5.82833e+06
1017.46	  5.82721e+06
1017.75	  5.82608e+06
1018.03	  5.82495e+06
1018.32	  5.82382e+06
1018.61	  5.82269e+06
1018.89	  5.82157e+06
1019.18	  5.82044e+06
1019.47	  5.8193e+06
1019.98	  5.8173e+06
1021.08	  5.81296e+06
1022.17	  5.80861e+06
1023.27	  5.80425e+06
1024.38	  5.79988e+06
1025.47	  5.7955e+06
1026.58	  5.79111e+06
1027.67	  5.78672e+06
1028.78	  5.78231e+06
1029.88	  5.7779e+06
1030.97	  5.77348e+06
1032.08	  5.76905e+06
1033.17	  5.76462e+06
1034.28	  5.76017e+06
1035.38	  5.75572e+06
1036.47	  5.75126e+06
1037.58	  5.74679e+06
1038.67	  5.74231e+06
1039.78	  5.73783e+06
1040.88	  5.73334e+06
1041.97	  5.72884e+06
1043.08	  5.72433e+06
1044.17	  5.71981e+06
1045.28	  5.71529e+06
1046.38	  5.71076e+06
1047.47	  5.70622e+06
1048.58	  5.70168e+06
1049.67	  5.69713e+06
1050.78	  5.69257e+06
1051.88	  5.688e+06
1052.97	  5.68343e+06
1054.08	  5.67885e+06
1055.17	  5.67426e+06
1056.28	  5.66967e+06
1057.38	  5.66507e+06
1058.47	  5.66046e+06
1059.58	  5.65585e+06
1060.67	  5.65123e+06
1061.78	  5.6466e+06
1062.88	  5.64197e+06
1063.97	  5.63733e+06
1065.08	  5.63268e+06
1066.17	  5.62803e+06
1067.28	  5.62337e+06
1068.38	  5.61871e+06
1069.47	  5.61404e+06
1070.58	  5.60936e+06
1071.67	  5.60468e+06
1072.78	  5.59999e+06
1073.88	  5.59529e+06
1074.97	  5.59059e+06
1076.08	  5.58588e+06
1077.17	  5.58117e+06
1078.28	  5.57645e+06
1079.38	  5.57173e+06
1080.47	  5.567e+06
1081.58	  5.56227e+06
1082.67	  5.55753e+06
1083.78	  5.55278e+06
1084.88	  5.54803e+06
1085.97	  5.54327e+06
1087.08	  5.53851e+06
1088.17	  5.53375e+06
1089.28	  5.52897e+06
1090.38	  5.5242e+06
1091.47	  5.51941e+06
1092.58	  5.51463e+06
1093.67	  5.50984e+06
1094.78	  5.50504e+06
1095.88	  5.50024e+06
1096.97	  5.49543e+06
1098.08	  5.49062e+06
1099.17	  5.4858e+06
1100.28	  5.48098e+06
1101.38	  5.47616e+06
1102.47	  5.47133e+06
1103.58	  5.4665e+06
1104.67	  5.46166e+06
1105.78	  5.45681e+06
1106.88	  5.45197e+06
1107.97	  5.44712e+06
1109.08	  5.44226e+06
1110.17	  5.4374e+06
1111.28	  5.43254e+06
1112.38	  5.42767e+06
1113.47	  5.4228e+06
1114.58	  5.41792e+06
1115.67	  5.41304e+06
1116.78	  5.40816e+06
1117.88	  5.40327e+06
1118.97	  5.39838e+06
1120.08	  5.39348e+06
1121.17	  5.38858e+06
1122.28	  5.38368e+06
1123.38	  5.37877e+06
1124.47	  5.37386e+06
1125.58	  5.36895e+06
1126.67	  5.36403e+06
1127.78	  5.35911e+06
1128.88	  5.35419e+06
1129.97	  5.34926e+06
1131.08	  5.34433e+06
1132.17	  5.3394e+06
1133.28	  5.33446e+06
1134.38	  5.32952e+06
1135.47	  5.32458e+06
1136.58	  5.31963e+06
1137.67	  5.31468e+06
1138.78	  5.30973e+06
1139.88	  5.30478e+06
1140.97	  5.29982e+06
1142.08	  5.29486e+06
1143.17	  5.28989e+06
1144.28	  5.28493e+06
1145.38	  5.27996e+06
1146.47	  5.27498e+06
1147.58	  5.27001e+06
1148.67	  5.26503e+06
1149.78	  5.26005e+06
1150.88	  5.25507e+06
1151.97	  5.25008e+06
1153.08	  5.2451e+06
1154.17	  5.24011e+06
1155.28	  5.23511e+06
1156.38	  5.23012e+06
1157.47	  5.22512e+06
1158.58	  5.22012e+06
1159.67	  5.21512e+06
1160.78	  5.21012e+06
1161.88	  5.20511e+06
1162.97	  5.2001e+06
1164.08	  5.19509e+06
1165.17	  5.19008e+06
1166.28	  5.18507e+06
1167.38	  5.18005e+06
1168.47	  5.17503e+06
1169.58	  5.17001e+06
1170.67	  5.16499e+06
1171.78	  5.15997e+06
1172.88	  5.15494e+06
1173.97	  5.14992e+06
1175.08	  5.14489e+06
1176.17	  5.13986e+06
1177.28	  5.13483e+06
1178.38	  5.12979e+06
1179.47	  5.12476e+06
1180.58	  5.11972e+06
1181.67	  5.11468e+06
1182.78	  5.10964e+06
1183.88	  5.1046e+06
1184.97	  5.09956e+06
1186.08	  5.09451e+06
1187.17	  5.08947e+06
1188.28	  5.08442e+06
1189.38	  5.07938e+06
1190.47	  5.07433e+06
1191.58	  5.06928e+06
1192.67	  5.06422e+06
1193.78	  5.05917e+06
1194.88	  5.05412e+06
1195.97	  5.04906e+06
1197.08	  5.04401e+06
1198.17	  5.03895e+06
1199.28	  5.03389e+06
1200.38	  5.02884e+06
1201.47	  5.02378e+06
1202.58	  5.01872e+06
1203.67	  5.01366e+06
1204.78	  5.00859e+06
1205.88	  5.00353e+06
1206.97	  4.99847e+06
1208.08	  4.9934e+06
1209.17	  4.98834e+06
1210.28	  4.98327e+06
1211.38	  4.97821e+06
1212.47	  4.97314e+06
1213.58	  4.96807e+06
1214.67	  4.96301e+06
1215.78	  4.95794e+06
1216.88	  4.95287e+06
1217.97	  4.9478e+06
1219.08	  4.94273e+06
1220.17	  4.93766e+06
1221.28	  4.93259e+06
1222.38	  4.92752e+06
1223.47	  4.92245e+06
1224.58	  4.91738e+06
1225.67	  4.91231e+06
1226.78	  4.90724e+06
1227.88	  4.90217e+06
1228.97	  4.8971e+06
1230.08	  4.89202e+06
1231.17	  4.88695e+06
1232.28	  4.88188e+06
1233.38	  4.87681e+06
1234.47	  4.87174e+06
1235.58	  4.86666e+06
1236.67	  4.86159e+06
1237.78	  4.85652e+06
1238.88	  4.85145e+06
1239.97	  4.84638e+06
1241.08	  4.84131e+06
1242.17	  4.83624e+06
1243.28	  4.83116e+06
1244.38	  4.82609e+06
1245.47	  4.82102e+06
1246.58	  4.81595e+06
1247.67	  4.81088e+06
1248.78	  4.80581e+06
1249.88	  4.80074e+06
1250.97	  4.79568e+06
1252.08	  4.79061e+06
1253.17	  4.78554e+06
1254.28	  4.78047e+06
1255.38	  4.77541e+06
1256.47	  4.77034e+06
1257.58	  4.76527e+06
1258.67	  4.76021e+06
1259.78	  4.75514e+06
1260.88	  4.75008e+06
1261.97	  4.74502e+06
1263.08	  4.73995e+06
1264.17	  4.73489e+06
1265.28	  4.72983e+06
1266.38	  4.72477e+06
1267.47	  4.71971e+06
1268.58	  4.71465e+06
1269.67	  4.70959e+06
1270.78	  4.70454e+06
1271.88	  4.69948e+06
1272.97	  4.69442e+06
1274.08	  4.68937e+06
1275.17	  4.68431e+06
1276.28	  4.67926e+06
1277.38	  4.67421e+06
1278.47	  4.66916e+06
1279.58	  4.66411e+06
1280.67	  4.65906e+06
1281.78	  4.65401e+06
1282.88	  4.64897e+06
1283.97	  4.64392e+06
1285.08	  4.63888e+06
1286.17	  4.63383e+06
1287.28	  4.62879e+06
1288.38	  4.62375e+06
1289.47	  4.61871e+06
1290.58	  4.61367e+06
1291.67	  4.60863e+06
1292.78	  4.6036e+06
1293.88	  4.59856e+06
1294.97	  4.59353e+06
1296.08	  4.5885e+06
1297.17	  4.58346e+06
1298.28	  4.57844e+06
1299.38	  4.57341e+06
1300.47	  4.56838e+06
1301.58	  4.56335e+06
1302.67	  4.55833e+06
1303.78	  4.55331e+06
1304.88	  4.54829e+06
1305.97	  4.54327e+06
1307.08	  4.53825e+06
1308.17	  4.53323e+06
1309.28	  4.52822e+06
1310.38	  4.52321e+06
1311.47	  4.51819e+06
1312.58	  4.51318e+06
1313.67	  4.50818e+06
1314.78	  4.50317e+06
1315.88	  4.49816e+06
1316.97	  4.49316e+06
1318.08	  4.48816e+06
1319.17	  4.48316e+06
1320.28	  4.47816e+06
1321.38	  4.47317e+06
1322.47	  4.46817e+06
1323.58	  4.46318e+06
1324.67	  4.45819e+06
1325.78	  4.4532e+06
1326.88	  4.44821e+06
1327.97	  4.44322e+06
1329.08	  4.43824e+06
1330.17	  4.43326e+06
1331.28	  4.42828e+06
1332.38	  4.4233e+06
1333.47	  4.41833e+06
1334.58	  4.41335e+06
1335.67	  4.40838e+06
1336.78	  4.40341e+06
1337.88	  4.39844e+06
1338.97	  4.39348e+06
1340.08	  4.38851e+06
1341.17	  4.38355e+06
1342.28	  4.37859e+06
1343.38	  4.37363e+06
1344.47	  4.36868e+06
1345.58	  4.36373e+06
1346.67	  4.35877e+06
1347.78	  4.35383e+06
1348.88	  4.34888e+06
1349.97	  4.34393e+06
1351.08	  4.33899e+06
1352.17	  4.33405e+06
1353.28	  4.32911e+06
1354.38	  4.32418e+06
1355.47	  4.31924e+06
1356.58	  4.31431e+06
1357.67	  4.30938e+06
1358.78	  4.30446e+06
1359.88	  4.29953e+06
1360.97	  4.29461e+06
1362.08	  4.28969e+06
1363.17	  4.28478e+06
1364.28	  4.27986e+06
1365.38	  4.27495e+06
1366.47	  4.27004e+06
1367.58	  4.26513e+06
1368.67	  4.26023e+06
1369.78	  4.25532e+06
1370.88	  4.25042e+06
1371.97	  4.24553e+06
1373.08	  4.24063e+06
1374.17	  4.23574e+06
1375.28	  4.23085e+06
1376.38	  4.22596e+06
1377.47	  4.22108e+06
1378.58	  4.21619e+06
1379.67	  4.21131e+06
1380.78	  4.20644e+06
1381.88	  4.20156e+06
1382.97	  4.19669e+06
1384.08	  4.19182e+06
1385.17	  4.18695e+06
1386.28	  4.18209e+06
1387.38	  4.17723e+06
1388.47	  4.17237e+06
1389.58	  4.16751e+06
1390.67	  4.16266e+06
1391.78	  4.15781e+06
1392.88	  4.15296e+06
1393.97	  4.14811e+06
1395.08	  4.14327e+06
1396.17	  4.13843e+06
1397.28	  4.13359e+06
1398.38	  4.12876e+06
1399.47	  4.12393e+06
1400.58	  4.1191e+06
1401.67	  4.11427e+06
1402.78	  4.10945e+06
1403.88	  4.10463e+06
1404.97	  4.09981e+06
1406.08	  4.095e+06
1407.17	  4.09019e+06
1408.28	  4.08538e+06
1409.38	  4.08057e+06
1410.47	  4.07577e+06
1411.58	  4.07097e+06
1412.67	  4.06617e+06
1413.78	  4.06138e+06
1414.88	  4.05659e+06
1415.97	  4.0518e+06
1417.08	  4.04702e+06
1418.17	  4.04223e+06
1419.28	  4.03745e+06
1420.38	  4.03268e+06
1421.47	  4.02791e+06
1422.58	  4.02314e+06
1423.67	  4.01837e+06
1424.78	  4.0136e+06
1425.88	  4.00884e+06
1426.97	  4.00409e+06
1428.08	  3.99933e+06
1429.17	  3.99458e+06
1430.28	  3.98983e+06
1431.38	  3.98508e+06
1432.47	  3.98034e+06
1433.58	  3.9756e+06
1434.67	  3.97087e+06
1435.78	  3.96613e+06
1436.88	  3.9614e+06
1437.97	  3.95668e+06
1439.08	  3.95195e+06
1440.17	  3.94723e+06
1441.28	  3.94251e+06
1442.38	  3.9378e+06
1443.47	  3.93309e+06
1444.58	  3.92838e+06
1445.67	  3.92368e+06
1446.78	  3.91898e+06
1447.88	  3.91428e+06
1448.97	  3.90958e+06
1450.08	  3.90489e+06
1451.17	  3.9002e+06
1452.28	  3.89552e+06
1453.38	  3.89084e+06
1454.47	  3.88616e+06
1455.58	  3.88148e+06
1456.67	  3.87681e+06
1457.78	  3.87214e+06
1458.88	  2.61231e+06
1459.97	  2.60977e+06
1461.08	  2.60722e+06
1462.17	  2.60468e+06
1463.28	  2.60214e+06
1464.38	  2.5996e+06
1465.47	  2.59706e+06
1466.58	  2.59453e+06
1467.67	  2.59199e+06
1468.78	  2.58945e+06
1469.88	  2.58692e+06
1470.97	  2.58439e+06
1472.08	  2.58186e+06
1473.17	  2.57933e+06
1474.28	  2.5768e+06
1475.38	  2.57427e+06
1476.47	  2.57175e+06
1477.58	  2.56922e+06
1478.67	  2.5667e+06
1479.78	  2.56417e+06
1480.88	  2.56165e+06
1481.97	  2.55913e+06
1483.08	  2.55662e+06
1484.17	  2.5541e+06
1485.28	  2.55158e+06
1486.38	  2.54907e+06
1487.47	  2.54655e+06
1488.58	  2.54404e+06
1489.67	  2.54153e+06
1490.78	  2.53902e+06
1491.88	  2.53651e+06
1492.97	  2.53401e+06
1494.08	  2.5315e+06
1495.17	  2.529e+06
1496.28	  2.5265e+06
1497.38	  2.52399e+06
1498.47	  2.52149e+06
1499.58	  2.51899e+06
1500.67	  2.5165e+06
1501.78	  2.514e+06
1502.88	  2.51151e+06
1503.97	  2.50901e+06
1505.08	  2.50652e+06
1506.17	  2.50403e+06
1507.28	  2.50154e+06
1508.38	  2.49905e+06
1509.47	  2.49657e+06
1510.58	  2.49408e+06
1511.67	  2.4916e+06
1512.78	  2.48912e+06
1513.88	  2.48664e+06
1514.97	  2.48416e+06
1516.08	  2.48168e+06
1517.17	  2.4792e+06
1518.28	  2.47673e+06
1519.38	  2.47425e+06
1520.47	  2.47178e+06
1521.58	  2.46931e+06
1522.67	  2.46684e+06
1523.78	  2.46437e+06
1524.88	  2.46191e+06
1525.97	  2.45944e+06
1527.08	  2.45698e+06
1528.17	  2.45451e+06
1529.28	  2.45205e+06
1530.38	  2.44959e+06
1531.47	  2.44714e+06
1532.58	  2.44468e+06
1533.67	  2.44222e+06
1534.78	  2.43977e+06
1535.88	  2.43732e+06
1536.97	  2.43487e+06
1538.08	  2.43242e+06
1539.17	  2.42997e+06
1540.28	  2.42752e+06
1541.38	  2.42508e+06
1542.47	  2.42264e+06
1543.58	  2.42019e+06
1544.67	  2.41775e+06
1545.78	  2.41532e+06
1546.88	  2.41288e+06
1547.97	  2.41044e+06
1549.08	  2.40801e+06
1550.17	  2.40558e+06
1551.28	  2.40314e+06
1552.38	  2.40071e+06
1553.47	  2.39829e+06
1554.58	  2.39586e+06
1555.67	  2.39344e+06
1556.78	  2.39101e+06
1557.88	  2.38859e+06
1558.97	  2.38617e+06
1560.08	  2.38375e+06
1561.17	  2.38133e+06
1562.28	  2.37892e+06
1563.38	  2.3765e+06
1564.47	  2.37409e+06
1565.58	  2.37168e+06
1566.67	  2.36927e+06
1567.78	  2.36686e+06
1568.88	  2.36445e+06
1569.97	  2.36205e+06
1571.08	  2.35965e+06
1572.17	  2.35724e+06
1573.28	  2.35484e+06
1574.38	  2.35244e+06
1575.47	  2.35005e+06
1576.58	  2.34765e+06
1577.67	  2.34526e+06
1578.78	  2.34287e+06
1579.88	  2.34047e+06
1580.97	  2.33809e+06
1582.08	  2.3357e+06
1583.17	  2.33331e+06
1584.28	  2.33093e+06
1585.38	  2.32854e+06
1586.47	  2.32616e+06
1587.58	  2.32378e+06
1588.67	  2.32141e+06
1589.78	  2.31903e+06
1590.88	  2.31665e+06
1591.97	  2.31428e+06
1593.08	  2.31191e+06
1594.17	  2.30954e+06
1595.28	  2.30717e+06
1596.38	  2.3048e+06
1597.47	  2.30244e+06
1598.58	  2.30008e+06
1599.67	  2.29771e+06
1600.78	  2.29535e+06
1601.88	  2.293e+06
1602.97	  2.29064e+06
1604.08	  2.28828e+06
1605.17	  2.28593e+06
1606.28	  2.28358e+06
1607.38	  2.28123e+06
1608.47	  2.27888e+06
1609.58	  2.27653e+06
1610.67	  2.27419e+06
1611.78	  2.27184e+06
1612.88	  2.2695e+06
1613.97	  2.26716e+06
1615.08	  2.26482e+06
1616.17	  2.26248e+06
1617.28	  2.26015e+06
1618.38	  2.25782e+06
1619.47	  2.25548e+06
1620.58	  2.25315e+06
1621.67	  2.25082e+06
1622.78	  2.2485e+06
1623.88	  2.24617e+06
1624.97	  2.24385e+06
1626.08	  2.24153e+06
1627.17	  2.23921e+06
1628.28	  2.23689e+06
1629.38	  2.23457e+06
1630.47	  2.23226e+06
1631.58	  2.22994e+06
1632.67	  2.22763e+06
1633.78	  2.22532e+06
1634.88	  2.22301e+06
1635.97	  2.22071e+06
1637.08	  2.2184e+06
1638.17	  2.2161e+06
1639.28	  2.2138e+06
1640.38	  2.2115e+06
1641.47	  2.2092e+06
1642.58	  2.2069e+06
1643.67	  2.20461e+06
1644.78	  2.20232e+06
1645.88	  2.20003e+06
1646.97	  2.19774e+06
1648.08	  2.19545e+06
1649.17	  2.19316e+06
1650.28	  2.19088e+06
1651.38	  2.1886e+06
1652.47	  2.18632e+06
1653.58	  2.18404e+06
1654.67	  2.18176e+06
1655.78	  2.17949e+06
1656.88	  2.17721e+06
1657.97	  2.17494e+06
1659.08	  2.17267e+06
1660.17	  2.1704e+06
1661.28	  2.16813e+06
1662.38	  2.16587e+06
1663.47	  2.1636e+06
1664.58	  2.16134e+06
1665.67	  2.15908e+06
1666.78	  2.15682e+06
1667.88	  2.15457e+06
1668.97	  2.15231e+06
1670.08	  2.15006e+06
1671.17	  2.1478e+06
1672.28	  2.14555e+06
1673.38	  2.14331e+06
1674.47	  2.14106e+06
1675.58	  2.13881e+06
1676.67	  2.13657e+06
1677.78	  2.13433e+06
1678.88	  2.13209e+06
1679.97	  2.12985e+06
1681.08	  2.12761e+06
1682.17	  2.12538e+06
1683.28	  2.12315e+06
1684.38	  2.12092e+06
1685.47	  2.11869e+06
1686.58	  2.11646e+06
1687.67	  2.11423e+06
1688.78	  2.11201e+06
1689.88	  2.10978e+06
1690.97	  2.10756e+06
1692.08	  2.10534e+06
1693.17	  2.10313e+06
1694.28	  2.10091e+06
1695.38	  2.0987e+06
1696.47	  2.09648e+06
1697.58	  2.09427e+06
1698.67	  2.09206e+06
1699.78	  2.08986e+06
1700.88	  2.08765e+06
1701.97	  2.08545e+06
1703.08	  2.08325e+06
1704.17	  2.08104e+06
1705.28	  2.07885e+06
1706.38	  2.07665e+06
1707.47	  2.07445e+06
1708.58	  2.07226e+06
1709.67	  2.07007e+06
1710.78	  2.06788e+06
1711.88	  2.06569e+06
1712.97	  2.0635e+06
1714.08	  2.06132e+06
1715.17	  2.05914e+06
1716.28	  2.05696e+06
1717.38	  2.05478e+06
1718.47	  2.0526e+06
1719.58	  2.05042e+06
1720.67	  2.04825e+06
1721.78	  2.04608e+06
1722.88	  2.04391e+06
1723.97	  2.04174e+06
1725.08	  2.03957e+06
1726.17	  2.0374e+06
1727.28	  2.03524e+06
1728.38	  2.03308e+06
1729.47	  2.03092e+06
1730.58	  2.02876e+06
1731.67	  2.0266e+06
1732.78	  2.02445e+06
1733.88	  2.0223e+06
1734.97	  2.02014e+06
1736.08	  2.01799e+06
1737.17	  2.01585e+06
1738.28	  2.0137e+06
1739.38	  2.01156e+06
1740.47	  2.00941e+06
1741.58	  2.00727e+06
1742.67	  2.00513e+06
1743.78	  2.003e+06
1744.88	  2.00086e+06
1745.97	  1.99873e+06
1747.08	  1.99659e+06
1748.17	  1.99446e+06
1749.28	  1.99234e+06
1750.38	  1.99021e+06
1751.47	  1.98808e+06
1752.58	  1.98596e+06
1753.67	  1.98384e+06
1754.78	  1.98172e+06
1755.88	  1.9796e+06
1756.97	  1.97749e+06
1758.08	  1.97537e+06
1759.17	  1.97326e+06
1760.28	  1.97115e+06
1761.38	  1.96904e+06
1762.47	  1.96693e+06
1763.58	  1.96483e+06
1764.67	  1.96272e+06
1765.78	  1.96062e+06
1766.88	  1.95852e+06
1767.97	  1.95642e+06
1769.08	  1.95432e+06
1770.17	  1.95223e+06
1771.28	  1.95014e+06
1772.38	  1.94804e+06
1773.47	  1.94596e+06
1774.58	  1.94387e+06
1775.67	  1.94178e+06
1776.78	  1.9397e+06
1777.88	  1.93761e+06
1778.97	  1.93553e+06
1780.08	  1.93345e+06
1781.17	  1.93138e+06
1782.28	  1.9293e+06
1783.38	  1.92723e+06
1784.47	  1.92516e+06
1785.58	  1.92309e+06
1786.67	  1.92102e+06
1787.78	  1.91895e+06
1788.88	  1.91689e+06
1789.97	  1.91482e+06
1791.08	  1.91276e+06
1792.17	  1.9107e+06
1793.28	  1.90865e+06
1794.38	  1.90659e+06
1795.47	  1.90454e+06
1796.58	  1.90248e+06
1797.67	  1.90043e+06
1798.78	  1.89838e+06
1799.88	  1.89634e+06
1800.97	  1.89429e+06
1802.08	  1.89225e+06
1803.17	  1.89021e+06
1804.28	  1.88817e+06
1805.38	  1.88613e+06
1806.47	  1.88409e+06
1807.58	  1.88206e+06
1808.67	  1.88002e+06
1809.78	  1.87799e+06
1810.88	  1.87596e+06
1811.97	  1.87394e+06
1813.08	  1.87191e+06
1814.17	  1.86989e+06
1815.28	  1.86787e+06
1816.38	  1.86584e+06
1817.47	  1.86383e+06
1818.58	  1.86181e+06
1819.67	  1.85979e+06
1820.78	  1.85778e+06
1821.88	  1.85577e+06
1822.97	  1.85376e+06
1824.08	  1.85175e+06
1825.17	  1.84975e+06
1826.28	  1.84774e+06
1827.38	  1.84574e+06
1828.47	  1.84374e+06
1829.58	  1.84174e+06
1830.67	  1.83974e+06
1831.78	  1.83775e+06
1832.88	  1.83575e+06
1833.97	  1.83376e+06
1835.08	  1.83177e+06
1836.17	  1.82978e+06
1837.28	  1.8278e+06
1838.38	  1.82581e+06
1839.47	  1.82383e+06
1840.58	  1.82185e+06
1841.67	  1.81987e+06
1842.78	  1.81789e+06
1843.88	  1.81591e+06
1844.97	  1.81394e+06
1846.08	  1.81197e+06
1847.17	  1.81e+06
1848.28	  1.80803e+06
1849.38	  1.80606e+06
1850.47	  1.8041e+06
1851.58	  1.80213e+06
1852.67	  1.80017e+06
1853.78	  1.79821e+06
1854.88	  1.79625e+06
1855.97	  1.7943e+06
1857.08	  1.79234e+06
1858.17	  1.79039e+06
1859.28	  1.78844e+06
1860.38	  1.78649e+06
1861.47	  1.78454e+06
1862.58	  1.7826e+06
1863.67	  1.78065e+06
1864.78	  1.77871e+06
1865.88	  1.77677e+06
1866.97	  1.77483e+06
1868.08	  1.77289e+06
1869.17	  1.77096e+06
1870.28	  1.76902e+06
1871.38	  1.76709e+06
1872.47	  1.76516e+06
1873.58	  1.76324e+06
1874.67	  1.76131e+06
1875.78	  1.75938e+06
1876.88	  1.75746e+06
1877.97	  1.75554e+06
1879.08	  1.75362e+06
1880.17	  1.7517e+06
1881.28	  1.74979e+06
1882.38	  1.74787e+06
1883.47	  1.74596e+06
1884.58	  1.74405e+06
1885.67	  1.74214e+06
1886.78	  1.74024e+06
1887.88	  1.73833e+06
1888.97	  1.73643e+06
1890.08	  1.73453e+06
1891.17	  1.73263e+06
1892.28	  1.73073e+06
1893.38	  1.72883e+06
1894.47	  1.72694e+06
1895.58	  1.72505e+06
1896.67	  1.72315e+06
1897.78	  1.72127e+06
1898.88	  1.71938e+06
1899.97	  1.71749e+06
1901.08	  1.71561e+06
1902.17	  1.71373e+06
1903.28	  1.71185e+06
1904.38	  1.70997e+06
1905.47	  1.70809e+06
1906.58	  1.70622e+06
1907.67	  1.70434e+06
1908.78	  1.70247e+06
1909.88	  1.7006e+06
1910.97	  1.69873e+06
1912.08	  1.69687e+06
1913.17	  1.695e+06
1914.28	  1.69314e+06
1915.38	  1.69128e+06
1916.47	  1.68942e+06
1917.58	  1.68756e+06
1918.67	  1.6857e+06
1919.78	  1.68385e+06
1920.88	  1.682e+06
1921.97	  1.68015e+06
1923.08	  1.6783e+06
1924.17	  1.67645e+06
1925.28	  1.67461e+06
1926.38	  1.67276e+06
1927.47	  1.67092e+06
1928.58	  1.66908e+06
1929.67	  1.66724e+06
1930.78	  1.66541e+06
1931.88	  1.66357e+06
1932.97	  1.66174e+06
1934.08	  1.65991e+06
1935.17	  1.65808e+06
1936.28	  1.65625e+06
1937.38	  1.65442e+06
1938.47	  1.6526e+06
1939.58	  1.65078e+06
1940.67	  1.64895e+06
1941.78	  1.64714e+06
1942.88	  1.64532e+06
1943.97	  1.6435e+06
1945.08	  1.64169e+06
1946.17	  1.63988e+06
1947.28	  1.63807e+06
1948.38	  1.63626e+06
1949.47	  1.63445e+06
1950.58	  1.63264e+06
1951.67	  1.63084e+06
1952.78	  1.62904e+06
1953.88	  1.62724e+06
1954.97	  1.62544e+06
1956.08	  1.62364e+06
1957.17	  1.62185e+06
1958.28	  1.62006e+06
1959.38	  1.61826e+06
1960.47	  1.61648e+06
1961.58	  1.61469e+06
1962.67	  1.6129e+06
1963.78	  1.61112e+06
1964.88	  1.60933e+06
1965.97	  1.60755e+06
1967.08	  1.60577e+06
1968.17	  1.604e+06
1969.28	  1.60222e+06
1970.38	  1.60045e+06
1971.47	  1.59867e+06
1972.58	  1.5969e+06
1973.67	  1.59513e+06
1974.78	  1.59337e+06
1975.88	  1.5916e+06
1976.97	  1.58984e+06
1978.08	  1.58807e+06
1979.17	  1.58631e+06
1980.28	  1.58456e+06
1981.38	  1.5828e+06
1982.47	  1.58104e+06
1983.58	  1.57929e+06
1984.67	  1.57754e+06
1985.78	  1.57579e+06
1986.88	  1.57404e+06
1987.97	  1.57229e+06
1989.08	  1.57055e+06
1990.17	  1.5688e+06
1991.28	  1.56706e+06
1992.38	  1.56532e+06
1993.47	  1.56358e+06
1994.58	  1.56185e+06
1995.67	  1.56011e+06
1996.78	  1.55838e+06
1997.88	  1.55665e+06
1998.97	  1.55492e+06
2000.08	  1.55319e+06
2001.17	  1.55146e+06
2002.28	  1.54974e+06
2003.38	  1.54802e+06
2004.47	  1.5463e+06
2005.58	  1.54458e+06
2006.67	  1.54286e+06
2007.78	  1.54114e+06
2008.88	  1.53943e+06
2009.97	  1.53772e+06
2011.08	  1.53601e+06
2012.17	  1.5343e+06
2013.28	  1.53259e+06
2014.38	  1.53088e+06
2015.47	  1.52918e+06
2016.58	  1.52748e+06
2017.67	  1.52577e+06
2018.78	  1.52408e+06
2019.88	  1.52238e+06
2020.97	  1.52068e+06
2022.08	  1.51899e+06
2023.18	  1.5173e+06
2024.28	  1.51561e+06
2025.38	  1.51392e+06
2026.47	  1.51223e+06
2027.58	  1.51054e+06
2028.68	  1.50886e+06
2029.78	  1.50718e+06
2030.88	  1.5055e+06
2031.97	  1.50382e+06
2033.08	  1.50214e+06
2034.18	  1.50046e+06
2035.28	  1.49879e+06
2036.38	  1.49712e+06
2037.47	  1.49545e+06
2038.58	  1.49378e+06
2039.68	  1.49211e+06
2040.78	  1.49045e+06
2041.88	  1.48878e+06
2042.97	  1.48712e+06
2044.08	  1.48546e+06
2045.18	  1.4838e+06
2046.28	  1.48214e+06
2047.38	  1.48049e+06
2048.47	  1.47883e+06
2049.57	  1.47718e+06
2050.68	  1.47553e+06
2051.78	  1.47388e+06
2052.88	  1.47224e+06
2053.97	  1.47059e+06
2055.07	  1.46895e+06
2056.18	  1.4673e+06
2057.28	  1.46566e+06
2058.38	  1.46402e+06
2059.47	  1.46239e+06
2060.57	  1.46075e+06
2061.68	  1.45912e+06
2062.78	  1.45749e+06
2063.88	  1.45585e+06
2064.97	  1.45423e+06
2066.07	  1.4526e+06
2067.18	  1.45097e+06
2068.28	  1.44935e+06
2069.38	  1.44773e+06
2070.47	  1.44611e+06
2071.57	  1.44449e+06
2072.68	  1.44287e+06
2073.78	  1.44125e+06
2074.88	  1.43964e+06
2075.97	  1.43803e+06
2077.07	  1.43641e+06
2078.18	  1.43481e+06
2079.28	  1.4332e+06
2080.38	  1.43159e+06
2081.47	  1.42999e+06
2082.57	  1.42838e+06
2083.68	  1.42678e+06
2084.78	  1.42518e+06
2085.88	  1.42359e+06
2086.97	  1.42199e+06
2088.07	  1.4204e+06
2089.18	  1.4188e+06
2090.28	  1.41721e+06
2091.38	  1.41562e+06
2092.47	  1.41403e+06
2093.57	  1.41245e+06
2094.68	  1.41086e+06
2095.78	  1.40928e+06
2096.88	  1.4077e+06
2097.97	  1.40612e+06
2099.07	  1.40454e+06
2100.18	  1.40296e+06
2101.28	  1.40139e+06
2102.38	  1.39981e+06
2103.47	  1.39824e+06
2104.57	  1.39667e+06
2105.68	  1.3951e+06
2106.78	  1.39354e+06
2107.88	  1.39197e+06
2108.97	  1.39041e+06
2110.07	  1.38885e+06
2111.18	  1.38728e+06
2112.28	  1.38573e+06
2113.38	  1.38417e+06
2114.47	  1.38261e+06
2115.57	  1.38106e+06
2116.68	  1.37951e+06
2117.78	  1.37795e+06
2118.88	  1.37641e+06
2119.97	  1.37486e+06
2121.07	  1.37331e+06
2122.18	  1.37177e+06
2123.28	  1.37022e+06
2124.38	  1.36868e+06
2125.47	  1.36714e+06
2126.57	  1.36561e+06
2127.68	  1.36407e+06
2128.78	  1.36253e+06
2129.88	  1.361e+06
2130.97	  1.35947e+06
2132.07	  1.35794e+06
2133.18	  1.35641e+06
2134.28	  1.35488e+06
2135.38	  1.35336e+06
2136.47	  1.35183e+06
2137.57	  1.35031e+06
2138.68	  1.34879e+06
2139.78	  1.34727e+06
2140.88	  1.34575e+06
2141.97	  1.34424e+06
2143.07	  1.34272e+06
2144.18	  1.34121e+06
2145.28	  1.3397e+06
2146.38	  1.33819e+06
2147.47	  1.33668e+06
2148.57	  1.33518e+06
2149.68	  1.33367e+06
2150.78	  1.33217e+06
2151.88	  1.33067e+06
2152.97	  1.32917e+06
2154.07	  1.32767e+06
2155.18	  1.32617e+06
2156.28	  1.32467e+06
2157.38	  1.32318e+06
2158.47	  1.32169e+06
2159.57	  1.3202e+06
2160.68	  1.31871e+06
2161.78	  1.31722e+06
2162.88	  1.31573e+06
2163.97	  1.31425e+06
2165.07	  1.31277e+06
2166.18	  1.31129e+06
2167.28	  1.30981e+06
2168.38	  1.30833e+06
2169.47	  1.30685e+06
2170.57	  1.30538e+06
2171.68	  1.3039e+06
2172.78	  1.30243e+06
2173.88	  1.30096e+06
2174.97	  1.29949e+06
2176.07	  1.29802e+06
2177.18	  1.29656e+06
2178.28	  1.29509e+06
2179.38	  1.29363e+06
2180.47	  1.29217e+06
2181.57	  1.29071e+06
2182.68	  1.28925e+06
2183.78	  1.28779e+06
2184.88	  1.28634e+06
2185.97	  1.28488e+06
2187.07	  1.28343e+06
2188.18	  1.28198e+06
2189.28	  1.28053e+06
2190.38	  1.27909e+06
2191.47	  1.27764e+06
2192.57	  1.2762e+06
2193.68	  1.27475e+06
2194.78	  1.27331e+06
2195.88	  1.27187e+06
2196.97	  1.27043e+06
2198.07	  1.269e+06
2199.18	  1.26756e+06
2200.28	  1.26613e+06
2201.38	  1.2647e+06
2202.47	  1.26326e+06
2203.57	  1.26184e+06
2204.68	  1.26041e+06
2205.78	  1.25898e+06
2206.88	  1.25756e+06
2207.97	  1.25613e+06
2209.07	  1.25471e+06
2210.18	  1.25329e+06
2211.28	  1.25187e+06
2212.38	  1.25046e+06
2213.47	  1.24904e+06
2214.57	  1.24763e+06
2215.68	  1.24621e+06
2216.78	  1.2448e+06
2217.88	  1.24339e+06
2218.97	  1.24199e+06
2220.07	  1.24058e+06
2221.18	  1.23917e+06
2222.28	  1.23777e+06
2223.38	  1.23637e+06
2224.47	  1.23497e+06
2225.57	  1.23357e+06
2226.68	  1.23217e+06
2227.78	  1.23078e+06
2228.88	  1.22938e+06
2229.97	  1.22799e+06
2231.07	  1.2266e+06
2232.18	  1.22521e+06
2233.28	  1.22382e+06
2234.38	  1.22243e+06
2235.47	  1.22105e+06
2236.57	  1.21966e+06
2237.68	  1.21828e+06
2238.78	  1.2169e+06
2239.88	  1.21552e+06
2240.97	  1.21414e+06
2242.07	  1.21276e+06
2243.18	  1.21139e+06
2244.28	  1.21001e+06
2245.38	  1.20864e+06
2246.47	  1.20727e+06
2247.57	  1.2059e+06
2248.68	  1.20453e+06
2249.78	  1.20317e+06
2250.88	  1.2018e+06
2251.97	  1.20044e+06
2253.07	  1.19908e+06
2254.18	  1.19772e+06
2255.28	  1.19636e+06
2256.38	  1.195e+06
2257.47	  1.19364e+06
2258.57	  1.19229e+06
2259.68	  1.19094e+06
2260.78	  1.18958e+06
2261.88	  1.18823e+06
2262.97	  1.18689e+06
2264.07	  1.18554e+06
2265.18	  1.18419e+06
2266.28	  1.18285e+06
2267.38	  1.18151e+06
2268.47	  1.18016e+06
2269.57	  1.17882e+06
2270.68	  1.17748e+06
2271.78	  1.17615e+06
2272.88	  1.17481e+06
2273.97	  1.17348e+06
2275.07	  1.17214e+06
2276.18	  1.17081e+06
2277.28	  1.16948e+06
2278.38	  1.16816e+06
2279.47	  1.16683e+06
2280.57	  1.00409e+06
2281.68	  1.00306e+06
2282.78	  1.00203e+06
2283.88	  1.001e+06
2284.97	  999970
2286.07	  998943
2287.18	  997916
2288.28	  996891
2289.38	  995866
2290.47	  994842
2291.57	  993820
2292.68	  992798
2293.78	  991777
2294.88	  990758
2295.97	  989739
2297.07	  988721
2298.18	  987705
2299.28	  986689
2300.38	  985674
2301.47	  984660
2302.57	  983648
2303.68	  982636
2304.78	  981625
2305.88	  980615
2306.97	  979606
2308.07	  978599
2309.18	  977592
2310.28	  976586
2311.38	  975581
2312.47	  974577
2313.57	  973574
2314.68	  972572
2315.78	  971571
2316.88	  970571
2317.97	  969572
2319.07	  968574
2320.18	  967576
2321.28	  966580
2322.38	  965585
2323.47	  964591
2324.57	  963598
2325.68	  962605
2326.78	  961614
2327.88	  960624
2328.97	  959634
2330.07	  958646
2331.18	  957658
2332.28	  956672
2333.38	  955686
2334.47	  954702
2335.57	  953718
2336.68	  952735
2337.78	  951754
2338.88	  950773
2339.97	  949793
2341.07	  948815
2342.18	  947837
2343.28	  946860
2344.38	  945884
2345.47	  944909
2346.57	  943935
2347.68	  942962
2348.78	  941990
2349.88	  941019
2350.97	  940048
2352.07	  939079
2353.18	  938111
2354.28	  937144
2355.38	  936177
2356.47	  935212
2357.57	  934247
2358.68	  933284
2359.78	  932321
2360.88	  931359
2361.97	  930399
2363.07	  929439
2364.18	  928480
2365.28	  927522
2366.38	  926565
2367.47	  925609
2368.57	  924654
2369.68	  923700
2370.78	  922747
2371.88	  921795
2372.97	  920843
2374.07	  919893
2375.18	  918943
2376.28	  917995
2377.38	  917047
2378.47	  916101
2379.57	  915155
2380.68	  914210
2381.78	  913266
2382.88	  912324
2383.97	  911382
2385.07	  910441
2386.18	  909500
2387.28	  908561
2388.38	  907623
2389.47	  906686
2390.57	  905749
2391.68	  904814
2392.78	  903879
2393.88	  902946
2394.97	  902013
2396.07	  901081
2397.18	  900150
2398.28	  899220
2399.38	  898291
2400.47	  897363
2401.57	  896436
2402.68	  895510
2403.78	  894585
2404.88	  893660
2405.97	  892737
2407.07	  891814
2408.18	  890892
2409.28	  889972
2410.38	  889052
2411.47	  888133
2412.57	  887215
2413.68	  886298
2414.78	  885382
2415.88	  884466
2416.97	  883552
2418.07	  882638
2419.18	  881726
2420.28	  880814
2421.38	  879904
2422.47	  878994
2423.57	  878085
2424.68	  877177
2425.78	  876270
2426.88	  875363
2427.97	  874458
2429.07	  873554
2430.18	  872650
2431.28	  871748
2432.38	  870846
2433.47	  869945
2434.57	  869045
2435.68	  868146
2436.78	  867248
2437.88	  866351
2438.97	  865454
2440.07	  864559
2441.18	  863664
2442.28	  862771
2443.38	  861878
2444.47	  860986
2445.57	  860095
2446.68	  859205
2447.78	  858316
2448.88	  857428
2449.97	  856540
2451.07	  855654
2452.18	  854768
2453.28	  853883
2454.38	  852999
2455.47	  852116
2456.57	  851234
2457.68	  850353
2458.78	  849473
2459.88	  848593
2460.97	  847715
2462.07	  846837
2463.18	  845960
2464.28	  845084
2465.38	  844209
2466.47	  843335
2467.57	  842462
2468.68	  841589
2469.78	  840718
2470.88	  839847
2471.97	  838977
2473.07	  838108
2474.18	  837240
2475.28	  836373
2476.38	  835507
2477.47	  834641
