Emission arising from a slab of Hydrogen (both H and H-).
   
Parameters of the slab:
n_e = 1e+13 cm-3
T_e = 9500 K
tau(lambda=300 nm) = 0.75
L = 7.94674e+09 cm
   
Wavelength (nm), Emission (erg s-1 cm-2 nm-1 sr-1)
50	  26.9004
91.2	  28003.1
120	  837201
150	  6.38699e+06
175	  1.89583e+07
200	  4.05975e+07
225	  6.99783e+07
250	  1.03623e+08
270	  1.30779e+08
290	  1.56006e+08
300	  1.67402e+08
305	  1.72729e+08
310	  1.7779e+08
315	  1.82572e+08
320	  1.87066e+08
322.5	  1.89202e+08
325	  1.91263e+08
327	  1.92858e+08
329	  1.94404e+08
329.999	  1.95158e+08
330.266	  1.95358e+08
330.533	  1.95557e+08
330.8	  1.95754e+08
331.067	  1.95951e+08
331.334	  1.96147e+08
331.601	  1.96342e+08
331.868	  1.96536e+08
332.135	  1.9673e+08
332.402	  1.96922e+08
332.669	  1.97114e+08
332.936	  1.97304e+08
333.203	  1.97494e+08
333.47	  1.97683e+08
333.737	  1.97871e+08
334.004	  1.98059e+08
334.271	  1.98245e+08
334.538	  1.9843e+08
334.805	  1.98615e+08
335.072	  1.98799e+08
335.339	  1.98981e+08
335.606	  1.99163e+08
335.873	  1.99344e+08
336.14	  1.99525e+08
336.407	  1.99704e+08
336.674	  1.99882e+08
336.941	  2.0006e+08
337.208	  2.00236e+08
337.475	  2.00412e+08
337.742	  2.00587e+08
338.009	  2.00761e+08
338.276	  2.00934e+08
338.543	  2.01107e+08
338.81	  2.01278e+08
339.077	  2.01448e+08
339.344	  2.01618e+08
339.611	  2.01787e+08
339.878	  2.01955e+08
340.145	  2.02122e+08
340.412	  2.02288e+08
340.679	  2.02453e+08
340.946	  2.02617e+08
341.213	  2.02781e+08
341.48	  2.02943e+08
341.747	  2.03105e+08
342.014	  2.03266e+08
342.281	  2.03426e+08
342.548	  2.03585e+08
342.815	  2.03743e+08
343.082	  2.039e+08
343.349	  2.04057e+08
343.616	  2.04212e+08
343.883	  2.04367e+08
344.15	  2.04521e+08
344.417	  2.04674e+08
344.684	  2.04826e+08
344.951	  2.04977e+08
345.218	  2.05127e+08
345.485	  2.05277e+08
345.752	  2.05425e+08
346.019	  2.05573e+08
346.286	  2.05719e+08
346.553	  2.05865e+08
346.82	  2.0601e+08
347.087	  2.06155e+08
347.354	  2.06298e+08
347.621	  2.0644e+08
347.888	  2.06582e+08
348.155	  2.06722e+08
348.422	  2.06862e+08
348.689	  2.07001e+08
348.956	  2.07139e+08
349.223	  2.07276e+08
349.49	  2.07413e+08
349.757	  2.07548e+08
350.024	  2.07683e+08
350.291	  2.07816e+08
350.558	  2.07949e+08
350.825	  2.08081e+08
351.092	  2.08212e+08
351.359	  2.08342e+08
351.626	  2.08472e+08
351.893	  2.086e+08
352.16	  2.08728e+08
352.427	  2.08855e+08
352.694	  2.0898e+08
352.961	  2.09106e+08
353.228	  2.0923e+08
353.495	  2.09353e+08
353.762	  2.09475e+08
354.029	  2.09597e+08
354.296	  2.09718e+08
354.563	  2.09838e+08
354.83	  2.09957e+08
355.097	  2.10075e+08
355.364	  2.10192e+08
355.631	  2.10308e+08
355.898	  2.10424e+08
356.165	  2.10539e+08
356.432	  2.10652e+08
356.699	  2.10765e+08
356.966	  2.10878e+08
357.233	  2.10989e+08
357.5	  2.11099e+08
357.767	  2.11209e+08
358.034	  2.11318e+08
358.301	  2.11426e+08
358.568	  2.11533e+08
358.835	  2.11639e+08
359.102	  2.11744e+08
359.369	  2.11849e+08
359.636	  2.11952e+08
359.903	  2.12055e+08
360.17	  2.12157e+08
360.437	  2.12258e+08
360.704	  2.12358e+08
360.971	  2.12458e+08
361.238	  2.12556e+08
361.505	  2.12654e+08
361.772	  2.12751e+08
362.039	  2.12847e+08
362.306	  2.12942e+08
362.573	  2.13037e+08
363	  2.13186e+08
363.027	  2.13195e+08
363.054	  2.13205e+08
363.08	  2.13214e+08
363.107	  2.13223e+08
363.134	  2.13232e+08
363.16	  2.13241e+08
363.187	  2.13251e+08
363.214	  2.1326e+08
363.24	  2.13269e+08
363.267	  2.13278e+08
363.294	  2.13287e+08
363.321	  2.13297e+08
363.347	  2.13306e+08
363.374	  2.13315e+08
363.401	  2.13324e+08
363.427	  2.13333e+08
363.454	  2.13342e+08
363.481	  2.13351e+08
363.508	  2.13361e+08
363.534	  2.1337e+08
363.561	  2.13379e+08
363.588	  2.13388e+08
363.614	  2.13397e+08
363.641	  2.13406e+08
363.668	  2.13415e+08
363.694	  2.13424e+08
363.721	  2.13433e+08
363.748	  2.13442e+08
363.774	  2.13451e+08
363.801	  2.1346e+08
363.828	  2.13469e+08
363.855	  2.13478e+08
363.881	  2.13487e+08
363.908	  2.13496e+08
363.935	  2.13505e+08
363.961	  2.13514e+08
363.988	  2.13523e+08
364.015	  2.13532e+08
364.041	  2.13541e+08
364.068	  2.1355e+08
364.095	  2.13559e+08
364.122	  2.13568e+08
364.148	  2.13577e+08
364.175	  2.13586e+08
364.202	  2.13595e+08
364.228	  2.13603e+08
364.255	  2.13612e+08
364.282	  2.13621e+08
364.308	  2.1363e+08
364.335	  2.13639e+08
364.362	  2.13648e+08
364.389	  2.13657e+08
364.415	  2.13665e+08
364.442	  2.13674e+08
364.469	  2.13683e+08
364.495	  2.13692e+08
364.522	  2.13701e+08
364.549	  2.13709e+08
364.575	  2.13718e+08
364.602	  2.13727e+08
364.629	  2.13736e+08
364.656	  2.13744e+08
364.682	  2.13753e+08
364.709	  2.13762e+08
364.736	  1.7984e+07
364.762	  1.79866e+07
364.789	  1.79892e+07
364.816	  1.79918e+07
364.842	  1.79944e+07
364.869	  1.7997e+07
364.896	  1.79996e+07
364.923	  1.80022e+07
364.949	  1.80048e+07
364.976	  1.80074e+07
365.003	  1.801e+07
365.029	  1.80127e+07
365.056	  1.80153e+07
365.083	  1.80179e+07
365.11	  1.80205e+07
365.136	  1.80231e+07
365.163	  1.80257e+07
365.19	  1.80283e+07
365.216	  1.80309e+07
365.243	  1.80335e+07
365.27	  1.80361e+07
365.296	  1.80387e+07
365.323	  1.80413e+07
365.35	  1.80439e+07
365.377	  1.80465e+07
365.403	  1.80491e+07
365.43	  1.80517e+07
365.457	  1.80543e+07
365.483	  1.80569e+07
365.51	  1.80595e+07
365.537	  1.80621e+07
365.563	  1.80648e+07
365.59	  1.80674e+07
365.617	  1.807e+07
365.643	  1.80726e+07
365.67	  1.80752e+07
365.697	  1.80778e+07
365.724	  1.80804e+07
365.75	  1.8083e+07
365.777	  1.80856e+07
365.804	  1.80882e+07
365.83	  1.80908e+07
365.857	  1.80934e+07
365.884	  1.8096e+07
365.91	  1.80986e+07
365.937	  1.81012e+07
365.964	  1.81038e+07
365.991	  1.81064e+07
365.991	  1.81064e+07
366.258	  1.81323e+07
366.525	  1.81583e+07
366.792	  1.81842e+07
367.059	  1.82101e+07
367.326	  1.8236e+07
367.593	  1.82619e+07
367.86	  1.82877e+07
368.127	  1.83135e+07
368.394	  1.83393e+07
368.661	  1.8365e+07
368.928	  1.83908e+07
369.195	  1.84165e+07
369.462	  1.84422e+07
369.729	  1.84678e+07
369.996	  1.84934e+07
370.263	  1.85191e+07
370.53	  1.85446e+07
370.797	  1.85702e+07
371.064	  1.85957e+07
371.331	  1.86212e+07
371.598	  1.86467e+07
371.865	  1.86722e+07
372.132	  1.86976e+07
372.399	  1.8723e+07
372.666	  1.87484e+07
372.933	  1.87737e+07
373.2	  1.87991e+07
373.467	  1.88244e+07
373.734	  1.88496e+07
374.001	  1.88749e+07
374.268	  1.89001e+07
374.535	  1.89253e+07
374.802	  1.89505e+07
375.069	  1.89756e+07
375.336	  1.90008e+07
375.603	  1.90259e+07
375.87	  1.90509e+07
376.137	  1.9076e+07
376.404	  1.9101e+07
376.671	  1.9126e+07
376.938	  1.91509e+07
377.205	  1.91759e+07
377.472	  1.92008e+07
377.739	  1.92257e+07
378.006	  1.92505e+07
378.273	  1.92753e+07
378.54	  1.93001e+07
378.807	  1.93249e+07
379.074	  1.93497e+07
379.341	  1.93744e+07
379.608	  1.93991e+07
379.875	  1.94237e+07
380.142	  1.94484e+07
380.409	  1.9473e+07
380.676	  1.94976e+07
380.943	  1.95221e+07
381.21	  1.95467e+07
381.477	  1.95712e+07
381.744	  1.95957e+07
382.011	  1.96201e+07
382.278	  1.96445e+07
382.545	  1.96689e+07
382.812	  1.96933e+07
383.079	  1.97176e+07
383.346	  1.97419e+07
383.613	  1.97662e+07
383.88	  1.97905e+07
384.147	  1.98147e+07
384.414	  1.98389e+07
384.681	  1.98631e+07
384.948	  1.98872e+07
385.215	  1.99114e+07
385.482	  1.99354e+07
385.749	  1.99595e+07
386.016	  1.99835e+07
386.283	  2.00075e+07
386.55	  2.00315e+07
386.817	  2.00555e+07
387.084	  2.00794e+07
387.351	  2.01033e+07
387.618	  2.01271e+07
387.885	  2.0151e+07
388.152	  2.01748e+07
388.419	  2.01986e+07
388.686	  2.02223e+07
388.953	  2.0246e+07
389.22	  2.02697e+07
389.487	  2.02934e+07
389.754	  2.0317e+07
390.021	  2.03406e+07
390.288	  2.03642e+07
390.555	  2.03877e+07
390.822	  2.04113e+07
391.089	  2.04348e+07
391.356	  2.04582e+07
391.623	  2.04816e+07
391.89	  2.0505e+07
392.157	  2.05284e+07
392.424	  2.05518e+07
392.691	  2.05751e+07
392.958	  2.05984e+07
393.225	  2.06216e+07
393.492	  2.06449e+07
393.759	  2.06681e+07
394.026	  2.06912e+07
394.293	  2.07144e+07
394.56	  2.07375e+07
394.827	  2.07606e+07
395.094	  2.07836e+07
395.361	  2.08066e+07
395.628	  2.08296e+07
395.895	  2.08526e+07
396.162	  2.08755e+07
396.429	  2.08984e+07
396.696	  2.09213e+07
396.963	  2.09442e+07
397.23	  2.0967e+07
397.497	  2.09898e+07
397.764	  2.10125e+07
398.031	  2.10352e+07
398.298	  2.10579e+07
398.565	  2.10806e+07
398.832	  2.11032e+07
399.099	  2.11259e+07
399.366	  2.11484e+07
399.633	  2.1171e+07
399.9	  2.11935e+07
400.167	  2.1216e+07
400.434	  2.12384e+07
400.701	  2.12609e+07
400.968	  2.12833e+07
401.235	  2.13056e+07
401.502	  2.1328e+07
401.769	  2.13503e+07
402.036	  2.13725e+07
402.303	  2.13948e+07
402.57	  2.1417e+07
402.837	  2.14392e+07
403.104	  2.14613e+07
403.371	  2.14835e+07
403.638	  2.15056e+07
403.905	  2.15276e+07
404.172	  2.15497e+07
404.439	  2.15717e+07
404.706	  2.15936e+07
404.973	  2.16156e+07
405.24	  2.16375e+07
405.507	  2.16594e+07
405.774	  2.16812e+07
406.041	  2.1703e+07
406.308	  2.17248e+07
406.575	  2.17466e+07
406.842	  2.17683e+07
407.109	  2.179e+07
407.376	  2.18117e+07
407.643	  2.18333e+07
407.91	  2.18549e+07
408.177	  2.18765e+07
408.444	  2.1898e+07
408.711	  2.19195e+07
408.978	  2.1941e+07
409.245	  2.19625e+07
409.512	  2.19839e+07
409.779	  2.20053e+07
410.046	  2.20266e+07
410.313	  2.2048e+07
410.58	  2.20692e+07
410.847	  2.20905e+07
411.114	  2.21117e+07
411.381	  2.21329e+07
411.648	  2.21541e+07
411.915	  2.21753e+07
412.182	  2.21964e+07
412.449	  2.22174e+07
412.716	  2.22385e+07
412.983	  2.22595e+07
413.25	  2.22805e+07
413.517	  2.23014e+07
413.784	  2.23224e+07
414.051	  2.23432e+07
414.318	  2.23641e+07
414.585	  2.23849e+07
414.852	  2.24057e+07
415.119	  2.24265e+07
415.386	  2.24472e+07
415.653	  2.24679e+07
415.92	  2.24886e+07
416.187	  2.25092e+07
416.454	  2.25298e+07
416.721	  2.25504e+07
416.988	  2.2571e+07
417.255	  2.25915e+07
417.522	  2.2612e+07
417.789	  2.26324e+07
418.056	  2.26528e+07
418.323	  2.26732e+07
418.59	  2.26936e+07
418.857	  2.27139e+07
419.124	  2.27342e+07
419.391	  2.27544e+07
419.658	  2.27747e+07
419.925	  2.27949e+07
420.192	  2.2815e+07
420.459	  2.28352e+07
420.726	  2.28553e+07
420.993	  2.28753e+07
421.26	  2.28954e+07
421.527	  2.29154e+07
421.794	  2.29354e+07
422.061	  2.29553e+07
422.328	  2.29752e+07
422.595	  2.29951e+07
422.862	  2.30149e+07
423.129	  2.30348e+07
423.396	  2.30545e+07
423.663	  2.30743e+07
423.93	  2.3094e+07
424.197	  2.31137e+07
424.464	  2.31334e+07
424.731	  2.3153e+07
424.998	  2.31726e+07
425.265	  2.31921e+07
425.532	  2.32117e+07
425.799	  2.32312e+07
426.066	  2.32506e+07
426.333	  2.32701e+07
426.6	  2.32895e+07
426.867	  2.33088e+07
427.134	  2.33282e+07
427.401	  2.33475e+07
427.668	  2.33668e+07
427.935	  2.3386e+07
428.202	  2.34052e+07
428.469	  2.34244e+07
428.736	  2.34435e+07
429.003	  2.34627e+07
429.27	  2.34817e+07
429.537	  2.35008e+07
429.804	  2.35198e+07
430.071	  2.35388e+07
430.338	  2.35577e+07
430.605	  2.35767e+07
430.872	  2.35956e+07
431.139	  2.36144e+07
431.406	  2.36332e+07
431.673	  2.3652e+07
431.94	  2.36708e+07
432.207	  2.36895e+07
432.474	  2.37082e+07
432.741	  2.37269e+07
433.008	  2.37455e+07
433.275	  2.37641e+07
433.542	  2.37827e+07
433.809	  2.38012e+07
434.076	  2.38197e+07
434.343	  2.38382e+07
434.61	  2.38567e+07
434.877	  2.38751e+07
435.144	  2.38934e+07
435.411	  2.39118e+07
435.678	  2.39301e+07
435.945	  2.39484e+07
436.212	  2.39666e+07
436.479	  2.39848e+07
436.746	  2.4003e+07
437.013	  2.40212e+07
437.28	  2.40393e+07
437.547	  2.40574e+07
437.814	  2.40754e+07
438.081	  2.40935e+07
438.348	  2.41115e+07
438.615	  2.41294e+07
438.882	  2.41473e+07
439.149	  2.41652e+07
439.416	  2.41831e+07
439.683	  2.42009e+07
439.95	  2.42187e+07
440.217	  2.42365e+07
440.484	  2.42542e+07
440.751	  2.42719e+07
441.018	  2.42896e+07
441.285	  2.43072e+07
441.552	  2.43248e+07
441.819	  2.43424e+07
442.086	  2.436e+07
442.353	  2.43775e+07
442.62	  2.4395e+07
442.887	  2.44124e+07
443.154	  2.44298e+07
443.421	  2.44472e+07
443.688	  2.44645e+07
443.955	  2.44819e+07
444.222	  2.44991e+07
444.489	  2.45164e+07
444.756	  2.45336e+07
445.023	  2.45508e+07
445.29	  2.45679e+07
445.557	  2.45851e+07
445.824	  2.46022e+07
446.091	  2.46192e+07
446.358	  2.46362e+07
446.625	  2.46532e+07
446.892	  2.46702e+07
447.159	  2.46871e+07
447.426	  2.4704e+07
447.693	  2.47209e+07
447.96	  2.47377e+07
448.227	  2.47545e+07
448.494	  2.47713e+07
448.761	  2.4788e+07
449.028	  2.48047e+07
449.295	  2.48214e+07
449.562	  2.48381e+07
449.829	  2.48547e+07
450.096	  2.48712e+07
450.363	  2.48878e+07
450.63	  2.49043e+07
450.897	  2.49208e+07
451.164	  2.49372e+07
451.431	  2.49536e+07
451.698	  2.497e+07
451.965	  2.49864e+07
452.232	  2.50027e+07
452.499	  2.5019e+07
452.766	  2.50353e+07
453.033	  2.50515e+07
453.3	  2.50677e+07
453.567	  2.50838e+07
453.834	  2.51e+07
454.101	  2.5116e+07
454.368	  2.51321e+07
454.635	  2.51481e+07
454.902	  2.51641e+07
455.169	  2.51801e+07
455.436	  2.5196e+07
455.703	  2.5212e+07
455.97	  2.52278e+07
456.237	  2.52437e+07
456.504	  2.52595e+07
456.771	  2.52752e+07
457.038	  2.5291e+07
457.305	  2.53067e+07
457.572	  2.53224e+07
457.839	  2.5338e+07
458.106	  2.53536e+07
458.373	  2.53692e+07
458.64	  2.53848e+07
458.907	  2.54003e+07
459.174	  2.54158e+07
459.441	  2.54312e+07
459.708	  2.54467e+07
459.975	  2.54621e+07
460.242	  2.54774e+07
460.509	  2.54928e+07
460.776	  2.55081e+07
461.043	  2.55233e+07
461.31	  2.55386e+07
461.577	  2.55538e+07
461.844	  2.55689e+07
462.111	  2.55841e+07
462.378	  2.55992e+07
462.645	  2.56142e+07
462.912	  2.56293e+07
463.179	  2.56443e+07
463.446	  2.56593e+07
463.713	  2.56742e+07
463.98	  2.56891e+07
464.247	  2.5704e+07
464.514	  2.57189e+07
464.781	  2.57337e+07
465.048	  2.57485e+07
465.315	  2.57632e+07
465.582	  2.5778e+07
465.849	  2.57927e+07
466.116	  2.58073e+07
466.383	  2.5822e+07
466.65	  2.58366e+07
466.917	  2.58511e+07
467.184	  2.58657e+07
467.451	  2.58802e+07
467.718	  2.58946e+07
467.985	  2.59091e+07
468.252	  2.59235e+07
468.519	  2.59379e+07
468.786	  2.59522e+07
469.053	  2.59665e+07
469.32	  2.59808e+07
469.587	  2.59951e+07
469.854	  2.60093e+07
470.121	  2.60235e+07
470.388	  2.60376e+07
470.655	  2.60518e+07
470.922	  2.60659e+07
471.189	  2.60799e+07
471.456	  2.6094e+07
471.723	  2.6108e+07
471.99	  2.61219e+07
472.257	  2.61359e+07
472.524	  2.61498e+07
472.791	  2.61636e+07
473.058	  2.61775e+07
473.325	  2.61913e+07
473.592	  2.62051e+07
473.859	  2.62188e+07
474.126	  2.62326e+07
474.393	  2.62462e+07
474.66	  2.62599e+07
474.927	  2.62735e+07
475.194	  2.62871e+07
475.461	  2.63007e+07
475.728	  2.63142e+07
475.995	  2.63277e+07
476.262	  2.63412e+07
476.529	  2.63546e+07
476.796	  2.6368e+07
477.063	  2.63814e+07
477.33	  2.63947e+07
477.597	  2.64081e+07
477.864	  2.64213e+07
478.131	  2.64346e+07
478.398	  2.64478e+07
478.665	  2.6461e+07
478.932	  2.64742e+07
479.199	  2.64873e+07
479.466	  2.65004e+07
479.733	  2.65134e+07
480	  2.65265e+07
480.267	  2.65395e+07
480.534	  2.65525e+07
480.801	  2.65654e+07
481.068	  2.65783e+07
481.335	  2.65912e+07
481.602	  2.6604e+07
481.869	  2.66169e+07
482.136	  2.66296e+07
482.403	  2.66424e+07
482.67	  2.66551e+07
482.937	  2.66678e+07
483.204	  2.66805e+07
483.471	  2.66931e+07
483.738	  2.67057e+07
484.005	  2.67183e+07
484.272	  2.67308e+07
484.539	  2.67433e+07
484.806	  2.67558e+07
485.073	  2.67683e+07
485.34	  2.67807e+07
485.607	  2.67931e+07
485.874	  2.68054e+07
486.141	  2.68178e+07
486.408	  2.68301e+07
486.675	  2.68423e+07
486.942	  2.68546e+07
487.209	  2.68668e+07
487.476	  2.68789e+07
487.743	  2.68911e+07
488.01	  2.69032e+07
488.277	  2.69153e+07
488.544	  2.69273e+07
488.811	  2.69394e+07
489.078	  2.69513e+07
489.345	  2.69633e+07
489.612	  2.69752e+07
489.879	  2.69871e+07
490.146	  2.6999e+07
490.413	  2.70108e+07
490.68	  2.70227e+07
490.947	  2.70344e+07
491.214	  2.70462e+07
491.481	  2.70579e+07
491.748	  2.70696e+07
492.015	  2.70813e+07
492.282	  2.70929e+07
492.549	  2.71045e+07
492.816	  2.7116e+07
493.083	  2.71276e+07
493.35	  2.71391e+07
493.617	  2.71506e+07
493.884	  2.7162e+07
494.151	  2.71734e+07
494.418	  2.71848e+07
494.685	  2.71962e+07
494.952	  2.72075e+07
495.219	  2.72188e+07
495.486	  2.72301e+07
495.753	  2.72413e+07
496.02	  2.72525e+07
496.287	  2.72637e+07
496.554	  2.72749e+07
496.821	  2.7286e+07
497.088	  2.72971e+07
497.355	  2.73081e+07
497.622	  2.73191e+07
497.889	  2.73301e+07
498.156	  2.73411e+07
498.423	  2.73521e+07
498.69	  2.7363e+07
498.957	  2.73738e+07
499.224	  2.73847e+07
499.491	  2.73955e+07
499.758	  2.74063e+07
500.025	  2.74171e+07
500.292	  2.74278e+07
500.559	  2.74385e+07
500.826	  2.74492e+07
501.093	  2.74598e+07
501.36	  2.74704e+07
501.627	  2.7481e+07
501.894	  2.74916e+07
502.161	  2.75021e+07
502.428	  2.75126e+07
502.695	  2.75231e+07
502.962	  2.75335e+07
503.229	  2.75439e+07
503.496	  2.75543e+07
503.763	  2.75646e+07
504.03	  2.7575e+07
504.297	  2.75853e+07
504.564	  2.75955e+07
504.831	  2.76058e+07
505.098	  2.7616e+07
505.365	  2.76261e+07
505.632	  2.76363e+07
505.899	  2.76464e+07
506.166	  2.76565e+07
506.433	  2.76665e+07
506.7	  2.76766e+07
506.967	  2.76866e+07
507.234	  2.76965e+07
507.501	  2.77065e+07
507.768	  2.77164e+07
508.035	  2.77263e+07
508.302	  2.77361e+07
508.569	  2.7746e+07
508.836	  2.77558e+07
509.103	  2.77655e+07
509.37	  2.77753e+07
509.637	  2.7785e+07
509.904	  2.77947e+07
510.171	  2.78043e+07
510.438	  2.78139e+07
510.705	  2.78235e+07
510.972	  2.78331e+07
511.239	  2.78426e+07
511.506	  2.78521e+07
511.773	  2.78616e+07
512.04	  2.78711e+07
512.307	  2.78805e+07
512.574	  2.78899e+07
512.841	  2.78993e+07
513.108	  2.79086e+07
513.375	  2.79179e+07
513.642	  2.79272e+07
513.909	  2.79364e+07
514.176	  2.79457e+07
514.443	  2.79549e+07
514.71	  2.7964e+07
514.977	  2.79732e+07
515.244	  2.79823e+07
515.511	  2.79914e+07
515.778	  2.80004e+07
516.045	  2.80094e+07
516.312	  2.80184e+07
516.579	  2.80274e+07
516.846	  2.80363e+07
517.113	  2.80453e+07
517.38	  2.80541e+07
517.647	  2.8063e+07
517.914	  2.80718e+07
518.181	  2.80806e+07
518.448	  2.80894e+07
518.715	  2.80981e+07
518.982	  2.81069e+07
519.249	  2.81156e+07
519.516	  2.81242e+07
519.783	  2.81328e+07
520.05	  2.81414e+07
520.317	  2.815e+07
520.584	  2.81586e+07
520.851	  2.81671e+07
521.118	  2.81756e+07
521.385	  2.8184e+07
521.652	  2.81925e+07
521.919	  2.82009e+07
522.186	  2.82093e+07
522.453	  2.82176e+07
522.72	  2.8226e+07
522.987	  2.82343e+07
523.254	  2.82425e+07
523.521	  2.82508e+07
523.788	  2.8259e+07
524.055	  2.82672e+07
524.322	  2.82753e+07
524.589	  2.82835e+07
524.856	  2.82916e+07
525.123	  2.82996e+07
525.39	  2.83077e+07
525.657	  2.83157e+07
525.924	  2.83237e+07
526.191	  2.83317e+07
526.458	  2.83396e+07
526.725	  2.83475e+07
526.992	  2.83554e+07
527.259	  2.83633e+07
527.526	  2.83711e+07
527.793	  2.83789e+07
528.06	  2.83867e+07
528.327	  2.83944e+07
528.594	  2.84022e+07
528.861	  2.84099e+07
529.128	  2.84175e+07
529.395	  2.84252e+07
529.662	  2.84328e+07
529.929	  2.84404e+07
530.196	  2.84479e+07
530.463	  2.84555e+07
530.73	  2.8463e+07
530.997	  2.84705e+07
531.264	  2.84779e+07
531.531	  2.84853e+07
531.798	  2.84927e+07
532.065	  2.85001e+07
532.332	  2.85074e+07
532.599	  2.85148e+07
532.866	  2.85221e+07
533.133	  2.85293e+07
533.4	  2.85366e+07
533.667	  2.85438e+07
533.934	  2.8551e+07
534.201	  2.85581e+07
534.468	  2.85652e+07
534.735	  2.85724e+07
535.002	  2.85794e+07
535.269	  2.85865e+07
535.536	  2.85935e+07
535.803	  2.86005e+07
536.07	  2.86075e+07
536.337	  2.86144e+07
536.604	  2.86213e+07
536.871	  2.86282e+07
537.138	  2.86351e+07
537.405	  2.86419e+07
537.672	  2.86488e+07
537.939	  2.86555e+07
538.206	  2.86623e+07
538.473	  2.8669e+07
538.74	  2.86758e+07
539.007	  2.86824e+07
539.274	  2.86891e+07
539.541	  2.86957e+07
539.808	  2.87023e+07
540.075	  2.87089e+07
540.342	  2.87155e+07
540.609	  2.8722e+07
540.876	  2.87285e+07
541.143	  2.8735e+07
541.41	  2.87414e+07
541.677	  2.87478e+07
541.944	  2.87542e+07
542.211	  2.87606e+07
542.478	  2.87669e+07
542.745	  2.87733e+07
543.012	  2.87795e+07
543.279	  2.87858e+07
543.546	  2.87921e+07
543.813	  2.87983e+07
544.08	  2.88045e+07
544.347	  2.88106e+07
544.614	  2.88168e+07
544.881	  2.88229e+07
545.148	  2.8829e+07
545.415	  2.8835e+07
545.682	  2.88411e+07
545.949	  2.88471e+07
546.216	  2.88531e+07
546.483	  2.8859e+07
546.75	  2.8865e+07
547.017	  2.88709e+07
547.284	  2.88767e+07
547.551	  2.88826e+07
547.818	  2.88884e+07
548.085	  2.88942e+07
548.352	  2.89e+07
548.619	  2.89058e+07
548.886	  2.89115e+07
549.153	  2.89172e+07
549.42	  2.89229e+07
549.687	  2.89286e+07
549.954	  2.89342e+07
550.221	  2.89398e+07
550.488	  2.89454e+07
550.755	  2.89509e+07
551.022	  2.89565e+07
551.289	  2.8962e+07
551.556	  2.89675e+07
551.823	  2.89729e+07
552.09	  2.89783e+07
552.357	  2.89837e+07
552.624	  2.89891e+07
552.891	  2.89945e+07
553.158	  2.89998e+07
553.425	  2.90051e+07
553.692	  2.90104e+07
553.959	  2.90157e+07
554.226	  2.90209e+07
554.493	  2.90261e+07
554.76	  2.90313e+07
555.027	  2.90364e+07
555.294	  2.90416e+07
555.561	  2.90467e+07
555.828	  2.90518e+07
556.095	  2.90568e+07
556.362	  2.90619e+07
556.629	  2.90669e+07
556.896	  2.90719e+07
557.163	  2.90768e+07
557.43	  2.90818e+07
557.697	  2.90867e+07
557.964	  2.90916e+07
558.231	  2.90964e+07
558.498	  2.91013e+07
558.765	  2.91061e+07
559.032	  2.91109e+07
559.299	  2.91157e+07
559.566	  2.91204e+07
560.009	  2.91282e+07
560.296	  2.91333e+07
560.583	  2.91383e+07
560.87	  2.91432e+07
561.157	  2.91482e+07
561.444	  2.91531e+07
561.731	  2.9158e+07
562.018	  2.91628e+07
562.305	  2.91677e+07
562.592	  2.91725e+07
562.879	  2.91773e+07
563.166	  2.9182e+07
563.453	  2.91867e+07
563.74	  2.91914e+07
564.027	  2.91961e+07
564.314	  2.92008e+07
564.601	  2.92054e+07
564.888	  2.921e+07
565.175	  2.92145e+07
565.462	  2.92191e+07
565.749	  2.92236e+07
566.036	  2.9228e+07
566.323	  2.92325e+07
566.61	  2.92369e+07
566.897	  2.92413e+07
567.184	  2.92457e+07
567.471	  2.925e+07
567.758	  2.92543e+07
568.045	  2.92586e+07
568.332	  2.92629e+07
568.619	  2.92671e+07
568.906	  2.92713e+07
569.193	  2.92755e+07
569.48	  2.92797e+07
569.767	  2.92838e+07
570.054	  2.92879e+07
570.341	  2.9292e+07
570.628	  2.9296e+07
570.915	  2.93001e+07
571.202	  2.9304e+07
571.489	  2.9308e+07
571.776	  2.9312e+07
572.063	  2.93159e+07
572.35	  2.93198e+07
572.637	  2.93236e+07
572.924	  2.93275e+07
573.211	  2.93313e+07
573.498	  2.93351e+07
573.785	  2.93388e+07
574.072	  2.93425e+07
574.359	  2.93462e+07
574.646	  2.93499e+07
574.933	  2.93536e+07
575.22	  2.93572e+07
575.507	  2.93608e+07
575.794	  2.93644e+07
576.081	  2.93679e+07
576.368	  2.93714e+07
576.655	  2.93749e+07
576.942	  2.93784e+07
577.229	  2.93819e+07
577.516	  2.93853e+07
577.803	  2.93887e+07
578.09	  2.9392e+07
578.377	  2.93954e+07
578.664	  2.93987e+07
578.951	  2.9402e+07
579.238	  2.94052e+07
579.525	  2.94085e+07
579.812	  2.94117e+07
580.099	  2.94149e+07
580.386	  2.9418e+07
580.673	  2.94212e+07
580.96	  2.94243e+07
581.247	  2.94274e+07
581.534	  2.94304e+07
581.821	  2.94335e+07
582.108	  2.94365e+07
582.395	  2.94394e+07
582.682	  2.94424e+07
582.969	  2.94453e+07
583.256	  2.94482e+07
583.543	  2.94511e+07
583.83	  2.9454e+07
584.117	  2.94568e+07
584.404	  2.94596e+07
584.691	  2.94624e+07
584.978	  2.94652e+07
585.265	  2.94679e+07
585.552	  2.94706e+07
585.839	  2.94733e+07
586.126	  2.94759e+07
586.413	  2.94786e+07
586.7	  2.94812e+07
586.987	  2.94838e+07
587.274	  2.94863e+07
587.561	  2.94888e+07
587.848	  2.94914e+07
588.135	  2.94938e+07
588.422	  2.94963e+07
588.709	  2.94987e+07
588.996	  2.95011e+07
589.283	  2.95035e+07
589.57	  2.95059e+07
589.857	  2.95082e+07
590.144	  2.95105e+07
590.431	  2.95128e+07
590.718	  2.95151e+07
591.005	  2.95173e+07
591.292	  2.95195e+07
591.579	  2.95217e+07
591.866	  2.95239e+07
592.153	  2.9526e+07
592.44	  2.95282e+07
592.727	  2.95302e+07
593.014	  2.95323e+07
593.301	  2.95344e+07
593.588	  2.95364e+07
593.875	  2.95384e+07
594.162	  2.95403e+07
594.449	  2.95423e+07
594.736	  2.95442e+07
595.023	  2.95461e+07
595.31	  2.9548e+07
595.597	  2.95499e+07
595.884	  2.95517e+07
596.171	  2.95535e+07
596.458	  2.95553e+07
596.745	  2.9557e+07
597.032	  2.95588e+07
597.319	  2.95605e+07
597.606	  2.95622e+07
597.893	  2.95638e+07
598.18	  2.95655e+07
598.467	  2.95671e+07
598.754	  2.95687e+07
599.041	  2.95703e+07
599.328	  2.95718e+07
599.615	  2.95733e+07
599.902	  2.95748e+07
600.189	  2.95763e+07
600.476	  2.95778e+07
600.763	  2.95792e+07
601.05	  2.95806e+07
601.337	  2.9582e+07
601.624	  2.95833e+07
601.911	  2.95847e+07
602.198	  2.9586e+07
602.485	  2.95873e+07
602.772	  2.95886e+07
603.059	  2.95898e+07
603.346	  2.9591e+07
603.633	  2.95922e+07
603.92	  2.95934e+07
604.207	  2.95946e+07
604.494	  2.95957e+07
604.781	  2.95968e+07
605.068	  2.95979e+07
605.355	  2.95989e+07
605.642	  2.96e+07
605.929	  2.9601e+07
606.216	  2.9602e+07
606.503	  2.9603e+07
606.79	  2.96039e+07
607.077	  2.96049e+07
607.364	  2.96058e+07
607.651	  2.96066e+07
607.938	  2.96075e+07
608.225	  2.96083e+07
608.512	  2.96092e+07
608.799	  2.96099e+07
609.086	  2.96107e+07
609.373	  2.96115e+07
609.66	  2.96122e+07
609.947	  2.96129e+07
610.234	  2.96136e+07
610.521	  2.96142e+07
610.808	  2.96149e+07
611.095	  2.96155e+07
611.382	  2.96161e+07
611.669	  2.96167e+07
611.956	  2.96172e+07
612.243	  2.96177e+07
612.53	  2.96182e+07
612.817	  2.96187e+07
613.104	  2.96192e+07
613.391	  2.96196e+07
613.678	  2.96201e+07
613.965	  2.96205e+07
614.252	  2.96208e+07
614.539	  2.96212e+07
614.826	  2.96215e+07
615.113	  2.96218e+07
615.4	  2.96221e+07
615.687	  2.96224e+07
615.974	  2.96226e+07
616.261	  2.96229e+07
616.548	  2.96231e+07
616.835	  2.96232e+07
617.122	  2.96234e+07
617.409	  2.96235e+07
617.696	  2.96237e+07
617.983	  2.96237e+07
618.27	  2.96238e+07
618.557	  2.96239e+07
618.844	  2.96239e+07
619.131	  2.96239e+07
619.418	  2.96239e+07
619.705	  2.96239e+07
619.992	  2.96238e+07
620.279	  2.96238e+07
620.566	  2.96237e+07
620.853	  2.96235e+07
621.14	  2.96234e+07
621.427	  2.96233e+07
621.714	  2.96231e+07
622.001	  2.96229e+07
622.288	  2.96227e+07
622.575	  2.96224e+07
622.862	  2.96222e+07
623.149	  2.96219e+07
623.436	  2.96216e+07
623.723	  2.96212e+07
624.01	  2.96209e+07
624.297	  2.96205e+07
624.584	  2.96202e+07
624.871	  2.96197e+07
625.158	  2.96193e+07
625.445	  2.96189e+07
625.732	  2.96184e+07
626.019	  2.96179e+07
626.306	  2.96174e+07
626.593	  2.96169e+07
626.88	  2.96163e+07
627.167	  2.96158e+07
627.454	  2.96152e+07
627.741	  2.96146e+07
628.028	  2.96139e+07
628.315	  2.96133e+07
628.602	  2.96126e+07
628.889	  2.96119e+07
629.176	  2.96112e+07
629.463	  2.96105e+07
629.75	  2.96097e+07
630.037	  2.9609e+07
630.324	  2.96082e+07
630.611	  2.96074e+07
630.898	  2.96065e+07
631.185	  2.96057e+07
631.472	  2.96048e+07
631.759	  2.96039e+07
632.046	  2.9603e+07
632.333	  2.96021e+07
632.62	  2.96011e+07
632.907	  2.96002e+07
633.194	  2.95992e+07
633.481	  2.95982e+07
633.768	  2.95972e+07
634.055	  2.95961e+07
634.342	  2.9595e+07
634.629	  2.9594e+07
634.916	  2.95929e+07
635.203	  2.95917e+07
635.49	  2.95906e+07
635.777	  2.95894e+07
636.064	  2.95882e+07
636.351	  2.9587e+07
636.638	  2.95858e+07
636.925	  2.95846e+07
637.212	  2.95833e+07
637.499	  2.9582e+07
637.786	  2.95807e+07
638.073	  2.95794e+07
638.36	  2.95781e+07
638.647	  2.95767e+07
638.934	  2.95754e+07
639.221	  2.9574e+07
639.508	  2.95725e+07
639.795	  2.95711e+07
640.082	  2.95697e+07
640.369	  2.95682e+07
640.656	  2.95667e+07
640.943	  2.95652e+07
641.23	  2.95637e+07
641.517	  2.95621e+07
641.804	  2.95606e+07
642.091	  2.9559e+07
642.378	  2.95574e+07
642.665	  2.95558e+07
642.952	  2.95541e+07
643.239	  2.95525e+07
643.526	  2.95508e+07
643.813	  2.95491e+07
644.1	  2.95474e+07
644.387	  2.95457e+07
644.674	  2.95439e+07
644.961	  2.95421e+07
645.248	  2.95404e+07
645.535	  2.95386e+07
645.822	  2.95367e+07
646.109	  2.95349e+07
646.396	  2.9533e+07
646.683	  2.95312e+07
646.97	  2.95293e+07
647.257	  2.95273e+07
647.544	  2.95254e+07
647.831	  2.95235e+07
648.118	  2.95215e+07
648.405	  2.95195e+07
648.692	  2.95175e+07
648.979	  2.95155e+07
649.266	  2.95134e+07
649.553	  2.95114e+07
649.84	  2.95093e+07
650.127	  2.95072e+07
650.414	  2.95051e+07
650.701	  2.9503e+07
650.988	  2.95008e+07
651.275	  2.94987e+07
651.562	  2.94965e+07
651.849	  2.94943e+07
652.136	  2.94921e+07
652.423	  2.94898e+07
652.71	  2.94876e+07
652.997	  2.94853e+07
653.284	  2.9483e+07
653.571	  2.94807e+07
653.858	  2.94784e+07
654.145	  2.9476e+07
654.432	  2.94737e+07
654.719	  2.94713e+07
655.006	  2.94689e+07
655.293	  2.94665e+07
655.58	  2.94641e+07
655.867	  2.94616e+07
656.154	  2.94592e+07
656.441	  2.94567e+07
656.728	  2.94542e+07
657.015	  2.94517e+07
657.302	  2.94492e+07
657.589	  2.94466e+07
657.876	  2.9444e+07
658.163	  2.94415e+07
658.45	  2.94389e+07
658.737	  2.94362e+07
659.024	  2.94336e+07
659.311	  2.9431e+07
659.598	  2.94283e+07
659.885	  2.94256e+07
660.172	  2.94229e+07
660.459	  2.94202e+07
660.746	  2.94175e+07
661.033	  2.94147e+07
661.32	  2.94119e+07
661.607	  2.94092e+07
661.894	  2.94063e+07
662.181	  2.94035e+07
662.468	  2.94007e+07
662.755	  2.93978e+07
663.042	  2.9395e+07
663.329	  2.93921e+07
663.616	  2.93892e+07
663.903	  2.93863e+07
664.19	  2.93833e+07
664.477	  2.93804e+07
664.764	  2.93774e+07
665.051	  2.93744e+07
665.338	  2.93714e+07
665.625	  2.93684e+07
665.912	  2.93654e+07
666.199	  2.93623e+07
666.486	  2.93593e+07
666.773	  2.93562e+07
667.06	  2.93531e+07
667.347	  2.935e+07
667.634	  2.93469e+07
667.921	  2.93437e+07
668.208	  2.93405e+07
668.495	  2.93374e+07
668.782	  2.93342e+07
669.069	  2.9331e+07
669.356	  2.93277e+07
669.643	  2.93245e+07
669.93	  2.93212e+07
670.217	  2.9318e+07
670.504	  2.93147e+07
670.791	  2.93114e+07
671.078	  2.93081e+07
671.365	  2.93047e+07
671.652	  2.93014e+07
671.939	  2.9298e+07
672.226	  2.92946e+07
672.513	  2.92912e+07
672.8	  2.92878e+07
673.087	  2.92844e+07
673.374	  2.92809e+07
673.661	  2.92775e+07
673.948	  2.9274e+07
674.235	  2.92705e+07
674.522	  2.9267e+07
674.809	  2.92635e+07
675.096	  2.92599e+07
675.383	  2.92564e+07
675.67	  2.92528e+07
675.957	  2.92492e+07
676.244	  2.92456e+07
676.531	  2.9242e+07
676.818	  2.92384e+07
677.105	  2.92347e+07
677.392	  2.92311e+07
677.679	  2.92274e+07
677.966	  2.92237e+07
678.253	  2.922e+07
678.54	  2.92163e+07
678.827	  2.92125e+07
679.114	  2.92088e+07
679.401	  2.9205e+07
679.688	  2.92012e+07
679.975	  2.91974e+07
680.262	  2.91936e+07
680.549	  2.91898e+07
680.836	  2.91859e+07
681.123	  2.91821e+07
681.41	  2.91782e+07
681.697	  2.91743e+07
681.984	  2.91704e+07
682.271	  2.91665e+07
682.558	  2.91626e+07
682.845	  2.91586e+07
683.132	  2.91547e+07
683.419	  2.91507e+07
683.706	  2.91467e+07
683.993	  2.91427e+07
684.28	  2.91387e+07
684.567	  2.91347e+07
684.854	  2.91306e+07
685.141	  2.91266e+07
685.428	  2.91225e+07
685.715	  2.91184e+07
686.002	  2.91143e+07
686.289	  2.91102e+07
686.576	  2.9106e+07
686.863	  2.91019e+07
687.15	  2.90977e+07
687.437	  2.90935e+07
687.724	  2.90894e+07
688.011	  2.90852e+07
688.298	  2.90809e+07
688.585	  2.90767e+07
688.872	  2.90725e+07
689.159	  2.90682e+07
689.446	  2.90639e+07
689.733	  2.90596e+07
690.02	  2.90553e+07
690.307	  2.9051e+07
690.594	  2.90467e+07
690.881	  2.90423e+07
691.168	  2.9038e+07
691.455	  2.90336e+07
691.742	  2.90292e+07
692.029	  2.90248e+07
692.316	  2.90204e+07
692.603	  2.9016e+07
692.89	  2.90115e+07
693.177	  2.90071e+07
693.464	  2.90026e+07
693.751	  2.89981e+07
694.038	  2.89936e+07
694.325	  2.89891e+07
694.612	  2.89846e+07
694.899	  2.898e+07
695.186	  2.89755e+07
695.473	  2.89709e+07
695.76	  2.89664e+07
696.047	  2.89618e+07
696.334	  2.89572e+07
696.621	  2.89525e+07
696.908	  2.89479e+07
697.195	  2.89433e+07
697.482	  2.89386e+07
697.769	  2.89339e+07
698.056	  2.89292e+07
698.343	  2.89245e+07
698.63	  2.89198e+07
698.917	  2.89151e+07
699.204	  2.89104e+07
699.491	  2.89056e+07
699.778	  2.89009e+07
700.065	  2.88961e+07
700.352	  2.88913e+07
700.639	  2.88865e+07
700.926	  2.88817e+07
701.213	  2.88768e+07
701.5	  2.8872e+07
701.787	  2.88671e+07
702.074	  2.88623e+07
702.361	  2.88574e+07
702.648	  2.88525e+07
702.935	  2.88476e+07
703.222	  2.88427e+07
703.509	  2.88377e+07
703.796	  2.88328e+07
704.083	  2.88278e+07
704.37	  2.88228e+07
704.657	  2.88179e+07
704.944	  2.88129e+07
705.231	  2.88079e+07
705.518	  2.88028e+07
705.805	  2.87978e+07
706.092	  2.87927e+07
706.379	  2.87877e+07
706.666	  2.87826e+07
706.953	  2.87775e+07
707.24	  2.87724e+07
707.527	  2.87673e+07
707.814	  2.87622e+07
708.101	  2.87571e+07
708.388	  2.87519e+07
708.675	  2.87468e+07
708.962	  2.87416e+07
709.249	  2.87364e+07
709.536	  2.87312e+07
709.823	  2.8726e+07
710.11	  2.87208e+07
710.397	  2.87155e+07
710.684	  2.87103e+07
710.971	  2.8705e+07
711.258	  2.86998e+07
711.545	  2.86945e+07
711.832	  2.86892e+07
712.119	  2.86839e+07
712.406	  2.86786e+07
712.693	  2.86732e+07
712.98	  2.86679e+07
713.267	  2.86625e+07
713.554	  2.86572e+07
713.841	  2.86518e+07
714.128	  2.86464e+07
714.415	  2.8641e+07
714.702	  2.86356e+07
714.989	  2.86301e+07
715.276	  2.86247e+07
715.563	  2.86193e+07
715.85	  2.86138e+07
716.137	  2.86083e+07
716.424	  2.86028e+07
716.711	  2.85973e+07
716.998	  2.85918e+07
717.285	  2.85863e+07
717.572	  2.85808e+07
717.859	  2.85752e+07
718.146	  2.85697e+07
718.433	  2.85641e+07
718.72	  2.85585e+07
719.007	  2.85529e+07
719.294	  2.85473e+07
719.581	  2.85417e+07
719.868	  2.85361e+07
720.155	  2.85305e+07
720.442	  2.85248e+07
720.729	  2.85191e+07
721.016	  2.85135e+07
721.303	  2.85078e+07
721.59	  2.85021e+07
721.877	  2.84964e+07
722.164	  2.84907e+07
722.451	  2.8485e+07
722.738	  2.84792e+07
723.025	  2.84735e+07
723.312	  2.84677e+07
723.599	  2.84619e+07
723.886	  2.84562e+07
724.173	  2.84504e+07
724.46	  2.84446e+07
724.747	  2.84387e+07
725.034	  2.84329e+07
725.321	  2.84271e+07
725.608	  2.84212e+07
725.895	  2.84154e+07
726.182	  2.84095e+07
726.469	  2.84036e+07
726.756	  2.83977e+07
727.043	  2.83918e+07
727.33	  2.83859e+07
727.617	  2.838e+07
727.904	  2.8374e+07
728.191	  2.83681e+07
728.478	  2.83621e+07
728.765	  2.83562e+07
729.052	  2.83502e+07
729.339	  2.83442e+07
729.626	  2.83382e+07
729.913	  2.83322e+07
730.2	  2.83262e+07
730.487	  2.83201e+07
730.774	  2.83141e+07
731.061	  2.8308e+07
731.348	  2.8302e+07
731.635	  2.82959e+07
731.922	  2.82898e+07
732.209	  2.82837e+07
732.496	  2.82776e+07
732.783	  2.82715e+07
733.07	  2.82654e+07
733.357	  2.82592e+07
733.644	  2.82531e+07
733.931	  2.82469e+07
734.218	  2.82407e+07
734.505	  2.82346e+07
734.792	  2.82284e+07
735.079	  2.82222e+07
735.366	  2.8216e+07
735.653	  2.82097e+07
735.94	  2.82035e+07
736.227	  2.81973e+07
736.514	  2.8191e+07
736.801	  2.81848e+07
737.088	  2.81785e+07
737.375	  2.81722e+07
737.662	  2.81659e+07
737.949	  2.81596e+07
738.236	  2.81533e+07
738.523	  2.8147e+07
738.81	  2.81407e+07
739.097	  2.81343e+07
739.384	  2.8128e+07
739.671	  2.81216e+07
739.958	  2.81152e+07
740.245	  2.81089e+07
740.532	  2.81025e+07
740.819	  2.80961e+07
741.106	  2.80897e+07
741.393	  2.80832e+07
741.68	  2.80768e+07
741.967	  2.80704e+07
742.254	  2.80639e+07
742.541	  2.80575e+07
742.828	  2.8051e+07
743.115	  2.80445e+07
743.402	  2.8038e+07
743.689	  2.80315e+07
743.976	  2.8025e+07
744.263	  2.80185e+07
744.55	  2.8012e+07
744.837	  2.80054e+07
745.124	  2.79989e+07
745.411	  2.79923e+07
745.698	  2.79858e+07
745.985	  2.79792e+07
746.272	  2.79726e+07
746.559	  2.7966e+07
746.846	  2.79594e+07
747.133	  2.79528e+07
747.42	  2.79462e+07
747.707	  2.79396e+07
747.994	  2.79329e+07
748.281	  2.79263e+07
748.568	  2.79196e+07
748.855	  2.79129e+07
749.142	  2.79063e+07
749.429	  2.78996e+07
749.716	  2.78929e+07
750.003	  2.78862e+07
750.29	  2.78795e+07
750.577	  2.78728e+07
750.864	  2.7866e+07
751.151	  2.78593e+07
751.438	  2.78525e+07
751.725	  2.78458e+07
752.012	  2.7839e+07
752.299	  2.78322e+07
752.586	  2.78254e+07
752.873	  2.78187e+07
753.16	  2.78119e+07
753.447	  2.7805e+07
753.734	  2.77982e+07
754.021	  2.77914e+07
754.308	  2.77845e+07
754.595	  2.77777e+07
754.882	  2.77708e+07
755.169	  2.7764e+07
755.456	  2.77571e+07
755.743	  2.77502e+07
756.03	  2.77433e+07
756.317	  2.77364e+07
756.604	  2.77295e+07
756.891	  2.77226e+07
757.178	  2.77157e+07
757.465	  2.77087e+07
757.752	  2.77018e+07
758.039	  2.76949e+07
758.326	  2.76879e+07
758.613	  2.76809e+07
758.9	  2.76739e+07
759.187	  2.7667e+07
759.474	  2.766e+07
759.761	  2.7653e+07
760.048	  2.7646e+07
760.335	  2.76389e+07
760.622	  2.76319e+07
760.909	  2.76249e+07
761.196	  2.76178e+07
761.483	  2.76108e+07
761.77	  2.76037e+07
762.057	  2.75966e+07
762.344	  2.75896e+07
762.631	  2.75825e+07
762.918	  2.75754e+07
763.205	  2.75683e+07
763.492	  2.75612e+07
763.779	  2.7554e+07
764.066	  2.75469e+07
764.353	  2.75398e+07
764.64	  2.75326e+07
764.927	  2.75255e+07
765.214	  2.75183e+07
765.501	  2.75112e+07
765.788	  2.7504e+07
766.075	  2.74968e+07
766.362	  2.74896e+07
766.649	  2.74824e+07
766.936	  2.74752e+07
767.223	  2.7468e+07
767.51	  2.74608e+07
767.797	  2.74535e+07
768.084	  2.74463e+07
768.371	  2.7439e+07
768.658	  2.74318e+07
768.945	  2.74245e+07
769.232	  2.74172e+07
769.519	  2.741e+07
769.806	  2.74027e+07
770.093	  2.73954e+07
770.38	  2.73881e+07
770.667	  2.73808e+07
770.954	  2.73735e+07
771.241	  2.73661e+07
771.528	  2.73588e+07
771.815	  2.73515e+07
772.102	  2.73441e+07
772.389	  2.73367e+07
772.676	  2.73294e+07
772.963	  2.7322e+07
773.25	  2.73146e+07
773.537	  2.73072e+07
773.824	  2.72999e+07
774.111	  2.72925e+07
774.398	  2.7285e+07
774.685	  2.72776e+07
774.972	  2.72702e+07
775.259	  2.72628e+07
775.546	  2.72553e+07
775.833	  2.72479e+07
776.12	  2.72404e+07
776.407	  2.7233e+07
776.694	  2.72255e+07
776.981	  2.7218e+07
777.268	  2.72105e+07
777.555	  2.72031e+07
777.842	  2.71956e+07
778.129	  2.71881e+07
778.416	  2.71805e+07
778.703	  2.7173e+07
778.99	  2.71655e+07
779.277	  2.7158e+07
779.564	  2.71504e+07
779.851	  2.71429e+07
780.138	  2.71353e+07
780.425	  2.71278e+07
780.712	  2.71202e+07
780.999	  2.71126e+07
781.286	  2.7105e+07
781.573	  2.70974e+07
781.86	  2.70898e+07
782.147	  2.70822e+07
782.434	  2.70746e+07
782.721	  2.7067e+07
783.008	  2.70594e+07
783.295	  2.70517e+07
783.582	  2.70441e+07
783.869	  2.70365e+07
784.156	  2.70288e+07
784.443	  2.70211e+07
784.73	  2.70135e+07
785.017	  2.70058e+07
785.304	  2.69981e+07
785.591	  2.69904e+07
785.878	  2.69827e+07
786.165	  2.6975e+07
786.452	  2.69673e+07
786.739	  2.69596e+07
787.026	  2.69519e+07
787.313	  2.69442e+07
787.6	  2.69364e+07
787.887	  2.69287e+07
788.174	  2.6921e+07
788.461	  2.69132e+07
788.748	  2.69054e+07
789.035	  2.68977e+07
789.322	  2.68899e+07
789.609	  2.68821e+07
789.896	  2.68743e+07
790.183	  2.68665e+07
790.47	  2.68587e+07
790.757	  2.68509e+07
791.044	  2.68431e+07
791.331	  2.68353e+07
791.618	  2.68275e+07
791.905	  2.68196e+07
792.192	  2.68118e+07
792.479	  2.6804e+07
792.766	  2.67961e+07
793.053	  2.67883e+07
793.34	  2.67804e+07
793.627	  2.67725e+07
793.914	  2.67646e+07
794.201	  2.67568e+07
794.488	  2.67489e+07
794.775	  2.6741e+07
795.062	  2.67331e+07
795.349	  2.67252e+07
795.636	  2.67173e+07
795.923	  2.67093e+07
796.21	  2.67014e+07
796.497	  2.66935e+07
796.784	  2.66855e+07
797.071	  2.66776e+07
797.358	  2.66696e+07
797.645	  2.66617e+07
797.932	  2.66537e+07
798.219	  2.66458e+07
798.506	  2.66378e+07
798.793	  2.66298e+07
799.08	  2.66218e+07
799.367	  2.66138e+07
799.654	  2.66058e+07
799.941	  2.65978e+07
800.228	  2.65898e+07
800.515	  2.65818e+07
800.802	  2.65738e+07
801.089	  2.65657e+07
801.376	  2.65577e+07
801.663	  2.65497e+07
801.95	  2.65416e+07
802.237	  2.65336e+07
802.524	  2.65255e+07
802.811	  2.65175e+07
803.098	  2.65094e+07
803.385	  2.65013e+07
803.672	  2.64932e+07
803.959	  2.64852e+07
804.246	  2.64771e+07
804.533	  2.6469e+07
804.82	  2.64609e+07
805.107	  2.64528e+07
805.394	  2.64446e+07
805.681	  2.64365e+07
805.968	  2.64284e+07
806.255	  2.64203e+07
806.542	  2.64121e+07
806.829	  2.6404e+07
807.116	  2.63958e+07
807.403	  2.63877e+07
807.69	  2.63795e+07
807.977	  2.63714e+07
808.264	  2.63632e+07
808.551	  2.6355e+07
808.838	  2.63468e+07
809.125	  2.63387e+07
809.412	  2.63305e+07
809.699	  2.63223e+07
809.986	  2.63141e+07
810.273	  2.63059e+07
810.56	  2.62976e+07
810.847	  2.62894e+07
811.134	  2.62812e+07
811.421	  2.6273e+07
811.708	  2.62647e+07
811.995	  2.62565e+07
812.282	  2.62483e+07
812.569	  2.624e+07
812.856	  2.62318e+07
813.143	  2.62235e+07
813.43	  2.62152e+07
813.717	  2.6207e+07
814.004	  2.61987e+07
814.291	  2.61904e+07
814.578	  2.61821e+07
814.865	  2.61738e+07
815.152	  2.61655e+07
815.439	  2.61572e+07
815.726	  2.61489e+07
816.013	  2.61406e+07
816.3	  2.61323e+07
816.587	  2.6124e+07
816.874	  2.61157e+07
817.161	  2.61073e+07
817.448	  2.6099e+07
817.735	  2.60907e+07
818.022	  2.60823e+07
818.309	  2.6074e+07
818.596	  2.60656e+07
818.883	  2.60572e+07
819.17	  2.60489e+07
819.457	  2.60405e+07
820.002	  2.60246e+07
820.031	  2.60238e+07
820.059	  2.60229e+07
820.088	  2.60221e+07
820.117	  2.60212e+07
820.146	  2.60204e+07
820.174	  2.60196e+07
820.203	  2.60187e+07
820.232	  2.60179e+07
820.26	  2.6017e+07
820.289	  2.60162e+07
820.318	  2.60154e+07
820.346	  2.60145e+07
820.375	  2.60137e+07
820.404	  2.60129e+07
820.433	  2.6012e+07
820.461	  2.60112e+07
820.49	  2.60103e+07
820.519	  2.60095e+07
820.547	  2.60087e+07
820.576	  2.60078e+07
820.605	  2.6007e+07
820.633	  1.09477e+07
820.662	  1.09475e+07
820.691	  1.09474e+07
820.72	  1.09472e+07
820.748	  1.0947e+07
820.777	  1.09468e+07
820.806	  1.09467e+07
820.834	  1.09465e+07
820.863	  1.09463e+07
820.892	  1.09461e+07
820.92	  1.0946e+07
820.949	  1.09458e+07
820.978	  1.09456e+07
821.007	  1.09455e+07
821.035	  1.09453e+07
821.064	  1.09451e+07
821.093	  1.09449e+07
821.121	  1.09448e+07
821.15	  1.09446e+07
821.179	  1.09444e+07
821.207	  1.09442e+07
821.236	  1.09441e+07
821.265	  1.09439e+07
821.294	  1.09437e+07
821.322	  1.09435e+07
821.351	  1.09434e+07
821.38	  1.09432e+07
821.408	  1.0943e+07
821.437	  1.09428e+07
821.466	  1.09427e+07
821.494	  1.09425e+07
821.523	  1.09423e+07
821.552	  1.09421e+07
821.581	  1.0942e+07
821.609	  1.09418e+07
821.638	  1.09416e+07
821.667	  1.09414e+07
821.695	  1.09413e+07
821.724	  1.09411e+07
821.753	  1.09409e+07
821.781	  1.09407e+07
821.81	  1.09406e+07
821.839	  1.09404e+07
821.868	  1.09402e+07
821.896	  1.094e+07
821.925	  1.09398e+07
821.954	  1.09397e+07
821.982	  1.09395e+07
822.011	  1.09393e+07
822.011	  1.09393e+07
822.298	  1.09376e+07
822.585	  1.09358e+07
822.872	  1.0934e+07
823.159	  1.09323e+07
823.446	  1.09305e+07
823.733	  1.09288e+07
824.02	  1.0927e+07
824.307	  1.09252e+07
824.594	  1.09234e+07
824.881	  1.09217e+07
825.168	  1.09199e+07
825.455	  1.09181e+07
825.742	  1.09163e+07
826.029	  1.09145e+07
826.316	  1.09127e+07
826.603	  1.09109e+07
826.89	  1.09091e+07
827.177	  1.09074e+07
827.464	  1.09056e+07
827.751	  1.09038e+07
828.038	  1.0902e+07
828.325	  1.09001e+07
828.612	  1.08983e+07
828.899	  1.08965e+07
829.186	  1.08947e+07
829.473	  1.08929e+07
829.76	  1.08911e+07
830.047	  1.08893e+07
830.334	  1.08875e+07
830.621	  1.08856e+07
830.908	  1.08838e+07
831.195	  1.0882e+07
831.482	  1.08801e+07
831.769	  1.08783e+07
832.056	  1.08765e+07
832.343	  1.08746e+07
832.63	  1.08728e+07
832.917	  1.0871e+07
833.204	  1.08691e+07
833.491	  1.08673e+07
833.778	  1.08654e+07
834.065	  1.08636e+07
834.352	  1.08617e+07
834.639	  1.08599e+07
834.926	  1.0858e+07
835.213	  1.08562e+07
835.5	  1.08543e+07
835.787	  1.08524e+07
836.074	  1.08506e+07
836.361	  1.08487e+07
836.648	  1.08468e+07
836.935	  1.0845e+07
837.222	  1.08431e+07
837.509	  1.08412e+07
837.796	  1.08393e+07
838.083	  1.08375e+07
838.37	  1.08356e+07
838.657	  1.08337e+07
838.944	  1.08318e+07
839.231	  1.08299e+07
839.518	  1.0828e+07
839.805	  1.08261e+07
840.092	  1.08243e+07
840.379	  1.08224e+07
840.666	  1.08205e+07
840.953	  1.08186e+07
841.24	  1.08167e+07
841.527	  1.08148e+07
841.814	  1.08128e+07
842.101	  1.08109e+07
842.388	  1.0809e+07
842.675	  1.08071e+07
842.962	  1.08052e+07
843.249	  1.08033e+07
843.536	  1.08014e+07
843.823	  1.07994e+07
844.11	  1.07975e+07
844.397	  1.07956e+07
844.684	  1.07937e+07
844.971	  1.07917e+07
845.258	  1.07898e+07
845.545	  1.07879e+07
845.832	  1.07859e+07
846.119	  1.0784e+07
846.406	  1.07821e+07
846.693	  1.07801e+07
846.98	  1.07782e+07
847.267	  1.07762e+07
847.554	  1.07743e+07
847.841	  1.07723e+07
848.128	  1.07704e+07
848.415	  1.07684e+07
848.702	  1.07665e+07
848.989	  1.07645e+07
849.276	  1.07626e+07
849.563	  1.07606e+07
849.85	  1.07586e+07
850.137	  1.07567e+07
850.424	  1.07547e+07
850.711	  1.07527e+07
850.998	  1.07508e+07
851.285	  1.07488e+07
851.572	  1.07468e+07
851.859	  1.07449e+07
852.146	  1.07429e+07
852.433	  1.07409e+07
852.72	  1.07389e+07
853.007	  1.07369e+07
853.294	  1.07349e+07
853.581	  1.0733e+07
853.868	  1.0731e+07
854.155	  1.0729e+07
854.442	  1.0727e+07
854.729	  1.0725e+07
855.016	  1.0723e+07
855.303	  1.0721e+07
855.59	  1.0719e+07
855.877	  1.0717e+07
856.164	  1.0715e+07
856.451	  1.0713e+07
856.738	  1.0711e+07
857.025	  1.0709e+07
857.312	  1.07069e+07
857.599	  1.07049e+07
857.886	  1.07029e+07
858.173	  1.07009e+07
858.46	  1.06989e+07
858.747	  1.06969e+07
859.034	  1.06948e+07
859.321	  1.06928e+07
859.608	  1.06908e+07
859.895	  1.06887e+07
860.182	  1.06867e+07
860.469	  1.06847e+07
860.756	  1.06826e+07
861.043	  1.06806e+07
861.33	  1.06786e+07
861.617	  1.06765e+07
861.904	  1.06745e+07
862.191	  1.06725e+07
862.478	  1.06704e+07
862.765	  1.06684e+07
863.052	  1.06663e+07
863.339	  1.06643e+07
863.626	  1.06622e+07
863.913	  1.06602e+07
864.2	  1.06581e+07
864.487	  1.0656e+07
864.774	  1.0654e+07
865.061	  1.06519e+07
865.348	  1.06499e+07
865.635	  1.06478e+07
865.922	  1.06457e+07
866.209	  1.06437e+07
866.496	  1.06416e+07
866.783	  1.06395e+07
867.07	  1.06374e+07
867.357	  1.06354e+07
867.644	  1.06333e+07
867.931	  1.06312e+07
868.218	  1.06291e+07
868.505	  1.06271e+07
868.792	  1.0625e+07
869.079	  1.06229e+07
869.366	  1.06208e+07
869.653	  1.06187e+07
869.94	  1.06166e+07
870.227	  1.06145e+07
870.514	  1.06124e+07
870.801	  1.06103e+07
871.088	  1.06082e+07
871.375	  1.06061e+07
871.662	  1.0604e+07
871.949	  1.06019e+07
872.236	  1.05998e+07
872.523	  1.05977e+07
872.81	  1.05956e+07
873.097	  1.05935e+07
873.384	  1.05914e+07
873.671	  1.05893e+07
873.958	  1.05872e+07
874.245	  1.05851e+07
874.532	  1.0583e+07
874.819	  1.05808e+07
875.106	  1.05787e+07
875.393	  1.05766e+07
875.68	  1.05745e+07
875.967	  1.05723e+07
876.254	  1.05702e+07
876.541	  1.05681e+07
876.828	  1.0566e+07
877.115	  1.05638e+07
877.402	  1.05617e+07
877.689	  1.05596e+07
877.976	  1.05574e+07
878.263	  1.05553e+07
878.55	  1.05532e+07
878.837	  1.0551e+07
879.124	  1.05489e+07
879.411	  1.05467e+07
879.698	  1.05446e+07
879.985	  1.05424e+07
880.272	  1.05403e+07
880.559	  1.05381e+07
880.846	  1.0536e+07
881.133	  1.05338e+07
881.42	  1.05317e+07
881.707	  1.05295e+07
881.994	  1.05274e+07
882.281	  1.05252e+07
882.568	  1.0523e+07
882.855	  1.05209e+07
883.142	  1.05187e+07
883.429	  1.05165e+07
883.716	  1.05144e+07
884.003	  1.05122e+07
884.29	  1.051e+07
884.577	  1.05079e+07
884.864	  1.05057e+07
885.151	  1.05035e+07
885.438	  1.05013e+07
885.725	  1.04992e+07
886.012	  1.0497e+07
886.299	  1.04948e+07
886.586	  1.04926e+07
886.873	  1.04904e+07
887.16	  1.04883e+07
887.447	  1.04861e+07
887.734	  1.04839e+07
888.021	  1.04817e+07
888.308	  1.04795e+07
888.595	  1.04773e+07
888.882	  1.04751e+07
889.169	  1.04729e+07
889.456	  1.04707e+07
889.743	  1.04685e+07
890.03	  1.04663e+07
890.317	  1.04641e+07
890.604	  1.04619e+07
890.891	  1.04597e+07
891.178	  1.04575e+07
891.465	  1.04553e+07
891.752	  1.04531e+07
892.039	  1.04509e+07
892.326	  1.04487e+07
892.613	  1.04465e+07
892.9	  1.04442e+07
893.187	  1.0442e+07
893.474	  1.04398e+07
893.761	  1.04376e+07
894.048	  1.04354e+07
894.335	  1.04332e+07
894.622	  1.04309e+07
894.909	  1.04287e+07
895.196	  1.04265e+07
895.483	  1.04243e+07
895.77	  1.0422e+07
896.057	  1.04198e+07
896.344	  1.04176e+07
896.631	  1.04153e+07
896.918	  1.04131e+07
897.205	  1.04109e+07
897.492	  1.04086e+07
897.779	  1.04064e+07
898.066	  1.04042e+07
898.353	  1.04019e+07
898.64	  1.03997e+07
898.927	  1.03974e+07
899.214	  1.03952e+07
899.501	  1.03929e+07
899.788	  1.03907e+07
900.075	  1.03884e+07
900.362	  1.03862e+07
900.649	  1.03839e+07
900.936	  1.03817e+07
901.223	  1.03794e+07
901.51	  1.03772e+07
901.797	  1.03749e+07
902.084	  1.03727e+07
902.371	  1.03704e+07
902.658	  1.03681e+07
902.945	  1.03659e+07
903.232	  1.03636e+07
903.519	  1.03614e+07
903.806	  1.03591e+07
904.093	  1.03568e+07
904.38	  1.03546e+07
904.667	  1.03523e+07
904.954	  1.035e+07
905.241	  1.03477e+07
905.528	  1.03455e+07
905.815	  1.03432e+07
906.102	  1.03409e+07
906.389	  1.03386e+07
906.676	  1.03364e+07
906.963	  1.03341e+07
907.25	  1.03318e+07
907.537	  1.03295e+07
907.824	  1.03272e+07
908.111	  1.03249e+07
908.398	  1.03227e+07
908.685	  1.03204e+07
908.972	  1.03181e+07
909.259	  1.03158e+07
909.546	  1.03135e+07
909.833	  1.03112e+07
910.12	  1.03089e+07
910.407	  1.03066e+07
910.694	  1.03043e+07
910.981	  1.0302e+07
911.268	  1.02997e+07
911.555	  1.02974e+07
911.842	  1.02951e+07
912.129	  1.02928e+07
912.416	  1.02905e+07
912.703	  1.02882e+07
912.99	  1.02859e+07
913.277	  1.02836e+07
913.564	  1.02813e+07
913.851	  1.0279e+07
914.138	  1.02767e+07
914.425	  1.02744e+07
914.712	  1.02721e+07
914.999	  1.02697e+07
915.286	  1.02674e+07
915.573	  1.02651e+07
915.86	  1.02628e+07
916.147	  1.02605e+07
916.434	  1.02582e+07
916.721	  1.02558e+07
917.008	  1.02535e+07
917.295	  1.02512e+07
917.582	  1.02489e+07
917.869	  1.02465e+07
918.156	  1.02442e+07
918.443	  1.02419e+07
918.73	  1.02396e+07
919.017	  1.02372e+07
919.304	  1.02349e+07
919.591	  1.02326e+07
919.878	  1.02302e+07
920.165	  1.02279e+07
920.452	  1.02256e+07
920.739	  1.02232e+07
921.026	  1.02209e+07
921.313	  1.02185e+07
921.6	  1.02162e+07
921.887	  1.02139e+07
922.174	  1.02115e+07
922.461	  1.02092e+07
922.748	  1.02068e+07
923.035	  1.02045e+07
923.322	  1.02021e+07
923.609	  1.01998e+07
923.896	  1.01974e+07
924.183	  1.01951e+07
924.47	  1.01927e+07
924.757	  1.01904e+07
925.044	  1.0188e+07
925.331	  1.01857e+07
925.618	  1.01833e+07
925.905	  1.0181e+07
926.192	  1.01786e+07
926.479	  1.01763e+07
926.766	  1.01739e+07
927.053	  1.01715e+07
927.34	  1.01692e+07
927.627	  1.01668e+07
927.914	  1.01644e+07
928.201	  1.01621e+07
928.488	  1.01597e+07
928.775	  1.01573e+07
929.062	  1.0155e+07
929.349	  1.01526e+07
929.636	  1.01502e+07
929.923	  1.01479e+07
930.21	  1.01455e+07
930.497	  1.01431e+07
930.784	  1.01407e+07
931.071	  1.01384e+07
931.358	  1.0136e+07
931.645	  1.01336e+07
931.932	  1.01312e+07
932.219	  1.01289e+07
932.506	  1.01265e+07
932.793	  1.01241e+07
933.08	  1.01217e+07
933.367	  1.01193e+07
933.654	  1.01169e+07
933.941	  1.01146e+07
934.228	  1.01122e+07
934.515	  1.01098e+07
934.802	  1.01074e+07
935.089	  1.0105e+07
935.376	  1.01026e+07
935.663	  1.01002e+07
935.95	  1.00978e+07
936.237	  1.00954e+07
936.524	  1.0093e+07
936.811	  1.00906e+07
937.098	  1.00882e+07
937.385	  1.00859e+07
937.672	  1.00835e+07
937.959	  1.00811e+07
938.246	  1.00787e+07
938.533	  1.00763e+07
938.82	  1.00738e+07
939.107	  1.00714e+07
939.394	  1.0069e+07
939.681	  1.00666e+07
939.968	  1.00642e+07
940.255	  1.00618e+07
940.542	  1.00594e+07
940.829	  1.0057e+07
941.116	  1.00546e+07
941.403	  1.00522e+07
941.69	  1.00498e+07
941.977	  1.00474e+07
942.264	  1.00449e+07
942.551	  1.00425e+07
942.838	  1.00401e+07
943.125	  1.00377e+07
943.412	  1.00353e+07
943.699	  1.00329e+07
943.986	  1.00304e+07
944.273	  1.0028e+07
944.56	  1.00256e+07
944.847	  1.00232e+07
945.134	  1.00208e+07
945.421	  1.00183e+07
945.708	  1.00159e+07
945.995	  1.00135e+07
946.282	  1.00111e+07
946.569	  1.00086e+07
946.856	  1.00062e+07
947.143	  1.00038e+07
947.43	  1.00014e+07
947.717	  9.99892e+06
948.004	  9.99649e+06
948.291	  9.99406e+06
948.578	  9.99162e+06
948.865	  9.98919e+06
949.152	  9.98676e+06
949.439	  9.98432e+06
949.726	  9.98188e+06
950.013	  9.97945e+06
950.3	  9.97701e+06
950.587	  9.97457e+06
950.874	  9.97213e+06
951.161	  9.96969e+06
951.448	  9.96725e+06
951.735	  9.9648e+06
952.022	  9.96236e+06
952.309	  9.95992e+06
952.596	  9.95747e+06
952.883	  9.95503e+06
953.17	  9.95258e+06
953.457	  9.95013e+06
953.744	  9.94768e+06
954.031	  9.94523e+06
954.318	  9.94278e+06
954.605	  9.94033e+06
954.892	  9.93788e+06
955.179	  9.93543e+06
955.466	  9.93298e+06
955.753	  9.93052e+06
956.04	  9.92807e+06
956.327	  9.92561e+06
956.614	  9.92316e+06
956.901	  9.9207e+06
957.188	  9.91824e+06
957.475	  9.91578e+06
957.762	  9.91332e+06
958.049	  9.91086e+06
958.336	  9.9084e+06
958.623	  9.90594e+06
958.91	  9.90348e+06
959.197	  9.90101e+06
959.484	  9.89855e+06
959.771	  9.89608e+06
960.058	  9.89362e+06
960.345	  9.89115e+06
960.632	  9.88868e+06
960.919	  9.88622e+06
961.206	  9.88375e+06
961.493	  9.88128e+06
961.78	  9.87881e+06
962.067	  9.87633e+06
962.354	  9.87386e+06
962.641	  9.87139e+06
962.928	  9.86892e+06
963.215	  9.86644e+06
963.502	  9.86397e+06
963.789	  9.86149e+06
964.076	  9.85902e+06
964.363	  9.85654e+06
964.65	  9.85406e+06
964.937	  9.85158e+06
965.224	  9.8491e+06
965.511	  9.84662e+06
965.798	  9.84414e+06
966.085	  9.84166e+06
966.372	  9.83918e+06
966.659	  9.8367e+06
966.946	  9.83421e+06
967.233	  9.83173e+06
967.52	  9.82924e+06
967.807	  9.82676e+06
968.094	  9.82427e+06
968.381	  9.82178e+06
968.668	  9.8193e+06
968.955	  9.81681e+06
969.242	  9.81432e+06
969.529	  9.81183e+06
969.816	  9.80934e+06
970.103	  9.80685e+06
970.39	  9.80435e+06
970.677	  9.80186e+06
970.964	  9.79937e+06
971.251	  9.79687e+06
971.538	  9.79438e+06
971.825	  9.79188e+06
972.112	  9.78939e+06
972.399	  9.78689e+06
972.686	  9.78439e+06
972.973	  9.7819e+06
973.26	  9.7794e+06
973.547	  9.7769e+06
973.834	  9.7744e+06
974.121	  9.7719e+06
974.408	  9.7694e+06
974.695	  9.76689e+06
974.982	  9.76439e+06
975.269	  9.76189e+06
975.556	  9.75938e+06
975.843	  9.75688e+06
976.13	  9.75437e+06
976.417	  9.75187e+06
976.704	  9.74936e+06
976.991	  9.74685e+06
977.278	  9.74435e+06
977.565	  9.74184e+06
977.852	  9.73933e+06
978.139	  9.73682e+06
978.426	  9.73431e+06
978.713	  9.7318e+06
979	  9.72929e+06
979.287	  9.72677e+06
979.574	  9.72426e+06
979.861	  9.72175e+06
980.148	  9.71923e+06
980.435	  9.71672e+06
980.722	  9.7142e+06
981.009	  9.71169e+06
981.296	  9.70917e+06
981.583	  9.70665e+06
981.87	  9.70414e+06
982.157	  9.70162e+06
982.444	  9.6991e+06
982.731	  9.69658e+06
983.018	  9.69406e+06
983.305	  9.69154e+06
983.592	  9.68902e+06
983.879	  9.68649e+06
984.166	  9.68397e+06
984.453	  9.68145e+06
984.74	  9.67892e+06
985.027	  9.6764e+06
985.314	  9.67388e+06
985.601	  9.67135e+06
985.888	  9.66882e+06
986.175	  9.6663e+06
986.462	  9.66377e+06
986.749	  9.66124e+06
987.036	  9.65871e+06
987.323	  9.65619e+06
987.61	  9.65366e+06
987.897	  9.65113e+06
988.184	  9.6486e+06
988.471	  9.64607e+06
988.758	  9.64353e+06
989.045	  9.641e+06
989.332	  9.63847e+06
989.619	  9.63594e+06
989.906	  9.6334e+06
990.193	  9.63087e+06
990.48	  9.62833e+06
990.767	  9.6258e+06
991.054	  9.62326e+06
991.341	  9.62073e+06
991.628	  9.61819e+06
991.915	  9.61565e+06
992.202	  9.61311e+06
992.489	  9.61057e+06
992.776	  9.60803e+06
993.063	  9.6055e+06
993.35	  9.60296e+06
993.637	  9.60041e+06
993.924	  9.59787e+06
994.211	  9.59533e+06
994.498	  9.59279e+06
994.785	  9.59025e+06
995.072	  9.5877e+06
995.359	  9.58516e+06
995.646	  9.58262e+06
995.933	  9.58007e+06
996.22	  9.57753e+06
996.507	  9.57498e+06
996.794	  9.57243e+06
997.081	  9.56989e+06
997.368	  9.56734e+06
997.655	  9.56479e+06
997.942	  9.56224e+06
998.229	  9.55969e+06
998.516	  9.55715e+06
998.803	  9.5546e+06
999.09	  9.55205e+06
999.377	  9.5495e+06
999.664	  9.54694e+06
999.951	  9.54439e+06
1000.24	  9.54184e+06
1000.52	  9.53929e+06
1000.81	  9.53674e+06
1001.1	  9.53418e+06
1001.39	  9.53163e+06
1001.67	  9.52907e+06
1001.96	  9.52652e+06
1002.25	  9.52396e+06
1002.53	  9.52141e+06
1002.82	  9.51885e+06
1003.11	  9.51629e+06
1003.39	  9.51374e+06
1003.68	  9.51118e+06
1003.97	  9.50862e+06
1004.26	  9.50606e+06
1004.54	  9.5035e+06
1004.83	  9.50095e+06
1005.12	  9.49839e+06
1005.4	  9.49583e+06
1005.69	  9.49326e+06
1005.98	  9.4907e+06
1006.26	  9.48814e+06
1006.55	  9.48558e+06
1006.84	  9.48302e+06
1007.13	  9.48045e+06
1007.41	  9.47789e+06
1007.7	  9.47533e+06
1007.99	  9.47276e+06
1008.27	  9.4702e+06
1008.56	  9.46763e+06
1008.85	  9.46507e+06
1009.13	  9.4625e+06
1009.42	  9.45994e+06
1009.71	  9.45737e+06
1010	  9.4548e+06
1010.28	  9.45224e+06
1010.57	  9.44967e+06
1010.86	  9.4471e+06
1011.14	  9.44453e+06
1011.43	  9.44196e+06
1011.72	  9.43939e+06
1012	  9.43682e+06
1012.29	  9.43425e+06
1012.58	  9.43168e+06
1012.87	  9.42911e+06
1013.15	  9.42654e+06
1013.44	  9.42397e+06
1013.73	  9.42139e+06
1014.01	  9.41882e+06
1014.3	  9.41625e+06
1014.59	  9.41368e+06
1014.88	  9.4111e+06
1015.16	  9.40853e+06
1015.45	  9.40595e+06
1015.74	  9.40338e+06
1016.02	  9.4008e+06
1016.31	  9.39823e+06
1016.6	  9.39565e+06
1016.88	  9.39308e+06
1017.17	  9.3905e+06
1017.46	  9.38792e+06
1017.75	  9.38534e+06
1018.03	  9.38277e+06
1018.32	  9.38019e+06
1018.61	  9.37761e+06
1018.89	  9.37503e+06
1019.18	  9.37245e+06
1019.47	  9.36987e+06
1019.98	  9.36531e+06
1021.08	  9.35541e+06
1022.17	  9.34552e+06
1023.27	  9.33561e+06
1024.38	  9.32571e+06
1025.47	  9.31579e+06
1026.58	  9.30588e+06
1027.67	  9.29596e+06
1028.78	  9.28603e+06
1029.88	  9.2761e+06
1030.97	  9.26617e+06
1032.08	  9.25623e+06
1033.17	  9.24629e+06
1034.28	  9.23634e+06
1035.38	  9.22639e+06
1036.47	  9.21644e+06
1037.58	  9.20648e+06
1038.67	  9.19652e+06
1039.78	  9.18655e+06
1040.88	  9.17659e+06
1041.97	  9.16661e+06
1043.08	  9.15664e+06
1044.17	  9.14666e+06
1045.28	  9.13668e+06
1046.38	  9.1267e+06
1047.47	  9.11671e+06
1048.58	  9.10672e+06
1049.67	  9.09673e+06
1050.78	  9.08673e+06
1051.88	  9.07674e+06
1052.97	  9.06674e+06
1054.08	  9.05673e+06
1055.17	  9.04673e+06
1056.28	  9.03672e+06
1057.38	  9.02671e+06
1058.47	  9.0167e+06
1059.58	  9.00669e+06
1060.67	  8.99667e+06
1061.78	  8.98665e+06
1062.88	  8.97664e+06
1063.97	  8.96661e+06
1065.08	  8.95659e+06
1066.17	  8.94657e+06
1067.28	  8.93654e+06
1068.38	  8.92652e+06
1069.47	  8.91649e+06
1070.58	  8.90646e+06
1071.67	  8.89643e+06
1072.78	  8.8864e+06
1073.88	  8.87636e+06
1074.97	  8.86633e+06
1076.08	  8.8563e+06
1077.17	  8.84626e+06
1078.28	  8.83623e+06
1079.38	  8.82619e+06
1080.47	  8.81615e+06
1081.58	  8.80611e+06
1082.67	  8.79608e+06
1083.78	  8.78604e+06
1084.88	  8.776e+06
1085.97	  8.76596e+06
1087.08	  8.75592e+06
1088.17	  8.74588e+06
1089.28	  8.73584e+06
1090.38	  8.7258e+06
1091.47	  8.71576e+06
1092.58	  8.70573e+06
1093.67	  8.69569e+06
1094.78	  8.68565e+06
1095.88	  8.67561e+06
1096.97	  8.66557e+06
1098.08	  8.65554e+06
1099.17	  8.6455e+06
1100.28	  8.63546e+06
1101.38	  8.62543e+06
1102.47	  8.61539e+06
1103.58	  8.60536e+06
1104.67	  8.59533e+06
1105.78	  8.5853e+06
1106.88	  8.57526e+06
1107.97	  8.56523e+06
1109.08	  8.55521e+06
1110.17	  8.54518e+06
1111.28	  8.53515e+06
1112.38	  8.52513e+06
1113.47	  8.5151e+06
1114.58	  8.50508e+06
1115.67	  8.49506e+06
1116.78	  8.48504e+06
1117.88	  8.47503e+06
1118.97	  8.46501e+06
1120.08	  8.455e+06
1121.17	  8.44498e+06
1122.28	  8.43497e+06
1123.38	  8.42496e+06
1124.47	  8.41496e+06
1125.58	  8.40495e+06
1126.67	  8.39495e+06
1127.78	  8.38495e+06
1128.88	  8.37495e+06
1129.97	  8.36496e+06
1131.08	  8.35496e+06
1132.17	  8.34497e+06
1133.28	  8.33498e+06
1134.38	  8.325e+06
1135.47	  8.31501e+06
1136.58	  8.30503e+06
1137.67	  8.29505e+06
1138.78	  8.28507e+06
1139.88	  8.2751e+06
1140.97	  8.26513e+06
1142.08	  8.25516e+06
1143.17	  8.2452e+06
1144.28	  8.23523e+06
1145.38	  8.22527e+06
1146.47	  8.21532e+06
1147.58	  8.20536e+06
1148.67	  8.19541e+06
1149.78	  8.18547e+06
1150.88	  8.17552e+06
1151.97	  8.16558e+06
1153.08	  8.15564e+06
1154.17	  8.14571e+06
1155.28	  8.13578e+06
1156.38	  8.12585e+06
1157.47	  8.11593e+06
1158.58	  8.10601e+06
1159.67	  8.09609e+06
1160.78	  8.08618e+06
1161.88	  8.07627e+06
1162.97	  8.06636e+06
1164.08	  8.05646e+06
1165.17	  8.04656e+06
1166.28	  8.03667e+06
1167.38	  8.02678e+06
1168.47	  8.01689e+06
1169.58	  8.00701e+06
1170.67	  7.99713e+06
1171.78	  7.98725e+06
1172.88	  7.97738e+06
1173.97	  7.96752e+06
1175.08	  7.95766e+06
1176.17	  7.9478e+06
1177.28	  7.93794e+06
1178.38	  7.92809e+06
1179.47	  7.91825e+06
1180.58	  7.90841e+06
1181.67	  7.89857e+06
1182.78	  7.88874e+06
1183.88	  7.87891e+06
1184.97	  7.86909e+06
1186.08	  7.85927e+06
1187.17	  7.84946e+06
1188.28	  7.83965e+06
1189.38	  7.82984e+06
1190.47	  7.82004e+06
1191.58	  7.81025e+06
1192.67	  7.80046e+06
1193.78	  7.79067e+06
1194.88	  7.78089e+06
1195.97	  7.77112e+06
1197.08	  7.76135e+06
1198.17	  7.75158e+06
1199.28	  7.74182e+06
1200.38	  7.73207e+06
1201.47	  7.72232e+06
1202.58	  7.71257e+06
1203.67	  7.70283e+06
1204.78	  7.6931e+06
1205.88	  7.68337e+06
1206.97	  7.67364e+06
1208.08	  7.66392e+06
1209.17	  7.65421e+06
1210.28	  7.6445e+06
1211.38	  7.6348e+06
1212.47	  7.6251e+06
1213.58	  7.61541e+06
1214.67	  7.60572e+06
1215.78	  7.59604e+06
1216.88	  7.58637e+06
1217.97	  7.5767e+06
1219.08	  7.56703e+06
1220.17	  7.55737e+06
1221.28	  7.54772e+06
1222.38	  7.53807e+06
1223.47	  7.52843e+06
1224.58	  7.5188e+06
1225.67	  7.50917e+06
1226.78	  7.49954e+06
1227.88	  7.48993e+06
1228.97	  7.48031e+06
1230.08	  7.47071e+06
1231.17	  7.46111e+06
1232.28	  7.45151e+06
1233.38	  7.44193e+06
1234.47	  7.43234e+06
1235.58	  7.42277e+06
1236.67	  7.4132e+06
1237.78	  7.40363e+06
1238.88	  7.39408e+06
1239.97	  7.38453e+06
1241.08	  7.37498e+06
1242.17	  7.36544e+06
1243.28	  7.35591e+06
1244.38	  7.34638e+06
1245.47	  7.33686e+06
1246.58	  7.32735e+06
1247.67	  7.31784e+06
1248.78	  7.30834e+06
1249.88	  7.29885e+06
1250.97	  7.28936e+06
1252.08	  7.27988e+06
1253.17	  7.2704e+06
1254.28	  7.26093e+06
1255.38	  7.25147e+06
1256.47	  7.24202e+06
1257.58	  7.23257e+06
1258.67	  7.22313e+06
1259.78	  7.21369e+06
1260.88	  7.20426e+06
1261.97	  7.19484e+06
1263.08	  7.18543e+06
1264.17	  7.17602e+06
1265.28	  7.16662e+06
1266.38	  7.15722e+06
1267.47	  7.14783e+06
1268.58	  7.13845e+06
1269.67	  7.12908e+06
1270.78	  7.11971e+06
1271.88	  7.11035e+06
1272.97	  7.101e+06
1274.08	  7.09165e+06
1275.17	  7.08231e+06
1276.28	  7.07298e+06
1277.38	  7.06365e+06
1278.47	  7.05433e+06
1279.58	  7.04502e+06
1280.67	  7.03572e+06
1281.78	  7.02642e+06
1282.88	  7.01713e+06
1283.97	  7.00785e+06
1285.08	  6.99857e+06
1286.17	  6.9893e+06
1287.28	  6.98004e+06
1288.38	  6.97079e+06
1289.47	  6.96154e+06
1290.58	  6.9523e+06
1291.67	  6.94307e+06
1292.78	  6.93385e+06
1293.88	  6.92463e+06
1294.97	  6.91542e+06
1296.08	  6.90622e+06
1297.17	  6.89702e+06
1298.28	  6.88783e+06
1299.38	  6.87865e+06
1300.47	  6.86948e+06
1301.58	  6.86031e+06
1302.67	  6.85115e+06
1303.78	  6.842e+06
1304.88	  6.83286e+06
1305.97	  6.82372e+06
1307.08	  6.8146e+06
1308.17	  6.80548e+06
1309.28	  6.79636e+06
1310.38	  6.78726e+06
1311.47	  6.77816e+06
1312.58	  6.76907e+06
1313.67	  6.75999e+06
1314.78	  6.75091e+06
1315.88	  6.74184e+06
1316.97	  6.73278e+06
1318.08	  6.72373e+06
1319.17	  6.71469e+06
1320.28	  6.70565e+06
1321.38	  6.69662e+06
1322.47	  6.6876e+06
1323.58	  6.67859e+06
1324.67	  6.66958e+06
1325.78	  6.66059e+06
1326.88	  6.6516e+06
1327.97	  6.64262e+06
1329.08	  6.63364e+06
1330.17	  6.62468e+06
1331.28	  6.61572e+06
1332.38	  6.60677e+06
1333.47	  6.59783e+06
1334.58	  6.58889e+06
1335.67	  6.57997e+06
1336.78	  6.57105e+06
1337.88	  6.56214e+06
1338.97	  6.55323e+06
1340.08	  6.54434e+06
1341.17	  6.53545e+06
1342.28	  6.52657e+06
1343.38	  6.5177e+06
1344.47	  6.50884e+06
1345.58	  6.49999e+06
1346.67	  6.49114e+06
1347.78	  6.4823e+06
1348.88	  6.47347e+06
1349.97	  6.46465e+06
1351.08	  6.45584e+06
1352.17	  6.44703e+06
1353.28	  6.43823e+06
1354.38	  6.42945e+06
1355.47	  6.42066e+06
1356.58	  6.41189e+06
1357.67	  6.40313e+06
1358.78	  6.39437e+06
1359.88	  6.38562e+06
1360.97	  6.37688e+06
1362.08	  6.36815e+06
1363.17	  6.35943e+06
1364.28	  6.35071e+06
1365.38	  6.342e+06
1366.47	  6.3333e+06
1367.58	  6.32461e+06
1368.67	  6.31593e+06
1369.78	  6.30726e+06
1370.88	  6.29859e+06
1371.97	  6.28993e+06
1373.08	  6.28129e+06
1374.17	  6.27264e+06
1375.28	  6.26401e+06
1376.38	  6.25539e+06
1377.47	  6.24677e+06
1378.58	  6.23817e+06
1379.67	  6.22957e+06
1380.78	  6.22098e+06
1381.88	  6.21239e+06
1382.97	  6.20382e+06
1384.08	  6.19526e+06
1385.17	  6.1867e+06
1386.28	  6.17815e+06
1387.38	  6.16961e+06
1388.47	  6.16108e+06
1389.58	  6.15256e+06
1390.67	  6.14404e+06
1391.78	  6.13554e+06
1392.88	  6.12704e+06
1393.97	  6.11855e+06
1395.08	  6.11007e+06
1396.17	  6.1016e+06
1397.28	  6.09313e+06
1398.38	  6.08468e+06
1399.47	  6.07623e+06
1400.58	  6.06779e+06
1401.67	  6.05937e+06
1402.78	  6.05094e+06
1403.88	  6.04253e+06
1404.97	  6.03413e+06
1406.08	  6.02573e+06
1407.17	  6.01735e+06
1408.28	  6.00897e+06
1409.38	  6.0006e+06
1410.47	  5.99224e+06
1411.58	  5.98389e+06
1412.67	  5.97554e+06
1413.78	  5.96721e+06
1414.88	  5.95888e+06
1415.97	  5.95057e+06
1417.08	  5.94226e+06
1418.17	  5.93396e+06
1419.28	  5.92567e+06
1420.38	  5.91738e+06
1421.47	  5.90911e+06
1422.58	  5.90084e+06
1423.67	  5.89259e+06
1424.78	  5.88434e+06
1425.88	  5.8761e+06
1426.97	  5.86787e+06
1428.08	  5.85964e+06
1429.17	  5.85143e+06
1430.28	  5.84323e+06
1431.38	  5.83503e+06
1432.47	  5.82684e+06
1433.58	  5.81866e+06
1434.67	  5.81049e+06
1435.78	  5.80233e+06
1436.88	  5.79418e+06
1437.97	  5.78604e+06
1439.08	  5.7779e+06
1440.17	  5.76977e+06
1441.28	  5.76166e+06
1442.38	  5.75355e+06
1443.47	  5.74545e+06
1444.58	  5.73736e+06
1445.67	  5.72927e+06
1446.78	  5.7212e+06
1447.88	  5.71314e+06
1448.97	  5.70508e+06
1450.08	  5.69703e+06
1451.17	  5.68899e+06
1452.28	  5.68096e+06
1453.38	  5.67294e+06
1454.47	  5.66493e+06
1455.58	  5.65693e+06
1456.67	  5.64893e+06
1457.78	  5.64094e+06
1458.88	  4.12841e+06
1459.97	  4.12353e+06
1461.08	  4.11866e+06
1462.17	  4.11379e+06
1463.28	  4.10893e+06
1464.38	  4.10406e+06
1465.47	  4.09921e+06
1466.58	  4.09436e+06
1467.67	  4.08951e+06
1468.78	  4.08466e+06
1469.88	  4.07982e+06
1470.97	  4.07499e+06
1472.08	  4.07016e+06
1473.17	  4.06533e+06
1474.28	  4.06051e+06
1475.38	  4.05569e+06
1476.47	  4.05087e+06
1477.58	  4.04606e+06
1478.67	  4.04126e+06
1479.78	  4.03646e+06
1480.88	  4.03166e+06
1481.97	  4.02687e+06
1483.08	  4.02208e+06
1484.17	  4.01729e+06
1485.28	  4.01251e+06
1486.38	  4.00774e+06
1487.47	  4.00296e+06
1488.58	  3.9982e+06
1489.67	  3.99343e+06
1490.78	  3.98867e+06
1491.88	  3.98392e+06
1492.97	  3.97917e+06
1494.08	  3.97442e+06
1495.17	  3.96968e+06
1496.28	  3.96494e+06
1497.38	  3.96021e+06
1498.47	  3.95548e+06
1499.58	  3.95076e+06
1500.67	  3.94604e+06
1501.78	  3.94132e+06
1502.88	  3.93661e+06
1503.97	  3.9319e+06
1505.08	  3.9272e+06
1506.17	  3.9225e+06
1507.28	  3.9178e+06
1508.38	  3.91311e+06
1509.47	  3.90843e+06
1510.58	  3.90374e+06
1511.67	  3.89907e+06
1512.78	  3.89439e+06
1513.88	  3.88973e+06
1514.97	  3.88506e+06
1516.08	  3.8804e+06
1517.17	  3.87575e+06
1518.28	  3.87109e+06
1519.38	  3.86645e+06
1520.47	  3.8618e+06
1521.58	  3.85717e+06
1522.67	  3.85253e+06
1523.78	  3.8479e+06
1524.88	  3.84328e+06
1525.97	  3.83865e+06
1527.08	  3.83404e+06
1528.17	  3.82943e+06
1529.28	  3.82482e+06
1530.38	  3.82021e+06
1531.47	  3.81561e+06
1532.58	  3.81102e+06
1533.67	  3.80643e+06
1534.78	  3.80184e+06
1535.88	  3.79726e+06
1536.97	  3.79268e+06
1538.08	  3.78811e+06
1539.17	  3.78354e+06
1540.28	  3.77897e+06
1541.38	  3.77441e+06
1542.47	  3.76986e+06
1543.58	  3.76531e+06
1544.67	  3.76076e+06
1545.78	  3.75622e+06
1546.88	  3.75168e+06
1547.97	  3.74714e+06
1549.08	  3.74261e+06
1550.17	  3.73809e+06
1551.28	  3.73357e+06
1552.38	  3.72905e+06
1553.47	  3.72454e+06
1554.58	  3.72003e+06
1555.67	  3.71553e+06
1556.78	  3.71103e+06
1557.88	  3.70653e+06
1558.97	  3.70204e+06
1560.08	  3.69755e+06
1561.17	  3.69307e+06
1562.28	  3.68859e+06
1563.38	  3.68412e+06
1564.47	  3.67965e+06
1565.58	  3.67519e+06
1566.67	  3.67073e+06
1567.78	  3.66627e+06
1568.88	  3.66182e+06
1569.97	  3.65737e+06
1571.08	  3.65293e+06
1572.17	  3.64849e+06
1573.28	  3.64406e+06
1574.38	  3.63963e+06
1575.47	  3.6352e+06
1576.58	  3.63078e+06
1577.67	  3.62637e+06
1578.78	  3.62195e+06
1579.88	  3.61755e+06
1580.97	  3.61314e+06
1582.08	  3.60874e+06
1583.17	  3.60435e+06
1584.28	  3.59996e+06
1585.38	  3.59557e+06
1586.47	  3.59119e+06
1587.58	  3.58681e+06
1588.67	  3.58244e+06
1589.78	  3.57807e+06
1590.88	  3.57371e+06
1591.97	  3.56935e+06
1593.08	  3.56499e+06
1594.17	  3.56064e+06
1595.28	  3.5563e+06
1596.38	  3.55195e+06
1597.47	  3.54762e+06
1598.58	  3.54328e+06
1599.67	  3.53895e+06
1600.78	  3.53463e+06
1601.88	  3.53031e+06
1602.97	  3.52599e+06
1604.08	  3.52168e+06
1605.17	  3.51737e+06
1606.28	  3.51307e+06
1607.38	  3.50877e+06
1608.47	  3.50448e+06
1609.58	  3.50019e+06
1610.67	  3.4959e+06
1611.78	  3.49162e+06
1612.88	  3.48734e+06
1613.97	  3.48307e+06
1615.08	  3.4788e+06
1616.17	  3.47454e+06
1617.28	  3.47028e+06
1618.38	  3.46603e+06
1619.47	  3.46178e+06
1620.58	  3.45753e+06
1621.67	  3.45329e+06
1622.78	  3.44905e+06
1623.88	  3.44482e+06
1624.97	  3.44059e+06
1626.08	  3.43636e+06
1627.17	  3.43214e+06
1628.28	  3.42793e+06
1629.38	  3.42372e+06
1630.47	  3.41951e+06
1631.58	  3.41531e+06
1632.67	  3.41111e+06
1633.78	  3.40692e+06
1634.88	  3.40273e+06
1635.97	  3.39854e+06
1637.08	  3.39436e+06
1638.17	  3.39018e+06
1639.28	  3.38601e+06
1640.38	  3.38185e+06
1641.47	  3.37768e+06
1642.58	  3.37352e+06
1643.67	  3.36937e+06
1644.78	  3.36522e+06
1645.88	  3.36107e+06
1646.97	  3.35693e+06
1648.08	  3.3528e+06
1649.17	  3.34866e+06
1650.28	  3.34453e+06
1651.38	  3.34041e+06
1652.47	  3.33629e+06
1653.58	  3.33217e+06
1654.67	  3.32806e+06
1655.78	  3.32396e+06
1656.88	  3.31985e+06
1657.97	  3.31576e+06
1659.08	  3.31166e+06
1660.17	  3.30757e+06
1661.28	  3.30349e+06
1662.38	  3.29941e+06
1663.47	  3.29533e+06
1664.58	  3.29126e+06
1665.67	  3.28719e+06
1666.78	  3.28312e+06
1667.88	  3.27906e+06
1668.97	  3.27501e+06
1670.08	  3.27096e+06
1671.17	  3.26691e+06
1672.28	  3.26287e+06
1673.38	  3.25883e+06
1674.47	  3.25479e+06
1675.58	  3.25077e+06
1676.67	  3.24674e+06
1677.78	  3.24272e+06
1678.88	  3.2387e+06
1679.97	  3.23469e+06
1681.08	  3.23068e+06
1682.17	  3.22668e+06
1683.28	  3.22268e+06
1684.38	  3.21868e+06
1685.47	  3.21469e+06
1686.58	  3.2107e+06
1687.67	  3.20672e+06
1688.78	  3.20274e+06
1689.88	  3.19877e+06
1690.97	  3.1948e+06
1692.08	  3.19083e+06
1693.17	  3.18687e+06
1694.28	  3.18291e+06
1695.38	  3.17896e+06
1696.47	  3.17501e+06
1697.58	  3.17106e+06
1698.67	  3.16712e+06
1699.78	  3.16319e+06
1700.88	  3.15926e+06
1701.97	  3.15533e+06
1703.08	  3.1514e+06
1704.17	  3.14748e+06
1705.28	  3.14357e+06
1706.38	  3.13966e+06
1707.47	  3.13575e+06
1708.58	  3.13185e+06
1709.67	  3.12795e+06
1710.78	  3.12406e+06
1711.88	  3.12017e+06
1712.97	  3.11628e+06
1714.08	  3.1124e+06
1715.17	  3.10852e+06
1716.28	  3.10465e+06
1717.38	  3.10078e+06
1718.47	  3.09692e+06
1719.58	  3.09306e+06
1720.67	  3.0892e+06
1721.78	  3.08535e+06
1722.88	  3.0815e+06
1723.97	  3.07766e+06
1725.08	  3.07382e+06
1726.17	  3.06999e+06
1727.28	  3.06615e+06
1728.38	  3.06233e+06
1729.47	  3.05851e+06
1730.58	  3.05469e+06
1731.67	  3.05087e+06
1732.78	  3.04706e+06
1733.88	  3.04326e+06
1734.97	  3.03946e+06
1736.08	  3.03566e+06
1737.17	  3.03187e+06
1738.28	  3.02808e+06
1739.38	  3.02429e+06
1740.47	  3.02051e+06
1741.58	  3.01673e+06
1742.67	  3.01296e+06
1743.78	  3.00919e+06
1744.88	  3.00543e+06
1745.97	  3.00167e+06
1747.08	  2.99791e+06
1748.17	  2.99416e+06
1749.28	  2.99042e+06
1750.38	  2.98667e+06
1751.47	  2.98293e+06
1752.58	  2.9792e+06
1753.67	  2.97547e+06
1754.78	  2.97174e+06
1755.88	  2.96802e+06
1756.97	  2.9643e+06
1758.08	  2.96059e+06
1759.17	  2.95688e+06
1760.28	  2.95317e+06
1761.38	  2.94947e+06
1762.47	  2.94577e+06
1763.58	  2.94208e+06
1764.67	  2.93839e+06
1765.78	  2.9347e+06
1766.88	  2.93102e+06
1767.97	  2.92734e+06
1769.08	  2.92367e+06
1770.17	  2.92e+06
1771.28	  2.91634e+06
1772.38	  2.91268e+06
1773.47	  2.90902e+06
1774.58	  2.90537e+06
1775.67	  2.90172e+06
1776.78	  2.89807e+06
1777.88	  2.89443e+06
1778.97	  2.8908e+06
1780.08	  2.88717e+06
1781.17	  2.88354e+06
1782.28	  2.87991e+06
1783.38	  2.87629e+06
1784.47	  2.87268e+06
1785.58	  2.86907e+06
1786.67	  2.86546e+06
1787.78	  2.86186e+06
1788.88	  2.85826e+06
1789.97	  2.85466e+06
1791.08	  2.85107e+06
1792.17	  2.84748e+06
1793.28	  2.8439e+06
1794.38	  2.84032e+06
1795.47	  2.83674e+06
1796.58	  2.83317e+06
1797.67	  2.82961e+06
1798.78	  2.82604e+06
1799.88	  2.82248e+06
1800.97	  2.81893e+06
1802.08	  2.81538e+06
1803.17	  2.81183e+06
1804.28	  2.80829e+06
1805.38	  2.80475e+06
1806.47	  2.80122e+06
1807.58	  2.79768e+06
1808.67	  2.79416e+06
1809.78	  2.79064e+06
1810.88	  2.78712e+06
1811.97	  2.7836e+06
1813.08	  2.78009e+06
1814.17	  2.77659e+06
1815.28	  2.77308e+06
1816.38	  2.76958e+06
1817.47	  2.76609e+06
1818.58	  2.7626e+06
1819.67	  2.75911e+06
1820.78	  2.75563e+06
1821.88	  2.75215e+06
1822.97	  2.74868e+06
1824.08	  2.74521e+06
1825.17	  2.74174e+06
1826.28	  2.73828e+06
1827.38	  2.73482e+06
1828.47	  2.73136e+06
1829.58	  2.72791e+06
1830.67	  2.72447e+06
1831.78	  2.72102e+06
1832.88	  2.71758e+06
1833.97	  2.71415e+06
1835.08	  2.71072e+06
1836.17	  2.70729e+06
1837.28	  2.70387e+06
1838.38	  2.70045e+06
1839.47	  2.69703e+06
1840.58	  2.69362e+06
1841.67	  2.69021e+06
1842.78	  2.68681e+06
1843.88	  2.68341e+06
1844.97	  2.68002e+06
1846.08	  2.67663e+06
1847.17	  2.67324e+06
1848.28	  2.66985e+06
1849.38	  2.66647e+06
1850.47	  2.6631e+06
1851.58	  2.65973e+06
1852.67	  2.65636e+06
1853.78	  2.65299e+06
1854.88	  2.64963e+06
1855.97	  2.64628e+06
1857.08	  2.64293e+06
1858.17	  2.63958e+06
1859.28	  2.63623e+06
1860.38	  2.63289e+06
1861.47	  2.62956e+06
1862.58	  2.62622e+06
1863.67	  2.62289e+06
1864.78	  2.61957e+06
1865.88	  2.61625e+06
1866.97	  2.61293e+06
1868.08	  2.60962e+06
1869.17	  2.60631e+06
1870.28	  2.603e+06
1871.38	  2.5997e+06
1872.47	  2.5964e+06
1873.58	  2.59311e+06
1874.67	  2.58982e+06
1875.78	  2.58653e+06
1876.88	  2.58325e+06
1877.97	  2.57997e+06
1879.08	  2.57669e+06
1880.17	  2.57342e+06
1881.28	  2.57015e+06
1882.38	  2.56689e+06
1883.47	  2.56363e+06
1884.58	  2.56038e+06
1885.67	  2.55712e+06
1886.78	  2.55388e+06
1887.88	  2.55063e+06
1888.97	  2.54739e+06
1890.08	  2.54415e+06
1891.17	  2.54092e+06
1892.28	  2.53769e+06
1893.38	  2.53447e+06
1894.47	  2.53125e+06
1895.58	  2.52803e+06
1896.67	  2.52481e+06
1897.78	  2.5216e+06
1898.88	  2.5184e+06
1899.97	  2.5152e+06
1901.08	  2.512e+06
1902.17	  2.5088e+06
1903.28	  2.50561e+06
1904.38	  2.50242e+06
1905.47	  2.49924e+06
1906.58	  2.49606e+06
1907.67	  2.49288e+06
1908.78	  2.48971e+06
1909.88	  2.48654e+06
1910.97	  2.48338e+06
1912.08	  2.48022e+06
1913.17	  2.47706e+06
1914.28	  2.47391e+06
1915.38	  2.47076e+06
1916.47	  2.46761e+06
1917.58	  2.46447e+06
1918.67	  2.46133e+06
1919.78	  2.4582e+06
1920.88	  2.45506e+06
1921.97	  2.45194e+06
1923.08	  2.44881e+06
1924.17	  2.44569e+06
1925.28	  2.44258e+06
1926.38	  2.43947e+06
1927.47	  2.43636e+06
1928.58	  2.43325e+06
1929.67	  2.43015e+06
1930.78	  2.42705e+06
1931.88	  2.42396e+06
1932.97	  2.42087e+06
1934.08	  2.41778e+06
1935.17	  2.4147e+06
1936.28	  2.41162e+06
1937.38	  2.40854e+06
1938.47	  2.40547e+06
1939.58	  2.4024e+06
1940.67	  2.39934e+06
1941.78	  2.39628e+06
1942.88	  2.39322e+06
1943.97	  2.39017e+06
1945.08	  2.38712e+06
1946.17	  2.38407e+06
1947.28	  2.38103e+06
1948.38	  2.37799e+06
1949.47	  2.37496e+06
1950.58	  2.37193e+06
1951.67	  2.3689e+06
1952.78	  2.36587e+06
1953.88	  2.36285e+06
1954.97	  2.35984e+06
1956.08	  2.35682e+06
1957.17	  2.35381e+06
1958.28	  2.35081e+06
1959.38	  2.3478e+06
1960.47	  2.34481e+06
1961.58	  2.34181e+06
1962.67	  2.33882e+06
1963.78	  2.33583e+06
1964.88	  2.33285e+06
1965.97	  2.32987e+06
1967.08	  2.32689e+06
1968.17	  2.32392e+06
1969.28	  2.32095e+06
1970.38	  2.31798e+06
1971.47	  2.31502e+06
1972.58	  2.31206e+06
1973.67	  2.3091e+06
1974.78	  2.30615e+06
1975.88	  2.3032e+06
1976.97	  2.30026e+06
1978.08	  2.29731e+06
1979.17	  2.29438e+06
1980.28	  2.29144e+06
1981.38	  2.28851e+06
1982.47	  2.28558e+06
1983.58	  2.28266e+06
1984.67	  2.27974e+06
1985.78	  2.27682e+06
1986.88	  2.27391e+06
1987.97	  2.271e+06
1989.08	  2.2681e+06
1990.17	  2.26519e+06
1991.28	  2.2623e+06
1992.38	  2.2594e+06
1993.47	  2.25651e+06
1994.58	  2.25362e+06
1995.67	  2.25074e+06
1996.78	  2.24785e+06
1997.88	  2.24498e+06
1998.97	  2.2421e+06
2000.08	  2.23923e+06
2001.17	  2.23637e+06
2002.28	  2.2335e+06
2003.38	  2.23064e+06
2004.47	  2.22779e+06
2005.58	  2.22493e+06
2006.67	  2.22208e+06
2007.78	  2.21924e+06
2008.88	  2.21639e+06
2009.97	  2.21355e+06
2011.08	  2.21072e+06
2012.17	  2.20789e+06
2013.28	  2.20506e+06
2014.38	  2.20223e+06
2015.47	  2.19941e+06
2016.58	  2.19659e+06
2017.67	  2.19378e+06
2018.78	  2.19097e+06
2019.88	  2.18816e+06
2020.97	  2.18535e+06
2022.08	  2.18255e+06
2023.18	  2.17975e+06
2024.28	  2.17696e+06
2025.38	  2.17417e+06
2026.47	  2.17138e+06
2027.58	  2.1686e+06
2028.68	  2.16582e+06
2029.78	  2.16304e+06
2030.88	  2.16027e+06
2031.97	  2.1575e+06
2033.08	  2.15473e+06
2034.18	  2.15197e+06
2035.28	  2.14921e+06
2036.38	  2.14645e+06
2037.47	  2.1437e+06
2038.58	  2.14095e+06
2039.68	  2.1382e+06
2040.78	  2.13546e+06
2041.88	  2.13272e+06
2042.97	  2.12998e+06
2044.08	  2.12725e+06
2045.18	  2.12452e+06
2046.28	  2.12179e+06
2047.38	  2.11907e+06
2048.47	  2.11635e+06
2049.57	  2.11363e+06
2050.68	  2.11092e+06
2051.78	  2.10821e+06
2052.88	  2.1055e+06
2053.97	  2.1028e+06
2055.07	  2.1001e+06
2056.18	  2.09741e+06
2057.28	  2.09471e+06
2058.38	  2.09202e+06
2059.47	  2.08934e+06
2060.57	  2.08665e+06
2061.68	  2.08397e+06
2062.78	  2.0813e+06
2063.88	  2.07863e+06
2064.97	  2.07596e+06
2066.07	  2.07329e+06
2067.18	  2.07063e+06
2068.28	  2.06797e+06
2069.38	  2.06531e+06
2070.47	  2.06266e+06
2071.57	  2.06001e+06
2072.68	  2.05736e+06
2073.78	  2.05472e+06
2074.88	  2.05208e+06
2075.97	  2.04944e+06
2077.07	  2.04681e+06
2078.18	  2.04418e+06
2079.28	  2.04155e+06
2080.38	  2.03893e+06
2081.47	  2.03631e+06
2082.57	  2.03369e+06
2083.68	  2.03108e+06
2084.78	  2.02847e+06
2085.88	  2.02586e+06
2086.97	  2.02326e+06
2088.07	  2.02066e+06
2089.18	  2.01806e+06
2090.28	  2.01547e+06
2091.38	  2.01288e+06
2092.47	  2.01029e+06
2093.57	  2.00771e+06
2094.68	  2.00512e+06
2095.78	  2.00255e+06
2096.88	  1.99997e+06
2097.97	  1.9974e+06
2099.07	  1.99483e+06
2100.18	  1.99227e+06
2101.28	  1.98971e+06
2102.38	  1.98715e+06
2103.47	  1.98459e+06
2104.57	  1.98204e+06
2105.68	  1.97949e+06
2106.78	  1.97694e+06
2107.88	  1.9744e+06
2108.97	  1.97186e+06
2110.07	  1.96933e+06
2111.18	  1.96679e+06
2112.28	  1.96426e+06
2113.38	  1.96174e+06
2114.47	  1.95921e+06
2115.57	  1.95669e+06
2116.68	  1.95418e+06
2117.78	  1.95166e+06
2118.88	  1.94915e+06
2119.97	  1.94664e+06
2121.07	  1.94414e+06
2122.18	  1.94164e+06
2123.28	  1.93914e+06
2124.38	  1.93664e+06
2125.47	  1.93415e+06
2126.57	  1.93166e+06
2127.68	  1.92918e+06
2128.78	  1.92669e+06
2129.88	  1.92422e+06
2130.97	  1.92174e+06
2132.07	  1.91927e+06
2133.18	  1.9168e+06
2134.28	  1.91433e+06
2135.38	  1.91186e+06
2136.47	  1.9094e+06
2137.57	  1.90695e+06
2138.68	  1.90449e+06
2139.78	  1.90204e+06
2140.88	  1.89959e+06
2141.97	  1.89715e+06
2143.07	  1.8947e+06
2144.18	  1.89227e+06
2145.28	  1.88983e+06
2146.38	  1.8874e+06
2147.47	  1.88497e+06
2148.57	  1.88254e+06
2149.68	  1.88012e+06
2150.78	  1.8777e+06
2151.88	  1.87528e+06
2152.97	  1.87286e+06
2154.07	  1.87045e+06
2155.18	  1.86804e+06
2156.28	  1.86564e+06
2157.38	  1.86324e+06
2158.47	  1.86084e+06
2159.57	  1.85844e+06
2160.68	  1.85605e+06
2161.78	  1.85366e+06
2162.88	  1.85127e+06
2163.97	  1.84889e+06
2165.07	  1.84651e+06
2166.18	  1.84413e+06
2167.28	  1.84175e+06
2168.38	  1.83938e+06
2169.47	  1.83701e+06
2170.57	  1.83465e+06
2171.68	  1.83228e+06
2172.78	  1.82992e+06
2173.88	  1.82757e+06
2174.97	  1.82521e+06
2176.07	  1.82286e+06
2177.18	  1.82051e+06
2178.28	  1.81817e+06
2179.38	  1.81583e+06
2180.47	  1.81349e+06
2181.57	  1.81115e+06
2182.68	  1.80882e+06
2183.78	  1.80649e+06
2184.88	  1.80416e+06
2185.97	  1.80184e+06
2187.07	  1.79951e+06
2188.18	  1.7972e+06
2189.28	  1.79488e+06
2190.38	  1.79257e+06
2191.47	  1.79026e+06
2192.57	  1.78795e+06
2193.68	  1.78565e+06
2194.78	  1.78335e+06
2195.88	  1.78105e+06
2196.97	  1.77876e+06
2198.07	  1.77646e+06
2199.18	  1.77418e+06
2200.28	  1.77189e+06
2201.38	  1.76961e+06
2202.47	  1.76733e+06
2203.57	  1.76505e+06
2204.68	  1.76278e+06
2205.78	  1.7605e+06
2206.88	  1.75824e+06
2207.97	  1.75597e+06
2209.07	  1.75371e+06
2210.18	  1.75145e+06
2211.28	  1.74919e+06
2212.38	  1.74694e+06
2213.47	  1.74469e+06
2214.57	  1.74244e+06
2215.68	  1.74019e+06
2216.78	  1.73795e+06
2217.88	  1.73571e+06
2218.97	  1.73347e+06
2220.07	  1.73124e+06
2221.18	  1.72901e+06
2222.28	  1.72678e+06
2223.38	  1.72456e+06
2224.47	  1.72233e+06
2225.57	  1.72011e+06
2226.68	  1.7179e+06
2227.78	  1.71568e+06
2228.88	  1.71347e+06
2229.97	  1.71127e+06
2231.07	  1.70906e+06
2232.18	  1.70686e+06
2233.28	  1.70466e+06
2234.38	  1.70246e+06
2235.47	  1.70027e+06
2236.57	  1.69808e+06
2237.68	  1.69589e+06
2238.78	  1.6937e+06
2239.88	  1.69152e+06
2240.97	  1.68934e+06
2242.07	  1.68716e+06
2243.18	  1.68499e+06
2244.28	  1.68282e+06
2245.38	  1.68065e+06
2246.47	  1.67848e+06
2247.57	  1.67632e+06
2248.68	  1.67416e+06
2249.78	  1.672e+06
2250.88	  1.66985e+06
2251.97	  1.66769e+06
2253.07	  1.66555e+06
2254.18	  1.6634e+06
2255.28	  1.66126e+06
2256.38	  1.65911e+06
2257.47	  1.65698e+06
2258.57	  1.65484e+06
2259.68	  1.65271e+06
2260.78	  1.65058e+06
2261.88	  1.64845e+06
2262.97	  1.64633e+06
2264.07	  1.64421e+06
2265.18	  1.64209e+06
2266.28	  1.63997e+06
2267.38	  1.63786e+06
2268.47	  1.63575e+06
2269.57	  1.63364e+06
2270.68	  1.63153e+06
2271.78	  1.62943e+06
2272.88	  1.62733e+06
2273.97	  1.62523e+06
2275.07	  1.62314e+06
2276.18	  1.62105e+06
2277.28	  1.61896e+06
2278.38	  1.61687e+06
2279.47	  1.61479e+06
2280.57	  1.45419e+06
2281.68	  1.45246e+06
2282.78	  1.45074e+06
2283.88	  1.44902e+06
2284.97	  1.4473e+06
2286.07	  1.44559e+06
2287.18	  1.44387e+06
2288.28	  1.44216e+06
2289.38	  1.44045e+06
2290.47	  1.43874e+06
2291.57	  1.43703e+06
2292.68	  1.43533e+06
2293.78	  1.43363e+06
2294.88	  1.43193e+06
2295.97	  1.43023e+06
2297.07	  1.42853e+06
2298.18	  1.42684e+06
2299.28	  1.42515e+06
2300.38	  1.42345e+06
2301.47	  1.42177e+06
2302.57	  1.42008e+06
2303.68	  1.4184e+06
2304.78	  1.41671e+06
2305.88	  1.41503e+06
2306.97	  1.41335e+06
2308.07	  1.41168e+06
2309.18	  1.41e+06
2310.28	  1.40833e+06
2311.38	  1.40666e+06
2312.47	  1.40499e+06
2313.57	  1.40332e+06
2314.68	  1.40166e+06
2315.78	  1.4e+06
2316.88	  1.39834e+06
2317.97	  1.39668e+06
2319.07	  1.39502e+06
2320.18	  1.39336e+06
2321.28	  1.39171e+06
2322.38	  1.39006e+06
2323.47	  1.38841e+06
2324.57	  1.38676e+06
2325.68	  1.38512e+06
2326.78	  1.38347e+06
2327.88	  1.38183e+06
2328.97	  1.38019e+06
2330.07	  1.37856e+06
2331.18	  1.37692e+06
2332.28	  1.37529e+06
2333.38	  1.37366e+06
2334.47	  1.37203e+06
2335.57	  1.3704e+06
2336.68	  1.36877e+06
2337.78	  1.36715e+06
2338.88	  1.36553e+06
2339.97	  1.3639e+06
2341.07	  1.36229e+06
2342.18	  1.36067e+06
2343.28	  1.35906e+06
2344.38	  1.35744e+06
2345.47	  1.35583e+06
2346.57	  1.35422e+06
2347.68	  1.35262e+06
2348.78	  1.35101e+06
2349.88	  1.34941e+06
2350.97	  1.34781e+06
2352.07	  1.34621e+06
2353.18	  1.34461e+06
2354.28	  1.34301e+06
2355.38	  1.34142e+06
2356.47	  1.33983e+06
2357.57	  1.33824e+06
2358.68	  1.33665e+06
2359.78	  1.33507e+06
2360.88	  1.33348e+06
2361.97	  1.3319e+06
2363.07	  1.33032e+06
2364.18	  1.32874e+06
2365.28	  1.32716e+06
2366.38	  1.32559e+06
2367.47	  1.32401e+06
2368.57	  1.32244e+06
2369.68	  1.32087e+06
2370.78	  1.31931e+06
2371.88	  1.31774e+06
2372.97	  1.31618e+06
2374.07	  1.31462e+06
2375.18	  1.31306e+06
2376.28	  1.3115e+06
2377.38	  1.30994e+06
2378.47	  1.30839e+06
2379.57	  1.30683e+06
2380.68	  1.30528e+06
2381.78	  1.30373e+06
2382.88	  1.30219e+06
2383.97	  1.30064e+06
2385.07	  1.2991e+06
2386.18	  1.29756e+06
2387.28	  1.29602e+06
2388.38	  1.29448e+06
2389.47	  1.29294e+06
2390.57	  1.29141e+06
2391.68	  1.28988e+06
2392.78	  1.28834e+06
2393.88	  1.28682e+06
2394.97	  1.28529e+06
2396.07	  1.28376e+06
2397.18	  1.28224e+06
2398.28	  1.28072e+06
2399.38	  1.2792e+06
2400.47	  1.27768e+06
2401.57	  1.27617e+06
2402.68	  1.27465e+06
2403.78	  1.27314e+06
2404.88	  1.27163e+06
2405.97	  1.27012e+06
2407.07	  1.26861e+06
2408.18	  1.26711e+06
2409.28	  1.2656e+06
2410.38	  1.2641e+06
2411.47	  1.2626e+06
2412.57	  1.2611e+06
2413.68	  1.25961e+06
2414.78	  1.25811e+06
2415.88	  1.25662e+06
2416.97	  1.25513e+06
2418.07	  1.25364e+06
2419.18	  1.25215e+06
2420.28	  1.25066e+06
2421.38	  1.24918e+06
2422.47	  1.2477e+06
2423.57	  1.24622e+06
2424.68	  1.24474e+06
2425.78	  1.24326e+06
2426.88	  1.24179e+06
2427.97	  1.24031e+06
2429.07	  1.23884e+06
2430.18	  1.23737e+06
2431.28	  1.2359e+06
2432.38	  1.23444e+06
2433.47	  1.23297e+06
2434.57	  1.23151e+06
2435.68	  1.23005e+06
2436.78	  1.22859e+06
2437.88	  1.22713e+06
2438.97	  1.22568e+06
2440.07	  1.22422e+06
2441.18	  1.22277e+06
2442.28	  1.22132e+06
2443.38	  1.21987e+06
2444.47	  1.21842e+06
2445.57	  1.21698e+06
2446.68	  1.21553e+06
2447.78	  1.21409e+06
2448.88	  1.21265e+06
2449.97	  1.21121e+06
2451.07	  1.20978e+06
2452.18	  1.20834e+06
2453.28	  1.20691e+06
2454.38	  1.20548e+06
2455.47	  1.20405e+06
2456.57	  1.20262e+06
2457.68	  1.20119e+06
2458.78	  1.19977e+06
2459.88	  1.19834e+06
2460.97	  1.19692e+06
2462.07	  1.1955e+06
2463.18	  1.19409e+06
2464.28	  1.19267e+06
2465.38	  1.19125e+06
2466.47	  1.18984e+06
2467.57	  1.18843e+06
2468.68	  1.18702e+06
2469.78	  1.18561e+06
2470.88	  1.18421e+06
2471.97	  1.1828e+06
2473.07	  1.1814e+06
2474.18	  1.18e+06
2475.28	  1.1786e+06
2476.38	  1.1772e+06
2477.47	  1.17581e+06
