Emission arising from a slab of Hydrogen (both H and H-).
   
Parameters of the slab:
n_e = 1e+11 cm-3
T_e = 10000 K
tau(lambda=300 nm) = 0.5
L = 7.00381e+13 cm
   
Wavelength (nm), Emission (erg s-1 cm-2 nm-1 sr-1)
50	  122.271
91.2	  43047.4
120	  1.05979e+06
150	  7.17783e+06
175	  2.00152e+07
200	  4.10972e+07
225	  6.89336e+07
250	  1.00436e+08
270	  1.2592e+08
290	  1.49909e+08
300	  1.60939e+08
305	  1.66157e+08
310	  1.7116e+08
315	  1.75937e+08
320	  1.8048e+08
322.5	  1.82661e+08
325	  1.84781e+08
327	  1.86432e+08
329	  1.88043e+08
329.999	  1.88832e+08
330.266	  1.89042e+08
330.533	  1.8925e+08
330.8	  1.89458e+08
331.067	  1.89665e+08
331.334	  1.89872e+08
331.601	  1.90077e+08
331.868	  1.90282e+08
332.135	  1.90486e+08
332.402	  1.9069e+08
332.669	  1.90893e+08
332.936	  1.91095e+08
333.203	  1.91296e+08
333.47	  1.91497e+08
333.737	  1.91696e+08
334.004	  1.91896e+08
334.271	  1.92094e+08
334.538	  1.92292e+08
334.805	  1.92489e+08
335.072	  1.92685e+08
335.339	  1.9288e+08
335.606	  1.93075e+08
335.873	  1.93269e+08
336.14	  1.93462e+08
336.407	  1.93655e+08
336.674	  1.93846e+08
336.941	  1.94038e+08
337.208	  1.94228e+08
337.475	  1.94417e+08
337.742	  1.94606e+08
338.009	  1.94794e+08
338.276	  1.94982e+08
338.543	  1.95168e+08
338.81	  1.95354e+08
339.077	  1.9554e+08
339.344	  1.95724e+08
339.611	  1.95908e+08
339.878	  1.96091e+08
340.145	  1.96273e+08
340.412	  1.96454e+08
340.679	  1.96635e+08
340.946	  1.96815e+08
341.213	  1.96994e+08
341.48	  1.97173e+08
341.747	  1.97351e+08
342.014	  1.97528e+08
342.281	  1.97704e+08
342.548	  1.97879e+08
342.815	  1.98054e+08
343.082	  1.98228e+08
343.349	  1.98402e+08
343.616	  1.98574e+08
343.883	  1.98746e+08
344.15	  1.98917e+08
344.417	  1.99088e+08
344.684	  1.99257e+08
344.951	  1.99426e+08
345.218	  1.99594e+08
345.485	  1.99762e+08
345.752	  1.99928e+08
346.019	  2.00094e+08
346.286	  2.00259e+08
346.553	  2.00424e+08
346.82	  2.00587e+08
347.087	  2.0075e+08
347.354	  2.00913e+08
347.621	  2.01074e+08
347.888	  2.01235e+08
348.155	  2.01395e+08
348.422	  2.01554e+08
348.689	  2.01712e+08
348.956	  2.0187e+08
349.223	  2.02027e+08
349.49	  2.02183e+08
349.757	  2.02339e+08
350.024	  2.02494e+08
350.291	  2.02648e+08
350.558	  2.02801e+08
350.825	  2.02954e+08
351.092	  2.03105e+08
351.359	  2.03257e+08
351.626	  2.03407e+08
351.893	  2.03556e+08
352.16	  2.03705e+08
352.427	  2.03853e+08
352.694	  2.04001e+08
352.961	  2.04147e+08
353.228	  2.04293e+08
353.495	  2.04438e+08
353.762	  2.04583e+08
354.029	  2.04727e+08
354.296	  2.04869e+08
354.563	  2.05012e+08
354.83	  2.05153e+08
355.097	  2.05294e+08
355.364	  2.05434e+08
355.631	  2.05573e+08
355.898	  2.05712e+08
356.165	  2.05849e+08
356.432	  2.05986e+08
356.699	  2.06123e+08
356.966	  2.06258e+08
357.233	  2.06393e+08
357.5	  2.06527e+08
357.767	  2.0666e+08
358.034	  2.06793e+08
358.301	  2.06925e+08
358.568	  2.07056e+08
358.835	  2.07186e+08
359.102	  2.07316e+08
359.369	  2.07445e+08
359.636	  2.07573e+08
359.903	  2.07701e+08
360.17	  2.07827e+08
360.437	  2.07953e+08
360.704	  2.08079e+08
360.971	  2.08203e+08
361.238	  2.08327e+08
361.505	  2.0845e+08
361.772	  2.08573e+08
362.039	  2.08694e+08
362.306	  2.08815e+08
362.573	  2.08935e+08
363	  2.09126e+08
363.027	  2.09138e+08
363.054	  2.0915e+08
363.08	  2.09161e+08
363.107	  2.09173e+08
363.134	  2.09185e+08
363.16	  2.09197e+08
363.187	  2.09209e+08
363.214	  2.09221e+08
363.24	  2.09232e+08
363.267	  2.09244e+08
363.294	  2.09256e+08
363.321	  2.09268e+08
363.347	  2.0928e+08
363.374	  2.09291e+08
363.401	  2.09303e+08
363.427	  2.09315e+08
363.454	  2.09327e+08
363.481	  2.09338e+08
363.508	  2.0935e+08
363.534	  2.09362e+08
363.561	  2.09373e+08
363.588	  2.09385e+08
363.614	  2.09397e+08
363.641	  2.09409e+08
363.668	  2.0942e+08
363.694	  2.09432e+08
363.721	  2.09444e+08
363.748	  2.09455e+08
363.774	  2.09467e+08
363.801	  2.09479e+08
363.828	  2.0949e+08
363.855	  2.09502e+08
363.881	  2.09513e+08
363.908	  2.09525e+08
363.935	  2.09537e+08
363.961	  2.09548e+08
363.988	  2.0956e+08
364.015	  2.09571e+08
364.041	  2.09583e+08
364.068	  2.09595e+08
364.095	  2.09606e+08
364.122	  2.09618e+08
364.148	  2.09629e+08
364.175	  2.09641e+08
364.202	  2.09652e+08
364.228	  2.09664e+08
364.255	  2.09675e+08
364.282	  2.09687e+08
364.308	  2.09698e+08
364.335	  2.0971e+08
364.362	  2.09721e+08
364.389	  2.09733e+08
364.415	  2.09744e+08
364.442	  2.09756e+08
364.469	  2.09767e+08
364.495	  2.09779e+08
364.522	  2.0979e+08
364.549	  2.09802e+08
364.575	  2.09813e+08
364.602	  2.09825e+08
364.629	  2.09836e+08
364.656	  2.09847e+08
364.682	  2.09859e+08
364.709	  2.0987e+08
364.736	  1.6969e+07
364.762	  1.69713e+07
364.789	  1.69735e+07
364.816	  1.69757e+07
364.842	  1.6978e+07
364.869	  1.69802e+07
364.896	  1.69825e+07
364.923	  1.69847e+07
364.949	  1.6987e+07
364.976	  1.69892e+07
365.003	  1.69915e+07
365.029	  1.69937e+07
365.056	  1.69959e+07
365.083	  1.69982e+07
365.11	  1.70004e+07
365.136	  1.70027e+07
365.163	  1.70049e+07
365.19	  1.70072e+07
365.216	  1.70094e+07
365.243	  1.70116e+07
365.27	  1.70139e+07
365.296	  1.70161e+07
365.323	  1.70184e+07
365.35	  1.70206e+07
365.377	  1.70228e+07
365.403	  1.70251e+07
365.43	  1.70273e+07
365.457	  1.70296e+07
365.483	  1.70318e+07
365.51	  1.7034e+07
365.537	  1.70363e+07
365.563	  1.70385e+07
365.59	  1.70407e+07
365.617	  1.7043e+07
365.643	  1.70452e+07
365.67	  1.70475e+07
365.697	  1.70497e+07
365.724	  1.70519e+07
365.75	  1.70542e+07
365.777	  1.70564e+07
365.804	  1.70586e+07
365.83	  1.70609e+07
365.857	  1.70631e+07
365.884	  1.70653e+07
365.91	  1.70676e+07
365.937	  1.70698e+07
365.964	  1.70721e+07
365.991	  1.70743e+07
365.991	  1.70743e+07
366.258	  1.70966e+07
366.525	  1.71189e+07
366.792	  1.71412e+07
367.059	  1.71635e+07
367.326	  1.71857e+07
367.593	  1.72079e+07
367.86	  1.72301e+07
368.127	  1.72522e+07
368.394	  1.72743e+07
368.661	  1.72964e+07
368.928	  1.73185e+07
369.195	  1.73406e+07
369.462	  1.73626e+07
369.729	  1.73846e+07
369.996	  1.74066e+07
370.263	  1.74285e+07
370.53	  1.74505e+07
370.797	  1.74724e+07
371.064	  1.74942e+07
371.331	  1.75161e+07
371.598	  1.75379e+07
371.865	  1.75597e+07
372.132	  1.75815e+07
372.399	  1.76032e+07
372.666	  1.76249e+07
372.933	  1.76466e+07
373.2	  1.76683e+07
373.467	  1.769e+07
373.734	  1.77116e+07
374.001	  1.77332e+07
374.268	  1.77547e+07
374.535	  1.77763e+07
374.802	  1.77978e+07
375.069	  1.78193e+07
375.336	  1.78407e+07
375.603	  1.78622e+07
375.87	  1.78836e+07
376.137	  1.7905e+07
376.404	  1.79263e+07
376.671	  1.79476e+07
376.938	  1.79689e+07
377.205	  1.79902e+07
377.472	  1.80115e+07
377.739	  1.80327e+07
378.006	  1.80539e+07
378.273	  1.80751e+07
378.54	  1.80962e+07
378.807	  1.81173e+07
379.074	  1.81384e+07
379.341	  1.81595e+07
379.608	  1.81805e+07
379.875	  1.82015e+07
380.142	  1.82225e+07
380.409	  1.82435e+07
380.676	  1.82644e+07
380.943	  1.82853e+07
381.21	  1.83062e+07
381.477	  1.8327e+07
381.744	  1.83479e+07
382.011	  1.83687e+07
382.278	  1.83894e+07
382.545	  1.84102e+07
382.812	  1.84309e+07
383.079	  1.84516e+07
383.346	  1.84722e+07
383.613	  1.84929e+07
383.88	  1.85135e+07
384.147	  1.85341e+07
384.414	  1.85546e+07
384.681	  1.85751e+07
384.948	  1.85956e+07
385.215	  1.86161e+07
385.482	  1.86365e+07
385.749	  1.8657e+07
386.016	  1.86773e+07
386.283	  1.86977e+07
386.55	  1.8718e+07
386.817	  1.87383e+07
387.084	  1.87586e+07
387.351	  1.87789e+07
387.618	  1.87991e+07
387.885	  1.88193e+07
388.152	  1.88395e+07
388.419	  1.88596e+07
388.686	  1.88797e+07
388.953	  1.88998e+07
389.22	  1.89199e+07
389.487	  1.89399e+07
389.754	  1.89599e+07
390.021	  1.89799e+07
390.288	  1.89998e+07
390.555	  1.90197e+07
390.822	  1.90396e+07
391.089	  1.90595e+07
391.356	  1.90793e+07
391.623	  1.90992e+07
391.89	  1.91189e+07
392.157	  1.91387e+07
392.424	  1.91584e+07
392.691	  1.91781e+07
392.958	  1.91978e+07
393.225	  1.92174e+07
393.492	  1.9237e+07
393.759	  1.92566e+07
394.026	  1.92762e+07
394.293	  1.92957e+07
394.56	  1.93152e+07
394.827	  1.93347e+07
395.094	  1.93541e+07
395.361	  1.93735e+07
395.628	  1.93929e+07
395.895	  1.94123e+07
396.162	  1.94316e+07
396.429	  1.94509e+07
396.696	  1.94702e+07
396.963	  1.94894e+07
397.23	  1.95087e+07
397.497	  1.95279e+07
397.764	  1.9547e+07
398.031	  1.95662e+07
398.298	  1.95853e+07
398.565	  1.96043e+07
398.832	  1.96234e+07
399.099	  1.96424e+07
399.366	  1.96614e+07
399.633	  1.96804e+07
399.9	  1.96993e+07
400.167	  1.97182e+07
400.434	  1.97371e+07
400.701	  1.97559e+07
400.968	  1.97748e+07
401.235	  1.97936e+07
401.502	  1.98123e+07
401.769	  1.98311e+07
402.036	  1.98498e+07
402.303	  1.98685e+07
402.57	  1.98871e+07
402.837	  1.99057e+07
403.104	  1.99243e+07
403.371	  1.99429e+07
403.638	  1.99614e+07
403.905	  1.99799e+07
404.172	  1.99984e+07
404.439	  2.00169e+07
404.706	  2.00353e+07
404.973	  2.00537e+07
405.24	  2.0072e+07
405.507	  2.00904e+07
405.774	  2.01087e+07
406.041	  2.0127e+07
406.308	  2.01452e+07
406.575	  2.01634e+07
406.842	  2.01816e+07
407.109	  2.01998e+07
407.376	  2.02179e+07
407.643	  2.0236e+07
407.91	  2.02541e+07
408.177	  2.02722e+07
408.444	  2.02902e+07
408.711	  2.03082e+07
408.978	  2.03261e+07
409.245	  2.03441e+07
409.512	  2.0362e+07
409.779	  2.03799e+07
410.046	  2.03977e+07
410.313	  2.04155e+07
410.58	  2.04333e+07
410.847	  2.04511e+07
411.114	  2.04688e+07
411.381	  2.04865e+07
411.648	  2.05042e+07
411.915	  2.05218e+07
412.182	  2.05395e+07
412.449	  2.0557e+07
412.716	  2.05746e+07
412.983	  2.05921e+07
413.25	  2.06096e+07
413.517	  2.06271e+07
413.784	  2.06446e+07
414.051	  2.0662e+07
414.318	  2.06794e+07
414.585	  2.06967e+07
414.852	  2.0714e+07
415.119	  2.07313e+07
415.386	  2.07486e+07
415.653	  2.07659e+07
415.92	  2.07831e+07
416.187	  2.08002e+07
416.454	  2.08174e+07
416.721	  2.08345e+07
416.988	  2.08516e+07
417.255	  2.08687e+07
417.522	  2.08857e+07
417.789	  2.09027e+07
418.056	  2.09197e+07
418.323	  2.09367e+07
418.59	  2.09536e+07
418.857	  2.09705e+07
419.124	  2.09874e+07
419.391	  2.10042e+07
419.658	  2.1021e+07
419.925	  2.10378e+07
420.192	  2.10545e+07
420.459	  2.10712e+07
420.726	  2.10879e+07
420.993	  2.11046e+07
421.26	  2.11212e+07
421.527	  2.11378e+07
421.794	  2.11544e+07
422.061	  2.1171e+07
422.328	  2.11875e+07
422.595	  2.1204e+07
422.862	  2.12204e+07
423.129	  2.12369e+07
423.396	  2.12533e+07
423.663	  2.12696e+07
423.93	  2.1286e+07
424.197	  2.13023e+07
424.464	  2.13186e+07
424.731	  2.13348e+07
424.998	  2.1351e+07
425.265	  2.13672e+07
425.532	  2.13834e+07
425.799	  2.13996e+07
426.066	  2.14157e+07
426.333	  2.14317e+07
426.6	  2.14478e+07
426.867	  2.14638e+07
427.134	  2.14798e+07
427.401	  2.14958e+07
427.668	  2.15117e+07
427.935	  2.15276e+07
428.202	  2.15435e+07
428.469	  2.15594e+07
428.736	  2.15752e+07
429.003	  2.1591e+07
429.27	  2.16067e+07
429.537	  2.16225e+07
429.804	  2.16382e+07
430.071	  2.16538e+07
430.338	  2.16695e+07
430.605	  2.16851e+07
430.872	  2.17007e+07
431.139	  2.17163e+07
431.406	  2.17318e+07
431.673	  2.17473e+07
431.94	  2.17628e+07
432.207	  2.17782e+07
432.474	  2.17936e+07
432.741	  2.1809e+07
433.008	  2.18244e+07
433.275	  2.18397e+07
433.542	  2.1855e+07
433.809	  2.18703e+07
434.076	  2.18855e+07
434.343	  2.19007e+07
434.61	  2.19159e+07
434.877	  2.19311e+07
435.144	  2.19462e+07
435.411	  2.19613e+07
435.678	  2.19764e+07
435.945	  2.19914e+07
436.212	  2.20064e+07
436.479	  2.20214e+07
436.746	  2.20364e+07
437.013	  2.20513e+07
437.28	  2.20662e+07
437.547	  2.2081e+07
437.814	  2.20959e+07
438.081	  2.21107e+07
438.348	  2.21255e+07
438.615	  2.21402e+07
438.882	  2.21549e+07
439.149	  2.21696e+07
439.416	  2.21843e+07
439.683	  2.21989e+07
439.95	  2.22135e+07
440.217	  2.22281e+07
440.484	  2.22427e+07
440.751	  2.22572e+07
441.018	  2.22717e+07
441.285	  2.22862e+07
441.552	  2.23006e+07
441.819	  2.2315e+07
442.086	  2.23294e+07
442.353	  2.23437e+07
442.62	  2.2358e+07
442.887	  2.23723e+07
443.154	  2.23866e+07
443.421	  2.24008e+07
443.688	  2.2415e+07
443.955	  2.24292e+07
444.222	  2.24434e+07
444.489	  2.24575e+07
444.756	  2.24716e+07
445.023	  2.24856e+07
445.29	  2.24997e+07
445.557	  2.25137e+07
445.824	  2.25277e+07
446.091	  2.25416e+07
446.358	  2.25555e+07
446.625	  2.25694e+07
446.892	  2.25833e+07
447.159	  2.25971e+07
447.426	  2.26109e+07
447.693	  2.26247e+07
447.96	  2.26385e+07
448.227	  2.26522e+07
448.494	  2.26659e+07
448.761	  2.26795e+07
449.028	  2.26932e+07
449.295	  2.27068e+07
449.562	  2.27203e+07
449.829	  2.27339e+07
450.096	  2.27474e+07
450.363	  2.27609e+07
450.63	  2.27744e+07
450.897	  2.27878e+07
451.164	  2.28012e+07
451.431	  2.28146e+07
451.698	  2.2828e+07
451.965	  2.28413e+07
452.232	  2.28546e+07
452.499	  2.28678e+07
452.766	  2.28811e+07
453.033	  2.28943e+07
453.3	  2.29075e+07
453.567	  2.29206e+07
453.834	  2.29338e+07
454.101	  2.29468e+07
454.368	  2.29599e+07
454.635	  2.2973e+07
454.902	  2.2986e+07
455.169	  2.2999e+07
455.436	  2.30119e+07
455.703	  2.30248e+07
455.97	  2.30377e+07
456.237	  2.30506e+07
456.504	  2.30635e+07
456.771	  2.30763e+07
457.038	  2.30891e+07
457.305	  2.31018e+07
457.572	  2.31146e+07
457.839	  2.31273e+07
458.106	  2.31399e+07
458.373	  2.31526e+07
458.64	  2.31652e+07
458.907	  2.31778e+07
459.174	  2.31904e+07
459.441	  2.32029e+07
459.708	  2.32154e+07
459.975	  2.32279e+07
460.242	  2.32403e+07
460.509	  2.32528e+07
460.776	  2.32651e+07
461.043	  2.32775e+07
461.31	  2.32899e+07
461.577	  2.33022e+07
461.844	  2.33145e+07
462.111	  2.33267e+07
462.378	  2.33389e+07
462.645	  2.33511e+07
462.912	  2.33633e+07
463.179	  2.33755e+07
463.446	  2.33876e+07
463.713	  2.33997e+07
463.98	  2.34117e+07
464.247	  2.34238e+07
464.514	  2.34358e+07
464.781	  2.34478e+07
465.048	  2.34597e+07
465.315	  2.34716e+07
465.582	  2.34835e+07
465.849	  2.34954e+07
466.116	  2.35072e+07
466.383	  2.35191e+07
466.65	  2.35308e+07
466.917	  2.35426e+07
467.184	  2.35543e+07
467.451	  2.3566e+07
467.718	  2.35777e+07
467.985	  2.35894e+07
468.252	  2.3601e+07
468.519	  2.36126e+07
468.786	  2.36241e+07
469.053	  2.36357e+07
469.32	  2.36472e+07
469.587	  2.36587e+07
469.854	  2.36701e+07
470.121	  2.36816e+07
470.388	  2.3693e+07
470.655	  2.37044e+07
470.922	  2.37157e+07
471.189	  2.3727e+07
471.456	  2.37383e+07
471.723	  2.37496e+07
471.99	  2.37608e+07
472.257	  2.3772e+07
472.524	  2.37832e+07
472.791	  2.37944e+07
473.058	  2.38055e+07
473.325	  2.38166e+07
473.592	  2.38277e+07
473.859	  2.38387e+07
474.126	  2.38498e+07
474.393	  2.38608e+07
474.66	  2.38717e+07
474.927	  2.38827e+07
475.194	  2.38936e+07
475.461	  2.39045e+07
475.728	  2.39153e+07
475.995	  2.39262e+07
476.262	  2.3937e+07
476.529	  2.39477e+07
476.796	  2.39585e+07
477.063	  2.39692e+07
477.33	  2.39799e+07
477.597	  2.39906e+07
477.864	  2.40012e+07
478.131	  2.40119e+07
478.398	  2.40225e+07
478.665	  2.4033e+07
478.932	  2.40436e+07
479.199	  2.40541e+07
479.466	  2.40646e+07
479.733	  2.4075e+07
480	  2.40854e+07
480.267	  2.40959e+07
480.534	  2.41062e+07
480.801	  2.41166e+07
481.068	  2.41269e+07
481.335	  2.41372e+07
481.602	  2.41475e+07
481.869	  2.41577e+07
482.136	  2.41679e+07
482.403	  2.41781e+07
482.67	  2.41883e+07
482.937	  2.41984e+07
483.204	  2.42086e+07
483.471	  2.42186e+07
483.738	  2.42287e+07
484.005	  2.42387e+07
484.272	  2.42488e+07
484.539	  2.42587e+07
484.806	  2.42687e+07
485.073	  2.42786e+07
485.34	  2.42885e+07
485.607	  2.42984e+07
485.874	  2.43082e+07
486.141	  2.43181e+07
486.408	  2.43279e+07
486.675	  2.43376e+07
486.942	  2.43474e+07
487.209	  2.43571e+07
487.476	  2.43668e+07
487.743	  2.43765e+07
488.01	  2.43861e+07
488.277	  2.43957e+07
488.544	  2.44053e+07
488.811	  2.44149e+07
489.078	  2.44244e+07
489.345	  2.44339e+07
489.612	  2.44434e+07
489.879	  2.44529e+07
490.146	  2.44623e+07
490.413	  2.44717e+07
490.68	  2.44811e+07
490.947	  2.44905e+07
491.214	  2.44998e+07
491.481	  2.45091e+07
491.748	  2.45184e+07
492.015	  2.45276e+07
492.282	  2.45368e+07
492.549	  2.4546e+07
492.816	  2.45552e+07
493.083	  2.45644e+07
493.35	  2.45735e+07
493.617	  2.45826e+07
493.884	  2.45917e+07
494.151	  2.46007e+07
494.418	  2.46097e+07
494.685	  2.46187e+07
494.952	  2.46277e+07
495.219	  2.46367e+07
495.486	  2.46456e+07
495.753	  2.46545e+07
496.02	  2.46633e+07
496.287	  2.46722e+07
496.554	  2.4681e+07
496.821	  2.46898e+07
497.088	  2.46986e+07
497.355	  2.47073e+07
497.622	  2.4716e+07
497.889	  2.47247e+07
498.156	  2.47334e+07
498.423	  2.4742e+07
498.69	  2.47506e+07
498.957	  2.47592e+07
499.224	  2.47678e+07
499.491	  2.47763e+07
499.758	  2.47848e+07
500.025	  2.47933e+07
500.292	  2.48018e+07
500.559	  2.48102e+07
500.826	  2.48187e+07
501.093	  2.4827e+07
501.36	  2.48354e+07
501.627	  2.48438e+07
501.894	  2.48521e+07
502.161	  2.48604e+07
502.428	  2.48686e+07
502.695	  2.48769e+07
502.962	  2.48851e+07
503.229	  2.48933e+07
503.496	  2.49014e+07
503.763	  2.49096e+07
504.03	  2.49177e+07
504.297	  2.49258e+07
504.564	  2.49339e+07
504.831	  2.49419e+07
505.098	  2.49499e+07
505.365	  2.49579e+07
505.632	  2.49659e+07
505.899	  2.49738e+07
506.166	  2.49817e+07
506.433	  2.49896e+07
506.7	  2.49975e+07
506.967	  2.50053e+07
507.234	  2.50132e+07
507.501	  2.5021e+07
507.768	  2.50287e+07
508.035	  2.50365e+07
508.302	  2.50442e+07
508.569	  2.50519e+07
508.836	  2.50596e+07
509.103	  2.50672e+07
509.37	  2.50749e+07
509.637	  2.50825e+07
509.904	  2.509e+07
510.171	  2.50976e+07
510.438	  2.51051e+07
510.705	  2.51126e+07
510.972	  2.51201e+07
511.239	  2.51276e+07
511.506	  2.5135e+07
511.773	  2.51424e+07
512.04	  2.51498e+07
512.307	  2.51571e+07
512.574	  2.51645e+07
512.841	  2.51718e+07
513.108	  2.51791e+07
513.375	  2.51863e+07
513.642	  2.51936e+07
513.909	  2.52008e+07
514.176	  2.5208e+07
514.443	  2.52152e+07
514.71	  2.52223e+07
514.977	  2.52294e+07
515.244	  2.52365e+07
515.511	  2.52436e+07
515.778	  2.52506e+07
516.045	  2.52577e+07
516.312	  2.52647e+07
516.579	  2.52716e+07
516.846	  2.52786e+07
517.113	  2.52855e+07
517.38	  2.52924e+07
517.647	  2.52993e+07
517.914	  2.53062e+07
518.181	  2.5313e+07
518.448	  2.53198e+07
518.715	  2.53266e+07
518.982	  2.53334e+07
519.249	  2.53401e+07
519.516	  2.53468e+07
519.783	  2.53535e+07
520.05	  2.53602e+07
520.317	  2.53669e+07
520.584	  2.53735e+07
520.851	  2.53801e+07
521.118	  2.53867e+07
521.385	  2.53932e+07
521.652	  2.53997e+07
521.919	  2.54063e+07
522.186	  2.54127e+07
522.453	  2.54192e+07
522.72	  2.54256e+07
522.987	  2.54321e+07
523.254	  2.54384e+07
523.521	  2.54448e+07
523.788	  2.54512e+07
524.055	  2.54575e+07
524.322	  2.54638e+07
524.589	  2.54701e+07
524.856	  2.54763e+07
525.123	  2.54826e+07
525.39	  2.54888e+07
525.657	  2.54949e+07
525.924	  2.55011e+07
526.191	  2.55072e+07
526.458	  2.55134e+07
526.725	  2.55195e+07
526.992	  2.55255e+07
527.259	  2.55316e+07
527.526	  2.55376e+07
527.793	  2.55436e+07
528.06	  2.55496e+07
528.327	  2.55556e+07
528.594	  2.55615e+07
528.861	  2.55674e+07
529.128	  2.55733e+07
529.395	  2.55792e+07
529.662	  2.5585e+07
529.929	  2.55908e+07
530.196	  2.55966e+07
530.463	  2.56024e+07
530.73	  2.56082e+07
530.997	  2.56139e+07
531.264	  2.56196e+07
531.531	  2.56253e+07
531.798	  2.5631e+07
532.065	  2.56366e+07
532.332	  2.56422e+07
532.599	  2.56478e+07
532.866	  2.56534e+07
533.133	  2.5659e+07
533.4	  2.56645e+07
533.667	  2.567e+07
533.934	  2.56755e+07
534.201	  2.5681e+07
534.468	  2.56864e+07
534.735	  2.56918e+07
535.002	  2.56972e+07
535.269	  2.57026e+07
535.536	  2.5708e+07
535.803	  2.57133e+07
536.07	  2.57186e+07
536.337	  2.57239e+07
536.604	  2.57292e+07
536.871	  2.57344e+07
537.138	  2.57396e+07
537.405	  2.57448e+07
537.672	  2.575e+07
537.939	  2.57552e+07
538.206	  2.57603e+07
538.473	  2.57654e+07
538.74	  2.57705e+07
539.007	  2.57756e+07
539.274	  2.57806e+07
539.541	  2.57857e+07
539.808	  2.57907e+07
540.075	  2.57957e+07
540.342	  2.58006e+07
540.609	  2.58056e+07
540.876	  2.58105e+07
541.143	  2.58154e+07
541.41	  2.58203e+07
541.677	  2.58251e+07
541.944	  2.583e+07
542.211	  2.58348e+07
542.478	  2.58396e+07
542.745	  2.58443e+07
543.012	  2.58491e+07
543.279	  2.58538e+07
543.546	  2.58585e+07
543.813	  2.58632e+07
544.08	  2.58679e+07
544.347	  2.58725e+07
544.614	  2.58771e+07
544.881	  2.58817e+07
545.148	  2.58863e+07
545.415	  2.58909e+07
545.682	  2.58954e+07
545.949	  2.58999e+07
546.216	  2.59044e+07
546.483	  2.59089e+07
546.75	  2.59133e+07
547.017	  2.59178e+07
547.284	  2.59222e+07
547.551	  2.59266e+07
547.818	  2.5931e+07
548.085	  2.59353e+07
548.352	  2.59396e+07
548.619	  2.59439e+07
548.886	  2.59482e+07
549.153	  2.59525e+07
549.42	  2.59567e+07
549.687	  2.5961e+07
549.954	  2.59652e+07
550.221	  2.59693e+07
550.488	  2.59735e+07
550.755	  2.59776e+07
551.022	  2.59818e+07
551.289	  2.59859e+07
551.556	  2.59899e+07
551.823	  2.5994e+07
552.09	  2.5998e+07
552.357	  2.60021e+07
552.624	  2.60061e+07
552.891	  2.601e+07
553.158	  2.6014e+07
553.425	  2.60179e+07
553.692	  2.60219e+07
553.959	  2.60257e+07
554.226	  2.60296e+07
554.493	  2.60335e+07
554.76	  2.60373e+07
555.027	  2.60411e+07
555.294	  2.60449e+07
555.561	  2.60487e+07
555.828	  2.60525e+07
556.095	  2.60562e+07
556.362	  2.60599e+07
556.629	  2.60636e+07
556.896	  2.60673e+07
557.163	  2.60709e+07
557.43	  2.60746e+07
557.697	  2.60782e+07
557.964	  2.60818e+07
558.231	  2.60853e+07
558.498	  2.60889e+07
558.765	  2.60924e+07
559.032	  2.60959e+07
559.299	  2.60994e+07
559.566	  2.61029e+07
560.009	  2.61086e+07
560.296	  2.61123e+07
560.583	  2.6116e+07
560.87	  2.61196e+07
561.157	  2.61232e+07
561.444	  2.61268e+07
561.731	  2.61304e+07
562.018	  2.61339e+07
562.305	  2.61374e+07
562.592	  2.61409e+07
562.879	  2.61444e+07
563.166	  2.61478e+07
563.453	  2.61513e+07
563.74	  2.61547e+07
564.027	  2.61581e+07
564.314	  2.61614e+07
564.601	  2.61648e+07
564.888	  2.61681e+07
565.175	  2.61714e+07
565.462	  2.61746e+07
565.749	  2.61779e+07
566.036	  2.61811e+07
566.323	  2.61843e+07
566.61	  2.61875e+07
566.897	  2.61907e+07
567.184	  2.61938e+07
567.471	  2.61969e+07
567.758	  2.62e+07
568.045	  2.62031e+07
568.332	  2.62061e+07
568.619	  2.62092e+07
568.906	  2.62122e+07
569.193	  2.62152e+07
569.48	  2.62181e+07
569.767	  2.62211e+07
570.054	  2.6224e+07
570.341	  2.62269e+07
570.628	  2.62298e+07
570.915	  2.62326e+07
571.202	  2.62355e+07
571.489	  2.62383e+07
571.776	  2.62411e+07
572.063	  2.62438e+07
572.35	  2.62466e+07
572.637	  2.62493e+07
572.924	  2.6252e+07
573.211	  2.62547e+07
573.498	  2.62573e+07
573.785	  2.626e+07
574.072	  2.62626e+07
574.359	  2.62652e+07
574.646	  2.62678e+07
574.933	  2.62703e+07
575.22	  2.62728e+07
575.507	  2.62754e+07
575.794	  2.62778e+07
576.081	  2.62803e+07
576.368	  2.62828e+07
576.655	  2.62852e+07
576.942	  2.62876e+07
577.229	  2.629e+07
577.516	  2.62923e+07
577.803	  2.62947e+07
578.09	  2.6297e+07
578.377	  2.62993e+07
578.664	  2.63016e+07
578.951	  2.63038e+07
579.238	  2.63061e+07
579.525	  2.63083e+07
579.812	  2.63105e+07
580.099	  2.63127e+07
580.386	  2.63148e+07
580.673	  2.6317e+07
580.96	  2.63191e+07
581.247	  2.63212e+07
581.534	  2.63232e+07
581.821	  2.63253e+07
582.108	  2.63273e+07
582.395	  2.63293e+07
582.682	  2.63313e+07
582.969	  2.63333e+07
583.256	  2.63352e+07
583.543	  2.63372e+07
583.83	  2.63391e+07
584.117	  2.6341e+07
584.404	  2.63428e+07
584.691	  2.63447e+07
584.978	  2.63465e+07
585.265	  2.63483e+07
585.552	  2.63501e+07
585.839	  2.63519e+07
586.126	  2.63536e+07
586.413	  2.63553e+07
586.7	  2.6357e+07
586.987	  2.63587e+07
587.274	  2.63604e+07
587.561	  2.6362e+07
587.848	  2.63637e+07
588.135	  2.63653e+07
588.422	  2.63668e+07
588.709	  2.63684e+07
588.996	  2.637e+07
589.283	  2.63715e+07
589.57	  2.6373e+07
589.857	  2.63745e+07
590.144	  2.63759e+07
590.431	  2.63774e+07
590.718	  2.63788e+07
591.005	  2.63802e+07
591.292	  2.63816e+07
591.579	  2.6383e+07
591.866	  2.63843e+07
592.153	  2.63857e+07
592.44	  2.6387e+07
592.727	  2.63883e+07
593.014	  2.63895e+07
593.301	  2.63908e+07
593.588	  2.6392e+07
593.875	  2.63932e+07
594.162	  2.63944e+07
594.449	  2.63956e+07
594.736	  2.63967e+07
595.023	  2.63979e+07
595.31	  2.6399e+07
595.597	  2.64001e+07
595.884	  2.64012e+07
596.171	  2.64022e+07
596.458	  2.64033e+07
596.745	  2.64043e+07
597.032	  2.64053e+07
597.319	  2.64063e+07
597.606	  2.64072e+07
597.893	  2.64082e+07
598.18	  2.64091e+07
598.467	  2.641e+07
598.754	  2.64109e+07
599.041	  2.64118e+07
599.328	  2.64126e+07
599.615	  2.64134e+07
599.902	  2.64142e+07
600.189	  2.6415e+07
600.476	  2.64158e+07
600.763	  2.64166e+07
601.05	  2.64173e+07
601.337	  2.6418e+07
601.624	  2.64187e+07
601.911	  2.64194e+07
602.198	  2.64201e+07
602.485	  2.64207e+07
602.772	  2.64213e+07
603.059	  2.6422e+07
603.346	  2.64225e+07
603.633	  2.64231e+07
603.92	  2.64237e+07
604.207	  2.64242e+07
604.494	  2.64247e+07
604.781	  2.64252e+07
605.068	  2.64257e+07
605.355	  2.64261e+07
605.642	  2.64266e+07
605.929	  2.6427e+07
606.216	  2.64274e+07
606.503	  2.64278e+07
606.79	  2.64282e+07
607.077	  2.64285e+07
607.364	  2.64289e+07
607.651	  2.64292e+07
607.938	  2.64295e+07
608.225	  2.64298e+07
608.512	  2.643e+07
608.799	  2.64303e+07
609.086	  2.64305e+07
609.373	  2.64307e+07
609.66	  2.64309e+07
609.947	  2.64311e+07
610.234	  2.64312e+07
610.521	  2.64313e+07
610.808	  2.64315e+07
611.095	  2.64316e+07
611.382	  2.64317e+07
611.669	  2.64317e+07
611.956	  2.64318e+07
612.243	  2.64318e+07
612.53	  2.64318e+07
612.817	  2.64318e+07
613.104	  2.64318e+07
613.391	  2.64317e+07
613.678	  2.64317e+07
613.965	  2.64316e+07
614.252	  2.64315e+07
614.539	  2.64314e+07
614.826	  2.64313e+07
615.113	  2.64311e+07
615.4	  2.6431e+07
615.687	  2.64308e+07
615.974	  2.64306e+07
616.261	  2.64304e+07
616.548	  2.64302e+07
616.835	  2.64299e+07
617.122	  2.64297e+07
617.409	  2.64294e+07
617.696	  2.64291e+07
617.983	  2.64288e+07
618.27	  2.64284e+07
618.557	  2.64281e+07
618.844	  2.64277e+07
619.131	  2.64273e+07
619.418	  2.64269e+07
619.705	  2.64265e+07
619.992	  2.64261e+07
620.279	  2.64256e+07
620.566	  2.64252e+07
620.853	  2.64247e+07
621.14	  2.64242e+07
621.427	  2.64237e+07
621.714	  2.64231e+07
622.001	  2.64226e+07
622.288	  2.6422e+07
622.575	  2.64214e+07
622.862	  2.64208e+07
623.149	  2.64202e+07
623.436	  2.64196e+07
623.723	  2.64189e+07
624.01	  2.64183e+07
624.297	  2.64176e+07
624.584	  2.64169e+07
624.871	  2.64162e+07
625.158	  2.64154e+07
625.445	  2.64147e+07
625.732	  2.64139e+07
626.019	  2.64131e+07
626.306	  2.64123e+07
626.593	  2.64115e+07
626.88	  2.64107e+07
627.167	  2.64099e+07
627.454	  2.6409e+07
627.741	  2.64081e+07
628.028	  2.64072e+07
628.315	  2.64063e+07
628.602	  2.64054e+07
628.889	  2.64044e+07
629.176	  2.64035e+07
629.463	  2.64025e+07
629.75	  2.64015e+07
630.037	  2.64005e+07
630.324	  2.63995e+07
630.611	  2.63985e+07
630.898	  2.63974e+07
631.185	  2.63963e+07
631.472	  2.63952e+07
631.759	  2.63941e+07
632.046	  2.6393e+07
632.333	  2.63919e+07
632.62	  2.63907e+07
632.907	  2.63896e+07
633.194	  2.63884e+07
633.481	  2.63872e+07
633.768	  2.6386e+07
634.055	  2.63848e+07
634.342	  2.63835e+07
634.629	  2.63823e+07
634.916	  2.6381e+07
635.203	  2.63797e+07
635.49	  2.63784e+07
635.777	  2.63771e+07
636.064	  2.63758e+07
636.351	  2.63744e+07
636.638	  2.6373e+07
636.925	  2.63717e+07
637.212	  2.63703e+07
637.499	  2.63689e+07
637.786	  2.63674e+07
638.073	  2.6366e+07
638.36	  2.63645e+07
638.647	  2.63631e+07
638.934	  2.63616e+07
639.221	  2.63601e+07
639.508	  2.63585e+07
639.795	  2.6357e+07
640.082	  2.63555e+07
640.369	  2.63539e+07
640.656	  2.63523e+07
640.943	  2.63507e+07
641.23	  2.63491e+07
641.517	  2.63475e+07
641.804	  2.63459e+07
642.091	  2.63442e+07
642.378	  2.63426e+07
642.665	  2.63409e+07
642.952	  2.63392e+07
643.239	  2.63375e+07
643.526	  2.63357e+07
643.813	  2.6334e+07
644.1	  2.63322e+07
644.387	  2.63305e+07
644.674	  2.63287e+07
644.961	  2.63269e+07
645.248	  2.63251e+07
645.535	  2.63232e+07
645.822	  2.63214e+07
646.109	  2.63196e+07
646.396	  2.63177e+07
646.683	  2.63158e+07
646.97	  2.63139e+07
647.257	  2.6312e+07
647.544	  2.631e+07
647.831	  2.63081e+07
648.118	  2.63061e+07
648.405	  2.63042e+07
648.692	  2.63022e+07
648.979	  2.63002e+07
649.266	  2.62982e+07
649.553	  2.62961e+07
649.84	  2.62941e+07
650.127	  2.6292e+07
650.414	  2.629e+07
650.701	  2.62879e+07
650.988	  2.62858e+07
651.275	  2.62837e+07
651.562	  2.62815e+07
651.849	  2.62794e+07
652.136	  2.62772e+07
652.423	  2.62751e+07
652.71	  2.62729e+07
652.997	  2.62707e+07
653.284	  2.62685e+07
653.571	  2.62663e+07
653.858	  2.6264e+07
654.145	  2.62618e+07
654.432	  2.62595e+07
654.719	  2.62572e+07
655.006	  2.62549e+07
655.293	  2.62526e+07
655.58	  2.62503e+07
655.867	  2.6248e+07
656.154	  2.62456e+07
656.441	  2.62433e+07
656.728	  2.62409e+07
657.015	  2.62385e+07
657.302	  2.62361e+07
657.589	  2.62337e+07
657.876	  2.62312e+07
658.163	  2.62288e+07
658.45	  2.62263e+07
658.737	  2.62239e+07
659.024	  2.62214e+07
659.311	  2.62189e+07
659.598	  2.62164e+07
659.885	  2.62138e+07
660.172	  2.62113e+07
660.459	  2.62088e+07
660.746	  2.62062e+07
661.033	  2.62036e+07
661.32	  2.6201e+07
661.607	  2.61984e+07
661.894	  2.61958e+07
662.181	  2.61932e+07
662.468	  2.61905e+07
662.755	  2.61879e+07
663.042	  2.61852e+07
663.329	  2.61825e+07
663.616	  2.61798e+07
663.903	  2.61771e+07
664.19	  2.61744e+07
664.477	  2.61717e+07
664.764	  2.61689e+07
665.051	  2.61662e+07
665.338	  2.61634e+07
665.625	  2.61606e+07
665.912	  2.61578e+07
666.199	  2.6155e+07
666.486	  2.61522e+07
666.773	  2.61493e+07
667.06	  2.61465e+07
667.347	  2.61436e+07
667.634	  2.61407e+07
667.921	  2.61379e+07
668.208	  2.6135e+07
668.495	  2.6132e+07
668.782	  2.61291e+07
669.069	  2.61262e+07
669.356	  2.61232e+07
669.643	  2.61203e+07
669.93	  2.61173e+07
670.217	  2.61143e+07
670.504	  2.61113e+07
670.791	  2.61083e+07
671.078	  2.61053e+07
671.365	  2.61022e+07
671.652	  2.60992e+07
671.939	  2.60961e+07
672.226	  2.6093e+07
672.513	  2.60899e+07
672.8	  2.60868e+07
673.087	  2.60837e+07
673.374	  2.60806e+07
673.661	  2.60775e+07
673.948	  2.60743e+07
674.235	  2.60712e+07
674.522	  2.6068e+07
674.809	  2.60648e+07
675.096	  2.60616e+07
675.383	  2.60584e+07
675.67	  2.60552e+07
675.957	  2.60519e+07
676.244	  2.60487e+07
676.531	  2.60454e+07
676.818	  2.60422e+07
677.105	  2.60389e+07
677.392	  2.60356e+07
677.679	  2.60323e+07
677.966	  2.6029e+07
678.253	  2.60256e+07
678.54	  2.60223e+07
678.827	  2.60189e+07
679.114	  2.60156e+07
679.401	  2.60122e+07
679.688	  2.60088e+07
679.975	  2.60054e+07
680.262	  2.6002e+07
680.549	  2.59986e+07
680.836	  2.59951e+07
681.123	  2.59917e+07
681.41	  2.59882e+07
681.697	  2.59848e+07
681.984	  2.59813e+07
682.271	  2.59778e+07
682.558	  2.59743e+07
682.845	  2.59708e+07
683.132	  2.59672e+07
683.419	  2.59637e+07
683.706	  2.59601e+07
683.993	  2.59566e+07
684.28	  2.5953e+07
684.567	  2.59494e+07
684.854	  2.59458e+07
685.141	  2.59422e+07
685.428	  2.59386e+07
685.715	  2.5935e+07
686.002	  2.59313e+07
686.289	  2.59277e+07
686.576	  2.5924e+07
686.863	  2.59203e+07
687.15	  2.59166e+07
687.437	  2.59129e+07
687.724	  2.59092e+07
688.011	  2.59055e+07
688.298	  2.59018e+07
688.585	  2.5898e+07
688.872	  2.58943e+07
689.159	  2.58905e+07
689.446	  2.58867e+07
689.733	  2.5883e+07
690.02	  2.58792e+07
690.307	  2.58753e+07
690.594	  2.58715e+07
690.881	  2.58677e+07
691.168	  2.58639e+07
691.455	  2.586e+07
691.742	  2.58561e+07
692.029	  2.58523e+07
692.316	  2.58484e+07
692.603	  2.58445e+07
692.89	  2.58406e+07
693.177	  2.58367e+07
693.464	  2.58327e+07
693.751	  2.58288e+07
694.038	  2.58248e+07
694.325	  2.58209e+07
694.612	  2.58169e+07
694.899	  2.58129e+07
695.186	  2.58089e+07
695.473	  2.58049e+07
695.76	  2.58009e+07
696.047	  2.57969e+07
696.334	  2.57929e+07
696.621	  2.57888e+07
696.908	  2.57848e+07
697.195	  2.57807e+07
697.482	  2.57766e+07
697.769	  2.57725e+07
698.056	  2.57684e+07
698.343	  2.57643e+07
698.63	  2.57602e+07
698.917	  2.57561e+07
699.204	  2.57519e+07
699.491	  2.57478e+07
699.778	  2.57436e+07
700.065	  2.57395e+07
700.352	  2.57353e+07
700.639	  2.57311e+07
700.926	  2.57269e+07
701.213	  2.57227e+07
701.5	  2.57185e+07
701.787	  2.57142e+07
702.074	  2.571e+07
702.361	  2.57057e+07
702.648	  2.57015e+07
702.935	  2.56972e+07
703.222	  2.56929e+07
703.509	  2.56886e+07
703.796	  2.56843e+07
704.083	  2.568e+07
704.37	  2.56757e+07
704.657	  2.56714e+07
704.944	  2.5667e+07
705.231	  2.56627e+07
705.518	  2.56583e+07
705.805	  2.5654e+07
706.092	  2.56496e+07
706.379	  2.56452e+07
706.666	  2.56408e+07
706.953	  2.56364e+07
707.24	  2.5632e+07
707.527	  2.56275e+07
707.814	  2.56231e+07
708.101	  2.56186e+07
708.388	  2.56142e+07
708.675	  2.56097e+07
708.962	  2.56052e+07
709.249	  2.56007e+07
709.536	  2.55962e+07
709.823	  2.55917e+07
710.11	  2.55872e+07
710.397	  2.55827e+07
710.684	  2.55782e+07
710.971	  2.55736e+07
711.258	  2.55691e+07
711.545	  2.55645e+07
711.832	  2.55599e+07
712.119	  2.55553e+07
712.406	  2.55507e+07
712.693	  2.55461e+07
712.98	  2.55415e+07
713.267	  2.55369e+07
713.554	  2.55323e+07
713.841	  2.55276e+07
714.128	  2.5523e+07
714.415	  2.55183e+07
714.702	  2.55137e+07
714.989	  2.5509e+07
715.276	  2.55043e+07
715.563	  2.54996e+07
715.85	  2.54949e+07
716.137	  2.54902e+07
716.424	  2.54855e+07
716.711	  2.54807e+07
716.998	  2.5476e+07
717.285	  2.54713e+07
717.572	  2.54665e+07
717.859	  2.54617e+07
718.146	  2.54569e+07
718.433	  2.54522e+07
718.72	  2.54474e+07
719.007	  2.54426e+07
719.294	  2.54378e+07
719.581	  2.54329e+07
719.868	  2.54281e+07
720.155	  2.54233e+07
720.442	  2.54184e+07
720.729	  2.54136e+07
721.016	  2.54087e+07
721.303	  2.54038e+07
721.59	  2.53989e+07
721.877	  2.5394e+07
722.164	  2.53891e+07
722.451	  2.53842e+07
722.738	  2.53793e+07
723.025	  2.53744e+07
723.312	  2.53694e+07
723.599	  2.53645e+07
723.886	  2.53595e+07
724.173	  2.53546e+07
724.46	  2.53496e+07
724.747	  2.53446e+07
725.034	  2.53396e+07
725.321	  2.53346e+07
725.608	  2.53296e+07
725.895	  2.53246e+07
726.182	  2.53196e+07
726.469	  2.53146e+07
726.756	  2.53095e+07
727.043	  2.53045e+07
727.33	  2.52994e+07
727.617	  2.52944e+07
727.904	  2.52893e+07
728.191	  2.52842e+07
728.478	  2.52791e+07
728.765	  2.5274e+07
729.052	  2.52689e+07
729.339	  2.52638e+07
729.626	  2.52587e+07
729.913	  2.52535e+07
730.2	  2.52484e+07
730.487	  2.52432e+07
730.774	  2.52381e+07
731.061	  2.52329e+07
731.348	  2.52277e+07
731.635	  2.52226e+07
731.922	  2.52174e+07
732.209	  2.52122e+07
732.496	  2.5207e+07
732.783	  2.52018e+07
733.07	  2.51965e+07
733.357	  2.51913e+07
733.644	  2.51861e+07
733.931	  2.51808e+07
734.218	  2.51756e+07
734.505	  2.51703e+07
734.792	  2.5165e+07
735.079	  2.51598e+07
735.366	  2.51545e+07
735.653	  2.51492e+07
735.94	  2.51439e+07
736.227	  2.51386e+07
736.514	  2.51332e+07
736.801	  2.51279e+07
737.088	  2.51226e+07
737.375	  2.51172e+07
737.662	  2.51119e+07
737.949	  2.51065e+07
738.236	  2.51012e+07
738.523	  2.50958e+07
738.81	  2.50904e+07
739.097	  2.5085e+07
739.384	  2.50796e+07
739.671	  2.50742e+07
739.958	  2.50688e+07
740.245	  2.50634e+07
740.532	  2.5058e+07
740.819	  2.50525e+07
741.106	  2.50471e+07
741.393	  2.50416e+07
741.68	  2.50362e+07
741.967	  2.50307e+07
742.254	  2.50253e+07
742.541	  2.50198e+07
742.828	  2.50143e+07
743.115	  2.50088e+07
743.402	  2.50033e+07
743.689	  2.49978e+07
743.976	  2.49923e+07
744.263	  2.49867e+07
744.55	  2.49812e+07
744.837	  2.49757e+07
745.124	  2.49701e+07
745.411	  2.49646e+07
745.698	  2.4959e+07
745.985	  2.49534e+07
746.272	  2.49479e+07
746.559	  2.49423e+07
746.846	  2.49367e+07
747.133	  2.49311e+07
747.42	  2.49255e+07
747.707	  2.49199e+07
747.994	  2.49142e+07
748.281	  2.49086e+07
748.568	  2.4903e+07
748.855	  2.48973e+07
749.142	  2.48917e+07
749.429	  2.4886e+07
749.716	  2.48804e+07
750.003	  2.48747e+07
750.29	  2.4869e+07
750.577	  2.48633e+07
750.864	  2.48576e+07
751.151	  2.48519e+07
751.438	  2.48462e+07
751.725	  2.48405e+07
752.012	  2.48348e+07
752.299	  2.48291e+07
752.586	  2.48234e+07
752.873	  2.48176e+07
753.16	  2.48119e+07
753.447	  2.48061e+07
753.734	  2.48003e+07
754.021	  2.47946e+07
754.308	  2.47888e+07
754.595	  2.4783e+07
754.882	  2.47772e+07
755.169	  2.47714e+07
755.456	  2.47656e+07
755.743	  2.47598e+07
756.03	  2.4754e+07
756.317	  2.47482e+07
756.604	  2.47424e+07
756.891	  2.47365e+07
757.178	  2.47307e+07
757.465	  2.47248e+07
757.752	  2.4719e+07
758.039	  2.47131e+07
758.326	  2.47072e+07
758.613	  2.47014e+07
758.9	  2.46955e+07
759.187	  2.46896e+07
759.474	  2.46837e+07
759.761	  2.46778e+07
760.048	  2.46719e+07
760.335	  2.4666e+07
760.622	  2.466e+07
760.909	  2.46541e+07
761.196	  2.46482e+07
761.483	  2.46422e+07
761.77	  2.46363e+07
762.057	  2.46303e+07
762.344	  2.46244e+07
762.631	  2.46184e+07
762.918	  2.46124e+07
763.205	  2.46065e+07
763.492	  2.46005e+07
763.779	  2.45945e+07
764.066	  2.45885e+07
764.353	  2.45825e+07
764.64	  2.45765e+07
764.927	  2.45704e+07
765.214	  2.45644e+07
765.501	  2.45584e+07
765.788	  2.45524e+07
766.075	  2.45463e+07
766.362	  2.45403e+07
766.649	  2.45342e+07
766.936	  2.45281e+07
767.223	  2.45221e+07
767.51	  2.4516e+07
767.797	  2.45099e+07
768.084	  2.45038e+07
768.371	  2.44977e+07
768.658	  2.44916e+07
768.945	  2.44855e+07
769.232	  2.44794e+07
769.519	  2.44733e+07
769.806	  2.44672e+07
770.093	  2.44611e+07
770.38	  2.44549e+07
770.667	  2.44488e+07
770.954	  2.44426e+07
771.241	  2.44365e+07
771.528	  2.44303e+07
771.815	  2.44242e+07
772.102	  2.4418e+07
772.389	  2.44118e+07
772.676	  2.44056e+07
772.963	  2.43994e+07
773.25	  2.43932e+07
773.537	  2.4387e+07
773.824	  2.43808e+07
774.111	  2.43746e+07
774.398	  2.43684e+07
774.685	  2.43622e+07
774.972	  2.4356e+07
775.259	  2.43497e+07
775.546	  2.43435e+07
775.833	  2.43372e+07
776.12	  2.4331e+07
776.407	  2.43247e+07
776.694	  2.43185e+07
776.981	  2.43122e+07
777.268	  2.43059e+07
777.555	  2.42996e+07
777.842	  2.42933e+07
778.129	  2.42871e+07
778.416	  2.42808e+07
778.703	  2.42745e+07
778.99	  2.42681e+07
779.277	  2.42618e+07
779.564	  2.42555e+07
779.851	  2.42492e+07
780.138	  2.42429e+07
780.425	  2.42365e+07
780.712	  2.42302e+07
780.999	  2.42238e+07
781.286	  2.42175e+07
781.573	  2.42111e+07
781.86	  2.42048e+07
782.147	  2.41984e+07
782.434	  2.4192e+07
782.721	  2.41856e+07
783.008	  2.41792e+07
783.295	  2.41729e+07
783.582	  2.41665e+07
783.869	  2.41601e+07
784.156	  2.41536e+07
784.443	  2.41472e+07
784.73	  2.41408e+07
785.017	  2.41344e+07
785.304	  2.4128e+07
785.591	  2.41215e+07
785.878	  2.41151e+07
786.165	  2.41087e+07
786.452	  2.41022e+07
786.739	  2.40958e+07
787.026	  2.40893e+07
787.313	  2.40828e+07
787.6	  2.40764e+07
787.887	  2.40699e+07
788.174	  2.40634e+07
788.461	  2.40569e+07
788.748	  2.40504e+07
789.035	  2.40439e+07
789.322	  2.40374e+07
789.609	  2.40309e+07
789.896	  2.40244e+07
790.183	  2.40179e+07
790.47	  2.40114e+07
790.757	  2.40049e+07
791.044	  2.39983e+07
791.331	  2.39918e+07
791.618	  2.39852e+07
791.905	  2.39787e+07
792.192	  2.39721e+07
792.479	  2.39656e+07
792.766	  2.3959e+07
793.053	  2.39525e+07
793.34	  2.39459e+07
793.627	  2.39393e+07
793.914	  2.39327e+07
794.201	  2.39262e+07
794.488	  2.39196e+07
794.775	  2.3913e+07
795.062	  2.39064e+07
795.349	  2.38998e+07
795.636	  2.38932e+07
795.923	  2.38865e+07
796.21	  2.38799e+07
796.497	  2.38733e+07
796.784	  2.38667e+07
797.071	  2.386e+07
797.358	  2.38534e+07
797.645	  2.38468e+07
797.932	  2.38401e+07
798.219	  2.38335e+07
798.506	  2.38268e+07
798.793	  2.38201e+07
799.08	  2.38135e+07
799.367	  2.38068e+07
799.654	  2.38001e+07
799.941	  2.37935e+07
800.228	  2.37868e+07
800.515	  2.37801e+07
800.802	  2.37734e+07
801.089	  2.37667e+07
801.376	  2.376e+07
801.663	  2.37533e+07
801.95	  2.37466e+07
802.237	  2.37399e+07
802.524	  2.37331e+07
802.811	  2.37264e+07
803.098	  2.37197e+07
803.385	  2.3713e+07
803.672	  2.37062e+07
803.959	  2.36995e+07
804.246	  2.36927e+07
804.533	  2.3686e+07
804.82	  2.36792e+07
805.107	  2.36725e+07
805.394	  2.36657e+07
805.681	  2.36589e+07
805.968	  2.36522e+07
806.255	  2.36454e+07
806.542	  2.36386e+07
806.829	  2.36318e+07
807.116	  2.3625e+07
807.403	  2.36182e+07
807.69	  2.36114e+07
807.977	  2.36046e+07
808.264	  2.35978e+07
808.551	  2.3591e+07
808.838	  2.35842e+07
809.125	  2.35774e+07
809.412	  2.35705e+07
809.699	  2.35637e+07
809.986	  2.35569e+07
810.273	  2.355e+07
810.56	  2.35432e+07
810.847	  2.35364e+07
811.134	  2.35295e+07
811.421	  2.35227e+07
811.708	  2.35158e+07
811.995	  2.35089e+07
812.282	  2.35021e+07
812.569	  2.34952e+07
812.856	  2.34883e+07
813.143	  2.34814e+07
813.43	  2.34746e+07
813.717	  2.34677e+07
814.004	  2.34608e+07
814.291	  2.34539e+07
814.578	  2.3447e+07
814.865	  2.34401e+07
815.152	  2.34332e+07
815.439	  2.34263e+07
815.726	  2.34194e+07
816.013	  2.34125e+07
816.3	  2.34055e+07
816.587	  2.33986e+07
816.874	  2.33917e+07
817.161	  2.33847e+07
817.448	  2.33778e+07
817.735	  2.33709e+07
818.022	  2.33639e+07
818.309	  2.3357e+07
818.596	  2.335e+07
818.883	  2.33431e+07
819.17	  2.33361e+07
819.457	  2.33291e+07
820.002	  2.33159e+07
820.031	  2.33152e+07
820.059	  2.33145e+07
820.088	  2.33138e+07
820.117	  2.33131e+07
820.146	  2.33124e+07
820.174	  2.33117e+07
820.203	  2.3311e+07
820.232	  2.33103e+07
820.26	  2.33096e+07
820.289	  2.33089e+07
820.318	  2.33082e+07
820.346	  2.33075e+07
820.375	  2.33068e+07
820.404	  2.33061e+07
820.433	  2.33054e+07
820.461	  2.33047e+07
820.49	  2.3304e+07
820.519	  2.33033e+07
820.547	  2.33026e+07
820.576	  2.33019e+07
820.605	  2.33013e+07
820.633	  9.87093e+06
820.662	  9.87076e+06
820.691	  9.87059e+06
820.72	  9.87043e+06
820.748	  9.87026e+06
820.777	  9.87009e+06
820.806	  9.86992e+06
820.834	  9.86976e+06
820.863	  9.86959e+06
820.892	  9.86942e+06
820.92	  9.86926e+06
820.949	  9.86909e+06
820.978	  9.86892e+06
821.007	  9.86875e+06
821.035	  9.86859e+06
821.064	  9.86842e+06
821.093	  9.86825e+06
821.121	  9.86808e+06
821.15	  9.86792e+06
821.179	  9.86775e+06
821.207	  9.86758e+06
821.236	  9.86741e+06
821.265	  9.86725e+06
821.294	  9.86708e+06
821.322	  9.86691e+06
821.351	  9.86674e+06
821.38	  9.86658e+06
821.408	  9.86641e+06
821.437	  9.86624e+06
821.466	  9.86607e+06
821.494	  9.8659e+06
821.523	  9.86574e+06
821.552	  9.86557e+06
821.581	  9.8654e+06
821.609	  9.86523e+06
821.638	  9.86507e+06
821.667	  9.8649e+06
821.695	  9.86473e+06
821.724	  9.86456e+06
821.753	  9.86439e+06
821.781	  9.86423e+06
821.81	  9.86406e+06
821.839	  9.86389e+06
821.868	  9.86372e+06
821.896	  9.86356e+06
821.925	  9.86339e+06
821.954	  9.86322e+06
821.982	  9.86305e+06
822.011	  9.86288e+06
822.011	  9.86288e+06
822.298	  9.8612e+06
822.585	  9.85952e+06
822.872	  9.85783e+06
823.159	  9.85615e+06
823.446	  9.85446e+06
823.733	  9.85277e+06
824.02	  9.85108e+06
824.307	  9.84938e+06
824.594	  9.84769e+06
824.881	  9.84599e+06
825.168	  9.84429e+06
825.455	  9.84259e+06
825.742	  9.84089e+06
826.029	  9.83918e+06
826.316	  9.83748e+06
826.603	  9.83577e+06
826.89	  9.83406e+06
827.177	  9.83235e+06
827.464	  9.83063e+06
827.751	  9.82892e+06
828.038	  9.8272e+06
828.325	  9.82548e+06
828.612	  9.82376e+06
828.899	  9.82204e+06
829.186	  9.82032e+06
829.473	  9.81859e+06
829.76	  9.81687e+06
830.047	  9.81514e+06
830.334	  9.81341e+06
830.621	  9.81167e+06
830.908	  9.80994e+06
831.195	  9.8082e+06
831.482	  9.80647e+06
831.769	  9.80473e+06
832.056	  9.80299e+06
832.343	  9.80124e+06
832.63	  9.7995e+06
832.917	  9.79775e+06
833.204	  9.79601e+06
833.491	  9.79426e+06
833.778	  9.79251e+06
834.065	  9.79075e+06
834.352	  9.789e+06
834.639	  9.78724e+06
834.926	  9.78549e+06
835.213	  9.78373e+06
835.5	  9.78197e+06
835.787	  9.7802e+06
836.074	  9.77844e+06
836.361	  9.77667e+06
836.648	  9.77491e+06
836.935	  9.77314e+06
837.222	  9.77137e+06
837.509	  9.76959e+06
837.796	  9.76782e+06
838.083	  9.76604e+06
838.37	  9.76427e+06
838.657	  9.76249e+06
838.944	  9.76071e+06
839.231	  9.75893e+06
839.518	  9.75714e+06
839.805	  9.75536e+06
840.092	  9.75357e+06
840.379	  9.75178e+06
840.666	  9.74999e+06
840.953	  9.7482e+06
841.24	  9.74641e+06
841.527	  9.74461e+06
841.814	  9.74282e+06
842.101	  9.74102e+06
842.388	  9.73922e+06
842.675	  9.73742e+06
842.962	  9.73562e+06
843.249	  9.73381e+06
843.536	  9.73201e+06
843.823	  9.7302e+06
844.11	  9.72839e+06
844.397	  9.72658e+06
844.684	  9.72477e+06
844.971	  9.72296e+06
845.258	  9.72114e+06
845.545	  9.71932e+06
845.832	  9.71751e+06
846.119	  9.71569e+06
846.406	  9.71387e+06
846.693	  9.71204e+06
846.98	  9.71022e+06
847.267	  9.70839e+06
847.554	  9.70657e+06
847.841	  9.70474e+06
848.128	  9.70291e+06
848.415	  9.70108e+06
848.702	  9.69924e+06
848.989	  9.69741e+06
849.276	  9.69557e+06
849.563	  9.69373e+06
849.85	  9.6919e+06
850.137	  9.69006e+06
850.424	  9.68821e+06
850.711	  9.68637e+06
850.998	  9.68453e+06
851.285	  9.68268e+06
851.572	  9.68083e+06
851.859	  9.67898e+06
852.146	  9.67713e+06
852.433	  9.67528e+06
852.72	  9.67343e+06
853.007	  9.67157e+06
853.294	  9.66971e+06
853.581	  9.66786e+06
853.868	  9.666e+06
854.155	  9.66414e+06
854.442	  9.66227e+06
854.729	  9.66041e+06
855.016	  9.65854e+06
855.303	  9.65668e+06
855.59	  9.65481e+06
855.877	  9.65294e+06
856.164	  9.65107e+06
856.451	  9.6492e+06
856.738	  9.64732e+06
857.025	  9.64545e+06
857.312	  9.64357e+06
857.599	  9.6417e+06
857.886	  9.63982e+06
858.173	  9.63794e+06
858.46	  9.63605e+06
858.747	  9.63417e+06
859.034	  9.63229e+06
859.321	  9.6304e+06
859.608	  9.62851e+06
859.895	  9.62662e+06
860.182	  9.62473e+06
860.469	  9.62284e+06
860.756	  9.62095e+06
861.043	  9.61905e+06
861.33	  9.61716e+06
861.617	  9.61526e+06
861.904	  9.61336e+06
862.191	  9.61146e+06
862.478	  9.60956e+06
862.765	  9.60766e+06
863.052	  9.60576e+06
863.339	  9.60385e+06
863.626	  9.60195e+06
863.913	  9.60004e+06
864.2	  9.59813e+06
864.487	  9.59622e+06
864.774	  9.59431e+06
865.061	  9.59239e+06
865.348	  9.59048e+06
865.635	  9.58856e+06
865.922	  9.58665e+06
866.209	  9.58473e+06
866.496	  9.58281e+06
866.783	  9.58089e+06
867.07	  9.57897e+06
867.357	  9.57704e+06
867.644	  9.57512e+06
867.931	  9.57319e+06
868.218	  9.57127e+06
868.505	  9.56934e+06
868.792	  9.56741e+06
869.079	  9.56548e+06
869.366	  9.56354e+06
869.653	  9.56161e+06
869.94	  9.55968e+06
870.227	  9.55774e+06
870.514	  9.5558e+06
870.801	  9.55386e+06
871.088	  9.55192e+06
871.375	  9.54998e+06
871.662	  9.54804e+06
871.949	  9.5461e+06
872.236	  9.54415e+06
872.523	  9.54221e+06
872.81	  9.54026e+06
873.097	  9.53831e+06
873.384	  9.53636e+06
873.671	  9.53441e+06
873.958	  9.53246e+06
874.245	  9.5305e+06
874.532	  9.52855e+06
874.819	  9.52659e+06
875.106	  9.52464e+06
875.393	  9.52268e+06
875.68	  9.52072e+06
875.967	  9.51876e+06
876.254	  9.5168e+06
876.541	  9.51483e+06
876.828	  9.51287e+06
877.115	  9.5109e+06
877.402	  9.50894e+06
877.689	  9.50697e+06
877.976	  9.505e+06
878.263	  9.50303e+06
878.55	  9.50106e+06
878.837	  9.49909e+06
879.124	  9.49711e+06
879.411	  9.49514e+06
879.698	  9.49316e+06
879.985	  9.49118e+06
880.272	  9.48921e+06
880.559	  9.48723e+06
880.846	  9.48524e+06
881.133	  9.48326e+06
881.42	  9.48128e+06
881.707	  9.4793e+06
881.994	  9.47731e+06
882.281	  9.47532e+06
882.568	  9.47334e+06
882.855	  9.47135e+06
883.142	  9.46936e+06
883.429	  9.46737e+06
883.716	  9.46538e+06
884.003	  9.46338e+06
884.29	  9.46139e+06
884.577	  9.45939e+06
884.864	  9.4574e+06
885.151	  9.4554e+06
885.438	  9.4534e+06
885.725	  9.4514e+06
886.012	  9.4494e+06
886.299	  9.4474e+06
886.586	  9.44539e+06
886.873	  9.44339e+06
887.16	  9.44138e+06
887.447	  9.43938e+06
887.734	  9.43737e+06
888.021	  9.43536e+06
888.308	  9.43335e+06
888.595	  9.43134e+06
888.882	  9.42933e+06
889.169	  9.42732e+06
889.456	  9.4253e+06
889.743	  9.42329e+06
890.03	  9.42127e+06
890.317	  9.41925e+06
890.604	  9.41724e+06
890.891	  9.41522e+06
891.178	  9.4132e+06
891.465	  9.41117e+06
891.752	  9.40915e+06
892.039	  9.40713e+06
892.326	  9.4051e+06
892.613	  9.40308e+06
892.9	  9.40105e+06
893.187	  9.39902e+06
893.474	  9.39699e+06
893.761	  9.39496e+06
894.048	  9.39293e+06
894.335	  9.3909e+06
894.622	  9.38887e+06
894.909	  9.38684e+06
895.196	  9.3848e+06
895.483	  9.38276e+06
895.77	  9.38073e+06
896.057	  9.37869e+06
896.344	  9.37665e+06
896.631	  9.37461e+06
896.918	  9.37257e+06
897.205	  9.37053e+06
897.492	  9.36849e+06
897.779	  9.36644e+06
898.066	  9.3644e+06
898.353	  9.36235e+06
898.64	  9.3603e+06
898.927	  9.35826e+06
899.214	  9.35621e+06
899.501	  9.35416e+06
899.788	  9.35211e+06
900.075	  9.35005e+06
900.362	  9.348e+06
900.649	  9.34595e+06
900.936	  9.34389e+06
901.223	  9.34184e+06
901.51	  9.33978e+06
901.797	  9.33772e+06
902.084	  9.33566e+06
902.371	  9.3336e+06
902.658	  9.33154e+06
902.945	  9.32948e+06
903.232	  9.32742e+06
903.519	  9.32536e+06
903.806	  9.32329e+06
904.093	  9.32123e+06
904.38	  9.31916e+06
904.667	  9.31709e+06
904.954	  9.31503e+06
905.241	  9.31296e+06
905.528	  9.31089e+06
905.815	  9.30882e+06
906.102	  9.30674e+06
906.389	  9.30467e+06
906.676	  9.3026e+06
906.963	  9.30052e+06
907.25	  9.29845e+06
907.537	  9.29637e+06
907.824	  9.2943e+06
908.111	  9.29222e+06
908.398	  9.29014e+06
908.685	  9.28806e+06
908.972	  9.28598e+06
909.259	  9.2839e+06
909.546	  9.28181e+06
909.833	  9.27973e+06
910.12	  9.27765e+06
910.407	  9.27556e+06
910.694	  9.27347e+06
910.981	  9.27139e+06
911.268	  9.2693e+06
911.555	  9.26721e+06
911.842	  9.26512e+06
912.129	  9.26303e+06
912.416	  9.26094e+06
912.703	  9.25885e+06
912.99	  9.25675e+06
913.277	  9.25466e+06
913.564	  9.25256e+06
913.851	  9.25047e+06
914.138	  9.24837e+06
914.425	  9.24627e+06
914.712	  9.24418e+06
914.999	  9.24208e+06
915.286	  9.23998e+06
915.573	  9.23788e+06
915.86	  9.23577e+06
916.147	  9.23367e+06
916.434	  9.23157e+06
916.721	  9.22946e+06
917.008	  9.22736e+06
917.295	  9.22525e+06
917.582	  9.22315e+06
917.869	  9.22104e+06
918.156	  9.21893e+06
918.443	  9.21682e+06
918.73	  9.21471e+06
919.017	  9.2126e+06
919.304	  9.21049e+06
919.591	  9.20838e+06
919.878	  9.20626e+06
920.165	  9.20415e+06
920.452	  9.20204e+06
920.739	  9.19992e+06
921.026	  9.1978e+06
921.313	  9.19569e+06
921.6	  9.19357e+06
921.887	  9.19145e+06
922.174	  9.18933e+06
922.461	  9.18721e+06
922.748	  9.18509e+06
923.035	  9.18297e+06
923.322	  9.18084e+06
923.609	  9.17872e+06
923.896	  9.1766e+06
924.183	  9.17447e+06
924.47	  9.17235e+06
924.757	  9.17022e+06
925.044	  9.16809e+06
925.331	  9.16596e+06
925.618	  9.16383e+06
925.905	  9.16171e+06
926.192	  9.15957e+06
926.479	  9.15744e+06
926.766	  9.15531e+06
927.053	  9.15318e+06
927.34	  9.15105e+06
927.627	  9.14891e+06
927.914	  9.14678e+06
928.201	  9.14464e+06
928.488	  9.1425e+06
928.775	  9.14037e+06
929.062	  9.13823e+06
929.349	  9.13609e+06
929.636	  9.13395e+06
929.923	  9.13181e+06
930.21	  9.12967e+06
930.497	  9.12753e+06
930.784	  9.12539e+06
931.071	  9.12324e+06
931.358	  9.1211e+06
931.645	  9.11896e+06
931.932	  9.11681e+06
932.219	  9.11466e+06
932.506	  9.11252e+06
932.793	  9.11037e+06
933.08	  9.10822e+06
933.367	  9.10607e+06
933.654	  9.10392e+06
933.941	  9.10177e+06
934.228	  9.09962e+06
934.515	  9.09747e+06
934.802	  9.09532e+06
935.089	  9.09317e+06
935.376	  9.09101e+06
935.663	  9.08886e+06
935.95	  9.0867e+06
936.237	  9.08455e+06
936.524	  9.08239e+06
936.811	  9.08024e+06
937.098	  9.07808e+06
937.385	  9.07592e+06
937.672	  9.07376e+06
937.959	  9.0716e+06
938.246	  9.06944e+06
938.533	  9.06728e+06
938.82	  9.06512e+06
939.107	  9.06296e+06
939.394	  9.06079e+06
939.681	  9.05863e+06
939.968	  9.05647e+06
940.255	  9.0543e+06
940.542	  9.05213e+06
940.829	  9.04997e+06
941.116	  9.0478e+06
941.403	  9.04563e+06
941.69	  9.04347e+06
941.977	  9.0413e+06
942.264	  9.03913e+06
942.551	  9.03696e+06
942.838	  9.03479e+06
943.125	  9.03262e+06
943.412	  9.03044e+06
943.699	  9.02827e+06
943.986	  9.0261e+06
944.273	  9.02392e+06
944.56	  9.02175e+06
944.847	  9.01957e+06
945.134	  9.0174e+06
945.421	  9.01522e+06
945.708	  9.01304e+06
945.995	  9.01087e+06
946.282	  9.00869e+06
946.569	  9.00651e+06
946.856	  9.00433e+06
947.143	  9.00215e+06
947.43	  8.99997e+06
947.717	  8.99779e+06
948.004	  8.99561e+06
948.291	  8.99342e+06
948.578	  8.99124e+06
948.865	  8.98906e+06
949.152	  8.98687e+06
949.439	  8.98469e+06
949.726	  8.9825e+06
950.013	  8.98032e+06
950.3	  8.97813e+06
950.587	  8.97594e+06
950.874	  8.97376e+06
951.161	  8.97157e+06
951.448	  8.96938e+06
951.735	  8.96719e+06
952.022	  8.965e+06
952.309	  8.96281e+06
952.596	  8.96062e+06
952.883	  8.95843e+06
953.17	  8.95623e+06
953.457	  8.95404e+06
953.744	  8.95185e+06
954.031	  8.94965e+06
954.318	  8.94746e+06
954.605	  8.94526e+06
954.892	  8.94307e+06
955.179	  8.94087e+06
955.466	  8.93867e+06
955.753	  8.93648e+06
956.04	  8.93428e+06
956.327	  8.93208e+06
956.614	  8.92988e+06
956.901	  8.92768e+06
957.188	  8.92548e+06
957.475	  8.92328e+06
957.762	  8.92108e+06
958.049	  8.91888e+06
958.336	  8.91668e+06
958.623	  8.91447e+06
958.91	  8.91227e+06
959.197	  8.91007e+06
959.484	  8.90786e+06
959.771	  8.90566e+06
960.058	  8.90345e+06
960.345	  8.90125e+06
960.632	  8.89904e+06
960.919	  8.89683e+06
961.206	  8.89463e+06
961.493	  8.89242e+06
961.78	  8.89021e+06
962.067	  8.888e+06
962.354	  8.88579e+06
962.641	  8.88358e+06
962.928	  8.88137e+06
963.215	  8.87916e+06
963.502	  8.87695e+06
963.789	  8.87474e+06
964.076	  8.87253e+06
964.363	  8.87031e+06
964.65	  8.8681e+06
964.937	  8.86589e+06
965.224	  8.86367e+06
965.511	  8.86146e+06
965.798	  8.85924e+06
966.085	  8.85703e+06
966.372	  8.85481e+06
966.659	  8.85259e+06
966.946	  8.85037e+06
967.233	  8.84816e+06
967.52	  8.84594e+06
967.807	  8.84372e+06
968.094	  8.8415e+06
968.381	  8.83928e+06
968.668	  8.83706e+06
968.955	  8.83484e+06
969.242	  8.83262e+06
969.529	  8.8304e+06
969.816	  8.82818e+06
970.103	  8.82595e+06
970.39	  8.82373e+06
970.677	  8.82151e+06
970.964	  8.81928e+06
971.251	  8.81706e+06
971.538	  8.81484e+06
971.825	  8.81261e+06
972.112	  8.81039e+06
972.399	  8.80816e+06
972.686	  8.80593e+06
972.973	  8.80371e+06
973.26	  8.80148e+06
973.547	  8.79925e+06
973.834	  8.79702e+06
974.121	  8.7948e+06
974.408	  8.79257e+06
974.695	  8.79034e+06
974.982	  8.78811e+06
975.269	  8.78588e+06
975.556	  8.78365e+06
975.843	  8.78142e+06
976.13	  8.77918e+06
976.417	  8.77695e+06
976.704	  8.77472e+06
976.991	  8.77249e+06
977.278	  8.77025e+06
977.565	  8.76802e+06
977.852	  8.76579e+06
978.139	  8.76355e+06
978.426	  8.76132e+06
978.713	  8.75908e+06
979	  8.75685e+06
979.287	  8.75461e+06
979.574	  8.75237e+06
979.861	  8.75014e+06
980.148	  8.7479e+06
980.435	  8.74566e+06
980.722	  8.74342e+06
981.009	  8.74119e+06
981.296	  8.73895e+06
981.583	  8.73671e+06
981.87	  8.73447e+06
982.157	  8.73223e+06
982.444	  8.72999e+06
982.731	  8.72775e+06
983.018	  8.72551e+06
983.305	  8.72326e+06
983.592	  8.72102e+06
983.879	  8.71878e+06
984.166	  8.71654e+06
984.453	  8.71429e+06
984.74	  8.71205e+06
985.027	  8.70981e+06
985.314	  8.70756e+06
985.601	  8.70532e+06
985.888	  8.70307e+06
986.175	  8.70083e+06
986.462	  8.69858e+06
986.749	  8.69634e+06
987.036	  8.69409e+06
987.323	  8.69185e+06
987.61	  8.6896e+06
987.897	  8.68735e+06
988.184	  8.6851e+06
988.471	  8.68286e+06
988.758	  8.68061e+06
989.045	  8.67836e+06
989.332	  8.67611e+06
989.619	  8.67386e+06
989.906	  8.67161e+06
990.193	  8.66936e+06
990.48	  8.66711e+06
990.767	  8.66486e+06
991.054	  8.66261e+06
991.341	  8.66036e+06
991.628	  8.65811e+06
991.915	  8.65585e+06
992.202	  8.6536e+06
992.489	  8.65135e+06
992.776	  8.6491e+06
993.063	  8.64684e+06
993.35	  8.64459e+06
993.637	  8.64233e+06
993.924	  8.64008e+06
994.211	  8.63783e+06
994.498	  8.63557e+06
994.785	  8.63331e+06
995.072	  8.63106e+06
995.359	  8.6288e+06
995.646	  8.62655e+06
995.933	  8.62429e+06
996.22	  8.62203e+06
996.507	  8.61978e+06
996.794	  8.61752e+06
997.081	  8.61526e+06
997.368	  8.613e+06
997.655	  8.61075e+06
997.942	  8.60849e+06
998.229	  8.60623e+06
998.516	  8.60397e+06
998.803	  8.60171e+06
999.09	  8.59945e+06
999.377	  8.59719e+06
999.664	  8.59493e+06
999.951	  8.59267e+06
1000.24	  8.59041e+06
1000.52	  8.58815e+06
1000.81	  8.58588e+06
1001.1	  8.58362e+06
1001.39	  8.58136e+06
1001.67	  8.5791e+06
1001.96	  8.57684e+06
1002.25	  8.57457e+06
1002.53	  8.57231e+06
1002.82	  8.57005e+06
1003.11	  8.56778e+06
1003.39	  8.56552e+06
1003.68	  8.56325e+06
1003.97	  8.56099e+06
1004.26	  8.55872e+06
1004.54	  8.55646e+06
1004.83	  8.55419e+06
1005.12	  8.55193e+06
1005.4	  8.54966e+06
1005.69	  8.5474e+06
1005.98	  8.54513e+06
1006.26	  8.54286e+06
1006.55	  8.5406e+06
1006.84	  8.53833e+06
1007.13	  8.53606e+06
1007.41	  8.5338e+06
1007.7	  8.53153e+06
1007.99	  8.52926e+06
1008.27	  8.52699e+06
1008.56	  8.52472e+06
1008.85	  8.52245e+06
1009.13	  8.52018e+06
1009.42	  8.51791e+06
1009.71	  8.51565e+06
1010	  8.51338e+06
1010.28	  8.51111e+06
1010.57	  8.50884e+06
1010.86	  8.50656e+06
1011.14	  8.50429e+06
1011.43	  8.50202e+06
1011.72	  8.49975e+06
1012	  8.49748e+06
1012.29	  8.49521e+06
1012.58	  8.49294e+06
1012.87	  8.49067e+06
1013.15	  8.48839e+06
1013.44	  8.48612e+06
1013.73	  8.48385e+06
1014.01	  8.48157e+06
1014.3	  8.4793e+06
1014.59	  8.47703e+06
1014.88	  8.47475e+06
1015.16	  8.47248e+06
1015.45	  8.47021e+06
1015.74	  8.46793e+06
1016.02	  8.46566e+06
1016.31	  8.46338e+06
1016.6	  8.46111e+06
1016.88	  8.45883e+06
1017.17	  8.45656e+06
1017.46	  8.45428e+06
1017.75	  8.45201e+06
1018.03	  8.44973e+06
1018.32	  8.44746e+06
1018.61	  8.44518e+06
1018.89	  8.4429e+06
1019.18	  8.44063e+06
1019.47	  8.43835e+06
1019.98	  8.43432e+06
1021.08	  8.42559e+06
1022.17	  8.41686e+06
1023.27	  8.40812e+06
1024.38	  8.39939e+06
1025.47	  8.39065e+06
1026.58	  8.3819e+06
1027.67	  8.37316e+06
1028.78	  8.36441e+06
1029.88	  8.35566e+06
1030.97	  8.34691e+06
1032.08	  8.33816e+06
1033.17	  8.32941e+06
1034.28	  8.32065e+06
1035.38	  8.31189e+06
1036.47	  8.30313e+06
1037.58	  8.29437e+06
1038.67	  8.2856e+06
1039.78	  8.27684e+06
1040.88	  8.26807e+06
1041.97	  8.2593e+06
1043.08	  8.25054e+06
1044.17	  8.24177e+06
1045.28	  8.23299e+06
1046.38	  8.22422e+06
1047.47	  8.21545e+06
1048.58	  8.20667e+06
1049.67	  8.1979e+06
1050.78	  8.18912e+06
1051.88	  8.18034e+06
1052.97	  8.17156e+06
1054.08	  8.16278e+06
1055.17	  8.154e+06
1056.28	  8.14522e+06
1057.38	  8.13644e+06
1058.47	  8.12766e+06
1059.58	  8.11888e+06
1060.67	  8.1101e+06
1061.78	  8.10132e+06
1062.88	  8.09254e+06
1063.97	  8.08375e+06
1065.08	  8.07497e+06
1066.17	  8.06619e+06
1067.28	  8.05741e+06
1068.38	  8.04862e+06
1069.47	  8.03984e+06
1070.58	  8.03106e+06
1071.67	  8.02228e+06
1072.78	  8.0135e+06
1073.88	  8.00472e+06
1074.97	  7.99594e+06
1076.08	  7.98716e+06
1077.17	  7.97838e+06
1078.28	  7.9696e+06
1079.38	  7.96082e+06
1080.47	  7.95204e+06
1081.58	  7.94326e+06
1082.67	  7.93449e+06
1083.78	  7.92571e+06
1084.88	  7.91694e+06
1085.97	  7.90817e+06
1087.08	  7.89939e+06
1088.17	  7.89062e+06
1089.28	  7.88185e+06
1090.38	  7.87308e+06
1091.47	  7.86432e+06
1092.58	  7.85555e+06
1093.67	  7.84679e+06
1094.78	  7.83802e+06
1095.88	  7.82926e+06
1096.97	  7.8205e+06
1098.08	  7.81174e+06
1099.17	  7.80298e+06
1100.28	  7.79423e+06
1101.38	  7.78547e+06
1102.47	  7.77672e+06
1103.58	  7.76797e+06
1104.67	  7.75922e+06
1105.78	  7.75047e+06
1106.88	  7.74173e+06
1107.97	  7.73299e+06
1109.08	  7.72424e+06
1110.17	  7.71551e+06
1111.28	  7.70677e+06
1112.38	  7.69803e+06
1113.47	  7.6893e+06
1114.58	  7.68057e+06
1115.67	  7.67184e+06
1116.78	  7.66312e+06
1117.88	  7.65439e+06
1118.97	  7.64567e+06
1120.08	  7.63695e+06
1121.17	  7.62824e+06
1122.28	  7.61952e+06
1123.38	  7.61081e+06
1124.47	  7.6021e+06
1125.58	  7.5934e+06
1126.67	  7.58469e+06
1127.78	  7.57599e+06
1128.88	  7.5673e+06
1129.97	  7.5586e+06
1131.08	  7.54991e+06
1132.17	  7.54122e+06
1133.28	  7.53253e+06
1134.38	  7.52385e+06
1135.47	  7.51517e+06
1136.58	  7.50649e+06
1137.67	  7.49782e+06
1138.78	  7.48915e+06
1139.88	  7.48048e+06
1140.97	  7.47182e+06
1142.08	  7.46315e+06
1143.17	  7.4545e+06
1144.28	  7.44584e+06
1145.38	  7.43719e+06
1146.47	  7.42854e+06
1147.58	  7.4199e+06
1148.67	  7.41126e+06
1149.78	  7.40262e+06
1150.88	  7.39398e+06
1151.97	  7.38535e+06
1153.08	  7.37673e+06
1154.17	  7.3681e+06
1155.28	  7.35948e+06
1156.38	  7.35087e+06
1157.47	  7.34225e+06
1158.58	  7.33365e+06
1159.67	  7.32504e+06
1160.78	  7.31644e+06
1161.88	  7.30784e+06
1162.97	  7.29925e+06
1164.08	  7.29066e+06
1165.17	  7.28208e+06
1166.28	  7.27349e+06
1167.38	  7.26492e+06
1168.47	  7.25634e+06
1169.58	  7.24778e+06
1170.67	  7.23921e+06
1171.78	  7.23065e+06
1172.88	  7.22209e+06
1173.97	  7.21354e+06
1175.08	  7.20499e+06
1176.17	  7.19645e+06
1177.28	  7.18791e+06
1178.38	  7.17937e+06
1179.47	  7.17084e+06
1180.58	  7.16232e+06
1181.67	  7.15379e+06
1182.78	  7.14528e+06
1183.88	  7.13676e+06
1184.97	  7.12825e+06
1186.08	  7.11975e+06
1187.17	  7.11125e+06
1188.28	  7.10276e+06
1189.38	  7.09427e+06
1190.47	  7.08578e+06
1191.58	  7.0773e+06
1192.67	  7.06882e+06
1193.78	  7.06035e+06
1194.88	  7.05188e+06
1195.97	  7.04342e+06
1197.08	  7.03497e+06
1198.17	  7.02651e+06
1199.28	  7.01807e+06
1200.38	  7.00962e+06
1201.47	  7.00119e+06
1202.58	  6.99275e+06
1203.67	  6.98432e+06
1204.78	  6.9759e+06
1205.88	  6.96748e+06
1206.97	  6.95907e+06
1208.08	  6.95066e+06
1209.17	  6.94226e+06
1210.28	  6.93386e+06
1211.38	  6.92547e+06
1212.47	  6.91708e+06
1213.58	  6.9087e+06
1214.67	  6.90032e+06
1215.78	  6.89195e+06
1216.88	  6.88359e+06
1217.97	  6.87523e+06
1219.08	  6.86687e+06
1220.17	  6.85852e+06
1221.28	  6.85017e+06
1222.38	  6.84183e+06
1223.47	  6.8335e+06
1224.58	  6.82517e+06
1225.67	  6.81685e+06
1226.78	  6.80853e+06
1227.88	  6.80022e+06
1228.97	  6.79191e+06
1230.08	  6.78361e+06
1231.17	  6.77531e+06
1232.28	  6.76702e+06
1233.38	  6.75874e+06
1234.47	  6.75046e+06
1235.58	  6.74218e+06
1236.67	  6.73391e+06
1237.78	  6.72565e+06
1238.88	  6.71739e+06
1239.97	  6.70914e+06
1241.08	  6.7009e+06
1242.17	  6.69266e+06
1243.28	  6.68442e+06
1244.38	  6.6762e+06
1245.47	  6.66797e+06
1246.58	  6.65976e+06
1247.67	  6.65155e+06
1248.78	  6.64334e+06
1249.88	  6.63514e+06
1250.97	  6.62695e+06
1252.08	  6.61876e+06
1253.17	  6.61058e+06
1254.28	  6.6024e+06
1255.38	  6.59423e+06
1256.47	  6.58607e+06
1257.58	  6.57791e+06
1258.67	  6.56976e+06
1259.78	  6.56162e+06
1260.88	  6.55348e+06
1261.97	  6.54534e+06
1263.08	  6.53722e+06
1264.17	  6.52909e+06
1265.28	  6.52098e+06
1266.38	  6.51287e+06
1267.47	  6.50477e+06
1268.58	  6.49667e+06
1269.67	  6.48858e+06
1270.78	  6.48049e+06
1271.88	  6.47242e+06
1272.97	  6.46434e+06
1274.08	  6.45628e+06
1275.17	  6.44822e+06
1276.28	  6.44017e+06
1277.38	  6.43212e+06
1278.47	  6.42408e+06
1279.58	  6.41604e+06
1280.67	  6.40801e+06
1281.78	  6.39999e+06
1282.88	  6.39198e+06
1283.97	  6.38397e+06
1285.08	  6.37596e+06
1286.17	  6.36797e+06
1287.28	  6.35998e+06
1288.38	  6.35199e+06
1289.47	  6.34402e+06
1290.58	  6.33605e+06
1291.67	  6.32808e+06
1292.78	  6.32012e+06
1293.88	  6.31217e+06
1294.97	  6.30423e+06
1296.08	  6.29629e+06
1297.17	  6.28836e+06
1298.28	  6.28043e+06
1299.38	  6.27251e+06
1300.47	  6.2646e+06
1301.58	  6.25669e+06
1302.67	  6.24879e+06
1303.78	  6.2409e+06
1304.88	  6.23301e+06
1305.97	  6.22514e+06
1307.08	  6.21726e+06
1308.17	  6.2094e+06
1309.28	  6.20154e+06
1310.38	  6.19368e+06
1311.47	  6.18584e+06
1312.58	  6.178e+06
1313.67	  6.17016e+06
1314.78	  6.16234e+06
1315.88	  6.15452e+06
1316.97	  6.14671e+06
1318.08	  6.1389e+06
1319.17	  6.1311e+06
1320.28	  6.12331e+06
1321.38	  6.11552e+06
1322.47	  6.10774e+06
1323.58	  6.09997e+06
1324.67	  6.0922e+06
1325.78	  6.08444e+06
1326.88	  6.07669e+06
1327.97	  6.06895e+06
1329.08	  6.06121e+06
1330.17	  6.05348e+06
1331.28	  6.04575e+06
1332.38	  6.03803e+06
1333.47	  6.03032e+06
1334.58	  6.02262e+06
1335.67	  6.01492e+06
1336.78	  6.00723e+06
1337.88	  5.99955e+06
1338.97	  5.99187e+06
1340.08	  5.9842e+06
1341.17	  5.97654e+06
1342.28	  5.96888e+06
1343.38	  5.96123e+06
1344.47	  5.95359e+06
1345.58	  5.94596e+06
1346.67	  5.93833e+06
1347.78	  5.93071e+06
1348.88	  5.92309e+06
1349.97	  5.91549e+06
1351.08	  5.90789e+06
1352.17	  5.90029e+06
1353.28	  5.89271e+06
1354.38	  5.88513e+06
1355.47	  5.87756e+06
1356.58	  5.86999e+06
1357.67	  5.86243e+06
1358.78	  5.85488e+06
1359.88	  5.84734e+06
1360.97	  5.8398e+06
1362.08	  5.83227e+06
1363.17	  5.82475e+06
1364.28	  5.81723e+06
1365.38	  5.80972e+06
1366.47	  5.80222e+06
1367.58	  5.79473e+06
1368.67	  5.78724e+06
1369.78	  5.77976e+06
1370.88	  5.77229e+06
1371.97	  5.76482e+06
1373.08	  5.75736e+06
1374.17	  5.74991e+06
1375.28	  5.74246e+06
1376.38	  5.73503e+06
1377.47	  5.7276e+06
1378.58	  5.72017e+06
1379.67	  5.71276e+06
1380.78	  5.70535e+06
1381.88	  5.69794e+06
1382.97	  5.69055e+06
1384.08	  5.68316e+06
1385.17	  5.67578e+06
1386.28	  5.66841e+06
1387.38	  5.66104e+06
1388.47	  5.65368e+06
1389.58	  5.64633e+06
1390.67	  5.63899e+06
1391.78	  5.63165e+06
1392.88	  5.62432e+06
1393.97	  5.617e+06
1395.08	  5.60968e+06
1396.17	  5.60237e+06
1397.28	  5.59507e+06
1398.38	  5.58778e+06
1399.47	  5.58049e+06
1400.58	  5.57321e+06
1401.67	  5.56594e+06
1402.78	  5.55868e+06
1403.88	  5.55142e+06
1404.97	  5.54417e+06
1406.08	  5.53692e+06
1407.17	  5.52969e+06
1408.28	  5.52246e+06
1409.38	  5.51524e+06
1410.47	  5.50802e+06
1411.58	  5.50082e+06
1412.67	  5.49362e+06
1413.78	  5.48643e+06
1414.88	  5.47924e+06
1415.97	  5.47206e+06
1417.08	  5.46489e+06
1418.17	  5.45773e+06
1419.28	  5.45057e+06
1420.38	  5.44342e+06
1421.47	  5.43628e+06
1422.58	  5.42915e+06
1423.67	  5.42202e+06
1424.78	  5.4149e+06
1425.88	  5.40779e+06
1426.97	  5.40069e+06
1428.08	  5.39359e+06
1429.17	  5.3865e+06
1430.28	  5.37942e+06
1431.38	  5.37234e+06
1432.47	  5.36527e+06
1433.58	  5.35821e+06
1434.67	  5.35116e+06
1435.78	  5.34411e+06
1436.88	  5.33707e+06
1437.97	  5.33004e+06
1439.08	  5.32302e+06
1440.17	  5.316e+06
1441.28	  5.30899e+06
1442.38	  5.30199e+06
1443.47	  5.295e+06
1444.58	  5.28801e+06
1445.67	  5.28103e+06
1446.78	  5.27405e+06
1447.88	  5.26709e+06
1448.97	  5.26013e+06
1450.08	  5.25318e+06
1451.17	  5.24624e+06
1452.28	  5.2393e+06
1453.38	  5.23237e+06
1454.47	  5.22545e+06
1455.58	  5.21854e+06
1456.67	  5.21163e+06
1457.78	  5.20473e+06
1458.88	  3.7834e+06
1459.97	  3.77912e+06
1461.08	  3.77483e+06
1462.17	  3.77055e+06
1463.28	  3.76628e+06
1464.38	  3.76201e+06
1465.47	  3.75774e+06
1466.58	  3.75347e+06
1467.67	  3.74921e+06
1468.78	  3.74496e+06
1469.88	  3.7407e+06
1470.97	  3.73645e+06
1472.08	  3.73221e+06
1473.17	  3.72797e+06
1474.28	  3.72373e+06
1475.38	  3.7195e+06
1476.47	  3.71527e+06
1477.58	  3.71104e+06
1478.67	  3.70682e+06
1479.78	  3.7026e+06
1480.88	  3.69839e+06
1481.97	  3.69418e+06
1483.08	  3.68997e+06
1484.17	  3.68577e+06
1485.28	  3.68157e+06
1486.38	  3.67737e+06
1487.47	  3.67318e+06
1488.58	  3.66899e+06
1489.67	  3.66481e+06
1490.78	  3.66063e+06
1491.88	  3.65645e+06
1492.97	  3.65228e+06
1494.08	  3.64811e+06
1495.17	  3.64395e+06
1496.28	  3.63979e+06
1497.38	  3.63563e+06
1498.47	  3.63148e+06
1499.58	  3.62733e+06
1500.67	  3.62318e+06
1501.78	  3.61904e+06
1502.88	  3.61491e+06
1503.97	  3.61077e+06
1505.08	  3.60664e+06
1506.17	  3.60252e+06
1507.28	  3.59839e+06
1508.38	  3.59428e+06
1509.47	  3.59016e+06
1510.58	  3.58605e+06
1511.67	  3.58194e+06
1512.78	  3.57784e+06
1513.88	  3.57374e+06
1514.97	  3.56965e+06
1516.08	  3.56556e+06
1517.17	  3.56147e+06
1518.28	  3.55738e+06
1519.38	  3.5533e+06
1520.47	  3.54923e+06
1521.58	  3.54516e+06
1522.67	  3.54109e+06
1523.78	  3.53702e+06
1524.88	  3.53296e+06
1525.97	  3.52891e+06
1527.08	  3.52485e+06
1528.17	  3.52081e+06
1529.28	  3.51676e+06
1530.38	  3.51272e+06
1531.47	  3.50868e+06
1532.58	  3.50465e+06
1533.67	  3.50062e+06
1534.78	  3.49659e+06
1535.88	  3.49257e+06
1536.97	  3.48855e+06
1538.08	  3.48454e+06
1539.17	  3.48053e+06
1540.28	  3.47652e+06
1541.38	  3.47252e+06
1542.47	  3.46852e+06
1543.58	  3.46453e+06
1544.67	  3.46054e+06
1545.78	  3.45655e+06
1546.88	  3.45256e+06
1547.97	  3.44859e+06
1549.08	  3.44461e+06
1550.17	  3.44064e+06
1551.28	  3.43667e+06
1552.38	  3.43271e+06
1553.47	  3.42875e+06
1554.58	  3.42479e+06
1555.67	  3.42084e+06
1556.78	  3.41689e+06
1557.88	  3.41294e+06
1558.97	  3.409e+06
1560.08	  3.40507e+06
1561.17	  3.40113e+06
1562.28	  3.3972e+06
1563.38	  3.39328e+06
1564.47	  3.38936e+06
1565.58	  3.38544e+06
1566.67	  3.38152e+06
1567.78	  3.37761e+06
1568.88	  3.37371e+06
1569.97	  3.3698e+06
1571.08	  3.36591e+06
1572.17	  3.36201e+06
1573.28	  3.35812e+06
1574.38	  3.35423e+06
1575.47	  3.35035e+06
1576.58	  3.34647e+06
1577.67	  3.34259e+06
1578.78	  3.33872e+06
1579.88	  3.33486e+06
1580.97	  3.33099e+06
1582.08	  3.32713e+06
1583.17	  3.32327e+06
1584.28	  3.31942e+06
1585.38	  3.31557e+06
1586.47	  3.31173e+06
1587.58	  3.30789e+06
1588.67	  3.30405e+06
1589.78	  3.30022e+06
1590.88	  3.29639e+06
1591.97	  3.29256e+06
1593.08	  3.28874e+06
1594.17	  3.28492e+06
1595.28	  3.28111e+06
1596.38	  3.2773e+06
1597.47	  3.27349e+06
1598.58	  3.26969e+06
1599.67	  3.26589e+06
1600.78	  3.26209e+06
1601.88	  3.2583e+06
1602.97	  3.25451e+06
1604.08	  3.25073e+06
1605.17	  3.24695e+06
1606.28	  3.24317e+06
1607.38	  3.2394e+06
1608.47	  3.23563e+06
1609.58	  3.23187e+06
1610.67	  3.22811e+06
1611.78	  3.22435e+06
1612.88	  3.2206e+06
1613.97	  3.21685e+06
1615.08	  3.2131e+06
1616.17	  3.20936e+06
1617.28	  3.20562e+06
1618.38	  3.20189e+06
1619.47	  3.19816e+06
1620.58	  3.19443e+06
1621.67	  3.19071e+06
1622.78	  3.18699e+06
1623.88	  3.18327e+06
1624.97	  3.17956e+06
1626.08	  3.17585e+06
1627.17	  3.17215e+06
1628.28	  3.16845e+06
1629.38	  3.16475e+06
1630.47	  3.16106e+06
1631.58	  3.15737e+06
1632.67	  3.15369e+06
1633.78	  3.15001e+06
1634.88	  3.14633e+06
1635.97	  3.14266e+06
1637.08	  3.13899e+06
1638.17	  3.13532e+06
1639.28	  3.13166e+06
1640.38	  3.128e+06
1641.47	  3.12434e+06
1642.58	  3.12069e+06
1643.67	  3.11705e+06
1644.78	  3.1134e+06
1645.88	  3.10976e+06
1646.97	  3.10613e+06
1648.08	  3.10249e+06
1649.17	  3.09887e+06
1650.28	  3.09524e+06
1651.38	  3.09162e+06
1652.47	  3.088e+06
1653.58	  3.08439e+06
1654.67	  3.08078e+06
1655.78	  3.07717e+06
1656.88	  3.07357e+06
1657.97	  3.06997e+06
1659.08	  3.06638e+06
1660.17	  3.06279e+06
1661.28	  3.0592e+06
1662.38	  3.05562e+06
1663.47	  3.05204e+06
1664.58	  3.04846e+06
1665.67	  3.04489e+06
1666.78	  3.04132e+06
1667.88	  3.03776e+06
1668.97	  3.03419e+06
1670.08	  3.03064e+06
1671.17	  3.02708e+06
1672.28	  3.02353e+06
1673.38	  3.01999e+06
1674.47	  3.01644e+06
1675.58	  3.01291e+06
1676.67	  3.00937e+06
1677.78	  3.00584e+06
1678.88	  3.00231e+06
1679.97	  2.99879e+06
1681.08	  2.99527e+06
1682.17	  2.99175e+06
1683.28	  2.98824e+06
1684.38	  2.98473e+06
1685.47	  2.98122e+06
1686.58	  2.97772e+06
1687.67	  2.97422e+06
1688.78	  2.97073e+06
1689.88	  2.96724e+06
1690.97	  2.96375e+06
1692.08	  2.96027e+06
1693.17	  2.95679e+06
1694.28	  2.95331e+06
1695.38	  2.94984e+06
1696.47	  2.94637e+06
1697.58	  2.94291e+06
1698.67	  2.93945e+06
1699.78	  2.93599e+06
1700.88	  2.93253e+06
1701.97	  2.92908e+06
1703.08	  2.92564e+06
1704.17	  2.9222e+06
1705.28	  2.91876e+06
1706.38	  2.91532e+06
1707.47	  2.91189e+06
1708.58	  2.90846e+06
1709.67	  2.90504e+06
1710.78	  2.90161e+06
1711.88	  2.8982e+06
1712.97	  2.89478e+06
1714.08	  2.89137e+06
1715.17	  2.88797e+06
1716.28	  2.88456e+06
1717.38	  2.88117e+06
1718.47	  2.87777e+06
1719.58	  2.87438e+06
1720.67	  2.87099e+06
1721.78	  2.86761e+06
1722.88	  2.86422e+06
1723.97	  2.86085e+06
1725.08	  2.85747e+06
1726.17	  2.8541e+06
1727.28	  2.85074e+06
1728.38	  2.84737e+06
1729.47	  2.84401e+06
1730.58	  2.84066e+06
1731.67	  2.83731e+06
1732.78	  2.83396e+06
1733.88	  2.83061e+06
1734.97	  2.82727e+06
1736.08	  2.82394e+06
1737.17	  2.8206e+06
1738.28	  2.81727e+06
1739.38	  2.81394e+06
1740.47	  2.81062e+06
1741.58	  2.8073e+06
1742.67	  2.80399e+06
1743.78	  2.80067e+06
1744.88	  2.79736e+06
1745.97	  2.79406e+06
1747.08	  2.79076e+06
1748.17	  2.78746e+06
1749.28	  2.78416e+06
1750.38	  2.78087e+06
1751.47	  2.77759e+06
1752.58	  2.7743e+06
1753.67	  2.77102e+06
1754.78	  2.76774e+06
1755.88	  2.76447e+06
1756.97	  2.7612e+06
1758.08	  2.75794e+06
1759.17	  2.75467e+06
1760.28	  2.75141e+06
1761.38	  2.74816e+06
1762.47	  2.74491e+06
1763.58	  2.74166e+06
1764.67	  2.73841e+06
1765.78	  2.73517e+06
1766.88	  2.73194e+06
1767.97	  2.7287e+06
1769.08	  2.72547e+06
1770.17	  2.72224e+06
1771.28	  2.71902e+06
1772.38	  2.7158e+06
1773.47	  2.71258e+06
1774.58	  2.70937e+06
1775.67	  2.70616e+06
1776.78	  2.70295e+06
1777.88	  2.69975e+06
1778.97	  2.69655e+06
1780.08	  2.69336e+06
1781.17	  2.69016e+06
1782.28	  2.68698e+06
1783.38	  2.68379e+06
1784.47	  2.68061e+06
1785.58	  2.67743e+06
1786.67	  2.67426e+06
1787.78	  2.67109e+06
1788.88	  2.66792e+06
1789.97	  2.66475e+06
1791.08	  2.66159e+06
1792.17	  2.65844e+06
1793.28	  2.65528e+06
1794.38	  2.65213e+06
1795.47	  2.64899e+06
1796.58	  2.64584e+06
1797.67	  2.6427e+06
1798.78	  2.63957e+06
1799.88	  2.63643e+06
1800.97	  2.6333e+06
1802.08	  2.63018e+06
1803.17	  2.62706e+06
1804.28	  2.62394e+06
1805.38	  2.62082e+06
1806.47	  2.61771e+06
1807.58	  2.6146e+06
1808.67	  2.6115e+06
1809.78	  2.60839e+06
1810.88	  2.6053e+06
1811.97	  2.6022e+06
1813.08	  2.59911e+06
1814.17	  2.59602e+06
1815.28	  2.59294e+06
1816.38	  2.58985e+06
1817.47	  2.58678e+06
1818.58	  2.5837e+06
1819.67	  2.58063e+06
1820.78	  2.57756e+06
1821.88	  2.5745e+06
1822.97	  2.57144e+06
1824.08	  2.56838e+06
1825.17	  2.56533e+06
1826.28	  2.56228e+06
1827.38	  2.55923e+06
1828.47	  2.55619e+06
1829.58	  2.55314e+06
1830.67	  2.55011e+06
1831.78	  2.54707e+06
1832.88	  2.54404e+06
1833.97	  2.54102e+06
1835.08	  2.53799e+06
1836.17	  2.53497e+06
1837.28	  2.53196e+06
1838.38	  2.52894e+06
1839.47	  2.52593e+06
1840.58	  2.52293e+06
1841.67	  2.51992e+06
1842.78	  2.51692e+06
1843.88	  2.51393e+06
1844.97	  2.51093e+06
1846.08	  2.50794e+06
1847.17	  2.50496e+06
1848.28	  2.50197e+06
1849.38	  2.49899e+06
1850.47	  2.49602e+06
1851.58	  2.49304e+06
1852.67	  2.49007e+06
1853.78	  2.48711e+06
1854.88	  2.48414e+06
1855.97	  2.48118e+06
1857.08	  2.47823e+06
1858.17	  2.47527e+06
1859.28	  2.47232e+06
1860.38	  2.46938e+06
1861.47	  2.46643e+06
1862.58	  2.46349e+06
1863.67	  2.46056e+06
1864.78	  2.45762e+06
1865.88	  2.45469e+06
1866.97	  2.45177e+06
1868.08	  2.44884e+06
1869.17	  2.44592e+06
1870.28	  2.44301e+06
1871.38	  2.44009e+06
1872.47	  2.43718e+06
1873.58	  2.43428e+06
1874.67	  2.43137e+06
1875.78	  2.42847e+06
1876.88	  2.42557e+06
1877.97	  2.42268e+06
1879.08	  2.41979e+06
1880.17	  2.4169e+06
1881.28	  2.41402e+06
1882.38	  2.41114e+06
1883.47	  2.40826e+06
1884.58	  2.40539e+06
1885.67	  2.40251e+06
1886.78	  2.39965e+06
1887.88	  2.39678e+06
1888.97	  2.39392e+06
1890.08	  2.39106e+06
1891.17	  2.38821e+06
1892.28	  2.38536e+06
1893.38	  2.38251e+06
1894.47	  2.37966e+06
1895.58	  2.37682e+06
1896.67	  2.37398e+06
1897.78	  2.37115e+06
1898.88	  2.36831e+06
1899.97	  2.36548e+06
1901.08	  2.36266e+06
1902.17	  2.35984e+06
1903.28	  2.35702e+06
1904.38	  2.3542e+06
1905.47	  2.35139e+06
1906.58	  2.34858e+06
1907.67	  2.34577e+06
1908.78	  2.34297e+06
1909.88	  2.34017e+06
1910.97	  2.33737e+06
1912.08	  2.33457e+06
1913.17	  2.33178e+06
1914.28	  2.329e+06
1915.38	  2.32621e+06
1916.47	  2.32343e+06
1917.58	  2.32065e+06
1918.67	  2.31788e+06
1919.78	  2.31511e+06
1920.88	  2.31234e+06
1921.97	  2.30957e+06
1923.08	  2.30681e+06
1924.17	  2.30405e+06
1925.28	  2.3013e+06
1926.38	  2.29854e+06
1927.47	  2.29579e+06
1928.58	  2.29305e+06
1929.67	  2.2903e+06
1930.78	  2.28756e+06
1931.88	  2.28483e+06
1932.97	  2.28209e+06
1934.08	  2.27936e+06
1935.17	  2.27663e+06
1936.28	  2.27391e+06
1937.38	  2.27119e+06
1938.47	  2.26847e+06
1939.58	  2.26575e+06
1940.67	  2.26304e+06
1941.78	  2.26033e+06
1942.88	  2.25763e+06
1943.97	  2.25492e+06
1945.08	  2.25222e+06
1946.17	  2.24953e+06
1947.28	  2.24683e+06
1948.38	  2.24414e+06
1949.47	  2.24146e+06
1950.58	  2.23877e+06
1951.67	  2.23609e+06
1952.78	  2.23341e+06
1953.88	  2.23074e+06
1954.97	  2.22807e+06
1956.08	  2.2254e+06
1957.17	  2.22273e+06
1958.28	  2.22007e+06
1959.38	  2.21741e+06
1960.47	  2.21475e+06
1961.58	  2.2121e+06
1962.67	  2.20945e+06
1963.78	  2.2068e+06
1964.88	  2.20416e+06
1965.97	  2.20152e+06
1967.08	  2.19888e+06
1968.17	  2.19624e+06
1969.28	  2.19361e+06
1970.38	  2.19098e+06
1971.47	  2.18836e+06
1972.58	  2.18573e+06
1973.67	  2.18311e+06
1974.78	  2.1805e+06
1975.88	  2.17788e+06
1976.97	  2.17527e+06
1978.08	  2.17266e+06
1979.17	  2.17006e+06
1980.28	  2.16746e+06
1981.38	  2.16486e+06
1982.47	  2.16226e+06
1983.58	  2.15967e+06
1984.67	  2.15708e+06
1985.78	  2.15449e+06
1986.88	  2.15191e+06
1987.97	  2.14933e+06
1989.08	  2.14675e+06
1990.17	  2.14417e+06
1991.28	  2.1416e+06
1992.38	  2.13903e+06
1993.47	  2.13647e+06
1994.58	  2.13391e+06
1995.67	  2.13135e+06
1996.78	  2.12879e+06
1997.88	  2.12623e+06
1998.97	  2.12368e+06
2000.08	  2.12113e+06
2001.17	  2.11859e+06
2002.28	  2.11605e+06
2003.38	  2.11351e+06
2004.47	  2.11097e+06
2005.58	  2.10844e+06
2006.67	  2.10591e+06
2007.78	  2.10338e+06
2008.88	  2.10086e+06
2009.97	  2.09833e+06
2011.08	  2.09582e+06
2012.17	  2.0933e+06
2013.28	  2.09079e+06
2014.38	  2.08828e+06
2015.47	  2.08577e+06
2016.58	  2.08327e+06
2017.67	  2.08077e+06
2018.78	  2.07827e+06
2019.88	  2.07577e+06
2020.97	  2.07328e+06
2022.08	  2.07079e+06
2023.18	  2.0683e+06
2024.28	  2.06582e+06
2025.38	  2.06334e+06
2026.47	  2.06086e+06
2027.58	  2.05839e+06
2028.68	  2.05591e+06
2029.78	  2.05345e+06
2030.88	  2.05098e+06
2031.97	  2.04852e+06
2033.08	  2.04605e+06
2034.18	  2.0436e+06
2035.28	  2.04114e+06
2036.38	  2.03869e+06
2037.47	  2.03624e+06
2038.58	  2.0338e+06
2039.68	  2.03135e+06
2040.78	  2.02891e+06
2041.88	  2.02647e+06
2042.97	  2.02404e+06
2044.08	  2.02161e+06
2045.18	  2.01918e+06
2046.28	  2.01675e+06
2047.38	  2.01433e+06
2048.47	  2.01191e+06
2049.57	  2.00949e+06
2050.68	  2.00708e+06
2051.78	  2.00466e+06
2052.88	  2.00225e+06
2053.97	  1.99985e+06
2055.07	  1.99744e+06
2056.18	  1.99504e+06
2057.28	  1.99265e+06
2058.38	  1.99025e+06
2059.47	  1.98786e+06
2060.57	  1.98547e+06
2061.68	  1.98308e+06
2062.78	  1.9807e+06
2063.88	  1.97832e+06
2064.97	  1.97594e+06
2066.07	  1.97356e+06
2067.18	  1.97119e+06
2068.28	  1.96882e+06
2069.38	  1.96645e+06
2070.47	  1.96409e+06
2071.57	  1.96173e+06
2072.68	  1.95937e+06
2073.78	  1.95701e+06
2074.88	  1.95466e+06
2075.97	  1.95231e+06
2077.07	  1.94996e+06
2078.18	  1.94762e+06
2079.28	  1.94527e+06
2080.38	  1.94294e+06
2081.47	  1.9406e+06
2082.57	  1.93826e+06
2083.68	  1.93593e+06
2084.78	  1.93361e+06
2085.88	  1.93128e+06
2086.97	  1.92896e+06
2088.07	  1.92664e+06
2089.18	  1.92432e+06
2090.28	  1.922e+06
2091.38	  1.91969e+06
2092.47	  1.91738e+06
2093.57	  1.91508e+06
2094.68	  1.91277e+06
2095.78	  1.91047e+06
2096.88	  1.90817e+06
2097.97	  1.90588e+06
2099.07	  1.90358e+06
2100.18	  1.90129e+06
2101.28	  1.89901e+06
2102.38	  1.89672e+06
2103.47	  1.89444e+06
2104.57	  1.89216e+06
2105.68	  1.88988e+06
2106.78	  1.88761e+06
2107.88	  1.88534e+06
2108.97	  1.88307e+06
2110.07	  1.8808e+06
2111.18	  1.87854e+06
2112.28	  1.87628e+06
2113.38	  1.87402e+06
2114.47	  1.87177e+06
2115.57	  1.86952e+06
2116.68	  1.86726e+06
2117.78	  1.86502e+06
2118.88	  1.86277e+06
2119.97	  1.86053e+06
2121.07	  1.85829e+06
2122.18	  1.85606e+06
2123.28	  1.85382e+06
2124.38	  1.85159e+06
2125.47	  1.84936e+06
2126.57	  1.84714e+06
2127.68	  1.84491e+06
2128.78	  1.84269e+06
2129.88	  1.84047e+06
2130.97	  1.83826e+06
2132.07	  1.83605e+06
2133.18	  1.83384e+06
2134.28	  1.83163e+06
2135.38	  1.82942e+06
2136.47	  1.82722e+06
2137.57	  1.82502e+06
2138.68	  1.82282e+06
2139.78	  1.82063e+06
2140.88	  1.81844e+06
2141.97	  1.81625e+06
2143.07	  1.81406e+06
2144.18	  1.81188e+06
2145.28	  1.8097e+06
2146.38	  1.80752e+06
2147.47	  1.80534e+06
2148.57	  1.80317e+06
2149.68	  1.801e+06
2150.78	  1.79883e+06
2151.88	  1.79666e+06
2152.97	  1.7945e+06
2154.07	  1.79234e+06
2155.18	  1.79018e+06
2156.28	  1.78803e+06
2157.38	  1.78587e+06
2158.47	  1.78372e+06
2159.57	  1.78157e+06
2160.68	  1.77943e+06
2161.78	  1.77729e+06
2162.88	  1.77515e+06
2163.97	  1.77301e+06
2165.07	  1.77087e+06
2166.18	  1.76874e+06
2167.28	  1.76661e+06
2168.38	  1.76448e+06
2169.47	  1.76236e+06
2170.57	  1.76024e+06
2171.68	  1.75812e+06
2172.78	  1.756e+06
2173.88	  1.75388e+06
2174.97	  1.75177e+06
2176.07	  1.74966e+06
2177.18	  1.74755e+06
2178.28	  1.74545e+06
2179.38	  1.74335e+06
2180.47	  1.74125e+06
2181.57	  1.73915e+06
2182.68	  1.73706e+06
2183.78	  1.73496e+06
2184.88	  1.73287e+06
2185.97	  1.73079e+06
2187.07	  1.7287e+06
2188.18	  1.72662e+06
2189.28	  1.72454e+06
2190.38	  1.72246e+06
2191.47	  1.72039e+06
2192.57	  1.71832e+06
2193.68	  1.71625e+06
2194.78	  1.71418e+06
2195.88	  1.71212e+06
2196.97	  1.71005e+06
2198.07	  1.70799e+06
2199.18	  1.70594e+06
2200.28	  1.70388e+06
2201.38	  1.70183e+06
2202.47	  1.69978e+06
2203.57	  1.69773e+06
2204.68	  1.69569e+06
2205.78	  1.69364e+06
2206.88	  1.6916e+06
2207.97	  1.68957e+06
2209.07	  1.68753e+06
2210.18	  1.6855e+06
2211.28	  1.68347e+06
2212.38	  1.68144e+06
2213.47	  1.67942e+06
2214.57	  1.67739e+06
2215.68	  1.67537e+06
2216.78	  1.67335e+06
2217.88	  1.67134e+06
2218.97	  1.66932e+06
2220.07	  1.66731e+06
2221.18	  1.66531e+06
2222.28	  1.6633e+06
2223.38	  1.6613e+06
2224.47	  1.65929e+06
2225.57	  1.6573e+06
2226.68	  1.6553e+06
2227.78	  1.65331e+06
2228.88	  1.65131e+06
2229.97	  1.64932e+06
2231.07	  1.64734e+06
2232.18	  1.64535e+06
2233.28	  1.64337e+06
2234.38	  1.64139e+06
2235.47	  1.63941e+06
2236.57	  1.63744e+06
2237.68	  1.63547e+06
2238.78	  1.6335e+06
2239.88	  1.63153e+06
2240.97	  1.62956e+06
2242.07	  1.6276e+06
2243.18	  1.62564e+06
2244.28	  1.62368e+06
2245.38	  1.62173e+06
2246.47	  1.61977e+06
2247.57	  1.61782e+06
2248.68	  1.61587e+06
2249.78	  1.61393e+06
2250.88	  1.61198e+06
2251.97	  1.61004e+06
2253.07	  1.6081e+06
2254.18	  1.60616e+06
2255.28	  1.60423e+06
2256.38	  1.6023e+06
2257.47	  1.60037e+06
2258.57	  1.59844e+06
2259.68	  1.59651e+06
2260.78	  1.59459e+06
2261.88	  1.59267e+06
2262.97	  1.59075e+06
2264.07	  1.58883e+06
2265.18	  1.58692e+06
2266.28	  1.58501e+06
2267.38	  1.5831e+06
2268.47	  1.58119e+06
2269.57	  1.57929e+06
2270.68	  1.57739e+06
2271.78	  1.57549e+06
2272.88	  1.57359e+06
2273.97	  1.57169e+06
2275.07	  1.5698e+06
2276.18	  1.56791e+06
2277.28	  1.56602e+06
2278.38	  1.56414e+06
2279.47	  1.56225e+06
2280.57	  1.391e+06
2281.68	  1.38945e+06
2282.78	  1.38791e+06
2283.88	  1.38636e+06
2284.97	  1.38482e+06
2286.07	  1.38327e+06
2287.18	  1.38173e+06
2288.28	  1.38019e+06
2289.38	  1.37865e+06
2290.47	  1.37712e+06
2291.57	  1.37558e+06
2292.68	  1.37405e+06
2293.78	  1.37252e+06
2294.88	  1.37099e+06
2295.97	  1.36946e+06
2297.07	  1.36794e+06
2298.18	  1.36641e+06
2299.28	  1.36489e+06
2300.38	  1.36337e+06
2301.47	  1.36185e+06
2302.57	  1.36033e+06
2303.68	  1.35882e+06
2304.78	  1.3573e+06
2305.88	  1.35579e+06
2306.97	  1.35428e+06
2308.07	  1.35277e+06
2309.18	  1.35126e+06
2310.28	  1.34976e+06
2311.38	  1.34825e+06
2312.47	  1.34675e+06
2313.57	  1.34525e+06
2314.68	  1.34375e+06
2315.78	  1.34225e+06
2316.88	  1.34076e+06
2317.97	  1.33926e+06
2319.07	  1.33777e+06
2320.18	  1.33628e+06
2321.28	  1.33479e+06
2322.38	  1.3333e+06
2323.47	  1.33182e+06
2324.57	  1.33033e+06
2325.68	  1.32885e+06
2326.78	  1.32737e+06
2327.88	  1.32589e+06
2328.97	  1.32442e+06
2330.07	  1.32294e+06
2331.18	  1.32147e+06
2332.28	  1.31999e+06
2333.38	  1.31852e+06
2334.47	  1.31705e+06
2335.57	  1.31559e+06
2336.68	  1.31412e+06
2337.78	  1.31266e+06
2338.88	  1.31119e+06
2339.97	  1.30973e+06
2341.07	  1.30827e+06
2342.18	  1.30682e+06
2343.28	  1.30536e+06
2344.38	  1.30391e+06
2345.47	  1.30245e+06
2346.57	  1.301e+06
2347.68	  1.29955e+06
2348.78	  1.2981e+06
2349.88	  1.29666e+06
2350.97	  1.29521e+06
2352.07	  1.29377e+06
2353.18	  1.29233e+06
2354.28	  1.29089e+06
2355.38	  1.28945e+06
2356.47	  1.28801e+06
2357.57	  1.28658e+06
2358.68	  1.28515e+06
2359.78	  1.28371e+06
2360.88	  1.28228e+06
2361.97	  1.28085e+06
2363.07	  1.27943e+06
2364.18	  1.278e+06
2365.28	  1.27658e+06
2366.38	  1.27516e+06
2367.47	  1.27374e+06
2368.57	  1.27232e+06
2369.68	  1.2709e+06
2370.78	  1.26948e+06
2371.88	  1.26807e+06
2372.97	  1.26666e+06
2374.07	  1.26525e+06
2375.18	  1.26384e+06
2376.28	  1.26243e+06
2377.38	  1.26102e+06
2378.47	  1.25962e+06
2379.57	  1.25821e+06
2380.68	  1.25681e+06
2381.78	  1.25541e+06
2382.88	  1.25401e+06
2383.97	  1.25262e+06
2385.07	  1.25122e+06
2386.18	  1.24983e+06
2387.28	  1.24844e+06
2388.38	  1.24705e+06
2389.47	  1.24566e+06
2390.57	  1.24427e+06
2391.68	  1.24288e+06
2392.78	  1.2415e+06
2393.88	  1.24012e+06
2394.97	  1.23873e+06
2396.07	  1.23735e+06
2397.18	  1.23598e+06
2398.28	  1.2346e+06
2399.38	  1.23323e+06
2400.47	  1.23185e+06
2401.57	  1.23048e+06
2402.68	  1.22911e+06
2403.78	  1.22774e+06
2404.88	  1.22637e+06
2405.97	  1.22501e+06
2407.07	  1.22364e+06
2408.18	  1.22228e+06
2409.28	  1.22092e+06
2410.38	  1.21956e+06
2411.47	  1.2182e+06
2412.57	  1.21684e+06
2413.68	  1.21549e+06
2414.78	  1.21414e+06
2415.88	  1.21278e+06
2416.97	  1.21143e+06
2418.07	  1.21008e+06
2419.18	  1.20874e+06
2420.28	  1.20739e+06
2421.38	  1.20605e+06
2422.47	  1.2047e+06
2423.57	  1.20336e+06
2424.68	  1.20202e+06
2425.78	  1.20068e+06
2426.88	  1.19935e+06
2427.97	  1.19801e+06
2429.07	  1.19668e+06
2430.18	  1.19534e+06
2431.28	  1.19401e+06
2432.38	  1.19268e+06
2433.47	  1.19136e+06
2434.57	  1.19003e+06
2435.68	  1.18871e+06
2436.78	  1.18738e+06
2437.88	  1.18606e+06
2438.97	  1.18474e+06
2440.07	  1.18342e+06
2441.18	  1.1821e+06
2442.28	  1.18079e+06
2443.38	  1.17947e+06
2444.47	  1.17816e+06
2445.57	  1.17685e+06
2446.68	  1.17554e+06
2447.78	  1.17423e+06
2448.88	  1.17292e+06
2449.97	  1.17162e+06
2451.07	  1.17031e+06
2452.18	  1.16901e+06
2453.28	  1.16771e+06
2454.38	  1.16641e+06
2455.47	  1.16511e+06
2456.57	  1.16381e+06
2457.68	  1.16252e+06
2458.78	  1.16122e+06
2459.88	  1.15993e+06
2460.97	  1.15864e+06
2462.07	  1.15735e+06
2463.18	  1.15606e+06
2464.28	  1.15478e+06
2465.38	  1.15349e+06
2466.47	  1.15221e+06
2467.57	  1.15093e+06
2468.68	  1.14964e+06
2469.78	  1.14837e+06
2470.88	  1.14709e+06
2471.97	  1.14581e+06
2473.07	  1.14454e+06
2474.18	  1.14326e+06
2475.28	  1.14199e+06
2476.38	  1.14072e+06
2477.47	  1.13945e+06
