Emission arising from a slab of Hydrogen (both H and H-).
   
Parameters of the slab:
n_e = 1e+12 cm-3
T_e = 7500 K
tau(lambda=300 nm) = 0.05
L = 1.25306e+10 cm
   
Wavelength (nm), Emission (erg s-1 cm-2 nm-1 sr-1)
50	  0.00837031
91.2	  22.4932
120	  1972.48
150	  30292.6
175	  135466
200	  400203
225	  899866
250	  1.67605e+06
270	  2.49632e+06
290	  3.47493e+06
300	  4.01485e+06
305	  4.29565e+06
310	  4.58295e+06
315	  4.87616e+06
320	  5.17473e+06
322.5	  5.32584e+06
325	  5.47808e+06
327	  5.60062e+06
329	  5.7238e+06
329.999	  5.78555e+06
330.266	  5.80208e+06
330.533	  5.81862e+06
330.8	  5.83517e+06
331.067	  5.85173e+06
331.334	  5.8683e+06
331.601	  5.88488e+06
331.868	  5.90147e+06
332.135	  5.91807e+06
332.402	  5.93468e+06
332.669	  5.9513e+06
332.936	  5.96793e+06
333.203	  5.98457e+06
333.47	  6.00121e+06
333.737	  6.01787e+06
334.004	  6.03453e+06
334.271	  6.05121e+06
334.538	  6.06789e+06
334.805	  6.08458e+06
335.072	  6.10128e+06
335.339	  6.11799e+06
335.606	  6.13471e+06
335.873	  6.15144e+06
336.14	  6.16817e+06
336.407	  6.18491e+06
336.674	  6.20167e+06
336.941	  6.21843e+06
337.208	  6.2352e+06
337.475	  6.25197e+06
337.742	  6.26875e+06
338.009	  6.28555e+06
338.276	  6.30235e+06
338.543	  6.31915e+06
338.81	  6.33597e+06
339.077	  6.35279e+06
339.344	  6.36962e+06
339.611	  6.38645e+06
339.878	  6.4033e+06
340.145	  6.42015e+06
340.412	  6.43701e+06
340.679	  6.45387e+06
340.946	  6.47074e+06
341.213	  6.48762e+06
341.48	  6.50451e+06
341.747	  6.5214e+06
342.014	  6.5383e+06
342.281	  6.55521e+06
342.548	  6.57212e+06
342.815	  6.58904e+06
343.082	  6.60596e+06
343.349	  6.62289e+06
343.616	  6.63983e+06
343.883	  6.65677e+06
344.15	  6.67372e+06
344.417	  6.69067e+06
344.684	  6.70763e+06
344.951	  6.7246e+06
345.218	  6.74157e+06
345.485	  6.75855e+06
345.752	  6.77553e+06
346.019	  6.79251e+06
346.286	  6.80951e+06
346.553	  6.8265e+06
346.82	  6.84351e+06
347.087	  6.86052e+06
347.354	  6.87753e+06
347.621	  6.89455e+06
347.888	  6.91157e+06
348.155	  6.92859e+06
348.422	  6.94563e+06
348.689	  6.96266e+06
348.956	  6.9797e+06
349.223	  6.99675e+06
349.49	  7.0138e+06
349.757	  7.03085e+06
350.024	  7.04791e+06
350.291	  7.06497e+06
350.558	  7.08203e+06
350.825	  7.0991e+06
351.092	  7.11617e+06
351.359	  7.13325e+06
351.626	  7.15033e+06
351.893	  7.16741e+06
352.16	  7.1845e+06
352.427	  7.20159e+06
352.694	  7.21868e+06
352.961	  7.23578e+06
353.228	  7.25288e+06
353.495	  7.26998e+06
353.762	  7.28709e+06
354.029	  7.3042e+06
354.296	  7.32131e+06
354.563	  7.33842e+06
354.83	  7.35554e+06
355.097	  7.37266e+06
355.364	  7.38978e+06
355.631	  7.4069e+06
355.898	  7.42403e+06
356.165	  7.44116e+06
356.432	  7.45829e+06
356.699	  7.47543e+06
356.966	  7.49256e+06
357.233	  7.5097e+06
357.5	  7.52684e+06
357.767	  7.54398e+06
358.034	  7.56112e+06
358.301	  7.57826e+06
358.568	  7.59541e+06
358.835	  7.61256e+06
359.102	  7.6297e+06
359.369	  7.64685e+06
359.636	  7.66401e+06
359.903	  7.68116e+06
360.17	  7.69831e+06
360.437	  7.71546e+06
360.704	  7.73262e+06
360.971	  7.74978e+06
361.238	  7.76693e+06
361.505	  7.78409e+06
361.772	  7.80125e+06
362.039	  7.81841e+06
362.306	  7.83557e+06
362.573	  7.85273e+06
363	  7.88018e+06
363.027	  7.8819e+06
363.054	  7.88361e+06
363.08	  7.88533e+06
363.107	  7.88705e+06
363.134	  7.88876e+06
363.16	  7.89048e+06
363.187	  7.8922e+06
363.214	  7.89391e+06
363.24	  7.89563e+06
363.267	  7.89734e+06
363.294	  7.89906e+06
363.321	  7.90077e+06
363.347	  7.90249e+06
363.374	  7.90421e+06
363.401	  7.90592e+06
363.427	  7.90764e+06
363.454	  7.90936e+06
363.481	  7.91107e+06
363.508	  7.91279e+06
363.534	  7.9145e+06
363.561	  7.91622e+06
363.588	  7.91794e+06
363.614	  7.91965e+06
363.641	  7.92137e+06
363.668	  7.92308e+06
363.694	  7.9248e+06
363.721	  7.92652e+06
363.748	  7.92823e+06
363.774	  7.92995e+06
363.801	  7.93166e+06
363.828	  7.93338e+06
363.855	  7.9351e+06
363.881	  7.93681e+06
363.908	  7.93853e+06
363.935	  7.94024e+06
363.961	  7.94196e+06
363.988	  7.94368e+06
364.015	  7.94539e+06
364.041	  7.94711e+06
364.068	  7.94882e+06
364.095	  7.95054e+06
364.122	  7.95226e+06
364.148	  7.95397e+06
364.175	  7.95569e+06
364.202	  7.9574e+06
364.228	  7.95912e+06
364.255	  7.96084e+06
364.282	  7.96255e+06
364.308	  7.96427e+06
364.335	  7.96599e+06
364.362	  7.9677e+06
364.389	  7.96942e+06
364.415	  7.97113e+06
364.442	  7.97285e+06
364.469	  7.97456e+06
364.495	  7.97628e+06
364.522	  7.978e+06
364.549	  7.97972e+06
364.575	  7.98143e+06
364.602	  7.98315e+06
364.629	  7.98486e+06
364.656	  7.98658e+06
364.682	  7.98829e+06
364.709	  7.99001e+06
364.736	  211086
364.762	  211133
364.789	  211181
364.816	  211229
364.842	  211276
364.869	  211324
364.896	  211372
364.923	  211419
364.949	  211467
364.976	  211514
365.003	  211562
365.029	  211610
365.056	  211657
365.083	  211705
365.11	  211753
365.136	  211801
365.163	  211848
365.19	  211896
365.216	  211944
365.243	  211991
365.27	  212039
365.296	  212087
365.323	  212134
365.35	  212182
365.377	  212230
365.403	  212277
365.43	  212325
365.457	  212373
365.483	  212420
365.51	  212468
365.537	  212516
365.563	  212563
365.59	  212611
365.617	  212659
365.643	  212706
365.67	  212754
365.697	  212802
365.724	  212850
365.75	  212897
365.777	  212945
365.804	  212993
365.83	  213040
365.857	  213088
365.884	  213136
365.91	  213184
365.937	  213231
365.964	  213279
365.991	  213327
365.991	  213327
366.258	  213804
366.525	  214281
366.792	  214759
367.059	  215236
367.326	  215714
367.593	  216192
367.86	  216670
368.127	  217148
368.394	  217626
368.661	  218104
368.928	  218583
369.195	  219061
369.462	  219540
369.729	  220019
369.996	  220498
370.263	  220977
370.53	  221456
370.797	  221935
371.064	  222414
371.331	  222894
371.598	  223373
371.865	  223853
372.132	  224333
372.399	  224813
372.666	  225293
372.933	  225773
373.2	  226253
373.467	  226733
373.734	  227213
374.001	  227693
374.268	  228174
374.535	  228654
374.802	  229135
375.069	  229616
375.336	  230096
375.603	  230577
375.87	  231058
376.137	  231539
376.404	  232020
376.671	  232501
376.938	  232983
377.205	  233464
377.472	  233945
377.739	  234427
378.006	  234908
378.273	  235390
378.54	  235871
378.807	  236353
379.074	  236835
379.341	  237316
379.608	  237798
379.875	  238280
380.142	  238762
380.409	  239244
380.676	  239726
380.943	  240208
381.21	  240690
381.477	  241172
381.744	  241654
382.011	  242136
382.278	  242619
382.545	  243101
382.812	  243583
383.079	  244066
383.346	  244548
383.613	  245030
383.88	  245513
384.147	  245995
384.414	  246478
384.681	  246960
384.948	  247443
385.215	  247925
385.482	  248408
385.749	  248891
386.016	  249373
386.283	  249856
386.55	  250338
386.817	  250821
387.084	  251304
387.351	  251787
387.618	  252269
387.885	  252752
388.152	  253235
388.419	  253717
388.686	  254200
388.953	  254683
389.22	  255165
389.487	  255648
389.754	  256131
390.021	  256614
390.288	  257096
390.555	  257579
390.822	  258062
391.089	  258544
391.356	  259027
391.623	  259510
391.89	  259992
392.157	  260475
392.424	  260957
392.691	  261440
392.958	  261923
393.225	  262405
393.492	  262888
393.759	  263370
394.026	  263853
394.293	  264335
394.56	  264817
394.827	  265300
395.094	  265782
395.361	  266265
395.628	  266747
395.895	  267229
396.162	  267711
396.429	  268193
396.696	  268676
396.963	  269158
397.23	  269640
397.497	  270122
397.764	  270604
398.031	  271086
398.298	  271568
398.565	  272049
398.832	  272531
399.099	  273013
399.366	  273495
399.633	  273976
399.9	  274458
400.167	  274939
400.434	  275421
400.701	  275902
400.968	  276383
401.235	  276865
401.502	  277346
401.769	  277827
402.036	  278308
402.303	  278789
402.57	  279270
402.837	  279751
403.104	  280232
403.371	  280713
403.638	  281193
403.905	  281674
404.172	  282154
404.439	  282635
404.706	  283115
404.973	  283595
405.24	  284076
405.507	  284556
405.774	  285036
406.041	  285516
406.308	  285995
406.575	  286475
406.842	  286955
407.109	  287435
407.376	  287914
407.643	  288393
407.91	  288873
408.177	  289352
408.444	  289831
408.711	  290310
408.978	  290789
409.245	  291268
409.512	  291747
409.779	  292225
410.046	  292704
410.313	  293182
410.58	  293661
410.847	  294139
411.114	  294617
411.381	  295095
411.648	  295573
411.915	  296051
412.182	  296529
412.449	  297006
412.716	  297484
412.983	  297961
413.25	  298438
413.517	  298915
413.784	  299392
414.051	  299869
414.318	  300346
414.585	  300823
414.852	  301299
415.119	  301776
415.386	  302252
415.653	  302728
415.92	  303204
416.187	  303680
416.454	  304156
416.721	  304631
416.988	  305107
417.255	  305582
417.522	  306057
417.789	  306532
418.056	  307007
418.323	  307482
418.59	  307957
418.857	  308431
419.124	  308906
419.391	  309380
419.658	  309854
419.925	  310328
420.192	  310802
420.459	  311276
420.726	  311749
420.993	  312223
421.26	  312696
421.527	  313169
421.794	  313642
422.061	  314115
422.328	  314587
422.595	  315060
422.862	  315532
423.129	  316004
423.396	  316476
423.663	  316948
423.93	  317420
424.197	  317892
424.464	  318363
424.731	  318834
424.998	  319305
425.265	  319776
425.532	  320247
425.799	  320717
426.066	  321188
426.333	  321658
426.6	  322128
426.867	  322598
427.134	  323068
427.401	  323537
427.668	  324007
427.935	  324476
428.202	  324945
428.469	  325414
428.736	  325882
429.003	  326351
429.27	  326819
429.537	  327287
429.804	  327755
430.071	  328223
430.338	  328690
430.605	  329158
430.872	  329625
431.139	  330092
431.406	  330559
431.673	  331026
431.94	  331492
432.207	  331958
432.474	  332424
432.741	  332890
433.008	  333356
433.275	  333822
433.542	  334287
433.809	  334752
434.076	  335217
434.343	  335682
434.61	  336146
434.877	  336611
435.144	  337075
435.411	  337539
435.678	  338002
435.945	  338466
436.212	  338929
436.479	  339392
436.746	  339855
437.013	  340318
437.28	  340781
437.547	  341243
437.814	  341705
438.081	  342167
438.348	  342629
438.615	  343090
438.882	  343551
439.149	  344012
439.416	  344473
439.683	  344934
439.95	  345394
440.217	  345854
440.484	  346314
440.751	  346774
441.018	  347234
441.285	  347693
441.552	  348152
441.819	  348611
442.086	  349070
442.353	  349528
442.62	  349986
442.887	  350444
443.154	  350902
443.421	  351360
443.688	  351817
443.955	  352274
444.222	  352731
444.489	  353188
444.756	  353644
445.023	  354100
445.29	  354556
445.557	  355012
445.824	  355467
446.091	  355923
446.358	  356378
446.625	  356832
446.892	  357287
447.159	  357741
447.426	  358195
447.693	  358649
447.96	  359103
448.227	  359556
448.494	  360009
448.761	  360462
449.028	  360915
449.295	  361367
449.562	  361819
449.829	  362271
450.096	  362723
450.363	  363174
450.63	  363625
450.897	  364076
451.164	  364527
451.431	  364977
451.698	  365428
451.965	  365878
452.232	  366327
452.499	  366777
452.766	  367226
453.033	  367675
453.3	  368123
453.567	  368572
453.834	  369020
454.101	  369468
454.368	  369915
454.635	  370363
454.902	  370810
455.169	  371257
455.436	  371704
455.703	  372150
455.97	  372596
456.237	  373042
456.504	  373487
456.771	  373933
457.038	  374378
457.305	  374823
457.572	  375267
457.839	  375711
458.106	  376155
458.373	  376599
458.64	  377043
458.907	  377486
459.174	  377929
459.441	  378371
459.708	  378814
459.975	  379256
460.242	  379698
460.509	  380139
460.776	  380581
461.043	  381022
461.31	  381462
461.577	  381903
461.844	  382343
462.111	  382783
462.378	  383223
462.645	  383662
462.912	  384101
463.179	  384540
463.446	  384979
463.713	  385417
463.98	  385855
464.247	  386293
464.514	  386730
464.781	  387167
465.048	  387604
465.315	  388041
465.582	  388477
465.849	  388913
466.116	  389349
466.383	  389784
466.65	  390219
466.917	  390654
467.184	  391089
467.451	  391523
467.718	  391957
467.985	  392391
468.252	  392824
468.519	  393258
468.786	  393690
469.053	  394123
469.32	  394555
469.587	  394987
469.854	  395419
470.121	  395850
470.388	  396282
470.655	  396712
470.922	  397143
471.189	  397573
471.456	  398003
471.723	  398433
471.99	  398862
472.257	  399291
472.524	  399720
472.791	  400148
473.058	  400577
473.325	  401004
473.592	  401432
473.859	  401859
474.126	  402286
474.393	  402713
474.66	  403139
474.927	  403565
475.194	  403991
475.461	  404417
475.728	  404842
475.995	  405267
476.262	  405691
476.529	  406116
476.796	  406539
477.063	  406963
477.33	  407386
477.597	  407810
477.864	  408232
478.131	  408655
478.398	  409077
478.665	  409499
478.932	  409920
479.199	  410341
479.466	  410762
479.733	  411183
480	  411603
480.267	  412023
480.534	  412442
480.801	  412862
481.068	  413281
481.335	  413700
481.602	  414118
481.869	  414536
482.136	  414954
482.403	  415371
482.67	  415788
482.937	  416205
483.204	  416622
483.471	  417038
483.738	  417454
484.005	  417869
484.272	  418284
484.539	  418699
484.806	  419114
485.073	  419528
485.34	  419942
485.607	  420356
485.874	  420769
486.141	  421182
486.408	  421595
486.675	  422007
486.942	  422419
487.209	  422831
487.476	  423242
487.743	  423653
488.01	  424064
488.277	  424474
488.544	  424884
488.811	  425294
489.078	  425704
489.345	  426113
489.612	  426521
489.879	  426930
490.146	  427338
490.413	  427746
490.68	  428153
490.947	  428561
491.214	  428967
491.481	  429374
491.748	  429780
492.015	  430186
492.282	  430591
492.549	  430997
492.816	  431401
493.083	  431806
493.35	  432210
493.617	  432614
493.884	  433018
494.151	  433421
494.418	  433824
494.685	  434226
494.952	  434628
495.219	  435030
495.486	  435432
495.753	  435833
496.02	  436234
496.287	  436634
496.554	  437034
496.821	  437434
497.088	  437834
497.355	  438233
497.622	  438632
497.889	  439030
498.156	  439429
498.423	  439826
498.69	  440224
498.957	  440621
499.224	  441018
499.491	  441414
499.758	  441811
500.025	  442206
500.292	  442602
500.559	  442997
500.826	  443392
501.093	  443786
501.36	  444180
501.627	  444574
501.894	  444968
502.161	  445361
502.428	  445753
502.695	  446146
502.962	  446538
503.229	  446930
503.496	  447321
503.763	  447712
504.03	  448103
504.297	  448493
504.564	  448883
504.831	  449273
505.098	  449662
505.365	  450051
505.632	  450440
505.899	  450828
506.166	  451216
506.433	  451603
506.7	  451991
506.967	  452378
507.234	  452764
507.501	  453150
507.768	  453536
508.035	  453922
508.302	  454307
508.569	  454692
508.836	  455076
509.103	  455460
509.37	  455844
509.637	  456227
509.904	  456611
510.171	  456993
510.438	  457376
510.705	  457758
510.972	  458139
511.239	  458521
511.506	  458902
511.773	  459282
512.04	  459663
512.307	  460042
512.574	  460422
512.841	  460801
513.108	  461180
513.375	  461559
513.642	  461937
513.909	  462315
514.176	  462692
514.443	  463069
514.71	  463446
514.977	  463822
515.244	  464198
515.511	  464574
515.778	  464949
516.045	  465324
516.312	  465699
516.579	  466073
516.846	  466447
517.113	  466821
517.38	  467194
517.647	  467567
517.914	  467939
518.181	  468312
518.448	  468683
518.715	  469055
518.982	  469426
519.249	  469797
519.516	  470167
519.783	  470537
520.05	  470907
520.317	  471276
520.584	  471645
520.851	  472014
521.118	  472382
521.385	  472750
521.652	  473117
521.919	  473484
522.186	  473851
522.453	  474218
522.72	  474584
522.987	  474949
523.254	  475315
523.521	  475680
523.788	  476044
524.055	  476409
524.322	  476773
524.589	  477136
524.856	  477499
525.123	  477862
525.39	  478225
525.657	  478587
525.924	  478949
526.191	  479310
526.458	  479671
526.725	  480032
526.992	  480392
527.259	  480752
527.526	  481112
527.793	  481471
528.06	  481830
528.327	  482188
528.594	  482546
528.861	  482904
529.128	  483262
529.395	  483619
529.662	  483975
529.929	  484332
530.196	  484688
530.463	  485043
530.73	  485399
530.997	  485754
531.264	  486108
531.531	  486462
531.798	  486816
532.065	  487170
532.332	  487523
532.599	  487875
532.866	  488228
533.133	  488580
533.4	  488931
533.667	  489283
533.934	  489633
534.201	  489984
534.468	  490334
534.735	  490684
535.002	  491033
535.269	  491382
535.536	  491731
535.803	  492080
536.07	  492428
536.337	  492775
536.604	  493122
536.871	  493469
537.138	  493816
537.405	  494162
537.672	  494508
537.939	  494853
538.206	  495198
538.473	  495543
538.74	  495887
539.007	  496231
539.274	  496575
539.541	  496918
539.808	  497261
540.075	  497604
540.342	  497946
540.609	  498287
540.876	  498629
541.143	  498970
541.41	  499311
541.677	  499651
541.944	  499991
542.211	  500330
542.478	  500670
542.745	  501008
543.012	  501347
543.279	  501685
543.546	  502023
543.813	  502360
544.08	  502697
544.347	  503034
544.614	  503370
544.881	  503706
545.148	  504042
545.415	  504377
545.682	  504712
545.949	  505046
546.216	  505380
546.483	  505714
546.75	  506047
547.017	  506380
547.284	  506713
547.551	  507045
547.818	  507377
548.085	  507708
548.352	  508039
548.619	  508370
548.886	  508701
549.153	  509031
549.42	  509360
549.687	  509690
549.954	  510019
550.221	  510347
550.488	  510675
550.755	  511003
551.022	  511331
551.289	  511658
551.556	  511985
551.823	  512311
552.09	  512637
552.357	  512962
552.624	  513288
552.891	  513613
553.158	  513937
553.425	  514261
553.692	  514585
553.959	  514909
554.226	  515232
554.493	  515554
554.76	  515877
555.027	  516198
555.294	  516520
555.561	  516841
555.828	  517162
556.095	  517483
556.362	  517803
556.629	  518122
556.896	  518442
557.163	  518761
557.43	  519079
557.697	  519398
557.964	  519716
558.231	  520033
558.498	  520350
558.765	  520667
559.032	  520983
559.299	  521299
559.566	  521615
560.009	  522138
560.296	  522477
560.583	  522814
560.87	  523152
561.157	  523489
561.444	  523825
561.731	  524162
562.018	  524497
562.305	  524833
562.592	  525167
562.879	  525502
563.166	  525836
563.453	  526170
563.74	  526503
564.027	  526835
564.314	  527168
564.601	  527500
564.888	  527831
565.175	  528162
565.462	  528493
565.749	  528823
566.036	  529153
566.323	  529482
566.61	  529811
566.897	  530140
567.184	  530468
567.471	  530795
567.758	  531122
568.045	  531449
568.332	  531776
568.619	  532102
568.906	  532427
569.193	  532752
569.48	  533077
569.767	  533401
570.054	  533725
570.341	  534048
570.628	  534371
570.915	  534694
571.202	  535016
571.489	  535338
571.776	  535659
572.063	  535980
572.35	  536300
572.637	  536620
572.924	  536940
573.211	  537259
573.498	  537578
573.785	  537896
574.072	  538214
574.359	  538532
574.646	  538849
574.933	  539165
575.22	  539482
575.507	  539797
575.794	  540113
576.081	  540428
576.368	  540742
576.655	  541056
576.942	  541370
577.229	  541683
577.516	  541996
577.803	  542309
578.09	  542621
578.377	  542932
578.664	  543243
578.951	  543554
579.238	  543864
579.525	  544174
579.812	  544484
580.099	  544793
580.386	  545101
580.673	  545410
580.96	  545717
581.247	  546025
581.534	  546332
581.821	  546638
582.108	  546944
582.395	  547250
582.682	  547555
582.969	  547860
583.256	  548165
583.543	  548469
583.83	  548772
584.117	  549075
584.404	  549378
584.691	  549680
584.978	  549982
585.265	  550284
585.552	  550585
585.839	  550885
586.126	  551186
586.413	  551485
586.7	  551785
586.987	  552084
587.274	  552382
587.561	  552681
587.848	  552978
588.135	  553276
588.422	  553572
588.709	  553869
588.996	  554165
589.283	  554461
589.57	  554756
589.857	  555051
590.144	  555345
590.431	  555639
590.718	  555933
591.005	  556226
591.292	  556518
591.579	  556811
591.866	  557103
592.153	  557394
592.44	  557685
592.727	  557976
593.014	  558266
593.301	  558556
593.588	  558845
593.875	  559134
594.162	  559423
594.449	  559711
594.736	  559999
595.023	  560286
595.31	  560573
595.597	  560859
595.884	  561145
596.171	  561431
596.458	  561716
596.745	  562001
597.032	  562285
597.319	  562569
597.606	  562853
597.893	  563136
598.18	  563419
598.467	  563701
598.754	  563983
599.041	  564265
599.328	  564546
599.615	  564827
599.902	  565107
600.189	  565387
600.476	  565666
600.763	  565945
601.05	  566224
601.337	  566502
601.624	  566780
601.911	  567057
602.198	  567334
602.485	  567611
602.772	  567887
603.059	  568163
603.346	  568438
603.633	  568713
603.92	  568988
604.207	  569262
604.494	  569536
604.781	  569809
605.068	  570082
605.355	  570354
605.642	  570626
605.929	  570898
606.216	  571169
606.503	  571440
606.79	  571711
607.077	  571981
607.364	  572250
607.651	  572519
607.938	  572788
608.225	  573057
608.512	  573325
608.799	  573592
609.086	  573859
609.373	  574126
609.66	  574393
609.947	  574659
610.234	  574924
610.521	  575189
610.808	  575454
611.095	  575718
611.382	  575982
611.669	  576246
611.956	  576509
612.243	  576772
612.53	  577034
612.817	  577296
613.104	  577558
613.391	  577819
613.678	  578079
613.965	  578340
614.252	  578600
614.539	  578859
614.826	  579118
615.113	  579377
615.4	  579635
615.687	  579893
615.974	  580151
616.261	  580408
616.548	  580664
616.835	  580921
617.122	  581177
617.409	  581432
617.696	  581687
617.983	  581942
618.27	  582196
618.557	  582450
618.844	  582703
619.131	  582956
619.418	  583209
619.705	  583461
619.992	  583713
620.279	  583965
620.566	  584216
620.853	  584467
621.14	  584717
621.427	  584967
621.714	  585216
622.001	  585465
622.288	  585714
622.575	  585962
622.862	  586210
623.149	  586458
623.436	  586705
623.723	  586952
624.01	  587198
624.297	  587444
624.584	  587689
624.871	  587934
625.158	  588179
625.445	  588424
625.732	  588668
626.019	  588911
626.306	  589154
626.593	  589397
626.88	  589639
627.167	  589881
627.454	  590123
627.741	  590364
628.028	  590605
628.315	  590845
628.602	  591085
628.889	  591325
629.176	  591564
629.463	  591803
629.75	  592041
630.037	  592279
630.324	  592517
630.611	  592754
630.898	  592991
631.185	  593228
631.472	  593464
631.759	  593700
632.046	  593935
632.333	  594170
632.62	  594404
632.907	  594638
633.194	  594872
633.481	  595106
633.768	  595339
634.055	  595571
634.342	  595803
634.629	  596035
634.916	  596267
635.203	  596498
635.49	  596728
635.777	  596959
636.064	  597188
636.351	  597418
636.638	  597647
636.925	  597876
637.212	  598104
637.499	  598332
637.786	  598560
638.073	  598787
638.36	  599014
638.647	  599240
638.934	  599466
639.221	  599692
639.508	  599917
639.795	  600142
640.082	  600366
640.369	  600590
640.656	  600814
640.943	  601037
641.23	  601260
641.517	  601483
641.804	  601705
642.091	  601927
642.378	  602148
642.665	  602369
642.952	  602590
643.239	  602810
643.526	  603030
643.813	  603250
644.1	  603469
644.387	  603688
644.674	  603906
644.961	  604124
645.248	  604342
645.535	  604559
645.822	  604776
646.109	  604992
646.396	  605209
646.683	  605424
646.97	  605640
647.257	  605855
647.544	  606069
647.831	  606283
648.118	  606497
648.405	  606711
648.692	  606924
648.979	  607137
649.266	  607349
649.553	  607561
649.84	  607773
650.127	  607984
650.414	  608195
650.701	  608405
650.988	  608615
651.275	  608825
651.562	  609034
651.849	  609243
652.136	  609452
652.423	  609660
652.71	  609868
652.997	  610075
653.284	  610283
653.571	  610489
653.858	  610696
654.145	  610902
654.432	  611107
654.719	  611313
655.006	  611517
655.293	  611722
655.58	  611926
655.867	  612130
656.154	  612333
656.441	  612536
656.728	  612739
657.015	  612941
657.302	  613143
657.589	  613345
657.876	  613546
658.163	  613747
658.45	  613947
658.737	  614147
659.024	  614347
659.311	  614547
659.598	  614746
659.885	  614944
660.172	  615142
660.459	  615340
660.746	  615538
661.033	  615735
661.32	  615932
661.607	  616128
661.894	  616324
662.181	  616520
662.468	  616716
662.755	  616910
663.042	  617105
663.329	  617299
663.616	  617493
663.903	  617687
664.19	  617880
664.477	  618073
664.764	  618265
665.051	  618457
665.338	  618649
665.625	  618840
665.912	  619031
666.199	  619222
666.486	  619412
666.773	  619602
667.06	  619792
667.347	  619981
667.634	  620170
667.921	  620358
668.208	  620547
668.495	  620734
668.782	  620922
669.069	  621109
669.356	  621296
669.643	  621482
669.93	  621668
670.217	  621854
670.504	  622039
670.791	  622224
671.078	  622408
671.365	  622593
671.652	  622776
671.939	  622960
672.226	  623143
672.513	  623326
672.8	  623508
673.087	  623690
673.374	  623872
673.661	  624054
673.948	  624235
674.235	  624415
674.522	  624596
674.809	  624776
675.096	  624955
675.383	  625134
675.67	  625313
675.957	  625492
676.244	  625670
676.531	  625848
676.818	  626025
677.105	  626203
677.392	  626379
677.679	  626556
677.966	  626732
678.253	  626908
678.54	  627083
678.827	  627258
679.114	  627433
679.401	  627607
679.688	  627781
679.975	  627955
680.262	  628128
680.549	  628301
680.836	  628474
681.123	  628646
681.41	  628818
681.697	  628990
681.984	  629161
682.271	  629332
682.558	  629503
682.845	  629673
683.132	  629843
683.419	  630012
683.706	  630182
683.993	  630350
684.28	  630519
684.567	  630687
684.854	  630855
685.141	  631022
685.428	  631190
685.715	  631356
686.002	  631523
686.289	  631689
686.576	  631855
686.863	  632020
687.15	  632185
687.437	  632350
687.724	  632514
688.011	  632678
688.298	  632842
688.585	  633006
688.872	  633169
689.159	  633331
689.446	  633494
689.733	  633656
690.02	  633818
690.307	  633979
690.594	  634140
690.881	  634301
691.168	  634461
691.455	  634621
691.742	  634781
692.029	  634940
692.316	  635099
692.603	  635258
692.89	  635416
693.177	  635574
693.464	  635732
693.751	  635889
694.038	  636046
694.325	  636203
694.612	  636359
694.899	  636515
695.186	  636671
695.473	  636826
695.76	  636981
696.047	  637136
696.334	  637290
696.621	  637444
696.908	  637598
697.195	  637752
697.482	  637905
697.769	  638057
698.056	  638210
698.343	  638362
698.63	  638513
698.917	  638665
699.204	  638816
699.491	  638967
699.778	  639117
700.065	  639267
700.352	  639417
700.639	  639566
700.926	  639715
701.213	  639864
701.5	  640013
701.787	  640161
702.074	  640309
702.361	  640456
702.648	  640603
702.935	  640750
703.222	  640896
703.509	  641043
703.796	  641189
704.083	  641334
704.37	  641479
704.657	  641624
704.944	  641769
705.231	  641913
705.518	  642057
705.805	  642200
706.092	  642344
706.379	  642487
706.666	  642629
706.953	  642772
707.24	  642914
707.527	  643055
707.814	  643197
708.101	  643338
708.388	  643478
708.675	  643619
708.962	  643759
709.249	  643899
709.536	  644038
709.823	  644177
710.11	  644316
710.397	  644454
710.684	  644593
710.971	  644730
711.258	  644868
711.545	  645005
711.832	  645142
712.119	  645279
712.406	  645415
712.693	  645551
712.98	  645687
713.267	  645822
713.554	  645957
713.841	  646092
714.128	  646226
714.415	  646360
714.702	  646494
714.989	  646627
715.276	  646760
715.563	  646893
715.85	  647026
716.137	  647158
716.424	  647290
716.711	  647421
716.998	  647553
717.285	  647684
717.572	  647814
717.859	  647945
718.146	  648075
718.433	  648204
718.72	  648334
719.007	  648463
719.294	  648592
719.581	  648720
719.868	  648848
720.155	  648976
720.442	  649104
720.729	  649231
721.016	  649358
721.303	  649485
721.59	  649611
721.877	  649737
722.164	  649863
722.451	  649988
722.738	  650113
723.025	  650238
723.312	  650363
723.599	  650487
723.886	  650611
724.173	  650734
724.46	  650858
724.747	  650981
725.034	  651103
725.321	  651226
725.608	  651348
725.895	  651470
726.182	  651591
726.469	  651712
726.756	  651833
727.043	  651954
727.33	  652074
727.617	  652194
727.904	  652314
728.191	  652433
728.478	  652552
728.765	  652671
729.052	  652789
729.339	  652908
729.626	  653025
729.913	  653143
730.2	  653260
730.487	  653377
730.774	  653494
731.061	  653610
731.348	  653727
731.635	  653842
731.922	  653958
732.209	  654073
732.496	  654188
732.783	  654303
733.07	  654417
733.357	  654531
733.644	  654645
733.931	  654758
734.218	  654871
734.505	  654984
734.792	  655097
735.079	  655209
735.366	  655321
735.653	  655433
735.94	  655544
736.227	  655655
736.514	  655766
736.801	  655877
737.088	  655987
737.375	  656097
737.662	  656206
737.949	  656316
738.236	  656425
738.523	  656534
738.81	  656642
739.097	  656750
739.384	  656858
739.671	  656966
739.958	  657073
740.245	  657180
740.532	  657287
740.819	  657393
741.106	  657500
741.393	  657606
741.68	  657711
741.967	  657817
742.254	  657922
742.541	  658026
742.828	  658131
743.115	  658235
743.402	  658339
743.689	  658443
743.976	  658546
744.263	  658649
744.55	  658752
744.837	  658854
745.124	  658956
745.411	  659058
745.698	  659160
745.985	  659261
746.272	  659362
746.559	  659463
746.846	  659564
747.133	  659664
747.42	  659764
747.707	  659864
747.994	  659963
748.281	  660062
748.568	  660161
748.855	  660260
749.142	  660358
749.429	  660456
749.716	  660554
750.003	  660651
750.29	  660748
750.577	  660845
750.864	  660942
751.151	  661038
751.438	  661134
751.725	  661230
752.012	  661325
752.299	  661421
752.586	  661515
752.873	  661610
753.16	  661705
753.447	  661799
753.734	  661893
754.021	  661986
754.308	  662079
754.595	  662172
754.882	  662265
755.169	  662358
755.456	  662450
755.743	  662542
756.03	  662634
756.317	  662725
756.604	  662816
756.891	  662907
757.178	  662998
757.465	  663088
757.752	  663178
758.039	  663268
758.326	  663357
758.613	  663446
758.9	  663535
759.187	  663624
759.474	  663712
759.761	  663801
760.048	  663888
760.335	  663976
760.622	  664063
760.909	  664151
761.196	  664237
761.483	  664324
761.77	  664410
762.057	  664496
762.344	  664582
762.631	  664667
762.918	  664753
763.205	  664838
763.492	  664922
763.779	  665007
764.066	  665091
764.353	  665175
764.64	  665258
764.927	  665342
765.214	  665425
765.501	  665508
765.788	  665590
766.075	  665673
766.362	  665755
766.649	  665836
766.936	  665918
767.223	  665999
767.51	  666080
767.797	  666161
768.084	  666241
768.371	  666322
768.658	  666402
768.945	  666481
769.232	  666561
769.519	  666640
769.806	  666719
770.093	  666798
770.38	  666876
770.667	  666954
770.954	  667032
771.241	  667110
771.528	  667187
771.815	  667264
772.102	  667341
772.389	  667418
772.676	  667494
772.963	  667570
773.25	  667646
773.537	  667722
773.824	  667797
774.111	  667872
774.398	  667947
774.685	  668021
774.972	  668096
775.259	  668170
775.546	  668243
775.833	  668317
776.12	  668390
776.407	  668463
776.694	  668536
776.981	  668609
777.268	  668681
777.555	  668753
777.842	  668825
778.129	  668896
778.416	  668968
778.703	  669039
778.99	  669109
779.277	  669180
779.564	  669250
779.851	  669320
780.138	  669390
780.425	  669460
780.712	  669529
780.999	  669598
781.286	  669667
781.573	  669735
781.86	  669804
782.147	  669872
782.434	  669939
782.721	  670007
783.008	  670074
783.295	  670141
783.582	  670208
783.869	  670275
784.156	  670341
784.443	  670407
784.73	  670473
785.017	  670538
785.304	  670604
785.591	  670669
785.878	  670734
786.165	  670798
786.452	  670863
786.739	  670927
787.026	  670991
787.313	  671054
787.6	  671118
787.887	  671181
788.174	  671244
788.461	  671306
788.748	  671369
789.035	  671431
789.322	  671493
789.609	  671555
789.896	  671616
790.183	  671677
790.47	  671738
790.757	  671799
791.044	  671860
791.331	  671920
791.618	  671980
791.905	  672040
792.192	  672099
792.479	  672159
792.766	  672218
793.053	  672276
793.34	  672335
793.627	  672393
793.914	  672452
794.201	  672509
794.488	  672567
794.775	  672625
795.062	  672682
795.349	  672739
795.636	  672795
795.923	  672852
796.21	  672908
796.497	  672964
796.784	  673020
797.071	  673075
797.358	  673131
797.645	  673186
797.932	  673241
798.219	  673295
798.506	  673350
798.793	  673404
799.08	  673458
799.367	  673511
799.654	  673565
799.941	  673618
800.228	  673671
800.515	  673724
800.802	  673776
801.089	  673829
801.376	  673881
801.663	  673932
801.95	  673984
802.237	  674035
802.524	  674087
802.811	  674137
803.098	  674188
803.385	  674239
803.672	  674289
803.959	  674339
804.246	  674389
804.533	  674438
804.82	  674488
805.107	  674537
805.394	  674586
805.681	  674634
805.968	  674683
806.255	  674731
806.542	  674779
806.829	  674826
807.116	  674874
807.403	  674921
807.69	  674968
807.977	  675015
808.264	  675062
808.551	  675108
808.838	  675154
809.125	  675200
809.412	  675246
809.699	  675292
809.986	  675337
810.273	  675382
810.56	  675427
810.847	  675471
811.134	  675516
811.421	  675560
811.708	  675604
811.995	  675648
812.282	  675691
812.569	  675734
812.856	  675778
813.143	  675820
813.43	  675863
813.717	  675905
814.004	  675948
814.291	  675990
814.578	  676031
814.865	  676073
815.152	  676114
815.439	  676155
815.726	  676196
816.013	  676237
816.3	  676277
816.587	  676318
816.874	  676358
817.161	  676397
817.448	  676437
817.735	  676476
818.022	  676516
818.309	  676555
818.596	  676593
818.883	  676632
819.17	  676670
819.457	  676708
820.002	  676780
820.031	  676784
820.059	  676787
820.088	  676791
820.117	  676795
820.146	  676799
820.174	  676802
820.203	  676806
820.232	  676810
820.26	  676814
820.289	  676817
820.318	  676821
820.346	  676825
820.375	  676829
820.404	  676832
820.433	  676836
820.461	  676840
820.49	  676844
820.519	  676847
820.547	  676851
820.576	  676855
820.605	  676858
820.633	  188761
820.662	  188762
820.691	  188763
820.72	  188764
820.748	  188766
820.777	  188767
820.806	  188768
820.834	  188769
820.863	  188770
820.892	  188771
820.92	  188772
820.949	  188773
820.978	  188775
821.007	  188776
821.035	  188777
821.064	  188778
821.093	  188779
821.121	  188780
821.15	  188781
821.179	  188782
821.207	  188784
821.236	  188785
821.265	  188786
821.294	  188787
821.322	  188788
821.351	  188789
821.38	  188790
821.408	  188791
821.437	  188792
821.466	  188794
821.494	  188795
821.523	  188796
821.552	  188797
821.581	  188798
821.609	  188799
821.638	  188800
821.667	  188801
821.695	  188802
821.724	  188804
821.753	  188805
821.781	  188806
821.81	  188807
821.839	  188808
821.868	  188809
821.896	  188810
821.925	  188811
821.954	  188812
821.982	  188814
822.011	  188815
822.011	  188815
822.298	  188826
822.585	  188837
822.872	  188848
823.159	  188858
823.446	  188869
823.733	  188880
824.02	  188891
824.307	  188901
824.594	  188912
824.881	  188923
825.168	  188933
825.455	  188944
825.742	  188954
826.029	  188964
826.316	  188975
826.603	  188985
826.89	  188995
827.177	  189005
827.464	  189015
827.751	  189025
828.038	  189035
828.325	  189045
828.612	  189055
828.899	  189065
829.186	  189074
829.473	  189084
829.76	  189094
830.047	  189103
830.334	  189113
830.621	  189122
830.908	  189132
831.195	  189141
831.482	  189151
831.769	  189160
832.056	  189169
832.343	  189178
832.63	  189188
832.917	  189197
833.204	  189206
833.491	  189215
833.778	  189224
834.065	  189232
834.352	  189241
834.639	  189250
834.926	  189259
835.213	  189267
835.5	  189276
835.787	  189285
836.074	  189293
836.361	  189302
836.648	  189310
836.935	  189318
837.222	  189327
837.509	  189335
837.796	  189343
838.083	  189351
838.37	  189360
838.657	  189368
838.944	  189376
839.231	  189384
839.518	  189392
839.805	  189399
840.092	  189407
840.379	  189415
840.666	  189423
840.953	  189430
841.24	  189438
841.527	  189446
841.814	  189453
842.101	  189461
842.388	  189468
842.675	  189475
842.962	  189483
843.249	  189490
843.536	  189497
843.823	  189504
844.11	  189512
844.397	  189519
844.684	  189526
844.971	  189533
845.258	  189540
845.545	  189546
845.832	  189553
846.119	  189560
846.406	  189567
846.693	  189573
846.98	  189580
847.267	  189587
847.554	  189593
847.841	  189600
848.128	  189606
848.415	  189613
848.702	  189619
848.989	  189625
849.276	  189632
849.563	  189638
849.85	  189644
850.137	  189650
850.424	  189656
850.711	  189662
850.998	  189668
851.285	  189674
851.572	  189680
851.859	  189686
852.146	  189691
852.433	  189697
852.72	  189703
853.007	  189708
853.294	  189714
853.581	  189720
853.868	  189725
854.155	  189731
854.442	  189736
854.729	  189741
855.016	  189747
855.303	  189752
855.59	  189757
855.877	  189762
856.164	  189767
856.451	  189772
856.738	  189777
857.025	  189782
857.312	  189787
857.599	  189792
857.886	  189797
858.173	  189802
858.46	  189807
858.747	  189811
859.034	  189816
859.321	  189821
859.608	  189825
859.895	  189830
860.182	  189834
860.469	  189839
860.756	  189843
861.043	  189847
861.33	  189852
861.617	  189856
861.904	  189860
862.191	  189864
862.478	  189868
862.765	  189872
863.052	  189876
863.339	  189880
863.626	  189884
863.913	  189888
864.2	  189892
864.487	  189896
864.774	  189900
865.061	  189903
865.348	  189907
865.635	  189911
865.922	  189914
866.209	  189918
866.496	  189921
866.783	  189925
867.07	  189928
867.357	  189931
867.644	  189935
867.931	  189938
868.218	  189941
868.505	  189944
868.792	  189947
869.079	  189950
869.366	  189953
869.653	  189956
869.94	  189959
870.227	  189962
870.514	  189965
870.801	  189968
871.088	  189971
871.375	  189973
871.662	  189976
871.949	  189979
872.236	  189981
872.523	  189984
872.81	  189986
873.097	  189989
873.384	  189991
873.671	  189994
873.958	  189996
874.245	  189998
874.532	  190001
874.819	  190003
875.106	  190005
875.393	  190007
875.68	  190009
875.967	  190011
876.254	  190013
876.541	  190015
876.828	  190017
877.115	  190019
877.402	  190021
877.689	  190023
877.976	  190024
878.263	  190026
878.55	  190028
878.837	  190029
879.124	  190031
879.411	  190032
879.698	  190034
879.985	  190035
880.272	  190037
880.559	  190038
880.846	  190039
881.133	  190041
881.42	  190042
881.707	  190043
881.994	  190044
882.281	  190045
882.568	  190046
882.855	  190047
883.142	  190048
883.429	  190049
883.716	  190050
884.003	  190051
884.29	  190052
884.577	  190053
884.864	  190053
885.151	  190054
885.438	  190055
885.725	  190055
886.012	  190056
886.299	  190056
886.586	  190057
886.873	  190057
887.16	  190058
887.447	  190058
887.734	  190058
888.021	  190059
888.308	  190059
888.595	  190059
888.882	  190059
889.169	  190059
889.456	  190060
889.743	  190060
890.03	  190060
890.317	  190060
890.604	  190060
890.891	  190059
891.178	  190059
891.465	  190059
891.752	  190059
892.039	  190059
892.326	  190058
892.613	  190058
892.9	  190057
893.187	  190057
893.474	  190057
893.761	  190056
894.048	  190055
894.335	  190055
894.622	  190054
894.909	  190054
895.196	  190053
895.483	  190052
895.77	  190051
896.057	  190050
896.344	  190050
896.631	  190049
896.918	  190048
897.205	  190047
897.492	  190046
897.779	  190045
898.066	  190044
898.353	  190042
898.64	  190041
898.927	  190040
899.214	  190039
899.501	  190037
899.788	  190036
900.075	  190035
900.362	  190033
900.649	  190032
900.936	  190030
901.223	  190029
901.51	  190027
901.797	  190026
902.084	  190024
902.371	  190022
902.658	  190021
902.945	  190019
903.232	  190017
903.519	  190015
903.806	  190013
904.093	  190012
904.38	  190010
904.667	  190008
904.954	  190006
905.241	  190004
905.528	  190001
905.815	  189999
906.102	  189997
906.389	  189995
906.676	  189993
906.963	  189990
907.25	  189988
907.537	  189986
907.824	  189983
908.111	  189981
908.398	  189978
908.685	  189976
908.972	  189973
909.259	  189971
909.546	  189968
909.833	  189965
910.12	  189963
910.407	  189960
910.694	  189957
910.981	  189955
911.268	  189952
911.555	  189949
911.842	  189946
912.129	  189943
912.416	  189940
912.703	  189937
912.99	  189934
913.277	  189931
913.564	  189928
913.851	  189925
914.138	  189921
914.425	  189918
914.712	  189915
914.999	  189911
915.286	  189908
915.573	  189905
915.86	  189901
916.147	  189898
916.434	  189894
916.721	  189891
917.008	  189887
917.295	  189884
917.582	  189880
917.869	  189876
918.156	  189873
918.443	  189869
918.73	  189865
919.017	  189861
919.304	  189858
919.591	  189854
919.878	  189850
920.165	  189846
920.452	  189842
920.739	  189838
921.026	  189834
921.313	  189830
921.6	  189826
921.887	  189821
922.174	  189817
922.461	  189813
922.748	  189809
923.035	  189804
923.322	  189800
923.609	  189796
923.896	  189791
924.183	  189787
924.47	  189782
924.757	  189778
925.044	  189773
925.331	  189769
925.618	  189764
925.905	  189760
926.192	  189755
926.479	  189750
926.766	  189745
927.053	  189741
927.34	  189736
927.627	  189731
927.914	  189726
928.201	  189721
928.488	  189716
928.775	  189711
929.062	  189706
929.349	  189701
929.636	  189696
929.923	  189691
930.21	  189686
930.497	  189681
930.784	  189675
931.071	  189670
931.358	  189665
931.645	  189660
931.932	  189654
932.219	  189649
932.506	  189643
932.793	  189638
933.08	  189633
933.367	  189627
933.654	  189621
933.941	  189616
934.228	  189610
934.515	  189605
934.802	  189599
935.089	  189593
935.376	  189588
935.663	  189582
935.95	  189576
936.237	  189570
936.524	  189564
936.811	  189558
937.098	  189552
937.385	  189546
937.672	  189540
937.959	  189534
938.246	  189528
938.533	  189522
938.82	  189516
939.107	  189510
939.394	  189504
939.681	  189497
939.968	  189491
940.255	  189485
940.542	  189479
940.829	  189472
941.116	  189466
941.403	  189459
941.69	  189453
941.977	  189446
942.264	  189440
942.551	  189433
942.838	  189427
943.125	  189420
943.412	  189414
943.699	  189407
943.986	  189400
944.273	  189393
944.56	  189387
944.847	  189380
945.134	  189373
945.421	  189366
945.708	  189359
945.995	  189352
946.282	  189345
946.569	  189338
946.856	  189331
947.143	  189324
947.43	  189317
947.717	  189310
948.004	  189303
948.291	  189296
948.578	  189289
948.865	  189281
949.152	  189274
949.439	  189267
949.726	  189259
950.013	  189252
950.3	  189245
950.587	  189237
950.874	  189230
951.161	  189222
951.448	  189215
951.735	  189207
952.022	  189200
952.309	  189192
952.596	  189184
952.883	  189177
953.17	  189169
953.457	  189161
953.744	  189154
954.031	  189146
954.318	  189138
954.605	  189130
954.892	  189122
955.179	  189114
955.466	  189107
955.753	  189099
956.04	  189091
956.327	  189083
956.614	  189074
956.901	  189066
957.188	  189058
957.475	  189050
957.762	  189042
958.049	  189034
958.336	  189026
958.623	  189017
958.91	  189009
959.197	  189001
959.484	  188992
959.771	  188984
960.058	  188976
960.345	  188967
960.632	  188959
960.919	  188950
961.206	  188942
961.493	  188933
961.78	  188925
962.067	  188916
962.354	  188907
962.641	  188899
962.928	  188890
963.215	  188881
963.502	  188873
963.789	  188864
964.076	  188855
964.363	  188846
964.65	  188837
964.937	  188828
965.224	  188819
965.511	  188810
965.798	  188801
966.085	  188792
966.372	  188783
966.659	  188774
966.946	  188765
967.233	  188756
967.52	  188747
967.807	  188738
968.094	  188729
968.381	  188719
968.668	  188710
968.955	  188701
969.242	  188692
969.529	  188682
969.816	  188673
970.103	  188663
970.39	  188654
970.677	  188645
970.964	  188635
971.251	  188626
971.538	  188616
971.825	  188606
972.112	  188597
972.399	  188587
972.686	  188578
972.973	  188568
973.26	  188558
973.547	  188549
973.834	  188539
974.121	  188529
974.408	  188519
974.695	  188509
974.982	  188499
975.269	  188490
975.556	  188480
975.843	  188470
976.13	  188460
976.417	  188450
976.704	  188440
976.991	  188430
977.278	  188420
977.565	  188409
977.852	  188399
978.139	  188389
978.426	  188379
978.713	  188369
979	  188359
979.287	  188348
979.574	  188338
979.861	  188328
980.148	  188317
980.435	  188307
980.722	  188297
981.009	  188286
981.296	  188276
981.583	  188265
981.87	  188255
982.157	  188244
982.444	  188234
982.731	  188223
983.018	  188212
983.305	  188202
983.592	  188191
983.879	  188180
984.166	  188170
984.453	  188159
984.74	  188148
985.027	  188137
985.314	  188127
985.601	  188116
985.888	  188105
986.175	  188094
986.462	  188083
986.749	  188072
987.036	  188061
987.323	  188050
987.61	  188039
987.897	  188028
988.184	  188017
988.471	  188006
988.758	  187995
989.045	  187984
989.332	  187973
989.619	  187961
989.906	  187950
990.193	  187939
990.48	  187928
990.767	  187916
991.054	  187905
991.341	  187894
991.628	  187882
991.915	  187871
992.202	  187859
992.489	  187848
992.776	  187837
993.063	  187825
993.35	  187813
993.637	  187802
993.924	  187790
994.211	  187779
994.498	  187767
994.785	  187756
995.072	  187744
995.359	  187732
995.646	  187720
995.933	  187709
996.22	  187697
996.507	  187685
996.794	  187673
997.081	  187661
997.368	  187650
997.655	  187638
997.942	  187626
998.229	  187614
998.516	  187602
998.803	  187590
999.09	  187578
999.377	  187566
999.664	  187554
999.951	  187542
1000.24	  187530
1000.52	  187518
1000.81	  187505
1001.1	  187493
1001.39	  187481
1001.67	  187469
1001.96	  187456
1002.25	  187444
1002.53	  187432
1002.82	  187420
1003.11	  187407
1003.39	  187395
1003.68	  187383
1003.97	  187370
1004.26	  187358
1004.54	  187345
1004.83	  187333
1005.12	  187320
1005.4	  187308
1005.69	  187295
1005.98	  187283
1006.26	  187270
1006.55	  187257
1006.84	  187245
1007.13	  187232
1007.41	  187219
1007.7	  187207
1007.99	  187194
1008.27	  187181
1008.56	  187168
1008.85	  187156
1009.13	  187143
1009.42	  187130
1009.71	  187117
1010	  187104
1010.28	  187091
1010.57	  187078
1010.86	  187065
1011.14	  187052
1011.43	  187039
1011.72	  187026
1012	  187013
1012.29	  187000
1012.58	  186987
1012.87	  186974
1013.15	  186961
1013.44	  186947
1013.73	  186934
1014.01	  186921
1014.3	  186908
1014.59	  186895
1014.88	  186881
1015.16	  186868
1015.45	  186855
1015.74	  186841
1016.02	  186828
1016.31	  186815
1016.6	  186801
1016.88	  186788
1017.17	  186774
1017.46	  186761
1017.75	  186747
1018.03	  186734
1018.32	  186720
1018.61	  186707
1018.89	  186693
1019.18	  186679
1019.47	  186666
1019.98	  186642
1021.08	  186589
1022.17	  186536
1023.27	  186483
1024.38	  186429
1025.47	  186376
1026.58	  186321
1027.67	  186267
1028.78	  186212
1029.88	  186157
1030.97	  186102
1032.08	  186046
1033.17	  185990
1034.28	  185934
1035.38	  185877
1036.47	  185820
1037.58	  185763
1038.67	  185706
1039.78	  185648
1040.88	  185590
1041.97	  185532
1043.08	  185473
1044.17	  185414
1045.28	  185355
1046.38	  185296
1047.47	  185236
1048.58	  185176
1049.67	  185116
1050.78	  185055
1051.88	  184995
1052.97	  184934
1054.08	  184872
1055.17	  184811
1056.28	  184749
1057.38	  184687
1058.47	  184624
1059.58	  184562
1060.67	  184499
1061.78	  184436
1062.88	  184372
1063.97	  184309
1065.08	  184245
1066.17	  184181
1067.28	  184116
1068.38	  184052
1069.47	  183987
1070.58	  183922
1071.67	  183856
1072.78	  183791
1073.88	  183725
1074.97	  183659
1076.08	  183592
1077.17	  183526
1078.28	  183459
1079.38	  183392
1080.47	  183325
1081.58	  183257
1082.67	  183189
1083.78	  183122
1084.88	  183053
1085.97	  182985
1087.08	  182916
1088.17	  182848
1089.28	  182778
1090.38	  182709
1091.47	  182640
1092.58	  182570
1093.67	  182500
1094.78	  182430
1095.88	  182360
1096.97	  182289
1098.08	  182218
1099.17	  182147
1100.28	  182076
1101.38	  182005
1102.47	  181933
1103.58	  181861
1104.67	  181789
1105.78	  181717
1106.88	  181645
1107.97	  181572
1109.08	  181500
1110.17	  181427
1111.28	  181353
1112.38	  181280
1113.47	  181207
1114.58	  181133
1115.67	  181059
1116.78	  180985
1117.88	  180910
1118.97	  180836
1120.08	  180761
1121.17	  180686
1122.28	  180611
1123.38	  180536
1124.47	  180461
1125.58	  180385
1126.67	  180310
1127.78	  180234
1128.88	  180158
1129.97	  180081
1131.08	  180005
1132.17	  179928
1133.28	  179852
1134.38	  179775
1135.47	  179697
1136.58	  179620
1137.67	  179543
1138.78	  179465
1139.88	  179387
1140.97	  179310
1142.08	  179231
1143.17	  179153
1144.28	  179075
1145.38	  178996
1146.47	  178918
1147.58	  178839
1148.67	  178760
1149.78	  178681
1150.88	  178601
1151.97	  178522
1153.08	  178442
1154.17	  178362
1155.28	  178282
1156.38	  178202
1157.47	  178122
1158.58	  178042
1159.67	  177961
1160.78	  177881
1161.88	  177800
1162.97	  177719
1164.08	  177638
1165.17	  177557
1166.28	  177475
1167.38	  177394
1168.47	  177312
1169.58	  177231
1170.67	  177149
1171.78	  177067
1172.88	  176985
1173.97	  176902
1175.08	  176820
1176.17	  176738
1177.28	  176655
1178.38	  176572
1179.47	  176489
1180.58	  176406
1181.67	  176323
1182.78	  176240
1183.88	  176156
1184.97	  176073
1186.08	  175989
1187.17	  175906
1188.28	  175822
1189.38	  175738
1190.47	  175654
1191.58	  175569
1192.67	  175485
1193.78	  175401
1194.88	  175316
1195.97	  175231
1197.08	  175147
1198.17	  175062
1199.28	  174977
1200.38	  174892
1201.47	  174807
1202.58	  174721
1203.67	  174636
1204.78	  174550
1205.88	  174465
1206.97	  174379
1208.08	  174293
1209.17	  174207
1210.28	  174121
1211.38	  174035
1212.47	  173949
1213.58	  173863
1214.67	  173776
1215.78	  173690
1216.88	  173603
1217.97	  173516
1219.08	  173430
1220.17	  173343
1221.28	  173256
1222.38	  173169
1223.47	  173081
1224.58	  172994
1225.67	  172907
1226.78	  172819
1227.88	  172732
1228.97	  172644
1230.08	  172557
1231.17	  172469
1232.28	  172381
1233.38	  172293
1234.47	  172205
1235.58	  172117
1236.67	  172029
1237.78	  171940
1238.88	  171852
1239.97	  171764
1241.08	  171675
1242.17	  171587
1243.28	  171498
1244.38	  171409
1245.47	  171320
1246.58	  171232
1247.67	  171143
1248.78	  171054
1249.88	  170964
1250.97	  170875
1252.08	  170786
1253.17	  170697
1254.28	  170607
1255.38	  170518
1256.47	  170428
1257.58	  170339
1258.67	  170249
1259.78	  170159
1260.88	  170070
1261.97	  169980
1263.08	  169890
1264.17	  169800
1265.28	  169710
1266.38	  169620
1267.47	  169529
1268.58	  169439
1269.67	  169349
1270.78	  169259
1271.88	  169168
1272.97	  169078
1274.08	  168987
1275.17	  168897
1276.28	  168806
1277.38	  168715
1278.47	  168625
1279.58	  168534
1280.67	  168443
1281.78	  168352
1282.88	  168261
1283.97	  168170
1285.08	  168079
1286.17	  167988
1287.28	  167897
1288.38	  167805
1289.47	  167714
1290.58	  167623
1291.67	  167531
1292.78	  167440
1293.88	  167349
1294.97	  167257
1296.08	  167165
1297.17	  167074
1298.28	  166982
1299.38	  166891
1300.47	  166799
1301.58	  166707
1302.67	  166615
1303.78	  166523
1304.88	  166431
1305.97	  166339
1307.08	  166248
1308.17	  166155
1309.28	  166063
1310.38	  165971
1311.47	  165879
1312.58	  165787
1313.67	  165695
1314.78	  165603
1315.88	  165510
1316.97	  165418
1318.08	  165326
1319.17	  165233
1320.28	  165141
1321.38	  165048
1322.47	  164956
1323.58	  164863
1324.67	  164771
1325.78	  164678
1326.88	  164586
1327.97	  164493
1329.08	  164400
1330.17	  164308
1331.28	  164215
1332.38	  164122
1333.47	  164029
1334.58	  163936
1335.67	  163844
1336.78	  163751
1337.88	  163658
1338.97	  163565
1340.08	  163472
1341.17	  163379
1342.28	  163286
1343.38	  163193
1344.47	  163100
1345.58	  163007
1346.67	  162914
1347.78	  162821
1348.88	  162728
1349.97	  162634
1351.08	  162541
1352.17	  162448
1353.28	  162355
1354.38	  162262
1355.47	  162168
1356.58	  162075
1357.67	  161982
1358.78	  161889
1359.88	  161795
1360.97	  161702
1362.08	  161609
1363.17	  161515
1364.28	  161422
1365.38	  161329
1366.47	  161235
1367.58	  161142
1368.67	  161048
1369.78	  160955
1370.88	  160861
1371.97	  160768
1373.08	  160674
1374.17	  160581
1375.28	  160487
1376.38	  160394
1377.47	  160300
1378.58	  160207
1379.67	  160113
1380.78	  160020
1381.88	  159926
1382.97	  159833
1384.08	  159739
1385.17	  159646
1386.28	  159552
1387.38	  159458
1388.47	  159365
1389.58	  159271
1390.67	  159178
1391.78	  159084
1392.88	  158990
1393.97	  158897
1395.08	  158803
1396.17	  158709
1397.28	  158616
1398.38	  158522
1399.47	  158429
1400.58	  158335
1401.67	  158241
1402.78	  158148
1403.88	  158054
1404.97	  157960
1406.08	  157867
1407.17	  157773
1408.28	  157679
1409.38	  157586
1410.47	  157492
1411.58	  157398
1412.67	  157305
1413.78	  157211
1414.88	  157118
1415.97	  157024
1417.08	  156930
1418.17	  156837
1419.28	  156743
1420.38	  156649
1421.47	  156556
1422.58	  156462
1423.67	  156369
1424.78	  156275
1425.88	  156181
1426.97	  156088
1428.08	  155994
1429.17	  155901
1430.28	  155807
1431.38	  155714
1432.47	  155620
1433.58	  155526
1434.67	  155433
1435.78	  155339
1436.88	  155246
1437.97	  155152
1439.08	  155059
1440.17	  154965
1441.28	  154872
1442.38	  154778
1443.47	  154685
1444.58	  154592
1445.67	  154498
1446.78	  154405
1447.88	  154311
1448.97	  154218
1450.08	  154125
1451.17	  154031
1452.28	  153938
1453.38	  153844
1454.47	  153751
1455.58	  153658
1456.67	  153565
1457.78	  153471
1458.88	  87291
1459.97	  87240.3
1461.08	  87189.6
1462.17	  87138.9
1463.28	  87088.3
1464.38	  87037.6
1465.47	  86986.9
1466.58	  86936.3
1467.67	  86885.7
1468.78	  86835.1
1469.88	  86784.5
1470.97	  86733.9
1472.08	  86683.3
1473.17	  86632.8
1474.28	  86582.2
1475.38	  86531.7
1476.47	  86481.2
1477.58	  86430.7
1478.67	  86380.2
1479.78	  86329.7
1480.88	  86279.3
1481.97	  86228.8
1483.08	  86178.4
1484.17	  86128
1485.28	  86077.6
1486.38	  86027.2
1487.47	  85976.8
1488.58	  85926.5
1489.67	  85876.2
1490.78	  85825.9
1491.88	  85775.5
1492.97	  85725.3
1494.08	  85675
1495.17	  85624.7
1496.28	  85574.5
1497.38	  85524.3
1498.47	  85474.1
1499.58	  85423.9
1500.67	  85373.7
1501.78	  85323.6
1502.88	  85273.4
1503.97	  85223.3
1505.08	  85173.2
1506.17	  85123.2
1507.28	  85073.1
1508.38	  85023
1509.47	  84973
1510.58	  84923
1511.67	  84873
1512.78	  84823
1513.88	  84773.1
1514.97	  84723.1
1516.08	  84673.2
1517.17	  84623.3
1518.28	  84573.5
1519.38	  84523.6
1520.47	  84473.8
1521.58	  84423.9
1522.67	  84374.1
1523.78	  84324.3
1524.88	  84274.6
1525.97	  84224.8
1527.08	  84175.1
1528.17	  84125.4
1529.28	  84075.7
1530.38	  84026.1
1531.47	  83976.4
1532.58	  83926.8
1533.67	  83877.2
1534.78	  83827.6
1535.88	  83778
1536.97	  83728.5
1538.08	  83679
1539.17	  83629.5
1540.28	  83580
1541.38	  83530.6
1542.47	  83481.1
1543.58	  83431.7
1544.67	  83382.3
1545.78	  83332.9
1546.88	  83283.6
1547.97	  83234.3
1549.08	  83185
1550.17	  83135.7
1551.28	  83086.4
1552.38	  83037.2
1553.47	  82988
1554.58	  82938.8
1555.67	  82889.6
1556.78	  82840.5
1557.88	  82791.4
1558.97	  82742.3
1560.08	  82693.2
1561.17	  82644.1
1562.28	  82595.1
1563.38	  82546.1
1564.47	  82497.1
1565.58	  82448.1
1566.67	  82399.2
1567.78	  82350.3
1568.88	  82301.4
1569.97	  82252.6
1571.08	  82203.7
1572.17	  82154.9
1573.28	  82106.1
1574.38	  82057.4
1575.47	  82008.6
1576.58	  81959.9
1577.67	  81911.2
1578.78	  81862.6
1579.88	  81813.9
1580.97	  81765.3
1582.08	  81716.7
1583.17	  81668.2
1584.28	  81619.6
1585.38	  81571.1
1586.47	  81522.6
1587.58	  81474.2
1588.67	  81425.8
1589.78	  81377.4
1590.88	  81329
1591.97	  81280.6
1593.08	  81232.3
1594.17	  81184
1595.28	  81135.8
1596.38	  81087.5
1597.47	  81039.3
1598.58	  80991.1
1599.67	  80943
1600.78	  80894.9
1601.88	  80846.8
1602.97	  80798.7
1604.08	  80750.6
1605.17	  80702.6
1606.28	  80654.7
1607.38	  80606.7
1608.47	  80558.8
1609.58	  80510.9
1610.67	  80463
1611.78	  80415.2
1612.88	  80367.4
1613.97	  80319.6
1615.08	  80271.9
1616.17	  80224.2
1617.28	  80176.5
1618.38	  80128.9
1619.47	  80081.3
1620.58	  80033.7
1621.67	  79986.2
1622.78	  79938.7
1623.88	  79891.2
1624.97	  79843.8
1626.08	  79796.4
1627.17	  79749
1628.28	  79701.7
1629.38	  79654.4
1630.47	  79607.1
1631.58	  79559.9
1632.67	  79512.8
1633.78	  79465.6
1634.88	  79418.5
1635.97	  79371.5
1637.08	  79324.5
1638.17	  79277.6
1639.28	  79230.7
1640.38	  79183.9
1641.47	  79137.1
1642.58	  79090.5
1643.67	  79043.9
1644.78	  78997.4
1645.88	  78950.8
1646.97	  78904.3
1648.08	  78857.8
1649.17	  78811.3
1650.28	  78764.8
1651.38	  78718.4
1652.47	  78671.9
1653.58	  78625.5
1654.67	  78579.1
1655.78	  78532.7
1656.88	  78486.3
1657.97	  78439.9
1659.08	  78393.6
1660.17	  78347.2
1661.28	  78300.9
1662.38	  78254.6
1663.47	  78208.4
1664.58	  78162.1
1665.67	  78115.8
1666.78	  78069.6
1667.88	  78023.4
1668.97	  77977.2
1670.08	  77931
1671.17	  77884.9
1672.28	  77838.7
1673.38	  77792.6
1674.47	  77746.5
1675.58	  77700.4
1676.67	  77654.3
1677.78	  77608.2
1678.88	  77562.2
1679.97	  77516.2
1681.08	  77470.2
1682.17	  77424.2
1683.28	  77378.2
1684.38	  77332.3
1685.47	  77286.3
1686.58	  77240.4
1687.67	  77194.5
1688.78	  77148.7
1689.88	  77102.8
1690.97	  77057
1692.08	  77011.1
1693.17	  76965.3
1694.28	  76919.5
1695.38	  76873.8
1696.47	  76828
1697.58	  76782.3
1698.67	  76736.6
1699.78	  76690.9
1700.88	  76645.2
1701.97	  76599.6
1703.08	  76553.9
1704.17	  76508.3
1705.28	  76462.7
1706.38	  76417.1
1707.47	  76371.6
1708.58	  76326
1709.67	  76280.5
1710.78	  76235
1711.88	  76189.5
1712.97	  76144.1
1714.08	  76098.6
1715.17	  76053.2
1716.28	  76007.8
1717.38	  75962.4
1718.47	  75917.1
1719.58	  75871.7
1720.67	  75826.4
1721.78	  75781.1
1722.88	  75735.8
1723.97	  75690.5
1725.08	  75645.3
1726.17	  75600.1
1727.28	  75554.9
1728.38	  75509.7
1729.47	  75464.5
1730.58	  75419.4
1731.67	  75374.3
1732.78	  75329.2
1733.88	  75284.1
1734.97	  75239
1736.08	  75194
1737.17	  75148.9
1738.28	  75103.9
1739.38	  75059
1740.47	  75014
1741.58	  74969.1
1742.67	  74924.1
1743.78	  74879.3
1744.88	  74834.4
1745.97	  74789.5
1747.08	  74744.7
1748.17	  74699.9
1749.28	  74655.1
1750.38	  74610.3
1751.47	  74565.6
1752.58	  74520.8
1753.67	  74476.1
1754.78	  74431.4
1755.88	  74386.8
1756.97	  74342.1
1758.08	  74297.5
1759.17	  74252.9
1760.28	  74208.3
1761.38	  74163.8
1762.47	  74119.2
1763.58	  74074.7
1764.67	  74030.2
1765.78	  73985.7
1766.88	  73941.3
1767.97	  73896.9
1769.08	  73852.4
1770.17	  73808.1
1771.28	  73763.7
1772.38	  73719.3
1773.47	  73675
1774.58	  73630.7
1775.67	  73586.5
1776.78	  73542.2
1777.88	  73498
1778.97	  73453.8
1780.08	  73409.6
1781.17	  73365.4
1782.28	  73321.2
1783.38	  73277.1
1784.47	  73233
1785.58	  73188.9
1786.67	  73144.9
1787.78	  73100.9
1788.88	  73056.8
1789.97	  73012.9
1791.08	  72968.9
1792.17	  72924.9
1793.28	  72881
1794.38	  72837.1
1795.47	  72793.2
1796.58	  72749.4
1797.67	  72705.6
1798.78	  72661.7
1799.88	  72618
1800.97	  72574.2
1802.08	  72530.5
1803.17	  72486.7
1804.28	  72443
1805.38	  72399.4
1806.47	  72355.7
1807.58	  72312.1
1808.67	  72268.5
1809.78	  72224.9
1810.88	  72181.3
1811.97	  72137.8
1813.08	  72094.3
1814.17	  72050.8
1815.28	  72007.3
1816.38	  71963.9
1817.47	  71920.5
1818.58	  71877.1
1819.67	  71833.7
1820.78	  71790.3
1821.88	  71747
1822.97	  71703.7
1824.08	  71660.4
1825.17	  71617.2
1826.28	  71573.9
1827.38	  71530.7
1828.47	  71487.5
1829.58	  71444.3
1830.67	  71401.2
1831.78	  71358.1
1832.88	  71315
1833.97	  71271.9
1835.08	  71228.9
1836.17	  71185.8
1837.28	  71142.8
1838.38	  71099.9
1839.47	  71056.9
1840.58	  71014
1841.67	  70971.1
1842.78	  70928.2
1843.88	  70885.3
1844.97	  70842.5
1846.08	  70799.7
1847.17	  70756.9
1848.28	  70714.1
1849.38	  70671.4
1850.47	  70628.6
1851.58	  70586
1852.67	  70543.3
1853.78	  70500.6
1854.88	  70458
1855.97	  70415.4
1857.08	  70372.8
1858.17	  70330.3
1859.28	  70287.8
1860.38	  70245.2
1861.47	  70202.8
1862.58	  70160.3
1863.67	  70117.9
1864.78	  70075.5
1865.88	  70033.1
1866.97	  69990.7
1868.08	  69948.4
1869.17	  69906.1
1870.28	  69863.8
1871.38	  69821.5
1872.47	  69779.3
1873.58	  69737.1
1874.67	  69694.9
1875.78	  69652.7
1876.88	  69610.6
1877.97	  69568.4
1879.08	  69526.3
1880.17	  69484.3
1881.28	  69442.2
1882.38	  69400.2
1883.47	  69358.2
1884.58	  69316.2
1885.67	  69274.3
1886.78	  69232.4
1887.88	  69190.5
1888.97	  69148.6
1890.08	  69106.7
1891.17	  69064.9
1892.28	  69023.1
1893.38	  68981.3
1894.47	  68939.6
1895.58	  68897.8
1896.67	  68856.1
1897.78	  68814.4
1898.88	  68772.8
1899.97	  68731.2
1901.08	  68689.5
1902.17	  68648
1903.28	  68606.4
1904.38	  68564.9
1905.47	  68523.4
1906.58	  68481.9
1907.67	  68440.4
1908.78	  68399
1909.88	  68357.6
1910.97	  68316.2
1912.08	  68274.8
1913.17	  68233.5
1914.28	  68192.2
1915.38	  68150.9
1916.47	  68109.6
1917.58	  68068.4
1918.67	  68027.2
1919.78	  67986
1920.88	  67944.8
1921.97	  67903.7
1923.08	  67862.6
1924.17	  67821.5
1925.28	  67780.4
1926.38	  67739.4
1927.47	  67698.3
1928.58	  67657.3
1929.67	  67616.4
1930.78	  67575.4
1931.88	  67534.5
1932.97	  67493.6
1934.08	  67452.8
1935.17	  67411.9
1936.28	  67371.1
1937.38	  67330.3
1938.47	  67289.5
1939.58	  67248.8
1940.67	  67208.1
1941.78	  67167.4
1942.88	  67126.7
1943.97	  67086.1
1945.08	  67045.4
1946.17	  67004.8
1947.28	  66964.3
1948.38	  66923.7
1949.47	  66883.2
1950.58	  66842.7
1951.67	  66802.2
1952.78	  66761.8
1953.88	  66721.4
1954.97	  66681
1956.08	  66640.6
1957.17	  66600.3
1958.28	  66559.9
1959.38	  66519.7
1960.47	  66479.4
1961.58	  66439.1
1962.67	  66398.9
1963.78	  66358.7
1964.88	  66318.5
1965.97	  66278.4
1967.08	  66238.3
1968.17	  66198.2
1969.28	  66158.1
1970.38	  66118.1
1971.47	  66078
1972.58	  66038.1
1973.67	  65998.1
1974.78	  65958.1
1975.88	  65918.2
1976.97	  65878.3
1978.08	  65838.4
1979.17	  65798.6
1980.28	  65758.8
1981.38	  65719
1982.47	  65679.2
1983.58	  65639.5
1984.67	  65599.8
1985.78	  65560.1
1986.88	  65520.4
1987.97	  65480.7
1989.08	  65441.1
1990.17	  65401.5
1991.28	  65362
1992.38	  65322.4
1993.47	  65282.9
1994.58	  65243.4
1995.67	  65203.9
1996.78	  65164.5
1997.88	  65125.1
1998.97	  65085.7
2000.08	  65046.3
2001.17	  65007
2002.28	  64967.6
2003.38	  64928.3
2004.47	  64889.1
2005.58	  64849.8
2006.67	  64810.6
2007.78	  64771.4
2008.88	  64732.3
2009.97	  64693.1
2011.08	  64654
2012.17	  64614.9
2013.28	  64575.8
2014.38	  64536.8
2015.47	  64497.8
2016.58	  64458.8
2017.67	  64419.8
2018.78	  64380.9
2019.88	  64342
2020.97	  64303.1
2022.08	  64264.2
2023.18	  64225.3
2024.28	  64186.5
2025.38	  64147.7
2026.47	  64109
2027.58	  64070.2
2028.68	  64031.5
2029.78	  63992.8
2030.88	  63954.2
2031.97	  63915.5
2033.08	  63876.9
2034.18	  63838.3
2035.28	  63799.7
2036.38	  63761.2
2037.47	  63722.7
2038.58	  63684.2
2039.68	  63645.7
2040.78	  63607.3
2041.88	  63568.9
2042.97	  63530.5
2044.08	  63492.1
2045.18	  63453.8
2046.28	  63415.5
2047.38	  63377.2
2048.47	  63338.9
2049.57	  63300.7
2050.68	  63262.5
2051.78	  63224.3
2052.88	  63186.1
2053.97	  63148
2055.07	  63109.9
2056.18	  63071.8
2057.28	  63033.7
2058.38	  62995.7
2059.47	  62957.7
2060.57	  62919.7
2061.68	  62881.7
2062.78	  62843.8
2063.88	  62805.8
2064.97	  62768
2066.07	  62730.1
2067.18	  62692.3
2068.28	  62654.4
2069.38	  62616.7
2070.47	  62578.9
2071.57	  62541.1
2072.68	  62503.4
2073.78	  62465.7
2074.88	  62428.1
2075.97	  62390.4
2077.07	  62352.8
2078.18	  62315.2
2079.28	  62277.7
2080.38	  62240.1
2081.47	  62202.6
2082.57	  62165.1
2083.68	  62127.7
2084.78	  62090.2
2085.88	  62052.8
2086.97	  62015.4
2088.07	  61978.1
2089.18	  61940.7
2090.28	  61903.4
2091.38	  61866.1
2092.47	  61828.9
2093.57	  61791.6
2094.68	  61754.4
2095.78	  61717.2
2096.88	  61680.1
2097.97	  61642.9
2099.07	  61605.8
2100.18	  61568.7
2101.28	  61531.6
2102.38	  61494.6
2103.47	  61457.6
2104.57	  61420.6
2105.68	  61383.6
2106.78	  61346.7
2107.88	  61309.8
2108.97	  61272.9
2110.07	  61236
2111.18	  61199.2
2112.28	  61162.4
2113.38	  61125.6
2114.47	  61088.8
2115.57	  61052.1
2116.68	  61015.3
2117.78	  60978.7
2118.88	  60942
2119.97	  60905.3
2121.07	  60868.7
2122.18	  60832.1
2123.28	  60795.6
2124.38	  60759
2125.47	  60722.5
2126.57	  60686
2127.68	  60649.5
2128.78	  60613.1
2129.88	  60576.7
2130.97	  60540.3
2132.07	  60503.9
2133.18	  60467.6
2134.28	  60431.2
2135.38	  60394.9
2136.47	  60358.7
2137.57	  60322.4
2138.68	  60286.2
2139.78	  60250
2140.88	  60213.8
2141.97	  60177.7
2143.07	  60141.6
2144.18	  60105.5
2145.28	  60069.4
2146.38	  60033.3
2147.47	  59997.3
2148.57	  59961.3
2149.68	  59925.3
2150.78	  59889.4
2151.88	  59853.5
2152.97	  59817.6
2154.07	  59781.7
2155.18	  59745.8
2156.28	  59710
2157.38	  59674.2
2158.47	  59638.4
2159.57	  59602.7
2160.68	  59566.9
2161.78	  59531.2
2162.88	  59495.5
2163.97	  59459.9
2165.07	  59424.3
2166.18	  59388.6
2167.28	  59353.1
2168.38	  59317.5
2169.47	  59282
2170.57	  59246.5
2171.68	  59211
2172.78	  59175.5
2173.88	  59140.1
2174.97	  59104.7
2176.07	  59069.3
2177.18	  59033.9
2178.28	  58998.6
2179.38	  58963.3
2180.47	  58928
2181.57	  58892.7
2182.68	  58857.5
2183.78	  58822.2
2184.88	  58787
2185.97	  58751.9
2187.07	  58716.7
2188.18	  58681.6
2189.28	  58646.5
2190.38	  58611.4
2191.47	  58576.4
2192.57	  58541.4
2193.68	  58506.4
2194.78	  58471.4
2195.88	  58436.4
2196.97	  58401.5
2198.07	  58366.6
2199.18	  58331.7
2200.28	  58296.9
2201.38	  58262.1
2202.47	  58227.2
2203.57	  58192.5
2204.68	  58157.7
2205.78	  58123
2206.88	  58088.3
2207.97	  58053.6
2209.07	  58018.9
2210.18	  57984.3
2211.28	  57949.7
2212.38	  57915.1
2213.47	  57880.5
2214.57	  57846
2215.68	  57811.5
2216.78	  57777
2217.88	  57742.5
2218.97	  57708
2220.07	  57673.6
2221.18	  57639.2
2222.28	  57604.9
2223.38	  57570.5
2224.47	  57536.2
2225.57	  57501.9
2226.68	  57467.6
2227.78	  57433.4
2228.88	  57399.1
2229.97	  57364.9
2231.07	  57330.7
2232.18	  57296.6
2233.28	  57262.4
2234.38	  57228.3
2235.47	  57194.3
2236.57	  57160.2
2237.68	  57126.1
2238.78	  57092.1
2239.88	  57058.1
2240.97	  57024.2
2242.07	  56990.2
2243.18	  56956.3
2244.28	  56922.4
2245.38	  56888.6
2246.47	  56854.7
2247.57	  56820.9
2248.68	  56787.1
2249.78	  56753.3
2250.88	  56719.5
2251.97	  56685.8
2253.07	  56652.1
2254.18	  56618.4
2255.28	  56584.8
2256.38	  56551.1
2257.47	  56517.5
2258.57	  56483.9
2259.68	  56450.4
2260.78	  56416.8
2261.88	  56383.3
2262.97	  56349.8
2264.07	  56316.4
2265.18	  56282.9
2266.28	  56249.5
2267.38	  56216.1
2268.47	  56182.7
2269.57	  56149.4
2270.68	  56116
2271.78	  56082.7
2272.88	  56049.4
2273.97	  56016.2
2275.07	  55982.9
2276.18	  55949.7
2277.28	  55916.5
2278.38	  55883.4
2279.47	  55850.2
2280.57	  42011.2
2281.68	  41987
2282.78	  41962.9
2283.88	  41938.8
2284.97	  41914.7
2286.07	  41890.6
2287.18	  41866.6
2288.28	  41842.5
2289.38	  41818.5
2290.47	  41794.5
2291.57	  41770.5
2292.68	  41746.5
2293.78	  41722.5
2294.88	  41698.6
2295.97	  41674.7
2297.07	  41650.7
2298.18	  41626.8
2299.28	  41603
2300.38	  41579.1
2301.47	  41555.3
2302.57	  41531.4
2303.68	  41507.6
2304.78	  41483.8
2305.88	  41460
2306.97	  41436.3
2308.07	  41412.5
2309.18	  41388.8
2310.28	  41365.1
2311.38	  41341.4
2312.47	  41317.7
2313.57	  41294
2314.68	  41270.4
2315.78	  41246.8
2316.88	  41223.1
2317.97	  41199.5
2319.07	  41176
2320.18	  41152.4
2321.28	  41128.8
2322.38	  41105.3
2323.47	  41081.8
2324.57	  41058.3
2325.68	  41034.8
2326.78	  41011.3
2327.88	  40987.9
2328.97	  40964.4
2330.07	  40941
2331.18	  40917.6
2332.28	  40894.2
2333.38	  40870.9
2334.47	  40847.5
2335.57	  40824.2
2336.68	  40800.9
2337.78	  40777.6
2338.88	  40754.3
2339.97	  40731
2341.07	  40707.7
2342.18	  40684.5
2343.28	  40661.3
2344.38	  40638.1
2345.47	  40614.9
2346.57	  40591.7
2347.68	  40568.5
2348.78	  40545.4
2349.88	  40522.3
2350.97	  40499.2
2352.07	  40476.1
2353.18	  40453
2354.28	  40429.9
2355.38	  40406.9
2356.47	  40383.9
2357.57	  40360.8
2358.68	  40337.9
2359.78	  40314.9
2360.88	  40291.9
2361.97	  40269
2363.07	  40246
2364.18	  40223.1
2365.28	  40200.2
2366.38	  40177.3
2367.47	  40154.5
2368.57	  40131.6
2369.68	  40108.8
2370.78	  40086
2371.88	  40063.1
2372.97	  40040.4
2374.07	  40017.6
2375.18	  39994.8
2376.28	  39972.1
2377.38	  39949.4
2378.47	  39926.7
2379.57	  39904
2380.68	  39881.3
2381.78	  39858.6
2382.88	  39836
2383.97	  39813.4
2385.07	  39790.7
2386.18	  39768.1
2387.28	  39745.6
2388.38	  39723
2389.47	  39700.5
2390.57	  39677.9
2391.68	  39655.4
2392.78	  39632.9
2393.88	  39610.4
2394.97	  39587.9
2396.07	  39565.5
2397.18	  39543
2398.28	  39520.6
2399.38	  39498.2
2400.47	  39475.8
2401.57	  39453.5
2402.68	  39431.1
2403.78	  39408.8
2404.88	  39386.4
2405.97	  39364.1
2407.07	  39341.8
2408.18	  39319.5
2409.28	  39297.3
2410.38	  39275
2411.47	  39252.8
2412.57	  39230.6
2413.68	  39208.4
2414.78	  39186.2
2415.88	  39164
2416.97	  39141.8
2418.07	  39119.7
2419.18	  39097.6
2420.28	  39075.5
2421.38	  39053.4
2422.47	  39031.3
2423.57	  39009.2
2424.68	  38987.2
2425.78	  38965.2
2426.88	  38943.1
2427.97	  38921.1
2429.07	  38899.2
2430.18	  38877.2
2431.28	  38855.2
2432.38	  38833.3
2433.47	  38811.4
2434.57	  38789.5
2435.68	  38767.6
2436.78	  38745.7
2437.88	  38723.8
2438.97	  38702
2440.07	  38680.2
2441.18	  38658.4
2442.28	  38636.6
2443.38	  38614.8
2444.47	  38593
2445.57	  38571.2
2446.68	  38549.5
2447.78	  38527.8
2448.88	  38506.1
2449.97	  38484.4
2451.07	  38462.7
2452.18	  38441.1
2453.28	  38419.4
2454.38	  38397.8
2455.47	  38376.2
2456.57	  38354.6
2457.68	  38333
2458.78	  38311.4
2459.88	  38289.9
2460.97	  38268.3
2462.07	  38246.8
2463.18	  38225.3
2464.28	  38203.8
2465.38	  38182.3
2466.47	  38160.8
2467.57	  38139.4
2468.68	  38118
2469.78	  38096.5
2470.88	  38075.1
2471.97	  38053.8
2473.07	  38032.4
2474.18	  38011
2475.28	  37989.7
2476.38	  37968.4
2477.47	  37947
