Emission arising from a slab of Hydrogen (both H and H-).
   
Parameters of the slab:
n_e = 3e+13 cm-3
T_e = 9500 K
tau(lambda=300 nm) = 0.3
L = 3.53189e+08 cm
   
Wavelength (nm), Emission (erg s-1 cm-2 nm-1 sr-1)
50	  26.9004
91.2	  11283.2
120	  340338
150	  2.63983e+06
175	  7.96558e+06
200	  1.74282e+07
225	  3.08452e+07
250	  4.71383e+07
270	  6.12303e+07
290	  7.5403e+07
300	  8.22955e+07
305	  8.5659e+07
310	  8.89558e+07
315	  9.21782e+07
320	  9.53188e+07
322.5	  9.68564e+07
325	  9.83711e+07
327	  9.9566e+07
329	  1.00745e+08
329.999	  1.01329e+08
330.266	  1.01484e+08
330.533	  1.01639e+08
330.8	  1.01793e+08
331.067	  1.01948e+08
331.334	  1.02102e+08
331.601	  1.02255e+08
331.868	  1.02409e+08
332.135	  1.02562e+08
332.402	  1.02715e+08
332.669	  1.02868e+08
332.936	  1.0302e+08
333.203	  1.03172e+08
333.47	  1.03324e+08
333.737	  1.03475e+08
334.004	  1.03626e+08
334.271	  1.03777e+08
334.538	  1.03928e+08
334.805	  1.04078e+08
335.072	  1.04228e+08
335.339	  1.04378e+08
335.606	  1.04527e+08
335.873	  1.04676e+08
336.14	  1.04825e+08
336.407	  1.04973e+08
336.674	  1.05121e+08
336.941	  1.05269e+08
337.208	  1.05417e+08
337.475	  1.05564e+08
337.742	  1.05711e+08
338.009	  1.05858e+08
338.276	  1.06004e+08
338.543	  1.0615e+08
338.81	  1.06296e+08
339.077	  1.06441e+08
339.344	  1.06586e+08
339.611	  1.06731e+08
339.878	  1.06876e+08
340.145	  1.0702e+08
340.412	  1.07164e+08
340.679	  1.07307e+08
340.946	  1.07451e+08
341.213	  1.07593e+08
341.48	  1.07736e+08
341.747	  1.07878e+08
342.014	  1.0802e+08
342.281	  1.08162e+08
342.548	  1.08304e+08
342.815	  1.08445e+08
343.082	  1.08585e+08
343.349	  1.08726e+08
343.616	  1.08866e+08
343.883	  1.09006e+08
344.15	  1.09145e+08
344.417	  1.09284e+08
344.684	  1.09423e+08
344.951	  1.09562e+08
345.218	  1.097e+08
345.485	  1.09838e+08
345.752	  1.09975e+08
346.019	  1.10113e+08
346.286	  1.10249e+08
346.553	  1.10386e+08
346.82	  1.10522e+08
347.087	  1.10658e+08
347.354	  1.10794e+08
347.621	  1.10929e+08
347.888	  1.11064e+08
348.155	  1.11199e+08
348.422	  1.11333e+08
348.689	  1.11467e+08
348.956	  1.11601e+08
349.223	  1.11734e+08
349.49	  1.11867e+08
349.757	  1.12e+08
350.024	  1.12132e+08
350.291	  1.12264e+08
350.558	  1.12396e+08
350.825	  1.12527e+08
351.092	  1.12658e+08
351.359	  1.12789e+08
351.626	  1.1292e+08
351.893	  1.1305e+08
352.16	  1.13179e+08
352.427	  1.13309e+08
352.694	  1.13438e+08
352.961	  1.13567e+08
353.228	  1.13695e+08
353.495	  1.13823e+08
353.762	  1.13951e+08
354.029	  1.14078e+08
354.296	  1.14205e+08
354.563	  1.14332e+08
354.83	  1.14458e+08
355.097	  1.14584e+08
355.364	  1.1471e+08
355.631	  1.14835e+08
355.898	  1.1496e+08
356.165	  1.15085e+08
356.432	  1.1521e+08
356.699	  1.15334e+08
356.966	  1.15457e+08
357.233	  1.15581e+08
357.5	  1.15704e+08
357.767	  1.15826e+08
358.034	  1.15949e+08
358.301	  1.16071e+08
358.568	  1.16192e+08
358.835	  1.16314e+08
359.102	  1.16435e+08
359.369	  1.16555e+08
359.636	  1.16675e+08
359.903	  1.16795e+08
360.17	  1.16915e+08
360.437	  1.17034e+08
360.704	  1.17153e+08
360.971	  1.17272e+08
361.238	  1.1739e+08
361.505	  1.17508e+08
361.772	  1.17626e+08
362.039	  1.17743e+08
362.306	  1.1786e+08
362.573	  1.17976e+08
363	  1.18162e+08
363.027	  1.18174e+08
363.054	  1.18185e+08
363.08	  1.18197e+08
363.107	  1.18208e+08
363.134	  1.1822e+08
363.16	  1.18231e+08
363.187	  1.18243e+08
363.214	  1.18254e+08
363.24	  1.18266e+08
363.267	  1.18278e+08
363.294	  1.18289e+08
363.321	  1.18301e+08
363.347	  1.18312e+08
363.374	  1.18324e+08
363.401	  1.18335e+08
363.427	  1.18347e+08
363.454	  1.18358e+08
363.481	  1.1837e+08
363.508	  1.18381e+08
363.534	  1.18393e+08
363.561	  1.18404e+08
363.588	  1.18416e+08
363.614	  1.18427e+08
363.641	  1.18439e+08
363.668	  1.1845e+08
363.694	  1.18462e+08
363.721	  1.18473e+08
363.748	  1.18485e+08
363.774	  1.18496e+08
363.801	  1.18508e+08
363.828	  1.18519e+08
363.855	  1.18531e+08
363.881	  1.18542e+08
363.908	  1.18554e+08
363.935	  1.18565e+08
363.961	  1.18577e+08
363.988	  1.18588e+08
364.015	  1.186e+08
364.041	  1.18611e+08
364.068	  1.18622e+08
364.095	  1.18634e+08
364.122	  1.18645e+08
364.148	  1.18657e+08
364.175	  1.18668e+08
364.202	  1.1868e+08
364.228	  1.18691e+08
364.255	  1.18702e+08
364.282	  1.18714e+08
364.308	  1.18725e+08
364.335	  1.18737e+08
364.362	  1.18748e+08
364.389	  1.18759e+08
364.415	  1.18771e+08
364.442	  1.18782e+08
364.469	  1.18794e+08
364.495	  1.18805e+08
364.522	  1.18816e+08
364.549	  1.18828e+08
364.575	  1.18839e+08
364.602	  1.18851e+08
364.629	  1.18862e+08
364.656	  1.18873e+08
364.682	  1.18885e+08
364.709	  1.18896e+08
364.736	  7.41569e+06
364.762	  7.41678e+06
364.789	  7.41788e+06
364.816	  7.41897e+06
364.842	  7.42007e+06
364.869	  7.42116e+06
364.896	  7.42225e+06
364.923	  7.42335e+06
364.949	  7.42444e+06
364.976	  7.42553e+06
365.003	  7.42663e+06
365.029	  7.42772e+06
365.056	  7.42882e+06
365.083	  7.42991e+06
365.11	  7.431e+06
365.136	  7.4321e+06
365.163	  7.43319e+06
365.19	  7.43428e+06
365.216	  7.43538e+06
365.243	  7.43647e+06
365.27	  7.43756e+06
365.296	  7.43865e+06
365.323	  7.43974e+06
365.35	  7.44084e+06
365.377	  7.44193e+06
365.403	  7.44302e+06
365.43	  7.44411e+06
365.457	  7.44521e+06
365.483	  7.4463e+06
365.51	  7.44739e+06
365.537	  7.44848e+06
365.563	  7.44957e+06
365.59	  7.45067e+06
365.617	  7.45176e+06
365.643	  7.45285e+06
365.67	  7.45394e+06
365.697	  7.45503e+06
365.724	  7.45612e+06
365.75	  7.45721e+06
365.777	  7.4583e+06
365.804	  7.4594e+06
365.83	  7.46049e+06
365.857	  7.46158e+06
365.884	  7.46267e+06
365.91	  7.46376e+06
365.937	  7.46485e+06
365.964	  7.46594e+06
365.991	  7.46703e+06
365.991	  7.46703e+06
366.258	  7.47793e+06
366.525	  7.48882e+06
366.792	  7.4997e+06
367.059	  7.51057e+06
367.326	  7.52143e+06
367.593	  7.53229e+06
367.86	  7.54313e+06
368.127	  7.55397e+06
368.394	  7.5648e+06
368.661	  7.57561e+06
368.928	  7.58642e+06
369.195	  7.59722e+06
369.462	  7.60801e+06
369.729	  7.6188e+06
369.996	  7.62957e+06
370.263	  7.64033e+06
370.53	  7.65109e+06
370.797	  7.66183e+06
371.064	  7.67256e+06
371.331	  7.68329e+06
371.598	  7.69401e+06
371.865	  7.70471e+06
372.132	  7.71541e+06
372.399	  7.7261e+06
372.666	  7.73678e+06
372.933	  7.74745e+06
373.2	  7.75811e+06
373.467	  7.76876e+06
373.734	  7.7794e+06
374.001	  7.79003e+06
374.268	  7.80065e+06
374.535	  7.81127e+06
374.802	  7.82187e+06
375.069	  7.83246e+06
375.336	  7.84305e+06
375.603	  7.85362e+06
375.87	  7.86419e+06
376.137	  7.87474e+06
376.404	  7.88528e+06
376.671	  7.89582e+06
376.938	  7.90634e+06
377.205	  7.91686e+06
377.472	  7.92737e+06
377.739	  7.93786e+06
378.006	  7.94835e+06
378.273	  7.95882e+06
378.54	  7.96929e+06
378.807	  7.97975e+06
379.074	  7.99019e+06
379.341	  8.00063e+06
379.608	  8.01106e+06
379.875	  8.02147e+06
380.142	  8.03188e+06
380.409	  8.04227e+06
380.676	  8.05266e+06
380.943	  8.06304e+06
381.21	  8.0734e+06
381.477	  8.08376e+06
381.744	  8.0941e+06
382.011	  8.10444e+06
382.278	  8.11477e+06
382.545	  8.12508e+06
382.812	  8.13539e+06
383.079	  8.14568e+06
383.346	  8.15597e+06
383.613	  8.16624e+06
383.88	  8.1765e+06
384.147	  8.18676e+06
384.414	  8.197e+06
384.681	  8.20723e+06
384.948	  8.21746e+06
385.215	  8.22767e+06
385.482	  8.23787e+06
385.749	  8.24806e+06
386.016	  8.25824e+06
386.283	  8.26841e+06
386.55	  8.27858e+06
386.817	  8.28873e+06
387.084	  8.29886e+06
387.351	  8.30899e+06
387.618	  8.31911e+06
387.885	  8.32922e+06
388.152	  8.33932e+06
388.419	  8.3494e+06
388.686	  8.35948e+06
388.953	  8.36954e+06
389.22	  8.3796e+06
389.487	  8.38964e+06
389.754	  8.39968e+06
390.021	  8.4097e+06
390.288	  8.41971e+06
390.555	  8.42971e+06
390.822	  8.4397e+06
391.089	  8.44968e+06
391.356	  8.45965e+06
391.623	  8.46961e+06
391.89	  8.47956e+06
392.157	  8.4895e+06
392.424	  8.49942e+06
392.691	  8.50934e+06
392.958	  8.51924e+06
393.225	  8.52914e+06
393.492	  8.53902e+06
393.759	  8.54889e+06
394.026	  8.55875e+06
394.293	  8.5686e+06
394.56	  8.57844e+06
394.827	  8.58827e+06
395.094	  8.59809e+06
395.361	  8.60789e+06
395.628	  8.61769e+06
395.895	  8.62747e+06
396.162	  8.63725e+06
396.429	  8.64701e+06
396.696	  8.65676e+06
396.963	  8.6665e+06
397.23	  8.67623e+06
397.497	  8.68595e+06
397.764	  8.69565e+06
398.031	  8.70535e+06
398.298	  8.71504e+06
398.565	  8.72471e+06
398.832	  8.73437e+06
399.099	  8.74402e+06
399.366	  8.75366e+06
399.633	  8.76329e+06
399.9	  8.77291e+06
400.167	  8.78252e+06
400.434	  8.79211e+06
400.701	  8.8017e+06
400.968	  8.81127e+06
401.235	  8.82083e+06
401.502	  8.83038e+06
401.769	  8.83992e+06
402.036	  8.84945e+06
402.303	  8.85897e+06
402.57	  8.86847e+06
402.837	  8.87797e+06
403.104	  8.88745e+06
403.371	  8.89692e+06
403.638	  8.90638e+06
403.905	  8.91583e+06
404.172	  8.92527e+06
404.439	  8.9347e+06
404.706	  8.94411e+06
404.973	  8.95352e+06
405.24	  8.96291e+06
405.507	  8.97229e+06
405.774	  8.98166e+06
406.041	  8.99102e+06
406.308	  9.00036e+06
406.575	  9.0097e+06
406.842	  9.01902e+06
407.109	  9.02833e+06
407.376	  9.03763e+06
407.643	  9.04692e+06
407.91	  9.0562e+06
408.177	  9.06547e+06
408.444	  9.07472e+06
408.711	  9.08397e+06
408.978	  9.0932e+06
409.245	  9.10242e+06
409.512	  9.11163e+06
409.779	  9.12082e+06
410.046	  9.13001e+06
410.313	  9.13918e+06
410.58	  9.14834e+06
410.847	  9.15749e+06
411.114	  9.16663e+06
411.381	  9.17576e+06
411.648	  9.18488e+06
411.915	  9.19398e+06
412.182	  9.20307e+06
412.449	  9.21216e+06
412.716	  9.22122e+06
412.983	  9.23028e+06
413.25	  9.23933e+06
413.517	  9.24836e+06
413.784	  9.25739e+06
414.051	  9.2664e+06
414.318	  9.2754e+06
414.585	  9.28438e+06
414.852	  9.29336e+06
415.119	  9.30232e+06
415.386	  9.31128e+06
415.653	  9.32022e+06
415.92	  9.32915e+06
416.187	  9.33806e+06
416.454	  9.34697e+06
416.721	  9.35586e+06
416.988	  9.36475e+06
417.255	  9.37361e+06
417.522	  9.38247e+06
417.789	  9.39132e+06
418.056	  9.40016e+06
418.323	  9.40898e+06
418.59	  9.41779e+06
418.857	  9.42659e+06
419.124	  9.43538e+06
419.391	  9.44415e+06
419.658	  9.45292e+06
419.925	  9.46167e+06
420.192	  9.47041e+06
420.459	  9.47914e+06
420.726	  9.48786e+06
420.993	  9.49656e+06
421.26	  9.50525e+06
421.527	  9.51393e+06
421.794	  9.5226e+06
422.061	  9.53126e+06
422.328	  9.53991e+06
422.595	  9.54854e+06
422.862	  9.55716e+06
423.129	  9.56577e+06
423.396	  9.57437e+06
423.663	  9.58296e+06
423.93	  9.59153e+06
424.197	  9.60009e+06
424.464	  9.60864e+06
424.731	  9.61718e+06
424.998	  9.62571e+06
425.265	  9.63422e+06
425.532	  9.64273e+06
425.799	  9.65122e+06
426.066	  9.6597e+06
426.333	  9.66816e+06
426.6	  9.67662e+06
426.867	  9.68506e+06
427.134	  9.69349e+06
427.401	  9.70191e+06
427.668	  9.71032e+06
427.935	  9.71871e+06
428.202	  9.7271e+06
428.469	  9.73547e+06
428.736	  9.74383e+06
429.003	  9.75217e+06
429.27	  9.76051e+06
429.537	  9.76883e+06
429.804	  9.77715e+06
430.071	  9.78544e+06
430.338	  9.79373e+06
430.605	  9.80201e+06
430.872	  9.81027e+06
431.139	  9.81852e+06
431.406	  9.82676e+06
431.673	  9.83499e+06
431.94	  9.8432e+06
432.207	  9.85141e+06
432.474	  9.8596e+06
432.741	  9.86778e+06
433.008	  9.87595e+06
433.275	  9.8841e+06
433.542	  9.89224e+06
433.809	  9.90038e+06
434.076	  9.90849e+06
434.343	  9.9166e+06
434.61	  9.9247e+06
434.877	  9.93278e+06
435.144	  9.94085e+06
435.411	  9.94891e+06
435.678	  9.95696e+06
435.945	  9.96499e+06
436.212	  9.97302e+06
436.479	  9.98103e+06
436.746	  9.98903e+06
437.013	  9.99701e+06
437.28	  1.0005e+07
437.547	  1.00129e+07
437.814	  1.00209e+07
438.081	  1.00288e+07
438.348	  1.00368e+07
438.615	  1.00447e+07
438.882	  1.00526e+07
439.149	  1.00605e+07
439.416	  1.00684e+07
439.683	  1.00762e+07
439.95	  1.00841e+07
440.217	  1.00919e+07
440.484	  1.00997e+07
440.751	  1.01076e+07
441.018	  1.01154e+07
441.285	  1.01232e+07
441.552	  1.01309e+07
441.819	  1.01387e+07
442.086	  1.01465e+07
442.353	  1.01542e+07
442.62	  1.01619e+07
442.887	  1.01697e+07
443.154	  1.01774e+07
443.421	  1.01851e+07
443.688	  1.01928e+07
443.955	  1.02004e+07
444.222	  1.02081e+07
444.489	  1.02157e+07
444.756	  1.02234e+07
445.023	  1.0231e+07
445.29	  1.02386e+07
445.557	  1.02462e+07
445.824	  1.02538e+07
446.091	  1.02614e+07
446.358	  1.0269e+07
446.625	  1.02765e+07
446.892	  1.0284e+07
447.159	  1.02916e+07
447.426	  1.02991e+07
447.693	  1.03066e+07
447.96	  1.03141e+07
448.227	  1.03216e+07
448.494	  1.0329e+07
448.761	  1.03365e+07
449.028	  1.03439e+07
449.295	  1.03514e+07
449.562	  1.03588e+07
449.829	  1.03662e+07
450.096	  1.03736e+07
450.363	  1.0381e+07
450.63	  1.03883e+07
450.897	  1.03957e+07
451.164	  1.0403e+07
451.431	  1.04104e+07
451.698	  1.04177e+07
451.965	  1.0425e+07
452.232	  1.04323e+07
452.499	  1.04396e+07
452.766	  1.04469e+07
453.033	  1.04541e+07
453.3	  1.04614e+07
453.567	  1.04686e+07
453.834	  1.04759e+07
454.101	  1.04831e+07
454.368	  1.04903e+07
454.635	  1.04975e+07
454.902	  1.05047e+07
455.169	  1.05118e+07
455.436	  1.0519e+07
455.703	  1.05261e+07
455.97	  1.05332e+07
456.237	  1.05404e+07
456.504	  1.05475e+07
456.771	  1.05546e+07
457.038	  1.05617e+07
457.305	  1.05687e+07
457.572	  1.05758e+07
457.839	  1.05828e+07
458.106	  1.05899e+07
458.373	  1.05969e+07
458.64	  1.06039e+07
458.907	  1.06109e+07
459.174	  1.06179e+07
459.441	  1.06249e+07
459.708	  1.06318e+07
459.975	  1.06388e+07
460.242	  1.06457e+07
460.509	  1.06526e+07
460.776	  1.06595e+07
461.043	  1.06665e+07
461.31	  1.06733e+07
461.577	  1.06802e+07
461.844	  1.06871e+07
462.111	  1.06939e+07
462.378	  1.07008e+07
462.645	  1.07076e+07
462.912	  1.07144e+07
463.179	  1.07212e+07
463.446	  1.0728e+07
463.713	  1.07348e+07
463.98	  1.07416e+07
464.247	  1.07484e+07
464.514	  1.07551e+07
464.781	  1.07618e+07
465.048	  1.07686e+07
465.315	  1.07753e+07
465.582	  1.0782e+07
465.849	  1.07887e+07
466.116	  1.07953e+07
466.383	  1.0802e+07
466.65	  1.08087e+07
466.917	  1.08153e+07
467.184	  1.08219e+07
467.451	  1.08285e+07
467.718	  1.08351e+07
467.985	  1.08417e+07
468.252	  1.08483e+07
468.519	  1.08549e+07
468.786	  1.08614e+07
469.053	  1.0868e+07
469.32	  1.08745e+07
469.587	  1.0881e+07
469.854	  1.08876e+07
470.121	  1.08941e+07
470.388	  1.09005e+07
470.655	  1.0907e+07
470.922	  1.09135e+07
471.189	  1.09199e+07
471.456	  1.09264e+07
471.723	  1.09328e+07
471.99	  1.09392e+07
472.257	  1.09456e+07
472.524	  1.0952e+07
472.791	  1.09584e+07
473.058	  1.09648e+07
473.325	  1.09711e+07
473.592	  1.09775e+07
473.859	  1.09838e+07
474.126	  1.09901e+07
474.393	  1.09964e+07
474.66	  1.10027e+07
474.927	  1.1009e+07
475.194	  1.10153e+07
475.461	  1.10215e+07
475.728	  1.10278e+07
475.995	  1.1034e+07
476.262	  1.10403e+07
476.529	  1.10465e+07
476.796	  1.10527e+07
477.063	  1.10589e+07
477.33	  1.1065e+07
477.597	  1.10712e+07
477.864	  1.10774e+07
478.131	  1.10835e+07
478.398	  1.10896e+07
478.665	  1.10958e+07
478.932	  1.11019e+07
479.199	  1.1108e+07
479.466	  1.11141e+07
479.733	  1.11201e+07
480	  1.11262e+07
480.267	  1.11322e+07
480.534	  1.11383e+07
480.801	  1.11443e+07
481.068	  1.11503e+07
481.335	  1.11563e+07
481.602	  1.11623e+07
481.869	  1.11683e+07
482.136	  1.11743e+07
482.403	  1.11802e+07
482.67	  1.11862e+07
482.937	  1.11921e+07
483.204	  1.1198e+07
483.471	  1.1204e+07
483.738	  1.12099e+07
484.005	  1.12157e+07
484.272	  1.12216e+07
484.539	  1.12275e+07
484.806	  1.12333e+07
485.073	  1.12392e+07
485.34	  1.1245e+07
485.607	  1.12508e+07
485.874	  1.12566e+07
486.141	  1.12624e+07
486.408	  1.12682e+07
486.675	  1.1274e+07
486.942	  1.12798e+07
487.209	  1.12855e+07
487.476	  1.12912e+07
487.743	  1.1297e+07
488.01	  1.13027e+07
488.277	  1.13084e+07
488.544	  1.13141e+07
488.811	  1.13198e+07
489.078	  1.13254e+07
489.345	  1.13311e+07
489.612	  1.13367e+07
489.879	  1.13424e+07
490.146	  1.1348e+07
490.413	  1.13536e+07
490.68	  1.13592e+07
490.947	  1.13648e+07
491.214	  1.13704e+07
491.481	  1.13759e+07
491.748	  1.13815e+07
492.015	  1.1387e+07
492.282	  1.13926e+07
492.549	  1.13981e+07
492.816	  1.14036e+07
493.083	  1.14091e+07
493.35	  1.14146e+07
493.617	  1.14201e+07
493.884	  1.14255e+07
494.151	  1.1431e+07
494.418	  1.14364e+07
494.685	  1.14419e+07
494.952	  1.14473e+07
495.219	  1.14527e+07
495.486	  1.14581e+07
495.753	  1.14635e+07
496.02	  1.14688e+07
496.287	  1.14742e+07
496.554	  1.14796e+07
496.821	  1.14849e+07
497.088	  1.14902e+07
497.355	  1.14955e+07
497.622	  1.15008e+07
497.889	  1.15061e+07
498.156	  1.15114e+07
498.423	  1.15167e+07
498.69	  1.1522e+07
498.957	  1.15272e+07
499.224	  1.15324e+07
499.491	  1.15377e+07
499.758	  1.15429e+07
500.025	  1.15481e+07
500.292	  1.15533e+07
500.559	  1.15585e+07
500.826	  1.15636e+07
501.093	  1.15688e+07
501.36	  1.1574e+07
501.627	  1.15791e+07
501.894	  1.15842e+07
502.161	  1.15893e+07
502.428	  1.15944e+07
502.695	  1.15995e+07
502.962	  1.16046e+07
503.229	  1.16097e+07
503.496	  1.16148e+07
503.763	  1.16198e+07
504.03	  1.16248e+07
504.297	  1.16299e+07
504.564	  1.16349e+07
504.831	  1.16399e+07
505.098	  1.16449e+07
505.365	  1.16499e+07
505.632	  1.16548e+07
505.899	  1.16598e+07
506.166	  1.16647e+07
506.433	  1.16697e+07
506.7	  1.16746e+07
506.967	  1.16795e+07
507.234	  1.16844e+07
507.501	  1.16893e+07
507.768	  1.16942e+07
508.035	  1.16991e+07
508.302	  1.1704e+07
508.569	  1.17088e+07
508.836	  1.17136e+07
509.103	  1.17185e+07
509.37	  1.17233e+07
509.637	  1.17281e+07
509.904	  1.17329e+07
510.171	  1.17377e+07
510.438	  1.17425e+07
510.705	  1.17472e+07
510.972	  1.1752e+07
511.239	  1.17567e+07
511.506	  1.17614e+07
511.773	  1.17662e+07
512.04	  1.17709e+07
512.307	  1.17756e+07
512.574	  1.17803e+07
512.841	  1.17849e+07
513.108	  1.17896e+07
513.375	  1.17943e+07
513.642	  1.17989e+07
513.909	  1.18035e+07
514.176	  1.18082e+07
514.443	  1.18128e+07
514.71	  1.18174e+07
514.977	  1.1822e+07
515.244	  1.18265e+07
515.511	  1.18311e+07
515.778	  1.18357e+07
516.045	  1.18402e+07
516.312	  1.18448e+07
516.579	  1.18493e+07
516.846	  1.18538e+07
517.113	  1.18583e+07
517.38	  1.18628e+07
517.647	  1.18673e+07
517.914	  1.18718e+07
518.181	  1.18762e+07
518.448	  1.18807e+07
518.715	  1.18851e+07
518.982	  1.18895e+07
519.249	  1.1894e+07
519.516	  1.18984e+07
519.783	  1.19028e+07
520.05	  1.19072e+07
520.317	  1.19115e+07
520.584	  1.19159e+07
520.851	  1.19203e+07
521.118	  1.19246e+07
521.385	  1.19289e+07
521.652	  1.19333e+07
521.919	  1.19376e+07
522.186	  1.19419e+07
522.453	  1.19462e+07
522.72	  1.19505e+07
522.987	  1.19547e+07
523.254	  1.1959e+07
523.521	  1.19632e+07
523.788	  1.19675e+07
524.055	  1.19717e+07
524.322	  1.19759e+07
524.589	  1.19801e+07
524.856	  1.19843e+07
525.123	  1.19885e+07
525.39	  1.19927e+07
525.657	  1.19969e+07
525.924	  1.2001e+07
526.191	  1.20052e+07
526.458	  1.20093e+07
526.725	  1.20134e+07
526.992	  1.20176e+07
527.259	  1.20217e+07
527.526	  1.20258e+07
527.793	  1.20298e+07
528.06	  1.20339e+07
528.327	  1.2038e+07
528.594	  1.2042e+07
528.861	  1.20461e+07
529.128	  1.20501e+07
529.395	  1.20541e+07
529.662	  1.20581e+07
529.929	  1.20621e+07
530.196	  1.20661e+07
530.463	  1.20701e+07
530.73	  1.20741e+07
530.997	  1.2078e+07
531.264	  1.2082e+07
531.531	  1.20859e+07
531.798	  1.20899e+07
532.065	  1.20938e+07
532.332	  1.20977e+07
532.599	  1.21016e+07
532.866	  1.21055e+07
533.133	  1.21094e+07
533.4	  1.21132e+07
533.667	  1.21171e+07
533.934	  1.21209e+07
534.201	  1.21248e+07
534.468	  1.21286e+07
534.735	  1.21324e+07
535.002	  1.21362e+07
535.269	  1.214e+07
535.536	  1.21438e+07
535.803	  1.21476e+07
536.07	  1.21514e+07
536.337	  1.21551e+07
536.604	  1.21589e+07
536.871	  1.21626e+07
537.138	  1.21663e+07
537.405	  1.21701e+07
537.672	  1.21738e+07
537.939	  1.21775e+07
538.206	  1.21811e+07
538.473	  1.21848e+07
538.74	  1.21885e+07
539.007	  1.21921e+07
539.274	  1.21958e+07
539.541	  1.21994e+07
539.808	  1.22031e+07
540.075	  1.22067e+07
540.342	  1.22103e+07
540.609	  1.22139e+07
540.876	  1.22175e+07
541.143	  1.22211e+07
541.41	  1.22246e+07
541.677	  1.22282e+07
541.944	  1.22317e+07
542.211	  1.22353e+07
542.478	  1.22388e+07
542.745	  1.22423e+07
543.012	  1.22458e+07
543.279	  1.22493e+07
543.546	  1.22528e+07
543.813	  1.22563e+07
544.08	  1.22598e+07
544.347	  1.22632e+07
544.614	  1.22667e+07
544.881	  1.22701e+07
545.148	  1.22735e+07
545.415	  1.2277e+07
545.682	  1.22804e+07
545.949	  1.22838e+07
546.216	  1.22872e+07
546.483	  1.22906e+07
546.75	  1.22939e+07
547.017	  1.22973e+07
547.284	  1.23006e+07
547.551	  1.2304e+07
547.818	  1.23073e+07
548.085	  1.23106e+07
548.352	  1.2314e+07
548.619	  1.23173e+07
548.886	  1.23206e+07
549.153	  1.23238e+07
549.42	  1.23271e+07
549.687	  1.23304e+07
549.954	  1.23336e+07
550.221	  1.23369e+07
550.488	  1.23401e+07
550.755	  1.23434e+07
551.022	  1.23466e+07
551.289	  1.23498e+07
551.556	  1.2353e+07
551.823	  1.23562e+07
552.09	  1.23594e+07
552.357	  1.23625e+07
552.624	  1.23657e+07
552.891	  1.23688e+07
553.158	  1.2372e+07
553.425	  1.23751e+07
553.692	  1.23782e+07
553.959	  1.23813e+07
554.226	  1.23845e+07
554.493	  1.23875e+07
554.76	  1.23906e+07
555.027	  1.23937e+07
555.294	  1.23968e+07
555.561	  1.23998e+07
555.828	  1.24029e+07
556.095	  1.24059e+07
556.362	  1.24089e+07
556.629	  1.2412e+07
556.896	  1.2415e+07
557.163	  1.2418e+07
557.43	  1.2421e+07
557.697	  1.2424e+07
557.964	  1.24269e+07
558.231	  1.24299e+07
558.498	  1.24328e+07
558.765	  1.24358e+07
559.032	  1.24387e+07
559.299	  1.24417e+07
559.566	  1.24446e+07
560.009	  1.24494e+07
560.296	  1.24525e+07
560.583	  1.24556e+07
560.87	  1.24587e+07
561.157	  1.24618e+07
561.444	  1.24648e+07
561.731	  1.24679e+07
562.018	  1.24709e+07
562.305	  1.2474e+07
562.592	  1.2477e+07
562.879	  1.248e+07
563.166	  1.2483e+07
563.453	  1.2486e+07
563.74	  1.2489e+07
564.027	  1.2492e+07
564.314	  1.24949e+07
564.601	  1.24979e+07
564.888	  1.25008e+07
565.175	  1.25037e+07
565.462	  1.25067e+07
565.749	  1.25096e+07
566.036	  1.25125e+07
566.323	  1.25154e+07
566.61	  1.25182e+07
566.897	  1.25211e+07
567.184	  1.2524e+07
567.471	  1.25268e+07
567.758	  1.25296e+07
568.045	  1.25325e+07
568.332	  1.25353e+07
568.619	  1.25381e+07
568.906	  1.25409e+07
569.193	  1.25437e+07
569.48	  1.25464e+07
569.767	  1.25492e+07
570.054	  1.2552e+07
570.341	  1.25547e+07
570.628	  1.25574e+07
570.915	  1.25602e+07
571.202	  1.25629e+07
571.489	  1.25656e+07
571.776	  1.25683e+07
572.063	  1.25709e+07
572.35	  1.25736e+07
572.637	  1.25763e+07
572.924	  1.25789e+07
573.211	  1.25816e+07
573.498	  1.25842e+07
573.785	  1.25868e+07
574.072	  1.25894e+07
574.359	  1.2592e+07
574.646	  1.25946e+07
574.933	  1.25972e+07
575.22	  1.25998e+07
575.507	  1.26023e+07
575.794	  1.26049e+07
576.081	  1.26074e+07
576.368	  1.261e+07
576.655	  1.26125e+07
576.942	  1.2615e+07
577.229	  1.26175e+07
577.516	  1.262e+07
577.803	  1.26225e+07
578.09	  1.26249e+07
578.377	  1.26274e+07
578.664	  1.26298e+07
578.951	  1.26323e+07
579.238	  1.26347e+07
579.525	  1.26371e+07
579.812	  1.26395e+07
580.099	  1.26419e+07
580.386	  1.26443e+07
580.673	  1.26467e+07
580.96	  1.26491e+07
581.247	  1.26515e+07
581.534	  1.26538e+07
581.821	  1.26561e+07
582.108	  1.26585e+07
582.395	  1.26608e+07
582.682	  1.26631e+07
582.969	  1.26654e+07
583.256	  1.26677e+07
583.543	  1.267e+07
583.83	  1.26723e+07
584.117	  1.26745e+07
584.404	  1.26768e+07
584.691	  1.2679e+07
584.978	  1.26813e+07
585.265	  1.26835e+07
585.552	  1.26857e+07
585.839	  1.26879e+07
586.126	  1.26901e+07
586.413	  1.26923e+07
586.7	  1.26945e+07
586.987	  1.26967e+07
587.274	  1.26988e+07
587.561	  1.2701e+07
587.848	  1.27031e+07
588.135	  1.27052e+07
588.422	  1.27074e+07
588.709	  1.27095e+07
588.996	  1.27116e+07
589.283	  1.27137e+07
589.57	  1.27157e+07
589.857	  1.27178e+07
590.144	  1.27199e+07
590.431	  1.27219e+07
590.718	  1.2724e+07
591.005	  1.2726e+07
591.292	  1.2728e+07
591.579	  1.27301e+07
591.866	  1.27321e+07
592.153	  1.27341e+07
592.44	  1.27361e+07
592.727	  1.2738e+07
593.014	  1.274e+07
593.301	  1.2742e+07
593.588	  1.27439e+07
593.875	  1.27459e+07
594.162	  1.27478e+07
594.449	  1.27497e+07
594.736	  1.27516e+07
595.023	  1.27535e+07
595.31	  1.27554e+07
595.597	  1.27573e+07
595.884	  1.27592e+07
596.171	  1.27611e+07
596.458	  1.27629e+07
596.745	  1.27648e+07
597.032	  1.27666e+07
597.319	  1.27684e+07
597.606	  1.27703e+07
597.893	  1.27721e+07
598.18	  1.27739e+07
598.467	  1.27757e+07
598.754	  1.27775e+07
599.041	  1.27792e+07
599.328	  1.2781e+07
599.615	  1.27828e+07
599.902	  1.27845e+07
600.189	  1.27863e+07
600.476	  1.2788e+07
600.763	  1.27897e+07
601.05	  1.27914e+07
601.337	  1.27931e+07
601.624	  1.27948e+07
601.911	  1.27965e+07
602.198	  1.27982e+07
602.485	  1.27999e+07
602.772	  1.28015e+07
603.059	  1.28032e+07
603.346	  1.28048e+07
603.633	  1.28064e+07
603.92	  1.28081e+07
604.207	  1.28097e+07
604.494	  1.28113e+07
604.781	  1.28129e+07
605.068	  1.28145e+07
605.355	  1.28161e+07
605.642	  1.28176e+07
605.929	  1.28192e+07
606.216	  1.28207e+07
606.503	  1.28223e+07
606.79	  1.28238e+07
607.077	  1.28254e+07
607.364	  1.28269e+07
607.651	  1.28284e+07
607.938	  1.28299e+07
608.225	  1.28314e+07
608.512	  1.28329e+07
608.799	  1.28343e+07
609.086	  1.28358e+07
609.373	  1.28373e+07
609.66	  1.28387e+07
609.947	  1.28401e+07
610.234	  1.28416e+07
610.521	  1.2843e+07
610.808	  1.28444e+07
611.095	  1.28458e+07
611.382	  1.28472e+07
611.669	  1.28486e+07
611.956	  1.285e+07
612.243	  1.28514e+07
612.53	  1.28527e+07
612.817	  1.28541e+07
613.104	  1.28554e+07
613.391	  1.28568e+07
613.678	  1.28581e+07
613.965	  1.28594e+07
614.252	  1.28607e+07
614.539	  1.2862e+07
614.826	  1.28633e+07
615.113	  1.28646e+07
615.4	  1.28659e+07
615.687	  1.28672e+07
615.974	  1.28684e+07
616.261	  1.28697e+07
616.548	  1.28709e+07
616.835	  1.28722e+07
617.122	  1.28734e+07
617.409	  1.28746e+07
617.696	  1.28758e+07
617.983	  1.2877e+07
618.27	  1.28782e+07
618.557	  1.28794e+07
618.844	  1.28806e+07
619.131	  1.28817e+07
619.418	  1.28829e+07
619.705	  1.28841e+07
619.992	  1.28852e+07
620.279	  1.28863e+07
620.566	  1.28875e+07
620.853	  1.28886e+07
621.14	  1.28897e+07
621.427	  1.28908e+07
621.714	  1.28919e+07
622.001	  1.2893e+07
622.288	  1.28941e+07
622.575	  1.28951e+07
622.862	  1.28962e+07
623.149	  1.28972e+07
623.436	  1.28983e+07
623.723	  1.28993e+07
624.01	  1.29004e+07
624.297	  1.29014e+07
624.584	  1.29024e+07
624.871	  1.29034e+07
625.158	  1.29044e+07
625.445	  1.29054e+07
625.732	  1.29064e+07
626.019	  1.29074e+07
626.306	  1.29083e+07
626.593	  1.29093e+07
626.88	  1.29102e+07
627.167	  1.29112e+07
627.454	  1.29121e+07
627.741	  1.2913e+07
628.028	  1.29139e+07
628.315	  1.29149e+07
628.602	  1.29158e+07
628.889	  1.29167e+07
629.176	  1.29175e+07
629.463	  1.29184e+07
629.75	  1.29193e+07
630.037	  1.29202e+07
630.324	  1.2921e+07
630.611	  1.29219e+07
630.898	  1.29227e+07
631.185	  1.29235e+07
631.472	  1.29243e+07
631.759	  1.29252e+07
632.046	  1.2926e+07
632.333	  1.29268e+07
632.62	  1.29276e+07
632.907	  1.29283e+07
633.194	  1.29291e+07
633.481	  1.29299e+07
633.768	  1.29307e+07
634.055	  1.29314e+07
634.342	  1.29322e+07
634.629	  1.29329e+07
634.916	  1.29336e+07
635.203	  1.29343e+07
635.49	  1.29351e+07
635.777	  1.29358e+07
636.064	  1.29365e+07
636.351	  1.29372e+07
636.638	  1.29378e+07
636.925	  1.29385e+07
637.212	  1.29392e+07
637.499	  1.29399e+07
637.786	  1.29405e+07
638.073	  1.29412e+07
638.36	  1.29418e+07
638.647	  1.29424e+07
638.934	  1.29431e+07
639.221	  1.29437e+07
639.508	  1.29443e+07
639.795	  1.29449e+07
640.082	  1.29455e+07
640.369	  1.29461e+07
640.656	  1.29466e+07
640.943	  1.29472e+07
641.23	  1.29478e+07
641.517	  1.29483e+07
641.804	  1.29489e+07
642.091	  1.29494e+07
642.378	  1.295e+07
642.665	  1.29505e+07
642.952	  1.2951e+07
643.239	  1.29515e+07
643.526	  1.2952e+07
643.813	  1.29525e+07
644.1	  1.2953e+07
644.387	  1.29535e+07
644.674	  1.2954e+07
644.961	  1.29544e+07
645.248	  1.29549e+07
645.535	  1.29554e+07
645.822	  1.29558e+07
646.109	  1.29563e+07
646.396	  1.29567e+07
646.683	  1.29571e+07
646.97	  1.29575e+07
647.257	  1.29579e+07
647.544	  1.29583e+07
647.831	  1.29587e+07
648.118	  1.29591e+07
648.405	  1.29595e+07
648.692	  1.29599e+07
648.979	  1.29602e+07
649.266	  1.29606e+07
649.553	  1.2961e+07
649.84	  1.29613e+07
650.127	  1.29616e+07
650.414	  1.2962e+07
650.701	  1.29623e+07
650.988	  1.29626e+07
651.275	  1.29629e+07
651.562	  1.29632e+07
651.849	  1.29635e+07
652.136	  1.29638e+07
652.423	  1.29641e+07
652.71	  1.29644e+07
652.997	  1.29646e+07
653.284	  1.29649e+07
653.571	  1.29652e+07
653.858	  1.29654e+07
654.145	  1.29657e+07
654.432	  1.29659e+07
654.719	  1.29661e+07
655.006	  1.29663e+07
655.293	  1.29665e+07
655.58	  1.29668e+07
655.867	  1.2967e+07
656.154	  1.29671e+07
656.441	  1.29673e+07
656.728	  1.29675e+07
657.015	  1.29677e+07
657.302	  1.29678e+07
657.589	  1.2968e+07
657.876	  1.29681e+07
658.163	  1.29683e+07
658.45	  1.29684e+07
658.737	  1.29686e+07
659.024	  1.29687e+07
659.311	  1.29688e+07
659.598	  1.29689e+07
659.885	  1.2969e+07
660.172	  1.29691e+07
660.459	  1.29692e+07
660.746	  1.29693e+07
661.033	  1.29694e+07
661.32	  1.29694e+07
661.607	  1.29695e+07
661.894	  1.29695e+07
662.181	  1.29696e+07
662.468	  1.29696e+07
662.755	  1.29697e+07
663.042	  1.29697e+07
663.329	  1.29697e+07
663.616	  1.29697e+07
663.903	  1.29698e+07
664.19	  1.29698e+07
664.477	  1.29698e+07
664.764	  1.29697e+07
665.051	  1.29697e+07
665.338	  1.29697e+07
665.625	  1.29697e+07
665.912	  1.29696e+07
666.199	  1.29696e+07
666.486	  1.29695e+07
666.773	  1.29695e+07
667.06	  1.29694e+07
667.347	  1.29694e+07
667.634	  1.29693e+07
667.921	  1.29692e+07
668.208	  1.29691e+07
668.495	  1.2969e+07
668.782	  1.29689e+07
669.069	  1.29688e+07
669.356	  1.29687e+07
669.643	  1.29686e+07
669.93	  1.29684e+07
670.217	  1.29683e+07
670.504	  1.29682e+07
670.791	  1.2968e+07
671.078	  1.29679e+07
671.365	  1.29677e+07
671.652	  1.29675e+07
671.939	  1.29674e+07
672.226	  1.29672e+07
672.513	  1.2967e+07
672.8	  1.29668e+07
673.087	  1.29666e+07
673.374	  1.29664e+07
673.661	  1.29662e+07
673.948	  1.2966e+07
674.235	  1.29658e+07
674.522	  1.29655e+07
674.809	  1.29653e+07
675.096	  1.29651e+07
675.383	  1.29648e+07
675.67	  1.29646e+07
675.957	  1.29643e+07
676.244	  1.2964e+07
676.531	  1.29638e+07
676.818	  1.29635e+07
677.105	  1.29632e+07
677.392	  1.29629e+07
677.679	  1.29626e+07
677.966	  1.29623e+07
678.253	  1.2962e+07
678.54	  1.29617e+07
678.827	  1.29614e+07
679.114	  1.2961e+07
679.401	  1.29607e+07
679.688	  1.29603e+07
679.975	  1.296e+07
680.262	  1.29597e+07
680.549	  1.29593e+07
680.836	  1.29589e+07
681.123	  1.29586e+07
681.41	  1.29582e+07
681.697	  1.29578e+07
681.984	  1.29574e+07
682.271	  1.2957e+07
682.558	  1.29566e+07
682.845	  1.29562e+07
683.132	  1.29558e+07
683.419	  1.29554e+07
683.706	  1.2955e+07
683.993	  1.29545e+07
684.28	  1.29541e+07
684.567	  1.29536e+07
684.854	  1.29532e+07
685.141	  1.29527e+07
685.428	  1.29523e+07
685.715	  1.29518e+07
686.002	  1.29513e+07
686.289	  1.29509e+07
686.576	  1.29504e+07
686.863	  1.29499e+07
687.15	  1.29494e+07
687.437	  1.29489e+07
687.724	  1.29484e+07
688.011	  1.29479e+07
688.298	  1.29474e+07
688.585	  1.29468e+07
688.872	  1.29463e+07
689.159	  1.29458e+07
689.446	  1.29452e+07
689.733	  1.29447e+07
690.02	  1.29441e+07
690.307	  1.29436e+07
690.594	  1.2943e+07
690.881	  1.29424e+07
691.168	  1.29419e+07
691.455	  1.29413e+07
691.742	  1.29407e+07
692.029	  1.29401e+07
692.316	  1.29395e+07
692.603	  1.29389e+07
692.89	  1.29383e+07
693.177	  1.29377e+07
693.464	  1.2937e+07
693.751	  1.29364e+07
694.038	  1.29358e+07
694.325	  1.29351e+07
694.612	  1.29345e+07
694.899	  1.29339e+07
695.186	  1.29332e+07
695.473	  1.29325e+07
695.76	  1.29319e+07
696.047	  1.29312e+07
696.334	  1.29305e+07
696.621	  1.29298e+07
696.908	  1.29291e+07
697.195	  1.29285e+07
697.482	  1.29278e+07
697.769	  1.2927e+07
698.056	  1.29263e+07
698.343	  1.29256e+07
698.63	  1.29249e+07
698.917	  1.29242e+07
699.204	  1.29234e+07
699.491	  1.29227e+07
699.778	  1.2922e+07
700.065	  1.29212e+07
700.352	  1.29205e+07
700.639	  1.29197e+07
700.926	  1.29189e+07
701.213	  1.29182e+07
701.5	  1.29174e+07
701.787	  1.29166e+07
702.074	  1.29158e+07
702.361	  1.2915e+07
702.648	  1.29142e+07
702.935	  1.29134e+07
703.222	  1.29126e+07
703.509	  1.29118e+07
703.796	  1.2911e+07
704.083	  1.29102e+07
704.37	  1.29093e+07
704.657	  1.29085e+07
704.944	  1.29077e+07
705.231	  1.29068e+07
705.518	  1.2906e+07
705.805	  1.29051e+07
706.092	  1.29042e+07
706.379	  1.29034e+07
706.666	  1.29025e+07
706.953	  1.29016e+07
707.24	  1.29007e+07
707.527	  1.28999e+07
707.814	  1.2899e+07
708.101	  1.28981e+07
708.388	  1.28972e+07
708.675	  1.28963e+07
708.962	  1.28953e+07
709.249	  1.28944e+07
709.536	  1.28935e+07
709.823	  1.28926e+07
710.11	  1.28916e+07
710.397	  1.28907e+07
710.684	  1.28897e+07
710.971	  1.28888e+07
711.258	  1.28878e+07
711.545	  1.28869e+07
711.832	  1.28859e+07
712.119	  1.2885e+07
712.406	  1.2884e+07
712.693	  1.2883e+07
712.98	  1.2882e+07
713.267	  1.2881e+07
713.554	  1.288e+07
713.841	  1.2879e+07
714.128	  1.2878e+07
714.415	  1.2877e+07
714.702	  1.2876e+07
714.989	  1.2875e+07
715.276	  1.2874e+07
715.563	  1.28729e+07
715.85	  1.28719e+07
716.137	  1.28708e+07
716.424	  1.28698e+07
716.711	  1.28688e+07
716.998	  1.28677e+07
717.285	  1.28666e+07
717.572	  1.28656e+07
717.859	  1.28645e+07
718.146	  1.28634e+07
718.433	  1.28623e+07
718.72	  1.28613e+07
719.007	  1.28602e+07
719.294	  1.28591e+07
719.581	  1.2858e+07
719.868	  1.28569e+07
720.155	  1.28558e+07
720.442	  1.28547e+07
720.729	  1.28535e+07
721.016	  1.28524e+07
721.303	  1.28513e+07
721.59	  1.28502e+07
721.877	  1.2849e+07
722.164	  1.28479e+07
722.451	  1.28467e+07
722.738	  1.28456e+07
723.025	  1.28444e+07
723.312	  1.28433e+07
723.599	  1.28421e+07
723.886	  1.28409e+07
724.173	  1.28397e+07
724.46	  1.28386e+07
724.747	  1.28374e+07
725.034	  1.28362e+07
725.321	  1.2835e+07
725.608	  1.28338e+07
725.895	  1.28326e+07
726.182	  1.28314e+07
726.469	  1.28302e+07
726.756	  1.2829e+07
727.043	  1.28277e+07
727.33	  1.28265e+07
727.617	  1.28253e+07
727.904	  1.2824e+07
728.191	  1.28228e+07
728.478	  1.28216e+07
728.765	  1.28203e+07
729.052	  1.2819e+07
729.339	  1.28178e+07
729.626	  1.28165e+07
729.913	  1.28153e+07
730.2	  1.2814e+07
730.487	  1.28127e+07
730.774	  1.28114e+07
731.061	  1.28101e+07
731.348	  1.28088e+07
731.635	  1.28075e+07
731.922	  1.28062e+07
732.209	  1.28049e+07
732.496	  1.28036e+07
732.783	  1.28023e+07
733.07	  1.2801e+07
733.357	  1.27997e+07
733.644	  1.27984e+07
733.931	  1.2797e+07
734.218	  1.27957e+07
734.505	  1.27943e+07
734.792	  1.2793e+07
735.079	  1.27916e+07
735.366	  1.27903e+07
735.653	  1.27889e+07
735.94	  1.27876e+07
736.227	  1.27862e+07
736.514	  1.27848e+07
736.801	  1.27835e+07
737.088	  1.27821e+07
737.375	  1.27807e+07
737.662	  1.27793e+07
737.949	  1.27779e+07
738.236	  1.27765e+07
738.523	  1.27751e+07
738.81	  1.27737e+07
739.097	  1.27723e+07
739.384	  1.27709e+07
739.671	  1.27695e+07
739.958	  1.2768e+07
740.245	  1.27666e+07
740.532	  1.27652e+07
740.819	  1.27637e+07
741.106	  1.27623e+07
741.393	  1.27609e+07
741.68	  1.27594e+07
741.967	  1.2758e+07
742.254	  1.27565e+07
742.541	  1.2755e+07
742.828	  1.27536e+07
743.115	  1.27521e+07
743.402	  1.27506e+07
743.689	  1.27491e+07
743.976	  1.27477e+07
744.263	  1.27462e+07
744.55	  1.27447e+07
744.837	  1.27432e+07
745.124	  1.27417e+07
745.411	  1.27402e+07
745.698	  1.27387e+07
745.985	  1.27372e+07
746.272	  1.27356e+07
746.559	  1.27341e+07
746.846	  1.27326e+07
747.133	  1.27311e+07
747.42	  1.27295e+07
747.707	  1.2728e+07
747.994	  1.27265e+07
748.281	  1.27249e+07
748.568	  1.27234e+07
748.855	  1.27218e+07
749.142	  1.27203e+07
749.429	  1.27187e+07
749.716	  1.27171e+07
750.003	  1.27156e+07
750.29	  1.2714e+07
750.577	  1.27124e+07
750.864	  1.27108e+07
751.151	  1.27092e+07
751.438	  1.27077e+07
751.725	  1.27061e+07
752.012	  1.27045e+07
752.299	  1.27029e+07
752.586	  1.27013e+07
752.873	  1.26996e+07
753.16	  1.2698e+07
753.447	  1.26964e+07
753.734	  1.26948e+07
754.021	  1.26932e+07
754.308	  1.26915e+07
754.595	  1.26899e+07
754.882	  1.26883e+07
755.169	  1.26866e+07
755.456	  1.2685e+07
755.743	  1.26833e+07
756.03	  1.26817e+07
756.317	  1.268e+07
756.604	  1.26784e+07
756.891	  1.26767e+07
757.178	  1.2675e+07
757.465	  1.26734e+07
757.752	  1.26717e+07
758.039	  1.267e+07
758.326	  1.26683e+07
758.613	  1.26666e+07
758.9	  1.26649e+07
759.187	  1.26632e+07
759.474	  1.26615e+07
759.761	  1.26598e+07
760.048	  1.26581e+07
760.335	  1.26564e+07
760.622	  1.26547e+07
760.909	  1.2653e+07
761.196	  1.26513e+07
761.483	  1.26495e+07
761.77	  1.26478e+07
762.057	  1.26461e+07
762.344	  1.26443e+07
762.631	  1.26426e+07
762.918	  1.26409e+07
763.205	  1.26391e+07
763.492	  1.26374e+07
763.779	  1.26356e+07
764.066	  1.26339e+07
764.353	  1.26321e+07
764.64	  1.26303e+07
764.927	  1.26286e+07
765.214	  1.26268e+07
765.501	  1.2625e+07
765.788	  1.26232e+07
766.075	  1.26214e+07
766.362	  1.26196e+07
766.649	  1.26179e+07
766.936	  1.26161e+07
767.223	  1.26143e+07
767.51	  1.26125e+07
767.797	  1.26107e+07
768.084	  1.26088e+07
768.371	  1.2607e+07
768.658	  1.26052e+07
768.945	  1.26034e+07
769.232	  1.26016e+07
769.519	  1.25997e+07
769.806	  1.25979e+07
770.093	  1.25961e+07
770.38	  1.25942e+07
770.667	  1.25924e+07
770.954	  1.25905e+07
771.241	  1.25887e+07
771.528	  1.25868e+07
771.815	  1.2585e+07
772.102	  1.25831e+07
772.389	  1.25813e+07
772.676	  1.25794e+07
772.963	  1.25775e+07
773.25	  1.25757e+07
773.537	  1.25738e+07
773.824	  1.25719e+07
774.111	  1.257e+07
774.398	  1.25681e+07
774.685	  1.25662e+07
774.972	  1.25643e+07
775.259	  1.25624e+07
775.546	  1.25605e+07
775.833	  1.25586e+07
776.12	  1.25567e+07
776.407	  1.25548e+07
776.694	  1.25529e+07
776.981	  1.2551e+07
777.268	  1.25491e+07
777.555	  1.25471e+07
777.842	  1.25452e+07
778.129	  1.25433e+07
778.416	  1.25413e+07
778.703	  1.25394e+07
778.99	  1.25375e+07
779.277	  1.25355e+07
779.564	  1.25336e+07
779.851	  1.25316e+07
780.138	  1.25297e+07
780.425	  1.25277e+07
780.712	  1.25257e+07
780.999	  1.25238e+07
781.286	  1.25218e+07
781.573	  1.25198e+07
781.86	  1.25179e+07
782.147	  1.25159e+07
782.434	  1.25139e+07
782.721	  1.25119e+07
783.008	  1.25099e+07
783.295	  1.25079e+07
783.582	  1.25059e+07
783.869	  1.25039e+07
784.156	  1.25019e+07
784.443	  1.24999e+07
784.73	  1.24979e+07
785.017	  1.24959e+07
785.304	  1.24939e+07
785.591	  1.24919e+07
785.878	  1.24899e+07
786.165	  1.24879e+07
786.452	  1.24858e+07
786.739	  1.24838e+07
787.026	  1.24818e+07
787.313	  1.24797e+07
787.6	  1.24777e+07
787.887	  1.24756e+07
788.174	  1.24736e+07
788.461	  1.24715e+07
788.748	  1.24695e+07
789.035	  1.24674e+07
789.322	  1.24654e+07
789.609	  1.24633e+07
789.896	  1.24613e+07
790.183	  1.24592e+07
790.47	  1.24571e+07
790.757	  1.2455e+07
791.044	  1.2453e+07
791.331	  1.24509e+07
791.618	  1.24488e+07
791.905	  1.24467e+07
792.192	  1.24446e+07
792.479	  1.24425e+07
792.766	  1.24404e+07
793.053	  1.24383e+07
793.34	  1.24362e+07
793.627	  1.24341e+07
793.914	  1.2432e+07
794.201	  1.24299e+07
794.488	  1.24278e+07
794.775	  1.24257e+07
795.062	  1.24236e+07
795.349	  1.24214e+07
795.636	  1.24193e+07
795.923	  1.24172e+07
796.21	  1.24151e+07
796.497	  1.24129e+07
796.784	  1.24108e+07
797.071	  1.24087e+07
797.358	  1.24065e+07
797.645	  1.24044e+07
797.932	  1.24022e+07
798.219	  1.24001e+07
798.506	  1.23979e+07
798.793	  1.23957e+07
799.08	  1.23936e+07
799.367	  1.23914e+07
799.654	  1.23893e+07
799.941	  1.23871e+07
800.228	  1.23849e+07
800.515	  1.23827e+07
800.802	  1.23806e+07
801.089	  1.23784e+07
801.376	  1.23762e+07
801.663	  1.2374e+07
801.95	  1.23718e+07
802.237	  1.23696e+07
802.524	  1.23674e+07
802.811	  1.23652e+07
803.098	  1.2363e+07
803.385	  1.23608e+07
803.672	  1.23586e+07
803.959	  1.23564e+07
804.246	  1.23542e+07
804.533	  1.2352e+07
804.82	  1.23498e+07
805.107	  1.23475e+07
805.394	  1.23453e+07
805.681	  1.23431e+07
805.968	  1.23409e+07
806.255	  1.23386e+07
806.542	  1.23364e+07
806.829	  1.23342e+07
807.116	  1.23319e+07
807.403	  1.23297e+07
807.69	  1.23274e+07
807.977	  1.23252e+07
808.264	  1.23229e+07
808.551	  1.23207e+07
808.838	  1.23184e+07
809.125	  1.23162e+07
809.412	  1.23139e+07
809.699	  1.23116e+07
809.986	  1.23094e+07
810.273	  1.23071e+07
810.56	  1.23048e+07
810.847	  1.23025e+07
811.134	  1.23003e+07
811.421	  1.2298e+07
811.708	  1.22957e+07
811.995	  1.22934e+07
812.282	  1.22911e+07
812.569	  1.22888e+07
812.856	  1.22865e+07
813.143	  1.22842e+07
813.43	  1.22819e+07
813.717	  1.22796e+07
814.004	  1.22773e+07
814.291	  1.2275e+07
814.578	  1.22727e+07
814.865	  1.22704e+07
815.152	  1.22681e+07
815.439	  1.22658e+07
815.726	  1.22635e+07
816.013	  1.22611e+07
816.3	  1.22588e+07
816.587	  1.22565e+07
816.874	  1.22541e+07
817.161	  1.22518e+07
817.448	  1.22495e+07
817.735	  1.22471e+07
818.022	  1.22448e+07
818.309	  1.22425e+07
818.596	  1.22401e+07
818.883	  1.22378e+07
819.17	  1.22354e+07
819.457	  1.22331e+07
820.002	  1.22286e+07
820.031	  1.22283e+07
820.059	  1.22281e+07
820.088	  1.22279e+07
820.117	  1.22276e+07
820.146	  1.22274e+07
820.174	  1.22272e+07
820.203	  1.22269e+07
820.232	  1.22267e+07
820.26	  1.22265e+07
820.289	  1.22262e+07
820.318	  1.2226e+07
820.346	  1.22257e+07
820.375	  1.22255e+07
820.404	  1.22253e+07
820.433	  1.2225e+07
820.461	  1.22248e+07
820.49	  1.22246e+07
820.519	  1.22243e+07
820.547	  1.22241e+07
820.576	  1.22239e+07
820.605	  1.22236e+07
820.633	  4.67782e+06
820.662	  4.67777e+06
820.691	  4.67771e+06
820.72	  4.67766e+06
820.748	  4.67761e+06
820.777	  4.67756e+06
820.806	  4.6775e+06
820.834	  4.67745e+06
820.863	  4.6774e+06
820.892	  4.67735e+06
820.92	  4.67729e+06
820.949	  4.67724e+06
820.978	  4.67719e+06
821.007	  4.67713e+06
821.035	  4.67708e+06
821.064	  4.67703e+06
821.093	  4.67698e+06
821.121	  4.67692e+06
821.15	  4.67687e+06
821.179	  4.67682e+06
821.207	  4.67676e+06
821.236	  4.67671e+06
821.265	  4.67666e+06
821.294	  4.67661e+06
821.322	  4.67655e+06
821.351	  4.6765e+06
821.38	  4.67645e+06
821.408	  4.67639e+06
821.437	  4.67634e+06
821.466	  4.67629e+06
821.494	  4.67623e+06
821.523	  4.67618e+06
821.552	  4.67613e+06
821.581	  4.67608e+06
821.609	  4.67602e+06
821.638	  4.67597e+06
821.667	  4.67592e+06
821.695	  4.67586e+06
821.724	  4.67581e+06
821.753	  4.67576e+06
821.781	  4.6757e+06
821.81	  4.67565e+06
821.839	  4.6756e+06
821.868	  4.67555e+06
821.896	  4.67549e+06
821.925	  4.67544e+06
821.954	  4.67539e+06
821.982	  4.67533e+06
822.011	  4.67528e+06
822.011	  4.67528e+06
822.298	  4.67475e+06
822.585	  4.67421e+06
822.872	  4.67368e+06
823.159	  4.67315e+06
823.446	  4.67261e+06
823.733	  4.67207e+06
824.02	  4.67154e+06
824.307	  4.671e+06
824.594	  4.67046e+06
824.881	  4.66992e+06
825.168	  4.66938e+06
825.455	  4.66883e+06
825.742	  4.66829e+06
826.029	  4.66775e+06
826.316	  4.6672e+06
826.603	  4.66666e+06
826.89	  4.66611e+06
827.177	  4.66556e+06
827.464	  4.66501e+06
827.751	  4.66447e+06
828.038	  4.66392e+06
828.325	  4.66336e+06
828.612	  4.66281e+06
828.899	  4.66226e+06
829.186	  4.66171e+06
829.473	  4.66115e+06
829.76	  4.6606e+06
830.047	  4.66004e+06
830.334	  4.65948e+06
830.621	  4.65892e+06
830.908	  4.65836e+06
831.195	  4.6578e+06
831.482	  4.65724e+06
831.769	  4.65668e+06
832.056	  4.65612e+06
832.343	  4.65556e+06
832.63	  4.65499e+06
832.917	  4.65443e+06
833.204	  4.65386e+06
833.491	  4.65329e+06
833.778	  4.65273e+06
834.065	  4.65216e+06
834.352	  4.65159e+06
834.639	  4.65102e+06
834.926	  4.65045e+06
835.213	  4.64987e+06
835.5	  4.6493e+06
835.787	  4.64873e+06
836.074	  4.64815e+06
836.361	  4.64758e+06
836.648	  4.647e+06
836.935	  4.64642e+06
837.222	  4.64585e+06
837.509	  4.64527e+06
837.796	  4.64469e+06
838.083	  4.64411e+06
838.37	  4.64352e+06
838.657	  4.64294e+06
838.944	  4.64236e+06
839.231	  4.64178e+06
839.518	  4.64119e+06
839.805	  4.6406e+06
840.092	  4.64002e+06
840.379	  4.63943e+06
840.666	  4.63884e+06
840.953	  4.63825e+06
841.24	  4.63766e+06
841.527	  4.63707e+06
841.814	  4.63648e+06
842.101	  4.63589e+06
842.388	  4.6353e+06
842.675	  4.6347e+06
842.962	  4.63411e+06
843.249	  4.63351e+06
843.536	  4.63292e+06
843.823	  4.63232e+06
844.11	  4.63172e+06
844.397	  4.63112e+06
844.684	  4.63052e+06
844.971	  4.62992e+06
845.258	  4.62932e+06
845.545	  4.62872e+06
845.832	  4.62812e+06
846.119	  4.62752e+06
846.406	  4.62691e+06
846.693	  4.62631e+06
846.98	  4.6257e+06
847.267	  4.62509e+06
847.554	  4.62449e+06
847.841	  4.62388e+06
848.128	  4.62327e+06
848.415	  4.62266e+06
848.702	  4.62205e+06
848.989	  4.62144e+06
849.276	  4.62083e+06
849.563	  4.62021e+06
849.85	  4.6196e+06
850.137	  4.61898e+06
850.424	  4.61837e+06
850.711	  4.61775e+06
850.998	  4.61714e+06
851.285	  4.61652e+06
851.572	  4.6159e+06
851.859	  4.61528e+06
852.146	  4.61466e+06
852.433	  4.61404e+06
852.72	  4.61342e+06
853.007	  4.6128e+06
853.294	  4.61217e+06
853.581	  4.61155e+06
853.868	  4.61093e+06
854.155	  4.6103e+06
854.442	  4.60967e+06
854.729	  4.60905e+06
855.016	  4.60842e+06
855.303	  4.60779e+06
855.59	  4.60716e+06
855.877	  4.60653e+06
856.164	  4.6059e+06
856.451	  4.60527e+06
856.738	  4.60464e+06
857.025	  4.60401e+06
857.312	  4.60337e+06
857.599	  4.60274e+06
857.886	  4.60211e+06
858.173	  4.60147e+06
858.46	  4.60083e+06
858.747	  4.6002e+06
859.034	  4.59956e+06
859.321	  4.59892e+06
859.608	  4.59828e+06
859.895	  4.59764e+06
860.182	  4.597e+06
860.469	  4.59636e+06
860.756	  4.59572e+06
861.043	  4.59507e+06
861.33	  4.59443e+06
861.617	  4.59379e+06
861.904	  4.59314e+06
862.191	  4.59249e+06
862.478	  4.59185e+06
862.765	  4.5912e+06
863.052	  4.59055e+06
863.339	  4.5899e+06
863.626	  4.58926e+06
863.913	  4.58861e+06
864.2	  4.58795e+06
864.487	  4.5873e+06
864.774	  4.58665e+06
865.061	  4.586e+06
865.348	  4.58534e+06
865.635	  4.58469e+06
865.922	  4.58404e+06
866.209	  4.58338e+06
866.496	  4.58272e+06
866.783	  4.58207e+06
867.07	  4.58141e+06
867.357	  4.58075e+06
867.644	  4.58009e+06
867.931	  4.57943e+06
868.218	  4.57877e+06
868.505	  4.57811e+06
868.792	  4.57745e+06
869.079	  4.57678e+06
869.366	  4.57612e+06
869.653	  4.57546e+06
869.94	  4.57479e+06
870.227	  4.57413e+06
870.514	  4.57346e+06
870.801	  4.5728e+06
871.088	  4.57213e+06
871.375	  4.57146e+06
871.662	  4.57079e+06
871.949	  4.57012e+06
872.236	  4.56945e+06
872.523	  4.56878e+06
872.81	  4.56811e+06
873.097	  4.56744e+06
873.384	  4.56677e+06
873.671	  4.56609e+06
873.958	  4.56542e+06
874.245	  4.56474e+06
874.532	  4.56407e+06
874.819	  4.56339e+06
875.106	  4.56272e+06
875.393	  4.56204e+06
875.68	  4.56136e+06
875.967	  4.56068e+06
876.254	  4.56e+06
876.541	  4.55932e+06
876.828	  4.55864e+06
877.115	  4.55796e+06
877.402	  4.55728e+06
877.689	  4.5566e+06
877.976	  4.55591e+06
878.263	  4.55523e+06
878.55	  4.55455e+06
878.837	  4.55386e+06
879.124	  4.55318e+06
879.411	  4.55249e+06
879.698	  4.5518e+06
879.985	  4.55111e+06
880.272	  4.55043e+06
880.559	  4.54974e+06
880.846	  4.54905e+06
881.133	  4.54836e+06
881.42	  4.54767e+06
881.707	  4.54698e+06
881.994	  4.54628e+06
882.281	  4.54559e+06
882.568	  4.5449e+06
882.855	  4.5442e+06
883.142	  4.54351e+06
883.429	  4.54281e+06
883.716	  4.54212e+06
884.003	  4.54142e+06
884.29	  4.54073e+06
884.577	  4.54003e+06
884.864	  4.53933e+06
885.151	  4.53863e+06
885.438	  4.53793e+06
885.725	  4.53723e+06
886.012	  4.53653e+06
886.299	  4.53583e+06
886.586	  4.53513e+06
886.873	  4.53443e+06
887.16	  4.53372e+06
887.447	  4.53302e+06
887.734	  4.53232e+06
888.021	  4.53161e+06
888.308	  4.53091e+06
888.595	  4.5302e+06
888.882	  4.52949e+06
889.169	  4.52879e+06
889.456	  4.52808e+06
889.743	  4.52737e+06
890.03	  4.52666e+06
890.317	  4.52595e+06
890.604	  4.52524e+06
890.891	  4.52453e+06
891.178	  4.52382e+06
891.465	  4.52311e+06
891.752	  4.52239e+06
892.039	  4.52168e+06
892.326	  4.52097e+06
892.613	  4.52025e+06
892.9	  4.51954e+06
893.187	  4.51882e+06
893.474	  4.51811e+06
893.761	  4.51739e+06
894.048	  4.51667e+06
894.335	  4.51596e+06
894.622	  4.51524e+06
894.909	  4.51452e+06
895.196	  4.5138e+06
895.483	  4.51308e+06
895.77	  4.51236e+06
896.057	  4.51164e+06
896.344	  4.51092e+06
896.631	  4.5102e+06
896.918	  4.50947e+06
897.205	  4.50875e+06
897.492	  4.50803e+06
897.779	  4.5073e+06
898.066	  4.50658e+06
898.353	  4.50585e+06
898.64	  4.50512e+06
898.927	  4.5044e+06
899.214	  4.50367e+06
899.501	  4.50294e+06
899.788	  4.50221e+06
900.075	  4.50149e+06
900.362	  4.50076e+06
900.649	  4.50003e+06
900.936	  4.4993e+06
901.223	  4.49856e+06
901.51	  4.49783e+06
901.797	  4.4971e+06
902.084	  4.49637e+06
902.371	  4.49564e+06
902.658	  4.4949e+06
902.945	  4.49417e+06
903.232	  4.49343e+06
903.519	  4.4927e+06
903.806	  4.49196e+06
904.093	  4.49123e+06
904.38	  4.49049e+06
904.667	  4.48975e+06
904.954	  4.48901e+06
905.241	  4.48827e+06
905.528	  4.48754e+06
905.815	  4.4868e+06
906.102	  4.48606e+06
906.389	  4.48531e+06
906.676	  4.48457e+06
906.963	  4.48383e+06
907.25	  4.48309e+06
907.537	  4.48235e+06
907.824	  4.4816e+06
908.111	  4.48086e+06
908.398	  4.48012e+06
908.685	  4.47937e+06
908.972	  4.47863e+06
909.259	  4.47788e+06
909.546	  4.47713e+06
909.833	  4.47639e+06
910.12	  4.47564e+06
910.407	  4.47489e+06
910.694	  4.47414e+06
910.981	  4.47339e+06
911.268	  4.47265e+06
911.555	  4.4719e+06
911.842	  4.47115e+06
912.129	  4.47039e+06
912.416	  4.46964e+06
912.703	  4.46889e+06
912.99	  4.46814e+06
913.277	  4.46739e+06
913.564	  4.46663e+06
913.851	  4.46588e+06
914.138	  4.46512e+06
914.425	  4.46437e+06
914.712	  4.46361e+06
914.999	  4.46286e+06
915.286	  4.4621e+06
915.573	  4.46135e+06
915.86	  4.46059e+06
916.147	  4.45983e+06
916.434	  4.45907e+06
916.721	  4.45831e+06
917.008	  4.45755e+06
917.295	  4.45679e+06
917.582	  4.45603e+06
917.869	  4.45527e+06
918.156	  4.45451e+06
918.443	  4.45375e+06
918.73	  4.45299e+06
919.017	  4.45223e+06
919.304	  4.45146e+06
919.591	  4.4507e+06
919.878	  4.44994e+06
920.165	  4.44917e+06
920.452	  4.44841e+06
920.739	  4.44764e+06
921.026	  4.44688e+06
921.313	  4.44611e+06
921.6	  4.44534e+06
921.887	  4.44458e+06
922.174	  4.44381e+06
922.461	  4.44304e+06
922.748	  4.44227e+06
923.035	  4.4415e+06
923.322	  4.44073e+06
923.609	  4.43996e+06
923.896	  4.43919e+06
924.183	  4.43842e+06
924.47	  4.43765e+06
924.757	  4.43688e+06
925.044	  4.4361e+06
925.331	  4.43533e+06
925.618	  4.43456e+06
925.905	  4.43379e+06
926.192	  4.43301e+06
926.479	  4.43224e+06
926.766	  4.43146e+06
927.053	  4.43069e+06
927.34	  4.42991e+06
927.627	  4.42913e+06
927.914	  4.42836e+06
928.201	  4.42758e+06
928.488	  4.4268e+06
928.775	  4.42602e+06
929.062	  4.42525e+06
929.349	  4.42447e+06
929.636	  4.42369e+06
929.923	  4.42291e+06
930.21	  4.42213e+06
930.497	  4.42135e+06
930.784	  4.42057e+06
931.071	  4.41978e+06
931.358	  4.419e+06
931.645	  4.41822e+06
931.932	  4.41744e+06
932.219	  4.41665e+06
932.506	  4.41587e+06
932.793	  4.41508e+06
933.08	  4.4143e+06
933.367	  4.41352e+06
933.654	  4.41273e+06
933.941	  4.41194e+06
934.228	  4.41116e+06
934.515	  4.41037e+06
934.802	  4.40958e+06
935.089	  4.4088e+06
935.376	  4.40801e+06
935.663	  4.40722e+06
935.95	  4.40643e+06
936.237	  4.40564e+06
936.524	  4.40485e+06
936.811	  4.40406e+06
937.098	  4.40327e+06
937.385	  4.40248e+06
937.672	  4.40169e+06
937.959	  4.4009e+06
938.246	  4.40011e+06
938.533	  4.39931e+06
938.82	  4.39852e+06
939.107	  4.39773e+06
939.394	  4.39693e+06
939.681	  4.39614e+06
939.968	  4.39534e+06
940.255	  4.39455e+06
940.542	  4.39375e+06
940.829	  4.39296e+06
941.116	  4.39216e+06
941.403	  4.39137e+06
941.69	  4.39057e+06
941.977	  4.38977e+06
942.264	  4.38897e+06
942.551	  4.38818e+06
942.838	  4.38738e+06
943.125	  4.38658e+06
943.412	  4.38578e+06
943.699	  4.38498e+06
943.986	  4.38418e+06
944.273	  4.38338e+06
944.56	  4.38258e+06
944.847	  4.38178e+06
945.134	  4.38098e+06
945.421	  4.38017e+06
945.708	  4.37937e+06
945.995	  4.37857e+06
946.282	  4.37777e+06
946.569	  4.37696e+06
946.856	  4.37616e+06
947.143	  4.37535e+06
947.43	  4.37455e+06
947.717	  4.37374e+06
948.004	  4.37294e+06
948.291	  4.37213e+06
948.578	  4.37133e+06
948.865	  4.37052e+06
949.152	  4.36971e+06
949.439	  4.36891e+06
949.726	  4.3681e+06
950.013	  4.36729e+06
950.3	  4.36648e+06
950.587	  4.36567e+06
950.874	  4.36486e+06
951.161	  4.36405e+06
951.448	  4.36325e+06
951.735	  4.36243e+06
952.022	  4.36162e+06
952.309	  4.36081e+06
952.596	  4.36e+06
952.883	  4.35919e+06
953.17	  4.35838e+06
953.457	  4.35757e+06
953.744	  4.35675e+06
954.031	  4.35594e+06
954.318	  4.35513e+06
954.605	  4.35431e+06
954.892	  4.3535e+06
955.179	  4.35268e+06
955.466	  4.35187e+06
955.753	  4.35105e+06
956.04	  4.35024e+06
956.327	  4.34942e+06
956.614	  4.34861e+06
956.901	  4.34779e+06
957.188	  4.34697e+06
957.475	  4.34616e+06
957.762	  4.34534e+06
958.049	  4.34452e+06
958.336	  4.3437e+06
958.623	  4.34288e+06
958.91	  4.34206e+06
959.197	  4.34124e+06
959.484	  4.34042e+06
959.771	  4.3396e+06
960.058	  4.33878e+06
960.345	  4.33796e+06
960.632	  4.33714e+06
960.919	  4.33632e+06
961.206	  4.3355e+06
961.493	  4.33468e+06
961.78	  4.33385e+06
962.067	  4.33303e+06
962.354	  4.33221e+06
962.641	  4.33139e+06
962.928	  4.33056e+06
963.215	  4.32974e+06
963.502	  4.32891e+06
963.789	  4.32809e+06
964.076	  4.32726e+06
964.363	  4.32644e+06
964.65	  4.32561e+06
964.937	  4.32479e+06
965.224	  4.32396e+06
965.511	  4.32313e+06
965.798	  4.32231e+06
966.085	  4.32148e+06
966.372	  4.32065e+06
966.659	  4.31982e+06
966.946	  4.31899e+06
967.233	  4.31817e+06
967.52	  4.31734e+06
967.807	  4.31651e+06
968.094	  4.31568e+06
968.381	  4.31485e+06
968.668	  4.31402e+06
968.955	  4.31319e+06
969.242	  4.31236e+06
969.529	  4.31153e+06
969.816	  4.31069e+06
970.103	  4.30986e+06
970.39	  4.30903e+06
970.677	  4.3082e+06
970.964	  4.30737e+06
971.251	  4.30653e+06
971.538	  4.3057e+06
971.825	  4.30487e+06
972.112	  4.30403e+06
972.399	  4.3032e+06
972.686	  4.30236e+06
972.973	  4.30153e+06
973.26	  4.30069e+06
973.547	  4.29986e+06
973.834	  4.29902e+06
974.121	  4.29819e+06
974.408	  4.29735e+06
974.695	  4.29651e+06
974.982	  4.29568e+06
975.269	  4.29484e+06
975.556	  4.294e+06
975.843	  4.29316e+06
976.13	  4.29233e+06
976.417	  4.29149e+06
976.704	  4.29065e+06
976.991	  4.28981e+06
977.278	  4.28897e+06
977.565	  4.28813e+06
977.852	  4.28729e+06
978.139	  4.28645e+06
978.426	  4.28561e+06
978.713	  4.28477e+06
979	  4.28393e+06
979.287	  4.28309e+06
979.574	  4.28225e+06
979.861	  4.28141e+06
980.148	  4.28056e+06
980.435	  4.27972e+06
980.722	  4.27888e+06
981.009	  4.27804e+06
981.296	  4.27719e+06
981.583	  4.27635e+06
981.87	  4.2755e+06
982.157	  4.27466e+06
982.444	  4.27382e+06
982.731	  4.27297e+06
983.018	  4.27213e+06
983.305	  4.27128e+06
983.592	  4.27044e+06
983.879	  4.26959e+06
984.166	  4.26874e+06
984.453	  4.2679e+06
984.74	  4.26705e+06
985.027	  4.26621e+06
985.314	  4.26536e+06
985.601	  4.26451e+06
985.888	  4.26366e+06
986.175	  4.26282e+06
986.462	  4.26197e+06
986.749	  4.26112e+06
987.036	  4.26027e+06
987.323	  4.25942e+06
987.61	  4.25857e+06
987.897	  4.25772e+06
988.184	  4.25687e+06
988.471	  4.25602e+06
988.758	  4.25517e+06
989.045	  4.25432e+06
989.332	  4.25347e+06
989.619	  4.25262e+06
989.906	  4.25177e+06
990.193	  4.25092e+06
990.48	  4.25007e+06
990.767	  4.24922e+06
991.054	  4.24836e+06
991.341	  4.24751e+06
991.628	  4.24666e+06
991.915	  4.2458e+06
992.202	  4.24495e+06
992.489	  4.2441e+06
992.776	  4.24324e+06
993.063	  4.24239e+06
993.35	  4.24154e+06
993.637	  4.24068e+06
993.924	  4.23983e+06
994.211	  4.23897e+06
994.498	  4.23812e+06
994.785	  4.23726e+06
995.072	  4.23641e+06
995.359	  4.23555e+06
995.646	  4.23469e+06
995.933	  4.23384e+06
996.22	  4.23298e+06
996.507	  4.23212e+06
996.794	  4.23127e+06
997.081	  4.23041e+06
997.368	  4.22955e+06
997.655	  4.22869e+06
997.942	  4.22784e+06
998.229	  4.22698e+06
998.516	  4.22612e+06
998.803	  4.22526e+06
999.09	  4.2244e+06
999.377	  4.22354e+06
999.664	  4.22268e+06
999.951	  4.22182e+06
1000.24	  4.22096e+06
1000.52	  4.2201e+06
1000.81	  4.21924e+06
1001.1	  4.21838e+06
1001.39	  4.21752e+06
1001.67	  4.21666e+06
1001.96	  4.2158e+06
1002.25	  4.21494e+06
1002.53	  4.21407e+06
1002.82	  4.21321e+06
1003.11	  4.21235e+06
1003.39	  4.21149e+06
1003.68	  4.21063e+06
1003.97	  4.20976e+06
1004.26	  4.2089e+06
1004.54	  4.20804e+06
1004.83	  4.20717e+06
1005.12	  4.20631e+06
1005.4	  4.20544e+06
1005.69	  4.20458e+06
1005.98	  4.20372e+06
1006.26	  4.20285e+06
1006.55	  4.20199e+06
1006.84	  4.20112e+06
1007.13	  4.20026e+06
1007.41	  4.19939e+06
1007.7	  4.19853e+06
1007.99	  4.19766e+06
1008.27	  4.19679e+06
1008.56	  4.19593e+06
1008.85	  4.19506e+06
1009.13	  4.19419e+06
1009.42	  4.19333e+06
1009.71	  4.19246e+06
1010	  4.19159e+06
1010.28	  4.19072e+06
1010.57	  4.18986e+06
1010.86	  4.18899e+06
1011.14	  4.18812e+06
1011.43	  4.18725e+06
1011.72	  4.18638e+06
1012	  4.18551e+06
1012.29	  4.18465e+06
1012.58	  4.18378e+06
1012.87	  4.18291e+06
1013.15	  4.18204e+06
1013.44	  4.18117e+06
1013.73	  4.1803e+06
1014.01	  4.17943e+06
1014.3	  4.17856e+06
1014.59	  4.17769e+06
1014.88	  4.17682e+06
1015.16	  4.17594e+06
1015.45	  4.17507e+06
1015.74	  4.1742e+06
1016.02	  4.17333e+06
1016.31	  4.17246e+06
1016.6	  4.17159e+06
1016.88	  4.17071e+06
1017.17	  4.16984e+06
1017.46	  4.16897e+06
1017.75	  4.1681e+06
1018.03	  4.16722e+06
1018.32	  4.16635e+06
1018.61	  4.16548e+06
1018.89	  4.1646e+06
1019.18	  4.16373e+06
1019.47	  4.16286e+06
1019.98	  4.16131e+06
1021.08	  4.15796e+06
1022.17	  4.1546e+06
1023.27	  4.15124e+06
1024.38	  4.14788e+06
1025.47	  4.14452e+06
1026.58	  4.14116e+06
1027.67	  4.13779e+06
1028.78	  4.13442e+06
1029.88	  4.13105e+06
1030.97	  4.12767e+06
1032.08	  4.12429e+06
1033.17	  4.12091e+06
1034.28	  4.11753e+06
1035.38	  4.11415e+06
1036.47	  4.11076e+06
1037.58	  4.10737e+06
1038.67	  4.10398e+06
1039.78	  4.10059e+06
1040.88	  4.09719e+06
1041.97	  4.0938e+06
1043.08	  4.0904e+06
1044.17	  4.087e+06
1045.28	  4.08359e+06
1046.38	  4.08019e+06
1047.47	  4.07678e+06
1048.58	  4.07337e+06
1049.67	  4.06996e+06
1050.78	  4.06655e+06
1051.88	  4.06314e+06
1052.97	  4.05972e+06
1054.08	  4.0563e+06
1055.17	  4.05288e+06
1056.28	  4.04946e+06
1057.38	  4.04604e+06
1058.47	  4.04261e+06
1059.58	  4.03919e+06
1060.67	  4.03576e+06
1061.78	  4.03233e+06
1062.88	  4.0289e+06
1063.97	  4.02547e+06
1065.08	  4.02204e+06
1066.17	  4.0186e+06
1067.28	  4.01517e+06
1068.38	  4.01173e+06
1069.47	  4.00829e+06
1070.58	  4.00485e+06
1071.67	  4.00141e+06
1072.78	  3.99796e+06
1073.88	  3.99452e+06
1074.97	  3.99108e+06
1076.08	  3.98763e+06
1077.17	  3.98418e+06
1078.28	  3.98073e+06
1079.38	  3.97728e+06
1080.47	  3.97383e+06
1081.58	  3.97038e+06
1082.67	  3.96693e+06
1083.78	  3.96347e+06
1084.88	  3.96002e+06
1085.97	  3.95656e+06
1087.08	  3.95311e+06
1088.17	  3.94965e+06
1089.28	  3.94619e+06
1090.38	  3.94273e+06
1091.47	  3.93927e+06
1092.58	  3.93581e+06
1093.67	  3.93235e+06
1094.78	  3.92889e+06
1095.88	  3.92543e+06
1096.97	  3.92196e+06
1098.08	  3.9185e+06
1099.17	  3.91503e+06
1100.28	  3.91157e+06
1101.38	  3.9081e+06
1102.47	  3.90463e+06
1103.58	  3.90117e+06
1104.67	  3.8977e+06
1105.78	  3.89423e+06
1106.88	  3.89076e+06
1107.97	  3.88729e+06
1109.08	  3.88382e+06
1110.17	  3.88035e+06
1111.28	  3.87688e+06
1112.38	  3.87341e+06
1113.47	  3.86994e+06
1114.58	  3.86647e+06
1115.67	  3.863e+06
1116.78	  3.85953e+06
1117.88	  3.85605e+06
1118.97	  3.85258e+06
1120.08	  3.84911e+06
1121.17	  3.84563e+06
1122.28	  3.84216e+06
1123.38	  3.83869e+06
1124.47	  3.83521e+06
1125.58	  3.83174e+06
1126.67	  3.82827e+06
1127.78	  3.82479e+06
1128.88	  3.82132e+06
1129.97	  3.81785e+06
1131.08	  3.81437e+06
1132.17	  3.8109e+06
1133.28	  3.80742e+06
1134.38	  3.80395e+06
1135.47	  3.80048e+06
1136.58	  3.797e+06
1137.67	  3.79353e+06
1138.78	  3.79005e+06
1139.88	  3.78658e+06
1140.97	  3.78311e+06
1142.08	  3.77963e+06
1143.17	  3.77616e+06
1144.28	  3.77269e+06
1145.38	  3.76922e+06
1146.47	  3.76574e+06
1147.58	  3.76227e+06
1148.67	  3.7588e+06
1149.78	  3.75533e+06
1150.88	  3.75186e+06
1151.97	  3.74839e+06
1153.08	  3.74492e+06
1154.17	  3.74144e+06
1155.28	  3.73798e+06
1156.38	  3.73451e+06
1157.47	  3.73104e+06
1158.58	  3.72757e+06
1159.67	  3.7241e+06
1160.78	  3.72063e+06
1161.88	  3.71717e+06
1162.97	  3.7137e+06
1164.08	  3.71023e+06
1165.17	  3.70677e+06
1166.28	  3.7033e+06
1167.38	  3.69984e+06
1168.47	  3.69637e+06
1169.58	  3.69291e+06
1170.67	  3.68945e+06
1171.78	  3.68598e+06
1172.88	  3.68252e+06
1173.97	  3.67906e+06
1175.08	  3.6756e+06
1176.17	  3.67214e+06
1177.28	  3.66868e+06
1178.38	  3.66523e+06
1179.47	  3.66177e+06
1180.58	  3.65831e+06
1181.67	  3.65486e+06
1182.78	  3.6514e+06
1183.88	  3.64795e+06
1184.97	  3.64449e+06
1186.08	  3.64104e+06
1187.17	  3.63759e+06
1188.28	  3.63414e+06
1189.38	  3.63069e+06
1190.47	  3.62724e+06
1191.58	  3.62379e+06
1192.67	  3.62034e+06
1193.78	  3.6169e+06
1194.88	  3.61345e+06
1195.97	  3.61e+06
1197.08	  3.60656e+06
1198.17	  3.60312e+06
1199.28	  3.59968e+06
1200.38	  3.59624e+06
1201.47	  3.5928e+06
1202.58	  3.58936e+06
1203.67	  3.58592e+06
1204.78	  3.58248e+06
1205.88	  3.57905e+06
1206.97	  3.57561e+06
1208.08	  3.57218e+06
1209.17	  3.56875e+06
1210.28	  3.56531e+06
1211.38	  3.56188e+06
1212.47	  3.55846e+06
1213.58	  3.55503e+06
1214.67	  3.5516e+06
1215.78	  3.54818e+06
1216.88	  3.54475e+06
1217.97	  3.54133e+06
1219.08	  3.53791e+06
1220.17	  3.53448e+06
1221.28	  3.53106e+06
1222.38	  3.52765e+06
1223.47	  3.52423e+06
1224.58	  3.52081e+06
1225.67	  3.5174e+06
1226.78	  3.51399e+06
1227.88	  3.51057e+06
1228.97	  3.50716e+06
1230.08	  3.50375e+06
1231.17	  3.50035e+06
1232.28	  3.49694e+06
1233.38	  3.49353e+06
1234.47	  3.49013e+06
1235.58	  3.48673e+06
1236.67	  3.48333e+06
1237.78	  3.47993e+06
1238.88	  3.47653e+06
1239.97	  3.47313e+06
1241.08	  3.46973e+06
1242.17	  3.46634e+06
1243.28	  3.46295e+06
1244.38	  3.45956e+06
1245.47	  3.45617e+06
1246.58	  3.45278e+06
1247.67	  3.44939e+06
1248.78	  3.44601e+06
1249.88	  3.44262e+06
1250.97	  3.43924e+06
1252.08	  3.43586e+06
1253.17	  3.43248e+06
1254.28	  3.4291e+06
1255.38	  3.42572e+06
1256.47	  3.42235e+06
1257.58	  3.41898e+06
1258.67	  3.41561e+06
1259.78	  3.41224e+06
1260.88	  3.40887e+06
1261.97	  3.4055e+06
1263.08	  3.40213e+06
1264.17	  3.39877e+06
1265.28	  3.39541e+06
1266.38	  3.39205e+06
1267.47	  3.38869e+06
1268.58	  3.38533e+06
1269.67	  3.38198e+06
1270.78	  3.37862e+06
1271.88	  3.37527e+06
1272.97	  3.37192e+06
1274.08	  3.36857e+06
1275.17	  3.36523e+06
1276.28	  3.36188e+06
1277.38	  3.35854e+06
1278.47	  3.3552e+06
1279.58	  3.35186e+06
1280.67	  3.34852e+06
1281.78	  3.34518e+06
1282.88	  3.34185e+06
1283.97	  3.33851e+06
1285.08	  3.33518e+06
1286.17	  3.33185e+06
1287.28	  3.32853e+06
1288.38	  3.3252e+06
1289.47	  3.32188e+06
1290.58	  3.31855e+06
1291.67	  3.31523e+06
1292.78	  3.31191e+06
1293.88	  3.3086e+06
1294.97	  3.30528e+06
1296.08	  3.30197e+06
1297.17	  3.29866e+06
1298.28	  3.29535e+06
1299.38	  3.29204e+06
1300.47	  3.28874e+06
1301.58	  3.28543e+06
1302.67	  3.28213e+06
1303.78	  3.27883e+06
1304.88	  3.27553e+06
1305.97	  3.27224e+06
1307.08	  3.26894e+06
1308.17	  3.26565e+06
1309.28	  3.26236e+06
1310.38	  3.25907e+06
1311.47	  3.25579e+06
1312.58	  3.2525e+06
1313.67	  3.24922e+06
1314.78	  3.24594e+06
1315.88	  3.24266e+06
1316.97	  3.23938e+06
1318.08	  3.23611e+06
1319.17	  3.23284e+06
1320.28	  3.22957e+06
1321.38	  3.2263e+06
1322.47	  3.22303e+06
1323.58	  3.21977e+06
1324.67	  3.2165e+06
1325.78	  3.21324e+06
1326.88	  3.20998e+06
1327.97	  3.20673e+06
1329.08	  3.20347e+06
1330.17	  3.20022e+06
1331.28	  3.19697e+06
1332.38	  3.19372e+06
1333.47	  3.19048e+06
1334.58	  3.18723e+06
1335.67	  3.18399e+06
1336.78	  3.18075e+06
1337.88	  3.17751e+06
1338.97	  3.17428e+06
1340.08	  3.17104e+06
1341.17	  3.16781e+06
1342.28	  3.16458e+06
1343.38	  3.16135e+06
1344.47	  3.15813e+06
1345.58	  3.1549e+06
1346.67	  3.15168e+06
1347.78	  3.14846e+06
1348.88	  3.14525e+06
1349.97	  3.14203e+06
1351.08	  3.13882e+06
1352.17	  3.13561e+06
1353.28	  3.1324e+06
1354.38	  3.1292e+06
1355.47	  3.12599e+06
1356.58	  3.12279e+06
1357.67	  3.11959e+06
1358.78	  3.11639e+06
1359.88	  3.1132e+06
1360.97	  3.11e+06
1362.08	  3.10681e+06
1363.17	  3.10363e+06
1364.28	  3.10044e+06
1365.38	  3.09725e+06
1366.47	  3.09407e+06
1367.58	  3.09089e+06
1368.67	  3.08771e+06
1369.78	  3.08454e+06
1370.88	  3.08137e+06
1371.97	  3.0782e+06
1373.08	  3.07503e+06
1374.17	  3.07186e+06
1375.28	  3.0687e+06
1376.38	  3.06553e+06
1377.47	  3.06237e+06
1378.58	  3.05922e+06
1379.67	  3.05606e+06
1380.78	  3.05291e+06
1381.88	  3.04976e+06
1382.97	  3.04661e+06
1384.08	  3.04346e+06
1385.17	  3.04032e+06
1386.28	  3.03718e+06
1387.38	  3.03404e+06
1388.47	  3.0309e+06
1389.58	  3.02777e+06
1390.67	  3.02463e+06
1391.78	  3.0215e+06
1392.88	  3.01838e+06
1393.97	  3.01525e+06
1395.08	  3.01213e+06
1396.17	  3.00901e+06
1397.28	  3.00589e+06
1398.38	  3.00277e+06
1399.47	  2.99966e+06
1400.58	  2.99654e+06
1401.67	  2.99344e+06
1402.78	  2.99033e+06
1403.88	  2.98722e+06
1404.97	  2.98412e+06
1406.08	  2.98102e+06
1407.17	  2.97792e+06
1408.28	  2.97483e+06
1409.38	  2.97173e+06
1410.47	  2.96864e+06
1411.58	  2.96556e+06
1412.67	  2.96247e+06
1413.78	  2.95939e+06
1414.88	  2.9563e+06
1415.97	  2.95323e+06
1417.08	  2.95015e+06
1418.17	  2.94707e+06
1419.28	  2.944e+06
1420.38	  2.94093e+06
1421.47	  2.93787e+06
1422.58	  2.9348e+06
1423.67	  2.93174e+06
1424.78	  2.92868e+06
1425.88	  2.92562e+06
1426.97	  2.92257e+06
1428.08	  2.91951e+06
1429.17	  2.91646e+06
1430.28	  2.91342e+06
1431.38	  2.91037e+06
1432.47	  2.90733e+06
1433.58	  2.90429e+06
1434.67	  2.90125e+06
1435.78	  2.89821e+06
1436.88	  2.89518e+06
1437.97	  2.89215e+06
1439.08	  2.88912e+06
1440.17	  2.88609e+06
1441.28	  2.88307e+06
1442.38	  2.88005e+06
1443.47	  2.87703e+06
1444.58	  2.87401e+06
1445.67	  2.871e+06
1446.78	  2.86798e+06
1447.88	  2.86497e+06
1448.97	  2.86197e+06
1450.08	  2.85896e+06
1451.17	  2.85596e+06
1452.28	  2.85296e+06
1453.38	  2.84996e+06
1454.47	  2.84697e+06
1455.58	  2.84398e+06
1456.67	  2.84099e+06
1457.78	  2.838e+06
1458.88	  1.92683e+06
1459.97	  1.92505e+06
1461.08	  1.92326e+06
1462.17	  1.92148e+06
1463.28	  1.91969e+06
1464.38	  1.91791e+06
1465.47	  1.91613e+06
1466.58	  1.91435e+06
1467.67	  1.91257e+06
1468.78	  1.9108e+06
1469.88	  1.90902e+06
1470.97	  1.90725e+06
1472.08	  1.90547e+06
1473.17	  1.9037e+06
1474.28	  1.90193e+06
1475.38	  1.90016e+06
1476.47	  1.8984e+06
1477.58	  1.89663e+06
1478.67	  1.89487e+06
1479.78	  1.8931e+06
1480.88	  1.89134e+06
1481.97	  1.88958e+06
1483.08	  1.88782e+06
1484.17	  1.88606e+06
1485.28	  1.88431e+06
1486.38	  1.88255e+06
1487.47	  1.8808e+06
1488.58	  1.87904e+06
1489.67	  1.87729e+06
1490.78	  1.87554e+06
1491.88	  1.87379e+06
1492.97	  1.87205e+06
1494.08	  1.8703e+06
1495.17	  1.86856e+06
1496.28	  1.86681e+06
1497.38	  1.86507e+06
1498.47	  1.86333e+06
1499.58	  1.86159e+06
1500.67	  1.85985e+06
1501.78	  1.85812e+06
1502.88	  1.85638e+06
1503.97	  1.85465e+06
1505.08	  1.85292e+06
1506.17	  1.85118e+06
1507.28	  1.84945e+06
1508.38	  1.84773e+06
1509.47	  1.846e+06
1510.58	  1.84427e+06
1511.67	  1.84255e+06
1512.78	  1.84083e+06
1513.88	  1.83911e+06
1514.97	  1.83739e+06
1516.08	  1.83567e+06
1517.17	  1.83395e+06
1518.28	  1.83223e+06
1519.38	  1.83052e+06
1520.47	  1.82881e+06
1521.58	  1.82709e+06
1522.67	  1.82538e+06
1523.78	  1.82367e+06
1524.88	  1.82197e+06
1525.97	  1.82026e+06
1527.08	  1.81855e+06
1528.17	  1.81685e+06
1529.28	  1.81515e+06
1530.38	  1.81345e+06
1531.47	  1.81175e+06
1532.58	  1.81005e+06
1533.67	  1.80835e+06
1534.78	  1.80666e+06
1535.88	  1.80496e+06
1536.97	  1.80327e+06
1538.08	  1.80158e+06
1539.17	  1.79989e+06
1540.28	  1.7982e+06
1541.38	  1.79651e+06
1542.47	  1.79483e+06
1543.58	  1.79314e+06
1544.67	  1.79146e+06
1545.78	  1.78978e+06
1546.88	  1.7881e+06
1547.97	  1.78642e+06
1549.08	  1.78474e+06
1550.17	  1.78306e+06
1551.28	  1.78139e+06
1552.38	  1.77972e+06
1553.47	  1.77804e+06
1554.58	  1.77637e+06
1555.67	  1.7747e+06
1556.78	  1.77304e+06
1557.88	  1.77137e+06
1558.97	  1.7697e+06
1560.08	  1.76804e+06
1561.17	  1.76638e+06
1562.28	  1.76472e+06
1563.38	  1.76306e+06
1564.47	  1.7614e+06
1565.58	  1.75974e+06
1566.67	  1.75809e+06
1567.78	  1.75643e+06
1568.88	  1.75478e+06
1569.97	  1.75313e+06
1571.08	  1.75148e+06
1572.17	  1.74983e+06
1573.28	  1.74818e+06
1574.38	  1.74654e+06
1575.47	  1.74489e+06
1576.58	  1.74325e+06
1577.67	  1.74161e+06
1578.78	  1.73997e+06
1579.88	  1.73833e+06
1580.97	  1.73669e+06
1582.08	  1.73505e+06
1583.17	  1.73342e+06
1584.28	  1.73178e+06
1585.38	  1.73015e+06
1586.47	  1.72852e+06
1587.58	  1.72689e+06
1588.67	  1.72527e+06
1589.78	  1.72364e+06
1590.88	  1.72201e+06
1591.97	  1.72039e+06
1593.08	  1.71877e+06
1594.17	  1.71715e+06
1595.28	  1.71553e+06
1596.38	  1.71391e+06
1597.47	  1.71229e+06
1598.58	  1.71068e+06
1599.67	  1.70906e+06
1600.78	  1.70745e+06
1601.88	  1.70584e+06
1602.97	  1.70423e+06
1604.08	  1.70262e+06
1605.17	  1.70101e+06
1606.28	  1.69941e+06
1607.38	  1.6978e+06
1608.47	  1.6962e+06
1609.58	  1.6946e+06
1610.67	  1.693e+06
1611.78	  1.6914e+06
1612.88	  1.6898e+06
1613.97	  1.68821e+06
1615.08	  1.68661e+06
1616.17	  1.68502e+06
1617.28	  1.68343e+06
1618.38	  1.68184e+06
1619.47	  1.68025e+06
1620.58	  1.67866e+06
1621.67	  1.67708e+06
1622.78	  1.67549e+06
1623.88	  1.67391e+06
1624.97	  1.67233e+06
1626.08	  1.67074e+06
1627.17	  1.66917e+06
1628.28	  1.66759e+06
1629.38	  1.66601e+06
1630.47	  1.66444e+06
1631.58	  1.66286e+06
1632.67	  1.66129e+06
1633.78	  1.65972e+06
1634.88	  1.65815e+06
1635.97	  1.65658e+06
1637.08	  1.65502e+06
1638.17	  1.65345e+06
1639.28	  1.65189e+06
1640.38	  1.65033e+06
1641.47	  1.64877e+06
1642.58	  1.64721e+06
1643.67	  1.64565e+06
1644.78	  1.64409e+06
1645.88	  1.64254e+06
1646.97	  1.64099e+06
1648.08	  1.63943e+06
1649.17	  1.63788e+06
1650.28	  1.63634e+06
1651.38	  1.63479e+06
1652.47	  1.63324e+06
1653.58	  1.6317e+06
1654.67	  1.63015e+06
1655.78	  1.62861e+06
1656.88	  1.62707e+06
1657.97	  1.62553e+06
1659.08	  1.62399e+06
1660.17	  1.62245e+06
1661.28	  1.62091e+06
1662.38	  1.61938e+06
1663.47	  1.61785e+06
1664.58	  1.61631e+06
1665.67	  1.61478e+06
1666.78	  1.61325e+06
1667.88	  1.61173e+06
1668.97	  1.6102e+06
1670.08	  1.60867e+06
1671.17	  1.60715e+06
1672.28	  1.60563e+06
1673.38	  1.60411e+06
1674.47	  1.60259e+06
1675.58	  1.60107e+06
1676.67	  1.59955e+06
1677.78	  1.59803e+06
1678.88	  1.59652e+06
1679.97	  1.595e+06
1681.08	  1.59349e+06
1682.17	  1.59198e+06
1683.28	  1.59047e+06
1684.38	  1.58896e+06
1685.47	  1.58746e+06
1686.58	  1.58595e+06
1687.67	  1.58445e+06
1688.78	  1.58294e+06
1689.88	  1.58144e+06
1690.97	  1.57994e+06
1692.08	  1.57844e+06
1693.17	  1.57694e+06
1694.28	  1.57545e+06
1695.38	  1.57395e+06
1696.47	  1.57246e+06
1697.58	  1.57097e+06
1698.67	  1.56947e+06
1699.78	  1.56798e+06
1700.88	  1.5665e+06
1701.97	  1.56501e+06
1703.08	  1.56352e+06
1704.17	  1.56204e+06
1705.28	  1.56055e+06
1706.38	  1.55907e+06
1707.47	  1.55759e+06
1708.58	  1.55611e+06
1709.67	  1.55463e+06
1710.78	  1.55316e+06
1711.88	  1.55168e+06
1712.97	  1.55021e+06
1714.08	  1.54873e+06
1715.17	  1.54726e+06
1716.28	  1.54579e+06
1717.38	  1.54432e+06
1718.47	  1.54286e+06
1719.58	  1.54139e+06
1720.67	  1.53992e+06
1721.78	  1.53846e+06
1722.88	  1.537e+06
1723.97	  1.53554e+06
1725.08	  1.53408e+06
1726.17	  1.53262e+06
1727.28	  1.53116e+06
1728.38	  1.5297e+06
1729.47	  1.52825e+06
1730.58	  1.5268e+06
1731.67	  1.52534e+06
1732.78	  1.52389e+06
1733.88	  1.52244e+06
1734.97	  1.521e+06
1736.08	  1.51955e+06
1737.17	  1.5181e+06
1738.28	  1.51666e+06
1739.38	  1.51521e+06
1740.47	  1.51377e+06
1741.58	  1.51233e+06
1742.67	  1.51089e+06
1743.78	  1.50946e+06
1744.88	  1.50802e+06
1745.97	  1.50658e+06
1747.08	  1.50515e+06
1748.17	  1.50372e+06
1749.28	  1.50229e+06
1750.38	  1.50086e+06
1751.47	  1.49943e+06
1752.58	  1.498e+06
1753.67	  1.49657e+06
1754.78	  1.49515e+06
1755.88	  1.49372e+06
1756.97	  1.4923e+06
1758.08	  1.49088e+06
1759.17	  1.48946e+06
1760.28	  1.48804e+06
1761.38	  1.48662e+06
1762.47	  1.48521e+06
1763.58	  1.48379e+06
1764.67	  1.48238e+06
1765.78	  1.48097e+06
1766.88	  1.47956e+06
1767.97	  1.47815e+06
1769.08	  1.47674e+06
1770.17	  1.47533e+06
1771.28	  1.47393e+06
1772.38	  1.47252e+06
1773.47	  1.47112e+06
1774.58	  1.46972e+06
1775.67	  1.46831e+06
1776.78	  1.46692e+06
1777.88	  1.46552e+06
1778.97	  1.46412e+06
1780.08	  1.46272e+06
1781.17	  1.46133e+06
1782.28	  1.45994e+06
1783.38	  1.45855e+06
1784.47	  1.45715e+06
1785.58	  1.45577e+06
1786.67	  1.45438e+06
1787.78	  1.45299e+06
1788.88	  1.4516e+06
1789.97	  1.45022e+06
1791.08	  1.44884e+06
1792.17	  1.44746e+06
1793.28	  1.44608e+06
1794.38	  1.4447e+06
1795.47	  1.44332e+06
1796.58	  1.44194e+06
1797.67	  1.44057e+06
1798.78	  1.43919e+06
1799.88	  1.43782e+06
1800.97	  1.43645e+06
1802.08	  1.43508e+06
1803.17	  1.43371e+06
1804.28	  1.43234e+06
1805.38	  1.43097e+06
1806.47	  1.42961e+06
1807.58	  1.42824e+06
1808.67	  1.42688e+06
1809.78	  1.42552e+06
1810.88	  1.42416e+06
1811.97	  1.4228e+06
1813.08	  1.42144e+06
1814.17	  1.42009e+06
1815.28	  1.41873e+06
1816.38	  1.41738e+06
1817.47	  1.41602e+06
1818.58	  1.41467e+06
1819.67	  1.41332e+06
1820.78	  1.41197e+06
1821.88	  1.41062e+06
1822.97	  1.40928e+06
1824.08	  1.40793e+06
1825.17	  1.40659e+06
1826.28	  1.40524e+06
1827.38	  1.4039e+06
1828.47	  1.40256e+06
1829.58	  1.40122e+06
1830.67	  1.39989e+06
1831.78	  1.39855e+06
1832.88	  1.39721e+06
1833.97	  1.39588e+06
1835.08	  1.39455e+06
1836.17	  1.39321e+06
1837.28	  1.39188e+06
1838.38	  1.39055e+06
1839.47	  1.38923e+06
1840.58	  1.3879e+06
1841.67	  1.38657e+06
1842.78	  1.38525e+06
1843.88	  1.38393e+06
1844.97	  1.3826e+06
1846.08	  1.38128e+06
1847.17	  1.37996e+06
1848.28	  1.37865e+06
1849.38	  1.37733e+06
1850.47	  1.37601e+06
1851.58	  1.3747e+06
1852.67	  1.37338e+06
1853.78	  1.37207e+06
1854.88	  1.37076e+06
1855.97	  1.36945e+06
1857.08	  1.36814e+06
1858.17	  1.36684e+06
1859.28	  1.36553e+06
1860.38	  1.36423e+06
1861.47	  1.36292e+06
1862.58	  1.36162e+06
1863.67	  1.36032e+06
1864.78	  1.35902e+06
1865.88	  1.35772e+06
1866.97	  1.35642e+06
1868.08	  1.35513e+06
1869.17	  1.35383e+06
1870.28	  1.35254e+06
1871.38	  1.35124e+06
1872.47	  1.34995e+06
1873.58	  1.34866e+06
1874.67	  1.34737e+06
1875.78	  1.34608e+06
1876.88	  1.3448e+06
1877.97	  1.34351e+06
1879.08	  1.34223e+06
1880.17	  1.34094e+06
1881.28	  1.33966e+06
1882.38	  1.33838e+06
1883.47	  1.3371e+06
1884.58	  1.33582e+06
1885.67	  1.33455e+06
1886.78	  1.33327e+06
1887.88	  1.332e+06
1888.97	  1.33072e+06
1890.08	  1.32945e+06
1891.17	  1.32818e+06
1892.28	  1.32691e+06
1893.38	  1.32564e+06
1894.47	  1.32437e+06
1895.58	  1.32311e+06
1896.67	  1.32184e+06
1897.78	  1.32058e+06
1898.88	  1.31932e+06
1899.97	  1.31805e+06
1901.08	  1.31679e+06
1902.17	  1.31553e+06
1903.28	  1.31428e+06
1904.38	  1.31302e+06
1905.47	  1.31176e+06
1906.58	  1.31051e+06
1907.67	  1.30926e+06
1908.78	  1.308e+06
1909.88	  1.30675e+06
1910.97	  1.3055e+06
1912.08	  1.30425e+06
1913.17	  1.30301e+06
1914.28	  1.30176e+06
1915.38	  1.30052e+06
1916.47	  1.29927e+06
1917.58	  1.29803e+06
1918.67	  1.29679e+06
1919.78	  1.29555e+06
1920.88	  1.29431e+06
1921.97	  1.29307e+06
1923.08	  1.29183e+06
1924.17	  1.2906e+06
1925.28	  1.28936e+06
1926.38	  1.28813e+06
1927.47	  1.2869e+06
1928.58	  1.28567e+06
1929.67	  1.28444e+06
1930.78	  1.28321e+06
1931.88	  1.28198e+06
1932.97	  1.28075e+06
1934.08	  1.27953e+06
1935.17	  1.2783e+06
1936.28	  1.27708e+06
1937.38	  1.27586e+06
1938.47	  1.27464e+06
1939.58	  1.27342e+06
1940.67	  1.2722e+06
1941.78	  1.27098e+06
1942.88	  1.26977e+06
1943.97	  1.26855e+06
1945.08	  1.26734e+06
1946.17	  1.26613e+06
1947.28	  1.26492e+06
1948.38	  1.26371e+06
1949.47	  1.2625e+06
1950.58	  1.26129e+06
1951.67	  1.26008e+06
1952.78	  1.25888e+06
1953.88	  1.25767e+06
1954.97	  1.25647e+06
1956.08	  1.25527e+06
1957.17	  1.25406e+06
1958.28	  1.25286e+06
1959.38	  1.25167e+06
1960.47	  1.25047e+06
1961.58	  1.24927e+06
1962.67	  1.24808e+06
1963.78	  1.24688e+06
1964.88	  1.24569e+06
1965.97	  1.2445e+06
1967.08	  1.24331e+06
1968.17	  1.24212e+06
1969.28	  1.24093e+06
1970.38	  1.23974e+06
1971.47	  1.23855e+06
1972.58	  1.23737e+06
1973.67	  1.23619e+06
1974.78	  1.235e+06
1975.88	  1.23382e+06
1976.97	  1.23264e+06
1978.08	  1.23146e+06
1979.17	  1.23028e+06
1980.28	  1.2291e+06
1981.38	  1.22793e+06
1982.47	  1.22675e+06
1983.58	  1.22558e+06
1984.67	  1.22441e+06
1985.78	  1.22324e+06
1986.88	  1.22206e+06
1987.97	  1.2209e+06
1989.08	  1.21973e+06
1990.17	  1.21856e+06
1991.28	  1.21739e+06
1992.38	  1.21623e+06
1993.47	  1.21506e+06
1994.58	  1.2139e+06
1995.67	  1.21274e+06
1996.78	  1.21158e+06
1997.88	  1.21042e+06
1998.97	  1.20926e+06
2000.08	  1.2081e+06
2001.17	  1.20695e+06
2002.28	  1.20579e+06
2003.38	  1.20464e+06
2004.47	  1.20349e+06
2005.58	  1.20234e+06
2006.67	  1.20118e+06
2007.78	  1.20004e+06
2008.88	  1.19889e+06
2009.97	  1.19774e+06
2011.08	  1.19659e+06
2012.17	  1.19545e+06
2013.28	  1.1943e+06
2014.38	  1.19316e+06
2015.47	  1.19202e+06
2016.58	  1.19088e+06
2017.67	  1.18974e+06
2018.78	  1.1886e+06
2019.88	  1.18746e+06
2020.97	  1.18633e+06
2022.08	  1.18519e+06
2023.18	  1.18406e+06
2024.28	  1.18292e+06
2025.38	  1.18179e+06
2026.47	  1.18066e+06
2027.58	  1.17953e+06
2028.68	  1.1784e+06
2029.78	  1.17728e+06
2030.88	  1.17615e+06
2031.97	  1.17502e+06
2033.08	  1.1739e+06
2034.18	  1.17278e+06
2035.28	  1.17165e+06
2036.38	  1.17053e+06
2037.47	  1.16941e+06
2038.58	  1.16829e+06
2039.68	  1.16718e+06
2040.78	  1.16606e+06
2041.88	  1.16494e+06
2042.97	  1.16383e+06
2044.08	  1.16271e+06
2045.18	  1.1616e+06
2046.28	  1.16049e+06
2047.38	  1.15938e+06
2048.47	  1.15827e+06
2049.57	  1.15716e+06
2050.68	  1.15605e+06
2051.78	  1.15495e+06
2052.88	  1.15384e+06
2053.97	  1.15274e+06
2055.07	  1.15164e+06
2056.18	  1.15053e+06
2057.28	  1.14943e+06
2058.38	  1.14833e+06
2059.47	  1.14724e+06
2060.57	  1.14614e+06
2061.68	  1.14504e+06
2062.78	  1.14395e+06
2063.88	  1.14285e+06
2064.97	  1.14176e+06
2066.07	  1.14067e+06
2067.18	  1.13957e+06
2068.28	  1.13848e+06
2069.38	  1.13739e+06
2070.47	  1.13631e+06
2071.57	  1.13522e+06
2072.68	  1.13413e+06
2073.78	  1.13305e+06
2074.88	  1.13196e+06
2075.97	  1.13088e+06
2077.07	  1.1298e+06
2078.18	  1.12872e+06
2079.28	  1.12764e+06
2080.38	  1.12656e+06
2081.47	  1.12548e+06
2082.57	  1.12441e+06
2083.68	  1.12333e+06
2084.78	  1.12225e+06
2085.88	  1.12118e+06
2086.97	  1.12011e+06
2088.07	  1.11904e+06
2089.18	  1.11797e+06
2090.28	  1.1169e+06
2091.38	  1.11583e+06
2092.47	  1.11476e+06
2093.57	  1.1137e+06
2094.68	  1.11263e+06
2095.78	  1.11157e+06
2096.88	  1.1105e+06
2097.97	  1.10944e+06
2099.07	  1.10838e+06
2100.18	  1.10732e+06
2101.28	  1.10626e+06
2102.38	  1.1052e+06
2103.47	  1.10414e+06
2104.57	  1.10309e+06
2105.68	  1.10203e+06
2106.78	  1.10098e+06
2107.88	  1.09993e+06
2108.97	  1.09887e+06
2110.07	  1.09782e+06
2111.18	  1.09677e+06
2112.28	  1.09572e+06
2113.38	  1.09468e+06
2114.47	  1.09363e+06
2115.57	  1.09258e+06
2116.68	  1.09154e+06
2117.78	  1.09049e+06
2118.88	  1.08945e+06
2119.97	  1.08841e+06
2121.07	  1.08737e+06
2122.18	  1.08633e+06
2123.28	  1.08529e+06
2124.38	  1.08425e+06
2125.47	  1.08322e+06
2126.57	  1.08218e+06
2127.68	  1.08115e+06
2128.78	  1.08011e+06
2129.88	  1.07908e+06
2130.97	  1.07805e+06
2132.07	  1.07702e+06
2133.18	  1.07599e+06
2134.28	  1.07496e+06
2135.38	  1.07393e+06
2136.47	  1.0729e+06
2137.57	  1.07188e+06
2138.68	  1.07085e+06
2139.78	  1.06983e+06
2140.88	  1.06881e+06
2141.97	  1.06778e+06
2143.07	  1.06676e+06
2144.18	  1.06574e+06
2145.28	  1.06472e+06
2146.38	  1.06371e+06
2147.47	  1.06269e+06
2148.57	  1.06167e+06
2149.68	  1.06066e+06
2150.78	  1.05964e+06
2151.88	  1.05863e+06
2152.97	  1.05762e+06
2154.07	  1.05661e+06
2155.18	  1.0556e+06
2156.28	  1.05459e+06
2157.38	  1.05358e+06
2158.47	  1.05257e+06
2159.57	  1.05157e+06
2160.68	  1.05056e+06
2161.78	  1.04956e+06
2162.88	  1.04856e+06
2163.97	  1.04755e+06
2165.07	  1.04655e+06
2166.18	  1.04555e+06
2167.28	  1.04455e+06
2168.38	  1.04355e+06
2169.47	  1.04256e+06
2170.57	  1.04156e+06
2171.68	  1.04057e+06
2172.78	  1.03957e+06
2173.88	  1.03858e+06
2174.97	  1.03759e+06
2176.07	  1.03659e+06
2177.18	  1.0356e+06
2178.28	  1.03461e+06
2179.38	  1.03362e+06
2180.47	  1.03264e+06
2181.57	  1.03165e+06
2182.68	  1.03066e+06
2183.78	  1.02968e+06
2184.88	  1.0287e+06
2185.97	  1.02771e+06
2187.07	  1.02673e+06
2188.18	  1.02575e+06
2189.28	  1.02477e+06
2190.38	  1.02379e+06
2191.47	  1.02281e+06
2192.57	  1.02184e+06
2193.68	  1.02086e+06
2194.78	  1.01988e+06
2195.88	  1.01891e+06
2196.97	  1.01794e+06
2198.07	  1.01696e+06
2199.18	  1.01599e+06
2200.28	  1.01502e+06
2201.38	  1.01405e+06
2202.47	  1.01308e+06
2203.57	  1.01212e+06
2204.68	  1.01115e+06
2205.78	  1.01018e+06
2206.88	  1.00922e+06
2207.97	  1.00826e+06
2209.07	  1.00729e+06
2210.18	  1.00633e+06
2211.28	  1.00537e+06
2212.38	  1.00441e+06
2213.47	  1.00345e+06
2214.57	  1.00249e+06
2215.68	  1.00153e+06
2216.78	  1.00058e+06
2217.88	  999622
2218.97	  998668
2220.07	  997714
2221.18	  996761
2222.28	  995809
2223.38	  994859
2224.47	  993909
2225.57	  992960
2226.68	  992011
2227.78	  991064
2228.88	  990118
2229.97	  989173
2231.07	  988228
2232.18	  987285
2233.28	  986342
2234.38	  985401
2235.47	  984460
2236.57	  983520
2237.68	  982581
2238.78	  981643
2239.88	  980706
2240.97	  979770
2242.07	  978835
2243.18	  977901
2244.28	  976967
2245.38	  976035
2246.47	  975103
2247.57	  974173
2248.68	  973243
2249.78	  972314
2250.88	  971386
2251.97	  970459
2253.07	  969533
2254.18	  968608
2255.28	  967683
2256.38	  966760
2257.47	  965837
2258.57	  964916
2259.68	  963995
2260.78	  963075
2261.88	  962156
2262.97	  961238
2264.07	  960321
2265.18	  959405
2266.28	  958490
2267.38	  957575
2268.47	  956662
2269.57	  955749
2270.68	  954837
2271.78	  953926
2272.88	  953016
2273.97	  952107
2275.07	  951199
2276.18	  950291
2277.28	  949385
2278.38	  948480
2279.47	  947575
2280.57	  801125
2281.68	  800413
2282.78	  799701
2283.88	  798991
2284.97	  798281
2286.07	  797572
2287.18	  796863
2288.28	  796155
2289.38	  795448
2290.47	  794742
2291.57	  794036
2292.68	  793330
2293.78	  792626
2294.88	  791922
2295.97	  791218
2297.07	  790516
2298.18	  789814
2299.28	  789112
2300.38	  788411
2301.47	  787711
2302.57	  787012
2303.68	  786313
2304.78	  785615
2305.88	  784917
2306.97	  784221
2308.07	  783524
2309.18	  782829
2310.28	  782134
2311.38	  781440
2312.47	  780746
2313.57	  780053
2314.68	  779361
2315.78	  778669
2316.88	  777978
2317.97	  777287
2319.07	  776598
2320.18	  775908
2321.28	  775220
2322.38	  774532
2323.47	  773845
2324.57	  773158
2325.68	  772472
2326.78	  771787
2327.88	  771102
2328.97	  770418
2330.07	  769735
2331.18	  769052
2332.28	  768370
2333.38	  767688
2334.47	  767007
2335.57	  766327
2336.68	  765647
2337.78	  764968
2338.88	  764290
2339.97	  763612
2341.07	  762935
2342.18	  762259
2343.28	  761583
2344.38	  760908
2345.47	  760233
2346.57	  759559
2347.68	  758886
2348.78	  758213
2349.88	  757541
2350.97	  756869
2352.07	  756198
2353.18	  755528
2354.28	  754858
2355.38	  754189
2356.47	  753521
2357.57	  752853
2358.68	  752186
2359.78	  751519
2360.88	  750854
2361.97	  750188
2363.07	  749523
2364.18	  748859
2365.28	  748196
2366.38	  747533
2367.47	  746871
2368.57	  746209
2369.68	  745548
2370.78	  744888
2371.88	  744228
2372.97	  743569
2374.07	  742910
2375.18	  742252
2376.28	  741595
2377.38	  740938
2378.47	  740282
2379.57	  739626
2380.68	  738971
2381.78	  738317
2382.88	  737663
2383.97	  737010
2385.07	  736358
2386.18	  735706
2387.28	  735055
2388.38	  734404
2389.47	  733754
2390.57	  733104
2391.68	  732455
2392.78	  731807
2393.88	  731160
2394.97	  730512
2396.07	  729866
2397.18	  729220
2398.28	  728575
2399.38	  727930
2400.47	  727286
2401.57	  726642
2402.68	  725999
2403.78	  725357
2404.88	  724715
2405.97	  724074
2407.07	  723434
2408.18	  722794
2409.28	  722155
2410.38	  721516
2411.47	  720878
2412.57	  720240
2413.68	  719603
2414.78	  718967
2415.88	  718331
2416.97	  717696
2418.07	  717061
2419.18	  716427
2420.28	  715793
2421.38	  715161
2422.47	  714528
2423.57	  713897
2424.68	  713265
2425.78	  712635
2426.88	  712005
2427.97	  711376
2429.07	  710747
2430.18	  710119
2431.28	  709491
2432.38	  708864
2433.47	  708237
2434.57	  707612
2435.68	  706986
2436.78	  706362
2437.88	  705737
2438.97	  705114
2440.07	  704491
2441.18	  703868
2442.28	  703247
2443.38	  702625
2444.47	  702005
2445.57	  701384
2446.68	  700765
2447.78	  700146
2448.88	  699528
2449.97	  698910
2451.07	  698292
2452.18	  697676
2453.28	  697060
2454.38	  696444
2455.47	  695829
2456.57	  695215
2457.68	  694601
2458.78	  693988
2459.88	  693375
2460.97	  692763
2462.07	  692151
2463.18	  691540
2464.28	  690930
2465.38	  690320
2466.47	  689710
2467.57	  689102
2468.68	  688493
2469.78	  687886
2470.88	  687279
2471.97	  686672
2473.07	  686066
2474.18	  685461
2475.28	  684856
2476.38	  684252
2477.47	  683648
