Emission arising from a slab of Hydrogen (both H and H-).
   
Parameters of the slab:
n_e = 3e+13 cm-3
T_e = 9250 K
tau(lambda=300 nm) = 1
L = 1.01375e+09 cm
   
Wavelength (nm), Emission (erg s-1 cm-2 nm-1 sr-1)
50	  11.8664
91.2	  23729
120	  786194
150	  6.39113e+06
175	  1.95274e+07
200	  4.25414e+07
225	  7.3929e+07
250	  1.09621e+08
270	  1.37958e+08
290	  1.63648e+08
300	  1.74959e+08
305	  1.80162e+08
310	  1.85045e+08
315	  1.89597e+08
320	  1.93811e+08
322.5	  1.95789e+08
325	  1.9768e+08
327	  1.99131e+08
329	  2.00526e+08
329.999	  2.01202e+08
330.266	  2.0138e+08
330.533	  2.01557e+08
330.8	  2.01734e+08
331.067	  2.01909e+08
331.334	  2.02083e+08
331.601	  2.02257e+08
331.868	  2.02429e+08
332.135	  2.026e+08
332.402	  2.02771e+08
332.669	  2.0294e+08
332.936	  2.03108e+08
333.203	  2.03276e+08
333.47	  2.03442e+08
333.737	  2.03608e+08
334.004	  2.03772e+08
334.271	  2.03935e+08
334.538	  2.04098e+08
334.805	  2.04259e+08
335.072	  2.0442e+08
335.339	  2.04579e+08
335.606	  2.04738e+08
335.873	  2.04895e+08
336.14	  2.05052e+08
336.407	  2.05207e+08
336.674	  2.05362e+08
336.941	  2.05515e+08
337.208	  2.05668e+08
337.475	  2.05819e+08
337.742	  2.0597e+08
338.009	  2.0612e+08
338.276	  2.06268e+08
338.543	  2.06416e+08
338.81	  2.06562e+08
339.077	  2.06708e+08
339.344	  2.06853e+08
339.611	  2.06997e+08
339.878	  2.07139e+08
340.145	  2.07281e+08
340.412	  2.07422e+08
340.679	  2.07562e+08
340.946	  2.077e+08
341.213	  2.07838e+08
341.48	  2.07975e+08
341.747	  2.08111e+08
342.014	  2.08246e+08
342.281	  2.0838e+08
342.548	  2.08513e+08
342.815	  2.08645e+08
343.082	  2.08776e+08
343.349	  2.08906e+08
343.616	  2.09035e+08
343.883	  2.09163e+08
344.15	  2.0929e+08
344.417	  2.09416e+08
344.684	  2.09541e+08
344.951	  2.09666e+08
345.218	  2.09789e+08
345.485	  2.09911e+08
345.752	  2.10032e+08
346.019	  2.10153e+08
346.286	  2.10272e+08
346.553	  2.10391e+08
346.82	  2.10508e+08
347.087	  2.10625e+08
347.354	  2.1074e+08
347.621	  2.10855e+08
347.888	  2.10969e+08
348.155	  2.11081e+08
348.422	  2.11193e+08
348.689	  2.11304e+08
348.956	  2.11414e+08
349.223	  2.11523e+08
349.49	  2.1163e+08
349.757	  2.11737e+08
350.024	  2.11843e+08
350.291	  2.11949e+08
350.558	  2.12053e+08
350.825	  2.12156e+08
351.092	  2.12258e+08
351.359	  2.1236e+08
351.626	  2.1246e+08
351.893	  2.12559e+08
352.16	  2.12658e+08
352.427	  2.12755e+08
352.694	  2.12852e+08
352.961	  2.12948e+08
353.228	  2.13043e+08
353.495	  2.13136e+08
353.762	  2.13229e+08
354.029	  2.13321e+08
354.296	  2.13412e+08
354.563	  2.13502e+08
354.83	  2.13592e+08
355.097	  2.1368e+08
355.364	  2.13767e+08
355.631	  2.13854e+08
355.898	  2.13939e+08
356.165	  2.14024e+08
356.432	  2.14107e+08
356.699	  2.1419e+08
356.966	  2.14272e+08
357.233	  2.14353e+08
357.5	  2.14433e+08
357.767	  2.14512e+08
358.034	  2.1459e+08
358.301	  2.14667e+08
358.568	  2.14744e+08
358.835	  2.14819e+08
359.102	  2.14894e+08
359.369	  2.14967e+08
359.636	  2.1504e+08
359.903	  2.15112e+08
360.17	  2.15183e+08
360.437	  2.15253e+08
360.704	  2.15322e+08
360.971	  2.15391e+08
361.238	  2.15458e+08
361.505	  2.15524e+08
361.772	  2.1559e+08
362.039	  2.15655e+08
362.306	  2.15719e+08
362.573	  2.15782e+08
363	  2.1588e+08
363.027	  2.15887e+08
363.054	  2.15893e+08
363.08	  2.15899e+08
363.107	  2.15905e+08
363.134	  2.15911e+08
363.16	  2.15917e+08
363.187	  2.15923e+08
363.214	  2.15929e+08
363.24	  2.15935e+08
363.267	  2.15941e+08
363.294	  2.15947e+08
363.321	  2.15953e+08
363.347	  2.15959e+08
363.374	  2.15965e+08
363.401	  2.15971e+08
363.427	  2.15977e+08
363.454	  2.15983e+08
363.481	  2.15989e+08
363.508	  2.15995e+08
363.534	  2.16001e+08
363.561	  2.16007e+08
363.588	  2.16013e+08
363.614	  2.16019e+08
363.641	  2.16025e+08
363.668	  2.1603e+08
363.694	  2.16036e+08
363.721	  2.16042e+08
363.748	  2.16048e+08
363.774	  2.16054e+08
363.801	  2.1606e+08
363.828	  2.16066e+08
363.855	  2.16071e+08
363.881	  2.16077e+08
363.908	  2.16083e+08
363.935	  2.16089e+08
363.961	  2.16095e+08
363.988	  2.161e+08
364.015	  2.16106e+08
364.041	  2.16112e+08
364.068	  2.16118e+08
364.095	  2.16124e+08
364.122	  2.16129e+08
364.148	  2.16135e+08
364.175	  2.16141e+08
364.202	  2.16146e+08
364.228	  2.16152e+08
364.255	  2.16158e+08
364.282	  2.16164e+08
364.308	  2.16169e+08
364.335	  2.16175e+08
364.362	  2.16181e+08
364.389	  2.16186e+08
364.415	  2.16192e+08
364.442	  2.16198e+08
364.469	  2.16203e+08
364.495	  2.16209e+08
364.522	  2.16214e+08
364.549	  2.1622e+08
364.575	  2.16226e+08
364.602	  2.16231e+08
364.629	  2.16237e+08
364.656	  2.16242e+08
364.682	  2.16248e+08
364.709	  2.16253e+08
364.736	  2.01872e+07
364.762	  2.01902e+07
364.789	  2.01932e+07
364.816	  2.01962e+07
364.842	  2.01992e+07
364.869	  2.02022e+07
364.896	  2.02052e+07
364.923	  2.02082e+07
364.949	  2.02112e+07
364.976	  2.02142e+07
365.003	  2.02172e+07
365.029	  2.02202e+07
365.056	  2.02232e+07
365.083	  2.02262e+07
365.11	  2.02292e+07
365.136	  2.02322e+07
365.163	  2.02352e+07
365.19	  2.02382e+07
365.216	  2.02412e+07
365.243	  2.02442e+07
365.27	  2.02472e+07
365.296	  2.02502e+07
365.323	  2.02533e+07
365.35	  2.02563e+07
365.377	  2.02593e+07
365.403	  2.02623e+07
365.43	  2.02653e+07
365.457	  2.02683e+07
365.483	  2.02713e+07
365.51	  2.02743e+07
365.537	  2.02773e+07
365.563	  2.02803e+07
365.59	  2.02833e+07
365.617	  2.02863e+07
365.643	  2.02893e+07
365.67	  2.02923e+07
365.697	  2.02952e+07
365.724	  2.02982e+07
365.75	  2.03012e+07
365.777	  2.03042e+07
365.804	  2.03072e+07
365.83	  2.03102e+07
365.857	  2.03132e+07
365.884	  2.03162e+07
365.91	  2.03192e+07
365.937	  2.03222e+07
365.964	  2.03252e+07
365.991	  2.03282e+07
365.991	  2.03282e+07
366.258	  2.03581e+07
366.525	  2.03881e+07
366.792	  2.04179e+07
367.059	  2.04478e+07
367.326	  2.04776e+07
367.593	  2.05074e+07
367.86	  2.05372e+07
368.127	  2.0567e+07
368.394	  2.05967e+07
368.661	  2.06264e+07
368.928	  2.0656e+07
369.195	  2.06857e+07
369.462	  2.07153e+07
369.729	  2.07449e+07
369.996	  2.07744e+07
370.263	  2.08039e+07
370.53	  2.08334e+07
370.797	  2.08629e+07
371.064	  2.08924e+07
371.331	  2.09218e+07
371.598	  2.09512e+07
371.865	  2.09805e+07
372.132	  2.10098e+07
372.399	  2.10392e+07
372.666	  2.10684e+07
372.933	  2.10977e+07
373.2	  2.11269e+07
373.467	  2.11561e+07
373.734	  2.11852e+07
374.001	  2.12144e+07
374.268	  2.12435e+07
374.535	  2.12725e+07
374.802	  2.13016e+07
375.069	  2.13306e+07
375.336	  2.13596e+07
375.603	  2.13885e+07
375.87	  2.14175e+07
376.137	  2.14463e+07
376.404	  2.14752e+07
376.671	  2.15041e+07
376.938	  2.15329e+07
377.205	  2.15616e+07
377.472	  2.15904e+07
377.739	  2.16191e+07
378.006	  2.16478e+07
378.273	  2.16764e+07
378.54	  2.17051e+07
378.807	  2.17337e+07
379.074	  2.17622e+07
379.341	  2.17908e+07
379.608	  2.18193e+07
379.875	  2.18478e+07
380.142	  2.18762e+07
380.409	  2.19046e+07
380.676	  2.1933e+07
380.943	  2.19614e+07
381.21	  2.19897e+07
381.477	  2.2018e+07
381.744	  2.20462e+07
382.011	  2.20745e+07
382.278	  2.21027e+07
382.545	  2.21308e+07
382.812	  2.2159e+07
383.079	  2.21871e+07
383.346	  2.22152e+07
383.613	  2.22432e+07
383.88	  2.22712e+07
384.147	  2.22992e+07
384.414	  2.23272e+07
384.681	  2.23551e+07
384.948	  2.2383e+07
385.215	  2.24108e+07
385.482	  2.24386e+07
385.749	  2.24664e+07
386.016	  2.24942e+07
386.283	  2.25219e+07
386.55	  2.25496e+07
386.817	  2.25773e+07
387.084	  2.26049e+07
387.351	  2.26325e+07
387.618	  2.26601e+07
387.885	  2.26876e+07
388.152	  2.27151e+07
388.419	  2.27426e+07
388.686	  2.277e+07
388.953	  2.27974e+07
389.22	  2.28248e+07
389.487	  2.28522e+07
389.754	  2.28795e+07
390.021	  2.29068e+07
390.288	  2.2934e+07
390.555	  2.29612e+07
390.822	  2.29884e+07
391.089	  2.30155e+07
391.356	  2.30427e+07
391.623	  2.30697e+07
391.89	  2.30968e+07
392.157	  2.31238e+07
392.424	  2.31508e+07
392.691	  2.31777e+07
392.958	  2.32046e+07
393.225	  2.32315e+07
393.492	  2.32584e+07
393.759	  2.32852e+07
394.026	  2.3312e+07
394.293	  2.33387e+07
394.56	  2.33654e+07
394.827	  2.33921e+07
395.094	  2.34188e+07
395.361	  2.34454e+07
395.628	  2.3472e+07
395.895	  2.34985e+07
396.162	  2.3525e+07
396.429	  2.35515e+07
396.696	  2.3578e+07
396.963	  2.36044e+07
397.23	  2.36308e+07
397.497	  2.36571e+07
397.764	  2.36834e+07
398.031	  2.37097e+07
398.298	  2.37359e+07
398.565	  2.37621e+07
398.832	  2.37883e+07
399.099	  2.38145e+07
399.366	  2.38406e+07
399.633	  2.38666e+07
399.9	  2.38927e+07
400.167	  2.39187e+07
400.434	  2.39447e+07
400.701	  2.39706e+07
400.968	  2.39965e+07
401.235	  2.40224e+07
401.502	  2.40482e+07
401.769	  2.4074e+07
402.036	  2.40998e+07
402.303	  2.41255e+07
402.57	  2.41512e+07
402.837	  2.41768e+07
403.104	  2.42025e+07
403.371	  2.42281e+07
403.638	  2.42536e+07
403.905	  2.42791e+07
404.172	  2.43046e+07
404.439	  2.43301e+07
404.706	  2.43555e+07
404.973	  2.43809e+07
405.24	  2.44062e+07
405.507	  2.44315e+07
405.774	  2.44568e+07
406.041	  2.4482e+07
406.308	  2.45072e+07
406.575	  2.45324e+07
406.842	  2.45575e+07
407.109	  2.45826e+07
407.376	  2.46077e+07
407.643	  2.46327e+07
407.91	  2.46577e+07
408.177	  2.46827e+07
408.444	  2.47076e+07
408.711	  2.47325e+07
408.978	  2.47574e+07
409.245	  2.47822e+07
409.512	  2.4807e+07
409.779	  2.48317e+07
410.046	  2.48564e+07
410.313	  2.48811e+07
410.58	  2.49057e+07
410.847	  2.49303e+07
411.114	  2.49549e+07
411.381	  2.49794e+07
411.648	  2.50039e+07
411.915	  2.50284e+07
412.182	  2.50528e+07
412.449	  2.50772e+07
412.716	  2.51015e+07
412.983	  2.51259e+07
413.25	  2.51501e+07
413.517	  2.51744e+07
413.784	  2.51986e+07
414.051	  2.52228e+07
414.318	  2.52469e+07
414.585	  2.5271e+07
414.852	  2.52951e+07
415.119	  2.53191e+07
415.386	  2.53431e+07
415.653	  2.5367e+07
415.92	  2.5391e+07
416.187	  2.54148e+07
416.454	  2.54387e+07
416.721	  2.54625e+07
416.988	  2.54863e+07
417.255	  2.551e+07
417.522	  2.55337e+07
417.789	  2.55574e+07
418.056	  2.5581e+07
418.323	  2.56046e+07
418.59	  2.56282e+07
418.857	  2.56517e+07
419.124	  2.56752e+07
419.391	  2.56986e+07
419.658	  2.5722e+07
419.925	  2.57454e+07
420.192	  2.57687e+07
420.459	  2.5792e+07
420.726	  2.58153e+07
420.993	  2.58385e+07
421.26	  2.58617e+07
421.527	  2.58849e+07
421.794	  2.5908e+07
422.061	  2.59311e+07
422.328	  2.59541e+07
422.595	  2.59771e+07
422.862	  2.60001e+07
423.129	  2.6023e+07
423.396	  2.60459e+07
423.663	  2.60688e+07
423.93	  2.60916e+07
424.197	  2.61144e+07
424.464	  2.61372e+07
424.731	  2.61599e+07
424.998	  2.61826e+07
425.265	  2.62052e+07
425.532	  2.62278e+07
425.799	  2.62504e+07
426.066	  2.62729e+07
426.333	  2.62954e+07
426.6	  2.63179e+07
426.867	  2.63403e+07
427.134	  2.63627e+07
427.401	  2.6385e+07
427.668	  2.64073e+07
427.935	  2.64296e+07
428.202	  2.64518e+07
428.469	  2.6474e+07
428.736	  2.64962e+07
429.003	  2.65183e+07
429.27	  2.65404e+07
429.537	  2.65624e+07
429.804	  2.65844e+07
430.071	  2.66064e+07
430.338	  2.66283e+07
430.605	  2.66502e+07
430.872	  2.66721e+07
431.139	  2.66939e+07
431.406	  2.67157e+07
431.673	  2.67375e+07
431.94	  2.67592e+07
432.207	  2.67809e+07
432.474	  2.68025e+07
432.741	  2.68241e+07
433.008	  2.68457e+07
433.275	  2.68672e+07
433.542	  2.68887e+07
433.809	  2.69101e+07
434.076	  2.69315e+07
434.343	  2.69529e+07
434.61	  2.69743e+07
434.877	  2.69956e+07
435.144	  2.70168e+07
435.411	  2.70381e+07
435.678	  2.70593e+07
435.945	  2.70804e+07
436.212	  2.71015e+07
436.479	  2.71226e+07
436.746	  2.71437e+07
437.013	  2.71647e+07
437.28	  2.71856e+07
437.547	  2.72066e+07
437.814	  2.72274e+07
438.081	  2.72483e+07
438.348	  2.72691e+07
438.615	  2.72899e+07
438.882	  2.73106e+07
439.149	  2.73313e+07
439.416	  2.7352e+07
439.683	  2.73726e+07
439.95	  2.73932e+07
440.217	  2.74138e+07
440.484	  2.74343e+07
440.751	  2.74548e+07
441.018	  2.74752e+07
441.285	  2.74956e+07
441.552	  2.7516e+07
441.819	  2.75363e+07
442.086	  2.75566e+07
442.353	  2.75769e+07
442.62	  2.75971e+07
442.887	  2.76173e+07
443.154	  2.76374e+07
443.421	  2.76575e+07
443.688	  2.76776e+07
443.955	  2.76976e+07
444.222	  2.77176e+07
444.489	  2.77376e+07
444.756	  2.77575e+07
445.023	  2.77774e+07
445.29	  2.77972e+07
445.557	  2.7817e+07
445.824	  2.78368e+07
446.091	  2.78565e+07
446.358	  2.78762e+07
446.625	  2.78959e+07
446.892	  2.79155e+07
447.159	  2.79351e+07
447.426	  2.79546e+07
447.693	  2.79741e+07
447.96	  2.79936e+07
448.227	  2.8013e+07
448.494	  2.80324e+07
448.761	  2.80518e+07
449.028	  2.80711e+07
449.295	  2.80904e+07
449.562	  2.81096e+07
449.829	  2.81288e+07
450.096	  2.8148e+07
450.363	  2.81671e+07
450.63	  2.81862e+07
450.897	  2.82053e+07
451.164	  2.82243e+07
451.431	  2.82433e+07
451.698	  2.82622e+07
451.965	  2.82811e+07
452.232	  2.83e+07
452.499	  2.83188e+07
452.766	  2.83376e+07
453.033	  2.83564e+07
453.3	  2.83751e+07
453.567	  2.83938e+07
453.834	  2.84124e+07
454.101	  2.8431e+07
454.368	  2.84496e+07
454.635	  2.84681e+07
454.902	  2.84866e+07
455.169	  2.85051e+07
455.436	  2.85235e+07
455.703	  2.85419e+07
455.97	  2.85602e+07
456.237	  2.85785e+07
456.504	  2.85968e+07
456.771	  2.8615e+07
457.038	  2.86332e+07
457.305	  2.86514e+07
457.572	  2.86695e+07
457.839	  2.86876e+07
458.106	  2.87056e+07
458.373	  2.87236e+07
458.64	  2.87416e+07
458.907	  2.87595e+07
459.174	  2.87774e+07
459.441	  2.87953e+07
459.708	  2.88131e+07
459.975	  2.88309e+07
460.242	  2.88486e+07
460.509	  2.88663e+07
460.776	  2.8884e+07
461.043	  2.89016e+07
461.31	  2.89192e+07
461.577	  2.89368e+07
461.844	  2.89543e+07
462.111	  2.89718e+07
462.378	  2.89892e+07
462.645	  2.90066e+07
462.912	  2.9024e+07
463.179	  2.90413e+07
463.446	  2.90586e+07
463.713	  2.90759e+07
463.98	  2.90931e+07
464.247	  2.91103e+07
464.514	  2.91275e+07
464.781	  2.91446e+07
465.048	  2.91616e+07
465.315	  2.91787e+07
465.582	  2.91957e+07
465.849	  2.92126e+07
466.116	  2.92296e+07
466.383	  2.92465e+07
466.65	  2.92633e+07
466.917	  2.92801e+07
467.184	  2.92969e+07
467.451	  2.93136e+07
467.718	  2.93303e+07
467.985	  2.9347e+07
468.252	  2.93636e+07
468.519	  2.93802e+07
468.786	  2.93968e+07
469.053	  2.94133e+07
469.32	  2.94298e+07
469.587	  2.94462e+07
469.854	  2.94626e+07
470.121	  2.9479e+07
470.388	  2.94953e+07
470.655	  2.95116e+07
470.922	  2.95279e+07
471.189	  2.95441e+07
471.456	  2.95603e+07
471.723	  2.95764e+07
471.99	  2.95925e+07
472.257	  2.96086e+07
472.524	  2.96247e+07
472.791	  2.96407e+07
473.058	  2.96566e+07
473.325	  2.96725e+07
473.592	  2.96884e+07
473.859	  2.97043e+07
474.126	  2.97201e+07
474.393	  2.97359e+07
474.66	  2.97516e+07
474.927	  2.97673e+07
475.194	  2.9783e+07
475.461	  2.97986e+07
475.728	  2.98142e+07
475.995	  2.98298e+07
476.262	  2.98453e+07
476.529	  2.98608e+07
476.796	  2.98762e+07
477.063	  2.98917e+07
477.33	  2.9907e+07
477.597	  2.99224e+07
477.864	  2.99377e+07
478.131	  2.99529e+07
478.398	  2.99682e+07
478.665	  2.99834e+07
478.932	  2.99985e+07
479.199	  3.00136e+07
479.466	  3.00287e+07
479.733	  3.00438e+07
480	  3.00588e+07
480.267	  3.00737e+07
480.534	  3.00887e+07
480.801	  3.01036e+07
481.068	  3.01184e+07
481.335	  3.01333e+07
481.602	  3.01481e+07
481.869	  3.01628e+07
482.136	  3.01775e+07
482.403	  3.01922e+07
482.67	  3.02069e+07
482.937	  3.02215e+07
483.204	  3.0236e+07
483.471	  3.02506e+07
483.738	  3.02651e+07
484.005	  3.02795e+07
484.272	  3.0294e+07
484.539	  3.03084e+07
484.806	  3.03227e+07
485.073	  3.0337e+07
485.34	  3.03513e+07
485.607	  3.03656e+07
485.874	  3.03798e+07
486.141	  3.0394e+07
486.408	  3.04081e+07
486.675	  3.04222e+07
486.942	  3.04363e+07
487.209	  3.04503e+07
487.476	  3.04643e+07
487.743	  3.04783e+07
488.01	  3.04922e+07
488.277	  3.05061e+07
488.544	  3.05199e+07
488.811	  3.05337e+07
489.078	  3.05475e+07
489.345	  3.05613e+07
489.612	  3.0575e+07
489.879	  3.05886e+07
490.146	  3.06023e+07
490.413	  3.06159e+07
490.68	  3.06294e+07
490.947	  3.0643e+07
491.214	  3.06565e+07
491.481	  3.06699e+07
491.748	  3.06833e+07
492.015	  3.06967e+07
492.282	  3.07101e+07
492.549	  3.07234e+07
492.816	  3.07367e+07
493.083	  3.07499e+07
493.35	  3.07631e+07
493.617	  3.07763e+07
493.884	  3.07894e+07
494.151	  3.08025e+07
494.418	  3.08156e+07
494.685	  3.08286e+07
494.952	  3.08416e+07
495.219	  3.08546e+07
495.486	  3.08675e+07
495.753	  3.08804e+07
496.02	  3.08932e+07
496.287	  3.09061e+07
496.554	  3.09188e+07
496.821	  3.09316e+07
497.088	  3.09443e+07
497.355	  3.0957e+07
497.622	  3.09696e+07
497.889	  3.09822e+07
498.156	  3.09948e+07
498.423	  3.10073e+07
498.69	  3.10198e+07
498.957	  3.10323e+07
499.224	  3.10447e+07
499.491	  3.10571e+07
499.758	  3.10695e+07
500.025	  3.10818e+07
500.292	  3.10941e+07
500.559	  3.11064e+07
500.826	  3.11186e+07
501.093	  3.11308e+07
501.36	  3.11429e+07
501.627	  3.1155e+07
501.894	  3.11671e+07
502.161	  3.11791e+07
502.428	  3.11912e+07
502.695	  3.12031e+07
502.962	  3.12151e+07
503.229	  3.1227e+07
503.496	  3.12389e+07
503.763	  3.12507e+07
504.03	  3.12625e+07
504.297	  3.12743e+07
504.564	  3.1286e+07
504.831	  3.12977e+07
505.098	  3.13094e+07
505.365	  3.1321e+07
505.632	  3.13326e+07
505.899	  3.13441e+07
506.166	  3.13557e+07
506.433	  3.13672e+07
506.7	  3.13786e+07
506.967	  3.139e+07
507.234	  3.14014e+07
507.501	  3.14128e+07
507.768	  3.14241e+07
508.035	  3.14354e+07
508.302	  3.14466e+07
508.569	  3.14579e+07
508.836	  3.1469e+07
509.103	  3.14802e+07
509.37	  3.14913e+07
509.637	  3.15024e+07
509.904	  3.15134e+07
510.171	  3.15244e+07
510.438	  3.15354e+07
510.705	  3.15464e+07
510.972	  3.15573e+07
511.239	  3.15681e+07
511.506	  3.1579e+07
511.773	  3.15898e+07
512.04	  3.16006e+07
512.307	  3.16113e+07
512.574	  3.1622e+07
512.841	  3.16327e+07
513.108	  3.16433e+07
513.375	  3.16539e+07
513.642	  3.16645e+07
513.909	  3.1675e+07
514.176	  3.16855e+07
514.443	  3.1696e+07
514.71	  3.17064e+07
514.977	  3.17168e+07
515.244	  3.17272e+07
515.511	  3.17375e+07
515.778	  3.17478e+07
516.045	  3.17581e+07
516.312	  3.17683e+07
516.579	  3.17785e+07
516.846	  3.17887e+07
517.113	  3.17988e+07
517.38	  3.18089e+07
517.647	  3.1819e+07
517.914	  3.1829e+07
518.181	  3.1839e+07
518.448	  3.1849e+07
518.715	  3.18589e+07
518.982	  3.18688e+07
519.249	  3.18787e+07
519.516	  3.18885e+07
519.783	  3.18983e+07
520.05	  3.19081e+07
520.317	  3.19178e+07
520.584	  3.19275e+07
520.851	  3.19372e+07
521.118	  3.19468e+07
521.385	  3.19564e+07
521.652	  3.1966e+07
521.919	  3.19755e+07
522.186	  3.1985e+07
522.453	  3.19945e+07
522.72	  3.20039e+07
522.987	  3.20133e+07
523.254	  3.20227e+07
523.521	  3.2032e+07
523.788	  3.20413e+07
524.055	  3.20506e+07
524.322	  3.20598e+07
524.589	  3.2069e+07
524.856	  3.20782e+07
525.123	  3.20873e+07
525.39	  3.20965e+07
525.657	  3.21055e+07
525.924	  3.21146e+07
526.191	  3.21236e+07
526.458	  3.21326e+07
526.725	  3.21415e+07
526.992	  3.21504e+07
527.259	  3.21593e+07
527.526	  3.21681e+07
527.793	  3.2177e+07
528.06	  3.21857e+07
528.327	  3.21945e+07
528.594	  3.22032e+07
528.861	  3.22119e+07
529.128	  3.22206e+07
529.395	  3.22292e+07
529.662	  3.22378e+07
529.929	  3.22463e+07
530.196	  3.22548e+07
530.463	  3.22633e+07
530.73	  3.22718e+07
530.997	  3.22802e+07
531.264	  3.22886e+07
531.531	  3.2297e+07
531.798	  3.23053e+07
532.065	  3.23136e+07
532.332	  3.23219e+07
532.599	  3.23301e+07
532.866	  3.23383e+07
533.133	  3.23465e+07
533.4	  3.23546e+07
533.667	  3.23628e+07
533.934	  3.23708e+07
534.201	  3.23789e+07
534.468	  3.23869e+07
534.735	  3.23949e+07
535.002	  3.24028e+07
535.269	  3.24107e+07
535.536	  3.24186e+07
535.803	  3.24265e+07
536.07	  3.24343e+07
536.337	  3.24421e+07
536.604	  3.24499e+07
536.871	  3.24576e+07
537.138	  3.24653e+07
537.405	  3.2473e+07
537.672	  3.24806e+07
537.939	  3.24882e+07
538.206	  3.24958e+07
538.473	  3.25033e+07
538.74	  3.25108e+07
539.007	  3.25183e+07
539.274	  3.25258e+07
539.541	  3.25332e+07
539.808	  3.25406e+07
540.075	  3.25479e+07
540.342	  3.25553e+07
540.609	  3.25625e+07
540.876	  3.25698e+07
541.143	  3.2577e+07
541.41	  3.25842e+07
541.677	  3.25914e+07
541.944	  3.25985e+07
542.211	  3.26057e+07
542.478	  3.26127e+07
542.745	  3.26198e+07
543.012	  3.26268e+07
543.279	  3.26338e+07
543.546	  3.26407e+07
543.813	  3.26477e+07
544.08	  3.26546e+07
544.347	  3.26614e+07
544.614	  3.26682e+07
544.881	  3.2675e+07
545.148	  3.26818e+07
545.415	  3.26886e+07
545.682	  3.26953e+07
545.949	  3.2702e+07
546.216	  3.27086e+07
546.483	  3.27152e+07
546.75	  3.27218e+07
547.017	  3.27284e+07
547.284	  3.27349e+07
547.551	  3.27414e+07
547.818	  3.27479e+07
548.085	  3.27543e+07
548.352	  3.27607e+07
548.619	  3.27671e+07
548.886	  3.27734e+07
549.153	  3.27797e+07
549.42	  3.2786e+07
549.687	  3.27923e+07
549.954	  3.27985e+07
550.221	  3.28047e+07
550.488	  3.28109e+07
550.755	  3.2817e+07
551.022	  3.28231e+07
551.289	  3.28292e+07
551.556	  3.28352e+07
551.823	  3.28413e+07
552.09	  3.28473e+07
552.357	  3.28532e+07
552.624	  3.28591e+07
552.891	  3.2865e+07
553.158	  3.28709e+07
553.425	  3.28767e+07
553.692	  3.28826e+07
553.959	  3.28883e+07
554.226	  3.28941e+07
554.493	  3.28998e+07
554.76	  3.29055e+07
555.027	  3.29112e+07
555.294	  3.29168e+07
555.561	  3.29224e+07
555.828	  3.2928e+07
556.095	  3.29335e+07
556.362	  3.2939e+07
556.629	  3.29445e+07
556.896	  3.295e+07
557.163	  3.29554e+07
557.43	  3.29608e+07
557.697	  3.29662e+07
557.964	  3.29715e+07
558.231	  3.29769e+07
558.498	  3.29821e+07
558.765	  3.29874e+07
559.032	  3.29926e+07
559.299	  3.29978e+07
559.566	  3.3003e+07
560.009	  3.30115e+07
560.296	  3.3017e+07
560.583	  3.30224e+07
560.87	  3.30278e+07
561.157	  3.30332e+07
561.444	  3.30385e+07
561.731	  3.30438e+07
562.018	  3.30491e+07
562.305	  3.30543e+07
562.592	  3.30596e+07
562.879	  3.30647e+07
563.166	  3.30699e+07
563.453	  3.3075e+07
563.74	  3.30801e+07
564.027	  3.30851e+07
564.314	  3.30901e+07
564.601	  3.30951e+07
564.888	  3.31e+07
565.175	  3.31049e+07
565.462	  3.31098e+07
565.749	  3.31147e+07
566.036	  3.31195e+07
566.323	  3.31243e+07
566.61	  3.3129e+07
566.897	  3.31337e+07
567.184	  3.31384e+07
567.471	  3.31431e+07
567.758	  3.31477e+07
568.045	  3.31523e+07
568.332	  3.31568e+07
568.619	  3.31614e+07
568.906	  3.31659e+07
569.193	  3.31703e+07
569.48	  3.31747e+07
569.767	  3.31791e+07
570.054	  3.31835e+07
570.341	  3.31878e+07
570.628	  3.31921e+07
570.915	  3.31964e+07
571.202	  3.32006e+07
571.489	  3.32049e+07
571.776	  3.3209e+07
572.063	  3.32132e+07
572.35	  3.32173e+07
572.637	  3.32214e+07
572.924	  3.32254e+07
573.211	  3.32294e+07
573.498	  3.32334e+07
573.785	  3.32374e+07
574.072	  3.32413e+07
574.359	  3.32452e+07
574.646	  3.3249e+07
574.933	  3.32529e+07
575.22	  3.32567e+07
575.507	  3.32604e+07
575.794	  3.32642e+07
576.081	  3.32679e+07
576.368	  3.32715e+07
576.655	  3.32752e+07
576.942	  3.32788e+07
577.229	  3.32824e+07
577.516	  3.32859e+07
577.803	  3.32894e+07
578.09	  3.32929e+07
578.377	  3.32964e+07
578.664	  3.32998e+07
578.951	  3.33032e+07
579.238	  3.33065e+07
579.525	  3.33099e+07
579.812	  3.33132e+07
580.099	  3.33164e+07
580.386	  3.33197e+07
580.673	  3.33229e+07
580.96	  3.33261e+07
581.247	  3.33292e+07
581.534	  3.33323e+07
581.821	  3.33354e+07
582.108	  3.33385e+07
582.395	  3.33415e+07
582.682	  3.33445e+07
582.969	  3.33475e+07
583.256	  3.33504e+07
583.543	  3.33533e+07
583.83	  3.33562e+07
584.117	  3.33591e+07
584.404	  3.33619e+07
584.691	  3.33647e+07
584.978	  3.33674e+07
585.265	  3.33701e+07
585.552	  3.33728e+07
585.839	  3.33755e+07
586.126	  3.33782e+07
586.413	  3.33808e+07
586.7	  3.33833e+07
586.987	  3.33859e+07
587.274	  3.33884e+07
587.561	  3.33909e+07
587.848	  3.33934e+07
588.135	  3.33958e+07
588.422	  3.33982e+07
588.709	  3.34006e+07
588.996	  3.34029e+07
589.283	  3.34052e+07
589.57	  3.34075e+07
589.857	  3.34098e+07
590.144	  3.3412e+07
590.431	  3.34142e+07
590.718	  3.34164e+07
591.005	  3.34185e+07
591.292	  3.34206e+07
591.579	  3.34227e+07
591.866	  3.34247e+07
592.153	  3.34268e+07
592.44	  3.34287e+07
592.727	  3.34307e+07
593.014	  3.34327e+07
593.301	  3.34346e+07
593.588	  3.34364e+07
593.875	  3.34383e+07
594.162	  3.34401e+07
594.449	  3.34419e+07
594.736	  3.34437e+07
595.023	  3.34454e+07
595.31	  3.34471e+07
595.597	  3.34488e+07
595.884	  3.34504e+07
596.171	  3.34521e+07
596.458	  3.34537e+07
596.745	  3.34552e+07
597.032	  3.34568e+07
597.319	  3.34583e+07
597.606	  3.34597e+07
597.893	  3.34612e+07
598.18	  3.34626e+07
598.467	  3.3464e+07
598.754	  3.34654e+07
599.041	  3.34667e+07
599.328	  3.3468e+07
599.615	  3.34693e+07
599.902	  3.34706e+07
600.189	  3.34718e+07
600.476	  3.3473e+07
600.763	  3.34742e+07
601.05	  3.34753e+07
601.337	  3.34764e+07
601.624	  3.34775e+07
601.911	  3.34786e+07
602.198	  3.34796e+07
602.485	  3.34806e+07
602.772	  3.34816e+07
603.059	  3.34826e+07
603.346	  3.34835e+07
603.633	  3.34844e+07
603.92	  3.34853e+07
604.207	  3.34861e+07
604.494	  3.34869e+07
604.781	  3.34877e+07
605.068	  3.34885e+07
605.355	  3.34892e+07
605.642	  3.34899e+07
605.929	  3.34906e+07
606.216	  3.34912e+07
606.503	  3.34919e+07
606.79	  3.34925e+07
607.077	  3.3493e+07
607.364	  3.34936e+07
607.651	  3.34941e+07
607.938	  3.34946e+07
608.225	  3.34951e+07
608.512	  3.34955e+07
608.799	  3.34959e+07
609.086	  3.34963e+07
609.373	  3.34967e+07
609.66	  3.3497e+07
609.947	  3.34973e+07
610.234	  3.34976e+07
610.521	  3.34978e+07
610.808	  3.3498e+07
611.095	  3.34982e+07
611.382	  3.34984e+07
611.669	  3.34986e+07
611.956	  3.34987e+07
612.243	  3.34988e+07
612.53	  3.34989e+07
612.817	  3.34989e+07
613.104	  3.34989e+07
613.391	  3.34989e+07
613.678	  3.34989e+07
613.965	  3.34988e+07
614.252	  3.34987e+07
614.539	  3.34986e+07
614.826	  3.34985e+07
615.113	  3.34983e+07
615.4	  3.34981e+07
615.687	  3.34979e+07
615.974	  3.34976e+07
616.261	  3.34974e+07
616.548	  3.34971e+07
616.835	  3.34968e+07
617.122	  3.34964e+07
617.409	  3.3496e+07
617.696	  3.34956e+07
617.983	  3.34952e+07
618.27	  3.34948e+07
618.557	  3.34943e+07
618.844	  3.34938e+07
619.131	  3.34933e+07
619.418	  3.34927e+07
619.705	  3.34922e+07
619.992	  3.34916e+07
620.279	  3.34909e+07
620.566	  3.34903e+07
620.853	  3.34896e+07
621.14	  3.34889e+07
621.427	  3.34882e+07
621.714	  3.34874e+07
622.001	  3.34867e+07
622.288	  3.34859e+07
622.575	  3.3485e+07
622.862	  3.34842e+07
623.149	  3.34833e+07
623.436	  3.34824e+07
623.723	  3.34815e+07
624.01	  3.34806e+07
624.297	  3.34796e+07
624.584	  3.34786e+07
624.871	  3.34776e+07
625.158	  3.34765e+07
625.445	  3.34755e+07
625.732	  3.34744e+07
626.019	  3.34732e+07
626.306	  3.34721e+07
626.593	  3.34709e+07
626.88	  3.34697e+07
627.167	  3.34685e+07
627.454	  3.34673e+07
627.741	  3.3466e+07
628.028	  3.34647e+07
628.315	  3.34634e+07
628.602	  3.34621e+07
628.889	  3.34607e+07
629.176	  3.34593e+07
629.463	  3.34579e+07
629.75	  3.34565e+07
630.037	  3.3455e+07
630.324	  3.34536e+07
630.611	  3.34521e+07
630.898	  3.34505e+07
631.185	  3.3449e+07
631.472	  3.34474e+07
631.759	  3.34458e+07
632.046	  3.34442e+07
632.333	  3.34425e+07
632.62	  3.34409e+07
632.907	  3.34392e+07
633.194	  3.34375e+07
633.481	  3.34357e+07
633.768	  3.34339e+07
634.055	  3.34322e+07
634.342	  3.34304e+07
634.629	  3.34285e+07
634.916	  3.34267e+07
635.203	  3.34248e+07
635.49	  3.34229e+07
635.777	  3.3421e+07
636.064	  3.3419e+07
636.351	  3.3417e+07
636.638	  3.3415e+07
636.925	  3.3413e+07
637.212	  3.3411e+07
637.499	  3.34089e+07
637.786	  3.34068e+07
638.073	  3.34047e+07
638.36	  3.34026e+07
638.647	  3.34004e+07
638.934	  3.33983e+07
639.221	  3.33961e+07
639.508	  3.33938e+07
639.795	  3.33916e+07
640.082	  3.33893e+07
640.369	  3.3387e+07
640.656	  3.33847e+07
640.943	  3.33824e+07
641.23	  3.338e+07
641.517	  3.33776e+07
641.804	  3.33752e+07
642.091	  3.33728e+07
642.378	  3.33704e+07
642.665	  3.33679e+07
642.952	  3.33654e+07
643.239	  3.33629e+07
643.526	  3.33604e+07
643.813	  3.33578e+07
644.1	  3.33552e+07
644.387	  3.33526e+07
644.674	  3.335e+07
644.961	  3.33473e+07
645.248	  3.33447e+07
645.535	  3.3342e+07
645.822	  3.33393e+07
646.109	  3.33365e+07
646.396	  3.33338e+07
646.683	  3.3331e+07
646.97	  3.33282e+07
647.257	  3.33254e+07
647.544	  3.33225e+07
647.831	  3.33197e+07
648.118	  3.33168e+07
648.405	  3.33139e+07
648.692	  3.3311e+07
648.979	  3.3308e+07
649.266	  3.3305e+07
649.553	  3.3302e+07
649.84	  3.3299e+07
650.127	  3.3296e+07
650.414	  3.32929e+07
650.701	  3.32899e+07
650.988	  3.32868e+07
651.275	  3.32836e+07
651.562	  3.32805e+07
651.849	  3.32773e+07
652.136	  3.32742e+07
652.423	  3.32709e+07
652.71	  3.32677e+07
652.997	  3.32645e+07
653.284	  3.32612e+07
653.571	  3.32579e+07
653.858	  3.32546e+07
654.145	  3.32513e+07
654.432	  3.32479e+07
654.719	  3.32446e+07
655.006	  3.32412e+07
655.293	  3.32378e+07
655.58	  3.32343e+07
655.867	  3.32309e+07
656.154	  3.32274e+07
656.441	  3.32239e+07
656.728	  3.32204e+07
657.015	  3.32169e+07
657.302	  3.32133e+07
657.589	  3.32097e+07
657.876	  3.32061e+07
658.163	  3.32025e+07
658.45	  3.31989e+07
658.737	  3.31952e+07
659.024	  3.31915e+07
659.311	  3.31878e+07
659.598	  3.31841e+07
659.885	  3.31804e+07
660.172	  3.31766e+07
660.459	  3.31728e+07
660.746	  3.3169e+07
661.033	  3.31652e+07
661.32	  3.31614e+07
661.607	  3.31575e+07
661.894	  3.31536e+07
662.181	  3.31497e+07
662.468	  3.31458e+07
662.755	  3.31419e+07
663.042	  3.31379e+07
663.329	  3.3134e+07
663.616	  3.313e+07
663.903	  3.31259e+07
664.19	  3.31219e+07
664.477	  3.31179e+07
664.764	  3.31138e+07
665.051	  3.31097e+07
665.338	  3.31056e+07
665.625	  3.31014e+07
665.912	  3.30973e+07
666.199	  3.30931e+07
666.486	  3.30889e+07
666.773	  3.30847e+07
667.06	  3.30805e+07
667.347	  3.30762e+07
667.634	  3.3072e+07
667.921	  3.30677e+07
668.208	  3.30634e+07
668.495	  3.3059e+07
668.782	  3.30547e+07
669.069	  3.30503e+07
669.356	  3.3046e+07
669.643	  3.30416e+07
669.93	  3.30371e+07
670.217	  3.30327e+07
670.504	  3.30282e+07
670.791	  3.30238e+07
671.078	  3.30193e+07
671.365	  3.30147e+07
671.652	  3.30102e+07
671.939	  3.30057e+07
672.226	  3.30011e+07
672.513	  3.29965e+07
672.8	  3.29919e+07
673.087	  3.29873e+07
673.374	  3.29826e+07
673.661	  3.2978e+07
673.948	  3.29733e+07
674.235	  3.29686e+07
674.522	  3.29639e+07
674.809	  3.29591e+07
675.096	  3.29544e+07
675.383	  3.29496e+07
675.67	  3.29448e+07
675.957	  3.294e+07
676.244	  3.29352e+07
676.531	  3.29303e+07
676.818	  3.29255e+07
677.105	  3.29206e+07
677.392	  3.29157e+07
677.679	  3.29108e+07
677.966	  3.29058e+07
678.253	  3.29009e+07
678.54	  3.28959e+07
678.827	  3.28909e+07
679.114	  3.28859e+07
679.401	  3.28809e+07
679.688	  3.28758e+07
679.975	  3.28708e+07
680.262	  3.28657e+07
680.549	  3.28606e+07
680.836	  3.28555e+07
681.123	  3.28504e+07
681.41	  3.28452e+07
681.697	  3.284e+07
681.984	  3.28349e+07
682.271	  3.28297e+07
682.558	  3.28244e+07
682.845	  3.28192e+07
683.132	  3.2814e+07
683.419	  3.28087e+07
683.706	  3.28034e+07
683.993	  3.27981e+07
684.28	  3.27928e+07
684.567	  3.27874e+07
684.854	  3.27821e+07
685.141	  3.27767e+07
685.428	  3.27713e+07
685.715	  3.27659e+07
686.002	  3.27605e+07
686.289	  3.2755e+07
686.576	  3.27496e+07
686.863	  3.27441e+07
687.15	  3.27386e+07
687.437	  3.27331e+07
687.724	  3.27276e+07
688.011	  3.2722e+07
688.298	  3.27165e+07
688.585	  3.27109e+07
688.872	  3.27053e+07
689.159	  3.26997e+07
689.446	  3.2694e+07
689.733	  3.26884e+07
690.02	  3.26827e+07
690.307	  3.26771e+07
690.594	  3.26714e+07
690.881	  3.26657e+07
691.168	  3.26599e+07
691.455	  3.26542e+07
691.742	  3.26484e+07
692.029	  3.26427e+07
692.316	  3.26369e+07
692.603	  3.26311e+07
692.89	  3.26252e+07
693.177	  3.26194e+07
693.464	  3.26135e+07
693.751	  3.26077e+07
694.038	  3.26018e+07
694.325	  3.25959e+07
694.612	  3.25899e+07
694.899	  3.2584e+07
695.186	  3.25781e+07
695.473	  3.25721e+07
695.76	  3.25661e+07
696.047	  3.25601e+07
696.334	  3.25541e+07
696.621	  3.2548e+07
696.908	  3.2542e+07
697.195	  3.25359e+07
697.482	  3.25298e+07
697.769	  3.25237e+07
698.056	  3.25176e+07
698.343	  3.25115e+07
698.63	  3.25054e+07
698.917	  3.24992e+07
699.204	  3.2493e+07
699.491	  3.24868e+07
699.778	  3.24806e+07
700.065	  3.24744e+07
700.352	  3.24682e+07
700.639	  3.24619e+07
700.926	  3.24557e+07
701.213	  3.24494e+07
701.5	  3.24431e+07
701.787	  3.24368e+07
702.074	  3.24304e+07
702.361	  3.24241e+07
702.648	  3.24177e+07
702.935	  3.24114e+07
703.222	  3.2405e+07
703.509	  3.23986e+07
703.796	  3.23921e+07
704.083	  3.23857e+07
704.37	  3.23793e+07
704.657	  3.23728e+07
704.944	  3.23663e+07
705.231	  3.23598e+07
705.518	  3.23533e+07
705.805	  3.23468e+07
706.092	  3.23402e+07
706.379	  3.23337e+07
706.666	  3.23271e+07
706.953	  3.23205e+07
707.24	  3.23139e+07
707.527	  3.23073e+07
707.814	  3.23007e+07
708.101	  3.2294e+07
708.388	  3.22874e+07
708.675	  3.22807e+07
708.962	  3.2274e+07
709.249	  3.22673e+07
709.536	  3.22606e+07
709.823	  3.22539e+07
710.11	  3.22471e+07
710.397	  3.22404e+07
710.684	  3.22336e+07
710.971	  3.22268e+07
711.258	  3.222e+07
711.545	  3.22132e+07
711.832	  3.22064e+07
712.119	  3.21995e+07
712.406	  3.21927e+07
712.693	  3.21858e+07
712.98	  3.21789e+07
713.267	  3.2172e+07
713.554	  3.21651e+07
713.841	  3.21582e+07
714.128	  3.21512e+07
714.415	  3.21443e+07
714.702	  3.21373e+07
714.989	  3.21303e+07
715.276	  3.21233e+07
715.563	  3.21163e+07
715.85	  3.21093e+07
716.137	  3.21022e+07
716.424	  3.20952e+07
716.711	  3.20881e+07
716.998	  3.2081e+07
717.285	  3.20739e+07
717.572	  3.20668e+07
717.859	  3.20597e+07
718.146	  3.20525e+07
718.433	  3.20454e+07
718.72	  3.20382e+07
719.007	  3.2031e+07
719.294	  3.20239e+07
719.581	  3.20167e+07
719.868	  3.20094e+07
720.155	  3.20022e+07
720.442	  3.1995e+07
720.729	  3.19877e+07
721.016	  3.19804e+07
721.303	  3.19731e+07
721.59	  3.19658e+07
721.877	  3.19585e+07
722.164	  3.19512e+07
722.451	  3.19439e+07
722.738	  3.19365e+07
723.025	  3.19292e+07
723.312	  3.19218e+07
723.599	  3.19144e+07
723.886	  3.1907e+07
724.173	  3.18996e+07
724.46	  3.18921e+07
724.747	  3.18847e+07
725.034	  3.18772e+07
725.321	  3.18698e+07
725.608	  3.18623e+07
725.895	  3.18548e+07
726.182	  3.18473e+07
726.469	  3.18398e+07
726.756	  3.18322e+07
727.043	  3.18247e+07
727.33	  3.18171e+07
727.617	  3.18096e+07
727.904	  3.1802e+07
728.191	  3.17944e+07
728.478	  3.17868e+07
728.765	  3.17792e+07
729.052	  3.17715e+07
729.339	  3.17639e+07
729.626	  3.17562e+07
729.913	  3.17486e+07
730.2	  3.17409e+07
730.487	  3.17332e+07
730.774	  3.17255e+07
731.061	  3.17177e+07
731.348	  3.171e+07
731.635	  3.17023e+07
731.922	  3.16945e+07
732.209	  3.16867e+07
732.496	  3.1679e+07
732.783	  3.16712e+07
733.07	  3.16634e+07
733.357	  3.16555e+07
733.644	  3.16477e+07
733.931	  3.16399e+07
734.218	  3.1632e+07
734.505	  3.16242e+07
734.792	  3.16163e+07
735.079	  3.16084e+07
735.366	  3.16005e+07
735.653	  3.15926e+07
735.94	  3.15846e+07
736.227	  3.15767e+07
736.514	  3.15688e+07
736.801	  3.15608e+07
737.088	  3.15528e+07
737.375	  3.15448e+07
737.662	  3.15368e+07
737.949	  3.15288e+07
738.236	  3.15208e+07
738.523	  3.15128e+07
738.81	  3.15047e+07
739.097	  3.14967e+07
739.384	  3.14886e+07
739.671	  3.14805e+07
739.958	  3.14724e+07
740.245	  3.14643e+07
740.532	  3.14562e+07
740.819	  3.14481e+07
741.106	  3.144e+07
741.393	  3.14318e+07
741.68	  3.14237e+07
741.967	  3.14155e+07
742.254	  3.14073e+07
742.541	  3.13991e+07
742.828	  3.13909e+07
743.115	  3.13827e+07
743.402	  3.13745e+07
743.689	  3.13663e+07
743.976	  3.1358e+07
744.263	  3.13497e+07
744.55	  3.13415e+07
744.837	  3.13332e+07
745.124	  3.13249e+07
745.411	  3.13166e+07
745.698	  3.13083e+07
745.985	  3.13e+07
746.272	  3.12916e+07
746.559	  3.12833e+07
746.846	  3.12749e+07
747.133	  3.12666e+07
747.42	  3.12582e+07
747.707	  3.12498e+07
747.994	  3.12414e+07
748.281	  3.1233e+07
748.568	  3.12245e+07
748.855	  3.12161e+07
749.142	  3.12077e+07
749.429	  3.11992e+07
749.716	  3.11908e+07
750.003	  3.11823e+07
750.29	  3.11738e+07
750.577	  3.11653e+07
750.864	  3.11568e+07
751.151	  3.11483e+07
751.438	  3.11397e+07
751.725	  3.11312e+07
752.012	  3.11227e+07
752.299	  3.11141e+07
752.586	  3.11055e+07
752.873	  3.10969e+07
753.16	  3.10884e+07
753.447	  3.10798e+07
753.734	  3.10711e+07
754.021	  3.10625e+07
754.308	  3.10539e+07
754.595	  3.10452e+07
754.882	  3.10366e+07
755.169	  3.10279e+07
755.456	  3.10193e+07
755.743	  3.10106e+07
756.03	  3.10019e+07
756.317	  3.09932e+07
756.604	  3.09845e+07
756.891	  3.09758e+07
757.178	  3.0967e+07
757.465	  3.09583e+07
757.752	  3.09495e+07
758.039	  3.09408e+07
758.326	  3.0932e+07
758.613	  3.09232e+07
758.9	  3.09144e+07
759.187	  3.09056e+07
759.474	  3.08968e+07
759.761	  3.0888e+07
760.048	  3.08792e+07
760.335	  3.08703e+07
760.622	  3.08615e+07
760.909	  3.08526e+07
761.196	  3.08437e+07
761.483	  3.08349e+07
761.77	  3.0826e+07
762.057	  3.08171e+07
762.344	  3.08082e+07
762.631	  3.07992e+07
762.918	  3.07903e+07
763.205	  3.07814e+07
763.492	  3.07724e+07
763.779	  3.07635e+07
764.066	  3.07545e+07
764.353	  3.07455e+07
764.64	  3.07366e+07
764.927	  3.07276e+07
765.214	  3.07186e+07
765.501	  3.07096e+07
765.788	  3.07005e+07
766.075	  3.06915e+07
766.362	  3.06825e+07
766.649	  3.06734e+07
766.936	  3.06644e+07
767.223	  3.06553e+07
767.51	  3.06462e+07
767.797	  3.06371e+07
768.084	  3.06281e+07
768.371	  3.0619e+07
768.658	  3.06098e+07
768.945	  3.06007e+07
769.232	  3.05916e+07
769.519	  3.05825e+07
769.806	  3.05733e+07
770.093	  3.05642e+07
770.38	  3.0555e+07
770.667	  3.05458e+07
770.954	  3.05366e+07
771.241	  3.05274e+07
771.528	  3.05182e+07
771.815	  3.0509e+07
772.102	  3.04998e+07
772.389	  3.04906e+07
772.676	  3.04814e+07
772.963	  3.04721e+07
773.25	  3.04629e+07
773.537	  3.04536e+07
773.824	  3.04443e+07
774.111	  3.04351e+07
774.398	  3.04258e+07
774.685	  3.04165e+07
774.972	  3.04072e+07
775.259	  3.03979e+07
775.546	  3.03885e+07
775.833	  3.03792e+07
776.12	  3.03699e+07
776.407	  3.03605e+07
776.694	  3.03512e+07
776.981	  3.03418e+07
777.268	  3.03324e+07
777.555	  3.03231e+07
777.842	  3.03137e+07
778.129	  3.03043e+07
778.416	  3.02949e+07
778.703	  3.02855e+07
778.99	  3.02761e+07
779.277	  3.02666e+07
779.564	  3.02572e+07
779.851	  3.02477e+07
780.138	  3.02383e+07
780.425	  3.02288e+07
780.712	  3.02194e+07
780.999	  3.02099e+07
781.286	  3.02004e+07
781.573	  3.01909e+07
781.86	  3.01814e+07
782.147	  3.01719e+07
782.434	  3.01624e+07
782.721	  3.01529e+07
783.008	  3.01433e+07
783.295	  3.01338e+07
783.582	  3.01243e+07
783.869	  3.01147e+07
784.156	  3.01051e+07
784.443	  3.00956e+07
784.73	  3.0086e+07
785.017	  3.00764e+07
785.304	  3.00668e+07
785.591	  3.00572e+07
785.878	  3.00476e+07
786.165	  3.0038e+07
786.452	  3.00284e+07
786.739	  3.00187e+07
787.026	  3.00091e+07
787.313	  2.99994e+07
787.6	  2.99898e+07
787.887	  2.99801e+07
788.174	  2.99705e+07
788.461	  2.99608e+07
788.748	  2.99511e+07
789.035	  2.99414e+07
789.322	  2.99317e+07
789.609	  2.9922e+07
789.896	  2.99123e+07
790.183	  2.99026e+07
790.47	  2.98928e+07
790.757	  2.98831e+07
791.044	  2.98734e+07
791.331	  2.98636e+07
791.618	  2.98539e+07
791.905	  2.98441e+07
792.192	  2.98343e+07
792.479	  2.98245e+07
792.766	  2.98148e+07
793.053	  2.9805e+07
793.34	  2.97952e+07
793.627	  2.97854e+07
793.914	  2.97755e+07
794.201	  2.97657e+07
794.488	  2.97559e+07
794.775	  2.97461e+07
795.062	  2.97362e+07
795.349	  2.97264e+07
795.636	  2.97165e+07
795.923	  2.97067e+07
796.21	  2.96968e+07
796.497	  2.96869e+07
796.784	  2.9677e+07
797.071	  2.96671e+07
797.358	  2.96572e+07
797.645	  2.96473e+07
797.932	  2.96374e+07
798.219	  2.96275e+07
798.506	  2.96176e+07
798.793	  2.96077e+07
799.08	  2.95977e+07
799.367	  2.95878e+07
799.654	  2.95778e+07
799.941	  2.95679e+07
800.228	  2.95579e+07
800.515	  2.95479e+07
800.802	  2.9538e+07
801.089	  2.9528e+07
801.376	  2.9518e+07
801.663	  2.9508e+07
801.95	  2.9498e+07
802.237	  2.9488e+07
802.524	  2.9478e+07
802.811	  2.94679e+07
803.098	  2.94579e+07
803.385	  2.94479e+07
803.672	  2.94378e+07
803.959	  2.94278e+07
804.246	  2.94177e+07
804.533	  2.94077e+07
804.82	  2.93976e+07
805.107	  2.93875e+07
805.394	  2.93775e+07
805.681	  2.93674e+07
805.968	  2.93573e+07
806.255	  2.93472e+07
806.542	  2.93371e+07
806.829	  2.9327e+07
807.116	  2.93169e+07
807.403	  2.93067e+07
807.69	  2.92966e+07
807.977	  2.92865e+07
808.264	  2.92763e+07
808.551	  2.92662e+07
808.838	  2.9256e+07
809.125	  2.92459e+07
809.412	  2.92357e+07
809.699	  2.92256e+07
809.986	  2.92154e+07
810.273	  2.92052e+07
810.56	  2.9195e+07
810.847	  2.91848e+07
811.134	  2.91746e+07
811.421	  2.91644e+07
811.708	  2.91542e+07
811.995	  2.9144e+07
812.282	  2.91338e+07
812.569	  2.91235e+07
812.856	  2.91133e+07
813.143	  2.91031e+07
813.43	  2.90928e+07
813.717	  2.90826e+07
814.004	  2.90723e+07
814.291	  2.90621e+07
814.578	  2.90518e+07
814.865	  2.90415e+07
815.152	  2.90312e+07
815.439	  2.9021e+07
815.726	  2.90107e+07
816.013	  2.90004e+07
816.3	  2.89901e+07
816.587	  2.89798e+07
816.874	  2.89695e+07
817.161	  2.89591e+07
817.448	  2.89488e+07
817.735	  2.89385e+07
818.022	  2.89282e+07
818.309	  2.89178e+07
818.596	  2.89075e+07
818.883	  2.88971e+07
819.17	  2.88868e+07
819.457	  2.88764e+07
820.002	  2.88567e+07
820.031	  2.88557e+07
820.059	  2.88546e+07
820.088	  2.88536e+07
820.117	  2.88526e+07
820.146	  2.88515e+07
820.174	  2.88505e+07
820.203	  2.88495e+07
820.232	  2.88484e+07
820.26	  2.88474e+07
820.289	  2.88463e+07
820.318	  2.88453e+07
820.346	  2.88443e+07
820.375	  2.88432e+07
820.404	  2.88422e+07
820.433	  2.88412e+07
820.461	  2.88401e+07
820.49	  2.88391e+07
820.519	  2.8838e+07
820.547	  2.8837e+07
820.576	  2.8836e+07
820.605	  2.88349e+07
820.633	  1.24217e+07
820.662	  1.24214e+07
820.691	  1.24212e+07
820.72	  1.2421e+07
820.748	  1.24208e+07
820.777	  1.24206e+07
820.806	  1.24204e+07
820.834	  1.24202e+07
820.863	  1.24199e+07
820.892	  1.24197e+07
820.92	  1.24195e+07
820.949	  1.24193e+07
820.978	  1.24191e+07
821.007	  1.24189e+07
821.035	  1.24187e+07
821.064	  1.24184e+07
821.093	  1.24182e+07
821.121	  1.2418e+07
821.15	  1.24178e+07
821.179	  1.24176e+07
821.207	  1.24174e+07
821.236	  1.24172e+07
821.265	  1.24169e+07
821.294	  1.24167e+07
821.322	  1.24165e+07
821.351	  1.24163e+07
821.38	  1.24161e+07
821.408	  1.24159e+07
821.437	  1.24156e+07
821.466	  1.24154e+07
821.494	  1.24152e+07
821.523	  1.2415e+07
821.552	  1.24148e+07
821.581	  1.24146e+07
821.609	  1.24144e+07
821.638	  1.24141e+07
821.667	  1.24139e+07
821.695	  1.24137e+07
821.724	  1.24135e+07
821.753	  1.24133e+07
821.781	  1.24131e+07
821.81	  1.24129e+07
821.839	  1.24126e+07
821.868	  1.24124e+07
821.896	  1.24122e+07
821.925	  1.2412e+07
821.954	  1.24118e+07
821.982	  1.24116e+07
822.011	  1.24113e+07
822.011	  1.24113e+07
822.298	  1.24092e+07
822.585	  1.2407e+07
822.872	  1.24049e+07
823.159	  1.24027e+07
823.446	  1.24005e+07
823.733	  1.23984e+07
824.02	  1.23962e+07
824.307	  1.2394e+07
824.594	  1.23918e+07
824.881	  1.23897e+07
825.168	  1.23875e+07
825.455	  1.23853e+07
825.742	  1.23831e+07
826.029	  1.23809e+07
826.316	  1.23787e+07
826.603	  1.23765e+07
826.89	  1.23743e+07
827.177	  1.23721e+07
827.464	  1.23699e+07
827.751	  1.23677e+07
828.038	  1.23655e+07
828.325	  1.23633e+07
828.612	  1.23611e+07
828.899	  1.23589e+07
829.186	  1.23566e+07
829.473	  1.23544e+07
829.76	  1.23522e+07
830.047	  1.235e+07
830.334	  1.23477e+07
830.621	  1.23455e+07
830.908	  1.23433e+07
831.195	  1.2341e+07
831.482	  1.23388e+07
831.769	  1.23365e+07
832.056	  1.23343e+07
832.343	  1.2332e+07
832.63	  1.23298e+07
832.917	  1.23275e+07
833.204	  1.23253e+07
833.491	  1.2323e+07
833.778	  1.23208e+07
834.065	  1.23185e+07
834.352	  1.23162e+07
834.639	  1.2314e+07
834.926	  1.23117e+07
835.213	  1.23094e+07
835.5	  1.23071e+07
835.787	  1.23049e+07
836.074	  1.23026e+07
836.361	  1.23003e+07
836.648	  1.2298e+07
836.935	  1.22957e+07
837.222	  1.22934e+07
837.509	  1.22911e+07
837.796	  1.22888e+07
838.083	  1.22865e+07
838.37	  1.22842e+07
838.657	  1.22819e+07
838.944	  1.22796e+07
839.231	  1.22773e+07
839.518	  1.2275e+07
839.805	  1.22727e+07
840.092	  1.22704e+07
840.379	  1.22681e+07
840.666	  1.22657e+07
840.953	  1.22634e+07
841.24	  1.22611e+07
841.527	  1.22588e+07
841.814	  1.22564e+07
842.101	  1.22541e+07
842.388	  1.22518e+07
842.675	  1.22494e+07
842.962	  1.22471e+07
843.249	  1.22448e+07
843.536	  1.22424e+07
843.823	  1.22401e+07
844.11	  1.22377e+07
844.397	  1.22354e+07
844.684	  1.2233e+07
844.971	  1.22307e+07
845.258	  1.22283e+07
845.545	  1.22259e+07
845.832	  1.22236e+07
846.119	  1.22212e+07
846.406	  1.22188e+07
846.693	  1.22165e+07
846.98	  1.22141e+07
847.267	  1.22117e+07
847.554	  1.22093e+07
847.841	  1.2207e+07
848.128	  1.22046e+07
848.415	  1.22022e+07
848.702	  1.21998e+07
848.989	  1.21974e+07
849.276	  1.2195e+07
849.563	  1.21926e+07
849.85	  1.21902e+07
850.137	  1.21878e+07
850.424	  1.21855e+07
850.711	  1.2183e+07
850.998	  1.21806e+07
851.285	  1.21782e+07
851.572	  1.21758e+07
851.859	  1.21734e+07
852.146	  1.2171e+07
852.433	  1.21686e+07
852.72	  1.21662e+07
853.007	  1.21638e+07
853.294	  1.21613e+07
853.581	  1.21589e+07
853.868	  1.21565e+07
854.155	  1.21541e+07
854.442	  1.21516e+07
854.729	  1.21492e+07
855.016	  1.21468e+07
855.303	  1.21443e+07
855.59	  1.21419e+07
855.877	  1.21394e+07
856.164	  1.2137e+07
856.451	  1.21345e+07
856.738	  1.21321e+07
857.025	  1.21296e+07
857.312	  1.21272e+07
857.599	  1.21247e+07
857.886	  1.21223e+07
858.173	  1.21198e+07
858.46	  1.21174e+07
858.747	  1.21149e+07
859.034	  1.21124e+07
859.321	  1.211e+07
859.608	  1.21075e+07
859.895	  1.2105e+07
860.182	  1.21026e+07
860.469	  1.21001e+07
860.756	  1.20976e+07
861.043	  1.20951e+07
861.33	  1.20926e+07
861.617	  1.20902e+07
861.904	  1.20877e+07
862.191	  1.20852e+07
862.478	  1.20827e+07
862.765	  1.20802e+07
863.052	  1.20777e+07
863.339	  1.20752e+07
863.626	  1.20727e+07
863.913	  1.20702e+07
864.2	  1.20677e+07
864.487	  1.20652e+07
864.774	  1.20627e+07
865.061	  1.20602e+07
865.348	  1.20577e+07
865.635	  1.20552e+07
865.922	  1.20526e+07
866.209	  1.20501e+07
866.496	  1.20476e+07
866.783	  1.20451e+07
867.07	  1.20426e+07
867.357	  1.204e+07
867.644	  1.20375e+07
867.931	  1.2035e+07
868.218	  1.20325e+07
868.505	  1.20299e+07
868.792	  1.20274e+07
869.079	  1.20249e+07
869.366	  1.20223e+07
869.653	  1.20198e+07
869.94	  1.20172e+07
870.227	  1.20147e+07
870.514	  1.20121e+07
870.801	  1.20096e+07
871.088	  1.2007e+07
871.375	  1.20045e+07
871.662	  1.20019e+07
871.949	  1.19994e+07
872.236	  1.19968e+07
872.523	  1.19943e+07
872.81	  1.19917e+07
873.097	  1.19891e+07
873.384	  1.19866e+07
873.671	  1.1984e+07
873.958	  1.19814e+07
874.245	  1.19789e+07
874.532	  1.19763e+07
874.819	  1.19737e+07
875.106	  1.19711e+07
875.393	  1.19686e+07
875.68	  1.1966e+07
875.967	  1.19634e+07
876.254	  1.19608e+07
876.541	  1.19582e+07
876.828	  1.19556e+07
877.115	  1.1953e+07
877.402	  1.19505e+07
877.689	  1.19479e+07
877.976	  1.19453e+07
878.263	  1.19427e+07
878.55	  1.19401e+07
878.837	  1.19375e+07
879.124	  1.19349e+07
879.411	  1.19323e+07
879.698	  1.19297e+07
879.985	  1.1927e+07
880.272	  1.19244e+07
880.559	  1.19218e+07
880.846	  1.19192e+07
881.133	  1.19166e+07
881.42	  1.1914e+07
881.707	  1.19114e+07
881.994	  1.19087e+07
882.281	  1.19061e+07
882.568	  1.19035e+07
882.855	  1.19009e+07
883.142	  1.18982e+07
883.429	  1.18956e+07
883.716	  1.1893e+07
884.003	  1.18903e+07
884.29	  1.18877e+07
884.577	  1.18851e+07
884.864	  1.18824e+07
885.151	  1.18798e+07
885.438	  1.18772e+07
885.725	  1.18745e+07
886.012	  1.18719e+07
886.299	  1.18692e+07
886.586	  1.18666e+07
886.873	  1.18639e+07
887.16	  1.18613e+07
887.447	  1.18586e+07
887.734	  1.1856e+07
888.021	  1.18533e+07
888.308	  1.18506e+07
888.595	  1.1848e+07
888.882	  1.18453e+07
889.169	  1.18427e+07
889.456	  1.184e+07
889.743	  1.18373e+07
890.03	  1.18347e+07
890.317	  1.1832e+07
890.604	  1.18293e+07
890.891	  1.18266e+07
891.178	  1.1824e+07
891.465	  1.18213e+07
891.752	  1.18186e+07
892.039	  1.18159e+07
892.326	  1.18133e+07
892.613	  1.18106e+07
892.9	  1.18079e+07
893.187	  1.18052e+07
893.474	  1.18025e+07
893.761	  1.17998e+07
894.048	  1.17971e+07
894.335	  1.17944e+07
894.622	  1.17917e+07
894.909	  1.1789e+07
895.196	  1.17863e+07
895.483	  1.17836e+07
895.77	  1.17809e+07
896.057	  1.17782e+07
896.344	  1.17755e+07
896.631	  1.17728e+07
896.918	  1.17701e+07
897.205	  1.17674e+07
897.492	  1.17647e+07
897.779	  1.1762e+07
898.066	  1.17593e+07
898.353	  1.17566e+07
898.64	  1.17538e+07
898.927	  1.17511e+07
899.214	  1.17484e+07
899.501	  1.17457e+07
899.788	  1.1743e+07
900.075	  1.17402e+07
900.362	  1.17375e+07
900.649	  1.17348e+07
900.936	  1.17321e+07
901.223	  1.17293e+07
901.51	  1.17266e+07
901.797	  1.17239e+07
902.084	  1.17211e+07
902.371	  1.17184e+07
902.658	  1.17156e+07
902.945	  1.17129e+07
903.232	  1.17102e+07
903.519	  1.17074e+07
903.806	  1.17047e+07
904.093	  1.17019e+07
904.38	  1.16992e+07
904.667	  1.16964e+07
904.954	  1.16937e+07
905.241	  1.16909e+07
905.528	  1.16882e+07
905.815	  1.16854e+07
906.102	  1.16827e+07
906.389	  1.16799e+07
906.676	  1.16772e+07
906.963	  1.16744e+07
907.25	  1.16716e+07
907.537	  1.16689e+07
907.824	  1.16661e+07
908.111	  1.16633e+07
908.398	  1.16606e+07
908.685	  1.16578e+07
908.972	  1.1655e+07
909.259	  1.16523e+07
909.546	  1.16495e+07
909.833	  1.16467e+07
910.12	  1.16439e+07
910.407	  1.16412e+07
910.694	  1.16384e+07
910.981	  1.16356e+07
911.268	  1.16328e+07
911.555	  1.163e+07
911.842	  1.16272e+07
912.129	  1.16245e+07
912.416	  1.16217e+07
912.703	  1.16189e+07
912.99	  1.16161e+07
913.277	  1.16133e+07
913.564	  1.16105e+07
913.851	  1.16077e+07
914.138	  1.16049e+07
914.425	  1.16021e+07
914.712	  1.15993e+07
914.999	  1.15965e+07
915.286	  1.15937e+07
915.573	  1.15909e+07
915.86	  1.15881e+07
916.147	  1.15853e+07
916.434	  1.15825e+07
916.721	  1.15797e+07
917.008	  1.15769e+07
917.295	  1.15741e+07
917.582	  1.15713e+07
917.869	  1.15685e+07
918.156	  1.15656e+07
918.443	  1.15628e+07
918.73	  1.156e+07
919.017	  1.15572e+07
919.304	  1.15544e+07
919.591	  1.15516e+07
919.878	  1.15487e+07
920.165	  1.15459e+07
920.452	  1.15431e+07
920.739	  1.15403e+07
921.026	  1.15374e+07
921.313	  1.15346e+07
921.6	  1.15318e+07
921.887	  1.15289e+07
922.174	  1.15261e+07
922.461	  1.15233e+07
922.748	  1.15204e+07
923.035	  1.15176e+07
923.322	  1.15148e+07
923.609	  1.15119e+07
923.896	  1.15091e+07
924.183	  1.15063e+07
924.47	  1.15034e+07
924.757	  1.15006e+07
925.044	  1.14977e+07
925.331	  1.14949e+07
925.618	  1.1492e+07
925.905	  1.14892e+07
926.192	  1.14863e+07
926.479	  1.14835e+07
926.766	  1.14806e+07
927.053	  1.14778e+07
927.34	  1.14749e+07
927.627	  1.14721e+07
927.914	  1.14692e+07
928.201	  1.14664e+07
928.488	  1.14635e+07
928.775	  1.14606e+07
929.062	  1.14578e+07
929.349	  1.14549e+07
929.636	  1.14521e+07
929.923	  1.14492e+07
930.21	  1.14463e+07
930.497	  1.14435e+07
930.784	  1.14406e+07
931.071	  1.14377e+07
931.358	  1.14348e+07
931.645	  1.1432e+07
931.932	  1.14291e+07
932.219	  1.14262e+07
932.506	  1.14234e+07
932.793	  1.14205e+07
933.08	  1.14176e+07
933.367	  1.14147e+07
933.654	  1.14118e+07
933.941	  1.1409e+07
934.228	  1.14061e+07
934.515	  1.14032e+07
934.802	  1.14003e+07
935.089	  1.13974e+07
935.376	  1.13945e+07
935.663	  1.13916e+07
935.95	  1.13888e+07
936.237	  1.13859e+07
936.524	  1.1383e+07
936.811	  1.13801e+07
937.098	  1.13772e+07
937.385	  1.13743e+07
937.672	  1.13714e+07
937.959	  1.13685e+07
938.246	  1.13656e+07
938.533	  1.13627e+07
938.82	  1.13598e+07
939.107	  1.13569e+07
939.394	  1.1354e+07
939.681	  1.13511e+07
939.968	  1.13482e+07
940.255	  1.13453e+07
940.542	  1.13424e+07
940.829	  1.13395e+07
941.116	  1.13366e+07
941.403	  1.13337e+07
941.69	  1.13308e+07
941.977	  1.13278e+07
942.264	  1.13249e+07
942.551	  1.1322e+07
942.838	  1.13191e+07
943.125	  1.13162e+07
943.412	  1.13133e+07
943.699	  1.13104e+07
943.986	  1.13074e+07
944.273	  1.13045e+07
944.56	  1.13016e+07
944.847	  1.12987e+07
945.134	  1.12958e+07
945.421	  1.12928e+07
945.708	  1.12899e+07
945.995	  1.1287e+07
946.282	  1.12841e+07
946.569	  1.12811e+07
946.856	  1.12782e+07
947.143	  1.12753e+07
947.43	  1.12723e+07
947.717	  1.12694e+07
948.004	  1.12665e+07
948.291	  1.12635e+07
948.578	  1.12606e+07
948.865	  1.12577e+07
949.152	  1.12547e+07
949.439	  1.12518e+07
949.726	  1.12489e+07
950.013	  1.12459e+07
950.3	  1.1243e+07
950.587	  1.124e+07
950.874	  1.12371e+07
951.161	  1.12341e+07
951.448	  1.12312e+07
951.735	  1.12283e+07
952.022	  1.12253e+07
952.309	  1.12224e+07
952.596	  1.12194e+07
952.883	  1.12165e+07
953.17	  1.12135e+07
953.457	  1.12106e+07
953.744	  1.12076e+07
954.031	  1.12047e+07
954.318	  1.12017e+07
954.605	  1.11988e+07
954.892	  1.11958e+07
955.179	  1.11928e+07
955.466	  1.11899e+07
955.753	  1.11869e+07
956.04	  1.1184e+07
956.327	  1.1181e+07
956.614	  1.11781e+07
956.901	  1.11751e+07
957.188	  1.11721e+07
957.475	  1.11692e+07
957.762	  1.11662e+07
958.049	  1.11632e+07
958.336	  1.11603e+07
958.623	  1.11573e+07
958.91	  1.11543e+07
959.197	  1.11514e+07
959.484	  1.11484e+07
959.771	  1.11454e+07
960.058	  1.11425e+07
960.345	  1.11395e+07
960.632	  1.11365e+07
960.919	  1.11335e+07
961.206	  1.11306e+07
961.493	  1.11276e+07
961.78	  1.11246e+07
962.067	  1.11216e+07
962.354	  1.11187e+07
962.641	  1.11157e+07
962.928	  1.11127e+07
963.215	  1.11097e+07
963.502	  1.11067e+07
963.789	  1.11038e+07
964.076	  1.11008e+07
964.363	  1.10978e+07
964.65	  1.10948e+07
964.937	  1.10918e+07
965.224	  1.10888e+07
965.511	  1.10858e+07
965.798	  1.10829e+07
966.085	  1.10799e+07
966.372	  1.10769e+07
966.659	  1.10739e+07
966.946	  1.10709e+07
967.233	  1.10679e+07
967.52	  1.10649e+07
967.807	  1.10619e+07
968.094	  1.10589e+07
968.381	  1.10559e+07
968.668	  1.10529e+07
968.955	  1.10499e+07
969.242	  1.10469e+07
969.529	  1.10439e+07
969.816	  1.10409e+07
970.103	  1.10379e+07
970.39	  1.10349e+07
970.677	  1.10319e+07
970.964	  1.10289e+07
971.251	  1.10259e+07
971.538	  1.10229e+07
971.825	  1.10199e+07
972.112	  1.10169e+07
972.399	  1.10139e+07
972.686	  1.10109e+07
972.973	  1.10079e+07
973.26	  1.10049e+07
973.547	  1.10019e+07
973.834	  1.09989e+07
974.121	  1.09959e+07
974.408	  1.09929e+07
974.695	  1.09898e+07
974.982	  1.09868e+07
975.269	  1.09838e+07
975.556	  1.09808e+07
975.843	  1.09778e+07
976.13	  1.09748e+07
976.417	  1.09718e+07
976.704	  1.09687e+07
976.991	  1.09657e+07
977.278	  1.09627e+07
977.565	  1.09597e+07
977.852	  1.09567e+07
978.139	  1.09537e+07
978.426	  1.09506e+07
978.713	  1.09476e+07
979	  1.09446e+07
979.287	  1.09416e+07
979.574	  1.09385e+07
979.861	  1.09355e+07
980.148	  1.09325e+07
980.435	  1.09295e+07
980.722	  1.09264e+07
981.009	  1.09234e+07
981.296	  1.09204e+07
981.583	  1.09174e+07
981.87	  1.09143e+07
982.157	  1.09113e+07
982.444	  1.09083e+07
982.731	  1.09052e+07
983.018	  1.09022e+07
983.305	  1.08992e+07
983.592	  1.08961e+07
983.879	  1.08931e+07
984.166	  1.08901e+07
984.453	  1.0887e+07
984.74	  1.0884e+07
985.027	  1.0881e+07
985.314	  1.08779e+07
985.601	  1.08749e+07
985.888	  1.08719e+07
986.175	  1.08688e+07
986.462	  1.08658e+07
986.749	  1.08627e+07
987.036	  1.08597e+07
987.323	  1.08567e+07
987.61	  1.08536e+07
987.897	  1.08506e+07
988.184	  1.08475e+07
988.471	  1.08445e+07
988.758	  1.08415e+07
989.045	  1.08384e+07
989.332	  1.08354e+07
989.619	  1.08323e+07
989.906	  1.08293e+07
990.193	  1.08262e+07
990.48	  1.08232e+07
990.767	  1.08201e+07
991.054	  1.08171e+07
991.341	  1.0814e+07
991.628	  1.0811e+07
991.915	  1.08079e+07
992.202	  1.08049e+07
992.489	  1.08018e+07
992.776	  1.07988e+07
993.063	  1.07957e+07
993.35	  1.07927e+07
993.637	  1.07896e+07
993.924	  1.07866e+07
994.211	  1.07835e+07
994.498	  1.07805e+07
994.785	  1.07774e+07
995.072	  1.07743e+07
995.359	  1.07713e+07
995.646	  1.07682e+07
995.933	  1.07652e+07
996.22	  1.07621e+07
996.507	  1.07591e+07
996.794	  1.0756e+07
997.081	  1.07529e+07
997.368	  1.07499e+07
997.655	  1.07468e+07
997.942	  1.07437e+07
998.229	  1.07407e+07
998.516	  1.07376e+07
998.803	  1.07346e+07
999.09	  1.07315e+07
999.377	  1.07284e+07
999.664	  1.07254e+07
999.951	  1.07223e+07
1000.24	  1.07192e+07
1000.52	  1.07162e+07
1000.81	  1.07131e+07
1001.1	  1.071e+07
1001.39	  1.0707e+07
1001.67	  1.07039e+07
1001.96	  1.07008e+07
1002.25	  1.06978e+07
1002.53	  1.06947e+07
1002.82	  1.06916e+07
1003.11	  1.06885e+07
1003.39	  1.06855e+07
1003.68	  1.06824e+07
1003.97	  1.06793e+07
1004.26	  1.06763e+07
1004.54	  1.06732e+07
1004.83	  1.06701e+07
1005.12	  1.0667e+07
1005.4	  1.0664e+07
1005.69	  1.06609e+07
1005.98	  1.06578e+07
1006.26	  1.06547e+07
1006.55	  1.06517e+07
1006.84	  1.06486e+07
1007.13	  1.06455e+07
1007.41	  1.06424e+07
1007.7	  1.06393e+07
1007.99	  1.06363e+07
1008.27	  1.06332e+07
1008.56	  1.06301e+07
1008.85	  1.0627e+07
1009.13	  1.0624e+07
1009.42	  1.06209e+07
1009.71	  1.06178e+07
1010	  1.06147e+07
1010.28	  1.06116e+07
1010.57	  1.06085e+07
1010.86	  1.06055e+07
1011.14	  1.06024e+07
1011.43	  1.05993e+07
1011.72	  1.05962e+07
1012	  1.05931e+07
1012.29	  1.059e+07
1012.58	  1.0587e+07
1012.87	  1.05839e+07
1013.15	  1.05808e+07
1013.44	  1.05777e+07
1013.73	  1.05746e+07
1014.01	  1.05715e+07
1014.3	  1.05684e+07
1014.59	  1.05653e+07
1014.88	  1.05623e+07
1015.16	  1.05592e+07
1015.45	  1.05561e+07
1015.74	  1.0553e+07
1016.02	  1.05499e+07
1016.31	  1.05468e+07
1016.6	  1.05437e+07
1016.88	  1.05406e+07
1017.17	  1.05375e+07
1017.46	  1.05344e+07
1017.75	  1.05313e+07
1018.03	  1.05282e+07
1018.32	  1.05252e+07
1018.61	  1.05221e+07
1018.89	  1.0519e+07
1019.18	  1.05159e+07
1019.47	  1.05128e+07
1019.98	  1.05073e+07
1021.08	  1.04954e+07
1022.17	  1.04836e+07
1023.27	  1.04717e+07
1024.38	  1.04598e+07
1025.47	  1.04479e+07
1026.58	  1.0436e+07
1027.67	  1.04241e+07
1028.78	  1.04122e+07
1029.88	  1.04003e+07
1030.97	  1.03884e+07
1032.08	  1.03765e+07
1033.17	  1.03646e+07
1034.28	  1.03527e+07
1035.38	  1.03407e+07
1036.47	  1.03288e+07
1037.58	  1.03169e+07
1038.67	  1.03049e+07
1039.78	  1.0293e+07
1040.88	  1.0281e+07
1041.97	  1.02691e+07
1043.08	  1.02571e+07
1044.17	  1.02452e+07
1045.28	  1.02332e+07
1046.38	  1.02213e+07
1047.47	  1.02093e+07
1048.58	  1.01974e+07
1049.67	  1.01854e+07
1050.78	  1.01734e+07
1051.88	  1.01615e+07
1052.97	  1.01495e+07
1054.08	  1.01375e+07
1055.17	  1.01255e+07
1056.28	  1.01136e+07
1057.38	  1.01016e+07
1058.47	  1.00896e+07
1059.58	  1.00776e+07
1060.67	  1.00656e+07
1061.78	  1.00536e+07
1062.88	  1.00417e+07
1063.97	  1.00297e+07
1065.08	  1.00177e+07
1066.17	  1.00057e+07
1067.28	  9.9937e+06
1068.38	  9.98171e+06
1069.47	  9.96972e+06
1070.58	  9.95772e+06
1071.67	  9.94573e+06
1072.78	  9.93374e+06
1073.88	  9.92174e+06
1074.97	  9.90975e+06
1076.08	  9.89775e+06
1077.17	  9.88576e+06
1078.28	  9.87376e+06
1079.38	  9.86177e+06
1080.47	  9.84977e+06
1081.58	  9.83778e+06
1082.67	  9.82578e+06
1083.78	  9.81379e+06
1084.88	  9.8018e+06
1085.97	  9.7898e+06
1087.08	  9.77781e+06
1088.17	  9.76582e+06
1089.28	  9.75383e+06
1090.38	  9.74184e+06
1091.47	  9.72985e+06
1092.58	  9.71786e+06
1093.67	  9.70588e+06
1094.78	  9.69389e+06
1095.88	  9.68191e+06
1096.97	  9.66992e+06
1098.08	  9.65794e+06
1099.17	  9.64596e+06
1100.28	  9.63398e+06
1101.38	  9.62201e+06
1102.47	  9.61003e+06
1103.58	  9.59806e+06
1104.67	  9.58609e+06
1105.78	  9.57412e+06
1106.88	  9.56215e+06
1107.97	  9.55019e+06
1109.08	  9.53822e+06
1110.17	  9.52626e+06
1111.28	  9.51431e+06
1112.38	  9.50235e+06
1113.47	  9.4904e+06
1114.58	  9.47845e+06
1115.67	  9.4665e+06
1116.78	  9.45455e+06
1117.88	  9.44261e+06
1118.97	  9.43067e+06
1120.08	  9.41873e+06
1121.17	  9.4068e+06
1122.28	  9.39487e+06
1123.38	  9.38294e+06
1124.47	  9.37101e+06
1125.58	  9.35909e+06
1126.67	  9.34717e+06
1127.78	  9.33526e+06
1128.88	  9.32335e+06
1129.97	  9.31144e+06
1131.08	  9.29954e+06
1132.17	  9.28764e+06
1133.28	  9.27574e+06
1134.38	  9.26385e+06
1135.47	  9.25196e+06
1136.58	  9.24007e+06
1137.67	  9.22819e+06
1138.78	  9.21631e+06
1139.88	  9.20444e+06
1140.97	  9.19257e+06
1142.08	  9.1807e+06
1143.17	  9.16884e+06
1144.28	  9.15698e+06
1145.38	  9.14513e+06
1146.47	  9.13328e+06
1147.58	  9.12144e+06
1148.67	  9.1096e+06
1149.78	  9.09777e+06
1150.88	  9.08594e+06
1151.97	  9.07411e+06
1153.08	  9.06229e+06
1154.17	  9.05048e+06
1155.28	  9.03867e+06
1156.38	  9.02686e+06
1157.47	  9.01506e+06
1158.58	  9.00326e+06
1159.67	  8.99147e+06
1160.78	  8.97969e+06
1161.88	  8.96791e+06
1162.97	  8.95613e+06
1164.08	  8.94436e+06
1165.17	  8.9326e+06
1166.28	  8.92084e+06
1167.38	  8.90909e+06
1168.47	  8.89734e+06
1169.58	  8.8856e+06
1170.67	  8.87386e+06
1171.78	  8.86213e+06
1172.88	  8.8504e+06
1173.97	  8.83868e+06
1175.08	  8.82697e+06
1176.17	  8.81526e+06
1177.28	  8.80356e+06
1178.38	  8.79186e+06
1179.47	  8.78017e+06
1180.58	  8.76849e+06
1181.67	  8.75681e+06
1182.78	  8.74514e+06
1183.88	  8.73347e+06
1184.97	  8.72181e+06
1186.08	  8.71016e+06
1187.17	  8.69852e+06
1188.28	  8.68688e+06
1189.38	  8.67524e+06
1190.47	  8.66361e+06
1191.58	  8.65199e+06
1192.67	  8.64038e+06
1193.78	  8.62877e+06
1194.88	  8.61717e+06
1195.97	  8.60558e+06
1197.08	  8.59399e+06
1198.17	  8.58241e+06
1199.28	  8.57083e+06
1200.38	  8.55927e+06
1201.47	  8.54771e+06
1202.58	  8.53615e+06
1203.67	  8.52461e+06
1204.78	  8.51307e+06
1205.88	  8.50154e+06
1206.97	  8.49001e+06
1208.08	  8.4785e+06
1209.17	  8.46699e+06
1210.28	  8.45548e+06
1211.38	  8.44399e+06
1212.47	  8.4325e+06
1213.58	  8.42102e+06
1214.67	  8.40954e+06
1215.78	  8.39808e+06
1216.88	  8.38662e+06
1217.97	  8.37517e+06
1219.08	  8.36372e+06
1220.17	  8.35229e+06
1221.28	  8.34086e+06
1222.38	  8.32944e+06
1223.47	  8.31802e+06
1224.58	  8.30662e+06
1225.67	  8.29522e+06
1226.78	  8.28383e+06
1227.88	  8.27245e+06
1228.97	  8.26107e+06
1230.08	  8.24971e+06
1231.17	  8.23835e+06
1232.28	  8.227e+06
1233.38	  8.21566e+06
1234.47	  8.20432e+06
1235.58	  8.193e+06
1236.67	  8.18168e+06
1237.78	  8.17037e+06
1238.88	  8.15907e+06
1239.97	  8.14777e+06
1241.08	  8.13649e+06
1242.17	  8.12521e+06
1243.28	  8.11394e+06
1244.38	  8.10268e+06
1245.47	  8.09143e+06
1246.58	  8.08019e+06
1247.67	  8.06895e+06
1248.78	  8.05773e+06
1249.88	  8.04651e+06
1250.97	  8.0353e+06
1252.08	  8.0241e+06
1253.17	  8.01291e+06
1254.28	  8.00172e+06
1255.38	  7.99055e+06
1256.47	  7.97938e+06
1257.58	  7.96822e+06
1258.67	  7.95707e+06
1259.78	  7.94593e+06
1260.88	  7.9348e+06
1261.97	  7.92368e+06
1263.08	  7.91257e+06
1264.17	  7.90146e+06
1265.28	  7.89037e+06
1266.38	  7.87928e+06
1267.47	  7.8682e+06
1268.58	  7.85713e+06
1269.67	  7.84607e+06
1270.78	  7.83502e+06
1271.88	  7.82398e+06
1272.97	  7.81295e+06
1274.08	  7.80192e+06
1275.17	  7.79091e+06
1276.28	  7.7799e+06
1277.38	  7.76891e+06
1278.47	  7.75792e+06
1279.58	  7.74694e+06
1280.67	  7.73598e+06
1281.78	  7.72502e+06
1282.88	  7.71407e+06
1283.97	  7.70313e+06
1285.08	  7.6922e+06
1286.17	  7.68127e+06
1287.28	  7.67036e+06
1288.38	  7.65946e+06
1289.47	  7.64857e+06
1290.58	  7.63768e+06
1291.67	  7.62681e+06
1292.78	  7.61594e+06
1293.88	  7.60509e+06
1294.97	  7.59424e+06
1296.08	  7.58341e+06
1297.17	  7.57258e+06
1298.28	  7.56176e+06
1299.38	  7.55096e+06
1300.47	  7.54016e+06
1301.58	  7.52937e+06
1302.67	  7.51859e+06
1303.78	  7.50783e+06
1304.88	  7.49707e+06
1305.97	  7.48632e+06
1307.08	  7.47558e+06
1308.17	  7.46485e+06
1309.28	  7.45413e+06
1310.38	  7.44342e+06
1311.47	  7.43272e+06
1312.58	  7.42203e+06
1313.67	  7.41135e+06
1314.78	  7.40068e+06
1315.88	  7.39002e+06
1316.97	  7.37937e+06
1318.08	  7.36873e+06
1319.17	  7.3581e+06
1320.28	  7.34749e+06
1321.38	  7.33688e+06
1322.47	  7.32628e+06
1323.58	  7.31569e+06
1324.67	  7.30511e+06
1325.78	  7.29454e+06
1326.88	  7.28398e+06
1327.97	  7.27343e+06
1329.08	  7.26289e+06
1330.17	  7.25236e+06
1331.28	  7.24184e+06
1332.38	  7.23133e+06
1333.47	  7.22084e+06
1334.58	  7.21035e+06
1335.67	  7.19987e+06
1336.78	  7.1894e+06
1337.88	  7.17895e+06
1338.97	  7.1685e+06
1340.08	  7.15806e+06
1341.17	  7.14764e+06
1342.28	  7.13722e+06
1343.38	  7.12682e+06
1344.47	  7.11642e+06
1345.58	  7.10604e+06
1346.67	  7.09566e+06
1347.78	  7.0853e+06
1348.88	  7.07495e+06
1349.97	  7.0646e+06
1351.08	  7.05427e+06
1352.17	  7.04395e+06
1353.28	  7.03364e+06
1354.38	  7.02334e+06
1355.47	  7.01305e+06
1356.58	  7.00277e+06
1357.67	  6.9925e+06
1358.78	  6.98224e+06
1359.88	  6.97199e+06
1360.97	  6.96175e+06
1362.08	  6.95152e+06
1363.17	  6.94131e+06
1364.28	  6.9311e+06
1365.38	  6.92091e+06
1366.47	  6.91072e+06
1367.58	  6.90055e+06
1368.67	  6.89038e+06
1369.78	  6.88023e+06
1370.88	  6.87009e+06
1371.97	  6.85996e+06
1373.08	  6.84984e+06
1374.17	  6.83973e+06
1375.28	  6.82963e+06
1376.38	  6.81954e+06
1377.47	  6.80946e+06
1378.58	  6.7994e+06
1379.67	  6.78934e+06
1380.78	  6.77929e+06
1381.88	  6.76926e+06
1382.97	  6.75923e+06
1384.08	  6.74922e+06
1385.17	  6.73922e+06
1386.28	  6.72923e+06
1387.38	  6.71925e+06
1388.47	  6.70928e+06
1389.58	  6.69932e+06
1390.67	  6.68937e+06
1391.78	  6.67943e+06
1392.88	  6.66951e+06
1393.97	  6.65959e+06
1395.08	  6.64969e+06
1396.17	  6.63979e+06
1397.28	  6.62991e+06
1398.38	  6.62004e+06
1399.47	  6.61018e+06
1400.58	  6.60033e+06
1401.67	  6.59049e+06
1402.78	  6.58066e+06
1403.88	  6.57084e+06
1404.97	  6.56103e+06
1406.08	  6.55124e+06
1407.17	  6.54145e+06
1408.28	  6.53168e+06
1409.38	  6.52192e+06
1410.47	  6.51217e+06
1411.58	  6.50243e+06
1412.67	  6.4927e+06
1413.78	  6.48298e+06
1414.88	  6.47327e+06
1415.97	  6.46357e+06
1417.08	  6.45389e+06
1418.17	  6.44421e+06
1419.28	  6.43455e+06
1420.38	  6.4249e+06
1421.47	  6.41526e+06
1422.58	  6.40563e+06
1423.67	  6.39601e+06
1424.78	  6.3864e+06
1425.88	  6.3768e+06
1426.97	  6.36721e+06
1428.08	  6.35764e+06
1429.17	  6.34808e+06
1430.28	  6.33852e+06
1431.38	  6.32898e+06
1432.47	  6.31945e+06
1433.58	  6.30993e+06
1434.67	  6.30042e+06
1435.78	  6.29092e+06
1436.88	  6.28144e+06
1437.97	  6.27196e+06
1439.08	  6.2625e+06
1440.17	  6.25304e+06
1441.28	  6.2436e+06
1442.38	  6.23417e+06
1443.47	  6.22475e+06
1444.58	  6.21534e+06
1445.67	  6.20595e+06
1446.78	  6.19656e+06
1447.88	  6.18718e+06
1448.97	  6.17782e+06
1450.08	  6.16847e+06
1451.17	  6.15913e+06
1452.28	  6.14979e+06
1453.38	  6.14048e+06
1454.47	  6.13117e+06
1455.58	  6.12187e+06
1456.67	  6.11258e+06
1457.78	  6.10331e+06
1458.88	  4.54435e+06
1459.97	  4.53866e+06
1461.08	  4.53297e+06
1462.17	  4.52728e+06
1463.28	  4.5216e+06
1464.38	  4.51593e+06
1465.47	  4.51026e+06
1466.58	  4.5046e+06
1467.67	  4.49894e+06
1468.78	  4.49329e+06
1469.88	  4.48764e+06
1470.97	  4.482e+06
1472.08	  4.47636e+06
1473.17	  4.47073e+06
1474.28	  4.4651e+06
1475.38	  4.45948e+06
1476.47	  4.45386e+06
1477.58	  4.44825e+06
1478.67	  4.44265e+06
1479.78	  4.43705e+06
1480.88	  4.43145e+06
1481.97	  4.42586e+06
1483.08	  4.42028e+06
1484.17	  4.4147e+06
1485.28	  4.40913e+06
1486.38	  4.40356e+06
1487.47	  4.398e+06
1488.58	  4.39244e+06
1489.67	  4.38689e+06
1490.78	  4.38134e+06
1491.88	  4.3758e+06
1492.97	  4.37026e+06
1494.08	  4.36473e+06
1495.17	  4.3592e+06
1496.28	  4.35368e+06
1497.38	  4.34817e+06
1498.47	  4.34266e+06
1499.58	  4.33715e+06
1500.67	  4.33166e+06
1501.78	  4.32616e+06
1502.88	  4.32067e+06
1503.97	  4.31519e+06
1505.08	  4.30971e+06
1506.17	  4.30424e+06
1507.28	  4.29877e+06
1508.38	  4.29331e+06
1509.47	  4.28786e+06
1510.58	  4.28241e+06
1511.67	  4.27696e+06
1512.78	  4.27152e+06
1513.88	  4.26608e+06
1514.97	  4.26066e+06
1516.08	  4.25523e+06
1517.17	  4.24981e+06
1518.28	  4.2444e+06
1519.38	  4.23899e+06
1520.47	  4.23359e+06
1521.58	  4.22819e+06
1522.67	  4.2228e+06
1523.78	  4.21741e+06
1524.88	  4.21203e+06
1525.97	  4.20666e+06
1527.08	  4.20129e+06
1528.17	  4.19592e+06
1529.28	  4.19056e+06
1530.38	  4.18521e+06
1531.47	  4.17986e+06
1532.58	  4.17452e+06
1533.67	  4.16918e+06
1534.78	  4.16384e+06
1535.88	  4.15852e+06
1536.97	  4.1532e+06
1538.08	  4.14788e+06
1539.17	  4.14257e+06
1540.28	  4.13726e+06
1541.38	  4.13196e+06
1542.47	  4.12667e+06
1543.58	  4.12138e+06
1544.67	  4.11609e+06
1545.78	  4.11081e+06
1546.88	  4.10554e+06
1547.97	  4.10027e+06
1549.08	  4.09501e+06
1550.17	  4.08975e+06
1551.28	  4.0845e+06
1552.38	  4.07926e+06
1553.47	  4.07402e+06
1554.58	  4.06878e+06
1555.67	  4.06355e+06
1556.78	  4.05833e+06
1557.88	  4.05311e+06
1558.97	  4.04789e+06
1560.08	  4.04268e+06
1561.17	  4.03748e+06
1562.28	  4.03228e+06
1563.38	  4.02709e+06
1564.47	  4.0219e+06
1565.58	  4.01672e+06
1566.67	  4.01155e+06
1567.78	  4.00638e+06
1568.88	  4.00121e+06
1569.97	  3.99605e+06
1571.08	  3.9909e+06
1572.17	  3.98575e+06
1573.28	  3.9806e+06
1574.38	  3.97547e+06
1575.47	  3.97033e+06
1576.58	  3.96521e+06
1577.67	  3.96008e+06
1578.78	  3.95497e+06
1579.88	  3.94986e+06
1580.97	  3.94475e+06
1582.08	  3.93965e+06
1583.17	  3.93456e+06
1584.28	  3.92947e+06
1585.38	  3.92438e+06
1586.47	  3.9193e+06
1587.58	  3.91423e+06
1588.67	  3.90916e+06
1589.78	  3.9041e+06
1590.88	  3.89904e+06
1591.97	  3.89399e+06
1593.08	  3.88895e+06
1594.17	  3.8839e+06
1595.28	  3.87887e+06
1596.38	  3.87384e+06
1597.47	  3.86882e+06
1598.58	  3.8638e+06
1599.67	  3.85878e+06
1600.78	  3.85377e+06
1601.88	  3.84877e+06
1602.97	  3.84377e+06
1604.08	  3.83878e+06
1605.17	  3.8338e+06
1606.28	  3.82881e+06
1607.38	  3.82384e+06
1608.47	  3.81887e+06
1609.58	  3.8139e+06
1610.67	  3.80894e+06
1611.78	  3.80399e+06
1612.88	  3.79904e+06
1613.97	  3.7941e+06
1615.08	  3.78916e+06
1616.17	  3.78423e+06
1617.28	  3.7793e+06
1618.38	  3.77438e+06
1619.47	  3.76946e+06
1620.58	  3.76455e+06
1621.67	  3.75965e+06
1622.78	  3.75475e+06
1623.88	  3.74985e+06
1624.97	  3.74497e+06
1626.08	  3.74008e+06
1627.17	  3.7352e+06
1628.28	  3.73033e+06
1629.38	  3.72546e+06
1630.47	  3.7206e+06
1631.58	  3.71575e+06
1632.67	  3.7109e+06
1633.78	  3.70605e+06
1634.88	  3.70121e+06
1635.97	  3.69638e+06
1637.08	  3.69155e+06
1638.17	  3.68672e+06
1639.28	  3.68191e+06
1640.38	  3.6771e+06
1641.47	  3.67229e+06
1642.58	  3.66749e+06
1643.67	  3.6627e+06
1644.78	  3.65791e+06
1645.88	  3.65312e+06
1646.97	  3.64834e+06
1648.08	  3.64357e+06
1649.17	  3.6388e+06
1650.28	  3.63404e+06
1651.38	  3.62928e+06
1652.47	  3.62453e+06
1653.58	  3.61978e+06
1654.67	  3.61504e+06
1655.78	  3.6103e+06
1656.88	  3.60557e+06
1657.97	  3.60084e+06
1659.08	  3.59612e+06
1660.17	  3.5914e+06
1661.28	  3.58669e+06
1662.38	  3.58199e+06
1663.47	  3.57729e+06
1664.58	  3.57259e+06
1665.67	  3.5679e+06
1666.78	  3.56322e+06
1667.88	  3.55854e+06
1668.97	  3.55386e+06
1670.08	  3.54919e+06
1671.17	  3.54453e+06
1672.28	  3.53987e+06
1673.38	  3.53521e+06
1674.47	  3.53056e+06
1675.58	  3.52592e+06
1676.67	  3.52128e+06
1677.78	  3.51665e+06
1678.88	  3.51202e+06
1679.97	  3.5074e+06
1681.08	  3.50278e+06
1682.17	  3.49817e+06
1683.28	  3.49356e+06
1684.38	  3.48896e+06
1685.47	  3.48436e+06
1686.58	  3.47977e+06
1687.67	  3.47518e+06
1688.78	  3.4706e+06
1689.88	  3.46602e+06
1690.97	  3.46145e+06
1692.08	  3.45688e+06
1693.17	  3.45232e+06
1694.28	  3.44777e+06
1695.38	  3.44322e+06
1696.47	  3.43867e+06
1697.58	  3.43413e+06
1698.67	  3.42959e+06
1699.78	  3.42506e+06
1700.88	  3.42054e+06
1701.97	  3.41602e+06
1703.08	  3.4115e+06
1704.17	  3.40699e+06
1705.28	  3.40249e+06
1706.38	  3.39799e+06
1707.47	  3.39349e+06
1708.58	  3.389e+06
1709.67	  3.38452e+06
1710.78	  3.38004e+06
1711.88	  3.37557e+06
1712.97	  3.3711e+06
1714.08	  3.36663e+06
1715.17	  3.36218e+06
1716.28	  3.35772e+06
1717.38	  3.35327e+06
1718.47	  3.34883e+06
1719.58	  3.34439e+06
1720.67	  3.33996e+06
1721.78	  3.33553e+06
1722.88	  3.33111e+06
1723.97	  3.32669e+06
1725.08	  3.32228e+06
1726.17	  3.31787e+06
1727.28	  3.31347e+06
1728.38	  3.30907e+06
1729.47	  3.30468e+06
1730.58	  3.30029e+06
1731.67	  3.29591e+06
1732.78	  3.29153e+06
1733.88	  3.28716e+06
1734.97	  3.28279e+06
1736.08	  3.27843e+06
1737.17	  3.27407e+06
1738.28	  3.26972e+06
1739.38	  3.26537e+06
1740.47	  3.26103e+06
1741.58	  3.25669e+06
1742.67	  3.25236e+06
1743.78	  3.24804e+06
1744.88	  3.24371e+06
1745.97	  3.2394e+06
1747.08	  3.23509e+06
1748.17	  3.23078e+06
1749.28	  3.22648e+06
1750.38	  3.22218e+06
1751.47	  3.21789e+06
1752.58	  3.2136e+06
1753.67	  3.20932e+06
1754.78	  3.20505e+06
1755.88	  3.20078e+06
1756.97	  3.19651e+06
1758.08	  3.19225e+06
1759.17	  3.18799e+06
1760.28	  3.18374e+06
1761.38	  3.17949e+06
1762.47	  3.17525e+06
1763.58	  3.17102e+06
1764.67	  3.16679e+06
1765.78	  3.16256e+06
1766.88	  3.15834e+06
1767.97	  3.15412e+06
1769.08	  3.14991e+06
1770.17	  3.1457e+06
1771.28	  3.1415e+06
1772.38	  3.13731e+06
1773.47	  3.13311e+06
1774.58	  3.12893e+06
1775.67	  3.12475e+06
1776.78	  3.12057e+06
1777.88	  3.1164e+06
1778.97	  3.11223e+06
1780.08	  3.10807e+06
1781.17	  3.10391e+06
1782.28	  3.09976e+06
1783.38	  3.09562e+06
1784.47	  3.09147e+06
1785.58	  3.08734e+06
1786.67	  3.08321e+06
1787.78	  3.07908e+06
1788.88	  3.07496e+06
1789.97	  3.07084e+06
1791.08	  3.06673e+06
1792.17	  3.06262e+06
1793.28	  3.05852e+06
1794.38	  3.05442e+06
1795.47	  3.05033e+06
1796.58	  3.04624e+06
1797.67	  3.04216e+06
1798.78	  3.03808e+06
1799.88	  3.03401e+06
1800.97	  3.02994e+06
1802.08	  3.02588e+06
1803.17	  3.02182e+06
1804.28	  3.01776e+06
1805.38	  3.01372e+06
1806.47	  3.00967e+06
1807.58	  3.00563e+06
1808.67	  3.0016e+06
1809.78	  2.99757e+06
1810.88	  2.99355e+06
1811.97	  2.98953e+06
1813.08	  2.98551e+06
1814.17	  2.9815e+06
1815.28	  2.9775e+06
1816.38	  2.9735e+06
1817.47	  2.9695e+06
1818.58	  2.96551e+06
1819.67	  2.96153e+06
1820.78	  2.95755e+06
1821.88	  2.95357e+06
1822.97	  2.9496e+06
1824.08	  2.94564e+06
1825.17	  2.94168e+06
1826.28	  2.93772e+06
1827.38	  2.93377e+06
1828.47	  2.92982e+06
1829.58	  2.92588e+06
1830.67	  2.92194e+06
1831.78	  2.91801e+06
1832.88	  2.91408e+06
1833.97	  2.91016e+06
1835.08	  2.90624e+06
1836.17	  2.90233e+06
1837.28	  2.89842e+06
1838.38	  2.89452e+06
1839.47	  2.89062e+06
1840.58	  2.88673e+06
1841.67	  2.88284e+06
1842.78	  2.87896e+06
1843.88	  2.87508e+06
1844.97	  2.8712e+06
1846.08	  2.86733e+06
1847.17	  2.86347e+06
1848.28	  2.85961e+06
1849.38	  2.85575e+06
1850.47	  2.8519e+06
1851.58	  2.84805e+06
1852.67	  2.84421e+06
1853.78	  2.84038e+06
1854.88	  2.83654e+06
1855.97	  2.83272e+06
1857.08	  2.82889e+06
1858.17	  2.82508e+06
1859.28	  2.82126e+06
1860.38	  2.81746e+06
1861.47	  2.81365e+06
1862.58	  2.80985e+06
1863.67	  2.80606e+06
1864.78	  2.80227e+06
1865.88	  2.79849e+06
1866.97	  2.79471e+06
1868.08	  2.79093e+06
1869.17	  2.78716e+06
1870.28	  2.78339e+06
1871.38	  2.77963e+06
1872.47	  2.77588e+06
1873.58	  2.77212e+06
1874.67	  2.76838e+06
1875.78	  2.76463e+06
1876.88	  2.7609e+06
1877.97	  2.75716e+06
1879.08	  2.75344e+06
1880.17	  2.74971e+06
1881.28	  2.74599e+06
1882.38	  2.74228e+06
1883.47	  2.73857e+06
1884.58	  2.73486e+06
1885.67	  2.73116e+06
1886.78	  2.72747e+06
1887.88	  2.72377e+06
1888.97	  2.72009e+06
1890.08	  2.71641e+06
1891.17	  2.71273e+06
1892.28	  2.70906e+06
1893.38	  2.70539e+06
1894.47	  2.70172e+06
1895.58	  2.69806e+06
1896.67	  2.69441e+06
1897.78	  2.69076e+06
1898.88	  2.68711e+06
1899.97	  2.68347e+06
1901.08	  2.67984e+06
1902.17	  2.67621e+06
1903.28	  2.67258e+06
1904.38	  2.66896e+06
1905.47	  2.66534e+06
1906.58	  2.66173e+06
1907.67	  2.65812e+06
1908.78	  2.65451e+06
1909.88	  2.65091e+06
1910.97	  2.64732e+06
1912.08	  2.64373e+06
1913.17	  2.64014e+06
1914.28	  2.63656e+06
1915.38	  2.63298e+06
1916.47	  2.62941e+06
1917.58	  2.62584e+06
1918.67	  2.62228e+06
1919.78	  2.61872e+06
1920.88	  2.61517e+06
1921.97	  2.61162e+06
1923.08	  2.60807e+06
1924.17	  2.60453e+06
1925.28	  2.601e+06
1926.38	  2.59747e+06
1927.47	  2.59394e+06
1928.58	  2.59042e+06
1929.67	  2.5869e+06
1930.78	  2.58338e+06
1931.88	  2.57987e+06
1932.97	  2.57637e+06
1934.08	  2.57287e+06
1935.17	  2.56937e+06
1936.28	  2.56588e+06
1937.38	  2.5624e+06
1938.47	  2.55891e+06
1939.58	  2.55544e+06
1940.67	  2.55196e+06
1941.78	  2.54849e+06
1942.88	  2.54503e+06
1943.97	  2.54157e+06
1945.08	  2.53811e+06
1946.17	  2.53466e+06
1947.28	  2.53121e+06
1948.38	  2.52777e+06
1949.47	  2.52433e+06
1950.58	  2.5209e+06
1951.67	  2.51747e+06
1952.78	  2.51405e+06
1953.88	  2.51063e+06
1954.97	  2.50721e+06
1956.08	  2.5038e+06
1957.17	  2.50039e+06
1958.28	  2.49699e+06
1959.38	  2.49359e+06
1960.47	  2.4902e+06
1961.58	  2.48681e+06
1962.67	  2.48342e+06
1963.78	  2.48004e+06
1964.88	  2.47666e+06
1965.97	  2.47329e+06
1967.08	  2.46992e+06
1968.17	  2.46656e+06
1969.28	  2.4632e+06
1970.38	  2.45984e+06
1971.47	  2.45649e+06
1972.58	  2.45315e+06
1973.67	  2.44981e+06
1974.78	  2.44647e+06
1975.88	  2.44314e+06
1976.97	  2.43981e+06
1978.08	  2.43648e+06
1979.17	  2.43316e+06
1980.28	  2.42985e+06
1981.38	  2.42653e+06
1982.47	  2.42323e+06
1983.58	  2.41992e+06
1984.67	  2.41662e+06
1985.78	  2.41333e+06
1986.88	  2.41004e+06
1987.97	  2.40675e+06
1989.08	  2.40347e+06
1990.17	  2.40019e+06
1991.28	  2.39692e+06
1992.38	  2.39365e+06
1993.47	  2.39039e+06
1994.58	  2.38713e+06
1995.67	  2.38387e+06
1996.78	  2.38062e+06
1997.88	  2.37737e+06
1998.97	  2.37413e+06
2000.08	  2.37089e+06
2001.17	  2.36765e+06
2002.28	  2.36442e+06
2003.38	  2.3612e+06
2004.47	  2.35798e+06
2005.58	  2.35476e+06
2006.67	  2.35154e+06
2007.78	  2.34833e+06
2008.88	  2.34513e+06
2009.97	  2.34193e+06
2011.08	  2.33873e+06
2012.17	  2.33554e+06
2013.28	  2.33235e+06
2014.38	  2.32916e+06
2015.47	  2.32598e+06
2016.58	  2.32281e+06
2017.67	  2.31964e+06
2018.78	  2.31647e+06
2019.88	  2.3133e+06
2020.97	  2.31014e+06
2022.08	  2.30699e+06
2023.18	  2.30384e+06
2024.28	  2.30069e+06
2025.38	  2.29755e+06
2026.47	  2.29441e+06
2027.58	  2.29127e+06
2028.68	  2.28814e+06
2029.78	  2.28502e+06
2030.88	  2.2819e+06
2031.97	  2.27878e+06
2033.08	  2.27566e+06
2034.18	  2.27255e+06
2035.28	  2.26945e+06
2036.38	  2.26635e+06
2037.47	  2.26325e+06
2038.58	  2.26016e+06
2039.68	  2.25707e+06
2040.78	  2.25398e+06
2041.88	  2.2509e+06
2042.97	  2.24782e+06
2044.08	  2.24475e+06
2045.18	  2.24168e+06
2046.28	  2.23861e+06
2047.38	  2.23555e+06
2048.47	  2.2325e+06
2049.57	  2.22944e+06
2050.68	  2.2264e+06
2051.78	  2.22335e+06
2052.88	  2.22031e+06
2053.97	  2.21727e+06
2055.07	  2.21424e+06
2056.18	  2.21121e+06
2057.28	  2.20819e+06
2058.38	  2.20517e+06
2059.47	  2.20215e+06
2060.57	  2.19914e+06
2061.68	  2.19613e+06
2062.78	  2.19313e+06
2063.88	  2.19012e+06
2064.97	  2.18713e+06
2066.07	  2.18414e+06
2067.18	  2.18115e+06
2068.28	  2.17816e+06
2069.38	  2.17518e+06
2070.47	  2.17221e+06
2071.57	  2.16923e+06
2072.68	  2.16626e+06
2073.78	  2.1633e+06
2074.88	  2.16034e+06
2075.97	  2.15738e+06
2077.07	  2.15443e+06
2078.18	  2.15148e+06
2079.28	  2.14853e+06
2080.38	  2.14559e+06
2081.47	  2.14266e+06
2082.57	  2.13972e+06
2083.68	  2.13679e+06
2084.78	  2.13387e+06
2085.88	  2.13095e+06
2086.97	  2.12803e+06
2088.07	  2.12512e+06
2089.18	  2.12221e+06
2090.28	  2.1193e+06
2091.38	  2.1164e+06
2092.47	  2.1135e+06
2093.57	  2.11061e+06
2094.68	  2.10772e+06
2095.78	  2.10483e+06
2096.88	  2.10195e+06
2097.97	  2.09907e+06
2099.07	  2.09619e+06
2100.18	  2.09332e+06
2101.28	  2.09046e+06
2102.38	  2.08759e+06
2103.47	  2.08473e+06
2104.57	  2.08188e+06
2105.68	  2.07903e+06
2106.78	  2.07618e+06
2107.88	  2.07334e+06
2108.97	  2.0705e+06
2110.07	  2.06766e+06
2111.18	  2.06483e+06
2112.28	  2.062e+06
2113.38	  2.05917e+06
2114.47	  2.05635e+06
2115.57	  2.05353e+06
2116.68	  2.05072e+06
2117.78	  2.04791e+06
2118.88	  2.04511e+06
2119.97	  2.0423e+06
2121.07	  2.03951e+06
2122.18	  2.03671e+06
2123.28	  2.03392e+06
2124.38	  2.03113e+06
2125.47	  2.02835e+06
2126.57	  2.02557e+06
2127.68	  2.0228e+06
2128.78	  2.02002e+06
2129.88	  2.01726e+06
2130.97	  2.01449e+06
2132.07	  2.01173e+06
2133.18	  2.00897e+06
2134.28	  2.00622e+06
2135.38	  2.00347e+06
2136.47	  2.00073e+06
2137.57	  1.99798e+06
2138.68	  1.99524e+06
2139.78	  1.99251e+06
2140.88	  1.98978e+06
2141.97	  1.98705e+06
2143.07	  1.98433e+06
2144.18	  1.98161e+06
2145.28	  1.97889e+06
2146.38	  1.97618e+06
2147.47	  1.97347e+06
2148.57	  1.97077e+06
2149.68	  1.96807e+06
2150.78	  1.96537e+06
2151.88	  1.96267e+06
2152.97	  1.95998e+06
2154.07	  1.9573e+06
2155.18	  1.95461e+06
2156.28	  1.95194e+06
2157.38	  1.94926e+06
2158.47	  1.94659e+06
2159.57	  1.94392e+06
2160.68	  1.94125e+06
2161.78	  1.93859e+06
2162.88	  1.93594e+06
2163.97	  1.93328e+06
2165.07	  1.93063e+06
2166.18	  1.92799e+06
2167.28	  1.92534e+06
2168.38	  1.9227e+06
2169.47	  1.92007e+06
2170.57	  1.91744e+06
2171.68	  1.91481e+06
2172.78	  1.91218e+06
2173.88	  1.90956e+06
2174.97	  1.90694e+06
2176.07	  1.90433e+06
2177.18	  1.90172e+06
2178.28	  1.89911e+06
2179.38	  1.89651e+06
2180.47	  1.89391e+06
2181.57	  1.89131e+06
2182.68	  1.88872e+06
2183.78	  1.88613e+06
2184.88	  1.88354e+06
2185.97	  1.88096e+06
2187.07	  1.87838e+06
2188.18	  1.87581e+06
2189.28	  1.87324e+06
2190.38	  1.87067e+06
2191.47	  1.8681e+06
2192.57	  1.86554e+06
2193.68	  1.86299e+06
2194.78	  1.86043e+06
2195.88	  1.85788e+06
2196.97	  1.85533e+06
2198.07	  1.85279e+06
2199.18	  1.85025e+06
2200.28	  1.84772e+06
2201.38	  1.84518e+06
2202.47	  1.84265e+06
2203.57	  1.84013e+06
2204.68	  1.8376e+06
2205.78	  1.83509e+06
2206.88	  1.83257e+06
2207.97	  1.83006e+06
2209.07	  1.82755e+06
2210.18	  1.82504e+06
2211.28	  1.82254e+06
2212.38	  1.82004e+06
2213.47	  1.81755e+06
2214.57	  1.81506e+06
2215.68	  1.81257e+06
2216.78	  1.81009e+06
2217.88	  1.8076e+06
2218.97	  1.80513e+06
2220.07	  1.80265e+06
2221.18	  1.80018e+06
2222.28	  1.79771e+06
2223.38	  1.79525e+06
2224.47	  1.79279e+06
2225.57	  1.79033e+06
2226.68	  1.78788e+06
2227.78	  1.78543e+06
2228.88	  1.78298e+06
2229.97	  1.78054e+06
2231.07	  1.7781e+06
2232.18	  1.77566e+06
2233.28	  1.77323e+06
2234.38	  1.7708e+06
2235.47	  1.76837e+06
2236.57	  1.76595e+06
2237.68	  1.76353e+06
2238.78	  1.76111e+06
2239.88	  1.7587e+06
2240.97	  1.75629e+06
2242.07	  1.75388e+06
2243.18	  1.75148e+06
2244.28	  1.74908e+06
2245.38	  1.74668e+06
2246.47	  1.74429e+06
2247.57	  1.7419e+06
2248.68	  1.73951e+06
2249.78	  1.73713e+06
2250.88	  1.73475e+06
2251.97	  1.73237e+06
2253.07	  1.73e+06
2254.18	  1.72763e+06
2255.28	  1.72526e+06
2256.38	  1.7229e+06
2257.47	  1.72054e+06
2258.57	  1.71818e+06
2259.68	  1.71583e+06
2260.78	  1.71348e+06
2261.88	  1.71113e+06
2262.97	  1.70879e+06
2264.07	  1.70644e+06
2265.18	  1.70411e+06
2266.28	  1.70177e+06
2267.38	  1.69944e+06
2268.47	  1.69711e+06
2269.57	  1.69479e+06
2270.68	  1.69247e+06
2271.78	  1.69015e+06
2272.88	  1.68784e+06
2273.97	  1.68553e+06
2275.07	  1.68322e+06
2276.18	  1.68091e+06
2277.28	  1.67861e+06
2278.38	  1.67631e+06
2279.47	  1.67402e+06
2280.57	  1.52956e+06
2281.68	  1.52764e+06
2282.78	  1.52571e+06
2283.88	  1.52379e+06
2284.97	  1.52187e+06
2286.07	  1.51995e+06
2287.18	  1.51803e+06
2288.28	  1.51612e+06
2289.38	  1.51421e+06
2290.47	  1.5123e+06
2291.57	  1.5104e+06
2292.68	  1.50849e+06
2293.78	  1.50659e+06
2294.88	  1.50469e+06
2295.97	  1.50279e+06
2297.07	  1.5009e+06
2298.18	  1.49901e+06
2299.28	  1.49712e+06
2300.38	  1.49523e+06
2301.47	  1.49335e+06
2302.57	  1.49146e+06
2303.68	  1.48958e+06
2304.78	  1.48771e+06
2305.88	  1.48583e+06
2306.97	  1.48396e+06
2308.07	  1.48209e+06
2309.18	  1.48022e+06
2310.28	  1.47835e+06
2311.38	  1.47649e+06
2312.47	  1.47463e+06
2313.57	  1.47277e+06
2314.68	  1.47091e+06
2315.78	  1.46906e+06
2316.88	  1.46721e+06
2317.97	  1.46536e+06
2319.07	  1.46351e+06
2320.18	  1.46167e+06
2321.28	  1.45982e+06
2322.38	  1.45798e+06
2323.47	  1.45615e+06
2324.57	  1.45431e+06
2325.68	  1.45248e+06
2326.78	  1.45065e+06
2327.88	  1.44882e+06
2328.97	  1.44699e+06
2330.07	  1.44517e+06
2331.18	  1.44334e+06
2332.28	  1.44153e+06
2333.38	  1.43971e+06
2334.47	  1.43789e+06
2335.57	  1.43608e+06
2336.68	  1.43427e+06
2337.78	  1.43246e+06
2338.88	  1.43066e+06
2339.97	  1.42885e+06
2341.07	  1.42705e+06
2342.18	  1.42525e+06
2343.28	  1.42346e+06
2344.38	  1.42166e+06
2345.47	  1.41987e+06
2346.57	  1.41808e+06
2347.68	  1.41629e+06
2348.78	  1.41451e+06
2349.88	  1.41272e+06
2350.97	  1.41094e+06
2352.07	  1.40916e+06
2353.18	  1.40739e+06
2354.28	  1.40561e+06
2355.38	  1.40384e+06
2356.47	  1.40207e+06
2357.57	  1.4003e+06
2358.68	  1.39854e+06
2359.78	  1.39678e+06
2360.88	  1.39502e+06
2361.97	  1.39326e+06
2363.07	  1.3915e+06
2364.18	  1.38975e+06
2365.28	  1.388e+06
2366.38	  1.38625e+06
2367.47	  1.3845e+06
2368.57	  1.38275e+06
2369.68	  1.38101e+06
2370.78	  1.37927e+06
2371.88	  1.37753e+06
2372.97	  1.37579e+06
2374.07	  1.37406e+06
2375.18	  1.37233e+06
2376.28	  1.3706e+06
2377.38	  1.36887e+06
2378.47	  1.36715e+06
2379.57	  1.36542e+06
2380.68	  1.3637e+06
2381.78	  1.36198e+06
2382.88	  1.36027e+06
2383.97	  1.35855e+06
2385.07	  1.35684e+06
2386.18	  1.35513e+06
2387.28	  1.35342e+06
2388.38	  1.35172e+06
2389.47	  1.35001e+06
2390.57	  1.34831e+06
2391.68	  1.34661e+06
2392.78	  1.34492e+06
2393.88	  1.34322e+06
2394.97	  1.34153e+06
2396.07	  1.33984e+06
2397.18	  1.33815e+06
2398.28	  1.33646e+06
2399.38	  1.33478e+06
2400.47	  1.3331e+06
2401.57	  1.33142e+06
2402.68	  1.32974e+06
2403.78	  1.32806e+06
2404.88	  1.32639e+06
2405.97	  1.32472e+06
2407.07	  1.32305e+06
2408.18	  1.32138e+06
2409.28	  1.31972e+06
2410.38	  1.31806e+06
2411.47	  1.3164e+06
2412.57	  1.31474e+06
2413.68	  1.31308e+06
2414.78	  1.31143e+06
2415.88	  1.30977e+06
2416.97	  1.30812e+06
2418.07	  1.30648e+06
2419.18	  1.30483e+06
2420.28	  1.30319e+06
2421.38	  1.30155e+06
2422.47	  1.29991e+06
2423.57	  1.29827e+06
2424.68	  1.29663e+06
2425.78	  1.295e+06
2426.88	  1.29337e+06
2427.97	  1.29174e+06
2429.07	  1.29011e+06
2430.18	  1.28849e+06
2431.28	  1.28687e+06
2432.38	  1.28524e+06
2433.47	  1.28363e+06
2434.57	  1.28201e+06
2435.68	  1.28039e+06
2436.78	  1.27878e+06
2437.88	  1.27717e+06
2438.97	  1.27556e+06
2440.07	  1.27396e+06
2441.18	  1.27235e+06
2442.28	  1.27075e+06
2443.38	  1.26915e+06
2444.47	  1.26755e+06
2445.57	  1.26596e+06
2446.68	  1.26436e+06
2447.78	  1.26277e+06
2448.88	  1.26118e+06
2449.97	  1.25959e+06
2451.07	  1.25801e+06
2452.18	  1.25642e+06
2453.28	  1.25484e+06
2454.38	  1.25326e+06
2455.47	  1.25169e+06
2456.57	  1.25011e+06
2457.68	  1.24854e+06
2458.78	  1.24696e+06
2459.88	  1.2454e+06
2460.97	  1.24383e+06
2462.07	  1.24226e+06
2463.18	  1.2407e+06
2464.28	  1.23914e+06
2465.38	  1.23758e+06
2466.47	  1.23602e+06
2467.57	  1.23446e+06
2468.68	  1.23291e+06
2469.78	  1.23136e+06
2470.88	  1.22981e+06
2471.97	  1.22826e+06
2473.07	  1.22672e+06
2474.18	  1.22517e+06
2475.28	  1.22363e+06
2476.38	  1.22209e+06
2477.47	  1.22056e+06
