Emission arising from a slab of Hydrogen (both H and H-).
   
Parameters of the slab:
n_e = 1e+15 cm-3
T_e = 8500 K
tau(lambda=300 nm) = 1
L = 555981 cm
   
Wavelength (nm), Emission (erg s-1 cm-2 nm-1 sr-1)
50	  0.763036
91.2	  5264.06
120	  250234
150	  3.89116e+06
175	  1.23356e+07
200	  2.81883e+07
225	  4.99805e+07
250	  7.52993e+07
270	  9.57629e+07
290	  1.14627e+08
300	  1.23055e+08
305	  1.26966e+08
310	  1.30661e+08
315	  1.34129e+08
320	  1.37366e+08
322.5	  1.38896e+08
325	  1.40366e+08
327	  1.41499e+08
329	  1.42594e+08
329.999	  1.43126e+08
330.266	  1.43266e+08
330.533	  1.43406e+08
330.8	  1.43546e+08
331.067	  1.43684e+08
331.334	  1.43822e+08
331.601	  1.43959e+08
331.868	  1.44096e+08
332.135	  1.44231e+08
332.402	  1.44367e+08
332.669	  1.44501e+08
332.936	  1.44635e+08
333.203	  1.44768e+08
333.47	  1.449e+08
333.737	  1.45032e+08
334.004	  1.45163e+08
334.271	  1.45293e+08
334.538	  1.45422e+08
334.805	  1.45551e+08
335.072	  1.4568e+08
335.339	  1.45807e+08
335.606	  1.45934e+08
335.873	  1.4606e+08
336.14	  1.46186e+08
336.407	  1.4631e+08
336.674	  1.46434e+08
336.941	  1.46558e+08
337.208	  1.4668e+08
337.475	  1.46802e+08
337.742	  1.46924e+08
338.009	  1.47044e+08
338.276	  1.47164e+08
338.543	  1.47284e+08
338.81	  1.47402e+08
339.077	  1.4752e+08
339.344	  1.47637e+08
339.611	  1.47754e+08
339.878	  1.4787e+08
340.145	  1.47985e+08
340.412	  1.48099e+08
340.679	  1.48213e+08
340.946	  1.48326e+08
341.213	  1.48439e+08
341.48	  1.4855e+08
341.747	  1.48661e+08
342.014	  1.48772e+08
342.281	  1.48882e+08
342.548	  1.48991e+08
342.815	  1.49099e+08
343.082	  1.49207e+08
343.349	  1.49313e+08
343.616	  1.4942e+08
343.883	  1.49525e+08
344.15	  1.4963e+08
344.417	  1.49735e+08
344.684	  1.49838e+08
344.951	  1.49941e+08
345.218	  1.50043e+08
345.485	  1.50145e+08
345.752	  1.50246e+08
346.019	  1.50346e+08
346.286	  1.50445e+08
346.553	  1.50544e+08
346.82	  1.50642e+08
347.087	  1.5074e+08
347.354	  1.50837e+08
347.621	  1.50933e+08
347.888	  1.51028e+08
348.155	  1.51123e+08
348.422	  1.51217e+08
348.689	  1.51311e+08
348.956	  1.51404e+08
349.223	  1.51496e+08
349.49	  1.51587e+08
349.757	  1.51678e+08
350.024	  1.51768e+08
350.291	  1.51858e+08
350.558	  1.51946e+08
350.825	  1.52035e+08
351.092	  1.52122e+08
351.359	  1.52209e+08
351.626	  1.52295e+08
351.893	  1.5238e+08
352.16	  1.52465e+08
352.427	  1.52549e+08
352.694	  1.52633e+08
352.961	  1.52716e+08
353.228	  1.52798e+08
353.495	  1.5288e+08
353.762	  1.5296e+08
354.029	  1.53041e+08
354.296	  1.5312e+08
354.563	  1.53199e+08
354.83	  1.53277e+08
355.097	  1.53355e+08
355.364	  1.53432e+08
355.631	  1.53508e+08
355.898	  1.53584e+08
356.165	  1.53659e+08
356.432	  1.53733e+08
356.699	  1.53807e+08
356.966	  1.5388e+08
357.233	  1.53952e+08
357.5	  1.54024e+08
357.767	  1.54095e+08
358.034	  1.54166e+08
358.301	  1.54236e+08
358.568	  1.54305e+08
358.835	  1.54374e+08
359.102	  1.54441e+08
359.369	  1.54509e+08
359.636	  1.54575e+08
359.903	  1.54641e+08
360.17	  1.54707e+08
360.437	  1.54772e+08
360.704	  1.54836e+08
360.971	  1.54899e+08
361.238	  1.54962e+08
361.505	  1.55024e+08
361.772	  1.55086e+08
362.039	  1.55147e+08
362.306	  1.55207e+08
362.573	  1.55267e+08
363	  1.55361e+08
363.027	  1.55367e+08
363.054	  1.55373e+08
363.08	  1.55379e+08
363.107	  1.55384e+08
363.134	  1.5539e+08
363.16	  1.55396e+08
363.187	  1.55402e+08
363.214	  1.55408e+08
363.24	  1.55413e+08
363.267	  1.55419e+08
363.294	  1.55425e+08
363.321	  1.55431e+08
363.347	  1.55436e+08
363.374	  1.55442e+08
363.401	  1.55448e+08
363.427	  1.55454e+08
363.454	  1.55459e+08
363.481	  1.55465e+08
363.508	  1.55471e+08
363.534	  1.55477e+08
363.561	  1.55482e+08
363.588	  1.55488e+08
363.614	  1.55494e+08
363.641	  1.55499e+08
363.668	  1.55505e+08
363.694	  1.55511e+08
363.721	  1.55517e+08
363.748	  1.55522e+08
363.774	  1.55528e+08
363.801	  1.55533e+08
363.828	  1.55539e+08
363.855	  1.55545e+08
363.881	  1.5555e+08
363.908	  1.55556e+08
363.935	  1.55562e+08
363.961	  1.55567e+08
363.988	  1.55573e+08
364.015	  1.55579e+08
364.041	  1.55584e+08
364.068	  1.5559e+08
364.095	  1.55595e+08
364.122	  1.55601e+08
364.148	  1.55606e+08
364.175	  1.55612e+08
364.202	  1.55618e+08
364.228	  1.55623e+08
364.255	  1.55629e+08
364.282	  1.55634e+08
364.308	  1.5564e+08
364.335	  1.55645e+08
364.362	  1.55651e+08
364.389	  1.55656e+08
364.415	  1.55662e+08
364.442	  1.55667e+08
364.469	  1.55673e+08
364.495	  1.55678e+08
364.522	  1.55685e+08
364.549	  1.55691e+08
364.575	  1.55696e+08
364.602	  1.55702e+08
364.629	  1.55707e+08
364.656	  1.55713e+08
364.682	  1.55718e+08
364.709	  1.55723e+08
364.736	  5.21867e+07
364.762	  5.21904e+07
364.789	  5.2194e+07
364.816	  5.21976e+07
364.842	  5.22012e+07
364.869	  5.22048e+07
364.896	  5.22084e+07
364.923	  5.2212e+07
364.949	  5.22156e+07
364.976	  5.22193e+07
365.003	  5.22229e+07
365.029	  5.22265e+07
365.056	  5.22301e+07
365.083	  5.22337e+07
365.11	  5.22373e+07
365.136	  5.22409e+07
365.163	  5.22445e+07
365.19	  5.22481e+07
365.216	  5.22517e+07
365.243	  5.22553e+07
365.27	  5.22589e+07
365.296	  5.22624e+07
365.323	  5.2266e+07
365.35	  5.22696e+07
365.377	  5.22732e+07
365.403	  5.22768e+07
365.43	  5.22804e+07
365.457	  5.2284e+07
365.483	  5.22875e+07
365.51	  5.22911e+07
365.537	  5.22947e+07
365.563	  5.22983e+07
365.59	  5.23019e+07
365.617	  5.23054e+07
365.643	  5.2309e+07
365.67	  5.23126e+07
365.697	  5.23162e+07
365.724	  5.23197e+07
365.75	  5.23233e+07
365.777	  5.23269e+07
365.804	  5.23304e+07
365.83	  5.2334e+07
365.857	  5.23376e+07
365.884	  5.23411e+07
365.91	  5.23447e+07
365.937	  5.23482e+07
365.964	  5.23518e+07
365.991	  5.23554e+07
365.991	  5.23554e+07
366.258	  5.23908e+07
366.525	  5.24262e+07
366.792	  5.24614e+07
367.059	  5.24965e+07
367.326	  5.25314e+07
367.593	  5.25662e+07
367.86	  5.26009e+07
368.127	  5.26354e+07
368.394	  5.26698e+07
368.661	  5.27041e+07
368.928	  5.27382e+07
369.195	  5.27722e+07
369.462	  5.28061e+07
369.729	  5.28398e+07
369.996	  5.28734e+07
370.263	  5.29068e+07
370.53	  5.29401e+07
370.797	  5.29733e+07
371.064	  5.30063e+07
371.331	  5.30393e+07
371.598	  5.3072e+07
371.865	  5.31047e+07
372.132	  5.31372e+07
372.399	  5.31695e+07
372.666	  5.32018e+07
372.933	  5.32339e+07
373.2	  5.32659e+07
373.467	  5.32977e+07
373.734	  5.33294e+07
374.001	  5.3361e+07
374.268	  5.33924e+07
374.535	  5.34237e+07
374.802	  5.34549e+07
375.069	  5.34859e+07
375.336	  5.35168e+07
375.603	  5.35476e+07
375.87	  5.35782e+07
376.137	  5.36087e+07
376.404	  5.36391e+07
376.671	  5.36694e+07
376.938	  5.36995e+07
377.205	  5.37294e+07
377.472	  5.37593e+07
377.739	  5.3789e+07
378.006	  5.38186e+07
378.273	  5.3848e+07
378.54	  5.38774e+07
378.807	  5.39065e+07
379.074	  5.39356e+07
379.341	  5.39645e+07
379.608	  5.39933e+07
379.875	  5.4022e+07
380.142	  5.40505e+07
380.409	  5.40789e+07
380.676	  5.41072e+07
380.943	  5.41354e+07
381.21	  5.41634e+07
381.477	  5.41913e+07
381.744	  5.4219e+07
382.011	  5.42466e+07
382.278	  5.42741e+07
382.545	  5.43015e+07
382.812	  5.43287e+07
383.079	  5.43559e+07
383.346	  5.43828e+07
383.613	  5.44097e+07
383.88	  5.44364e+07
384.147	  5.4463e+07
384.414	  5.44895e+07
384.681	  5.45158e+07
384.948	  5.4542e+07
385.215	  5.45681e+07
385.482	  5.45941e+07
385.749	  5.46199e+07
386.016	  5.46456e+07
386.283	  5.46712e+07
386.55	  5.46966e+07
386.817	  5.4722e+07
387.084	  5.47471e+07
387.351	  5.47722e+07
387.618	  5.47972e+07
387.885	  5.4822e+07
388.152	  5.48467e+07
388.419	  5.48712e+07
388.686	  5.48957e+07
388.953	  5.492e+07
389.22	  5.49442e+07
389.487	  5.49682e+07
389.754	  5.49922e+07
390.021	  5.5016e+07
390.288	  5.50397e+07
390.555	  5.50632e+07
390.822	  5.50867e+07
391.089	  5.511e+07
391.356	  5.51332e+07
391.623	  5.51562e+07
391.89	  5.51792e+07
392.157	  5.5202e+07
392.424	  5.52247e+07
392.691	  5.52473e+07
392.958	  5.52697e+07
393.225	  5.52921e+07
393.492	  5.53143e+07
393.759	  5.53363e+07
394.026	  5.53583e+07
394.293	  5.53801e+07
394.56	  5.54019e+07
394.827	  5.54235e+07
395.094	  5.54449e+07
395.361	  5.54663e+07
395.628	  5.54875e+07
395.895	  5.55086e+07
396.162	  5.55296e+07
396.429	  5.55505e+07
396.696	  5.55712e+07
396.963	  5.55918e+07
397.23	  5.56123e+07
397.497	  5.56327e+07
397.764	  5.5653e+07
398.031	  5.56731e+07
398.298	  5.56932e+07
398.565	  5.57131e+07
398.832	  5.57329e+07
399.099	  5.57525e+07
399.366	  5.57721e+07
399.633	  5.57915e+07
399.9	  5.58108e+07
400.167	  5.583e+07
400.434	  5.58491e+07
400.701	  5.5868e+07
400.968	  5.58869e+07
401.235	  5.59056e+07
401.502	  5.59242e+07
401.769	  5.59427e+07
402.036	  5.5961e+07
402.303	  5.59793e+07
402.57	  5.59974e+07
402.837	  5.60155e+07
403.104	  5.60334e+07
403.371	  5.60511e+07
403.638	  5.60688e+07
403.905	  5.60864e+07
404.172	  5.61038e+07
404.439	  5.61211e+07
404.706	  5.61383e+07
404.973	  5.61554e+07
405.24	  5.61724e+07
405.507	  5.61893e+07
405.774	  5.6206e+07
406.041	  5.62227e+07
406.308	  5.62392e+07
406.575	  5.62556e+07
406.842	  5.62719e+07
407.109	  5.6288e+07
407.376	  5.63041e+07
407.643	  5.63201e+07
407.91	  5.63359e+07
408.177	  5.63516e+07
408.444	  5.63672e+07
408.711	  5.63827e+07
408.978	  5.63981e+07
409.245	  5.64134e+07
409.512	  5.64286e+07
409.779	  5.64436e+07
410.046	  5.64586e+07
410.313	  5.64734e+07
410.58	  5.64881e+07
410.847	  5.65027e+07
411.114	  5.65172e+07
411.381	  5.65316e+07
411.648	  5.65459e+07
411.915	  5.656e+07
412.182	  5.65741e+07
412.449	  5.6588e+07
412.716	  5.66019e+07
412.983	  5.66156e+07
413.25	  5.66292e+07
413.517	  5.66427e+07
413.784	  5.66561e+07
414.051	  5.66694e+07
414.318	  5.66826e+07
414.585	  5.66956e+07
414.852	  5.67086e+07
415.119	  5.67215e+07
415.386	  5.67342e+07
415.653	  5.67469e+07
415.92	  5.67594e+07
416.187	  5.67718e+07
416.454	  5.67841e+07
416.721	  5.67963e+07
416.988	  5.68085e+07
417.255	  5.68204e+07
417.522	  5.68323e+07
417.789	  5.68441e+07
418.056	  5.68558e+07
418.323	  5.68674e+07
418.59	  5.68789e+07
418.857	  5.68902e+07
419.124	  5.69015e+07
419.391	  5.69126e+07
419.658	  5.69237e+07
419.925	  5.69346e+07
420.192	  5.69455e+07
420.459	  5.69562e+07
420.726	  5.69668e+07
420.993	  5.69774e+07
421.26	  5.69878e+07
421.527	  5.69981e+07
421.794	  5.70083e+07
422.061	  5.70184e+07
422.328	  5.70285e+07
422.595	  5.70384e+07
422.862	  5.70482e+07
423.129	  5.70579e+07
423.396	  5.70675e+07
423.663	  5.7077e+07
423.93	  5.70864e+07
424.197	  5.70957e+07
424.464	  5.71049e+07
424.731	  5.7114e+07
424.998	  5.7123e+07
425.265	  5.71319e+07
425.532	  5.71407e+07
425.799	  5.71493e+07
426.066	  5.71579e+07
426.333	  5.71664e+07
426.6	  5.71748e+07
426.867	  5.71831e+07
427.134	  5.71913e+07
427.401	  5.71994e+07
427.668	  5.72074e+07
427.935	  5.72153e+07
428.202	  5.72231e+07
428.469	  5.72308e+07
428.736	  5.72384e+07
429.003	  5.72459e+07
429.27	  5.72533e+07
429.537	  5.72606e+07
429.804	  5.72679e+07
430.071	  5.7275e+07
430.338	  5.7282e+07
430.605	  5.72889e+07
430.872	  5.72957e+07
431.139	  5.73025e+07
431.406	  5.73091e+07
431.673	  5.73156e+07
431.94	  5.73221e+07
432.207	  5.73284e+07
432.474	  5.73347e+07
432.741	  5.73408e+07
433.008	  5.73469e+07
433.275	  5.73529e+07
433.542	  5.73587e+07
433.809	  5.73645e+07
434.076	  5.73702e+07
434.343	  5.73758e+07
434.61	  5.73813e+07
434.877	  5.73867e+07
435.144	  5.7392e+07
435.411	  5.73972e+07
435.678	  5.74023e+07
435.945	  5.74073e+07
436.212	  5.74123e+07
436.479	  5.74171e+07
436.746	  5.74219e+07
437.013	  5.74265e+07
437.28	  5.74311e+07
437.547	  5.74356e+07
437.814	  5.744e+07
438.081	  5.74443e+07
438.348	  5.74485e+07
438.615	  5.74526e+07
438.882	  5.74566e+07
439.149	  5.74605e+07
439.416	  5.74643e+07
439.683	  5.74681e+07
439.95	  5.74718e+07
440.217	  5.74753e+07
440.484	  5.74788e+07
440.751	  5.74822e+07
441.018	  5.74855e+07
441.285	  5.74887e+07
441.552	  5.74918e+07
441.819	  5.74949e+07
442.086	  5.74978e+07
442.353	  5.75007e+07
442.62	  5.75034e+07
442.887	  5.75061e+07
443.154	  5.75087e+07
443.421	  5.75112e+07
443.688	  5.75136e+07
443.955	  5.7516e+07
444.222	  5.75182e+07
444.489	  5.75204e+07
444.756	  5.75224e+07
445.023	  5.75244e+07
445.29	  5.75263e+07
445.557	  5.75281e+07
445.824	  5.75299e+07
446.091	  5.75315e+07
446.358	  5.75331e+07
446.625	  5.75346e+07
446.892	  5.75359e+07
447.159	  5.75372e+07
447.426	  5.75385e+07
447.693	  5.75396e+07
447.96	  5.75406e+07
448.227	  5.75416e+07
448.494	  5.75425e+07
448.761	  5.75433e+07
449.028	  5.7544e+07
449.295	  5.75446e+07
449.562	  5.75452e+07
449.829	  5.75456e+07
450.096	  5.7546e+07
450.363	  5.75463e+07
450.63	  5.75466e+07
450.897	  5.75467e+07
451.164	  5.75467e+07
451.431	  5.75467e+07
451.698	  5.75466e+07
451.965	  5.75464e+07
452.232	  5.75461e+07
452.499	  5.75458e+07
452.766	  5.75454e+07
453.033	  5.75448e+07
453.3	  5.75442e+07
453.567	  5.75436e+07
453.834	  5.75428e+07
454.101	  5.7542e+07
454.368	  5.75411e+07
454.635	  5.75401e+07
454.902	  5.7539e+07
455.169	  5.75379e+07
455.436	  5.75366e+07
455.703	  5.75353e+07
455.97	  5.75339e+07
456.237	  5.75325e+07
456.504	  5.75309e+07
456.771	  5.75293e+07
457.038	  5.75276e+07
457.305	  5.75258e+07
457.572	  5.7524e+07
457.839	  5.7522e+07
458.106	  5.752e+07
458.373	  5.75179e+07
458.64	  5.75158e+07
458.907	  5.75135e+07
459.174	  5.75112e+07
459.441	  5.75088e+07
459.708	  5.75064e+07
459.975	  5.75038e+07
460.242	  5.75012e+07
460.509	  5.74985e+07
460.776	  5.74957e+07
461.043	  5.74929e+07
461.31	  5.749e+07
461.577	  5.7487e+07
461.844	  5.74839e+07
462.111	  5.74808e+07
462.378	  5.74775e+07
462.645	  5.74743e+07
462.912	  5.74709e+07
463.179	  5.74674e+07
463.446	  5.74639e+07
463.713	  5.74604e+07
463.98	  5.74567e+07
464.247	  5.7453e+07
464.514	  5.74492e+07
464.781	  5.74453e+07
465.048	  5.74413e+07
465.315	  5.74373e+07
465.582	  5.74332e+07
465.849	  5.74291e+07
466.116	  5.74248e+07
466.383	  5.74205e+07
466.65	  5.74161e+07
466.917	  5.74117e+07
467.184	  5.74072e+07
467.451	  5.74026e+07
467.718	  5.73979e+07
467.985	  5.73932e+07
468.252	  5.73884e+07
468.519	  5.73835e+07
468.786	  5.73786e+07
469.053	  5.73736e+07
469.32	  5.73685e+07
469.587	  5.73633e+07
469.854	  5.73581e+07
470.121	  5.73528e+07
470.388	  5.73475e+07
470.655	  5.73421e+07
470.922	  5.73366e+07
471.189	  5.7331e+07
471.456	  5.73254e+07
471.723	  5.73197e+07
471.99	  5.73139e+07
472.257	  5.73081e+07
472.524	  5.73022e+07
472.791	  5.72962e+07
473.058	  5.72902e+07
473.325	  5.72841e+07
473.592	  5.72779e+07
473.859	  5.72717e+07
474.126	  5.72654e+07
474.393	  5.7259e+07
474.66	  5.72526e+07
474.927	  5.72461e+07
475.194	  5.72395e+07
475.461	  5.72329e+07
475.728	  5.72262e+07
475.995	  5.72194e+07
476.262	  5.72126e+07
476.529	  5.72057e+07
476.796	  5.71988e+07
477.063	  5.71918e+07
477.33	  5.71847e+07
477.597	  5.71775e+07
477.864	  5.71703e+07
478.131	  5.7163e+07
478.398	  5.71557e+07
478.665	  5.71483e+07
478.932	  5.71408e+07
479.199	  5.71333e+07
479.466	  5.71257e+07
479.733	  5.71181e+07
480	  5.71104e+07
480.267	  5.71026e+07
480.534	  5.70948e+07
480.801	  5.70869e+07
481.068	  5.70789e+07
481.335	  5.70709e+07
481.602	  5.70628e+07
481.869	  5.70546e+07
482.136	  5.70464e+07
482.403	  5.70382e+07
482.67	  5.70298e+07
482.937	  5.70214e+07
483.204	  5.7013e+07
483.471	  5.70045e+07
483.738	  5.69959e+07
484.005	  5.69873e+07
484.272	  5.69786e+07
484.539	  5.69698e+07
484.806	  5.6961e+07
485.073	  5.69522e+07
485.34	  5.69432e+07
485.607	  5.69342e+07
485.874	  5.69252e+07
486.141	  5.69161e+07
486.408	  5.69069e+07
486.675	  5.68977e+07
486.942	  5.68884e+07
487.209	  5.68791e+07
487.476	  5.68697e+07
487.743	  5.68602e+07
488.01	  5.68507e+07
488.277	  5.68412e+07
488.544	  5.68315e+07
488.811	  5.68219e+07
489.078	  5.68121e+07
489.345	  5.68023e+07
489.612	  5.67925e+07
489.879	  5.67826e+07
490.146	  5.67726e+07
490.413	  5.67626e+07
490.68	  5.67525e+07
490.947	  5.67424e+07
491.214	  5.67322e+07
491.481	  5.67219e+07
491.748	  5.67116e+07
492.015	  5.67013e+07
492.282	  5.66909e+07
492.549	  5.66804e+07
492.816	  5.66699e+07
493.083	  5.66593e+07
493.35	  5.66487e+07
493.617	  5.6638e+07
493.884	  5.66273e+07
494.151	  5.66165e+07
494.418	  5.66056e+07
494.685	  5.65947e+07
494.952	  5.65838e+07
495.219	  5.65728e+07
495.486	  5.65617e+07
495.753	  5.65506e+07
496.02	  5.65394e+07
496.287	  5.65282e+07
496.554	  5.6517e+07
496.821	  5.65056e+07
497.088	  5.64943e+07
497.355	  5.64828e+07
497.622	  5.64714e+07
497.889	  5.64598e+07
498.156	  5.64483e+07
498.423	  5.64366e+07
498.69	  5.64249e+07
498.957	  5.64132e+07
499.224	  5.64014e+07
499.491	  5.63896e+07
499.758	  5.63777e+07
500.025	  5.63658e+07
500.292	  5.63538e+07
500.559	  5.63417e+07
500.826	  5.63297e+07
501.093	  5.63175e+07
501.36	  5.63053e+07
501.627	  5.62931e+07
501.894	  5.62808e+07
502.161	  5.62685e+07
502.428	  5.62561e+07
502.695	  5.62437e+07
502.962	  5.62312e+07
503.229	  5.62187e+07
503.496	  5.62061e+07
503.763	  5.61934e+07
504.03	  5.61808e+07
504.297	  5.6168e+07
504.564	  5.61553e+07
504.831	  5.61425e+07
505.098	  5.61296e+07
505.365	  5.61167e+07
505.632	  5.61037e+07
505.899	  5.60907e+07
506.166	  5.60776e+07
506.433	  5.60645e+07
506.7	  5.60514e+07
506.967	  5.60382e+07
507.234	  5.6025e+07
507.501	  5.60117e+07
507.768	  5.59983e+07
508.035	  5.59849e+07
508.302	  5.59715e+07
508.569	  5.5958e+07
508.836	  5.59445e+07
509.103	  5.5931e+07
509.37	  5.59174e+07
509.637	  5.59037e+07
509.904	  5.589e+07
510.171	  5.58762e+07
510.438	  5.58625e+07
510.705	  5.58486e+07
510.972	  5.58347e+07
511.239	  5.58208e+07
511.506	  5.58069e+07
511.773	  5.57928e+07
512.04	  5.57788e+07
512.307	  5.57647e+07
512.574	  5.57505e+07
512.841	  5.57364e+07
513.108	  5.57221e+07
513.375	  5.57079e+07
513.642	  5.56935e+07
513.909	  5.56792e+07
514.176	  5.56648e+07
514.443	  5.56503e+07
514.71	  5.56358e+07
514.977	  5.56213e+07
515.244	  5.56067e+07
515.511	  5.55921e+07
515.778	  5.55775e+07
516.045	  5.55628e+07
516.312	  5.5548e+07
516.579	  5.55332e+07
516.846	  5.55184e+07
517.113	  5.55036e+07
517.38	  5.54887e+07
517.647	  5.54737e+07
517.914	  5.54587e+07
518.181	  5.54437e+07
518.448	  5.54286e+07
518.715	  5.54135e+07
518.982	  5.53984e+07
519.249	  5.53832e+07
519.516	  5.53679e+07
519.783	  5.53527e+07
520.05	  5.53374e+07
520.317	  5.5322e+07
520.584	  5.53066e+07
520.851	  5.52912e+07
521.118	  5.52757e+07
521.385	  5.52602e+07
521.652	  5.52447e+07
521.919	  5.52291e+07
522.186	  5.52135e+07
522.453	  5.51978e+07
522.72	  5.51821e+07
522.987	  5.51664e+07
523.254	  5.51506e+07
523.521	  5.51348e+07
523.788	  5.51189e+07
524.055	  5.5103e+07
524.322	  5.50871e+07
524.589	  5.50711e+07
524.856	  5.50551e+07
525.123	  5.50391e+07
525.39	  5.5023e+07
525.657	  5.50069e+07
525.924	  5.49907e+07
526.191	  5.49745e+07
526.458	  5.49583e+07
526.725	  5.4942e+07
526.992	  5.49257e+07
527.259	  5.49094e+07
527.526	  5.4893e+07
527.793	  5.48766e+07
528.06	  5.48602e+07
528.327	  5.48437e+07
528.594	  5.48272e+07
528.861	  5.48106e+07
529.128	  5.4794e+07
529.395	  5.47774e+07
529.662	  5.47607e+07
529.929	  5.4744e+07
530.196	  5.47273e+07
530.463	  5.47105e+07
530.73	  5.46937e+07
530.997	  5.46769e+07
531.264	  5.466e+07
531.531	  5.46431e+07
531.798	  5.46262e+07
532.065	  5.46092e+07
532.332	  5.45922e+07
532.599	  5.45752e+07
532.866	  5.45581e+07
533.133	  5.4541e+07
533.4	  5.45239e+07
533.667	  5.45067e+07
533.934	  5.44895e+07
534.201	  5.44723e+07
534.468	  5.4455e+07
534.735	  5.44377e+07
535.002	  5.44203e+07
535.269	  5.4403e+07
535.536	  5.43856e+07
535.803	  5.43681e+07
536.07	  5.43506e+07
536.337	  5.43331e+07
536.604	  5.43156e+07
536.871	  5.4298e+07
537.138	  5.42805e+07
537.405	  5.42628e+07
537.672	  5.42452e+07
537.939	  5.42275e+07
538.206	  5.42097e+07
538.473	  5.4192e+07
538.74	  5.41742e+07
539.007	  5.41564e+07
539.274	  5.41385e+07
539.541	  5.41207e+07
539.808	  5.41027e+07
540.075	  5.40848e+07
540.342	  5.40668e+07
540.609	  5.40488e+07
540.876	  5.40308e+07
541.143	  5.40127e+07
541.41	  5.39946e+07
541.677	  5.39765e+07
541.944	  5.39584e+07
542.211	  5.39402e+07
542.478	  5.3922e+07
542.745	  5.39037e+07
543.012	  5.38855e+07
543.279	  5.38672e+07
543.546	  5.38488e+07
543.813	  5.38305e+07
544.08	  5.38121e+07
544.347	  5.37937e+07
544.614	  5.37752e+07
544.881	  5.37568e+07
545.148	  5.37383e+07
545.415	  5.37197e+07
545.682	  5.37012e+07
545.949	  5.36826e+07
546.216	  5.3664e+07
546.483	  5.36453e+07
546.75	  5.36267e+07
547.017	  5.3608e+07
547.284	  5.35892e+07
547.551	  5.35705e+07
547.818	  5.35517e+07
548.085	  5.35329e+07
548.352	  5.35141e+07
548.619	  5.34952e+07
548.886	  5.34763e+07
549.153	  5.34574e+07
549.42	  5.34385e+07
549.687	  5.34195e+07
549.954	  5.34005e+07
550.221	  5.33815e+07
550.488	  5.33624e+07
550.755	  5.33434e+07
551.022	  5.33242e+07
551.289	  5.33051e+07
551.556	  5.3286e+07
551.823	  5.32668e+07
552.09	  5.32476e+07
552.357	  5.32284e+07
552.624	  5.32091e+07
552.891	  5.31898e+07
553.158	  5.31705e+07
553.425	  5.31512e+07
553.692	  5.31318e+07
553.959	  5.31124e+07
554.226	  5.3093e+07
554.493	  5.30736e+07
554.76	  5.30542e+07
555.027	  5.30347e+07
555.294	  5.30152e+07
555.561	  5.29956e+07
555.828	  5.29761e+07
556.095	  5.29565e+07
556.362	  5.29369e+07
556.629	  5.29173e+07
556.896	  5.28976e+07
557.163	  5.2878e+07
557.43	  5.28583e+07
557.697	  5.28385e+07
557.964	  5.28188e+07
558.231	  5.2799e+07
558.498	  5.27792e+07
558.765	  5.27594e+07
559.032	  5.27396e+07
559.299	  5.27197e+07
559.566	  5.26998e+07
560.009	  5.26668e+07
560.296	  5.26453e+07
560.583	  5.26239e+07
560.87	  5.26024e+07
561.157	  5.25809e+07
561.444	  5.25593e+07
561.731	  5.25378e+07
562.018	  5.25162e+07
562.305	  5.24946e+07
562.592	  5.24729e+07
562.879	  5.24512e+07
563.166	  5.24295e+07
563.453	  5.24078e+07
563.74	  5.23861e+07
564.027	  5.23643e+07
564.314	  5.23425e+07
564.601	  5.23207e+07
564.888	  5.22989e+07
565.175	  5.2277e+07
565.462	  5.22551e+07
565.749	  5.22332e+07
566.036	  5.22113e+07
566.323	  5.21893e+07
566.61	  5.21673e+07
566.897	  5.21453e+07
567.184	  5.21233e+07
567.471	  5.21012e+07
567.758	  5.20791e+07
568.045	  5.2057e+07
568.332	  5.20349e+07
568.619	  5.20128e+07
568.906	  5.19906e+07
569.193	  5.19684e+07
569.48	  5.19462e+07
569.767	  5.1924e+07
570.054	  5.19017e+07
570.341	  5.18794e+07
570.628	  5.18571e+07
570.915	  5.18348e+07
571.202	  5.18124e+07
571.489	  5.17901e+07
571.776	  5.17677e+07
572.063	  5.17453e+07
572.35	  5.17228e+07
572.637	  5.17004e+07
572.924	  5.16779e+07
573.211	  5.16554e+07
573.498	  5.16329e+07
573.785	  5.16104e+07
574.072	  5.15878e+07
574.359	  5.15652e+07
574.646	  5.15426e+07
574.933	  5.152e+07
575.22	  5.14974e+07
575.507	  5.14747e+07
575.794	  5.1452e+07
576.081	  5.14293e+07
576.368	  5.14066e+07
576.655	  5.13839e+07
576.942	  5.13611e+07
577.229	  5.13383e+07
577.516	  5.13155e+07
577.803	  5.12927e+07
578.09	  5.12699e+07
578.377	  5.1247e+07
578.664	  5.12241e+07
578.951	  5.12012e+07
579.238	  5.11783e+07
579.525	  5.11554e+07
579.812	  5.11325e+07
580.099	  5.11095e+07
580.386	  5.10865e+07
580.673	  5.10635e+07
580.96	  5.10405e+07
581.247	  5.10174e+07
581.534	  5.09944e+07
581.821	  5.09713e+07
582.108	  5.09482e+07
582.395	  5.09251e+07
582.682	  5.09019e+07
582.969	  5.08788e+07
583.256	  5.08556e+07
583.543	  5.08324e+07
583.83	  5.08092e+07
584.117	  5.0786e+07
584.404	  5.07628e+07
584.691	  5.07395e+07
584.978	  5.07163e+07
585.265	  5.0693e+07
585.552	  5.06697e+07
585.839	  5.06464e+07
586.126	  5.0623e+07
586.413	  5.05997e+07
586.7	  5.05763e+07
586.987	  5.05529e+07
587.274	  5.05295e+07
587.561	  5.05061e+07
587.848	  5.04827e+07
588.135	  5.04592e+07
588.422	  5.04358e+07
588.709	  5.04123e+07
588.996	  5.03888e+07
589.283	  5.03653e+07
589.57	  5.03418e+07
589.857	  5.03182e+07
590.144	  5.02947e+07
590.431	  5.02711e+07
590.718	  5.02475e+07
591.005	  5.02239e+07
591.292	  5.02003e+07
591.579	  5.01767e+07
591.866	  5.0153e+07
592.153	  5.01294e+07
592.44	  5.01057e+07
592.727	  5.0082e+07
593.014	  5.00583e+07
593.301	  5.00346e+07
593.588	  5.00109e+07
593.875	  4.99871e+07
594.162	  4.99633e+07
594.449	  4.99396e+07
594.736	  4.99158e+07
595.023	  4.9892e+07
595.31	  4.98682e+07
595.597	  4.98444e+07
595.884	  4.98205e+07
596.171	  4.97967e+07
596.458	  4.97728e+07
596.745	  4.97489e+07
597.032	  4.9725e+07
597.319	  4.97011e+07
597.606	  4.96772e+07
597.893	  4.96533e+07
598.18	  4.96293e+07
598.467	  4.96054e+07
598.754	  4.95814e+07
599.041	  4.95574e+07
599.328	  4.95334e+07
599.615	  4.95094e+07
599.902	  4.94854e+07
600.189	  4.94614e+07
600.476	  4.94374e+07
600.763	  4.94133e+07
601.05	  4.93892e+07
601.337	  4.93652e+07
601.624	  4.93411e+07
601.911	  4.9317e+07
602.198	  4.92929e+07
602.485	  4.92687e+07
602.772	  4.92446e+07
603.059	  4.92205e+07
603.346	  4.91963e+07
603.633	  4.91721e+07
603.92	  4.9148e+07
604.207	  4.91238e+07
604.494	  4.90996e+07
604.781	  4.90754e+07
605.068	  4.90511e+07
605.355	  4.90269e+07
605.642	  4.90027e+07
605.929	  4.89784e+07
606.216	  4.89542e+07
606.503	  4.89299e+07
606.79	  4.89056e+07
607.077	  4.88813e+07
607.364	  4.8857e+07
607.651	  4.88327e+07
607.938	  4.88084e+07
608.225	  4.8784e+07
608.512	  4.87597e+07
608.799	  4.87353e+07
609.086	  4.8711e+07
609.373	  4.86866e+07
609.66	  4.86622e+07
609.947	  4.86378e+07
610.234	  4.86135e+07
610.521	  4.8589e+07
610.808	  4.85646e+07
611.095	  4.85402e+07
611.382	  4.85158e+07
611.669	  4.84913e+07
611.956	  4.84669e+07
612.243	  4.84424e+07
612.53	  4.84179e+07
612.817	  4.83935e+07
613.104	  4.8369e+07
613.391	  4.83445e+07
613.678	  4.832e+07
613.965	  4.82955e+07
614.252	  4.82709e+07
614.539	  4.82464e+07
614.826	  4.82219e+07
615.113	  4.81973e+07
615.4	  4.81728e+07
615.687	  4.81482e+07
615.974	  4.81237e+07
616.261	  4.80991e+07
616.548	  4.80745e+07
616.835	  4.80499e+07
617.122	  4.80253e+07
617.409	  4.80007e+07
617.696	  4.79761e+07
617.983	  4.79515e+07
618.27	  4.79269e+07
618.557	  4.79022e+07
618.844	  4.78776e+07
619.131	  4.78529e+07
619.418	  4.78283e+07
619.705	  4.78036e+07
619.992	  4.7779e+07
620.279	  4.77543e+07
620.566	  4.77296e+07
620.853	  4.77049e+07
621.14	  4.76802e+07
621.427	  4.76555e+07
621.714	  4.76308e+07
622.001	  4.76061e+07
622.288	  4.75814e+07
622.575	  4.75567e+07
622.862	  4.75319e+07
623.149	  4.75072e+07
623.436	  4.74824e+07
623.723	  4.74577e+07
624.01	  4.74329e+07
624.297	  4.74082e+07
624.584	  4.73834e+07
624.871	  4.73586e+07
625.158	  4.73339e+07
625.445	  4.73091e+07
625.732	  4.72843e+07
626.019	  4.72595e+07
626.306	  4.72347e+07
626.593	  4.72099e+07
626.88	  4.71851e+07
627.167	  4.71603e+07
627.454	  4.71354e+07
627.741	  4.71106e+07
628.028	  4.70858e+07
628.315	  4.7061e+07
628.602	  4.70361e+07
628.889	  4.70113e+07
629.176	  4.69864e+07
629.463	  4.69616e+07
629.75	  4.69367e+07
630.037	  4.69119e+07
630.324	  4.6887e+07
630.611	  4.68621e+07
630.898	  4.68372e+07
631.185	  4.68124e+07
631.472	  4.67875e+07
631.759	  4.67626e+07
632.046	  4.67377e+07
632.333	  4.67128e+07
632.62	  4.66879e+07
632.907	  4.6663e+07
633.194	  4.66381e+07
633.481	  4.66132e+07
633.768	  4.65883e+07
634.055	  4.65634e+07
634.342	  4.65384e+07
634.629	  4.65135e+07
634.916	  4.64886e+07
635.203	  4.64637e+07
635.49	  4.64387e+07
635.777	  4.64138e+07
636.064	  4.63889e+07
636.351	  4.63639e+07
636.638	  4.6339e+07
636.925	  4.6314e+07
637.212	  4.62891e+07
637.499	  4.62641e+07
637.786	  4.62391e+07
638.073	  4.62142e+07
638.36	  4.61892e+07
638.647	  4.61643e+07
638.934	  4.61393e+07
639.221	  4.61143e+07
639.508	  4.60893e+07
639.795	  4.60644e+07
640.082	  4.60394e+07
640.369	  4.60144e+07
640.656	  4.59894e+07
640.943	  4.59644e+07
641.23	  4.59394e+07
641.517	  4.59145e+07
641.804	  4.58895e+07
642.091	  4.58645e+07
642.378	  4.58395e+07
642.665	  4.58145e+07
642.952	  4.57895e+07
643.239	  4.57645e+07
643.526	  4.57395e+07
643.813	  4.57145e+07
644.1	  4.56895e+07
644.387	  4.56645e+07
644.674	  4.56395e+07
644.961	  4.56144e+07
645.248	  4.55894e+07
645.535	  4.55644e+07
645.822	  4.55394e+07
646.109	  4.55144e+07
646.396	  4.54894e+07
646.683	  4.54644e+07
646.97	  4.54393e+07
647.257	  4.54143e+07
647.544	  4.53893e+07
647.831	  4.53643e+07
648.118	  4.53393e+07
648.405	  4.53142e+07
648.692	  4.52892e+07
648.979	  4.52642e+07
649.266	  4.52392e+07
649.553	  4.52141e+07
649.84	  4.51891e+07
650.127	  4.51641e+07
650.414	  4.51391e+07
650.701	  4.5114e+07
650.988	  4.5089e+07
651.275	  4.5064e+07
651.562	  4.50389e+07
651.849	  4.50139e+07
652.136	  4.49889e+07
652.423	  4.49639e+07
652.71	  4.49388e+07
652.997	  4.49138e+07
653.284	  4.48888e+07
653.571	  4.48637e+07
653.858	  4.48387e+07
654.145	  4.48137e+07
654.432	  4.47887e+07
654.719	  4.47636e+07
655.006	  4.47386e+07
655.293	  4.47136e+07
655.58	  4.46886e+07
655.867	  4.46635e+07
656.154	  4.46385e+07
656.441	  4.46135e+07
656.728	  4.45885e+07
657.015	  4.45634e+07
657.302	  4.45384e+07
657.589	  4.45134e+07
657.876	  4.44884e+07
658.163	  4.44633e+07
658.45	  4.44383e+07
658.737	  4.44133e+07
659.024	  4.43883e+07
659.311	  4.43633e+07
659.598	  4.43383e+07
659.885	  4.43132e+07
660.172	  4.42882e+07
660.459	  4.42632e+07
660.746	  4.42382e+07
661.033	  4.42132e+07
661.32	  4.41882e+07
661.607	  4.41632e+07
661.894	  4.41382e+07
662.181	  4.41132e+07
662.468	  4.40882e+07
662.755	  4.40632e+07
663.042	  4.40382e+07
663.329	  4.40132e+07
663.616	  4.39882e+07
663.903	  4.39632e+07
664.19	  4.39382e+07
664.477	  4.39132e+07
664.764	  4.38882e+07
665.051	  4.38632e+07
665.338	  4.38383e+07
665.625	  4.38133e+07
665.912	  4.37883e+07
666.199	  4.37633e+07
666.486	  4.37383e+07
666.773	  4.37134e+07
667.06	  4.36884e+07
667.347	  4.36634e+07
667.634	  4.36385e+07
667.921	  4.36135e+07
668.208	  4.35885e+07
668.495	  4.35636e+07
668.782	  4.35386e+07
669.069	  4.35137e+07
669.356	  4.34887e+07
669.643	  4.34638e+07
669.93	  4.34388e+07
670.217	  4.34139e+07
670.504	  4.33889e+07
670.791	  4.3364e+07
671.078	  4.33391e+07
671.365	  4.33141e+07
671.652	  4.32892e+07
671.939	  4.32643e+07
672.226	  4.32394e+07
672.513	  4.32144e+07
672.8	  4.31895e+07
673.087	  4.31646e+07
673.374	  4.31397e+07
673.661	  4.31148e+07
673.948	  4.30899e+07
674.235	  4.3065e+07
674.522	  4.30401e+07
674.809	  4.30152e+07
675.096	  4.29903e+07
675.383	  4.29654e+07
675.67	  4.29405e+07
675.957	  4.29157e+07
676.244	  4.28908e+07
676.531	  4.28659e+07
676.818	  4.2841e+07
677.105	  4.28162e+07
677.392	  4.27913e+07
677.679	  4.27664e+07
677.966	  4.27416e+07
678.253	  4.27167e+07
678.54	  4.26919e+07
678.827	  4.2667e+07
679.114	  4.26422e+07
679.401	  4.26174e+07
679.688	  4.25925e+07
679.975	  4.25677e+07
680.262	  4.25429e+07
680.549	  4.25181e+07
680.836	  4.24932e+07
681.123	  4.24684e+07
681.41	  4.24436e+07
681.697	  4.24188e+07
681.984	  4.2394e+07
682.271	  4.23692e+07
682.558	  4.23444e+07
682.845	  4.23196e+07
683.132	  4.22949e+07
683.419	  4.22701e+07
683.706	  4.22453e+07
683.993	  4.22205e+07
684.28	  4.21958e+07
684.567	  4.2171e+07
684.854	  4.21463e+07
685.141	  4.21215e+07
685.428	  4.20968e+07
685.715	  4.2072e+07
686.002	  4.20473e+07
686.289	  4.20226e+07
686.576	  4.19978e+07
686.863	  4.19731e+07
687.15	  4.19484e+07
687.437	  4.19237e+07
687.724	  4.1899e+07
688.011	  4.18743e+07
688.298	  4.18496e+07
688.585	  4.18249e+07
688.872	  4.18002e+07
689.159	  4.17755e+07
689.446	  4.17508e+07
689.733	  4.17262e+07
690.02	  4.17015e+07
690.307	  4.16768e+07
690.594	  4.16522e+07
690.881	  4.16275e+07
691.168	  4.16029e+07
691.455	  4.15782e+07
691.742	  4.15536e+07
692.029	  4.1529e+07
692.316	  4.15043e+07
692.603	  4.14797e+07
692.89	  4.14551e+07
693.177	  4.14305e+07
693.464	  4.14059e+07
693.751	  4.13813e+07
694.038	  4.13567e+07
694.325	  4.13321e+07
694.612	  4.13075e+07
694.899	  4.1283e+07
695.186	  4.12584e+07
695.473	  4.12338e+07
695.76	  4.12093e+07
696.047	  4.11847e+07
696.334	  4.11602e+07
696.621	  4.11356e+07
696.908	  4.11111e+07
697.195	  4.10866e+07
697.482	  4.10621e+07
697.769	  4.10375e+07
698.056	  4.1013e+07
698.343	  4.09885e+07
698.63	  4.0964e+07
698.917	  4.09395e+07
699.204	  4.09151e+07
699.491	  4.08906e+07
699.778	  4.08661e+07
700.065	  4.08416e+07
700.352	  4.08172e+07
700.639	  4.07927e+07
700.926	  4.07683e+07
701.213	  4.07438e+07
701.5	  4.07194e+07
701.787	  4.0695e+07
702.074	  4.06705e+07
702.361	  4.06461e+07
702.648	  4.06217e+07
702.935	  4.05973e+07
703.222	  4.05729e+07
703.509	  4.05485e+07
703.796	  4.05242e+07
704.083	  4.04998e+07
704.37	  4.04754e+07
704.657	  4.0451e+07
704.944	  4.04267e+07
705.231	  4.04023e+07
705.518	  4.0378e+07
705.805	  4.03537e+07
706.092	  4.03293e+07
706.379	  4.0305e+07
706.666	  4.02807e+07
706.953	  4.02564e+07
707.24	  4.02321e+07
707.527	  4.02078e+07
707.814	  4.01835e+07
708.101	  4.01592e+07
708.388	  4.01349e+07
708.675	  4.01107e+07
708.962	  4.00864e+07
709.249	  4.00621e+07
709.536	  4.00379e+07
709.823	  4.00137e+07
710.11	  3.99894e+07
710.397	  3.99652e+07
710.684	  3.9941e+07
710.971	  3.99168e+07
711.258	  3.98926e+07
711.545	  3.98684e+07
711.832	  3.98442e+07
712.119	  3.982e+07
712.406	  3.97958e+07
712.693	  3.97717e+07
712.98	  3.97475e+07
713.267	  3.97234e+07
713.554	  3.96992e+07
713.841	  3.96751e+07
714.128	  3.96509e+07
714.415	  3.96268e+07
714.702	  3.96027e+07
714.989	  3.95786e+07
715.276	  3.95545e+07
715.563	  3.95304e+07
715.85	  3.95063e+07
716.137	  3.94822e+07
716.424	  3.94582e+07
716.711	  3.94341e+07
716.998	  3.94101e+07
717.285	  3.9386e+07
717.572	  3.9362e+07
717.859	  3.93379e+07
718.146	  3.93139e+07
718.433	  3.92899e+07
718.72	  3.92659e+07
719.007	  3.92419e+07
719.294	  3.92179e+07
719.581	  3.91939e+07
719.868	  3.91699e+07
720.155	  3.9146e+07
720.442	  3.9122e+07
720.729	  3.90981e+07
721.016	  3.90741e+07
721.303	  3.90502e+07
721.59	  3.90263e+07
721.877	  3.90023e+07
722.164	  3.89784e+07
722.451	  3.89545e+07
722.738	  3.89306e+07
723.025	  3.89067e+07
723.312	  3.88829e+07
723.599	  3.8859e+07
723.886	  3.88351e+07
724.173	  3.88113e+07
724.46	  3.87874e+07
724.747	  3.87636e+07
725.034	  3.87398e+07
725.321	  3.87159e+07
725.608	  3.86921e+07
725.895	  3.86683e+07
726.182	  3.86445e+07
726.469	  3.86207e+07
726.756	  3.8597e+07
727.043	  3.85732e+07
727.33	  3.85494e+07
727.617	  3.85257e+07
727.904	  3.85019e+07
728.191	  3.84782e+07
728.478	  3.84545e+07
728.765	  3.84307e+07
729.052	  3.8407e+07
729.339	  3.83833e+07
729.626	  3.83596e+07
729.913	  3.83359e+07
730.2	  3.83123e+07
730.487	  3.82886e+07
730.774	  3.82649e+07
731.061	  3.82413e+07
731.348	  3.82176e+07
731.635	  3.8194e+07
731.922	  3.81704e+07
732.209	  3.81468e+07
732.496	  3.81232e+07
732.783	  3.80996e+07
733.07	  3.8076e+07
733.357	  3.80524e+07
733.644	  3.80288e+07
733.931	  3.80053e+07
734.218	  3.79817e+07
734.505	  3.79582e+07
734.792	  3.79346e+07
735.079	  3.79111e+07
735.366	  3.78876e+07
735.653	  3.78641e+07
735.94	  3.78406e+07
736.227	  3.78171e+07
736.514	  3.77936e+07
736.801	  3.77701e+07
737.088	  3.77466e+07
737.375	  3.77232e+07
737.662	  3.76997e+07
737.949	  3.76763e+07
738.236	  3.76529e+07
738.523	  3.76295e+07
738.81	  3.7606e+07
739.097	  3.75826e+07
739.384	  3.75593e+07
739.671	  3.75359e+07
739.958	  3.75125e+07
740.245	  3.74891e+07
740.532	  3.74658e+07
740.819	  3.74424e+07
741.106	  3.74191e+07
741.393	  3.73958e+07
741.68	  3.73725e+07
741.967	  3.73491e+07
742.254	  3.73258e+07
742.541	  3.73026e+07
742.828	  3.72793e+07
743.115	  3.7256e+07
743.402	  3.72327e+07
743.689	  3.72095e+07
743.976	  3.71862e+07
744.263	  3.7163e+07
744.55	  3.71398e+07
744.837	  3.71166e+07
745.124	  3.70934e+07
745.411	  3.70702e+07
745.698	  3.7047e+07
745.985	  3.70238e+07
746.272	  3.70006e+07
746.559	  3.69775e+07
746.846	  3.69543e+07
747.133	  3.69312e+07
747.42	  3.69081e+07
747.707	  3.6885e+07
747.994	  3.68618e+07
748.281	  3.68387e+07
748.568	  3.68157e+07
748.855	  3.67926e+07
749.142	  3.67695e+07
749.429	  3.67464e+07
749.716	  3.67234e+07
750.003	  3.67003e+07
750.29	  3.66773e+07
750.577	  3.66543e+07
750.864	  3.66313e+07
751.151	  3.66083e+07
751.438	  3.65853e+07
751.725	  3.65623e+07
752.012	  3.65393e+07
752.299	  3.65164e+07
752.586	  3.64934e+07
752.873	  3.64705e+07
753.16	  3.64475e+07
753.447	  3.64246e+07
753.734	  3.64017e+07
754.021	  3.63788e+07
754.308	  3.63559e+07
754.595	  3.6333e+07
754.882	  3.63101e+07
755.169	  3.62873e+07
755.456	  3.62644e+07
755.743	  3.62416e+07
756.03	  3.62187e+07
756.317	  3.61959e+07
756.604	  3.61731e+07
756.891	  3.61503e+07
757.178	  3.61275e+07
757.465	  3.61047e+07
757.752	  3.60819e+07
758.039	  3.60592e+07
758.326	  3.60364e+07
758.613	  3.60137e+07
758.9	  3.5991e+07
759.187	  3.59682e+07
759.474	  3.59455e+07
759.761	  3.59228e+07
760.048	  3.59001e+07
760.335	  3.58774e+07
760.622	  3.58548e+07
760.909	  3.58321e+07
761.196	  3.58094e+07
761.483	  3.57868e+07
761.77	  3.57642e+07
762.057	  3.57415e+07
762.344	  3.57189e+07
762.631	  3.56963e+07
762.918	  3.56737e+07
763.205	  3.56512e+07
763.492	  3.56286e+07
763.779	  3.5606e+07
764.066	  3.55835e+07
764.353	  3.55609e+07
764.64	  3.55384e+07
764.927	  3.55159e+07
765.214	  3.54934e+07
765.501	  3.54709e+07
765.788	  3.54484e+07
766.075	  3.54259e+07
766.362	  3.54035e+07
766.649	  3.5381e+07
766.936	  3.53586e+07
767.223	  3.53361e+07
767.51	  3.53137e+07
767.797	  3.52913e+07
768.084	  3.52689e+07
768.371	  3.52465e+07
768.658	  3.52241e+07
768.945	  3.52017e+07
769.232	  3.51794e+07
769.519	  3.5157e+07
769.806	  3.51347e+07
770.093	  3.51123e+07
770.38	  3.509e+07
770.667	  3.50677e+07
770.954	  3.50454e+07
771.241	  3.50231e+07
771.528	  3.50008e+07
771.815	  3.49786e+07
772.102	  3.49563e+07
772.389	  3.49341e+07
772.676	  3.49118e+07
772.963	  3.48896e+07
773.25	  3.48674e+07
773.537	  3.48452e+07
773.824	  3.4823e+07
774.111	  3.48008e+07
774.398	  3.47786e+07
774.685	  3.47565e+07
774.972	  3.47343e+07
775.259	  3.47122e+07
775.546	  3.469e+07
775.833	  3.46679e+07
776.12	  3.46458e+07
776.407	  3.46237e+07
776.694	  3.46016e+07
776.981	  3.45796e+07
777.268	  3.45575e+07
777.555	  3.45354e+07
777.842	  3.45134e+07
778.129	  3.44914e+07
778.416	  3.44693e+07
778.703	  3.44473e+07
778.99	  3.44253e+07
779.277	  3.44033e+07
779.564	  3.43814e+07
779.851	  3.43594e+07
780.138	  3.43374e+07
780.425	  3.43155e+07
780.712	  3.42935e+07
780.999	  3.42716e+07
781.286	  3.42497e+07
781.573	  3.42278e+07
781.86	  3.42059e+07
782.147	  3.4184e+07
782.434	  3.41622e+07
782.721	  3.41403e+07
783.008	  3.41185e+07
783.295	  3.40966e+07
783.582	  3.40748e+07
783.869	  3.4053e+07
784.156	  3.40312e+07
784.443	  3.40094e+07
784.73	  3.39876e+07
785.017	  3.39658e+07
785.304	  3.3944e+07
785.591	  3.39223e+07
785.878	  3.39006e+07
786.165	  3.38788e+07
786.452	  3.38571e+07
786.739	  3.38354e+07
787.026	  3.38137e+07
787.313	  3.3792e+07
787.6	  3.37703e+07
787.887	  3.37487e+07
788.174	  3.3727e+07
788.461	  3.37054e+07
788.748	  3.36838e+07
789.035	  3.36621e+07
789.322	  3.36405e+07
789.609	  3.36189e+07
789.896	  3.35973e+07
790.183	  3.35758e+07
790.47	  3.35542e+07
790.757	  3.35327e+07
791.044	  3.35111e+07
791.331	  3.34896e+07
791.618	  3.34681e+07
791.905	  3.34466e+07
792.192	  3.34251e+07
792.479	  3.34036e+07
792.766	  3.33821e+07
793.053	  3.33606e+07
793.34	  3.33392e+07
793.627	  3.33177e+07
793.914	  3.32963e+07
794.201	  3.32749e+07
794.488	  3.32535e+07
794.775	  3.32321e+07
795.062	  3.32107e+07
795.349	  3.31893e+07
795.636	  3.3168e+07
795.923	  3.31466e+07
796.21	  3.31253e+07
796.497	  3.31039e+07
796.784	  3.30826e+07
797.071	  3.30613e+07
797.358	  3.304e+07
797.645	  3.30187e+07
797.932	  3.29974e+07
798.219	  3.29762e+07
798.506	  3.29549e+07
798.793	  3.29337e+07
799.08	  3.29125e+07
799.367	  3.28912e+07
799.654	  3.287e+07
799.941	  3.28488e+07
800.228	  3.28276e+07
800.515	  3.28065e+07
800.802	  3.27853e+07
801.089	  3.27642e+07
801.376	  3.2743e+07
801.663	  3.27219e+07
801.95	  3.27008e+07
802.237	  3.26797e+07
802.524	  3.26586e+07
802.811	  3.26375e+07
803.098	  3.26164e+07
803.385	  3.25954e+07
803.672	  3.25743e+07
803.959	  3.25533e+07
804.246	  3.25322e+07
804.533	  3.25112e+07
804.82	  3.24902e+07
805.107	  3.24692e+07
805.394	  3.24482e+07
805.681	  3.24273e+07
805.968	  3.24063e+07
806.255	  3.23854e+07
806.542	  3.23644e+07
806.829	  3.23435e+07
807.116	  3.23226e+07
807.403	  3.23017e+07
807.69	  3.22808e+07
807.977	  3.22599e+07
808.264	  3.2239e+07
808.551	  3.22182e+07
808.838	  3.21973e+07
809.125	  3.21765e+07
809.412	  3.21557e+07
809.699	  3.21349e+07
809.986	  3.21141e+07
810.273	  3.20933e+07
810.56	  3.20725e+07
810.847	  3.20517e+07
811.134	  3.2031e+07
811.421	  3.20102e+07
811.708	  3.19895e+07
811.995	  3.19688e+07
812.282	  3.19481e+07
812.569	  3.19274e+07
812.856	  3.19067e+07
813.143	  3.1886e+07
813.43	  3.18653e+07
813.717	  3.18447e+07
814.004	  3.1824e+07
814.291	  3.18034e+07
814.578	  3.17828e+07
814.865	  3.17622e+07
815.152	  3.17416e+07
815.439	  3.1721e+07
815.726	  3.17004e+07
816.013	  3.16799e+07
816.3	  3.16593e+07
816.587	  3.16388e+07
816.874	  3.16183e+07
817.161	  3.15977e+07
817.448	  3.15772e+07
817.735	  3.15567e+07
818.022	  3.15363e+07
818.309	  3.15158e+07
818.596	  3.14953e+07
818.883	  3.14749e+07
819.17	  3.14544e+07
819.457	  3.1434e+07
820.002	  3.13952e+07
820.031	  3.13932e+07
820.059	  3.13912e+07
820.088	  3.13891e+07
820.117	  3.13871e+07
820.146	  3.1385e+07
820.174	  3.1383e+07
820.203	  3.1381e+07
820.232	  3.13789e+07
820.26	  3.13769e+07
820.289	  3.13749e+07
820.318	  3.13728e+07
820.346	  3.13708e+07
820.375	  3.13687e+07
820.404	  3.13667e+07
820.433	  3.13647e+07
820.461	  3.13626e+07
820.49	  3.13606e+07
820.519	  3.13585e+07
820.547	  3.13565e+07
820.576	  3.13545e+07
820.605	  3.13524e+07
820.633	  2.40642e+07
820.662	  2.40624e+07
820.691	  2.40607e+07
820.72	  2.40589e+07
820.748	  2.40572e+07
820.777	  2.40554e+07
820.806	  2.40537e+07
820.834	  2.4052e+07
820.863	  2.40502e+07
820.892	  2.40485e+07
820.92	  2.40467e+07
820.949	  2.4045e+07
820.978	  2.40433e+07
821.007	  2.40415e+07
821.035	  2.40398e+07
821.064	  2.4038e+07
821.093	  2.40363e+07
821.121	  2.40346e+07
821.15	  2.40328e+07
821.179	  2.40311e+07
821.207	  2.40293e+07
821.236	  2.40276e+07
821.265	  2.40259e+07
821.294	  2.40241e+07
821.322	  2.40224e+07
821.351	  2.40207e+07
821.38	  2.40189e+07
821.408	  2.40172e+07
821.437	  2.40154e+07
821.466	  2.40137e+07
821.494	  2.4012e+07
821.523	  2.40102e+07
821.552	  2.40085e+07
821.581	  2.40068e+07
821.609	  2.4005e+07
821.638	  2.40033e+07
821.667	  2.40015e+07
821.695	  2.39998e+07
821.724	  2.39981e+07
821.753	  2.39963e+07
821.781	  2.39946e+07
821.81	  2.39929e+07
821.839	  2.39911e+07
821.868	  2.39894e+07
821.896	  2.39876e+07
821.925	  2.39859e+07
821.954	  2.39842e+07
821.982	  2.39824e+07
822.011	  2.39807e+07
822.011	  2.39807e+07
822.298	  2.39634e+07
822.585	  2.3946e+07
822.872	  2.39287e+07
823.159	  2.39114e+07
823.446	  2.38941e+07
823.733	  2.38768e+07
824.02	  2.38595e+07
824.307	  2.38423e+07
824.594	  2.3825e+07
824.881	  2.38078e+07
825.168	  2.37905e+07
825.455	  2.37733e+07
825.742	  2.37561e+07
826.029	  2.37389e+07
826.316	  2.37217e+07
826.603	  2.37046e+07
826.89	  2.36874e+07
827.177	  2.36703e+07
827.464	  2.36531e+07
827.751	  2.3636e+07
828.038	  2.36189e+07
828.325	  2.36018e+07
828.612	  2.35847e+07
828.899	  2.35677e+07
829.186	  2.35506e+07
829.473	  2.35336e+07
829.76	  2.35165e+07
830.047	  2.34995e+07
830.334	  2.34825e+07
830.621	  2.34655e+07
830.908	  2.34485e+07
831.195	  2.34315e+07
831.482	  2.34146e+07
831.769	  2.33976e+07
832.056	  2.33807e+07
832.343	  2.33638e+07
832.63	  2.33468e+07
832.917	  2.33299e+07
833.204	  2.33131e+07
833.491	  2.32962e+07
833.778	  2.32793e+07
834.065	  2.32625e+07
834.352	  2.32456e+07
834.639	  2.32288e+07
834.926	  2.3212e+07
835.213	  2.31952e+07
835.5	  2.31784e+07
835.787	  2.31616e+07
836.074	  2.31448e+07
836.361	  2.31281e+07
836.648	  2.31113e+07
836.935	  2.30946e+07
837.222	  2.30779e+07
837.509	  2.30611e+07
837.796	  2.30444e+07
838.083	  2.30278e+07
838.37	  2.30111e+07
838.657	  2.29944e+07
838.944	  2.29778e+07
839.231	  2.29611e+07
839.518	  2.29445e+07
839.805	  2.29279e+07
840.092	  2.29113e+07
840.379	  2.28947e+07
840.666	  2.28781e+07
840.953	  2.28616e+07
841.24	  2.2845e+07
841.527	  2.28285e+07
841.814	  2.28119e+07
842.101	  2.27954e+07
842.388	  2.27789e+07
842.675	  2.27624e+07
842.962	  2.27459e+07
843.249	  2.27295e+07
843.536	  2.2713e+07
843.823	  2.26966e+07
844.11	  2.26801e+07
844.397	  2.26637e+07
844.684	  2.26473e+07
844.971	  2.26309e+07
845.258	  2.26145e+07
845.545	  2.25981e+07
845.832	  2.25818e+07
846.119	  2.25654e+07
846.406	  2.25491e+07
846.693	  2.25327e+07
846.98	  2.25164e+07
847.267	  2.25001e+07
847.554	  2.24838e+07
847.841	  2.24675e+07
848.128	  2.24513e+07
848.415	  2.2435e+07
848.702	  2.24188e+07
848.989	  2.24025e+07
849.276	  2.23863e+07
849.563	  2.23701e+07
849.85	  2.23539e+07
850.137	  2.23377e+07
850.424	  2.23215e+07
850.711	  2.23054e+07
850.998	  2.22892e+07
851.285	  2.22731e+07
851.572	  2.2257e+07
851.859	  2.22409e+07
852.146	  2.22247e+07
852.433	  2.22087e+07
852.72	  2.21926e+07
853.007	  2.21765e+07
853.294	  2.21605e+07
853.581	  2.21444e+07
853.868	  2.21284e+07
854.155	  2.21124e+07
854.442	  2.20963e+07
854.729	  2.20803e+07
855.016	  2.20644e+07
855.303	  2.20484e+07
855.59	  2.20324e+07
855.877	  2.20165e+07
856.164	  2.20005e+07
856.451	  2.19846e+07
856.738	  2.19687e+07
857.025	  2.19528e+07
857.312	  2.19369e+07
857.599	  2.1921e+07
857.886	  2.19051e+07
858.173	  2.18893e+07
858.46	  2.18734e+07
858.747	  2.18576e+07
859.034	  2.18418e+07
859.321	  2.1826e+07
859.608	  2.18102e+07
859.895	  2.17944e+07
860.182	  2.17786e+07
860.469	  2.17629e+07
860.756	  2.17471e+07
861.043	  2.17314e+07
861.33	  2.17156e+07
861.617	  2.16999e+07
861.904	  2.16842e+07
862.191	  2.16685e+07
862.478	  2.16528e+07
862.765	  2.16372e+07
863.052	  2.16215e+07
863.339	  2.16059e+07
863.626	  2.15902e+07
863.913	  2.15746e+07
864.2	  2.1559e+07
864.487	  2.15434e+07
864.774	  2.15278e+07
865.061	  2.15122e+07
865.348	  2.14967e+07
865.635	  2.14811e+07
865.922	  2.14656e+07
866.209	  2.145e+07
866.496	  2.14345e+07
866.783	  2.1419e+07
867.07	  2.14035e+07
867.357	  2.1388e+07
867.644	  2.13726e+07
867.931	  2.13571e+07
868.218	  2.13416e+07
868.505	  2.13262e+07
868.792	  2.13108e+07
869.079	  2.12954e+07
869.366	  2.128e+07
869.653	  2.12646e+07
869.94	  2.12492e+07
870.227	  2.12338e+07
870.514	  2.12185e+07
870.801	  2.12031e+07
871.088	  2.11878e+07
871.375	  2.11725e+07
871.662	  2.11571e+07
871.949	  2.11418e+07
872.236	  2.11265e+07
872.523	  2.11113e+07
872.81	  2.1096e+07
873.097	  2.10808e+07
873.384	  2.10655e+07
873.671	  2.10503e+07
873.958	  2.10351e+07
874.245	  2.10198e+07
874.532	  2.10046e+07
874.819	  2.09895e+07
875.106	  2.09743e+07
875.393	  2.09591e+07
875.68	  2.0944e+07
875.967	  2.09288e+07
876.254	  2.09137e+07
876.541	  2.08986e+07
876.828	  2.08835e+07
877.115	  2.08684e+07
877.402	  2.08533e+07
877.689	  2.08382e+07
877.976	  2.08232e+07
878.263	  2.08081e+07
878.55	  2.07931e+07
878.837	  2.07781e+07
879.124	  2.0763e+07
879.411	  2.0748e+07
879.698	  2.0733e+07
879.985	  2.07181e+07
880.272	  2.07031e+07
880.559	  2.06881e+07
880.846	  2.06732e+07
881.133	  2.06582e+07
881.42	  2.06433e+07
881.707	  2.06284e+07
881.994	  2.06135e+07
882.281	  2.05986e+07
882.568	  2.05837e+07
882.855	  2.05689e+07
883.142	  2.0554e+07
883.429	  2.05392e+07
883.716	  2.05243e+07
884.003	  2.05095e+07
884.29	  2.04947e+07
884.577	  2.04799e+07
884.864	  2.04651e+07
885.151	  2.04503e+07
885.438	  2.04356e+07
885.725	  2.04208e+07
886.012	  2.04061e+07
886.299	  2.03913e+07
886.586	  2.03766e+07
886.873	  2.03619e+07
887.16	  2.03472e+07
887.447	  2.03325e+07
887.734	  2.03178e+07
888.021	  2.03032e+07
888.308	  2.02885e+07
888.595	  2.02739e+07
888.882	  2.02592e+07
889.169	  2.02446e+07
889.456	  2.023e+07
889.743	  2.02154e+07
890.03	  2.02008e+07
890.317	  2.01862e+07
890.604	  2.01717e+07
890.891	  2.01571e+07
891.178	  2.01426e+07
891.465	  2.0128e+07
891.752	  2.01135e+07
892.039	  2.0099e+07
892.326	  2.00845e+07
892.613	  2.007e+07
892.9	  2.00555e+07
893.187	  2.00411e+07
893.474	  2.00266e+07
893.761	  2.00122e+07
894.048	  1.99977e+07
894.335	  1.99833e+07
894.622	  1.99689e+07
894.909	  1.99545e+07
895.196	  1.99401e+07
895.483	  1.99257e+07
895.77	  1.99114e+07
896.057	  1.9897e+07
896.344	  1.98827e+07
896.631	  1.98683e+07
896.918	  1.9854e+07
897.205	  1.98397e+07
897.492	  1.98254e+07
897.779	  1.98111e+07
898.066	  1.97968e+07
898.353	  1.97826e+07
898.64	  1.97683e+07
898.927	  1.97541e+07
899.214	  1.97398e+07
899.501	  1.97256e+07
899.788	  1.97114e+07
900.075	  1.96972e+07
900.362	  1.9683e+07
900.649	  1.96688e+07
900.936	  1.96547e+07
901.223	  1.96405e+07
901.51	  1.96263e+07
901.797	  1.96122e+07
902.084	  1.95981e+07
902.371	  1.9584e+07
902.658	  1.95699e+07
902.945	  1.95558e+07
903.232	  1.95417e+07
903.519	  1.95276e+07
903.806	  1.95136e+07
904.093	  1.94995e+07
904.38	  1.94855e+07
904.667	  1.94714e+07
904.954	  1.94574e+07
905.241	  1.94434e+07
905.528	  1.94294e+07
905.815	  1.94154e+07
906.102	  1.94015e+07
906.389	  1.93875e+07
906.676	  1.93735e+07
906.963	  1.93596e+07
907.25	  1.93457e+07
907.537	  1.93318e+07
907.824	  1.93178e+07
908.111	  1.93039e+07
908.398	  1.92901e+07
908.685	  1.92762e+07
908.972	  1.92623e+07
909.259	  1.92485e+07
909.546	  1.92346e+07
909.833	  1.92208e+07
910.12	  1.9207e+07
910.407	  1.91932e+07
910.694	  1.91794e+07
910.981	  1.91656e+07
911.268	  1.91518e+07
911.555	  1.9138e+07
911.842	  1.91243e+07
912.129	  1.91105e+07
912.416	  1.90968e+07
912.703	  1.9083e+07
912.99	  1.90693e+07
913.277	  1.90556e+07
913.564	  1.90419e+07
913.851	  1.90282e+07
914.138	  1.90146e+07
914.425	  1.90009e+07
914.712	  1.89872e+07
914.999	  1.89736e+07
915.286	  1.896e+07
915.573	  1.89464e+07
915.86	  1.89327e+07
916.147	  1.89191e+07
916.434	  1.89056e+07
916.721	  1.8892e+07
917.008	  1.88784e+07
917.295	  1.88649e+07
917.582	  1.88513e+07
917.869	  1.88378e+07
918.156	  1.88243e+07
918.443	  1.88107e+07
918.73	  1.87972e+07
919.017	  1.87837e+07
919.304	  1.87703e+07
919.591	  1.87568e+07
919.878	  1.87433e+07
920.165	  1.87299e+07
920.452	  1.87164e+07
920.739	  1.8703e+07
921.026	  1.86896e+07
921.313	  1.86762e+07
921.6	  1.86628e+07
921.887	  1.86494e+07
922.174	  1.8636e+07
922.461	  1.86226e+07
922.748	  1.86093e+07
923.035	  1.85959e+07
923.322	  1.85826e+07
923.609	  1.85693e+07
923.896	  1.8556e+07
924.183	  1.85427e+07
924.47	  1.85294e+07
924.757	  1.85161e+07
925.044	  1.85028e+07
925.331	  1.84895e+07
925.618	  1.84763e+07
925.905	  1.8463e+07
926.192	  1.84498e+07
926.479	  1.84366e+07
926.766	  1.84234e+07
927.053	  1.84102e+07
927.34	  1.8397e+07
927.627	  1.83838e+07
927.914	  1.83706e+07
928.201	  1.83575e+07
928.488	  1.83443e+07
928.775	  1.83312e+07
929.062	  1.83181e+07
929.349	  1.83049e+07
929.636	  1.82918e+07
929.923	  1.82787e+07
930.21	  1.82656e+07
930.497	  1.82526e+07
930.784	  1.82395e+07
931.071	  1.82264e+07
931.358	  1.82134e+07
931.645	  1.82004e+07
931.932	  1.81873e+07
932.219	  1.81743e+07
932.506	  1.81613e+07
932.793	  1.81483e+07
933.08	  1.81353e+07
933.367	  1.81224e+07
933.654	  1.81094e+07
933.941	  1.80964e+07
934.228	  1.80835e+07
934.515	  1.80706e+07
934.802	  1.80576e+07
935.089	  1.80447e+07
935.376	  1.80318e+07
935.663	  1.80189e+07
935.95	  1.80061e+07
936.237	  1.79932e+07
936.524	  1.79803e+07
936.811	  1.79675e+07
937.098	  1.79546e+07
937.385	  1.79418e+07
937.672	  1.7929e+07
937.959	  1.79162e+07
938.246	  1.79034e+07
938.533	  1.78906e+07
938.82	  1.78778e+07
939.107	  1.7865e+07
939.394	  1.78523e+07
939.681	  1.78395e+07
939.968	  1.78268e+07
940.255	  1.7814e+07
940.542	  1.78013e+07
940.829	  1.77886e+07
941.116	  1.77759e+07
941.403	  1.77632e+07
941.69	  1.77505e+07
941.977	  1.77379e+07
942.264	  1.77252e+07
942.551	  1.77125e+07
942.838	  1.76999e+07
943.125	  1.76873e+07
943.412	  1.76747e+07
943.699	  1.7662e+07
943.986	  1.76494e+07
944.273	  1.76369e+07
944.56	  1.76243e+07
944.847	  1.76117e+07
945.134	  1.75991e+07
945.421	  1.75866e+07
945.708	  1.7574e+07
945.995	  1.75615e+07
946.282	  1.7549e+07
946.569	  1.75365e+07
946.856	  1.7524e+07
947.143	  1.75115e+07
947.43	  1.7499e+07
947.717	  1.74865e+07
948.004	  1.74741e+07
948.291	  1.74616e+07
948.578	  1.74492e+07
948.865	  1.74368e+07
949.152	  1.74243e+07
949.439	  1.74119e+07
949.726	  1.73995e+07
950.013	  1.73871e+07
950.3	  1.73747e+07
950.587	  1.73624e+07
950.874	  1.735e+07
951.161	  1.73377e+07
951.448	  1.73253e+07
951.735	  1.7313e+07
952.022	  1.73007e+07
952.309	  1.72883e+07
952.596	  1.7276e+07
952.883	  1.72637e+07
953.17	  1.72515e+07
953.457	  1.72392e+07
953.744	  1.72269e+07
954.031	  1.72147e+07
954.318	  1.72024e+07
954.605	  1.71902e+07
954.892	  1.7178e+07
955.179	  1.71657e+07
955.466	  1.71535e+07
955.753	  1.71413e+07
956.04	  1.71292e+07
956.327	  1.7117e+07
956.614	  1.71048e+07
956.901	  1.70927e+07
957.188	  1.70805e+07
957.475	  1.70684e+07
957.762	  1.70562e+07
958.049	  1.70441e+07
958.336	  1.7032e+07
958.623	  1.70199e+07
958.91	  1.70078e+07
959.197	  1.69957e+07
959.484	  1.69837e+07
959.771	  1.69716e+07
960.058	  1.69596e+07
960.345	  1.69475e+07
960.632	  1.69355e+07
960.919	  1.69235e+07
961.206	  1.69114e+07
961.493	  1.68994e+07
961.78	  1.68874e+07
962.067	  1.68755e+07
962.354	  1.68635e+07
962.641	  1.68515e+07
962.928	  1.68396e+07
963.215	  1.68276e+07
963.502	  1.68157e+07
963.789	  1.68038e+07
964.076	  1.67918e+07
964.363	  1.67799e+07
964.65	  1.6768e+07
964.937	  1.67561e+07
965.224	  1.67443e+07
965.511	  1.67324e+07
965.798	  1.67205e+07
966.085	  1.67087e+07
966.372	  1.66968e+07
966.659	  1.6685e+07
966.946	  1.66732e+07
967.233	  1.66614e+07
967.52	  1.66496e+07
967.807	  1.66378e+07
968.094	  1.6626e+07
968.381	  1.66142e+07
968.668	  1.66025e+07
968.955	  1.65907e+07
969.242	  1.65789e+07
969.529	  1.65672e+07
969.816	  1.65555e+07
970.103	  1.65438e+07
970.39	  1.65321e+07
970.677	  1.65204e+07
970.964	  1.65087e+07
971.251	  1.6497e+07
971.538	  1.64853e+07
971.825	  1.64736e+07
972.112	  1.6462e+07
972.399	  1.64504e+07
972.686	  1.64387e+07
972.973	  1.64271e+07
973.26	  1.64155e+07
973.547	  1.64039e+07
973.834	  1.63923e+07
974.121	  1.63807e+07
974.408	  1.63691e+07
974.695	  1.63575e+07
974.982	  1.6346e+07
975.269	  1.63344e+07
975.556	  1.63229e+07
975.843	  1.63114e+07
976.13	  1.62998e+07
976.417	  1.62883e+07
976.704	  1.62768e+07
976.991	  1.62653e+07
977.278	  1.62538e+07
977.565	  1.62424e+07
977.852	  1.62309e+07
978.139	  1.62194e+07
978.426	  1.6208e+07
978.713	  1.61965e+07
979	  1.61851e+07
979.287	  1.61737e+07
979.574	  1.61623e+07
979.861	  1.61509e+07
980.148	  1.61395e+07
980.435	  1.61281e+07
980.722	  1.61167e+07
981.009	  1.61054e+07
981.296	  1.6094e+07
981.583	  1.60827e+07
981.87	  1.60713e+07
982.157	  1.606e+07
982.444	  1.60487e+07
982.731	  1.60373e+07
983.018	  1.6026e+07
983.305	  1.60148e+07
983.592	  1.60035e+07
983.879	  1.59922e+07
984.166	  1.59809e+07
984.453	  1.59697e+07
984.74	  1.59584e+07
985.027	  1.59472e+07
985.314	  1.5936e+07
985.601	  1.59247e+07
985.888	  1.59135e+07
986.175	  1.59023e+07
986.462	  1.58911e+07
986.749	  1.58799e+07
987.036	  1.58688e+07
987.323	  1.58576e+07
987.61	  1.58464e+07
987.897	  1.58353e+07
988.184	  1.58242e+07
988.471	  1.5813e+07
988.758	  1.58019e+07
989.045	  1.57908e+07
989.332	  1.57797e+07
989.619	  1.57686e+07
989.906	  1.57575e+07
990.193	  1.57464e+07
990.48	  1.57354e+07
990.767	  1.57243e+07
991.054	  1.57133e+07
991.341	  1.57022e+07
991.628	  1.56912e+07
991.915	  1.56802e+07
992.202	  1.56691e+07
992.489	  1.56581e+07
992.776	  1.56471e+07
993.063	  1.56362e+07
993.35	  1.56252e+07
993.637	  1.56142e+07
993.924	  1.56032e+07
994.211	  1.55923e+07
994.498	  1.55813e+07
994.785	  1.55704e+07
995.072	  1.55595e+07
995.359	  1.55486e+07
995.646	  1.55377e+07
995.933	  1.55268e+07
996.22	  1.55159e+07
996.507	  1.5505e+07
996.794	  1.54941e+07
997.081	  1.54833e+07
997.368	  1.54724e+07
997.655	  1.54616e+07
997.942	  1.54507e+07
998.229	  1.54399e+07
998.516	  1.54291e+07
998.803	  1.54183e+07
999.09	  1.54074e+07
999.377	  1.53967e+07
999.664	  1.53859e+07
999.951	  1.53751e+07
1000.24	  1.53643e+07
1000.52	  1.53536e+07
1000.81	  1.53428e+07
1001.1	  1.53321e+07
1001.39	  1.53213e+07
1001.67	  1.53106e+07
1001.96	  1.52999e+07
1002.25	  1.52892e+07
1002.53	  1.52785e+07
1002.82	  1.52678e+07
1003.11	  1.52571e+07
1003.39	  1.52465e+07
1003.68	  1.52358e+07
1003.97	  1.52251e+07
1004.26	  1.52145e+07
1004.54	  1.52039e+07
1004.83	  1.51932e+07
1005.12	  1.51826e+07
1005.4	  1.5172e+07
1005.69	  1.51614e+07
1005.98	  1.51508e+07
1006.26	  1.51402e+07
1006.55	  1.51296e+07
1006.84	  1.51191e+07
1007.13	  1.51085e+07
1007.41	  1.50979e+07
1007.7	  1.50874e+07
1007.99	  1.50769e+07
1008.27	  1.50663e+07
1008.56	  1.50558e+07
1008.85	  1.50453e+07
1009.13	  1.50348e+07
1009.42	  1.50243e+07
1009.71	  1.50138e+07
1010	  1.50034e+07
1010.28	  1.49929e+07
1010.57	  1.49824e+07
1010.86	  1.4972e+07
1011.14	  1.49616e+07
1011.43	  1.49511e+07
1011.72	  1.49407e+07
1012	  1.49303e+07
1012.29	  1.49199e+07
1012.58	  1.49095e+07
1012.87	  1.48991e+07
1013.15	  1.48887e+07
1013.44	  1.48783e+07
1013.73	  1.4868e+07
1014.01	  1.48576e+07
1014.3	  1.48473e+07
1014.59	  1.48369e+07
1014.88	  1.48266e+07
1015.16	  1.48163e+07
1015.45	  1.48059e+07
1015.74	  1.47956e+07
1016.02	  1.47853e+07
1016.31	  1.47751e+07
1016.6	  1.47648e+07
1016.88	  1.47545e+07
1017.17	  1.47442e+07
1017.46	  1.4734e+07
1017.75	  1.47237e+07
1018.03	  1.47135e+07
1018.32	  1.47033e+07
1018.61	  1.4693e+07
1018.89	  1.46828e+07
1019.18	  1.46726e+07
1019.47	  1.46624e+07
1019.98	  1.46444e+07
1021.08	  1.46054e+07
1022.17	  1.45666e+07
1023.27	  1.45279e+07
1024.38	  1.44893e+07
1025.47	  1.44508e+07
1026.58	  1.44125e+07
1027.67	  1.43743e+07
1028.78	  1.43361e+07
1029.88	  1.42981e+07
1030.97	  1.42603e+07
1032.08	  1.42225e+07
1033.17	  1.41849e+07
1034.28	  1.41474e+07
1035.38	  1.411e+07
1036.47	  1.40727e+07
1037.58	  1.40355e+07
1038.67	  1.39984e+07
1039.78	  1.39615e+07
1040.88	  1.39247e+07
1041.97	  1.3888e+07
1043.08	  1.38514e+07
1044.17	  1.38149e+07
1045.28	  1.37785e+07
1046.38	  1.37423e+07
1047.47	  1.37061e+07
1048.58	  1.36701e+07
1049.67	  1.36342e+07
1050.78	  1.35984e+07
1051.88	  1.35627e+07
1052.97	  1.35271e+07
1054.08	  1.34917e+07
1055.17	  1.34563e+07
1056.28	  1.34211e+07
1057.38	  1.33859e+07
1058.47	  1.33509e+07
1059.58	  1.3316e+07
1060.67	  1.32812e+07
1061.78	  1.32465e+07
1062.88	  1.32119e+07
1063.97	  1.31774e+07
1065.08	  1.3143e+07
1066.17	  1.31088e+07
1067.28	  1.30746e+07
1068.38	  1.30406e+07
1069.47	  1.30066e+07
1070.58	  1.29728e+07
1071.67	  1.29391e+07
1072.78	  1.29054e+07
1073.88	  1.28719e+07
1074.97	  1.28385e+07
1076.08	  1.28052e+07
1077.17	  1.2772e+07
1078.28	  1.27389e+07
1079.38	  1.27059e+07
1080.47	  1.2673e+07
1081.58	  1.26402e+07
1082.67	  1.26075e+07
1083.78	  1.25749e+07
1084.88	  1.25424e+07
1085.97	  1.25101e+07
1087.08	  1.24778e+07
1088.17	  1.24456e+07
1089.28	  1.24135e+07
1090.38	  1.23815e+07
1091.47	  1.23497e+07
1092.58	  1.23179e+07
1093.67	  1.22862e+07
1094.78	  1.22546e+07
1095.88	  1.22231e+07
1096.97	  1.21918e+07
1098.08	  1.21605e+07
1099.17	  1.21293e+07
1100.28	  1.20982e+07
1101.38	  1.20672e+07
1102.47	  1.20363e+07
1103.58	  1.20055e+07
1104.67	  1.19748e+07
1105.78	  1.19442e+07
1106.88	  1.19137e+07
1107.97	  1.18833e+07
1109.08	  1.1853e+07
1110.17	  1.18228e+07
1111.28	  1.17926e+07
1112.38	  1.17626e+07
1113.47	  1.17327e+07
1114.58	  1.17028e+07
1115.67	  1.16731e+07
1116.78	  1.16434e+07
1117.88	  1.16138e+07
1118.97	  1.15844e+07
1120.08	  1.1555e+07
1121.17	  1.15257e+07
1122.28	  1.14965e+07
1123.38	  1.14674e+07
1124.47	  1.14384e+07
1125.58	  1.14095e+07
1126.67	  1.13806e+07
1127.78	  1.13519e+07
1128.88	  1.13232e+07
1129.97	  1.12947e+07
1131.08	  1.12662e+07
1132.17	  1.12378e+07
1133.28	  1.12095e+07
1134.38	  1.11813e+07
1135.47	  1.11532e+07
1136.58	  1.11252e+07
1137.67	  1.10972e+07
1138.78	  1.10694e+07
1139.88	  1.10416e+07
1140.97	  1.10139e+07
1142.08	  1.09863e+07
1143.17	  1.09588e+07
1144.28	  1.09314e+07
1145.38	  1.09041e+07
1146.47	  1.08768e+07
1147.58	  1.08497e+07
1148.67	  1.08226e+07
1149.78	  1.07956e+07
1150.88	  1.07687e+07
1151.97	  1.07419e+07
1153.08	  1.07151e+07
1154.17	  1.06885e+07
1155.28	  1.06619e+07
1156.38	  1.06354e+07
1157.47	  1.0609e+07
1158.58	  1.05827e+07
1159.67	  1.05564e+07
1160.78	  1.05302e+07
1161.88	  1.05042e+07
1162.97	  1.04782e+07
1164.08	  1.04522e+07
1165.17	  1.04264e+07
1166.28	  1.04007e+07
1167.38	  1.0375e+07
1168.47	  1.03494e+07
1169.58	  1.03239e+07
1170.67	  1.02984e+07
1171.78	  1.02731e+07
1172.88	  1.02478e+07
1173.97	  1.02226e+07
1175.08	  1.01975e+07
1176.17	  1.01724e+07
1177.28	  1.01475e+07
1178.38	  1.01226e+07
1179.47	  1.00978e+07
1180.58	  1.0073e+07
1181.67	  1.00484e+07
1182.78	  1.00238e+07
1183.88	  9.99932e+06
1184.97	  9.9749e+06
1186.08	  9.95055e+06
1187.17	  9.92628e+06
1188.28	  9.90208e+06
1189.38	  9.87796e+06
1190.47	  9.85391e+06
1191.58	  9.82994e+06
1192.67	  9.80605e+06
1193.78	  9.78223e+06
1194.88	  9.75848e+06
1195.97	  9.73481e+06
1197.08	  9.71121e+06
1198.17	  9.68768e+06
1199.28	  9.66423e+06
1200.38	  9.64085e+06
1201.47	  9.61754e+06
1202.58	  9.5943e+06
1203.67	  9.57114e+06
1204.78	  9.54805e+06
1205.88	  9.52503e+06
1206.97	  9.50208e+06
1208.08	  9.47921e+06
1209.17	  9.4564e+06
1210.28	  9.43367e+06
1211.38	  9.411e+06
1212.47	  9.38841e+06
1213.58	  9.36588e+06
1214.67	  9.34343e+06
1215.78	  9.32105e+06
1216.88	  9.29873e+06
1217.97	  9.27649e+06
1219.08	  9.25431e+06
1220.17	  9.2322e+06
1221.28	  9.21017e+06
1222.38	  9.1882e+06
1223.47	  9.16629e+06
1224.58	  9.14446e+06
1225.67	  9.12269e+06
1226.78	  9.10099e+06
1227.88	  9.07936e+06
1228.97	  9.05779e+06
1230.08	  9.0363e+06
1231.17	  9.01486e+06
1232.28	  8.9935e+06
1233.38	  8.9722e+06
1234.47	  8.95096e+06
1235.58	  8.9298e+06
1236.67	  8.90869e+06
1237.78	  8.88766e+06
1238.88	  8.86668e+06
1239.97	  8.84578e+06
1241.08	  8.82493e+06
1242.17	  8.80415e+06
1243.28	  8.78344e+06
1244.38	  8.76279e+06
1245.47	  8.7422e+06
1246.58	  8.72168e+06
1247.67	  8.70122e+06
1248.78	  8.68082e+06
1249.88	  8.66049e+06
1250.97	  8.64022e+06
1252.08	  8.62001e+06
1253.17	  8.59986e+06
1254.28	  8.57978e+06
1255.38	  8.55976e+06
1256.47	  8.5398e+06
1257.58	  8.5199e+06
1258.67	  8.50006e+06
1259.78	  8.48028e+06
1260.88	  8.46057e+06
1261.97	  8.44091e+06
1263.08	  8.42132e+06
1264.17	  8.40178e+06
1265.28	  8.38231e+06
1266.38	  8.36289e+06
1267.47	  8.34354e+06
1268.58	  8.32424e+06
1269.67	  8.30501e+06
1270.78	  8.28583e+06
1271.88	  8.26671e+06
1272.97	  8.24765e+06
1274.08	  8.22865e+06
1275.17	  8.20971e+06
1276.28	  8.19082e+06
1277.38	  8.172e+06
1278.47	  8.15323e+06
1279.58	  8.13452e+06
1280.67	  8.11586e+06
1281.78	  8.09727e+06
1282.88	  8.07873e+06
1283.97	  8.06024e+06
1285.08	  8.04182e+06
1286.17	  8.02345e+06
1287.28	  8.00513e+06
1288.38	  7.98687e+06
1289.47	  7.96867e+06
1290.58	  7.95053e+06
1291.67	  7.93243e+06
1292.78	  7.9144e+06
1293.88	  7.89642e+06
1294.97	  7.87849e+06
1296.08	  7.86062e+06
1297.17	  7.84281e+06
1298.28	  7.82504e+06
1299.38	  7.80734e+06
1300.47	  7.78968e+06
1301.58	  7.77208e+06
1302.67	  7.75454e+06
1303.78	  7.73704e+06
1304.88	  7.71961e+06
1305.97	  7.70222e+06
1307.08	  7.68489e+06
1308.17	  7.66761e+06
1309.28	  7.65038e+06
1310.38	  7.6332e+06
1311.47	  7.61608e+06
1312.58	  7.59901e+06
1313.67	  7.58199e+06
1314.78	  7.56502e+06
1315.88	  7.54811e+06
1316.97	  7.53124e+06
1318.08	  7.51443e+06
1319.17	  7.49767e+06
1320.28	  7.48096e+06
1321.38	  7.4643e+06
1322.47	  7.44769e+06
1323.58	  7.43113e+06
1324.67	  7.41462e+06
1325.78	  7.39816e+06
1326.88	  7.38175e+06
1327.97	  7.36539e+06
1329.08	  7.34908e+06
1330.17	  7.33282e+06
1331.28	  7.31661e+06
1332.38	  7.30045e+06
1333.47	  7.28434e+06
1334.58	  7.26827e+06
1335.67	  7.25226e+06
1336.78	  7.23629e+06
1337.88	  7.22037e+06
1338.97	  7.2045e+06
1340.08	  7.18868e+06
1341.17	  7.1729e+06
1342.28	  7.15717e+06
1343.38	  7.14149e+06
1344.47	  7.12586e+06
1345.58	  7.11028e+06
1346.67	  7.09474e+06
1347.78	  7.07925e+06
1348.88	  7.0638e+06
1349.97	  7.0484e+06
1351.08	  7.03305e+06
1352.17	  7.01774e+06
1353.28	  7.00248e+06
1354.38	  6.98727e+06
1355.47	  6.9721e+06
1356.58	  6.95698e+06
1357.67	  6.9419e+06
1358.78	  6.92687e+06
1359.88	  6.91189e+06
1360.97	  6.89695e+06
1362.08	  6.88205e+06
1363.17	  6.8672e+06
1364.28	  6.85239e+06
1365.38	  6.83763e+06
1366.47	  6.82291e+06
1367.58	  6.80824e+06
1368.67	  6.79361e+06
1369.78	  6.77902e+06
1370.88	  6.76448e+06
1371.97	  6.74998e+06
1373.08	  6.73552e+06
1374.17	  6.72111e+06
1375.28	  6.70674e+06
1376.38	  6.69242e+06
1377.47	  6.67813e+06
1378.58	  6.66389e+06
1379.67	  6.6497e+06
1380.78	  6.63554e+06
1381.88	  6.62143e+06
1382.97	  6.60736e+06
1384.08	  6.59333e+06
1385.17	  6.57934e+06
1386.28	  6.5654e+06
1387.38	  6.55149e+06
1388.47	  6.53763e+06
1389.58	  6.52381e+06
1390.67	  6.51003e+06
1391.78	  6.49629e+06
1392.88	  6.48259e+06
1393.97	  6.46894e+06
1395.08	  6.45532e+06
1396.17	  6.44175e+06
1397.28	  6.42821e+06
1398.38	  6.41472e+06
1399.47	  6.40126e+06
1400.58	  6.38785e+06
1401.67	  6.37447e+06
1402.78	  6.36114e+06
1403.88	  6.34784e+06
1404.97	  6.33459e+06
1406.08	  6.32137e+06
1407.17	  6.30819e+06
1408.28	  6.29505e+06
1409.38	  6.28195e+06
1410.47	  6.26889e+06
1411.58	  6.25587e+06
1412.67	  6.24289e+06
1413.78	  6.22994e+06
1414.88	  6.21704e+06
1415.97	  6.20417e+06
1417.08	  6.19134e+06
1418.17	  6.17855e+06
1419.28	  6.16579e+06
1420.38	  6.15308e+06
1421.47	  6.1404e+06
1422.58	  6.12776e+06
1423.67	  6.11515e+06
1424.78	  6.10258e+06
1425.88	  6.09005e+06
1426.97	  6.07756e+06
1428.08	  6.06511e+06
1429.17	  6.05269e+06
1430.28	  6.0403e+06
1431.38	  6.02796e+06
1432.47	  6.01565e+06
1433.58	  6.00337e+06
1434.67	  5.99114e+06
1435.78	  5.97894e+06
1436.88	  5.96677e+06
1437.97	  5.95464e+06
1439.08	  5.94255e+06
1440.17	  5.93049e+06
1441.28	  5.91847e+06
1442.38	  5.90648e+06
1443.47	  5.89453e+06
1444.58	  5.88261e+06
1445.67	  5.87073e+06
1446.78	  5.85888e+06
1447.88	  5.84707e+06
1448.97	  5.83529e+06
1450.08	  5.82354e+06
1451.17	  5.81184e+06
1452.28	  5.80016e+06
1453.38	  5.78852e+06
1454.47	  5.77691e+06
1455.58	  5.76534e+06
1456.67	  5.7538e+06
1457.78	  5.7423e+06
1458.88	  4.85373e+06
1459.97	  4.84369e+06
1461.08	  4.83367e+06
1462.17	  4.8237e+06
1463.28	  4.81375e+06
1464.38	  4.80384e+06
1465.47	  4.79396e+06
1466.58	  4.78412e+06
1467.67	  4.77431e+06
1468.78	  4.76453e+06
1469.88	  4.75478e+06
1470.97	  4.74507e+06
1472.08	  4.73539e+06
1473.17	  4.72574e+06
1474.28	  4.71613e+06
1475.38	  4.70654e+06
1476.47	  4.69699e+06
1477.58	  4.68747e+06
1478.67	  4.67799e+06
1479.78	  4.66853e+06
1480.88	  4.65911e+06
1481.97	  4.64972e+06
1483.08	  4.64036e+06
1484.17	  4.63103e+06
1485.28	  4.62173e+06
1486.38	  4.61247e+06
1487.47	  4.60324e+06
1488.58	  4.59403e+06
1489.67	  4.58486e+06
1490.78	  4.57572e+06
1491.88	  4.56661e+06
1492.97	  4.55753e+06
1494.08	  4.54849e+06
1495.17	  4.53947e+06
1496.28	  4.53048e+06
1497.38	  4.52153e+06
1498.47	  4.5126e+06
1499.58	  4.5037e+06
1500.67	  4.49484e+06
1501.78	  4.486e+06
1502.88	  4.4772e+06
1503.97	  4.46842e+06
1505.08	  4.45968e+06
1506.17	  4.45096e+06
1507.28	  4.44228e+06
1508.38	  4.43362e+06
1509.47	  4.42499e+06
1510.58	  4.41639e+06
1511.67	  4.40783e+06
1512.78	  4.39929e+06
1513.88	  4.39078e+06
1514.97	  4.3823e+06
1516.08	  4.37385e+06
1517.17	  4.36542e+06
1518.28	  4.35703e+06
1519.38	  4.34866e+06
1520.47	  4.34033e+06
1521.58	  4.33202e+06
1522.67	  4.32374e+06
1523.78	  4.31549e+06
1524.88	  4.30727e+06
1525.97	  4.29907e+06
1527.08	  4.29091e+06
1528.17	  4.28277e+06
1529.28	  4.27466e+06
1530.38	  4.26658e+06
1531.47	  4.25853e+06
1532.58	  4.2505e+06
1533.67	  4.2425e+06
1534.78	  4.23453e+06
1535.88	  4.22659e+06
1536.97	  4.21867e+06
1538.08	  4.21079e+06
1539.17	  4.20293e+06
1540.28	  4.19509e+06
1541.38	  4.18729e+06
1542.47	  4.17951e+06
1543.58	  4.17176e+06
1544.67	  4.16403e+06
1545.78	  4.15634e+06
1546.88	  4.14867e+06
1547.97	  4.14102e+06
1549.08	  4.13341e+06
1550.17	  4.12582e+06
1551.28	  4.11826e+06
1552.38	  4.11072e+06
1553.47	  4.10321e+06
1554.58	  4.09573e+06
1555.67	  4.08827e+06
1556.78	  4.08084e+06
1557.88	  4.07344e+06
1558.97	  4.06606e+06
1560.08	  4.05871e+06
1561.17	  4.05139e+06
1562.28	  4.04409e+06
1563.38	  4.03681e+06
1564.47	  4.02957e+06
1565.58	  4.02235e+06
1566.67	  4.01515e+06
1567.78	  4.00798e+06
1568.88	  4.00084e+06
1569.97	  3.99373e+06
1571.08	  3.98663e+06
1572.17	  3.97957e+06
1573.28	  3.97253e+06
1574.38	  3.96552e+06
1575.47	  3.95853e+06
1576.58	  3.95156e+06
1577.67	  3.94463e+06
1578.78	  3.93772e+06
1579.88	  3.93083e+06
1580.97	  3.92397e+06
1582.08	  3.91713e+06
1583.17	  3.91032e+06
1584.28	  3.90354e+06
1585.38	  3.89678e+06
1586.47	  3.89005e+06
1587.58	  3.88334e+06
1588.67	  3.87666e+06
1589.78	  3.87e+06
1590.88	  3.86337e+06
1591.97	  3.85676e+06
1593.08	  3.85018e+06
1594.17	  3.84362e+06
1595.28	  3.83709e+06
1596.38	  3.83059e+06
1597.47	  3.82411e+06
1598.58	  3.81765e+06
1599.67	  3.81122e+06
1600.78	  3.80482e+06
1601.88	  3.79844e+06
1602.97	  3.79209e+06
1604.08	  3.78576e+06
1605.17	  3.77946e+06
1606.28	  3.77318e+06
1607.38	  3.76693e+06
1608.47	  3.7607e+06
1609.58	  3.7545e+06
1610.67	  3.74833e+06
1611.78	  3.74218e+06
1612.88	  3.73606e+06
1613.97	  3.72996e+06
1615.08	  3.7239e+06
1616.17	  3.71785e+06
1617.28	  3.71184e+06
1618.38	  3.70585e+06
1619.47	  3.69989e+06
1620.58	  3.69395e+06
1621.67	  3.68804e+06
1622.78	  3.68216e+06
1623.88	  3.67631e+06
1624.97	  3.67049e+06
1626.08	  3.66469e+06
1627.17	  3.65893e+06
1628.28	  3.65319e+06
1629.38	  3.64748e+06
1630.47	  3.64181e+06
1631.58	  3.63616e+06
1632.67	  3.63055e+06
1633.78	  3.62497e+06
1634.88	  3.61943e+06
1635.97	  3.61392e+06
1637.08	  3.60846e+06
1638.17	  3.60303e+06
1639.28	  3.59765e+06
1640.38	  3.59232e+06
1641.47	  3.58706e+06
1642.58	  3.5819e+06
1643.67	  3.57678e+06
1644.78	  3.57166e+06
1645.88	  3.56655e+06
1646.97	  3.56144e+06
1648.08	  3.55634e+06
1649.17	  3.55125e+06
1650.28	  3.54617e+06
1651.38	  3.54109e+06
1652.47	  3.53602e+06
1653.58	  3.53096e+06
1654.67	  3.5259e+06
1655.78	  3.52085e+06
1656.88	  3.5158e+06
1657.97	  3.51077e+06
1659.08	  3.50574e+06
1660.17	  3.50071e+06
1661.28	  3.4957e+06
1662.38	  3.49069e+06
1663.47	  3.48568e+06
1664.58	  3.48069e+06
1665.67	  3.4757e+06
1666.78	  3.47071e+06
1667.88	  3.46573e+06
1668.97	  3.46076e+06
1670.08	  3.4558e+06
1671.17	  3.45084e+06
1672.28	  3.44589e+06
1673.38	  3.44095e+06
1674.47	  3.43601e+06
1675.58	  3.43108e+06
1676.67	  3.42616e+06
1677.78	  3.42124e+06
1678.88	  3.41633e+06
1679.97	  3.41143e+06
1681.08	  3.40653e+06
1682.17	  3.40164e+06
1683.28	  3.39676e+06
1684.38	  3.39188e+06
1685.47	  3.38701e+06
1686.58	  3.38215e+06
1687.67	  3.37729e+06
1688.78	  3.37244e+06
1689.88	  3.3676e+06
1690.97	  3.36276e+06
1692.08	  3.35793e+06
1693.17	  3.3531e+06
1694.28	  3.34828e+06
1695.38	  3.34347e+06
1696.47	  3.33867e+06
1697.58	  3.33387e+06
1698.67	  3.32908e+06
1699.78	  3.32429e+06
1700.88	  3.31951e+06
1701.97	  3.31474e+06
1703.08	  3.30997e+06
1704.17	  3.30521e+06
1705.28	  3.30046e+06
1706.38	  3.29572e+06
1707.47	  3.29098e+06
1708.58	  3.28624e+06
1709.67	  3.28151e+06
1710.78	  3.27679e+06
1711.88	  3.27208e+06
1712.97	  3.26737e+06
1714.08	  3.26267e+06
1715.17	  3.25798e+06
1716.28	  3.25329e+06
1717.38	  3.2486e+06
1718.47	  3.24393e+06
1719.58	  3.23926e+06
1720.67	  3.2346e+06
1721.78	  3.22994e+06
1722.88	  3.22529e+06
1723.97	  3.22065e+06
1725.08	  3.21601e+06
1726.17	  3.21138e+06
1727.28	  3.20675e+06
1728.38	  3.20213e+06
1729.47	  3.19752e+06
1730.58	  3.19292e+06
1731.67	  3.18832e+06
1732.78	  3.18372e+06
1733.88	  3.17914e+06
1734.97	  3.17456e+06
1736.08	  3.16998e+06
1737.17	  3.16541e+06
1738.28	  3.16085e+06
1739.38	  3.1563e+06
1740.47	  3.15175e+06
1741.58	  3.14721e+06
1742.67	  3.14267e+06
1743.78	  3.13814e+06
1744.88	  3.13361e+06
1745.97	  3.1291e+06
1747.08	  3.12459e+06
1748.17	  3.12008e+06
1749.28	  3.11558e+06
1750.38	  3.11109e+06
1751.47	  3.1066e+06
1752.58	  3.10212e+06
1753.67	  3.09765e+06
1754.78	  3.09318e+06
1755.88	  3.08872e+06
1756.97	  3.08426e+06
1758.08	  3.07981e+06
1759.17	  3.07537e+06
1760.28	  3.07093e+06
1761.38	  3.0665e+06
1762.47	  3.06207e+06
1763.58	  3.05766e+06
1764.67	  3.05324e+06
1765.78	  3.04884e+06
1766.88	  3.04444e+06
1767.97	  3.04004e+06
1769.08	  3.03565e+06
1770.17	  3.03127e+06
1771.28	  3.0269e+06
1772.38	  3.02253e+06
1773.47	  3.01816e+06
1774.58	  3.0138e+06
1775.67	  3.00945e+06
1776.78	  3.00511e+06
1777.88	  3.00077e+06
1778.97	  2.99643e+06
1780.08	  2.99211e+06
1781.17	  2.98779e+06
1782.28	  2.98347e+06
1783.38	  2.97916e+06
1784.47	  2.97486e+06
1785.58	  2.97056e+06
1786.67	  2.96627e+06
1787.78	  2.96198e+06
1788.88	  2.9577e+06
1789.97	  2.95343e+06
1791.08	  2.94916e+06
1792.17	  2.9449e+06
1793.28	  2.94065e+06
1794.38	  2.9364e+06
1795.47	  2.93215e+06
1796.58	  2.92791e+06
1797.67	  2.92368e+06
1798.78	  2.91946e+06
1799.88	  2.91524e+06
1800.97	  2.91102e+06
1802.08	  2.90682e+06
1803.17	  2.90261e+06
1804.28	  2.89842e+06
1805.38	  2.89423e+06
1806.47	  2.89004e+06
1807.58	  2.88586e+06
1808.67	  2.88169e+06
1809.78	  2.87752e+06
1810.88	  2.87336e+06
1811.97	  2.86921e+06
1813.08	  2.86506e+06
1814.17	  2.86092e+06
1815.28	  2.85678e+06
1816.38	  2.85265e+06
1817.47	  2.84852e+06
1818.58	  2.8444e+06
1819.67	  2.84029e+06
1820.78	  2.83618e+06
1821.88	  2.83207e+06
1822.97	  2.82798e+06
1824.08	  2.82389e+06
1825.17	  2.8198e+06
1826.28	  2.81572e+06
1827.38	  2.81165e+06
1828.47	  2.80758e+06
1829.58	  2.80352e+06
1830.67	  2.79946e+06
1831.78	  2.79541e+06
1832.88	  2.79136e+06
1833.97	  2.78732e+06
1835.08	  2.78329e+06
1836.17	  2.77926e+06
1837.28	  2.77524e+06
1838.38	  2.77122e+06
1839.47	  2.76721e+06
1840.58	  2.76321e+06
1841.67	  2.75921e+06
1842.78	  2.75521e+06
1843.88	  2.75123e+06
1844.97	  2.74724e+06
1846.08	  2.74327e+06
1847.17	  2.7393e+06
1848.28	  2.73533e+06
1849.38	  2.73137e+06
1850.47	  2.72742e+06
1851.58	  2.72347e+06
1852.67	  2.71952e+06
1853.78	  2.71559e+06
1854.88	  2.71165e+06
1855.97	  2.70773e+06
1857.08	  2.70381e+06
1858.17	  2.69989e+06
1859.28	  2.69598e+06
1860.38	  2.69208e+06
1861.47	  2.68818e+06
1862.58	  2.68429e+06
1863.67	  2.6804e+06
1864.78	  2.67652e+06
1865.88	  2.67264e+06
1866.97	  2.66877e+06
1868.08	  2.66491e+06
1869.17	  2.66105e+06
1870.28	  2.65719e+06
1871.38	  2.65334e+06
1872.47	  2.6495e+06
1873.58	  2.64566e+06
1874.67	  2.64183e+06
1875.78	  2.638e+06
1876.88	  2.63418e+06
1877.97	  2.63037e+06
1879.08	  2.62656e+06
1880.17	  2.62275e+06
1881.28	  2.61895e+06
1882.38	  2.61516e+06
1883.47	  2.61137e+06
1884.58	  2.60759e+06
1885.67	  2.60381e+06
1886.78	  2.60004e+06
1887.88	  2.59627e+06
1888.97	  2.59251e+06
1890.08	  2.58875e+06
1891.17	  2.585e+06
1892.28	  2.58126e+06
1893.38	  2.57752e+06
1894.47	  2.57378e+06
1895.58	  2.57005e+06
1896.67	  2.56633e+06
1897.78	  2.56261e+06
1898.88	  2.5589e+06
1899.97	  2.55519e+06
1901.08	  2.55149e+06
1902.17	  2.54779e+06
1903.28	  2.5441e+06
1904.38	  2.54041e+06
1905.47	  2.53673e+06
1906.58	  2.53305e+06
1907.67	  2.52938e+06
1908.78	  2.52572e+06
1909.88	  2.52206e+06
1910.97	  2.5184e+06
1912.08	  2.51475e+06
1913.17	  2.51111e+06
1914.28	  2.50747e+06
1915.38	  2.50383e+06
1916.47	  2.50021e+06
1917.58	  2.49658e+06
1918.67	  2.49296e+06
1919.78	  2.48935e+06
1920.88	  2.48574e+06
1921.97	  2.48214e+06
1923.08	  2.47854e+06
1924.17	  2.47495e+06
1925.28	  2.47136e+06
1926.38	  2.46778e+06
1927.47	  2.46421e+06
1928.58	  2.46063e+06
1929.67	  2.45707e+06
1930.78	  2.45351e+06
1931.88	  2.44995e+06
1932.97	  2.4464e+06
1934.08	  2.44286e+06
1935.17	  2.43931e+06
1936.28	  2.43578e+06
1937.38	  2.43225e+06
1938.47	  2.42872e+06
1939.58	  2.4252e+06
1940.67	  2.42169e+06
1941.78	  2.41818e+06
1942.88	  2.41467e+06
1943.97	  2.41117e+06
1945.08	  2.40768e+06
1946.17	  2.40419e+06
1947.28	  2.40071e+06
1948.38	  2.39723e+06
1949.47	  2.39375e+06
1950.58	  2.39028e+06
1951.67	  2.38682e+06
1952.78	  2.38336e+06
1953.88	  2.37991e+06
1954.97	  2.37646e+06
1956.08	  2.37301e+06
1957.17	  2.36957e+06
1958.28	  2.36614e+06
1959.38	  2.36271e+06
1960.47	  2.35929e+06
1961.58	  2.35587e+06
1962.67	  2.35245e+06
1963.78	  2.34904e+06
1964.88	  2.34564e+06
1965.97	  2.34224e+06
1967.08	  2.33884e+06
1968.17	  2.33546e+06
1969.28	  2.33207e+06
1970.38	  2.32869e+06
1971.47	  2.32532e+06
1972.58	  2.32195e+06
1973.67	  2.31858e+06
1974.78	  2.31522e+06
1975.88	  2.31187e+06
1976.97	  2.30852e+06
1978.08	  2.30517e+06
1979.17	  2.30183e+06
1980.28	  2.2985e+06
1981.38	  2.29517e+06
1982.47	  2.29184e+06
1983.58	  2.28852e+06
1984.67	  2.2852e+06
1985.78	  2.28189e+06
1986.88	  2.27859e+06
1987.97	  2.27528e+06
1989.08	  2.27199e+06
1990.17	  2.2687e+06
1991.28	  2.26541e+06
1992.38	  2.26213e+06
1993.47	  2.25885e+06
1994.58	  2.25558e+06
1995.67	  2.25231e+06
1996.78	  2.24905e+06
1997.88	  2.24579e+06
1998.97	  2.24253e+06
2000.08	  2.23929e+06
2001.17	  2.23604e+06
2002.28	  2.2328e+06
2003.38	  2.22957e+06
2004.47	  2.22634e+06
2005.58	  2.22311e+06
2006.67	  2.21989e+06
2007.78	  2.21668e+06
2008.88	  2.21347e+06
2009.97	  2.21026e+06
2011.08	  2.20706e+06
2012.17	  2.20386e+06
2013.28	  2.20067e+06
2014.38	  2.19748e+06
2015.47	  2.1943e+06
2016.58	  2.19112e+06
2017.67	  2.18795e+06
2018.78	  2.18478e+06
2019.88	  2.18162e+06
2020.97	  2.17846e+06
2022.08	  2.1753e+06
2023.18	  2.17215e+06
2024.28	  2.16901e+06
2025.38	  2.16587e+06
2026.47	  2.16273e+06
2027.58	  2.1596e+06
2028.68	  2.15647e+06
2029.78	  2.15335e+06
2030.88	  2.15023e+06
2031.97	  2.14712e+06
2033.08	  2.14401e+06
2034.18	  2.14091e+06
2035.28	  2.13781e+06
2036.38	  2.13471e+06
2037.47	  2.13162e+06
2038.58	  2.12854e+06
2039.68	  2.12546e+06
2040.78	  2.12238e+06
2041.88	  2.11931e+06
2042.97	  2.11624e+06
2044.08	  2.11318e+06
2045.18	  2.11012e+06
2046.28	  2.10706e+06
2047.38	  2.10402e+06
2048.47	  2.10097e+06
2049.57	  2.09793e+06
2050.68	  2.09489e+06
2051.78	  2.09186e+06
2052.88	  2.08884e+06
2053.97	  2.08581e+06
2055.07	  2.0828e+06
2056.18	  2.07978e+06
2057.28	  2.07677e+06
2058.38	  2.07377e+06
2059.47	  2.07077e+06
2060.57	  2.06777e+06
2061.68	  2.06478e+06
2062.78	  2.06179e+06
2063.88	  2.05881e+06
2064.97	  2.05583e+06
2066.07	  2.05286e+06
2067.18	  2.04989e+06
2068.28	  2.04693e+06
2069.38	  2.04396e+06
2070.47	  2.04101e+06
2071.57	  2.03806e+06
2072.68	  2.03511e+06
2073.78	  2.03217e+06
2074.88	  2.02923e+06
2075.97	  2.02629e+06
2077.07	  2.02336e+06
2078.18	  2.02044e+06
2079.28	  2.01752e+06
2080.38	  2.0146e+06
2081.47	  2.01169e+06
2082.57	  2.00878e+06
2083.68	  2.00588e+06
2084.78	  2.00298e+06
2085.88	  2.00008e+06
2086.97	  1.99719e+06
2088.07	  1.9943e+06
2089.18	  1.99142e+06
2090.28	  1.98854e+06
2091.38	  1.98567e+06
2092.47	  1.9828e+06
2093.57	  1.97993e+06
2094.68	  1.97707e+06
2095.78	  1.97422e+06
2096.88	  1.97136e+06
2097.97	  1.96852e+06
2099.07	  1.96567e+06
2100.18	  1.96283e+06
2101.28	  1.96e+06
2102.38	  1.95716e+06
2103.47	  1.95434e+06
2104.57	  1.95151e+06
2105.68	  1.9487e+06
2106.78	  1.94588e+06
2107.88	  1.94307e+06
2108.97	  1.94026e+06
2110.07	  1.93746e+06
2111.18	  1.93466e+06
2112.28	  1.93187e+06
2113.38	  1.92908e+06
2114.47	  1.9263e+06
2115.57	  1.92351e+06
2116.68	  1.92074e+06
2117.78	  1.91796e+06
2118.88	  1.9152e+06
2119.97	  1.91243e+06
2121.07	  1.90967e+06
2122.18	  1.90691e+06
2123.28	  1.90416e+06
2124.38	  1.90141e+06
2125.47	  1.89867e+06
2126.57	  1.89593e+06
2127.68	  1.89319e+06
2128.78	  1.89046e+06
2129.88	  1.88773e+06
2130.97	  1.88501e+06
2132.07	  1.88229e+06
2133.18	  1.87958e+06
2134.28	  1.87686e+06
2135.38	  1.87416e+06
2136.47	  1.87145e+06
2137.57	  1.86875e+06
2138.68	  1.86606e+06
2139.78	  1.86337e+06
2140.88	  1.86068e+06
2141.97	  1.858e+06
2143.07	  1.85532e+06
2144.18	  1.85264e+06
2145.28	  1.84997e+06
2146.38	  1.8473e+06
2147.47	  1.84464e+06
2148.57	  1.84198e+06
2149.68	  1.83933e+06
2150.78	  1.83668e+06
2151.88	  1.83403e+06
2152.97	  1.83139e+06
2154.07	  1.82875e+06
2155.18	  1.82611e+06
2156.28	  1.82348e+06
2157.38	  1.82085e+06
2158.47	  1.81823e+06
2159.57	  1.81561e+06
2160.68	  1.81299e+06
2161.78	  1.81038e+06
2162.88	  1.80777e+06
2163.97	  1.80517e+06
2165.07	  1.80257e+06
2166.18	  1.79997e+06
2167.28	  1.79738e+06
2168.38	  1.79479e+06
2169.47	  1.79221e+06
2170.57	  1.78963e+06
2171.68	  1.78705e+06
2172.78	  1.78448e+06
2173.88	  1.78191e+06
2174.97	  1.77934e+06
2176.07	  1.77678e+06
2177.18	  1.77422e+06
2178.28	  1.77167e+06
2179.38	  1.76912e+06
2180.47	  1.76658e+06
2181.57	  1.76403e+06
2182.68	  1.76149e+06
2183.78	  1.75896e+06
2184.88	  1.75643e+06
2185.97	  1.7539e+06
2187.07	  1.75138e+06
2188.18	  1.74886e+06
2189.28	  1.74635e+06
2190.38	  1.74383e+06
2191.47	  1.74133e+06
2192.57	  1.73882e+06
2193.68	  1.73632e+06
2194.78	  1.73382e+06
2195.88	  1.73133e+06
2196.97	  1.72884e+06
2198.07	  1.72636e+06
2199.18	  1.72388e+06
2200.28	  1.7214e+06
2201.38	  1.71892e+06
2202.47	  1.71645e+06
2203.57	  1.71399e+06
2204.68	  1.71152e+06
2205.78	  1.70906e+06
2206.88	  1.70661e+06
2207.97	  1.70416e+06
2209.07	  1.70171e+06
2210.18	  1.69926e+06
2211.28	  1.69682e+06
2212.38	  1.69439e+06
2213.47	  1.69195e+06
2214.57	  1.68952e+06
2215.68	  1.6871e+06
2216.78	  1.68467e+06
2217.88	  1.68225e+06
2218.97	  1.67984e+06
2220.07	  1.67743e+06
2221.18	  1.67502e+06
2222.28	  1.67262e+06
2223.38	  1.67022e+06
2224.47	  1.66782e+06
2225.57	  1.66542e+06
2226.68	  1.66303e+06
2227.78	  1.66065e+06
2228.88	  1.65827e+06
2229.97	  1.65589e+06
2231.07	  1.65351e+06
2232.18	  1.65114e+06
2233.28	  1.64877e+06
2234.38	  1.64641e+06
2235.47	  1.64405e+06
2236.57	  1.64169e+06
2237.68	  1.63933e+06
2238.78	  1.63698e+06
2239.88	  1.63464e+06
2240.97	  1.63229e+06
2242.07	  1.62995e+06
2243.18	  1.62762e+06
2244.28	  1.62529e+06
2245.38	  1.62296e+06
2246.47	  1.62063e+06
2247.57	  1.61831e+06
2248.68	  1.61599e+06
2249.78	  1.61368e+06
2250.88	  1.61136e+06
2251.97	  1.60906e+06
2253.07	  1.60675e+06
2254.18	  1.60445e+06
2255.28	  1.60215e+06
2256.38	  1.59986e+06
2257.47	  1.59757e+06
2258.57	  1.59528e+06
2259.68	  1.593e+06
2260.78	  1.59072e+06
2261.88	  1.58844e+06
2262.97	  1.58617e+06
2264.07	  1.5839e+06
2265.18	  1.58163e+06
2266.28	  1.57937e+06
2267.38	  1.57711e+06
2268.47	  1.57485e+06
2269.57	  1.5726e+06
2270.68	  1.57035e+06
2271.78	  1.5681e+06
2272.88	  1.56586e+06
2273.97	  1.56362e+06
2275.07	  1.56138e+06
2276.18	  1.55915e+06
2277.28	  1.55692e+06
2278.38	  1.5547e+06
2279.47	  1.55248e+06
2280.57	  1.47887e+06
2281.68	  1.47685e+06
2282.78	  1.47483e+06
2283.88	  1.47282e+06
2284.97	  1.47081e+06
2286.07	  1.4688e+06
2287.18	  1.46679e+06
2288.28	  1.46479e+06
2289.38	  1.46279e+06
2290.47	  1.4608e+06
2291.57	  1.4588e+06
2292.68	  1.45681e+06
2293.78	  1.45482e+06
2294.88	  1.45284e+06
2295.97	  1.45086e+06
2297.07	  1.44888e+06
2298.18	  1.4469e+06
2299.28	  1.44493e+06
2300.38	  1.44296e+06
2301.47	  1.44099e+06
2302.57	  1.43902e+06
2303.68	  1.43706e+06
2304.78	  1.4351e+06
2305.88	  1.43314e+06
2306.97	  1.43119e+06
2308.07	  1.42924e+06
2309.18	  1.42729e+06
2310.28	  1.42535e+06
2311.38	  1.4234e+06
2312.47	  1.42146e+06
2313.57	  1.41953e+06
2314.68	  1.41759e+06
2315.78	  1.41566e+06
2316.88	  1.41373e+06
2317.97	  1.4118e+06
2319.07	  1.40988e+06
2320.18	  1.40796e+06
2321.28	  1.40604e+06
2322.38	  1.40413e+06
2323.47	  1.40222e+06
2324.57	  1.40031e+06
2325.68	  1.3984e+06
2326.78	  1.39649e+06
2327.88	  1.39459e+06
2328.97	  1.39269e+06
2330.07	  1.3908e+06
2331.18	  1.38891e+06
2332.28	  1.38702e+06
2333.38	  1.38513e+06
2334.47	  1.38324e+06
2335.57	  1.38136e+06
2336.68	  1.37948e+06
2337.78	  1.3776e+06
2338.88	  1.37573e+06
2339.97	  1.37386e+06
2341.07	  1.37199e+06
2342.18	  1.37012e+06
2343.28	  1.36826e+06
2344.38	  1.3664e+06
2345.47	  1.36454e+06
2346.57	  1.36269e+06
2347.68	  1.36083e+06
2348.78	  1.35898e+06
2349.88	  1.35714e+06
2350.97	  1.35529e+06
2352.07	  1.35345e+06
2353.18	  1.35161e+06
2354.28	  1.34977e+06
2355.38	  1.34794e+06
2356.47	  1.34611e+06
2357.57	  1.34428e+06
2358.68	  1.34245e+06
2359.78	  1.34063e+06
2360.88	  1.33881e+06
2361.97	  1.33699e+06
2363.07	  1.33517e+06
2364.18	  1.33336e+06
2365.28	  1.33155e+06
2366.38	  1.32974e+06
2367.47	  1.32794e+06
2368.57	  1.32613e+06
2369.68	  1.32433e+06
2370.78	  1.32254e+06
2371.88	  1.32074e+06
2372.97	  1.31895e+06
2374.07	  1.31716e+06
2375.18	  1.31537e+06
2376.28	  1.31359e+06
2377.38	  1.3118e+06
2378.47	  1.31002e+06
2379.57	  1.30825e+06
2380.68	  1.30647e+06
2381.78	  1.3047e+06
2382.88	  1.30293e+06
2383.97	  1.30117e+06
2385.07	  1.2994e+06
2386.18	  1.29764e+06
2387.28	  1.29588e+06
2388.38	  1.29412e+06
2389.47	  1.29237e+06
2390.57	  1.29062e+06
2391.68	  1.28887e+06
2392.78	  1.28712e+06
2393.88	  1.28538e+06
2394.97	  1.28364e+06
2396.07	  1.2819e+06
2397.18	  1.28016e+06
2398.28	  1.27843e+06
2399.38	  1.2767e+06
2400.47	  1.27497e+06
2401.57	  1.27324e+06
2402.68	  1.27152e+06
2403.78	  1.2698e+06
2404.88	  1.26808e+06
2405.97	  1.26636e+06
2407.07	  1.26465e+06
2408.18	  1.26294e+06
2409.28	  1.26123e+06
2410.38	  1.25952e+06
2411.47	  1.25782e+06
2412.57	  1.25611e+06
2413.68	  1.25442e+06
2414.78	  1.25272e+06
2415.88	  1.25102e+06
2416.97	  1.24933e+06
2418.07	  1.24764e+06
2419.18	  1.24596e+06
2420.28	  1.24427e+06
2421.38	  1.24259e+06
2422.47	  1.24091e+06
2423.57	  1.23923e+06
2424.68	  1.23756e+06
2425.78	  1.23589e+06
2426.88	  1.23422e+06
2427.97	  1.23255e+06
2429.07	  1.23088e+06
2430.18	  1.22922e+06
2431.28	  1.22756e+06
2432.38	  1.2259e+06
2433.47	  1.22425e+06
2434.57	  1.22259e+06
2435.68	  1.22094e+06
2436.78	  1.21929e+06
2437.88	  1.21765e+06
2438.97	  1.216e+06
2440.07	  1.21436e+06
2441.18	  1.21272e+06
2442.28	  1.21109e+06
2443.38	  1.20945e+06
2444.47	  1.20782e+06
2445.57	  1.20619e+06
2446.68	  1.20456e+06
2447.78	  1.20294e+06
2448.88	  1.20132e+06
2449.97	  1.1997e+06
2451.07	  1.19808e+06
2452.18	  1.19646e+06
2453.28	  1.19485e+06
2454.38	  1.19324e+06
2455.47	  1.19163e+06
2456.57	  1.19003e+06
2457.68	  1.18842e+06
2458.78	  1.18682e+06
2459.88	  1.18522e+06
2460.97	  1.18363e+06
2462.07	  1.18203e+06
2463.18	  1.18044e+06
2464.28	  1.17885e+06
2465.38	  1.17726e+06
2466.47	  1.17568e+06
2467.57	  1.17409e+06
2468.68	  1.17251e+06
2469.78	  1.17093e+06
2470.88	  1.16936e+06
2471.97	  1.16778e+06
2473.07	  1.16621e+06
2474.18	  1.16464e+06
2475.28	  1.16308e+06
2476.38	  1.16151e+06
2477.47	  1.15995e+06
